[{"Plan": {"Node Type": "Aggregate", "Strategy": "Plain", "Partial Mode": "Simple", "Parallel Aware": false, "Async Capable": false, "Startup Cost": 63044.44, "Total Cost": 63044.45, "Plan Rows": 1, "Plan Width": 8, "Actual Rows": 1, "Actual Loops": 1, "Plans": [{"Node Type": "Nested Loop", "Parent Relationship": "Outer", "Parallel Aware": false, "Async Capable": false, "Join Type": "Inner", "Startup Cost": 3179.44, "Total Cost": 63044.44, "Plan Rows": 1, "Plan Width": 0, "Actual Rows": 0, "Actual Loops": 1, "Inner Unique": true, "Plans": [{"Node Type": "Nested Loop", "Parent Relationship": "Outer", "Parallel Aware": false, "Async Capable": false, "Join Type": "Inner", "Startup Cost": 3179.15, "Total Cost": 63044.13, "Plan Rows": 1, "Plan Width": 12, "Actual Rows": 0, "Actual Loops": 1, "Inner Unique": true, "Plans": [{"Node Type": "Nested Loop", "Parent Relationship": "Outer", "Parallel Aware": false, "Async Capable": false, "Join Type": "Inner", "Startup Cost": 3179.01, "Total Cost": 63043.96, "Plan Rows": 1, "Plan Width": 16, "Actual Rows": 0, "Actual Loops": 1, "Inner Unique": true, "Plans": [{"Node Type": "Nested Loop", "Parent Relationship": "Outer", "Parallel Aware": false, "Async Capable": false, "Join Type": "Inner", "Startup Cost": 3178.71, "Total Cost": 63043.65, "Plan Rows": 1, "Plan Width": 20, "Actual Rows": 11, "Actual Loops": 1, "Inner Unique": true, "Plans": [{"Node Type": "Nested Loop", "Parent Relationship": "Outer", "Parallel Aware": false, "Async Capable": false, "Join Type": "Inner", "Startup Cost": 3178.42, "Total Cost": 63043.33, "Plan Rows": 1, "Plan Width": 24, "Actual Rows": 57, "Actual Loops": 1, "Inner Unique": false, "Plans": [{"Node Type": "Gather", "Parent Relationship": "Outer", "Parallel Aware": false, "Async Capable": false, "Startup Cost": 3177.99, "Total Cost": 63039.73, "Plan Rows": 1, "Plan Width": 24, "Actual Rows": 140303, "Actual Loops": 1, "Workers Planned": 4, "Workers Launched": 4, "Single Copy": false, "Plans": [{"Node Type": "Nested Loop", "Parent Relationship": "Outer", "Parallel Aware": false, "Async Capable": false, "Join Type": "Inner", "Startup Cost": 2177.99, "Total Cost": 62039.63, "Plan Rows": 1, "Plan Width": 24, "Actual Rows": 28061, "Actual Loops": 5, "Inner Unique": true, "Workers": [], "Plans": [{"Node Type": "Hash Join", "Parent Relationship": "Outer", "Parallel Aware": true, "Async Capable": false, "Join Type": "Inner", "Startup Cost": 2177.55, "Total Cost": 59205.23, "Plan Rows": 2106, "Plan Width": 12, "Actual Rows": 37853, "Actual Loops": 5, "Inner Unique": true, "Hash Cond": "(store_returns.sr_returned_date_sk = d2.d_date_sk)", "Workers": [], "Plans": [{"Node Type": "Seq Scan", "Parent Relationship": "Outer", "Parallel Aware": true, "Async Capable": false, "Relation Name": "store_returns", "Alias": "store_returns", "Startup Cost": 0.0, "Total Cost": 55140.58, "Plan Rows": 718858, "Plan Width": 16, "Actual Rows": 575086, "Actual Loops": 5, "Workers": []}, {"Node Type": "Hash", "Parent Relationship": "Inner", "Parallel Aware": true, "Async Capable": false, "Startup Cost": 2175.97, "Total Cost": 2175.97, "Plan Rows": 126, "Plan Width": 4, "Actual Rows": 43, "Actual Loops": 5, "Hash Buckets": 1024, "Original Hash Buckets": 1024, "Hash Batches": 1, "Original Hash Batches": 1, "Peak Memory Usage": 40, "Workers": [], "Plans": [{"Node Type": "Seq Scan", "Parent Relationship": "Outer", "Parallel Aware": true, "Async Capable": false, "Relation Name": "date_dim", "Alias": "d2", "Startup Cost": 0.0, "Total Cost": 2175.97, "Plan Rows": 126, "Plan Width": 4, "Actual Rows": 43, "Actual Loops": 5, "Filter": "((d_moy >= 4) AND (d_moy <= 10) AND (d_year = 1998))", "Rows Removed by Filter": 14567, "Workers": []}]}]}, {"Node Type": "Index Scan", "Parent Relationship": "Inner", "Parallel Aware": false, "Async Capable": false, "Scan Direction": "Forward", "Index Name": "store_sales_pkey", "Relation Name": "store_sales", "Alias": "store_sales", "Startup Cost": 0.44, "Total Cost": 1.34, "Plan Rows": 1, "Plan Width": 20, "Actual Rows": 1, "Actual Loops": 189263, "Index Cond": "((ss_item_sk = store_returns.sr_item_sk) AND (ss_ticket_number = store_returns.sr_ticket_number))", "Rows Removed by Index Recheck": 0, "Filter": "(store_returns.sr_customer_sk = ss_customer_sk)", "Rows Removed by Filter": 0, "Workers": []}]}]}, {"Node Type": "Index Scan", "Parent Relationship": "Inner", "Parallel Aware": false, "Async Capable": false, "Scan Direction": "Forward", "Index Name": "catalog_sales_pkey", "Relation Name": "catalog_sales", "Alias": "catalog_sales", "Startup Cost": 0.43, "Total Cost": 3.59, "Plan Rows": 1, "Plan Width": 12, "Actual Rows": 0, "Actual Loops": 140303, "Index Cond": "(cs_item_sk = store_sales.ss_item_sk)", "Rows Removed by Index Recheck": 0, "Filter": "(cs_bill_customer_sk = store_sales.ss_customer_sk)", "Rows Removed by Filter": 188}]}, {"Node Type": "Index Scan", "Parent Relationship": "Inner", "Parallel Aware": false, "Async Capable": false, "Scan Direction": "Forward", "Index Name": "date_dim_pkey", "Relation Name": "date_dim", "Alias": "d1", "Startup Cost": 0.29, "Total Cost": 0.32, "Plan Rows": 1, "Plan Width": 4, "Actual Rows": 0, "Actual Loops": 57, "Index Cond": "(d_date_sk = store_sales.ss_sold_date_sk)", "Rows Removed by Index Recheck": 0, "Filter": "((d_moy = 4) AND (d_year = 1998))", "Rows Removed by Filter": 1}]}, {"Node Type": "Index Scan", "Parent Relationship": "Inner", "Parallel Aware": false, "Async Capable": false, "Scan Direction": "Forward", "Index Name": "date_dim_pkey", "Relation Name": "date_dim", "Alias": "d3", "Startup Cost": 0.29, "Total Cost": 0.32, "Plan Rows": 1, "Plan Width": 4, "Actual Rows": 0, "Actual Loops": 11, "Index Cond": "(d_date_sk = catalog_sales.cs_sold_date_sk)", "Rows Removed by Index Recheck": 0, "Filter": "((d_moy >= 4) AND (d_moy <= 10) AND (d_year = 1998))", "Rows Removed by Filter": 1}]}, {"Node Type": "Index Only Scan", "Parent Relationship": "Inner", "Parallel Aware": false, "Async Capable": false, "Scan Direction": "Forward", "Index Name": "store_pkey", "Relation Name": "store", "Alias": "store", "Startup Cost": 0.14, "Total Cost": 0.16, "Plan Rows": 1, "Plan Width": 4, "Actual Rows": 0, "Actual Loops": 0, "Index Cond": "(s_store_sk = store_sales.ss_store_sk)", "Rows Removed by Index Recheck": 0, "Heap Fetches": 0}]}, {"Node Type": "Index Only Scan", "Parent Relationship": "Inner", "Parallel Aware": false, "Async Capable": false, "Scan Direction": "Forward", "Index Name": "item_pkey", "Relation Name": "item", "Alias": "item", "Startup Cost": 0.29, "Total Cost": 0.31, "Plan Rows": 1, "Plan Width": 4, "Actual Rows": 0, "Actual Loops": 0, "Index Cond": "(i_item_sk = store_sales.ss_item_sk)", "Rows Removed by Index Recheck": 0, "Heap Fetches": 0}]}]}, "Planning Time": 19.174, "Triggers": [], "Execution Time": 205485.476}, {"Plan": {"Node Type": "Aggregate", "Strategy": "Plain", "Partial Mode": "Simple", "Parallel Aware": false, "Async Capable": false, "Startup Cost": 637495.28, "Total Cost": 637495.29, "Plan Rows": 1, "Plan Width": 8, "Actual Rows": 1, "Actual Loops": 1, "Plans": [{"Node Type": "Merge Join", "Parent Relationship": "Outer", "Parallel Aware": false, "Async Capable": false, "Join Type": "Inner", "Startup Cost": 635239.46, "Total Cost": 637495.28, "Plan Rows": 1, "Plan Width": 0, "Actual Rows": 0, "Actual Loops": 1, "Inner Unique": false, "Merge Cond": "(d3.d_date_sk = catalog_sales.cs_sold_date_sk)", "Join Filter": "((store_sales.ss_item_sk = item.i_item_sk) AND (store_returns.sr_customer_sk = store_sales.ss_customer_sk) AND (store_sales.ss_ticket_number = store_returns.sr_ticket_number))", "Rows Removed by Join Filter": 1324841, "Plans": [{"Node Type": "Nested Loop", "Parent Relationship": "Outer", "Parallel Aware": false, "Async Capable": false, "Join Type": "Inner", "Startup Cost": 3178.13, "Total Cost": 88135.58, "Plan Rows": 1802736, "Plan Width": 20, "Actual Rows": 40502282, "Actual Loops": 1, "Inner Unique": false, "Plans": [{"Node Type": "Index Scan", "Parent Relationship": "Outer", "Parallel Aware": false, "Async Capable": false, "Scan Direction": "Forward", "Index Name": "date_dim_pkey", "Relation Name": "date_dim", "Alias": "d3", "Startup Cost": 0.29, "Total Cost": 3878.89, "Plan Rows": 214, "Plan Width": 4, "Actual Rows": 214, "Actual Loops": 1, "Filter": "((d_moy >= 4) AND (d_moy <= 10) AND (d_year = 1998))", "Rows Removed by Filter": 72835}, {"Node Type": "Materialize", "Parent Relationship": "Inner", "Parallel Aware": false, "Async Capable": false, "Startup Cost": 3177.84, "Total Cost": 61743.54, "Plan Rows": 8424, "Plan Width": 16, "Actual Rows": 189263, "Actual Loops": 214, "Plans": [{"Node Type": "Gather", "Parent Relationship": "Outer", "Parallel Aware": false, "Async Capable": false, "Startup Cost": 3177.84, "Total Cost": 61701.42, "Plan Rows": 8424, "Plan Width": 16, "Actual Rows": 189263, "Actual Loops": 1, "Workers Planned": 4, "Workers Launched": 4, "Single Copy": false, "Plans": [{"Node Type": "Nested Loop", "Parent Relationship": "Outer", "Parallel Aware": false, "Async Capable": false, "Join Type": "Inner", "Startup Cost": 2177.84, "Total Cost": 59859.02, "Plan Rows": 2106, "Plan Width": 16, "Actual Rows": 37853, "Actual Loops": 5, "Inner Unique": true, "Workers": [], "Plans": [{"Node Type": "Hash Join", "Parent Relationship": "Outer", "Parallel Aware": true, "Async Capable": false, "Join Type": "Inner", "Startup Cost": 2177.55, "Total Cost": 59205.23, "Plan Rows": 2106, "Plan Width": 12, "Actual Rows": 37853, "Actual Loops": 5, "Inner Unique": true, "Hash Cond": "(store_returns.sr_returned_date_sk = d2.d_date_sk)", "Workers": [], "Plans": [{"Node Type": "Seq Scan", "Parent Relationship": "Outer", "Parallel Aware": true, "Async Capable": false, "Relation Name": "store_returns", "Alias": "store_returns", "Startup Cost": 0.0, "Total Cost": 55140.58, "Plan Rows": 718858, "Plan Width": 16, "Actual Rows": 575086, "Actual Loops": 5, "Workers": []}, {"Node Type": "Hash", "Parent Relationship": "Inner", "Parallel Aware": true, "Async Capable": false, "Startup Cost": 2175.97, "Total Cost": 2175.97, "Plan Rows": 126, "Plan Width": 4, "Actual Rows": 43, "Actual Loops": 5, "Hash Buckets": 1024, "Original Hash Buckets": 1024, "Hash Batches": 1, "Original Hash Batches": 1, "Peak Memory Usage": 40, "Workers": [], "Plans": [{"Node Type": "Seq Scan", "Parent Relationship": "Outer", "Parallel Aware": true, "Async Capable": false, "Relation Name": "date_dim", "Alias": "d2", "Startup Cost": 0.0, "Total Cost": 2175.97, "Plan Rows": 126, "Plan Width": 4, "Actual Rows": 43, "Actual Loops": 5, "Filter": "((d_moy >= 4) AND (d_moy <= 10) AND (d_year = 1998))", "Rows Removed by Filter": 14567, "Workers": []}]}]}, {"Node Type": "Index Only Scan", "Parent Relationship": "Inner", "Parallel Aware": false, "Async Capable": false, "Scan Direction": "Forward", "Index Name": "item_pkey", "Relation Name": "item", "Alias": "item", "Startup Cost": 0.29, "Total Cost": 0.31, "Plan Rows": 1, "Plan Width": 4, "Actual Rows": 1, "Actual Loops": 189263, "Index Cond": "(i_item_sk = store_returns.sr_item_sk)", "Rows Removed by Index Recheck": 0, "Heap Fetches": 0, "Workers": []}]}]}]}]}, {"Node Type": "Sort", "Parent Relationship": "Inner", "Parallel Aware": false, "Async Capable": false, "Startup Cost": 588225.05, "Total Cost": 588225.06, "Plan Rows": 6, "Plan Width": 24, "Actual Rows": 1324846, "Actual Loops": 1, "Sort Key": ["catalog_sales.cs_sold_date_sk"], "Sort Method": "quicksort", "Sort Space Used": 29, "Sort Space Type": "Memory", "Plans": [{"Node Type": "Gather", "Parent Relationship": "Outer", "Parallel Aware": false, "Async Capable": false, "Startup Cost": 3069.35, "Total Cost": 588224.97, "Plan Rows": 6, "Plan Width": 24, "Actual Rows": 102, "Actual Loops": 1, "Workers Planned": 6, "Workers Launched": 6, "Single Copy": false, "Plans": [{"Node Type": "Nested Loop", "Parent Relationship": "Outer", "Parallel Aware": false, "Async Capable": false, "Join Type": "Inner", "Startup Cost": 2069.35, "Total Cost": 587224.37, "Plan Rows": 1, "Plan Width": 24, "Actual Rows": 15, "Actual Loops": 7, "Inner Unique": true, "Workers": [], "Plans": [{"Node Type": "Nested Loop", "Parent Relationship": "Outer", "Parallel Aware": false, "Async Capable": false, "Join Type": "Inner", "Startup Cost": 2069.21, "Total Cost": 587224.21, "Plan Rows": 1, "Plan Width": 28, "Actual Rows": 15, "Actual Loops": 7, "Inner Unique": false, "Workers": [], "Plans": [{"Node Type": "Hash Join", "Parent Relationship": "Outer", "Parallel Aware": true, "Async Capable": false, "Join Type": "Inner", "Startup Cost": 2068.78, "Total Cost": 580119.61, "Plan Rows": 1971, "Plan Width": 16, "Actual Rows": 37135, "Actual Loops": 7, "Inner Unique": true, "Hash Cond": "(store_sales.ss_sold_date_sk = d1.d_date_sk)", "Workers": [], "Plans": [{"Node Type": "Seq Scan", "Parent Relationship": "Outer", "Parallel Aware": true, "Async Capable": false, "Relation Name": "store_sales", "Alias": "store_sales", "Startup Cost": 0.0, "Total Cost": 565449.69, "Plan Rows": 4800169, "Plan Width": 20, "Actual Rows": 4114427, "Actual Loops": 7, "Workers": []}, {"Node Type": "Hash", "Parent Relationship": "Inner", "Parallel Aware": true, "Async Capable": false, "Startup Cost": 2068.55, "Total Cost": 2068.55, "Plan Rows": 18, "Plan Width": 4, "Actual Rows": 4, "Actual Loops": 7, "Hash Buckets": 1024, "Original Hash Buckets": 1024, "Hash Batches": 1, "Original Hash Batches": 1, "Peak Memory Usage": 40, "Workers": [], "Plans": [{"Node Type": "Seq Scan", "Parent Relationship": "Outer", "Parallel Aware": true, "Async Capable": false, "Relation Name": "date_dim", "Alias": "d1", "Startup Cost": 0.0, "Total Cost": 2068.55, "Plan Rows": 18, "Plan Width": 4, "Actual Rows": 10, "Actual Loops": 3, "Filter": "((d_moy = 4) AND (d_year = 1998))", "Rows Removed by Filter": 24340, "Workers": []}]}]}, {"Node Type": "Index Scan", "Parent Relationship": "Inner", "Parallel Aware": false, "Async Capable": false, "Scan Direction": "Forward", "Index Name": "catalog_sales_pkey", "Relation Name": "catalog_sales", "Alias": "catalog_sales", "Startup Cost": 0.43, "Total Cost": 3.59, "Plan Rows": 1, "Plan Width": 12, "Actual Rows": 0, "Actual Loops": 259943, "Index Cond": "(cs_item_sk = store_sales.ss_item_sk)", "Rows Removed by Index Recheck": 0, "Filter": "(cs_bill_customer_sk = store_sales.ss_customer_sk)", "Rows Removed by Filter": 188, "Workers": []}]}, {"Node Type": "Index Only Scan", "Parent Relationship": "Inner", "Parallel Aware": false, "Async Capable": false, "Scan Direction": "Forward", "Index Name": "store_pkey", "Relation Name": "store", "Alias": "store", "Startup Cost": 0.14, "Total Cost": 0.16, "Plan Rows": 1, "Plan Width": 4, "Actual Rows": 1, "Actual Loops": 103, "Index Cond": "(s_store_sk = store_sales.ss_store_sk)", "Rows Removed by Index Recheck": 0, "Heap Fetches": 102, "Workers": []}]}]}]}]}]}, "Planning Time": 7.934, "Triggers": [], "Execution Time": 28390.851}, {"Plan": {"Node Type": "Aggregate", "Strategy": "Plain", "Partial Mode": "Simple", "Parallel Aware": false, "Async Capable": false, "Startup Cost": 63044.44, "Total Cost": 63044.45, "Plan Rows": 1, "Plan Width": 8, "Actual Rows": 1, "Actual Loops": 1, "Plans": [{"Node Type": "Nested Loop", "Parent Relationship": "Outer", "Parallel Aware": false, "Async Capable": false, "Join Type": "Inner", "Startup Cost": 3179.44, "Total Cost": 63044.44, "Plan Rows": 1, "Plan Width": 0, "Actual Rows": 0, "Actual Loops": 1, "Inner Unique": true, "Plans": [{"Node Type": "Nested Loop", "Parent Relationship": "Outer", "Parallel Aware": false, "Async Capable": false, "Join Type": "Inner", "Startup Cost": 3179.15, "Total Cost": 63044.13, "Plan Rows": 1, "Plan Width": 12, "Actual Rows": 0, "Actual Loops": 1, "Inner Unique": true, "Plans": [{"Node Type": "Nested Loop", "Parent Relationship": "Outer", "Parallel Aware": false, "Async Capable": false, "Join Type": "Inner", "Startup Cost": 3179.01, "Total Cost": 63043.96, "Plan Rows": 1, "Plan Width": 16, "Actual Rows": 0, "Actual Loops": 1, "Inner Unique": true, "Plans": [{"Node Type": "Nested Loop", "Parent Relationship": "Outer", "Parallel Aware": false, "Async Capable": false, "Join Type": "Inner", "Startup Cost": 3178.71, "Total Cost": 63043.65, "Plan Rows": 1, "Plan Width": 20, "Actual Rows": 11, "Actual Loops": 1, "Inner Unique": true, "Plans": [{"Node Type": "Nested Loop", "Parent Relationship": "Outer", "Parallel Aware": false, "Async Capable": false, "Join Type": "Inner", "Startup Cost": 3178.42, "Total Cost": 63043.33, "Plan Rows": 1, "Plan Width": 24, "Actual Rows": 57, "Actual Loops": 1, "Inner Unique": false, "Plans": [{"Node Type": "Gather", "Parent Relationship": "Outer", "Parallel Aware": false, "Async Capable": false, "Startup Cost": 3177.99, "Total Cost": 63039.73, "Plan Rows": 1, "Plan Width": 24, "Actual Rows": 140303, "Actual Loops": 1, "Workers Planned": 4, "Workers Launched": 4, "Single Copy": false, "Plans": [{"Node Type": "Nested Loop", "Parent Relationship": "Outer", "Parallel Aware": false, "Async Capable": false, "Join Type": "Inner", "Startup Cost": 2177.99, "Total Cost": 62039.63, "Plan Rows": 1, "Plan Width": 24, "Actual Rows": 28061, "Actual Loops": 5, "Inner Unique": true, "Workers": [], "Plans": [{"Node Type": "Hash Join", "Parent Relationship": "Outer", "Parallel Aware": true, "Async Capable": false, "Join Type": "Inner", "Startup Cost": 2177.55, "Total Cost": 59205.23, "Plan Rows": 2106, "Plan Width": 12, "Actual Rows": 37853, "Actual Loops": 5, "Inner Unique": true, "Hash Cond": "(store_returns.sr_returned_date_sk = d2.d_date_sk)", "Workers": [], "Plans": [{"Node Type": "Seq Scan", "Parent Relationship": "Outer", "Parallel Aware": true, "Async Capable": false, "Relation Name": "store_returns", "Alias": "store_returns", "Startup Cost": 0.0, "Total Cost": 55140.58, "Plan Rows": 718858, "Plan Width": 16, "Actual Rows": 575086, "Actual Loops": 5, "Workers": []}, {"Node Type": "Hash", "Parent Relationship": "Inner", "Parallel Aware": true, "Async Capable": false, "Startup Cost": 2175.97, "Total Cost": 2175.97, "Plan Rows": 126, "Plan Width": 4, "Actual Rows": 43, "Actual Loops": 5, "Hash Buckets": 1024, "Original Hash Buckets": 1024, "Hash Batches": 1, "Original Hash Batches": 1, "Peak Memory Usage": 40, "Workers": [], "Plans": [{"Node Type": "Seq Scan", "Parent Relationship": "Outer", "Parallel Aware": true, "Async Capable": false, "Relation Name": "date_dim", "Alias": "d2", "Startup Cost": 0.0, "Total Cost": 2175.97, "Plan Rows": 126, "Plan Width": 4, "Actual Rows": 43, "Actual Loops": 5, "Filter": "((d_moy >= 4) AND (d_moy <= 10) AND (d_year = 1998))", "Rows Removed by Filter": 14567, "Workers": []}]}]}, {"Node Type": "Index Scan", "Parent Relationship": "Inner", "Parallel Aware": false, "Async Capable": false, "Scan Direction": "Forward", "Index Name": "store_sales_pkey", "Relation Name": "store_sales", "Alias": "store_sales", "Startup Cost": 0.44, "Total Cost": 1.34, "Plan Rows": 1, "Plan Width": 20, "Actual Rows": 1, "Actual Loops": 189263, "Index Cond": "((ss_item_sk = store_returns.sr_item_sk) AND (ss_ticket_number = store_returns.sr_ticket_number))", "Rows Removed by Index Recheck": 0, "Filter": "(store_returns.sr_customer_sk = ss_customer_sk)", "Rows Removed by Filter": 0, "Workers": []}]}]}, {"Node Type": "Index Scan", "Parent Relationship": "Inner", "Parallel Aware": false, "Async Capable": false, "Scan Direction": "Forward", "Index Name": "catalog_sales_pkey", "Relation Name": "catalog_sales", "Alias": "catalog_sales", "Startup Cost": 0.43, "Total Cost": 3.59, "Plan Rows": 1, "Plan Width": 12, "Actual Rows": 0, "Actual Loops": 140303, "Index Cond": "(cs_item_sk = store_sales.ss_item_sk)", "Rows Removed by Index Recheck": 0, "Filter": "(cs_bill_customer_sk = store_sales.ss_customer_sk)", "Rows Removed by Filter": 188}]}, {"Node Type": "Index Scan", "Parent Relationship": "Inner", "Parallel Aware": false, "Async Capable": false, "Scan Direction": "Forward", "Index Name": "date_dim_pkey", "Relation Name": "date_dim", "Alias": "d1", "Startup Cost": 0.29, "Total Cost": 0.32, "Plan Rows": 1, "Plan Width": 4, "Actual Rows": 0, "Actual Loops": 57, "Index Cond": "(d_date_sk = store_sales.ss_sold_date_sk)", "Rows Removed by Index Recheck": 0, "Filter": "((d_moy = 4) AND (d_year = 1998))", "Rows Removed by Filter": 1}]}, {"Node Type": "Index Scan", "Parent Relationship": "Inner", "Parallel Aware": false, "Async Capable": false, "Scan Direction": "Forward", "Index Name": "date_dim_pkey", "Relation Name": "date_dim", "Alias": "d3", "Startup Cost": 0.29, "Total Cost": 0.32, "Plan Rows": 1, "Plan Width": 4, "Actual Rows": 0, "Actual Loops": 11, "Index Cond": "(d_date_sk = catalog_sales.cs_sold_date_sk)", "Rows Removed by Index Recheck": 0, "Filter": "((d_moy >= 4) AND (d_moy <= 10) AND (d_year = 1998))", "Rows Removed by Filter": 1}]}, {"Node Type": "Index Only Scan", "Parent Relationship": "Inner", "Parallel Aware": false, "Async Capable": false, "Scan Direction": "Forward", "Index Name": "store_pkey", "Relation Name": "store", "Alias": "store", "Startup Cost": 0.14, "Total Cost": 0.16, "Plan Rows": 1, "Plan Width": 4, "Actual Rows": 0, "Actual Loops": 0, "Index Cond": "(s_store_sk = store_sales.ss_store_sk)", "Rows Removed by Index Recheck": 0, "Heap Fetches": 0}]}, {"Node Type": "Index Only Scan", "Parent Relationship": "Inner", "Parallel Aware": false, "Async Capable": false, "Scan Direction": "Forward", "Index Name": "item_pkey", "Relation Name": "item", "Alias": "item", "Startup Cost": 0.29, "Total Cost": 0.31, "Plan Rows": 1, "Plan Width": 4, "Actual Rows": 0, "Actual Loops": 0, "Index Cond": "(i_item_sk = store_sales.ss_item_sk)", "Rows Removed by Index Recheck": 0, "Heap Fetches": 0}]}]}, "Planning Time": 7.59, "Triggers": [], "Execution Time": 205576.379}, {"Plan": {"Node Type": "Aggregate", "Strategy": "Plain", "Partial Mode": "Simple", "Parallel Aware": false, "Async Capable": false, "Startup Cost": 65220.59, "Total Cost": 65220.6, "Plan Rows": 1, "Plan Width": 8, "Actual Rows": 1, "Actual Loops": 1, "Plans": [{"Node Type": "Gather", "Parent Relationship": "Outer", "Parallel Aware": false, "Async Capable": false, "Startup Cost": 63044.03, "Total Cost": 65220.59, "Plan Rows": 1, "Plan Width": 0, "Actual Rows": 0, "Actual Loops": 1, "Workers Planned": 1, "Workers Launched": 1, "Single Copy": false, "Plans": [{"Node Type": "Hash Join", "Parent Relationship": "Outer", "Parallel Aware": true, "Async Capable": false, "Join Type": "Inner", "Startup Cost": 62044.03, "Total Cost": 64220.49, "Plan Rows": 1, "Plan Width": 0, "Actual Rows": 0, "Actual Loops": 2, "Inner Unique": false, "Hash Cond": "(d3.d_date_sk = catalog_sales.cs_sold_date_sk)", "Workers": [], "Plans": [{"Node Type": "Seq Scan", "Parent Relationship": "Outer", "Parallel Aware": true, "Async Capable": false, "Relation Name": "date_dim", "Alias": "d3", "Startup Cost": 0.0, "Total Cost": 2175.97, "Plan Rows": 126, "Plan Width": 4, "Actual Rows": 107, "Actual Loops": 2, "Filter": "((d_moy >= 4) AND (d_moy <= 10) AND (d_year = 1998))", "Rows Removed by Filter": 36418, "Workers": []}, {"Node Type": "Hash", "Parent Relationship": "Inner", "Parallel Aware": true, "Async Capable": false, "Startup Cost": 62044.02, "Total Cost": 62044.02, "Plan Rows": 1, "Plan Width": 4, "Actual Rows": 6, "Actual Loops": 2, "Hash Buckets": 1024, "Original Hash Buckets": 1024, "Hash Batches": 1, "Original Hash Batches": 1, "Peak Memory Usage": 72, "Workers": [], "Plans": [{"Node Type": "Nested Loop", "Parent Relationship": "Outer", "Parallel Aware": false, "Async Capable": false, "Join Type": "Inner", "Startup Cost": 2179.15, "Total Cost": 62044.02, "Plan Rows": 1, "Plan Width": 4, "Actual Rows": 6, "Actual Loops": 2, "Inner Unique": true, "Workers": [], "Plans": [{"Node Type": "Nested Loop", "Parent Relationship": "Outer", "Parallel Aware": false, "Async Capable": false, "Join Type": "Inner", "Startup Cost": 2178.86, "Total Cost": 62043.71, "Plan Rows": 1, "Plan Width": 16, "Actual Rows": 6, "Actual Loops": 2, "Inner Unique": true, "Workers": [], "Plans": [{"Node Type": "Nested Loop", "Parent Relationship": "Outer", "Parallel Aware": false, "Async Capable": false, "Join Type": "Inner", "Startup Cost": 2178.71, "Total Cost": 62043.55, "Plan Rows": 1, "Plan Width": 20, "Actual Rows": 6, "Actual Loops": 2, "Inner Unique": true, "Workers": [], "Plans": [{"Node Type": "Nested Loop", "Parent Relationship": "Outer", "Parallel Aware": false, "Async Capable": false, "Join Type": "Inner", "Startup Cost": 2178.42, "Total Cost": 62043.23, "Plan Rows": 1, "Plan Width": 24, "Actual Rows": 28, "Actual Loops": 2, "Inner Unique": false, "Workers": [], "Plans": [{"Node Type": "Nested Loop", "Parent Relationship": "Outer", "Parallel Aware": false, "Async Capable": false, "Join Type": "Inner", "Startup Cost": 2177.99, "Total Cost": 62039.63, "Plan Rows": 1, "Plan Width": 24, "Actual Rows": 70152, "Actual Loops": 2, "Inner Unique": true, "Workers": [], "Plans": [{"Node Type": "Hash Join", "Parent Relationship": "Outer", "Parallel Aware": true, "Async Capable": false, "Join Type": "Inner", "Startup Cost": 2177.55, "Total Cost": 59205.23, "Plan Rows": 2106, "Plan Width": 12, "Actual Rows": 94632, "Actual Loops": 2, "Inner Unique": true, "Hash Cond": "(store_returns.sr_returned_date_sk = d2.d_date_sk)", "Workers": [], "Plans": [{"Node Type": "Seq Scan", "Parent Relationship": "Outer", "Parallel Aware": true, "Async Capable": false, "Relation Name": "store_returns", "Alias": "store_returns", "Startup Cost": 0.0, "Total Cost": 55140.58, "Plan Rows": 718858, "Plan Width": 16, "Actual Rows": 1437716, "Actual Loops": 2, "Workers": []}, {"Node Type": "Hash", "Parent Relationship": "Inner", "Parallel Aware": true, "Async Capable": false, "Startup Cost": 2175.97, "Total Cost": 2175.97, "Plan Rows": 126, "Plan Width": 4, "Actual Rows": 107, "Actual Loops": 2, "Hash Buckets": 1024, "Original Hash Buckets": 1024, "Hash Batches": 1, "Original Hash Batches": 1, "Peak Memory Usage": 40, "Workers": [], "Plans": [{"Node Type": "Seq Scan", "Parent Relationship": "Outer", "Parallel Aware": true, "Async Capable": false, "Relation Name": "date_dim", "Alias": "d2", "Startup Cost": 0.0, "Total Cost": 2175.97, "Plan Rows": 126, "Plan Width": 4, "Actual Rows": 107, "Actual Loops": 2, "Filter": "((d_moy >= 4) AND (d_moy <= 10) AND (d_year = 1998))", "Rows Removed by Filter": 36418, "Workers": []}]}]}, {"Node Type": "Index Scan", "Parent Relationship": "Inner", "Parallel Aware": false, "Async Capable": false, "Scan Direction": "Forward", "Index Name": "store_sales_pkey", "Relation Name": "store_sales", "Alias": "store_sales", "Startup Cost": 0.44, "Total Cost": 1.34, "Plan Rows": 1, "Plan Width": 20, "Actual Rows": 1, "Actual Loops": 189263, "Index Cond": "((ss_item_sk = store_returns.sr_item_sk) AND (ss_ticket_number = store_returns.sr_ticket_number))", "Rows Removed by Index Recheck": 0, "Filter": "(store_returns.sr_customer_sk = ss_customer_sk)", "Rows Removed by Filter": 0, "Workers": []}]}, {"Node Type": "Index Scan", "Parent Relationship": "Inner", "Parallel Aware": false, "Async Capable": false, "Scan Direction": "Forward", "Index Name": "catalog_sales_pkey", "Relation Name": "catalog_sales", "Alias": "catalog_sales", "Startup Cost": 0.43, "Total Cost": 3.59, "Plan Rows": 1, "Plan Width": 12, "Actual Rows": 0, "Actual Loops": 140303, "Index Cond": "(cs_item_sk = store_sales.ss_item_sk)", "Rows Removed by Index Recheck": 0, "Filter": "(cs_bill_customer_sk = store_sales.ss_customer_sk)", "Rows Removed by Filter": 188, "Workers": []}]}, {"Node Type": "Index Scan", "Parent Relationship": "Inner", "Parallel Aware": false, "Async Capable": false, "Scan Direction": "Forward", "Index Name": "date_dim_pkey", "Relation Name": "date_dim", "Alias": "d1", "Startup Cost": 0.29, "Total Cost": 0.32, "Plan Rows": 1, "Plan Width": 4, "Actual Rows": 0, "Actual Loops": 57, "Index Cond": "(d_date_sk = store_sales.ss_sold_date_sk)", "Rows Removed by Index Recheck": 0, "Filter": "((d_moy = 4) AND (d_year = 1998))", "Rows Removed by Filter": 1, "Workers": []}]}, {"Node Type": "Index Only Scan", "Parent Relationship": "Inner", "Parallel Aware": false, "Async Capable": false, "Scan Direction": "Forward", "Index Name": "store_pkey", "Relation Name": "store", "Alias": "store", "Startup Cost": 0.14, "Total Cost": 0.16, "Plan Rows": 1, "Plan Width": 4, "Actual Rows": 1, "Actual Loops": 11, "Index Cond": "(s_store_sk = store_sales.ss_store_sk)", "Rows Removed by Index Recheck": 0, "Heap Fetches": 11, "Workers": []}]}, {"Node Type": "Index Only Scan", "Parent Relationship": "Inner", "Parallel Aware": false, "Async Capable": false, "Scan Direction": "Forward", "Index Name": "item_pkey", "Relation Name": "item", "Alias": "item", "Startup Cost": 0.29, "Total Cost": 0.31, "Plan Rows": 1, "Plan Width": 4, "Actual Rows": 1, "Actual Loops": 11, "Index Cond": "(i_item_sk = store_sales.ss_item_sk)", "Rows Removed by Index Recheck": 0, "Heap Fetches": 0, "Workers": []}]}]}]}]}]}, "Planning Time": 11.602, "Triggers": [], "Execution Time": 85213.117}, {"Plan": {"Node Type": "Aggregate", "Strategy": "Plain", "Partial Mode": "Simple", "Parallel Aware": false, "Async Capable": false, "Startup Cost": 1020206.37, "Total Cost": 1020206.38, "Plan Rows": 1, "Plan Width": 8, "Actual Rows": 1, "Actual Loops": 1, "Plans": [{"Node Type": "Merge Join", "Parent Relationship": "Outer", "Parallel Aware": false, "Async Capable": false, "Join Type": "Inner", "Startup Cost": 1018935.83, "Total Cost": 1020206.37, "Plan Rows": 1, "Plan Width": 0, "Actual Rows": 0, "Actual Loops": 1, "Inner Unique": false, "Merge Cond": "(d2.d_date_sk = store_returns.sr_returned_date_sk)", "Join Filter": "((store_returns.sr_item_sk = item.i_item_sk) AND (store_returns.sr_customer_sk = store_sales.ss_customer_sk) AND (store_sales.ss_ticket_number = store_returns.sr_ticket_number))", "Rows Removed by Join Filter": 2537510, "Plans": [{"Node Type": "Nested Loop", "Parent Relationship": "Outer", "Parallel Aware": false, "Async Capable": false, "Join Type": "Inner", "Startup Cost": 581240.82, "Total Cost": 621205.11, "Plan Rows": 2531192, "Plan Width": 20, "Actual Rows": 54302714, "Actual Loops": 1, "Inner Unique": false, "Plans": [{"Node Type": "Index Scan", "Parent Relationship": "Outer", "Parallel Aware": false, "Async Capable": false, "Scan Direction": "Forward", "Index Name": "date_dim_pkey", "Relation Name": "date_dim", "Alias": "d2", "Startup Cost": 0.29, "Total Cost": 3878.89, "Plan Rows": 214, "Plan Width": 4, "Actual Rows": 214, "Actual Loops": 1, "Filter": "((d_moy >= 4) AND (d_moy <= 10) AND (d_year = 1998))", "Rows Removed by Filter": 72835}, {"Node Type": "Materialize", "Parent Relationship": "Inner", "Parallel Aware": false, "Async Capable": false, "Startup Cost": 581240.53, "Total Cost": 585715.88, "Plan Rows": 11828, "Plan Width": 16, "Actual Rows": 253751, "Actual Loops": 214, "Plans": [{"Node Type": "Gather Merge", "Parent Relationship": "Outer", "Parallel Aware": false, "Async Capable": false, "Startup Cost": 581240.53, "Total Cost": 585656.74, "Plan Rows": 11828, "Plan Width": 16, "Actual Rows": 253751, "Actual Loops": 1, "Workers Planned": 6, "Workers Launched": 6, "Plans": [{"Node Type": "Merge Join", "Parent Relationship": "Outer", "Parallel Aware": false, "Async Capable": false, "Join Type": "Inner", "Startup Cost": 580240.43, "Total Cost": 583219.11, "Plan Rows": 1971, "Plan Width": 16, "Actual Rows": 36250, "Actual Loops": 7, "Inner Unique": true, "Merge Cond": "(store_sales.ss_item_sk = item.i_item_sk)", "Workers": [], "Plans": [{"Node Type": "Sort", "Parent Relationship": "Outer", "Parallel Aware": false, "Async Capable": false, "Startup Cost": 580240.14, "Total Cost": 580245.07, "Plan Rows": 1971, "Plan Width": 12, "Actual Rows": 36250, "Actual Loops": 7, "Sort Key": ["store_sales.ss_item_sk"], "Sort Method": "quicksort", "Sort Space Used": 3282, "Sort Space Type": "Memory", "Workers": [{"Worker Number": 0, "Sort Method": "quicksort", "Sort Space Used": 2038, "Sort Space Type": "Memory"}, {"Worker Number": 1, "Sort Method": "quicksort", "Sort Space Used": 3090, "Sort Space Type": "Memory"}, {"Worker Number": 2, "Sort Method": "quicksort", "Sort Space Used": 2020, "Sort Space Type": "Memory"}, {"Worker Number": 3, "Sort Method": "quicksort", "Sort Space Used": 2028, "Sort Space Type": "Memory"}, {"Worker Number": 4, "Sort Method": "quicksort", "Sort Space Used": 3061, "Sort Space Type": "Memory"}, {"Worker Number": 5, "Sort Method": "quicksort", "Sort Space Used": 2823, "Sort Space Type": "Memory"}], "Plans": [{"Node Type": "Hash Join", "Parent Relationship": "Outer", "Parallel Aware": false, "Async Capable": false, "Join Type": "Inner", "Startup Cost": 2076.07, "Total Cost": 580132.28, "Plan Rows": 1971, "Plan Width": 12, "Actual Rows": 36250, "Actual Loops": 7, "Inner Unique": true, "Hash Cond": "(store_sales.ss_store_sk = store.s_store_sk)", "Workers": [], "Plans": [{"Node Type": "Hash Join", "Parent Relationship": "Outer", "Parallel Aware": true, "Async Capable": false, "Join Type": "Inner", "Startup Cost": 2068.78, "Total Cost": 580119.61, "Plan Rows": 1971, "Plan Width": 16, "Actual Rows": 37135, "Actual Loops": 7, "Inner Unique": true, "Hash Cond": "(store_sales.ss_sold_date_sk = d1.d_date_sk)", "Workers": [], "Plans": [{"Node Type": "Seq Scan", "Parent Relationship": "Outer", "Parallel Aware": true, "Async Capable": false, "Relation Name": "store_sales", "Alias": "store_sales", "Startup Cost": 0.0, "Total Cost": 565449.69, "Plan Rows": 4800169, "Plan Width": 20, "Actual Rows": 4114427, "Actual Loops": 7, "Workers": []}, {"Node Type": "Hash", "Parent Relationship": "Inner", "Parallel Aware": true, "Async Capable": false, "Startup Cost": 2068.55, "Total Cost": 2068.55, "Plan Rows": 18, "Plan Width": 4, "Actual Rows": 4, "Actual Loops": 7, "Hash Buckets": 1024, "Original Hash Buckets": 1024, "Hash Batches": 1, "Original Hash Batches": 1, "Peak Memory Usage": 40, "Workers": [], "Plans": [{"Node Type": "Seq Scan", "Parent Relationship": "Outer", "Parallel Aware": true, "Async Capable": false, "Relation Name": "date_dim", "Alias": "d1", "Startup Cost": 0.0, "Total Cost": 2068.55, "Plan Rows": 18, "Plan Width": 4, "Actual Rows": 10, "Actual Loops": 3, "Filter": "((d_moy = 4) AND (d_year = 1998))", "Rows Removed by Filter": 24340, "Workers": []}]}]}, {"Node Type": "Hash", "Parent Relationship": "Inner", "Parallel Aware": false, "Async Capable": false, "Startup Cost": 6.02, "Total Cost": 6.02, "Plan Rows": 102, "Plan Width": 4, "Actual Rows": 102, "Actual Loops": 7, "Hash Buckets": 1024, "Original Hash Buckets": 1024, "Hash Batches": 1, "Original Hash Batches": 1, "Peak Memory Usage": 12, "Workers": [], "Plans": [{"Node Type": "Seq Scan", "Parent Relationship": "Outer", "Parallel Aware": false, "Async Capable": false, "Relation Name": "store", "Alias": "store", "Startup Cost": 0.0, "Total Cost": 6.02, "Plan Rows": 102, "Plan Width": 4, "Actual Rows": 102, "Actual Loops": 7, "Workers": []}]}]}]}, {"Node Type": "Index Only Scan", "Parent Relationship": "Inner", "Parallel Aware": false, "Async Capable": false, "Scan Direction": "Forward", "Index Name": "item_pkey", "Relation Name": "item", "Alias": "item", "Startup Cost": 0.29, "Total Cost": 2694.4, "Plan Rows": 102000, "Plan Width": 4, "Actual Rows": 101996, "Actual Loops": 7, "Heap Fetches": 0, "Workers": []}]}]}]}]}, {"Node Type": "Sort", "Parent Relationship": "Inner", "Parallel Aware": false, "Async Capable": false, "Startup Cost": 415008.0, "Total Cost": 415008.01, "Plan Rows": 3, "Plan Width": 24, "Actual Rows": 2537512, "Actual Loops": 1, "Sort Key": ["store_returns.sr_returned_date_sk"], "Sort Method": "quicksort", "Sort Space Used": 29, "Sort Space Type": "Memory", "Plans": [{"Node Type": "Gather", "Parent Relationship": "Outer", "Parallel Aware": false, "Async Capable": false, "Startup Cost": 3177.98, "Total Cost": 415007.98, "Plan Rows": 3, "Plan Width": 24, "Actual Rows": 102, "Actual Loops": 1, "Workers Planned": 6, "Workers Launched": 6, "Single Copy": false, "Plans": [{"Node Type": "Nested Loop", "Parent Relationship": "Outer", "Parallel Aware": false, "Async Capable": false, "Join Type": "Inner", "Startup Cost": 2177.98, "Total Cost": 414007.68, "Plan Rows": 1, "Plan Width": 24, "Actual Rows": 15, "Actual Loops": 7, "Inner Unique": false, "Workers": [], "Plans": [{"Node Type": "Hash Join", "Parent Relationship": "Outer", "Parallel Aware": true, "Async Capable": false, "Join Type": "Inner", "Startup Cost": 2177.55, "Total Cost": 406440.62, "Plan Rows": 7032, "Plan Width": 8, "Actual Rows": 214143, "Actual Loops": 7, "Inner Unique": true, "Hash Cond": "(catalog_sales.cs_sold_date_sk = d3.d_date_sk)", "Workers": [], "Plans": [{"Node Type": "Seq Scan", "Parent Relationship": "Outer", "Parallel Aware": true, "Async Capable": false, "Relation Name": "catalog_sales", "Alias": "catalog_sales", "Startup Cost": 0.0, "Total Cost": 397962.14, "Plan Rows": 2400214, "Plan Width": 12, "Actual Rows": 2057323, "Actual Loops": 7, "Workers": []}, {"Node Type": "Hash", "Parent Relationship": "Inner", "Parallel Aware": true, "Async Capable": false, "Startup Cost": 2175.97, "Total Cost": 2175.97, "Plan Rows": 126, "Plan Width": 4, "Actual Rows": 31, "Actual Loops": 7, "Hash Buckets": 1024, "Original Hash Buckets": 1024, "Hash Batches": 1, "Original Hash Batches": 1, "Peak Memory Usage": 40, "Workers": [], "Plans": [{"Node Type": "Seq Scan", "Parent Relationship": "Outer", "Parallel Aware": true, "Async Capable": false, "Relation Name": "date_dim", "Alias": "d3", "Startup Cost": 0.0, "Total Cost": 2175.97, "Plan Rows": 126, "Plan Width": 4, "Actual Rows": 36, "Actual Loops": 6, "Filter": "((d_moy >= 4) AND (d_moy <= 10) AND (d_year = 1998))", "Rows Removed by Filter": 12139, "Workers": []}]}]}, {"Node Type": "Index Scan", "Parent Relationship": "Inner", "Parallel Aware": false, "Async Capable": false, "Scan Direction": "Forward", "Index Name": "store_returns_pkey", "Relation Name": "store_returns", "Alias": "store_returns", "Startup Cost": 0.43, "Total Cost": 1.07, "Plan Rows": 1, "Plan Width": 16, "Actual Rows": 0, "Actual Loops": 1499004, "Index Cond": "(sr_item_sk = catalog_sales.cs_item_sk)", "Rows Removed by Index Recheck": 0, "Filter": "(catalog_sales.cs_bill_customer_sk = sr_customer_sk)", "Rows Removed by Filter": 38, "Workers": []}]}]}]}]}]}, "Planning Time": 7.969, "Triggers": [], "Execution Time": 23745.89}, {"Plan": {"Node Type": "Aggregate", "Strategy": "Plain", "Partial Mode": "Simple", "Parallel Aware": false, "Async Capable": false, "Startup Cost": 1271343.25, "Total Cost": 1271343.26, "Plan Rows": 1, "Plan Width": 8, "Plans": [{"Node Type": "Nested Loop", "Parent Relationship": "Outer", "Parallel Aware": false, "Async Capable": false, "Join Type": "Inner", "Startup Cost": 10216.3, "Total Cost": 1271343.25, "Plan Rows": 1, "Plan Width": 0, "Inner Unique": false, "Join Filter": "((store_sales.ss_item_sk = item.i_item_sk) AND (catalog_sales.cs_bill_customer_sk = store_sales.ss_customer_sk) AND (d2.d_date_sk = store_returns.sr_returned_date_sk))", "Plans": [{"Node Type": "Nested Loop", "Parent Relationship": "Outer", "Parallel Aware": false, "Async Capable": false, "Join Type": "Inner", "Startup Cost": 3069.35, "Total Cost": 582047.31, "Plan Rows": 1, "Plan Width": 20, "Inner Unique": true, "Plans": [{"Node Type": "Gather", "Parent Relationship": "Outer", "Parallel Aware": false, "Async Capable": false, "Startup Cost": 3069.2, "Total Cost": 582047.15, "Plan Rows": 1, "Plan Width": 24, "Workers Planned": 6, "Single Copy": false, "Plans": [{"Node Type": "Nested Loop", "Parent Relationship": "Outer", "Parallel Aware": false, "Async Capable": false, "Join Type": "Inner", "Startup Cost": 2069.2, "Total Cost": 581047.05, "Plan Rows": 1, "Plan Width": 24, "Inner Unique": true, "Plans": [{"Node Type": "Hash Join", "Parent Relationship": "Outer", "Parallel Aware": true, "Async Capable": false, "Join Type": "Inner", "Startup Cost": 2068.78, "Total Cost": 580119.61, "Plan Rows": 1971, "Plan Width": 16, "Inner Unique": true, "Hash Cond": "(store_sales.ss_sold_date_sk = d1.d_date_sk)", "Plans": [{"Node Type": "Seq Scan", "Parent Relationship": "Outer", "Parallel Aware": true, "Async Capable": false, "Relation Name": "store_sales", "Alias": "store_sales", "Startup Cost": 0.0, "Total Cost": 565449.69, "Plan Rows": 4800169, "Plan Width": 20}, {"Node Type": "Hash", "Parent Relationship": "Inner", "Parallel Aware": true, "Async Capable": false, "Startup Cost": 2068.55, "Total Cost": 2068.55, "Plan Rows": 18, "Plan Width": 4, "Plans": [{"Node Type": "Seq Scan", "Parent Relationship": "Outer", "Parallel Aware": true, "Async Capable": false, "Relation Name": "date_dim", "Alias": "d1", "Startup Cost": 0.0, "Total Cost": 2068.55, "Plan Rows": 18, "Plan Width": 4, "Filter": "((d_moy = 4) AND (d_year = 1998))"}]}]}, {"Node Type": "Index Scan", "Parent Relationship": "Inner", "Parallel Aware": false, "Async Capable": false, "Scan Direction": "Forward", "Index Name": "store_returns_pkey", "Relation Name": "store_returns", "Alias": "store_returns", "Startup Cost": 0.43, "Total Cost": 0.46, "Plan Rows": 1, "Plan Width": 16, "Index Cond": "((sr_item_sk = store_sales.ss_item_sk) AND (sr_ticket_number = store_sales.ss_ticket_number))", "Filter": "(sr_customer_sk = store_sales.ss_customer_sk)"}]}]}, {"Node Type": "Index Only Scan", "Parent Relationship": "Inner", "Parallel Aware": false, "Async Capable": false, "Scan Direction": "Forward", "Index Name": "store_pkey", "Relation Name": "store", "Alias": "store", "Startup Cost": 0.14, "Total Cost": 0.16, "Plan Rows": 1, "Plan Width": 4, "Index Cond": "(s_store_sk = store_sales.ss_store_sk)"}]}, {"Node Type": "Nested Loop", "Parent Relationship": "Inner", "Parallel Aware": false, "Async Capable": false, "Join Type": "Inner", "Startup Cost": 7146.95, "Total Cost": 531298.13, "Plan Rows": 9028446, "Plan Width": 16, "Inner Unique": false, "Plans": [{"Node Type": "Hash Join", "Parent Relationship": "Outer", "Parallel Aware": false, "Async Capable": false, "Join Type": "Inner", "Startup Cost": 7146.95, "Total Cost": 415739.66, "Plan Rows": 42189, "Plan Width": 12, "Inner Unique": true, "Hash Cond": "(catalog_sales.cs_item_sk = item.i_item_sk)", "Plans": [{"Node Type": "Gather", "Parent Relationship": "Outer", "Parallel Aware": false, "Async Capable": false, "Startup Cost": 3177.55, "Total Cost": 411659.52, "Plan Rows": 42189, "Plan Width": 8, "Workers Planned": 6, "Single Copy": false, "Plans": [{"Node Type": "Hash Join", "Parent Relationship": "Outer", "Parallel Aware": true, "Async Capable": false, "Join Type": "Inner", "Startup Cost": 2177.55, "Total Cost": 406440.62, "Plan Rows": 7032, "Plan Width": 8, "Inner Unique": true, "Hash Cond": "(catalog_sales.cs_sold_date_sk = d3.d_date_sk)", "Plans": [{"Node Type": "Seq Scan", "Parent Relationship": "Outer", "Parallel Aware": true, "Async Capable": false, "Relation Name": "catalog_sales", "Alias": "catalog_sales", "Startup Cost": 0.0, "Total Cost": 397962.14, "Plan Rows": 2400214, "Plan Width": 12}, {"Node Type": "Hash", "Parent Relationship": "Inner", "Parallel Aware": true, "Async Capable": false, "Startup Cost": 2175.97, "Total Cost": 2175.97, "Plan Rows": 126, "Plan Width": 4, "Plans": [{"Node Type": "Seq Scan", "Parent Relationship": "Outer", "Parallel Aware": true, "Async Capable": false, "Relation Name": "date_dim", "Alias": "d3", "Startup Cost": 0.0, "Total Cost": 2175.97, "Plan Rows": 126, "Plan Width": 4, "Filter": "((d_moy >= 4) AND (d_moy <= 10) AND (d_year = 1998))"}]}]}]}, {"Node Type": "Hash", "Parent Relationship": "Inner", "Parallel Aware": false, "Async Capable": false, "Startup Cost": 2694.4, "Total Cost": 2694.4, "Plan Rows": 102000, "Plan Width": 4, "Plans": [{"Node Type": "Index Only Scan", "Parent Relationship": "Outer", "Parallel Aware": false, "Async Capable": false, "Scan Direction": "Forward", "Index Name": "item_pkey", "Relation Name": "item", "Alias": "item", "Startup Cost": 0.29, "Total Cost": 2694.4, "Plan Rows": 102000, "Plan Width": 4}]}]}, {"Node Type": "Materialize", "Parent Relationship": "Inner", "Parallel Aware": false, "Async Capable": false, "Startup Cost": 0.0, "Total Cost": 2703.43, "Plan Rows": 214, "Plan Width": 4, "Plans": [{"Node Type": "Seq Scan", "Parent Relationship": "Outer", "Parallel Aware": false, "Async Capable": false, "Relation Name": "date_dim", "Alias": "d2", "Startup Cost": 0.0, "Total Cost": 2702.36, "Plan Rows": 214, "Plan Width": 4, "Filter": "((d_moy >= 4) AND (d_moy <= 10) AND (d_year = 1998))"}]}]}]}]}}, {"Plan": {"Node Type": "Aggregate", "Strategy": "Plain", "Partial Mode": "Simple", "Parallel Aware": false, "Async Capable": false, "Startup Cost": 469586.63, "Total Cost": 469586.64, "Plan Rows": 1, "Plan Width": 8, "Actual Rows": 1, "Actual Loops": 1, "Plans": [{"Node Type": "Gather", "Parent Relationship": "Outer", "Parallel Aware": false, "Async Capable": false, "Startup Cost": 409724.81, "Total Cost": 469586.63, "Plan Rows": 1, "Plan Width": 0, "Actual Rows": 0, "Actual Loops": 1, "Workers Planned": 4, "Workers Launched": 4, "Single Copy": false, "Plans": [{"Node Type": "Hash Join", "Parent Relationship": "Outer", "Parallel Aware": true, "Async Capable": false, "Join Type": "Inner", "Startup Cost": 408724.81, "Total Cost": 468586.53, "Plan Rows": 1, "Plan Width": 0, "Actual Rows": 0, "Actual Loops": 5, "Inner Unique": false, "Hash Cond": "((item.i_item_sk = catalog_sales.cs_item_sk) AND (store_sales.ss_customer_sk = catalog_sales.cs_bill_customer_sk))", "Workers": [], "Plans": [{"Node Type": "Nested Loop", "Parent Relationship": "Outer", "Parallel Aware": false, "Async Capable": false, "Join Type": "Inner", "Startup Cost": 2178.71, "Total Cost": 62040.41, "Plan Rows": 1, "Plan Width": 20, "Actual Rows": 3751, "Actual Loops": 5, "Inner Unique": true, "Workers": [], "Plans": [{"Node Type": "Nested Loop", "Parent Relationship": "Outer", "Parallel Aware": false, "Async Capable": false, "Join Type": "Inner", "Startup Cost": 2178.42, "Total Cost": 62040.1, "Plan Rows": 1, "Plan Width": 16, "Actual Rows": 3751, "Actual Loops": 5, "Inner Unique": true, "Workers": [], "Plans": [{"Node Type": "Nested Loop", "Parent Relationship": "Outer", "Parallel Aware": false, "Async Capable": false, "Join Type": "Inner", "Startup Cost": 2178.28, "Total Cost": 62039.94, "Plan Rows": 1, "Plan Width": 20, "Actual Rows": 3802, "Actual Loops": 5, "Inner Unique": true, "Workers": [], "Plans": [{"Node Type": "Nested Loop", "Parent Relationship": "Outer", "Parallel Aware": false, "Async Capable": false, "Join Type": "Inner", "Startup Cost": 2177.99, "Total Cost": 62039.63, "Plan Rows": 1, "Plan Width": 24, "Actual Rows": 28061, "Actual Loops": 5, "Inner Unique": true, "Workers": [], "Plans": [{"Node Type": "Hash Join", "Parent Relationship": "Outer", "Parallel Aware": true, "Async Capable": false, "Join Type": "Inner", "Startup Cost": 2177.55, "Total Cost": 59205.23, "Plan Rows": 2106, "Plan Width": 12, "Actual Rows": 37853, "Actual Loops": 5, "Inner Unique": true, "Hash Cond": "(store_returns.sr_returned_date_sk = d2.d_date_sk)", "Workers": [], "Plans": [{"Node Type": "Seq Scan", "Parent Relationship": "Outer", "Parallel Aware": true, "Async Capable": false, "Relation Name": "store_returns", "Alias": "store_returns", "Startup Cost": 0.0, "Total Cost": 55140.58, "Plan Rows": 718858, "Plan Width": 16, "Actual Rows": 575086, "Actual Loops": 5, "Workers": []}, {"Node Type": "Hash", "Parent Relationship": "Inner", "Parallel Aware": true, "Async Capable": false, "Startup Cost": 2175.97, "Total Cost": 2175.97, "Plan Rows": 126, "Plan Width": 4, "Actual Rows": 43, "Actual Loops": 5, "Hash Buckets": 1024, "Original Hash Buckets": 1024, "Hash Batches": 1, "Original Hash Batches": 1, "Peak Memory Usage": 168, "Workers": [], "Plans": [{"Node Type": "Seq Scan", "Parent Relationship": "Outer", "Parallel Aware": true, "Async Capable": false, "Relation Name": "date_dim", "Alias": "d2", "Startup Cost": 0.0, "Total Cost": 2175.97, "Plan Rows": 126, "Plan Width": 4, "Actual Rows": 43, "Actual Loops": 5, "Filter": "((d_moy >= 4) AND (d_moy <= 10) AND (d_year = 1998))", "Rows Removed by Filter": 14567, "Workers": []}]}]}, {"Node Type": "Index Scan", "Parent Relationship": "Inner", "Parallel Aware": false, "Async Capable": false, "Scan Direction": "Forward", "Index Name": "store_sales_pkey", "Relation Name": "store_sales", "Alias": "store_sales", "Startup Cost": 0.44, "Total Cost": 1.34, "Plan Rows": 1, "Plan Width": 20, "Actual Rows": 1, "Actual Loops": 189263, "Index Cond": "((ss_item_sk = store_returns.sr_item_sk) AND (ss_ticket_number = store_returns.sr_ticket_number))", "Rows Removed by Index Recheck": 0, "Filter": "(store_returns.sr_customer_sk = ss_customer_sk)", "Rows Removed by Filter": 0, "Workers": []}]}, {"Node Type": "Index Scan", "Parent Relationship": "Inner", "Parallel Aware": false, "Async Capable": false, "Scan Direction": "Forward", "Index Name": "date_dim_pkey", "Relation Name": "date_dim", "Alias": "d1", "Startup Cost": 0.29, "Total Cost": 0.32, "Plan Rows": 1, "Plan Width": 4, "Actual Rows": 0, "Actual Loops": 140303, "Index Cond": "(d_date_sk = store_sales.ss_sold_date_sk)", "Rows Removed by Index Recheck": 0, "Filter": "((d_moy = 4) AND (d_year = 1998))", "Rows Removed by Filter": 1, "Workers": []}]}, {"Node Type": "Index Only Scan", "Parent Relationship": "Inner", "Parallel Aware": false, "Async Capable": false, "Scan Direction": "Forward", "Index Name": "store_pkey", "Relation Name": "store", "Alias": "store", "Startup Cost": 0.14, "Total Cost": 0.16, "Plan Rows": 1, "Plan Width": 4, "Actual Rows": 1, "Actual Loops": 19010, "Index Cond": "(s_store_sk = store_sales.ss_store_sk)", "Rows Removed by Index Recheck": 0, "Heap Fetches": 18753, "Workers": []}]}, {"Node Type": "Index Only Scan", "Parent Relationship": "Inner", "Parallel Aware": false, "Async Capable": false, "Scan Direction": "Forward", "Index Name": "item_pkey", "Relation Name": "item", "Alias": "item", "Startup Cost": 0.29, "Total Cost": 0.31, "Plan Rows": 1, "Plan Width": 4, "Actual Rows": 1, "Actual Loops": 18753, "Index Cond": "(i_item_sk = store_sales.ss_item_sk)", "Rows Removed by Index Recheck": 0, "Heap Fetches": 0, "Workers": []}]}, {"Node Type": "Hash", "Parent Relationship": "Inner", "Parallel Aware": true, "Async Capable": false, "Startup Cost": 406440.62, "Total Cost": 406440.62, "Plan Rows": 7032, "Plan Width": 8, "Actual Rows": 299801, "Actual Loops": 5, "Hash Buckets": 2097152, "Original Hash Buckets": 65536, "Hash Batches": 1, "Original Hash Batches": 1, "Peak Memory Usage": 90848, "Workers": [], "Plans": [{"Node Type": "Hash Join", "Parent Relationship": "Outer", "Parallel Aware": true, "Async Capable": false, "Join Type": "Inner", "Startup Cost": 2177.55, "Total Cost": 406440.62, "Plan Rows": 7032, "Plan Width": 8, "Actual Rows": 299801, "Actual Loops": 5, "Inner Unique": true, "Hash Cond": "(catalog_sales.cs_sold_date_sk = d3.d_date_sk)", "Workers": [], "Plans": [{"Node Type": "Seq Scan", "Parent Relationship": "Outer", "Parallel Aware": true, "Async Capable": false, "Relation Name": "catalog_sales", "Alias": "catalog_sales", "Startup Cost": 0.0, "Total Cost": 397962.14, "Plan Rows": 2400214, "Plan Width": 12, "Actual Rows": 2880252, "Actual Loops": 5, "Workers": []}, {"Node Type": "Hash", "Parent Relationship": "Inner", "Parallel Aware": true, "Async Capable": false, "Startup Cost": 2175.97, "Total Cost": 2175.97, "Plan Rows": 126, "Plan Width": 4, "Actual Rows": 43, "Actual Loops": 5, "Hash Buckets": 1024, "Original Hash Buckets": 1024, "Hash Batches": 1, "Original Hash Batches": 1, "Peak Memory Usage": 40, "Workers": [], "Plans": [{"Node Type": "Seq Scan", "Parent Relationship": "Outer", "Parallel Aware": true, "Async Capable": false, "Relation Name": "date_dim", "Alias": "d3", "Startup Cost": 0.0, "Total Cost": 2175.97, "Plan Rows": 126, "Plan Width": 4, "Actual Rows": 43, "Actual Loops": 5, "Filter": "((d_moy >= 4) AND (d_moy <= 10) AND (d_year = 1998))", "Rows Removed by Filter": 14567, "Workers": []}]}]}]}]}]}]}, "Planning Time": 13.384, "Triggers": [], "Execution Time": 2387.801}, {"Plan": {"Node Type": "Aggregate", "Strategy": "Plain", "Partial Mode": "Simple", "Parallel Aware": false, "Async Capable": false, "Startup Cost": 12925880.06, "Total Cost": 12925880.07, "Plan Rows": 1, "Plan Width": 8, "Plans": [{"Node Type": "Merge Join", "Parent Relationship": "Outer", "Parallel Aware": false, "Async Capable": false, "Join Type": "Inner", "Startup Cost": 489896.3, "Total Cost": 12925880.05, "Plan Rows": 1, "Plan Width": 0, "Inner Unique": false, "Merge Cond": "(item.i_item_sk = store_sales.ss_item_sk)", "Join Filter": "((store_returns.sr_customer_sk = store_sales.ss_customer_sk) AND (store_sales.ss_ticket_number = store_returns.sr_ticket_number) AND (d2.d_date_sk = store_returns.sr_returned_date_sk) AND (d3.d_date_sk = catalog_sales.cs_sold_date_sk))", "Plans": [{"Node Type": "Gather Merge", "Parent Relationship": "Outer", "Parallel Aware": false, "Async Capable": false, "Startup Cost": 488895.31, "Total Cost": 491978.59, "Plan Rows": 1082, "Plan Width": 32, "Workers Planned": 6, "Plans": [{"Node Type": "Merge Join", "Parent Relationship": "Outer", "Parallel Aware": false, "Async Capable": false, "Join Type": "Inner", "Startup Cost": 487895.21, "Total Cost": 490846.99, "Plan Rows": 180, "Plan Width": 32, "Inner Unique": true, "Merge Cond": "(store_returns.sr_item_sk = item.i_item_sk)", "Plans": [{"Node Type": "Sort", "Parent Relationship": "Outer", "Parallel Aware": false, "Async Capable": false, "Startup Cost": 487894.92, "Total Cost": 487895.37, "Plan Rows": 180, "Plan Width": 28, "Sort Key": ["store_returns.sr_item_sk"], "Plans": [{"Node Type": "Hash Join", "Parent Relationship": "Outer", "Parallel Aware": true, "Async Capable": false, "Join Type": "Inner", "Startup Cost": 65923.45, "Total Cost": 487888.18, "Plan Rows": 180, "Plan Width": 28, "Inner Unique": false, "Hash Cond": "((catalog_sales.cs_item_sk = store_returns.sr_item_sk) AND (catalog_sales.cs_bill_customer_sk = store_returns.sr_customer_sk))", "Plans": [{"Node Type": "Seq Scan", "Parent Relationship": "Outer", "Parallel Aware": true, "Async Capable": false, "Relation Name": "catalog_sales", "Alias": "catalog_sales", "Startup Cost": 0.0, "Total Cost": 397962.14, "Plan Rows": 2400214, "Plan Width": 12}, {"Node Type": "Hash", "Parent Relationship": "Inner", "Parallel Aware": true, "Async Capable": false, "Startup Cost": 55140.58, "Total Cost": 55140.58, "Plan Rows": 718858, "Plan Width": 16, "Plans": [{"Node Type": "Seq Scan", "Parent Relationship": "Outer", "Parallel Aware": true, "Async Capable": false, "Relation Name": "store_returns", "Alias": "store_returns", "Startup Cost": 0.0, "Total Cost": 55140.58, "Plan Rows": 718858, "Plan Width": 16}]}]}]}, {"Node Type": "Index Only Scan", "Parent Relationship": "Inner", "Parallel Aware": false, "Async Capable": false, "Scan Direction": "Forward", "Index Name": "item_pkey", "Relation Name": "item", "Alias": "item", "Startup Cost": 0.29, "Total Cost": 2694.4, "Plan Rows": 102000, "Plan Width": 4}]}]}, {"Node Type": "Materialize", "Parent Relationship": "Inner", "Parallel Aware": false, "Async Capable": false, "Startup Cost": 1000.99, "Total Cost": 10964790.96, "Plan Rows": 541675088, "Plan Width": 20, "Plans": [{"Node Type": "Nested Loop", "Parent Relationship": "Outer", "Parallel Aware": false, "Async Capable": false, "Join Type": "Inner", "Startup Cost": 1000.99, "Total Cost": 9610603.24, "Plan Rows": 541675088, "Plan Width": 20, "Inner Unique": false, "Plans": [{"Node Type": "Gather Merge", "Parent Relationship": "Outer", "Parallel Aware": false, "Async Capable": false, "Startup Cost": 1000.99, "Total Cost": 2833572.45, "Plan Rows": 11828, "Plan Width": 12, "Workers Planned": 6, "Plans": [{"Node Type": "Nested Loop", "Parent Relationship": "Outer", "Parallel Aware": false, "Async Capable": false, "Join Type": "Inner", "Startup Cost": 0.89, "Total Cost": 2831134.81, "Plan Rows": 1971, "Plan Width": 12, "Inner Unique": true, "Plans": [{"Node Type": "Nested Loop", "Parent Relationship": "Outer", "Parallel Aware": false, "Async Capable": false, "Join Type": "Inner", "Startup Cost": 0.74, "Total Cost": 2831077.5, "Plan Rows": 1971, "Plan Width": 16, "Inner Unique": true, "Plans": [{"Node Type": "Index Scan", "Parent Relationship": "Outer", "Parallel Aware": true, "Async Capable": false, "Scan Direction": "Forward", "Index Name": "store_sales_pkey", "Relation Name": "store_sales", "Alias": "store_sales", "Startup Cost": 0.44, "Total Cost": 2710499.19, "Plan Rows": 4800169, "Plan Width": 20}, {"Node Type": "Memoize", "Parent Relationship": "Inner", "Parallel Aware": false, "Async Capable": false, "Startup Cost": 0.3, "Total Cost": 0.33, "Plan Rows": 1, "Plan Width": 4, "Cache Key": "store_sales.ss_sold_date_sk", "Cache Mode": "logical", "Plans": [{"Node Type": "Index Scan", "Parent Relationship": "Outer", "Parallel Aware": false, "Async Capable": false, "Scan Direction": "Forward", "Index Name": "date_dim_pkey", "Relation Name": "date_dim", "Alias": "d1", "Startup Cost": 0.29, "Total Cost": 0.32, "Plan Rows": 1, "Plan Width": 4, "Index Cond": "(d_date_sk = store_sales.ss_sold_date_sk)", "Filter": "((d_moy = 4) AND (d_year = 1998))"}]}]}, {"Node Type": "Memoize", "Parent Relationship": "Inner", "Parallel Aware": false, "Async Capable": false, "Startup Cost": 0.15, "Total Cost": 0.17, "Plan Rows": 1, "Plan Width": 4, "Cache Key": "store_sales.ss_store_sk", "Cache Mode": "logical", "Plans": [{"Node Type": "Index Only Scan", "Parent Relationship": "Outer", "Parallel Aware": false, "Async Capable": false, "Scan Direction": "Forward", "Index Name": "store_pkey", "Relation Name": "store", "Alias": "store", "Startup Cost": 0.14, "Total Cost": 0.16, "Plan Rows": 1, "Plan Width": 4, "Index Cond": "(s_store_sk = store_sales.ss_store_sk)"}]}]}]}, {"Node Type": "Materialize", "Parent Relationship": "Inner", "Parallel Aware": false, "Async Capable": false, "Startup Cost": 0.0, "Total Cost": 6206.68, "Plan Rows": 45796, "Plan Width": 8, "Plans": [{"Node Type": "Nested Loop", "Parent Relationship": "Outer", "Parallel Aware": false, "Async Capable": false, "Join Type": "Inner", "Startup Cost": 0.0, "Total Cost": 5977.7, "Plan Rows": 45796, "Plan Width": 8, "Inner Unique": false, "Plans": [{"Node Type": "Seq Scan", "Parent Relationship": "Outer", "Parallel Aware": false, "Async Capable": false, "Relation Name": "date_dim", "Alias": "d2", "Startup Cost": 0.0, "Total Cost": 2702.36, "Plan Rows": 214, "Plan Width": 4, "Filter": "((d_moy >= 4) AND (d_moy <= 10) AND (d_year = 1998))"}, {"Node Type": "Materialize", "Parent Relationship": "Inner", "Parallel Aware": false, "Async Capable": false, "Startup Cost": 0.0, "Total Cost": 2703.43, "Plan Rows": 214, "Plan Width": 4, "Plans": [{"Node Type": "Seq Scan", "Parent Relationship": "Outer", "Parallel Aware": false, "Async Capable": false, "Relation Name": "date_dim", "Alias": "d3", "Startup Cost": 0.0, "Total Cost": 2702.36, "Plan Rows": 214, "Plan Width": 4, "Filter": "((d_moy >= 4) AND (d_moy <= 10) AND (d_year = 1998))"}]}]}]}]}]}]}]}}, {"Plan": {"Node Type": "Aggregate", "Strategy": "Plain", "Partial Mode": "Simple", "Parallel Aware": false, "Async Capable": false, "Startup Cost": 68442.52, "Total Cost": 68442.53, "Plan Rows": 1, "Plan Width": 8, "Actual Rows": 1, "Actual Loops": 1, "Plans": [{"Node Type": "Nested Loop", "Parent Relationship": "Outer", "Parallel Aware": false, "Async Capable": false, "Join Type": "Inner", "Startup Cost": 3178.86, "Total Cost": 68442.52, "Plan Rows": 1, "Plan Width": 0, "Actual Rows": 0, "Actual Loops": 1, "Inner Unique": false, "Join Filter": "((d1.d_date_sk = store_sales.ss_sold_date_sk) AND (d3.d_date_sk = catalog_sales.cs_sold_date_sk))", "Rows Removed by Join Filter": 359520, "Plans": [{"Node Type": "Nested Loop", "Parent Relationship": "Outer", "Parallel Aware": false, "Async Capable": false, "Join Type": "Inner", "Startup Cost": 3178.86, "Total Cost": 63043.8, "Plan Rows": 1, "Plan Width": 8, "Actual Rows": 56, "Actual Loops": 1, "Inner Unique": true, "Plans": [{"Node Type": "Nested Loop", "Parent Relationship": "Outer", "Parallel Aware": false, "Async Capable": false, "Join Type": "Inner", "Startup Cost": 3178.56, "Total Cost": 63043.49, "Plan Rows": 1, "Plan Width": 20, "Actual Rows": 56, "Actual Loops": 1, "Inner Unique": true, "Plans": [{"Node Type": "Nested Loop", "Parent Relationship": "Outer", "Parallel Aware": false, "Async Capable": false, "Join Type": "Inner", "Startup Cost": 3178.42, "Total Cost": 63043.33, "Plan Rows": 1, "Plan Width": 24, "Actual Rows": 57, "Actual Loops": 1, "Inner Unique": false, "Plans": [{"Node Type": "Gather", "Parent Relationship": "Outer", "Parallel Aware": false, "Async Capable": false, "Startup Cost": 3177.99, "Total Cost": 63039.73, "Plan Rows": 1, "Plan Width": 24, "Actual Rows": 140303, "Actual Loops": 1, "Workers Planned": 4, "Workers Launched": 4, "Single Copy": false, "Plans": [{"Node Type": "Nested Loop", "Parent Relationship": "Outer", "Parallel Aware": false, "Async Capable": false, "Join Type": "Inner", "Startup Cost": 2177.99, "Total Cost": 62039.63, "Plan Rows": 1, "Plan Width": 24, "Actual Rows": 28061, "Actual Loops": 5, "Inner Unique": true, "Workers": [], "Plans": [{"Node Type": "Hash Join", "Parent Relationship": "Outer", "Parallel Aware": true, "Async Capable": false, "Join Type": "Inner", "Startup Cost": 2177.55, "Total Cost": 59205.23, "Plan Rows": 2106, "Plan Width": 12, "Actual Rows": 37853, "Actual Loops": 5, "Inner Unique": true, "Hash Cond": "(store_returns.sr_returned_date_sk = d2.d_date_sk)", "Workers": [], "Plans": [{"Node Type": "Seq Scan", "Parent Relationship": "Outer", "Parallel Aware": true, "Async Capable": false, "Relation Name": "store_returns", "Alias": "store_returns", "Startup Cost": 0.0, "Total Cost": 55140.58, "Plan Rows": 718858, "Plan Width": 16, "Actual Rows": 575086, "Actual Loops": 5, "Workers": []}, {"Node Type": "Hash", "Parent Relationship": "Inner", "Parallel Aware": true, "Async Capable": false, "Startup Cost": 2175.97, "Total Cost": 2175.97, "Plan Rows": 126, "Plan Width": 4, "Actual Rows": 43, "Actual Loops": 5, "Hash Buckets": 1024, "Original Hash Buckets": 1024, "Hash Batches": 1, "Original Hash Batches": 1, "Peak Memory Usage": 40, "Workers": [], "Plans": [{"Node Type": "Seq Scan", "Parent Relationship": "Outer", "Parallel Aware": true, "Async Capable": false, "Relation Name": "date_dim", "Alias": "d2", "Startup Cost": 0.0, "Total Cost": 2175.97, "Plan Rows": 126, "Plan Width": 4, "Actual Rows": 43, "Actual Loops": 5, "Filter": "((d_moy >= 4) AND (d_moy <= 10) AND (d_year = 1998))", "Rows Removed by Filter": 14567, "Workers": []}]}]}, {"Node Type": "Index Scan", "Parent Relationship": "Inner", "Parallel Aware": false, "Async Capable": false, "Scan Direction": "Forward", "Index Name": "store_sales_pkey", "Relation Name": "store_sales", "Alias": "store_sales", "Startup Cost": 0.44, "Total Cost": 1.34, "Plan Rows": 1, "Plan Width": 20, "Actual Rows": 1, "Actual Loops": 189263, "Index Cond": "((ss_item_sk = store_returns.sr_item_sk) AND (ss_ticket_number = store_returns.sr_ticket_number))", "Rows Removed by Index Recheck": 0, "Filter": "(store_returns.sr_customer_sk = ss_customer_sk)", "Rows Removed by Filter": 0, "Workers": []}]}]}, {"Node Type": "Index Scan", "Parent Relationship": "Inner", "Parallel Aware": false, "Async Capable": false, "Scan Direction": "Forward", "Index Name": "catalog_sales_pkey", "Relation Name": "catalog_sales", "Alias": "catalog_sales", "Startup Cost": 0.43, "Total Cost": 3.59, "Plan Rows": 1, "Plan Width": 12, "Actual Rows": 0, "Actual Loops": 140303, "Index Cond": "(cs_item_sk = store_sales.ss_item_sk)", "Rows Removed by Index Recheck": 0, "Filter": "(cs_bill_customer_sk = store_sales.ss_customer_sk)", "Rows Removed by Filter": 188}]}, {"Node Type": "Index Only Scan", "Parent Relationship": "Inner", "Parallel Aware": false, "Async Capable": false, "Scan Direction": "Forward", "Index Name": "store_pkey", "Relation Name": "store", "Alias": "store", "Startup Cost": 0.14, "Total Cost": 0.16, "Plan Rows": 1, "Plan Width": 4, "Actual Rows": 1, "Actual Loops": 57, "Index Cond": "(s_store_sk = store_sales.ss_store_sk)", "Rows Removed by Index Recheck": 0, "Heap Fetches": 56}]}, {"Node Type": "Index Only Scan", "Parent Relationship": "Inner", "Parallel Aware": false, "Async Capable": false, "Scan Direction": "Forward", "Index Name": "item_pkey", "Relation Name": "item", "Alias": "item", "Startup Cost": 0.29, "Total Cost": 0.31, "Plan Rows": 1, "Plan Width": 4, "Actual Rows": 1, "Actual Loops": 56, "Index Cond": "(i_item_sk = store_sales.ss_item_sk)", "Rows Removed by Index Recheck": 0, "Heap Fetches": 0}]}, {"Node Type": "Nested Loop", "Parent Relationship": "Inner", "Parallel Aware": false, "Async Capable": false, "Join Type": "Inner", "Startup Cost": 0.0, "Total Cost": 5302.42, "Plan Rows": 6420, "Plan Width": 8, "Actual Rows": 6420, "Actual Loops": 56, "Inner Unique": false, "Plans": [{"Node Type": "Seq Scan", "Parent Relationship": "Outer", "Parallel Aware": false, "Async Capable": false, "Relation Name": "date_dim", "Alias": "d3", "Startup Cost": 0.0, "Total Cost": 2702.36, "Plan Rows": 214, "Plan Width": 4, "Actual Rows": 214, "Actual Loops": 56, "Filter": "((d_moy >= 4) AND (d_moy <= 10) AND (d_year = 1998))", "Rows Removed by Filter": 72835}, {"Node Type": "Materialize", "Parent Relationship": "Inner", "Parallel Aware": false, "Async Capable": false, "Startup Cost": 0.0, "Total Cost": 2519.88, "Plan Rows": 30, "Plan Width": 4, "Actual Rows": 30, "Actual Loops": 11984, "Plans": [{"Node Type": "Seq Scan", "Parent Relationship": "Outer", "Parallel Aware": false, "Async Capable": false, "Relation Name": "date_dim", "Alias": "d1", "Startup Cost": 0.0, "Total Cost": 2519.73, "Plan Rows": 30, "Plan Width": 4, "Actual Rows": 30, "Actual Loops": 1, "Filter": "((d_moy = 4) AND (d_year = 1998))", "Rows Removed by Filter": 73019}]}]}]}]}, "Planning Time": 7.413, "Triggers": [], "Execution Time": 208998.859}, {"Plan": {"Node Type": "Aggregate", "Strategy": "Plain", "Partial Mode": "Simple", "Parallel Aware": false, "Async Capable": false, "Startup Cost": 711218.34, "Total Cost": 711218.35, "Plan Rows": 1, "Plan Width": 8, "Actual Rows": 1, "Actual Loops": 1, "Plans": [{"Node Type": "Hash Join", "Parent Relationship": "Outer", "Parallel Aware": false, "Async Capable": false, "Join Type": "Inner", "Startup Cost": 126062.59, "Total Cost": 711218.33, "Plan Rows": 1, "Plan Width": 0, "Actual Rows": 0, "Actual Loops": 1, "Inner Unique": false, "Hash Cond": "((store_sales.ss_item_sk = item.i_item_sk) AND (store_sales.ss_customer_sk = store_returns.sr_customer_sk) AND (store_sales.ss_ticket_number = store_returns.sr_ticket_number) AND (catalog_sales.cs_sold_date_sk = d3.d_date_sk))", "Plans": [{"Node Type": "Gather", "Parent Relationship": "Outer", "Parallel Aware": false, "Async Capable": false, "Startup Cost": 3069.35, "Total Cost": 588224.97, "Plan Rows": 6, "Plan Width": 24, "Actual Rows": 102, "Actual Loops": 1, "Workers Planned": 6, "Workers Launched": 6, "Single Copy": false, "Plans": [{"Node Type": "Nested Loop", "Parent Relationship": "Outer", "Parallel Aware": false, "Async Capable": false, "Join Type": "Inner", "Startup Cost": 2069.35, "Total Cost": 587224.37, "Plan Rows": 1, "Plan Width": 24, "Actual Rows": 15, "Actual Loops": 7, "Inner Unique": true, "Workers": [], "Plans": [{"Node Type": "Nested Loop", "Parent Relationship": "Outer", "Parallel Aware": false, "Async Capable": false, "Join Type": "Inner", "Startup Cost": 2069.21, "Total Cost": 587224.21, "Plan Rows": 1, "Plan Width": 28, "Actual Rows": 15, "Actual Loops": 7, "Inner Unique": false, "Workers": [], "Plans": [{"Node Type": "Hash Join", "Parent Relationship": "Outer", "Parallel Aware": true, "Async Capable": false, "Join Type": "Inner", "Startup Cost": 2068.78, "Total Cost": 580119.61, "Plan Rows": 1971, "Plan Width": 16, "Actual Rows": 37135, "Actual Loops": 7, "Inner Unique": true, "Hash Cond": "(store_sales.ss_sold_date_sk = d1.d_date_sk)", "Workers": [], "Plans": [{"Node Type": "Seq Scan", "Parent Relationship": "Outer", "Parallel Aware": true, "Async Capable": false, "Relation Name": "store_sales", "Alias": "store_sales", "Startup Cost": 0.0, "Total Cost": 565449.69, "Plan Rows": 4800169, "Plan Width": 20, "Actual Rows": 4114427, "Actual Loops": 7, "Workers": []}, {"Node Type": "Hash", "Parent Relationship": "Inner", "Parallel Aware": true, "Async Capable": false, "Startup Cost": 2068.55, "Total Cost": 2068.55, "Plan Rows": 18, "Plan Width": 4, "Actual Rows": 4, "Actual Loops": 7, "Hash Buckets": 1024, "Original Hash Buckets": 1024, "Hash Batches": 1, "Original Hash Batches": 1, "Peak Memory Usage": 40, "Workers": [], "Plans": [{"Node Type": "Seq Scan", "Parent Relationship": "Outer", "Parallel Aware": true, "Async Capable": false, "Relation Name": "date_dim", "Alias": "d1", "Startup Cost": 0.0, "Total Cost": 2068.55, "Plan Rows": 18, "Plan Width": 4, "Actual Rows": 4, "Actual Loops": 7, "Filter": "((d_moy = 4) AND (d_year = 1998))", "Rows Removed by Filter": 10431, "Workers": []}]}]}, {"Node Type": "Index Scan", "Parent Relationship": "Inner", "Parallel Aware": false, "Async Capable": false, "Scan Direction": "Forward", "Index Name": "catalog_sales_pkey", "Relation Name": "catalog_sales", "Alias": "catalog_sales", "Startup Cost": 0.43, "Total Cost": 3.59, "Plan Rows": 1, "Plan Width": 12, "Actual Rows": 0, "Actual Loops": 259943, "Index Cond": "(cs_item_sk = store_sales.ss_item_sk)", "Rows Removed by Index Recheck": 0, "Filter": "(cs_bill_customer_sk = store_sales.ss_customer_sk)", "Rows Removed by Filter": 188, "Workers": []}]}, {"Node Type": "Index Only Scan", "Parent Relationship": "Inner", "Parallel Aware": false, "Async Capable": false, "Scan Direction": "Forward", "Index Name": "store_pkey", "Relation Name": "store", "Alias": "store", "Startup Cost": 0.14, "Total Cost": 0.16, "Plan Rows": 1, "Plan Width": 4, "Actual Rows": 1, "Actual Loops": 103, "Index Cond": "(s_store_sk = store_sales.ss_store_sk)", "Rows Removed by Index Recheck": 0, "Heap Fetches": 102, "Workers": []}]}]}, {"Node Type": "Hash", "Parent Relationship": "Inner", "Parallel Aware": false, "Async Capable": false, "Startup Cost": 86938.52, "Total Cost": 86938.52, "Plan Rows": 1802736, "Plan Width": 20, "Actual Rows": 39766336, "Actual Loops": 1, "Hash Buckets": 8388608, "Original Hash Buckets": 2097152, "Hash Batches": 8, "Original Hash Batches": 1, "Peak Memory Usage": 321127, "Plans": [{"Node Type": "Nested Loop", "Parent Relationship": "Outer", "Parallel Aware": false, "Async Capable": false, "Join Type": "Inner", "Startup Cost": 3177.84, "Total Cost": 86938.52, "Plan Rows": 1802736, "Plan Width": 20, "Actual Rows": 40502282, "Actual Loops": 1, "Inner Unique": false, "Plans": [{"Node Type": "Gather", "Parent Relationship": "Outer", "Parallel Aware": false, "Async Capable": false, "Startup Cost": 3177.84, "Total Cost": 61701.42, "Plan Rows": 8424, "Plan Width": 16, "Actual Rows": 189263, "Actual Loops": 1, "Workers Planned": 4, "Workers Launched": 4, "Single Copy": false, "Plans": [{"Node Type": "Nested Loop", "Parent Relationship": "Outer", "Parallel Aware": false, "Async Capable": false, "Join Type": "Inner", "Startup Cost": 2177.84, "Total Cost": 59859.02, "Plan Rows": 2106, "Plan Width": 16, "Actual Rows": 37853, "Actual Loops": 5, "Inner Unique": true, "Workers": [], "Plans": [{"Node Type": "Hash Join", "Parent Relationship": "Outer", "Parallel Aware": true, "Async Capable": false, "Join Type": "Inner", "Startup Cost": 2177.55, "Total Cost": 59205.23, "Plan Rows": 2106, "Plan Width": 12, "Actual Rows": 37853, "Actual Loops": 5, "Inner Unique": true, "Hash Cond": "(store_returns.sr_returned_date_sk = d2.d_date_sk)", "Workers": [], "Plans": [{"Node Type": "Seq Scan", "Parent Relationship": "Outer", "Parallel Aware": true, "Async Capable": false, "Relation Name": "store_returns", "Alias": "store_returns", "Startup Cost": 0.0, "Total Cost": 55140.58, "Plan Rows": 718858, "Plan Width": 16, "Actual Rows": 575086, "Actual Loops": 5, "Workers": []}, {"Node Type": "Hash", "Parent Relationship": "Inner", "Parallel Aware": true, "Async Capable": false, "Startup Cost": 2175.97, "Total Cost": 2175.97, "Plan Rows": 126, "Plan Width": 4, "Actual Rows": 43, "Actual Loops": 5, "Hash Buckets": 1024, "Original Hash Buckets": 1024, "Hash Batches": 1, "Original Hash Batches": 1, "Peak Memory Usage": 40, "Workers": [], "Plans": [{"Node Type": "Seq Scan", "Parent Relationship": "Outer", "Parallel Aware": true, "Async Capable": false, "Relation Name": "date_dim", "Alias": "d2", "Startup Cost": 0.0, "Total Cost": 2175.97, "Plan Rows": 126, "Plan Width": 4, "Actual Rows": 71, "Actual Loops": 3, "Filter": "((d_moy >= 4) AND (d_moy <= 10) AND (d_year = 1998))", "Rows Removed by Filter": 24278, "Workers": []}]}]}, {"Node Type": "Index Only Scan", "Parent Relationship": "Inner", "Parallel Aware": false, "Async Capable": false, "Scan Direction": "Forward", "Index Name": "item_pkey", "Relation Name": "item", "Alias": "item", "Startup Cost": 0.29, "Total Cost": 0.31, "Plan Rows": 1, "Plan Width": 4, "Actual Rows": 1, "Actual Loops": 189263, "Index Cond": "(i_item_sk = store_returns.sr_item_sk)", "Rows Removed by Index Recheck": 0, "Heap Fetches": 0, "Workers": []}]}]}, {"Node Type": "Materialize", "Parent Relationship": "Inner", "Parallel Aware": false, "Async Capable": false, "Startup Cost": 0.0, "Total Cost": 2703.43, "Plan Rows": 214, "Plan Width": 4, "Actual Rows": 214, "Actual Loops": 189263, "Plans": [{"Node Type": "Seq Scan", "Parent Relationship": "Outer", "Parallel Aware": false, "Async Capable": false, "Relation Name": "date_dim", "Alias": "d3", "Startup Cost": 0.0, "Total Cost": 2702.36, "Plan Rows": 214, "Plan Width": 4, "Actual Rows": 214, "Actual Loops": 1, "Filter": "((d_moy >= 4) AND (d_moy <= 10) AND (d_year = 1998))", "Rows Removed by Filter": 72835}]}]}]}]}]}, "Planning Time": 8.479, "Triggers": [], "Execution Time": 65989.292}, {"Plan": {"Node Type": "Aggregate", "Strategy": "Plain", "Partial Mode": "Simple", "Parallel Aware": false, "Async Capable": false, "Startup Cost": 605172.75, "Total Cost": 605172.76, "Plan Rows": 1, "Plan Width": 8, "Plans": [{"Node Type": "Hash Join", "Parent Relationship": "Outer", "Parallel Aware": false, "Async Capable": false, "Join Type": "Inner", "Startup Cost": 148911.4, "Total Cost": 605172.75, "Plan Rows": 1, "Plan Width": 0, "Inner Unique": false, "Hash Cond": "((store_sales.ss_item_sk = item.i_item_sk) AND (store_sales.ss_customer_sk = store_returns.sr_customer_sk) AND (store_sales.ss_ticket_number = store_returns.sr_ticket_number) AND (d2.d_date_sk = store_returns.sr_returned_date_sk))", "Plans": [{"Node Type": "Nested Loop", "Parent Relationship": "Outer", "Parallel Aware": false, "Async Capable": false, "Join Type": "Inner", "Startup Cost": 3178.71, "Total Cost": 459439.96, "Plan Rows": 4, "Plan Width": 24, "Inner Unique": false, "Plans": [{"Node Type": "Index Scan", "Parent Relationship": "Outer", "Parallel Aware": false, "Async Capable": false, "Scan Direction": "Forward", "Index Name": "date_dim_pkey", "Relation Name": "date_dim", "Alias": "d2", "Startup Cost": 0.29, "Total Cost": 3878.89, "Plan Rows": 214, "Plan Width": 4, "Filter": "((d_moy >= 4) AND (d_moy <= 10) AND (d_year = 1998))"}, {"Node Type": "Materialize", "Parent Relationship": "Inner", "Parallel Aware": false, "Async Capable": false, "Startup Cost": 3178.42, "Total Cost": 455558.39, "Plan Rows": 1, "Plan Width": 20, "Plans": [{"Node Type": "Nested Loop", "Parent Relationship": "Outer", "Parallel Aware": false, "Async Capable": false, "Join Type": "Inner", "Startup Cost": 3178.42, "Total Cost": 455558.38, "Plan Rows": 1, "Plan Width": 20, "Inner Unique": true, "Plans": [{"Node Type": "Gather", "Parent Relationship": "Outer", "Parallel Aware": false, "Async Capable": false, "Startup Cost": 3178.28, "Total Cost": 455558.22, "Plan Rows": 1, "Plan Width": 24, "Workers Planned": 6, "Single Copy": false, "Plans": [{"Node Type": "Nested Loop", "Parent Relationship": "Outer", "Parallel Aware": false, "Async Capable": false, "Join Type": "Inner", "Startup Cost": 2178.28, "Total Cost": 454558.12, "Plan Rows": 1, "Plan Width": 24, "Inner Unique": true, "Plans": [{"Node Type": "Nested Loop", "Parent Relationship": "Outer", "Parallel Aware": false, "Async Capable": false, "Join Type": "Inner", "Startup Cost": 2177.99, "Total Cost": 454556.23, "Plan Rows": 6, "Plan Width": 28, "Inner Unique": false, "Plans": [{"Node Type": "Hash Join", "Parent Relationship": "Outer", "Parallel Aware": true, "Async Capable": false, "Join Type": "Inner", "Startup Cost": 2177.55, "Total Cost": 406440.62, "Plan Rows": 7032, "Plan Width": 8, "Inner Unique": true, "Hash Cond": "(catalog_sales.cs_sold_date_sk = d3.d_date_sk)", "Plans": [{"Node Type": "Seq Scan", "Parent Relationship": "Outer", "Parallel Aware": true, "Async Capable": false, "Relation Name": "catalog_sales", "Alias": "catalog_sales", "Startup Cost": 0.0, "Total Cost": 397962.14, "Plan Rows": 2400214, "Plan Width": 12}, {"Node Type": "Hash", "Parent Relationship": "Inner", "Parallel Aware": true, "Async Capable": false, "Startup Cost": 2175.97, "Total Cost": 2175.97, "Plan Rows": 126, "Plan Width": 4, "Plans": [{"Node Type": "Seq Scan", "Parent Relationship": "Outer", "Parallel Aware": true, "Async Capable": false, "Relation Name": "date_dim", "Alias": "d3", "Startup Cost": 0.0, "Total Cost": 2175.97, "Plan Rows": 126, "Plan Width": 4, "Filter": "((d_moy >= 4) AND (d_moy <= 10) AND (d_year = 1998))"}]}]}, {"Node Type": "Index Scan", "Parent Relationship": "Inner", "Parallel Aware": false, "Async Capable": false, "Scan Direction": "Forward", "Index Name": "store_sales_pkey", "Relation Name": "store_sales", "Alias": "store_sales", "Startup Cost": 0.44, "Total Cost": 6.83, "Plan Rows": 1, "Plan Width": 20, "Index Cond": "(ss_item_sk = catalog_sales.cs_item_sk)", "Filter": "(catalog_sales.cs_bill_customer_sk = ss_customer_sk)"}]}, {"Node Type": "Index Scan", "Parent Relationship": "Inner", "Parallel Aware": false, "Async Capable": false, "Scan Direction": "Forward", "Index Name": "date_dim_pkey", "Relation Name": "date_dim", "Alias": "d1", "Startup Cost": 0.29, "Total Cost": 0.32, "Plan Rows": 1, "Plan Width": 4, "Index Cond": "(d_date_sk = store_sales.ss_sold_date_sk)", "Filter": "((d_moy = 4) AND (d_year = 1998))"}]}]}, {"Node Type": "Index Only Scan", "Parent Relationship": "Inner", "Parallel Aware": false, "Async Capable": false, "Scan Direction": "Forward", "Index Name": "store_pkey", "Relation Name": "store", "Alias": "store", "Startup Cost": 0.14, "Total Cost": 0.16, "Plan Rows": 1, "Plan Width": 4, "Index Cond": "(s_store_sk = store_sales.ss_store_sk)"}]}]}]}, {"Node Type": "Hash", "Parent Relationship": "Inner", "Parallel Aware": false, "Async Capable": false, "Startup Cost": 88224.04, "Total Cost": 88224.04, "Plan Rows": 2875432, "Plan Width": 20, "Plans": [{"Node Type": "Hash Join", "Parent Relationship": "Outer", "Parallel Aware": false, "Async Capable": false, "Join Type": "Inner", "Startup Cost": 3969.4, "Total Cost": 88224.04, "Plan Rows": 2875432, "Plan Width": 20, "Inner Unique": true, "Hash Cond": "(store_returns.sr_item_sk = item.i_item_sk)", "Plans": [{"Node Type": "Seq Scan", "Parent Relationship": "Outer", "Parallel Aware": false, "Async Capable": false, "Relation Name": "store_returns", "Alias": "store_returns", "Startup Cost": 0.0, "Total Cost": 76706.32, "Plan Rows": 2875432, "Plan Width": 16}, {"Node Type": "Hash", "Parent Relationship": "Inner", "Parallel Aware": false, "Async Capable": false, "Startup Cost": 2694.4, "Total Cost": 2694.4, "Plan Rows": 102000, "Plan Width": 4, "Plans": [{"Node Type": "Index Only Scan", "Parent Relationship": "Outer", "Parallel Aware": false, "Async Capable": false, "Scan Direction": "Forward", "Index Name": "item_pkey", "Relation Name": "item", "Alias": "item", "Startup Cost": 0.29, "Total Cost": 2694.4, "Plan Rows": 102000, "Plan Width": 4}]}]}]}]}]}}, {"Plan": {"Node Type": "Aggregate", "Strategy": "Plain", "Partial Mode": "Simple", "Parallel Aware": false, "Async Capable": false, "Startup Cost": 637160.19, "Total Cost": 637160.2, "Plan Rows": 1, "Plan Width": 8, "Actual Rows": 1, "Actual Loops": 1, "Plans": [{"Node Type": "Merge Join", "Parent Relationship": "Outer", "Parallel Aware": false, "Async Capable": false, "Join Type": "Inner", "Startup Cost": 634920.82, "Total Cost": 637160.19, "Plan Rows": 1, "Plan Width": 0, "Actual Rows": 0, "Actual Loops": 1, "Inner Unique": false, "Merge Cond": "(d3.d_date_sk = catalog_sales.cs_sold_date_sk)", "Join Filter": "((store_returns.sr_item_sk = item.i_item_sk) AND (store_returns.sr_customer_sk = store_sales.ss_customer_sk) AND (store_sales.ss_ticket_number = store_returns.sr_ticket_number))", "Rows Removed by Join Filter": 1324841, "Plans": [{"Node Type": "Nested Loop", "Parent Relationship": "Outer", "Parallel Aware": false, "Async Capable": false, "Join Type": "Inner", "Startup Cost": 3177.84, "Total Cost": 87481.79, "Plan Rows": 1802736, "Plan Width": 16, "Actual Rows": 40502282, "Actual Loops": 1, "Inner Unique": false, "Plans": [{"Node Type": "Index Scan", "Parent Relationship": "Outer", "Parallel Aware": false, "Async Capable": false, "Scan Direction": "Forward", "Index Name": "date_dim_pkey", "Relation Name": "date_dim", "Alias": "d3", "Startup Cost": 0.29, "Total Cost": 3878.89, "Plan Rows": 214, "Plan Width": 4, "Actual Rows": 214, "Actual Loops": 1, "Filter": "((d_moy >= 4) AND (d_moy <= 10) AND (d_year = 1998))", "Rows Removed by Filter": 72835}, {"Node Type": "Materialize", "Parent Relationship": "Inner", "Parallel Aware": false, "Async Capable": false, "Startup Cost": 3177.55, "Total Cost": 61089.75, "Plan Rows": 8424, "Plan Width": 12, "Actual Rows": 189263, "Actual Loops": 214, "Plans": [{"Node Type": "Gather", "Parent Relationship": "Outer", "Parallel Aware": false, "Async Capable": false, "Startup Cost": 3177.55, "Total Cost": 61047.63, "Plan Rows": 8424, "Plan Width": 12, "Actual Rows": 189263, "Actual Loops": 1, "Workers Planned": 4, "Workers Launched": 4, "Single Copy": false, "Plans": [{"Node Type": "Hash Join", "Parent Relationship": "Outer", "Parallel Aware": true, "Async Capable": false, "Join Type": "Inner", "Startup Cost": 2177.55, "Total Cost": 59205.23, "Plan Rows": 2106, "Plan Width": 12, "Actual Rows": 37853, "Actual Loops": 5, "Inner Unique": true, "Hash Cond": "(store_returns.sr_returned_date_sk = d2.d_date_sk)", "Workers": [], "Plans": [{"Node Type": "Seq Scan", "Parent Relationship": "Outer", "Parallel Aware": true, "Async Capable": false, "Relation Name": "store_returns", "Alias": "store_returns", "Startup Cost": 0.0, "Total Cost": 55140.58, "Plan Rows": 718858, "Plan Width": 16, "Actual Rows": 575086, "Actual Loops": 5, "Workers": []}, {"Node Type": "Hash", "Parent Relationship": "Inner", "Parallel Aware": true, "Async Capable": false, "Startup Cost": 2175.97, "Total Cost": 2175.97, "Plan Rows": 126, "Plan Width": 4, "Actual Rows": 43, "Actual Loops": 5, "Hash Buckets": 1024, "Original Hash Buckets": 1024, "Hash Batches": 1, "Original Hash Batches": 1, "Peak Memory Usage": 40, "Workers": [], "Plans": [{"Node Type": "Seq Scan", "Parent Relationship": "Outer", "Parallel Aware": true, "Async Capable": false, "Relation Name": "date_dim", "Alias": "d2", "Startup Cost": 0.0, "Total Cost": 2175.97, "Plan Rows": 126, "Plan Width": 4, "Actual Rows": 43, "Actual Loops": 5, "Filter": "((d_moy >= 4) AND (d_moy <= 10) AND (d_year = 1998))", "Rows Removed by Filter": 14567, "Workers": []}]}]}]}]}]}, {"Node Type": "Sort", "Parent Relationship": "Inner", "Parallel Aware": false, "Async Capable": false, "Startup Cost": 588226.91, "Total Cost": 588226.92, "Plan Rows": 6, "Plan Width": 28, "Actual Rows": 1324846, "Actual Loops": 1, "Sort Key": ["catalog_sales.cs_sold_date_sk"], "Sort Method": "quicksort", "Sort Space Used": 30, "Sort Space Type": "Memory", "Plans": [{"Node Type": "Nested Loop", "Parent Relationship": "Outer", "Parallel Aware": false, "Async Capable": false, "Join Type": "Inner", "Startup Cost": 3069.64, "Total Cost": 588226.83, "Plan Rows": 6, "Plan Width": 28, "Actual Rows": 102, "Actual Loops": 1, "Inner Unique": true, "Plans": [{"Node Type": "Gather", "Parent Relationship": "Outer", "Parallel Aware": false, "Async Capable": false, "Startup Cost": 3069.35, "Total Cost": 588224.97, "Plan Rows": 6, "Plan Width": 24, "Actual Rows": 102, "Actual Loops": 1, "Workers Planned": 6, "Workers Launched": 6, "Single Copy": false, "Plans": [{"Node Type": "Nested Loop", "Parent Relationship": "Outer", "Parallel Aware": false, "Async Capable": false, "Join Type": "Inner", "Startup Cost": 2069.35, "Total Cost": 587224.37, "Plan Rows": 1, "Plan Width": 24, "Actual Rows": 15, "Actual Loops": 7, "Inner Unique": true, "Workers": [], "Plans": [{"Node Type": "Nested Loop", "Parent Relationship": "Outer", "Parallel Aware": false, "Async Capable": false, "Join Type": "Inner", "Startup Cost": 2069.21, "Total Cost": 587224.21, "Plan Rows": 1, "Plan Width": 28, "Actual Rows": 15, "Actual Loops": 7, "Inner Unique": false, "Workers": [], "Plans": [{"Node Type": "Hash Join", "Parent Relationship": "Outer", "Parallel Aware": true, "Async Capable": false, "Join Type": "Inner", "Startup Cost": 2068.78, "Total Cost": 580119.61, "Plan Rows": 1971, "Plan Width": 16, "Actual Rows": 37135, "Actual Loops": 7, "Inner Unique": true, "Hash Cond": "(store_sales.ss_sold_date_sk = d1.d_date_sk)", "Workers": [], "Plans": [{"Node Type": "Seq Scan", "Parent Relationship": "Outer", "Parallel Aware": true, "Async Capable": false, "Relation Name": "store_sales", "Alias": "store_sales", "Startup Cost": 0.0, "Total Cost": 565449.69, "Plan Rows": 4800169, "Plan Width": 20, "Actual Rows": 4114427, "Actual Loops": 7, "Workers": []}, {"Node Type": "Hash", "Parent Relationship": "Inner", "Parallel Aware": true, "Async Capable": false, "Startup Cost": 2068.55, "Total Cost": 2068.55, "Plan Rows": 18, "Plan Width": 4, "Actual Rows": 4, "Actual Loops": 7, "Hash Buckets": 1024, "Original Hash Buckets": 1024, "Hash Batches": 1, "Original Hash Batches": 1, "Peak Memory Usage": 40, "Workers": [], "Plans": [{"Node Type": "Seq Scan", "Parent Relationship": "Outer", "Parallel Aware": true, "Async Capable": false, "Relation Name": "date_dim", "Alias": "d1", "Startup Cost": 0.0, "Total Cost": 2068.55, "Plan Rows": 18, "Plan Width": 4, "Actual Rows": 15, "Actual Loops": 2, "Filter": "((d_moy = 4) AND (d_year = 1998))", "Rows Removed by Filter": 36510, "Workers": []}]}]}, {"Node Type": "Index Scan", "Parent Relationship": "Inner", "Parallel Aware": false, "Async Capable": false, "Scan Direction": "Forward", "Index Name": "catalog_sales_pkey", "Relation Name": "catalog_sales", "Alias": "catalog_sales", "Startup Cost": 0.43, "Total Cost": 3.59, "Plan Rows": 1, "Plan Width": 12, "Actual Rows": 0, "Actual Loops": 259943, "Index Cond": "(cs_item_sk = store_sales.ss_item_sk)", "Rows Removed by Index Recheck": 0, "Filter": "(cs_bill_customer_sk = store_sales.ss_customer_sk)", "Rows Removed by Filter": 188, "Workers": []}]}, {"Node Type": "Index Only Scan", "Parent Relationship": "Inner", "Parallel Aware": false, "Async Capable": false, "Scan Direction": "Forward", "Index Name": "store_pkey", "Relation Name": "store", "Alias": "store", "Startup Cost": 0.14, "Total Cost": 0.16, "Plan Rows": 1, "Plan Width": 4, "Actual Rows": 1, "Actual Loops": 103, "Index Cond": "(s_store_sk = store_sales.ss_store_sk)", "Rows Removed by Index Recheck": 0, "Heap Fetches": 102, "Workers": []}]}]}, {"Node Type": "Index Only Scan", "Parent Relationship": "Inner", "Parallel Aware": false, "Async Capable": false, "Scan Direction": "Forward", "Index Name": "item_pkey", "Relation Name": "item", "Alias": "item", "Startup Cost": 0.29, "Total Cost": 0.31, "Plan Rows": 1, "Plan Width": 4, "Actual Rows": 1, "Actual Loops": 102, "Index Cond": "(i_item_sk = store_sales.ss_item_sk)", "Rows Removed by Index Recheck": 0, "Heap Fetches": 0}]}]}]}]}, "Planning Time": 7.981, "Triggers": [], "Execution Time": 33621.96}, {"Plan": {"Node Type": "Aggregate", "Strategy": "Plain", "Partial Mode": "Finalize", "Parallel Aware": false, "Async Capable": false, "Startup Cost": 649083.22, "Total Cost": 649083.23, "Plan Rows": 1, "Plan Width": 8, "Actual Rows": 1, "Actual Loops": 1, "Plans": [{"Node Type": "Gather", "Parent Relationship": "Outer", "Parallel Aware": false, "Async Capable": false, "Startup Cost": 649082.59, "Total Cost": 649083.2, "Plan Rows": 6, "Plan Width": 8, "Actual Rows": 7, "Actual Loops": 1, "Workers Planned": 6, "Workers Launched": 6, "Single Copy": false, "Plans": [{"Node Type": "Aggregate", "Strategy": "Plain", "Partial Mode": "Partial", "Parent Relationship": "Outer", "Parallel Aware": false, "Async Capable": false, "Startup Cost": 648082.59, "Total Cost": 648082.6, "Plan Rows": 1, "Plan Width": 8, "Actual Rows": 1, "Actual Loops": 7, "Workers": [], "Plans": [{"Node Type": "Hash Join", "Parent Relationship": "Outer", "Parallel Aware": true, "Async Capable": false, "Join Type": "Inner", "Startup Cost": 70004.2, "Total Cost": 648082.59, "Plan Rows": 1, "Plan Width": 0, "Actual Rows": 0, "Actual Loops": 7, "Inner Unique": false, "Hash Cond": "((store_sales.ss_item_sk = item.i_item_sk) AND (store_sales.ss_customer_sk = store_returns.sr_customer_sk) AND (store_sales.ss_ticket_number = store_returns.sr_ticket_number))", "Workers": [], "Plans": [{"Node Type": "Hash Join", "Parent Relationship": "Outer", "Parallel Aware": false, "Async Capable": false, "Join Type": "Inner", "Startup Cost": 2076.07, "Total Cost": 580132.28, "Plan Rows": 1971, "Plan Width": 12, "Actual Rows": 36250, "Actual Loops": 7, "Inner Unique": true, "Hash Cond": "(store_sales.ss_store_sk = store.s_store_sk)", "Workers": [], "Plans": [{"Node Type": "Hash Join", "Parent Relationship": "Outer", "Parallel Aware": true, "Async Capable": false, "Join Type": "Inner", "Startup Cost": 2068.78, "Total Cost": 580119.61, "Plan Rows": 1971, "Plan Width": 16, "Actual Rows": 37135, "Actual Loops": 7, "Inner Unique": true, "Hash Cond": "(store_sales.ss_sold_date_sk = d1.d_date_sk)", "Workers": [], "Plans": [{"Node Type": "Seq Scan", "Parent Relationship": "Outer", "Parallel Aware": true, "Async Capable": false, "Relation Name": "store_sales", "Alias": "store_sales", "Startup Cost": 0.0, "Total Cost": 565449.69, "Plan Rows": 4800169, "Plan Width": 20, "Actual Rows": 4114427, "Actual Loops": 7, "Workers": []}, {"Node Type": "Hash", "Parent Relationship": "Inner", "Parallel Aware": true, "Async Capable": false, "Startup Cost": 2068.55, "Total Cost": 2068.55, "Plan Rows": 18, "Plan Width": 4, "Actual Rows": 4, "Actual Loops": 7, "Hash Buckets": 1024, "Original Hash Buckets": 1024, "Hash Batches": 1, "Original Hash Batches": 1, "Peak Memory Usage": 40, "Workers": [], "Plans": [{"Node Type": "Seq Scan", "Parent Relationship": "Outer", "Parallel Aware": true, "Async Capable": false, "Relation Name": "date_dim", "Alias": "d1", "Startup Cost": 0.0, "Total Cost": 2068.55, "Plan Rows": 18, "Plan Width": 4, "Actual Rows": 4, "Actual Loops": 7, "Filter": "((d_moy = 4) AND (d_year = 1998))", "Rows Removed by Filter": 10431, "Workers": []}]}]}, {"Node Type": "Hash", "Parent Relationship": "Inner", "Parallel Aware": false, "Async Capable": false, "Startup Cost": 6.02, "Total Cost": 6.02, "Plan Rows": 102, "Plan Width": 4, "Actual Rows": 102, "Actual Loops": 7, "Hash Buckets": 1024, "Original Hash Buckets": 1024, "Hash Batches": 1, "Original Hash Batches": 1, "Peak Memory Usage": 12, "Workers": [], "Plans": [{"Node Type": "Seq Scan", "Parent Relationship": "Outer", "Parallel Aware": false, "Async Capable": false, "Relation Name": "store", "Alias": "store", "Startup Cost": 0.0, "Total Cost": 6.02, "Plan Rows": 102, "Plan Width": 4, "Actual Rows": 102, "Actual Loops": 7, "Workers": []}]}]}, {"Node Type": "Hash", "Parent Relationship": "Inner", "Parallel Aware": true, "Async Capable": false, "Startup Cost": 67928.11, "Total Cost": 67928.11, "Plan Rows": 1, "Plan Width": 24, "Actual Rows": 1, "Actual Loops": 7, "Hash Buckets": 1024, "Original Hash Buckets": 1024, "Hash Batches": 1, "Original Hash Batches": 1, "Peak Memory Usage": 168, "Workers": [], "Plans": [{"Node Type": "Nested Loop", "Parent Relationship": "Outer", "Parallel Aware": false, "Async Capable": false, "Join Type": "Inner", "Startup Cost": 2178.57, "Total Cost": 67928.11, "Plan Rows": 1, "Plan Width": 24, "Actual Rows": 1, "Actual Loops": 7, "Inner Unique": true, "Workers": [], "Plans": [{"Node Type": "Nested Loop", "Parent Relationship": "Outer", "Parallel Aware": false, "Async Capable": false, "Join Type": "Inner", "Startup Cost": 2178.28, "Total Cost": 67927.8, "Plan Rows": 1, "Plan Width": 20, "Actual Rows": 1, "Actual Loops": 7, "Inner Unique": true, "Workers": [], "Plans": [{"Node Type": "Nested Loop", "Parent Relationship": "Outer", "Parallel Aware": false, "Async Capable": false, "Join Type": "Inner", "Startup Cost": 2177.98, "Total Cost": 67927.48, "Plan Rows": 1, "Plan Width": 24, "Actual Rows": 12, "Actual Loops": 7, "Inner Unique": false, "Workers": [], "Plans": [{"Node Type": "Hash Join", "Parent Relationship": "Outer", "Parallel Aware": true, "Async Capable": false, "Join Type": "Inner", "Startup Cost": 2177.55, "Total Cost": 59205.23, "Plan Rows": 2106, "Plan Width": 12, "Actual Rows": 27038, "Actual Loops": 7, "Inner Unique": true, "Hash Cond": "(store_returns.sr_returned_date_sk = d2.d_date_sk)", "Workers": [], "Plans": [{"Node Type": "Seq Scan", "Parent Relationship": "Outer", "Parallel Aware": true, "Async Capable": false, "Relation Name": "store_returns", "Alias": "store_returns", "Startup Cost": 0.0, "Total Cost": 55140.58, "Plan Rows": 718858, "Plan Width": 16, "Actual Rows": 410776, "Actual Loops": 7, "Workers": []}, {"Node Type": "Hash", "Parent Relationship": "Inner", "Parallel Aware": true, "Async Capable": false, "Startup Cost": 2175.97, "Total Cost": 2175.97, "Plan Rows": 126, "Plan Width": 4, "Actual Rows": 31, "Actual Loops": 7, "Hash Buckets": 1024, "Original Hash Buckets": 1024, "Hash Batches": 1, "Original Hash Batches": 1, "Peak Memory Usage": 40, "Workers": [], "Plans": [{"Node Type": "Seq Scan", "Parent Relationship": "Outer", "Parallel Aware": true, "Async Capable": false, "Relation Name": "date_dim", "Alias": "d2", "Startup Cost": 0.0, "Total Cost": 2175.97, "Plan Rows": 126, "Plan Width": 4, "Actual Rows": 31, "Actual Loops": 7, "Filter": "((d_moy >= 4) AND (d_moy <= 10) AND (d_year = 1998))", "Rows Removed by Filter": 10405, "Workers": []}]}]}, {"Node Type": "Index Scan", "Parent Relationship": "Inner", "Parallel Aware": false, "Async Capable": false, "Scan Direction": "Forward", "Index Name": "catalog_sales_pkey", "Relation Name": "catalog_sales", "Alias": "catalog_sales", "Startup Cost": 0.43, "Total Cost": 4.13, "Plan Rows": 1, "Plan Width": 12, "Actual Rows": 0, "Actual Loops": 189263, "Index Cond": "(cs_item_sk = store_returns.sr_item_sk)", "Rows Removed by Index Recheck": 0, "Filter": "(cs_bill_customer_sk = store_returns.sr_customer_sk)", "Rows Removed by Filter": 188, "Workers": []}]}, {"Node Type": "Index Scan", "Parent Relationship": "Inner", "Parallel Aware": false, "Async Capable": false, "Scan Direction": "Forward", "Index Name": "date_dim_pkey", "Relation Name": "date_dim", "Alias": "d3", "Startup Cost": 0.29, "Total Cost": 0.32, "Plan Rows": 1, "Plan Width": 4, "Actual Rows": 0, "Actual Loops": 82, "Index Cond": "(d_date_sk = catalog_sales.cs_sold_date_sk)", "Rows Removed by Index Recheck": 0, "Filter": "((d_moy >= 4) AND (d_moy <= 10) AND (d_year = 1998))", "Rows Removed by Filter": 1, "Workers": []}]}, {"Node Type": "Index Only Scan", "Parent Relationship": "Inner", "Parallel Aware": false, "Async Capable": false, "Scan Direction": "Forward", "Index Name": "item_pkey", "Relation Name": "item", "Alias": "item", "Startup Cost": 0.29, "Total Cost": 0.31, "Plan Rows": 1, "Plan Width": 4, "Actual Rows": 1, "Actual Loops": 10, "Index Cond": "(i_item_sk = store_returns.sr_item_sk)", "Rows Removed by Index Recheck": 0, "Heap Fetches": 0, "Workers": []}]}]}]}]}]}]}, "Planning Time": 13.096, "Triggers": [], "Execution Time": 14698.271}, {"Plan": {"Node Type": "Aggregate", "Strategy": "Plain", "Partial Mode": "Simple", "Parallel Aware": false, "Async Capable": false, "Startup Cost": 473037.8, "Total Cost": 473037.81, "Plan Rows": 1, "Plan Width": 8, "Actual Rows": 1, "Actual Loops": 1, "Plans": [{"Node Type": "Gather", "Parent Relationship": "Outer", "Parallel Aware": false, "Async Capable": false, "Startup Cost": 469930.36, "Total Cost": 473037.8, "Plan Rows": 1, "Plan Width": 0, "Actual Rows": 0, "Actual Loops": 1, "Workers Planned": 6, "Workers Launched": 6, "Single Copy": false, "Plans": [{"Node Type": "Hash Join", "Parent Relationship": "Outer", "Parallel Aware": true, "Async Capable": false, "Join Type": "Inner", "Startup Cost": 468930.36, "Total Cost": 472037.7, "Plan Rows": 1, "Plan Width": 0, "Actual Rows": 0, "Actual Loops": 7, "Inner Unique": false, "Hash Cond": "((item.i_item_sk = store_sales.ss_item_sk) AND (catalog_sales.cs_bill_customer_sk = store_sales.ss_customer_sk))", "Workers": [], "Plans": [{"Node Type": "Merge Join", "Parent Relationship": "Outer", "Parallel Aware": false, "Async Capable": false, "Join Type": "Inner", "Startup Cost": 406890.24, "Total Cost": 409944.83, "Plan Rows": 7032, "Plan Width": 12, "Actual Rows": 214143, "Actual Loops": 7, "Inner Unique": true, "Merge Cond": "(catalog_sales.cs_item_sk = item.i_item_sk)", "Workers": [], "Plans": [{"Node Type": "Sort", "Parent Relationship": "Outer", "Parallel Aware": false, "Async Capable": false, "Startup Cost": 406889.95, "Total Cost": 406907.53, "Plan Rows": 7032, "Plan Width": 8, "Actual Rows": 214143, "Actual Loops": 7, "Sort Key": ["catalog_sales.cs_item_sk"], "Sort Method": "quicksort", "Sort Space Used": 12584, "Sort Space Type": "Memory", "Workers": [{"Worker Number": 0, "Sort Method": "quicksort", "Sort Space Used": 13189, "Sort Space Type": "Memory"}, {"Worker Number": 1, "Sort Method": "quicksort", "Sort Space Used": 12891, "Sort Space Type": "Memory"}, {"Worker Number": 2, "Sort Method": "quicksort", "Sort Space Used": 12891, "Sort Space Type": "Memory"}, {"Worker Number": 3, "Sort Method": "quicksort", "Sort Space Used": 12827, "Sort Space Type": "Memory"}, {"Worker Number": 4, "Sort Method": "quicksort", "Sort Space Used": 12278, "Sort Space Type": "Memory"}, {"Worker Number": 5, "Sort Method": "quicksort", "Sort Space Used": 13196, "Sort Space Type": "Memory"}], "Plans": [{"Node Type": "Hash Join", "Parent Relationship": "Outer", "Parallel Aware": true, "Async Capable": false, "Join Type": "Inner", "Startup Cost": 2177.55, "Total Cost": 406440.62, "Plan Rows": 7032, "Plan Width": 8, "Actual Rows": 214143, "Actual Loops": 7, "Inner Unique": true, "Hash Cond": "(catalog_sales.cs_sold_date_sk = d3.d_date_sk)", "Workers": [], "Plans": [{"Node Type": "Seq Scan", "Parent Relationship": "Outer", "Parallel Aware": true, "Async Capable": false, "Relation Name": "catalog_sales", "Alias": "catalog_sales", "Startup Cost": 0.0, "Total Cost": 397962.14, "Plan Rows": 2400214, "Plan Width": 12, "Actual Rows": 2057323, "Actual Loops": 7, "Workers": []}, {"Node Type": "Hash", "Parent Relationship": "Inner", "Parallel Aware": true, "Async Capable": false, "Startup Cost": 2175.97, "Total Cost": 2175.97, "Plan Rows": 126, "Plan Width": 4, "Actual Rows": 31, "Actual Loops": 7, "Hash Buckets": 1024, "Original Hash Buckets": 1024, "Hash Batches": 1, "Original Hash Batches": 1, "Peak Memory Usage": 168, "Workers": [], "Plans": [{"Node Type": "Seq Scan", "Parent Relationship": "Outer", "Parallel Aware": true, "Async Capable": false, "Relation Name": "date_dim", "Alias": "d3", "Startup Cost": 0.0, "Total Cost": 2175.97, "Plan Rows": 126, "Plan Width": 4, "Actual Rows": 31, "Actual Loops": 7, "Filter": "((d_moy >= 4) AND (d_moy <= 10) AND (d_year = 1998))", "Rows Removed by Filter": 10405, "Workers": []}]}]}]}, {"Node Type": "Index Only Scan", "Parent Relationship": "Inner", "Parallel Aware": false, "Async Capable": false, "Scan Direction": "Forward", "Index Name": "item_pkey", "Relation Name": "item", "Alias": "item", "Startup Cost": 0.29, "Total Cost": 2694.4, "Plan Rows": 102000, "Plan Width": 4, "Actual Rows": 101998, "Actual Loops": 7, "Heap Fetches": 0, "Workers": []}]}, {"Node Type": "Hash", "Parent Relationship": "Inner", "Parallel Aware": true, "Async Capable": false, "Startup Cost": 62040.1, "Total Cost": 62040.1, "Plan Rows": 1, "Plan Width": 16, "Actual Rows": 2679, "Actual Loops": 7, "Hash Buckets": 32768, "Original Hash Buckets": 1024, "Hash Batches": 1, "Original Hash Batches": 1, "Peak Memory Usage": 1560, "Workers": [], "Plans": [{"Node Type": "Nested Loop", "Parent Relationship": "Outer", "Parallel Aware": false, "Async Capable": false, "Join Type": "Inner", "Startup Cost": 2178.42, "Total Cost": 62040.1, "Plan Rows": 1, "Plan Width": 16, "Actual Rows": 2679, "Actual Loops": 7, "Inner Unique": true, "Workers": [], "Plans": [{"Node Type": "Nested Loop", "Parent Relationship": "Outer", "Parallel Aware": false, "Async Capable": false, "Join Type": "Inner", "Startup Cost": 2178.28, "Total Cost": 62039.94, "Plan Rows": 1, "Plan Width": 20, "Actual Rows": 2716, "Actual Loops": 7, "Inner Unique": true, "Workers": [], "Plans": [{"Node Type": "Nested Loop", "Parent Relationship": "Outer", "Parallel Aware": false, "Async Capable": false, "Join Type": "Inner", "Startup Cost": 2177.99, "Total Cost": 62039.63, "Plan Rows": 1, "Plan Width": 24, "Actual Rows": 20043, "Actual Loops": 7, "Inner Unique": true, "Workers": [], "Plans": [{"Node Type": "Hash Join", "Parent Relationship": "Outer", "Parallel Aware": true, "Async Capable": false, "Join Type": "Inner", "Startup Cost": 2177.55, "Total Cost": 59205.23, "Plan Rows": 2106, "Plan Width": 12, "Actual Rows": 27038, "Actual Loops": 7, "Inner Unique": true, "Hash Cond": "(store_returns.sr_returned_date_sk = d2.d_date_sk)", "Workers": [], "Plans": [{"Node Type": "Seq Scan", "Parent Relationship": "Outer", "Parallel Aware": true, "Async Capable": false, "Relation Name": "store_returns", "Alias": "store_returns", "Startup Cost": 0.0, "Total Cost": 55140.58, "Plan Rows": 718858, "Plan Width": 16, "Actual Rows": 410776, "Actual Loops": 7, "Workers": []}, {"Node Type": "Hash", "Parent Relationship": "Inner", "Parallel Aware": true, "Async Capable": false, "Startup Cost": 2175.97, "Total Cost": 2175.97, "Plan Rows": 126, "Plan Width": 4, "Actual Rows": 31, "Actual Loops": 7, "Hash Buckets": 1024, "Original Hash Buckets": 1024, "Hash Batches": 1, "Original Hash Batches": 1, "Peak Memory Usage": 40, "Workers": [], "Plans": [{"Node Type": "Seq Scan", "Parent Relationship": "Outer", "Parallel Aware": true, "Async Capable": false, "Relation Name": "date_dim", "Alias": "d2", "Startup Cost": 0.0, "Total Cost": 2175.97, "Plan Rows": 126, "Plan Width": 4, "Actual Rows": 31, "Actual Loops": 7, "Filter": "((d_moy >= 4) AND (d_moy <= 10) AND (d_year = 1998))", "Rows Removed by Filter": 10405, "Workers": []}]}]}, {"Node Type": "Index Scan", "Parent Relationship": "Inner", "Parallel Aware": false, "Async Capable": false, "Scan Direction": "Forward", "Index Name": "store_sales_pkey", "Relation Name": "store_sales", "Alias": "store_sales", "Startup Cost": 0.44, "Total Cost": 1.34, "Plan Rows": 1, "Plan Width": 20, "Actual Rows": 1, "Actual Loops": 189263, "Index Cond": "((ss_item_sk = store_returns.sr_item_sk) AND (ss_ticket_number = store_returns.sr_ticket_number))", "Rows Removed by Index Recheck": 0, "Filter": "(store_returns.sr_customer_sk = ss_customer_sk)", "Rows Removed by Filter": 0, "Workers": []}]}, {"Node Type": "Index Scan", "Parent Relationship": "Inner", "Parallel Aware": false, "Async Capable": false, "Scan Direction": "Forward", "Index Name": "date_dim_pkey", "Relation Name": "date_dim", "Alias": "d1", "Startup Cost": 0.29, "Total Cost": 0.32, "Plan Rows": 1, "Plan Width": 4, "Actual Rows": 0, "Actual Loops": 140303, "Index Cond": "(d_date_sk = store_sales.ss_sold_date_sk)", "Rows Removed by Index Recheck": 0, "Filter": "((d_moy = 4) AND (d_year = 1998))", "Rows Removed by Filter": 1, "Workers": []}]}, {"Node Type": "Index Only Scan", "Parent Relationship": "Inner", "Parallel Aware": false, "Async Capable": false, "Scan Direction": "Forward", "Index Name": "store_pkey", "Relation Name": "store", "Alias": "store", "Startup Cost": 0.14, "Total Cost": 0.16, "Plan Rows": 1, "Plan Width": 4, "Actual Rows": 1, "Actual Loops": 19010, "Index Cond": "(s_store_sk = store_sales.ss_store_sk)", "Rows Removed by Index Recheck": 0, "Heap Fetches": 18753, "Workers": []}]}]}]}]}]}, "Planning Time": 12.489, "Triggers": [], "Execution Time": 2064.518}, {"Plan": {"Node Type": "Aggregate", "Strategy": "Plain", "Partial Mode": "Simple", "Parallel Aware": false, "Async Capable": false, "Startup Cost": 5179960.69, "Total Cost": 5179960.7, "Plan Rows": 1, "Plan Width": 8, "Plans": [{"Node Type": "Merge Join", "Parent Relationship": "Outer", "Parallel Aware": false, "Async Capable": false, "Join Type": "Inner", "Startup Cost": 4761002.85, "Total Cost": 5179960.69, "Plan Rows": 1, "Plan Width": 0, "Inner Unique": false, "Merge Cond": "(d3.d_date_sk = catalog_sales.cs_sold_date_sk)", "Join Filter": "((store_sales.ss_item_sk = item.i_item_sk) AND (store_returns.sr_customer_sk = store_sales.ss_customer_sk) AND (store_sales.ss_ticket_number = store_returns.sr_ticket_number) AND (d2.d_date_sk = store_returns.sr_returned_date_sk))", "Plans": [{"Node Type": "Nested Loop", "Parent Relationship": "Outer", "Parallel Aware": false, "Async Capable": false, "Join Type": "Inner", "Startup Cost": 3076.36, "Total Cost": 7360437.49, "Plan Rows": 541675088, "Plan Width": 20, "Inner Unique": false, "Plans": [{"Node Type": "Nested Loop", "Parent Relationship": "Outer", "Parallel Aware": false, "Async Capable": false, "Join Type": "Inner", "Startup Cost": 0.29, "Total Cost": 7154.24, "Plan Rows": 45796, "Plan Width": 8, "Inner Unique": false, "Plans": [{"Node Type": "Index Scan", "Parent Relationship": "Outer", "Parallel Aware": false, "Async Capable": false, "Scan Direction": "Forward", "Index Name": "date_dim_pkey", "Relation Name": "date_dim", "Alias": "d3", "Startup Cost": 0.29, "Total Cost": 3878.89, "Plan Rows": 214, "Plan Width": 4, "Filter": "((d_moy >= 4) AND (d_moy <= 10) AND (d_year = 1998))"}, {"Node Type": "Materialize", "Parent Relationship": "Inner", "Parallel Aware": false, "Async Capable": false, "Startup Cost": 0.0, "Total Cost": 2703.43, "Plan Rows": 214, "Plan Width": 4, "Plans": [{"Node Type": "Seq Scan", "Parent Relationship": "Outer", "Parallel Aware": false, "Async Capable": false, "Relation Name": "date_dim", "Alias": "d2", "Startup Cost": 0.0, "Total Cost": 2702.36, "Plan Rows": 214, "Plan Width": 4, "Filter": "((d_moy >= 4) AND (d_moy <= 10) AND (d_year = 1998))"}]}]}, {"Node Type": "Materialize", "Parent Relationship": "Inner", "Parallel Aware": false, "Async Capable": false, "Startup Cost": 3076.07, "Total Cost": 582374.22, "Plan Rows": 11828, "Plan Width": 12, "Plans": [{"Node Type": "Gather", "Parent Relationship": "Outer", "Parallel Aware": false, "Async Capable": false, "Startup Cost": 3076.07, "Total Cost": 582315.08, "Plan Rows": 11828, "Plan Width": 12, "Workers Planned": 6, "Single Copy": false, "Plans": [{"Node Type": "Hash Join", "Parent Relationship": "Outer", "Parallel Aware": false, "Async Capable": false, "Join Type": "Inner", "Startup Cost": 2076.07, "Total Cost": 580132.28, "Plan Rows": 1971, "Plan Width": 12, "Inner Unique": true, "Hash Cond": "(store_sales.ss_store_sk = store.s_store_sk)", "Plans": [{"Node Type": "Hash Join", "Parent Relationship": "Outer", "Parallel Aware": true, "Async Capable": false, "Join Type": "Inner", "Startup Cost": 2068.78, "Total Cost": 580119.61, "Plan Rows": 1971, "Plan Width": 16, "Inner Unique": true, "Hash Cond": "(store_sales.ss_sold_date_sk = d1.d_date_sk)", "Plans": [{"Node Type": "Seq Scan", "Parent Relationship": "Outer", "Parallel Aware": true, "Async Capable": false, "Relation Name": "store_sales", "Alias": "store_sales", "Startup Cost": 0.0, "Total Cost": 565449.69, "Plan Rows": 4800169, "Plan Width": 20}, {"Node Type": "Hash", "Parent Relationship": "Inner", "Parallel Aware": true, "Async Capable": false, "Startup Cost": 2068.55, "Total Cost": 2068.55, "Plan Rows": 18, "Plan Width": 4, "Plans": [{"Node Type": "Seq Scan", "Parent Relationship": "Outer", "Parallel Aware": true, "Async Capable": false, "Relation Name": "date_dim", "Alias": "d1", "Startup Cost": 0.0, "Total Cost": 2068.55, "Plan Rows": 18, "Plan Width": 4, "Filter": "((d_moy = 4) AND (d_year = 1998))"}]}]}, {"Node Type": "Hash", "Parent Relationship": "Inner", "Parallel Aware": false, "Async Capable": false, "Startup Cost": 6.02, "Total Cost": 6.02, "Plan Rows": 102, "Plan Width": 4, "Plans": [{"Node Type": "Seq Scan", "Parent Relationship": "Outer", "Parallel Aware": false, "Async Capable": false, "Relation Name": "store", "Alias": "store", "Startup Cost": 0.0, "Total Cost": 6.02, "Plan Rows": 102, "Plan Width": 4}]}]}]}]}]}, {"Node Type": "Sort", "Parent Relationship": "Inner", "Parallel Aware": false, "Async Capable": false, "Startup Cost": 489386.81, "Total Cost": 489389.51, "Plan Rows": 1082, "Plan Width": 32, "Sort Key": ["catalog_sales.cs_sold_date_sk"], "Plans": [{"Node Type": "Nested Loop", "Parent Relationship": "Outer", "Parallel Aware": false, "Async Capable": false, "Join Type": "Inner", "Startup Cost": 66923.74, "Total Cost": 489332.28, "Plan Rows": 1082, "Plan Width": 32, "Inner Unique": true, "Plans": [{"Node Type": "Gather", "Parent Relationship": "Outer", "Parallel Aware": false, "Async Capable": false, "Startup Cost": 66923.45, "Total Cost": 488996.38, "Plan Rows": 1082, "Plan Width": 28, "Workers Planned": 6, "Single Copy": false, "Plans": [{"Node Type": "Hash Join", "Parent Relationship": "Outer", "Parallel Aware": true, "Async Capable": false, "Join Type": "Inner", "Startup Cost": 65923.45, "Total Cost": 487888.18, "Plan Rows": 180, "Plan Width": 28, "Inner Unique": false, "Hash Cond": "((catalog_sales.cs_item_sk = store_returns.sr_item_sk) AND (catalog_sales.cs_bill_customer_sk = store_returns.sr_customer_sk))", "Plans": [{"Node Type": "Seq Scan", "Parent Relationship": "Outer", "Parallel Aware": true, "Async Capable": false, "Relation Name": "catalog_sales", "Alias": "catalog_sales", "Startup Cost": 0.0, "Total Cost": 397962.14, "Plan Rows": 2400214, "Plan Width": 12}, {"Node Type": "Hash", "Parent Relationship": "Inner", "Parallel Aware": true, "Async Capable": false, "Startup Cost": 55140.58, "Total Cost": 55140.58, "Plan Rows": 718858, "Plan Width": 16, "Plans": [{"Node Type": "Seq Scan", "Parent Relationship": "Outer", "Parallel Aware": true, "Async Capable": false, "Relation Name": "store_returns", "Alias": "store_returns", "Startup Cost": 0.0, "Total Cost": 55140.58, "Plan Rows": 718858, "Plan Width": 16}]}]}]}, {"Node Type": "Index Only Scan", "Parent Relationship": "Inner", "Parallel Aware": false, "Async Capable": false, "Scan Direction": "Forward", "Index Name": "item_pkey", "Relation Name": "item", "Alias": "item", "Startup Cost": 0.29, "Total Cost": 0.31, "Plan Rows": 1, "Plan Width": 4, "Index Cond": "(i_item_sk = store_returns.sr_item_sk)"}]}]}]}]}}, {"Plan": {"Node Type": "Aggregate", "Strategy": "Plain", "Partial Mode": "Simple", "Parallel Aware": false, "Async Capable": false, "Startup Cost": 5461661.02, "Total Cost": 5461661.03, "Plan Rows": 1, "Plan Width": 8, "Plans": [{"Node Type": "Merge Join", "Parent Relationship": "Outer", "Parallel Aware": false, "Async Capable": false, "Join Type": "Inner", "Startup Cost": 5057176.11, "Total Cost": 5461661.01, "Plan Rows": 1, "Plan Width": 0, "Inner Unique": false, "Merge Cond": "(d3.d_date_sk = catalog_sales.cs_sold_date_sk)", "Join Filter": "((store_returns.sr_item_sk = item.i_item_sk) AND (store_returns.sr_customer_sk = store_sales.ss_customer_sk) AND (store_sales.ss_ticket_number = store_returns.sr_ticket_number) AND (d2.d_date_sk = store_returns.sr_returned_date_sk))", "Plans": [{"Node Type": "Nested Loop", "Parent Relationship": "Outer", "Parallel Aware": false, "Async Capable": false, "Join Type": "Inner", "Startup Cost": 581240.82, "Total Cost": 7363779.15, "Plan Rows": 541675088, "Plan Width": 24, "Inner Unique": false, "Plans": [{"Node Type": "Nested Loop", "Parent Relationship": "Outer", "Parallel Aware": false, "Async Capable": false, "Join Type": "Inner", "Startup Cost": 0.29, "Total Cost": 7154.24, "Plan Rows": 45796, "Plan Width": 8, "Inner Unique": false, "Plans": [{"Node Type": "Index Scan", "Parent Relationship": "Outer", "Parallel Aware": false, "Async Capable": false, "Scan Direction": "Forward", "Index Name": "date_dim_pkey", "Relation Name": "date_dim", "Alias": "d3", "Startup Cost": 0.29, "Total Cost": 3878.89, "Plan Rows": 214, "Plan Width": 4, "Filter": "((d_moy >= 4) AND (d_moy <= 10) AND (d_year = 1998))"}, {"Node Type": "Materialize", "Parent Relationship": "Inner", "Parallel Aware": false, "Async Capable": false, "Startup Cost": 0.0, "Total Cost": 2703.43, "Plan Rows": 214, "Plan Width": 4, "Plans": [{"Node Type": "Seq Scan", "Parent Relationship": "Outer", "Parallel Aware": false, "Async Capable": false, "Relation Name": "date_dim", "Alias": "d2", "Startup Cost": 0.0, "Total Cost": 2702.36, "Plan Rows": 214, "Plan Width": 4, "Filter": "((d_moy >= 4) AND (d_moy <= 10) AND (d_year = 1998))"}]}]}, {"Node Type": "Materialize", "Parent Relationship": "Inner", "Parallel Aware": false, "Async Capable": false, "Startup Cost": 581240.53, "Total Cost": 585715.88, "Plan Rows": 11828, "Plan Width": 16, "Plans": [{"Node Type": "Gather Merge", "Parent Relationship": "Outer", "Parallel Aware": false, "Async Capable": false, "Startup Cost": 581240.53, "Total Cost": 585656.74, "Plan Rows": 11828, "Plan Width": 16, "Workers Planned": 6, "Plans": [{"Node Type": "Merge Join", "Parent Relationship": "Outer", "Parallel Aware": false, "Async Capable": false, "Join Type": "Inner", "Startup Cost": 580240.43, "Total Cost": 583219.11, "Plan Rows": 1971, "Plan Width": 16, "Inner Unique": true, "Merge Cond": "(store_sales.ss_item_sk = item.i_item_sk)", "Plans": [{"Node Type": "Sort", "Parent Relationship": "Outer", "Parallel Aware": false, "Async Capable": false, "Startup Cost": 580240.14, "Total Cost": 580245.07, "Plan Rows": 1971, "Plan Width": 12, "Sort Key": ["store_sales.ss_item_sk"], "Plans": [{"Node Type": "Hash Join", "Parent Relationship": "Outer", "Parallel Aware": false, "Async Capable": false, "Join Type": "Inner", "Startup Cost": 2076.07, "Total Cost": 580132.28, "Plan Rows": 1971, "Plan Width": 12, "Inner Unique": true, "Hash Cond": "(store_sales.ss_store_sk = store.s_store_sk)", "Plans": [{"Node Type": "Hash Join", "Parent Relationship": "Outer", "Parallel Aware": true, "Async Capable": false, "Join Type": "Inner", "Startup Cost": 2068.78, "Total Cost": 580119.61, "Plan Rows": 1971, "Plan Width": 16, "Inner Unique": true, "Hash Cond": "(store_sales.ss_sold_date_sk = d1.d_date_sk)", "Plans": [{"Node Type": "Seq Scan", "Parent Relationship": "Outer", "Parallel Aware": true, "Async Capable": false, "Relation Name": "store_sales", "Alias": "store_sales", "Startup Cost": 0.0, "Total Cost": 565449.69, "Plan Rows": 4800169, "Plan Width": 20}, {"Node Type": "Hash", "Parent Relationship": "Inner", "Parallel Aware": true, "Async Capable": false, "Startup Cost": 2068.55, "Total Cost": 2068.55, "Plan Rows": 18, "Plan Width": 4, "Plans": [{"Node Type": "Seq Scan", "Parent Relationship": "Outer", "Parallel Aware": true, "Async Capable": false, "Relation Name": "date_dim", "Alias": "d1", "Startup Cost": 0.0, "Total Cost": 2068.55, "Plan Rows": 18, "Plan Width": 4, "Filter": "((d_moy = 4) AND (d_year = 1998))"}]}]}, {"Node Type": "Hash", "Parent Relationship": "Inner", "Parallel Aware": false, "Async Capable": false, "Startup Cost": 6.02, "Total Cost": 6.02, "Plan Rows": 102, "Plan Width": 4, "Plans": [{"Node Type": "Seq Scan", "Parent Relationship": "Outer", "Parallel Aware": false, "Async Capable": false, "Relation Name": "store", "Alias": "store", "Startup Cost": 0.0, "Total Cost": 6.02, "Plan Rows": 102, "Plan Width": 4}]}]}]}, {"Node Type": "Index Only Scan", "Parent Relationship": "Inner", "Parallel Aware": false, "Async Capable": false, "Scan Direction": "Forward", "Index Name": "item_pkey", "Relation Name": "item", "Alias": "item", "Startup Cost": 0.29, "Total Cost": 2694.4, "Plan Rows": 102000, "Plan Width": 4}]}]}]}]}, {"Node Type": "Sort", "Parent Relationship": "Inner", "Parallel Aware": false, "Async Capable": false, "Startup Cost": 489050.91, "Total Cost": 489053.61, "Plan Rows": 1082, "Plan Width": 28, "Sort Key": ["catalog_sales.cs_sold_date_sk"], "Plans": [{"Node Type": "Gather", "Parent Relationship": "Outer", "Parallel Aware": false, "Async Capable": false, "Startup Cost": 66923.45, "Total Cost": 488996.38, "Plan Rows": 1082, "Plan Width": 28, "Workers Planned": 6, "Single Copy": false, "Plans": [{"Node Type": "Hash Join", "Parent Relationship": "Outer", "Parallel Aware": true, "Async Capable": false, "Join Type": "Inner", "Startup Cost": 65923.45, "Total Cost": 487888.18, "Plan Rows": 180, "Plan Width": 28, "Inner Unique": false, "Hash Cond": "((catalog_sales.cs_item_sk = store_returns.sr_item_sk) AND (catalog_sales.cs_bill_customer_sk = store_returns.sr_customer_sk))", "Plans": [{"Node Type": "Seq Scan", "Parent Relationship": "Outer", "Parallel Aware": true, "Async Capable": false, "Relation Name": "catalog_sales", "Alias": "catalog_sales", "Startup Cost": 0.0, "Total Cost": 397962.14, "Plan Rows": 2400214, "Plan Width": 12}, {"Node Type": "Hash", "Parent Relationship": "Inner", "Parallel Aware": true, "Async Capable": false, "Startup Cost": 55140.58, "Total Cost": 55140.58, "Plan Rows": 718858, "Plan Width": 16, "Plans": [{"Node Type": "Seq Scan", "Parent Relationship": "Outer", "Parallel Aware": true, "Async Capable": false, "Relation Name": "store_returns", "Alias": "store_returns", "Startup Cost": 0.0, "Total Cost": 55140.58, "Plan Rows": 718858, "Plan Width": 16}]}]}]}]}]}]}}, {"Plan": {"Node Type": "Aggregate", "Strategy": "Plain", "Partial Mode": "Simple", "Parallel Aware": false, "Async Capable": false, "Startup Cost": 63051.83, "Total Cost": 63051.84, "Plan Rows": 1, "Plan Width": 8, "Actual Rows": 1, "Actual Loops": 1, "Plans": [{"Node Type": "Nested Loop", "Parent Relationship": "Outer", "Parallel Aware": false, "Async Capable": false, "Join Type": "Inner", "Startup Cost": 3179.3, "Total Cost": 63051.83, "Plan Rows": 1, "Plan Width": 0, "Actual Rows": 0, "Actual Loops": 1, "Inner Unique": false, "Join Filter": "(store.s_store_sk = store_sales.ss_store_sk)", "Rows Removed by Join Filter": 0, "Plans": [{"Node Type": "Seq Scan", "Parent Relationship": "Outer", "Parallel Aware": false, "Async Capable": false, "Relation Name": "store", "Alias": "store", "Startup Cost": 0.0, "Total Cost": 6.02, "Plan Rows": 102, "Plan Width": 4, "Actual Rows": 102, "Actual Loops": 1}, {"Node Type": "Materialize", "Parent Relationship": "Inner", "Parallel Aware": false, "Async Capable": false, "Startup Cost": 3179.3, "Total Cost": 63044.28, "Plan Rows": 1, "Plan Width": 4, "Actual Rows": 0, "Actual Loops": 102, "Plans": [{"Node Type": "Nested Loop", "Parent Relationship": "Outer", "Parallel Aware": false, "Async Capable": false, "Join Type": "Inner", "Startup Cost": 3179.3, "Total Cost": 63044.27, "Plan Rows": 1, "Plan Width": 4, "Actual Rows": 0, "Actual Loops": 1, "Inner Unique": true, "Plans": [{"Node Type": "Nested Loop", "Parent Relationship": "Outer", "Parallel Aware": false, "Async Capable": false, "Join Type": "Inner", "Startup Cost": 3179.01, "Total Cost": 63043.96, "Plan Rows": 1, "Plan Width": 16, "Actual Rows": 0, "Actual Loops": 1, "Inner Unique": true, "Plans": [{"Node Type": "Nested Loop", "Parent Relationship": "Outer", "Parallel Aware": false, "Async Capable": false, "Join Type": "Inner", "Startup Cost": 3178.71, "Total Cost": 63043.65, "Plan Rows": 1, "Plan Width": 20, "Actual Rows": 11, "Actual Loops": 1, "Inner Unique": true, "Plans": [{"Node Type": "Nested Loop", "Parent Relationship": "Outer", "Parallel Aware": false, "Async Capable": false, "Join Type": "Inner", "Startup Cost": 3178.42, "Total Cost": 63043.33, "Plan Rows": 1, "Plan Width": 24, "Actual Rows": 57, "Actual Loops": 1, "Inner Unique": false, "Plans": [{"Node Type": "Gather", "Parent Relationship": "Outer", "Parallel Aware": false, "Async Capable": false, "Startup Cost": 3177.99, "Total Cost": 63039.73, "Plan Rows": 1, "Plan Width": 24, "Actual Rows": 140303, "Actual Loops": 1, "Workers Planned": 4, "Workers Launched": 4, "Single Copy": false, "Plans": [{"Node Type": "Nested Loop", "Parent Relationship": "Outer", "Parallel Aware": false, "Async Capable": false, "Join Type": "Inner", "Startup Cost": 2177.99, "Total Cost": 62039.63, "Plan Rows": 1, "Plan Width": 24, "Actual Rows": 28061, "Actual Loops": 5, "Inner Unique": true, "Workers": [], "Plans": [{"Node Type": "Hash Join", "Parent Relationship": "Outer", "Parallel Aware": true, "Async Capable": false, "Join Type": "Inner", "Startup Cost": 2177.55, "Total Cost": 59205.23, "Plan Rows": 2106, "Plan Width": 12, "Actual Rows": 37853, "Actual Loops": 5, "Inner Unique": true, "Hash Cond": "(store_returns.sr_returned_date_sk = d2.d_date_sk)", "Workers": [], "Plans": [{"Node Type": "Seq Scan", "Parent Relationship": "Outer", "Parallel Aware": true, "Async Capable": false, "Relation Name": "store_returns", "Alias": "store_returns", "Startup Cost": 0.0, "Total Cost": 55140.58, "Plan Rows": 718858, "Plan Width": 16, "Actual Rows": 575086, "Actual Loops": 5, "Workers": []}, {"Node Type": "Hash", "Parent Relationship": "Inner", "Parallel Aware": true, "Async Capable": false, "Startup Cost": 2175.97, "Total Cost": 2175.97, "Plan Rows": 126, "Plan Width": 4, "Actual Rows": 43, "Actual Loops": 5, "Hash Buckets": 1024, "Original Hash Buckets": 1024, "Hash Batches": 1, "Original Hash Batches": 1, "Peak Memory Usage": 40, "Workers": [], "Plans": [{"Node Type": "Seq Scan", "Parent Relationship": "Outer", "Parallel Aware": true, "Async Capable": false, "Relation Name": "date_dim", "Alias": "d2", "Startup Cost": 0.0, "Total Cost": 2175.97, "Plan Rows": 126, "Plan Width": 4, "Actual Rows": 43, "Actual Loops": 5, "Filter": "((d_moy >= 4) AND (d_moy <= 10) AND (d_year = 1998))", "Rows Removed by Filter": 14567, "Workers": []}]}]}, {"Node Type": "Index Scan", "Parent Relationship": "Inner", "Parallel Aware": false, "Async Capable": false, "Scan Direction": "Forward", "Index Name": "store_sales_pkey", "Relation Name": "store_sales", "Alias": "store_sales", "Startup Cost": 0.44, "Total Cost": 1.34, "Plan Rows": 1, "Plan Width": 20, "Actual Rows": 1, "Actual Loops": 189263, "Index Cond": "((ss_item_sk = store_returns.sr_item_sk) AND (ss_ticket_number = store_returns.sr_ticket_number))", "Rows Removed by Index Recheck": 0, "Filter": "(store_returns.sr_customer_sk = ss_customer_sk)", "Rows Removed by Filter": 0, "Workers": []}]}]}, {"Node Type": "Index Scan", "Parent Relationship": "Inner", "Parallel Aware": false, "Async Capable": false, "Scan Direction": "Forward", "Index Name": "catalog_sales_pkey", "Relation Name": "catalog_sales", "Alias": "catalog_sales", "Startup Cost": 0.43, "Total Cost": 3.59, "Plan Rows": 1, "Plan Width": 12, "Actual Rows": 0, "Actual Loops": 140303, "Index Cond": "(cs_item_sk = store_sales.ss_item_sk)", "Rows Removed by Index Recheck": 0, "Filter": "(cs_bill_customer_sk = store_sales.ss_customer_sk)", "Rows Removed by Filter": 188}]}, {"Node Type": "Index Scan", "Parent Relationship": "Inner", "Parallel Aware": false, "Async Capable": false, "Scan Direction": "Forward", "Index Name": "date_dim_pkey", "Relation Name": "date_dim", "Alias": "d1", "Startup Cost": 0.29, "Total Cost": 0.32, "Plan Rows": 1, "Plan Width": 4, "Actual Rows": 0, "Actual Loops": 57, "Index Cond": "(d_date_sk = store_sales.ss_sold_date_sk)", "Rows Removed by Index Recheck": 0, "Filter": "((d_moy = 4) AND (d_year = 1998))", "Rows Removed by Filter": 1}]}, {"Node Type": "Index Scan", "Parent Relationship": "Inner", "Parallel Aware": false, "Async Capable": false, "Scan Direction": "Forward", "Index Name": "date_dim_pkey", "Relation Name": "date_dim", "Alias": "d3", "Startup Cost": 0.29, "Total Cost": 0.32, "Plan Rows": 1, "Plan Width": 4, "Actual Rows": 0, "Actual Loops": 11, "Index Cond": "(d_date_sk = catalog_sales.cs_sold_date_sk)", "Rows Removed by Index Recheck": 0, "Filter": "((d_moy >= 4) AND (d_moy <= 10) AND (d_year = 1998))", "Rows Removed by Filter": 1}]}, {"Node Type": "Index Only Scan", "Parent Relationship": "Inner", "Parallel Aware": false, "Async Capable": false, "Scan Direction": "Forward", "Index Name": "item_pkey", "Relation Name": "item", "Alias": "item", "Startup Cost": 0.29, "Total Cost": 0.31, "Plan Rows": 1, "Plan Width": 4, "Actual Rows": 0, "Actual Loops": 0, "Index Cond": "(i_item_sk = store_sales.ss_item_sk)", "Rows Removed by Index Recheck": 0, "Heap Fetches": 0}]}]}]}]}, "Planning Time": 7.819, "Triggers": [], "Execution Time": 206058.111}, {"Plan": {"Node Type": "Aggregate", "Strategy": "Plain", "Partial Mode": "Simple", "Parallel Aware": false, "Async Capable": false, "Startup Cost": 2985418.83, "Total Cost": 2985418.84, "Plan Rows": 1, "Plan Width": 8, "Plans": [{"Node Type": "Merge Join", "Parent Relationship": "Outer", "Parallel Aware": false, "Async Capable": false, "Join Type": "Inner", "Startup Cost": 2873328.4, "Total Cost": 2985418.82, "Plan Rows": 1, "Plan Width": 0, "Inner Unique": false, "Merge Cond": "(d1.d_date_sk = store_sales.ss_sold_date_sk)", "Join Filter": "((store_sales.ss_item_sk = item.i_item_sk) AND (catalog_sales.cs_bill_customer_sk = store_sales.ss_customer_sk) AND (d2.d_date_sk = store_returns.sr_returned_date_sk))", "Plans": [{"Node Type": "Nested Loop", "Parent Relationship": "Outer", "Parallel Aware": false, "Async Capable": false, "Join Type": "Inner", "Startup Cost": 7147.24, "Total Cost": 3807991.8, "Plan Rows": 270853380, "Plan Width": 20, "Inner Unique": false, "Plans": [{"Node Type": "Nested Loop", "Parent Relationship": "Outer", "Parallel Aware": false, "Async Capable": false, "Join Type": "Inner", "Startup Cost": 0.29, "Total Cost": 6479.41, "Plan Rows": 6420, "Plan Width": 8, "Inner Unique": false, "Plans": [{"Node Type": "Index Scan", "Parent Relationship": "Outer", "Parallel Aware": false, "Async Capable": false, "Scan Direction": "Forward", "Index Name": "date_dim_pkey", "Relation Name": "date_dim", "Alias": "d1", "Startup Cost": 0.29, "Total Cost": 3696.27, "Plan Rows": 30, "Plan Width": 4, "Filter": "((d_moy = 4) AND (d_year = 1998))"}, {"Node Type": "Materialize", "Parent Relationship": "Inner", "Parallel Aware": false, "Async Capable": false, "Startup Cost": 0.0, "Total Cost": 2703.43, "Plan Rows": 214, "Plan Width": 4, "Plans": [{"Node Type": "Seq Scan", "Parent Relationship": "Outer", "Parallel Aware": false, "Async Capable": false, "Relation Name": "date_dim", "Alias": "d2", "Startup Cost": 0.0, "Total Cost": 2702.36, "Plan Rows": 214, "Plan Width": 4, "Filter": "((d_moy >= 4) AND (d_moy <= 10) AND (d_year = 1998))"}]}]}, {"Node Type": "Materialize", "Parent Relationship": "Inner", "Parallel Aware": false, "Async Capable": false, "Startup Cost": 7146.95, "Total Cost": 415950.61, "Plan Rows": 42189, "Plan Width": 12, "Plans": [{"Node Type": "Hash Join", "Parent Relationship": "Outer", "Parallel Aware": false, "Async Capable": false, "Join Type": "Inner", "Startup Cost": 7146.95, "Total Cost": 415739.66, "Plan Rows": 42189, "Plan Width": 12, "Inner Unique": true, "Hash Cond": "(catalog_sales.cs_item_sk = item.i_item_sk)", "Plans": [{"Node Type": "Gather", "Parent Relationship": "Outer", "Parallel Aware": false, "Async Capable": false, "Startup Cost": 3177.55, "Total Cost": 411659.52, "Plan Rows": 42189, "Plan Width": 8, "Workers Planned": 6, "Single Copy": false, "Plans": [{"Node Type": "Hash Join", "Parent Relationship": "Outer", "Parallel Aware": true, "Async Capable": false, "Join Type": "Inner", "Startup Cost": 2177.55, "Total Cost": 406440.62, "Plan Rows": 7032, "Plan Width": 8, "Inner Unique": true, "Hash Cond": "(catalog_sales.cs_sold_date_sk = d3.d_date_sk)", "Plans": [{"Node Type": "Seq Scan", "Parent Relationship": "Outer", "Parallel Aware": true, "Async Capable": false, "Relation Name": "catalog_sales", "Alias": "catalog_sales", "Startup Cost": 0.0, "Total Cost": 397962.14, "Plan Rows": 2400214, "Plan Width": 12}, {"Node Type": "Hash", "Parent Relationship": "Inner", "Parallel Aware": true, "Async Capable": false, "Startup Cost": 2175.97, "Total Cost": 2175.97, "Plan Rows": 126, "Plan Width": 4, "Plans": [{"Node Type": "Seq Scan", "Parent Relationship": "Outer", "Parallel Aware": true, "Async Capable": false, "Relation Name": "date_dim", "Alias": "d3", "Startup Cost": 0.0, "Total Cost": 2175.97, "Plan Rows": 126, "Plan Width": 4, "Filter": "((d_moy >= 4) AND (d_moy <= 10) AND (d_year = 1998))"}]}]}]}, {"Node Type": "Hash", "Parent Relationship": "Inner", "Parallel Aware": false, "Async Capable": false, "Startup Cost": 2694.4, "Total Cost": 2694.4, "Plan Rows": 102000, "Plan Width": 4, "Plans": [{"Node Type": "Index Only Scan", "Parent Relationship": "Outer", "Parallel Aware": false, "Async Capable": false, "Scan Direction": "Forward", "Index Name": "item_pkey", "Relation Name": "item", "Alias": "item", "Startup Cost": 0.29, "Total Cost": 2694.4, "Plan Rows": 102000, "Plan Width": 4}]}]}]}]}, {"Node Type": "Materialize", "Parent Relationship": "Inner", "Parallel Aware": false, "Async Capable": false, "Startup Cost": 671971.89, "Total Cost": 671971.89, "Plan Rows": 1, "Plan Width": 24, "Plans": [{"Node Type": "Sort", "Parent Relationship": "Outer", "Parallel Aware": false, "Async Capable": false, "Startup Cost": 671971.89, "Total Cost": 671971.89, "Plan Rows": 1, "Plan Width": 24, "Sort Key": ["store_sales.ss_sold_date_sk"], "Plans": [{"Node Type": "Nested Loop", "Parent Relationship": "Outer", "Parallel Aware": false, "Async Capable": false, "Join Type": "Inner", "Startup Cost": 68720.74, "Total Cost": 671971.88, "Plan Rows": 1, "Plan Width": 24, "Inner Unique": true, "Plans": [{"Node Type": "Gather", "Parent Relationship": "Outer", "Parallel Aware": false, "Async Capable": false, "Startup Cost": 68720.6, "Total Cost": 671971.72, "Plan Rows": 1, "Plan Width": 28, "Workers Planned": 6, "Single Copy": false, "Plans": [{"Node Type": "Hash Join", "Parent Relationship": "Outer", "Parallel Aware": true, "Async Capable": false, "Join Type": "Inner", "Startup Cost": 67720.6, "Total Cost": 670971.62, "Plan Rows": 1, "Plan Width": 28, "Inner Unique": true, "Hash Cond": "((store_sales.ss_item_sk = store_returns.sr_item_sk) AND (store_sales.ss_customer_sk = store_returns.sr_customer_sk) AND (store_sales.ss_ticket_number = store_returns.sr_ticket_number))", "Plans": [{"Node Type": "Seq Scan", "Parent Relationship": "Outer", "Parallel Aware": true, "Async Capable": false, "Relation Name": "store_sales", "Alias": "store_sales", "Startup Cost": 0.0, "Total Cost": 565449.69, "Plan Rows": 4800169, "Plan Width": 20}, {"Node Type": "Hash", "Parent Relationship": "Inner", "Parallel Aware": true, "Async Capable": false, "Startup Cost": 55140.58, "Total Cost": 55140.58, "Plan Rows": 718858, "Plan Width": 16, "Plans": [{"Node Type": "Seq Scan", "Parent Relationship": "Outer", "Parallel Aware": true, "Async Capable": false, "Relation Name": "store_returns", "Alias": "store_returns", "Startup Cost": 0.0, "Total Cost": 55140.58, "Plan Rows": 718858, "Plan Width": 16}]}]}]}, {"Node Type": "Index Only Scan", "Parent Relationship": "Inner", "Parallel Aware": false, "Async Capable": false, "Scan Direction": "Forward", "Index Name": "store_pkey", "Relation Name": "store", "Alias": "store", "Startup Cost": 0.14, "Total Cost": 0.16, "Plan Rows": 1, "Plan Width": 4, "Index Cond": "(s_store_sk = store_sales.ss_store_sk)"}]}]}]}]}]}}, {"Plan": {"Node Type": "Aggregate", "Strategy": "Plain", "Partial Mode": "Simple", "Parallel Aware": false, "Async Capable": false, "Startup Cost": 2870903.89, "Total Cost": 2870903.9, "Plan Rows": 1, "Plan Width": 8, "Plans": [{"Node Type": "Merge Join", "Parent Relationship": "Outer", "Parallel Aware": false, "Async Capable": false, "Join Type": "Inner", "Startup Cost": 2611283.33, "Total Cost": 2870903.89, "Plan Rows": 1, "Plan Width": 0, "Inner Unique": false, "Merge Cond": "(d1.d_date_sk = store_sales.ss_sold_date_sk)", "Join Filter": "((store_sales.ss_item_sk = item.i_item_sk) AND (store_returns.sr_customer_sk = store_sales.ss_customer_sk) AND (store_sales.ss_ticket_number = store_returns.sr_ticket_number) AND (d3.d_date_sk = catalog_sales.cs_sold_date_sk))", "Plans": [{"Node Type": "Nested Loop", "Parent Relationship": "Outer", "Parallel Aware": false, "Async Capable": false, "Join Type": "Inner", "Startup Cost": 3178.13, "Total Cost": 744227.9, "Plan Rows": 54082080, "Plan Width": 24, "Inner Unique": false, "Plans": [{"Node Type": "Nested Loop", "Parent Relationship": "Outer", "Parallel Aware": false, "Async Capable": false, "Join Type": "Inner", "Startup Cost": 0.29, "Total Cost": 6479.41, "Plan Rows": 6420, "Plan Width": 8, "Inner Unique": false, "Plans": [{"Node Type": "Index Scan", "Parent Relationship": "Outer", "Parallel Aware": false, "Async Capable": false, "Scan Direction": "Forward", "Index Name": "date_dim_pkey", "Relation Name": "date_dim", "Alias": "d1", "Startup Cost": 0.29, "Total Cost": 3696.27, "Plan Rows": 30, "Plan Width": 4, "Filter": "((d_moy = 4) AND (d_year = 1998))"}, {"Node Type": "Materialize", "Parent Relationship": "Inner", "Parallel Aware": false, "Async Capable": false, "Startup Cost": 0.0, "Total Cost": 2703.43, "Plan Rows": 214, "Plan Width": 4, "Plans": [{"Node Type": "Seq Scan", "Parent Relationship": "Outer", "Parallel Aware": false, "Async Capable": false, "Relation Name": "date_dim", "Alias": "d3", "Startup Cost": 0.0, "Total Cost": 2702.36, "Plan Rows": 214, "Plan Width": 4, "Filter": "((d_moy >= 4) AND (d_moy <= 10) AND (d_year = 1998))"}]}]}, {"Node Type": "Materialize", "Parent Relationship": "Inner", "Parallel Aware": false, "Async Capable": false, "Startup Cost": 3177.84, "Total Cost": 61743.54, "Plan Rows": 8424, "Plan Width": 16, "Plans": [{"Node Type": "Gather", "Parent Relationship": "Outer", "Parallel Aware": false, "Async Capable": false, "Startup Cost": 3177.84, "Total Cost": 61701.42, "Plan Rows": 8424, "Plan Width": 16, "Workers Planned": 4, "Single Copy": false, "Plans": [{"Node Type": "Nested Loop", "Parent Relationship": "Outer", "Parallel Aware": false, "Async Capable": false, "Join Type": "Inner", "Startup Cost": 2177.84, "Total Cost": 59859.02, "Plan Rows": 2106, "Plan Width": 16, "Inner Unique": true, "Plans": [{"Node Type": "Hash Join", "Parent Relationship": "Outer", "Parallel Aware": true, "Async Capable": false, "Join Type": "Inner", "Startup Cost": 2177.55, "Total Cost": 59205.23, "Plan Rows": 2106, "Plan Width": 12, "Inner Unique": true, "Hash Cond": "(store_returns.sr_returned_date_sk = d2.d_date_sk)", "Plans": [{"Node Type": "Seq Scan", "Parent Relationship": "Outer", "Parallel Aware": true, "Async Capable": false, "Relation Name": "store_returns", "Alias": "store_returns", "Startup Cost": 0.0, "Total Cost": 55140.58, "Plan Rows": 718858, "Plan Width": 16}, {"Node Type": "Hash", "Parent Relationship": "Inner", "Parallel Aware": true, "Async Capable": false, "Startup Cost": 2175.97, "Total Cost": 2175.97, "Plan Rows": 126, "Plan Width": 4, "Plans": [{"Node Type": "Seq Scan", "Parent Relationship": "Outer", "Parallel Aware": true, "Async Capable": false, "Relation Name": "date_dim", "Alias": "d2", "Startup Cost": 0.0, "Total Cost": 2175.97, "Plan Rows": 126, "Plan Width": 4, "Filter": "((d_moy >= 4) AND (d_moy <= 10) AND (d_year = 1998))"}]}]}, {"Node Type": "Index Only Scan", "Parent Relationship": "Inner", "Parallel Aware": false, "Async Capable": false, "Scan Direction": "Forward", "Index Name": "item_pkey", "Relation Name": "item", "Alias": "item", "Startup Cost": 0.29, "Total Cost": 0.31, "Plan Rows": 1, "Plan Width": 4, "Index Cond": "(i_item_sk = store_returns.sr_item_sk)"}]}]}]}]}, {"Node Type": "Sort", "Parent Relationship": "Inner", "Parallel Aware": false, "Async Capable": false, "Startup Cost": 2178740.24, "Total Cost": 2178773.86, "Plan Rows": 13446, "Plan Width": 28, "Sort Key": ["store_sales.ss_sold_date_sk"], "Plans": [{"Node Type": "Gather", "Parent Relationship": "Outer", "Parallel Aware": false, "Async Capable": false, "Startup Cost": 434972.64, "Total Cost": 2177818.19, "Plan Rows": 13446, "Plan Width": 28, "Workers Planned": 6, "Single Copy": false, "Plans": [{"Node Type": "Hash Join", "Parent Relationship": "Outer", "Parallel Aware": false, "Async Capable": false, "Join Type": "Inner", "Startup Cost": 433972.64, "Total Cost": 2175473.59, "Plan Rows": 2241, "Plan Width": 28, "Inner Unique": true, "Hash Cond": "(store_sales.ss_store_sk = store.s_store_sk)", "Plans": [{"Node Type": "Hash Join", "Parent Relationship": "Outer", "Parallel Aware": true, "Async Capable": false, "Join Type": "Inner", "Startup Cost": 433965.35, "Total Cost": 2175460.18, "Plan Rows": 2241, "Plan Width": 32, "Inner Unique": false, "Hash Cond": "((store_sales.ss_item_sk = catalog_sales.cs_item_sk) AND (store_sales.ss_customer_sk = catalog_sales.cs_bill_customer_sk))", "Plans": [{"Node Type": "Seq Scan", "Parent Relationship": "Outer", "Parallel Aware": true, "Async Capable": false, "Relation Name": "store_sales", "Alias": "store_sales", "Startup Cost": 0.0, "Total Cost": 565449.69, "Plan Rows": 4800169, "Plan Width": 20}, {"Node Type": "Hash", "Parent Relationship": "Inner", "Parallel Aware": true, "Async Capable": false, "Startup Cost": 397962.14, "Total Cost": 397962.14, "Plan Rows": 2400214, "Plan Width": 12, "Plans": [{"Node Type": "Seq Scan", "Parent Relationship": "Outer", "Parallel Aware": true, "Async Capable": false, "Relation Name": "catalog_sales", "Alias": "catalog_sales", "Startup Cost": 0.0, "Total Cost": 397962.14, "Plan Rows": 2400214, "Plan Width": 12}]}]}, {"Node Type": "Hash", "Parent Relationship": "Inner", "Parallel Aware": false, "Async Capable": false, "Startup Cost": 6.02, "Total Cost": 6.02, "Plan Rows": 102, "Plan Width": 4, "Plans": [{"Node Type": "Seq Scan", "Parent Relationship": "Outer", "Parallel Aware": false, "Async Capable": false, "Relation Name": "store", "Alias": "store", "Startup Cost": 0.0, "Total Cost": 6.02, "Plan Rows": 102, "Plan Width": 4}]}]}]}]}]}]}}, {"Plan": {"Node Type": "Aggregate", "Strategy": "Plain", "Partial Mode": "Simple", "Parallel Aware": false, "Async Capable": false, "Startup Cost": 1083496.28, "Total Cost": 1083496.29, "Plan Rows": 1, "Plan Width": 8, "Actual Rows": 1, "Actual Loops": 1, "Plans": [{"Node Type": "Hash Join", "Parent Relationship": "Outer", "Parallel Aware": false, "Async Capable": false, "Join Type": "Inner", "Startup Cost": 671665.56, "Total Cost": 1083496.28, "Plan Rows": 1, "Plan Width": 0, "Actual Rows": 0, "Actual Loops": 1, "Inner Unique": false, "Hash Cond": "((item.i_item_sk = store_sales.ss_item_sk) AND (store_returns.sr_customer_sk = store_sales.ss_customer_sk) AND (store_returns.sr_ticket_number = store_sales.ss_ticket_number) AND (store_returns.sr_returned_date_sk = d2.d_date_sk))", "Plans": [{"Node Type": "Nested Loop", "Parent Relationship": "Outer", "Parallel Aware": false, "Async Capable": false, "Join Type": "Inner", "Startup Cost": 3178.27, "Total Cost": 415008.91, "Plan Rows": 3, "Plan Width": 28, "Actual Rows": 102, "Actual Loops": 1, "Inner Unique": true, "Plans": [{"Node Type": "Gather", "Parent Relationship": "Outer", "Parallel Aware": false, "Async Capable": false, "Startup Cost": 3177.98, "Total Cost": 415007.98, "Plan Rows": 3, "Plan Width": 24, "Actual Rows": 102, "Actual Loops": 1, "Workers Planned": 6, "Workers Launched": 6, "Single Copy": false, "Plans": [{"Node Type": "Nested Loop", "Parent Relationship": "Outer", "Parallel Aware": false, "Async Capable": false, "Join Type": "Inner", "Startup Cost": 2177.98, "Total Cost": 414007.68, "Plan Rows": 1, "Plan Width": 24, "Actual Rows": 15, "Actual Loops": 7, "Inner Unique": false, "Workers": [], "Plans": [{"Node Type": "Hash Join", "Parent Relationship": "Outer", "Parallel Aware": true, "Async Capable": false, "Join Type": "Inner", "Startup Cost": 2177.55, "Total Cost": 406440.62, "Plan Rows": 7032, "Plan Width": 8, "Actual Rows": 214143, "Actual Loops": 7, "Inner Unique": true, "Hash Cond": "(catalog_sales.cs_sold_date_sk = d3.d_date_sk)", "Workers": [], "Plans": [{"Node Type": "Seq Scan", "Parent Relationship": "Outer", "Parallel Aware": true, "Async Capable": false, "Relation Name": "catalog_sales", "Alias": "catalog_sales", "Startup Cost": 0.0, "Total Cost": 397962.14, "Plan Rows": 2400214, "Plan Width": 12, "Actual Rows": 2057323, "Actual Loops": 7, "Workers": []}, {"Node Type": "Hash", "Parent Relationship": "Inner", "Parallel Aware": true, "Async Capable": false, "Startup Cost": 2175.97, "Total Cost": 2175.97, "Plan Rows": 126, "Plan Width": 4, "Actual Rows": 31, "Actual Loops": 7, "Hash Buckets": 1024, "Original Hash Buckets": 1024, "Hash Batches": 1, "Original Hash Batches": 1, "Peak Memory Usage": 40, "Workers": [], "Plans": [{"Node Type": "Seq Scan", "Parent Relationship": "Outer", "Parallel Aware": true, "Async Capable": false, "Relation Name": "date_dim", "Alias": "d3", "Startup Cost": 0.0, "Total Cost": 2175.97, "Plan Rows": 126, "Plan Width": 4, "Actual Rows": 31, "Actual Loops": 7, "Filter": "((d_moy >= 4) AND (d_moy <= 10) AND (d_year = 1998))", "Rows Removed by Filter": 10405, "Workers": []}]}]}, {"Node Type": "Index Scan", "Parent Relationship": "Inner", "Parallel Aware": false, "Async Capable": false, "Scan Direction": "Forward", "Index Name": "store_returns_pkey", "Relation Name": "store_returns", "Alias": "store_returns", "Startup Cost": 0.43, "Total Cost": 1.07, "Plan Rows": 1, "Plan Width": 16, "Actual Rows": 0, "Actual Loops": 1499004, "Index Cond": "(sr_item_sk = catalog_sales.cs_item_sk)", "Rows Removed by Index Recheck": 0, "Filter": "(catalog_sales.cs_bill_customer_sk = sr_customer_sk)", "Rows Removed by Filter": 38, "Workers": []}]}]}, {"Node Type": "Index Only Scan", "Parent Relationship": "Inner", "Parallel Aware": false, "Async Capable": false, "Scan Direction": "Forward", "Index Name": "item_pkey", "Relation Name": "item", "Alias": "item", "Startup Cost": 0.29, "Total Cost": 0.31, "Plan Rows": 1, "Plan Width": 4, "Actual Rows": 1, "Actual Loops": 102, "Index Cond": "(i_item_sk = store_returns.sr_item_sk)", "Rows Removed by Index Recheck": 0, "Heap Fetches": 0}]}, {"Node Type": "Hash", "Parent Relationship": "Inner", "Parallel Aware": false, "Async Capable": false, "Startup Cost": 617863.44, "Total Cost": 617863.44, "Plan Rows": 2531192, "Plan Width": 16, "Actual Rows": 53657504, "Actual Loops": 1, "Hash Buckets": 8388608, "Original Hash Buckets": 4194304, "Hash Batches": 8, "Original Hash Batches": 1, "Peak Memory Usage": 379912, "Plans": [{"Node Type": "Nested Loop", "Parent Relationship": "Outer", "Parallel Aware": false, "Async Capable": false, "Join Type": "Inner", "Startup Cost": 3076.36, "Total Cost": 617863.44, "Plan Rows": 2531192, "Plan Width": 16, "Actual Rows": 54302714, "Actual Loops": 1, "Inner Unique": false, "Plans": [{"Node Type": "Index Scan", "Parent Relationship": "Outer", "Parallel Aware": false, "Async Capable": false, "Scan Direction": "Forward", "Index Name": "date_dim_pkey", "Relation Name": "date_dim", "Alias": "d2", "Startup Cost": 0.29, "Total Cost": 3878.89, "Plan Rows": 214, "Plan Width": 4, "Actual Rows": 214, "Actual Loops": 1, "Filter": "((d_moy >= 4) AND (d_moy <= 10) AND (d_year = 1998))", "Rows Removed by Filter": 72835}, {"Node Type": "Materialize", "Parent Relationship": "Inner", "Parallel Aware": false, "Async Capable": false, "Startup Cost": 3076.07, "Total Cost": 582374.22, "Plan Rows": 11828, "Plan Width": 12, "Actual Rows": 253751, "Actual Loops": 214, "Plans": [{"Node Type": "Gather", "Parent Relationship": "Outer", "Parallel Aware": false, "Async Capable": false, "Startup Cost": 3076.07, "Total Cost": 582315.08, "Plan Rows": 11828, "Plan Width": 12, "Actual Rows": 253751, "Actual Loops": 1, "Workers Planned": 6, "Workers Launched": 6, "Single Copy": false, "Plans": [{"Node Type": "Hash Join", "Parent Relationship": "Outer", "Parallel Aware": false, "Async Capable": false, "Join Type": "Inner", "Startup Cost": 2076.07, "Total Cost": 580132.28, "Plan Rows": 1971, "Plan Width": 12, "Actual Rows": 36250, "Actual Loops": 7, "Inner Unique": true, "Hash Cond": "(store_sales.ss_store_sk = store.s_store_sk)", "Workers": [], "Plans": [{"Node Type": "Hash Join", "Parent Relationship": "Outer", "Parallel Aware": true, "Async Capable": false, "Join Type": "Inner", "Startup Cost": 2068.78, "Total Cost": 580119.61, "Plan Rows": 1971, "Plan Width": 16, "Actual Rows": 37135, "Actual Loops": 7, "Inner Unique": true, "Hash Cond": "(store_sales.ss_sold_date_sk = d1.d_date_sk)", "Workers": [], "Plans": [{"Node Type": "Seq Scan", "Parent Relationship": "Outer", "Parallel Aware": true, "Async Capable": false, "Relation Name": "store_sales", "Alias": "store_sales", "Startup Cost": 0.0, "Total Cost": 565449.69, "Plan Rows": 4800169, "Plan Width": 20, "Actual Rows": 4114427, "Actual Loops": 7, "Workers": []}, {"Node Type": "Hash", "Parent Relationship": "Inner", "Parallel Aware": true, "Async Capable": false, "Startup Cost": 2068.55, "Total Cost": 2068.55, "Plan Rows": 18, "Plan Width": 4, "Actual Rows": 4, "Actual Loops": 7, "Hash Buckets": 1024, "Original Hash Buckets": 1024, "Hash Batches": 1, "Original Hash Batches": 1, "Peak Memory Usage": 40, "Workers": [], "Plans": [{"Node Type": "Seq Scan", "Parent Relationship": "Outer", "Parallel Aware": true, "Async Capable": false, "Relation Name": "date_dim", "Alias": "d1", "Startup Cost": 0.0, "Total Cost": 2068.55, "Plan Rows": 18, "Plan Width": 4, "Actual Rows": 6, "Actual Loops": 5, "Filter": "((d_moy = 4) AND (d_year = 1998))", "Rows Removed by Filter": 14604, "Workers": []}]}]}, {"Node Type": "Hash", "Parent Relationship": "Inner", "Parallel Aware": false, "Async Capable": false, "Startup Cost": 6.02, "Total Cost": 6.02, "Plan Rows": 102, "Plan Width": 4, "Actual Rows": 102, "Actual Loops": 7, "Hash Buckets": 1024, "Original Hash Buckets": 1024, "Hash Batches": 1, "Original Hash Batches": 1, "Peak Memory Usage": 12, "Workers": [], "Plans": [{"Node Type": "Seq Scan", "Parent Relationship": "Outer", "Parallel Aware": false, "Async Capable": false, "Relation Name": "store", "Alias": "store", "Startup Cost": 0.0, "Total Cost": 6.02, "Plan Rows": 102, "Plan Width": 4, "Actual Rows": 102, "Actual Loops": 7, "Workers": []}]}]}]}]}]}]}]}]}, "Planning Time": 8.596, "Triggers": [], "Execution Time": 94870.507}, {"Plan": {"Node Type": "Aggregate", "Strategy": "Plain", "Partial Mode": "Simple", "Parallel Aware": false, "Async Capable": false, "Startup Cost": 1085631.44, "Total Cost": 1085631.45, "Plan Rows": 1, "Plan Width": 8, "Actual Rows": 1, "Actual Loops": 1, "Plans": [{"Node Type": "Hash Join", "Parent Relationship": "Outer", "Parallel Aware": false, "Async Capable": false, "Join Type": "Inner", "Startup Cost": 673801.35, "Total Cost": 1085631.44, "Plan Rows": 1, "Plan Width": 0, "Actual Rows": 0, "Actual Loops": 1, "Inner Unique": false, "Hash Cond": "((store_returns.sr_item_sk = item.i_item_sk) AND (store_returns.sr_customer_sk = store_sales.ss_customer_sk) AND (store_returns.sr_ticket_number = store_sales.ss_ticket_number) AND (store_returns.sr_returned_date_sk = d2.d_date_sk))", "Plans": [{"Node Type": "Gather", "Parent Relationship": "Outer", "Parallel Aware": false, "Async Capable": false, "Startup Cost": 3177.98, "Total Cost": 415007.98, "Plan Rows": 3, "Plan Width": 24, "Actual Rows": 102, "Actual Loops": 1, "Workers Planned": 6, "Workers Launched": 6, "Single Copy": false, "Plans": [{"Node Type": "Nested Loop", "Parent Relationship": "Outer", "Parallel Aware": false, "Async Capable": false, "Join Type": "Inner", "Startup Cost": 2177.98, "Total Cost": 414007.68, "Plan Rows": 1, "Plan Width": 24, "Actual Rows": 15, "Actual Loops": 7, "Inner Unique": false, "Workers": [], "Plans": [{"Node Type": "Hash Join", "Parent Relationship": "Outer", "Parallel Aware": true, "Async Capable": false, "Join Type": "Inner", "Startup Cost": 2177.55, "Total Cost": 406440.62, "Plan Rows": 7032, "Plan Width": 8, "Actual Rows": 214143, "Actual Loops": 7, "Inner Unique": true, "Hash Cond": "(catalog_sales.cs_sold_date_sk = d3.d_date_sk)", "Workers": [], "Plans": [{"Node Type": "Seq Scan", "Parent Relationship": "Outer", "Parallel Aware": true, "Async Capable": false, "Relation Name": "catalog_sales", "Alias": "catalog_sales", "Startup Cost": 0.0, "Total Cost": 397962.14, "Plan Rows": 2400214, "Plan Width": 12, "Actual Rows": 2057323, "Actual Loops": 7, "Workers": []}, {"Node Type": "Hash", "Parent Relationship": "Inner", "Parallel Aware": true, "Async Capable": false, "Startup Cost": 2175.97, "Total Cost": 2175.97, "Plan Rows": 126, "Plan Width": 4, "Actual Rows": 31, "Actual Loops": 7, "Hash Buckets": 1024, "Original Hash Buckets": 1024, "Hash Batches": 1, "Original Hash Batches": 1, "Peak Memory Usage": 40, "Workers": [], "Plans": [{"Node Type": "Seq Scan", "Parent Relationship": "Outer", "Parallel Aware": true, "Async Capable": false, "Relation Name": "date_dim", "Alias": "d3", "Startup Cost": 0.0, "Total Cost": 2175.97, "Plan Rows": 126, "Plan Width": 4, "Actual Rows": 31, "Actual Loops": 7, "Filter": "((d_moy >= 4) AND (d_moy <= 10) AND (d_year = 1998))", "Rows Removed by Filter": 10405, "Workers": []}]}]}, {"Node Type": "Index Scan", "Parent Relationship": "Inner", "Parallel Aware": false, "Async Capable": false, "Scan Direction": "Forward", "Index Name": "store_returns_pkey", "Relation Name": "store_returns", "Alias": "store_returns", "Startup Cost": 0.43, "Total Cost": 1.07, "Plan Rows": 1, "Plan Width": 16, "Actual Rows": 0, "Actual Loops": 1499004, "Index Cond": "(sr_item_sk = catalog_sales.cs_item_sk)", "Rows Removed by Index Recheck": 0, "Filter": "(catalog_sales.cs_bill_customer_sk = sr_customer_sk)", "Rows Removed by Filter": 38, "Workers": []}]}]}, {"Node Type": "Hash", "Parent Relationship": "Inner", "Parallel Aware": false, "Async Capable": false, "Startup Cost": 619999.53, "Total Cost": 619999.53, "Plan Rows": 2531192, "Plan Width": 20, "Actual Rows": 53657504, "Actual Loops": 1, "Hash Buckets": 8388608, "Original Hash Buckets": 4194304, "Hash Batches": 16, "Original Hash Batches": 1, "Peak Memory Usage": 321127, "Plans": [{"Node Type": "Nested Loop", "Parent Relationship": "Outer", "Parallel Aware": false, "Async Capable": false, "Join Type": "Inner", "Startup Cost": 581240.53, "Total Cost": 619999.53, "Plan Rows": 2531192, "Plan Width": 20, "Actual Rows": 54302714, "Actual Loops": 1, "Inner Unique": false, "Plans": [{"Node Type": "Gather Merge", "Parent Relationship": "Outer", "Parallel Aware": false, "Async Capable": false, "Startup Cost": 581240.53, "Total Cost": 585656.74, "Plan Rows": 11828, "Plan Width": 16, "Actual Rows": 253751, "Actual Loops": 1, "Workers Planned": 6, "Workers Launched": 6, "Plans": [{"Node Type": "Merge Join", "Parent Relationship": "Outer", "Parallel Aware": false, "Async Capable": false, "Join Type": "Inner", "Startup Cost": 580240.43, "Total Cost": 583219.11, "Plan Rows": 1971, "Plan Width": 16, "Actual Rows": 36250, "Actual Loops": 7, "Inner Unique": true, "Merge Cond": "(store_sales.ss_item_sk = item.i_item_sk)", "Workers": [], "Plans": [{"Node Type": "Sort", "Parent Relationship": "Outer", "Parallel Aware": false, "Async Capable": false, "Startup Cost": 580240.14, "Total Cost": 580245.07, "Plan Rows": 1971, "Plan Width": 12, "Actual Rows": 36250, "Actual Loops": 7, "Sort Key": ["store_sales.ss_item_sk"], "Sort Method": "quicksort", "Sort Space Used": 3037, "Sort Space Type": "Memory", "Workers": [{"Worker Number": 0, "Sort Method": "quicksort", "Sort Space Used": 2937, "Sort Space Type": "Memory"}, {"Worker Number": 1, "Sort Method": "quicksort", "Sort Space Used": 2925, "Sort Space Type": "Memory"}, {"Worker Number": 2, "Sort Method": "quicksort", "Sort Space Used": 2923, "Sort Space Type": "Memory"}, {"Worker Number": 3, "Sort Method": "quicksort", "Sort Space Used": 2929, "Sort Space Type": "Memory"}, {"Worker Number": 4, "Sort Method": "quicksort", "Sort Space Used": 2988, "Sort Space Type": "Memory"}, {"Worker Number": 5, "Sort Method": "quicksort", "Sort Space Used": 2906, "Sort Space Type": "Memory"}], "Plans": [{"Node Type": "Hash Join", "Parent Relationship": "Outer", "Parallel Aware": false, "Async Capable": false, "Join Type": "Inner", "Startup Cost": 2076.07, "Total Cost": 580132.28, "Plan Rows": 1971, "Plan Width": 12, "Actual Rows": 36250, "Actual Loops": 7, "Inner Unique": true, "Hash Cond": "(store_sales.ss_store_sk = store.s_store_sk)", "Workers": [], "Plans": [{"Node Type": "Hash Join", "Parent Relationship": "Outer", "Parallel Aware": true, "Async Capable": false, "Join Type": "Inner", "Startup Cost": 2068.78, "Total Cost": 580119.61, "Plan Rows": 1971, "Plan Width": 16, "Actual Rows": 37135, "Actual Loops": 7, "Inner Unique": true, "Hash Cond": "(store_sales.ss_sold_date_sk = d1.d_date_sk)", "Workers": [], "Plans": [{"Node Type": "Seq Scan", "Parent Relationship": "Outer", "Parallel Aware": true, "Async Capable": false, "Relation Name": "store_sales", "Alias": "store_sales", "Startup Cost": 0.0, "Total Cost": 565449.69, "Plan Rows": 4800169, "Plan Width": 20, "Actual Rows": 4114427, "Actual Loops": 7, "Workers": []}, {"Node Type": "Hash", "Parent Relationship": "Inner", "Parallel Aware": true, "Async Capable": false, "Startup Cost": 2068.55, "Total Cost": 2068.55, "Plan Rows": 18, "Plan Width": 4, "Actual Rows": 4, "Actual Loops": 7, "Hash Buckets": 1024, "Original Hash Buckets": 1024, "Hash Batches": 1, "Original Hash Batches": 1, "Peak Memory Usage": 40, "Workers": [], "Plans": [{"Node Type": "Seq Scan", "Parent Relationship": "Outer", "Parallel Aware": true, "Async Capable": false, "Relation Name": "date_dim", "Alias": "d1", "Startup Cost": 0.0, "Total Cost": 2068.55, "Plan Rows": 18, "Plan Width": 4, "Actual Rows": 6, "Actual Loops": 5, "Filter": "((d_moy = 4) AND (d_year = 1998))", "Rows Removed by Filter": 14604, "Workers": []}]}]}, {"Node Type": "Hash", "Parent Relationship": "Inner", "Parallel Aware": false, "Async Capable": false, "Startup Cost": 6.02, "Total Cost": 6.02, "Plan Rows": 102, "Plan Width": 4, "Actual Rows": 102, "Actual Loops": 7, "Hash Buckets": 1024, "Original Hash Buckets": 1024, "Hash Batches": 1, "Original Hash Batches": 1, "Peak Memory Usage": 12, "Workers": [], "Plans": [{"Node Type": "Seq Scan", "Parent Relationship": "Outer", "Parallel Aware": false, "Async Capable": false, "Relation Name": "store", "Alias": "store", "Startup Cost": 0.0, "Total Cost": 6.02, "Plan Rows": 102, "Plan Width": 4, "Actual Rows": 102, "Actual Loops": 7, "Workers": []}]}]}]}, {"Node Type": "Index Only Scan", "Parent Relationship": "Inner", "Parallel Aware": false, "Async Capable": false, "Scan Direction": "Forward", "Index Name": "item_pkey", "Relation Name": "item", "Alias": "item", "Startup Cost": 0.29, "Total Cost": 2694.4, "Plan Rows": 102000, "Plan Width": 4, "Actual Rows": 101996, "Actual Loops": 7, "Heap Fetches": 0, "Workers": []}]}]}, {"Node Type": "Materialize", "Parent Relationship": "Inner", "Parallel Aware": false, "Async Capable": false, "Startup Cost": 0.0, "Total Cost": 2703.43, "Plan Rows": 214, "Plan Width": 4, "Actual Rows": 214, "Actual Loops": 253751, "Plans": [{"Node Type": "Seq Scan", "Parent Relationship": "Outer", "Parallel Aware": false, "Async Capable": false, "Relation Name": "date_dim", "Alias": "d2", "Startup Cost": 0.0, "Total Cost": 2702.36, "Plan Rows": 214, "Plan Width": 4, "Actual Rows": 214, "Actual Loops": 1, "Filter": "((d_moy >= 4) AND (d_moy <= 10) AND (d_year = 1998))", "Rows Removed by Filter": 72835}]}]}]}]}]}, "Planning Time": 7.668, "Triggers": [], "Execution Time": 94897.528}, {"Plan": {"Node Type": "Aggregate", "Strategy": "Plain", "Partial Mode": "Finalize", "Parallel Aware": false, "Async Capable": false, "Startup Cost": 517046.46, "Total Cost": 517046.47, "Plan Rows": 1, "Plan Width": 8, "Plans": [{"Node Type": "Gather", "Parent Relationship": "Outer", "Parallel Aware": false, "Async Capable": false, "Startup Cost": 517046.04, "Total Cost": 517046.45, "Plan Rows": 4, "Plan Width": 8, "Workers Planned": 4, "Single Copy": false, "Plans": [{"Node Type": "Aggregate", "Strategy": "Plain", "Partial Mode": "Partial", "Parent Relationship": "Outer", "Parallel Aware": false, "Async Capable": false, "Startup Cost": 516046.04, "Total Cost": 516046.05, "Plan Rows": 1, "Plan Width": 8, "Plans": [{"Node Type": "Hash Join", "Parent Relationship": "Outer", "Parallel Aware": true, "Async Capable": false, "Join Type": "Inner", "Startup Cost": 458994.65, "Total Cost": 516046.04, "Plan Rows": 1, "Plan Width": 0, "Inner Unique": false, "Hash Cond": "((store_returns.sr_item_sk = item.i_item_sk) AND (store_returns.sr_customer_sk = store_sales.ss_customer_sk) AND (store_returns.sr_ticket_number = store_sales.ss_ticket_number))", "Plans": [{"Node Type": "Hash Join", "Parent Relationship": "Outer", "Parallel Aware": true, "Async Capable": false, "Join Type": "Inner", "Startup Cost": 2177.55, "Total Cost": 59205.23, "Plan Rows": 2106, "Plan Width": 12, "Inner Unique": true, "Hash Cond": "(store_returns.sr_returned_date_sk = d2.d_date_sk)", "Plans": [{"Node Type": "Seq Scan", "Parent Relationship": "Outer", "Parallel Aware": true, "Async Capable": false, "Relation Name": "store_returns", "Alias": "store_returns", "Startup Cost": 0.0, "Total Cost": 55140.58, "Plan Rows": 718858, "Plan Width": 16}, {"Node Type": "Hash", "Parent Relationship": "Inner", "Parallel Aware": true, "Async Capable": false, "Startup Cost": 2175.97, "Total Cost": 2175.97, "Plan Rows": 126, "Plan Width": 4, "Plans": [{"Node Type": "Seq Scan", "Parent Relationship": "Outer", "Parallel Aware": true, "Async Capable": false, "Relation Name": "date_dim", "Alias": "d2", "Startup Cost": 0.0, "Total Cost": 2175.97, "Plan Rows": 126, "Plan Width": 4, "Filter": "((d_moy >= 4) AND (d_moy <= 10) AND (d_year = 1998))"}]}]}, {"Node Type": "Hash", "Parent Relationship": "Inner", "Parallel Aware": true, "Async Capable": false, "Startup Cost": 456817.08, "Total Cost": 456817.08, "Plan Rows": 1, "Plan Width": 24, "Plans": [{"Node Type": "Hash Join", "Parent Relationship": "Outer", "Parallel Aware": true, "Async Capable": false, "Join Type": "Inner", "Startup Cost": 454558.59, "Total Cost": 456817.08, "Plan Rows": 1, "Plan Width": 24, "Inner Unique": false, "Hash Cond": "(item.i_item_sk = store_sales.ss_item_sk)", "Plans": [{"Node Type": "Index Only Scan", "Parent Relationship": "Outer", "Parallel Aware": true, "Async Capable": false, "Scan Direction": "Forward", "Index Name": "item_pkey", "Relation Name": "item", "Alias": "item", "Startup Cost": 0.29, "Total Cost": 2099.4, "Plan Rows": 42500, "Plan Width": 4}, {"Node Type": "Hash", "Parent Relationship": "Inner", "Parallel Aware": true, "Async Capable": false, "Startup Cost": 454558.28, "Total Cost": 454558.28, "Plan Rows": 1, "Plan Width": 20, "Plans": [{"Node Type": "Nested Loop", "Parent Relationship": "Outer", "Parallel Aware": false, "Async Capable": false, "Join Type": "Inner", "Startup Cost": 2178.42, "Total Cost": 454558.28, "Plan Rows": 1, "Plan Width": 20, "Inner Unique": true, "Plans": [{"Node Type": "Nested Loop", "Parent Relationship": "Outer", "Parallel Aware": false, "Async Capable": false, "Join Type": "Inner", "Startup Cost": 2178.28, "Total Cost": 454558.12, "Plan Rows": 1, "Plan Width": 24, "Inner Unique": true, "Plans": [{"Node Type": "Nested Loop", "Parent Relationship": "Outer", "Parallel Aware": false, "Async Capable": false, "Join Type": "Inner", "Startup Cost": 2177.99, "Total Cost": 454556.23, "Plan Rows": 6, "Plan Width": 28, "Inner Unique": false, "Plans": [{"Node Type": "Hash Join", "Parent Relationship": "Outer", "Parallel Aware": true, "Async Capable": false, "Join Type": "Inner", "Startup Cost": 2177.55, "Total Cost": 406440.62, "Plan Rows": 7032, "Plan Width": 8, "Inner Unique": true, "Hash Cond": "(catalog_sales.cs_sold_date_sk = d3.d_date_sk)", "Plans": [{"Node Type": "Seq Scan", "Parent Relationship": "Outer", "Parallel Aware": true, "Async Capable": false, "Relation Name": "catalog_sales", "Alias": "catalog_sales", "Startup Cost": 0.0, "Total Cost": 397962.14, "Plan Rows": 2400214, "Plan Width": 12}, {"Node Type": "Hash", "Parent Relationship": "Inner", "Parallel Aware": true, "Async Capable": false, "Startup Cost": 2175.97, "Total Cost": 2175.97, "Plan Rows": 126, "Plan Width": 4, "Plans": [{"Node Type": "Seq Scan", "Parent Relationship": "Outer", "Parallel Aware": true, "Async Capable": false, "Relation Name": "date_dim", "Alias": "d3", "Startup Cost": 0.0, "Total Cost": 2175.97, "Plan Rows": 126, "Plan Width": 4, "Filter": "((d_moy >= 4) AND (d_moy <= 10) AND (d_year = 1998))"}]}]}, {"Node Type": "Index Scan", "Parent Relationship": "Inner", "Parallel Aware": false, "Async Capable": false, "Scan Direction": "Forward", "Index Name": "store_sales_pkey", "Relation Name": "store_sales", "Alias": "store_sales", "Startup Cost": 0.44, "Total Cost": 6.83, "Plan Rows": 1, "Plan Width": 20, "Index Cond": "(ss_item_sk = catalog_sales.cs_item_sk)", "Filter": "(catalog_sales.cs_bill_customer_sk = ss_customer_sk)"}]}, {"Node Type": "Index Scan", "Parent Relationship": "Inner", "Parallel Aware": false, "Async Capable": false, "Scan Direction": "Forward", "Index Name": "date_dim_pkey", "Relation Name": "date_dim", "Alias": "d1", "Startup Cost": 0.29, "Total Cost": 0.32, "Plan Rows": 1, "Plan Width": 4, "Index Cond": "(d_date_sk = store_sales.ss_sold_date_sk)", "Filter": "((d_moy = 4) AND (d_year = 1998))"}]}, {"Node Type": "Index Only Scan", "Parent Relationship": "Inner", "Parallel Aware": false, "Async Capable": false, "Scan Direction": "Forward", "Index Name": "store_pkey", "Relation Name": "store", "Alias": "store", "Startup Cost": 0.14, "Total Cost": 0.16, "Plan Rows": 1, "Plan Width": 4, "Index Cond": "(s_store_sk = store_sales.ss_store_sk)"}]}]}]}]}]}]}]}]}}, {"Plan": {"Node Type": "Aggregate", "Strategy": "Plain", "Partial Mode": "Simple", "Parallel Aware": false, "Async Capable": false, "Startup Cost": 420424.36, "Total Cost": 420424.37, "Plan Rows": 1, "Plan Width": 8, "Actual Rows": 1, "Actual Loops": 1, "Plans": [{"Node Type": "Nested Loop", "Parent Relationship": "Outer", "Parallel Aware": false, "Async Capable": false, "Join Type": "Inner", "Startup Cost": 3178.85, "Total Cost": 420424.36, "Plan Rows": 1, "Plan Width": 0, "Actual Rows": 0, "Actual Loops": 1, "Inner Unique": false, "Join Filter": "((d1.d_date_sk = store_sales.ss_sold_date_sk) AND (d2.d_date_sk = store_returns.sr_returned_date_sk))", "Rows Removed by Join Filter": 481500, "Plans": [{"Node Type": "Nested Loop", "Parent Relationship": "Outer", "Parallel Aware": false, "Async Capable": false, "Join Type": "Inner", "Startup Cost": 0.0, "Total Cost": 5302.42, "Plan Rows": 6420, "Plan Width": 8, "Actual Rows": 6420, "Actual Loops": 1, "Inner Unique": false, "Plans": [{"Node Type": "Seq Scan", "Parent Relationship": "Outer", "Parallel Aware": false, "Async Capable": false, "Relation Name": "date_dim", "Alias": "d2", "Startup Cost": 0.0, "Total Cost": 2702.36, "Plan Rows": 214, "Plan Width": 4, "Actual Rows": 214, "Actual Loops": 1, "Filter": "((d_moy >= 4) AND (d_moy <= 10) AND (d_year = 1998))", "Rows Removed by Filter": 72835}, {"Node Type": "Materialize", "Parent Relationship": "Inner", "Parallel Aware": false, "Async Capable": false, "Startup Cost": 0.0, "Total Cost": 2519.88, "Plan Rows": 30, "Plan Width": 4, "Actual Rows": 30, "Actual Loops": 214, "Plans": [{"Node Type": "Seq Scan", "Parent Relationship": "Outer", "Parallel Aware": false, "Async Capable": false, "Relation Name": "date_dim", "Alias": "d1", "Startup Cost": 0.0, "Total Cost": 2519.73, "Plan Rows": 30, "Plan Width": 4, "Actual Rows": 30, "Actual Loops": 1, "Filter": "((d_moy = 4) AND (d_year = 1998))", "Rows Removed by Filter": 73019}]}]}, {"Node Type": "Materialize", "Parent Relationship": "Inner", "Parallel Aware": false, "Async Capable": false, "Startup Cost": 3178.85, "Total Cost": 415009.6, "Plan Rows": 1, "Plan Width": 8, "Actual Rows": 75, "Actual Loops": 6420, "Plans": [{"Node Type": "Nested Loop", "Parent Relationship": "Outer", "Parallel Aware": false, "Async Capable": false, "Join Type": "Inner", "Startup Cost": 3178.85, "Total Cost": 415009.59, "Plan Rows": 1, "Plan Width": 8, "Actual Rows": 75, "Actual Loops": 1, "Inner Unique": true, "Plans": [{"Node Type": "Nested Loop", "Parent Relationship": "Outer", "Parallel Aware": false, "Async Capable": false, "Join Type": "Inner", "Startup Cost": 3178.56, "Total Cost": 415009.28, "Plan Rows": 1, "Plan Width": 20, "Actual Rows": 75, "Actual Loops": 1, "Inner Unique": true, "Plans": [{"Node Type": "Gather", "Parent Relationship": "Outer", "Parallel Aware": false, "Async Capable": false, "Startup Cost": 3178.42, "Total Cost": 415009.12, "Plan Rows": 1, "Plan Width": 24, "Actual Rows": 76, "Actual Loops": 1, "Workers Planned": 6, "Workers Launched": 6, "Single Copy": false, "Plans": [{"Node Type": "Nested Loop", "Parent Relationship": "Outer", "Parallel Aware": false, "Async Capable": false, "Join Type": "Inner", "Startup Cost": 2178.42, "Total Cost": 414009.02, "Plan Rows": 1, "Plan Width": 24, "Actual Rows": 11, "Actual Loops": 7, "Inner Unique": true, "Workers": [], "Plans": [{"Node Type": "Nested Loop", "Parent Relationship": "Outer", "Parallel Aware": false, "Async Capable": false, "Join Type": "Inner", "Startup Cost": 2177.98, "Total Cost": 414007.68, "Plan Rows": 1, "Plan Width": 24, "Actual Rows": 15, "Actual Loops": 7, "Inner Unique": false, "Workers": [], "Plans": [{"Node Type": "Hash Join", "Parent Relationship": "Outer", "Parallel Aware": true, "Async Capable": false, "Join Type": "Inner", "Startup Cost": 2177.55, "Total Cost": 406440.62, "Plan Rows": 7032, "Plan Width": 8, "Actual Rows": 214143, "Actual Loops": 7, "Inner Unique": true, "Hash Cond": "(catalog_sales.cs_sold_date_sk = d3.d_date_sk)", "Workers": [], "Plans": [{"Node Type": "Seq Scan", "Parent Relationship": "Outer", "Parallel Aware": true, "Async Capable": false, "Relation Name": "catalog_sales", "Alias": "catalog_sales", "Startup Cost": 0.0, "Total Cost": 397962.14, "Plan Rows": 2400214, "Plan Width": 12, "Actual Rows": 2057323, "Actual Loops": 7, "Workers": []}, {"Node Type": "Hash", "Parent Relationship": "Inner", "Parallel Aware": true, "Async Capable": false, "Startup Cost": 2175.97, "Total Cost": 2175.97, "Plan Rows": 126, "Plan Width": 4, "Actual Rows": 31, "Actual Loops": 7, "Hash Buckets": 1024, "Original Hash Buckets": 1024, "Hash Batches": 1, "Original Hash Batches": 1, "Peak Memory Usage": 40, "Workers": [], "Plans": [{"Node Type": "Seq Scan", "Parent Relationship": "Outer", "Parallel Aware": true, "Async Capable": false, "Relation Name": "date_dim", "Alias": "d3", "Startup Cost": 0.0, "Total Cost": 2175.97, "Plan Rows": 126, "Plan Width": 4, "Actual Rows": 107, "Actual Loops": 2, "Filter": "((d_moy >= 4) AND (d_moy <= 10) AND (d_year = 1998))", "Rows Removed by Filter": 36418, "Workers": []}]}]}, {"Node Type": "Index Scan", "Parent Relationship": "Inner", "Parallel Aware": false, "Async Capable": false, "Scan Direction": "Forward", "Index Name": "store_returns_pkey", "Relation Name": "store_returns", "Alias": "store_returns", "Startup Cost": 0.43, "Total Cost": 1.07, "Plan Rows": 1, "Plan Width": 16, "Actual Rows": 0, "Actual Loops": 1499004, "Index Cond": "(sr_item_sk = catalog_sales.cs_item_sk)", "Rows Removed by Index Recheck": 0, "Filter": "(catalog_sales.cs_bill_customer_sk = sr_customer_sk)", "Rows Removed by Filter": 38, "Workers": []}]}, {"Node Type": "Index Scan", "Parent Relationship": "Inner", "Parallel Aware": false, "Async Capable": false, "Scan Direction": "Forward", "Index Name": "store_sales_pkey", "Relation Name": "store_sales", "Alias": "store_sales", "Startup Cost": 0.44, "Total Cost": 1.34, "Plan Rows": 1, "Plan Width": 20, "Actual Rows": 1, "Actual Loops": 102, "Index Cond": "((ss_item_sk = store_returns.sr_item_sk) AND (ss_ticket_number = store_returns.sr_ticket_number))", "Rows Removed by Index Recheck": 0, "Filter": "(store_returns.sr_customer_sk = ss_customer_sk)", "Rows Removed by Filter": 0, "Workers": []}]}]}, {"Node Type": "Index Only Scan", "Parent Relationship": "Inner", "Parallel Aware": false, "Async Capable": false, "Scan Direction": "Forward", "Index Name": "store_pkey", "Relation Name": "store", "Alias": "store", "Startup Cost": 0.14, "Total Cost": 0.16, "Plan Rows": 1, "Plan Width": 4, "Actual Rows": 1, "Actual Loops": 76, "Index Cond": "(s_store_sk = store_sales.ss_store_sk)", "Rows Removed by Index Recheck": 0, "Heap Fetches": 75}]}, {"Node Type": "Index Only Scan", "Parent Relationship": "Inner", "Parallel Aware": false, "Async Capable": false, "Scan Direction": "Forward", "Index Name": "item_pkey", "Relation Name": "item", "Alias": "item", "Startup Cost": 0.29, "Total Cost": 0.31, "Plan Rows": 1, "Plan Width": 4, "Actual Rows": 1, "Actual Loops": 75, "Index Cond": "(i_item_sk = store_sales.ss_item_sk)", "Rows Removed by Index Recheck": 0, "Heap Fetches": 0}]}]}]}]}, "Planning Time": 10.179, "Triggers": [], "Execution Time": 17457.621}, {"Plan": {"Node Type": "Aggregate", "Strategy": "Plain", "Partial Mode": "Simple", "Parallel Aware": false, "Async Capable": false, "Startup Cost": 737239.41, "Total Cost": 737239.42, "Plan Rows": 1, "Plan Width": 8, "Actual Rows": 1, "Actual Loops": 1, "Plans": [{"Node Type": "Gather", "Parent Relationship": "Outer", "Parallel Aware": false, "Async Capable": false, "Startup Cost": 74085.8, "Total Cost": 737239.4, "Plan Rows": 1, "Plan Width": 0, "Actual Rows": 0, "Actual Loops": 1, "Workers Planned": 6, "Workers Launched": 6, "Single Copy": false, "Plans": [{"Node Type": "Hash Join", "Parent Relationship": "Outer", "Parallel Aware": true, "Async Capable": false, "Join Type": "Inner", "Startup Cost": 73085.8, "Total Cost": 736239.3, "Plan Rows": 1, "Plan Width": 0, "Actual Rows": 0, "Actual Loops": 7, "Inner Unique": false, "Hash Cond": "((store_sales.ss_sold_date_sk = d1.d_date_sk) AND (item.i_item_sk = store_returns.sr_item_sk) AND (store_sales.ss_customer_sk = store_returns.sr_customer_sk) AND (store_sales.ss_ticket_number = store_returns.sr_ticket_number))", "Workers": [], "Plans": [{"Node Type": "Hash Join", "Parent Relationship": "Outer", "Parallel Aware": true, "Async Capable": false, "Join Type": "Inner", "Startup Cost": 2637.95, "Total Cost": 593788.9, "Plan Rows": 4800169, "Plan Width": 20, "Actual Rows": 3929265, "Actual Loops": 7, "Inner Unique": true, "Hash Cond": "(store_sales.ss_item_sk = item.i_item_sk)", "Workers": [], "Plans": [{"Node Type": "Hash Join", "Parent Relationship": "Outer", "Parallel Aware": false, "Async Capable": false, "Join Type": "Inner", "Startup Cost": 7.29, "Total Cost": 578557.29, "Plan Rows": 4800169, "Plan Width": 16, "Actual Rows": 3929265, "Actual Loops": 7, "Inner Unique": true, "Hash Cond": "(store_sales.ss_store_sk = store.s_store_sk)", "Workers": [], "Plans": [{"Node Type": "Seq Scan", "Parent Relationship": "Outer", "Parallel Aware": true, "Async Capable": false, "Relation Name": "store_sales", "Alias": "store_sales", "Startup Cost": 0.0, "Total Cost": 565449.69, "Plan Rows": 4800169, "Plan Width": 20, "Actual Rows": 4114427, "Actual Loops": 7, "Workers": []}, {"Node Type": "Hash", "Parent Relationship": "Inner", "Parallel Aware": false, "Async Capable": false, "Startup Cost": 6.02, "Total Cost": 6.02, "Plan Rows": 102, "Plan Width": 4, "Actual Rows": 102, "Actual Loops": 7, "Hash Buckets": 1024, "Original Hash Buckets": 1024, "Hash Batches": 1, "Original Hash Batches": 1, "Peak Memory Usage": 12, "Workers": [], "Plans": [{"Node Type": "Seq Scan", "Parent Relationship": "Outer", "Parallel Aware": false, "Async Capable": false, "Relation Name": "store", "Alias": "store", "Startup Cost": 0.0, "Total Cost": 6.02, "Plan Rows": 102, "Plan Width": 4, "Actual Rows": 102, "Actual Loops": 7, "Workers": []}]}]}, {"Node Type": "Hash", "Parent Relationship": "Inner", "Parallel Aware": true, "Async Capable": false, "Startup Cost": 2099.4, "Total Cost": 2099.4, "Plan Rows": 42500, "Plan Width": 4, "Actual Rows": 14571, "Actual Loops": 7, "Hash Buckets": 131072, "Original Hash Buckets": 131072, "Hash Batches": 1, "Original Hash Batches": 1, "Peak Memory Usage": 5120, "Workers": [], "Plans": [{"Node Type": "Index Only Scan", "Parent Relationship": "Outer", "Parallel Aware": true, "Async Capable": false, "Scan Direction": "Forward", "Index Name": "item_pkey", "Relation Name": "item", "Alias": "item", "Startup Cost": 0.29, "Total Cost": 2099.4, "Plan Rows": 42500, "Plan Width": 4, "Actual Rows": 14571, "Actual Loops": 7, "Heap Fetches": 0, "Workers": []}]}]}, {"Node Type": "Hash", "Parent Relationship": "Inner", "Parallel Aware": true, "Async Capable": false, "Startup Cost": 70447.83, "Total Cost": 70447.83, "Plan Rows": 1, "Plan Width": 24, "Actual Rows": 43, "Actual Loops": 7, "Hash Buckets": 1024, "Original Hash Buckets": 1024, "Hash Batches": 1, "Original Hash Batches": 1, "Peak Memory Usage": 232, "Workers": [], "Plans": [{"Node Type": "Nested Loop", "Parent Relationship": "Outer", "Parallel Aware": false, "Async Capable": false, "Join Type": "Inner", "Startup Cost": 2178.28, "Total Cost": 70447.83, "Plan Rows": 1, "Plan Width": 24, "Actual Rows": 43, "Actual Loops": 7, "Inner Unique": false, "Workers": [], "Plans": [{"Node Type": "Nested Loop", "Parent Relationship": "Outer", "Parallel Aware": false, "Async Capable": false, "Join Type": "Inner", "Startup Cost": 2178.28, "Total Cost": 67927.8, "Plan Rows": 1, "Plan Width": 20, "Actual Rows": 1, "Actual Loops": 7, "Inner Unique": true, "Workers": [], "Plans": [{"Node Type": "Nested Loop", "Parent Relationship": "Outer", "Parallel Aware": false, "Async Capable": false, "Join Type": "Inner", "Startup Cost": 2177.98, "Total Cost": 67927.48, "Plan Rows": 1, "Plan Width": 24, "Actual Rows": 12, "Actual Loops": 7, "Inner Unique": false, "Workers": [], "Plans": [{"Node Type": "Hash Join", "Parent Relationship": "Outer", "Parallel Aware": true, "Async Capable": false, "Join Type": "Inner", "Startup Cost": 2177.55, "Total Cost": 59205.23, "Plan Rows": 2106, "Plan Width": 12, "Actual Rows": 27038, "Actual Loops": 7, "Inner Unique": true, "Hash Cond": "(store_returns.sr_returned_date_sk = d2.d_date_sk)", "Workers": [], "Plans": [{"Node Type": "Seq Scan", "Parent Relationship": "Outer", "Parallel Aware": true, "Async Capable": false, "Relation Name": "store_returns", "Alias": "store_returns", "Startup Cost": 0.0, "Total Cost": 55140.58, "Plan Rows": 718858, "Plan Width": 16, "Actual Rows": 410776, "Actual Loops": 7, "Workers": []}, {"Node Type": "Hash", "Parent Relationship": "Inner", "Parallel Aware": true, "Async Capable": false, "Startup Cost": 2175.97, "Total Cost": 2175.97, "Plan Rows": 126, "Plan Width": 4, "Actual Rows": 31, "Actual Loops": 7, "Hash Buckets": 1024, "Original Hash Buckets": 1024, "Hash Batches": 1, "Original Hash Batches": 1, "Peak Memory Usage": 40, "Workers": [], "Plans": [{"Node Type": "Seq Scan", "Parent Relationship": "Outer", "Parallel Aware": true, "Async Capable": false, "Relation Name": "date_dim", "Alias": "d2", "Startup Cost": 0.0, "Total Cost": 2175.97, "Plan Rows": 126, "Plan Width": 4, "Actual Rows": 36, "Actual Loops": 6, "Filter": "((d_moy >= 4) AND (d_moy <= 10) AND (d_year = 1998))", "Rows Removed by Filter": 12139, "Workers": []}]}]}, {"Node Type": "Index Scan", "Parent Relationship": "Inner", "Parallel Aware": false, "Async Capable": false, "Scan Direction": "Forward", "Index Name": "catalog_sales_pkey", "Relation Name": "catalog_sales", "Alias": "catalog_sales", "Startup Cost": 0.43, "Total Cost": 4.13, "Plan Rows": 1, "Plan Width": 12, "Actual Rows": 0, "Actual Loops": 189263, "Index Cond": "(cs_item_sk = store_returns.sr_item_sk)", "Rows Removed by Index Recheck": 0, "Filter": "(cs_bill_customer_sk = store_returns.sr_customer_sk)", "Rows Removed by Filter": 188, "Workers": []}]}, {"Node Type": "Index Scan", "Parent Relationship": "Inner", "Parallel Aware": false, "Async Capable": false, "Scan Direction": "Forward", "Index Name": "date_dim_pkey", "Relation Name": "date_dim", "Alias": "d3", "Startup Cost": 0.29, "Total Cost": 0.32, "Plan Rows": 1, "Plan Width": 4, "Actual Rows": 0, "Actual Loops": 82, "Index Cond": "(d_date_sk = catalog_sales.cs_sold_date_sk)", "Rows Removed by Index Recheck": 0, "Filter": "((d_moy >= 4) AND (d_moy <= 10) AND (d_year = 1998))", "Rows Removed by Filter": 1, "Workers": []}]}, {"Node Type": "Seq Scan", "Parent Relationship": "Inner", "Parallel Aware": false, "Async Capable": false, "Relation Name": "date_dim", "Alias": "d1", "Startup Cost": 0.0, "Total Cost": 2519.73, "Plan Rows": 30, "Plan Width": 4, "Actual Rows": 30, "Actual Loops": 10, "Filter": "((d_moy = 4) AND (d_year = 1998))", "Rows Removed by Filter": 73019, "Workers": []}]}]}]}]}]}, "Planning Time": 12.187, "Triggers": [], "Execution Time": 18656.386}, {"Plan": {"Node Type": "Aggregate", "Strategy": "Plain", "Partial Mode": "Simple", "Parallel Aware": false, "Async Capable": false, "Startup Cost": 519269.46, "Total Cost": 519269.47, "Plan Rows": 1, "Plan Width": 8, "Plans": [{"Node Type": "Nested Loop", "Parent Relationship": "Outer", "Parallel Aware": false, "Async Capable": false, "Join Type": "Inner", "Startup Cost": 10325.08, "Total Cost": 519269.46, "Plan Rows": 1, "Plan Width": 0, "Inner Unique": false, "Join Filter": "((d1.d_date_sk = store_sales.ss_sold_date_sk) AND (store_sales.ss_item_sk = item.i_item_sk) AND (catalog_sales.cs_bill_customer_sk = store_sales.ss_customer_sk))", "Plans": [{"Node Type": "Nested Loop", "Parent Relationship": "Outer", "Parallel Aware": false, "Async Capable": false, "Join Type": "Inner", "Startup Cost": 3178.13, "Total Cost": 63039.89, "Plan Rows": 1, "Plan Width": 20, "Inner Unique": true, "Plans": [{"Node Type": "Gather", "Parent Relationship": "Outer", "Parallel Aware": false, "Async Capable": false, "Startup Cost": 3177.99, "Total Cost": 63039.73, "Plan Rows": 1, "Plan Width": 24, "Workers Planned": 4, "Single Copy": false, "Plans": [{"Node Type": "Nested Loop", "Parent Relationship": "Outer", "Parallel Aware": false, "Async Capable": false, "Join Type": "Inner", "Startup Cost": 2177.99, "Total Cost": 62039.63, "Plan Rows": 1, "Plan Width": 24, "Inner Unique": true, "Plans": [{"Node Type": "Hash Join", "Parent Relationship": "Outer", "Parallel Aware": true, "Async Capable": false, "Join Type": "Inner", "Startup Cost": 2177.55, "Total Cost": 59205.23, "Plan Rows": 2106, "Plan Width": 12, "Inner Unique": true, "Hash Cond": "(store_returns.sr_returned_date_sk = d2.d_date_sk)", "Plans": [{"Node Type": "Seq Scan", "Parent Relationship": "Outer", "Parallel Aware": true, "Async Capable": false, "Relation Name": "store_returns", "Alias": "store_returns", "Startup Cost": 0.0, "Total Cost": 55140.58, "Plan Rows": 718858, "Plan Width": 16}, {"Node Type": "Hash", "Parent Relationship": "Inner", "Parallel Aware": true, "Async Capable": false, "Startup Cost": 2175.97, "Total Cost": 2175.97, "Plan Rows": 126, "Plan Width": 4, "Plans": [{"Node Type": "Seq Scan", "Parent Relationship": "Outer", "Parallel Aware": true, "Async Capable": false, "Relation Name": "date_dim", "Alias": "d2", "Startup Cost": 0.0, "Total Cost": 2175.97, "Plan Rows": 126, "Plan Width": 4, "Filter": "((d_moy >= 4) AND (d_moy <= 10) AND (d_year = 1998))"}]}]}, {"Node Type": "Index Scan", "Parent Relationship": "Inner", "Parallel Aware": false, "Async Capable": false, "Scan Direction": "Forward", "Index Name": "store_sales_pkey", "Relation Name": "store_sales", "Alias": "store_sales", "Startup Cost": 0.44, "Total Cost": 1.34, "Plan Rows": 1, "Plan Width": 20, "Index Cond": "((ss_item_sk = store_returns.sr_item_sk) AND (ss_ticket_number = store_returns.sr_ticket_number))", "Filter": "(store_returns.sr_customer_sk = ss_customer_sk)"}]}]}, {"Node Type": "Index Only Scan", "Parent Relationship": "Inner", "Parallel Aware": false, "Async Capable": false, "Scan Direction": "Forward", "Index Name": "store_pkey", "Relation Name": "store", "Alias": "store", "Startup Cost": 0.14, "Total Cost": 0.16, "Plan Rows": 1, "Plan Width": 4, "Index Cond": "(s_store_sk = store_sales.ss_store_sk)"}]}, {"Node Type": "Nested Loop", "Parent Relationship": "Inner", "Parallel Aware": false, "Async Capable": false, "Join Type": "Inner", "Startup Cost": 7146.95, "Total Cost": 434080.35, "Plan Rows": 1265670, "Plan Width": 16, "Inner Unique": false, "Plans": [{"Node Type": "Hash Join", "Parent Relationship": "Outer", "Parallel Aware": false, "Async Capable": false, "Join Type": "Inner", "Startup Cost": 7146.95, "Total Cost": 415739.66, "Plan Rows": 42189, "Plan Width": 12, "Inner Unique": true, "Hash Cond": "(catalog_sales.cs_item_sk = item.i_item_sk)", "Plans": [{"Node Type": "Gather", "Parent Relationship": "Outer", "Parallel Aware": false, "Async Capable": false, "Startup Cost": 3177.55, "Total Cost": 411659.52, "Plan Rows": 42189, "Plan Width": 8, "Workers Planned": 6, "Single Copy": false, "Plans": [{"Node Type": "Hash Join", "Parent Relationship": "Outer", "Parallel Aware": true, "Async Capable": false, "Join Type": "Inner", "Startup Cost": 2177.55, "Total Cost": 406440.62, "Plan Rows": 7032, "Plan Width": 8, "Inner Unique": true, "Hash Cond": "(catalog_sales.cs_sold_date_sk = d3.d_date_sk)", "Plans": [{"Node Type": "Seq Scan", "Parent Relationship": "Outer", "Parallel Aware": true, "Async Capable": false, "Relation Name": "catalog_sales", "Alias": "catalog_sales", "Startup Cost": 0.0, "Total Cost": 397962.14, "Plan Rows": 2400214, "Plan Width": 12}, {"Node Type": "Hash", "Parent Relationship": "Inner", "Parallel Aware": true, "Async Capable": false, "Startup Cost": 2175.97, "Total Cost": 2175.97, "Plan Rows": 126, "Plan Width": 4, "Plans": [{"Node Type": "Seq Scan", "Parent Relationship": "Outer", "Parallel Aware": true, "Async Capable": false, "Relation Name": "date_dim", "Alias": "d3", "Startup Cost": 0.0, "Total Cost": 2175.97, "Plan Rows": 126, "Plan Width": 4, "Filter": "((d_moy >= 4) AND (d_moy <= 10) AND (d_year = 1998))"}]}]}]}, {"Node Type": "Hash", "Parent Relationship": "Inner", "Parallel Aware": false, "Async Capable": false, "Startup Cost": 2694.4, "Total Cost": 2694.4, "Plan Rows": 102000, "Plan Width": 4, "Plans": [{"Node Type": "Index Only Scan", "Parent Relationship": "Outer", "Parallel Aware": false, "Async Capable": false, "Scan Direction": "Forward", "Index Name": "item_pkey", "Relation Name": "item", "Alias": "item", "Startup Cost": 0.29, "Total Cost": 2694.4, "Plan Rows": 102000, "Plan Width": 4}]}]}, {"Node Type": "Materialize", "Parent Relationship": "Inner", "Parallel Aware": false, "Async Capable": false, "Startup Cost": 0.0, "Total Cost": 2519.88, "Plan Rows": 30, "Plan Width": 4, "Plans": [{"Node Type": "Seq Scan", "Parent Relationship": "Outer", "Parallel Aware": false, "Async Capable": false, "Relation Name": "date_dim", "Alias": "d1", "Startup Cost": 0.0, "Total Cost": 2519.73, "Plan Rows": 30, "Plan Width": 4, "Filter": "((d_moy = 4) AND (d_year = 1998))"}]}]}]}]}}, {"Plan": {"Node Type": "Aggregate", "Strategy": "Plain", "Partial Mode": "Simple", "Parallel Aware": false, "Async Capable": false, "Startup Cost": 674019.07, "Total Cost": 674019.08, "Plan Rows": 1, "Plan Width": 8, "Actual Rows": 1, "Actual Loops": 1, "Plans": [{"Node Type": "Merge Join", "Parent Relationship": "Outer", "Parallel Aware": false, "Async Capable": false, "Join Type": "Inner", "Startup Cost": 672851.19, "Total Cost": 674019.07, "Plan Rows": 1, "Plan Width": 0, "Actual Rows": 0, "Actual Loops": 1, "Inner Unique": false, "Merge Cond": "(d3.d_date_sk = catalog_sales.cs_sold_date_sk)", "Join Filter": "((store_returns.sr_item_sk = item.i_item_sk) AND (store_returns.sr_customer_sk = store_sales.ss_customer_sk) AND (store_sales.ss_ticket_number = store_returns.sr_ticket_number))", "Rows Removed by Join Filter": 2537510, "Plans": [{"Node Type": "Nested Loop", "Parent Relationship": "Outer", "Parallel Aware": false, "Async Capable": false, "Join Type": "Inner", "Startup Cost": 581240.82, "Total Cost": 621205.11, "Plan Rows": 2531192, "Plan Width": 20, "Actual Rows": 54302714, "Actual Loops": 1, "Inner Unique": false, "Plans": [{"Node Type": "Index Scan", "Parent Relationship": "Outer", "Parallel Aware": false, "Async Capable": false, "Scan Direction": "Forward", "Index Name": "date_dim_pkey", "Relation Name": "date_dim", "Alias": "d3", "Startup Cost": 0.29, "Total Cost": 3878.89, "Plan Rows": 214, "Plan Width": 4, "Actual Rows": 214, "Actual Loops": 1, "Filter": "((d_moy >= 4) AND (d_moy <= 10) AND (d_year = 1998))", "Rows Removed by Filter": 72835}, {"Node Type": "Materialize", "Parent Relationship": "Inner", "Parallel Aware": false, "Async Capable": false, "Startup Cost": 581240.53, "Total Cost": 585715.88, "Plan Rows": 11828, "Plan Width": 16, "Actual Rows": 253751, "Actual Loops": 214, "Plans": [{"Node Type": "Gather Merge", "Parent Relationship": "Outer", "Parallel Aware": false, "Async Capable": false, "Startup Cost": 581240.53, "Total Cost": 585656.74, "Plan Rows": 11828, "Plan Width": 16, "Actual Rows": 253751, "Actual Loops": 1, "Workers Planned": 6, "Workers Launched": 6, "Plans": [{"Node Type": "Merge Join", "Parent Relationship": "Outer", "Parallel Aware": false, "Async Capable": false, "Join Type": "Inner", "Startup Cost": 580240.43, "Total Cost": 583219.11, "Plan Rows": 1971, "Plan Width": 16, "Actual Rows": 36250, "Actual Loops": 7, "Inner Unique": true, "Merge Cond": "(store_sales.ss_item_sk = item.i_item_sk)", "Workers": [], "Plans": [{"Node Type": "Sort", "Parent Relationship": "Outer", "Parallel Aware": false, "Async Capable": false, "Startup Cost": 580240.14, "Total Cost": 580245.07, "Plan Rows": 1971, "Plan Width": 12, "Actual Rows": 36250, "Actual Loops": 7, "Sort Key": ["store_sales.ss_item_sk"], "Sort Method": "quicksort", "Sort Space Used": 3301, "Sort Space Type": "Memory", "Workers": [{"Worker Number": 0, "Sort Method": "quicksort", "Sort Space Used": 2040, "Sort Space Type": "Memory"}, {"Worker Number": 1, "Sort Method": "quicksort", "Sort Space Used": 2838, "Sort Space Type": "Memory"}, {"Worker Number": 2, "Sort Method": "quicksort", "Sort Space Used": 3071, "Sort Space Type": "Memory"}, {"Worker Number": 3, "Sort Method": "quicksort", "Sort Space Used": 3035, "Sort Space Type": "Memory"}, {"Worker Number": 4, "Sort Method": "quicksort", "Sort Space Used": 2032, "Sort Space Type": "Memory"}, {"Worker Number": 5, "Sort Method": "quicksort", "Sort Space Used": 2022, "Sort Space Type": "Memory"}], "Plans": [{"Node Type": "Hash Join", "Parent Relationship": "Outer", "Parallel Aware": false, "Async Capable": false, "Join Type": "Inner", "Startup Cost": 2076.07, "Total Cost": 580132.28, "Plan Rows": 1971, "Plan Width": 12, "Actual Rows": 36250, "Actual Loops": 7, "Inner Unique": true, "Hash Cond": "(store_sales.ss_store_sk = store.s_store_sk)", "Workers": [], "Plans": [{"Node Type": "Hash Join", "Parent Relationship": "Outer", "Parallel Aware": true, "Async Capable": false, "Join Type": "Inner", "Startup Cost": 2068.78, "Total Cost": 580119.61, "Plan Rows": 1971, "Plan Width": 16, "Actual Rows": 37135, "Actual Loops": 7, "Inner Unique": true, "Hash Cond": "(store_sales.ss_sold_date_sk = d1.d_date_sk)", "Workers": [], "Plans": [{"Node Type": "Seq Scan", "Parent Relationship": "Outer", "Parallel Aware": true, "Async Capable": false, "Relation Name": "store_sales", "Alias": "store_sales", "Startup Cost": 0.0, "Total Cost": 565449.69, "Plan Rows": 4800169, "Plan Width": 20, "Actual Rows": 4114427, "Actual Loops": 7, "Workers": []}, {"Node Type": "Hash", "Parent Relationship": "Inner", "Parallel Aware": true, "Async Capable": false, "Startup Cost": 2068.55, "Total Cost": 2068.55, "Plan Rows": 18, "Plan Width": 4, "Actual Rows": 4, "Actual Loops": 7, "Hash Buckets": 1024, "Original Hash Buckets": 1024, "Hash Batches": 1, "Original Hash Batches": 1, "Peak Memory Usage": 40, "Workers": [], "Plans": [{"Node Type": "Seq Scan", "Parent Relationship": "Outer", "Parallel Aware": true, "Async Capable": false, "Relation Name": "date_dim", "Alias": "d1", "Startup Cost": 0.0, "Total Cost": 2068.55, "Plan Rows": 18, "Plan Width": 4, "Actual Rows": 30, "Actual Loops": 1, "Filter": "((d_moy = 4) AND (d_year = 1998))", "Rows Removed by Filter": 73019, "Workers": []}]}]}, {"Node Type": "Hash", "Parent Relationship": "Inner", "Parallel Aware": false, "Async Capable": false, "Startup Cost": 6.02, "Total Cost": 6.02, "Plan Rows": 102, "Plan Width": 4, "Actual Rows": 102, "Actual Loops": 7, "Hash Buckets": 1024, "Original Hash Buckets": 1024, "Hash Batches": 1, "Original Hash Batches": 1, "Peak Memory Usage": 12, "Workers": [], "Plans": [{"Node Type": "Seq Scan", "Parent Relationship": "Outer", "Parallel Aware": false, "Async Capable": false, "Relation Name": "store", "Alias": "store", "Startup Cost": 0.0, "Total Cost": 6.02, "Plan Rows": 102, "Plan Width": 4, "Actual Rows": 102, "Actual Loops": 7, "Workers": []}]}]}]}, {"Node Type": "Index Only Scan", "Parent Relationship": "Inner", "Parallel Aware": false, "Async Capable": false, "Scan Direction": "Forward", "Index Name": "item_pkey", "Relation Name": "item", "Alias": "item", "Startup Cost": 0.29, "Total Cost": 2694.4, "Plan Rows": 102000, "Plan Width": 4, "Actual Rows": 101996, "Actual Loops": 7, "Heap Fetches": 0, "Workers": []}]}]}]}]}, {"Node Type": "Sort", "Parent Relationship": "Inner", "Parallel Aware": false, "Async Capable": false, "Startup Cost": 68927.8, "Total Cost": 68927.81, "Plan Rows": 3, "Plan Width": 24, "Actual Rows": 2537515, "Actual Loops": 1, "Sort Key": ["catalog_sales.cs_sold_date_sk"], "Sort Method": "quicksort", "Sort Space Used": 28, "Sort Space Type": "Memory", "Plans": [{"Node Type": "Gather", "Parent Relationship": "Outer", "Parallel Aware": false, "Async Capable": false, "Startup Cost": 3177.98, "Total Cost": 68927.78, "Plan Rows": 3, "Plan Width": 24, "Actual Rows": 82, "Actual Loops": 1, "Workers Planned": 4, "Workers Launched": 4, "Single Copy": false, "Plans": [{"Node Type": "Nested Loop", "Parent Relationship": "Outer", "Parallel Aware": false, "Async Capable": false, "Join Type": "Inner", "Startup Cost": 2177.98, "Total Cost": 67927.48, "Plan Rows": 1, "Plan Width": 24, "Actual Rows": 16, "Actual Loops": 5, "Inner Unique": false, "Workers": [], "Plans": [{"Node Type": "Hash Join", "Parent Relationship": "Outer", "Parallel Aware": true, "Async Capable": false, "Join Type": "Inner", "Startup Cost": 2177.55, "Total Cost": 59205.23, "Plan Rows": 2106, "Plan Width": 12, "Actual Rows": 37853, "Actual Loops": 5, "Inner Unique": true, "Hash Cond": "(store_returns.sr_returned_date_sk = d2.d_date_sk)", "Workers": [], "Plans": [{"Node Type": "Seq Scan", "Parent Relationship": "Outer", "Parallel Aware": true, "Async Capable": false, "Relation Name": "store_returns", "Alias": "store_returns", "Startup Cost": 0.0, "Total Cost": 55140.58, "Plan Rows": 718858, "Plan Width": 16, "Actual Rows": 575086, "Actual Loops": 5, "Workers": []}, {"Node Type": "Hash", "Parent Relationship": "Inner", "Parallel Aware": true, "Async Capable": false, "Startup Cost": 2175.97, "Total Cost": 2175.97, "Plan Rows": 126, "Plan Width": 4, "Actual Rows": 43, "Actual Loops": 5, "Hash Buckets": 1024, "Original Hash Buckets": 1024, "Hash Batches": 1, "Original Hash Batches": 1, "Peak Memory Usage": 40, "Workers": [], "Plans": [{"Node Type": "Seq Scan", "Parent Relationship": "Outer", "Parallel Aware": true, "Async Capable": false, "Relation Name": "date_dim", "Alias": "d2", "Startup Cost": 0.0, "Total Cost": 2175.97, "Plan Rows": 126, "Plan Width": 4, "Actual Rows": 43, "Actual Loops": 5, "Filter": "((d_moy >= 4) AND (d_moy <= 10) AND (d_year = 1998))", "Rows Removed by Filter": 14567, "Workers": []}]}]}, {"Node Type": "Index Scan", "Parent Relationship": "Inner", "Parallel Aware": false, "Async Capable": false, "Scan Direction": "Forward", "Index Name": "catalog_sales_pkey", "Relation Name": "catalog_sales", "Alias": "catalog_sales", "Startup Cost": 0.43, "Total Cost": 4.13, "Plan Rows": 1, "Plan Width": 12, "Actual Rows": 0, "Actual Loops": 189263, "Index Cond": "(cs_item_sk = store_returns.sr_item_sk)", "Rows Removed by Index Recheck": 0, "Filter": "(cs_bill_customer_sk = store_returns.sr_customer_sk)", "Rows Removed by Filter": 188, "Workers": []}]}]}]}]}]}, "Planning Time": 7.765, "Triggers": [], "Execution Time": 37442.867}, {"Plan": {"Node Type": "Aggregate", "Strategy": "Plain", "Partial Mode": "Simple", "Parallel Aware": false, "Async Capable": false, "Startup Cost": 1272768.98, "Total Cost": 1272768.99, "Plan Rows": 1, "Plan Width": 8, "Plans": [{"Node Type": "Nested Loop", "Parent Relationship": "Outer", "Parallel Aware": false, "Async Capable": false, "Join Type": "Inner", "Startup Cost": 6247.48, "Total Cost": 1272768.98, "Plan Rows": 1, "Plan Width": 0, "Inner Unique": false, "Join Filter": "((catalog_sales.cs_item_sk = item.i_item_sk) AND (catalog_sales.cs_bill_customer_sk = store_sales.ss_customer_sk) AND (d2.d_date_sk = store_returns.sr_returned_date_sk))", "Plans": [{"Node Type": "Nested Loop", "Parent Relationship": "Outer", "Parallel Aware": false, "Async Capable": false, "Join Type": "Inner", "Startup Cost": 3069.64, "Total Cost": 586271.72, "Plan Rows": 1, "Plan Width": 24, "Inner Unique": false, "Join Filter": "(store_sales.ss_item_sk = item.i_item_sk)", "Plans": [{"Node Type": "Index Only Scan", "Parent Relationship": "Outer", "Parallel Aware": false, "Async Capable": false, "Scan Direction": "Forward", "Index Name": "item_pkey", "Relation Name": "item", "Alias": "item", "Startup Cost": 0.29, "Total Cost": 2694.4, "Plan Rows": 102000, "Plan Width": 4}, {"Node Type": "Materialize", "Parent Relationship": "Inner", "Parallel Aware": false, "Async Capable": false, "Startup Cost": 3069.35, "Total Cost": 582047.32, "Plan Rows": 1, "Plan Width": 20, "Plans": [{"Node Type": "Nested Loop", "Parent Relationship": "Outer", "Parallel Aware": false, "Async Capable": false, "Join Type": "Inner", "Startup Cost": 3069.35, "Total Cost": 582047.31, "Plan Rows": 1, "Plan Width": 20, "Inner Unique": true, "Plans": [{"Node Type": "Gather", "Parent Relationship": "Outer", "Parallel Aware": false, "Async Capable": false, "Startup Cost": 3069.2, "Total Cost": 582047.15, "Plan Rows": 1, "Plan Width": 24, "Workers Planned": 6, "Single Copy": false, "Plans": [{"Node Type": "Nested Loop", "Parent Relationship": "Outer", "Parallel Aware": false, "Async Capable": false, "Join Type": "Inner", "Startup Cost": 2069.2, "Total Cost": 581047.05, "Plan Rows": 1, "Plan Width": 24, "Inner Unique": true, "Plans": [{"Node Type": "Hash Join", "Parent Relationship": "Outer", "Parallel Aware": true, "Async Capable": false, "Join Type": "Inner", "Startup Cost": 2068.78, "Total Cost": 580119.61, "Plan Rows": 1971, "Plan Width": 16, "Inner Unique": true, "Hash Cond": "(store_sales.ss_sold_date_sk = d1.d_date_sk)", "Plans": [{"Node Type": "Seq Scan", "Parent Relationship": "Outer", "Parallel Aware": true, "Async Capable": false, "Relation Name": "store_sales", "Alias": "store_sales", "Startup Cost": 0.0, "Total Cost": 565449.69, "Plan Rows": 4800169, "Plan Width": 20}, {"Node Type": "Hash", "Parent Relationship": "Inner", "Parallel Aware": true, "Async Capable": false, "Startup Cost": 2068.55, "Total Cost": 2068.55, "Plan Rows": 18, "Plan Width": 4, "Plans": [{"Node Type": "Seq Scan", "Parent Relationship": "Outer", "Parallel Aware": true, "Async Capable": false, "Relation Name": "date_dim", "Alias": "d1", "Startup Cost": 0.0, "Total Cost": 2068.55, "Plan Rows": 18, "Plan Width": 4, "Filter": "((d_moy = 4) AND (d_year = 1998))"}]}]}, {"Node Type": "Index Scan", "Parent Relationship": "Inner", "Parallel Aware": false, "Async Capable": false, "Scan Direction": "Forward", "Index Name": "store_returns_pkey", "Relation Name": "store_returns", "Alias": "store_returns", "Startup Cost": 0.43, "Total Cost": 0.46, "Plan Rows": 1, "Plan Width": 16, "Index Cond": "((sr_item_sk = store_sales.ss_item_sk) AND (sr_ticket_number = store_sales.ss_ticket_number))", "Filter": "(sr_customer_sk = store_sales.ss_customer_sk)"}]}]}, {"Node Type": "Index Only Scan", "Parent Relationship": "Inner", "Parallel Aware": false, "Async Capable": false, "Scan Direction": "Forward", "Index Name": "store_pkey", "Relation Name": "store", "Alias": "store", "Startup Cost": 0.14, "Total Cost": 0.16, "Plan Rows": 1, "Plan Width": 4, "Index Cond": "(s_store_sk = store_sales.ss_store_sk)"}]}]}]}, {"Node Type": "Nested Loop", "Parent Relationship": "Inner", "Parallel Aware": false, "Async Capable": false, "Join Type": "Inner", "Startup Cost": 3177.84, "Total Cost": 528499.46, "Plan Rows": 9028446, "Plan Width": 12, "Inner Unique": false, "Plans": [{"Node Type": "Index Scan", "Parent Relationship": "Outer", "Parallel Aware": false, "Async Capable": false, "Scan Direction": "Forward", "Index Name": "date_dim_pkey", "Relation Name": "date_dim", "Alias": "d2", "Startup Cost": 0.29, "Total Cost": 3878.89, "Plan Rows": 214, "Plan Width": 4, "Filter": "((d_moy >= 4) AND (d_moy <= 10) AND (d_year = 1998))"}, {"Node Type": "Materialize", "Parent Relationship": "Inner", "Parallel Aware": false, "Async Capable": false, "Startup Cost": 3177.55, "Total Cost": 411870.46, "Plan Rows": 42189, "Plan Width": 8, "Plans": [{"Node Type": "Gather", "Parent Relationship": "Outer", "Parallel Aware": false, "Async Capable": false, "Startup Cost": 3177.55, "Total Cost": 411659.52, "Plan Rows": 42189, "Plan Width": 8, "Workers Planned": 6, "Single Copy": false, "Plans": [{"Node Type": "Hash Join", "Parent Relationship": "Outer", "Parallel Aware": true, "Async Capable": false, "Join Type": "Inner", "Startup Cost": 2177.55, "Total Cost": 406440.62, "Plan Rows": 7032, "Plan Width": 8, "Inner Unique": true, "Hash Cond": "(catalog_sales.cs_sold_date_sk = d3.d_date_sk)", "Plans": [{"Node Type": "Seq Scan", "Parent Relationship": "Outer", "Parallel Aware": true, "Async Capable": false, "Relation Name": "catalog_sales", "Alias": "catalog_sales", "Startup Cost": 0.0, "Total Cost": 397962.14, "Plan Rows": 2400214, "Plan Width": 12}, {"Node Type": "Hash", "Parent Relationship": "Inner", "Parallel Aware": true, "Async Capable": false, "Startup Cost": 2175.97, "Total Cost": 2175.97, "Plan Rows": 126, "Plan Width": 4, "Plans": [{"Node Type": "Seq Scan", "Parent Relationship": "Outer", "Parallel Aware": true, "Async Capable": false, "Relation Name": "date_dim", "Alias": "d3", "Startup Cost": 0.0, "Total Cost": 2175.97, "Plan Rows": 126, "Plan Width": 4, "Filter": "((d_moy >= 4) AND (d_moy <= 10) AND (d_year = 1998))"}]}]}]}]}]}]}]}}, {"Plan": {"Node Type": "Aggregate", "Strategy": "Plain", "Partial Mode": "Simple", "Parallel Aware": false, "Async Capable": false, "Startup Cost": 65939.93, "Total Cost": 65939.94, "Plan Rows": 1, "Plan Width": 8, "Actual Rows": 1, "Actual Loops": 1, "Plans": [{"Node Type": "Gather", "Parent Relationship": "Outer", "Parallel Aware": false, "Async Capable": false, "Startup Cost": 3179.15, "Total Cost": 65939.93, "Plan Rows": 1, "Plan Width": 0, "Actual Rows": 0, "Actual Loops": 1, "Workers Planned": 4, "Workers Launched": 4, "Single Copy": false, "Plans": [{"Node Type": "Nested Loop", "Parent Relationship": "Outer", "Parallel Aware": false, "Async Capable": false, "Join Type": "Inner", "Startup Cost": 2179.15, "Total Cost": 64939.83, "Plan Rows": 1, "Plan Width": 0, "Actual Rows": 0, "Actual Loops": 5, "Inner Unique": false, "Join Filter": "((catalog_sales.cs_item_sk = item.i_item_sk) AND (d3.d_date_sk = catalog_sales.cs_sold_date_sk))", "Rows Removed by Join Filter": 471, "Workers": [], "Plans": [{"Node Type": "Nested Loop", "Parent Relationship": "Outer", "Parallel Aware": false, "Async Capable": false, "Join Type": "Inner", "Startup Cost": 2178.71, "Total Cost": 64744.91, "Plan Rows": 54, "Plan Width": 24, "Actual Rows": 802628, "Actual Loops": 5, "Inner Unique": false, "Workers": [], "Plans": [{"Node Type": "Nested Loop", "Parent Relationship": "Outer", "Parallel Aware": false, "Async Capable": false, "Join Type": "Inner", "Startup Cost": 2178.71, "Total Cost": 62040.41, "Plan Rows": 1, "Plan Width": 20, "Actual Rows": 3751, "Actual Loops": 5, "Inner Unique": true, "Workers": [], "Plans": [{"Node Type": "Nested Loop", "Parent Relationship": "Outer", "Parallel Aware": false, "Async Capable": false, "Join Type": "Inner", "Startup Cost": 2178.42, "Total Cost": 62040.1, "Plan Rows": 1, "Plan Width": 16, "Actual Rows": 3751, "Actual Loops": 5, "Inner Unique": true, "Workers": [], "Plans": [{"Node Type": "Nested Loop", "Parent Relationship": "Outer", "Parallel Aware": false, "Async Capable": false, "Join Type": "Inner", "Startup Cost": 2178.28, "Total Cost": 62039.94, "Plan Rows": 1, "Plan Width": 20, "Actual Rows": 3802, "Actual Loops": 5, "Inner Unique": true, "Workers": [], "Plans": [{"Node Type": "Nested Loop", "Parent Relationship": "Outer", "Parallel Aware": false, "Async Capable": false, "Join Type": "Inner", "Startup Cost": 2177.99, "Total Cost": 62039.63, "Plan Rows": 1, "Plan Width": 24, "Actual Rows": 28061, "Actual Loops": 5, "Inner Unique": true, "Workers": [], "Plans": [{"Node Type": "Hash Join", "Parent Relationship": "Outer", "Parallel Aware": true, "Async Capable": false, "Join Type": "Inner", "Startup Cost": 2177.55, "Total Cost": 59205.23, "Plan Rows": 2106, "Plan Width": 12, "Actual Rows": 37853, "Actual Loops": 5, "Inner Unique": true, "Hash Cond": "(store_returns.sr_returned_date_sk = d2.d_date_sk)", "Workers": [], "Plans": [{"Node Type": "Seq Scan", "Parent Relationship": "Outer", "Parallel Aware": true, "Async Capable": false, "Relation Name": "store_returns", "Alias": "store_returns", "Startup Cost": 0.0, "Total Cost": 55140.58, "Plan Rows": 718858, "Plan Width": 16, "Actual Rows": 575086, "Actual Loops": 5, "Workers": []}, {"Node Type": "Hash", "Parent Relationship": "Inner", "Parallel Aware": true, "Async Capable": false, "Startup Cost": 2175.97, "Total Cost": 2175.97, "Plan Rows": 126, "Plan Width": 4, "Actual Rows": 43, "Actual Loops": 5, "Hash Buckets": 1024, "Original Hash Buckets": 1024, "Hash Batches": 1, "Original Hash Batches": 1, "Peak Memory Usage": 40, "Workers": [], "Plans": [{"Node Type": "Seq Scan", "Parent Relationship": "Outer", "Parallel Aware": true, "Async Capable": false, "Relation Name": "date_dim", "Alias": "d2", "Startup Cost": 0.0, "Total Cost": 2175.97, "Plan Rows": 126, "Plan Width": 4, "Actual Rows": 43, "Actual Loops": 5, "Filter": "((d_moy >= 4) AND (d_moy <= 10) AND (d_year = 1998))", "Rows Removed by Filter": 14567, "Workers": []}]}]}, {"Node Type": "Index Scan", "Parent Relationship": "Inner", "Parallel Aware": false, "Async Capable": false, "Scan Direction": "Forward", "Index Name": "store_sales_pkey", "Relation Name": "store_sales", "Alias": "store_sales", "Startup Cost": 0.44, "Total Cost": 1.34, "Plan Rows": 1, "Plan Width": 20, "Actual Rows": 1, "Actual Loops": 189263, "Index Cond": "((ss_item_sk = store_returns.sr_item_sk) AND (ss_ticket_number = store_returns.sr_ticket_number))", "Rows Removed by Index Recheck": 0, "Filter": "(store_returns.sr_customer_sk = ss_customer_sk)", "Rows Removed by Filter": 0, "Workers": []}]}, {"Node Type": "Index Scan", "Parent Relationship": "Inner", "Parallel Aware": false, "Async Capable": false, "Scan Direction": "Forward", "Index Name": "date_dim_pkey", "Relation Name": "date_dim", "Alias": "d1", "Startup Cost": 0.29, "Total Cost": 0.32, "Plan Rows": 1, "Plan Width": 4, "Actual Rows": 0, "Actual Loops": 140303, "Index Cond": "(d_date_sk = store_sales.ss_sold_date_sk)", "Rows Removed by Index Recheck": 0, "Filter": "((d_moy = 4) AND (d_year = 1998))", "Rows Removed by Filter": 1, "Workers": []}]}, {"Node Type": "Index Only Scan", "Parent Relationship": "Inner", "Parallel Aware": false, "Async Capable": false, "Scan Direction": "Forward", "Index Name": "store_pkey", "Relation Name": "store", "Alias": "store", "Startup Cost": 0.14, "Total Cost": 0.16, "Plan Rows": 1, "Plan Width": 4, "Actual Rows": 1, "Actual Loops": 19010, "Index Cond": "(s_store_sk = store_sales.ss_store_sk)", "Rows Removed by Index Recheck": 0, "Heap Fetches": 18753, "Workers": []}]}, {"Node Type": "Index Only Scan", "Parent Relationship": "Inner", "Parallel Aware": false, "Async Capable": false, "Scan Direction": "Forward", "Index Name": "item_pkey", "Relation Name": "item", "Alias": "item", "Startup Cost": 0.29, "Total Cost": 0.31, "Plan Rows": 1, "Plan Width": 4, "Actual Rows": 1, "Actual Loops": 18753, "Index Cond": "(i_item_sk = store_sales.ss_item_sk)", "Rows Removed by Index Recheck": 0, "Heap Fetches": 0, "Workers": []}]}, {"Node Type": "Seq Scan", "Parent Relationship": "Inner", "Parallel Aware": false, "Async Capable": false, "Relation Name": "date_dim", "Alias": "d3", "Startup Cost": 0.0, "Total Cost": 2702.36, "Plan Rows": 214, "Plan Width": 4, "Actual Rows": 214, "Actual Loops": 18753, "Filter": "((d_moy >= 4) AND (d_moy <= 10) AND (d_year = 1998))", "Rows Removed by Filter": 72835, "Workers": []}]}, {"Node Type": "Index Scan", "Parent Relationship": "Inner", "Parallel Aware": false, "Async Capable": false, "Scan Direction": "Forward", "Index Name": "catalog_sales_pkey", "Relation Name": "catalog_sales", "Alias": "catalog_sales", "Startup Cost": 0.43, "Total Cost": 3.59, "Plan Rows": 1, "Plan Width": 12, "Actual Rows": 0, "Actual Loops": 4013142, "Index Cond": "(cs_item_sk = store_sales.ss_item_sk)", "Rows Removed by Index Recheck": 0, "Filter": "(cs_bill_customer_sk = store_sales.ss_customer_sk)", "Rows Removed by Filter": 187, "Workers": []}]}]}]}, "Planning Time": 12.209, "Triggers": [], "Execution Time": 86564.701}, {"Plan": {"Node Type": "Aggregate", "Strategy": "Plain", "Partial Mode": "Simple", "Parallel Aware": false, "Async Capable": false, "Startup Cost": 66388.84, "Total Cost": 66388.85, "Plan Rows": 1, "Plan Width": 8, "Actual Rows": 1, "Actual Loops": 1, "Plans": [{"Node Type": "Merge Join", "Parent Relationship": "Outer", "Parallel Aware": false, "Async Capable": false, "Join Type": "Inner", "Startup Cost": 66226.94, "Total Cost": 66388.83, "Plan Rows": 1, "Plan Width": 0, "Actual Rows": 0, "Actual Loops": 1, "Inner Unique": false, "Merge Cond": "(d1.d_date_sk = store_sales.ss_sold_date_sk)", "Join Filter": "(d3.d_date_sk = catalog_sales.cs_sold_date_sk)", "Rows Removed by Join Filter": 2354, "Plans": [{"Node Type": "Nested Loop", "Parent Relationship": "Outer", "Parallel Aware": false, "Async Capable": false, "Join Type": "Inner", "Startup Cost": 0.29, "Total Cost": 6479.41, "Plan Rows": 6420, "Plan Width": 8, "Actual Rows": 6420, "Actual Loops": 1, "Inner Unique": false, "Plans": [{"Node Type": "Index Scan", "Parent Relationship": "Outer", "Parallel Aware": false, "Async Capable": false, "Scan Direction": "Forward", "Index Name": "date_dim_pkey", "Relation Name": "date_dim", "Alias": "d1", "Startup Cost": 0.29, "Total Cost": 3696.27, "Plan Rows": 30, "Plan Width": 4, "Actual Rows": 30, "Actual Loops": 1, "Filter": "((d_moy = 4) AND (d_year = 1998))", "Rows Removed by Filter": 73019}, {"Node Type": "Materialize", "Parent Relationship": "Inner", "Parallel Aware": false, "Async Capable": false, "Startup Cost": 0.0, "Total Cost": 2703.43, "Plan Rows": 214, "Plan Width": 4, "Actual Rows": 214, "Actual Loops": 30, "Plans": [{"Node Type": "Seq Scan", "Parent Relationship": "Outer", "Parallel Aware": false, "Async Capable": false, "Relation Name": "date_dim", "Alias": "d3", "Startup Cost": 0.0, "Total Cost": 2702.36, "Plan Rows": 214, "Plan Width": 4, "Actual Rows": 214, "Actual Loops": 1, "Filter": "((d_moy >= 4) AND (d_moy <= 10) AND (d_year = 1998))", "Rows Removed by Filter": 72835}]}]}, {"Node Type": "Sort", "Parent Relationship": "Inner", "Parallel Aware": false, "Async Capable": false, "Startup Cost": 63043.81, "Total Cost": 63043.82, "Plan Rows": 1, "Plan Width": 8, "Actual Rows": 2367, "Actual Loops": 1, "Sort Key": ["store_sales.ss_sold_date_sk"], "Sort Method": "quicksort", "Sort Space Used": 26, "Sort Space Type": "Memory", "Plans": [{"Node Type": "Nested Loop", "Parent Relationship": "Outer", "Parallel Aware": false, "Async Capable": false, "Join Type": "Inner", "Startup Cost": 3178.86, "Total Cost": 63043.8, "Plan Rows": 1, "Plan Width": 8, "Actual Rows": 56, "Actual Loops": 1, "Inner Unique": true, "Plans": [{"Node Type": "Nested Loop", "Parent Relationship": "Outer", "Parallel Aware": false, "Async Capable": false, "Join Type": "Inner", "Startup Cost": 3178.56, "Total Cost": 63043.49, "Plan Rows": 1, "Plan Width": 20, "Actual Rows": 56, "Actual Loops": 1, "Inner Unique": true, "Plans": [{"Node Type": "Nested Loop", "Parent Relationship": "Outer", "Parallel Aware": false, "Async Capable": false, "Join Type": "Inner", "Startup Cost": 3178.42, "Total Cost": 63043.33, "Plan Rows": 1, "Plan Width": 24, "Actual Rows": 57, "Actual Loops": 1, "Inner Unique": false, "Plans": [{"Node Type": "Gather", "Parent Relationship": "Outer", "Parallel Aware": false, "Async Capable": false, "Startup Cost": 3177.99, "Total Cost": 63039.73, "Plan Rows": 1, "Plan Width": 24, "Actual Rows": 140303, "Actual Loops": 1, "Workers Planned": 4, "Workers Launched": 4, "Single Copy": false, "Plans": [{"Node Type": "Nested Loop", "Parent Relationship": "Outer", "Parallel Aware": false, "Async Capable": false, "Join Type": "Inner", "Startup Cost": 2177.99, "Total Cost": 62039.63, "Plan Rows": 1, "Plan Width": 24, "Actual Rows": 28061, "Actual Loops": 5, "Inner Unique": true, "Workers": [], "Plans": [{"Node Type": "Hash Join", "Parent Relationship": "Outer", "Parallel Aware": true, "Async Capable": false, "Join Type": "Inner", "Startup Cost": 2177.55, "Total Cost": 59205.23, "Plan Rows": 2106, "Plan Width": 12, "Actual Rows": 37853, "Actual Loops": 5, "Inner Unique": true, "Hash Cond": "(store_returns.sr_returned_date_sk = d2.d_date_sk)", "Workers": [], "Plans": [{"Node Type": "Seq Scan", "Parent Relationship": "Outer", "Parallel Aware": true, "Async Capable": false, "Relation Name": "store_returns", "Alias": "store_returns", "Startup Cost": 0.0, "Total Cost": 55140.58, "Plan Rows": 718858, "Plan Width": 16, "Actual Rows": 575086, "Actual Loops": 5, "Workers": []}, {"Node Type": "Hash", "Parent Relationship": "Inner", "Parallel Aware": true, "Async Capable": false, "Startup Cost": 2175.97, "Total Cost": 2175.97, "Plan Rows": 126, "Plan Width": 4, "Actual Rows": 43, "Actual Loops": 5, "Hash Buckets": 1024, "Original Hash Buckets": 1024, "Hash Batches": 1, "Original Hash Batches": 1, "Peak Memory Usage": 40, "Workers": [], "Plans": [{"Node Type": "Seq Scan", "Parent Relationship": "Outer", "Parallel Aware": true, "Async Capable": false, "Relation Name": "date_dim", "Alias": "d2", "Startup Cost": 0.0, "Total Cost": 2175.97, "Plan Rows": 126, "Plan Width": 4, "Actual Rows": 214, "Actual Loops": 1, "Filter": "((d_moy >= 4) AND (d_moy <= 10) AND (d_year = 1998))", "Rows Removed by Filter": 72835, "Workers": []}]}]}, {"Node Type": "Index Scan", "Parent Relationship": "Inner", "Parallel Aware": false, "Async Capable": false, "Scan Direction": "Forward", "Index Name": "store_sales_pkey", "Relation Name": "store_sales", "Alias": "store_sales", "Startup Cost": 0.44, "Total Cost": 1.34, "Plan Rows": 1, "Plan Width": 20, "Actual Rows": 1, "Actual Loops": 189263, "Index Cond": "((ss_item_sk = store_returns.sr_item_sk) AND (ss_ticket_number = store_returns.sr_ticket_number))", "Rows Removed by Index Recheck": 0, "Filter": "(store_returns.sr_customer_sk = ss_customer_sk)", "Rows Removed by Filter": 0, "Workers": []}]}]}, {"Node Type": "Index Scan", "Parent Relationship": "Inner", "Parallel Aware": false, "Async Capable": false, "Scan Direction": "Forward", "Index Name": "catalog_sales_pkey", "Relation Name": "catalog_sales", "Alias": "catalog_sales", "Startup Cost": 0.43, "Total Cost": 3.59, "Plan Rows": 1, "Plan Width": 12, "Actual Rows": 0, "Actual Loops": 140303, "Index Cond": "(cs_item_sk = store_sales.ss_item_sk)", "Rows Removed by Index Recheck": 0, "Filter": "(cs_bill_customer_sk = store_sales.ss_customer_sk)", "Rows Removed by Filter": 188}]}, {"Node Type": "Index Only Scan", "Parent Relationship": "Inner", "Parallel Aware": false, "Async Capable": false, "Scan Direction": "Forward", "Index Name": "store_pkey", "Relation Name": "store", "Alias": "store", "Startup Cost": 0.14, "Total Cost": 0.16, "Plan Rows": 1, "Plan Width": 4, "Actual Rows": 1, "Actual Loops": 57, "Index Cond": "(s_store_sk = store_sales.ss_store_sk)", "Rows Removed by Index Recheck": 0, "Heap Fetches": 56}]}, {"Node Type": "Index Only Scan", "Parent Relationship": "Inner", "Parallel Aware": false, "Async Capable": false, "Scan Direction": "Forward", "Index Name": "item_pkey", "Relation Name": "item", "Alias": "item", "Startup Cost": 0.29, "Total Cost": 0.31, "Plan Rows": 1, "Plan Width": 4, "Actual Rows": 1, "Actual Loops": 56, "Index Cond": "(i_item_sk = store_sales.ss_item_sk)", "Rows Removed by Index Recheck": 0, "Heap Fetches": 0}]}]}]}]}, "Planning Time": 7.449, "Triggers": [], "Execution Time": 206827.622}, {"Plan": {"Node Type": "Aggregate", "Strategy": "Plain", "Partial Mode": "Simple", "Parallel Aware": false, "Async Capable": false, "Startup Cost": 2985616.79, "Total Cost": 2985616.8, "Plan Rows": 1, "Plan Width": 8, "Plans": [{"Node Type": "Merge Join", "Parent Relationship": "Outer", "Parallel Aware": false, "Async Capable": false, "Join Type": "Inner", "Startup Cost": 2873529.14, "Total Cost": 2985616.79, "Plan Rows": 1, "Plan Width": 0, "Inner Unique": false, "Merge Cond": "(d1.d_date_sk = store_sales.ss_sold_date_sk)", "Join Filter": "((catalog_sales.cs_item_sk = item.i_item_sk) AND (catalog_sales.cs_bill_customer_sk = store_sales.ss_customer_sk) AND (d2.d_date_sk = store_returns.sr_returned_date_sk))", "Plans": [{"Node Type": "Nested Loop", "Parent Relationship": "Outer", "Parallel Aware": false, "Async Capable": false, "Join Type": "Inner", "Startup Cost": 3177.84, "Total Cost": 3803911.65, "Plan Rows": 270853380, "Plan Width": 16, "Inner Unique": false, "Plans": [{"Node Type": "Nested Loop", "Parent Relationship": "Outer", "Parallel Aware": false, "Async Capable": false, "Join Type": "Inner", "Startup Cost": 0.29, "Total Cost": 6479.41, "Plan Rows": 6420, "Plan Width": 8, "Inner Unique": false, "Plans": [{"Node Type": "Index Scan", "Parent Relationship": "Outer", "Parallel Aware": false, "Async Capable": false, "Scan Direction": "Forward", "Index Name": "date_dim_pkey", "Relation Name": "date_dim", "Alias": "d1", "Startup Cost": 0.29, "Total Cost": 3696.27, "Plan Rows": 30, "Plan Width": 4, "Filter": "((d_moy = 4) AND (d_year = 1998))"}, {"Node Type": "Materialize", "Parent Relationship": "Inner", "Parallel Aware": false, "Async Capable": false, "Startup Cost": 0.0, "Total Cost": 2703.43, "Plan Rows": 214, "Plan Width": 4, "Plans": [{"Node Type": "Seq Scan", "Parent Relationship": "Outer", "Parallel Aware": false, "Async Capable": false, "Relation Name": "date_dim", "Alias": "d2", "Startup Cost": 0.0, "Total Cost": 2702.36, "Plan Rows": 214, "Plan Width": 4, "Filter": "((d_moy >= 4) AND (d_moy <= 10) AND (d_year = 1998))"}]}]}, {"Node Type": "Materialize", "Parent Relationship": "Inner", "Parallel Aware": false, "Async Capable": false, "Startup Cost": 3177.55, "Total Cost": 411870.46, "Plan Rows": 42189, "Plan Width": 8, "Plans": [{"Node Type": "Gather", "Parent Relationship": "Outer", "Parallel Aware": false, "Async Capable": false, "Startup Cost": 3177.55, "Total Cost": 411659.52, "Plan Rows": 42189, "Plan Width": 8, "Workers Planned": 6, "Single Copy": false, "Plans": [{"Node Type": "Hash Join", "Parent Relationship": "Outer", "Parallel Aware": true, "Async Capable": false, "Join Type": "Inner", "Startup Cost": 2177.55, "Total Cost": 406440.62, "Plan Rows": 7032, "Plan Width": 8, "Inner Unique": true, "Hash Cond": "(catalog_sales.cs_sold_date_sk = d3.d_date_sk)", "Plans": [{"Node Type": "Seq Scan", "Parent Relationship": "Outer", "Parallel Aware": true, "Async Capable": false, "Relation Name": "catalog_sales", "Alias": "catalog_sales", "Startup Cost": 0.0, "Total Cost": 397962.14, "Plan Rows": 2400214, "Plan Width": 12}, {"Node Type": "Hash", "Parent Relationship": "Inner", "Parallel Aware": true, "Async Capable": false, "Startup Cost": 2175.97, "Total Cost": 2175.97, "Plan Rows": 126, "Plan Width": 4, "Plans": [{"Node Type": "Seq Scan", "Parent Relationship": "Outer", "Parallel Aware": true, "Async Capable": false, "Relation Name": "date_dim", "Alias": "d3", "Startup Cost": 0.0, "Total Cost": 2175.97, "Plan Rows": 126, "Plan Width": 4, "Filter": "((d_moy >= 4) AND (d_moy <= 10) AND (d_year = 1998))"}]}]}]}]}]}, {"Node Type": "Materialize", "Parent Relationship": "Inner", "Parallel Aware": false, "Async Capable": false, "Startup Cost": 676196.29, "Total Cost": 676196.3, "Plan Rows": 1, "Plan Width": 28, "Plans": [{"Node Type": "Sort", "Parent Relationship": "Outer", "Parallel Aware": false, "Async Capable": false, "Startup Cost": 676196.29, "Total Cost": 676196.3, "Plan Rows": 1, "Plan Width": 28, "Sort Key": ["store_sales.ss_sold_date_sk"], "Plans": [{"Node Type": "Nested Loop", "Parent Relationship": "Outer", "Parallel Aware": false, "Async Capable": false, "Join Type": "Inner", "Startup Cost": 68721.03, "Total Cost": 676196.28, "Plan Rows": 1, "Plan Width": 28, "Inner Unique": false, "Join Filter": "(store_sales.ss_item_sk = item.i_item_sk)", "Plans": [{"Node Type": "Index Only Scan", "Parent Relationship": "Outer", "Parallel Aware": false, "Async Capable": false, "Scan Direction": "Forward", "Index Name": "item_pkey", "Relation Name": "item", "Alias": "item", "Startup Cost": 0.29, "Total Cost": 2694.4, "Plan Rows": 102000, "Plan Width": 4}, {"Node Type": "Materialize", "Parent Relationship": "Inner", "Parallel Aware": false, "Async Capable": false, "Startup Cost": 68720.74, "Total Cost": 671971.88, "Plan Rows": 1, "Plan Width": 24, "Plans": [{"Node Type": "Nested Loop", "Parent Relationship": "Outer", "Parallel Aware": false, "Async Capable": false, "Join Type": "Inner", "Startup Cost": 68720.74, "Total Cost": 671971.88, "Plan Rows": 1, "Plan Width": 24, "Inner Unique": true, "Plans": [{"Node Type": "Gather", "Parent Relationship": "Outer", "Parallel Aware": false, "Async Capable": false, "Startup Cost": 68720.6, "Total Cost": 671971.72, "Plan Rows": 1, "Plan Width": 28, "Workers Planned": 6, "Single Copy": false, "Plans": [{"Node Type": "Hash Join", "Parent Relationship": "Outer", "Parallel Aware": true, "Async Capable": false, "Join Type": "Inner", "Startup Cost": 67720.6, "Total Cost": 670971.62, "Plan Rows": 1, "Plan Width": 28, "Inner Unique": true, "Hash Cond": "((store_sales.ss_item_sk = store_returns.sr_item_sk) AND (store_sales.ss_customer_sk = store_returns.sr_customer_sk) AND (store_sales.ss_ticket_number = store_returns.sr_ticket_number))", "Plans": [{"Node Type": "Seq Scan", "Parent Relationship": "Outer", "Parallel Aware": true, "Async Capable": false, "Relation Name": "store_sales", "Alias": "store_sales", "Startup Cost": 0.0, "Total Cost": 565449.69, "Plan Rows": 4800169, "Plan Width": 20}, {"Node Type": "Hash", "Parent Relationship": "Inner", "Parallel Aware": true, "Async Capable": false, "Startup Cost": 55140.58, "Total Cost": 55140.58, "Plan Rows": 718858, "Plan Width": 16, "Plans": [{"Node Type": "Seq Scan", "Parent Relationship": "Outer", "Parallel Aware": true, "Async Capable": false, "Relation Name": "store_returns", "Alias": "store_returns", "Startup Cost": 0.0, "Total Cost": 55140.58, "Plan Rows": 718858, "Plan Width": 16}]}]}]}, {"Node Type": "Index Only Scan", "Parent Relationship": "Inner", "Parallel Aware": false, "Async Capable": false, "Scan Direction": "Forward", "Index Name": "store_pkey", "Relation Name": "store", "Alias": "store", "Startup Cost": 0.14, "Total Cost": 0.16, "Plan Rows": 1, "Plan Width": 4, "Index Cond": "(s_store_sk = store_sales.ss_store_sk)"}]}]}]}]}]}]}]}}, {"Plan": {"Node Type": "Aggregate", "Strategy": "Plain", "Partial Mode": "Simple", "Parallel Aware": false, "Async Capable": false, "Startup Cost": 746008.96, "Total Cost": 746008.97, "Plan Rows": 1, "Plan Width": 8, "Actual Rows": 1, "Actual Loops": 1, "Plans": [{"Node Type": "Gather", "Parent Relationship": "Outer", "Parallel Aware": false, "Async Capable": false, "Startup Cost": 677739.24, "Total Cost": 746008.96, "Plan Rows": 1, "Plan Width": 0, "Actual Rows": 0, "Actual Loops": 1, "Workers Planned": 4, "Workers Launched": 4, "Single Copy": false, "Plans": [{"Node Type": "Hash Join", "Parent Relationship": "Outer", "Parallel Aware": true, "Async Capable": false, "Join Type": "Inner", "Startup Cost": 676739.24, "Total Cost": 745008.86, "Plan Rows": 1, "Plan Width": 0, "Actual Rows": 0, "Actual Loops": 5, "Inner Unique": false, "Hash Cond": "((d1.d_date_sk = store_sales.ss_sold_date_sk) AND (item.i_item_sk = store_sales.ss_item_sk) AND (store_returns.sr_customer_sk = store_sales.ss_customer_sk) AND (store_returns.sr_ticket_number = store_sales.ss_ticket_number))", "Workers": [], "Plans": [{"Node Type": "Nested Loop", "Parent Relationship": "Outer", "Parallel Aware": false, "Async Capable": false, "Join Type": "Inner", "Startup Cost": 2178.57, "Total Cost": 70448.14, "Plan Rows": 1, "Plan Width": 28, "Actual Rows": 60, "Actual Loops": 5, "Inner Unique": true, "Workers": [], "Plans": [{"Node Type": "Nested Loop", "Parent Relationship": "Outer", "Parallel Aware": false, "Async Capable": false, "Join Type": "Inner", "Startup Cost": 2178.28, "Total Cost": 70447.83, "Plan Rows": 1, "Plan Width": 24, "Actual Rows": 60, "Actual Loops": 5, "Inner Unique": false, "Workers": [], "Plans": [{"Node Type": "Nested Loop", "Parent Relationship": "Outer", "Parallel Aware": false, "Async Capable": false, "Join Type": "Inner", "Startup Cost": 2178.28, "Total Cost": 67927.8, "Plan Rows": 1, "Plan Width": 20, "Actual Rows": 2, "Actual Loops": 5, "Inner Unique": true, "Workers": [], "Plans": [{"Node Type": "Nested Loop", "Parent Relationship": "Outer", "Parallel Aware": false, "Async Capable": false, "Join Type": "Inner", "Startup Cost": 2177.98, "Total Cost": 67927.48, "Plan Rows": 1, "Plan Width": 24, "Actual Rows": 16, "Actual Loops": 5, "Inner Unique": false, "Workers": [], "Plans": [{"Node Type": "Hash Join", "Parent Relationship": "Outer", "Parallel Aware": true, "Async Capable": false, "Join Type": "Inner", "Startup Cost": 2177.55, "Total Cost": 59205.23, "Plan Rows": 2106, "Plan Width": 12, "Actual Rows": 37853, "Actual Loops": 5, "Inner Unique": true, "Hash Cond": "(store_returns.sr_returned_date_sk = d2.d_date_sk)", "Workers": [], "Plans": [{"Node Type": "Seq Scan", "Parent Relationship": "Outer", "Parallel Aware": true, "Async Capable": false, "Relation Name": "store_returns", "Alias": "store_returns", "Startup Cost": 0.0, "Total Cost": 55140.58, "Plan Rows": 718858, "Plan Width": 16, "Actual Rows": 575086, "Actual Loops": 5, "Workers": []}, {"Node Type": "Hash", "Parent Relationship": "Inner", "Parallel Aware": true, "Async Capable": false, "Startup Cost": 2175.97, "Total Cost": 2175.97, "Plan Rows": 126, "Plan Width": 4, "Actual Rows": 43, "Actual Loops": 5, "Hash Buckets": 1024, "Original Hash Buckets": 1024, "Hash Batches": 1, "Original Hash Batches": 1, "Peak Memory Usage": 168, "Workers": [], "Plans": [{"Node Type": "Seq Scan", "Parent Relationship": "Outer", "Parallel Aware": true, "Async Capable": false, "Relation Name": "date_dim", "Alias": "d2", "Startup Cost": 0.0, "Total Cost": 2175.97, "Plan Rows": 126, "Plan Width": 4, "Actual Rows": 43, "Actual Loops": 5, "Filter": "((d_moy >= 4) AND (d_moy <= 10) AND (d_year = 1998))", "Rows Removed by Filter": 14567, "Workers": []}]}]}, {"Node Type": "Index Scan", "Parent Relationship": "Inner", "Parallel Aware": false, "Async Capable": false, "Scan Direction": "Forward", "Index Name": "catalog_sales_pkey", "Relation Name": "catalog_sales", "Alias": "catalog_sales", "Startup Cost": 0.43, "Total Cost": 4.13, "Plan Rows": 1, "Plan Width": 12, "Actual Rows": 0, "Actual Loops": 189263, "Index Cond": "(cs_item_sk = store_returns.sr_item_sk)", "Rows Removed by Index Recheck": 0, "Filter": "(cs_bill_customer_sk = store_returns.sr_customer_sk)", "Rows Removed by Filter": 188, "Workers": []}]}, {"Node Type": "Index Scan", "Parent Relationship": "Inner", "Parallel Aware": false, "Async Capable": false, "Scan Direction": "Forward", "Index Name": "date_dim_pkey", "Relation Name": "date_dim", "Alias": "d3", "Startup Cost": 0.29, "Total Cost": 0.32, "Plan Rows": 1, "Plan Width": 4, "Actual Rows": 0, "Actual Loops": 82, "Index Cond": "(d_date_sk = catalog_sales.cs_sold_date_sk)", "Rows Removed by Index Recheck": 0, "Filter": "((d_moy >= 4) AND (d_moy <= 10) AND (d_year = 1998))", "Rows Removed by Filter": 1, "Workers": []}]}, {"Node Type": "Seq Scan", "Parent Relationship": "Inner", "Parallel Aware": false, "Async Capable": false, "Relation Name": "date_dim", "Alias": "d1", "Startup Cost": 0.0, "Total Cost": 2519.73, "Plan Rows": 30, "Plan Width": 4, "Actual Rows": 30, "Actual Loops": 10, "Filter": "((d_moy = 4) AND (d_year = 1998))", "Rows Removed by Filter": 73019, "Workers": []}]}, {"Node Type": "Index Only Scan", "Parent Relationship": "Inner", "Parallel Aware": false, "Async Capable": false, "Scan Direction": "Forward", "Index Name": "item_pkey", "Relation Name": "item", "Alias": "item", "Startup Cost": 0.29, "Total Cost": 0.31, "Plan Rows": 1, "Plan Width": 4, "Actual Rows": 1, "Actual Loops": 300, "Index Cond": "(i_item_sk = store_returns.sr_item_sk)", "Rows Removed by Index Recheck": 0, "Heap Fetches": 0, "Workers": []}]}, {"Node Type": "Hash", "Parent Relationship": "Inner", "Parallel Aware": true, "Async Capable": false, "Startup Cost": 578557.29, "Total Cost": 578557.29, "Plan Rows": 4800169, "Plan Width": 16, "Actual Rows": 5500971, "Actual Loops": 5, "Hash Buckets": 33554432, "Original Hash Buckets": 33554432, "Hash Batches": 1, "Original Hash Batches": 1, "Peak Memory Usage": 1507104, "Workers": [], "Plans": [{"Node Type": "Hash Join", "Parent Relationship": "Outer", "Parallel Aware": false, "Async Capable": false, "Join Type": "Inner", "Startup Cost": 7.29, "Total Cost": 578557.29, "Plan Rows": 4800169, "Plan Width": 16, "Actual Rows": 5500971, "Actual Loops": 5, "Inner Unique": true, "Hash Cond": "(store_sales.ss_store_sk = store.s_store_sk)", "Workers": [], "Plans": [{"Node Type": "Seq Scan", "Parent Relationship": "Outer", "Parallel Aware": true, "Async Capable": false, "Relation Name": "store_sales", "Alias": "store_sales", "Startup Cost": 0.0, "Total Cost": 565449.69, "Plan Rows": 4800169, "Plan Width": 20, "Actual Rows": 5760198, "Actual Loops": 5, "Workers": []}, {"Node Type": "Hash", "Parent Relationship": "Inner", "Parallel Aware": false, "Async Capable": false, "Startup Cost": 6.02, "Total Cost": 6.02, "Plan Rows": 102, "Plan Width": 4, "Actual Rows": 102, "Actual Loops": 5, "Hash Buckets": 1024, "Original Hash Buckets": 1024, "Hash Batches": 1, "Original Hash Batches": 1, "Peak Memory Usage": 12, "Workers": [], "Plans": [{"Node Type": "Seq Scan", "Parent Relationship": "Outer", "Parallel Aware": false, "Async Capable": false, "Relation Name": "store", "Alias": "store", "Startup Cost": 0.0, "Total Cost": 6.02, "Plan Rows": 102, "Plan Width": 4, "Actual Rows": 102, "Actual Loops": 5, "Workers": []}]}]}]}]}]}]}, "Planning Time": 8.45, "Triggers": [], "Execution Time": 34419.867}, {"Plan": {"Node Type": "Aggregate", "Strategy": "Plain", "Partial Mode": "Simple", "Parallel Aware": false, "Async Capable": false, "Startup Cost": 737415.46, "Total Cost": 737415.47, "Plan Rows": 1, "Plan Width": 8, "Actual Rows": 1, "Actual Loops": 1, "Plans": [{"Node Type": "Hash Join", "Parent Relationship": "Outer", "Parallel Aware": false, "Async Capable": false, "Join Type": "Inner", "Startup Cost": 671665.56, "Total Cost": 737415.46, "Plan Rows": 1, "Plan Width": 0, "Actual Rows": 0, "Actual Loops": 1, "Inner Unique": false, "Hash Cond": "((item.i_item_sk = store_sales.ss_item_sk) AND (store_returns.sr_customer_sk = store_sales.ss_customer_sk) AND (store_returns.sr_ticket_number = store_sales.ss_ticket_number) AND (catalog_sales.cs_sold_date_sk = d3.d_date_sk))", "Plans": [{"Node Type": "Gather", "Parent Relationship": "Outer", "Parallel Aware": false, "Async Capable": false, "Startup Cost": 3178.28, "Total Cost": 68928.09, "Plan Rows": 3, "Plan Width": 28, "Actual Rows": 82, "Actual Loops": 1, "Workers Planned": 4, "Workers Launched": 4, "Single Copy": false, "Plans": [{"Node Type": "Nested Loop", "Parent Relationship": "Outer", "Parallel Aware": false, "Async Capable": false, "Join Type": "Inner", "Startup Cost": 2178.28, "Total Cost": 67927.79, "Plan Rows": 1, "Plan Width": 28, "Actual Rows": 16, "Actual Loops": 5, "Inner Unique": true, "Workers": [], "Plans": [{"Node Type": "Nested Loop", "Parent Relationship": "Outer", "Parallel Aware": false, "Async Capable": false, "Join Type": "Inner", "Startup Cost": 2177.98, "Total Cost": 67927.48, "Plan Rows": 1, "Plan Width": 24, "Actual Rows": 16, "Actual Loops": 5, "Inner Unique": false, "Workers": [], "Plans": [{"Node Type": "Hash Join", "Parent Relationship": "Outer", "Parallel Aware": true, "Async Capable": false, "Join Type": "Inner", "Startup Cost": 2177.55, "Total Cost": 59205.23, "Plan Rows": 2106, "Plan Width": 12, "Actual Rows": 37853, "Actual Loops": 5, "Inner Unique": true, "Hash Cond": "(store_returns.sr_returned_date_sk = d2.d_date_sk)", "Workers": [], "Plans": [{"Node Type": "Seq Scan", "Parent Relationship": "Outer", "Parallel Aware": true, "Async Capable": false, "Relation Name": "store_returns", "Alias": "store_returns", "Startup Cost": 0.0, "Total Cost": 55140.58, "Plan Rows": 718858, "Plan Width": 16, "Actual Rows": 575086, "Actual Loops": 5, "Workers": []}, {"Node Type": "Hash", "Parent Relationship": "Inner", "Parallel Aware": true, "Async Capable": false, "Startup Cost": 2175.97, "Total Cost": 2175.97, "Plan Rows": 126, "Plan Width": 4, "Actual Rows": 43, "Actual Loops": 5, "Hash Buckets": 1024, "Original Hash Buckets": 1024, "Hash Batches": 1, "Original Hash Batches": 1, "Peak Memory Usage": 40, "Workers": [], "Plans": [{"Node Type": "Seq Scan", "Parent Relationship": "Outer", "Parallel Aware": true, "Async Capable": false, "Relation Name": "date_dim", "Alias": "d2", "Startup Cost": 0.0, "Total Cost": 2175.97, "Plan Rows": 126, "Plan Width": 4, "Actual Rows": 43, "Actual Loops": 5, "Filter": "((d_moy >= 4) AND (d_moy <= 10) AND (d_year = 1998))", "Rows Removed by Filter": 14567, "Workers": []}]}]}, {"Node Type": "Index Scan", "Parent Relationship": "Inner", "Parallel Aware": false, "Async Capable": false, "Scan Direction": "Forward", "Index Name": "catalog_sales_pkey", "Relation Name": "catalog_sales", "Alias": "catalog_sales", "Startup Cost": 0.43, "Total Cost": 4.13, "Plan Rows": 1, "Plan Width": 12, "Actual Rows": 0, "Actual Loops": 189263, "Index Cond": "(cs_item_sk = store_returns.sr_item_sk)", "Rows Removed by Index Recheck": 0, "Filter": "(cs_bill_customer_sk = store_returns.sr_customer_sk)", "Rows Removed by Filter": 188, "Workers": []}]}, {"Node Type": "Index Only Scan", "Parent Relationship": "Inner", "Parallel Aware": false, "Async Capable": false, "Scan Direction": "Forward", "Index Name": "item_pkey", "Relation Name": "item", "Alias": "item", "Startup Cost": 0.29, "Total Cost": 0.31, "Plan Rows": 1, "Plan Width": 4, "Actual Rows": 1, "Actual Loops": 82, "Index Cond": "(i_item_sk = store_returns.sr_item_sk)", "Rows Removed by Index Recheck": 0, "Heap Fetches": 0, "Workers": []}]}]}, {"Node Type": "Hash", "Parent Relationship": "Inner", "Parallel Aware": false, "Async Capable": false, "Startup Cost": 617863.44, "Total Cost": 617863.44, "Plan Rows": 2531192, "Plan Width": 16, "Actual Rows": 53657504, "Actual Loops": 1, "Hash Buckets": 8388608, "Original Hash Buckets": 4194304, "Hash Batches": 8, "Original Hash Batches": 1, "Peak Memory Usage": 379912, "Plans": [{"Node Type": "Nested Loop", "Parent Relationship": "Outer", "Parallel Aware": false, "Async Capable": false, "Join Type": "Inner", "Startup Cost": 3076.36, "Total Cost": 617863.44, "Plan Rows": 2531192, "Plan Width": 16, "Actual Rows": 54302714, "Actual Loops": 1, "Inner Unique": false, "Plans": [{"Node Type": "Index Scan", "Parent Relationship": "Outer", "Parallel Aware": false, "Async Capable": false, "Scan Direction": "Forward", "Index Name": "date_dim_pkey", "Relation Name": "date_dim", "Alias": "d3", "Startup Cost": 0.29, "Total Cost": 3878.89, "Plan Rows": 214, "Plan Width": 4, "Actual Rows": 214, "Actual Loops": 1, "Filter": "((d_moy >= 4) AND (d_moy <= 10) AND (d_year = 1998))", "Rows Removed by Filter": 72835}, {"Node Type": "Materialize", "Parent Relationship": "Inner", "Parallel Aware": false, "Async Capable": false, "Startup Cost": 3076.07, "Total Cost": 582374.22, "Plan Rows": 11828, "Plan Width": 12, "Actual Rows": 253751, "Actual Loops": 214, "Plans": [{"Node Type": "Gather", "Parent Relationship": "Outer", "Parallel Aware": false, "Async Capable": false, "Startup Cost": 3076.07, "Total Cost": 582315.08, "Plan Rows": 11828, "Plan Width": 12, "Actual Rows": 253751, "Actual Loops": 1, "Workers Planned": 6, "Workers Launched": 6, "Single Copy": false, "Plans": [{"Node Type": "Hash Join", "Parent Relationship": "Outer", "Parallel Aware": false, "Async Capable": false, "Join Type": "Inner", "Startup Cost": 2076.07, "Total Cost": 580132.28, "Plan Rows": 1971, "Plan Width": 12, "Actual Rows": 36250, "Actual Loops": 7, "Inner Unique": true, "Hash Cond": "(store_sales.ss_store_sk = store.s_store_sk)", "Workers": [], "Plans": [{"Node Type": "Hash Join", "Parent Relationship": "Outer", "Parallel Aware": true, "Async Capable": false, "Join Type": "Inner", "Startup Cost": 2068.78, "Total Cost": 580119.61, "Plan Rows": 1971, "Plan Width": 16, "Actual Rows": 37135, "Actual Loops": 7, "Inner Unique": true, "Hash Cond": "(store_sales.ss_sold_date_sk = d1.d_date_sk)", "Workers": [], "Plans": [{"Node Type": "Seq Scan", "Parent Relationship": "Outer", "Parallel Aware": true, "Async Capable": false, "Relation Name": "store_sales", "Alias": "store_sales", "Startup Cost": 0.0, "Total Cost": 565449.69, "Plan Rows": 4800169, "Plan Width": 20, "Actual Rows": 4114427, "Actual Loops": 7, "Workers": []}, {"Node Type": "Hash", "Parent Relationship": "Inner", "Parallel Aware": true, "Async Capable": false, "Startup Cost": 2068.55, "Total Cost": 2068.55, "Plan Rows": 18, "Plan Width": 4, "Actual Rows": 4, "Actual Loops": 7, "Hash Buckets": 1024, "Original Hash Buckets": 1024, "Hash Batches": 1, "Original Hash Batches": 1, "Peak Memory Usage": 40, "Workers": [], "Plans": [{"Node Type": "Seq Scan", "Parent Relationship": "Outer", "Parallel Aware": true, "Async Capable": false, "Relation Name": "date_dim", "Alias": "d1", "Startup Cost": 0.0, "Total Cost": 2068.55, "Plan Rows": 18, "Plan Width": 4, "Actual Rows": 30, "Actual Loops": 1, "Filter": "((d_moy = 4) AND (d_year = 1998))", "Rows Removed by Filter": 73019, "Workers": []}]}]}, {"Node Type": "Hash", "Parent Relationship": "Inner", "Parallel Aware": false, "Async Capable": false, "Startup Cost": 6.02, "Total Cost": 6.02, "Plan Rows": 102, "Plan Width": 4, "Actual Rows": 102, "Actual Loops": 7, "Hash Buckets": 1024, "Original Hash Buckets": 1024, "Hash Batches": 1, "Original Hash Batches": 1, "Peak Memory Usage": 12, "Workers": [], "Plans": [{"Node Type": "Seq Scan", "Parent Relationship": "Outer", "Parallel Aware": false, "Async Capable": false, "Relation Name": "store", "Alias": "store", "Startup Cost": 0.0, "Total Cost": 6.02, "Plan Rows": 102, "Plan Width": 4, "Actual Rows": 102, "Actual Loops": 7, "Workers": []}]}]}]}]}]}]}]}]}, "Planning Time": 8.435, "Triggers": [], "Execution Time": 97810.164}, {"Plan": {"Node Type": "Aggregate", "Strategy": "Plain", "Partial Mode": "Simple", "Parallel Aware": false, "Async Capable": false, "Startup Cost": 492750.18, "Total Cost": 492750.19, "Plan Rows": 1, "Plan Width": 8, "Plans": [{"Node Type": "Merge Join", "Parent Relationship": "Outer", "Parallel Aware": false, "Async Capable": false, "Join Type": "Inner", "Startup Cost": 491095.7, "Total Cost": 492750.18, "Plan Rows": 1, "Plan Width": 0, "Inner Unique": false, "Merge Cond": "(d1.d_date_sk = store_sales.ss_sold_date_sk)", "Join Filter": "((store_sales.ss_item_sk = item.i_item_sk) AND (store_returns.sr_customer_sk = store_sales.ss_customer_sk) AND (store_sales.ss_ticket_number = store_returns.sr_ticket_number))", "Plans": [{"Node Type": "Nested Loop", "Parent Relationship": "Outer", "Parallel Aware": false, "Async Capable": false, "Join Type": "Inner", "Startup Cost": 3178.13, "Total Cost": 68577.76, "Plan Rows": 252720, "Plan Width": 20, "Inner Unique": false, "Plans": [{"Node Type": "Index Scan", "Parent Relationship": "Outer", "Parallel Aware": false, "Async Capable": false, "Scan Direction": "Forward", "Index Name": "date_dim_pkey", "Relation Name": "date_dim", "Alias": "d1", "Startup Cost": 0.29, "Total Cost": 3696.27, "Plan Rows": 30, "Plan Width": 4, "Filter": "((d_moy = 4) AND (d_year = 1998))"}, {"Node Type": "Materialize", "Parent Relationship": "Inner", "Parallel Aware": false, "Async Capable": false, "Startup Cost": 3177.84, "Total Cost": 61743.54, "Plan Rows": 8424, "Plan Width": 16, "Plans": [{"Node Type": "Gather", "Parent Relationship": "Outer", "Parallel Aware": false, "Async Capable": false, "Startup Cost": 3177.84, "Total Cost": 61701.42, "Plan Rows": 8424, "Plan Width": 16, "Workers Planned": 4, "Single Copy": false, "Plans": [{"Node Type": "Nested Loop", "Parent Relationship": "Outer", "Parallel Aware": false, "Async Capable": false, "Join Type": "Inner", "Startup Cost": 2177.84, "Total Cost": 59859.02, "Plan Rows": 2106, "Plan Width": 16, "Inner Unique": true, "Plans": [{"Node Type": "Hash Join", "Parent Relationship": "Outer", "Parallel Aware": true, "Async Capable": false, "Join Type": "Inner", "Startup Cost": 2177.55, "Total Cost": 59205.23, "Plan Rows": 2106, "Plan Width": 12, "Inner Unique": true, "Hash Cond": "(store_returns.sr_returned_date_sk = d2.d_date_sk)", "Plans": [{"Node Type": "Seq Scan", "Parent Relationship": "Outer", "Parallel Aware": true, "Async Capable": false, "Relation Name": "store_returns", "Alias": "store_returns", "Startup Cost": 0.0, "Total Cost": 55140.58, "Plan Rows": 718858, "Plan Width": 16}, {"Node Type": "Hash", "Parent Relationship": "Inner", "Parallel Aware": true, "Async Capable": false, "Startup Cost": 2175.97, "Total Cost": 2175.97, "Plan Rows": 126, "Plan Width": 4, "Plans": [{"Node Type": "Seq Scan", "Parent Relationship": "Outer", "Parallel Aware": true, "Async Capable": false, "Relation Name": "date_dim", "Alias": "d2", "Startup Cost": 0.0, "Total Cost": 2175.97, "Plan Rows": 126, "Plan Width": 4, "Filter": "((d_moy >= 4) AND (d_moy <= 10) AND (d_year = 1998))"}]}]}, {"Node Type": "Index Only Scan", "Parent Relationship": "Inner", "Parallel Aware": false, "Async Capable": false, "Scan Direction": "Forward", "Index Name": "item_pkey", "Relation Name": "item", "Alias": "item", "Startup Cost": 0.29, "Total Cost": 0.31, "Plan Rows": 1, "Plan Width": 4, "Index Cond": "(i_item_sk = store_returns.sr_item_sk)"}]}]}]}]}, {"Node Type": "Sort", "Parent Relationship": "Inner", "Parallel Aware": false, "Async Capable": false, "Startup Cost": 455562.12, "Total Cost": 455562.22, "Plan Rows": 39, "Plan Width": 24, "Sort Key": ["store_sales.ss_sold_date_sk"], "Plans": [{"Node Type": "Gather", "Parent Relationship": "Outer", "Parallel Aware": false, "Async Capable": false, "Startup Cost": 3178.13, "Total Cost": 455561.09, "Plan Rows": 39, "Plan Width": 24, "Workers Planned": 6, "Single Copy": false, "Plans": [{"Node Type": "Nested Loop", "Parent Relationship": "Outer", "Parallel Aware": false, "Async Capable": false, "Join Type": "Inner", "Startup Cost": 2178.13, "Total Cost": 454557.19, "Plan Rows": 6, "Plan Width": 24, "Inner Unique": true, "Plans": [{"Node Type": "Nested Loop", "Parent Relationship": "Outer", "Parallel Aware": false, "Async Capable": false, "Join Type": "Inner", "Startup Cost": 2177.99, "Total Cost": 454556.23, "Plan Rows": 6, "Plan Width": 28, "Inner Unique": false, "Plans": [{"Node Type": "Hash Join", "Parent Relationship": "Outer", "Parallel Aware": true, "Async Capable": false, "Join Type": "Inner", "Startup Cost": 2177.55, "Total Cost": 406440.62, "Plan Rows": 7032, "Plan Width": 8, "Inner Unique": true, "Hash Cond": "(catalog_sales.cs_sold_date_sk = d3.d_date_sk)", "Plans": [{"Node Type": "Seq Scan", "Parent Relationship": "Outer", "Parallel Aware": true, "Async Capable": false, "Relation Name": "catalog_sales", "Alias": "catalog_sales", "Startup Cost": 0.0, "Total Cost": 397962.14, "Plan Rows": 2400214, "Plan Width": 12}, {"Node Type": "Hash", "Parent Relationship": "Inner", "Parallel Aware": true, "Async Capable": false, "Startup Cost": 2175.97, "Total Cost": 2175.97, "Plan Rows": 126, "Plan Width": 4, "Plans": [{"Node Type": "Seq Scan", "Parent Relationship": "Outer", "Parallel Aware": true, "Async Capable": false, "Relation Name": "date_dim", "Alias": "d3", "Startup Cost": 0.0, "Total Cost": 2175.97, "Plan Rows": 126, "Plan Width": 4, "Filter": "((d_moy >= 4) AND (d_moy <= 10) AND (d_year = 1998))"}]}]}, {"Node Type": "Index Scan", "Parent Relationship": "Inner", "Parallel Aware": false, "Async Capable": false, "Scan Direction": "Forward", "Index Name": "store_sales_pkey", "Relation Name": "store_sales", "Alias": "store_sales", "Startup Cost": 0.44, "Total Cost": 6.83, "Plan Rows": 1, "Plan Width": 20, "Index Cond": "(ss_item_sk = catalog_sales.cs_item_sk)", "Filter": "(catalog_sales.cs_bill_customer_sk = ss_customer_sk)"}]}, {"Node Type": "Index Only Scan", "Parent Relationship": "Inner", "Parallel Aware": false, "Async Capable": false, "Scan Direction": "Forward", "Index Name": "store_pkey", "Relation Name": "store", "Alias": "store", "Startup Cost": 0.14, "Total Cost": 0.16, "Plan Rows": 1, "Plan Width": 4, "Index Cond": "(s_store_sk = store_sales.ss_store_sk)"}]}]}]}]}]}}, {"Plan": {"Node Type": "Aggregate", "Strategy": "Plain", "Partial Mode": "Simple", "Parallel Aware": false, "Async Capable": false, "Startup Cost": 292353.56, "Total Cost": 292353.57, "Plan Rows": 1, "Plan Width": 8, "Plans": [{"Node Type": "Merge Join", "Parent Relationship": "Outer", "Parallel Aware": false, "Async Capable": false, "Join Type": "Inner", "Startup Cost": 281562.85, "Total Cost": 292353.56, "Plan Rows": 1, "Plan Width": 0, "Inner Unique": false, "Merge Cond": "(d1.d_date_sk = store_sales.ss_sold_date_sk)", "Join Filter": "((store_sales.ss_item_sk = item.i_item_sk) AND (catalog_sales.cs_bill_customer_sk = store_sales.ss_customer_sk))", "Plans": [{"Node Type": "Nested Loop", "Parent Relationship": "Outer", "Parallel Aware": false, "Async Capable": false, "Join Type": "Inner", "Startup Cost": 7147.24, "Total Cost": 435362.28, "Plan Rows": 1265670, "Plan Width": 16, "Inner Unique": false, "Plans": [{"Node Type": "Index Scan", "Parent Relationship": "Outer", "Parallel Aware": false, "Async Capable": false, "Scan Direction": "Forward", "Index Name": "date_dim_pkey", "Relation Name": "date_dim", "Alias": "d1", "Startup Cost": 0.29, "Total Cost": 3696.27, "Plan Rows": 30, "Plan Width": 4, "Filter": "((d_moy = 4) AND (d_year = 1998))"}, {"Node Type": "Materialize", "Parent Relationship": "Inner", "Parallel Aware": false, "Async Capable": false, "Startup Cost": 7146.95, "Total Cost": 415950.61, "Plan Rows": 42189, "Plan Width": 12, "Plans": [{"Node Type": "Hash Join", "Parent Relationship": "Outer", "Parallel Aware": false, "Async Capable": false, "Join Type": "Inner", "Startup Cost": 7146.95, "Total Cost": 415739.66, "Plan Rows": 42189, "Plan Width": 12, "Inner Unique": true, "Hash Cond": "(catalog_sales.cs_item_sk = item.i_item_sk)", "Plans": [{"Node Type": "Gather", "Parent Relationship": "Outer", "Parallel Aware": false, "Async Capable": false, "Startup Cost": 3177.55, "Total Cost": 411659.52, "Plan Rows": 42189, "Plan Width": 8, "Workers Planned": 6, "Single Copy": false, "Plans": [{"Node Type": "Hash Join", "Parent Relationship": "Outer", "Parallel Aware": true, "Async Capable": false, "Join Type": "Inner", "Startup Cost": 2177.55, "Total Cost": 406440.62, "Plan Rows": 7032, "Plan Width": 8, "Inner Unique": true, "Hash Cond": "(catalog_sales.cs_sold_date_sk = d3.d_date_sk)", "Plans": [{"Node Type": "Seq Scan", "Parent Relationship": "Outer", "Parallel Aware": true, "Async Capable": false, "Relation Name": "catalog_sales", "Alias": "catalog_sales", "Startup Cost": 0.0, "Total Cost": 397962.14, "Plan Rows": 2400214, "Plan Width": 12}, {"Node Type": "Hash", "Parent Relationship": "Inner", "Parallel Aware": true, "Async Capable": false, "Startup Cost": 2175.97, "Total Cost": 2175.97, "Plan Rows": 126, "Plan Width": 4, "Plans": [{"Node Type": "Seq Scan", "Parent Relationship": "Outer", "Parallel Aware": true, "Async Capable": false, "Relation Name": "date_dim", "Alias": "d3", "Startup Cost": 0.0, "Total Cost": 2175.97, "Plan Rows": 126, "Plan Width": 4, "Filter": "((d_moy >= 4) AND (d_moy <= 10) AND (d_year = 1998))"}]}]}]}, {"Node Type": "Hash", "Parent Relationship": "Inner", "Parallel Aware": false, "Async Capable": false, "Startup Cost": 2694.4, "Total Cost": 2694.4, "Plan Rows": 102000, "Plan Width": 4, "Plans": [{"Node Type": "Index Only Scan", "Parent Relationship": "Outer", "Parallel Aware": false, "Async Capable": false, "Scan Direction": "Forward", "Index Name": "item_pkey", "Relation Name": "item", "Alias": "item", "Startup Cost": 0.29, "Total Cost": 2694.4, "Plan Rows": 102000, "Plan Width": 4}]}]}]}]}, {"Node Type": "Materialize", "Parent Relationship": "Inner", "Parallel Aware": false, "Async Capable": false, "Startup Cost": 63039.9, "Total Cost": 63039.9, "Plan Rows": 1, "Plan Width": 20, "Plans": [{"Node Type": "Sort", "Parent Relationship": "Outer", "Parallel Aware": false, "Async Capable": false, "Startup Cost": 63039.9, "Total Cost": 63039.9, "Plan Rows": 1, "Plan Width": 20, "Sort Key": ["store_sales.ss_sold_date_sk"], "Plans": [{"Node Type": "Nested Loop", "Parent Relationship": "Outer", "Parallel Aware": false, "Async Capable": false, "Join Type": "Inner", "Startup Cost": 3178.13, "Total Cost": 63039.89, "Plan Rows": 1, "Plan Width": 20, "Inner Unique": true, "Plans": [{"Node Type": "Gather", "Parent Relationship": "Outer", "Parallel Aware": false, "Async Capable": false, "Startup Cost": 3177.99, "Total Cost": 63039.73, "Plan Rows": 1, "Plan Width": 24, "Workers Planned": 4, "Single Copy": false, "Plans": [{"Node Type": "Nested Loop", "Parent Relationship": "Outer", "Parallel Aware": false, "Async Capable": false, "Join Type": "Inner", "Startup Cost": 2177.99, "Total Cost": 62039.63, "Plan Rows": 1, "Plan Width": 24, "Inner Unique": true, "Plans": [{"Node Type": "Hash Join", "Parent Relationship": "Outer", "Parallel Aware": true, "Async Capable": false, "Join Type": "Inner", "Startup Cost": 2177.55, "Total Cost": 59205.23, "Plan Rows": 2106, "Plan Width": 12, "Inner Unique": true, "Hash Cond": "(store_returns.sr_returned_date_sk = d2.d_date_sk)", "Plans": [{"Node Type": "Seq Scan", "Parent Relationship": "Outer", "Parallel Aware": true, "Async Capable": false, "Relation Name": "store_returns", "Alias": "store_returns", "Startup Cost": 0.0, "Total Cost": 55140.58, "Plan Rows": 718858, "Plan Width": 16}, {"Node Type": "Hash", "Parent Relationship": "Inner", "Parallel Aware": true, "Async Capable": false, "Startup Cost": 2175.97, "Total Cost": 2175.97, "Plan Rows": 126, "Plan Width": 4, "Plans": [{"Node Type": "Seq Scan", "Parent Relationship": "Outer", "Parallel Aware": true, "Async Capable": false, "Relation Name": "date_dim", "Alias": "d2", "Startup Cost": 0.0, "Total Cost": 2175.97, "Plan Rows": 126, "Plan Width": 4, "Filter": "((d_moy >= 4) AND (d_moy <= 10) AND (d_year = 1998))"}]}]}, {"Node Type": "Index Scan", "Parent Relationship": "Inner", "Parallel Aware": false, "Async Capable": false, "Scan Direction": "Forward", "Index Name": "store_sales_pkey", "Relation Name": "store_sales", "Alias": "store_sales", "Startup Cost": 0.44, "Total Cost": 1.34, "Plan Rows": 1, "Plan Width": 20, "Index Cond": "((ss_item_sk = store_returns.sr_item_sk) AND (ss_ticket_number = store_returns.sr_ticket_number))", "Filter": "(store_returns.sr_customer_sk = ss_customer_sk)"}]}]}, {"Node Type": "Index Only Scan", "Parent Relationship": "Inner", "Parallel Aware": false, "Async Capable": false, "Scan Direction": "Forward", "Index Name": "store_pkey", "Relation Name": "store", "Alias": "store", "Startup Cost": 0.14, "Total Cost": 0.16, "Plan Rows": 1, "Plan Width": 4, "Index Cond": "(s_store_sk = store_sales.ss_store_sk)"}]}]}]}]}]}}, {"Plan": {"Node Type": "Aggregate", "Strategy": "Plain", "Partial Mode": "Simple", "Parallel Aware": false, "Async Capable": false, "Startup Cost": 527996.32, "Total Cost": 527996.33, "Plan Rows": 1, "Plan Width": 8, "Plans": [{"Node Type": "Hash Join", "Parent Relationship": "Outer", "Parallel Aware": false, "Async Capable": false, "Join Type": "Inner", "Startup Cost": 75612.76, "Total Cost": 527996.32, "Plan Rows": 1, "Plan Width": 0, "Inner Unique": false, "Hash Cond": "((store_sales.ss_sold_date_sk = d1.d_date_sk) AND (store_sales.ss_item_sk = item.i_item_sk) AND (store_sales.ss_customer_sk = store_returns.sr_customer_sk) AND (store_sales.ss_ticket_number = store_returns.sr_ticket_number))", "Plans": [{"Node Type": "Gather", "Parent Relationship": "Outer", "Parallel Aware": false, "Async Capable": false, "Startup Cost": 3178.13, "Total Cost": 455561.09, "Plan Rows": 39, "Plan Width": 24, "Workers Planned": 6, "Single Copy": false, "Plans": [{"Node Type": "Nested Loop", "Parent Relationship": "Outer", "Parallel Aware": false, "Async Capable": false, "Join Type": "Inner", "Startup Cost": 2178.13, "Total Cost": 454557.19, "Plan Rows": 6, "Plan Width": 24, "Inner Unique": true, "Plans": [{"Node Type": "Nested Loop", "Parent Relationship": "Outer", "Parallel Aware": false, "Async Capable": false, "Join Type": "Inner", "Startup Cost": 2177.99, "Total Cost": 454556.23, "Plan Rows": 6, "Plan Width": 28, "Inner Unique": false, "Plans": [{"Node Type": "Hash Join", "Parent Relationship": "Outer", "Parallel Aware": true, "Async Capable": false, "Join Type": "Inner", "Startup Cost": 2177.55, "Total Cost": 406440.62, "Plan Rows": 7032, "Plan Width": 8, "Inner Unique": true, "Hash Cond": "(catalog_sales.cs_sold_date_sk = d3.d_date_sk)", "Plans": [{"Node Type": "Seq Scan", "Parent Relationship": "Outer", "Parallel Aware": true, "Async Capable": false, "Relation Name": "catalog_sales", "Alias": "catalog_sales", "Startup Cost": 0.0, "Total Cost": 397962.14, "Plan Rows": 2400214, "Plan Width": 12}, {"Node Type": "Hash", "Parent Relationship": "Inner", "Parallel Aware": true, "Async Capable": false, "Startup Cost": 2175.97, "Total Cost": 2175.97, "Plan Rows": 126, "Plan Width": 4, "Plans": [{"Node Type": "Seq Scan", "Parent Relationship": "Outer", "Parallel Aware": true, "Async Capable": false, "Relation Name": "date_dim", "Alias": "d3", "Startup Cost": 0.0, "Total Cost": 2175.97, "Plan Rows": 126, "Plan Width": 4, "Filter": "((d_moy >= 4) AND (d_moy <= 10) AND (d_year = 1998))"}]}]}, {"Node Type": "Index Scan", "Parent Relationship": "Inner", "Parallel Aware": false, "Async Capable": false, "Scan Direction": "Forward", "Index Name": "store_sales_pkey", "Relation Name": "store_sales", "Alias": "store_sales", "Startup Cost": 0.44, "Total Cost": 6.83, "Plan Rows": 1, "Plan Width": 20, "Index Cond": "(ss_item_sk = catalog_sales.cs_item_sk)", "Filter": "(catalog_sales.cs_bill_customer_sk = ss_customer_sk)"}]}, {"Node Type": "Index Only Scan", "Parent Relationship": "Inner", "Parallel Aware": false, "Async Capable": false, "Scan Direction": "Forward", "Index Name": "store_pkey", "Relation Name": "store", "Alias": "store", "Startup Cost": 0.14, "Total Cost": 0.16, "Plan Rows": 1, "Plan Width": 4, "Index Cond": "(s_store_sk = store_sales.ss_store_sk)"}]}]}, {"Node Type": "Hash", "Parent Relationship": "Inner", "Parallel Aware": false, "Async Capable": false, "Startup Cost": 67380.23, "Total Cost": 67380.23, "Plan Rows": 252720, "Plan Width": 20, "Plans": [{"Node Type": "Nested Loop", "Parent Relationship": "Outer", "Parallel Aware": false, "Async Capable": false, "Join Type": "Inner", "Startup Cost": 3177.84, "Total Cost": 67380.23, "Plan Rows": 252720, "Plan Width": 20, "Inner Unique": false, "Plans": [{"Node Type": "Gather", "Parent Relationship": "Outer", "Parallel Aware": false, "Async Capable": false, "Startup Cost": 3177.84, "Total Cost": 61701.42, "Plan Rows": 8424, "Plan Width": 16, "Workers Planned": 4, "Single Copy": false, "Plans": [{"Node Type": "Nested Loop", "Parent Relationship": "Outer", "Parallel Aware": false, "Async Capable": false, "Join Type": "Inner", "Startup Cost": 2177.84, "Total Cost": 59859.02, "Plan Rows": 2106, "Plan Width": 16, "Inner Unique": true, "Plans": [{"Node Type": "Hash Join", "Parent Relationship": "Outer", "Parallel Aware": true, "Async Capable": false, "Join Type": "Inner", "Startup Cost": 2177.55, "Total Cost": 59205.23, "Plan Rows": 2106, "Plan Width": 12, "Inner Unique": true, "Hash Cond": "(store_returns.sr_returned_date_sk = d2.d_date_sk)", "Plans": [{"Node Type": "Seq Scan", "Parent Relationship": "Outer", "Parallel Aware": true, "Async Capable": false, "Relation Name": "store_returns", "Alias": "store_returns", "Startup Cost": 0.0, "Total Cost": 55140.58, "Plan Rows": 718858, "Plan Width": 16}, {"Node Type": "Hash", "Parent Relationship": "Inner", "Parallel Aware": true, "Async Capable": false, "Startup Cost": 2175.97, "Total Cost": 2175.97, "Plan Rows": 126, "Plan Width": 4, "Plans": [{"Node Type": "Seq Scan", "Parent Relationship": "Outer", "Parallel Aware": true, "Async Capable": false, "Relation Name": "date_dim", "Alias": "d2", "Startup Cost": 0.0, "Total Cost": 2175.97, "Plan Rows": 126, "Plan Width": 4, "Filter": "((d_moy >= 4) AND (d_moy <= 10) AND (d_year = 1998))"}]}]}, {"Node Type": "Index Only Scan", "Parent Relationship": "Inner", "Parallel Aware": false, "Async Capable": false, "Scan Direction": "Forward", "Index Name": "item_pkey", "Relation Name": "item", "Alias": "item", "Startup Cost": 0.29, "Total Cost": 0.31, "Plan Rows": 1, "Plan Width": 4, "Index Cond": "(i_item_sk = store_returns.sr_item_sk)"}]}]}, {"Node Type": "Materialize", "Parent Relationship": "Inner", "Parallel Aware": false, "Async Capable": false, "Startup Cost": 0.0, "Total Cost": 2519.88, "Plan Rows": 30, "Plan Width": 4, "Plans": [{"Node Type": "Seq Scan", "Parent Relationship": "Outer", "Parallel Aware": false, "Async Capable": false, "Relation Name": "date_dim", "Alias": "d1", "Startup Cost": 0.0, "Total Cost": 2519.73, "Plan Rows": 30, "Plan Width": 4, "Filter": "((d_moy = 4) AND (d_year = 1998))"}]}]}]}]}]}}, {"Plan": {"Node Type": "Aggregate", "Strategy": "Plain", "Partial Mode": "Simple", "Parallel Aware": false, "Async Capable": false, "Startup Cost": 6383132.3, "Total Cost": 6383132.31, "Plan Rows": 1, "Plan Width": 8, "Plans": [{"Node Type": "Merge Join", "Parent Relationship": "Outer", "Parallel Aware": false, "Async Capable": false, "Join Type": "Inner", "Startup Cost": 408891.41, "Total Cost": 6383132.3, "Plan Rows": 1, "Plan Width": 0, "Inner Unique": false, "Merge Cond": "(store_sales.ss_item_sk = item.i_item_sk)", "Join Filter": "((d1.d_date_sk = store_sales.ss_sold_date_sk) AND (catalog_sales.cs_bill_customer_sk = store_sales.ss_customer_sk) AND (d2.d_date_sk = store_returns.sr_returned_date_sk))", "Plans": [{"Node Type": "Nested Loop", "Parent Relationship": "Outer", "Parallel Aware": false, "Async Capable": false, "Join Type": "Inner", "Startup Cost": 1001.07, "Total Cost": 1221760.77, "Plan Rows": 1, "Plan Width": 24, "Inner Unique": true, "Plans": [{"Node Type": "Gather Merge", "Parent Relationship": "Outer", "Parallel Aware": false, "Async Capable": false, "Startup Cost": 1000.93, "Total Cost": 1221760.61, "Plan Rows": 1, "Plan Width": 28, "Workers Planned": 4, "Plans": [{"Node Type": "Nested Loop", "Parent Relationship": "Outer", "Parallel Aware": false, "Async Capable": false, "Join Type": "Inner", "Startup Cost": 0.87, "Total Cost": 1220760.43, "Plan Rows": 1, "Plan Width": 28, "Inner Unique": true, "Plans": [{"Node Type": "Index Scan", "Parent Relationship": "Outer", "Parallel Aware": true, "Async Capable": false, "Scan Direction": "Forward", "Index Name": "store_returns_pkey", "Relation Name": "store_returns", "Alias": "store_returns", "Startup Cost": 0.43, "Total Cost": 253274.17, "Plan Rows": 718858, "Plan Width": 16}, {"Node Type": "Index Scan", "Parent Relationship": "Inner", "Parallel Aware": false, "Async Capable": false, "Scan Direction": "Forward", "Index Name": "store_sales_pkey", "Relation Name": "store_sales", "Alias": "store_sales", "Startup Cost": 0.44, "Total Cost": 1.34, "Plan Rows": 1, "Plan Width": 20, "Index Cond": "((ss_item_sk = store_returns.sr_item_sk) AND (ss_ticket_number = store_returns.sr_ticket_number))", "Filter": "(store_returns.sr_customer_sk = ss_customer_sk)"}]}]}, {"Node Type": "Index Only Scan", "Parent Relationship": "Inner", "Parallel Aware": false, "Async Capable": false, "Scan Direction": "Forward", "Index Name": "store_pkey", "Relation Name": "store", "Alias": "store", "Startup Cost": 0.14, "Total Cost": 0.16, "Plan Rows": 1, "Plan Width": 4, "Index Cond": "(s_store_sk = store_sales.ss_store_sk)"}]}, {"Node Type": "Materialize", "Parent Relationship": "Inner", "Parallel Aware": false, "Async Capable": false, "Startup Cost": 407890.34, "Total Cost": 4484191.61, "Plan Rows": 270853380, "Plan Width": 20, "Plans": [{"Node Type": "Nested Loop", "Parent Relationship": "Outer", "Parallel Aware": false, "Async Capable": false, "Join Type": "Inner", "Startup Cost": 407890.34, "Total Cost": 3807058.16, "Plan Rows": 270853380, "Plan Width": 20, "Inner Unique": false, "Plans": [{"Node Type": "Gather Merge", "Parent Relationship": "Outer", "Parallel Aware": false, "Async Capable": false, "Startup Cost": 407890.34, "Total Cost": 416072.45, "Plan Rows": 42189, "Plan Width": 12, "Workers Planned": 6, "Plans": [{"Node Type": "Merge Join", "Parent Relationship": "Outer", "Parallel Aware": false, "Async Capable": false, "Join Type": "Inner", "Startup Cost": 406890.24, "Total Cost": 409944.83, "Plan Rows": 7032, "Plan Width": 12, "Inner Unique": true, "Merge Cond": "(catalog_sales.cs_item_sk = item.i_item_sk)", "Plans": [{"Node Type": "Sort", "Parent Relationship": "Outer", "Parallel Aware": false, "Async Capable": false, "Startup Cost": 406889.95, "Total Cost": 406907.53, "Plan Rows": 7032, "Plan Width": 8, "Sort Key": ["catalog_sales.cs_item_sk"], "Plans": [{"Node Type": "Hash Join", "Parent Relationship": "Outer", "Parallel Aware": true, "Async Capable": false, "Join Type": "Inner", "Startup Cost": 2177.55, "Total Cost": 406440.62, "Plan Rows": 7032, "Plan Width": 8, "Inner Unique": true, "Hash Cond": "(catalog_sales.cs_sold_date_sk = d3.d_date_sk)", "Plans": [{"Node Type": "Seq Scan", "Parent Relationship": "Outer", "Parallel Aware": true, "Async Capable": false, "Relation Name": "catalog_sales", "Alias": "catalog_sales", "Startup Cost": 0.0, "Total Cost": 397962.14, "Plan Rows": 2400214, "Plan Width": 12}, {"Node Type": "Hash", "Parent Relationship": "Inner", "Parallel Aware": true, "Async Capable": false, "Startup Cost": 2175.97, "Total Cost": 2175.97, "Plan Rows": 126, "Plan Width": 4, "Plans": [{"Node Type": "Seq Scan", "Parent Relationship": "Outer", "Parallel Aware": true, "Async Capable": false, "Relation Name": "date_dim", "Alias": "d3", "Startup Cost": 0.0, "Total Cost": 2175.97, "Plan Rows": 126, "Plan Width": 4, "Filter": "((d_moy >= 4) AND (d_moy <= 10) AND (d_year = 1998))"}]}]}]}, {"Node Type": "Index Only Scan", "Parent Relationship": "Inner", "Parallel Aware": false, "Async Capable": false, "Scan Direction": "Forward", "Index Name": "item_pkey", "Relation Name": "item", "Alias": "item", "Startup Cost": 0.29, "Total Cost": 2694.4, "Plan Rows": 102000, "Plan Width": 4}]}]}, {"Node Type": "Materialize", "Parent Relationship": "Inner", "Parallel Aware": false, "Async Capable": false, "Startup Cost": 0.0, "Total Cost": 5334.52, "Plan Rows": 6420, "Plan Width": 8, "Plans": [{"Node Type": "Nested Loop", "Parent Relationship": "Outer", "Parallel Aware": false, "Async Capable": false, "Join Type": "Inner", "Startup Cost": 0.0, "Total Cost": 5302.42, "Plan Rows": 6420, "Plan Width": 8, "Inner Unique": false, "Plans": [{"Node Type": "Seq Scan", "Parent Relationship": "Outer", "Parallel Aware": false, "Async Capable": false, "Relation Name": "date_dim", "Alias": "d2", "Startup Cost": 0.0, "Total Cost": 2702.36, "Plan Rows": 214, "Plan Width": 4, "Filter": "((d_moy >= 4) AND (d_moy <= 10) AND (d_year = 1998))"}, {"Node Type": "Materialize", "Parent Relationship": "Inner", "Parallel Aware": false, "Async Capable": false, "Startup Cost": 0.0, "Total Cost": 2519.88, "Plan Rows": 30, "Plan Width": 4, "Plans": [{"Node Type": "Seq Scan", "Parent Relationship": "Outer", "Parallel Aware": false, "Async Capable": false, "Relation Name": "date_dim", "Alias": "d1", "Startup Cost": 0.0, "Total Cost": 2519.73, "Plan Rows": 30, "Plan Width": 4, "Filter": "((d_moy = 4) AND (d_year = 1998))"}]}]}]}]}]}]}]}}, {"Plan": {"Node Type": "Aggregate", "Strategy": "Plain", "Partial Mode": "Simple", "Parallel Aware": false, "Async Capable": false, "Startup Cost": 514647.34, "Total Cost": 514647.35, "Plan Rows": 1, "Plan Width": 8, "Actual Rows": 1, "Actual Loops": 1, "Plans": [{"Node Type": "Gather", "Parent Relationship": "Outer", "Parallel Aware": false, "Async Capable": false, "Startup Cost": 452075.79, "Total Cost": 514647.34, "Plan Rows": 1, "Plan Width": 0, "Actual Rows": 0, "Actual Loops": 1, "Workers Planned": 4, "Workers Launched": 4, "Single Copy": false, "Plans": [{"Node Type": "Hash Join", "Parent Relationship": "Outer", "Parallel Aware": true, "Async Capable": false, "Join Type": "Inner", "Startup Cost": 451075.79, "Total Cost": 513647.24, "Plan Rows": 1, "Plan Width": 0, "Actual Rows": 0, "Actual Loops": 5, "Inner Unique": false, "Hash Cond": "((store_sales.ss_item_sk = item.i_item_sk) AND (store_sales.ss_customer_sk = catalog_sales.cs_bill_customer_sk) AND (d3.d_date_sk = catalog_sales.cs_sold_date_sk))", "Workers": [], "Plans": [{"Node Type": "Nested Loop", "Parent Relationship": "Outer", "Parallel Aware": false, "Async Capable": false, "Join Type": "Inner", "Startup Cost": 2178.42, "Total Cost": 64744.6, "Plan Rows": 54, "Plan Width": 20, "Actual Rows": 802628, "Actual Loops": 5, "Inner Unique": false, "Workers": [], "Plans": [{"Node Type": "Nested Loop", "Parent Relationship": "Outer", "Parallel Aware": false, "Async Capable": false, "Join Type": "Inner", "Startup Cost": 2178.42, "Total Cost": 62040.1, "Plan Rows": 1, "Plan Width": 16, "Actual Rows": 3751, "Actual Loops": 5, "Inner Unique": true, "Workers": [], "Plans": [{"Node Type": "Nested Loop", "Parent Relationship": "Outer", "Parallel Aware": false, "Async Capable": false, "Join Type": "Inner", "Startup Cost": 2178.28, "Total Cost": 62039.94, "Plan Rows": 1, "Plan Width": 20, "Actual Rows": 3802, "Actual Loops": 5, "Inner Unique": true, "Workers": [], "Plans": [{"Node Type": "Nested Loop", "Parent Relationship": "Outer", "Parallel Aware": false, "Async Capable": false, "Join Type": "Inner", "Startup Cost": 2177.99, "Total Cost": 62039.63, "Plan Rows": 1, "Plan Width": 24, "Actual Rows": 28061, "Actual Loops": 5, "Inner Unique": true, "Workers": [], "Plans": [{"Node Type": "Hash Join", "Parent Relationship": "Outer", "Parallel Aware": true, "Async Capable": false, "Join Type": "Inner", "Startup Cost": 2177.55, "Total Cost": 59205.23, "Plan Rows": 2106, "Plan Width": 12, "Actual Rows": 37853, "Actual Loops": 5, "Inner Unique": true, "Hash Cond": "(store_returns.sr_returned_date_sk = d2.d_date_sk)", "Workers": [], "Plans": [{"Node Type": "Seq Scan", "Parent Relationship": "Outer", "Parallel Aware": true, "Async Capable": false, "Relation Name": "store_returns", "Alias": "store_returns", "Startup Cost": 0.0, "Total Cost": 55140.58, "Plan Rows": 718858, "Plan Width": 16, "Actual Rows": 575086, "Actual Loops": 5, "Workers": []}, {"Node Type": "Hash", "Parent Relationship": "Inner", "Parallel Aware": true, "Async Capable": false, "Startup Cost": 2175.97, "Total Cost": 2175.97, "Plan Rows": 126, "Plan Width": 4, "Actual Rows": 43, "Actual Loops": 5, "Hash Buckets": 1024, "Original Hash Buckets": 1024, "Hash Batches": 1, "Original Hash Batches": 1, "Peak Memory Usage": 168, "Workers": [], "Plans": [{"Node Type": "Seq Scan", "Parent Relationship": "Outer", "Parallel Aware": true, "Async Capable": false, "Relation Name": "date_dim", "Alias": "d2", "Startup Cost": 0.0, "Total Cost": 2175.97, "Plan Rows": 126, "Plan Width": 4, "Actual Rows": 43, "Actual Loops": 5, "Filter": "((d_moy >= 4) AND (d_moy <= 10) AND (d_year = 1998))", "Rows Removed by Filter": 14567, "Workers": []}]}]}, {"Node Type": "Index Scan", "Parent Relationship": "Inner", "Parallel Aware": false, "Async Capable": false, "Scan Direction": "Forward", "Index Name": "store_sales_pkey", "Relation Name": "store_sales", "Alias": "store_sales", "Startup Cost": 0.44, "Total Cost": 1.34, "Plan Rows": 1, "Plan Width": 20, "Actual Rows": 1, "Actual Loops": 189263, "Index Cond": "((ss_item_sk = store_returns.sr_item_sk) AND (ss_ticket_number = store_returns.sr_ticket_number))", "Rows Removed by Index Recheck": 0, "Filter": "(store_returns.sr_customer_sk = ss_customer_sk)", "Rows Removed by Filter": 0, "Workers": []}]}, {"Node Type": "Index Scan", "Parent Relationship": "Inner", "Parallel Aware": false, "Async Capable": false, "Scan Direction": "Forward", "Index Name": "date_dim_pkey", "Relation Name": "date_dim", "Alias": "d1", "Startup Cost": 0.29, "Total Cost": 0.32, "Plan Rows": 1, "Plan Width": 4, "Actual Rows": 0, "Actual Loops": 140303, "Index Cond": "(d_date_sk = store_sales.ss_sold_date_sk)", "Rows Removed by Index Recheck": 0, "Filter": "((d_moy = 4) AND (d_year = 1998))", "Rows Removed by Filter": 1, "Workers": []}]}, {"Node Type": "Index Only Scan", "Parent Relationship": "Inner", "Parallel Aware": false, "Async Capable": false, "Scan Direction": "Forward", "Index Name": "store_pkey", "Relation Name": "store", "Alias": "store", "Startup Cost": 0.14, "Total Cost": 0.16, "Plan Rows": 1, "Plan Width": 4, "Actual Rows": 1, "Actual Loops": 19010, "Index Cond": "(s_store_sk = store_sales.ss_store_sk)", "Rows Removed by Index Recheck": 0, "Heap Fetches": 18753, "Workers": []}]}, {"Node Type": "Seq Scan", "Parent Relationship": "Inner", "Parallel Aware": false, "Async Capable": false, "Relation Name": "date_dim", "Alias": "d3", "Startup Cost": 0.0, "Total Cost": 2702.36, "Plan Rows": 214, "Plan Width": 4, "Actual Rows": 214, "Actual Loops": 18753, "Filter": "((d_moy >= 4) AND (d_moy <= 10) AND (d_year = 1998))", "Rows Removed by Filter": 72835, "Workers": []}]}, {"Node Type": "Hash", "Parent Relationship": "Inner", "Parallel Aware": true, "Async Capable": false, "Startup Cost": 406893.62, "Total Cost": 406893.62, "Plan Rows": 2400214, "Plan Width": 16, "Actual Rows": 2880252, "Actual Loops": 5, "Hash Buckets": 16777216, "Original Hash Buckets": 16777216, "Hash Batches": 1, "Original Hash Batches": 1, "Peak Memory Usage": 801824, "Workers": [], "Plans": [{"Node Type": "Hash Join", "Parent Relationship": "Outer", "Parallel Aware": true, "Async Capable": false, "Join Type": "Inner", "Startup Cost": 2630.65, "Total Cost": 406893.62, "Plan Rows": 2400214, "Plan Width": 16, "Actual Rows": 2880252, "Actual Loops": 5, "Inner Unique": true, "Hash Cond": "(catalog_sales.cs_item_sk = item.i_item_sk)", "Workers": [], "Plans": [{"Node Type": "Seq Scan", "Parent Relationship": "Outer", "Parallel Aware": true, "Async Capable": false, "Relation Name": "catalog_sales", "Alias": "catalog_sales", "Startup Cost": 0.0, "Total Cost": 397962.14, "Plan Rows": 2400214, "Plan Width": 12, "Actual Rows": 2880252, "Actual Loops": 5, "Workers": []}, {"Node Type": "Hash", "Parent Relationship": "Inner", "Parallel Aware": true, "Async Capable": false, "Startup Cost": 2099.4, "Total Cost": 2099.4, "Plan Rows": 42500, "Plan Width": 4, "Actual Rows": 20400, "Actual Loops": 5, "Hash Buckets": 131072, "Original Hash Buckets": 131072, "Hash Batches": 1, "Original Hash Batches": 1, "Peak Memory Usage": 5088, "Workers": [], "Plans": [{"Node Type": "Index Only Scan", "Parent Relationship": "Outer", "Parallel Aware": true, "Async Capable": false, "Scan Direction": "Forward", "Index Name": "item_pkey", "Relation Name": "item", "Alias": "item", "Startup Cost": 0.29, "Total Cost": 2099.4, "Plan Rows": 42500, "Plan Width": 4, "Actual Rows": 20400, "Actual Loops": 5, "Heap Fetches": 0, "Workers": []}]}]}]}]}]}]}, "Planning Time": 7.645, "Triggers": [], "Execution Time": 37326.846}, {"Plan": {"Node Type": "Aggregate", "Strategy": "Plain", "Partial Mode": "Simple", "Parallel Aware": false, "Async Capable": false, "Startup Cost": 739501.86, "Total Cost": 739501.87, "Plan Rows": 1, "Plan Width": 8, "Actual Rows": 1, "Actual Loops": 1, "Plans": [{"Node Type": "Merge Join", "Parent Relationship": "Outer", "Parallel Aware": false, "Async Capable": false, "Join Type": "Inner", "Startup Cost": 722482.69, "Total Cost": 739501.86, "Plan Rows": 1, "Plan Width": 0, "Actual Rows": 0, "Actual Loops": 1, "Inner Unique": false, "Merge Cond": "(d2.d_date_sk = store_returns.sr_returned_date_sk)", "Join Filter": "((store_sales.ss_item_sk = item.i_item_sk) AND (store_returns.sr_customer_sk = store_sales.ss_customer_sk) AND (store_sales.ss_ticket_number = store_returns.sr_ticket_number))", "Rows Removed by Join Filter": 2537510, "Plans": [{"Node Type": "Nested Loop", "Parent Relationship": "Outer", "Parallel Aware": false, "Async Capable": false, "Join Type": "Inner", "Startup Cost": 3076.36, "Total Cost": 617863.44, "Plan Rows": 2531192, "Plan Width": 16, "Actual Rows": 54302714, "Actual Loops": 1, "Inner Unique": false, "Plans": [{"Node Type": "Index Scan", "Parent Relationship": "Outer", "Parallel Aware": false, "Async Capable": false, "Scan Direction": "Forward", "Index Name": "date_dim_pkey", "Relation Name": "date_dim", "Alias": "d2", "Startup Cost": 0.29, "Total Cost": 3878.89, "Plan Rows": 214, "Plan Width": 4, "Actual Rows": 214, "Actual Loops": 1, "Filter": "((d_moy >= 4) AND (d_moy <= 10) AND (d_year = 1998))", "Rows Removed by Filter": 72835}, {"Node Type": "Materialize", "Parent Relationship": "Inner", "Parallel Aware": false, "Async Capable": false, "Startup Cost": 3076.07, "Total Cost": 582374.22, "Plan Rows": 11828, "Plan Width": 12, "Actual Rows": 253751, "Actual Loops": 214, "Plans": [{"Node Type": "Gather", "Parent Relationship": "Outer", "Parallel Aware": false, "Async Capable": false, "Startup Cost": 3076.07, "Total Cost": 582315.08, "Plan Rows": 11828, "Plan Width": 12, "Actual Rows": 253751, "Actual Loops": 1, "Workers Planned": 6, "Workers Launched": 6, "Single Copy": false, "Plans": [{"Node Type": "Hash Join", "Parent Relationship": "Outer", "Parallel Aware": false, "Async Capable": false, "Join Type": "Inner", "Startup Cost": 2076.07, "Total Cost": 580132.28, "Plan Rows": 1971, "Plan Width": 12, "Actual Rows": 36250, "Actual Loops": 7, "Inner Unique": true, "Hash Cond": "(store_sales.ss_store_sk = store.s_store_sk)", "Workers": [], "Plans": [{"Node Type": "Hash Join", "Parent Relationship": "Outer", "Parallel Aware": true, "Async Capable": false, "Join Type": "Inner", "Startup Cost": 2068.78, "Total Cost": 580119.61, "Plan Rows": 1971, "Plan Width": 16, "Actual Rows": 37135, "Actual Loops": 7, "Inner Unique": true, "Hash Cond": "(store_sales.ss_sold_date_sk = d1.d_date_sk)", "Workers": [], "Plans": [{"Node Type": "Seq Scan", "Parent Relationship": "Outer", "Parallel Aware": true, "Async Capable": false, "Relation Name": "store_sales", "Alias": "store_sales", "Startup Cost": 0.0, "Total Cost": 565449.69, "Plan Rows": 4800169, "Plan Width": 20, "Actual Rows": 4114427, "Actual Loops": 7, "Workers": []}, {"Node Type": "Hash", "Parent Relationship": "Inner", "Parallel Aware": true, "Async Capable": false, "Startup Cost": 2068.55, "Total Cost": 2068.55, "Plan Rows": 18, "Plan Width": 4, "Actual Rows": 4, "Actual Loops": 7, "Hash Buckets": 1024, "Original Hash Buckets": 1024, "Hash Batches": 1, "Original Hash Batches": 1, "Peak Memory Usage": 40, "Workers": [], "Plans": [{"Node Type": "Seq Scan", "Parent Relationship": "Outer", "Parallel Aware": true, "Async Capable": false, "Relation Name": "date_dim", "Alias": "d1", "Startup Cost": 0.0, "Total Cost": 2068.55, "Plan Rows": 18, "Plan Width": 4, "Actual Rows": 6, "Actual Loops": 5, "Filter": "((d_moy = 4) AND (d_year = 1998))", "Rows Removed by Filter": 14604, "Workers": []}]}]}, {"Node Type": "Hash", "Parent Relationship": "Inner", "Parallel Aware": false, "Async Capable": false, "Startup Cost": 6.02, "Total Cost": 6.02, "Plan Rows": 102, "Plan Width": 4, "Actual Rows": 102, "Actual Loops": 7, "Hash Buckets": 1024, "Original Hash Buckets": 1024, "Hash Batches": 1, "Original Hash Batches": 1, "Peak Memory Usage": 12, "Workers": [], "Plans": [{"Node Type": "Seq Scan", "Parent Relationship": "Outer", "Parallel Aware": false, "Async Capable": false, "Relation Name": "store", "Alias": "store", "Startup Cost": 0.0, "Total Cost": 6.02, "Plan Rows": 102, "Plan Width": 4, "Actual Rows": 102, "Actual Loops": 7, "Workers": []}]}]}]}]}]}, {"Node Type": "Sort", "Parent Relationship": "Inner", "Parallel Aware": false, "Async Capable": false, "Startup Cost": 415008.93, "Total Cost": 415008.94, "Plan Rows": 3, "Plan Width": 28, "Actual Rows": 2537512, "Actual Loops": 1, "Sort Key": ["store_returns.sr_returned_date_sk"], "Sort Method": "quicksort", "Sort Space Used": 30, "Sort Space Type": "Memory", "Plans": [{"Node Type": "Nested Loop", "Parent Relationship": "Outer", "Parallel Aware": false, "Async Capable": false, "Join Type": "Inner", "Startup Cost": 3178.27, "Total Cost": 415008.91, "Plan Rows": 3, "Plan Width": 28, "Actual Rows": 102, "Actual Loops": 1, "Inner Unique": true, "Plans": [{"Node Type": "Gather", "Parent Relationship": "Outer", "Parallel Aware": false, "Async Capable": false, "Startup Cost": 3177.98, "Total Cost": 415007.98, "Plan Rows": 3, "Plan Width": 24, "Actual Rows": 102, "Actual Loops": 1, "Workers Planned": 6, "Workers Launched": 6, "Single Copy": false, "Plans": [{"Node Type": "Nested Loop", "Parent Relationship": "Outer", "Parallel Aware": false, "Async Capable": false, "Join Type": "Inner", "Startup Cost": 2177.98, "Total Cost": 414007.68, "Plan Rows": 1, "Plan Width": 24, "Actual Rows": 15, "Actual Loops": 7, "Inner Unique": false, "Workers": [], "Plans": [{"Node Type": "Hash Join", "Parent Relationship": "Outer", "Parallel Aware": true, "Async Capable": false, "Join Type": "Inner", "Startup Cost": 2177.55, "Total Cost": 406440.62, "Plan Rows": 7032, "Plan Width": 8, "Actual Rows": 214143, "Actual Loops": 7, "Inner Unique": true, "Hash Cond": "(catalog_sales.cs_sold_date_sk = d3.d_date_sk)", "Workers": [], "Plans": [{"Node Type": "Seq Scan", "Parent Relationship": "Outer", "Parallel Aware": true, "Async Capable": false, "Relation Name": "catalog_sales", "Alias": "catalog_sales", "Startup Cost": 0.0, "Total Cost": 397962.14, "Plan Rows": 2400214, "Plan Width": 12, "Actual Rows": 2057323, "Actual Loops": 7, "Workers": []}, {"Node Type": "Hash", "Parent Relationship": "Inner", "Parallel Aware": true, "Async Capable": false, "Startup Cost": 2175.97, "Total Cost": 2175.97, "Plan Rows": 126, "Plan Width": 4, "Actual Rows": 31, "Actual Loops": 7, "Hash Buckets": 1024, "Original Hash Buckets": 1024, "Hash Batches": 1, "Original Hash Batches": 1, "Peak Memory Usage": 40, "Workers": [], "Plans": [{"Node Type": "Seq Scan", "Parent Relationship": "Outer", "Parallel Aware": true, "Async Capable": false, "Relation Name": "date_dim", "Alias": "d3", "Startup Cost": 0.0, "Total Cost": 2175.97, "Plan Rows": 126, "Plan Width": 4, "Actual Rows": 214, "Actual Loops": 1, "Filter": "((d_moy >= 4) AND (d_moy <= 10) AND (d_year = 1998))", "Rows Removed by Filter": 72835, "Workers": []}]}]}, {"Node Type": "Index Scan", "Parent Relationship": "Inner", "Parallel Aware": false, "Async Capable": false, "Scan Direction": "Forward", "Index Name": "store_returns_pkey", "Relation Name": "store_returns", "Alias": "store_returns", "Startup Cost": 0.43, "Total Cost": 1.07, "Plan Rows": 1, "Plan Width": 16, "Actual Rows": 0, "Actual Loops": 1499004, "Index Cond": "(sr_item_sk = catalog_sales.cs_item_sk)", "Rows Removed by Index Recheck": 0, "Filter": "(catalog_sales.cs_bill_customer_sk = sr_customer_sk)", "Rows Removed by Filter": 38, "Workers": []}]}]}, {"Node Type": "Index Only Scan", "Parent Relationship": "Inner", "Parallel Aware": false, "Async Capable": false, "Scan Direction": "Forward", "Index Name": "item_pkey", "Relation Name": "item", "Alias": "item", "Startup Cost": 0.29, "Total Cost": 0.31, "Plan Rows": 1, "Plan Width": 4, "Actual Rows": 1, "Actual Loops": 102, "Index Cond": "(i_item_sk = store_returns.sr_item_sk)", "Rows Removed by Index Recheck": 0, "Heap Fetches": 0}]}]}]}]}, "Planning Time": 7.843, "Triggers": [], "Execution Time": 25843.421}, {"Plan": {"Node Type": "Aggregate", "Strategy": "Plain", "Partial Mode": "Finalize", "Parallel Aware": false, "Async Capable": false, "Startup Cost": 517059.41, "Total Cost": 517059.42, "Plan Rows": 1, "Plan Width": 8, "Plans": [{"Node Type": "Gather", "Parent Relationship": "Outer", "Parallel Aware": false, "Async Capable": false, "Startup Cost": 517059.19, "Total Cost": 517059.4, "Plan Rows": 2, "Plan Width": 8, "Workers Planned": 2, "Single Copy": false, "Plans": [{"Node Type": "Aggregate", "Strategy": "Plain", "Partial Mode": "Partial", "Parent Relationship": "Outer", "Parallel Aware": false, "Async Capable": false, "Startup Cost": 516059.19, "Total Cost": 516059.2, "Plan Rows": 1, "Plan Width": 8, "Plans": [{"Node Type": "Hash Join", "Parent Relationship": "Outer", "Parallel Aware": true, "Async Capable": false, "Join Type": "Inner", "Startup Cost": 513800.68, "Total Cost": 516059.19, "Plan Rows": 1, "Plan Width": 0, "Inner Unique": false, "Hash Cond": "((item.i_item_sk = store_returns.sr_item_sk) AND (store_sales.ss_customer_sk = store_returns.sr_customer_sk) AND (store_sales.ss_ticket_number = store_returns.sr_ticket_number))", "Plans": [{"Node Type": "Hash Join", "Parent Relationship": "Outer", "Parallel Aware": true, "Async Capable": false, "Join Type": "Inner", "Startup Cost": 454558.59, "Total Cost": 456817.08, "Plan Rows": 1, "Plan Width": 24, "Inner Unique": false, "Hash Cond": "(item.i_item_sk = store_sales.ss_item_sk)", "Plans": [{"Node Type": "Index Only Scan", "Parent Relationship": "Outer", "Parallel Aware": true, "Async Capable": false, "Scan Direction": "Forward", "Index Name": "item_pkey", "Relation Name": "item", "Alias": "item", "Startup Cost": 0.29, "Total Cost": 2099.4, "Plan Rows": 42500, "Plan Width": 4}, {"Node Type": "Hash", "Parent Relationship": "Inner", "Parallel Aware": true, "Async Capable": false, "Startup Cost": 454558.28, "Total Cost": 454558.28, "Plan Rows": 1, "Plan Width": 20, "Plans": [{"Node Type": "Nested Loop", "Parent Relationship": "Outer", "Parallel Aware": false, "Async Capable": false, "Join Type": "Inner", "Startup Cost": 2178.42, "Total Cost": 454558.28, "Plan Rows": 1, "Plan Width": 20, "Inner Unique": true, "Plans": [{"Node Type": "Nested Loop", "Parent Relationship": "Outer", "Parallel Aware": false, "Async Capable": false, "Join Type": "Inner", "Startup Cost": 2178.28, "Total Cost": 454558.12, "Plan Rows": 1, "Plan Width": 24, "Inner Unique": true, "Plans": [{"Node Type": "Nested Loop", "Parent Relationship": "Outer", "Parallel Aware": false, "Async Capable": false, "Join Type": "Inner", "Startup Cost": 2177.99, "Total Cost": 454556.23, "Plan Rows": 6, "Plan Width": 28, "Inner Unique": false, "Plans": [{"Node Type": "Hash Join", "Parent Relationship": "Outer", "Parallel Aware": true, "Async Capable": false, "Join Type": "Inner", "Startup Cost": 2177.55, "Total Cost": 406440.62, "Plan Rows": 7032, "Plan Width": 8, "Inner Unique": true, "Hash Cond": "(catalog_sales.cs_sold_date_sk = d3.d_date_sk)", "Plans": [{"Node Type": "Seq Scan", "Parent Relationship": "Outer", "Parallel Aware": true, "Async Capable": false, "Relation Name": "catalog_sales", "Alias": "catalog_sales", "Startup Cost": 0.0, "Total Cost": 397962.14, "Plan Rows": 2400214, "Plan Width": 12}, {"Node Type": "Hash", "Parent Relationship": "Inner", "Parallel Aware": true, "Async Capable": false, "Startup Cost": 2175.97, "Total Cost": 2175.97, "Plan Rows": 126, "Plan Width": 4, "Plans": [{"Node Type": "Seq Scan", "Parent Relationship": "Outer", "Parallel Aware": true, "Async Capable": false, "Relation Name": "date_dim", "Alias": "d3", "Startup Cost": 0.0, "Total Cost": 2175.97, "Plan Rows": 126, "Plan Width": 4, "Filter": "((d_moy >= 4) AND (d_moy <= 10) AND (d_year = 1998))"}]}]}, {"Node Type": "Index Scan", "Parent Relationship": "Inner", "Parallel Aware": false, "Async Capable": false, "Scan Direction": "Forward", "Index Name": "store_sales_pkey", "Relation Name": "store_sales", "Alias": "store_sales", "Startup Cost": 0.44, "Total Cost": 6.83, "Plan Rows": 1, "Plan Width": 20, "Index Cond": "(ss_item_sk = catalog_sales.cs_item_sk)", "Filter": "(catalog_sales.cs_bill_customer_sk = ss_customer_sk)"}]}, {"Node Type": "Index Scan", "Parent Relationship": "Inner", "Parallel Aware": false, "Async Capable": false, "Scan Direction": "Forward", "Index Name": "date_dim_pkey", "Relation Name": "date_dim", "Alias": "d1", "Startup Cost": 0.29, "Total Cost": 0.32, "Plan Rows": 1, "Plan Width": 4, "Index Cond": "(d_date_sk = store_sales.ss_sold_date_sk)", "Filter": "((d_moy = 4) AND (d_year = 1998))"}]}, {"Node Type": "Index Only Scan", "Parent Relationship": "Inner", "Parallel Aware": false, "Async Capable": false, "Scan Direction": "Forward", "Index Name": "store_pkey", "Relation Name": "store", "Alias": "store", "Startup Cost": 0.14, "Total Cost": 0.16, "Plan Rows": 1, "Plan Width": 4, "Index Cond": "(s_store_sk = store_sales.ss_store_sk)"}]}]}]}, {"Node Type": "Hash", "Parent Relationship": "Inner", "Parallel Aware": true, "Async Capable": false, "Startup Cost": 59205.23, "Total Cost": 59205.23, "Plan Rows": 2106, "Plan Width": 12, "Plans": [{"Node Type": "Hash Join", "Parent Relationship": "Outer", "Parallel Aware": true, "Async Capable": false, "Join Type": "Inner", "Startup Cost": 2177.55, "Total Cost": 59205.23, "Plan Rows": 2106, "Plan Width": 12, "Inner Unique": true, "Hash Cond": "(store_returns.sr_returned_date_sk = d2.d_date_sk)", "Plans": [{"Node Type": "Seq Scan", "Parent Relationship": "Outer", "Parallel Aware": true, "Async Capable": false, "Relation Name": "store_returns", "Alias": "store_returns", "Startup Cost": 0.0, "Total Cost": 55140.58, "Plan Rows": 718858, "Plan Width": 16}, {"Node Type": "Hash", "Parent Relationship": "Inner", "Parallel Aware": true, "Async Capable": false, "Startup Cost": 2175.97, "Total Cost": 2175.97, "Plan Rows": 126, "Plan Width": 4, "Plans": [{"Node Type": "Seq Scan", "Parent Relationship": "Outer", "Parallel Aware": true, "Async Capable": false, "Relation Name": "date_dim", "Alias": "d2", "Startup Cost": 0.0, "Total Cost": 2175.97, "Plan Rows": 126, "Plan Width": 4, "Filter": "((d_moy >= 4) AND (d_moy <= 10) AND (d_year = 1998))"}]}]}]}]}]}]}]}}, {"Plan": {"Node Type": "Aggregate", "Strategy": "Plain", "Partial Mode": "Simple", "Parallel Aware": false, "Async Capable": false, "Startup Cost": 872777.48, "Total Cost": 872777.49, "Plan Rows": 1, "Plan Width": 8, "Plans": [{"Node Type": "Merge Join", "Parent Relationship": "Outer", "Parallel Aware": false, "Async Capable": false, "Join Type": "Inner", "Startup Cost": 857761.34, "Total Cost": 872777.48, "Plan Rows": 1, "Plan Width": 0, "Inner Unique": false, "Merge Cond": "(d2.d_date_sk = store_returns.sr_returned_date_sk)", "Join Filter": "((store_sales.ss_item_sk = item.i_item_sk) AND (catalog_sales.cs_bill_customer_sk = store_sales.ss_customer_sk))", "Plans": [{"Node Type": "Nested Loop", "Parent Relationship": "Outer", "Parallel Aware": false, "Async Capable": false, "Join Type": "Inner", "Startup Cost": 7147.24, "Total Cost": 532579.61, "Plan Rows": 9028446, "Plan Width": 16, "Inner Unique": false, "Plans": [{"Node Type": "Index Scan", "Parent Relationship": "Outer", "Parallel Aware": false, "Async Capable": false, "Scan Direction": "Forward", "Index Name": "date_dim_pkey", "Relation Name": "date_dim", "Alias": "d2", "Startup Cost": 0.29, "Total Cost": 3878.89, "Plan Rows": 214, "Plan Width": 4, "Filter": "((d_moy >= 4) AND (d_moy <= 10) AND (d_year = 1998))"}, {"Node Type": "Materialize", "Parent Relationship": "Inner", "Parallel Aware": false, "Async Capable": false, "Startup Cost": 7146.95, "Total Cost": 415950.61, "Plan Rows": 42189, "Plan Width": 12, "Plans": [{"Node Type": "Hash Join", "Parent Relationship": "Outer", "Parallel Aware": false, "Async Capable": false, "Join Type": "Inner", "Startup Cost": 7146.95, "Total Cost": 415739.66, "Plan Rows": 42189, "Plan Width": 12, "Inner Unique": true, "Hash Cond": "(catalog_sales.cs_item_sk = item.i_item_sk)", "Plans": [{"Node Type": "Gather", "Parent Relationship": "Outer", "Parallel Aware": false, "Async Capable": false, "Startup Cost": 3177.55, "Total Cost": 411659.52, "Plan Rows": 42189, "Plan Width": 8, "Workers Planned": 6, "Single Copy": false, "Plans": [{"Node Type": "Hash Join", "Parent Relationship": "Outer", "Parallel Aware": true, "Async Capable": false, "Join Type": "Inner", "Startup Cost": 2177.55, "Total Cost": 406440.62, "Plan Rows": 7032, "Plan Width": 8, "Inner Unique": true, "Hash Cond": "(catalog_sales.cs_sold_date_sk = d3.d_date_sk)", "Plans": [{"Node Type": "Seq Scan", "Parent Relationship": "Outer", "Parallel Aware": true, "Async Capable": false, "Relation Name": "catalog_sales", "Alias": "catalog_sales", "Startup Cost": 0.0, "Total Cost": 397962.14, "Plan Rows": 2400214, "Plan Width": 12}, {"Node Type": "Hash", "Parent Relationship": "Inner", "Parallel Aware": true, "Async Capable": false, "Startup Cost": 2175.97, "Total Cost": 2175.97, "Plan Rows": 126, "Plan Width": 4, "Plans": [{"Node Type": "Seq Scan", "Parent Relationship": "Outer", "Parallel Aware": true, "Async Capable": false, "Relation Name": "date_dim", "Alias": "d3", "Startup Cost": 0.0, "Total Cost": 2175.97, "Plan Rows": 126, "Plan Width": 4, "Filter": "((d_moy >= 4) AND (d_moy <= 10) AND (d_year = 1998))"}]}]}]}, {"Node Type": "Hash", "Parent Relationship": "Inner", "Parallel Aware": false, "Async Capable": false, "Startup Cost": 2694.4, "Total Cost": 2694.4, "Plan Rows": 102000, "Plan Width": 4, "Plans": [{"Node Type": "Index Only Scan", "Parent Relationship": "Outer", "Parallel Aware": false, "Async Capable": false, "Scan Direction": "Forward", "Index Name": "item_pkey", "Relation Name": "item", "Alias": "item", "Startup Cost": 0.29, "Total Cost": 2694.4, "Plan Rows": 102000, "Plan Width": 4}]}]}]}]}, {"Node Type": "Materialize", "Parent Relationship": "Inner", "Parallel Aware": false, "Async Capable": false, "Startup Cost": 582047.32, "Total Cost": 582047.33, "Plan Rows": 1, "Plan Width": 20, "Plans": [{"Node Type": "Sort", "Parent Relationship": "Outer", "Parallel Aware": false, "Async Capable": false, "Startup Cost": 582047.32, "Total Cost": 582047.33, "Plan Rows": 1, "Plan Width": 20, "Sort Key": ["store_returns.sr_returned_date_sk"], "Plans": [{"Node Type": "Nested Loop", "Parent Relationship": "Outer", "Parallel Aware": false, "Async Capable": false, "Join Type": "Inner", "Startup Cost": 3069.35, "Total Cost": 582047.31, "Plan Rows": 1, "Plan Width": 20, "Inner Unique": true, "Plans": [{"Node Type": "Gather", "Parent Relationship": "Outer", "Parallel Aware": false, "Async Capable": false, "Startup Cost": 3069.2, "Total Cost": 582047.15, "Plan Rows": 1, "Plan Width": 24, "Workers Planned": 6, "Single Copy": false, "Plans": [{"Node Type": "Nested Loop", "Parent Relationship": "Outer", "Parallel Aware": false, "Async Capable": false, "Join Type": "Inner", "Startup Cost": 2069.2, "Total Cost": 581047.05, "Plan Rows": 1, "Plan Width": 24, "Inner Unique": true, "Plans": [{"Node Type": "Hash Join", "Parent Relationship": "Outer", "Parallel Aware": true, "Async Capable": false, "Join Type": "Inner", "Startup Cost": 2068.78, "Total Cost": 580119.61, "Plan Rows": 1971, "Plan Width": 16, "Inner Unique": true, "Hash Cond": "(store_sales.ss_sold_date_sk = d1.d_date_sk)", "Plans": [{"Node Type": "Seq Scan", "Parent Relationship": "Outer", "Parallel Aware": true, "Async Capable": false, "Relation Name": "store_sales", "Alias": "store_sales", "Startup Cost": 0.0, "Total Cost": 565449.69, "Plan Rows": 4800169, "Plan Width": 20}, {"Node Type": "Hash", "Parent Relationship": "Inner", "Parallel Aware": true, "Async Capable": false, "Startup Cost": 2068.55, "Total Cost": 2068.55, "Plan Rows": 18, "Plan Width": 4, "Plans": [{"Node Type": "Seq Scan", "Parent Relationship": "Outer", "Parallel Aware": true, "Async Capable": false, "Relation Name": "date_dim", "Alias": "d1", "Startup Cost": 0.0, "Total Cost": 2068.55, "Plan Rows": 18, "Plan Width": 4, "Filter": "((d_moy = 4) AND (d_year = 1998))"}]}]}, {"Node Type": "Index Scan", "Parent Relationship": "Inner", "Parallel Aware": false, "Async Capable": false, "Scan Direction": "Forward", "Index Name": "store_returns_pkey", "Relation Name": "store_returns", "Alias": "store_returns", "Startup Cost": 0.43, "Total Cost": 0.46, "Plan Rows": 1, "Plan Width": 16, "Index Cond": "((sr_item_sk = store_sales.ss_item_sk) AND (sr_ticket_number = store_sales.ss_ticket_number))", "Filter": "(sr_customer_sk = store_sales.ss_customer_sk)"}]}]}, {"Node Type": "Index Only Scan", "Parent Relationship": "Inner", "Parallel Aware": false, "Async Capable": false, "Scan Direction": "Forward", "Index Name": "store_pkey", "Relation Name": "store", "Alias": "store", "Startup Cost": 0.14, "Total Cost": 0.16, "Plan Rows": 1, "Plan Width": 4, "Index Cond": "(s_store_sk = store_sales.ss_store_sk)"}]}]}]}]}]}}, {"Plan": {"Node Type": "Aggregate", "Strategy": "Plain", "Partial Mode": "Simple", "Parallel Aware": false, "Async Capable": false, "Startup Cost": 420408.31, "Total Cost": 420408.32, "Plan Rows": 1, "Plan Width": 8, "Actual Rows": 1, "Actual Loops": 1, "Plans": [{"Node Type": "Nested Loop", "Parent Relationship": "Outer", "Parallel Aware": false, "Async Capable": false, "Join Type": "Inner", "Startup Cost": 3178.85, "Total Cost": 420408.31, "Plan Rows": 1, "Plan Width": 0, "Actual Rows": 0, "Actual Loops": 1, "Inner Unique": false, "Join Filter": "((d1.d_date_sk = store_sales.ss_sold_date_sk) AND (d2.d_date_sk = store_returns.sr_returned_date_sk))", "Rows Removed by Join Filter": 481500, "Plans": [{"Node Type": "Nested Loop", "Parent Relationship": "Outer", "Parallel Aware": false, "Async Capable": false, "Join Type": "Inner", "Startup Cost": 3178.85, "Total Cost": 415009.59, "Plan Rows": 1, "Plan Width": 8, "Actual Rows": 75, "Actual Loops": 1, "Inner Unique": true, "Plans": [{"Node Type": "Nested Loop", "Parent Relationship": "Outer", "Parallel Aware": false, "Async Capable": false, "Join Type": "Inner", "Startup Cost": 3178.56, "Total Cost": 415009.28, "Plan Rows": 1, "Plan Width": 20, "Actual Rows": 75, "Actual Loops": 1, "Inner Unique": true, "Plans": [{"Node Type": "Gather", "Parent Relationship": "Outer", "Parallel Aware": false, "Async Capable": false, "Startup Cost": 3178.42, "Total Cost": 415009.12, "Plan Rows": 1, "Plan Width": 24, "Actual Rows": 76, "Actual Loops": 1, "Workers Planned": 6, "Workers Launched": 6, "Single Copy": false, "Plans": [{"Node Type": "Nested Loop", "Parent Relationship": "Outer", "Parallel Aware": false, "Async Capable": false, "Join Type": "Inner", "Startup Cost": 2178.42, "Total Cost": 414009.02, "Plan Rows": 1, "Plan Width": 24, "Actual Rows": 11, "Actual Loops": 7, "Inner Unique": true, "Workers": [], "Plans": [{"Node Type": "Nested Loop", "Parent Relationship": "Outer", "Parallel Aware": false, "Async Capable": false, "Join Type": "Inner", "Startup Cost": 2177.98, "Total Cost": 414007.68, "Plan Rows": 1, "Plan Width": 24, "Actual Rows": 15, "Actual Loops": 7, "Inner Unique": false, "Workers": [], "Plans": [{"Node Type": "Hash Join", "Parent Relationship": "Outer", "Parallel Aware": true, "Async Capable": false, "Join Type": "Inner", "Startup Cost": 2177.55, "Total Cost": 406440.62, "Plan Rows": 7032, "Plan Width": 8, "Actual Rows": 214143, "Actual Loops": 7, "Inner Unique": true, "Hash Cond": "(catalog_sales.cs_sold_date_sk = d3.d_date_sk)", "Workers": [], "Plans": [{"Node Type": "Seq Scan", "Parent Relationship": "Outer", "Parallel Aware": true, "Async Capable": false, "Relation Name": "catalog_sales", "Alias": "catalog_sales", "Startup Cost": 0.0, "Total Cost": 397962.14, "Plan Rows": 2400214, "Plan Width": 12, "Actual Rows": 2057323, "Actual Loops": 7, "Workers": []}, {"Node Type": "Hash", "Parent Relationship": "Inner", "Parallel Aware": true, "Async Capable": false, "Startup Cost": 2175.97, "Total Cost": 2175.97, "Plan Rows": 126, "Plan Width": 4, "Actual Rows": 31, "Actual Loops": 7, "Hash Buckets": 1024, "Original Hash Buckets": 1024, "Hash Batches": 1, "Original Hash Batches": 1, "Peak Memory Usage": 40, "Workers": [], "Plans": [{"Node Type": "Seq Scan", "Parent Relationship": "Outer", "Parallel Aware": true, "Async Capable": false, "Relation Name": "date_dim", "Alias": "d3", "Startup Cost": 0.0, "Total Cost": 2175.97, "Plan Rows": 126, "Plan Width": 4, "Actual Rows": 214, "Actual Loops": 1, "Filter": "((d_moy >= 4) AND (d_moy <= 10) AND (d_year = 1998))", "Rows Removed by Filter": 72835, "Workers": []}]}]}, {"Node Type": "Index Scan", "Parent Relationship": "Inner", "Parallel Aware": false, "Async Capable": false, "Scan Direction": "Forward", "Index Name": "store_returns_pkey", "Relation Name": "store_returns", "Alias": "store_returns", "Startup Cost": 0.43, "Total Cost": 1.07, "Plan Rows": 1, "Plan Width": 16, "Actual Rows": 0, "Actual Loops": 1499004, "Index Cond": "(sr_item_sk = catalog_sales.cs_item_sk)", "Rows Removed by Index Recheck": 0, "Filter": "(catalog_sales.cs_bill_customer_sk = sr_customer_sk)", "Rows Removed by Filter": 38, "Workers": []}]}, {"Node Type": "Index Scan", "Parent Relationship": "Inner", "Parallel Aware": false, "Async Capable": false, "Scan Direction": "Forward", "Index Name": "store_sales_pkey", "Relation Name": "store_sales", "Alias": "store_sales", "Startup Cost": 0.44, "Total Cost": 1.34, "Plan Rows": 1, "Plan Width": 20, "Actual Rows": 1, "Actual Loops": 102, "Index Cond": "((ss_item_sk = store_returns.sr_item_sk) AND (ss_ticket_number = store_returns.sr_ticket_number))", "Rows Removed by Index Recheck": 0, "Filter": "(store_returns.sr_customer_sk = ss_customer_sk)", "Rows Removed by Filter": 0, "Workers": []}]}]}, {"Node Type": "Index Only Scan", "Parent Relationship": "Inner", "Parallel Aware": false, "Async Capable": false, "Scan Direction": "Forward", "Index Name": "store_pkey", "Relation Name": "store", "Alias": "store", "Startup Cost": 0.14, "Total Cost": 0.16, "Plan Rows": 1, "Plan Width": 4, "Actual Rows": 1, "Actual Loops": 76, "Index Cond": "(s_store_sk = store_sales.ss_store_sk)", "Rows Removed by Index Recheck": 0, "Heap Fetches": 75}]}, {"Node Type": "Index Only Scan", "Parent Relationship": "Inner", "Parallel Aware": false, "Async Capable": false, "Scan Direction": "Forward", "Index Name": "item_pkey", "Relation Name": "item", "Alias": "item", "Startup Cost": 0.29, "Total Cost": 0.31, "Plan Rows": 1, "Plan Width": 4, "Actual Rows": 1, "Actual Loops": 75, "Index Cond": "(i_item_sk = store_sales.ss_item_sk)", "Rows Removed by Index Recheck": 0, "Heap Fetches": 0}]}, {"Node Type": "Nested Loop", "Parent Relationship": "Inner", "Parallel Aware": false, "Async Capable": false, "Join Type": "Inner", "Startup Cost": 0.0, "Total Cost": 5302.42, "Plan Rows": 6420, "Plan Width": 8, "Actual Rows": 6420, "Actual Loops": 75, "Inner Unique": false, "Plans": [{"Node Type": "Seq Scan", "Parent Relationship": "Outer", "Parallel Aware": false, "Async Capable": false, "Relation Name": "date_dim", "Alias": "d2", "Startup Cost": 0.0, "Total Cost": 2702.36, "Plan Rows": 214, "Plan Width": 4, "Actual Rows": 214, "Actual Loops": 75, "Filter": "((d_moy >= 4) AND (d_moy <= 10) AND (d_year = 1998))", "Rows Removed by Filter": 72835}, {"Node Type": "Materialize", "Parent Relationship": "Inner", "Parallel Aware": false, "Async Capable": false, "Startup Cost": 0.0, "Total Cost": 2519.88, "Plan Rows": 30, "Plan Width": 4, "Actual Rows": 30, "Actual Loops": 16050, "Plans": [{"Node Type": "Seq Scan", "Parent Relationship": "Outer", "Parallel Aware": false, "Async Capable": false, "Relation Name": "date_dim", "Alias": "d1", "Startup Cost": 0.0, "Total Cost": 2519.73, "Plan Rows": 30, "Plan Width": 4, "Actual Rows": 30, "Actual Loops": 1, "Filter": "((d_moy = 4) AND (d_year = 1998))", "Rows Removed by Filter": 73019}]}]}]}]}, "Planning Time": 7.69, "Triggers": [], "Execution Time": 17034.743}, {"Plan": {"Node Type": "Aggregate", "Strategy": "Plain", "Partial Mode": "Simple", "Parallel Aware": false, "Async Capable": false, "Startup Cost": 473090.54, "Total Cost": 473090.55, "Plan Rows": 1, "Plan Width": 8, "Actual Rows": 1, "Actual Loops": 1, "Plans": [{"Node Type": "Gather", "Parent Relationship": "Outer", "Parallel Aware": false, "Async Capable": false, "Startup Cost": 413228.74, "Total Cost": 473090.53, "Plan Rows": 1, "Plan Width": 0, "Actual Rows": 0, "Actual Loops": 1, "Workers Planned": 4, "Workers Launched": 4, "Single Copy": false, "Plans": [{"Node Type": "Hash Join", "Parent Relationship": "Outer", "Parallel Aware": true, "Async Capable": false, "Join Type": "Inner", "Startup Cost": 412228.74, "Total Cost": 472090.43, "Plan Rows": 1, "Plan Width": 0, "Actual Rows": 0, "Actual Loops": 5, "Inner Unique": false, "Hash Cond": "((store_sales.ss_item_sk = item.i_item_sk) AND (store_sales.ss_customer_sk = catalog_sales.cs_bill_customer_sk))", "Workers": [], "Plans": [{"Node Type": "Nested Loop", "Parent Relationship": "Outer", "Parallel Aware": false, "Async Capable": false, "Join Type": "Inner", "Startup Cost": 2178.42, "Total Cost": 62040.1, "Plan Rows": 1, "Plan Width": 16, "Actual Rows": 3751, "Actual Loops": 5, "Inner Unique": true, "Workers": [], "Plans": [{"Node Type": "Nested Loop", "Parent Relationship": "Outer", "Parallel Aware": false, "Async Capable": false, "Join Type": "Inner", "Startup Cost": 2178.28, "Total Cost": 62039.94, "Plan Rows": 1, "Plan Width": 20, "Actual Rows": 3802, "Actual Loops": 5, "Inner Unique": true, "Workers": [], "Plans": [{"Node Type": "Nested Loop", "Parent Relationship": "Outer", "Parallel Aware": false, "Async Capable": false, "Join Type": "Inner", "Startup Cost": 2177.99, "Total Cost": 62039.63, "Plan Rows": 1, "Plan Width": 24, "Actual Rows": 28061, "Actual Loops": 5, "Inner Unique": true, "Workers": [], "Plans": [{"Node Type": "Hash Join", "Parent Relationship": "Outer", "Parallel Aware": true, "Async Capable": false, "Join Type": "Inner", "Startup Cost": 2177.55, "Total Cost": 59205.23, "Plan Rows": 2106, "Plan Width": 12, "Actual Rows": 37853, "Actual Loops": 5, "Inner Unique": true, "Hash Cond": "(store_returns.sr_returned_date_sk = d2.d_date_sk)", "Workers": [], "Plans": [{"Node Type": "Seq Scan", "Parent Relationship": "Outer", "Parallel Aware": true, "Async Capable": false, "Relation Name": "store_returns", "Alias": "store_returns", "Startup Cost": 0.0, "Total Cost": 55140.58, "Plan Rows": 718858, "Plan Width": 16, "Actual Rows": 575086, "Actual Loops": 5, "Workers": []}, {"Node Type": "Hash", "Parent Relationship": "Inner", "Parallel Aware": true, "Async Capable": false, "Startup Cost": 2175.97, "Total Cost": 2175.97, "Plan Rows": 126, "Plan Width": 4, "Actual Rows": 43, "Actual Loops": 5, "Hash Buckets": 1024, "Original Hash Buckets": 1024, "Hash Batches": 1, "Original Hash Batches": 1, "Peak Memory Usage": 168, "Workers": [], "Plans": [{"Node Type": "Seq Scan", "Parent Relationship": "Outer", "Parallel Aware": true, "Async Capable": false, "Relation Name": "date_dim", "Alias": "d2", "Startup Cost": 0.0, "Total Cost": 2175.97, "Plan Rows": 126, "Plan Width": 4, "Actual Rows": 43, "Actual Loops": 5, "Filter": "((d_moy >= 4) AND (d_moy <= 10) AND (d_year = 1998))", "Rows Removed by Filter": 14567, "Workers": []}]}]}, {"Node Type": "Index Scan", "Parent Relationship": "Inner", "Parallel Aware": false, "Async Capable": false, "Scan Direction": "Forward", "Index Name": "store_sales_pkey", "Relation Name": "store_sales", "Alias": "store_sales", "Startup Cost": 0.44, "Total Cost": 1.34, "Plan Rows": 1, "Plan Width": 20, "Actual Rows": 1, "Actual Loops": 189263, "Index Cond": "((ss_item_sk = store_returns.sr_item_sk) AND (ss_ticket_number = store_returns.sr_ticket_number))", "Rows Removed by Index Recheck": 0, "Filter": "(store_returns.sr_customer_sk = ss_customer_sk)", "Rows Removed by Filter": 0, "Workers": []}]}, {"Node Type": "Index Scan", "Parent Relationship": "Inner", "Parallel Aware": false, "Async Capable": false, "Scan Direction": "Forward", "Index Name": "date_dim_pkey", "Relation Name": "date_dim", "Alias": "d1", "Startup Cost": 0.29, "Total Cost": 0.32, "Plan Rows": 1, "Plan Width": 4, "Actual Rows": 0, "Actual Loops": 140303, "Index Cond": "(d_date_sk = store_sales.ss_sold_date_sk)", "Rows Removed by Index Recheck": 0, "Filter": "((d_moy = 4) AND (d_year = 1998))", "Rows Removed by Filter": 1, "Workers": []}]}, {"Node Type": "Index Only Scan", "Parent Relationship": "Inner", "Parallel Aware": false, "Async Capable": false, "Scan Direction": "Forward", "Index Name": "store_pkey", "Relation Name": "store", "Alias": "store", "Startup Cost": 0.14, "Total Cost": 0.16, "Plan Rows": 1, "Plan Width": 4, "Actual Rows": 1, "Actual Loops": 19010, "Index Cond": "(s_store_sk = store_sales.ss_store_sk)", "Rows Removed by Index Recheck": 0, "Heap Fetches": 18753, "Workers": []}]}, {"Node Type": "Hash", "Parent Relationship": "Inner", "Parallel Aware": true, "Async Capable": false, "Startup Cost": 409944.83, "Total Cost": 409944.83, "Plan Rows": 7032, "Plan Width": 12, "Actual Rows": 299801, "Actual Loops": 5, "Hash Buckets": 2097152, "Original Hash Buckets": 65536, "Hash Batches": 1, "Original Hash Batches": 1, "Peak Memory Usage": 102496, "Workers": [], "Plans": [{"Node Type": "Merge Join", "Parent Relationship": "Outer", "Parallel Aware": false, "Async Capable": false, "Join Type": "Inner", "Startup Cost": 406890.24, "Total Cost": 409944.83, "Plan Rows": 7032, "Plan Width": 12, "Actual Rows": 299801, "Actual Loops": 5, "Inner Unique": true, "Merge Cond": "(catalog_sales.cs_item_sk = item.i_item_sk)", "Workers": [], "Plans": [{"Node Type": "Sort", "Parent Relationship": "Outer", "Parallel Aware": false, "Async Capable": false, "Startup Cost": 406889.95, "Total Cost": 406907.53, "Plan Rows": 7032, "Plan Width": 8, "Actual Rows": 299801, "Actual Loops": 5, "Sort Key": ["catalog_sales.cs_item_sk"], "Sort Method": "quicksort", "Sort Space Used": 21115, "Sort Space Type": "Memory", "Workers": [{"Worker Number": 0, "Sort Method": "quicksort", "Sort Space Used": 22100, "Sort Space Type": "Memory"}, {"Worker Number": 1, "Sort Method": "quicksort", "Sort Space Used": 22103, "Sort Space Type": "Memory"}, {"Worker Number": 2, "Sort Method": "quicksort", "Sort Space Used": 20875, "Sort Space Type": "Memory"}, {"Worker Number": 3, "Sort Method": "quicksort", "Sort Space Used": 22093, "Sort Space Type": "Memory"}], "Plans": [{"Node Type": "Hash Join", "Parent Relationship": "Outer", "Parallel Aware": true, "Async Capable": false, "Join Type": "Inner", "Startup Cost": 2177.55, "Total Cost": 406440.62, "Plan Rows": 7032, "Plan Width": 8, "Actual Rows": 299801, "Actual Loops": 5, "Inner Unique": true, "Hash Cond": "(catalog_sales.cs_sold_date_sk = d3.d_date_sk)", "Workers": [], "Plans": [{"Node Type": "Seq Scan", "Parent Relationship": "Outer", "Parallel Aware": true, "Async Capable": false, "Relation Name": "catalog_sales", "Alias": "catalog_sales", "Startup Cost": 0.0, "Total Cost": 397962.14, "Plan Rows": 2400214, "Plan Width": 12, "Actual Rows": 2880252, "Actual Loops": 5, "Workers": []}, {"Node Type": "Hash", "Parent Relationship": "Inner", "Parallel Aware": true, "Async Capable": false, "Startup Cost": 2175.97, "Total Cost": 2175.97, "Plan Rows": 126, "Plan Width": 4, "Actual Rows": 43, "Actual Loops": 5, "Hash Buckets": 1024, "Original Hash Buckets": 1024, "Hash Batches": 1, "Original Hash Batches": 1, "Peak Memory Usage": 40, "Workers": [], "Plans": [{"Node Type": "Seq Scan", "Parent Relationship": "Outer", "Parallel Aware": true, "Async Capable": false, "Relation Name": "date_dim", "Alias": "d3", "Startup Cost": 0.0, "Total Cost": 2175.97, "Plan Rows": 126, "Plan Width": 4, "Actual Rows": 43, "Actual Loops": 5, "Filter": "((d_moy >= 4) AND (d_moy <= 10) AND (d_year = 1998))", "Rows Removed by Filter": 14567, "Workers": []}]}]}]}, {"Node Type": "Index Only Scan", "Parent Relationship": "Inner", "Parallel Aware": false, "Async Capable": false, "Scan Direction": "Forward", "Index Name": "item_pkey", "Relation Name": "item", "Alias": "item", "Startup Cost": 0.29, "Total Cost": 2694.4, "Plan Rows": 102000, "Plan Width": 4, "Actual Rows": 101998, "Actual Loops": 5, "Heap Fetches": 0, "Workers": []}]}]}]}]}]}, "Planning Time": 12.019, "Triggers": [], "Execution Time": 2653.59}, {"Plan": {"Node Type": "Aggregate", "Strategy": "Plain", "Partial Mode": "Simple", "Parallel Aware": false, "Async Capable": false, "Startup Cost": 761240.27, "Total Cost": 761240.28, "Plan Rows": 1, "Plan Width": 8, "Actual Rows": 1, "Actual Loops": 1, "Plans": [{"Node Type": "Gather", "Parent Relationship": "Outer", "Parallel Aware": false, "Async Capable": false, "Startup Cost": 692970.56, "Total Cost": 761240.27, "Plan Rows": 1, "Plan Width": 0, "Actual Rows": 0, "Actual Loops": 1, "Workers Planned": 4, "Workers Launched": 4, "Single Copy": false, "Plans": [{"Node Type": "Hash Join", "Parent Relationship": "Outer", "Parallel Aware": true, "Async Capable": false, "Join Type": "Inner", "Startup Cost": 691970.56, "Total Cost": 760240.17, "Plan Rows": 1, "Plan Width": 0, "Actual Rows": 0, "Actual Loops": 5, "Inner Unique": false, "Hash Cond": "((d1.d_date_sk = store_sales.ss_sold_date_sk) AND (store_returns.sr_item_sk = item.i_item_sk) AND (store_returns.sr_customer_sk = store_sales.ss_customer_sk) AND (store_returns.sr_ticket_number = store_sales.ss_ticket_number))", "Workers": [], "Plans": [{"Node Type": "Nested Loop", "Parent Relationship": "Outer", "Parallel Aware": false, "Async Capable": false, "Join Type": "Inner", "Startup Cost": 2178.28, "Total Cost": 70447.83, "Plan Rows": 1, "Plan Width": 24, "Actual Rows": 60, "Actual Loops": 5, "Inner Unique": false, "Workers": [], "Plans": [{"Node Type": "Nested Loop", "Parent Relationship": "Outer", "Parallel Aware": false, "Async Capable": false, "Join Type": "Inner", "Startup Cost": 2178.28, "Total Cost": 67927.8, "Plan Rows": 1, "Plan Width": 20, "Actual Rows": 2, "Actual Loops": 5, "Inner Unique": true, "Workers": [], "Plans": [{"Node Type": "Nested Loop", "Parent Relationship": "Outer", "Parallel Aware": false, "Async Capable": false, "Join Type": "Inner", "Startup Cost": 2177.98, "Total Cost": 67927.48, "Plan Rows": 1, "Plan Width": 24, "Actual Rows": 16, "Actual Loops": 5, "Inner Unique": false, "Workers": [], "Plans": [{"Node Type": "Hash Join", "Parent Relationship": "Outer", "Parallel Aware": true, "Async Capable": false, "Join Type": "Inner", "Startup Cost": 2177.55, "Total Cost": 59205.23, "Plan Rows": 2106, "Plan Width": 12, "Actual Rows": 37853, "Actual Loops": 5, "Inner Unique": true, "Hash Cond": "(store_returns.sr_returned_date_sk = d2.d_date_sk)", "Workers": [], "Plans": [{"Node Type": "Seq Scan", "Parent Relationship": "Outer", "Parallel Aware": true, "Async Capable": false, "Relation Name": "store_returns", "Alias": "store_returns", "Startup Cost": 0.0, "Total Cost": 55140.58, "Plan Rows": 718858, "Plan Width": 16, "Actual Rows": 575086, "Actual Loops": 5, "Workers": []}, {"Node Type": "Hash", "Parent Relationship": "Inner", "Parallel Aware": true, "Async Capable": false, "Startup Cost": 2175.97, "Total Cost": 2175.97, "Plan Rows": 126, "Plan Width": 4, "Actual Rows": 43, "Actual Loops": 5, "Hash Buckets": 1024, "Original Hash Buckets": 1024, "Hash Batches": 1, "Original Hash Batches": 1, "Peak Memory Usage": 168, "Workers": [], "Plans": [{"Node Type": "Seq Scan", "Parent Relationship": "Outer", "Parallel Aware": true, "Async Capable": false, "Relation Name": "date_dim", "Alias": "d2", "Startup Cost": 0.0, "Total Cost": 2175.97, "Plan Rows": 126, "Plan Width": 4, "Actual Rows": 43, "Actual Loops": 5, "Filter": "((d_moy >= 4) AND (d_moy <= 10) AND (d_year = 1998))", "Rows Removed by Filter": 14567, "Workers": []}]}]}, {"Node Type": "Index Scan", "Parent Relationship": "Inner", "Parallel Aware": false, "Async Capable": false, "Scan Direction": "Forward", "Index Name": "catalog_sales_pkey", "Relation Name": "catalog_sales", "Alias": "catalog_sales", "Startup Cost": 0.43, "Total Cost": 4.13, "Plan Rows": 1, "Plan Width": 12, "Actual Rows": 0, "Actual Loops": 189263, "Index Cond": "(cs_item_sk = store_returns.sr_item_sk)", "Rows Removed by Index Recheck": 0, "Filter": "(cs_bill_customer_sk = store_returns.sr_customer_sk)", "Rows Removed by Filter": 188, "Workers": []}]}, {"Node Type": "Index Scan", "Parent Relationship": "Inner", "Parallel Aware": false, "Async Capable": false, "Scan Direction": "Forward", "Index Name": "date_dim_pkey", "Relation Name": "date_dim", "Alias": "d3", "Startup Cost": 0.29, "Total Cost": 0.32, "Plan Rows": 1, "Plan Width": 4, "Actual Rows": 0, "Actual Loops": 82, "Index Cond": "(d_date_sk = catalog_sales.cs_sold_date_sk)", "Rows Removed by Index Recheck": 0, "Filter": "((d_moy >= 4) AND (d_moy <= 10) AND (d_year = 1998))", "Rows Removed by Filter": 1, "Workers": []}]}, {"Node Type": "Seq Scan", "Parent Relationship": "Inner", "Parallel Aware": false, "Async Capable": false, "Relation Name": "date_dim", "Alias": "d1", "Startup Cost": 0.0, "Total Cost": 2519.73, "Plan Rows": 30, "Plan Width": 4, "Actual Rows": 30, "Actual Loops": 10, "Filter": "((d_moy = 4) AND (d_year = 1998))", "Rows Removed by Filter": 73019, "Workers": []}]}, {"Node Type": "Hash", "Parent Relationship": "Inner", "Parallel Aware": true, "Async Capable": false, "Startup Cost": 593788.9, "Total Cost": 593788.9, "Plan Rows": 4800169, "Plan Width": 20, "Actual Rows": 5500971, "Actual Loops": 5, "Hash Buckets": 33554432, "Original Hash Buckets": 33554432, "Hash Batches": 1, "Original Hash Batches": 1, "Peak Memory Usage": 1716064, "Workers": [], "Plans": [{"Node Type": "Hash Join", "Parent Relationship": "Outer", "Parallel Aware": true, "Async Capable": false, "Join Type": "Inner", "Startup Cost": 2637.95, "Total Cost": 593788.9, "Plan Rows": 4800169, "Plan Width": 20, "Actual Rows": 5500971, "Actual Loops": 5, "Inner Unique": true, "Hash Cond": "(store_sales.ss_item_sk = item.i_item_sk)", "Workers": [], "Plans": [{"Node Type": "Hash Join", "Parent Relationship": "Outer", "Parallel Aware": false, "Async Capable": false, "Join Type": "Inner", "Startup Cost": 7.29, "Total Cost": 578557.29, "Plan Rows": 4800169, "Plan Width": 16, "Actual Rows": 5500971, "Actual Loops": 5, "Inner Unique": true, "Hash Cond": "(store_sales.ss_store_sk = store.s_store_sk)", "Workers": [], "Plans": [{"Node Type": "Seq Scan", "Parent Relationship": "Outer", "Parallel Aware": true, "Async Capable": false, "Relation Name": "store_sales", "Alias": "store_sales", "Startup Cost": 0.0, "Total Cost": 565449.69, "Plan Rows": 4800169, "Plan Width": 20, "Actual Rows": 5760198, "Actual Loops": 5, "Workers": []}, {"Node Type": "Hash", "Parent Relationship": "Inner", "Parallel Aware": false, "Async Capable": false, "Startup Cost": 6.02, "Total Cost": 6.02, "Plan Rows": 102, "Plan Width": 4, "Actual Rows": 102, "Actual Loops": 5, "Hash Buckets": 1024, "Original Hash Buckets": 1024, "Hash Batches": 1, "Original Hash Batches": 1, "Peak Memory Usage": 12, "Workers": [], "Plans": [{"Node Type": "Seq Scan", "Parent Relationship": "Outer", "Parallel Aware": false, "Async Capable": false, "Relation Name": "store", "Alias": "store", "Startup Cost": 0.0, "Total Cost": 6.02, "Plan Rows": 102, "Plan Width": 4, "Actual Rows": 102, "Actual Loops": 5, "Workers": []}]}]}, {"Node Type": "Hash", "Parent Relationship": "Inner", "Parallel Aware": true, "Async Capable": false, "Startup Cost": 2099.4, "Total Cost": 2099.4, "Plan Rows": 42500, "Plan Width": 4, "Actual Rows": 20400, "Actual Loops": 5, "Hash Buckets": 131072, "Original Hash Buckets": 131072, "Hash Batches": 1, "Original Hash Batches": 1, "Peak Memory Usage": 5120, "Workers": [], "Plans": [{"Node Type": "Index Only Scan", "Parent Relationship": "Outer", "Parallel Aware": true, "Async Capable": false, "Scan Direction": "Forward", "Index Name": "item_pkey", "Relation Name": "item", "Alias": "item", "Startup Cost": 0.29, "Total Cost": 2099.4, "Plan Rows": 42500, "Plan Width": 4, "Actual Rows": 20400, "Actual Loops": 5, "Heap Fetches": 0, "Workers": []}]}]}]}]}]}]}, "Planning Time": 13.079, "Triggers": [], "Execution Time": 38571.055}, {"Plan": {"Node Type": "Aggregate", "Strategy": "Plain", "Partial Mode": "Simple", "Parallel Aware": false, "Async Capable": false, "Startup Cost": 459443.1, "Total Cost": 459443.11, "Plan Rows": 1, "Plan Width": 8, "Plans": [{"Node Type": "Nested Loop", "Parent Relationship": "Outer", "Parallel Aware": false, "Async Capable": false, "Join Type": "Inner", "Startup Cost": 3179.44, "Total Cost": 459443.1, "Plan Rows": 1, "Plan Width": 0, "Inner Unique": true, "Join Filter": "((store_returns.sr_item_sk = item.i_item_sk) AND (d2.d_date_sk = store_returns.sr_returned_date_sk))", "Plans": [{"Node Type": "Nested Loop", "Parent Relationship": "Outer", "Parallel Aware": false, "Async Capable": false, "Join Type": "Inner", "Startup Cost": 3179.01, "Total Cost": 459441.2, "Plan Rows": 4, "Plan Width": 28, "Inner Unique": true, "Plans": [{"Node Type": "Nested Loop", "Parent Relationship": "Outer", "Parallel Aware": false, "Async Capable": false, "Join Type": "Inner", "Startup Cost": 3178.71, "Total Cost": 459439.96, "Plan Rows": 4, "Plan Width": 24, "Inner Unique": false, "Plans": [{"Node Type": "Index Scan", "Parent Relationship": "Outer", "Parallel Aware": false, "Async Capable": false, "Scan Direction": "Forward", "Index Name": "date_dim_pkey", "Relation Name": "date_dim", "Alias": "d2", "Startup Cost": 0.29, "Total Cost": 3878.89, "Plan Rows": 214, "Plan Width": 4, "Filter": "((d_moy >= 4) AND (d_moy <= 10) AND (d_year = 1998))"}, {"Node Type": "Materialize", "Parent Relationship": "Inner", "Parallel Aware": false, "Async Capable": false, "Startup Cost": 3178.42, "Total Cost": 455558.39, "Plan Rows": 1, "Plan Width": 20, "Plans": [{"Node Type": "Nested Loop", "Parent Relationship": "Outer", "Parallel Aware": false, "Async Capable": false, "Join Type": "Inner", "Startup Cost": 3178.42, "Total Cost": 455558.38, "Plan Rows": 1, "Plan Width": 20, "Inner Unique": true, "Plans": [{"Node Type": "Gather", "Parent Relationship": "Outer", "Parallel Aware": false, "Async Capable": false, "Startup Cost": 3178.28, "Total Cost": 455558.22, "Plan Rows": 1, "Plan Width": 24, "Workers Planned": 6, "Single Copy": false, "Plans": [{"Node Type": "Nested Loop", "Parent Relationship": "Outer", "Parallel Aware": false, "Async Capable": false, "Join Type": "Inner", "Startup Cost": 2178.28, "Total Cost": 454558.12, "Plan Rows": 1, "Plan Width": 24, "Inner Unique": true, "Plans": [{"Node Type": "Nested Loop", "Parent Relationship": "Outer", "Parallel Aware": false, "Async Capable": false, "Join Type": "Inner", "Startup Cost": 2177.99, "Total Cost": 454556.23, "Plan Rows": 6, "Plan Width": 28, "Inner Unique": false, "Plans": [{"Node Type": "Hash Join", "Parent Relationship": "Outer", "Parallel Aware": true, "Async Capable": false, "Join Type": "Inner", "Startup Cost": 2177.55, "Total Cost": 406440.62, "Plan Rows": 7032, "Plan Width": 8, "Inner Unique": true, "Hash Cond": "(catalog_sales.cs_sold_date_sk = d3.d_date_sk)", "Plans": [{"Node Type": "Seq Scan", "Parent Relationship": "Outer", "Parallel Aware": true, "Async Capable": false, "Relation Name": "catalog_sales", "Alias": "catalog_sales", "Startup Cost": 0.0, "Total Cost": 397962.14, "Plan Rows": 2400214, "Plan Width": 12}, {"Node Type": "Hash", "Parent Relationship": "Inner", "Parallel Aware": true, "Async Capable": false, "Startup Cost": 2175.97, "Total Cost": 2175.97, "Plan Rows": 126, "Plan Width": 4, "Plans": [{"Node Type": "Seq Scan", "Parent Relationship": "Outer", "Parallel Aware": true, "Async Capable": false, "Relation Name": "date_dim", "Alias": "d3", "Startup Cost": 0.0, "Total Cost": 2175.97, "Plan Rows": 126, "Plan Width": 4, "Filter": "((d_moy >= 4) AND (d_moy <= 10) AND (d_year = 1998))"}]}]}, {"Node Type": "Index Scan", "Parent Relationship": "Inner", "Parallel Aware": false, "Async Capable": false, "Scan Direction": "Forward", "Index Name": "store_sales_pkey", "Relation Name": "store_sales", "Alias": "store_sales", "Startup Cost": 0.44, "Total Cost": 6.83, "Plan Rows": 1, "Plan Width": 20, "Index Cond": "(ss_item_sk = catalog_sales.cs_item_sk)", "Filter": "(catalog_sales.cs_bill_customer_sk = ss_customer_sk)"}]}, {"Node Type": "Index Scan", "Parent Relationship": "Inner", "Parallel Aware": false, "Async Capable": false, "Scan Direction": "Forward", "Index Name": "date_dim_pkey", "Relation Name": "date_dim", "Alias": "d1", "Startup Cost": 0.29, "Total Cost": 0.32, "Plan Rows": 1, "Plan Width": 4, "Index Cond": "(d_date_sk = store_sales.ss_sold_date_sk)", "Filter": "((d_moy = 4) AND (d_year = 1998))"}]}]}, {"Node Type": "Index Only Scan", "Parent Relationship": "Inner", "Parallel Aware": false, "Async Capable": false, "Scan Direction": "Forward", "Index Name": "store_pkey", "Relation Name": "store", "Alias": "store", "Startup Cost": 0.14, "Total Cost": 0.16, "Plan Rows": 1, "Plan Width": 4, "Index Cond": "(s_store_sk = store_sales.ss_store_sk)"}]}]}]}, {"Node Type": "Index Only Scan", "Parent Relationship": "Inner", "Parallel Aware": false, "Async Capable": false, "Scan Direction": "Forward", "Index Name": "item_pkey", "Relation Name": "item", "Alias": "item", "Startup Cost": 0.29, "Total Cost": 0.31, "Plan Rows": 1, "Plan Width": 4, "Index Cond": "(i_item_sk = store_sales.ss_item_sk)"}]}, {"Node Type": "Index Scan", "Parent Relationship": "Inner", "Parallel Aware": false, "Async Capable": false, "Scan Direction": "Forward", "Index Name": "store_returns_pkey", "Relation Name": "store_returns", "Alias": "store_returns", "Startup Cost": 0.43, "Total Cost": 0.46, "Plan Rows": 1, "Plan Width": 16, "Index Cond": "((sr_item_sk = store_sales.ss_item_sk) AND (sr_ticket_number = store_sales.ss_ticket_number))", "Filter": "(sr_customer_sk = store_sales.ss_customer_sk)"}]}]}}, {"Plan": {"Node Type": "Aggregate", "Strategy": "Plain", "Partial Mode": "Finalize", "Parallel Aware": false, "Async Capable": false, "Startup Cost": 417186.39, "Total Cost": 417186.4, "Plan Rows": 1, "Plan Width": 8, "Actual Rows": 1, "Actual Loops": 1, "Plans": [{"Node Type": "Gather", "Parent Relationship": "Outer", "Parallel Aware": false, "Async Capable": false, "Startup Cost": 417186.28, "Total Cost": 417186.39, "Plan Rows": 1, "Plan Width": 8, "Actual Rows": 2, "Actual Loops": 1, "Workers Planned": 1, "Workers Launched": 1, "Single Copy": false, "Plans": [{"Node Type": "Aggregate", "Strategy": "Plain", "Partial Mode": "Partial", "Parent Relationship": "Outer", "Parallel Aware": false, "Async Capable": false, "Startup Cost": 416186.28, "Total Cost": 416186.29, "Plan Rows": 1, "Plan Width": 8, "Actual Rows": 1, "Actual Loops": 2, "Workers": [], "Plans": [{"Node Type": "Hash Join", "Parent Relationship": "Outer", "Parallel Aware": true, "Async Capable": false, "Join Type": "Inner", "Startup Cost": 414009.82, "Total Cost": 416186.28, "Plan Rows": 1, "Plan Width": 0, "Actual Rows": 0, "Actual Loops": 2, "Inner Unique": false, "Hash Cond": "(d2.d_date_sk = store_returns.sr_returned_date_sk)", "Workers": [], "Plans": [{"Node Type": "Seq Scan", "Parent Relationship": "Outer", "Parallel Aware": true, "Async Capable": false, "Relation Name": "date_dim", "Alias": "d2", "Startup Cost": 0.0, "Total Cost": 2175.97, "Plan Rows": 126, "Plan Width": 4, "Actual Rows": 0, "Actual Loops": 0, "Filter": "((d_moy >= 4) AND (d_moy <= 10) AND (d_year = 1998))", "Rows Removed by Filter": 0, "Workers": []}, {"Node Type": "Hash", "Parent Relationship": "Inner", "Parallel Aware": true, "Async Capable": false, "Startup Cost": 414009.81, "Total Cost": 414009.81, "Plan Rows": 1, "Plan Width": 4, "Actual Rows": 0, "Actual Loops": 2, "Hash Buckets": 1024, "Original Hash Buckets": 1024, "Hash Batches": 1, "Original Hash Batches": 1, "Peak Memory Usage": 0, "Workers": [], "Plans": [{"Node Type": "Nested Loop", "Parent Relationship": "Outer", "Parallel Aware": false, "Async Capable": false, "Join Type": "Inner", "Startup Cost": 2179.14, "Total Cost": 414009.81, "Plan Rows": 1, "Plan Width": 4, "Actual Rows": 0, "Actual Loops": 2, "Inner Unique": true, "Workers": [], "Plans": [{"Node Type": "Nested Loop", "Parent Relationship": "Outer", "Parallel Aware": false, "Async Capable": false, "Join Type": "Inner", "Startup Cost": 2178.85, "Total Cost": 414009.5, "Plan Rows": 1, "Plan Width": 16, "Actual Rows": 0, "Actual Loops": 2, "Inner Unique": true, "Workers": [], "Plans": [{"Node Type": "Nested Loop", "Parent Relationship": "Outer", "Parallel Aware": false, "Async Capable": false, "Join Type": "Inner", "Startup Cost": 2178.71, "Total Cost": 414009.34, "Plan Rows": 1, "Plan Width": 20, "Actual Rows": 0, "Actual Loops": 2, "Inner Unique": true, "Workers": [], "Plans": [{"Node Type": "Nested Loop", "Parent Relationship": "Outer", "Parallel Aware": false, "Async Capable": false, "Join Type": "Inner", "Startup Cost": 2178.42, "Total Cost": 414009.02, "Plan Rows": 1, "Plan Width": 24, "Actual Rows": 38, "Actual Loops": 2, "Inner Unique": true, "Workers": [], "Plans": [{"Node Type": "Nested Loop", "Parent Relationship": "Outer", "Parallel Aware": false, "Async Capable": false, "Join Type": "Inner", "Startup Cost": 2177.98, "Total Cost": 414007.68, "Plan Rows": 1, "Plan Width": 24, "Actual Rows": 51, "Actual Loops": 2, "Inner Unique": false, "Workers": [], "Plans": [{"Node Type": "Hash Join", "Parent Relationship": "Outer", "Parallel Aware": true, "Async Capable": false, "Join Type": "Inner", "Startup Cost": 2177.55, "Total Cost": 406440.62, "Plan Rows": 7032, "Plan Width": 8, "Actual Rows": 749502, "Actual Loops": 2, "Inner Unique": true, "Hash Cond": "(catalog_sales.cs_sold_date_sk = d3.d_date_sk)", "Workers": [], "Plans": [{"Node Type": "Seq Scan", "Parent Relationship": "Outer", "Parallel Aware": true, "Async Capable": false, "Relation Name": "catalog_sales", "Alias": "catalog_sales", "Startup Cost": 0.0, "Total Cost": 397962.14, "Plan Rows": 2400214, "Plan Width": 12, "Actual Rows": 7200630, "Actual Loops": 2, "Workers": []}, {"Node Type": "Hash", "Parent Relationship": "Inner", "Parallel Aware": true, "Async Capable": false, "Startup Cost": 2175.97, "Total Cost": 2175.97, "Plan Rows": 126, "Plan Width": 4, "Actual Rows": 107, "Actual Loops": 2, "Hash Buckets": 1024, "Original Hash Buckets": 1024, "Hash Batches": 1, "Original Hash Batches": 1, "Peak Memory Usage": 40, "Workers": [], "Plans": [{"Node Type": "Seq Scan", "Parent Relationship": "Outer", "Parallel Aware": true, "Async Capable": false, "Relation Name": "date_dim", "Alias": "d3", "Startup Cost": 0.0, "Total Cost": 2175.97, "Plan Rows": 126, "Plan Width": 4, "Actual Rows": 107, "Actual Loops": 2, "Filter": "((d_moy >= 4) AND (d_moy <= 10) AND (d_year = 1998))", "Rows Removed by Filter": 36418, "Workers": []}]}]}, {"Node Type": "Index Scan", "Parent Relationship": "Inner", "Parallel Aware": false, "Async Capable": false, "Scan Direction": "Forward", "Index Name": "store_returns_pkey", "Relation Name": "store_returns", "Alias": "store_returns", "Startup Cost": 0.43, "Total Cost": 1.07, "Plan Rows": 1, "Plan Width": 16, "Actual Rows": 0, "Actual Loops": 1499004, "Index Cond": "(sr_item_sk = catalog_sales.cs_item_sk)", "Rows Removed by Index Recheck": 0, "Filter": "(catalog_sales.cs_bill_customer_sk = sr_customer_sk)", "Rows Removed by Filter": 38, "Workers": []}]}, {"Node Type": "Index Scan", "Parent Relationship": "Inner", "Parallel Aware": false, "Async Capable": false, "Scan Direction": "Forward", "Index Name": "store_sales_pkey", "Relation Name": "store_sales", "Alias": "store_sales", "Startup Cost": 0.44, "Total Cost": 1.34, "Plan Rows": 1, "Plan Width": 20, "Actual Rows": 1, "Actual Loops": 102, "Index Cond": "((ss_item_sk = store_returns.sr_item_sk) AND (ss_ticket_number = store_returns.sr_ticket_number))", "Rows Removed by Index Recheck": 0, "Filter": "(store_returns.sr_customer_sk = ss_customer_sk)", "Rows Removed by Filter": 0, "Workers": []}]}, {"Node Type": "Index Scan", "Parent Relationship": "Inner", "Parallel Aware": false, "Async Capable": false, "Scan Direction": "Forward", "Index Name": "date_dim_pkey", "Relation Name": "date_dim", "Alias": "d1", "Startup Cost": 0.29, "Total Cost": 0.32, "Plan Rows": 1, "Plan Width": 4, "Actual Rows": 0, "Actual Loops": 76, "Index Cond": "(d_date_sk = store_sales.ss_sold_date_sk)", "Rows Removed by Index Recheck": 0, "Filter": "((d_moy = 4) AND (d_year = 1998))", "Rows Removed by Filter": 1, "Workers": []}]}, {"Node Type": "Index Only Scan", "Parent Relationship": "Inner", "Parallel Aware": false, "Async Capable": false, "Scan Direction": "Forward", "Index Name": "store_pkey", "Relation Name": "store", "Alias": "store", "Startup Cost": 0.14, "Total Cost": 0.16, "Plan Rows": 1, "Plan Width": 4, "Actual Rows": 0, "Actual Loops": 0, "Index Cond": "(s_store_sk = store_sales.ss_store_sk)", "Rows Removed by Index Recheck": 0, "Heap Fetches": 0, "Workers": []}]}, {"Node Type": "Index Only Scan", "Parent Relationship": "Inner", "Parallel Aware": false, "Async Capable": false, "Scan Direction": "Forward", "Index Name": "item_pkey", "Relation Name": "item", "Alias": "item", "Startup Cost": 0.29, "Total Cost": 0.31, "Plan Rows": 1, "Plan Width": 4, "Actual Rows": 0, "Actual Loops": 0, "Index Cond": "(i_item_sk = store_sales.ss_item_sk)", "Rows Removed by Index Recheck": 0, "Heap Fetches": 0, "Workers": []}]}]}]}]}]}]}, "Planning Time": 12.023, "Triggers": [], "Execution Time": 109706.171}, {"Plan": {"Node Type": "Aggregate", "Strategy": "Plain", "Partial Mode": "Simple", "Parallel Aware": false, "Async Capable": false, "Startup Cost": 4777558.54, "Total Cost": 4777558.55, "Plan Rows": 1, "Plan Width": 8, "Plans": [{"Node Type": "Hash Join", "Parent Relationship": "Outer", "Parallel Aware": false, "Async Capable": false, "Join Type": "Inner", "Startup Cost": 2712934.88, "Total Cost": 4777558.54, "Plan Rows": 1, "Plan Width": 0, "Inner Unique": false, "Hash Cond": "((store_sales.ss_sold_date_sk = d1.d_date_sk) AND (store_sales.ss_item_sk = item.i_item_sk) AND (store_sales.ss_customer_sk = store_returns.sr_customer_sk) AND (store_sales.ss_ticket_number = store_returns.sr_ticket_number) AND (catalog_sales.cs_sold_date_sk = d3.d_date_sk))", "Plans": [{"Node Type": "Gather", "Parent Relationship": "Outer", "Parallel Aware": false, "Async Capable": false, "Startup Cost": 434972.64, "Total Cost": 2177818.19, "Plan Rows": 13446, "Plan Width": 28, "Workers Planned": 6, "Single Copy": false, "Plans": [{"Node Type": "Hash Join", "Parent Relationship": "Outer", "Parallel Aware": false, "Async Capable": false, "Join Type": "Inner", "Startup Cost": 433972.64, "Total Cost": 2175473.59, "Plan Rows": 2241, "Plan Width": 28, "Inner Unique": true, "Hash Cond": "(store_sales.ss_store_sk = store.s_store_sk)", "Plans": [{"Node Type": "Hash Join", "Parent Relationship": "Outer", "Parallel Aware": true, "Async Capable": false, "Join Type": "Inner", "Startup Cost": 433965.35, "Total Cost": 2175460.18, "Plan Rows": 2241, "Plan Width": 32, "Inner Unique": false, "Hash Cond": "((store_sales.ss_item_sk = catalog_sales.cs_item_sk) AND (store_sales.ss_customer_sk = catalog_sales.cs_bill_customer_sk))", "Plans": [{"Node Type": "Seq Scan", "Parent Relationship": "Outer", "Parallel Aware": true, "Async Capable": false, "Relation Name": "store_sales", "Alias": "store_sales", "Startup Cost": 0.0, "Total Cost": 565449.69, "Plan Rows": 4800169, "Plan Width": 20}, {"Node Type": "Hash", "Parent Relationship": "Inner", "Parallel Aware": true, "Async Capable": false, "Startup Cost": 397962.14, "Total Cost": 397962.14, "Plan Rows": 2400214, "Plan Width": 12, "Plans": [{"Node Type": "Seq Scan", "Parent Relationship": "Outer", "Parallel Aware": true, "Async Capable": false, "Relation Name": "catalog_sales", "Alias": "catalog_sales", "Startup Cost": 0.0, "Total Cost": 397962.14, "Plan Rows": 2400214, "Plan Width": 12}]}]}, {"Node Type": "Hash", "Parent Relationship": "Inner", "Parallel Aware": false, "Async Capable": false, "Startup Cost": 6.02, "Total Cost": 6.02, "Plan Rows": 102, "Plan Width": 4, "Plans": [{"Node Type": "Seq Scan", "Parent Relationship": "Outer", "Parallel Aware": false, "Async Capable": false, "Relation Name": "store", "Alias": "store", "Startup Cost": 0.0, "Total Cost": 6.02, "Plan Rows": 102, "Plan Width": 4}]}]}]}, {"Node Type": "Hash", "Parent Relationship": "Inner", "Parallel Aware": false, "Async Capable": false, "Startup Cost": 744227.44, "Total Cost": 744227.44, "Plan Rows": 54082080, "Plan Width": 24, "Plans": [{"Node Type": "Nested Loop", "Parent Relationship": "Outer", "Parallel Aware": false, "Async Capable": false, "Join Type": "Inner", "Startup Cost": 3178.13, "Total Cost": 744227.44, "Plan Rows": 54082080, "Plan Width": 24, "Inner Unique": false, "Plans": [{"Node Type": "Nested Loop", "Parent Relationship": "Outer", "Parallel Aware": false, "Async Capable": false, "Join Type": "Inner", "Startup Cost": 0.29, "Total Cost": 6478.95, "Plan Rows": 6420, "Plan Width": 8, "Inner Unique": false, "Plans": [{"Node Type": "Index Scan", "Parent Relationship": "Outer", "Parallel Aware": false, "Async Capable": false, "Scan Direction": "Forward", "Index Name": "date_dim_pkey", "Relation Name": "date_dim", "Alias": "d3", "Startup Cost": 0.29, "Total Cost": 3878.89, "Plan Rows": 214, "Plan Width": 4, "Filter": "((d_moy >= 4) AND (d_moy <= 10) AND (d_year = 1998))"}, {"Node Type": "Materialize", "Parent Relationship": "Inner", "Parallel Aware": false, "Async Capable": false, "Startup Cost": 0.0, "Total Cost": 2519.88, "Plan Rows": 30, "Plan Width": 4, "Plans": [{"Node Type": "Seq Scan", "Parent Relationship": "Outer", "Parallel Aware": false, "Async Capable": false, "Relation Name": "date_dim", "Alias": "d1", "Startup Cost": 0.0, "Total Cost": 2519.73, "Plan Rows": 30, "Plan Width": 4, "Filter": "((d_moy = 4) AND (d_year = 1998))"}]}]}, {"Node Type": "Materialize", "Parent Relationship": "Inner", "Parallel Aware": false, "Async Capable": false, "Startup Cost": 3177.84, "Total Cost": 61743.54, "Plan Rows": 8424, "Plan Width": 16, "Plans": [{"Node Type": "Gather", "Parent Relationship": "Outer", "Parallel Aware": false, "Async Capable": false, "Startup Cost": 3177.84, "Total Cost": 61701.42, "Plan Rows": 8424, "Plan Width": 16, "Workers Planned": 4, "Single Copy": false, "Plans": [{"Node Type": "Nested Loop", "Parent Relationship": "Outer", "Parallel Aware": false, "Async Capable": false, "Join Type": "Inner", "Startup Cost": 2177.84, "Total Cost": 59859.02, "Plan Rows": 2106, "Plan Width": 16, "Inner Unique": true, "Plans": [{"Node Type": "Hash Join", "Parent Relationship": "Outer", "Parallel Aware": true, "Async Capable": false, "Join Type": "Inner", "Startup Cost": 2177.55, "Total Cost": 59205.23, "Plan Rows": 2106, "Plan Width": 12, "Inner Unique": true, "Hash Cond": "(store_returns.sr_returned_date_sk = d2.d_date_sk)", "Plans": [{"Node Type": "Seq Scan", "Parent Relationship": "Outer", "Parallel Aware": true, "Async Capable": false, "Relation Name": "store_returns", "Alias": "store_returns", "Startup Cost": 0.0, "Total Cost": 55140.58, "Plan Rows": 718858, "Plan Width": 16}, {"Node Type": "Hash", "Parent Relationship": "Inner", "Parallel Aware": true, "Async Capable": false, "Startup Cost": 2175.97, "Total Cost": 2175.97, "Plan Rows": 126, "Plan Width": 4, "Plans": [{"Node Type": "Seq Scan", "Parent Relationship": "Outer", "Parallel Aware": true, "Async Capable": false, "Relation Name": "date_dim", "Alias": "d2", "Startup Cost": 0.0, "Total Cost": 2175.97, "Plan Rows": 126, "Plan Width": 4, "Filter": "((d_moy >= 4) AND (d_moy <= 10) AND (d_year = 1998))"}]}]}, {"Node Type": "Index Only Scan", "Parent Relationship": "Inner", "Parallel Aware": false, "Async Capable": false, "Scan Direction": "Forward", "Index Name": "item_pkey", "Relation Name": "item", "Alias": "item", "Startup Cost": 0.29, "Total Cost": 0.31, "Plan Rows": 1, "Plan Width": 4, "Index Cond": "(i_item_sk = store_returns.sr_item_sk)"}]}]}]}]}]}]}]}}, {"Plan": {"Node Type": "Aggregate", "Strategy": "Plain", "Partial Mode": "Finalize", "Parallel Aware": false, "Async Capable": false, "Startup Cost": 649095.32, "Total Cost": 649095.33, "Plan Rows": 1, "Plan Width": 8, "Actual Rows": 1, "Actual Loops": 1, "Plans": [{"Node Type": "Gather", "Parent Relationship": "Outer", "Parallel Aware": false, "Async Capable": false, "Startup Cost": 649094.9, "Total Cost": 649095.31, "Plan Rows": 4, "Plan Width": 8, "Actual Rows": 5, "Actual Loops": 1, "Workers Planned": 4, "Workers Launched": 4, "Single Copy": false, "Plans": [{"Node Type": "Aggregate", "Strategy": "Plain", "Partial Mode": "Partial", "Parent Relationship": "Outer", "Parallel Aware": false, "Async Capable": false, "Startup Cost": 648094.9, "Total Cost": 648094.91, "Plan Rows": 1, "Plan Width": 8, "Actual Rows": 1, "Actual Loops": 5, "Workers": [], "Plans": [{"Node Type": "Hash Join", "Parent Relationship": "Outer", "Parallel Aware": true, "Async Capable": false, "Join Type": "Inner", "Startup Cost": 582345.34, "Total Cost": 648094.9, "Plan Rows": 1, "Plan Width": 0, "Actual Rows": 0, "Actual Loops": 5, "Inner Unique": false, "Hash Cond": "((item.i_item_sk = store_sales.ss_item_sk) AND (store_returns.sr_customer_sk = store_sales.ss_customer_sk) AND (store_returns.sr_ticket_number = store_sales.ss_ticket_number))", "Workers": [], "Plans": [{"Node Type": "Nested Loop", "Parent Relationship": "Outer", "Parallel Aware": false, "Async Capable": false, "Join Type": "Inner", "Startup Cost": 2178.57, "Total Cost": 67928.11, "Plan Rows": 1, "Plan Width": 24, "Actual Rows": 2, "Actual Loops": 5, "Inner Unique": true, "Workers": [], "Plans": [{"Node Type": "Nested Loop", "Parent Relationship": "Outer", "Parallel Aware": false, "Async Capable": false, "Join Type": "Inner", "Startup Cost": 2178.28, "Total Cost": 67927.8, "Plan Rows": 1, "Plan Width": 20, "Actual Rows": 2, "Actual Loops": 5, "Inner Unique": true, "Workers": [], "Plans": [{"Node Type": "Nested Loop", "Parent Relationship": "Outer", "Parallel Aware": false, "Async Capable": false, "Join Type": "Inner", "Startup Cost": 2177.98, "Total Cost": 67927.48, "Plan Rows": 1, "Plan Width": 24, "Actual Rows": 16, "Actual Loops": 5, "Inner Unique": false, "Workers": [], "Plans": [{"Node Type": "Hash Join", "Parent Relationship": "Outer", "Parallel Aware": true, "Async Capable": false, "Join Type": "Inner", "Startup Cost": 2177.55, "Total Cost": 59205.23, "Plan Rows": 2106, "Plan Width": 12, "Actual Rows": 37853, "Actual Loops": 5, "Inner Unique": true, "Hash Cond": "(store_returns.sr_returned_date_sk = d2.d_date_sk)", "Workers": [], "Plans": [{"Node Type": "Seq Scan", "Parent Relationship": "Outer", "Parallel Aware": true, "Async Capable": false, "Relation Name": "store_returns", "Alias": "store_returns", "Startup Cost": 0.0, "Total Cost": 55140.58, "Plan Rows": 718858, "Plan Width": 16, "Actual Rows": 575086, "Actual Loops": 5, "Workers": []}, {"Node Type": "Hash", "Parent Relationship": "Inner", "Parallel Aware": true, "Async Capable": false, "Startup Cost": 2175.97, "Total Cost": 2175.97, "Plan Rows": 126, "Plan Width": 4, "Actual Rows": 43, "Actual Loops": 5, "Hash Buckets": 1024, "Original Hash Buckets": 1024, "Hash Batches": 1, "Original Hash Batches": 1, "Peak Memory Usage": 168, "Workers": [], "Plans": [{"Node Type": "Seq Scan", "Parent Relationship": "Outer", "Parallel Aware": true, "Async Capable": false, "Relation Name": "date_dim", "Alias": "d2", "Startup Cost": 0.0, "Total Cost": 2175.97, "Plan Rows": 126, "Plan Width": 4, "Actual Rows": 43, "Actual Loops": 5, "Filter": "((d_moy >= 4) AND (d_moy <= 10) AND (d_year = 1998))", "Rows Removed by Filter": 14567, "Workers": []}]}]}, {"Node Type": "Index Scan", "Parent Relationship": "Inner", "Parallel Aware": false, "Async Capable": false, "Scan Direction": "Forward", "Index Name": "catalog_sales_pkey", "Relation Name": "catalog_sales", "Alias": "catalog_sales", "Startup Cost": 0.43, "Total Cost": 4.13, "Plan Rows": 1, "Plan Width": 12, "Actual Rows": 0, "Actual Loops": 189263, "Index Cond": "(cs_item_sk = store_returns.sr_item_sk)", "Rows Removed by Index Recheck": 0, "Filter": "(cs_bill_customer_sk = store_returns.sr_customer_sk)", "Rows Removed by Filter": 188, "Workers": []}]}, {"Node Type": "Index Scan", "Parent Relationship": "Inner", "Parallel Aware": false, "Async Capable": false, "Scan Direction": "Forward", "Index Name": "date_dim_pkey", "Relation Name": "date_dim", "Alias": "d3", "Startup Cost": 0.29, "Total Cost": 0.32, "Plan Rows": 1, "Plan Width": 4, "Actual Rows": 0, "Actual Loops": 82, "Index Cond": "(d_date_sk = catalog_sales.cs_sold_date_sk)", "Rows Removed by Index Recheck": 0, "Filter": "((d_moy >= 4) AND (d_moy <= 10) AND (d_year = 1998))", "Rows Removed by Filter": 1, "Workers": []}]}, {"Node Type": "Index Only Scan", "Parent Relationship": "Inner", "Parallel Aware": false, "Async Capable": false, "Scan Direction": "Forward", "Index Name": "item_pkey", "Relation Name": "item", "Alias": "item", "Startup Cost": 0.29, "Total Cost": 0.31, "Plan Rows": 1, "Plan Width": 4, "Actual Rows": 1, "Actual Loops": 10, "Index Cond": "(i_item_sk = store_returns.sr_item_sk)", "Rows Removed by Index Recheck": 0, "Heap Fetches": 0, "Workers": []}]}, {"Node Type": "Hash", "Parent Relationship": "Inner", "Parallel Aware": true, "Async Capable": false, "Startup Cost": 580132.28, "Total Cost": 580132.28, "Plan Rows": 1971, "Plan Width": 12, "Actual Rows": 50750, "Actual Loops": 5, "Hash Buckets": 262144, "Original Hash Buckets": 16384, "Hash Batches": 1, "Original Hash Batches": 1, "Peak Memory Usage": 15808, "Workers": [], "Plans": [{"Node Type": "Hash Join", "Parent Relationship": "Outer", "Parallel Aware": false, "Async Capable": false, "Join Type": "Inner", "Startup Cost": 2076.07, "Total Cost": 580132.28, "Plan Rows": 1971, "Plan Width": 12, "Actual Rows": 50750, "Actual Loops": 5, "Inner Unique": true, "Hash Cond": "(store_sales.ss_store_sk = store.s_store_sk)", "Workers": [], "Plans": [{"Node Type": "Hash Join", "Parent Relationship": "Outer", "Parallel Aware": true, "Async Capable": false, "Join Type": "Inner", "Startup Cost": 2068.78, "Total Cost": 580119.61, "Plan Rows": 1971, "Plan Width": 16, "Actual Rows": 51989, "Actual Loops": 5, "Inner Unique": true, "Hash Cond": "(store_sales.ss_sold_date_sk = d1.d_date_sk)", "Workers": [], "Plans": [{"Node Type": "Seq Scan", "Parent Relationship": "Outer", "Parallel Aware": true, "Async Capable": false, "Relation Name": "store_sales", "Alias": "store_sales", "Startup Cost": 0.0, "Total Cost": 565449.69, "Plan Rows": 4800169, "Plan Width": 20, "Actual Rows": 5760198, "Actual Loops": 5, "Workers": []}, {"Node Type": "Hash", "Parent Relationship": "Inner", "Parallel Aware": true, "Async Capable": false, "Startup Cost": 2068.55, "Total Cost": 2068.55, "Plan Rows": 18, "Plan Width": 4, "Actual Rows": 6, "Actual Loops": 5, "Hash Buckets": 1024, "Original Hash Buckets": 1024, "Hash Batches": 1, "Original Hash Batches": 1, "Peak Memory Usage": 40, "Workers": [], "Plans": [{"Node Type": "Seq Scan", "Parent Relationship": "Outer", "Parallel Aware": true, "Async Capable": false, "Relation Name": "date_dim", "Alias": "d1", "Startup Cost": 0.0, "Total Cost": 2068.55, "Plan Rows": 18, "Plan Width": 4, "Actual Rows": 6, "Actual Loops": 5, "Filter": "((d_moy = 4) AND (d_year = 1998))", "Rows Removed by Filter": 14604, "Workers": []}]}]}, {"Node Type": "Hash", "Parent Relationship": "Inner", "Parallel Aware": false, "Async Capable": false, "Startup Cost": 6.02, "Total Cost": 6.02, "Plan Rows": 102, "Plan Width": 4, "Actual Rows": 102, "Actual Loops": 5, "Hash Buckets": 1024, "Original Hash Buckets": 1024, "Hash Batches": 1, "Original Hash Batches": 1, "Peak Memory Usage": 12, "Workers": [], "Plans": [{"Node Type": "Seq Scan", "Parent Relationship": "Outer", "Parallel Aware": false, "Async Capable": false, "Relation Name": "store", "Alias": "store", "Startup Cost": 0.0, "Total Cost": 6.02, "Plan Rows": 102, "Plan Width": 4, "Actual Rows": 102, "Actual Loops": 5, "Workers": []}]}]}]}]}]}]}]}, "Planning Time": 12.165, "Triggers": [], "Execution Time": 33434.295}, {"Plan": {"Node Type": "Aggregate", "Strategy": "Plain", "Partial Mode": "Simple", "Parallel Aware": false, "Async Capable": false, "Startup Cost": 63044.44, "Total Cost": 63044.45, "Plan Rows": 1, "Plan Width": 8, "Actual Rows": 1, "Actual Loops": 1, "Plans": [{"Node Type": "Nested Loop", "Parent Relationship": "Outer", "Parallel Aware": false, "Async Capable": false, "Join Type": "Inner", "Startup Cost": 3179.44, "Total Cost": 63044.44, "Plan Rows": 1, "Plan Width": 0, "Actual Rows": 0, "Actual Loops": 1, "Inner Unique": true, "Plans": [{"Node Type": "Nested Loop", "Parent Relationship": "Outer", "Parallel Aware": false, "Async Capable": false, "Join Type": "Inner", "Startup Cost": 3179.15, "Total Cost": 63044.12, "Plan Rows": 1, "Plan Width": 4, "Actual Rows": 11, "Actual Loops": 1, "Inner Unique": true, "Plans": [{"Node Type": "Nested Loop", "Parent Relationship": "Outer", "Parallel Aware": false, "Async Capable": false, "Join Type": "Inner", "Startup Cost": 3178.86, "Total Cost": 63043.81, "Plan Rows": 1, "Plan Width": 16, "Actual Rows": 11, "Actual Loops": 1, "Inner Unique": true, "Plans": [{"Node Type": "Nested Loop", "Parent Relationship": "Outer", "Parallel Aware": false, "Async Capable": false, "Join Type": "Inner", "Startup Cost": 3178.71, "Total Cost": 63043.65, "Plan Rows": 1, "Plan Width": 20, "Actual Rows": 11, "Actual Loops": 1, "Inner Unique": true, "Plans": [{"Node Type": "Nested Loop", "Parent Relationship": "Outer", "Parallel Aware": false, "Async Capable": false, "Join Type": "Inner", "Startup Cost": 3178.42, "Total Cost": 63043.33, "Plan Rows": 1, "Plan Width": 24, "Actual Rows": 57, "Actual Loops": 1, "Inner Unique": false, "Plans": [{"Node Type": "Gather", "Parent Relationship": "Outer", "Parallel Aware": false, "Async Capable": false, "Startup Cost": 3177.99, "Total Cost": 63039.73, "Plan Rows": 1, "Plan Width": 24, "Actual Rows": 140303, "Actual Loops": 1, "Workers Planned": 4, "Workers Launched": 4, "Single Copy": false, "Plans": [{"Node Type": "Nested Loop", "Parent Relationship": "Outer", "Parallel Aware": false, "Async Capable": false, "Join Type": "Inner", "Startup Cost": 2177.99, "Total Cost": 62039.63, "Plan Rows": 1, "Plan Width": 24, "Actual Rows": 28061, "Actual Loops": 5, "Inner Unique": true, "Workers": [], "Plans": [{"Node Type": "Hash Join", "Parent Relationship": "Outer", "Parallel Aware": true, "Async Capable": false, "Join Type": "Inner", "Startup Cost": 2177.55, "Total Cost": 59205.23, "Plan Rows": 2106, "Plan Width": 12, "Actual Rows": 37853, "Actual Loops": 5, "Inner Unique": true, "Hash Cond": "(store_returns.sr_returned_date_sk = d2.d_date_sk)", "Workers": [], "Plans": [{"Node Type": "Seq Scan", "Parent Relationship": "Outer", "Parallel Aware": true, "Async Capable": false, "Relation Name": "store_returns", "Alias": "store_returns", "Startup Cost": 0.0, "Total Cost": 55140.58, "Plan Rows": 718858, "Plan Width": 16, "Actual Rows": 575086, "Actual Loops": 5, "Workers": []}, {"Node Type": "Hash", "Parent Relationship": "Inner", "Parallel Aware": true, "Async Capable": false, "Startup Cost": 2175.97, "Total Cost": 2175.97, "Plan Rows": 126, "Plan Width": 4, "Actual Rows": 43, "Actual Loops": 5, "Hash Buckets": 1024, "Original Hash Buckets": 1024, "Hash Batches": 1, "Original Hash Batches": 1, "Peak Memory Usage": 40, "Workers": [], "Plans": [{"Node Type": "Seq Scan", "Parent Relationship": "Outer", "Parallel Aware": true, "Async Capable": false, "Relation Name": "date_dim", "Alias": "d2", "Startup Cost": 0.0, "Total Cost": 2175.97, "Plan Rows": 126, "Plan Width": 4, "Actual Rows": 43, "Actual Loops": 5, "Filter": "((d_moy >= 4) AND (d_moy <= 10) AND (d_year = 1998))", "Rows Removed by Filter": 14567, "Workers": []}]}]}, {"Node Type": "Index Scan", "Parent Relationship": "Inner", "Parallel Aware": false, "Async Capable": false, "Scan Direction": "Forward", "Index Name": "store_sales_pkey", "Relation Name": "store_sales", "Alias": "store_sales", "Startup Cost": 0.44, "Total Cost": 1.34, "Plan Rows": 1, "Plan Width": 20, "Actual Rows": 1, "Actual Loops": 189263, "Index Cond": "((ss_item_sk = store_returns.sr_item_sk) AND (ss_ticket_number = store_returns.sr_ticket_number))", "Rows Removed by Index Recheck": 0, "Filter": "(store_returns.sr_customer_sk = ss_customer_sk)", "Rows Removed by Filter": 0, "Workers": []}]}]}, {"Node Type": "Index Scan", "Parent Relationship": "Inner", "Parallel Aware": false, "Async Capable": false, "Scan Direction": "Forward", "Index Name": "catalog_sales_pkey", "Relation Name": "catalog_sales", "Alias": "catalog_sales", "Startup Cost": 0.43, "Total Cost": 3.59, "Plan Rows": 1, "Plan Width": 12, "Actual Rows": 0, "Actual Loops": 140303, "Index Cond": "(cs_item_sk = store_sales.ss_item_sk)", "Rows Removed by Index Recheck": 0, "Filter": "(cs_bill_customer_sk = store_sales.ss_customer_sk)", "Rows Removed by Filter": 188}]}, {"Node Type": "Index Scan", "Parent Relationship": "Inner", "Parallel Aware": false, "Async Capable": false, "Scan Direction": "Forward", "Index Name": "date_dim_pkey", "Relation Name": "date_dim", "Alias": "d1", "Startup Cost": 0.29, "Total Cost": 0.32, "Plan Rows": 1, "Plan Width": 4, "Actual Rows": 0, "Actual Loops": 57, "Index Cond": "(d_date_sk = store_sales.ss_sold_date_sk)", "Rows Removed by Index Recheck": 0, "Filter": "((d_moy = 4) AND (d_year = 1998))", "Rows Removed by Filter": 1}]}, {"Node Type": "Index Only Scan", "Parent Relationship": "Inner", "Parallel Aware": false, "Async Capable": false, "Scan Direction": "Forward", "Index Name": "store_pkey", "Relation Name": "store", "Alias": "store", "Startup Cost": 0.14, "Total Cost": 0.16, "Plan Rows": 1, "Plan Width": 4, "Actual Rows": 1, "Actual Loops": 11, "Index Cond": "(s_store_sk = store_sales.ss_store_sk)", "Rows Removed by Index Recheck": 0, "Heap Fetches": 11}]}, {"Node Type": "Index Only Scan", "Parent Relationship": "Inner", "Parallel Aware": false, "Async Capable": false, "Scan Direction": "Forward", "Index Name": "item_pkey", "Relation Name": "item", "Alias": "item", "Startup Cost": 0.29, "Total Cost": 0.31, "Plan Rows": 1, "Plan Width": 4, "Actual Rows": 1, "Actual Loops": 11, "Index Cond": "(i_item_sk = store_sales.ss_item_sk)", "Rows Removed by Index Recheck": 0, "Heap Fetches": 0}]}, {"Node Type": "Index Scan", "Parent Relationship": "Inner", "Parallel Aware": false, "Async Capable": false, "Scan Direction": "Forward", "Index Name": "date_dim_pkey", "Relation Name": "date_dim", "Alias": "d3", "Startup Cost": 0.29, "Total Cost": 0.32, "Plan Rows": 1, "Plan Width": 4, "Actual Rows": 0, "Actual Loops": 11, "Index Cond": "(d_date_sk = catalog_sales.cs_sold_date_sk)", "Rows Removed by Index Recheck": 0, "Filter": "((d_moy >= 4) AND (d_moy <= 10) AND (d_year = 1998))", "Rows Removed by Filter": 1}]}]}, "Planning Time": 7.893, "Triggers": [], "Execution Time": 206817.938}, {"Plan": {"Node Type": "Aggregate", "Strategy": "Plain", "Partial Mode": "Simple", "Parallel Aware": false, "Async Capable": false, "Startup Cost": 391983.16, "Total Cost": 391983.17, "Plan Rows": 1, "Plan Width": 8, "Actual Rows": 1, "Actual Loops": 1, "Plans": [{"Node Type": "Merge Join", "Parent Relationship": "Outer", "Parallel Aware": false, "Async Capable": false, "Join Type": "Inner", "Startup Cost": 376342.25, "Total Cost": 391983.16, "Plan Rows": 1, "Plan Width": 0, "Actual Rows": 0, "Actual Loops": 1, "Inner Unique": false, "Merge Cond": "(d3.d_date_sk = catalog_sales.cs_sold_date_sk)", "Join Filter": "((store_sales.ss_item_sk = item.i_item_sk) AND (store_returns.sr_customer_sk = store_sales.ss_customer_sk) AND (store_sales.ss_ticket_number = store_returns.sr_ticket_number))", "Rows Removed by Join Filter": 2537510, "Plans": [{"Node Type": "Nested Loop", "Parent Relationship": "Outer", "Parallel Aware": false, "Async Capable": false, "Join Type": "Inner", "Startup Cost": 3076.36, "Total Cost": 617863.44, "Plan Rows": 2531192, "Plan Width": 16, "Actual Rows": 54302714, "Actual Loops": 1, "Inner Unique": false, "Plans": [{"Node Type": "Index Scan", "Parent Relationship": "Outer", "Parallel Aware": false, "Async Capable": false, "Scan Direction": "Forward", "Index Name": "date_dim_pkey", "Relation Name": "date_dim", "Alias": "d3", "Startup Cost": 0.29, "Total Cost": 3878.89, "Plan Rows": 214, "Plan Width": 4, "Actual Rows": 214, "Actual Loops": 1, "Filter": "((d_moy >= 4) AND (d_moy <= 10) AND (d_year = 1998))", "Rows Removed by Filter": 72835}, {"Node Type": "Materialize", "Parent Relationship": "Inner", "Parallel Aware": false, "Async Capable": false, "Startup Cost": 3076.07, "Total Cost": 582374.22, "Plan Rows": 11828, "Plan Width": 12, "Actual Rows": 253751, "Actual Loops": 214, "Plans": [{"Node Type": "Gather", "Parent Relationship": "Outer", "Parallel Aware": false, "Async Capable": false, "Startup Cost": 3076.07, "Total Cost": 582315.08, "Plan Rows": 11828, "Plan Width": 12, "Actual Rows": 253751, "Actual Loops": 1, "Workers Planned": 6, "Workers Launched": 6, "Single Copy": false, "Plans": [{"Node Type": "Hash Join", "Parent Relationship": "Outer", "Parallel Aware": false, "Async Capable": false, "Join Type": "Inner", "Startup Cost": 2076.07, "Total Cost": 580132.28, "Plan Rows": 1971, "Plan Width": 12, "Actual Rows": 36250, "Actual Loops": 7, "Inner Unique": true, "Hash Cond": "(store_sales.ss_store_sk = store.s_store_sk)", "Workers": [], "Plans": [{"Node Type": "Hash Join", "Parent Relationship": "Outer", "Parallel Aware": true, "Async Capable": false, "Join Type": "Inner", "Startup Cost": 2068.78, "Total Cost": 580119.61, "Plan Rows": 1971, "Plan Width": 16, "Actual Rows": 37135, "Actual Loops": 7, "Inner Unique": true, "Hash Cond": "(store_sales.ss_sold_date_sk = d1.d_date_sk)", "Workers": [], "Plans": [{"Node Type": "Seq Scan", "Parent Relationship": "Outer", "Parallel Aware": true, "Async Capable": false, "Relation Name": "store_sales", "Alias": "store_sales", "Startup Cost": 0.0, "Total Cost": 565449.69, "Plan Rows": 4800169, "Plan Width": 20, "Actual Rows": 4114427, "Actual Loops": 7, "Workers": []}, {"Node Type": "Hash", "Parent Relationship": "Inner", "Parallel Aware": true, "Async Capable": false, "Startup Cost": 2068.55, "Total Cost": 2068.55, "Plan Rows": 18, "Plan Width": 4, "Actual Rows": 4, "Actual Loops": 7, "Hash Buckets": 1024, "Original Hash Buckets": 1024, "Hash Batches": 1, "Original Hash Batches": 1, "Peak Memory Usage": 40, "Workers": [], "Plans": [{"Node Type": "Seq Scan", "Parent Relationship": "Outer", "Parallel Aware": true, "Async Capable": false, "Relation Name": "date_dim", "Alias": "d1", "Startup Cost": 0.0, "Total Cost": 2068.55, "Plan Rows": 18, "Plan Width": 4, "Actual Rows": 8, "Actual Loops": 4, "Filter": "((d_moy = 4) AND (d_year = 1998))", "Rows Removed by Filter": 18255, "Workers": []}]}]}, {"Node Type": "Hash", "Parent Relationship": "Inner", "Parallel Aware": false, "Async Capable": false, "Startup Cost": 6.02, "Total Cost": 6.02, "Plan Rows": 102, "Plan Width": 4, "Actual Rows": 102, "Actual Loops": 7, "Hash Buckets": 1024, "Original Hash Buckets": 1024, "Hash Batches": 1, "Original Hash Batches": 1, "Peak Memory Usage": 12, "Workers": [], "Plans": [{"Node Type": "Seq Scan", "Parent Relationship": "Outer", "Parallel Aware": false, "Async Capable": false, "Relation Name": "store", "Alias": "store", "Startup Cost": 0.0, "Total Cost": 6.02, "Plan Rows": 102, "Plan Width": 4, "Actual Rows": 102, "Actual Loops": 7, "Workers": []}]}]}]}]}]}, {"Node Type": "Sort", "Parent Relationship": "Inner", "Parallel Aware": false, "Async Capable": false, "Startup Cost": 68928.12, "Total Cost": 68928.12, "Plan Rows": 3, "Plan Width": 28, "Actual Rows": 2537515, "Actual Loops": 1, "Sort Key": ["catalog_sales.cs_sold_date_sk"], "Sort Method": "quicksort", "Sort Space Used": 29, "Sort Space Type": "Memory", "Plans": [{"Node Type": "Gather", "Parent Relationship": "Outer", "Parallel Aware": false, "Async Capable": false, "Startup Cost": 3178.28, "Total Cost": 68928.09, "Plan Rows": 3, "Plan Width": 28, "Actual Rows": 82, "Actual Loops": 1, "Workers Planned": 4, "Workers Launched": 4, "Single Copy": false, "Plans": [{"Node Type": "Nested Loop", "Parent Relationship": "Outer", "Parallel Aware": false, "Async Capable": false, "Join Type": "Inner", "Startup Cost": 2178.28, "Total Cost": 67927.79, "Plan Rows": 1, "Plan Width": 28, "Actual Rows": 16, "Actual Loops": 5, "Inner Unique": true, "Workers": [], "Plans": [{"Node Type": "Nested Loop", "Parent Relationship": "Outer", "Parallel Aware": false, "Async Capable": false, "Join Type": "Inner", "Startup Cost": 2177.98, "Total Cost": 67927.48, "Plan Rows": 1, "Plan Width": 24, "Actual Rows": 16, "Actual Loops": 5, "Inner Unique": false, "Workers": [], "Plans": [{"Node Type": "Hash Join", "Parent Relationship": "Outer", "Parallel Aware": true, "Async Capable": false, "Join Type": "Inner", "Startup Cost": 2177.55, "Total Cost": 59205.23, "Plan Rows": 2106, "Plan Width": 12, "Actual Rows": 37853, "Actual Loops": 5, "Inner Unique": true, "Hash Cond": "(store_returns.sr_returned_date_sk = d2.d_date_sk)", "Workers": [], "Plans": [{"Node Type": "Seq Scan", "Parent Relationship": "Outer", "Parallel Aware": true, "Async Capable": false, "Relation Name": "store_returns", "Alias": "store_returns", "Startup Cost": 0.0, "Total Cost": 55140.58, "Plan Rows": 718858, "Plan Width": 16, "Actual Rows": 575086, "Actual Loops": 5, "Workers": []}, {"Node Type": "Hash", "Parent Relationship": "Inner", "Parallel Aware": true, "Async Capable": false, "Startup Cost": 2175.97, "Total Cost": 2175.97, "Plan Rows": 126, "Plan Width": 4, "Actual Rows": 43, "Actual Loops": 5, "Hash Buckets": 1024, "Original Hash Buckets": 1024, "Hash Batches": 1, "Original Hash Batches": 1, "Peak Memory Usage": 40, "Workers": [], "Plans": [{"Node Type": "Seq Scan", "Parent Relationship": "Outer", "Parallel Aware": true, "Async Capable": false, "Relation Name": "date_dim", "Alias": "d2", "Startup Cost": 0.0, "Total Cost": 2175.97, "Plan Rows": 126, "Plan Width": 4, "Actual Rows": 214, "Actual Loops": 1, "Filter": "((d_moy >= 4) AND (d_moy <= 10) AND (d_year = 1998))", "Rows Removed by Filter": 72835, "Workers": []}]}]}, {"Node Type": "Index Scan", "Parent Relationship": "Inner", "Parallel Aware": false, "Async Capable": false, "Scan Direction": "Forward", "Index Name": "catalog_sales_pkey", "Relation Name": "catalog_sales", "Alias": "catalog_sales", "Startup Cost": 0.43, "Total Cost": 4.13, "Plan Rows": 1, "Plan Width": 12, "Actual Rows": 0, "Actual Loops": 189263, "Index Cond": "(cs_item_sk = store_returns.sr_item_sk)", "Rows Removed by Index Recheck": 0, "Filter": "(cs_bill_customer_sk = store_returns.sr_customer_sk)", "Rows Removed by Filter": 188, "Workers": []}]}, {"Node Type": "Index Only Scan", "Parent Relationship": "Inner", "Parallel Aware": false, "Async Capable": false, "Scan Direction": "Forward", "Index Name": "item_pkey", "Relation Name": "item", "Alias": "item", "Startup Cost": 0.29, "Total Cost": 0.31, "Plan Rows": 1, "Plan Width": 4, "Actual Rows": 1, "Actual Loops": 82, "Index Cond": "(i_item_sk = store_returns.sr_item_sk)", "Rows Removed by Index Recheck": 0, "Heap Fetches": 0, "Workers": []}]}]}]}]}]}, "Planning Time": 7.749, "Triggers": [], "Execution Time": 40045.629}, {"Plan": {"Node Type": "Aggregate", "Strategy": "Plain", "Partial Mode": "Simple", "Parallel Aware": false, "Async Capable": false, "Startup Cost": 63044.44, "Total Cost": 63044.45, "Plan Rows": 1, "Plan Width": 8, "Actual Rows": 1, "Actual Loops": 1, "Plans": [{"Node Type": "Nested Loop", "Parent Relationship": "Outer", "Parallel Aware": false, "Async Capable": false, "Join Type": "Inner", "Startup Cost": 3179.44, "Total Cost": 63044.44, "Plan Rows": 1, "Plan Width": 0, "Actual Rows": 0, "Actual Loops": 1, "Inner Unique": true, "Plans": [{"Node Type": "Nested Loop", "Parent Relationship": "Outer", "Parallel Aware": false, "Async Capable": false, "Join Type": "Inner", "Startup Cost": 3179.3, "Total Cost": 63044.27, "Plan Rows": 1, "Plan Width": 4, "Actual Rows": 0, "Actual Loops": 1, "Inner Unique": true, "Plans": [{"Node Type": "Nested Loop", "Parent Relationship": "Outer", "Parallel Aware": false, "Async Capable": false, "Join Type": "Inner", "Startup Cost": 3179.01, "Total Cost": 63043.96, "Plan Rows": 1, "Plan Width": 16, "Actual Rows": 0, "Actual Loops": 1, "Inner Unique": true, "Plans": [{"Node Type": "Nested Loop", "Parent Relationship": "Outer", "Parallel Aware": false, "Async Capable": false, "Join Type": "Inner", "Startup Cost": 3178.71, "Total Cost": 63043.65, "Plan Rows": 1, "Plan Width": 20, "Actual Rows": 11, "Actual Loops": 1, "Inner Unique": true, "Plans": [{"Node Type": "Nested Loop", "Parent Relationship": "Outer", "Parallel Aware": false, "Async Capable": false, "Join Type": "Inner", "Startup Cost": 3178.42, "Total Cost": 63043.33, "Plan Rows": 1, "Plan Width": 24, "Actual Rows": 57, "Actual Loops": 1, "Inner Unique": false, "Plans": [{"Node Type": "Gather", "Parent Relationship": "Outer", "Parallel Aware": false, "Async Capable": false, "Startup Cost": 3177.99, "Total Cost": 63039.73, "Plan Rows": 1, "Plan Width": 24, "Actual Rows": 140303, "Actual Loops": 1, "Workers Planned": 4, "Workers Launched": 4, "Single Copy": false, "Plans": [{"Node Type": "Nested Loop", "Parent Relationship": "Outer", "Parallel Aware": false, "Async Capable": false, "Join Type": "Inner", "Startup Cost": 2177.99, "Total Cost": 62039.63, "Plan Rows": 1, "Plan Width": 24, "Actual Rows": 28061, "Actual Loops": 5, "Inner Unique": true, "Workers": [], "Plans": [{"Node Type": "Hash Join", "Parent Relationship": "Outer", "Parallel Aware": true, "Async Capable": false, "Join Type": "Inner", "Startup Cost": 2177.55, "Total Cost": 59205.23, "Plan Rows": 2106, "Plan Width": 12, "Actual Rows": 37853, "Actual Loops": 5, "Inner Unique": true, "Hash Cond": "(store_returns.sr_returned_date_sk = d2.d_date_sk)", "Workers": [], "Plans": [{"Node Type": "Seq Scan", "Parent Relationship": "Outer", "Parallel Aware": true, "Async Capable": false, "Relation Name": "store_returns", "Alias": "store_returns", "Startup Cost": 0.0, "Total Cost": 55140.58, "Plan Rows": 718858, "Plan Width": 16, "Actual Rows": 575086, "Actual Loops": 5, "Workers": []}, {"Node Type": "Hash", "Parent Relationship": "Inner", "Parallel Aware": true, "Async Capable": false, "Startup Cost": 2175.97, "Total Cost": 2175.97, "Plan Rows": 126, "Plan Width": 4, "Actual Rows": 43, "Actual Loops": 5, "Hash Buckets": 1024, "Original Hash Buckets": 1024, "Hash Batches": 1, "Original Hash Batches": 1, "Peak Memory Usage": 40, "Workers": [], "Plans": [{"Node Type": "Seq Scan", "Parent Relationship": "Outer", "Parallel Aware": true, "Async Capable": false, "Relation Name": "date_dim", "Alias": "d2", "Startup Cost": 0.0, "Total Cost": 2175.97, "Plan Rows": 126, "Plan Width": 4, "Actual Rows": 43, "Actual Loops": 5, "Filter": "((d_moy >= 4) AND (d_moy <= 10) AND (d_year = 1998))", "Rows Removed by Filter": 14567, "Workers": []}]}]}, {"Node Type": "Index Scan", "Parent Relationship": "Inner", "Parallel Aware": false, "Async Capable": false, "Scan Direction": "Forward", "Index Name": "store_sales_pkey", "Relation Name": "store_sales", "Alias": "store_sales", "Startup Cost": 0.44, "Total Cost": 1.34, "Plan Rows": 1, "Plan Width": 20, "Actual Rows": 1, "Actual Loops": 189263, "Index Cond": "((ss_item_sk = store_returns.sr_item_sk) AND (ss_ticket_number = store_returns.sr_ticket_number))", "Rows Removed by Index Recheck": 0, "Filter": "(store_returns.sr_customer_sk = ss_customer_sk)", "Rows Removed by Filter": 0, "Workers": []}]}]}, {"Node Type": "Index Scan", "Parent Relationship": "Inner", "Parallel Aware": false, "Async Capable": false, "Scan Direction": "Forward", "Index Name": "catalog_sales_pkey", "Relation Name": "catalog_sales", "Alias": "catalog_sales", "Startup Cost": 0.43, "Total Cost": 3.59, "Plan Rows": 1, "Plan Width": 12, "Actual Rows": 0, "Actual Loops": 140303, "Index Cond": "(cs_item_sk = store_sales.ss_item_sk)", "Rows Removed by Index Recheck": 0, "Filter": "(cs_bill_customer_sk = store_sales.ss_customer_sk)", "Rows Removed by Filter": 188}]}, {"Node Type": "Index Scan", "Parent Relationship": "Inner", "Parallel Aware": false, "Async Capable": false, "Scan Direction": "Forward", "Index Name": "date_dim_pkey", "Relation Name": "date_dim", "Alias": "d1", "Startup Cost": 0.29, "Total Cost": 0.32, "Plan Rows": 1, "Plan Width": 4, "Actual Rows": 0, "Actual Loops": 57, "Index Cond": "(d_date_sk = store_sales.ss_sold_date_sk)", "Rows Removed by Index Recheck": 0, "Filter": "((d_moy = 4) AND (d_year = 1998))", "Rows Removed by Filter": 1}]}, {"Node Type": "Index Scan", "Parent Relationship": "Inner", "Parallel Aware": false, "Async Capable": false, "Scan Direction": "Forward", "Index Name": "date_dim_pkey", "Relation Name": "date_dim", "Alias": "d3", "Startup Cost": 0.29, "Total Cost": 0.32, "Plan Rows": 1, "Plan Width": 4, "Actual Rows": 0, "Actual Loops": 11, "Index Cond": "(d_date_sk = catalog_sales.cs_sold_date_sk)", "Rows Removed by Index Recheck": 0, "Filter": "((d_moy >= 4) AND (d_moy <= 10) AND (d_year = 1998))", "Rows Removed by Filter": 1}]}, {"Node Type": "Index Only Scan", "Parent Relationship": "Inner", "Parallel Aware": false, "Async Capable": false, "Scan Direction": "Forward", "Index Name": "item_pkey", "Relation Name": "item", "Alias": "item", "Startup Cost": 0.29, "Total Cost": 0.31, "Plan Rows": 1, "Plan Width": 4, "Actual Rows": 0, "Actual Loops": 0, "Index Cond": "(i_item_sk = store_sales.ss_item_sk)", "Rows Removed by Index Recheck": 0, "Heap Fetches": 0}]}, {"Node Type": "Index Only Scan", "Parent Relationship": "Inner", "Parallel Aware": false, "Async Capable": false, "Scan Direction": "Forward", "Index Name": "store_pkey", "Relation Name": "store", "Alias": "store", "Startup Cost": 0.14, "Total Cost": 0.16, "Plan Rows": 1, "Plan Width": 4, "Actual Rows": 0, "Actual Loops": 0, "Index Cond": "(s_store_sk = store_sales.ss_store_sk)", "Rows Removed by Index Recheck": 0, "Heap Fetches": 0}]}]}, "Planning Time": 7.65, "Triggers": [], "Execution Time": 204372.116}, {"Plan": {"Node Type": "Aggregate", "Strategy": "Plain", "Partial Mode": "Simple", "Parallel Aware": false, "Async Capable": false, "Startup Cost": 63044.44, "Total Cost": 63044.45, "Plan Rows": 1, "Plan Width": 8, "Actual Rows": 1, "Actual Loops": 1, "Plans": [{"Node Type": "Nested Loop", "Parent Relationship": "Outer", "Parallel Aware": false, "Async Capable": false, "Join Type": "Inner", "Startup Cost": 3179.44, "Total Cost": 63044.44, "Plan Rows": 1, "Plan Width": 0, "Actual Rows": 0, "Actual Loops": 1, "Inner Unique": true, "Plans": [{"Node Type": "Nested Loop", "Parent Relationship": "Outer", "Parallel Aware": false, "Async Capable": false, "Join Type": "Inner", "Startup Cost": 3179.15, "Total Cost": 63044.12, "Plan Rows": 1, "Plan Width": 4, "Actual Rows": 4, "Actual Loops": 1, "Inner Unique": true, "Plans": [{"Node Type": "Nested Loop", "Parent Relationship": "Outer", "Parallel Aware": false, "Async Capable": false, "Join Type": "Inner", "Startup Cost": 3178.86, "Total Cost": 63043.81, "Plan Rows": 1, "Plan Width": 16, "Actual Rows": 4, "Actual Loops": 1, "Inner Unique": true, "Plans": [{"Node Type": "Nested Loop", "Parent Relationship": "Outer", "Parallel Aware": false, "Async Capable": false, "Join Type": "Inner", "Startup Cost": 3178.71, "Total Cost": 63043.65, "Plan Rows": 1, "Plan Width": 20, "Actual Rows": 5, "Actual Loops": 1, "Inner Unique": true, "Plans": [{"Node Type": "Nested Loop", "Parent Relationship": "Outer", "Parallel Aware": false, "Async Capable": false, "Join Type": "Inner", "Startup Cost": 3178.42, "Total Cost": 63043.33, "Plan Rows": 1, "Plan Width": 24, "Actual Rows": 57, "Actual Loops": 1, "Inner Unique": false, "Plans": [{"Node Type": "Gather", "Parent Relationship": "Outer", "Parallel Aware": false, "Async Capable": false, "Startup Cost": 3177.99, "Total Cost": 63039.73, "Plan Rows": 1, "Plan Width": 24, "Actual Rows": 140303, "Actual Loops": 1, "Workers Planned": 4, "Workers Launched": 4, "Single Copy": false, "Plans": [{"Node Type": "Nested Loop", "Parent Relationship": "Outer", "Parallel Aware": false, "Async Capable": false, "Join Type": "Inner", "Startup Cost": 2177.99, "Total Cost": 62039.63, "Plan Rows": 1, "Plan Width": 24, "Actual Rows": 28061, "Actual Loops": 5, "Inner Unique": true, "Workers": [], "Plans": [{"Node Type": "Hash Join", "Parent Relationship": "Outer", "Parallel Aware": true, "Async Capable": false, "Join Type": "Inner", "Startup Cost": 2177.55, "Total Cost": 59205.23, "Plan Rows": 2106, "Plan Width": 12, "Actual Rows": 37853, "Actual Loops": 5, "Inner Unique": true, "Hash Cond": "(store_returns.sr_returned_date_sk = d2.d_date_sk)", "Workers": [], "Plans": [{"Node Type": "Seq Scan", "Parent Relationship": "Outer", "Parallel Aware": true, "Async Capable": false, "Relation Name": "store_returns", "Alias": "store_returns", "Startup Cost": 0.0, "Total Cost": 55140.58, "Plan Rows": 718858, "Plan Width": 16, "Actual Rows": 575086, "Actual Loops": 5, "Workers": []}, {"Node Type": "Hash", "Parent Relationship": "Inner", "Parallel Aware": true, "Async Capable": false, "Startup Cost": 2175.97, "Total Cost": 2175.97, "Plan Rows": 126, "Plan Width": 4, "Actual Rows": 43, "Actual Loops": 5, "Hash Buckets": 1024, "Original Hash Buckets": 1024, "Hash Batches": 1, "Original Hash Batches": 1, "Peak Memory Usage": 40, "Workers": [], "Plans": [{"Node Type": "Seq Scan", "Parent Relationship": "Outer", "Parallel Aware": true, "Async Capable": false, "Relation Name": "date_dim", "Alias": "d2", "Startup Cost": 0.0, "Total Cost": 2175.97, "Plan Rows": 126, "Plan Width": 4, "Actual Rows": 43, "Actual Loops": 5, "Filter": "((d_moy >= 4) AND (d_moy <= 10) AND (d_year = 1998))", "Rows Removed by Filter": 14567, "Workers": []}]}]}, {"Node Type": "Index Scan", "Parent Relationship": "Inner", "Parallel Aware": false, "Async Capable": false, "Scan Direction": "Forward", "Index Name": "store_sales_pkey", "Relation Name": "store_sales", "Alias": "store_sales", "Startup Cost": 0.44, "Total Cost": 1.34, "Plan Rows": 1, "Plan Width": 20, "Actual Rows": 1, "Actual Loops": 189263, "Index Cond": "((ss_item_sk = store_returns.sr_item_sk) AND (ss_ticket_number = store_returns.sr_ticket_number))", "Rows Removed by Index Recheck": 0, "Filter": "(store_returns.sr_customer_sk = ss_customer_sk)", "Rows Removed by Filter": 0, "Workers": []}]}]}, {"Node Type": "Index Scan", "Parent Relationship": "Inner", "Parallel Aware": false, "Async Capable": false, "Scan Direction": "Forward", "Index Name": "catalog_sales_pkey", "Relation Name": "catalog_sales", "Alias": "catalog_sales", "Startup Cost": 0.43, "Total Cost": 3.59, "Plan Rows": 1, "Plan Width": 12, "Actual Rows": 0, "Actual Loops": 140303, "Index Cond": "(cs_item_sk = store_sales.ss_item_sk)", "Rows Removed by Index Recheck": 0, "Filter": "(cs_bill_customer_sk = store_sales.ss_customer_sk)", "Rows Removed by Filter": 188}]}, {"Node Type": "Index Scan", "Parent Relationship": "Inner", "Parallel Aware": false, "Async Capable": false, "Scan Direction": "Forward", "Index Name": "date_dim_pkey", "Relation Name": "date_dim", "Alias": "d3", "Startup Cost": 0.29, "Total Cost": 0.32, "Plan Rows": 1, "Plan Width": 4, "Actual Rows": 0, "Actual Loops": 57, "Index Cond": "(d_date_sk = catalog_sales.cs_sold_date_sk)", "Rows Removed by Index Recheck": 0, "Filter": "((d_moy >= 4) AND (d_moy <= 10) AND (d_year = 1998))", "Rows Removed by Filter": 1}]}, {"Node Type": "Index Only Scan", "Parent Relationship": "Inner", "Parallel Aware": false, "Async Capable": false, "Scan Direction": "Forward", "Index Name": "store_pkey", "Relation Name": "store", "Alias": "store", "Startup Cost": 0.14, "Total Cost": 0.16, "Plan Rows": 1, "Plan Width": 4, "Actual Rows": 1, "Actual Loops": 5, "Index Cond": "(s_store_sk = store_sales.ss_store_sk)", "Rows Removed by Index Recheck": 0, "Heap Fetches": 4}]}, {"Node Type": "Index Only Scan", "Parent Relationship": "Inner", "Parallel Aware": false, "Async Capable": false, "Scan Direction": "Forward", "Index Name": "item_pkey", "Relation Name": "item", "Alias": "item", "Startup Cost": 0.29, "Total Cost": 0.31, "Plan Rows": 1, "Plan Width": 4, "Actual Rows": 1, "Actual Loops": 4, "Index Cond": "(i_item_sk = store_sales.ss_item_sk)", "Rows Removed by Index Recheck": 0, "Heap Fetches": 0}]}, {"Node Type": "Index Scan", "Parent Relationship": "Inner", "Parallel Aware": false, "Async Capable": false, "Scan Direction": "Forward", "Index Name": "date_dim_pkey", "Relation Name": "date_dim", "Alias": "d1", "Startup Cost": 0.29, "Total Cost": 0.32, "Plan Rows": 1, "Plan Width": 4, "Actual Rows": 0, "Actual Loops": 4, "Index Cond": "(d_date_sk = store_sales.ss_sold_date_sk)", "Rows Removed by Index Recheck": 0, "Filter": "((d_moy = 4) AND (d_year = 1998))", "Rows Removed by Filter": 1}]}]}, "Planning Time": 7.775, "Triggers": [], "Execution Time": 202745.745}, {"Plan": {"Node Type": "Aggregate", "Strategy": "Plain", "Partial Mode": "Simple", "Parallel Aware": false, "Async Capable": false, "Startup Cost": 495795.96, "Total Cost": 495795.97, "Plan Rows": 1, "Plan Width": 8, "Actual Rows": 1, "Actual Loops": 1, "Plans": [{"Node Type": "Nested Loop", "Parent Relationship": "Outer", "Parallel Aware": false, "Async Capable": false, "Join Type": "Inner", "Startup Cost": 66924.61, "Total Cost": 495795.96, "Plan Rows": 1, "Plan Width": 0, "Actual Rows": 0, "Actual Loops": 1, "Inner Unique": false, "Join Filter": "((d2.d_date_sk = store_returns.sr_returned_date_sk) AND (d3.d_date_sk = catalog_sales.cs_sold_date_sk))", "Rows Removed by Join Filter": 503756, "Plans": [{"Node Type": "Nested Loop", "Parent Relationship": "Outer", "Parallel Aware": false, "Async Capable": false, "Join Type": "Inner", "Startup Cost": 66924.61, "Total Cost": 489131.32, "Plan Rows": 1, "Plan Width": 8, "Actual Rows": 11, "Actual Loops": 1, "Inner Unique": true, "Plans": [{"Node Type": "Nested Loop", "Parent Relationship": "Outer", "Parallel Aware": false, "Async Capable": false, "Join Type": "Inner", "Startup Cost": 66924.32, "Total Cost": 489131.01, "Plan Rows": 1, "Plan Width": 20, "Actual Rows": 11, "Actual Loops": 1, "Inner Unique": true, "Plans": [{"Node Type": "Nested Loop", "Parent Relationship": "Outer", "Parallel Aware": false, "Async Capable": false, "Join Type": "Inner", "Startup Cost": 66924.18, "Total Cost": 489130.85, "Plan Rows": 1, "Plan Width": 24, "Actual Rows": 11, "Actual Loops": 1, "Inner Unique": true, "Plans": [{"Node Type": "Gather", "Parent Relationship": "Outer", "Parallel Aware": false, "Async Capable": false, "Startup Cost": 66923.89, "Total Cost": 489130.53, "Plan Rows": 1, "Plan Width": 28, "Actual Rows": 744, "Actual Loops": 1, "Workers Planned": 6, "Workers Launched": 6, "Single Copy": false, "Plans": [{"Node Type": "Nested Loop", "Parent Relationship": "Outer", "Parallel Aware": false, "Async Capable": false, "Join Type": "Inner", "Startup Cost": 65923.89, "Total Cost": 488130.43, "Plan Rows": 1, "Plan Width": 28, "Actual Rows": 106, "Actual Loops": 7, "Inner Unique": true, "Workers": [], "Plans": [{"Node Type": "Hash Join", "Parent Relationship": "Outer", "Parallel Aware": true, "Async Capable": false, "Join Type": "Inner", "Startup Cost": 65923.45, "Total Cost": 487888.18, "Plan Rows": 180, "Plan Width": 28, "Actual Rows": 140, "Actual Loops": 7, "Inner Unique": false, "Hash Cond": "((catalog_sales.cs_item_sk = store_returns.sr_item_sk) AND (catalog_sales.cs_bill_customer_sk = store_returns.sr_customer_sk))", "Workers": [], "Plans": [{"Node Type": "Seq Scan", "Parent Relationship": "Outer", "Parallel Aware": true, "Async Capable": false, "Relation Name": "catalog_sales", "Alias": "catalog_sales", "Startup Cost": 0.0, "Total Cost": 397962.14, "Plan Rows": 2400214, "Plan Width": 12, "Actual Rows": 2057323, "Actual Loops": 7, "Workers": []}, {"Node Type": "Hash", "Parent Relationship": "Inner", "Parallel Aware": true, "Async Capable": false, "Startup Cost": 55140.58, "Total Cost": 55140.58, "Plan Rows": 718858, "Plan Width": 16, "Actual Rows": 410776, "Actual Loops": 7, "Hash Buckets": 4194304, "Original Hash Buckets": 4194304, "Hash Batches": 1, "Original Hash Batches": 1, "Peak Memory Usage": 163104, "Workers": [], "Plans": [{"Node Type": "Seq Scan", "Parent Relationship": "Outer", "Parallel Aware": true, "Async Capable": false, "Relation Name": "store_returns", "Alias": "store_returns", "Startup Cost": 0.0, "Total Cost": 55140.58, "Plan Rows": 718858, "Plan Width": 16, "Actual Rows": 410776, "Actual Loops": 7, "Workers": []}]}]}, {"Node Type": "Index Scan", "Parent Relationship": "Inner", "Parallel Aware": false, "Async Capable": false, "Scan Direction": "Forward", "Index Name": "store_sales_pkey", "Relation Name": "store_sales", "Alias": "store_sales", "Startup Cost": 0.44, "Total Cost": 1.34, "Plan Rows": 1, "Plan Width": 20, "Actual Rows": 1, "Actual Loops": 981, "Index Cond": "((ss_item_sk = store_returns.sr_item_sk) AND (ss_ticket_number = store_returns.sr_ticket_number))", "Rows Removed by Index Recheck": 0, "Filter": "(store_returns.sr_customer_sk = ss_customer_sk)", "Rows Removed by Filter": 0, "Workers": []}]}]}, {"Node Type": "Index Scan", "Parent Relationship": "Inner", "Parallel Aware": false, "Async Capable": false, "Scan Direction": "Forward", "Index Name": "date_dim_pkey", "Relation Name": "date_dim", "Alias": "d1", "Startup Cost": 0.29, "Total Cost": 0.32, "Plan Rows": 1, "Plan Width": 4, "Actual Rows": 0, "Actual Loops": 744, "Index Cond": "(d_date_sk = store_sales.ss_sold_date_sk)", "Rows Removed by Index Recheck": 0, "Filter": "((d_moy = 4) AND (d_year = 1998))", "Rows Removed by Filter": 1}]}, {"Node Type": "Index Only Scan", "Parent Relationship": "Inner", "Parallel Aware": false, "Async Capable": false, "Scan Direction": "Forward", "Index Name": "store_pkey", "Relation Name": "store", "Alias": "store", "Startup Cost": 0.14, "Total Cost": 0.16, "Plan Rows": 1, "Plan Width": 4, "Actual Rows": 1, "Actual Loops": 11, "Index Cond": "(s_store_sk = store_sales.ss_store_sk)", "Rows Removed by Index Recheck": 0, "Heap Fetches": 11}]}, {"Node Type": "Index Only Scan", "Parent Relationship": "Inner", "Parallel Aware": false, "Async Capable": false, "Scan Direction": "Forward", "Index Name": "item_pkey", "Relation Name": "item", "Alias": "item", "Startup Cost": 0.29, "Total Cost": 0.31, "Plan Rows": 1, "Plan Width": 4, "Actual Rows": 1, "Actual Loops": 11, "Index Cond": "(i_item_sk = store_sales.ss_item_sk)", "Rows Removed by Index Recheck": 0, "Heap Fetches": 0}]}, {"Node Type": "Nested Loop", "Parent Relationship": "Inner", "Parallel Aware": false, "Async Capable": false, "Join Type": "Inner", "Startup Cost": 0.0, "Total Cost": 5977.7, "Plan Rows": 45796, "Plan Width": 8, "Actual Rows": 45796, "Actual Loops": 11, "Inner Unique": false, "Plans": [{"Node Type": "Seq Scan", "Parent Relationship": "Outer", "Parallel Aware": false, "Async Capable": false, "Relation Name": "date_dim", "Alias": "d2", "Startup Cost": 0.0, "Total Cost": 2702.36, "Plan Rows": 214, "Plan Width": 4, "Actual Rows": 214, "Actual Loops": 11, "Filter": "((d_moy >= 4) AND (d_moy <= 10) AND (d_year = 1998))", "Rows Removed by Filter": 72835}, {"Node Type": "Materialize", "Parent Relationship": "Inner", "Parallel Aware": false, "Async Capable": false, "Startup Cost": 0.0, "Total Cost": 2703.43, "Plan Rows": 214, "Plan Width": 4, "Actual Rows": 214, "Actual Loops": 2354, "Plans": [{"Node Type": "Seq Scan", "Parent Relationship": "Outer", "Parallel Aware": false, "Async Capable": false, "Relation Name": "date_dim", "Alias": "d3", "Startup Cost": 0.0, "Total Cost": 2702.36, "Plan Rows": 214, "Plan Width": 4, "Actual Rows": 214, "Actual Loops": 1, "Filter": "((d_moy >= 4) AND (d_moy <= 10) AND (d_year = 1998))", "Rows Removed by Filter": 72835}]}]}]}]}, "Planning Time": 8.121, "Triggers": [], "Execution Time": 3095.589}, {"Plan": {"Node Type": "Aggregate", "Strategy": "Plain", "Partial Mode": "Simple", "Parallel Aware": false, "Async Capable": false, "Startup Cost": 516471.56, "Total Cost": 516471.57, "Plan Rows": 1, "Plan Width": 8, "Plans": [{"Node Type": "Nested Loop", "Parent Relationship": "Outer", "Parallel Aware": false, "Async Capable": false, "Join Type": "Inner", "Startup Cost": 6356.26, "Total Cost": 516471.56, "Plan Rows": 1, "Plan Width": 0, "Inner Unique": false, "Join Filter": "((d1.d_date_sk = store_sales.ss_sold_date_sk) AND (catalog_sales.cs_item_sk = item.i_item_sk) AND (catalog_sales.cs_bill_customer_sk = store_sales.ss_customer_sk))", "Plans": [{"Node Type": "Nested Loop", "Parent Relationship": "Outer", "Parallel Aware": false, "Async Capable": false, "Join Type": "Inner", "Startup Cost": 3178.42, "Total Cost": 63040.2, "Plan Rows": 1, "Plan Width": 24, "Inner Unique": true, "Plans": [{"Node Type": "Nested Loop", "Parent Relationship": "Outer", "Parallel Aware": false, "Async Capable": false, "Join Type": "Inner", "Startup Cost": 3178.13, "Total Cost": 63039.89, "Plan Rows": 1, "Plan Width": 20, "Inner Unique": true, "Plans": [{"Node Type": "Gather", "Parent Relationship": "Outer", "Parallel Aware": false, "Async Capable": false, "Startup Cost": 3177.99, "Total Cost": 63039.73, "Plan Rows": 1, "Plan Width": 24, "Workers Planned": 4, "Single Copy": false, "Plans": [{"Node Type": "Nested Loop", "Parent Relationship": "Outer", "Parallel Aware": false, "Async Capable": false, "Join Type": "Inner", "Startup Cost": 2177.99, "Total Cost": 62039.63, "Plan Rows": 1, "Plan Width": 24, "Inner Unique": true, "Plans": [{"Node Type": "Hash Join", "Parent Relationship": "Outer", "Parallel Aware": true, "Async Capable": false, "Join Type": "Inner", "Startup Cost": 2177.55, "Total Cost": 59205.23, "Plan Rows": 2106, "Plan Width": 12, "Inner Unique": true, "Hash Cond": "(store_returns.sr_returned_date_sk = d2.d_date_sk)", "Plans": [{"Node Type": "Seq Scan", "Parent Relationship": "Outer", "Parallel Aware": true, "Async Capable": false, "Relation Name": "store_returns", "Alias": "store_returns", "Startup Cost": 0.0, "Total Cost": 55140.58, "Plan Rows": 718858, "Plan Width": 16}, {"Node Type": "Hash", "Parent Relationship": "Inner", "Parallel Aware": true, "Async Capable": false, "Startup Cost": 2175.97, "Total Cost": 2175.97, "Plan Rows": 126, "Plan Width": 4, "Plans": [{"Node Type": "Seq Scan", "Parent Relationship": "Outer", "Parallel Aware": true, "Async Capable": false, "Relation Name": "date_dim", "Alias": "d2", "Startup Cost": 0.0, "Total Cost": 2175.97, "Plan Rows": 126, "Plan Width": 4, "Filter": "((d_moy >= 4) AND (d_moy <= 10) AND (d_year = 1998))"}]}]}, {"Node Type": "Index Scan", "Parent Relationship": "Inner", "Parallel Aware": false, "Async Capable": false, "Scan Direction": "Forward", "Index Name": "store_sales_pkey", "Relation Name": "store_sales", "Alias": "store_sales", "Startup Cost": 0.44, "Total Cost": 1.34, "Plan Rows": 1, "Plan Width": 20, "Index Cond": "((ss_item_sk = store_returns.sr_item_sk) AND (ss_ticket_number = store_returns.sr_ticket_number))", "Filter": "(store_returns.sr_customer_sk = ss_customer_sk)"}]}]}, {"Node Type": "Index Only Scan", "Parent Relationship": "Inner", "Parallel Aware": false, "Async Capable": false, "Scan Direction": "Forward", "Index Name": "store_pkey", "Relation Name": "store", "Alias": "store", "Startup Cost": 0.14, "Total Cost": 0.16, "Plan Rows": 1, "Plan Width": 4, "Index Cond": "(s_store_sk = store_sales.ss_store_sk)"}]}, {"Node Type": "Index Only Scan", "Parent Relationship": "Inner", "Parallel Aware": false, "Async Capable": false, "Scan Direction": "Forward", "Index Name": "item_pkey", "Relation Name": "item", "Alias": "item", "Startup Cost": 0.29, "Total Cost": 0.31, "Plan Rows": 1, "Plan Width": 4, "Index Cond": "(i_item_sk = store_sales.ss_item_sk)"}]}, {"Node Type": "Nested Loop", "Parent Relationship": "Inner", "Parallel Aware": false, "Async Capable": false, "Join Type": "Inner", "Startup Cost": 3177.84, "Total Cost": 431282.14, "Plan Rows": 1265670, "Plan Width": 12, "Inner Unique": false, "Plans": [{"Node Type": "Index Scan", "Parent Relationship": "Outer", "Parallel Aware": false, "Async Capable": false, "Scan Direction": "Forward", "Index Name": "date_dim_pkey", "Relation Name": "date_dim", "Alias": "d1", "Startup Cost": 0.29, "Total Cost": 3696.27, "Plan Rows": 30, "Plan Width": 4, "Filter": "((d_moy = 4) AND (d_year = 1998))"}, {"Node Type": "Materialize", "Parent Relationship": "Inner", "Parallel Aware": false, "Async Capable": false, "Startup Cost": 3177.55, "Total Cost": 411870.46, "Plan Rows": 42189, "Plan Width": 8, "Plans": [{"Node Type": "Gather", "Parent Relationship": "Outer", "Parallel Aware": false, "Async Capable": false, "Startup Cost": 3177.55, "Total Cost": 411659.52, "Plan Rows": 42189, "Plan Width": 8, "Workers Planned": 6, "Single Copy": false, "Plans": [{"Node Type": "Hash Join", "Parent Relationship": "Outer", "Parallel Aware": true, "Async Capable": false, "Join Type": "Inner", "Startup Cost": 2177.55, "Total Cost": 406440.62, "Plan Rows": 7032, "Plan Width": 8, "Inner Unique": true, "Hash Cond": "(catalog_sales.cs_sold_date_sk = d3.d_date_sk)", "Plans": [{"Node Type": "Seq Scan", "Parent Relationship": "Outer", "Parallel Aware": true, "Async Capable": false, "Relation Name": "catalog_sales", "Alias": "catalog_sales", "Startup Cost": 0.0, "Total Cost": 397962.14, "Plan Rows": 2400214, "Plan Width": 12}, {"Node Type": "Hash", "Parent Relationship": "Inner", "Parallel Aware": true, "Async Capable": false, "Startup Cost": 2175.97, "Total Cost": 2175.97, "Plan Rows": 126, "Plan Width": 4, "Plans": [{"Node Type": "Seq Scan", "Parent Relationship": "Outer", "Parallel Aware": true, "Async Capable": false, "Relation Name": "date_dim", "Alias": "d3", "Startup Cost": 0.0, "Total Cost": 2175.97, "Plan Rows": 126, "Plan Width": 4, "Filter": "((d_moy >= 4) AND (d_moy <= 10) AND (d_year = 1998))"}]}]}]}]}]}]}]}}, {"Plan": {"Node Type": "Aggregate", "Strategy": "Plain", "Partial Mode": "Simple", "Parallel Aware": false, "Async Capable": false, "Startup Cost": 579279.09, "Total Cost": 579279.1, "Plan Rows": 1, "Plan Width": 8, "Plans": [{"Node Type": "Hash Join", "Parent Relationship": "Outer", "Parallel Aware": false, "Async Capable": false, "Join Type": "Inner", "Startup Cost": 459441.28, "Total Cost": 579279.09, "Plan Rows": 1, "Plan Width": 0, "Inner Unique": false, "Hash Cond": "((store_returns.sr_item_sk = item.i_item_sk) AND (store_returns.sr_customer_sk = store_sales.ss_customer_sk) AND (store_returns.sr_ticket_number = store_sales.ss_ticket_number) AND (store_returns.sr_returned_date_sk = d2.d_date_sk))", "Plans": [{"Node Type": "Seq Scan", "Parent Relationship": "Outer", "Parallel Aware": false, "Async Capable": false, "Relation Name": "store_returns", "Alias": "store_returns", "Startup Cost": 0.0, "Total Cost": 76706.32, "Plan Rows": 2875432, "Plan Width": 16}, {"Node Type": "Hash", "Parent Relationship": "Inner", "Parallel Aware": false, "Async Capable": false, "Startup Cost": 459441.2, "Total Cost": 459441.2, "Plan Rows": 4, "Plan Width": 28, "Plans": [{"Node Type": "Nested Loop", "Parent Relationship": "Outer", "Parallel Aware": false, "Async Capable": false, "Join Type": "Inner", "Startup Cost": 3179.01, "Total Cost": 459441.2, "Plan Rows": 4, "Plan Width": 28, "Inner Unique": true, "Plans": [{"Node Type": "Nested Loop", "Parent Relationship": "Outer", "Parallel Aware": false, "Async Capable": false, "Join Type": "Inner", "Startup Cost": 3178.71, "Total Cost": 459439.96, "Plan Rows": 4, "Plan Width": 24, "Inner Unique": false, "Plans": [{"Node Type": "Index Scan", "Parent Relationship": "Outer", "Parallel Aware": false, "Async Capable": false, "Scan Direction": "Forward", "Index Name": "date_dim_pkey", "Relation Name": "date_dim", "Alias": "d2", "Startup Cost": 0.29, "Total Cost": 3878.89, "Plan Rows": 214, "Plan Width": 4, "Filter": "((d_moy >= 4) AND (d_moy <= 10) AND (d_year = 1998))"}, {"Node Type": "Materialize", "Parent Relationship": "Inner", "Parallel Aware": false, "Async Capable": false, "Startup Cost": 3178.42, "Total Cost": 455558.39, "Plan Rows": 1, "Plan Width": 20, "Plans": [{"Node Type": "Nested Loop", "Parent Relationship": "Outer", "Parallel Aware": false, "Async Capable": false, "Join Type": "Inner", "Startup Cost": 3178.42, "Total Cost": 455558.38, "Plan Rows": 1, "Plan Width": 20, "Inner Unique": true, "Plans": [{"Node Type": "Gather", "Parent Relationship": "Outer", "Parallel Aware": false, "Async Capable": false, "Startup Cost": 3178.28, "Total Cost": 455558.22, "Plan Rows": 1, "Plan Width": 24, "Workers Planned": 6, "Single Copy": false, "Plans": [{"Node Type": "Nested Loop", "Parent Relationship": "Outer", "Parallel Aware": false, "Async Capable": false, "Join Type": "Inner", "Startup Cost": 2178.28, "Total Cost": 454558.12, "Plan Rows": 1, "Plan Width": 24, "Inner Unique": true, "Plans": [{"Node Type": "Nested Loop", "Parent Relationship": "Outer", "Parallel Aware": false, "Async Capable": false, "Join Type": "Inner", "Startup Cost": 2177.99, "Total Cost": 454556.23, "Plan Rows": 6, "Plan Width": 28, "Inner Unique": false, "Plans": [{"Node Type": "Hash Join", "Parent Relationship": "Outer", "Parallel Aware": true, "Async Capable": false, "Join Type": "Inner", "Startup Cost": 2177.55, "Total Cost": 406440.62, "Plan Rows": 7032, "Plan Width": 8, "Inner Unique": true, "Hash Cond": "(catalog_sales.cs_sold_date_sk = d3.d_date_sk)", "Plans": [{"Node Type": "Seq Scan", "Parent Relationship": "Outer", "Parallel Aware": true, "Async Capable": false, "Relation Name": "catalog_sales", "Alias": "catalog_sales", "Startup Cost": 0.0, "Total Cost": 397962.14, "Plan Rows": 2400214, "Plan Width": 12}, {"Node Type": "Hash", "Parent Relationship": "Inner", "Parallel Aware": true, "Async Capable": false, "Startup Cost": 2175.97, "Total Cost": 2175.97, "Plan Rows": 126, "Plan Width": 4, "Plans": [{"Node Type": "Seq Scan", "Parent Relationship": "Outer", "Parallel Aware": true, "Async Capable": false, "Relation Name": "date_dim", "Alias": "d3", "Startup Cost": 0.0, "Total Cost": 2175.97, "Plan Rows": 126, "Plan Width": 4, "Filter": "((d_moy >= 4) AND (d_moy <= 10) AND (d_year = 1998))"}]}]}, {"Node Type": "Index Scan", "Parent Relationship": "Inner", "Parallel Aware": false, "Async Capable": false, "Scan Direction": "Forward", "Index Name": "store_sales_pkey", "Relation Name": "store_sales", "Alias": "store_sales", "Startup Cost": 0.44, "Total Cost": 6.83, "Plan Rows": 1, "Plan Width": 20, "Index Cond": "(ss_item_sk = catalog_sales.cs_item_sk)", "Filter": "(catalog_sales.cs_bill_customer_sk = ss_customer_sk)"}]}, {"Node Type": "Index Scan", "Parent Relationship": "Inner", "Parallel Aware": false, "Async Capable": false, "Scan Direction": "Forward", "Index Name": "date_dim_pkey", "Relation Name": "date_dim", "Alias": "d1", "Startup Cost": 0.29, "Total Cost": 0.32, "Plan Rows": 1, "Plan Width": 4, "Index Cond": "(d_date_sk = store_sales.ss_sold_date_sk)", "Filter": "((d_moy = 4) AND (d_year = 1998))"}]}]}, {"Node Type": "Index Only Scan", "Parent Relationship": "Inner", "Parallel Aware": false, "Async Capable": false, "Scan Direction": "Forward", "Index Name": "store_pkey", "Relation Name": "store", "Alias": "store", "Startup Cost": 0.14, "Total Cost": 0.16, "Plan Rows": 1, "Plan Width": 4, "Index Cond": "(s_store_sk = store_sales.ss_store_sk)"}]}]}]}, {"Node Type": "Index Only Scan", "Parent Relationship": "Inner", "Parallel Aware": false, "Async Capable": false, "Scan Direction": "Forward", "Index Name": "item_pkey", "Relation Name": "item", "Alias": "item", "Startup Cost": 0.29, "Total Cost": 0.31, "Plan Rows": 1, "Plan Width": 4, "Index Cond": "(i_item_sk = store_sales.ss_item_sk)"}]}]}]}]}}, {"Plan": {"Node Type": "Aggregate", "Strategy": "Plain", "Partial Mode": "Simple", "Parallel Aware": false, "Async Capable": false, "Startup Cost": 11264088.16, "Total Cost": 11264088.17, "Plan Rows": 1, "Plan Width": 8, "Plans": [{"Node Type": "Merge Join", "Parent Relationship": "Outer", "Parallel Aware": false, "Async Capable": false, "Join Type": "Inner", "Startup Cost": 1619735.5, "Total Cost": 11264088.16, "Plan Rows": 1, "Plan Width": 0, "Inner Unique": false, "Merge Cond": "(store_returns.sr_item_sk = item.i_item_sk)", "Join Filter": "((store_returns.sr_customer_sk = store_sales.ss_customer_sk) AND (store_sales.ss_ticket_number = store_returns.sr_ticket_number) AND (d2.d_date_sk = store_returns.sr_returned_date_sk) AND (d3.d_date_sk = catalog_sales.cs_sold_date_sk))", "Plans": [{"Node Type": "Gather Merge", "Parent Relationship": "Outer", "Parallel Aware": false, "Async Capable": false, "Startup Cost": 1038494.97, "Total Cost": 1078195.45, "Plan Rows": 1082, "Plan Width": 28, "Workers Planned": 6, "Plans": [{"Node Type": "Merge Join", "Parent Relationship": "Outer", "Parallel Aware": false, "Async Capable": false, "Join Type": "Inner", "Startup Cost": 1037494.88, "Total Cost": 1077063.85, "Plan Rows": 180, "Plan Width": 28, "Inner Unique": false, "Merge Cond": "((catalog_sales.cs_item_sk = store_returns.sr_item_sk) AND (catalog_sales.cs_bill_customer_sk = store_returns.sr_customer_sk))", "Plans": [{"Node Type": "Sort", "Parent Relationship": "Outer", "Parallel Aware": false, "Async Capable": false, "Startup Cost": 652321.59, "Total Cost": 658322.13, "Plan Rows": 2400214, "Plan Width": 12, "Sort Key": ["catalog_sales.cs_item_sk", "catalog_sales.cs_bill_customer_sk"], "Plans": [{"Node Type": "Seq Scan", "Parent Relationship": "Outer", "Parallel Aware": true, "Async Capable": false, "Relation Name": "catalog_sales", "Alias": "catalog_sales", "Startup Cost": 0.0, "Total Cost": 397962.14, "Plan Rows": 2400214, "Plan Width": 12}]}, {"Node Type": "Sort", "Parent Relationship": "Inner", "Parallel Aware": false, "Async Capable": false, "Startup Cost": 385173.28, "Total Cost": 392361.86, "Plan Rows": 2875432, "Plan Width": 16, "Sort Key": ["store_returns.sr_item_sk", "store_returns.sr_customer_sk"], "Plans": [{"Node Type": "Seq Scan", "Parent Relationship": "Outer", "Parallel Aware": false, "Async Capable": false, "Relation Name": "store_returns", "Alias": "store_returns", "Startup Cost": 0.0, "Total Cost": 76706.32, "Plan Rows": 2875432, "Plan Width": 16}]}]}]}, {"Node Type": "Materialize", "Parent Relationship": "Inner", "Parallel Aware": false, "Async Capable": false, "Startup Cost": 581240.53, "Total Cost": 8716875.25, "Plan Rows": 541675088, "Plan Width": 24, "Plans": [{"Node Type": "Nested Loop", "Parent Relationship": "Outer", "Parallel Aware": false, "Async Capable": false, "Join Type": "Inner", "Startup Cost": 581240.53, "Total Cost": 7362687.53, "Plan Rows": 541675088, "Plan Width": 24, "Inner Unique": false, "Plans": [{"Node Type": "Gather Merge", "Parent Relationship": "Outer", "Parallel Aware": false, "Async Capable": false, "Startup Cost": 581240.53, "Total Cost": 585656.74, "Plan Rows": 11828, "Plan Width": 16, "Workers Planned": 6, "Plans": [{"Node Type": "Merge Join", "Parent Relationship": "Outer", "Parallel Aware": false, "Async Capable": false, "Join Type": "Inner", "Startup Cost": 580240.43, "Total Cost": 583219.11, "Plan Rows": 1971, "Plan Width": 16, "Inner Unique": true, "Merge Cond": "(store_sales.ss_item_sk = item.i_item_sk)", "Plans": [{"Node Type": "Sort", "Parent Relationship": "Outer", "Parallel Aware": false, "Async Capable": false, "Startup Cost": 580240.14, "Total Cost": 580245.07, "Plan Rows": 1971, "Plan Width": 12, "Sort Key": ["store_sales.ss_item_sk"], "Plans": [{"Node Type": "Hash Join", "Parent Relationship": "Outer", "Parallel Aware": false, "Async Capable": false, "Join Type": "Inner", "Startup Cost": 2076.07, "Total Cost": 580132.28, "Plan Rows": 1971, "Plan Width": 12, "Inner Unique": true, "Hash Cond": "(store_sales.ss_store_sk = store.s_store_sk)", "Plans": [{"Node Type": "Hash Join", "Parent Relationship": "Outer", "Parallel Aware": true, "Async Capable": false, "Join Type": "Inner", "Startup Cost": 2068.78, "Total Cost": 580119.61, "Plan Rows": 1971, "Plan Width": 16, "Inner Unique": true, "Hash Cond": "(store_sales.ss_sold_date_sk = d1.d_date_sk)", "Plans": [{"Node Type": "Seq Scan", "Parent Relationship": "Outer", "Parallel Aware": true, "Async Capable": false, "Relation Name": "store_sales", "Alias": "store_sales", "Startup Cost": 0.0, "Total Cost": 565449.69, "Plan Rows": 4800169, "Plan Width": 20}, {"Node Type": "Hash", "Parent Relationship": "Inner", "Parallel Aware": true, "Async Capable": false, "Startup Cost": 2068.55, "Total Cost": 2068.55, "Plan Rows": 18, "Plan Width": 4, "Plans": [{"Node Type": "Seq Scan", "Parent Relationship": "Outer", "Parallel Aware": true, "Async Capable": false, "Relation Name": "date_dim", "Alias": "d1", "Startup Cost": 0.0, "Total Cost": 2068.55, "Plan Rows": 18, "Plan Width": 4, "Filter": "((d_moy = 4) AND (d_year = 1998))"}]}]}, {"Node Type": "Hash", "Parent Relationship": "Inner", "Parallel Aware": false, "Async Capable": false, "Startup Cost": 6.02, "Total Cost": 6.02, "Plan Rows": 102, "Plan Width": 4, "Plans": [{"Node Type": "Seq Scan", "Parent Relationship": "Outer", "Parallel Aware": false, "Async Capable": false, "Relation Name": "store", "Alias": "store", "Startup Cost": 0.0, "Total Cost": 6.02, "Plan Rows": 102, "Plan Width": 4}]}]}]}, {"Node Type": "Index Only Scan", "Parent Relationship": "Inner", "Parallel Aware": false, "Async Capable": false, "Scan Direction": "Forward", "Index Name": "item_pkey", "Relation Name": "item", "Alias": "item", "Startup Cost": 0.29, "Total Cost": 2694.4, "Plan Rows": 102000, "Plan Width": 4}]}]}, {"Node Type": "Materialize", "Parent Relationship": "Inner", "Parallel Aware": false, "Async Capable": false, "Startup Cost": 0.0, "Total Cost": 6206.68, "Plan Rows": 45796, "Plan Width": 8, "Plans": [{"Node Type": "Nested Loop", "Parent Relationship": "Outer", "Parallel Aware": false, "Async Capable": false, "Join Type": "Inner", "Startup Cost": 0.0, "Total Cost": 5977.7, "Plan Rows": 45796, "Plan Width": 8, "Inner Unique": false, "Plans": [{"Node Type": "Seq Scan", "Parent Relationship": "Outer", "Parallel Aware": false, "Async Capable": false, "Relation Name": "date_dim", "Alias": "d2", "Startup Cost": 0.0, "Total Cost": 2702.36, "Plan Rows": 214, "Plan Width": 4, "Filter": "((d_moy >= 4) AND (d_moy <= 10) AND (d_year = 1998))"}, {"Node Type": "Materialize", "Parent Relationship": "Inner", "Parallel Aware": false, "Async Capable": false, "Startup Cost": 0.0, "Total Cost": 2703.43, "Plan Rows": 214, "Plan Width": 4, "Plans": [{"Node Type": "Seq Scan", "Parent Relationship": "Outer", "Parallel Aware": false, "Async Capable": false, "Relation Name": "date_dim", "Alias": "d3", "Startup Cost": 0.0, "Total Cost": 2702.36, "Plan Rows": 214, "Plan Width": 4, "Filter": "((d_moy >= 4) AND (d_moy <= 10) AND (d_year = 1998))"}]}]}]}]}]}]}]}}, {"Plan": {"Node Type": "Aggregate", "Strategy": "Plain", "Partial Mode": "Simple", "Parallel Aware": false, "Async Capable": false, "Startup Cost": 504474.04, "Total Cost": 504474.05, "Plan Rows": 1, "Plan Width": 8, "Actual Rows": 1, "Actual Loops": 1, "Plans": [{"Node Type": "Merge Join", "Parent Relationship": "Outer", "Parallel Aware": false, "Async Capable": false, "Join Type": "Inner", "Startup Cost": 503728.51, "Total Cost": 504474.04, "Plan Rows": 1, "Plan Width": 0, "Actual Rows": 0, "Actual Loops": 1, "Inner Unique": false, "Merge Cond": "(d1.d_date_sk = store_sales.ss_sold_date_sk)", "Join Filter": "((d2.d_date_sk = store_returns.sr_returned_date_sk) AND (d3.d_date_sk = catalog_sales.cs_sold_date_sk))", "Rows Removed by Join Filter": 503756, "Plans": [{"Node Type": "Nested Loop", "Parent Relationship": "Outer", "Parallel Aware": false, "Async Capable": false, "Join Type": "Inner", "Startup Cost": 0.29, "Total Cost": 26355.81, "Plan Rows": 1373880, "Plan Width": 12, "Actual Rows": 1373880, "Actual Loops": 1, "Inner Unique": false, "Plans": [{"Node Type": "Nested Loop", "Parent Relationship": "Outer", "Parallel Aware": false, "Async Capable": false, "Join Type": "Inner", "Startup Cost": 0.29, "Total Cost": 6479.41, "Plan Rows": 6420, "Plan Width": 8, "Actual Rows": 6420, "Actual Loops": 1, "Inner Unique": false, "Plans": [{"Node Type": "Index Scan", "Parent Relationship": "Outer", "Parallel Aware": false, "Async Capable": false, "Scan Direction": "Forward", "Index Name": "date_dim_pkey", "Relation Name": "date_dim", "Alias": "d1", "Startup Cost": 0.29, "Total Cost": 3696.27, "Plan Rows": 30, "Plan Width": 4, "Actual Rows": 30, "Actual Loops": 1, "Filter": "((d_moy = 4) AND (d_year = 1998))", "Rows Removed by Filter": 73019}, {"Node Type": "Materialize", "Parent Relationship": "Inner", "Parallel Aware": false, "Async Capable": false, "Startup Cost": 0.0, "Total Cost": 2703.43, "Plan Rows": 214, "Plan Width": 4, "Actual Rows": 214, "Actual Loops": 30, "Plans": [{"Node Type": "Seq Scan", "Parent Relationship": "Outer", "Parallel Aware": false, "Async Capable": false, "Relation Name": "date_dim", "Alias": "d2", "Startup Cost": 0.0, "Total Cost": 2702.36, "Plan Rows": 214, "Plan Width": 4, "Actual Rows": 214, "Actual Loops": 1, "Filter": "((d_moy >= 4) AND (d_moy <= 10) AND (d_year = 1998))", "Rows Removed by Filter": 72835}]}]}, {"Node Type": "Materialize", "Parent Relationship": "Inner", "Parallel Aware": false, "Async Capable": false, "Startup Cost": 0.0, "Total Cost": 2703.43, "Plan Rows": 214, "Plan Width": 4, "Actual Rows": 214, "Actual Loops": 6420, "Plans": [{"Node Type": "Seq Scan", "Parent Relationship": "Outer", "Parallel Aware": false, "Async Capable": false, "Relation Name": "date_dim", "Alias": "d3", "Startup Cost": 0.0, "Total Cost": 2702.36, "Plan Rows": 214, "Plan Width": 4, "Actual Rows": 214, "Actual Loops": 1, "Filter": "((d_moy >= 4) AND (d_moy <= 10) AND (d_year = 1998))", "Rows Removed by Filter": 72835}]}]}, {"Node Type": "Materialize", "Parent Relationship": "Inner", "Parallel Aware": false, "Async Capable": false, "Startup Cost": 489131.01, "Total Cost": 489131.02, "Plan Rows": 1, "Plan Width": 12, "Actual Rows": 503776, "Actual Loops": 1, "Plans": [{"Node Type": "Sort", "Parent Relationship": "Outer", "Parallel Aware": false, "Async Capable": false, "Startup Cost": 489131.01, "Total Cost": 489131.02, "Plan Rows": 1, "Plan Width": 12, "Actual Rows": 31, "Actual Loops": 1, "Sort Key": ["store_sales.ss_sold_date_sk"], "Sort Method": "quicksort", "Sort Space Used": 53, "Sort Space Type": "Memory", "Plans": [{"Node Type": "Nested Loop", "Parent Relationship": "Outer", "Parallel Aware": false, "Async Capable": false, "Join Type": "Inner", "Startup Cost": 66924.32, "Total Cost": 489131.0, "Plan Rows": 1, "Plan Width": 12, "Actual Rows": 733, "Actual Loops": 1, "Inner Unique": true, "Plans": [{"Node Type": "Nested Loop", "Parent Relationship": "Outer", "Parallel Aware": false, "Async Capable": false, "Join Type": "Inner", "Startup Cost": 66924.03, "Total Cost": 489130.69, "Plan Rows": 1, "Plan Width": 24, "Actual Rows": 733, "Actual Loops": 1, "Inner Unique": true, "Plans": [{"Node Type": "Gather", "Parent Relationship": "Outer", "Parallel Aware": false, "Async Capable": false, "Startup Cost": 66923.89, "Total Cost": 489130.53, "Plan Rows": 1, "Plan Width": 28, "Actual Rows": 744, "Actual Loops": 1, "Workers Planned": 6, "Workers Launched": 6, "Single Copy": false, "Plans": [{"Node Type": "Nested Loop", "Parent Relationship": "Outer", "Parallel Aware": false, "Async Capable": false, "Join Type": "Inner", "Startup Cost": 65923.89, "Total Cost": 488130.43, "Plan Rows": 1, "Plan Width": 28, "Actual Rows": 106, "Actual Loops": 7, "Inner Unique": true, "Workers": [], "Plans": [{"Node Type": "Hash Join", "Parent Relationship": "Outer", "Parallel Aware": true, "Async Capable": false, "Join Type": "Inner", "Startup Cost": 65923.45, "Total Cost": 487888.18, "Plan Rows": 180, "Plan Width": 28, "Actual Rows": 140, "Actual Loops": 7, "Inner Unique": false, "Hash Cond": "((catalog_sales.cs_item_sk = store_returns.sr_item_sk) AND (catalog_sales.cs_bill_customer_sk = store_returns.sr_customer_sk))", "Workers": [], "Plans": [{"Node Type": "Seq Scan", "Parent Relationship": "Outer", "Parallel Aware": true, "Async Capable": false, "Relation Name": "catalog_sales", "Alias": "catalog_sales", "Startup Cost": 0.0, "Total Cost": 397962.14, "Plan Rows": 2400214, "Plan Width": 12, "Actual Rows": 2057323, "Actual Loops": 7, "Workers": []}, {"Node Type": "Hash", "Parent Relationship": "Inner", "Parallel Aware": true, "Async Capable": false, "Startup Cost": 55140.58, "Total Cost": 55140.58, "Plan Rows": 718858, "Plan Width": 16, "Actual Rows": 410776, "Actual Loops": 7, "Hash Buckets": 4194304, "Original Hash Buckets": 4194304, "Hash Batches": 1, "Original Hash Batches": 1, "Peak Memory Usage": 163072, "Workers": [], "Plans": [{"Node Type": "Seq Scan", "Parent Relationship": "Outer", "Parallel Aware": true, "Async Capable": false, "Relation Name": "store_returns", "Alias": "store_returns", "Startup Cost": 0.0, "Total Cost": 55140.58, "Plan Rows": 718858, "Plan Width": 16, "Actual Rows": 410776, "Actual Loops": 7, "Workers": []}]}]}, {"Node Type": "Index Scan", "Parent Relationship": "Inner", "Parallel Aware": false, "Async Capable": false, "Scan Direction": "Forward", "Index Name": "store_sales_pkey", "Relation Name": "store_sales", "Alias": "store_sales", "Startup Cost": 0.44, "Total Cost": 1.34, "Plan Rows": 1, "Plan Width": 20, "Actual Rows": 1, "Actual Loops": 981, "Index Cond": "((ss_item_sk = store_returns.sr_item_sk) AND (ss_ticket_number = store_returns.sr_ticket_number))", "Rows Removed by Index Recheck": 0, "Filter": "(store_returns.sr_customer_sk = ss_customer_sk)", "Rows Removed by Filter": 0, "Workers": []}]}]}, {"Node Type": "Index Only Scan", "Parent Relationship": "Inner", "Parallel Aware": false, "Async Capable": false, "Scan Direction": "Forward", "Index Name": "store_pkey", "Relation Name": "store", "Alias": "store", "Startup Cost": 0.14, "Total Cost": 0.16, "Plan Rows": 1, "Plan Width": 4, "Actual Rows": 1, "Actual Loops": 744, "Index Cond": "(s_store_sk = store_sales.ss_store_sk)", "Rows Removed by Index Recheck": 0, "Heap Fetches": 733}]}, {"Node Type": "Index Only Scan", "Parent Relationship": "Inner", "Parallel Aware": false, "Async Capable": false, "Scan Direction": "Forward", "Index Name": "item_pkey", "Relation Name": "item", "Alias": "item", "Startup Cost": 0.29, "Total Cost": 0.31, "Plan Rows": 1, "Plan Width": 4, "Actual Rows": 1, "Actual Loops": 733, "Index Cond": "(i_item_sk = store_sales.ss_item_sk)", "Rows Removed by Index Recheck": 0, "Heap Fetches": 0}]}]}]}]}]}, "Planning Time": 8.095, "Triggers": [], "Execution Time": 3470.958}, {"Plan": {"Node Type": "Aggregate", "Strategy": "Plain", "Partial Mode": "Simple", "Parallel Aware": false, "Async Capable": false, "Startup Cost": 652181.52, "Total Cost": 652181.53, "Plan Rows": 1, "Plan Width": 8, "Actual Rows": 1, "Actual Loops": 1, "Plans": [{"Node Type": "Gather", "Parent Relationship": "Outer", "Parallel Aware": false, "Async Capable": false, "Startup Cost": 586431.88, "Total Cost": 652181.52, "Plan Rows": 1, "Plan Width": 0, "Actual Rows": 0, "Actual Loops": 1, "Workers Planned": 4, "Workers Launched": 4, "Single Copy": false, "Plans": [{"Node Type": "Hash Join", "Parent Relationship": "Outer", "Parallel Aware": true, "Async Capable": false, "Join Type": "Inner", "Startup Cost": 585431.88, "Total Cost": 651181.42, "Plan Rows": 1, "Plan Width": 0, "Actual Rows": 0, "Actual Loops": 5, "Inner Unique": false, "Hash Cond": "((store_returns.sr_item_sk = item.i_item_sk) AND (store_returns.sr_customer_sk = store_sales.ss_customer_sk) AND (store_returns.sr_ticket_number = store_sales.ss_ticket_number))", "Workers": [], "Plans": [{"Node Type": "Nested Loop", "Parent Relationship": "Outer", "Parallel Aware": false, "Async Capable": false, "Join Type": "Inner", "Startup Cost": 2178.28, "Total Cost": 67927.8, "Plan Rows": 1, "Plan Width": 20, "Actual Rows": 2, "Actual Loops": 5, "Inner Unique": true, "Workers": [], "Plans": [{"Node Type": "Nested Loop", "Parent Relationship": "Outer", "Parallel Aware": false, "Async Capable": false, "Join Type": "Inner", "Startup Cost": 2177.98, "Total Cost": 67927.48, "Plan Rows": 1, "Plan Width": 24, "Actual Rows": 16, "Actual Loops": 5, "Inner Unique": false, "Workers": [], "Plans": [{"Node Type": "Hash Join", "Parent Relationship": "Outer", "Parallel Aware": true, "Async Capable": false, "Join Type": "Inner", "Startup Cost": 2177.55, "Total Cost": 59205.23, "Plan Rows": 2106, "Plan Width": 12, "Actual Rows": 37853, "Actual Loops": 5, "Inner Unique": true, "Hash Cond": "(store_returns.sr_returned_date_sk = d2.d_date_sk)", "Workers": [], "Plans": [{"Node Type": "Seq Scan", "Parent Relationship": "Outer", "Parallel Aware": true, "Async Capable": false, "Relation Name": "store_returns", "Alias": "store_returns", "Startup Cost": 0.0, "Total Cost": 55140.58, "Plan Rows": 718858, "Plan Width": 16, "Actual Rows": 575086, "Actual Loops": 5, "Workers": []}, {"Node Type": "Hash", "Parent Relationship": "Inner", "Parallel Aware": true, "Async Capable": false, "Startup Cost": 2175.97, "Total Cost": 2175.97, "Plan Rows": 126, "Plan Width": 4, "Actual Rows": 43, "Actual Loops": 5, "Hash Buckets": 1024, "Original Hash Buckets": 1024, "Hash Batches": 1, "Original Hash Batches": 1, "Peak Memory Usage": 168, "Workers": [], "Plans": [{"Node Type": "Seq Scan", "Parent Relationship": "Outer", "Parallel Aware": true, "Async Capable": false, "Relation Name": "date_dim", "Alias": "d2", "Startup Cost": 0.0, "Total Cost": 2175.97, "Plan Rows": 126, "Plan Width": 4, "Actual Rows": 43, "Actual Loops": 5, "Filter": "((d_moy >= 4) AND (d_moy <= 10) AND (d_year = 1998))", "Rows Removed by Filter": 14567, "Workers": []}]}]}, {"Node Type": "Index Scan", "Parent Relationship": "Inner", "Parallel Aware": false, "Async Capable": false, "Scan Direction": "Forward", "Index Name": "catalog_sales_pkey", "Relation Name": "catalog_sales", "Alias": "catalog_sales", "Startup Cost": 0.43, "Total Cost": 4.13, "Plan Rows": 1, "Plan Width": 12, "Actual Rows": 0, "Actual Loops": 189263, "Index Cond": "(cs_item_sk = store_returns.sr_item_sk)", "Rows Removed by Index Recheck": 0, "Filter": "(cs_bill_customer_sk = store_returns.sr_customer_sk)", "Rows Removed by Filter": 188, "Workers": []}]}, {"Node Type": "Index Scan", "Parent Relationship": "Inner", "Parallel Aware": false, "Async Capable": false, "Scan Direction": "Forward", "Index Name": "date_dim_pkey", "Relation Name": "date_dim", "Alias": "d3", "Startup Cost": 0.29, "Total Cost": 0.32, "Plan Rows": 1, "Plan Width": 4, "Actual Rows": 0, "Actual Loops": 82, "Index Cond": "(d_date_sk = catalog_sales.cs_sold_date_sk)", "Rows Removed by Index Recheck": 0, "Filter": "((d_moy >= 4) AND (d_moy <= 10) AND (d_year = 1998))", "Rows Removed by Filter": 1, "Workers": []}]}, {"Node Type": "Hash", "Parent Relationship": "Inner", "Parallel Aware": true, "Async Capable": false, "Startup Cost": 583219.11, "Total Cost": 583219.11, "Plan Rows": 1971, "Plan Width": 16, "Actual Rows": 50750, "Actual Loops": 5, "Hash Buckets": 262144, "Original Hash Buckets": 16384, "Hash Batches": 1, "Original Hash Batches": 1, "Peak Memory Usage": 15808, "Workers": [], "Plans": [{"Node Type": "Merge Join", "Parent Relationship": "Outer", "Parallel Aware": false, "Async Capable": false, "Join Type": "Inner", "Startup Cost": 580240.43, "Total Cost": 583219.11, "Plan Rows": 1971, "Plan Width": 16, "Actual Rows": 50750, "Actual Loops": 5, "Inner Unique": true, "Merge Cond": "(store_sales.ss_item_sk = item.i_item_sk)", "Workers": [], "Plans": [{"Node Type": "Sort", "Parent Relationship": "Outer", "Parallel Aware": false, "Async Capable": false, "Startup Cost": 580240.14, "Total Cost": 580245.07, "Plan Rows": 1971, "Plan Width": 12, "Actual Rows": 50750, "Actual Loops": 5, "Sort Key": ["store_sales.ss_item_sk"], "Sort Method": "quicksort", "Sort Space Used": 3615, "Sort Space Type": "Memory", "Workers": [{"Worker Number": 0, "Sort Method": "quicksort", "Sort Space Used": 3684, "Sort Space Type": "Memory"}, {"Worker Number": 1, "Sort Method": "quicksort", "Sort Space Used": 3328, "Sort Space Type": "Memory"}, {"Worker Number": 2, "Sort Method": "quicksort", "Sort Space Used": 3346, "Sort Space Type": "Memory"}, {"Worker Number": 3, "Sort Method": "quicksort", "Sort Space Used": 3598, "Sort Space Type": "Memory"}], "Plans": [{"Node Type": "Hash Join", "Parent Relationship": "Outer", "Parallel Aware": false, "Async Capable": false, "Join Type": "Inner", "Startup Cost": 2076.07, "Total Cost": 580132.28, "Plan Rows": 1971, "Plan Width": 12, "Actual Rows": 50750, "Actual Loops": 5, "Inner Unique": true, "Hash Cond": "(store_sales.ss_store_sk = store.s_store_sk)", "Workers": [], "Plans": [{"Node Type": "Hash Join", "Parent Relationship": "Outer", "Parallel Aware": true, "Async Capable": false, "Join Type": "Inner", "Startup Cost": 2068.78, "Total Cost": 580119.61, "Plan Rows": 1971, "Plan Width": 16, "Actual Rows": 51989, "Actual Loops": 5, "Inner Unique": true, "Hash Cond": "(store_sales.ss_sold_date_sk = d1.d_date_sk)", "Workers": [], "Plans": [{"Node Type": "Seq Scan", "Parent Relationship": "Outer", "Parallel Aware": true, "Async Capable": false, "Relation Name": "store_sales", "Alias": "store_sales", "Startup Cost": 0.0, "Total Cost": 565449.69, "Plan Rows": 4800169, "Plan Width": 20, "Actual Rows": 5760198, "Actual Loops": 5, "Workers": []}, {"Node Type": "Hash", "Parent Relationship": "Inner", "Parallel Aware": true, "Async Capable": false, "Startup Cost": 2068.55, "Total Cost": 2068.55, "Plan Rows": 18, "Plan Width": 4, "Actual Rows": 6, "Actual Loops": 5, "Hash Buckets": 1024, "Original Hash Buckets": 1024, "Hash Batches": 1, "Original Hash Batches": 1, "Peak Memory Usage": 40, "Workers": [], "Plans": [{"Node Type": "Seq Scan", "Parent Relationship": "Outer", "Parallel Aware": true, "Async Capable": false, "Relation Name": "date_dim", "Alias": "d1", "Startup Cost": 0.0, "Total Cost": 2068.55, "Plan Rows": 18, "Plan Width": 4, "Actual Rows": 6, "Actual Loops": 5, "Filter": "((d_moy = 4) AND (d_year = 1998))", "Rows Removed by Filter": 14604, "Workers": []}]}]}, {"Node Type": "Hash", "Parent Relationship": "Inner", "Parallel Aware": false, "Async Capable": false, "Startup Cost": 6.02, "Total Cost": 6.02, "Plan Rows": 102, "Plan Width": 4, "Actual Rows": 102, "Actual Loops": 5, "Hash Buckets": 1024, "Original Hash Buckets": 1024, "Hash Batches": 1, "Original Hash Batches": 1, "Peak Memory Usage": 12, "Workers": [], "Plans": [{"Node Type": "Seq Scan", "Parent Relationship": "Outer", "Parallel Aware": false, "Async Capable": false, "Relation Name": "store", "Alias": "store", "Startup Cost": 0.0, "Total Cost": 6.02, "Plan Rows": 102, "Plan Width": 4, "Actual Rows": 102, "Actual Loops": 5, "Workers": []}]}]}]}, {"Node Type": "Index Only Scan", "Parent Relationship": "Inner", "Parallel Aware": false, "Async Capable": false, "Scan Direction": "Forward", "Index Name": "item_pkey", "Relation Name": "item", "Alias": "item", "Startup Cost": 0.29, "Total Cost": 2694.4, "Plan Rows": 102000, "Plan Width": 4, "Actual Rows": 101996, "Actual Loops": 5, "Heap Fetches": 0, "Workers": []}]}]}]}]}]}, "Planning Time": 12.381, "Triggers": [], "Execution Time": 33359.235}, {"Plan": {"Node Type": "Aggregate", "Strategy": "Plain", "Partial Mode": "Simple", "Parallel Aware": false, "Async Capable": false, "Startup Cost": 538352.72, "Total Cost": 538352.73, "Plan Rows": 1, "Plan Width": 8, "Actual Rows": 1, "Actual Loops": 1, "Plans": [{"Node Type": "Nested Loop", "Parent Relationship": "Outer", "Parallel Aware": false, "Async Capable": false, "Join Type": "Inner", "Startup Cost": 66924.32, "Total Cost": 538352.71, "Plan Rows": 1, "Plan Width": 0, "Actual Rows": 0, "Actual Loops": 1, "Inner Unique": false, "Join Filter": "((d1.d_date_sk = store_sales.ss_sold_date_sk) AND (d2.d_date_sk = store_returns.sr_returned_date_sk) AND (d3.d_date_sk = catalog_sales.cs_sold_date_sk))", "Rows Removed by Join Filter": 1007054040, "Plans": [{"Node Type": "Nested Loop", "Parent Relationship": "Outer", "Parallel Aware": false, "Async Capable": false, "Join Type": "Inner", "Startup Cost": 66924.32, "Total Cost": 489131.0, "Plan Rows": 1, "Plan Width": 12, "Actual Rows": 733, "Actual Loops": 1, "Inner Unique": true, "Plans": [{"Node Type": "Nested Loop", "Parent Relationship": "Outer", "Parallel Aware": false, "Async Capable": false, "Join Type": "Inner", "Startup Cost": 66924.03, "Total Cost": 489130.69, "Plan Rows": 1, "Plan Width": 24, "Actual Rows": 733, "Actual Loops": 1, "Inner Unique": true, "Plans": [{"Node Type": "Gather", "Parent Relationship": "Outer", "Parallel Aware": false, "Async Capable": false, "Startup Cost": 66923.89, "Total Cost": 489130.53, "Plan Rows": 1, "Plan Width": 28, "Actual Rows": 744, "Actual Loops": 1, "Workers Planned": 6, "Workers Launched": 6, "Single Copy": false, "Plans": [{"Node Type": "Nested Loop", "Parent Relationship": "Outer", "Parallel Aware": false, "Async Capable": false, "Join Type": "Inner", "Startup Cost": 65923.89, "Total Cost": 488130.43, "Plan Rows": 1, "Plan Width": 28, "Actual Rows": 106, "Actual Loops": 7, "Inner Unique": true, "Workers": [], "Plans": [{"Node Type": "Hash Join", "Parent Relationship": "Outer", "Parallel Aware": true, "Async Capable": false, "Join Type": "Inner", "Startup Cost": 65923.45, "Total Cost": 487888.18, "Plan Rows": 180, "Plan Width": 28, "Actual Rows": 140, "Actual Loops": 7, "Inner Unique": false, "Hash Cond": "((catalog_sales.cs_item_sk = store_returns.sr_item_sk) AND (catalog_sales.cs_bill_customer_sk = store_returns.sr_customer_sk))", "Workers": [], "Plans": [{"Node Type": "Seq Scan", "Parent Relationship": "Outer", "Parallel Aware": true, "Async Capable": false, "Relation Name": "catalog_sales", "Alias": "catalog_sales", "Startup Cost": 0.0, "Total Cost": 397962.14, "Plan Rows": 2400214, "Plan Width": 12, "Actual Rows": 2057323, "Actual Loops": 7, "Workers": []}, {"Node Type": "Hash", "Parent Relationship": "Inner", "Parallel Aware": true, "Async Capable": false, "Startup Cost": 55140.58, "Total Cost": 55140.58, "Plan Rows": 718858, "Plan Width": 16, "Actual Rows": 410776, "Actual Loops": 7, "Hash Buckets": 4194304, "Original Hash Buckets": 4194304, "Hash Batches": 1, "Original Hash Batches": 1, "Peak Memory Usage": 163104, "Workers": [], "Plans": [{"Node Type": "Seq Scan", "Parent Relationship": "Outer", "Parallel Aware": true, "Async Capable": false, "Relation Name": "store_returns", "Alias": "store_returns", "Startup Cost": 0.0, "Total Cost": 55140.58, "Plan Rows": 718858, "Plan Width": 16, "Actual Rows": 410776, "Actual Loops": 7, "Workers": []}]}]}, {"Node Type": "Index Scan", "Parent Relationship": "Inner", "Parallel Aware": false, "Async Capable": false, "Scan Direction": "Forward", "Index Name": "store_sales_pkey", "Relation Name": "store_sales", "Alias": "store_sales", "Startup Cost": 0.44, "Total Cost": 1.34, "Plan Rows": 1, "Plan Width": 20, "Actual Rows": 1, "Actual Loops": 981, "Index Cond": "((ss_item_sk = store_returns.sr_item_sk) AND (ss_ticket_number = store_returns.sr_ticket_number))", "Rows Removed by Index Recheck": 0, "Filter": "(store_returns.sr_customer_sk = ss_customer_sk)", "Rows Removed by Filter": 0, "Workers": []}]}]}, {"Node Type": "Index Only Scan", "Parent Relationship": "Inner", "Parallel Aware": false, "Async Capable": false, "Scan Direction": "Forward", "Index Name": "store_pkey", "Relation Name": "store", "Alias": "store", "Startup Cost": 0.14, "Total Cost": 0.16, "Plan Rows": 1, "Plan Width": 4, "Actual Rows": 1, "Actual Loops": 744, "Index Cond": "(s_store_sk = store_sales.ss_store_sk)", "Rows Removed by Index Recheck": 0, "Heap Fetches": 733}]}, {"Node Type": "Index Only Scan", "Parent Relationship": "Inner", "Parallel Aware": false, "Async Capable": false, "Scan Direction": "Forward", "Index Name": "item_pkey", "Relation Name": "item", "Alias": "item", "Startup Cost": 0.29, "Total Cost": 0.31, "Plan Rows": 1, "Plan Width": 4, "Actual Rows": 1, "Actual Loops": 733, "Index Cond": "(i_item_sk = store_sales.ss_item_sk)", "Rows Removed by Index Recheck": 0, "Heap Fetches": 0}]}, {"Node Type": "Nested Loop", "Parent Relationship": "Inner", "Parallel Aware": false, "Async Capable": false, "Join Type": "Inner", "Startup Cost": 0.0, "Total Cost": 25178.81, "Plan Rows": 1373880, "Plan Width": 12, "Actual Rows": 1373880, "Actual Loops": 733, "Inner Unique": false, "Plans": [{"Node Type": "Nested Loop", "Parent Relationship": "Outer", "Parallel Aware": false, "Async Capable": false, "Join Type": "Inner", "Startup Cost": 0.0, "Total Cost": 5302.42, "Plan Rows": 6420, "Plan Width": 8, "Actual Rows": 6420, "Actual Loops": 733, "Inner Unique": false, "Plans": [{"Node Type": "Seq Scan", "Parent Relationship": "Outer", "Parallel Aware": false, "Async Capable": false, "Relation Name": "date_dim", "Alias": "d2", "Startup Cost": 0.0, "Total Cost": 2702.36, "Plan Rows": 214, "Plan Width": 4, "Actual Rows": 214, "Actual Loops": 733, "Filter": "((d_moy >= 4) AND (d_moy <= 10) AND (d_year = 1998))", "Rows Removed by Filter": 72835}, {"Node Type": "Materialize", "Parent Relationship": "Inner", "Parallel Aware": false, "Async Capable": false, "Startup Cost": 0.0, "Total Cost": 2519.88, "Plan Rows": 30, "Plan Width": 4, "Actual Rows": 30, "Actual Loops": 156862, "Plans": [{"Node Type": "Seq Scan", "Parent Relationship": "Outer", "Parallel Aware": false, "Async Capable": false, "Relation Name": "date_dim", "Alias": "d1", "Startup Cost": 0.0, "Total Cost": 2519.73, "Plan Rows": 30, "Plan Width": 4, "Actual Rows": 30, "Actual Loops": 1, "Filter": "((d_moy = 4) AND (d_year = 1998))", "Rows Removed by Filter": 73019}]}]}, {"Node Type": "Materialize", "Parent Relationship": "Inner", "Parallel Aware": false, "Async Capable": false, "Startup Cost": 0.0, "Total Cost": 2703.43, "Plan Rows": 214, "Plan Width": 4, "Actual Rows": 214, "Actual Loops": 4705860, "Plans": [{"Node Type": "Seq Scan", "Parent Relationship": "Outer", "Parallel Aware": false, "Async Capable": false, "Relation Name": "date_dim", "Alias": "d3", "Startup Cost": 0.0, "Total Cost": 2702.36, "Plan Rows": 214, "Plan Width": 4, "Actual Rows": 214, "Actual Loops": 1, "Filter": "((d_moy >= 4) AND (d_moy <= 10) AND (d_year = 1998))", "Rows Removed by Filter": 72835}]}]}]}]}, "Planning Time": 10.846, "Triggers": [], "Execution Time": 74310.943}, {"Plan": {"Node Type": "Aggregate", "Strategy": "Plain", "Partial Mode": "Finalize", "Parallel Aware": false, "Async Capable": false, "Startup Cost": 652169.73, "Total Cost": 652169.74, "Plan Rows": 1, "Plan Width": 8, "Actual Rows": 1, "Actual Loops": 1, "Plans": [{"Node Type": "Gather", "Parent Relationship": "Outer", "Parallel Aware": false, "Async Capable": false, "Startup Cost": 652169.11, "Total Cost": 652169.72, "Plan Rows": 6, "Plan Width": 8, "Actual Rows": 7, "Actual Loops": 1, "Workers Planned": 6, "Workers Launched": 6, "Single Copy": false, "Plans": [{"Node Type": "Aggregate", "Strategy": "Plain", "Partial Mode": "Partial", "Parent Relationship": "Outer", "Parallel Aware": false, "Async Capable": false, "Startup Cost": 651169.11, "Total Cost": 651169.12, "Plan Rows": 1, "Plan Width": 8, "Actual Rows": 1, "Actual Loops": 7, "Workers": [], "Plans": [{"Node Type": "Hash Join", "Parent Relationship": "Outer", "Parallel Aware": true, "Async Capable": false, "Join Type": "Inner", "Startup Cost": 648168.25, "Total Cost": 651169.11, "Plan Rows": 1, "Plan Width": 0, "Actual Rows": 0, "Actual Loops": 7, "Inner Unique": false, "Hash Cond": "((item.i_item_sk = store_returns.sr_item_sk) AND (store_sales.ss_customer_sk = store_returns.sr_customer_sk) AND (store_sales.ss_ticket_number = store_returns.sr_ticket_number))", "Workers": [], "Plans": [{"Node Type": "Merge Join", "Parent Relationship": "Outer", "Parallel Aware": false, "Async Capable": false, "Join Type": "Inner", "Startup Cost": 580240.43, "Total Cost": 583219.11, "Plan Rows": 1971, "Plan Width": 16, "Actual Rows": 36250, "Actual Loops": 7, "Inner Unique": true, "Merge Cond": "(store_sales.ss_item_sk = item.i_item_sk)", "Workers": [], "Plans": [{"Node Type": "Sort", "Parent Relationship": "Outer", "Parallel Aware": false, "Async Capable": false, "Startup Cost": 580240.14, "Total Cost": 580245.07, "Plan Rows": 1971, "Plan Width": 12, "Actual Rows": 36250, "Actual Loops": 7, "Sort Key": ["store_sales.ss_item_sk"], "Sort Method": "quicksort", "Sort Space Used": 3057, "Sort Space Type": "Memory", "Workers": [{"Worker Number": 0, "Sort Method": "quicksort", "Sort Space Used": 2826, "Sort Space Type": "Memory"}, {"Worker Number": 1, "Sort Method": "quicksort", "Sort Space Used": 3041, "Sort Space Type": "Memory"}, {"Worker Number": 2, "Sort Method": "quicksort", "Sort Space Used": 3095, "Sort Space Type": "Memory"}, {"Worker Number": 3, "Sort Method": "quicksort", "Sort Space Used": 2000, "Sort Space Type": "Memory"}, {"Worker Number": 4, "Sort Method": "quicksort", "Sort Space Used": 2022, "Sort Space Type": "Memory"}, {"Worker Number": 5, "Sort Method": "quicksort", "Sort Space Used": 3067, "Sort Space Type": "Memory"}], "Plans": [{"Node Type": "Hash Join", "Parent Relationship": "Outer", "Parallel Aware": false, "Async Capable": false, "Join Type": "Inner", "Startup Cost": 2076.07, "Total Cost": 580132.28, "Plan Rows": 1971, "Plan Width": 12, "Actual Rows": 36250, "Actual Loops": 7, "Inner Unique": true, "Hash Cond": "(store_sales.ss_store_sk = store.s_store_sk)", "Workers": [], "Plans": [{"Node Type": "Hash Join", "Parent Relationship": "Outer", "Parallel Aware": true, "Async Capable": false, "Join Type": "Inner", "Startup Cost": 2068.78, "Total Cost": 580119.61, "Plan Rows": 1971, "Plan Width": 16, "Actual Rows": 37135, "Actual Loops": 7, "Inner Unique": true, "Hash Cond": "(store_sales.ss_sold_date_sk = d1.d_date_sk)", "Workers": [], "Plans": [{"Node Type": "Seq Scan", "Parent Relationship": "Outer", "Parallel Aware": true, "Async Capable": false, "Relation Name": "store_sales", "Alias": "store_sales", "Startup Cost": 0.0, "Total Cost": 565449.69, "Plan Rows": 4800169, "Plan Width": 20, "Actual Rows": 4114427, "Actual Loops": 7, "Workers": []}, {"Node Type": "Hash", "Parent Relationship": "Inner", "Parallel Aware": true, "Async Capable": false, "Startup Cost": 2068.55, "Total Cost": 2068.55, "Plan Rows": 18, "Plan Width": 4, "Actual Rows": 4, "Actual Loops": 7, "Hash Buckets": 1024, "Original Hash Buckets": 1024, "Hash Batches": 1, "Original Hash Batches": 1, "Peak Memory Usage": 40, "Workers": [], "Plans": [{"Node Type": "Seq Scan", "Parent Relationship": "Outer", "Parallel Aware": true, "Async Capable": false, "Relation Name": "date_dim", "Alias": "d1", "Startup Cost": 0.0, "Total Cost": 2068.55, "Plan Rows": 18, "Plan Width": 4, "Actual Rows": 4, "Actual Loops": 7, "Filter": "((d_moy = 4) AND (d_year = 1998))", "Rows Removed by Filter": 10431, "Workers": []}]}]}, {"Node Type": "Hash", "Parent Relationship": "Inner", "Parallel Aware": false, "Async Capable": false, "Startup Cost": 6.02, "Total Cost": 6.02, "Plan Rows": 102, "Plan Width": 4, "Actual Rows": 102, "Actual Loops": 7, "Hash Buckets": 1024, "Original Hash Buckets": 1024, "Hash Batches": 1, "Original Hash Batches": 1, "Peak Memory Usage": 12, "Workers": [], "Plans": [{"Node Type": "Seq Scan", "Parent Relationship": "Outer", "Parallel Aware": false, "Async Capable": false, "Relation Name": "store", "Alias": "store", "Startup Cost": 0.0, "Total Cost": 6.02, "Plan Rows": 102, "Plan Width": 4, "Actual Rows": 102, "Actual Loops": 7, "Workers": []}]}]}]}, {"Node Type": "Index Only Scan", "Parent Relationship": "Inner", "Parallel Aware": false, "Async Capable": false, "Scan Direction": "Forward", "Index Name": "item_pkey", "Relation Name": "item", "Alias": "item", "Startup Cost": 0.29, "Total Cost": 2694.4, "Plan Rows": 102000, "Plan Width": 4, "Actual Rows": 101995, "Actual Loops": 7, "Heap Fetches": 0, "Workers": []}]}, {"Node Type": "Hash", "Parent Relationship": "Inner", "Parallel Aware": true, "Async Capable": false, "Startup Cost": 67927.8, "Total Cost": 67927.8, "Plan Rows": 1, "Plan Width": 20, "Actual Rows": 1, "Actual Loops": 7, "Hash Buckets": 1024, "Original Hash Buckets": 1024, "Hash Batches": 1, "Original Hash Batches": 1, "Peak Memory Usage": 168, "Workers": [], "Plans": [{"Node Type": "Nested Loop", "Parent Relationship": "Outer", "Parallel Aware": false, "Async Capable": false, "Join Type": "Inner", "Startup Cost": 2178.28, "Total Cost": 67927.8, "Plan Rows": 1, "Plan Width": 20, "Actual Rows": 1, "Actual Loops": 7, "Inner Unique": true, "Workers": [], "Plans": [{"Node Type": "Nested Loop", "Parent Relationship": "Outer", "Parallel Aware": false, "Async Capable": false, "Join Type": "Inner", "Startup Cost": 2177.98, "Total Cost": 67927.48, "Plan Rows": 1, "Plan Width": 24, "Actual Rows": 12, "Actual Loops": 7, "Inner Unique": false, "Workers": [], "Plans": [{"Node Type": "Hash Join", "Parent Relationship": "Outer", "Parallel Aware": true, "Async Capable": false, "Join Type": "Inner", "Startup Cost": 2177.55, "Total Cost": 59205.23, "Plan Rows": 2106, "Plan Width": 12, "Actual Rows": 27038, "Actual Loops": 7, "Inner Unique": true, "Hash Cond": "(store_returns.sr_returned_date_sk = d2.d_date_sk)", "Workers": [], "Plans": [{"Node Type": "Seq Scan", "Parent Relationship": "Outer", "Parallel Aware": true, "Async Capable": false, "Relation Name": "store_returns", "Alias": "store_returns", "Startup Cost": 0.0, "Total Cost": 55140.58, "Plan Rows": 718858, "Plan Width": 16, "Actual Rows": 410776, "Actual Loops": 7, "Workers": []}, {"Node Type": "Hash", "Parent Relationship": "Inner", "Parallel Aware": true, "Async Capable": false, "Startup Cost": 2175.97, "Total Cost": 2175.97, "Plan Rows": 126, "Plan Width": 4, "Actual Rows": 31, "Actual Loops": 7, "Hash Buckets": 1024, "Original Hash Buckets": 1024, "Hash Batches": 1, "Original Hash Batches": 1, "Peak Memory Usage": 40, "Workers": [], "Plans": [{"Node Type": "Seq Scan", "Parent Relationship": "Outer", "Parallel Aware": true, "Async Capable": false, "Relation Name": "date_dim", "Alias": "d2", "Startup Cost": 0.0, "Total Cost": 2175.97, "Plan Rows": 126, "Plan Width": 4, "Actual Rows": 31, "Actual Loops": 7, "Filter": "((d_moy >= 4) AND (d_moy <= 10) AND (d_year = 1998))", "Rows Removed by Filter": 10405, "Workers": []}]}]}, {"Node Type": "Index Scan", "Parent Relationship": "Inner", "Parallel Aware": false, "Async Capable": false, "Scan Direction": "Forward", "Index Name": "catalog_sales_pkey", "Relation Name": "catalog_sales", "Alias": "catalog_sales", "Startup Cost": 0.43, "Total Cost": 4.13, "Plan Rows": 1, "Plan Width": 12, "Actual Rows": 0, "Actual Loops": 189263, "Index Cond": "(cs_item_sk = store_returns.sr_item_sk)", "Rows Removed by Index Recheck": 0, "Filter": "(cs_bill_customer_sk = store_returns.sr_customer_sk)", "Rows Removed by Filter": 188, "Workers": []}]}, {"Node Type": "Index Scan", "Parent Relationship": "Inner", "Parallel Aware": false, "Async Capable": false, "Scan Direction": "Forward", "Index Name": "date_dim_pkey", "Relation Name": "date_dim", "Alias": "d3", "Startup Cost": 0.29, "Total Cost": 0.32, "Plan Rows": 1, "Plan Width": 4, "Actual Rows": 0, "Actual Loops": 82, "Index Cond": "(d_date_sk = catalog_sales.cs_sold_date_sk)", "Rows Removed by Index Recheck": 0, "Filter": "((d_moy >= 4) AND (d_moy <= 10) AND (d_year = 1998))", "Rows Removed by Filter": 1, "Workers": []}]}]}]}]}]}]}, "Planning Time": 12.268, "Triggers": [], "Execution Time": 17104.2}, {"Plan": {"Node Type": "Aggregate", "Strategy": "Plain", "Partial Mode": "Simple", "Parallel Aware": false, "Async Capable": false, "Startup Cost": 710566.41, "Total Cost": 710566.42, "Plan Rows": 1, "Plan Width": 8, "Actual Rows": 1, "Actual Loops": 1, "Plans": [{"Node Type": "Hash Join", "Parent Relationship": "Outer", "Parallel Aware": false, "Async Capable": false, "Join Type": "Inner", "Startup Cost": 125409.09, "Total Cost": 710566.4, "Plan Rows": 1, "Plan Width": 0, "Actual Rows": 0, "Actual Loops": 1, "Inner Unique": false, "Hash Cond": "((item.i_item_sk = store_returns.sr_item_sk) AND (store_sales.ss_customer_sk = store_returns.sr_customer_sk) AND (store_sales.ss_ticket_number = store_returns.sr_ticket_number) AND (catalog_sales.cs_sold_date_sk = d3.d_date_sk))", "Plans": [{"Node Type": "Nested Loop", "Parent Relationship": "Outer", "Parallel Aware": false, "Async Capable": false, "Join Type": "Inner", "Startup Cost": 3069.64, "Total Cost": 588226.83, "Plan Rows": 6, "Plan Width": 28, "Actual Rows": 102, "Actual Loops": 1, "Inner Unique": true, "Plans": [{"Node Type": "Gather", "Parent Relationship": "Outer", "Parallel Aware": false, "Async Capable": false, "Startup Cost": 3069.35, "Total Cost": 588224.97, "Plan Rows": 6, "Plan Width": 24, "Actual Rows": 102, "Actual Loops": 1, "Workers Planned": 6, "Workers Launched": 6, "Single Copy": false, "Plans": [{"Node Type": "Nested Loop", "Parent Relationship": "Outer", "Parallel Aware": false, "Async Capable": false, "Join Type": "Inner", "Startup Cost": 2069.35, "Total Cost": 587224.37, "Plan Rows": 1, "Plan Width": 24, "Actual Rows": 15, "Actual Loops": 7, "Inner Unique": true, "Workers": [], "Plans": [{"Node Type": "Nested Loop", "Parent Relationship": "Outer", "Parallel Aware": false, "Async Capable": false, "Join Type": "Inner", "Startup Cost": 2069.21, "Total Cost": 587224.21, "Plan Rows": 1, "Plan Width": 28, "Actual Rows": 15, "Actual Loops": 7, "Inner Unique": false, "Workers": [], "Plans": [{"Node Type": "Hash Join", "Parent Relationship": "Outer", "Parallel Aware": true, "Async Capable": false, "Join Type": "Inner", "Startup Cost": 2068.78, "Total Cost": 580119.61, "Plan Rows": 1971, "Plan Width": 16, "Actual Rows": 37135, "Actual Loops": 7, "Inner Unique": true, "Hash Cond": "(store_sales.ss_sold_date_sk = d1.d_date_sk)", "Workers": [], "Plans": [{"Node Type": "Seq Scan", "Parent Relationship": "Outer", "Parallel Aware": true, "Async Capable": false, "Relation Name": "store_sales", "Alias": "store_sales", "Startup Cost": 0.0, "Total Cost": 565449.69, "Plan Rows": 4800169, "Plan Width": 20, "Actual Rows": 4114427, "Actual Loops": 7, "Workers": []}, {"Node Type": "Hash", "Parent Relationship": "Inner", "Parallel Aware": true, "Async Capable": false, "Startup Cost": 2068.55, "Total Cost": 2068.55, "Plan Rows": 18, "Plan Width": 4, "Actual Rows": 4, "Actual Loops": 7, "Hash Buckets": 1024, "Original Hash Buckets": 1024, "Hash Batches": 1, "Original Hash Batches": 1, "Peak Memory Usage": 40, "Workers": [], "Plans": [{"Node Type": "Seq Scan", "Parent Relationship": "Outer", "Parallel Aware": true, "Async Capable": false, "Relation Name": "date_dim", "Alias": "d1", "Startup Cost": 0.0, "Total Cost": 2068.55, "Plan Rows": 18, "Plan Width": 4, "Actual Rows": 4, "Actual Loops": 7, "Filter": "((d_moy = 4) AND (d_year = 1998))", "Rows Removed by Filter": 10431, "Workers": []}]}]}, {"Node Type": "Index Scan", "Parent Relationship": "Inner", "Parallel Aware": false, "Async Capable": false, "Scan Direction": "Forward", "Index Name": "catalog_sales_pkey", "Relation Name": "catalog_sales", "Alias": "catalog_sales", "Startup Cost": 0.43, "Total Cost": 3.59, "Plan Rows": 1, "Plan Width": 12, "Actual Rows": 0, "Actual Loops": 259943, "Index Cond": "(cs_item_sk = store_sales.ss_item_sk)", "Rows Removed by Index Recheck": 0, "Filter": "(cs_bill_customer_sk = store_sales.ss_customer_sk)", "Rows Removed by Filter": 188, "Workers": []}]}, {"Node Type": "Index Only Scan", "Parent Relationship": "Inner", "Parallel Aware": false, "Async Capable": false, "Scan Direction": "Forward", "Index Name": "store_pkey", "Relation Name": "store", "Alias": "store", "Startup Cost": 0.14, "Total Cost": 0.16, "Plan Rows": 1, "Plan Width": 4, "Actual Rows": 1, "Actual Loops": 103, "Index Cond": "(s_store_sk = store_sales.ss_store_sk)", "Rows Removed by Index Recheck": 0, "Heap Fetches": 102, "Workers": []}]}]}, {"Node Type": "Index Only Scan", "Parent Relationship": "Inner", "Parallel Aware": false, "Async Capable": false, "Scan Direction": "Forward", "Index Name": "item_pkey", "Relation Name": "item", "Alias": "item", "Startup Cost": 0.29, "Total Cost": 0.31, "Plan Rows": 1, "Plan Width": 4, "Actual Rows": 1, "Actual Loops": 102, "Index Cond": "(i_item_sk = store_sales.ss_item_sk)", "Rows Removed by Index Recheck": 0, "Heap Fetches": 0}]}, {"Node Type": "Hash", "Parent Relationship": "Inner", "Parallel Aware": false, "Async Capable": false, "Startup Cost": 86284.72, "Total Cost": 86284.72, "Plan Rows": 1802736, "Plan Width": 16, "Actual Rows": 39766336, "Actual Loops": 1, "Hash Buckets": 8388608, "Original Hash Buckets": 2097152, "Hash Batches": 8, "Original Hash Batches": 1, "Peak Memory Usage": 321127, "Plans": [{"Node Type": "Nested Loop", "Parent Relationship": "Outer", "Parallel Aware": false, "Async Capable": false, "Join Type": "Inner", "Startup Cost": 3177.55, "Total Cost": 86284.72, "Plan Rows": 1802736, "Plan Width": 16, "Actual Rows": 40502282, "Actual Loops": 1, "Inner Unique": false, "Plans": [{"Node Type": "Gather", "Parent Relationship": "Outer", "Parallel Aware": false, "Async Capable": false, "Startup Cost": 3177.55, "Total Cost": 61047.63, "Plan Rows": 8424, "Plan Width": 12, "Actual Rows": 189263, "Actual Loops": 1, "Workers Planned": 4, "Workers Launched": 4, "Single Copy": false, "Plans": [{"Node Type": "Hash Join", "Parent Relationship": "Outer", "Parallel Aware": true, "Async Capable": false, "Join Type": "Inner", "Startup Cost": 2177.55, "Total Cost": 59205.23, "Plan Rows": 2106, "Plan Width": 12, "Actual Rows": 37853, "Actual Loops": 5, "Inner Unique": true, "Hash Cond": "(store_returns.sr_returned_date_sk = d2.d_date_sk)", "Workers": [], "Plans": [{"Node Type": "Seq Scan", "Parent Relationship": "Outer", "Parallel Aware": true, "Async Capable": false, "Relation Name": "store_returns", "Alias": "store_returns", "Startup Cost": 0.0, "Total Cost": 55140.58, "Plan Rows": 718858, "Plan Width": 16, "Actual Rows": 575086, "Actual Loops": 5, "Workers": []}, {"Node Type": "Hash", "Parent Relationship": "Inner", "Parallel Aware": true, "Async Capable": false, "Startup Cost": 2175.97, "Total Cost": 2175.97, "Plan Rows": 126, "Plan Width": 4, "Actual Rows": 43, "Actual Loops": 5, "Hash Buckets": 1024, "Original Hash Buckets": 1024, "Hash Batches": 1, "Original Hash Batches": 1, "Peak Memory Usage": 40, "Workers": [], "Plans": [{"Node Type": "Seq Scan", "Parent Relationship": "Outer", "Parallel Aware": true, "Async Capable": false, "Relation Name": "date_dim", "Alias": "d2", "Startup Cost": 0.0, "Total Cost": 2175.97, "Plan Rows": 126, "Plan Width": 4, "Actual Rows": 71, "Actual Loops": 3, "Filter": "((d_moy >= 4) AND (d_moy <= 10) AND (d_year = 1998))", "Rows Removed by Filter": 24278, "Workers": []}]}]}]}, {"Node Type": "Materialize", "Parent Relationship": "Inner", "Parallel Aware": false, "Async Capable": false, "Startup Cost": 0.0, "Total Cost": 2703.43, "Plan Rows": 214, "Plan Width": 4, "Actual Rows": 214, "Actual Loops": 189263, "Plans": [{"Node Type": "Seq Scan", "Parent Relationship": "Outer", "Parallel Aware": false, "Async Capable": false, "Relation Name": "date_dim", "Alias": "d3", "Startup Cost": 0.0, "Total Cost": 2702.36, "Plan Rows": 214, "Plan Width": 4, "Actual Rows": 214, "Actual Loops": 1, "Filter": "((d_moy >= 4) AND (d_moy <= 10) AND (d_year = 1998))", "Rows Removed by Filter": 72835}]}]}]}]}]}, "Planning Time": 9.001, "Triggers": [], "Execution Time": 64659.015}, {"Plan": {"Node Type": "Aggregate", "Strategy": "Plain", "Partial Mode": "Simple", "Parallel Aware": false, "Async Capable": false, "Startup Cost": 722008.1, "Total Cost": 722008.11, "Plan Rows": 1, "Plan Width": 8, "Actual Rows": 1, "Actual Loops": 1, "Plans": [{"Node Type": "Gather", "Parent Relationship": "Outer", "Parallel Aware": false, "Async Capable": false, "Startup Cost": 71455.46, "Total Cost": 722008.1, "Plan Rows": 1, "Plan Width": 0, "Actual Rows": 0, "Actual Loops": 1, "Workers Planned": 6, "Workers Launched": 6, "Single Copy": false, "Plans": [{"Node Type": "Hash Join", "Parent Relationship": "Outer", "Parallel Aware": true, "Async Capable": false, "Join Type": "Inner", "Startup Cost": 70455.46, "Total Cost": 721008.0, "Plan Rows": 1, "Plan Width": 0, "Actual Rows": 0, "Actual Loops": 7, "Inner Unique": false, "Hash Cond": "((store_sales.ss_sold_date_sk = d1.d_date_sk) AND (store_sales.ss_item_sk = item.i_item_sk) AND (store_sales.ss_customer_sk = store_returns.sr_customer_sk) AND (store_sales.ss_ticket_number = store_returns.sr_ticket_number))", "Workers": [], "Plans": [{"Node Type": "Hash Join", "Parent Relationship": "Outer", "Parallel Aware": false, "Async Capable": false, "Join Type": "Inner", "Startup Cost": 7.29, "Total Cost": 578557.29, "Plan Rows": 4800169, "Plan Width": 16, "Actual Rows": 3929265, "Actual Loops": 7, "Inner Unique": true, "Hash Cond": "(store_sales.ss_store_sk = store.s_store_sk)", "Workers": [], "Plans": [{"Node Type": "Seq Scan", "Parent Relationship": "Outer", "Parallel Aware": true, "Async Capable": false, "Relation Name": "store_sales", "Alias": "store_sales", "Startup Cost": 0.0, "Total Cost": 565449.69, "Plan Rows": 4800169, "Plan Width": 20, "Actual Rows": 4114427, "Actual Loops": 7, "Workers": []}, {"Node Type": "Hash", "Parent Relationship": "Inner", "Parallel Aware": false, "Async Capable": false, "Startup Cost": 6.02, "Total Cost": 6.02, "Plan Rows": 102, "Plan Width": 4, "Actual Rows": 102, "Actual Loops": 7, "Hash Buckets": 1024, "Original Hash Buckets": 1024, "Hash Batches": 1, "Original Hash Batches": 1, "Peak Memory Usage": 12, "Workers": [], "Plans": [{"Node Type": "Seq Scan", "Parent Relationship": "Outer", "Parallel Aware": false, "Async Capable": false, "Relation Name": "store", "Alias": "store", "Startup Cost": 0.0, "Total Cost": 6.02, "Plan Rows": 102, "Plan Width": 4, "Actual Rows": 102, "Actual Loops": 7, "Workers": []}]}]}, {"Node Type": "Hash", "Parent Relationship": "Inner", "Parallel Aware": true, "Async Capable": false, "Startup Cost": 70448.14, "Total Cost": 70448.14, "Plan Rows": 1, "Plan Width": 28, "Actual Rows": 43, "Actual Loops": 7, "Hash Buckets": 1024, "Original Hash Buckets": 1024, "Hash Batches": 1, "Original Hash Batches": 1, "Peak Memory Usage": 232, "Workers": [], "Plans": [{"Node Type": "Nested Loop", "Parent Relationship": "Outer", "Parallel Aware": false, "Async Capable": false, "Join Type": "Inner", "Startup Cost": 2178.57, "Total Cost": 70448.14, "Plan Rows": 1, "Plan Width": 28, "Actual Rows": 43, "Actual Loops": 7, "Inner Unique": true, "Workers": [], "Plans": [{"Node Type": "Nested Loop", "Parent Relationship": "Outer", "Parallel Aware": false, "Async Capable": false, "Join Type": "Inner", "Startup Cost": 2178.28, "Total Cost": 70447.83, "Plan Rows": 1, "Plan Width": 24, "Actual Rows": 43, "Actual Loops": 7, "Inner Unique": false, "Workers": [], "Plans": [{"Node Type": "Nested Loop", "Parent Relationship": "Outer", "Parallel Aware": false, "Async Capable": false, "Join Type": "Inner", "Startup Cost": 2178.28, "Total Cost": 67927.8, "Plan Rows": 1, "Plan Width": 20, "Actual Rows": 1, "Actual Loops": 7, "Inner Unique": true, "Workers": [], "Plans": [{"Node Type": "Nested Loop", "Parent Relationship": "Outer", "Parallel Aware": false, "Async Capable": false, "Join Type": "Inner", "Startup Cost": 2177.98, "Total Cost": 67927.48, "Plan Rows": 1, "Plan Width": 24, "Actual Rows": 12, "Actual Loops": 7, "Inner Unique": false, "Workers": [], "Plans": [{"Node Type": "Hash Join", "Parent Relationship": "Outer", "Parallel Aware": true, "Async Capable": false, "Join Type": "Inner", "Startup Cost": 2177.55, "Total Cost": 59205.23, "Plan Rows": 2106, "Plan Width": 12, "Actual Rows": 27038, "Actual Loops": 7, "Inner Unique": true, "Hash Cond": "(store_returns.sr_returned_date_sk = d2.d_date_sk)", "Workers": [], "Plans": [{"Node Type": "Seq Scan", "Parent Relationship": "Outer", "Parallel Aware": true, "Async Capable": false, "Relation Name": "store_returns", "Alias": "store_returns", "Startup Cost": 0.0, "Total Cost": 55140.58, "Plan Rows": 718858, "Plan Width": 16, "Actual Rows": 410776, "Actual Loops": 7, "Workers": []}, {"Node Type": "Hash", "Parent Relationship": "Inner", "Parallel Aware": true, "Async Capable": false, "Startup Cost": 2175.97, "Total Cost": 2175.97, "Plan Rows": 126, "Plan Width": 4, "Actual Rows": 31, "Actual Loops": 7, "Hash Buckets": 1024, "Original Hash Buckets": 1024, "Hash Batches": 1, "Original Hash Batches": 1, "Peak Memory Usage": 40, "Workers": [], "Plans": [{"Node Type": "Seq Scan", "Parent Relationship": "Outer", "Parallel Aware": true, "Async Capable": false, "Relation Name": "date_dim", "Alias": "d2", "Startup Cost": 0.0, "Total Cost": 2175.97, "Plan Rows": 126, "Plan Width": 4, "Actual Rows": 31, "Actual Loops": 7, "Filter": "((d_moy >= 4) AND (d_moy <= 10) AND (d_year = 1998))", "Rows Removed by Filter": 10405, "Workers": []}]}]}, {"Node Type": "Index Scan", "Parent Relationship": "Inner", "Parallel Aware": false, "Async Capable": false, "Scan Direction": "Forward", "Index Name": "catalog_sales_pkey", "Relation Name": "catalog_sales", "Alias": "catalog_sales", "Startup Cost": 0.43, "Total Cost": 4.13, "Plan Rows": 1, "Plan Width": 12, "Actual Rows": 0, "Actual Loops": 189263, "Index Cond": "(cs_item_sk = store_returns.sr_item_sk)", "Rows Removed by Index Recheck": 0, "Filter": "(cs_bill_customer_sk = store_returns.sr_customer_sk)", "Rows Removed by Filter": 188, "Workers": []}]}, {"Node Type": "Index Scan", "Parent Relationship": "Inner", "Parallel Aware": false, "Async Capable": false, "Scan Direction": "Forward", "Index Name": "date_dim_pkey", "Relation Name": "date_dim", "Alias": "d3", "Startup Cost": 0.29, "Total Cost": 0.32, "Plan Rows": 1, "Plan Width": 4, "Actual Rows": 0, "Actual Loops": 82, "Index Cond": "(d_date_sk = catalog_sales.cs_sold_date_sk)", "Rows Removed by Index Recheck": 0, "Filter": "((d_moy >= 4) AND (d_moy <= 10) AND (d_year = 1998))", "Rows Removed by Filter": 1, "Workers": []}]}, {"Node Type": "Seq Scan", "Parent Relationship": "Inner", "Parallel Aware": false, "Async Capable": false, "Relation Name": "date_dim", "Alias": "d1", "Startup Cost": 0.0, "Total Cost": 2519.73, "Plan Rows": 30, "Plan Width": 4, "Actual Rows": 30, "Actual Loops": 10, "Filter": "((d_moy = 4) AND (d_year = 1998))", "Rows Removed by Filter": 73019, "Workers": []}]}, {"Node Type": "Index Only Scan", "Parent Relationship": "Inner", "Parallel Aware": false, "Async Capable": false, "Scan Direction": "Forward", "Index Name": "item_pkey", "Relation Name": "item", "Alias": "item", "Startup Cost": 0.29, "Total Cost": 0.31, "Plan Rows": 1, "Plan Width": 4, "Actual Rows": 1, "Actual Loops": 300, "Index Cond": "(i_item_sk = store_returns.sr_item_sk)", "Rows Removed by Index Recheck": 0, "Heap Fetches": 0, "Workers": []}]}]}]}]}]}, "Planning Time": 10.708, "Triggers": [], "Execution Time": 19750.699}, {"Plan": {"Node Type": "Aggregate", "Strategy": "Plain", "Partial Mode": "Simple", "Parallel Aware": false, "Async Capable": false, "Startup Cost": 527354.62, "Total Cost": 527354.63, "Plan Rows": 1, "Plan Width": 8, "Plans": [{"Node Type": "Hash Join", "Parent Relationship": "Outer", "Parallel Aware": false, "Async Capable": false, "Join Type": "Inner", "Startup Cost": 74959.26, "Total Cost": 527354.62, "Plan Rows": 1, "Plan Width": 0, "Inner Unique": false, "Hash Cond": "((store_sales.ss_sold_date_sk = d1.d_date_sk) AND (item.i_item_sk = store_returns.sr_item_sk) AND (store_sales.ss_customer_sk = store_returns.sr_customer_sk) AND (store_sales.ss_ticket_number = store_returns.sr_ticket_number))", "Plans": [{"Node Type": "Nested Loop", "Parent Relationship": "Outer", "Parallel Aware": false, "Async Capable": false, "Join Type": "Inner", "Startup Cost": 3178.42, "Total Cost": 455573.18, "Plan Rows": 39, "Plan Width": 28, "Inner Unique": true, "Plans": [{"Node Type": "Gather", "Parent Relationship": "Outer", "Parallel Aware": false, "Async Capable": false, "Startup Cost": 3178.13, "Total Cost": 455561.09, "Plan Rows": 39, "Plan Width": 24, "Workers Planned": 6, "Single Copy": false, "Plans": [{"Node Type": "Nested Loop", "Parent Relationship": "Outer", "Parallel Aware": false, "Async Capable": false, "Join Type": "Inner", "Startup Cost": 2178.13, "Total Cost": 454557.19, "Plan Rows": 6, "Plan Width": 24, "Inner Unique": true, "Plans": [{"Node Type": "Nested Loop", "Parent Relationship": "Outer", "Parallel Aware": false, "Async Capable": false, "Join Type": "Inner", "Startup Cost": 2177.99, "Total Cost": 454556.23, "Plan Rows": 6, "Plan Width": 28, "Inner Unique": false, "Plans": [{"Node Type": "Hash Join", "Parent Relationship": "Outer", "Parallel Aware": true, "Async Capable": false, "Join Type": "Inner", "Startup Cost": 2177.55, "Total Cost": 406440.62, "Plan Rows": 7032, "Plan Width": 8, "Inner Unique": true, "Hash Cond": "(catalog_sales.cs_sold_date_sk = d3.d_date_sk)", "Plans": [{"Node Type": "Seq Scan", "Parent Relationship": "Outer", "Parallel Aware": true, "Async Capable": false, "Relation Name": "catalog_sales", "Alias": "catalog_sales", "Startup Cost": 0.0, "Total Cost": 397962.14, "Plan Rows": 2400214, "Plan Width": 12}, {"Node Type": "Hash", "Parent Relationship": "Inner", "Parallel Aware": true, "Async Capable": false, "Startup Cost": 2175.97, "Total Cost": 2175.97, "Plan Rows": 126, "Plan Width": 4, "Plans": [{"Node Type": "Seq Scan", "Parent Relationship": "Outer", "Parallel Aware": true, "Async Capable": false, "Relation Name": "date_dim", "Alias": "d3", "Startup Cost": 0.0, "Total Cost": 2175.97, "Plan Rows": 126, "Plan Width": 4, "Filter": "((d_moy >= 4) AND (d_moy <= 10) AND (d_year = 1998))"}]}]}, {"Node Type": "Index Scan", "Parent Relationship": "Inner", "Parallel Aware": false, "Async Capable": false, "Scan Direction": "Forward", "Index Name": "store_sales_pkey", "Relation Name": "store_sales", "Alias": "store_sales", "Startup Cost": 0.44, "Total Cost": 6.83, "Plan Rows": 1, "Plan Width": 20, "Index Cond": "(ss_item_sk = catalog_sales.cs_item_sk)", "Filter": "(catalog_sales.cs_bill_customer_sk = ss_customer_sk)"}]}, {"Node Type": "Index Only Scan", "Parent Relationship": "Inner", "Parallel Aware": false, "Async Capable": false, "Scan Direction": "Forward", "Index Name": "store_pkey", "Relation Name": "store", "Alias": "store", "Startup Cost": 0.14, "Total Cost": 0.16, "Plan Rows": 1, "Plan Width": 4, "Index Cond": "(s_store_sk = store_sales.ss_store_sk)"}]}]}, {"Node Type": "Index Only Scan", "Parent Relationship": "Inner", "Parallel Aware": false, "Async Capable": false, "Scan Direction": "Forward", "Index Name": "item_pkey", "Relation Name": "item", "Alias": "item", "Startup Cost": 0.29, "Total Cost": 0.31, "Plan Rows": 1, "Plan Width": 4, "Index Cond": "(i_item_sk = store_sales.ss_item_sk)"}]}, {"Node Type": "Hash", "Parent Relationship": "Inner", "Parallel Aware": false, "Async Capable": false, "Startup Cost": 66726.44, "Total Cost": 66726.44, "Plan Rows": 252720, "Plan Width": 16, "Plans": [{"Node Type": "Nested Loop", "Parent Relationship": "Outer", "Parallel Aware": false, "Async Capable": false, "Join Type": "Inner", "Startup Cost": 3177.55, "Total Cost": 66726.44, "Plan Rows": 252720, "Plan Width": 16, "Inner Unique": false, "Plans": [{"Node Type": "Gather", "Parent Relationship": "Outer", "Parallel Aware": false, "Async Capable": false, "Startup Cost": 3177.55, "Total Cost": 61047.63, "Plan Rows": 8424, "Plan Width": 12, "Workers Planned": 4, "Single Copy": false, "Plans": [{"Node Type": "Hash Join", "Parent Relationship": "Outer", "Parallel Aware": true, "Async Capable": false, "Join Type": "Inner", "Startup Cost": 2177.55, "Total Cost": 59205.23, "Plan Rows": 2106, "Plan Width": 12, "Inner Unique": true, "Hash Cond": "(store_returns.sr_returned_date_sk = d2.d_date_sk)", "Plans": [{"Node Type": "Seq Scan", "Parent Relationship": "Outer", "Parallel Aware": true, "Async Capable": false, "Relation Name": "store_returns", "Alias": "store_returns", "Startup Cost": 0.0, "Total Cost": 55140.58, "Plan Rows": 718858, "Plan Width": 16}, {"Node Type": "Hash", "Parent Relationship": "Inner", "Parallel Aware": true, "Async Capable": false, "Startup Cost": 2175.97, "Total Cost": 2175.97, "Plan Rows": 126, "Plan Width": 4, "Plans": [{"Node Type": "Seq Scan", "Parent Relationship": "Outer", "Parallel Aware": true, "Async Capable": false, "Relation Name": "date_dim", "Alias": "d2", "Startup Cost": 0.0, "Total Cost": 2175.97, "Plan Rows": 126, "Plan Width": 4, "Filter": "((d_moy >= 4) AND (d_moy <= 10) AND (d_year = 1998))"}]}]}]}, {"Node Type": "Materialize", "Parent Relationship": "Inner", "Parallel Aware": false, "Async Capable": false, "Startup Cost": 0.0, "Total Cost": 2519.88, "Plan Rows": 30, "Plan Width": 4, "Plans": [{"Node Type": "Seq Scan", "Parent Relationship": "Outer", "Parallel Aware": false, "Async Capable": false, "Relation Name": "date_dim", "Alias": "d1", "Startup Cost": 0.0, "Total Cost": 2519.73, "Plan Rows": 30, "Plan Width": 4, "Filter": "((d_moy = 4) AND (d_year = 1998))"}]}]}]}]}]}}, {"Plan": {"Node Type": "Aggregate", "Strategy": "Plain", "Partial Mode": "Simple", "Parallel Aware": false, "Async Capable": false, "Startup Cost": 3502471.18, "Total Cost": 3502471.19, "Plan Rows": 1, "Plan Width": 8, "Plans": [{"Node Type": "Gather", "Parent Relationship": "Outer", "Parallel Aware": false, "Async Capable": false, "Startup Cost": 2176599.33, "Total Cost": 3502471.17, "Plan Rows": 1, "Plan Width": 0, "Workers Planned": 6, "Single Copy": false, "Plans": [{"Node Type": "Merge Join", "Parent Relationship": "Outer", "Parallel Aware": false, "Async Capable": false, "Join Type": "Inner", "Startup Cost": 2175599.33, "Total Cost": 3501471.07, "Plan Rows": 1, "Plan Width": 0, "Inner Unique": false, "Merge Cond": "(item.i_item_sk = store_returns.sr_item_sk)", "Join Filter": "((d1.d_date_sk = store_sales.ss_sold_date_sk) AND (store_returns.sr_customer_sk = store_sales.ss_customer_sk) AND (store_sales.ss_ticket_number = store_returns.sr_ticket_number) AND (d3.d_date_sk = catalog_sales.cs_sold_date_sk))", "Plans": [{"Node Type": "Merge Join", "Parent Relationship": "Outer", "Parallel Aware": false, "Async Capable": false, "Join Type": "Inner", "Startup Cost": 2175598.6, "Total Cost": 2178581.32, "Plan Rows": 2241, "Plan Width": 32, "Inner Unique": true, "Merge Cond": "(store_sales.ss_item_sk = item.i_item_sk)", "Plans": [{"Node Type": "Sort", "Parent Relationship": "Outer", "Parallel Aware": false, "Async Capable": false, "Startup Cost": 2175598.3, "Total Cost": 2175603.91, "Plan Rows": 2241, "Plan Width": 28, "Sort Key": ["store_sales.ss_item_sk"], "Plans": [{"Node Type": "Hash Join", "Parent Relationship": "Outer", "Parallel Aware": false, "Async Capable": false, "Join Type": "Inner", "Startup Cost": 433972.64, "Total Cost": 2175473.59, "Plan Rows": 2241, "Plan Width": 28, "Inner Unique": true, "Hash Cond": "(store_sales.ss_store_sk = store.s_store_sk)", "Plans": [{"Node Type": "Hash Join", "Parent Relationship": "Outer", "Parallel Aware": true, "Async Capable": false, "Join Type": "Inner", "Startup Cost": 433965.35, "Total Cost": 2175460.18, "Plan Rows": 2241, "Plan Width": 32, "Inner Unique": false, "Hash Cond": "((store_sales.ss_item_sk = catalog_sales.cs_item_sk) AND (store_sales.ss_customer_sk = catalog_sales.cs_bill_customer_sk))", "Plans": [{"Node Type": "Seq Scan", "Parent Relationship": "Outer", "Parallel Aware": true, "Async Capable": false, "Relation Name": "store_sales", "Alias": "store_sales", "Startup Cost": 0.0, "Total Cost": 565449.69, "Plan Rows": 4800169, "Plan Width": 20}, {"Node Type": "Hash", "Parent Relationship": "Inner", "Parallel Aware": true, "Async Capable": false, "Startup Cost": 397962.14, "Total Cost": 397962.14, "Plan Rows": 2400214, "Plan Width": 12, "Plans": [{"Node Type": "Seq Scan", "Parent Relationship": "Outer", "Parallel Aware": true, "Async Capable": false, "Relation Name": "catalog_sales", "Alias": "catalog_sales", "Startup Cost": 0.0, "Total Cost": 397962.14, "Plan Rows": 2400214, "Plan Width": 12}]}]}, {"Node Type": "Hash", "Parent Relationship": "Inner", "Parallel Aware": false, "Async Capable": false, "Startup Cost": 6.02, "Total Cost": 6.02, "Plan Rows": 102, "Plan Width": 4, "Plans": [{"Node Type": "Seq Scan", "Parent Relationship": "Outer", "Parallel Aware": false, "Async Capable": false, "Relation Name": "store", "Alias": "store", "Startup Cost": 0.0, "Total Cost": 6.02, "Plan Rows": 102, "Plan Width": 4}]}]}]}, {"Node Type": "Index Only Scan", "Parent Relationship": "Inner", "Parallel Aware": false, "Async Capable": false, "Scan Direction": "Forward", "Index Name": "item_pkey", "Relation Name": "item", "Alias": "item", "Startup Cost": 0.29, "Total Cost": 2694.4, "Plan Rows": 102000, "Plan Width": 4}]}, {"Node Type": "Materialize", "Parent Relationship": "Inner", "Parallel Aware": false, "Async Capable": false, "Startup Cost": 0.73, "Total Cost": 1163914.65, "Plan Rows": 54082080, "Plan Width": 20, "Plans": [{"Node Type": "Nested Loop", "Parent Relationship": "Outer", "Parallel Aware": false, "Async Capable": false, "Join Type": "Inner", "Startup Cost": 0.73, "Total Cost": 1028709.45, "Plan Rows": 54082080, "Plan Width": 20, "Inner Unique": false, "Plans": [{"Node Type": "Nested Loop", "Parent Relationship": "Outer", "Parallel Aware": false, "Async Capable": false, "Join Type": "Inner", "Startup Cost": 0.73, "Total Cost": 347364.98, "Plan Rows": 8424, "Plan Width": 12, "Inner Unique": true, "Plans": [{"Node Type": "Index Scan", "Parent Relationship": "Outer", "Parallel Aware": false, "Async Capable": false, "Scan Direction": "Forward", "Index Name": "store_returns_pkey", "Relation Name": "store_returns", "Alias": "store_returns", "Startup Cost": 0.43, "Total Cost": 274839.91, "Plan Rows": 2875432, "Plan Width": 16}, {"Node Type": "Memoize", "Parent Relationship": "Inner", "Parallel Aware": false, "Async Capable": false, "Startup Cost": 0.3, "Total Cost": 0.33, "Plan Rows": 1, "Plan Width": 4, "Cache Key": "store_returns.sr_returned_date_sk", "Cache Mode": "logical", "Plans": [{"Node Type": "Index Scan", "Parent Relationship": "Outer", "Parallel Aware": false, "Async Capable": false, "Scan Direction": "Forward", "Index Name": "date_dim_pkey", "Relation Name": "date_dim", "Alias": "d2", "Startup Cost": 0.29, "Total Cost": 0.32, "Plan Rows": 1, "Plan Width": 4, "Index Cond": "(d_date_sk = store_returns.sr_returned_date_sk)", "Filter": "((d_moy >= 4) AND (d_moy <= 10) AND (d_year = 1998))"}]}]}, {"Node Type": "Materialize", "Parent Relationship": "Inner", "Parallel Aware": false, "Async Capable": false, "Startup Cost": 0.0, "Total Cost": 5334.52, "Plan Rows": 6420, "Plan Width": 8, "Plans": [{"Node Type": "Nested Loop", "Parent Relationship": "Outer", "Parallel Aware": false, "Async Capable": false, "Join Type": "Inner", "Startup Cost": 0.0, "Total Cost": 5302.42, "Plan Rows": 6420, "Plan Width": 8, "Inner Unique": false, "Plans": [{"Node Type": "Seq Scan", "Parent Relationship": "Outer", "Parallel Aware": false, "Async Capable": false, "Relation Name": "date_dim", "Alias": "d3", "Startup Cost": 0.0, "Total Cost": 2702.36, "Plan Rows": 214, "Plan Width": 4, "Filter": "((d_moy >= 4) AND (d_moy <= 10) AND (d_year = 1998))"}, {"Node Type": "Materialize", "Parent Relationship": "Inner", "Parallel Aware": false, "Async Capable": false, "Startup Cost": 0.0, "Total Cost": 2519.88, "Plan Rows": 30, "Plan Width": 4, "Plans": [{"Node Type": "Seq Scan", "Parent Relationship": "Outer", "Parallel Aware": false, "Async Capable": false, "Relation Name": "date_dim", "Alias": "d1", "Startup Cost": 0.0, "Total Cost": 2519.73, "Plan Rows": 30, "Plan Width": 4, "Filter": "((d_moy = 4) AND (d_year = 1998))"}]}]}]}]}]}]}]}]}}, {"Plan": {"Node Type": "Aggregate", "Strategy": "Plain", "Partial Mode": "Simple", "Parallel Aware": false, "Async Capable": false, "Startup Cost": 288327.43, "Total Cost": 288327.44, "Plan Rows": 1, "Plan Width": 8, "Plans": [{"Node Type": "Merge Join", "Parent Relationship": "Outer", "Parallel Aware": false, "Async Capable": false, "Join Type": "Inner", "Startup Cost": 277539.5, "Total Cost": 288327.43, "Plan Rows": 1, "Plan Width": 0, "Inner Unique": false, "Merge Cond": "(d1.d_date_sk = store_sales.ss_sold_date_sk)", "Join Filter": "((catalog_sales.cs_item_sk = item.i_item_sk) AND (catalog_sales.cs_bill_customer_sk = store_sales.ss_customer_sk))", "Plans": [{"Node Type": "Nested Loop", "Parent Relationship": "Outer", "Parallel Aware": false, "Async Capable": false, "Join Type": "Inner", "Startup Cost": 3177.84, "Total Cost": 431282.14, "Plan Rows": 1265670, "Plan Width": 12, "Inner Unique": false, "Plans": [{"Node Type": "Index Scan", "Parent Relationship": "Outer", "Parallel Aware": false, "Async Capable": false, "Scan Direction": "Forward", "Index Name": "date_dim_pkey", "Relation Name": "date_dim", "Alias": "d1", "Startup Cost": 0.29, "Total Cost": 3696.27, "Plan Rows": 30, "Plan Width": 4, "Filter": "((d_moy = 4) AND (d_year = 1998))"}, {"Node Type": "Materialize", "Parent Relationship": "Inner", "Parallel Aware": false, "Async Capable": false, "Startup Cost": 3177.55, "Total Cost": 411870.46, "Plan Rows": 42189, "Plan Width": 8, "Plans": [{"Node Type": "Gather", "Parent Relationship": "Outer", "Parallel Aware": false, "Async Capable": false, "Startup Cost": 3177.55, "Total Cost": 411659.52, "Plan Rows": 42189, "Plan Width": 8, "Workers Planned": 6, "Single Copy": false, "Plans": [{"Node Type": "Hash Join", "Parent Relationship": "Outer", "Parallel Aware": true, "Async Capable": false, "Join Type": "Inner", "Startup Cost": 2177.55, "Total Cost": 406440.62, "Plan Rows": 7032, "Plan Width": 8, "Inner Unique": true, "Hash Cond": "(catalog_sales.cs_sold_date_sk = d3.d_date_sk)", "Plans": [{"Node Type": "Seq Scan", "Parent Relationship": "Outer", "Parallel Aware": true, "Async Capable": false, "Relation Name": "catalog_sales", "Alias": "catalog_sales", "Startup Cost": 0.0, "Total Cost": 397962.14, "Plan Rows": 2400214, "Plan Width": 12}, {"Node Type": "Hash", "Parent Relationship": "Inner", "Parallel Aware": true, "Async Capable": false, "Startup Cost": 2175.97, "Total Cost": 2175.97, "Plan Rows": 126, "Plan Width": 4, "Plans": [{"Node Type": "Seq Scan", "Parent Relationship": "Outer", "Parallel Aware": true, "Async Capable": false, "Relation Name": "date_dim", "Alias": "d3", "Startup Cost": 0.0, "Total Cost": 2175.97, "Plan Rows": 126, "Plan Width": 4, "Filter": "((d_moy >= 4) AND (d_moy <= 10) AND (d_year = 1998))"}]}]}]}]}]}, {"Node Type": "Materialize", "Parent Relationship": "Inner", "Parallel Aware": false, "Async Capable": false, "Startup Cost": 63040.21, "Total Cost": 63040.21, "Plan Rows": 1, "Plan Width": 24, "Plans": [{"Node Type": "Sort", "Parent Relationship": "Outer", "Parallel Aware": false, "Async Capable": false, "Startup Cost": 63040.21, "Total Cost": 63040.21, "Plan Rows": 1, "Plan Width": 24, "Sort Key": ["store_sales.ss_sold_date_sk"], "Plans": [{"Node Type": "Nested Loop", "Parent Relationship": "Outer", "Parallel Aware": false, "Async Capable": false, "Join Type": "Inner", "Startup Cost": 3178.42, "Total Cost": 63040.2, "Plan Rows": 1, "Plan Width": 24, "Inner Unique": true, "Plans": [{"Node Type": "Nested Loop", "Parent Relationship": "Outer", "Parallel Aware": false, "Async Capable": false, "Join Type": "Inner", "Startup Cost": 3178.13, "Total Cost": 63039.89, "Plan Rows": 1, "Plan Width": 20, "Inner Unique": true, "Plans": [{"Node Type": "Gather", "Parent Relationship": "Outer", "Parallel Aware": false, "Async Capable": false, "Startup Cost": 3177.99, "Total Cost": 63039.73, "Plan Rows": 1, "Plan Width": 24, "Workers Planned": 4, "Single Copy": false, "Plans": [{"Node Type": "Nested Loop", "Parent Relationship": "Outer", "Parallel Aware": false, "Async Capable": false, "Join Type": "Inner", "Startup Cost": 2177.99, "Total Cost": 62039.63, "Plan Rows": 1, "Plan Width": 24, "Inner Unique": true, "Plans": [{"Node Type": "Hash Join", "Parent Relationship": "Outer", "Parallel Aware": true, "Async Capable": false, "Join Type": "Inner", "Startup Cost": 2177.55, "Total Cost": 59205.23, "Plan Rows": 2106, "Plan Width": 12, "Inner Unique": true, "Hash Cond": "(store_returns.sr_returned_date_sk = d2.d_date_sk)", "Plans": [{"Node Type": "Seq Scan", "Parent Relationship": "Outer", "Parallel Aware": true, "Async Capable": false, "Relation Name": "store_returns", "Alias": "store_returns", "Startup Cost": 0.0, "Total Cost": 55140.58, "Plan Rows": 718858, "Plan Width": 16}, {"Node Type": "Hash", "Parent Relationship": "Inner", "Parallel Aware": true, "Async Capable": false, "Startup Cost": 2175.97, "Total Cost": 2175.97, "Plan Rows": 126, "Plan Width": 4, "Plans": [{"Node Type": "Seq Scan", "Parent Relationship": "Outer", "Parallel Aware": true, "Async Capable": false, "Relation Name": "date_dim", "Alias": "d2", "Startup Cost": 0.0, "Total Cost": 2175.97, "Plan Rows": 126, "Plan Width": 4, "Filter": "((d_moy >= 4) AND (d_moy <= 10) AND (d_year = 1998))"}]}]}, {"Node Type": "Index Scan", "Parent Relationship": "Inner", "Parallel Aware": false, "Async Capable": false, "Scan Direction": "Forward", "Index Name": "store_sales_pkey", "Relation Name": "store_sales", "Alias": "store_sales", "Startup Cost": 0.44, "Total Cost": 1.34, "Plan Rows": 1, "Plan Width": 20, "Index Cond": "((ss_item_sk = store_returns.sr_item_sk) AND (ss_ticket_number = store_returns.sr_ticket_number))", "Filter": "(store_returns.sr_customer_sk = ss_customer_sk)"}]}]}, {"Node Type": "Index Only Scan", "Parent Relationship": "Inner", "Parallel Aware": false, "Async Capable": false, "Scan Direction": "Forward", "Index Name": "store_pkey", "Relation Name": "store", "Alias": "store", "Startup Cost": 0.14, "Total Cost": 0.16, "Plan Rows": 1, "Plan Width": 4, "Index Cond": "(s_store_sk = store_sales.ss_store_sk)"}]}, {"Node Type": "Index Only Scan", "Parent Relationship": "Inner", "Parallel Aware": false, "Async Capable": false, "Scan Direction": "Forward", "Index Name": "item_pkey", "Relation Name": "item", "Alias": "item", "Startup Cost": 0.29, "Total Cost": 0.31, "Plan Rows": 1, "Plan Width": 4, "Index Cond": "(i_item_sk = store_sales.ss_item_sk)"}]}]}]}]}]}}, {"Plan": {"Node Type": "Aggregate", "Strategy": "Plain", "Partial Mode": "Simple", "Parallel Aware": false, "Async Capable": false, "Startup Cost": 469533.9, "Total Cost": 469533.91, "Plan Rows": 1, "Plan Width": 8, "Actual Rows": 1, "Actual Loops": 1, "Plans": [{"Node Type": "Gather", "Parent Relationship": "Outer", "Parallel Aware": false, "Async Capable": false, "Startup Cost": 65217.98, "Total Cost": 469533.89, "Plan Rows": 1, "Plan Width": 0, "Actual Rows": 0, "Actual Loops": 1, "Workers Planned": 6, "Workers Launched": 6, "Single Copy": false, "Plans": [{"Node Type": "Hash Join", "Parent Relationship": "Outer", "Parallel Aware": true, "Async Capable": false, "Join Type": "Inner", "Startup Cost": 64217.98, "Total Cost": 468533.79, "Plan Rows": 1, "Plan Width": 0, "Actual Rows": 0, "Actual Loops": 7, "Inner Unique": false, "Hash Cond": "((catalog_sales.cs_item_sk = item.i_item_sk) AND (catalog_sales.cs_bill_customer_sk = store_sales.ss_customer_sk))", "Workers": [], "Plans": [{"Node Type": "Hash Join", "Parent Relationship": "Outer", "Parallel Aware": true, "Async Capable": false, "Join Type": "Inner", "Startup Cost": 2177.55, "Total Cost": 406440.62, "Plan Rows": 7032, "Plan Width": 8, "Actual Rows": 214143, "Actual Loops": 7, "Inner Unique": true, "Hash Cond": "(catalog_sales.cs_sold_date_sk = d3.d_date_sk)", "Workers": [], "Plans": [{"Node Type": "Seq Scan", "Parent Relationship": "Outer", "Parallel Aware": true, "Async Capable": false, "Relation Name": "catalog_sales", "Alias": "catalog_sales", "Startup Cost": 0.0, "Total Cost": 397962.14, "Plan Rows": 2400214, "Plan Width": 12, "Actual Rows": 2057323, "Actual Loops": 7, "Workers": []}, {"Node Type": "Hash", "Parent Relationship": "Inner", "Parallel Aware": true, "Async Capable": false, "Startup Cost": 2175.97, "Total Cost": 2175.97, "Plan Rows": 126, "Plan Width": 4, "Actual Rows": 31, "Actual Loops": 7, "Hash Buckets": 1024, "Original Hash Buckets": 1024, "Hash Batches": 1, "Original Hash Batches": 1, "Peak Memory Usage": 168, "Workers": [], "Plans": [{"Node Type": "Seq Scan", "Parent Relationship": "Outer", "Parallel Aware": true, "Async Capable": false, "Relation Name": "date_dim", "Alias": "d3", "Startup Cost": 0.0, "Total Cost": 2175.97, "Plan Rows": 126, "Plan Width": 4, "Actual Rows": 31, "Actual Loops": 7, "Filter": "((d_moy >= 4) AND (d_moy <= 10) AND (d_year = 1998))", "Rows Removed by Filter": 10405, "Workers": []}]}]}, {"Node Type": "Hash", "Parent Relationship": "Inner", "Parallel Aware": true, "Async Capable": false, "Startup Cost": 62040.41, "Total Cost": 62040.41, "Plan Rows": 1, "Plan Width": 20, "Actual Rows": 2679, "Actual Loops": 7, "Hash Buckets": 16384, "Original Hash Buckets": 1024, "Hash Batches": 1, "Original Hash Batches": 1, "Peak Memory Usage": 1368, "Workers": [], "Plans": [{"Node Type": "Nested Loop", "Parent Relationship": "Outer", "Parallel Aware": false, "Async Capable": false, "Join Type": "Inner", "Startup Cost": 2178.71, "Total Cost": 62040.41, "Plan Rows": 1, "Plan Width": 20, "Actual Rows": 2679, "Actual Loops": 7, "Inner Unique": true, "Workers": [], "Plans": [{"Node Type": "Nested Loop", "Parent Relationship": "Outer", "Parallel Aware": false, "Async Capable": false, "Join Type": "Inner", "Startup Cost": 2178.42, "Total Cost": 62040.1, "Plan Rows": 1, "Plan Width": 16, "Actual Rows": 2679, "Actual Loops": 7, "Inner Unique": true, "Workers": [], "Plans": [{"Node Type": "Nested Loop", "Parent Relationship": "Outer", "Parallel Aware": false, "Async Capable": false, "Join Type": "Inner", "Startup Cost": 2178.28, "Total Cost": 62039.94, "Plan Rows": 1, "Plan Width": 20, "Actual Rows": 2716, "Actual Loops": 7, "Inner Unique": true, "Workers": [], "Plans": [{"Node Type": "Nested Loop", "Parent Relationship": "Outer", "Parallel Aware": false, "Async Capable": false, "Join Type": "Inner", "Startup Cost": 2177.99, "Total Cost": 62039.63, "Plan Rows": 1, "Plan Width": 24, "Actual Rows": 20043, "Actual Loops": 7, "Inner Unique": true, "Workers": [], "Plans": [{"Node Type": "Hash Join", "Parent Relationship": "Outer", "Parallel Aware": true, "Async Capable": false, "Join Type": "Inner", "Startup Cost": 2177.55, "Total Cost": 59205.23, "Plan Rows": 2106, "Plan Width": 12, "Actual Rows": 27038, "Actual Loops": 7, "Inner Unique": true, "Hash Cond": "(store_returns.sr_returned_date_sk = d2.d_date_sk)", "Workers": [], "Plans": [{"Node Type": "Seq Scan", "Parent Relationship": "Outer", "Parallel Aware": true, "Async Capable": false, "Relation Name": "store_returns", "Alias": "store_returns", "Startup Cost": 0.0, "Total Cost": 55140.58, "Plan Rows": 718858, "Plan Width": 16, "Actual Rows": 410776, "Actual Loops": 7, "Workers": []}, {"Node Type": "Hash", "Parent Relationship": "Inner", "Parallel Aware": true, "Async Capable": false, "Startup Cost": 2175.97, "Total Cost": 2175.97, "Plan Rows": 126, "Plan Width": 4, "Actual Rows": 31, "Actual Loops": 7, "Hash Buckets": 1024, "Original Hash Buckets": 1024, "Hash Batches": 1, "Original Hash Batches": 1, "Peak Memory Usage": 40, "Workers": [], "Plans": [{"Node Type": "Seq Scan", "Parent Relationship": "Outer", "Parallel Aware": true, "Async Capable": false, "Relation Name": "date_dim", "Alias": "d2", "Startup Cost": 0.0, "Total Cost": 2175.97, "Plan Rows": 126, "Plan Width": 4, "Actual Rows": 31, "Actual Loops": 7, "Filter": "((d_moy >= 4) AND (d_moy <= 10) AND (d_year = 1998))", "Rows Removed by Filter": 10405, "Workers": []}]}]}, {"Node Type": "Index Scan", "Parent Relationship": "Inner", "Parallel Aware": false, "Async Capable": false, "Scan Direction": "Forward", "Index Name": "store_sales_pkey", "Relation Name": "store_sales", "Alias": "store_sales", "Startup Cost": 0.44, "Total Cost": 1.34, "Plan Rows": 1, "Plan Width": 20, "Actual Rows": 1, "Actual Loops": 189263, "Index Cond": "((ss_item_sk = store_returns.sr_item_sk) AND (ss_ticket_number = store_returns.sr_ticket_number))", "Rows Removed by Index Recheck": 0, "Filter": "(store_returns.sr_customer_sk = ss_customer_sk)", "Rows Removed by Filter": 0, "Workers": []}]}, {"Node Type": "Index Scan", "Parent Relationship": "Inner", "Parallel Aware": false, "Async Capable": false, "Scan Direction": "Forward", "Index Name": "date_dim_pkey", "Relation Name": "date_dim", "Alias": "d1", "Startup Cost": 0.29, "Total Cost": 0.32, "Plan Rows": 1, "Plan Width": 4, "Actual Rows": 0, "Actual Loops": 140303, "Index Cond": "(d_date_sk = store_sales.ss_sold_date_sk)", "Rows Removed by Index Recheck": 0, "Filter": "((d_moy = 4) AND (d_year = 1998))", "Rows Removed by Filter": 1, "Workers": []}]}, {"Node Type": "Index Only Scan", "Parent Relationship": "Inner", "Parallel Aware": false, "Async Capable": false, "Scan Direction": "Forward", "Index Name": "store_pkey", "Relation Name": "store", "Alias": "store", "Startup Cost": 0.14, "Total Cost": 0.16, "Plan Rows": 1, "Plan Width": 4, "Actual Rows": 1, "Actual Loops": 19010, "Index Cond": "(s_store_sk = store_sales.ss_store_sk)", "Rows Removed by Index Recheck": 0, "Heap Fetches": 18753, "Workers": []}]}, {"Node Type": "Index Only Scan", "Parent Relationship": "Inner", "Parallel Aware": false, "Async Capable": false, "Scan Direction": "Forward", "Index Name": "item_pkey", "Relation Name": "item", "Alias": "item", "Startup Cost": 0.29, "Total Cost": 0.31, "Plan Rows": 1, "Plan Width": 4, "Actual Rows": 1, "Actual Loops": 18753, "Index Cond": "(i_item_sk = store_sales.ss_item_sk)", "Rows Removed by Index Recheck": 0, "Heap Fetches": 0, "Workers": []}]}]}]}]}]}, "Planning Time": 12.234, "Triggers": [], "Execution Time": 1966.983}, {"Plan": {"Node Type": "Aggregate", "Strategy": "Plain", "Partial Mode": "Simple", "Parallel Aware": false, "Async Capable": false, "Startup Cost": 490710.51, "Total Cost": 490710.52, "Plan Rows": 1, "Plan Width": 8, "Actual Rows": 1, "Actual Loops": 1, "Plans": [{"Node Type": "Gather", "Parent Relationship": "Outer", "Parallel Aware": false, "Async Capable": false, "Startup Cost": 65745.85, "Total Cost": 490710.51, "Plan Rows": 1, "Plan Width": 0, "Actual Rows": 0, "Actual Loops": 1, "Workers Planned": 6, "Workers Launched": 6, "Single Copy": false, "Plans": [{"Node Type": "Hash Join", "Parent Relationship": "Outer", "Parallel Aware": true, "Async Capable": false, "Join Type": "Inner", "Startup Cost": 64745.85, "Total Cost": 489710.41, "Plan Rows": 1, "Plan Width": 0, "Actual Rows": 0, "Actual Loops": 7, "Inner Unique": false, "Hash Cond": "((catalog_sales.cs_item_sk = item.i_item_sk) AND (catalog_sales.cs_bill_customer_sk = store_sales.ss_customer_sk) AND (catalog_sales.cs_sold_date_sk = d3.d_date_sk))", "Workers": [], "Plans": [{"Node Type": "Seq Scan", "Parent Relationship": "Outer", "Parallel Aware": true, "Async Capable": false, "Relation Name": "catalog_sales", "Alias": "catalog_sales", "Startup Cost": 0.0, "Total Cost": 397962.14, "Plan Rows": 2400214, "Plan Width": 12, "Actual Rows": 2057323, "Actual Loops": 7, "Workers": []}, {"Node Type": "Hash", "Parent Relationship": "Inner", "Parallel Aware": true, "Async Capable": false, "Startup Cost": 64744.91, "Total Cost": 64744.91, "Plan Rows": 54, "Plan Width": 24, "Actual Rows": 573306, "Actual Loops": 7, "Hash Buckets": 4194304, "Original Hash Buckets": 1024, "Hash Batches": 1, "Original Hash Batches": 1, "Peak Memory Usage": 285560, "Workers": [], "Plans": [{"Node Type": "Nested Loop", "Parent Relationship": "Outer", "Parallel Aware": false, "Async Capable": false, "Join Type": "Inner", "Startup Cost": 2178.71, "Total Cost": 64744.91, "Plan Rows": 54, "Plan Width": 24, "Actual Rows": 573306, "Actual Loops": 7, "Inner Unique": false, "Workers": [], "Plans": [{"Node Type": "Nested Loop", "Parent Relationship": "Outer", "Parallel Aware": false, "Async Capable": false, "Join Type": "Inner", "Startup Cost": 2178.71, "Total Cost": 62040.41, "Plan Rows": 1, "Plan Width": 20, "Actual Rows": 2679, "Actual Loops": 7, "Inner Unique": true, "Workers": [], "Plans": [{"Node Type": "Nested Loop", "Parent Relationship": "Outer", "Parallel Aware": false, "Async Capable": false, "Join Type": "Inner", "Startup Cost": 2178.42, "Total Cost": 62040.1, "Plan Rows": 1, "Plan Width": 16, "Actual Rows": 2679, "Actual Loops": 7, "Inner Unique": true, "Workers": [], "Plans": [{"Node Type": "Nested Loop", "Parent Relationship": "Outer", "Parallel Aware": false, "Async Capable": false, "Join Type": "Inner", "Startup Cost": 2178.28, "Total Cost": 62039.94, "Plan Rows": 1, "Plan Width": 20, "Actual Rows": 2716, "Actual Loops": 7, "Inner Unique": true, "Workers": [], "Plans": [{"Node Type": "Nested Loop", "Parent Relationship": "Outer", "Parallel Aware": false, "Async Capable": false, "Join Type": "Inner", "Startup Cost": 2177.99, "Total Cost": 62039.63, "Plan Rows": 1, "Plan Width": 24, "Actual Rows": 20043, "Actual Loops": 7, "Inner Unique": true, "Workers": [], "Plans": [{"Node Type": "Hash Join", "Parent Relationship": "Outer", "Parallel Aware": true, "Async Capable": false, "Join Type": "Inner", "Startup Cost": 2177.55, "Total Cost": 59205.23, "Plan Rows": 2106, "Plan Width": 12, "Actual Rows": 27038, "Actual Loops": 7, "Inner Unique": true, "Hash Cond": "(store_returns.sr_returned_date_sk = d2.d_date_sk)", "Workers": [], "Plans": [{"Node Type": "Seq Scan", "Parent Relationship": "Outer", "Parallel Aware": true, "Async Capable": false, "Relation Name": "store_returns", "Alias": "store_returns", "Startup Cost": 0.0, "Total Cost": 55140.58, "Plan Rows": 718858, "Plan Width": 16, "Actual Rows": 410776, "Actual Loops": 7, "Workers": []}, {"Node Type": "Hash", "Parent Relationship": "Inner", "Parallel Aware": true, "Async Capable": false, "Startup Cost": 2175.97, "Total Cost": 2175.97, "Plan Rows": 126, "Plan Width": 4, "Actual Rows": 31, "Actual Loops": 7, "Hash Buckets": 1024, "Original Hash Buckets": 1024, "Hash Batches": 1, "Original Hash Batches": 1, "Peak Memory Usage": 40, "Workers": [], "Plans": [{"Node Type": "Seq Scan", "Parent Relationship": "Outer", "Parallel Aware": true, "Async Capable": false, "Relation Name": "date_dim", "Alias": "d2", "Startup Cost": 0.0, "Total Cost": 2175.97, "Plan Rows": 126, "Plan Width": 4, "Actual Rows": 31, "Actual Loops": 7, "Filter": "((d_moy >= 4) AND (d_moy <= 10) AND (d_year = 1998))", "Rows Removed by Filter": 10405, "Workers": []}]}]}, {"Node Type": "Index Scan", "Parent Relationship": "Inner", "Parallel Aware": false, "Async Capable": false, "Scan Direction": "Forward", "Index Name": "store_sales_pkey", "Relation Name": "store_sales", "Alias": "store_sales", "Startup Cost": 0.44, "Total Cost": 1.34, "Plan Rows": 1, "Plan Width": 20, "Actual Rows": 1, "Actual Loops": 189263, "Index Cond": "((ss_item_sk = store_returns.sr_item_sk) AND (ss_ticket_number = store_returns.sr_ticket_number))", "Rows Removed by Index Recheck": 0, "Filter": "(store_returns.sr_customer_sk = ss_customer_sk)", "Rows Removed by Filter": 0, "Workers": []}]}, {"Node Type": "Index Scan", "Parent Relationship": "Inner", "Parallel Aware": false, "Async Capable": false, "Scan Direction": "Forward", "Index Name": "date_dim_pkey", "Relation Name": "date_dim", "Alias": "d1", "Startup Cost": 0.29, "Total Cost": 0.32, "Plan Rows": 1, "Plan Width": 4, "Actual Rows": 0, "Actual Loops": 140303, "Index Cond": "(d_date_sk = store_sales.ss_sold_date_sk)", "Rows Removed by Index Recheck": 0, "Filter": "((d_moy = 4) AND (d_year = 1998))", "Rows Removed by Filter": 1, "Workers": []}]}, {"Node Type": "Index Only Scan", "Parent Relationship": "Inner", "Parallel Aware": false, "Async Capable": false, "Scan Direction": "Forward", "Index Name": "store_pkey", "Relation Name": "store", "Alias": "store", "Startup Cost": 0.14, "Total Cost": 0.16, "Plan Rows": 1, "Plan Width": 4, "Actual Rows": 1, "Actual Loops": 19010, "Index Cond": "(s_store_sk = store_sales.ss_store_sk)", "Rows Removed by Index Recheck": 0, "Heap Fetches": 18753, "Workers": []}]}, {"Node Type": "Index Only Scan", "Parent Relationship": "Inner", "Parallel Aware": false, "Async Capable": false, "Scan Direction": "Forward", "Index Name": "item_pkey", "Relation Name": "item", "Alias": "item", "Startup Cost": 0.29, "Total Cost": 0.31, "Plan Rows": 1, "Plan Width": 4, "Actual Rows": 1, "Actual Loops": 18753, "Index Cond": "(i_item_sk = store_sales.ss_item_sk)", "Rows Removed by Index Recheck": 0, "Heap Fetches": 0, "Workers": []}]}, {"Node Type": "Seq Scan", "Parent Relationship": "Inner", "Parallel Aware": false, "Async Capable": false, "Relation Name": "date_dim", "Alias": "d3", "Startup Cost": 0.0, "Total Cost": 2702.36, "Plan Rows": 214, "Plan Width": 4, "Actual Rows": 214, "Actual Loops": 18753, "Filter": "((d_moy >= 4) AND (d_moy <= 10) AND (d_year = 1998))", "Rows Removed by Filter": 72835, "Workers": []}]}]}]}]}]}, "Planning Time": 11.287, "Triggers": [], "Execution Time": 27608.777}, {"Plan": {"Node Type": "Aggregate", "Strategy": "Plain", "Partial Mode": "Simple", "Parallel Aware": false, "Async Capable": false, "Startup Cost": 415010.23, "Total Cost": 415010.24, "Plan Rows": 1, "Plan Width": 8, "Actual Rows": 1, "Actual Loops": 1, "Plans": [{"Node Type": "Nested Loop", "Parent Relationship": "Outer", "Parallel Aware": false, "Async Capable": false, "Join Type": "Inner", "Startup Cost": 3179.44, "Total Cost": 415010.23, "Plan Rows": 1, "Plan Width": 0, "Actual Rows": 0, "Actual Loops": 1, "Inner Unique": true, "Plans": [{"Node Type": "Nested Loop", "Parent Relationship": "Outer", "Parallel Aware": false, "Async Capable": false, "Join Type": "Inner", "Startup Cost": 3179.14, "Total Cost": 415009.91, "Plan Rows": 1, "Plan Width": 4, "Actual Rows": 0, "Actual Loops": 1, "Inner Unique": true, "Plans": [{"Node Type": "Nested Loop", "Parent Relationship": "Outer", "Parallel Aware": false, "Async Capable": false, "Join Type": "Inner", "Startup Cost": 3178.85, "Total Cost": 415009.6, "Plan Rows": 1, "Plan Width": 16, "Actual Rows": 0, "Actual Loops": 1, "Inner Unique": true, "Plans": [{"Node Type": "Nested Loop", "Parent Relationship": "Outer", "Parallel Aware": false, "Async Capable": false, "Join Type": "Inner", "Startup Cost": 3178.71, "Total Cost": 415009.44, "Plan Rows": 1, "Plan Width": 20, "Actual Rows": 0, "Actual Loops": 1, "Inner Unique": true, "Plans": [{"Node Type": "Gather", "Parent Relationship": "Outer", "Parallel Aware": false, "Async Capable": false, "Startup Cost": 3178.42, "Total Cost": 415009.12, "Plan Rows": 1, "Plan Width": 24, "Actual Rows": 76, "Actual Loops": 1, "Workers Planned": 6, "Workers Launched": 6, "Single Copy": false, "Plans": [{"Node Type": "Nested Loop", "Parent Relationship": "Outer", "Parallel Aware": false, "Async Capable": false, "Join Type": "Inner", "Startup Cost": 2178.42, "Total Cost": 414009.02, "Plan Rows": 1, "Plan Width": 24, "Actual Rows": 11, "Actual Loops": 7, "Inner Unique": true, "Workers": [], "Plans": [{"Node Type": "Nested Loop", "Parent Relationship": "Outer", "Parallel Aware": false, "Async Capable": false, "Join Type": "Inner", "Startup Cost": 2177.98, "Total Cost": 414007.68, "Plan Rows": 1, "Plan Width": 24, "Actual Rows": 15, "Actual Loops": 7, "Inner Unique": false, "Workers": [], "Plans": [{"Node Type": "Hash Join", "Parent Relationship": "Outer", "Parallel Aware": true, "Async Capable": false, "Join Type": "Inner", "Startup Cost": 2177.55, "Total Cost": 406440.62, "Plan Rows": 7032, "Plan Width": 8, "Actual Rows": 214143, "Actual Loops": 7, "Inner Unique": true, "Hash Cond": "(catalog_sales.cs_sold_date_sk = d3.d_date_sk)", "Workers": [], "Plans": [{"Node Type": "Seq Scan", "Parent Relationship": "Outer", "Parallel Aware": true, "Async Capable": false, "Relation Name": "catalog_sales", "Alias": "catalog_sales", "Startup Cost": 0.0, "Total Cost": 397962.14, "Plan Rows": 2400214, "Plan Width": 12, "Actual Rows": 2057323, "Actual Loops": 7, "Workers": []}, {"Node Type": "Hash", "Parent Relationship": "Inner", "Parallel Aware": true, "Async Capable": false, "Startup Cost": 2175.97, "Total Cost": 2175.97, "Plan Rows": 126, "Plan Width": 4, "Actual Rows": 31, "Actual Loops": 7, "Hash Buckets": 1024, "Original Hash Buckets": 1024, "Hash Batches": 1, "Original Hash Batches": 1, "Peak Memory Usage": 40, "Workers": [], "Plans": [{"Node Type": "Seq Scan", "Parent Relationship": "Outer", "Parallel Aware": true, "Async Capable": false, "Relation Name": "date_dim", "Alias": "d3", "Startup Cost": 0.0, "Total Cost": 2175.97, "Plan Rows": 126, "Plan Width": 4, "Actual Rows": 31, "Actual Loops": 7, "Filter": "((d_moy >= 4) AND (d_moy <= 10) AND (d_year = 1998))", "Rows Removed by Filter": 10405, "Workers": []}]}]}, {"Node Type": "Index Scan", "Parent Relationship": "Inner", "Parallel Aware": false, "Async Capable": false, "Scan Direction": "Forward", "Index Name": "store_returns_pkey", "Relation Name": "store_returns", "Alias": "store_returns", "Startup Cost": 0.43, "Total Cost": 1.07, "Plan Rows": 1, "Plan Width": 16, "Actual Rows": 0, "Actual Loops": 1499004, "Index Cond": "(sr_item_sk = catalog_sales.cs_item_sk)", "Rows Removed by Index Recheck": 0, "Filter": "(catalog_sales.cs_bill_customer_sk = sr_customer_sk)", "Rows Removed by Filter": 38, "Workers": []}]}, {"Node Type": "Index Scan", "Parent Relationship": "Inner", "Parallel Aware": false, "Async Capable": false, "Scan Direction": "Forward", "Index Name": "store_sales_pkey", "Relation Name": "store_sales", "Alias": "store_sales", "Startup Cost": 0.44, "Total Cost": 1.34, "Plan Rows": 1, "Plan Width": 20, "Actual Rows": 1, "Actual Loops": 102, "Index Cond": "((ss_item_sk = store_returns.sr_item_sk) AND (ss_ticket_number = store_returns.sr_ticket_number))", "Rows Removed by Index Recheck": 0, "Filter": "(store_returns.sr_customer_sk = ss_customer_sk)", "Rows Removed by Filter": 0, "Workers": []}]}]}, {"Node Type": "Index Scan", "Parent Relationship": "Inner", "Parallel Aware": false, "Async Capable": false, "Scan Direction": "Forward", "Index Name": "date_dim_pkey", "Relation Name": "date_dim", "Alias": "d1", "Startup Cost": 0.29, "Total Cost": 0.32, "Plan Rows": 1, "Plan Width": 4, "Actual Rows": 0, "Actual Loops": 76, "Index Cond": "(d_date_sk = store_sales.ss_sold_date_sk)", "Rows Removed by Index Recheck": 0, "Filter": "((d_moy = 4) AND (d_year = 1998))", "Rows Removed by Filter": 1}]}, {"Node Type": "Index Only Scan", "Parent Relationship": "Inner", "Parallel Aware": false, "Async Capable": false, "Scan Direction": "Forward", "Index Name": "store_pkey", "Relation Name": "store", "Alias": "store", "Startup Cost": 0.14, "Total Cost": 0.16, "Plan Rows": 1, "Plan Width": 4, "Actual Rows": 0, "Actual Loops": 0, "Index Cond": "(s_store_sk = store_sales.ss_store_sk)", "Rows Removed by Index Recheck": 0, "Heap Fetches": 0}]}, {"Node Type": "Index Only Scan", "Parent Relationship": "Inner", "Parallel Aware": false, "Async Capable": false, "Scan Direction": "Forward", "Index Name": "item_pkey", "Relation Name": "item", "Alias": "item", "Startup Cost": 0.29, "Total Cost": 0.31, "Plan Rows": 1, "Plan Width": 4, "Actual Rows": 0, "Actual Loops": 0, "Index Cond": "(i_item_sk = store_sales.ss_item_sk)", "Rows Removed by Index Recheck": 0, "Heap Fetches": 0}]}, {"Node Type": "Index Scan", "Parent Relationship": "Inner", "Parallel Aware": false, "Async Capable": false, "Scan Direction": "Forward", "Index Name": "date_dim_pkey", "Relation Name": "date_dim", "Alias": "d2", "Startup Cost": 0.29, "Total Cost": 0.32, "Plan Rows": 1, "Plan Width": 4, "Actual Rows": 0, "Actual Loops": 0, "Index Cond": "(d_date_sk = store_returns.sr_returned_date_sk)", "Rows Removed by Index Recheck": 0, "Filter": "((d_moy >= 4) AND (d_moy <= 10) AND (d_year = 1998))", "Rows Removed by Filter": 0}]}]}, "Planning Time": 8.949, "Triggers": [], "Execution Time": 20634.044}, {"Plan": {"Node Type": "Aggregate", "Strategy": "Plain", "Partial Mode": "Simple", "Parallel Aware": false, "Async Capable": false, "Startup Cost": 739551.24, "Total Cost": 739551.25, "Plan Rows": 1, "Plan Width": 8, "Actual Rows": 1, "Actual Loops": 1, "Plans": [{"Node Type": "Hash Join", "Parent Relationship": "Outer", "Parallel Aware": false, "Async Capable": false, "Join Type": "Inner", "Startup Cost": 673801.36, "Total Cost": 739551.24, "Plan Rows": 1, "Plan Width": 0, "Actual Rows": 0, "Actual Loops": 1, "Inner Unique": false, "Hash Cond": "((store_returns.sr_item_sk = item.i_item_sk) AND (store_returns.sr_customer_sk = store_sales.ss_customer_sk) AND (store_returns.sr_ticket_number = store_sales.ss_ticket_number) AND (catalog_sales.cs_sold_date_sk = d3.d_date_sk))", "Plans": [{"Node Type": "Gather", "Parent Relationship": "Outer", "Parallel Aware": false, "Async Capable": false, "Startup Cost": 3177.98, "Total Cost": 68927.78, "Plan Rows": 3, "Plan Width": 24, "Actual Rows": 82, "Actual Loops": 1, "Workers Planned": 4, "Workers Launched": 4, "Single Copy": false, "Plans": [{"Node Type": "Nested Loop", "Parent Relationship": "Outer", "Parallel Aware": false, "Async Capable": false, "Join Type": "Inner", "Startup Cost": 2177.98, "Total Cost": 67927.48, "Plan Rows": 1, "Plan Width": 24, "Actual Rows": 16, "Actual Loops": 5, "Inner Unique": false, "Workers": [], "Plans": [{"Node Type": "Hash Join", "Parent Relationship": "Outer", "Parallel Aware": true, "Async Capable": false, "Join Type": "Inner", "Startup Cost": 2177.55, "Total Cost": 59205.23, "Plan Rows": 2106, "Plan Width": 12, "Actual Rows": 37853, "Actual Loops": 5, "Inner Unique": true, "Hash Cond": "(store_returns.sr_returned_date_sk = d2.d_date_sk)", "Workers": [], "Plans": [{"Node Type": "Seq Scan", "Parent Relationship": "Outer", "Parallel Aware": true, "Async Capable": false, "Relation Name": "store_returns", "Alias": "store_returns", "Startup Cost": 0.0, "Total Cost": 55140.58, "Plan Rows": 718858, "Plan Width": 16, "Actual Rows": 575086, "Actual Loops": 5, "Workers": []}, {"Node Type": "Hash", "Parent Relationship": "Inner", "Parallel Aware": true, "Async Capable": false, "Startup Cost": 2175.97, "Total Cost": 2175.97, "Plan Rows": 126, "Plan Width": 4, "Actual Rows": 43, "Actual Loops": 5, "Hash Buckets": 1024, "Original Hash Buckets": 1024, "Hash Batches": 1, "Original Hash Batches": 1, "Peak Memory Usage": 40, "Workers": [], "Plans": [{"Node Type": "Seq Scan", "Parent Relationship": "Outer", "Parallel Aware": true, "Async Capable": false, "Relation Name": "date_dim", "Alias": "d2", "Startup Cost": 0.0, "Total Cost": 2175.97, "Plan Rows": 126, "Plan Width": 4, "Actual Rows": 43, "Actual Loops": 5, "Filter": "((d_moy >= 4) AND (d_moy <= 10) AND (d_year = 1998))", "Rows Removed by Filter": 14567, "Workers": []}]}]}, {"Node Type": "Index Scan", "Parent Relationship": "Inner", "Parallel Aware": false, "Async Capable": false, "Scan Direction": "Forward", "Index Name": "catalog_sales_pkey", "Relation Name": "catalog_sales", "Alias": "catalog_sales", "Startup Cost": 0.43, "Total Cost": 4.13, "Plan Rows": 1, "Plan Width": 12, "Actual Rows": 0, "Actual Loops": 189263, "Index Cond": "(cs_item_sk = store_returns.sr_item_sk)", "Rows Removed by Index Recheck": 0, "Filter": "(cs_bill_customer_sk = store_returns.sr_customer_sk)", "Rows Removed by Filter": 188, "Workers": []}]}]}, {"Node Type": "Hash", "Parent Relationship": "Inner", "Parallel Aware": false, "Async Capable": false, "Startup Cost": 619999.53, "Total Cost": 619999.53, "Plan Rows": 2531192, "Plan Width": 20, "Actual Rows": 53657504, "Actual Loops": 1, "Hash Buckets": 8388608, "Original Hash Buckets": 4194304, "Hash Batches": 16, "Original Hash Batches": 1, "Peak Memory Usage": 321127, "Plans": [{"Node Type": "Nested Loop", "Parent Relationship": "Outer", "Parallel Aware": false, "Async Capable": false, "Join Type": "Inner", "Startup Cost": 581240.53, "Total Cost": 619999.53, "Plan Rows": 2531192, "Plan Width": 20, "Actual Rows": 54302714, "Actual Loops": 1, "Inner Unique": false, "Plans": [{"Node Type": "Gather Merge", "Parent Relationship": "Outer", "Parallel Aware": false, "Async Capable": false, "Startup Cost": 581240.53, "Total Cost": 585656.74, "Plan Rows": 11828, "Plan Width": 16, "Actual Rows": 253751, "Actual Loops": 1, "Workers Planned": 6, "Workers Launched": 6, "Plans": [{"Node Type": "Merge Join", "Parent Relationship": "Outer", "Parallel Aware": false, "Async Capable": false, "Join Type": "Inner", "Startup Cost": 580240.43, "Total Cost": 583219.11, "Plan Rows": 1971, "Plan Width": 16, "Actual Rows": 36250, "Actual Loops": 7, "Inner Unique": true, "Merge Cond": "(store_sales.ss_item_sk = item.i_item_sk)", "Workers": [], "Plans": [{"Node Type": "Sort", "Parent Relationship": "Outer", "Parallel Aware": false, "Async Capable": false, "Startup Cost": 580240.14, "Total Cost": 580245.07, "Plan Rows": 1971, "Plan Width": 12, "Actual Rows": 36250, "Actual Loops": 7, "Sort Key": ["store_sales.ss_item_sk"], "Sort Method": "quicksort", "Sort Space Used": 3391, "Sort Space Type": "Memory", "Workers": [{"Worker Number": 0, "Sort Method": "quicksort", "Sort Space Used": 1991, "Sort Space Type": "Memory"}, {"Worker Number": 1, "Sort Method": "quicksort", "Sort Space Used": 2874, "Sort Space Type": "Memory"}, {"Worker Number": 2, "Sort Method": "quicksort", "Sort Space Used": 2902, "Sort Space Type": "Memory"}, {"Worker Number": 3, "Sort Method": "quicksort", "Sort Space Used": 2043, "Sort Space Type": "Memory"}, {"Worker Number": 4, "Sort Method": "quicksort", "Sort Space Used": 1957, "Sort Space Type": "Memory"}, {"Worker Number": 5, "Sort Method": "quicksort", "Sort Space Used": 3182, "Sort Space Type": "Memory"}], "Plans": [{"Node Type": "Hash Join", "Parent Relationship": "Outer", "Parallel Aware": false, "Async Capable": false, "Join Type": "Inner", "Startup Cost": 2076.07, "Total Cost": 580132.28, "Plan Rows": 1971, "Plan Width": 12, "Actual Rows": 36250, "Actual Loops": 7, "Inner Unique": true, "Hash Cond": "(store_sales.ss_store_sk = store.s_store_sk)", "Workers": [], "Plans": [{"Node Type": "Hash Join", "Parent Relationship": "Outer", "Parallel Aware": true, "Async Capable": false, "Join Type": "Inner", "Startup Cost": 2068.78, "Total Cost": 580119.61, "Plan Rows": 1971, "Plan Width": 16, "Actual Rows": 37135, "Actual Loops": 7, "Inner Unique": true, "Hash Cond": "(store_sales.ss_sold_date_sk = d1.d_date_sk)", "Workers": [], "Plans": [{"Node Type": "Seq Scan", "Parent Relationship": "Outer", "Parallel Aware": true, "Async Capable": false, "Relation Name": "store_sales", "Alias": "store_sales", "Startup Cost": 0.0, "Total Cost": 565449.69, "Plan Rows": 4800169, "Plan Width": 20, "Actual Rows": 4114427, "Actual Loops": 7, "Workers": []}, {"Node Type": "Hash", "Parent Relationship": "Inner", "Parallel Aware": true, "Async Capable": false, "Startup Cost": 2068.55, "Total Cost": 2068.55, "Plan Rows": 18, "Plan Width": 4, "Actual Rows": 4, "Actual Loops": 7, "Hash Buckets": 1024, "Original Hash Buckets": 1024, "Hash Batches": 1, "Original Hash Batches": 1, "Peak Memory Usage": 40, "Workers": [], "Plans": [{"Node Type": "Seq Scan", "Parent Relationship": "Outer", "Parallel Aware": true, "Async Capable": false, "Relation Name": "date_dim", "Alias": "d1", "Startup Cost": 0.0, "Total Cost": 2068.55, "Plan Rows": 18, "Plan Width": 4, "Actual Rows": 8, "Actual Loops": 4, "Filter": "((d_moy = 4) AND (d_year = 1998))", "Rows Removed by Filter": 18255, "Workers": []}]}]}, {"Node Type": "Hash", "Parent Relationship": "Inner", "Parallel Aware": false, "Async Capable": false, "Startup Cost": 6.02, "Total Cost": 6.02, "Plan Rows": 102, "Plan Width": 4, "Actual Rows": 102, "Actual Loops": 7, "Hash Buckets": 1024, "Original Hash Buckets": 1024, "Hash Batches": 1, "Original Hash Batches": 1, "Peak Memory Usage": 12, "Workers": [], "Plans": [{"Node Type": "Seq Scan", "Parent Relationship": "Outer", "Parallel Aware": false, "Async Capable": false, "Relation Name": "store", "Alias": "store", "Startup Cost": 0.0, "Total Cost": 6.02, "Plan Rows": 102, "Plan Width": 4, "Actual Rows": 102, "Actual Loops": 7, "Workers": []}]}]}]}, {"Node Type": "Index Only Scan", "Parent Relationship": "Inner", "Parallel Aware": false, "Async Capable": false, "Scan Direction": "Forward", "Index Name": "item_pkey", "Relation Name": "item", "Alias": "item", "Startup Cost": 0.29, "Total Cost": 2694.4, "Plan Rows": 102000, "Plan Width": 4, "Actual Rows": 101997, "Actual Loops": 7, "Heap Fetches": 0, "Workers": []}]}]}, {"Node Type": "Materialize", "Parent Relationship": "Inner", "Parallel Aware": false, "Async Capable": false, "Startup Cost": 0.0, "Total Cost": 2703.43, "Plan Rows": 214, "Plan Width": 4, "Actual Rows": 214, "Actual Loops": 253751, "Plans": [{"Node Type": "Seq Scan", "Parent Relationship": "Outer", "Parallel Aware": false, "Async Capable": false, "Relation Name": "date_dim", "Alias": "d3", "Startup Cost": 0.0, "Total Cost": 2702.36, "Plan Rows": 214, "Plan Width": 4, "Actual Rows": 214, "Actual Loops": 1, "Filter": "((d_moy >= 4) AND (d_moy <= 10) AND (d_year = 1998))", "Rows Removed by Filter": 72835}]}]}]}]}]}, "Planning Time": 9.011, "Triggers": [], "Execution Time": 100205.225}, {"Plan": {"Node Type": "Aggregate", "Strategy": "Plain", "Partial Mode": "Simple", "Parallel Aware": false, "Async Capable": false, "Startup Cost": 7299749.4, "Total Cost": 7299749.41, "Plan Rows": 1, "Plan Width": 8, "Plans": [{"Node Type": "Merge Join", "Parent Relationship": "Outer", "Parallel Aware": false, "Async Capable": false, "Join Type": "Inner", "Startup Cost": 69721.87, "Total Cost": 7299749.39, "Plan Rows": 1, "Plan Width": 0, "Inner Unique": false, "Merge Cond": "(item.i_item_sk = catalog_sales.cs_item_sk)", "Join Filter": "((d1.d_date_sk = store_sales.ss_sold_date_sk) AND (catalog_sales.cs_bill_customer_sk = store_sales.ss_customer_sk) AND (d2.d_date_sk = store_returns.sr_returned_date_sk))", "Plans": [{"Node Type": "Nested Loop", "Parent Relationship": "Outer", "Parallel Aware": false, "Async Capable": false, "Join Type": "Inner", "Startup Cost": 68721.03, "Total Cost": 676196.28, "Plan Rows": 1, "Plan Width": 28, "Inner Unique": false, "Join Filter": "(store_sales.ss_item_sk = item.i_item_sk)", "Plans": [{"Node Type": "Index Only Scan", "Parent Relationship": "Outer", "Parallel Aware": false, "Async Capable": false, "Scan Direction": "Forward", "Index Name": "item_pkey", "Relation Name": "item", "Alias": "item", "Startup Cost": 0.29, "Total Cost": 2694.4, "Plan Rows": 102000, "Plan Width": 4}, {"Node Type": "Materialize", "Parent Relationship": "Inner", "Parallel Aware": false, "Async Capable": false, "Startup Cost": 68720.74, "Total Cost": 671971.88, "Plan Rows": 1, "Plan Width": 24, "Plans": [{"Node Type": "Nested Loop", "Parent Relationship": "Outer", "Parallel Aware": false, "Async Capable": false, "Join Type": "Inner", "Startup Cost": 68720.74, "Total Cost": 671971.88, "Plan Rows": 1, "Plan Width": 24, "Inner Unique": true, "Plans": [{"Node Type": "Gather", "Parent Relationship": "Outer", "Parallel Aware": false, "Async Capable": false, "Startup Cost": 68720.6, "Total Cost": 671971.72, "Plan Rows": 1, "Plan Width": 28, "Workers Planned": 6, "Single Copy": false, "Plans": [{"Node Type": "Hash Join", "Parent Relationship": "Outer", "Parallel Aware": true, "Async Capable": false, "Join Type": "Inner", "Startup Cost": 67720.6, "Total Cost": 670971.62, "Plan Rows": 1, "Plan Width": 28, "Inner Unique": true, "Hash Cond": "((store_sales.ss_item_sk = store_returns.sr_item_sk) AND (store_sales.ss_customer_sk = store_returns.sr_customer_sk) AND (store_sales.ss_ticket_number = store_returns.sr_ticket_number))", "Plans": [{"Node Type": "Seq Scan", "Parent Relationship": "Outer", "Parallel Aware": true, "Async Capable": false, "Relation Name": "store_sales", "Alias": "store_sales", "Startup Cost": 0.0, "Total Cost": 565449.69, "Plan Rows": 4800169, "Plan Width": 20}, {"Node Type": "Hash", "Parent Relationship": "Inner", "Parallel Aware": true, "Async Capable": false, "Startup Cost": 55140.58, "Total Cost": 55140.58, "Plan Rows": 718858, "Plan Width": 16, "Plans": [{"Node Type": "Seq Scan", "Parent Relationship": "Outer", "Parallel Aware": true, "Async Capable": false, "Relation Name": "store_returns", "Alias": "store_returns", "Startup Cost": 0.0, "Total Cost": 55140.58, "Plan Rows": 718858, "Plan Width": 16}]}]}]}, {"Node Type": "Index Only Scan", "Parent Relationship": "Inner", "Parallel Aware": false, "Async Capable": false, "Scan Direction": "Forward", "Index Name": "store_pkey", "Relation Name": "store", "Alias": "store", "Startup Cost": 0.14, "Total Cost": 0.16, "Plan Rows": 1, "Plan Width": 4, "Index Cond": "(s_store_sk = store_sales.ss_store_sk)"}]}]}]}, {"Node Type": "Materialize", "Parent Relationship": "Inner", "Parallel Aware": false, "Async Capable": false, "Startup Cost": 1000.84, "Total Cost": 5946373.2, "Plan Rows": 270853380, "Plan Width": 16, "Plans": [{"Node Type": "Nested Loop", "Parent Relationship": "Outer", "Parallel Aware": false, "Async Capable": false, "Join Type": "Inner", "Startup Cost": 1000.84, "Total Cost": 5269239.75, "Plan Rows": 270853380, "Plan Width": 16, "Inner Unique": false, "Plans": [{"Node Type": "Gather Merge", "Parent Relationship": "Outer", "Parallel Aware": false, "Async Capable": false, "Startup Cost": 1000.84, "Total Cost": 1878254.03, "Plan Rows": 42189, "Plan Width": 8, "Workers Planned": 6, "Plans": [{"Node Type": "Nested Loop", "Parent Relationship": "Outer", "Parallel Aware": false, "Async Capable": false, "Join Type": "Inner", "Startup Cost": 0.74, "Total Cost": 1872126.42, "Plan Rows": 7032, "Plan Width": 8, "Inner Unique": true, "Plans": [{"Node Type": "Index Scan", "Parent Relationship": "Outer", "Parallel Aware": true, "Async Capable": false, "Scan Direction": "Forward", "Index Name": "catalog_sales_pkey", "Relation Name": "catalog_sales", "Alias": "catalog_sales", "Startup Cost": 0.43, "Total Cost": 1811537.81, "Plan Rows": 2400214, "Plan Width": 12}, {"Node Type": "Memoize", "Parent Relationship": "Inner", "Parallel Aware": false, "Async Capable": false, "Startup Cost": 0.3, "Total Cost": 0.33, "Plan Rows": 1, "Plan Width": 4, "Cache Key": "catalog_sales.cs_sold_date_sk", "Cache Mode": "logical", "Plans": [{"Node Type": "Index Scan", "Parent Relationship": "Outer", "Parallel Aware": false, "Async Capable": false, "Scan Direction": "Forward", "Index Name": "date_dim_pkey", "Relation Name": "date_dim", "Alias": "d3", "Startup Cost": 0.29, "Total Cost": 0.32, "Plan Rows": 1, "Plan Width": 4, "Index Cond": "(d_date_sk = catalog_sales.cs_sold_date_sk)", "Filter": "((d_moy >= 4) AND (d_moy <= 10) AND (d_year = 1998))"}]}]}]}, {"Node Type": "Materialize", "Parent Relationship": "Inner", "Parallel Aware": false, "Async Capable": false, "Startup Cost": 0.0, "Total Cost": 5334.52, "Plan Rows": 6420, "Plan Width": 8, "Plans": [{"Node Type": "Nested Loop", "Parent Relationship": "Outer", "Parallel Aware": false, "Async Capable": false, "Join Type": "Inner", "Startup Cost": 0.0, "Total Cost": 5302.42, "Plan Rows": 6420, "Plan Width": 8, "Inner Unique": false, "Plans": [{"Node Type": "Seq Scan", "Parent Relationship": "Outer", "Parallel Aware": false, "Async Capable": false, "Relation Name": "date_dim", "Alias": "d2", "Startup Cost": 0.0, "Total Cost": 2702.36, "Plan Rows": 214, "Plan Width": 4, "Filter": "((d_moy >= 4) AND (d_moy <= 10) AND (d_year = 1998))"}, {"Node Type": "Materialize", "Parent Relationship": "Inner", "Parallel Aware": false, "Async Capable": false, "Startup Cost": 0.0, "Total Cost": 2519.88, "Plan Rows": 30, "Plan Width": 4, "Plans": [{"Node Type": "Seq Scan", "Parent Relationship": "Outer", "Parallel Aware": false, "Async Capable": false, "Relation Name": "date_dim", "Alias": "d1", "Startup Cost": 0.0, "Total Cost": 2519.73, "Plan Rows": 30, "Plan Width": 4, "Filter": "((d_moy = 4) AND (d_year = 1998))"}]}]}]}]}]}]}]}}, {"Plan": {"Node Type": "Aggregate", "Strategy": "Plain", "Partial Mode": "Simple", "Parallel Aware": false, "Async Capable": false, "Startup Cost": 495910.45, "Total Cost": 495910.46, "Plan Rows": 1, "Plan Width": 8, "Actual Rows": 1, "Actual Loops": 1, "Plans": [{"Node Type": "Nested Loop", "Parent Relationship": "Outer", "Parallel Aware": false, "Async Capable": false, "Join Type": "Inner", "Startup Cost": 66924.61, "Total Cost": 495910.45, "Plan Rows": 1, "Plan Width": 0, "Actual Rows": 0, "Actual Loops": 1, "Inner Unique": false, "Join Filter": "((d2.d_date_sk = store_returns.sr_returned_date_sk) AND (d3.d_date_sk = catalog_sales.cs_sold_date_sk))", "Rows Removed by Join Filter": 503756, "Plans": [{"Node Type": "Nested Loop", "Parent Relationship": "Outer", "Parallel Aware": false, "Async Capable": false, "Join Type": "Inner", "Startup Cost": 0.0, "Total Cost": 5977.7, "Plan Rows": 45796, "Plan Width": 8, "Actual Rows": 45796, "Actual Loops": 1, "Inner Unique": false, "Plans": [{"Node Type": "Seq Scan", "Parent Relationship": "Outer", "Parallel Aware": false, "Async Capable": false, "Relation Name": "date_dim", "Alias": "d2", "Startup Cost": 0.0, "Total Cost": 2702.36, "Plan Rows": 214, "Plan Width": 4, "Actual Rows": 214, "Actual Loops": 1, "Filter": "((d_moy >= 4) AND (d_moy <= 10) AND (d_year = 1998))", "Rows Removed by Filter": 72835}, {"Node Type": "Materialize", "Parent Relationship": "Inner", "Parallel Aware": false, "Async Capable": false, "Startup Cost": 0.0, "Total Cost": 2703.43, "Plan Rows": 214, "Plan Width": 4, "Actual Rows": 214, "Actual Loops": 214, "Plans": [{"Node Type": "Seq Scan", "Parent Relationship": "Outer", "Parallel Aware": false, "Async Capable": false, "Relation Name": "date_dim", "Alias": "d3", "Startup Cost": 0.0, "Total Cost": 2702.36, "Plan Rows": 214, "Plan Width": 4, "Actual Rows": 214, "Actual Loops": 1, "Filter": "((d_moy >= 4) AND (d_moy <= 10) AND (d_year = 1998))", "Rows Removed by Filter": 72835}]}]}, {"Node Type": "Materialize", "Parent Relationship": "Inner", "Parallel Aware": false, "Async Capable": false, "Startup Cost": 66924.61, "Total Cost": 489131.32, "Plan Rows": 1, "Plan Width": 8, "Actual Rows": 11, "Actual Loops": 45796, "Plans": [{"Node Type": "Nested Loop", "Parent Relationship": "Outer", "Parallel Aware": false, "Async Capable": false, "Join Type": "Inner", "Startup Cost": 66924.61, "Total Cost": 489131.32, "Plan Rows": 1, "Plan Width": 8, "Actual Rows": 11, "Actual Loops": 1, "Inner Unique": true, "Plans": [{"Node Type": "Nested Loop", "Parent Relationship": "Outer", "Parallel Aware": false, "Async Capable": false, "Join Type": "Inner", "Startup Cost": 66924.32, "Total Cost": 489131.01, "Plan Rows": 1, "Plan Width": 20, "Actual Rows": 11, "Actual Loops": 1, "Inner Unique": true, "Plans": [{"Node Type": "Nested Loop", "Parent Relationship": "Outer", "Parallel Aware": false, "Async Capable": false, "Join Type": "Inner", "Startup Cost": 66924.18, "Total Cost": 489130.85, "Plan Rows": 1, "Plan Width": 24, "Actual Rows": 11, "Actual Loops": 1, "Inner Unique": true, "Plans": [{"Node Type": "Gather", "Parent Relationship": "Outer", "Parallel Aware": false, "Async Capable": false, "Startup Cost": 66923.89, "Total Cost": 489130.53, "Plan Rows": 1, "Plan Width": 28, "Actual Rows": 744, "Actual Loops": 1, "Workers Planned": 6, "Workers Launched": 6, "Single Copy": false, "Plans": [{"Node Type": "Nested Loop", "Parent Relationship": "Outer", "Parallel Aware": false, "Async Capable": false, "Join Type": "Inner", "Startup Cost": 65923.89, "Total Cost": 488130.43, "Plan Rows": 1, "Plan Width": 28, "Actual Rows": 106, "Actual Loops": 7, "Inner Unique": true, "Workers": [], "Plans": [{"Node Type": "Hash Join", "Parent Relationship": "Outer", "Parallel Aware": true, "Async Capable": false, "Join Type": "Inner", "Startup Cost": 65923.45, "Total Cost": 487888.18, "Plan Rows": 180, "Plan Width": 28, "Actual Rows": 140, "Actual Loops": 7, "Inner Unique": false, "Hash Cond": "((catalog_sales.cs_item_sk = store_returns.sr_item_sk) AND (catalog_sales.cs_bill_customer_sk = store_returns.sr_customer_sk))", "Workers": [], "Plans": [{"Node Type": "Seq Scan", "Parent Relationship": "Outer", "Parallel Aware": true, "Async Capable": false, "Relation Name": "catalog_sales", "Alias": "catalog_sales", "Startup Cost": 0.0, "Total Cost": 397962.14, "Plan Rows": 2400214, "Plan Width": 12, "Actual Rows": 2057323, "Actual Loops": 7, "Workers": []}, {"Node Type": "Hash", "Parent Relationship": "Inner", "Parallel Aware": true, "Async Capable": false, "Startup Cost": 55140.58, "Total Cost": 55140.58, "Plan Rows": 718858, "Plan Width": 16, "Actual Rows": 410776, "Actual Loops": 7, "Hash Buckets": 4194304, "Original Hash Buckets": 4194304, "Hash Batches": 1, "Original Hash Batches": 1, "Peak Memory Usage": 163072, "Workers": [], "Plans": [{"Node Type": "Seq Scan", "Parent Relationship": "Outer", "Parallel Aware": true, "Async Capable": false, "Relation Name": "store_returns", "Alias": "store_returns", "Startup Cost": 0.0, "Total Cost": 55140.58, "Plan Rows": 718858, "Plan Width": 16, "Actual Rows": 410776, "Actual Loops": 7, "Workers": []}]}]}, {"Node Type": "Index Scan", "Parent Relationship": "Inner", "Parallel Aware": false, "Async Capable": false, "Scan Direction": "Forward", "Index Name": "store_sales_pkey", "Relation Name": "store_sales", "Alias": "store_sales", "Startup Cost": 0.44, "Total Cost": 1.34, "Plan Rows": 1, "Plan Width": 20, "Actual Rows": 1, "Actual Loops": 981, "Index Cond": "((ss_item_sk = store_returns.sr_item_sk) AND (ss_ticket_number = store_returns.sr_ticket_number))", "Rows Removed by Index Recheck": 0, "Filter": "(store_returns.sr_customer_sk = ss_customer_sk)", "Rows Removed by Filter": 0, "Workers": []}]}]}, {"Node Type": "Index Scan", "Parent Relationship": "Inner", "Parallel Aware": false, "Async Capable": false, "Scan Direction": "Forward", "Index Name": "date_dim_pkey", "Relation Name": "date_dim", "Alias": "d1", "Startup Cost": 0.29, "Total Cost": 0.32, "Plan Rows": 1, "Plan Width": 4, "Actual Rows": 0, "Actual Loops": 744, "Index Cond": "(d_date_sk = store_sales.ss_sold_date_sk)", "Rows Removed by Index Recheck": 0, "Filter": "((d_moy = 4) AND (d_year = 1998))", "Rows Removed by Filter": 1}]}, {"Node Type": "Index Only Scan", "Parent Relationship": "Inner", "Parallel Aware": false, "Async Capable": false, "Scan Direction": "Forward", "Index Name": "store_pkey", "Relation Name": "store", "Alias": "store", "Startup Cost": 0.14, "Total Cost": 0.16, "Plan Rows": 1, "Plan Width": 4, "Actual Rows": 1, "Actual Loops": 11, "Index Cond": "(s_store_sk = store_sales.ss_store_sk)", "Rows Removed by Index Recheck": 0, "Heap Fetches": 11}]}, {"Node Type": "Index Only Scan", "Parent Relationship": "Inner", "Parallel Aware": false, "Async Capable": false, "Scan Direction": "Forward", "Index Name": "item_pkey", "Relation Name": "item", "Alias": "item", "Startup Cost": 0.29, "Total Cost": 0.31, "Plan Rows": 1, "Plan Width": 4, "Actual Rows": 1, "Actual Loops": 11, "Index Cond": "(i_item_sk = store_sales.ss_item_sk)", "Rows Removed by Index Recheck": 0, "Heap Fetches": 0}]}]}]}]}, "Planning Time": 8.136, "Triggers": [], "Execution Time": 2587.898}, {"Plan": {"Node Type": "Aggregate", "Strategy": "Plain", "Partial Mode": "Simple", "Parallel Aware": false, "Async Capable": false, "Startup Cost": 65302.93, "Total Cost": 65302.94, "Plan Rows": 1, "Plan Width": 8, "Actual Rows": 1, "Actual Loops": 1, "Plans": [{"Node Type": "Gather", "Parent Relationship": "Outer", "Parallel Aware": false, "Async Capable": false, "Startup Cost": 63044.33, "Total Cost": 65302.93, "Plan Rows": 1, "Plan Width": 0, "Actual Rows": 0, "Actual Loops": 1, "Workers Planned": 2, "Workers Launched": 2, "Single Copy": false, "Plans": [{"Node Type": "Hash Join", "Parent Relationship": "Outer", "Parallel Aware": true, "Async Capable": false, "Join Type": "Inner", "Startup Cost": 62044.33, "Total Cost": 64302.83, "Plan Rows": 1, "Plan Width": 0, "Actual Rows": 0, "Actual Loops": 3, "Inner Unique": false, "Hash Cond": "(item.i_item_sk = store_sales.ss_item_sk)", "Workers": [], "Plans": [{"Node Type": "Index Only Scan", "Parent Relationship": "Outer", "Parallel Aware": true, "Async Capable": false, "Scan Direction": "Forward", "Index Name": "item_pkey", "Relation Name": "item", "Alias": "item", "Startup Cost": 0.29, "Total Cost": 2099.4, "Plan Rows": 42500, "Plan Width": 4, "Actual Rows": 0, "Actual Loops": 0, "Heap Fetches": 0, "Workers": []}, {"Node Type": "Hash", "Parent Relationship": "Inner", "Parallel Aware": true, "Async Capable": false, "Startup Cost": 62044.03, "Total Cost": 62044.03, "Plan Rows": 1, "Plan Width": 12, "Actual Rows": 0, "Actual Loops": 3, "Hash Buckets": 1024, "Original Hash Buckets": 1024, "Hash Batches": 1, "Original Hash Batches": 1, "Peak Memory Usage": 0, "Workers": [], "Plans": [{"Node Type": "Nested Loop", "Parent Relationship": "Outer", "Parallel Aware": false, "Async Capable": false, "Join Type": "Inner", "Startup Cost": 2179.15, "Total Cost": 62044.03, "Plan Rows": 1, "Plan Width": 12, "Actual Rows": 0, "Actual Loops": 3, "Inner Unique": true, "Workers": [], "Plans": [{"Node Type": "Nested Loop", "Parent Relationship": "Outer", "Parallel Aware": false, "Async Capable": false, "Join Type": "Inner", "Startup Cost": 2179.01, "Total Cost": 62043.86, "Plan Rows": 1, "Plan Width": 16, "Actual Rows": 0, "Actual Loops": 3, "Inner Unique": true, "Workers": [], "Plans": [{"Node Type": "Nested Loop", "Parent Relationship": "Outer", "Parallel Aware": false, "Async Capable": false, "Join Type": "Inner", "Startup Cost": 2178.71, "Total Cost": 62043.55, "Plan Rows": 1, "Plan Width": 20, "Actual Rows": 4, "Actual Loops": 3, "Inner Unique": true, "Workers": [], "Plans": [{"Node Type": "Nested Loop", "Parent Relationship": "Outer", "Parallel Aware": false, "Async Capable": false, "Join Type": "Inner", "Startup Cost": 2178.42, "Total Cost": 62043.23, "Plan Rows": 1, "Plan Width": 24, "Actual Rows": 19, "Actual Loops": 3, "Inner Unique": false, "Workers": [], "Plans": [{"Node Type": "Nested Loop", "Parent Relationship": "Outer", "Parallel Aware": false, "Async Capable": false, "Join Type": "Inner", "Startup Cost": 2177.99, "Total Cost": 62039.63, "Plan Rows": 1, "Plan Width": 24, "Actual Rows": 46768, "Actual Loops": 3, "Inner Unique": true, "Workers": [], "Plans": [{"Node Type": "Hash Join", "Parent Relationship": "Outer", "Parallel Aware": true, "Async Capable": false, "Join Type": "Inner", "Startup Cost": 2177.55, "Total Cost": 59205.23, "Plan Rows": 2106, "Plan Width": 12, "Actual Rows": 63088, "Actual Loops": 3, "Inner Unique": true, "Hash Cond": "(store_returns.sr_returned_date_sk = d2.d_date_sk)", "Workers": [], "Plans": [{"Node Type": "Seq Scan", "Parent Relationship": "Outer", "Parallel Aware": true, "Async Capable": false, "Relation Name": "store_returns", "Alias": "store_returns", "Startup Cost": 0.0, "Total Cost": 55140.58, "Plan Rows": 718858, "Plan Width": 16, "Actual Rows": 958477, "Actual Loops": 3, "Workers": []}, {"Node Type": "Hash", "Parent Relationship": "Inner", "Parallel Aware": true, "Async Capable": false, "Startup Cost": 2175.97, "Total Cost": 2175.97, "Plan Rows": 126, "Plan Width": 4, "Actual Rows": 71, "Actual Loops": 3, "Hash Buckets": 1024, "Original Hash Buckets": 1024, "Hash Batches": 1, "Original Hash Batches": 1, "Peak Memory Usage": 40, "Workers": [], "Plans": [{"Node Type": "Seq Scan", "Parent Relationship": "Outer", "Parallel Aware": true, "Async Capable": false, "Relation Name": "date_dim", "Alias": "d2", "Startup Cost": 0.0, "Total Cost": 2175.97, "Plan Rows": 126, "Plan Width": 4, "Actual Rows": 71, "Actual Loops": 3, "Filter": "((d_moy >= 4) AND (d_moy <= 10) AND (d_year = 1998))", "Rows Removed by Filter": 24278, "Workers": []}]}]}, {"Node Type": "Index Scan", "Parent Relationship": "Inner", "Parallel Aware": false, "Async Capable": false, "Scan Direction": "Forward", "Index Name": "store_sales_pkey", "Relation Name": "store_sales", "Alias": "store_sales", "Startup Cost": 0.44, "Total Cost": 1.34, "Plan Rows": 1, "Plan Width": 20, "Actual Rows": 1, "Actual Loops": 189263, "Index Cond": "((ss_item_sk = store_returns.sr_item_sk) AND (ss_ticket_number = store_returns.sr_ticket_number))", "Rows Removed by Index Recheck": 0, "Filter": "(store_returns.sr_customer_sk = ss_customer_sk)", "Rows Removed by Filter": 0, "Workers": []}]}, {"Node Type": "Index Scan", "Parent Relationship": "Inner", "Parallel Aware": false, "Async Capable": false, "Scan Direction": "Forward", "Index Name": "catalog_sales_pkey", "Relation Name": "catalog_sales", "Alias": "catalog_sales", "Startup Cost": 0.43, "Total Cost": 3.59, "Plan Rows": 1, "Plan Width": 12, "Actual Rows": 0, "Actual Loops": 140303, "Index Cond": "(cs_item_sk = store_sales.ss_item_sk)", "Rows Removed by Index Recheck": 0, "Filter": "(cs_bill_customer_sk = store_sales.ss_customer_sk)", "Rows Removed by Filter": 188, "Workers": []}]}, {"Node Type": "Index Scan", "Parent Relationship": "Inner", "Parallel Aware": false, "Async Capable": false, "Scan Direction": "Forward", "Index Name": "date_dim_pkey", "Relation Name": "date_dim", "Alias": "d1", "Startup Cost": 0.29, "Total Cost": 0.32, "Plan Rows": 1, "Plan Width": 4, "Actual Rows": 0, "Actual Loops": 57, "Index Cond": "(d_date_sk = store_sales.ss_sold_date_sk)", "Rows Removed by Index Recheck": 0, "Filter": "((d_moy = 4) AND (d_year = 1998))", "Rows Removed by Filter": 1, "Workers": []}]}, {"Node Type": "Index Scan", "Parent Relationship": "Inner", "Parallel Aware": false, "Async Capable": false, "Scan Direction": "Forward", "Index Name": "date_dim_pkey", "Relation Name": "date_dim", "Alias": "d3", "Startup Cost": 0.29, "Total Cost": 0.32, "Plan Rows": 1, "Plan Width": 4, "Actual Rows": 0, "Actual Loops": 11, "Index Cond": "(d_date_sk = catalog_sales.cs_sold_date_sk)", "Rows Removed by Index Recheck": 0, "Filter": "((d_moy >= 4) AND (d_moy <= 10) AND (d_year = 1998))", "Rows Removed by Filter": 1, "Workers": []}]}, {"Node Type": "Index Only Scan", "Parent Relationship": "Inner", "Parallel Aware": false, "Async Capable": false, "Scan Direction": "Forward", "Index Name": "store_pkey", "Relation Name": "store", "Alias": "store", "Startup Cost": 0.14, "Total Cost": 0.16, "Plan Rows": 1, "Plan Width": 4, "Actual Rows": 0, "Actual Loops": 0, "Index Cond": "(s_store_sk = store_sales.ss_store_sk)", "Rows Removed by Index Recheck": 0, "Heap Fetches": 0, "Workers": []}]}]}]}]}]}, "Planning Time": 12.61, "Triggers": [], "Execution Time": 53821.865}, {"Plan": {"Node Type": "Aggregate", "Strategy": "Plain", "Partial Mode": "Simple", "Parallel Aware": false, "Async Capable": false, "Startup Cost": 65112.76, "Total Cost": 65112.77, "Plan Rows": 1, "Plan Width": 8, "Actual Rows": 1, "Actual Loops": 1, "Plans": [{"Node Type": "Gather", "Parent Relationship": "Outer", "Parallel Aware": false, "Async Capable": false, "Startup Cost": 63044.03, "Total Cost": 65112.76, "Plan Rows": 1, "Plan Width": 0, "Actual Rows": 0, "Actual Loops": 1, "Workers Planned": 1, "Workers Launched": 1, "Single Copy": false, "Plans": [{"Node Type": "Hash Join", "Parent Relationship": "Outer", "Parallel Aware": true, "Async Capable": false, "Join Type": "Inner", "Startup Cost": 62044.03, "Total Cost": 64112.66, "Plan Rows": 1, "Plan Width": 0, "Actual Rows": 0, "Actual Loops": 2, "Inner Unique": false, "Hash Cond": "(d1.d_date_sk = store_sales.ss_sold_date_sk)", "Workers": [], "Plans": [{"Node Type": "Seq Scan", "Parent Relationship": "Outer", "Parallel Aware": true, "Async Capable": false, "Relation Name": "date_dim", "Alias": "d1", "Startup Cost": 0.0, "Total Cost": 2068.55, "Plan Rows": 18, "Plan Width": 4, "Actual Rows": 15, "Actual Loops": 2, "Filter": "((d_moy = 4) AND (d_year = 1998))", "Rows Removed by Filter": 36510, "Workers": []}, {"Node Type": "Hash", "Parent Relationship": "Inner", "Parallel Aware": true, "Async Capable": false, "Startup Cost": 62044.02, "Total Cost": 62044.02, "Plan Rows": 1, "Plan Width": 4, "Actual Rows": 2, "Actual Loops": 2, "Hash Buckets": 1024, "Original Hash Buckets": 1024, "Hash Batches": 1, "Original Hash Batches": 1, "Peak Memory Usage": 72, "Workers": [], "Plans": [{"Node Type": "Nested Loop", "Parent Relationship": "Outer", "Parallel Aware": false, "Async Capable": false, "Join Type": "Inner", "Startup Cost": 2179.15, "Total Cost": 62044.02, "Plan Rows": 1, "Plan Width": 4, "Actual Rows": 2, "Actual Loops": 2, "Inner Unique": true, "Workers": [], "Plans": [{"Node Type": "Nested Loop", "Parent Relationship": "Outer", "Parallel Aware": false, "Async Capable": false, "Join Type": "Inner", "Startup Cost": 2178.86, "Total Cost": 62043.71, "Plan Rows": 1, "Plan Width": 16, "Actual Rows": 2, "Actual Loops": 2, "Inner Unique": true, "Workers": [], "Plans": [{"Node Type": "Nested Loop", "Parent Relationship": "Outer", "Parallel Aware": false, "Async Capable": false, "Join Type": "Inner", "Startup Cost": 2178.71, "Total Cost": 62043.55, "Plan Rows": 1, "Plan Width": 20, "Actual Rows": 2, "Actual Loops": 2, "Inner Unique": true, "Workers": [], "Plans": [{"Node Type": "Nested Loop", "Parent Relationship": "Outer", "Parallel Aware": false, "Async Capable": false, "Join Type": "Inner", "Startup Cost": 2178.42, "Total Cost": 62043.23, "Plan Rows": 1, "Plan Width": 24, "Actual Rows": 28, "Actual Loops": 2, "Inner Unique": false, "Workers": [], "Plans": [{"Node Type": "Nested Loop", "Parent Relationship": "Outer", "Parallel Aware": false, "Async Capable": false, "Join Type": "Inner", "Startup Cost": 2177.99, "Total Cost": 62039.63, "Plan Rows": 1, "Plan Width": 24, "Actual Rows": 70152, "Actual Loops": 2, "Inner Unique": true, "Workers": [], "Plans": [{"Node Type": "Hash Join", "Parent Relationship": "Outer", "Parallel Aware": true, "Async Capable": false, "Join Type": "Inner", "Startup Cost": 2177.55, "Total Cost": 59205.23, "Plan Rows": 2106, "Plan Width": 12, "Actual Rows": 94632, "Actual Loops": 2, "Inner Unique": true, "Hash Cond": "(store_returns.sr_returned_date_sk = d2.d_date_sk)", "Workers": [], "Plans": [{"Node Type": "Seq Scan", "Parent Relationship": "Outer", "Parallel Aware": true, "Async Capable": false, "Relation Name": "store_returns", "Alias": "store_returns", "Startup Cost": 0.0, "Total Cost": 55140.58, "Plan Rows": 718858, "Plan Width": 16, "Actual Rows": 1437716, "Actual Loops": 2, "Workers": []}, {"Node Type": "Hash", "Parent Relationship": "Inner", "Parallel Aware": true, "Async Capable": false, "Startup Cost": 2175.97, "Total Cost": 2175.97, "Plan Rows": 126, "Plan Width": 4, "Actual Rows": 107, "Actual Loops": 2, "Hash Buckets": 1024, "Original Hash Buckets": 1024, "Hash Batches": 1, "Original Hash Batches": 1, "Peak Memory Usage": 40, "Workers": [], "Plans": [{"Node Type": "Seq Scan", "Parent Relationship": "Outer", "Parallel Aware": true, "Async Capable": false, "Relation Name": "date_dim", "Alias": "d2", "Startup Cost": 0.0, "Total Cost": 2175.97, "Plan Rows": 126, "Plan Width": 4, "Actual Rows": 107, "Actual Loops": 2, "Filter": "((d_moy >= 4) AND (d_moy <= 10) AND (d_year = 1998))", "Rows Removed by Filter": 36418, "Workers": []}]}]}, {"Node Type": "Index Scan", "Parent Relationship": "Inner", "Parallel Aware": false, "Async Capable": false, "Scan Direction": "Forward", "Index Name": "store_sales_pkey", "Relation Name": "store_sales", "Alias": "store_sales", "Startup Cost": 0.44, "Total Cost": 1.34, "Plan Rows": 1, "Plan Width": 20, "Actual Rows": 1, "Actual Loops": 189263, "Index Cond": "((ss_item_sk = store_returns.sr_item_sk) AND (ss_ticket_number = store_returns.sr_ticket_number))", "Rows Removed by Index Recheck": 0, "Filter": "(store_returns.sr_customer_sk = ss_customer_sk)", "Rows Removed by Filter": 0, "Workers": []}]}, {"Node Type": "Index Scan", "Parent Relationship": "Inner", "Parallel Aware": false, "Async Capable": false, "Scan Direction": "Forward", "Index Name": "catalog_sales_pkey", "Relation Name": "catalog_sales", "Alias": "catalog_sales", "Startup Cost": 0.43, "Total Cost": 3.59, "Plan Rows": 1, "Plan Width": 12, "Actual Rows": 0, "Actual Loops": 140303, "Index Cond": "(cs_item_sk = store_sales.ss_item_sk)", "Rows Removed by Index Recheck": 0, "Filter": "(cs_bill_customer_sk = store_sales.ss_customer_sk)", "Rows Removed by Filter": 188, "Workers": []}]}, {"Node Type": "Index Scan", "Parent Relationship": "Inner", "Parallel Aware": false, "Async Capable": false, "Scan Direction": "Forward", "Index Name": "date_dim_pkey", "Relation Name": "date_dim", "Alias": "d3", "Startup Cost": 0.29, "Total Cost": 0.32, "Plan Rows": 1, "Plan Width": 4, "Actual Rows": 0, "Actual Loops": 57, "Index Cond": "(d_date_sk = catalog_sales.cs_sold_date_sk)", "Rows Removed by Index Recheck": 0, "Filter": "((d_moy >= 4) AND (d_moy <= 10) AND (d_year = 1998))", "Rows Removed by Filter": 1, "Workers": []}]}, {"Node Type": "Index Only Scan", "Parent Relationship": "Inner", "Parallel Aware": false, "Async Capable": false, "Scan Direction": "Forward", "Index Name": "store_pkey", "Relation Name": "store", "Alias": "store", "Startup Cost": 0.14, "Total Cost": 0.16, "Plan Rows": 1, "Plan Width": 4, "Actual Rows": 1, "Actual Loops": 5, "Index Cond": "(s_store_sk = store_sales.ss_store_sk)", "Rows Removed by Index Recheck": 0, "Heap Fetches": 4, "Workers": []}]}, {"Node Type": "Index Only Scan", "Parent Relationship": "Inner", "Parallel Aware": false, "Async Capable": false, "Scan Direction": "Forward", "Index Name": "item_pkey", "Relation Name": "item", "Alias": "item", "Startup Cost": 0.29, "Total Cost": 0.31, "Plan Rows": 1, "Plan Width": 4, "Actual Rows": 1, "Actual Loops": 4, "Index Cond": "(i_item_sk = store_sales.ss_item_sk)", "Rows Removed by Index Recheck": 0, "Heap Fetches": 0, "Workers": []}]}]}]}]}]}, "Planning Time": 13.091, "Triggers": [], "Execution Time": 92639.983}, {"Plan": {"Node Type": "Aggregate", "Strategy": "Plain", "Partial Mode": "Simple", "Parallel Aware": false, "Async Capable": false, "Startup Cost": 2015467.76, "Total Cost": 2015467.77, "Plan Rows": 1, "Plan Width": 8, "Plans": [{"Node Type": "Merge Join", "Parent Relationship": "Outer", "Parallel Aware": false, "Async Capable": false, "Join Type": "Inner", "Startup Cost": 1755863.54, "Total Cost": 2015467.76, "Plan Rows": 1, "Plan Width": 0, "Inner Unique": false, "Merge Cond": "(d1.d_date_sk = store_sales.ss_sold_date_sk)", "Join Filter": "((store_returns.sr_item_sk = item.i_item_sk) AND (store_returns.sr_customer_sk = store_sales.ss_customer_sk) AND (store_sales.ss_ticket_number = store_returns.sr_ticket_number) AND (d3.d_date_sk = catalog_sales.cs_sold_date_sk))", "Plans": [{"Node Type": "Nested Loop", "Parent Relationship": "Outer", "Parallel Aware": false, "Async Capable": false, "Join Type": "Inner", "Startup Cost": 3177.84, "Total Cost": 743574.11, "Plan Rows": 54082080, "Plan Width": 20, "Inner Unique": false, "Plans": [{"Node Type": "Nested Loop", "Parent Relationship": "Outer", "Parallel Aware": false, "Async Capable": false, "Join Type": "Inner", "Startup Cost": 0.29, "Total Cost": 6479.41, "Plan Rows": 6420, "Plan Width": 8, "Inner Unique": false, "Plans": [{"Node Type": "Index Scan", "Parent Relationship": "Outer", "Parallel Aware": false, "Async Capable": false, "Scan Direction": "Forward", "Index Name": "date_dim_pkey", "Relation Name": "date_dim", "Alias": "d1", "Startup Cost": 0.29, "Total Cost": 3696.27, "Plan Rows": 30, "Plan Width": 4, "Filter": "((d_moy = 4) AND (d_year = 1998))"}, {"Node Type": "Materialize", "Parent Relationship": "Inner", "Parallel Aware": false, "Async Capable": false, "Startup Cost": 0.0, "Total Cost": 2703.43, "Plan Rows": 214, "Plan Width": 4, "Plans": [{"Node Type": "Seq Scan", "Parent Relationship": "Outer", "Parallel Aware": false, "Async Capable": false, "Relation Name": "date_dim", "Alias": "d3", "Startup Cost": 0.0, "Total Cost": 2702.36, "Plan Rows": 214, "Plan Width": 4, "Filter": "((d_moy >= 4) AND (d_moy <= 10) AND (d_year = 1998))"}]}]}, {"Node Type": "Materialize", "Parent Relationship": "Inner", "Parallel Aware": false, "Async Capable": false, "Startup Cost": 3177.55, "Total Cost": 61089.75, "Plan Rows": 8424, "Plan Width": 12, "Plans": [{"Node Type": "Gather", "Parent Relationship": "Outer", "Parallel Aware": false, "Async Capable": false, "Startup Cost": 3177.55, "Total Cost": 61047.63, "Plan Rows": 8424, "Plan Width": 12, "Workers Planned": 4, "Single Copy": false, "Plans": [{"Node Type": "Hash Join", "Parent Relationship": "Outer", "Parallel Aware": true, "Async Capable": false, "Join Type": "Inner", "Startup Cost": 2177.55, "Total Cost": 59205.23, "Plan Rows": 2106, "Plan Width": 12, "Inner Unique": true, "Hash Cond": "(store_returns.sr_returned_date_sk = d2.d_date_sk)", "Plans": [{"Node Type": "Seq Scan", "Parent Relationship": "Outer", "Parallel Aware": true, "Async Capable": false, "Relation Name": "store_returns", "Alias": "store_returns", "Startup Cost": 0.0, "Total Cost": 55140.58, "Plan Rows": 718858, "Plan Width": 16}, {"Node Type": "Hash", "Parent Relationship": "Inner", "Parallel Aware": true, "Async Capable": false, "Startup Cost": 2175.97, "Total Cost": 2175.97, "Plan Rows": 126, "Plan Width": 4, "Plans": [{"Node Type": "Seq Scan", "Parent Relationship": "Outer", "Parallel Aware": true, "Async Capable": false, "Relation Name": "date_dim", "Alias": "d2", "Startup Cost": 0.0, "Total Cost": 2175.97, "Plan Rows": 126, "Plan Width": 4, "Filter": "((d_moy >= 4) AND (d_moy <= 10) AND (d_year = 1998))"}]}]}]}]}]}, {"Node Type": "Sort", "Parent Relationship": "Inner", "Parallel Aware": false, "Async Capable": false, "Startup Cost": 1323640.97, "Total Cost": 1323674.58, "Plan Rows": 13446, "Plan Width": 32, "Sort Key": ["store_sales.ss_sold_date_sk"], "Plans": [{"Node Type": "Gather", "Parent Relationship": "Outer", "Parallel Aware": false, "Async Capable": false, "Startup Cost": 443904.12, "Total Cost": 1322718.91, "Plan Rows": 13446, "Plan Width": 32, "Workers Planned": 6, "Single Copy": false, "Plans": [{"Node Type": "Hash Join", "Parent Relationship": "Outer", "Parallel Aware": false, "Async Capable": false, "Join Type": "Inner", "Startup Cost": 442904.12, "Total Cost": 1320374.31, "Plan Rows": 2241, "Plan Width": 32, "Inner Unique": true, "Hash Cond": "(store_sales.ss_store_sk = store.s_store_sk)", "Plans": [{"Node Type": "Hash Join", "Parent Relationship": "Outer", "Parallel Aware": true, "Async Capable": false, "Join Type": "Inner", "Startup Cost": 442896.83, "Total Cost": 1320360.9, "Plan Rows": 2241, "Plan Width": 36, "Inner Unique": false, "Hash Cond": "((store_sales.ss_item_sk = item.i_item_sk) AND (store_sales.ss_customer_sk = catalog_sales.cs_bill_customer_sk))", "Plans": [{"Node Type": "Seq Scan", "Parent Relationship": "Outer", "Parallel Aware": true, "Async Capable": false, "Relation Name": "store_sales", "Alias": "store_sales", "Startup Cost": 0.0, "Total Cost": 565449.69, "Plan Rows": 4800169, "Plan Width": 20}, {"Node Type": "Hash", "Parent Relationship": "Inner", "Parallel Aware": true, "Async Capable": false, "Startup Cost": 406893.62, "Total Cost": 406893.62, "Plan Rows": 2400214, "Plan Width": 16, "Plans": [{"Node Type": "Hash Join", "Parent Relationship": "Outer", "Parallel Aware": true, "Async Capable": false, "Join Type": "Inner", "Startup Cost": 2630.65, "Total Cost": 406893.62, "Plan Rows": 2400214, "Plan Width": 16, "Inner Unique": true, "Hash Cond": "(catalog_sales.cs_item_sk = item.i_item_sk)", "Plans": [{"Node Type": "Seq Scan", "Parent Relationship": "Outer", "Parallel Aware": true, "Async Capable": false, "Relation Name": "catalog_sales", "Alias": "catalog_sales", "Startup Cost": 0.0, "Total Cost": 397962.14, "Plan Rows": 2400214, "Plan Width": 12}, {"Node Type": "Hash", "Parent Relationship": "Inner", "Parallel Aware": true, "Async Capable": false, "Startup Cost": 2099.4, "Total Cost": 2099.4, "Plan Rows": 42500, "Plan Width": 4, "Plans": [{"Node Type": "Index Only Scan", "Parent Relationship": "Outer", "Parallel Aware": true, "Async Capable": false, "Scan Direction": "Forward", "Index Name": "item_pkey", "Relation Name": "item", "Alias": "item", "Startup Cost": 0.29, "Total Cost": 2099.4, "Plan Rows": 42500, "Plan Width": 4}]}]}]}]}, {"Node Type": "Hash", "Parent Relationship": "Inner", "Parallel Aware": false, "Async Capable": false, "Startup Cost": 6.02, "Total Cost": 6.02, "Plan Rows": 102, "Plan Width": 4, "Plans": [{"Node Type": "Seq Scan", "Parent Relationship": "Outer", "Parallel Aware": false, "Async Capable": false, "Relation Name": "store", "Alias": "store", "Startup Cost": 0.0, "Total Cost": 6.02, "Plan Rows": 102, "Plan Width": 4}]}]}]}]}]}]}}, {"Plan": {"Node Type": "Aggregate", "Strategy": "Plain", "Partial Mode": "Finalize", "Parallel Aware": false, "Async Capable": false, "Startup Cost": 515441.45, "Total Cost": 515441.46, "Plan Rows": 1, "Plan Width": 8, "Plans": [{"Node Type": "Gather", "Parent Relationship": "Outer", "Parallel Aware": false, "Async Capable": false, "Startup Cost": 515441.03, "Total Cost": 515441.44, "Plan Rows": 4, "Plan Width": 8, "Workers Planned": 4, "Single Copy": false, "Plans": [{"Node Type": "Aggregate", "Strategy": "Plain", "Partial Mode": "Partial", "Parent Relationship": "Outer", "Parallel Aware": false, "Async Capable": false, "Startup Cost": 514441.03, "Total Cost": 514441.04, "Plan Rows": 1, "Plan Width": 8, "Plans": [{"Node Type": "Hash Join", "Parent Relationship": "Outer", "Parallel Aware": true, "Async Capable": false, "Join Type": "Inner", "Startup Cost": 456736.14, "Total Cost": 514441.03, "Plan Rows": 1, "Plan Width": 0, "Inner Unique": false, "Hash Cond": "((item.i_item_sk = store_sales.ss_item_sk) AND (store_returns.sr_customer_sk = store_sales.ss_customer_sk) AND (store_returns.sr_ticket_number = store_sales.ss_ticket_number))", "Plans": [{"Node Type": "Nested Loop", "Parent Relationship": "Outer", "Parallel Aware": false, "Async Capable": false, "Join Type": "Inner", "Startup Cost": 2177.84, "Total Cost": 59859.02, "Plan Rows": 2106, "Plan Width": 16, "Inner Unique": true, "Plans": [{"Node Type": "Hash Join", "Parent Relationship": "Outer", "Parallel Aware": true, "Async Capable": false, "Join Type": "Inner", "Startup Cost": 2177.55, "Total Cost": 59205.23, "Plan Rows": 2106, "Plan Width": 12, "Inner Unique": true, "Hash Cond": "(store_returns.sr_returned_date_sk = d2.d_date_sk)", "Plans": [{"Node Type": "Seq Scan", "Parent Relationship": "Outer", "Parallel Aware": true, "Async Capable": false, "Relation Name": "store_returns", "Alias": "store_returns", "Startup Cost": 0.0, "Total Cost": 55140.58, "Plan Rows": 718858, "Plan Width": 16}, {"Node Type": "Hash", "Parent Relationship": "Inner", "Parallel Aware": true, "Async Capable": false, "Startup Cost": 2175.97, "Total Cost": 2175.97, "Plan Rows": 126, "Plan Width": 4, "Plans": [{"Node Type": "Seq Scan", "Parent Relationship": "Outer", "Parallel Aware": true, "Async Capable": false, "Relation Name": "date_dim", "Alias": "d2", "Startup Cost": 0.0, "Total Cost": 2175.97, "Plan Rows": 126, "Plan Width": 4, "Filter": "((d_moy >= 4) AND (d_moy <= 10) AND (d_year = 1998))"}]}]}, {"Node Type": "Index Only Scan", "Parent Relationship": "Inner", "Parallel Aware": false, "Async Capable": false, "Scan Direction": "Forward", "Index Name": "item_pkey", "Relation Name": "item", "Alias": "item", "Startup Cost": 0.29, "Total Cost": 0.31, "Plan Rows": 1, "Plan Width": 4, "Index Cond": "(i_item_sk = store_returns.sr_item_sk)"}]}, {"Node Type": "Hash", "Parent Relationship": "Inner", "Parallel Aware": true, "Async Capable": false, "Startup Cost": 454558.28, "Total Cost": 454558.28, "Plan Rows": 1, "Plan Width": 20, "Plans": [{"Node Type": "Nested Loop", "Parent Relationship": "Outer", "Parallel Aware": false, "Async Capable": false, "Join Type": "Inner", "Startup Cost": 2178.42, "Total Cost": 454558.28, "Plan Rows": 1, "Plan Width": 20, "Inner Unique": true, "Plans": [{"Node Type": "Nested Loop", "Parent Relationship": "Outer", "Parallel Aware": false, "Async Capable": false, "Join Type": "Inner", "Startup Cost": 2178.28, "Total Cost": 454558.12, "Plan Rows": 1, "Plan Width": 24, "Inner Unique": true, "Plans": [{"Node Type": "Nested Loop", "Parent Relationship": "Outer", "Parallel Aware": false, "Async Capable": false, "Join Type": "Inner", "Startup Cost": 2177.99, "Total Cost": 454556.23, "Plan Rows": 6, "Plan Width": 28, "Inner Unique": false, "Plans": [{"Node Type": "Hash Join", "Parent Relationship": "Outer", "Parallel Aware": true, "Async Capable": false, "Join Type": "Inner", "Startup Cost": 2177.55, "Total Cost": 406440.62, "Plan Rows": 7032, "Plan Width": 8, "Inner Unique": true, "Hash Cond": "(catalog_sales.cs_sold_date_sk = d3.d_date_sk)", "Plans": [{"Node Type": "Seq Scan", "Parent Relationship": "Outer", "Parallel Aware": true, "Async Capable": false, "Relation Name": "catalog_sales", "Alias": "catalog_sales", "Startup Cost": 0.0, "Total Cost": 397962.14, "Plan Rows": 2400214, "Plan Width": 12}, {"Node Type": "Hash", "Parent Relationship": "Inner", "Parallel Aware": true, "Async Capable": false, "Startup Cost": 2175.97, "Total Cost": 2175.97, "Plan Rows": 126, "Plan Width": 4, "Plans": [{"Node Type": "Seq Scan", "Parent Relationship": "Outer", "Parallel Aware": true, "Async Capable": false, "Relation Name": "date_dim", "Alias": "d3", "Startup Cost": 0.0, "Total Cost": 2175.97, "Plan Rows": 126, "Plan Width": 4, "Filter": "((d_moy >= 4) AND (d_moy <= 10) AND (d_year = 1998))"}]}]}, {"Node Type": "Index Scan", "Parent Relationship": "Inner", "Parallel Aware": false, "Async Capable": false, "Scan Direction": "Forward", "Index Name": "store_sales_pkey", "Relation Name": "store_sales", "Alias": "store_sales", "Startup Cost": 0.44, "Total Cost": 6.83, "Plan Rows": 1, "Plan Width": 20, "Index Cond": "(ss_item_sk = catalog_sales.cs_item_sk)", "Filter": "(catalog_sales.cs_bill_customer_sk = ss_customer_sk)"}]}, {"Node Type": "Index Scan", "Parent Relationship": "Inner", "Parallel Aware": false, "Async Capable": false, "Scan Direction": "Forward", "Index Name": "date_dim_pkey", "Relation Name": "date_dim", "Alias": "d1", "Startup Cost": 0.29, "Total Cost": 0.32, "Plan Rows": 1, "Plan Width": 4, "Index Cond": "(d_date_sk = store_sales.ss_sold_date_sk)", "Filter": "((d_moy = 4) AND (d_year = 1998))"}]}, {"Node Type": "Index Only Scan", "Parent Relationship": "Inner", "Parallel Aware": false, "Async Capable": false, "Scan Direction": "Forward", "Index Name": "store_pkey", "Relation Name": "store", "Alias": "store", "Startup Cost": 0.14, "Total Cost": 0.16, "Plan Rows": 1, "Plan Width": 4, "Index Cond": "(s_store_sk = store_sales.ss_store_sk)"}]}]}]}]}]}]}}, {"Plan": {"Node Type": "Aggregate", "Strategy": "Plain", "Partial Mode": "Simple", "Parallel Aware": false, "Async Capable": false, "Startup Cost": 872975.17, "Total Cost": 872975.18, "Plan Rows": 1, "Plan Width": 8, "Plans": [{"Node Type": "Merge Join", "Parent Relationship": "Outer", "Parallel Aware": false, "Async Capable": false, "Join Type": "Inner", "Startup Cost": 857962.07, "Total Cost": 872975.17, "Plan Rows": 1, "Plan Width": 0, "Inner Unique": false, "Merge Cond": "(d2.d_date_sk = store_returns.sr_returned_date_sk)", "Join Filter": "((catalog_sales.cs_item_sk = item.i_item_sk) AND (catalog_sales.cs_bill_customer_sk = store_sales.ss_customer_sk))", "Plans": [{"Node Type": "Nested Loop", "Parent Relationship": "Outer", "Parallel Aware": false, "Async Capable": false, "Join Type": "Inner", "Startup Cost": 3177.84, "Total Cost": 528499.46, "Plan Rows": 9028446, "Plan Width": 12, "Inner Unique": false, "Plans": [{"Node Type": "Index Scan", "Parent Relationship": "Outer", "Parallel Aware": false, "Async Capable": false, "Scan Direction": "Forward", "Index Name": "date_dim_pkey", "Relation Name": "date_dim", "Alias": "d2", "Startup Cost": 0.29, "Total Cost": 3878.89, "Plan Rows": 214, "Plan Width": 4, "Filter": "((d_moy >= 4) AND (d_moy <= 10) AND (d_year = 1998))"}, {"Node Type": "Materialize", "Parent Relationship": "Inner", "Parallel Aware": false, "Async Capable": false, "Startup Cost": 3177.55, "Total Cost": 411870.46, "Plan Rows": 42189, "Plan Width": 8, "Plans": [{"Node Type": "Gather", "Parent Relationship": "Outer", "Parallel Aware": false, "Async Capable": false, "Startup Cost": 3177.55, "Total Cost": 411659.52, "Plan Rows": 42189, "Plan Width": 8, "Workers Planned": 6, "Single Copy": false, "Plans": [{"Node Type": "Hash Join", "Parent Relationship": "Outer", "Parallel Aware": true, "Async Capable": false, "Join Type": "Inner", "Startup Cost": 2177.55, "Total Cost": 406440.62, "Plan Rows": 7032, "Plan Width": 8, "Inner Unique": true, "Hash Cond": "(catalog_sales.cs_sold_date_sk = d3.d_date_sk)", "Plans": [{"Node Type": "Seq Scan", "Parent Relationship": "Outer", "Parallel Aware": true, "Async Capable": false, "Relation Name": "catalog_sales", "Alias": "catalog_sales", "Startup Cost": 0.0, "Total Cost": 397962.14, "Plan Rows": 2400214, "Plan Width": 12}, {"Node Type": "Hash", "Parent Relationship": "Inner", "Parallel Aware": true, "Async Capable": false, "Startup Cost": 2175.97, "Total Cost": 2175.97, "Plan Rows": 126, "Plan Width": 4, "Plans": [{"Node Type": "Seq Scan", "Parent Relationship": "Outer", "Parallel Aware": true, "Async Capable": false, "Relation Name": "date_dim", "Alias": "d3", "Startup Cost": 0.0, "Total Cost": 2175.97, "Plan Rows": 126, "Plan Width": 4, "Filter": "((d_moy >= 4) AND (d_moy <= 10) AND (d_year = 1998))"}]}]}]}]}]}, {"Node Type": "Materialize", "Parent Relationship": "Inner", "Parallel Aware": false, "Async Capable": false, "Startup Cost": 586271.73, "Total Cost": 586271.74, "Plan Rows": 1, "Plan Width": 24, "Plans": [{"Node Type": "Sort", "Parent Relationship": "Outer", "Parallel Aware": false, "Async Capable": false, "Startup Cost": 586271.73, "Total Cost": 586271.73, "Plan Rows": 1, "Plan Width": 24, "Sort Key": ["store_returns.sr_returned_date_sk"], "Plans": [{"Node Type": "Nested Loop", "Parent Relationship": "Outer", "Parallel Aware": false, "Async Capable": false, "Join Type": "Inner", "Startup Cost": 3069.64, "Total Cost": 586271.72, "Plan Rows": 1, "Plan Width": 24, "Inner Unique": false, "Join Filter": "(store_sales.ss_item_sk = item.i_item_sk)", "Plans": [{"Node Type": "Index Only Scan", "Parent Relationship": "Outer", "Parallel Aware": false, "Async Capable": false, "Scan Direction": "Forward", "Index Name": "item_pkey", "Relation Name": "item", "Alias": "item", "Startup Cost": 0.29, "Total Cost": 2694.4, "Plan Rows": 102000, "Plan Width": 4}, {"Node Type": "Materialize", "Parent Relationship": "Inner", "Parallel Aware": false, "Async Capable": false, "Startup Cost": 3069.35, "Total Cost": 582047.32, "Plan Rows": 1, "Plan Width": 20, "Plans": [{"Node Type": "Nested Loop", "Parent Relationship": "Outer", "Parallel Aware": false, "Async Capable": false, "Join Type": "Inner", "Startup Cost": 3069.35, "Total Cost": 582047.31, "Plan Rows": 1, "Plan Width": 20, "Inner Unique": true, "Plans": [{"Node Type": "Gather", "Parent Relationship": "Outer", "Parallel Aware": false, "Async Capable": false, "Startup Cost": 3069.2, "Total Cost": 582047.15, "Plan Rows": 1, "Plan Width": 24, "Workers Planned": 6, "Single Copy": false, "Plans": [{"Node Type": "Nested Loop", "Parent Relationship": "Outer", "Parallel Aware": false, "Async Capable": false, "Join Type": "Inner", "Startup Cost": 2069.2, "Total Cost": 581047.05, "Plan Rows": 1, "Plan Width": 24, "Inner Unique": true, "Plans": [{"Node Type": "Hash Join", "Parent Relationship": "Outer", "Parallel Aware": true, "Async Capable": false, "Join Type": "Inner", "Startup Cost": 2068.78, "Total Cost": 580119.61, "Plan Rows": 1971, "Plan Width": 16, "Inner Unique": true, "Hash Cond": "(store_sales.ss_sold_date_sk = d1.d_date_sk)", "Plans": [{"Node Type": "Seq Scan", "Parent Relationship": "Outer", "Parallel Aware": true, "Async Capable": false, "Relation Name": "store_sales", "Alias": "store_sales", "Startup Cost": 0.0, "Total Cost": 565449.69, "Plan Rows": 4800169, "Plan Width": 20}, {"Node Type": "Hash", "Parent Relationship": "Inner", "Parallel Aware": true, "Async Capable": false, "Startup Cost": 2068.55, "Total Cost": 2068.55, "Plan Rows": 18, "Plan Width": 4, "Plans": [{"Node Type": "Seq Scan", "Parent Relationship": "Outer", "Parallel Aware": true, "Async Capable": false, "Relation Name": "date_dim", "Alias": "d1", "Startup Cost": 0.0, "Total Cost": 2068.55, "Plan Rows": 18, "Plan Width": 4, "Filter": "((d_moy = 4) AND (d_year = 1998))"}]}]}, {"Node Type": "Index Scan", "Parent Relationship": "Inner", "Parallel Aware": false, "Async Capable": false, "Scan Direction": "Forward", "Index Name": "store_returns_pkey", "Relation Name": "store_returns", "Alias": "store_returns", "Startup Cost": 0.43, "Total Cost": 0.46, "Plan Rows": 1, "Plan Width": 16, "Index Cond": "((sr_item_sk = store_sales.ss_item_sk) AND (sr_ticket_number = store_sales.ss_ticket_number))", "Filter": "(sr_customer_sk = store_sales.ss_customer_sk)"}]}]}, {"Node Type": "Index Only Scan", "Parent Relationship": "Inner", "Parallel Aware": false, "Async Capable": false, "Scan Direction": "Forward", "Index Name": "store_pkey", "Relation Name": "store", "Alias": "store", "Startup Cost": 0.14, "Total Cost": 0.16, "Plan Rows": 1, "Plan Width": 4, "Index Cond": "(s_store_sk = store_sales.ss_store_sk)"}]}]}]}]}]}]}]}}, {"Plan": {"Node Type": "Aggregate", "Strategy": "Plain", "Partial Mode": "Simple", "Parallel Aware": false, "Async Capable": false, "Startup Cost": 499641.68, "Total Cost": 499641.69, "Plan Rows": 1, "Plan Width": 8, "Actual Rows": 1, "Actual Loops": 1, "Plans": [{"Node Type": "Gather", "Parent Relationship": "Outer", "Parallel Aware": false, "Async Capable": false, "Startup Cost": 68376.2, "Total Cost": 499641.68, "Plan Rows": 1, "Plan Width": 0, "Actual Rows": 0, "Actual Loops": 1, "Workers Planned": 6, "Workers Launched": 6, "Single Copy": false, "Plans": [{"Node Type": "Hash Join", "Parent Relationship": "Outer", "Parallel Aware": true, "Async Capable": false, "Join Type": "Inner", "Startup Cost": 67376.2, "Total Cost": 498641.58, "Plan Rows": 1, "Plan Width": 0, "Actual Rows": 0, "Actual Loops": 7, "Inner Unique": false, "Hash Cond": "((item.i_item_sk = store_sales.ss_item_sk) AND (catalog_sales.cs_bill_customer_sk = store_sales.ss_customer_sk) AND (catalog_sales.cs_sold_date_sk = d3.d_date_sk))", "Workers": [], "Plans": [{"Node Type": "Hash Join", "Parent Relationship": "Outer", "Parallel Aware": true, "Async Capable": false, "Join Type": "Inner", "Startup Cost": 2630.65, "Total Cost": 406893.62, "Plan Rows": 2400214, "Plan Width": 16, "Actual Rows": 2057323, "Actual Loops": 7, "Inner Unique": true, "Hash Cond": "(catalog_sales.cs_item_sk = item.i_item_sk)", "Workers": [], "Plans": [{"Node Type": "Seq Scan", "Parent Relationship": "Outer", "Parallel Aware": true, "Async Capable": false, "Relation Name": "catalog_sales", "Alias": "catalog_sales", "Startup Cost": 0.0, "Total Cost": 397962.14, "Plan Rows": 2400214, "Plan Width": 12, "Actual Rows": 2057323, "Actual Loops": 7, "Workers": []}, {"Node Type": "Hash", "Parent Relationship": "Inner", "Parallel Aware": true, "Async Capable": false, "Startup Cost": 2099.4, "Total Cost": 2099.4, "Plan Rows": 42500, "Plan Width": 4, "Actual Rows": 14571, "Actual Loops": 7, "Hash Buckets": 131072, "Original Hash Buckets": 131072, "Hash Batches": 1, "Original Hash Batches": 1, "Peak Memory Usage": 5152, "Workers": [], "Plans": [{"Node Type": "Index Only Scan", "Parent Relationship": "Outer", "Parallel Aware": true, "Async Capable": false, "Scan Direction": "Forward", "Index Name": "item_pkey", "Relation Name": "item", "Alias": "item", "Startup Cost": 0.29, "Total Cost": 2099.4, "Plan Rows": 42500, "Plan Width": 4, "Actual Rows": 14571, "Actual Loops": 7, "Heap Fetches": 0, "Workers": []}]}]}, {"Node Type": "Hash", "Parent Relationship": "Inner", "Parallel Aware": true, "Async Capable": false, "Startup Cost": 64744.6, "Total Cost": 64744.6, "Plan Rows": 54, "Plan Width": 20, "Actual Rows": 573306, "Actual Loops": 7, "Hash Buckets": 4194304, "Original Hash Buckets": 1024, "Hash Batches": 1, "Original Hash Batches": 1, "Peak Memory Usage": 285496, "Workers": [], "Plans": [{"Node Type": "Nested Loop", "Parent Relationship": "Outer", "Parallel Aware": false, "Async Capable": false, "Join Type": "Inner", "Startup Cost": 2178.42, "Total Cost": 64744.6, "Plan Rows": 54, "Plan Width": 20, "Actual Rows": 573306, "Actual Loops": 7, "Inner Unique": false, "Workers": [], "Plans": [{"Node Type": "Nested Loop", "Parent Relationship": "Outer", "Parallel Aware": false, "Async Capable": false, "Join Type": "Inner", "Startup Cost": 2178.42, "Total Cost": 62040.1, "Plan Rows": 1, "Plan Width": 16, "Actual Rows": 2679, "Actual Loops": 7, "Inner Unique": true, "Workers": [], "Plans": [{"Node Type": "Nested Loop", "Parent Relationship": "Outer", "Parallel Aware": false, "Async Capable": false, "Join Type": "Inner", "Startup Cost": 2178.28, "Total Cost": 62039.94, "Plan Rows": 1, "Plan Width": 20, "Actual Rows": 2716, "Actual Loops": 7, "Inner Unique": true, "Workers": [], "Plans": [{"Node Type": "Nested Loop", "Parent Relationship": "Outer", "Parallel Aware": false, "Async Capable": false, "Join Type": "Inner", "Startup Cost": 2177.99, "Total Cost": 62039.63, "Plan Rows": 1, "Plan Width": 24, "Actual Rows": 20043, "Actual Loops": 7, "Inner Unique": true, "Workers": [], "Plans": [{"Node Type": "Hash Join", "Parent Relationship": "Outer", "Parallel Aware": true, "Async Capable": false, "Join Type": "Inner", "Startup Cost": 2177.55, "Total Cost": 59205.23, "Plan Rows": 2106, "Plan Width": 12, "Actual Rows": 27038, "Actual Loops": 7, "Inner Unique": true, "Hash Cond": "(store_returns.sr_returned_date_sk = d2.d_date_sk)", "Workers": [], "Plans": [{"Node Type": "Seq Scan", "Parent Relationship": "Outer", "Parallel Aware": true, "Async Capable": false, "Relation Name": "store_returns", "Alias": "store_returns", "Startup Cost": 0.0, "Total Cost": 55140.58, "Plan Rows": 718858, "Plan Width": 16, "Actual Rows": 410776, "Actual Loops": 7, "Workers": []}, {"Node Type": "Hash", "Parent Relationship": "Inner", "Parallel Aware": true, "Async Capable": false, "Startup Cost": 2175.97, "Total Cost": 2175.97, "Plan Rows": 126, "Plan Width": 4, "Actual Rows": 31, "Actual Loops": 7, "Hash Buckets": 1024, "Original Hash Buckets": 1024, "Hash Batches": 1, "Original Hash Batches": 1, "Peak Memory Usage": 40, "Workers": [], "Plans": [{"Node Type": "Seq Scan", "Parent Relationship": "Outer", "Parallel Aware": true, "Async Capable": false, "Relation Name": "date_dim", "Alias": "d2", "Startup Cost": 0.0, "Total Cost": 2175.97, "Plan Rows": 126, "Plan Width": 4, "Actual Rows": 31, "Actual Loops": 7, "Filter": "((d_moy >= 4) AND (d_moy <= 10) AND (d_year = 1998))", "Rows Removed by Filter": 10405, "Workers": []}]}]}, {"Node Type": "Index Scan", "Parent Relationship": "Inner", "Parallel Aware": false, "Async Capable": false, "Scan Direction": "Forward", "Index Name": "store_sales_pkey", "Relation Name": "store_sales", "Alias": "store_sales", "Startup Cost": 0.44, "Total Cost": 1.34, "Plan Rows": 1, "Plan Width": 20, "Actual Rows": 1, "Actual Loops": 189263, "Index Cond": "((ss_item_sk = store_returns.sr_item_sk) AND (ss_ticket_number = store_returns.sr_ticket_number))", "Rows Removed by Index Recheck": 0, "Filter": "(store_returns.sr_customer_sk = ss_customer_sk)", "Rows Removed by Filter": 0, "Workers": []}]}, {"Node Type": "Index Scan", "Parent Relationship": "Inner", "Parallel Aware": false, "Async Capable": false, "Scan Direction": "Forward", "Index Name": "date_dim_pkey", "Relation Name": "date_dim", "Alias": "d1", "Startup Cost": 0.29, "Total Cost": 0.32, "Plan Rows": 1, "Plan Width": 4, "Actual Rows": 0, "Actual Loops": 140303, "Index Cond": "(d_date_sk = store_sales.ss_sold_date_sk)", "Rows Removed by Index Recheck": 0, "Filter": "((d_moy = 4) AND (d_year = 1998))", "Rows Removed by Filter": 1, "Workers": []}]}, {"Node Type": "Index Only Scan", "Parent Relationship": "Inner", "Parallel Aware": false, "Async Capable": false, "Scan Direction": "Forward", "Index Name": "store_pkey", "Relation Name": "store", "Alias": "store", "Startup Cost": 0.14, "Total Cost": 0.16, "Plan Rows": 1, "Plan Width": 4, "Actual Rows": 1, "Actual Loops": 19010, "Index Cond": "(s_store_sk = store_sales.ss_store_sk)", "Rows Removed by Index Recheck": 0, "Heap Fetches": 18753, "Workers": []}]}, {"Node Type": "Seq Scan", "Parent Relationship": "Inner", "Parallel Aware": false, "Async Capable": false, "Relation Name": "date_dim", "Alias": "d3", "Startup Cost": 0.0, "Total Cost": 2702.36, "Plan Rows": 214, "Plan Width": 4, "Actual Rows": 214, "Actual Loops": 18753, "Filter": "((d_moy >= 4) AND (d_moy <= 10) AND (d_year = 1998))", "Rows Removed by Filter": 72835, "Workers": []}]}]}]}]}]}, "Planning Time": 10.791, "Triggers": [], "Execution Time": 30220.923}, {"Plan": {"Node Type": "Aggregate", "Strategy": "Plain", "Partial Mode": "Finalize", "Parallel Aware": false, "Async Capable": false, "Startup Cost": 515454.81, "Total Cost": 515454.82, "Plan Rows": 1, "Plan Width": 8, "Plans": [{"Node Type": "Gather", "Parent Relationship": "Outer", "Parallel Aware": false, "Async Capable": false, "Startup Cost": 515454.19, "Total Cost": 515454.8, "Plan Rows": 6, "Plan Width": 8, "Workers Planned": 6, "Single Copy": false, "Plans": [{"Node Type": "Aggregate", "Strategy": "Plain", "Partial Mode": "Partial", "Parent Relationship": "Outer", "Parallel Aware": false, "Async Capable": false, "Startup Cost": 514454.19, "Total Cost": 514454.2, "Plan Rows": 1, "Plan Width": 8, "Plans": [{"Node Type": "Hash Join", "Parent Relationship": "Outer", "Parallel Aware": true, "Async Capable": false, "Join Type": "Inner", "Startup Cost": 62074.3, "Total Cost": 514454.18, "Plan Rows": 1, "Plan Width": 0, "Inner Unique": false, "Hash Cond": "((store_sales.ss_item_sk = item.i_item_sk) AND (store_sales.ss_customer_sk = store_returns.sr_customer_sk) AND (store_sales.ss_ticket_number = store_returns.sr_ticket_number))", "Plans": [{"Node Type": "Nested Loop", "Parent Relationship": "Outer", "Parallel Aware": false, "Async Capable": false, "Join Type": "Inner", "Startup Cost": 2178.42, "Total Cost": 454558.28, "Plan Rows": 1, "Plan Width": 20, "Inner Unique": true, "Plans": [{"Node Type": "Nested Loop", "Parent Relationship": "Outer", "Parallel Aware": false, "Async Capable": false, "Join Type": "Inner", "Startup Cost": 2178.28, "Total Cost": 454558.12, "Plan Rows": 1, "Plan Width": 24, "Inner Unique": true, "Plans": [{"Node Type": "Nested Loop", "Parent Relationship": "Outer", "Parallel Aware": false, "Async Capable": false, "Join Type": "Inner", "Startup Cost": 2177.99, "Total Cost": 454556.23, "Plan Rows": 6, "Plan Width": 28, "Inner Unique": false, "Plans": [{"Node Type": "Hash Join", "Parent Relationship": "Outer", "Parallel Aware": true, "Async Capable": false, "Join Type": "Inner", "Startup Cost": 2177.55, "Total Cost": 406440.62, "Plan Rows": 7032, "Plan Width": 8, "Inner Unique": true, "Hash Cond": "(catalog_sales.cs_sold_date_sk = d3.d_date_sk)", "Plans": [{"Node Type": "Seq Scan", "Parent Relationship": "Outer", "Parallel Aware": true, "Async Capable": false, "Relation Name": "catalog_sales", "Alias": "catalog_sales", "Startup Cost": 0.0, "Total Cost": 397962.14, "Plan Rows": 2400214, "Plan Width": 12}, {"Node Type": "Hash", "Parent Relationship": "Inner", "Parallel Aware": true, "Async Capable": false, "Startup Cost": 2175.97, "Total Cost": 2175.97, "Plan Rows": 126, "Plan Width": 4, "Plans": [{"Node Type": "Seq Scan", "Parent Relationship": "Outer", "Parallel Aware": true, "Async Capable": false, "Relation Name": "date_dim", "Alias": "d3", "Startup Cost": 0.0, "Total Cost": 2175.97, "Plan Rows": 126, "Plan Width": 4, "Filter": "((d_moy >= 4) AND (d_moy <= 10) AND (d_year = 1998))"}]}]}, {"Node Type": "Index Scan", "Parent Relationship": "Inner", "Parallel Aware": false, "Async Capable": false, "Scan Direction": "Forward", "Index Name": "store_sales_pkey", "Relation Name": "store_sales", "Alias": "store_sales", "Startup Cost": 0.44, "Total Cost": 6.83, "Plan Rows": 1, "Plan Width": 20, "Index Cond": "(ss_item_sk = catalog_sales.cs_item_sk)", "Filter": "(catalog_sales.cs_bill_customer_sk = ss_customer_sk)"}]}, {"Node Type": "Index Scan", "Parent Relationship": "Inner", "Parallel Aware": false, "Async Capable": false, "Scan Direction": "Forward", "Index Name": "date_dim_pkey", "Relation Name": "date_dim", "Alias": "d1", "Startup Cost": 0.29, "Total Cost": 0.32, "Plan Rows": 1, "Plan Width": 4, "Index Cond": "(d_date_sk = store_sales.ss_sold_date_sk)", "Filter": "((d_moy = 4) AND (d_year = 1998))"}]}, {"Node Type": "Index Only Scan", "Parent Relationship": "Inner", "Parallel Aware": false, "Async Capable": false, "Scan Direction": "Forward", "Index Name": "store_pkey", "Relation Name": "store", "Alias": "store", "Startup Cost": 0.14, "Total Cost": 0.16, "Plan Rows": 1, "Plan Width": 4, "Index Cond": "(s_store_sk = store_sales.ss_store_sk)"}]}, {"Node Type": "Hash", "Parent Relationship": "Inner", "Parallel Aware": true, "Async Capable": false, "Startup Cost": 59859.02, "Total Cost": 59859.02, "Plan Rows": 2106, "Plan Width": 16, "Plans": [{"Node Type": "Nested Loop", "Parent Relationship": "Outer", "Parallel Aware": false, "Async Capable": false, "Join Type": "Inner", "Startup Cost": 2177.84, "Total Cost": 59859.02, "Plan Rows": 2106, "Plan Width": 16, "Inner Unique": true, "Plans": [{"Node Type": "Hash Join", "Parent Relationship": "Outer", "Parallel Aware": true, "Async Capable": false, "Join Type": "Inner", "Startup Cost": 2177.55, "Total Cost": 59205.23, "Plan Rows": 2106, "Plan Width": 12, "Inner Unique": true, "Hash Cond": "(store_returns.sr_returned_date_sk = d2.d_date_sk)", "Plans": [{"Node Type": "Seq Scan", "Parent Relationship": "Outer", "Parallel Aware": true, "Async Capable": false, "Relation Name": "store_returns", "Alias": "store_returns", "Startup Cost": 0.0, "Total Cost": 55140.58, "Plan Rows": 718858, "Plan Width": 16}, {"Node Type": "Hash", "Parent Relationship": "Inner", "Parallel Aware": true, "Async Capable": false, "Startup Cost": 2175.97, "Total Cost": 2175.97, "Plan Rows": 126, "Plan Width": 4, "Plans": [{"Node Type": "Seq Scan", "Parent Relationship": "Outer", "Parallel Aware": true, "Async Capable": false, "Relation Name": "date_dim", "Alias": "d2", "Startup Cost": 0.0, "Total Cost": 2175.97, "Plan Rows": 126, "Plan Width": 4, "Filter": "((d_moy >= 4) AND (d_moy <= 10) AND (d_year = 1998))"}]}]}, {"Node Type": "Index Only Scan", "Parent Relationship": "Inner", "Parallel Aware": false, "Async Capable": false, "Scan Direction": "Forward", "Index Name": "item_pkey", "Relation Name": "item", "Alias": "item", "Startup Cost": 0.29, "Total Cost": 0.31, "Plan Rows": 1, "Plan Width": 4, "Index Cond": "(i_item_sk = store_returns.sr_item_sk)"}]}]}]}]}]}]}}, {"Plan": {"Node Type": "Aggregate", "Strategy": "Plain", "Partial Mode": "Simple", "Parallel Aware": false, "Async Capable": false, "Startup Cost": 590795.57, "Total Cost": 590795.58, "Plan Rows": 1, "Plan Width": 8, "Plans": [{"Node Type": "Hash Join", "Parent Relationship": "Outer", "Parallel Aware": false, "Async Capable": false, "Join Type": "Inner", "Startup Cost": 463409.44, "Total Cost": 590795.57, "Plan Rows": 1, "Plan Width": 0, "Inner Unique": false, "Hash Cond": "((item.i_item_sk = store_sales.ss_item_sk) AND (store_returns.sr_customer_sk = store_sales.ss_customer_sk) AND (store_returns.sr_ticket_number = store_sales.ss_ticket_number) AND (store_returns.sr_returned_date_sk = d2.d_date_sk))", "Plans": [{"Node Type": "Hash Join", "Parent Relationship": "Outer", "Parallel Aware": false, "Async Capable": false, "Join Type": "Inner", "Startup Cost": 3969.4, "Total Cost": 88224.04, "Plan Rows": 2875432, "Plan Width": 20, "Inner Unique": true, "Hash Cond": "(store_returns.sr_item_sk = item.i_item_sk)", "Plans": [{"Node Type": "Seq Scan", "Parent Relationship": "Outer", "Parallel Aware": false, "Async Capable": false, "Relation Name": "store_returns", "Alias": "store_returns", "Startup Cost": 0.0, "Total Cost": 76706.32, "Plan Rows": 2875432, "Plan Width": 16}, {"Node Type": "Hash", "Parent Relationship": "Inner", "Parallel Aware": false, "Async Capable": false, "Startup Cost": 2694.4, "Total Cost": 2694.4, "Plan Rows": 102000, "Plan Width": 4, "Plans": [{"Node Type": "Index Only Scan", "Parent Relationship": "Outer", "Parallel Aware": false, "Async Capable": false, "Scan Direction": "Forward", "Index Name": "item_pkey", "Relation Name": "item", "Alias": "item", "Startup Cost": 0.29, "Total Cost": 2694.4, "Plan Rows": 102000, "Plan Width": 4}]}]}, {"Node Type": "Hash", "Parent Relationship": "Inner", "Parallel Aware": false, "Async Capable": false, "Startup Cost": 459439.96, "Total Cost": 459439.96, "Plan Rows": 4, "Plan Width": 24, "Plans": [{"Node Type": "Nested Loop", "Parent Relationship": "Outer", "Parallel Aware": false, "Async Capable": false, "Join Type": "Inner", "Startup Cost": 3178.71, "Total Cost": 459439.96, "Plan Rows": 4, "Plan Width": 24, "Inner Unique": false, "Plans": [{"Node Type": "Index Scan", "Parent Relationship": "Outer", "Parallel Aware": false, "Async Capable": false, "Scan Direction": "Forward", "Index Name": "date_dim_pkey", "Relation Name": "date_dim", "Alias": "d2", "Startup Cost": 0.29, "Total Cost": 3878.89, "Plan Rows": 214, "Plan Width": 4, "Filter": "((d_moy >= 4) AND (d_moy <= 10) AND (d_year = 1998))"}, {"Node Type": "Materialize", "Parent Relationship": "Inner", "Parallel Aware": false, "Async Capable": false, "Startup Cost": 3178.42, "Total Cost": 455558.39, "Plan Rows": 1, "Plan Width": 20, "Plans": [{"Node Type": "Nested Loop", "Parent Relationship": "Outer", "Parallel Aware": false, "Async Capable": false, "Join Type": "Inner", "Startup Cost": 3178.42, "Total Cost": 455558.38, "Plan Rows": 1, "Plan Width": 20, "Inner Unique": true, "Plans": [{"Node Type": "Gather", "Parent Relationship": "Outer", "Parallel Aware": false, "Async Capable": false, "Startup Cost": 3178.28, "Total Cost": 455558.22, "Plan Rows": 1, "Plan Width": 24, "Workers Planned": 6, "Single Copy": false, "Plans": [{"Node Type": "Nested Loop", "Parent Relationship": "Outer", "Parallel Aware": false, "Async Capable": false, "Join Type": "Inner", "Startup Cost": 2178.28, "Total Cost": 454558.12, "Plan Rows": 1, "Plan Width": 24, "Inner Unique": true, "Plans": [{"Node Type": "Nested Loop", "Parent Relationship": "Outer", "Parallel Aware": false, "Async Capable": false, "Join Type": "Inner", "Startup Cost": 2177.99, "Total Cost": 454556.23, "Plan Rows": 6, "Plan Width": 28, "Inner Unique": false, "Plans": [{"Node Type": "Hash Join", "Parent Relationship": "Outer", "Parallel Aware": true, "Async Capable": false, "Join Type": "Inner", "Startup Cost": 2177.55, "Total Cost": 406440.62, "Plan Rows": 7032, "Plan Width": 8, "Inner Unique": true, "Hash Cond": "(catalog_sales.cs_sold_date_sk = d3.d_date_sk)", "Plans": [{"Node Type": "Seq Scan", "Parent Relationship": "Outer", "Parallel Aware": true, "Async Capable": false, "Relation Name": "catalog_sales", "Alias": "catalog_sales", "Startup Cost": 0.0, "Total Cost": 397962.14, "Plan Rows": 2400214, "Plan Width": 12}, {"Node Type": "Hash", "Parent Relationship": "Inner", "Parallel Aware": true, "Async Capable": false, "Startup Cost": 2175.97, "Total Cost": 2175.97, "Plan Rows": 126, "Plan Width": 4, "Plans": [{"Node Type": "Seq Scan", "Parent Relationship": "Outer", "Parallel Aware": true, "Async Capable": false, "Relation Name": "date_dim", "Alias": "d3", "Startup Cost": 0.0, "Total Cost": 2175.97, "Plan Rows": 126, "Plan Width": 4, "Filter": "((d_moy >= 4) AND (d_moy <= 10) AND (d_year = 1998))"}]}]}, {"Node Type": "Index Scan", "Parent Relationship": "Inner", "Parallel Aware": false, "Async Capable": false, "Scan Direction": "Forward", "Index Name": "store_sales_pkey", "Relation Name": "store_sales", "Alias": "store_sales", "Startup Cost": 0.44, "Total Cost": 6.83, "Plan Rows": 1, "Plan Width": 20, "Index Cond": "(ss_item_sk = catalog_sales.cs_item_sk)", "Filter": "(catalog_sales.cs_bill_customer_sk = ss_customer_sk)"}]}, {"Node Type": "Index Scan", "Parent Relationship": "Inner", "Parallel Aware": false, "Async Capable": false, "Scan Direction": "Forward", "Index Name": "date_dim_pkey", "Relation Name": "date_dim", "Alias": "d1", "Startup Cost": 0.29, "Total Cost": 0.32, "Plan Rows": 1, "Plan Width": 4, "Index Cond": "(d_date_sk = store_sales.ss_sold_date_sk)", "Filter": "((d_moy = 4) AND (d_year = 1998))"}]}]}, {"Node Type": "Index Only Scan", "Parent Relationship": "Inner", "Parallel Aware": false, "Async Capable": false, "Scan Direction": "Forward", "Index Name": "store_pkey", "Relation Name": "store", "Alias": "store", "Startup Cost": 0.14, "Total Cost": 0.16, "Plan Rows": 1, "Plan Width": 4, "Index Cond": "(s_store_sk = store_sales.ss_store_sk)"}]}]}]}]}]}]}}, {"Plan": {"Node Type": "Aggregate", "Strategy": "Plain", "Partial Mode": "Simple", "Parallel Aware": false, "Async Capable": false, "Startup Cost": 492425.42, "Total Cost": 492425.43, "Plan Rows": 1, "Plan Width": 8, "Plans": [{"Node Type": "Merge Join", "Parent Relationship": "Outer", "Parallel Aware": false, "Async Capable": false, "Join Type": "Inner", "Startup Cost": 490787.29, "Total Cost": 492425.42, "Plan Rows": 1, "Plan Width": 0, "Inner Unique": false, "Merge Cond": "(d1.d_date_sk = store_sales.ss_sold_date_sk)", "Join Filter": "((store_returns.sr_item_sk = item.i_item_sk) AND (store_returns.sr_customer_sk = store_sales.ss_customer_sk) AND (store_sales.ss_ticket_number = store_returns.sr_ticket_number))", "Plans": [{"Node Type": "Nested Loop", "Parent Relationship": "Outer", "Parallel Aware": false, "Async Capable": false, "Join Type": "Inner", "Startup Cost": 3177.84, "Total Cost": 67923.96, "Plan Rows": 252720, "Plan Width": 16, "Inner Unique": false, "Plans": [{"Node Type": "Index Scan", "Parent Relationship": "Outer", "Parallel Aware": false, "Async Capable": false, "Scan Direction": "Forward", "Index Name": "date_dim_pkey", "Relation Name": "date_dim", "Alias": "d1", "Startup Cost": 0.29, "Total Cost": 3696.27, "Plan Rows": 30, "Plan Width": 4, "Filter": "((d_moy = 4) AND (d_year = 1998))"}, {"Node Type": "Materialize", "Parent Relationship": "Inner", "Parallel Aware": false, "Async Capable": false, "Startup Cost": 3177.55, "Total Cost": 61089.75, "Plan Rows": 8424, "Plan Width": 12, "Plans": [{"Node Type": "Gather", "Parent Relationship": "Outer", "Parallel Aware": false, "Async Capable": false, "Startup Cost": 3177.55, "Total Cost": 61047.63, "Plan Rows": 8424, "Plan Width": 12, "Workers Planned": 4, "Single Copy": false, "Plans": [{"Node Type": "Hash Join", "Parent Relationship": "Outer", "Parallel Aware": true, "Async Capable": false, "Join Type": "Inner", "Startup Cost": 2177.55, "Total Cost": 59205.23, "Plan Rows": 2106, "Plan Width": 12, "Inner Unique": true, "Hash Cond": "(store_returns.sr_returned_date_sk = d2.d_date_sk)", "Plans": [{"Node Type": "Seq Scan", "Parent Relationship": "Outer", "Parallel Aware": true, "Async Capable": false, "Relation Name": "store_returns", "Alias": "store_returns", "Startup Cost": 0.0, "Total Cost": 55140.58, "Plan Rows": 718858, "Plan Width": 16}, {"Node Type": "Hash", "Parent Relationship": "Inner", "Parallel Aware": true, "Async Capable": false, "Startup Cost": 2175.97, "Total Cost": 2175.97, "Plan Rows": 126, "Plan Width": 4, "Plans": [{"Node Type": "Seq Scan", "Parent Relationship": "Outer", "Parallel Aware": true, "Async Capable": false, "Relation Name": "date_dim", "Alias": "d2", "Startup Cost": 0.0, "Total Cost": 2175.97, "Plan Rows": 126, "Plan Width": 4, "Filter": "((d_moy >= 4) AND (d_moy <= 10) AND (d_year = 1998))"}]}]}]}]}]}, {"Node Type": "Sort", "Parent Relationship": "Inner", "Parallel Aware": false, "Async Capable": false, "Startup Cost": 455574.21, "Total Cost": 455574.31, "Plan Rows": 39, "Plan Width": 28, "Sort Key": ["store_sales.ss_sold_date_sk"], "Plans": [{"Node Type": "Nested Loop", "Parent Relationship": "Outer", "Parallel Aware": false, "Async Capable": false, "Join Type": "Inner", "Startup Cost": 3178.42, "Total Cost": 455573.18, "Plan Rows": 39, "Plan Width": 28, "Inner Unique": true, "Plans": [{"Node Type": "Gather", "Parent Relationship": "Outer", "Parallel Aware": false, "Async Capable": false, "Startup Cost": 3178.13, "Total Cost": 455561.09, "Plan Rows": 39, "Plan Width": 24, "Workers Planned": 6, "Single Copy": false, "Plans": [{"Node Type": "Nested Loop", "Parent Relationship": "Outer", "Parallel Aware": false, "Async Capable": false, "Join Type": "Inner", "Startup Cost": 2178.13, "Total Cost": 454557.19, "Plan Rows": 6, "Plan Width": 24, "Inner Unique": true, "Plans": [{"Node Type": "Nested Loop", "Parent Relationship": "Outer", "Parallel Aware": false, "Async Capable": false, "Join Type": "Inner", "Startup Cost": 2177.99, "Total Cost": 454556.23, "Plan Rows": 6, "Plan Width": 28, "Inner Unique": false, "Plans": [{"Node Type": "Hash Join", "Parent Relationship": "Outer", "Parallel Aware": true, "Async Capable": false, "Join Type": "Inner", "Startup Cost": 2177.55, "Total Cost": 406440.62, "Plan Rows": 7032, "Plan Width": 8, "Inner Unique": true, "Hash Cond": "(catalog_sales.cs_sold_date_sk = d3.d_date_sk)", "Plans": [{"Node Type": "Seq Scan", "Parent Relationship": "Outer", "Parallel Aware": true, "Async Capable": false, "Relation Name": "catalog_sales", "Alias": "catalog_sales", "Startup Cost": 0.0, "Total Cost": 397962.14, "Plan Rows": 2400214, "Plan Width": 12}, {"Node Type": "Hash", "Parent Relationship": "Inner", "Parallel Aware": true, "Async Capable": false, "Startup Cost": 2175.97, "Total Cost": 2175.97, "Plan Rows": 126, "Plan Width": 4, "Plans": [{"Node Type": "Seq Scan", "Parent Relationship": "Outer", "Parallel Aware": true, "Async Capable": false, "Relation Name": "date_dim", "Alias": "d3", "Startup Cost": 0.0, "Total Cost": 2175.97, "Plan Rows": 126, "Plan Width": 4, "Filter": "((d_moy >= 4) AND (d_moy <= 10) AND (d_year = 1998))"}]}]}, {"Node Type": "Index Scan", "Parent Relationship": "Inner", "Parallel Aware": false, "Async Capable": false, "Scan Direction": "Forward", "Index Name": "store_sales_pkey", "Relation Name": "store_sales", "Alias": "store_sales", "Startup Cost": 0.44, "Total Cost": 6.83, "Plan Rows": 1, "Plan Width": 20, "Index Cond": "(ss_item_sk = catalog_sales.cs_item_sk)", "Filter": "(catalog_sales.cs_bill_customer_sk = ss_customer_sk)"}]}, {"Node Type": "Index Only Scan", "Parent Relationship": "Inner", "Parallel Aware": false, "Async Capable": false, "Scan Direction": "Forward", "Index Name": "store_pkey", "Relation Name": "store", "Alias": "store", "Startup Cost": 0.14, "Total Cost": 0.16, "Plan Rows": 1, "Plan Width": 4, "Index Cond": "(s_store_sk = store_sales.ss_store_sk)"}]}]}, {"Node Type": "Index Only Scan", "Parent Relationship": "Inner", "Parallel Aware": false, "Async Capable": false, "Scan Direction": "Forward", "Index Name": "item_pkey", "Relation Name": "item", "Alias": "item", "Startup Cost": 0.29, "Total Cost": 0.31, "Plan Rows": 1, "Plan Width": 4, "Index Cond": "(i_item_sk = store_sales.ss_item_sk)"}]}]}]}]}}]