[{"Plan": {"Node Type": "Aggregate", "Strategy": "Plain", "Partial Mode": "Simple", "Parallel Aware": false, "Async Capable": false, "Startup Cost": 55044.25, "Total Cost": 55044.26, "Plan Rows": 1, "Plan Width": 8, "Actual Rows": 1, "Actual Loops": 1, "Plans": [{"Node Type": "Nested Loop", "Parent Relationship": "Outer", "Parallel Aware": false, "Async Capable": false, "Join Type": "Inner", "Startup Cost": 9213.21, "Total Cost": 55044.25, "Plan Rows": 1, "Plan Width": 0, "Actual Rows": 12, "Actual Loops": 1, "Inner Unique": true, "Plans": [{"Node Type": "Nested Loop", "Parent Relationship": "Outer", "Parallel Aware": false, "Async Capable": false, "Join Type": "Inner", "Startup Cost": 9213.07, "Total Cost": 55044.09, "Plan Rows": 1, "Plan Width": 4, "Actual Rows": 12, "Actual Loops": 1, "Inner Unique": true, "Plans": [{"Node Type": "Nested Loop", "Parent Relationship": "Outer", "Parallel Aware": false, "Async Capable": false, "Join Type": "Inner", "Startup Cost": 9212.78, "Total Cost": 55043.76, "Plan Rows": 1, "Plan Width": 8, "Actual Rows": 69, "Actual Loops": 1, "Inner Unique": true, "Plans": [{"Node Type": "Gather", "Parent Relationship": "Outer", "Parallel Aware": false, "Async Capable": false, "Startup Cost": 9212.63, "Total Cost": 55043.59, "Plan Rows": 1, "Plan Width": 12, "Actual Rows": 69, "Actual Loops": 1, "Workers Planned": 3, "Workers Launched": 3, "Single Copy": false, "Plans": [{"Node Type": "Nested Loop", "Parent Relationship": "Outer", "Parallel Aware": false, "Async Capable": false, "Join Type": "Inner", "Startup Cost": 8212.63, "Total Cost": 54043.49, "Plan Rows": 1, "Plan Width": 12, "Actual Rows": 17, "Actual Loops": 4, "Inner Unique": true, "Join Filter": "((((customer_address.ca_state = ANY ('{CO,WI,AR}'::bpchar[])) AND (web_sales.ws_net_profit >= '100'::numeric) AND (web_sales.ws_net_profit <= '200'::numeric)) OR ((customer_address.ca_state = ANY ('{GA,ID,WV}'::bpchar[])) AND (web_sales.ws_net_profit >= '150'::numeric) AND (web_sales.ws_net_profit <= '300'::numeric)) OR ((customer_address.ca_state = ANY ('{VA,AZ,SD}'::bpchar[])) AND (web_sales.ws_net_profit >= '50'::numeric) AND (web_sales.ws_net_profit <= '250'::numeric))) AND (((cd1.cd_marital_status = 'U'::bpchar) AND (cd1.cd_education_status = 'Secondary'::bpchar) AND (web_sales.ws_sales_price >= 100.00) AND (web_sales.ws_sales_price <= 150.00)) OR ((cd1.cd_marital_status = 'D'::bpchar) AND (cd1.cd_education_status = 'College'::bpchar) AND (web_sales.ws_sales_price >= 50.00) AND (web_sales.ws_sales_price <= 100.00)) OR ((cd1.cd_marital_status = 'S'::bpchar) AND (cd1.cd_education_status = 'Advanced Degree'::bpchar) AND (web_sales.ws_sales_price >= 150.00) AND (web_sales.ws_sales_price <= 200.00))))", "Rows Removed by Join Filter": 86, "Workers": [], "Plans": [{"Node Type": "Nested Loop", "Parent Relationship": "Outer", "Parallel Aware": false, "Async Capable": false, "Join Type": "Inner", "Startup Cost": 8212.2, "Total Cost": 53860.17, "Plan Rows": 105, "Plan Width": 38, "Actual Rows": 2930, "Actual Loops": 4, "Inner Unique": true, "Join Filter": "((cd1.cd_marital_status = cd2.cd_marital_status) AND (cd1.cd_education_status = cd2.cd_education_status))", "Rows Removed by Join Filter": 0, "Workers": [], "Plans": [{"Node Type": "Nested Loop", "Parent Relationship": "Outer", "Parallel Aware": false, "Async Capable": false, "Join Type": "Inner", "Startup Cost": 8211.77, "Total Cost": 51604.29, "Plan Rows": 3693, "Plan Width": 42, "Actual Rows": 2966, "Actual Loops": 4, "Inner Unique": true, "Workers": [], "Plans": [{"Node Type": "Hash Join", "Parent Relationship": "Outer", "Parallel Aware": true, "Async Capable": false, "Join Type": "Inner", "Startup Cost": 8211.35, "Total Cost": 24460.42, "Plan Rows": 44436, "Plan Width": 23, "Actual Rows": 35846, "Actual Loops": 4, "Inner Unique": true, "Hash Cond": "(web_returns.wr_refunded_addr_sk = customer_address.ca_address_sk)", "Workers": [], "Plans": [{"Node Type": "Seq Scan", "Parent Relationship": "Outer", "Parallel Aware": true, "Async Capable": false, "Relation Name": "web_returns", "Alias": "web_returns", "Startup Cost": 0.0, "Total Cost": 15640.05, "Plan Rows": 232005, "Plan Width": 24, "Actual Rows": 179804, "Actual Loops": 4, "Workers": []}, {"Node Type": "Hash", "Parent Relationship": "Inner", "Parallel Aware": true, "Async Capable": false, "Startup Cost": 7961.96, "Total Cost": 7961.96, "Plan Rows": 19951, "Plan Width": 7, "Actual Rows": 13047, "Actual Loops": 4, "Hash Buckets": 65536, "Original Hash Buckets": 65536, "Hash Batches": 1, "Original Hash Batches": 1, "Peak Memory Usage": 2624, "Workers": [], "Plans": [{"Node Type": "Seq Scan", "Parent Relationship": "Outer", "Parallel Aware": true, "Async Capable": false, "Relation Name": "customer_address", "Alias": "customer_address", "Startup Cost": 0.0, "Total Cost": 7961.96, "Plan Rows": 19951, "Plan Width": 7, "Actual Rows": 13047, "Actual Loops": 4, "Filter": "(((ca_country)::text = 'United States'::text) AND ((ca_state = ANY ('{CO,WI,AR}'::bpchar[])) OR (ca_state = ANY ('{GA,ID,WV}'::bpchar[])) OR (ca_state = ANY ('{VA,AZ,SD}'::bpchar[]))))", "Rows Removed by Filter": 49453, "Workers": []}]}]}, {"Node Type": "Index Scan", "Parent Relationship": "Inner", "Parallel Aware": false, "Async Capable": false, "Scan Direction": "Forward", "Index Name": "customer_demographics_pkey", "Relation Name": "customer_demographics", "Alias": "cd1", "Startup Cost": 0.43, "Total Cost": 0.61, "Plan Rows": 1, "Plan Width": 27, "Actual Rows": 0, "Actual Loops": 143385, "Index Cond": "(cd_demo_sk = web_returns.wr_refunded_cdemo_sk)", "Rows Removed by Index Recheck": 0, "Filter": "(((cd_marital_status = 'U'::bpchar) AND (cd_education_status = 'Secondary'::bpchar)) OR ((cd_marital_status = 'D'::bpchar) AND (cd_education_status = 'College'::bpchar)) OR ((cd_marital_status = 'S'::bpchar) AND (cd_education_status = 'Advanced Degree'::bpchar)))", "Rows Removed by Filter": 1, "Workers": []}]}, {"Node Type": "Index Scan", "Parent Relationship": "Inner", "Parallel Aware": false, "Async Capable": false, "Scan Direction": "Forward", "Index Name": "customer_demographics_pkey", "Relation Name": "customer_demographics", "Alias": "cd2", "Startup Cost": 0.43, "Total Cost": 0.6, "Plan Rows": 1, "Plan Width": 27, "Actual Rows": 1, "Actual Loops": 11866, "Index Cond": "(cd_demo_sk = web_returns.wr_returning_cdemo_sk)", "Rows Removed by Index Recheck": 0, "Workers": []}]}, {"Node Type": "Index Scan", "Parent Relationship": "Inner", "Parallel Aware": false, "Async Capable": false, "Scan Direction": "Forward", "Index Name": "web_sales_pkey", "Relation Name": "web_sales", "Alias": "web_sales", "Startup Cost": 0.43, "Total Cost": 1.68, "Plan Rows": 1, "Plan Width": 28, "Actual Rows": 0, "Actual Loops": 11722, "Index Cond": "((ws_item_sk = web_returns.wr_item_sk) AND (ws_order_number = web_returns.wr_order_number))", "Rows Removed by Index Recheck": 0, "Filter": "((((ws_sales_price >= 100.00) AND (ws_sales_price <= 150.00)) OR ((ws_sales_price >= 50.00) AND (ws_sales_price <= 100.00)) OR ((ws_sales_price >= 150.00) AND (ws_sales_price <= 200.00))) AND (((ws_net_profit >= '100'::numeric) AND (ws_net_profit <= '200'::numeric)) OR ((ws_net_profit >= '150'::numeric) AND (ws_net_profit <= '300'::numeric)) OR ((ws_net_profit >= '50'::numeric) AND (ws_net_profit <= '250'::numeric))))", "Rows Removed by Filter": 1, "Workers": []}]}]}, {"Node Type": "Index Only Scan", "Parent Relationship": "Inner", "Parallel Aware": false, "Async Capable": false, "Scan Direction": "Forward", "Index Name": "web_page_pkey", "Relation Name": "web_page", "Alias": "web_page", "Startup Cost": 0.14, "Total Cost": 0.16, "Plan Rows": 1, "Plan Width": 4, "Actual Rows": 1, "Actual Loops": 69, "Index Cond": "(wp_web_page_sk = web_sales.ws_web_page_sk)", "Rows Removed by Index Recheck": 0, "Heap Fetches": 69}]}, {"Node Type": "Index Scan", "Parent Relationship": "Inner", "Parallel Aware": false, "Async Capable": false, "Scan Direction": "Forward", "Index Name": "date_dim_pkey", "Relation Name": "date_dim", "Alias": "date_dim", "Startup Cost": 0.29, "Total Cost": 0.33, "Plan Rows": 1, "Plan Width": 4, "Actual Rows": 0, "Actual Loops": 69, "Index Cond": "(d_date_sk = web_sales.ws_sold_date_sk)", "Rows Removed by Index Recheck": 0, "Filter": "(d_year = 1999)", "Rows Removed by Filter": 1}]}, {"Node Type": "Index Only Scan", "Parent Relationship": "Inner", "Parallel Aware": false, "Async Capable": false, "Scan Direction": "Forward", "Index Name": "reason_pkey", "Relation Name": "reason", "Alias": "reason", "Startup Cost": 0.14, "Total Cost": 0.16, "Plan Rows": 1, "Plan Width": 4, "Actual Rows": 1, "Actual Loops": 12, "Index Cond": "(r_reason_sk = web_returns.wr_reason_sk)", "Rows Removed by Index Recheck": 0, "Heap Fetches": 12}]}]}, "Planning Time": 13.207, "Triggers": [], "Execution Time": 890.162}, {"Plan": {"Node Type": "Aggregate", "Strategy": "Plain", "Partial Mode": "Simple", "Parallel Aware": false, "Async Capable": false, "Startup Cost": 76002.7, "Total Cost": 76002.71, "Plan Rows": 1, "Plan Width": 8, "Actual Rows": 1, "Actual Loops": 1, "Plans": [{"Node Type": "Gather", "Parent Relationship": "Outer", "Parallel Aware": false, "Async Capable": false, "Startup Cost": 67965.78, "Total Cost": 76002.69, "Plan Rows": 1, "Plan Width": 0, "Actual Rows": 12, "Actual Loops": 1, "Workers Planned": 2, "Workers Launched": 2, "Single Copy": false, "Plans": [{"Node Type": "Hash Join", "Parent Relationship": "Outer", "Parallel Aware": true, "Async Capable": false, "Join Type": "Inner", "Startup Cost": 66965.78, "Total Cost": 75002.59, "Plan Rows": 1, "Plan Width": 0, "Actual Rows": 4, "Actual Loops": 3, "Inner Unique": false, "Hash Cond": "(customer_address.ca_address_sk = web_returns.wr_refunded_addr_sk)", "Join Filter": "(((customer_address.ca_state = ANY ('{CO,WI,AR}'::bpchar[])) AND (web_sales.ws_net_profit >= '100'::numeric) AND (web_sales.ws_net_profit <= '200'::numeric)) OR ((customer_address.ca_state = ANY ('{GA,ID,WV}'::bpchar[])) AND (web_sales.ws_net_profit >= '150'::numeric) AND (web_sales.ws_net_profit <= '300'::numeric)) OR ((customer_address.ca_state = ANY ('{VA,AZ,SD}'::bpchar[])) AND (web_sales.ws_net_profit >= '50'::numeric) AND (web_sales.ws_net_profit <= '250'::numeric)))", "Rows Removed by Join Filter": 5, "Workers": [], "Plans": [{"Node Type": "Seq Scan", "Parent Relationship": "Outer", "Parallel Aware": true, "Async Capable": false, "Relation Name": "customer_address", "Alias": "customer_address", "Startup Cost": 0.0, "Total Cost": 7961.96, "Plan Rows": 19951, "Plan Width": 7, "Actual Rows": 17396, "Actual Loops": 3, "Filter": "(((ca_country)::text = 'United States'::text) AND ((ca_state = ANY ('{CO,WI,AR}'::bpchar[])) OR (ca_state = ANY ('{GA,ID,WV}'::bpchar[])) OR (ca_state = ANY ('{VA,AZ,SD}'::bpchar[]))))", "Rows Removed by Filter": 65937, "Workers": []}, {"Node Type": "Hash", "Parent Relationship": "Inner", "Parallel Aware": true, "Async Capable": false, "Startup Cost": 66965.77, "Total Cost": 66965.77, "Plan Rows": 1, "Plan Width": 10, "Actual Rows": 40, "Actual Loops": 3, "Hash Buckets": 1024, "Original Hash Buckets": 1024, "Hash Batches": 1, "Original Hash Batches": 1, "Peak Memory Usage": 104, "Workers": [], "Plans": [{"Node Type": "Nested Loop", "Parent Relationship": "Outer", "Parallel Aware": false, "Async Capable": false, "Join Type": "Inner", "Startup Cost": 37991.45, "Total Cost": 66965.77, "Plan Rows": 1, "Plan Width": 10, "Actual Rows": 40, "Actual Loops": 3, "Inner Unique": true, "Workers": [], "Plans": [{"Node Type": "Nested Loop", "Parent Relationship": "Outer", "Parallel Aware": false, "Async Capable": false, "Join Type": "Inner", "Startup Cost": 37991.31, "Total Cost": 66965.61, "Plan Rows": 1, "Plan Width": 14, "Actual Rows": 41, "Actual Loops": 3, "Inner Unique": true, "Workers": [], "Plans": [{"Node Type": "Nested Loop", "Parent Relationship": "Outer", "Parallel Aware": false, "Async Capable": false, "Join Type": "Inner", "Startup Cost": 37991.02, "Total Cost": 66965.28, "Plan Rows": 1, "Plan Width": 18, "Actual Rows": 212, "Actual Loops": 3, "Inner Unique": true, "Workers": [], "Plans": [{"Node Type": "Nested Loop", "Parent Relationship": "Outer", "Parallel Aware": false, "Async Capable": false, "Join Type": "Inner", "Startup Cost": 37990.87, "Total Cost": 66965.12, "Plan Rows": 1, "Plan Width": 22, "Actual Rows": 212, "Actual Loops": 3, "Inner Unique": true, "Join Filter": "(((cd1.cd_marital_status = 'U'::bpchar) AND (cd1.cd_education_status = 'Secondary'::bpchar) AND (web_sales.ws_sales_price >= 100.00) AND (web_sales.ws_sales_price <= 150.00)) OR ((cd1.cd_marital_status = 'D'::bpchar) AND (cd1.cd_education_status = 'College'::bpchar) AND (web_sales.ws_sales_price >= 50.00) AND (web_sales.ws_sales_price <= 100.00)) OR ((cd1.cd_marital_status = 'S'::bpchar) AND (cd1.cd_education_status = 'Advanced Degree'::bpchar) AND (web_sales.ws_sales_price >= 150.00) AND (web_sales.ws_sales_price <= 200.00)))", "Rows Removed by Join Filter": 455, "Workers": [], "Plans": [{"Node Type": "Nested Loop", "Parent Relationship": "Outer", "Parallel Aware": false, "Async Capable": false, "Join Type": "Inner", "Startup Cost": 37990.44, "Total Cost": 66017.54, "Plan Rows": 551, "Plan Width": 39, "Actual Rows": 19118, "Actual Loops": 3, "Inner Unique": true, "Join Filter": "((cd1.cd_marital_status = cd2.cd_marital_status) AND (cd1.cd_education_status = cd2.cd_education_status))", "Rows Removed by Join Filter": 0, "Workers": [], "Plans": [{"Node Type": "Hash Join", "Parent Relationship": "Outer", "Parallel Aware": true, "Async Capable": false, "Join Type": "Inner", "Startup Cost": 37990.01, "Total Cost": 54239.08, "Plan Rows": 19282, "Plan Width": 43, "Actual Rows": 19567, "Actual Loops": 3, "Inner Unique": true, "Hash Cond": "(web_returns.wr_refunded_cdemo_sk = cd1.cd_demo_sk)", "Workers": [], "Plans": [{"Node Type": "Seq Scan", "Parent Relationship": "Outer", "Parallel Aware": true, "Async Capable": false, "Relation Name": "web_returns", "Alias": "web_returns", "Startup Cost": 0.0, "Total Cost": 15640.05, "Plan Rows": 232005, "Plan Width": 24, "Actual Rows": 239739, "Actual Loops": 3, "Workers": []}, {"Node Type": "Hash", "Parent Relationship": "Inner", "Parallel Aware": true, "Async Capable": false, "Startup Cost": 37346.32, "Total Cost": 37346.32, "Plan Rows": 51495, "Plan Width": 27, "Actual Rows": 54880, "Actual Loops": 3, "Hash Buckets": 262144, "Original Hash Buckets": 262144, "Hash Batches": 1, "Original Hash Batches": 1, "Peak Memory Usage": 12384, "Workers": [], "Plans": [{"Node Type": "Seq Scan", "Parent Relationship": "Outer", "Parallel Aware": true, "Async Capable": false, "Relation Name": "customer_demographics", "Alias": "cd1", "Startup Cost": 0.0, "Total Cost": 37346.32, "Plan Rows": 51495, "Plan Width": 27, "Actual Rows": 54880, "Actual Loops": 3, "Filter": "(((cd_marital_status = 'U'::bpchar) AND (cd_education_status = 'Secondary'::bpchar)) OR ((cd_marital_status = 'D'::bpchar) AND (cd_education_status = 'College'::bpchar)) OR ((cd_marital_status = 'S'::bpchar) AND (cd_education_status = 'Advanced Degree'::bpchar)))", "Rows Removed by Filter": 585387, "Workers": []}]}]}, {"Node Type": "Index Scan", "Parent Relationship": "Inner", "Parallel Aware": false, "Async Capable": false, "Scan Direction": "Forward", "Index Name": "customer_demographics_pkey", "Relation Name": "customer_demographics", "Alias": "cd2", "Startup Cost": 0.43, "Total Cost": 0.6, "Plan Rows": 1, "Plan Width": 27, "Actual Rows": 1, "Actual Loops": 58701, "Index Cond": "(cd_demo_sk = web_returns.wr_returning_cdemo_sk)", "Rows Removed by Index Recheck": 0, "Workers": []}]}, {"Node Type": "Index Scan", "Parent Relationship": "Inner", "Parallel Aware": false, "Async Capable": false, "Scan Direction": "Forward", "Index Name": "web_sales_pkey", "Relation Name": "web_sales", "Alias": "web_sales", "Startup Cost": 0.43, "Total Cost": 1.68, "Plan Rows": 1, "Plan Width": 28, "Actual Rows": 0, "Actual Loops": 57354, "Index Cond": "((ws_item_sk = web_returns.wr_item_sk) AND (ws_order_number = web_returns.wr_order_number))", "Rows Removed by Index Recheck": 0, "Filter": "((((ws_sales_price >= 100.00) AND (ws_sales_price <= 150.00)) OR ((ws_sales_price >= 50.00) AND (ws_sales_price <= 100.00)) OR ((ws_sales_price >= 150.00) AND (ws_sales_price <= 200.00))) AND (((ws_net_profit >= '100'::numeric) AND (ws_net_profit <= '200'::numeric)) OR ((ws_net_profit >= '150'::numeric) AND (ws_net_profit <= '300'::numeric)) OR ((ws_net_profit >= '50'::numeric) AND (ws_net_profit <= '250'::numeric))))", "Rows Removed by Filter": 1, "Workers": []}]}, {"Node Type": "Index Only Scan", "Parent Relationship": "Inner", "Parallel Aware": false, "Async Capable": false, "Scan Direction": "Forward", "Index Name": "web_page_pkey", "Relation Name": "web_page", "Alias": "web_page", "Startup Cost": 0.14, "Total Cost": 0.16, "Plan Rows": 1, "Plan Width": 4, "Actual Rows": 1, "Actual Loops": 636, "Index Cond": "(wp_web_page_sk = web_sales.ws_web_page_sk)", "Rows Removed by Index Recheck": 0, "Heap Fetches": 636, "Workers": []}]}, {"Node Type": "Index Scan", "Parent Relationship": "Inner", "Parallel Aware": false, "Async Capable": false, "Scan Direction": "Forward", "Index Name": "date_dim_pkey", "Relation Name": "date_dim", "Alias": "date_dim", "Startup Cost": 0.29, "Total Cost": 0.33, "Plan Rows": 1, "Plan Width": 4, "Actual Rows": 0, "Actual Loops": 636, "Index Cond": "(d_date_sk = web_sales.ws_sold_date_sk)", "Rows Removed by Index Recheck": 0, "Filter": "(d_year = 1999)", "Rows Removed by Filter": 1, "Workers": []}]}, {"Node Type": "Index Only Scan", "Parent Relationship": "Inner", "Parallel Aware": false, "Async Capable": false, "Scan Direction": "Forward", "Index Name": "reason_pkey", "Relation Name": "reason", "Alias": "reason", "Startup Cost": 0.14, "Total Cost": 0.16, "Plan Rows": 1, "Plan Width": 4, "Actual Rows": 1, "Actual Loops": 122, "Index Cond": "(r_reason_sk = web_returns.wr_reason_sk)", "Rows Removed by Index Recheck": 0, "Heap Fetches": 120, "Workers": []}]}]}]}]}]}, "Planning Time": 11.216, "Triggers": [], "Execution Time": 1588.895}, {"Plan": {"Node Type": "Aggregate", "Strategy": "Plain", "Partial Mode": "Simple", "Parallel Aware": false, "Async Capable": false, "Startup Cost": 30000580373.9, "Total Cost": 30000580373.91, "Plan Rows": 1, "Plan Width": 8, "Plans": [{"Node Type": "Nested Loop", "Parent Relationship": "Outer", "Parallel Aware": false, "Async Capable": false, "Join Type": "Inner", "Startup Cost": 30000068050.18, "Total Cost": 30000580373.89, "Plan Rows": 1, "Plan Width": 0, "Inner Unique": false, "Join Filter": "((web_sales.ws_item_sk = web_returns.wr_item_sk) AND (web_sales.ws_order_number = web_returns.wr_order_number) AND (((customer_address.ca_state = ANY ('{CO,WI,AR}'::bpchar[])) AND (web_sales.ws_net_profit >= '100'::numeric) AND (web_sales.ws_net_profit <= '200'::numeric)) OR ((customer_address.ca_state = ANY ('{GA,ID,WV}'::bpchar[])) AND (web_sales.ws_net_profit >= '150'::numeric) AND (web_sales.ws_net_profit <= '300'::numeric)) OR ((customer_address.ca_state = ANY ('{VA,AZ,SD}'::bpchar[])) AND (web_sales.ws_net_profit >= '50'::numeric) AND (web_sales.ws_net_profit <= '250'::numeric))) AND (((cd1.cd_marital_status = 'U'::bpchar) AND (cd1.cd_education_status = 'Secondary'::bpchar) AND (web_sales.ws_sales_price >= 100.00) AND (web_sales.ws_sales_price <= 150.00)) OR ((cd1.cd_marital_status = 'D'::bpchar) AND (cd1.cd_education_status = 'College'::bpchar) AND (web_sales.ws_sales_price >= 50.00) AND (web_sales.ws_sales_price <= 100.00)) OR ((cd1.cd_marital_status = 'S'::bpchar) AND (cd1.cd_education_status = 'Advanced Degree'::bpchar) AND (web_sales.ws_sales_price >= 150.00) AND (web_sales.ws_sales_price <= 200.00))))", "Plans": [{"Node Type": "Gather", "Parent Relationship": "Outer", "Parallel Aware": false, "Async Capable": false, "Startup Cost": 2973.31, "Total Cost": 248762.32, "Plan Rows": 1748, "Plan Width": 20, "Workers Planned": 5, "Single Copy": false, "Plans": [{"Node Type": "Hash Join", "Parent Relationship": "Outer", "Parallel Aware": false, "Async Capable": false, "Join Type": "Inner", "Startup Cost": 1973.31, "Total Cost": 247587.52, "Plan Rows": 350, "Plan Width": 20, "Inner Unique": true, "Hash Cond": "(web_sales.ws_web_page_sk = web_page.wp_web_page_sk)", "Plans": [{"Node Type": "Hash Join", "Parent Relationship": "Outer", "Parallel Aware": true, "Async Capable": false, "Join Type": "Inner", "Startup Cost": 1963.81, "Total Cost": 247577.08, "Plan Rows": 350, "Plan Width": 24, "Inner Unique": true, "Hash Cond": "(web_sales.ws_sold_date_sk = date_dim.d_date_sk)", "Plans": [{"Node Type": "Seq Scan", "Parent Relationship": "Outer", "Parallel Aware": true, "Async Capable": false, "Relation Name": "web_sales", "Alias": "web_sales", "Startup Cost": 0.0, "Total Cost": 245429.58, "Plan Rows": 69972, "Plan Width": 28, "Filter": "((((ws_sales_price >= 100.00) AND (ws_sales_price <= 150.00)) OR ((ws_sales_price >= 50.00) AND (ws_sales_price <= 100.00)) OR ((ws_sales_price >= 150.00) AND (ws_sales_price <= 200.00))) AND (((ws_net_profit >= '100'::numeric) AND (ws_net_profit <= '200'::numeric)) OR ((ws_net_profit >= '150'::numeric) AND (ws_net_profit <= '300'::numeric)) OR ((ws_net_profit >= '50'::numeric) AND (ws_net_profit <= '250'::numeric))))"}, {"Node Type": "Hash", "Parent Relationship": "Inner", "Parallel Aware": true, "Async Capable": false, "Startup Cost": 1961.12, "Total Cost": 1961.12, "Plan Rows": 215, "Plan Width": 4, "Plans": [{"Node Type": "Seq Scan", "Parent Relationship": "Outer", "Parallel Aware": true, "Async Capable": false, "Relation Name": "date_dim", "Alias": "date_dim", "Startup Cost": 0.0, "Total Cost": 1961.12, "Plan Rows": 215, "Plan Width": 4, "Filter": "(d_year = 1999)"}]}]}, {"Node Type": "Hash", "Parent Relationship": "Inner", "Parallel Aware": false, "Async Capable": false, "Startup Cost": 7.0, "Total Cost": 7.0, "Plan Rows": 200, "Plan Width": 4, "Plans": [{"Node Type": "Seq Scan", "Parent Relationship": "Outer", "Parallel Aware": false, "Async Capable": false, "Relation Name": "web_page", "Alias": "web_page", "Startup Cost": 0.0, "Total Cost": 7.0, "Plan Rows": 200, "Plan Width": 4}]}]}]}, {"Node Type": "Materialize", "Parent Relationship": "Inner", "Parallel Aware": false, "Async Capable": false, "Startup Cost": 20000065076.87, "Total Cost": 20000289457.19, "Plan Rows": 327, "Plan Width": 34, "Plans": [{"Node Type": "Nested Loop", "Parent Relationship": "Outer", "Parallel Aware": false, "Async Capable": false, "Join Type": "Inner", "Startup Cost": 20000065076.87, "Total Cost": 20000289455.55, "Plan Rows": 327, "Plan Width": 34, "Inner Unique": true, "Join Filter": "((cd1.cd_marital_status = cd2.cd_marital_status) AND (cd1.cd_education_status = cd2.cd_education_status))", "Plans": [{"Node Type": "Nested Loop", "Parent Relationship": "Outer", "Parallel Aware": false, "Async Capable": false, "Join Type": "Inner", "Startup Cost": 10000065076.44, "Total Cost": 10000203242.43, "Plan Rows": 137753, "Plan Width": 38, "Inner Unique": true, "Plans": [{"Node Type": "Hash Join", "Parent Relationship": "Outer", "Parallel Aware": false, "Async Capable": false, "Join Type": "Inner", "Startup Cost": 65076.01, "Total Cost": 89533.92, "Plan Rows": 719217, "Plan Width": 39, "Inner Unique": true, "Hash Cond": "(web_returns.wr_reason_sk = reason.r_reason_sk)", "Plans": [{"Node Type": "Hash Join", "Parent Relationship": "Outer", "Parallel Aware": false, "Async Capable": false, "Join Type": "Inner", "Startup Cost": 65074.0, "Total Cost": 87474.11, "Plan Rows": 719217, "Plan Width": 43, "Inner Unique": true, "Hash Cond": "(web_returns.wr_returning_cdemo_sk = cd2.cd_demo_sk)", "Plans": [{"Node Type": "Seq Scan", "Parent Relationship": "Outer", "Parallel Aware": false, "Async Capable": false, "Relation Name": "web_returns", "Alias": "web_returns", "Startup Cost": 0.0, "Total Cost": 20512.17, "Plan Rows": 719217, "Plan Width": 24}, {"Node Type": "Hash", "Parent Relationship": "Inner", "Parallel Aware": false, "Async Capable": false, "Startup Cost": 41064.0, "Total Cost": 41064.0, "Plan Rows": 1920800, "Plan Width": 27, "Plans": [{"Node Type": "Seq Scan", "Parent Relationship": "Outer", "Parallel Aware": false, "Async Capable": false, "Relation Name": "customer_demographics", "Alias": "cd2", "Startup Cost": 0.0, "Total Cost": 41064.0, "Plan Rows": 1920800, "Plan Width": 27}]}]}, {"Node Type": "Hash", "Parent Relationship": "Inner", "Parallel Aware": false, "Async Capable": false, "Startup Cost": 1.45, "Total Cost": 1.45, "Plan Rows": 45, "Plan Width": 4, "Plans": [{"Node Type": "Seq Scan", "Parent Relationship": "Outer", "Parallel Aware": false, "Async Capable": false, "Relation Name": "reason", "Alias": "reason", "Startup Cost": 0.0, "Total Cost": 1.45, "Plan Rows": 45, "Plan Width": 4}]}]}, {"Node Type": "Memoize", "Parent Relationship": "Inner", "Parallel Aware": false, "Async Capable": false, "Startup Cost": 0.43, "Total Cost": 0.5, "Plan Rows": 1, "Plan Width": 7, "Cache Key": "web_returns.wr_refunded_addr_sk", "Cache Mode": "logical", "Plans": [{"Node Type": "Index Scan", "Parent Relationship": "Outer", "Parallel Aware": false, "Async Capable": false, "Scan Direction": "Forward", "Index Name": "customer_address_pkey", "Relation Name": "customer_address", "Alias": "customer_address", "Startup Cost": 0.42, "Total Cost": 0.49, "Plan Rows": 1, "Plan Width": 7, "Index Cond": "(ca_address_sk = web_returns.wr_refunded_addr_sk)", "Filter": "(((ca_country)::text = 'United States'::text) AND ((ca_state = ANY ('{CO,WI,AR}'::bpchar[])) OR (ca_state = ANY ('{GA,ID,WV}'::bpchar[])) OR (ca_state = ANY ('{VA,AZ,SD}'::bpchar[]))))"}]}]}, {"Node Type": "Index Scan", "Parent Relationship": "Inner", "Parallel Aware": false, "Async Capable": false, "Scan Direction": "Forward", "Index Name": "customer_demographics_pkey", "Relation Name": "customer_demographics", "Alias": "cd1", "Startup Cost": 0.43, "Total Cost": 0.61, "Plan Rows": 1, "Plan Width": 27, "Index Cond": "(cd_demo_sk = web_returns.wr_refunded_cdemo_sk)", "Filter": "(((cd_marital_status = 'U'::bpchar) AND (cd_education_status = 'Secondary'::bpchar)) OR ((cd_marital_status = 'D'::bpchar) AND (cd_education_status = 'College'::bpchar)) OR ((cd_marital_status = 'S'::bpchar) AND (cd_education_status = 'Advanced Degree'::bpchar)))"}]}]}]}]}}, {"Plan": {"Node Type": "Aggregate", "Strategy": "Plain", "Partial Mode": "Simple", "Parallel Aware": false, "Async Capable": false, "Startup Cost": 67966.4, "Total Cost": 67966.41, "Plan Rows": 1, "Plan Width": 8, "Actual Rows": 1, "Actual Loops": 1, "Plans": [{"Node Type": "Nested Loop", "Parent Relationship": "Outer", "Parallel Aware": false, "Async Capable": false, "Join Type": "Inner", "Startup Cost": 38991.87, "Total Cost": 67966.39, "Plan Rows": 1, "Plan Width": 0, "Actual Rows": 12, "Actual Loops": 1, "Inner Unique": true, "Join Filter": "(((customer_address.ca_state = ANY ('{CO,WI,AR}'::bpchar[])) AND (web_sales.ws_net_profit >= '100'::numeric) AND (web_sales.ws_net_profit <= '200'::numeric)) OR ((customer_address.ca_state = ANY ('{GA,ID,WV}'::bpchar[])) AND (web_sales.ws_net_profit >= '150'::numeric) AND (web_sales.ws_net_profit <= '300'::numeric)) OR ((customer_address.ca_state = ANY ('{VA,AZ,SD}'::bpchar[])) AND (web_sales.ws_net_profit >= '50'::numeric) AND (web_sales.ws_net_profit <= '250'::numeric)))", "Rows Removed by Join Filter": 16, "Plans": [{"Node Type": "Nested Loop", "Parent Relationship": "Outer", "Parallel Aware": false, "Async Capable": false, "Join Type": "Inner", "Startup Cost": 38991.45, "Total Cost": 67965.87, "Plan Rows": 1, "Plan Width": 10, "Actual Rows": 120, "Actual Loops": 1, "Inner Unique": true, "Plans": [{"Node Type": "Nested Loop", "Parent Relationship": "Outer", "Parallel Aware": false, "Async Capable": false, "Join Type": "Inner", "Startup Cost": 38991.31, "Total Cost": 67965.71, "Plan Rows": 1, "Plan Width": 14, "Actual Rows": 122, "Actual Loops": 1, "Inner Unique": true, "Plans": [{"Node Type": "Nested Loop", "Parent Relationship": "Outer", "Parallel Aware": false, "Async Capable": false, "Join Type": "Inner", "Startup Cost": 38991.02, "Total Cost": 67965.38, "Plan Rows": 1, "Plan Width": 18, "Actual Rows": 636, "Actual Loops": 1, "Inner Unique": true, "Plans": [{"Node Type": "Gather", "Parent Relationship": "Outer", "Parallel Aware": false, "Async Capable": false, "Startup Cost": 38990.87, "Total Cost": 67965.22, "Plan Rows": 1, "Plan Width": 22, "Actual Rows": 636, "Actual Loops": 1, "Workers Planned": 3, "Workers Launched": 3, "Single Copy": false, "Plans": [{"Node Type": "Nested Loop", "Parent Relationship": "Outer", "Parallel Aware": false, "Async Capable": false, "Join Type": "Inner", "Startup Cost": 37990.87, "Total Cost": 66965.12, "Plan Rows": 1, "Plan Width": 22, "Actual Rows": 159, "Actual Loops": 4, "Inner Unique": true, "Join Filter": "(((cd1.cd_marital_status = 'U'::bpchar) AND (cd1.cd_education_status = 'Secondary'::bpchar) AND (web_sales.ws_sales_price >= 100.00) AND (web_sales.ws_sales_price <= 150.00)) OR ((cd1.cd_marital_status = 'D'::bpchar) AND (cd1.cd_education_status = 'College'::bpchar) AND (web_sales.ws_sales_price >= 50.00) AND (web_sales.ws_sales_price <= 100.00)) OR ((cd1.cd_marital_status = 'S'::bpchar) AND (cd1.cd_education_status = 'Advanced Degree'::bpchar) AND (web_sales.ws_sales_price >= 150.00) AND (web_sales.ws_sales_price <= 200.00)))", "Rows Removed by Join Filter": 341, "Workers": [], "Plans": [{"Node Type": "Nested Loop", "Parent Relationship": "Outer", "Parallel Aware": false, "Async Capable": false, "Join Type": "Inner", "Startup Cost": 37990.44, "Total Cost": 66017.54, "Plan Rows": 551, "Plan Width": 39, "Actual Rows": 14338, "Actual Loops": 4, "Inner Unique": true, "Join Filter": "((cd1.cd_marital_status = cd2.cd_marital_status) AND (cd1.cd_education_status = cd2.cd_education_status))", "Rows Removed by Join Filter": 0, "Workers": [], "Plans": [{"Node Type": "Hash Join", "Parent Relationship": "Outer", "Parallel Aware": true, "Async Capable": false, "Join Type": "Inner", "Startup Cost": 37990.01, "Total Cost": 54239.08, "Plan Rows": 19282, "Plan Width": 43, "Actual Rows": 14675, "Actual Loops": 4, "Inner Unique": true, "Hash Cond": "(web_returns.wr_refunded_cdemo_sk = cd1.cd_demo_sk)", "Workers": [], "Plans": [{"Node Type": "Seq Scan", "Parent Relationship": "Outer", "Parallel Aware": true, "Async Capable": false, "Relation Name": "web_returns", "Alias": "web_returns", "Startup Cost": 0.0, "Total Cost": 15640.05, "Plan Rows": 232005, "Plan Width": 24, "Actual Rows": 179804, "Actual Loops": 4, "Workers": []}, {"Node Type": "Hash", "Parent Relationship": "Inner", "Parallel Aware": true, "Async Capable": false, "Startup Cost": 37346.32, "Total Cost": 37346.32, "Plan Rows": 51495, "Plan Width": 27, "Actual Rows": 41160, "Actual Loops": 4, "Hash Buckets": 262144, "Original Hash Buckets": 262144, "Hash Batches": 1, "Original Hash Batches": 1, "Peak Memory Usage": 12416, "Workers": [], "Plans": [{"Node Type": "Seq Scan", "Parent Relationship": "Outer", "Parallel Aware": true, "Async Capable": false, "Relation Name": "customer_demographics", "Alias": "cd1", "Startup Cost": 0.0, "Total Cost": 37346.32, "Plan Rows": 51495, "Plan Width": 27, "Actual Rows": 41160, "Actual Loops": 4, "Filter": "(((cd_marital_status = 'U'::bpchar) AND (cd_education_status = 'Secondary'::bpchar)) OR ((cd_marital_status = 'D'::bpchar) AND (cd_education_status = 'College'::bpchar)) OR ((cd_marital_status = 'S'::bpchar) AND (cd_education_status = 'Advanced Degree'::bpchar)))", "Rows Removed by Filter": 439040, "Workers": []}]}]}, {"Node Type": "Index Scan", "Parent Relationship": "Inner", "Parallel Aware": false, "Async Capable": false, "Scan Direction": "Forward", "Index Name": "customer_demographics_pkey", "Relation Name": "customer_demographics", "Alias": "cd2", "Startup Cost": 0.43, "Total Cost": 0.6, "Plan Rows": 1, "Plan Width": 27, "Actual Rows": 1, "Actual Loops": 58701, "Index Cond": "(cd_demo_sk = web_returns.wr_returning_cdemo_sk)", "Rows Removed by Index Recheck": 0, "Workers": []}]}, {"Node Type": "Index Scan", "Parent Relationship": "Inner", "Parallel Aware": false, "Async Capable": false, "Scan Direction": "Forward", "Index Name": "web_sales_pkey", "Relation Name": "web_sales", "Alias": "web_sales", "Startup Cost": 0.43, "Total Cost": 1.68, "Plan Rows": 1, "Plan Width": 28, "Actual Rows": 0, "Actual Loops": 57354, "Index Cond": "((ws_item_sk = web_returns.wr_item_sk) AND (ws_order_number = web_returns.wr_order_number))", "Rows Removed by Index Recheck": 0, "Filter": "((((ws_sales_price >= 100.00) AND (ws_sales_price <= 150.00)) OR ((ws_sales_price >= 50.00) AND (ws_sales_price <= 100.00)) OR ((ws_sales_price >= 150.00) AND (ws_sales_price <= 200.00))) AND (((ws_net_profit >= '100'::numeric) AND (ws_net_profit <= '200'::numeric)) OR ((ws_net_profit >= '150'::numeric) AND (ws_net_profit <= '300'::numeric)) OR ((ws_net_profit >= '50'::numeric) AND (ws_net_profit <= '250'::numeric))))", "Rows Removed by Filter": 1, "Workers": []}]}]}, {"Node Type": "Index Only Scan", "Parent Relationship": "Inner", "Parallel Aware": false, "Async Capable": false, "Scan Direction": "Forward", "Index Name": "web_page_pkey", "Relation Name": "web_page", "Alias": "web_page", "Startup Cost": 0.14, "Total Cost": 0.16, "Plan Rows": 1, "Plan Width": 4, "Actual Rows": 1, "Actual Loops": 636, "Index Cond": "(wp_web_page_sk = web_sales.ws_web_page_sk)", "Rows Removed by Index Recheck": 0, "Heap Fetches": 636}]}, {"Node Type": "Index Scan", "Parent Relationship": "Inner", "Parallel Aware": false, "Async Capable": false, "Scan Direction": "Forward", "Index Name": "date_dim_pkey", "Relation Name": "date_dim", "Alias": "date_dim", "Startup Cost": 0.29, "Total Cost": 0.33, "Plan Rows": 1, "Plan Width": 4, "Actual Rows": 0, "Actual Loops": 636, "Index Cond": "(d_date_sk = web_sales.ws_sold_date_sk)", "Rows Removed by Index Recheck": 0, "Filter": "(d_year = 1999)", "Rows Removed by Filter": 1}]}, {"Node Type": "Index Only Scan", "Parent Relationship": "Inner", "Parallel Aware": false, "Async Capable": false, "Scan Direction": "Forward", "Index Name": "reason_pkey", "Relation Name": "reason", "Alias": "reason", "Startup Cost": 0.14, "Total Cost": 0.16, "Plan Rows": 1, "Plan Width": 4, "Actual Rows": 1, "Actual Loops": 122, "Index Cond": "(r_reason_sk = web_returns.wr_reason_sk)", "Rows Removed by Index Recheck": 0, "Heap Fetches": 120}]}, {"Node Type": "Index Scan", "Parent Relationship": "Inner", "Parallel Aware": false, "Async Capable": false, "Scan Direction": "Forward", "Index Name": "customer_address_pkey", "Relation Name": "customer_address", "Alias": "customer_address", "Startup Cost": 0.42, "Total Cost": 0.49, "Plan Rows": 1, "Plan Width": 7, "Actual Rows": 0, "Actual Loops": 120, "Index Cond": "(ca_address_sk = web_returns.wr_refunded_addr_sk)", "Rows Removed by Index Recheck": 0, "Filter": "(((ca_country)::text = 'United States'::text) AND ((ca_state = ANY ('{CO,WI,AR}'::bpchar[])) OR (ca_state = ANY ('{GA,ID,WV}'::bpchar[])) OR (ca_state = ANY ('{VA,AZ,SD}'::bpchar[]))))", "Rows Removed by Filter": 1}]}]}, "Planning Time": 8.778, "Triggers": [], "Execution Time": 1115.334}, {"Plan": {"Node Type": "Aggregate", "Strategy": "Plain", "Partial Mode": "Simple", "Parallel Aware": false, "Async Capable": false, "Startup Cost": 30000580373.9, "Total Cost": 30000580373.91, "Plan Rows": 1, "Plan Width": 8, "Plans": [{"Node Type": "Nested Loop", "Parent Relationship": "Outer", "Parallel Aware": false, "Async Capable": false, "Join Type": "Inner", "Startup Cost": 30000068050.18, "Total Cost": 30000580373.89, "Plan Rows": 1, "Plan Width": 0, "Inner Unique": false, "Join Filter": "((web_sales.ws_item_sk = web_returns.wr_item_sk) AND (web_sales.ws_order_number = web_returns.wr_order_number) AND (((customer_address.ca_state = ANY ('{CO,WI,AR}'::bpchar[])) AND (web_sales.ws_net_profit >= '100'::numeric) AND (web_sales.ws_net_profit <= '200'::numeric)) OR ((customer_address.ca_state = ANY ('{GA,ID,WV}'::bpchar[])) AND (web_sales.ws_net_profit >= '150'::numeric) AND (web_sales.ws_net_profit <= '300'::numeric)) OR ((customer_address.ca_state = ANY ('{VA,AZ,SD}'::bpchar[])) AND (web_sales.ws_net_profit >= '50'::numeric) AND (web_sales.ws_net_profit <= '250'::numeric))) AND (((cd1.cd_marital_status = 'U'::bpchar) AND (cd1.cd_education_status = 'Secondary'::bpchar) AND (web_sales.ws_sales_price >= 100.00) AND (web_sales.ws_sales_price <= 150.00)) OR ((cd1.cd_marital_status = 'D'::bpchar) AND (cd1.cd_education_status = 'College'::bpchar) AND (web_sales.ws_sales_price >= 50.00) AND (web_sales.ws_sales_price <= 100.00)) OR ((cd1.cd_marital_status = 'S'::bpchar) AND (cd1.cd_education_status = 'Advanced Degree'::bpchar) AND (web_sales.ws_sales_price >= 150.00) AND (web_sales.ws_sales_price <= 200.00))))", "Plans": [{"Node Type": "Gather", "Parent Relationship": "Outer", "Parallel Aware": false, "Async Capable": false, "Startup Cost": 2973.31, "Total Cost": 248762.32, "Plan Rows": 1748, "Plan Width": 20, "Workers Planned": 5, "Single Copy": false, "Plans": [{"Node Type": "Hash Join", "Parent Relationship": "Outer", "Parallel Aware": false, "Async Capable": false, "Join Type": "Inner", "Startup Cost": 1973.31, "Total Cost": 247587.52, "Plan Rows": 350, "Plan Width": 20, "Inner Unique": true, "Hash Cond": "(web_sales.ws_web_page_sk = web_page.wp_web_page_sk)", "Plans": [{"Node Type": "Hash Join", "Parent Relationship": "Outer", "Parallel Aware": true, "Async Capable": false, "Join Type": "Inner", "Startup Cost": 1963.81, "Total Cost": 247577.08, "Plan Rows": 350, "Plan Width": 24, "Inner Unique": true, "Hash Cond": "(web_sales.ws_sold_date_sk = date_dim.d_date_sk)", "Plans": [{"Node Type": "Seq Scan", "Parent Relationship": "Outer", "Parallel Aware": true, "Async Capable": false, "Relation Name": "web_sales", "Alias": "web_sales", "Startup Cost": 0.0, "Total Cost": 245429.58, "Plan Rows": 69972, "Plan Width": 28, "Filter": "((((ws_sales_price >= 100.00) AND (ws_sales_price <= 150.00)) OR ((ws_sales_price >= 50.00) AND (ws_sales_price <= 100.00)) OR ((ws_sales_price >= 150.00) AND (ws_sales_price <= 200.00))) AND (((ws_net_profit >= '100'::numeric) AND (ws_net_profit <= '200'::numeric)) OR ((ws_net_profit >= '150'::numeric) AND (ws_net_profit <= '300'::numeric)) OR ((ws_net_profit >= '50'::numeric) AND (ws_net_profit <= '250'::numeric))))"}, {"Node Type": "Hash", "Parent Relationship": "Inner", "Parallel Aware": true, "Async Capable": false, "Startup Cost": 1961.12, "Total Cost": 1961.12, "Plan Rows": 215, "Plan Width": 4, "Plans": [{"Node Type": "Seq Scan", "Parent Relationship": "Outer", "Parallel Aware": true, "Async Capable": false, "Relation Name": "date_dim", "Alias": "date_dim", "Startup Cost": 0.0, "Total Cost": 1961.12, "Plan Rows": 215, "Plan Width": 4, "Filter": "(d_year = 1999)"}]}]}, {"Node Type": "Hash", "Parent Relationship": "Inner", "Parallel Aware": false, "Async Capable": false, "Startup Cost": 7.0, "Total Cost": 7.0, "Plan Rows": 200, "Plan Width": 4, "Plans": [{"Node Type": "Seq Scan", "Parent Relationship": "Outer", "Parallel Aware": false, "Async Capable": false, "Relation Name": "web_page", "Alias": "web_page", "Startup Cost": 0.0, "Total Cost": 7.0, "Plan Rows": 200, "Plan Width": 4}]}]}]}, {"Node Type": "Materialize", "Parent Relationship": "Inner", "Parallel Aware": false, "Async Capable": false, "Startup Cost": 20000065076.87, "Total Cost": 20000289457.19, "Plan Rows": 327, "Plan Width": 34, "Plans": [{"Node Type": "Nested Loop", "Parent Relationship": "Outer", "Parallel Aware": false, "Async Capable": false, "Join Type": "Inner", "Startup Cost": 20000065076.87, "Total Cost": 20000289455.55, "Plan Rows": 327, "Plan Width": 34, "Inner Unique": true, "Join Filter": "((cd1.cd_marital_status = cd2.cd_marital_status) AND (cd1.cd_education_status = cd2.cd_education_status))", "Plans": [{"Node Type": "Nested Loop", "Parent Relationship": "Outer", "Parallel Aware": false, "Async Capable": false, "Join Type": "Inner", "Startup Cost": 10000065076.44, "Total Cost": 10000203242.43, "Plan Rows": 137753, "Plan Width": 38, "Inner Unique": true, "Plans": [{"Node Type": "Hash Join", "Parent Relationship": "Outer", "Parallel Aware": false, "Async Capable": false, "Join Type": "Inner", "Startup Cost": 65076.01, "Total Cost": 89533.92, "Plan Rows": 719217, "Plan Width": 39, "Inner Unique": true, "Hash Cond": "(web_returns.wr_reason_sk = reason.r_reason_sk)", "Plans": [{"Node Type": "Hash Join", "Parent Relationship": "Outer", "Parallel Aware": false, "Async Capable": false, "Join Type": "Inner", "Startup Cost": 65074.0, "Total Cost": 87474.11, "Plan Rows": 719217, "Plan Width": 43, "Inner Unique": true, "Hash Cond": "(web_returns.wr_returning_cdemo_sk = cd2.cd_demo_sk)", "Plans": [{"Node Type": "Seq Scan", "Parent Relationship": "Outer", "Parallel Aware": false, "Async Capable": false, "Relation Name": "web_returns", "Alias": "web_returns", "Startup Cost": 0.0, "Total Cost": 20512.17, "Plan Rows": 719217, "Plan Width": 24}, {"Node Type": "Hash", "Parent Relationship": "Inner", "Parallel Aware": false, "Async Capable": false, "Startup Cost": 41064.0, "Total Cost": 41064.0, "Plan Rows": 1920800, "Plan Width": 27, "Plans": [{"Node Type": "Seq Scan", "Parent Relationship": "Outer", "Parallel Aware": false, "Async Capable": false, "Relation Name": "customer_demographics", "Alias": "cd2", "Startup Cost": 0.0, "Total Cost": 41064.0, "Plan Rows": 1920800, "Plan Width": 27}]}]}, {"Node Type": "Hash", "Parent Relationship": "Inner", "Parallel Aware": false, "Async Capable": false, "Startup Cost": 1.45, "Total Cost": 1.45, "Plan Rows": 45, "Plan Width": 4, "Plans": [{"Node Type": "Seq Scan", "Parent Relationship": "Outer", "Parallel Aware": false, "Async Capable": false, "Relation Name": "reason", "Alias": "reason", "Startup Cost": 0.0, "Total Cost": 1.45, "Plan Rows": 45, "Plan Width": 4}]}]}, {"Node Type": "Memoize", "Parent Relationship": "Inner", "Parallel Aware": false, "Async Capable": false, "Startup Cost": 0.43, "Total Cost": 0.5, "Plan Rows": 1, "Plan Width": 7, "Cache Key": "web_returns.wr_refunded_addr_sk", "Cache Mode": "logical", "Plans": [{"Node Type": "Index Scan", "Parent Relationship": "Outer", "Parallel Aware": false, "Async Capable": false, "Scan Direction": "Forward", "Index Name": "customer_address_pkey", "Relation Name": "customer_address", "Alias": "customer_address", "Startup Cost": 0.42, "Total Cost": 0.49, "Plan Rows": 1, "Plan Width": 7, "Index Cond": "(ca_address_sk = web_returns.wr_refunded_addr_sk)", "Filter": "(((ca_country)::text = 'United States'::text) AND ((ca_state = ANY ('{CO,WI,AR}'::bpchar[])) OR (ca_state = ANY ('{GA,ID,WV}'::bpchar[])) OR (ca_state = ANY ('{VA,AZ,SD}'::bpchar[]))))"}]}]}, {"Node Type": "Index Scan", "Parent Relationship": "Inner", "Parallel Aware": false, "Async Capable": false, "Scan Direction": "Forward", "Index Name": "customer_demographics_pkey", "Relation Name": "customer_demographics", "Alias": "cd1", "Startup Cost": 0.43, "Total Cost": 0.61, "Plan Rows": 1, "Plan Width": 27, "Index Cond": "(cd_demo_sk = web_returns.wr_refunded_cdemo_sk)", "Filter": "(((cd_marital_status = 'U'::bpchar) AND (cd_education_status = 'Secondary'::bpchar)) OR ((cd_marital_status = 'D'::bpchar) AND (cd_education_status = 'College'::bpchar)) OR ((cd_marital_status = 'S'::bpchar) AND (cd_education_status = 'Advanced Degree'::bpchar)))"}]}]}]}]}}, {"Plan": {"Node Type": "Aggregate", "Strategy": "Plain", "Partial Mode": "Simple", "Parallel Aware": false, "Async Capable": false, "Startup Cost": 55044.25, "Total Cost": 55044.26, "Plan Rows": 1, "Plan Width": 8, "Actual Rows": 1, "Actual Loops": 1, "Plans": [{"Node Type": "Nested Loop", "Parent Relationship": "Outer", "Parallel Aware": false, "Async Capable": false, "Join Type": "Inner", "Startup Cost": 9213.21, "Total Cost": 55044.25, "Plan Rows": 1, "Plan Width": 0, "Actual Rows": 12, "Actual Loops": 1, "Inner Unique": true, "Plans": [{"Node Type": "Nested Loop", "Parent Relationship": "Outer", "Parallel Aware": false, "Async Capable": false, "Join Type": "Inner", "Startup Cost": 9213.07, "Total Cost": 55044.08, "Plan Rows": 1, "Plan Width": 4, "Actual Rows": 12, "Actual Loops": 1, "Inner Unique": true, "Plans": [{"Node Type": "Nested Loop", "Parent Relationship": "Outer", "Parallel Aware": false, "Async Capable": false, "Join Type": "Inner", "Startup Cost": 9212.93, "Total Cost": 55043.93, "Plan Rows": 1, "Plan Width": 8, "Actual Rows": 12, "Actual Loops": 1, "Inner Unique": true, "Plans": [{"Node Type": "Gather", "Parent Relationship": "Outer", "Parallel Aware": false, "Async Capable": false, "Startup Cost": 9212.63, "Total Cost": 55043.59, "Plan Rows": 1, "Plan Width": 12, "Actual Rows": 69, "Actual Loops": 1, "Workers Planned": 3, "Workers Launched": 3, "Single Copy": false, "Plans": [{"Node Type": "Nested Loop", "Parent Relationship": "Outer", "Parallel Aware": false, "Async Capable": false, "Join Type": "Inner", "Startup Cost": 8212.63, "Total Cost": 54043.49, "Plan Rows": 1, "Plan Width": 12, "Actual Rows": 17, "Actual Loops": 4, "Inner Unique": true, "Join Filter": "((((customer_address.ca_state = ANY ('{CO,WI,AR}'::bpchar[])) AND (web_sales.ws_net_profit >= '100'::numeric) AND (web_sales.ws_net_profit <= '200'::numeric)) OR ((customer_address.ca_state = ANY ('{GA,ID,WV}'::bpchar[])) AND (web_sales.ws_net_profit >= '150'::numeric) AND (web_sales.ws_net_profit <= '300'::numeric)) OR ((customer_address.ca_state = ANY ('{VA,AZ,SD}'::bpchar[])) AND (web_sales.ws_net_profit >= '50'::numeric) AND (web_sales.ws_net_profit <= '250'::numeric))) AND (((cd1.cd_marital_status = 'U'::bpchar) AND (cd1.cd_education_status = 'Secondary'::bpchar) AND (web_sales.ws_sales_price >= 100.00) AND (web_sales.ws_sales_price <= 150.00)) OR ((cd1.cd_marital_status = 'D'::bpchar) AND (cd1.cd_education_status = 'College'::bpchar) AND (web_sales.ws_sales_price >= 50.00) AND (web_sales.ws_sales_price <= 100.00)) OR ((cd1.cd_marital_status = 'S'::bpchar) AND (cd1.cd_education_status = 'Advanced Degree'::bpchar) AND (web_sales.ws_sales_price >= 150.00) AND (web_sales.ws_sales_price <= 200.00))))", "Rows Removed by Join Filter": 86, "Workers": [], "Plans": [{"Node Type": "Nested Loop", "Parent Relationship": "Outer", "Parallel Aware": false, "Async Capable": false, "Join Type": "Inner", "Startup Cost": 8212.2, "Total Cost": 53860.17, "Plan Rows": 105, "Plan Width": 38, "Actual Rows": 2930, "Actual Loops": 4, "Inner Unique": true, "Join Filter": "((cd1.cd_marital_status = cd2.cd_marital_status) AND (cd1.cd_education_status = cd2.cd_education_status))", "Rows Removed by Join Filter": 0, "Workers": [], "Plans": [{"Node Type": "Nested Loop", "Parent Relationship": "Outer", "Parallel Aware": false, "Async Capable": false, "Join Type": "Inner", "Startup Cost": 8211.77, "Total Cost": 51604.29, "Plan Rows": 3693, "Plan Width": 42, "Actual Rows": 2966, "Actual Loops": 4, "Inner Unique": true, "Workers": [], "Plans": [{"Node Type": "Hash Join", "Parent Relationship": "Outer", "Parallel Aware": true, "Async Capable": false, "Join Type": "Inner", "Startup Cost": 8211.35, "Total Cost": 24460.42, "Plan Rows": 44436, "Plan Width": 23, "Actual Rows": 35846, "Actual Loops": 4, "Inner Unique": true, "Hash Cond": "(web_returns.wr_refunded_addr_sk = customer_address.ca_address_sk)", "Workers": [], "Plans": [{"Node Type": "Seq Scan", "Parent Relationship": "Outer", "Parallel Aware": true, "Async Capable": false, "Relation Name": "web_returns", "Alias": "web_returns", "Startup Cost": 0.0, "Total Cost": 15640.05, "Plan Rows": 232005, "Plan Width": 24, "Actual Rows": 179804, "Actual Loops": 4, "Workers": []}, {"Node Type": "Hash", "Parent Relationship": "Inner", "Parallel Aware": true, "Async Capable": false, "Startup Cost": 7961.96, "Total Cost": 7961.96, "Plan Rows": 19951, "Plan Width": 7, "Actual Rows": 13047, "Actual Loops": 4, "Hash Buckets": 65536, "Original Hash Buckets": 65536, "Hash Batches": 1, "Original Hash Batches": 1, "Peak Memory Usage": 2592, "Workers": [], "Plans": [{"Node Type": "Seq Scan", "Parent Relationship": "Outer", "Parallel Aware": true, "Async Capable": false, "Relation Name": "customer_address", "Alias": "customer_address", "Startup Cost": 0.0, "Total Cost": 7961.96, "Plan Rows": 19951, "Plan Width": 7, "Actual Rows": 13047, "Actual Loops": 4, "Filter": "(((ca_country)::text = 'United States'::text) AND ((ca_state = ANY ('{CO,WI,AR}'::bpchar[])) OR (ca_state = ANY ('{GA,ID,WV}'::bpchar[])) OR (ca_state = ANY ('{VA,AZ,SD}'::bpchar[]))))", "Rows Removed by Filter": 49453, "Workers": []}]}]}, {"Node Type": "Index Scan", "Parent Relationship": "Inner", "Parallel Aware": false, "Async Capable": false, "Scan Direction": "Forward", "Index Name": "customer_demographics_pkey", "Relation Name": "customer_demographics", "Alias": "cd1", "Startup Cost": 0.43, "Total Cost": 0.61, "Plan Rows": 1, "Plan Width": 27, "Actual Rows": 0, "Actual Loops": 143385, "Index Cond": "(cd_demo_sk = web_returns.wr_refunded_cdemo_sk)", "Rows Removed by Index Recheck": 0, "Filter": "(((cd_marital_status = 'U'::bpchar) AND (cd_education_status = 'Secondary'::bpchar)) OR ((cd_marital_status = 'D'::bpchar) AND (cd_education_status = 'College'::bpchar)) OR ((cd_marital_status = 'S'::bpchar) AND (cd_education_status = 'Advanced Degree'::bpchar)))", "Rows Removed by Filter": 1, "Workers": []}]}, {"Node Type": "Index Scan", "Parent Relationship": "Inner", "Parallel Aware": false, "Async Capable": false, "Scan Direction": "Forward", "Index Name": "customer_demographics_pkey", "Relation Name": "customer_demographics", "Alias": "cd2", "Startup Cost": 0.43, "Total Cost": 0.6, "Plan Rows": 1, "Plan Width": 27, "Actual Rows": 1, "Actual Loops": 11866, "Index Cond": "(cd_demo_sk = web_returns.wr_returning_cdemo_sk)", "Rows Removed by Index Recheck": 0, "Workers": []}]}, {"Node Type": "Index Scan", "Parent Relationship": "Inner", "Parallel Aware": false, "Async Capable": false, "Scan Direction": "Forward", "Index Name": "web_sales_pkey", "Relation Name": "web_sales", "Alias": "web_sales", "Startup Cost": 0.43, "Total Cost": 1.68, "Plan Rows": 1, "Plan Width": 28, "Actual Rows": 0, "Actual Loops": 11722, "Index Cond": "((ws_item_sk = web_returns.wr_item_sk) AND (ws_order_number = web_returns.wr_order_number))", "Rows Removed by Index Recheck": 0, "Filter": "((((ws_sales_price >= 100.00) AND (ws_sales_price <= 150.00)) OR ((ws_sales_price >= 50.00) AND (ws_sales_price <= 100.00)) OR ((ws_sales_price >= 150.00) AND (ws_sales_price <= 200.00))) AND (((ws_net_profit >= '100'::numeric) AND (ws_net_profit <= '200'::numeric)) OR ((ws_net_profit >= '150'::numeric) AND (ws_net_profit <= '300'::numeric)) OR ((ws_net_profit >= '50'::numeric) AND (ws_net_profit <= '250'::numeric))))", "Rows Removed by Filter": 1, "Workers": []}]}]}, {"Node Type": "Index Scan", "Parent Relationship": "Inner", "Parallel Aware": false, "Async Capable": false, "Scan Direction": "Forward", "Index Name": "date_dim_pkey", "Relation Name": "date_dim", "Alias": "date_dim", "Startup Cost": 0.29, "Total Cost": 0.33, "Plan Rows": 1, "Plan Width": 4, "Actual Rows": 0, "Actual Loops": 69, "Index Cond": "(d_date_sk = web_sales.ws_sold_date_sk)", "Rows Removed by Index Recheck": 0, "Filter": "(d_year = 1999)", "Rows Removed by Filter": 1}]}, {"Node Type": "Index Only Scan", "Parent Relationship": "Inner", "Parallel Aware": false, "Async Capable": false, "Scan Direction": "Forward", "Index Name": "reason_pkey", "Relation Name": "reason", "Alias": "reason", "Startup Cost": 0.14, "Total Cost": 0.16, "Plan Rows": 1, "Plan Width": 4, "Actual Rows": 1, "Actual Loops": 12, "Index Cond": "(r_reason_sk = web_returns.wr_reason_sk)", "Rows Removed by Index Recheck": 0, "Heap Fetches": 12}]}, {"Node Type": "Index Only Scan", "Parent Relationship": "Inner", "Parallel Aware": false, "Async Capable": false, "Scan Direction": "Forward", "Index Name": "web_page_pkey", "Relation Name": "web_page", "Alias": "web_page", "Startup Cost": 0.14, "Total Cost": 0.16, "Plan Rows": 1, "Plan Width": 4, "Actual Rows": 1, "Actual Loops": 12, "Index Cond": "(wp_web_page_sk = web_sales.ws_web_page_sk)", "Rows Removed by Index Recheck": 0, "Heap Fetches": 12}]}]}, "Planning Time": 10.711, "Triggers": [], "Execution Time": 892.019}, {"Plan": {"Node Type": "Aggregate", "Strategy": "Plain", "Partial Mode": "Simple", "Parallel Aware": false, "Async Capable": false, "Startup Cost": 4491386.17, "Total Cost": 4491386.18, "Plan Rows": 1, "Plan Width": 8, "Plans": [{"Node Type": "Hash Join", "Parent Relationship": "Outer", "Parallel Aware": false, "Async Capable": false, "Join Type": "Inner", "Startup Cost": 4275995.77, "Total Cost": 4491386.17, "Plan Rows": 1, "Plan Width": 0, "Inner Unique": false, "Hash Cond": "((web_returns.wr_item_sk = web_sales.ws_item_sk) AND (web_returns.wr_order_number = web_sales.ws_order_number) AND (web_returns.wr_refunded_addr_sk = customer_address.ca_address_sk))", "Join Filter": "(((cd1.cd_marital_status = 'U'::bpchar) AND (cd1.cd_education_status = 'Secondary'::bpchar) AND (web_sales.ws_sales_price >= 100.00) AND (web_sales.ws_sales_price <= 150.00)) OR ((cd1.cd_marital_status = 'D'::bpchar) AND (cd1.cd_education_status = 'College'::bpchar) AND (web_sales.ws_sales_price >= 50.00) AND (web_sales.ws_sales_price <= 100.00)) OR ((cd1.cd_marital_status = 'S'::bpchar) AND (cd1.cd_education_status = 'Advanced Degree'::bpchar) AND (web_sales.ws_sales_price >= 150.00) AND (web_sales.ws_sales_price <= 200.00)))", "Plans": [{"Node Type": "Gather", "Parent Relationship": "Outer", "Parallel Aware": false, "Async Capable": false, "Startup Cost": 38992.45, "Total Cost": 67191.94, "Plan Rows": 1708, "Plan Width": 35, "Workers Planned": 3, "Single Copy": false, "Plans": [{"Node Type": "Hash Join", "Parent Relationship": "Outer", "Parallel Aware": false, "Async Capable": false, "Join Type": "Inner", "Startup Cost": 37992.45, "Total Cost": 66021.14, "Plan Rows": 551, "Plan Width": 35, "Inner Unique": true, "Hash Cond": "(web_returns.wr_reason_sk = reason.r_reason_sk)", "Plans": [{"Node Type": "Nested Loop", "Parent Relationship": "Outer", "Parallel Aware": false, "Async Capable": false, "Join Type": "Inner", "Startup Cost": 37990.44, "Total Cost": 66017.54, "Plan Rows": 551, "Plan Width": 39, "Inner Unique": true, "Join Filter": "((cd1.cd_marital_status = cd2.cd_marital_status) AND (cd1.cd_education_status = cd2.cd_education_status))", "Plans": [{"Node Type": "Hash Join", "Parent Relationship": "Outer", "Parallel Aware": true, "Async Capable": false, "Join Type": "Inner", "Startup Cost": 37990.01, "Total Cost": 54239.08, "Plan Rows": 19282, "Plan Width": 43, "Inner Unique": true, "Hash Cond": "(web_returns.wr_refunded_cdemo_sk = cd1.cd_demo_sk)", "Plans": [{"Node Type": "Seq Scan", "Parent Relationship": "Outer", "Parallel Aware": true, "Async Capable": false, "Relation Name": "web_returns", "Alias": "web_returns", "Startup Cost": 0.0, "Total Cost": 15640.05, "Plan Rows": 232005, "Plan Width": 24}, {"Node Type": "Hash", "Parent Relationship": "Inner", "Parallel Aware": true, "Async Capable": false, "Startup Cost": 37346.32, "Total Cost": 37346.32, "Plan Rows": 51495, "Plan Width": 27, "Plans": [{"Node Type": "Seq Scan", "Parent Relationship": "Outer", "Parallel Aware": true, "Async Capable": false, "Relation Name": "customer_demographics", "Alias": "cd1", "Startup Cost": 0.0, "Total Cost": 37346.32, "Plan Rows": 51495, "Plan Width": 27, "Filter": "(((cd_marital_status = 'U'::bpchar) AND (cd_education_status = 'Secondary'::bpchar)) OR ((cd_marital_status = 'D'::bpchar) AND (cd_education_status = 'College'::bpchar)) OR ((cd_marital_status = 'S'::bpchar) AND (cd_education_status = 'Advanced Degree'::bpchar)))"}]}]}, {"Node Type": "Index Scan", "Parent Relationship": "Inner", "Parallel Aware": false, "Async Capable": false, "Scan Direction": "Forward", "Index Name": "customer_demographics_pkey", "Relation Name": "customer_demographics", "Alias": "cd2", "Startup Cost": 0.43, "Total Cost": 0.6, "Plan Rows": 1, "Plan Width": 27, "Index Cond": "(cd_demo_sk = web_returns.wr_returning_cdemo_sk)"}]}, {"Node Type": "Hash", "Parent Relationship": "Inner", "Parallel Aware": false, "Async Capable": false, "Startup Cost": 1.45, "Total Cost": 1.45, "Plan Rows": 45, "Plan Width": 4, "Plans": [{"Node Type": "Seq Scan", "Parent Relationship": "Outer", "Parallel Aware": false, "Async Capable": false, "Relation Name": "reason", "Alias": "reason", "Startup Cost": 0.0, "Total Cost": 1.45, "Plan Rows": 45, "Plan Width": 4}]}]}]}, {"Node Type": "Hash", "Parent Relationship": "Inner", "Parallel Aware": false, "Async Capable": false, "Startup Cost": 3507549.31, "Total Cost": 3507549.31, "Plan Rows": 31227429, "Plan Width": 18, "Plans": [{"Node Type": "Nested Loop", "Parent Relationship": "Outer", "Parallel Aware": false, "Async Capable": false, "Join Type": "Inner", "Startup Cost": 2973.73, "Total Cost": 3507549.31, "Plan Rows": 31227429, "Plan Width": 18, "Inner Unique": false, "Join Filter": "(((customer_address.ca_state = ANY ('{CO,WI,AR}'::bpchar[])) AND (web_sales.ws_net_profit >= '100'::numeric) AND (web_sales.ws_net_profit <= '200'::numeric)) OR ((customer_address.ca_state = ANY ('{GA,ID,WV}'::bpchar[])) AND (web_sales.ws_net_profit >= '150'::numeric) AND (web_sales.ws_net_profit <= '300'::numeric)) OR ((customer_address.ca_state = ANY ('{VA,AZ,SD}'::bpchar[])) AND (web_sales.ws_net_profit >= '50'::numeric) AND (web_sales.ws_net_profit <= '250'::numeric)))", "Plans": [{"Node Type": "Index Scan", "Parent Relationship": "Outer", "Parallel Aware": false, "Async Capable": false, "Scan Direction": "Forward", "Index Name": "customer_address_pkey", "Relation Name": "customer_address", "Alias": "customer_address", "Startup Cost": 0.42, "Total Cost": 15427.62, "Plan Rows": 47883, "Plan Width": 7, "Filter": "(((ca_country)::text = 'United States'::text) AND ((ca_state = ANY ('{CO,WI,AR}'::bpchar[])) OR (ca_state = ANY ('{GA,ID,WV}'::bpchar[])) OR (ca_state = ANY ('{VA,AZ,SD}'::bpchar[]))))"}, {"Node Type": "Materialize", "Parent Relationship": "Inner", "Parallel Aware": false, "Async Capable": false, "Startup Cost": 2973.31, "Total Cost": 248771.06, "Plan Rows": 1748, "Plan Width": 20, "Plans": [{"Node Type": "Gather", "Parent Relationship": "Outer", "Parallel Aware": false, "Async Capable": false, "Startup Cost": 2973.31, "Total Cost": 248762.32, "Plan Rows": 1748, "Plan Width": 20, "Workers Planned": 5, "Single Copy": false, "Plans": [{"Node Type": "Hash Join", "Parent Relationship": "Outer", "Parallel Aware": false, "Async Capable": false, "Join Type": "Inner", "Startup Cost": 1973.31, "Total Cost": 247587.52, "Plan Rows": 350, "Plan Width": 20, "Inner Unique": true, "Hash Cond": "(web_sales.ws_web_page_sk = web_page.wp_web_page_sk)", "Plans": [{"Node Type": "Hash Join", "Parent Relationship": "Outer", "Parallel Aware": true, "Async Capable": false, "Join Type": "Inner", "Startup Cost": 1963.81, "Total Cost": 247577.08, "Plan Rows": 350, "Plan Width": 24, "Inner Unique": true, "Hash Cond": "(web_sales.ws_sold_date_sk = date_dim.d_date_sk)", "Plans": [{"Node Type": "Seq Scan", "Parent Relationship": "Outer", "Parallel Aware": true, "Async Capable": false, "Relation Name": "web_sales", "Alias": "web_sales", "Startup Cost": 0.0, "Total Cost": 245429.58, "Plan Rows": 69972, "Plan Width": 28, "Filter": "((((ws_sales_price >= 100.00) AND (ws_sales_price <= 150.00)) OR ((ws_sales_price >= 50.00) AND (ws_sales_price <= 100.00)) OR ((ws_sales_price >= 150.00) AND (ws_sales_price <= 200.00))) AND (((ws_net_profit >= '100'::numeric) AND (ws_net_profit <= '200'::numeric)) OR ((ws_net_profit >= '150'::numeric) AND (ws_net_profit <= '300'::numeric)) OR ((ws_net_profit >= '50'::numeric) AND (ws_net_profit <= '250'::numeric))))"}, {"Node Type": "Hash", "Parent Relationship": "Inner", "Parallel Aware": true, "Async Capable": false, "Startup Cost": 1961.12, "Total Cost": 1961.12, "Plan Rows": 215, "Plan Width": 4, "Plans": [{"Node Type": "Seq Scan", "Parent Relationship": "Outer", "Parallel Aware": true, "Async Capable": false, "Relation Name": "date_dim", "Alias": "date_dim", "Startup Cost": 0.0, "Total Cost": 1961.12, "Plan Rows": 215, "Plan Width": 4, "Filter": "(d_year = 1999)"}]}]}, {"Node Type": "Hash", "Parent Relationship": "Inner", "Parallel Aware": false, "Async Capable": false, "Startup Cost": 7.0, "Total Cost": 7.0, "Plan Rows": 200, "Plan Width": 4, "Plans": [{"Node Type": "Seq Scan", "Parent Relationship": "Outer", "Parallel Aware": false, "Async Capable": false, "Relation Name": "web_page", "Alias": "web_page", "Startup Cost": 0.0, "Total Cost": 7.0, "Plan Rows": 200, "Plan Width": 4}]}]}]}]}]}]}]}]}}, {"Plan": {"Node Type": "Aggregate", "Strategy": "Plain", "Partial Mode": "Simple", "Parallel Aware": false, "Async Capable": false, "Startup Cost": 55044.25, "Total Cost": 55044.26, "Plan Rows": 1, "Plan Width": 8, "Actual Rows": 1, "Actual Loops": 1, "Plans": [{"Node Type": "Nested Loop", "Parent Relationship": "Outer", "Parallel Aware": false, "Async Capable": false, "Join Type": "Inner", "Startup Cost": 9213.21, "Total Cost": 55044.25, "Plan Rows": 1, "Plan Width": 0, "Actual Rows": 12, "Actual Loops": 1, "Inner Unique": true, "Plans": [{"Node Type": "Nested Loop", "Parent Relationship": "Outer", "Parallel Aware": false, "Async Capable": false, "Join Type": "Inner", "Startup Cost": 9212.92, "Total Cost": 55043.92, "Plan Rows": 1, "Plan Width": 4, "Actual Rows": 68, "Actual Loops": 1, "Inner Unique": true, "Plans": [{"Node Type": "Nested Loop", "Parent Relationship": "Outer", "Parallel Aware": false, "Async Capable": false, "Join Type": "Inner", "Startup Cost": 9212.78, "Total Cost": 55043.76, "Plan Rows": 1, "Plan Width": 8, "Actual Rows": 69, "Actual Loops": 1, "Inner Unique": true, "Plans": [{"Node Type": "Gather", "Parent Relationship": "Outer", "Parallel Aware": false, "Async Capable": false, "Startup Cost": 9212.63, "Total Cost": 55043.59, "Plan Rows": 1, "Plan Width": 12, "Actual Rows": 69, "Actual Loops": 1, "Workers Planned": 3, "Workers Launched": 3, "Single Copy": false, "Plans": [{"Node Type": "Nested Loop", "Parent Relationship": "Outer", "Parallel Aware": false, "Async Capable": false, "Join Type": "Inner", "Startup Cost": 8212.63, "Total Cost": 54043.49, "Plan Rows": 1, "Plan Width": 12, "Actual Rows": 17, "Actual Loops": 4, "Inner Unique": true, "Join Filter": "((((customer_address.ca_state = ANY ('{CO,WI,AR}'::bpchar[])) AND (web_sales.ws_net_profit >= '100'::numeric) AND (web_sales.ws_net_profit <= '200'::numeric)) OR ((customer_address.ca_state = ANY ('{GA,ID,WV}'::bpchar[])) AND (web_sales.ws_net_profit >= '150'::numeric) AND (web_sales.ws_net_profit <= '300'::numeric)) OR ((customer_address.ca_state = ANY ('{VA,AZ,SD}'::bpchar[])) AND (web_sales.ws_net_profit >= '50'::numeric) AND (web_sales.ws_net_profit <= '250'::numeric))) AND (((cd1.cd_marital_status = 'U'::bpchar) AND (cd1.cd_education_status = 'Secondary'::bpchar) AND (web_sales.ws_sales_price >= 100.00) AND (web_sales.ws_sales_price <= 150.00)) OR ((cd1.cd_marital_status = 'D'::bpchar) AND (cd1.cd_education_status = 'College'::bpchar) AND (web_sales.ws_sales_price >= 50.00) AND (web_sales.ws_sales_price <= 100.00)) OR ((cd1.cd_marital_status = 'S'::bpchar) AND (cd1.cd_education_status = 'Advanced Degree'::bpchar) AND (web_sales.ws_sales_price >= 150.00) AND (web_sales.ws_sales_price <= 200.00))))", "Rows Removed by Join Filter": 86, "Workers": [], "Plans": [{"Node Type": "Nested Loop", "Parent Relationship": "Outer", "Parallel Aware": false, "Async Capable": false, "Join Type": "Inner", "Startup Cost": 8212.2, "Total Cost": 53860.17, "Plan Rows": 105, "Plan Width": 38, "Actual Rows": 2930, "Actual Loops": 4, "Inner Unique": true, "Join Filter": "((cd1.cd_marital_status = cd2.cd_marital_status) AND (cd1.cd_education_status = cd2.cd_education_status))", "Rows Removed by Join Filter": 0, "Workers": [], "Plans": [{"Node Type": "Nested Loop", "Parent Relationship": "Outer", "Parallel Aware": false, "Async Capable": false, "Join Type": "Inner", "Startup Cost": 8211.77, "Total Cost": 51604.29, "Plan Rows": 3693, "Plan Width": 42, "Actual Rows": 2966, "Actual Loops": 4, "Inner Unique": true, "Workers": [], "Plans": [{"Node Type": "Hash Join", "Parent Relationship": "Outer", "Parallel Aware": true, "Async Capable": false, "Join Type": "Inner", "Startup Cost": 8211.35, "Total Cost": 24460.42, "Plan Rows": 44436, "Plan Width": 23, "Actual Rows": 35846, "Actual Loops": 4, "Inner Unique": true, "Hash Cond": "(web_returns.wr_refunded_addr_sk = customer_address.ca_address_sk)", "Workers": [], "Plans": [{"Node Type": "Seq Scan", "Parent Relationship": "Outer", "Parallel Aware": true, "Async Capable": false, "Relation Name": "web_returns", "Alias": "web_returns", "Startup Cost": 0.0, "Total Cost": 15640.05, "Plan Rows": 232005, "Plan Width": 24, "Actual Rows": 179804, "Actual Loops": 4, "Workers": []}, {"Node Type": "Hash", "Parent Relationship": "Inner", "Parallel Aware": true, "Async Capable": false, "Startup Cost": 7961.96, "Total Cost": 7961.96, "Plan Rows": 19951, "Plan Width": 7, "Actual Rows": 13047, "Actual Loops": 4, "Hash Buckets": 65536, "Original Hash Buckets": 65536, "Hash Batches": 1, "Original Hash Batches": 1, "Peak Memory Usage": 2592, "Workers": [], "Plans": [{"Node Type": "Seq Scan", "Parent Relationship": "Outer", "Parallel Aware": true, "Async Capable": false, "Relation Name": "customer_address", "Alias": "customer_address", "Startup Cost": 0.0, "Total Cost": 7961.96, "Plan Rows": 19951, "Plan Width": 7, "Actual Rows": 13047, "Actual Loops": 4, "Filter": "(((ca_country)::text = 'United States'::text) AND ((ca_state = ANY ('{CO,WI,AR}'::bpchar[])) OR (ca_state = ANY ('{GA,ID,WV}'::bpchar[])) OR (ca_state = ANY ('{VA,AZ,SD}'::bpchar[]))))", "Rows Removed by Filter": 49453, "Workers": []}]}]}, {"Node Type": "Index Scan", "Parent Relationship": "Inner", "Parallel Aware": false, "Async Capable": false, "Scan Direction": "Forward", "Index Name": "customer_demographics_pkey", "Relation Name": "customer_demographics", "Alias": "cd1", "Startup Cost": 0.43, "Total Cost": 0.61, "Plan Rows": 1, "Plan Width": 27, "Actual Rows": 0, "Actual Loops": 143385, "Index Cond": "(cd_demo_sk = web_returns.wr_refunded_cdemo_sk)", "Rows Removed by Index Recheck": 0, "Filter": "(((cd_marital_status = 'U'::bpchar) AND (cd_education_status = 'Secondary'::bpchar)) OR ((cd_marital_status = 'D'::bpchar) AND (cd_education_status = 'College'::bpchar)) OR ((cd_marital_status = 'S'::bpchar) AND (cd_education_status = 'Advanced Degree'::bpchar)))", "Rows Removed by Filter": 1, "Workers": []}]}, {"Node Type": "Index Scan", "Parent Relationship": "Inner", "Parallel Aware": false, "Async Capable": false, "Scan Direction": "Forward", "Index Name": "customer_demographics_pkey", "Relation Name": "customer_demographics", "Alias": "cd2", "Startup Cost": 0.43, "Total Cost": 0.6, "Plan Rows": 1, "Plan Width": 27, "Actual Rows": 1, "Actual Loops": 11866, "Index Cond": "(cd_demo_sk = web_returns.wr_returning_cdemo_sk)", "Rows Removed by Index Recheck": 0, "Workers": []}]}, {"Node Type": "Index Scan", "Parent Relationship": "Inner", "Parallel Aware": false, "Async Capable": false, "Scan Direction": "Forward", "Index Name": "web_sales_pkey", "Relation Name": "web_sales", "Alias": "web_sales", "Startup Cost": 0.43, "Total Cost": 1.68, "Plan Rows": 1, "Plan Width": 28, "Actual Rows": 0, "Actual Loops": 11722, "Index Cond": "((ws_item_sk = web_returns.wr_item_sk) AND (ws_order_number = web_returns.wr_order_number))", "Rows Removed by Index Recheck": 0, "Filter": "((((ws_sales_price >= 100.00) AND (ws_sales_price <= 150.00)) OR ((ws_sales_price >= 50.00) AND (ws_sales_price <= 100.00)) OR ((ws_sales_price >= 150.00) AND (ws_sales_price <= 200.00))) AND (((ws_net_profit >= '100'::numeric) AND (ws_net_profit <= '200'::numeric)) OR ((ws_net_profit >= '150'::numeric) AND (ws_net_profit <= '300'::numeric)) OR ((ws_net_profit >= '50'::numeric) AND (ws_net_profit <= '250'::numeric))))", "Rows Removed by Filter": 1, "Workers": []}]}]}, {"Node Type": "Index Only Scan", "Parent Relationship": "Inner", "Parallel Aware": false, "Async Capable": false, "Scan Direction": "Forward", "Index Name": "web_page_pkey", "Relation Name": "web_page", "Alias": "web_page", "Startup Cost": 0.14, "Total Cost": 0.16, "Plan Rows": 1, "Plan Width": 4, "Actual Rows": 1, "Actual Loops": 69, "Index Cond": "(wp_web_page_sk = web_sales.ws_web_page_sk)", "Rows Removed by Index Recheck": 0, "Heap Fetches": 69}]}, {"Node Type": "Index Only Scan", "Parent Relationship": "Inner", "Parallel Aware": false, "Async Capable": false, "Scan Direction": "Forward", "Index Name": "reason_pkey", "Relation Name": "reason", "Alias": "reason", "Startup Cost": 0.14, "Total Cost": 0.16, "Plan Rows": 1, "Plan Width": 4, "Actual Rows": 1, "Actual Loops": 69, "Index Cond": "(r_reason_sk = web_returns.wr_reason_sk)", "Rows Removed by Index Recheck": 0, "Heap Fetches": 68}]}, {"Node Type": "Index Scan", "Parent Relationship": "Inner", "Parallel Aware": false, "Async Capable": false, "Scan Direction": "Forward", "Index Name": "date_dim_pkey", "Relation Name": "date_dim", "Alias": "date_dim", "Startup Cost": 0.29, "Total Cost": 0.33, "Plan Rows": 1, "Plan Width": 4, "Actual Rows": 0, "Actual Loops": 68, "Index Cond": "(d_date_sk = web_sales.ws_sold_date_sk)", "Rows Removed by Index Recheck": 0, "Filter": "(d_year = 1999)", "Rows Removed by Filter": 1}]}]}, "Planning Time": 11.681, "Triggers": [], "Execution Time": 915.007}, {"Plan": {"Node Type": "Aggregate", "Strategy": "Plain", "Partial Mode": "Simple", "Parallel Aware": false, "Async Capable": false, "Startup Cost": 3663089.99, "Total Cost": 3663090.0, "Plan Rows": 1, "Plan Width": 8, "Plans": [{"Node Type": "Merge Join", "Parent Relationship": "Outer", "Parallel Aware": false, "Async Capable": false, "Join Type": "Inner", "Startup Cost": 70257.37, "Total Cost": 3663089.99, "Plan Rows": 1, "Plan Width": 0, "Inner Unique": false, "Merge Cond": "(customer_address.ca_address_sk = web_returns.wr_refunded_addr_sk)", "Join Filter": "((web_sales.ws_item_sk = web_returns.wr_item_sk) AND (web_sales.ws_order_number = web_returns.wr_order_number) AND (((cd1.cd_marital_status = 'U'::bpchar) AND (cd1.cd_education_status = 'Secondary'::bpchar) AND (web_sales.ws_sales_price >= 100.00) AND (web_sales.ws_sales_price <= 150.00)) OR ((cd1.cd_marital_status = 'D'::bpchar) AND (cd1.cd_education_status = 'College'::bpchar) AND (web_sales.ws_sales_price >= 50.00) AND (web_sales.ws_sales_price <= 100.00)) OR ((cd1.cd_marital_status = 'S'::bpchar) AND (cd1.cd_education_status = 'Advanced Degree'::bpchar) AND (web_sales.ws_sales_price >= 150.00) AND (web_sales.ws_sales_price <= 200.00))))", "Plans": [{"Node Type": "Nested Loop", "Parent Relationship": "Outer", "Parallel Aware": false, "Async Capable": false, "Join Type": "Inner", "Startup Cost": 2973.73, "Total Cost": 3507549.31, "Plan Rows": 31227429, "Plan Width": 18, "Inner Unique": false, "Join Filter": "(((customer_address.ca_state = ANY ('{CO,WI,AR}'::bpchar[])) AND (web_sales.ws_net_profit >= '100'::numeric) AND (web_sales.ws_net_profit <= '200'::numeric)) OR ((customer_address.ca_state = ANY ('{GA,ID,WV}'::bpchar[])) AND (web_sales.ws_net_profit >= '150'::numeric) AND (web_sales.ws_net_profit <= '300'::numeric)) OR ((customer_address.ca_state = ANY ('{VA,AZ,SD}'::bpchar[])) AND (web_sales.ws_net_profit >= '50'::numeric) AND (web_sales.ws_net_profit <= '250'::numeric)))", "Plans": [{"Node Type": "Index Scan", "Parent Relationship": "Outer", "Parallel Aware": false, "Async Capable": false, "Scan Direction": "Forward", "Index Name": "customer_address_pkey", "Relation Name": "customer_address", "Alias": "customer_address", "Startup Cost": 0.42, "Total Cost": 15427.62, "Plan Rows": 47883, "Plan Width": 7, "Filter": "(((ca_country)::text = 'United States'::text) AND ((ca_state = ANY ('{CO,WI,AR}'::bpchar[])) OR (ca_state = ANY ('{GA,ID,WV}'::bpchar[])) OR (ca_state = ANY ('{VA,AZ,SD}'::bpchar[]))))"}, {"Node Type": "Materialize", "Parent Relationship": "Inner", "Parallel Aware": false, "Async Capable": false, "Startup Cost": 2973.31, "Total Cost": 248771.06, "Plan Rows": 1748, "Plan Width": 20, "Plans": [{"Node Type": "Gather", "Parent Relationship": "Outer", "Parallel Aware": false, "Async Capable": false, "Startup Cost": 2973.31, "Total Cost": 248762.32, "Plan Rows": 1748, "Plan Width": 20, "Workers Planned": 5, "Single Copy": false, "Plans": [{"Node Type": "Hash Join", "Parent Relationship": "Outer", "Parallel Aware": false, "Async Capable": false, "Join Type": "Inner", "Startup Cost": 1973.31, "Total Cost": 247587.52, "Plan Rows": 350, "Plan Width": 20, "Inner Unique": true, "Hash Cond": "(web_sales.ws_web_page_sk = web_page.wp_web_page_sk)", "Plans": [{"Node Type": "Hash Join", "Parent Relationship": "Outer", "Parallel Aware": true, "Async Capable": false, "Join Type": "Inner", "Startup Cost": 1963.81, "Total Cost": 247577.08, "Plan Rows": 350, "Plan Width": 24, "Inner Unique": true, "Hash Cond": "(web_sales.ws_sold_date_sk = date_dim.d_date_sk)", "Plans": [{"Node Type": "Seq Scan", "Parent Relationship": "Outer", "Parallel Aware": true, "Async Capable": false, "Relation Name": "web_sales", "Alias": "web_sales", "Startup Cost": 0.0, "Total Cost": 245429.58, "Plan Rows": 69972, "Plan Width": 28, "Filter": "((((ws_sales_price >= 100.00) AND (ws_sales_price <= 150.00)) OR ((ws_sales_price >= 50.00) AND (ws_sales_price <= 100.00)) OR ((ws_sales_price >= 150.00) AND (ws_sales_price <= 200.00))) AND (((ws_net_profit >= '100'::numeric) AND (ws_net_profit <= '200'::numeric)) OR ((ws_net_profit >= '150'::numeric) AND (ws_net_profit <= '300'::numeric)) OR ((ws_net_profit >= '50'::numeric) AND (ws_net_profit <= '250'::numeric))))"}, {"Node Type": "Hash", "Parent Relationship": "Inner", "Parallel Aware": true, "Async Capable": false, "Startup Cost": 1961.12, "Total Cost": 1961.12, "Plan Rows": 215, "Plan Width": 4, "Plans": [{"Node Type": "Seq Scan", "Parent Relationship": "Outer", "Parallel Aware": true, "Async Capable": false, "Relation Name": "date_dim", "Alias": "date_dim", "Startup Cost": 0.0, "Total Cost": 1961.12, "Plan Rows": 215, "Plan Width": 4, "Filter": "(d_year = 1999)"}]}]}, {"Node Type": "Hash", "Parent Relationship": "Inner", "Parallel Aware": false, "Async Capable": false, "Startup Cost": 7.0, "Total Cost": 7.0, "Plan Rows": 200, "Plan Width": 4, "Plans": [{"Node Type": "Seq Scan", "Parent Relationship": "Outer", "Parallel Aware": false, "Async Capable": false, "Relation Name": "web_page", "Alias": "web_page", "Startup Cost": 0.0, "Total Cost": 7.0, "Plan Rows": 200, "Plan Width": 4}]}]}]}]}]}, {"Node Type": "Sort", "Parent Relationship": "Inner", "Parallel Aware": false, "Async Capable": false, "Startup Cost": 67283.64, "Total Cost": 67287.91, "Plan Rows": 1708, "Plan Width": 35, "Sort Key": ["web_returns.wr_refunded_addr_sk"], "Plans": [{"Node Type": "Gather", "Parent Relationship": "Outer", "Parallel Aware": false, "Async Capable": false, "Startup Cost": 38992.45, "Total Cost": 67191.94, "Plan Rows": 1708, "Plan Width": 35, "Workers Planned": 3, "Single Copy": false, "Plans": [{"Node Type": "Hash Join", "Parent Relationship": "Outer", "Parallel Aware": false, "Async Capable": false, "Join Type": "Inner", "Startup Cost": 37992.45, "Total Cost": 66021.14, "Plan Rows": 551, "Plan Width": 35, "Inner Unique": true, "Hash Cond": "(web_returns.wr_reason_sk = reason.r_reason_sk)", "Plans": [{"Node Type": "Nested Loop", "Parent Relationship": "Outer", "Parallel Aware": false, "Async Capable": false, "Join Type": "Inner", "Startup Cost": 37990.44, "Total Cost": 66017.54, "Plan Rows": 551, "Plan Width": 39, "Inner Unique": true, "Join Filter": "((cd1.cd_marital_status = cd2.cd_marital_status) AND (cd1.cd_education_status = cd2.cd_education_status))", "Plans": [{"Node Type": "Hash Join", "Parent Relationship": "Outer", "Parallel Aware": true, "Async Capable": false, "Join Type": "Inner", "Startup Cost": 37990.01, "Total Cost": 54239.08, "Plan Rows": 19282, "Plan Width": 43, "Inner Unique": true, "Hash Cond": "(web_returns.wr_refunded_cdemo_sk = cd1.cd_demo_sk)", "Plans": [{"Node Type": "Seq Scan", "Parent Relationship": "Outer", "Parallel Aware": true, "Async Capable": false, "Relation Name": "web_returns", "Alias": "web_returns", "Startup Cost": 0.0, "Total Cost": 15640.05, "Plan Rows": 232005, "Plan Width": 24}, {"Node Type": "Hash", "Parent Relationship": "Inner", "Parallel Aware": true, "Async Capable": false, "Startup Cost": 37346.32, "Total Cost": 37346.32, "Plan Rows": 51495, "Plan Width": 27, "Plans": [{"Node Type": "Seq Scan", "Parent Relationship": "Outer", "Parallel Aware": true, "Async Capable": false, "Relation Name": "customer_demographics", "Alias": "cd1", "Startup Cost": 0.0, "Total Cost": 37346.32, "Plan Rows": 51495, "Plan Width": 27, "Filter": "(((cd_marital_status = 'U'::bpchar) AND (cd_education_status = 'Secondary'::bpchar)) OR ((cd_marital_status = 'D'::bpchar) AND (cd_education_status = 'College'::bpchar)) OR ((cd_marital_status = 'S'::bpchar) AND (cd_education_status = 'Advanced Degree'::bpchar)))"}]}]}, {"Node Type": "Index Scan", "Parent Relationship": "Inner", "Parallel Aware": false, "Async Capable": false, "Scan Direction": "Forward", "Index Name": "customer_demographics_pkey", "Relation Name": "customer_demographics", "Alias": "cd2", "Startup Cost": 0.43, "Total Cost": 0.6, "Plan Rows": 1, "Plan Width": 27, "Index Cond": "(cd_demo_sk = web_returns.wr_returning_cdemo_sk)"}]}, {"Node Type": "Hash", "Parent Relationship": "Inner", "Parallel Aware": false, "Async Capable": false, "Startup Cost": 1.45, "Total Cost": 1.45, "Plan Rows": 45, "Plan Width": 4, "Plans": [{"Node Type": "Seq Scan", "Parent Relationship": "Outer", "Parallel Aware": false, "Async Capable": false, "Relation Name": "reason", "Alias": "reason", "Startup Cost": 0.0, "Total Cost": 1.45, "Plan Rows": 45, "Plan Width": 4}]}]}]}]}]}]}}, {"Plan": {"Node Type": "Aggregate", "Strategy": "Plain", "Partial Mode": "Simple", "Parallel Aware": false, "Async Capable": false, "Startup Cost": 302454.36, "Total Cost": 302454.37, "Plan Rows": 1, "Plan Width": 8, "Actual Rows": 1, "Actual Loops": 1, "Plans": [{"Node Type": "Gather", "Parent Relationship": "Outer", "Parallel Aware": false, "Async Capable": false, "Startup Cost": 56837.36, "Total Cost": 302454.36, "Plan Rows": 1, "Plan Width": 0, "Actual Rows": 12, "Actual Loops": 1, "Workers Planned": 5, "Workers Launched": 5, "Single Copy": false, "Plans": [{"Node Type": "Hash Join", "Parent Relationship": "Outer", "Parallel Aware": true, "Async Capable": false, "Join Type": "Inner", "Startup Cost": 55837.36, "Total Cost": 301454.26, "Plan Rows": 1, "Plan Width": 0, "Actual Rows": 2, "Actual Loops": 6, "Inner Unique": false, "Hash Cond": "((web_sales.ws_item_sk = web_returns.wr_item_sk) AND (web_sales.ws_order_number = web_returns.wr_order_number))", "Join Filter": "((((customer_address.ca_state = ANY ('{CO,WI,AR}'::bpchar[])) AND (web_sales.ws_net_profit >= '100'::numeric) AND (web_sales.ws_net_profit <= '200'::numeric)) OR ((customer_address.ca_state = ANY ('{GA,ID,WV}'::bpchar[])) AND (web_sales.ws_net_profit >= '150'::numeric) AND (web_sales.ws_net_profit <= '300'::numeric)) OR ((customer_address.ca_state = ANY ('{VA,AZ,SD}'::bpchar[])) AND (web_sales.ws_net_profit >= '50'::numeric) AND (web_sales.ws_net_profit <= '250'::numeric))) AND (((cd1.cd_marital_status = 'U'::bpchar) AND (cd1.cd_education_status = 'Secondary'::bpchar) AND (web_sales.ws_sales_price >= 100.00) AND (web_sales.ws_sales_price <= 150.00)) OR ((cd1.cd_marital_status = 'D'::bpchar) AND (cd1.cd_education_status = 'College'::bpchar) AND (web_sales.ws_sales_price >= 50.00) AND (web_sales.ws_sales_price <= 100.00)) OR ((cd1.cd_marital_status = 'S'::bpchar) AND (cd1.cd_education_status = 'Advanced Degree'::bpchar) AND (web_sales.ws_sales_price >= 150.00) AND (web_sales.ws_sales_price <= 200.00))))", "Rows Removed by Join Filter": 12, "Workers": [], "Plans": [{"Node Type": "Hash Join", "Parent Relationship": "Outer", "Parallel Aware": false, "Async Capable": false, "Join Type": "Inner", "Startup Cost": 1973.31, "Total Cost": 247587.52, "Plan Rows": 350, "Plan Width": 20, "Actual Rows": 8516, "Actual Loops": 6, "Inner Unique": true, "Hash Cond": "(web_sales.ws_web_page_sk = web_page.wp_web_page_sk)", "Workers": [], "Plans": [{"Node Type": "Hash Join", "Parent Relationship": "Outer", "Parallel Aware": true, "Async Capable": false, "Join Type": "Inner", "Startup Cost": 1963.81, "Total Cost": 247577.08, "Plan Rows": 350, "Plan Width": 24, "Actual Rows": 8517, "Actual Loops": 6, "Inner Unique": true, "Hash Cond": "(web_sales.ws_sold_date_sk = date_dim.d_date_sk)", "Workers": [], "Plans": [{"Node Type": "Seq Scan", "Parent Relationship": "Outer", "Parallel Aware": true, "Async Capable": false, "Relation Name": "web_sales", "Alias": "web_sales", "Startup Cost": 0.0, "Total Cost": 245429.58, "Plan Rows": 69972, "Plan Width": 28, "Actual Rows": 42698, "Actual Loops": 6, "Filter": "((((ws_sales_price >= 100.00) AND (ws_sales_price <= 150.00)) OR ((ws_sales_price >= 50.00) AND (ws_sales_price <= 100.00)) OR ((ws_sales_price >= 150.00) AND (ws_sales_price <= 200.00))) AND (((ws_net_profit >= '100'::numeric) AND (ws_net_profit <= '200'::numeric)) OR ((ws_net_profit >= '150'::numeric) AND (ws_net_profit <= '300'::numeric)) OR ((ws_net_profit >= '50'::numeric) AND (ws_net_profit <= '250'::numeric))))", "Rows Removed by Filter": 1156896, "Workers": []}, {"Node Type": "Hash", "Parent Relationship": "Inner", "Parallel Aware": true, "Async Capable": false, "Startup Cost": 1961.12, "Total Cost": 1961.12, "Plan Rows": 215, "Plan Width": 4, "Actual Rows": 61, "Actual Loops": 6, "Hash Buckets": 1024, "Original Hash Buckets": 1024, "Hash Batches": 1, "Original Hash Batches": 1, "Peak Memory Usage": 200, "Workers": [], "Plans": [{"Node Type": "Seq Scan", "Parent Relationship": "Outer", "Parallel Aware": true, "Async Capable": false, "Relation Name": "date_dim", "Alias": "date_dim", "Startup Cost": 0.0, "Total Cost": 1961.12, "Plan Rows": 215, "Plan Width": 4, "Actual Rows": 61, "Actual Loops": 6, "Filter": "(d_year = 1999)", "Rows Removed by Filter": 12114, "Workers": []}]}]}, {"Node Type": "Hash", "Parent Relationship": "Inner", "Parallel Aware": false, "Async Capable": false, "Startup Cost": 7.0, "Total Cost": 7.0, "Plan Rows": 200, "Plan Width": 4, "Actual Rows": 200, "Actual Loops": 6, "Hash Buckets": 1024, "Original Hash Buckets": 1024, "Hash Batches": 1, "Original Hash Batches": 1, "Peak Memory Usage": 16, "Workers": [], "Plans": [{"Node Type": "Seq Scan", "Parent Relationship": "Outer", "Parallel Aware": false, "Async Capable": false, "Relation Name": "web_page", "Alias": "web_page", "Startup Cost": 0.0, "Total Cost": 7.0, "Plan Rows": 200, "Plan Width": 4, "Actual Rows": 200, "Actual Loops": 6, "Workers": []}]}]}, {"Node Type": "Hash", "Parent Relationship": "Inner", "Parallel Aware": true, "Async Capable": false, "Startup Cost": 53862.48, "Total Cost": 53862.48, "Plan Rows": 105, "Plan Width": 34, "Actual Rows": 1942, "Actual Loops": 6, "Hash Buckets": 16384, "Original Hash Buckets": 1024, "Hash Batches": 1, "Original Hash Batches": 1, "Peak Memory Usage": 1208, "Workers": [], "Plans": [{"Node Type": "Hash Join", "Parent Relationship": "Outer", "Parallel Aware": false, "Async Capable": false, "Join Type": "Inner", "Startup Cost": 8214.21, "Total Cost": 53862.48, "Plan Rows": 105, "Plan Width": 34, "Actual Rows": 1942, "Actual Loops": 6, "Inner Unique": true, "Hash Cond": "(web_returns.wr_reason_sk = reason.r_reason_sk)", "Workers": [], "Plans": [{"Node Type": "Nested Loop", "Parent Relationship": "Outer", "Parallel Aware": false, "Async Capable": false, "Join Type": "Inner", "Startup Cost": 8212.2, "Total Cost": 53860.17, "Plan Rows": 105, "Plan Width": 38, "Actual Rows": 1954, "Actual Loops": 6, "Inner Unique": true, "Join Filter": "((cd1.cd_marital_status = cd2.cd_marital_status) AND (cd1.cd_education_status = cd2.cd_education_status))", "Rows Removed by Join Filter": 0, "Workers": [], "Plans": [{"Node Type": "Nested Loop", "Parent Relationship": "Outer", "Parallel Aware": false, "Async Capable": false, "Join Type": "Inner", "Startup Cost": 8211.77, "Total Cost": 51604.29, "Plan Rows": 3693, "Plan Width": 42, "Actual Rows": 1978, "Actual Loops": 6, "Inner Unique": true, "Workers": [], "Plans": [{"Node Type": "Hash Join", "Parent Relationship": "Outer", "Parallel Aware": true, "Async Capable": false, "Join Type": "Inner", "Startup Cost": 8211.35, "Total Cost": 24460.42, "Plan Rows": 44436, "Plan Width": 23, "Actual Rows": 23898, "Actual Loops": 6, "Inner Unique": true, "Hash Cond": "(web_returns.wr_refunded_addr_sk = customer_address.ca_address_sk)", "Workers": [], "Plans": [{"Node Type": "Seq Scan", "Parent Relationship": "Outer", "Parallel Aware": true, "Async Capable": false, "Relation Name": "web_returns", "Alias": "web_returns", "Startup Cost": 0.0, "Total Cost": 15640.05, "Plan Rows": 232005, "Plan Width": 24, "Actual Rows": 119870, "Actual Loops": 6, "Workers": []}, {"Node Type": "Hash", "Parent Relationship": "Inner", "Parallel Aware": true, "Async Capable": false, "Startup Cost": 7961.96, "Total Cost": 7961.96, "Plan Rows": 19951, "Plan Width": 7, "Actual Rows": 8698, "Actual Loops": 6, "Hash Buckets": 65536, "Original Hash Buckets": 65536, "Hash Batches": 1, "Original Hash Batches": 1, "Peak Memory Usage": 2688, "Workers": [], "Plans": [{"Node Type": "Seq Scan", "Parent Relationship": "Outer", "Parallel Aware": true, "Async Capable": false, "Relation Name": "customer_address", "Alias": "customer_address", "Startup Cost": 0.0, "Total Cost": 7961.96, "Plan Rows": 19951, "Plan Width": 7, "Actual Rows": 8698, "Actual Loops": 6, "Filter": "(((ca_country)::text = 'United States'::text) AND ((ca_state = ANY ('{CO,WI,AR}'::bpchar[])) OR (ca_state = ANY ('{GA,ID,WV}'::bpchar[])) OR (ca_state = ANY ('{VA,AZ,SD}'::bpchar[]))))", "Rows Removed by Filter": 32968, "Workers": []}]}]}, {"Node Type": "Index Scan", "Parent Relationship": "Inner", "Parallel Aware": false, "Async Capable": false, "Scan Direction": "Forward", "Index Name": "customer_demographics_pkey", "Relation Name": "customer_demographics", "Alias": "cd1", "Startup Cost": 0.43, "Total Cost": 0.61, "Plan Rows": 1, "Plan Width": 27, "Actual Rows": 0, "Actual Loops": 143385, "Index Cond": "(cd_demo_sk = web_returns.wr_refunded_cdemo_sk)", "Rows Removed by Index Recheck": 0, "Filter": "(((cd_marital_status = 'U'::bpchar) AND (cd_education_status = 'Secondary'::bpchar)) OR ((cd_marital_status = 'D'::bpchar) AND (cd_education_status = 'College'::bpchar)) OR ((cd_marital_status = 'S'::bpchar) AND (cd_education_status = 'Advanced Degree'::bpchar)))", "Rows Removed by Filter": 1, "Workers": []}]}, {"Node Type": "Index Scan", "Parent Relationship": "Inner", "Parallel Aware": false, "Async Capable": false, "Scan Direction": "Forward", "Index Name": "customer_demographics_pkey", "Relation Name": "customer_demographics", "Alias": "cd2", "Startup Cost": 0.43, "Total Cost": 0.6, "Plan Rows": 1, "Plan Width": 27, "Actual Rows": 1, "Actual Loops": 11866, "Index Cond": "(cd_demo_sk = web_returns.wr_returning_cdemo_sk)", "Rows Removed by Index Recheck": 0, "Workers": []}]}, {"Node Type": "Hash", "Parent Relationship": "Inner", "Parallel Aware": false, "Async Capable": false, "Startup Cost": 1.45, "Total Cost": 1.45, "Plan Rows": 45, "Plan Width": 4, "Actual Rows": 45, "Actual Loops": 6, "Hash Buckets": 1024, "Original Hash Buckets": 1024, "Hash Batches": 1, "Original Hash Batches": 1, "Peak Memory Usage": 10, "Workers": [], "Plans": [{"Node Type": "Seq Scan", "Parent Relationship": "Outer", "Parallel Aware": false, "Async Capable": false, "Relation Name": "reason", "Alias": "reason", "Startup Cost": 0.0, "Total Cost": 1.45, "Plan Rows": 45, "Plan Width": 4, "Actual Rows": 45, "Actual Loops": 6, "Workers": []}]}]}]}]}]}]}, "Planning Time": 9.658, "Triggers": [], "Execution Time": 1527.141}, {"Plan": {"Node Type": "Aggregate", "Strategy": "Plain", "Partial Mode": "Simple", "Parallel Aware": false, "Async Capable": false, "Startup Cost": 302456.2, "Total Cost": 302456.21, "Plan Rows": 1, "Plan Width": 8, "Actual Rows": 1, "Actual Loops": 1, "Plans": [{"Node Type": "Gather", "Parent Relationship": "Outer", "Parallel Aware": false, "Async Capable": false, "Startup Cost": 256806.98, "Total Cost": 302456.2, "Plan Rows": 1, "Plan Width": 0, "Actual Rows": 12, "Actual Loops": 1, "Workers Planned": 3, "Workers Launched": 3, "Single Copy": false, "Plans": [{"Node Type": "Hash Join", "Parent Relationship": "Outer", "Parallel Aware": true, "Async Capable": false, "Join Type": "Inner", "Startup Cost": 255806.98, "Total Cost": 301456.1, "Plan Rows": 1, "Plan Width": 0, "Actual Rows": 3, "Actual Loops": 4, "Inner Unique": false, "Hash Cond": "((web_returns.wr_item_sk = web_sales.ws_item_sk) AND (web_returns.wr_order_number = web_sales.ws_order_number))", "Join Filter": "((((customer_address.ca_state = ANY ('{CO,WI,AR}'::bpchar[])) AND (web_sales.ws_net_profit >= '100'::numeric) AND (web_sales.ws_net_profit <= '200'::numeric)) OR ((customer_address.ca_state = ANY ('{GA,ID,WV}'::bpchar[])) AND (web_sales.ws_net_profit >= '150'::numeric) AND (web_sales.ws_net_profit <= '300'::numeric)) OR ((customer_address.ca_state = ANY ('{VA,AZ,SD}'::bpchar[])) AND (web_sales.ws_net_profit >= '50'::numeric) AND (web_sales.ws_net_profit <= '250'::numeric))) AND (((cd1.cd_marital_status = 'U'::bpchar) AND (cd1.cd_education_status = 'Secondary'::bpchar) AND (web_sales.ws_sales_price >= 100.00) AND (web_sales.ws_sales_price <= 150.00)) OR ((cd1.cd_marital_status = 'D'::bpchar) AND (cd1.cd_education_status = 'College'::bpchar) AND (web_sales.ws_sales_price >= 50.00) AND (web_sales.ws_sales_price <= 100.00)) OR ((cd1.cd_marital_status = 'S'::bpchar) AND (cd1.cd_education_status = 'Advanced Degree'::bpchar) AND (web_sales.ws_sales_price >= 150.00) AND (web_sales.ws_sales_price <= 200.00))))", "Rows Removed by Join Filter": 18, "Workers": [], "Plans": [{"Node Type": "Hash Join", "Parent Relationship": "Outer", "Parallel Aware": false, "Async Capable": false, "Join Type": "Inner", "Startup Cost": 8214.21, "Total Cost": 53862.48, "Plan Rows": 105, "Plan Width": 34, "Actual Rows": 2912, "Actual Loops": 4, "Inner Unique": true, "Hash Cond": "(web_returns.wr_reason_sk = reason.r_reason_sk)", "Workers": [], "Plans": [{"Node Type": "Nested Loop", "Parent Relationship": "Outer", "Parallel Aware": false, "Async Capable": false, "Join Type": "Inner", "Startup Cost": 8212.2, "Total Cost": 53860.17, "Plan Rows": 105, "Plan Width": 38, "Actual Rows": 2930, "Actual Loops": 4, "Inner Unique": true, "Join Filter": "((cd1.cd_marital_status = cd2.cd_marital_status) AND (cd1.cd_education_status = cd2.cd_education_status))", "Rows Removed by Join Filter": 0, "Workers": [], "Plans": [{"Node Type": "Nested Loop", "Parent Relationship": "Outer", "Parallel Aware": false, "Async Capable": false, "Join Type": "Inner", "Startup Cost": 8211.77, "Total Cost": 51604.29, "Plan Rows": 3693, "Plan Width": 42, "Actual Rows": 2966, "Actual Loops": 4, "Inner Unique": true, "Workers": [], "Plans": [{"Node Type": "Hash Join", "Parent Relationship": "Outer", "Parallel Aware": true, "Async Capable": false, "Join Type": "Inner", "Startup Cost": 8211.35, "Total Cost": 24460.42, "Plan Rows": 44436, "Plan Width": 23, "Actual Rows": 35846, "Actual Loops": 4, "Inner Unique": true, "Hash Cond": "(web_returns.wr_refunded_addr_sk = customer_address.ca_address_sk)", "Workers": [], "Plans": [{"Node Type": "Seq Scan", "Parent Relationship": "Outer", "Parallel Aware": true, "Async Capable": false, "Relation Name": "web_returns", "Alias": "web_returns", "Startup Cost": 0.0, "Total Cost": 15640.05, "Plan Rows": 232005, "Plan Width": 24, "Actual Rows": 179804, "Actual Loops": 4, "Workers": []}, {"Node Type": "Hash", "Parent Relationship": "Inner", "Parallel Aware": true, "Async Capable": false, "Startup Cost": 7961.96, "Total Cost": 7961.96, "Plan Rows": 19951, "Plan Width": 7, "Actual Rows": 13047, "Actual Loops": 4, "Hash Buckets": 65536, "Original Hash Buckets": 65536, "Hash Batches": 1, "Original Hash Batches": 1, "Peak Memory Usage": 2656, "Workers": [], "Plans": [{"Node Type": "Seq Scan", "Parent Relationship": "Outer", "Parallel Aware": true, "Async Capable": false, "Relation Name": "customer_address", "Alias": "customer_address", "Startup Cost": 0.0, "Total Cost": 7961.96, "Plan Rows": 19951, "Plan Width": 7, "Actual Rows": 13047, "Actual Loops": 4, "Filter": "(((ca_country)::text = 'United States'::text) AND ((ca_state = ANY ('{CO,WI,AR}'::bpchar[])) OR (ca_state = ANY ('{GA,ID,WV}'::bpchar[])) OR (ca_state = ANY ('{VA,AZ,SD}'::bpchar[]))))", "Rows Removed by Filter": 49453, "Workers": []}]}]}, {"Node Type": "Index Scan", "Parent Relationship": "Inner", "Parallel Aware": false, "Async Capable": false, "Scan Direction": "Forward", "Index Name": "customer_demographics_pkey", "Relation Name": "customer_demographics", "Alias": "cd1", "Startup Cost": 0.43, "Total Cost": 0.61, "Plan Rows": 1, "Plan Width": 27, "Actual Rows": 0, "Actual Loops": 143385, "Index Cond": "(cd_demo_sk = web_returns.wr_refunded_cdemo_sk)", "Rows Removed by Index Recheck": 0, "Filter": "(((cd_marital_status = 'U'::bpchar) AND (cd_education_status = 'Secondary'::bpchar)) OR ((cd_marital_status = 'D'::bpchar) AND (cd_education_status = 'College'::bpchar)) OR ((cd_marital_status = 'S'::bpchar) AND (cd_education_status = 'Advanced Degree'::bpchar)))", "Rows Removed by Filter": 1, "Workers": []}]}, {"Node Type": "Index Scan", "Parent Relationship": "Inner", "Parallel Aware": false, "Async Capable": false, "Scan Direction": "Forward", "Index Name": "customer_demographics_pkey", "Relation Name": "customer_demographics", "Alias": "cd2", "Startup Cost": 0.43, "Total Cost": 0.6, "Plan Rows": 1, "Plan Width": 27, "Actual Rows": 1, "Actual Loops": 11866, "Index Cond": "(cd_demo_sk = web_returns.wr_returning_cdemo_sk)", "Rows Removed by Index Recheck": 0, "Workers": []}]}, {"Node Type": "Hash", "Parent Relationship": "Inner", "Parallel Aware": false, "Async Capable": false, "Startup Cost": 1.45, "Total Cost": 1.45, "Plan Rows": 45, "Plan Width": 4, "Actual Rows": 45, "Actual Loops": 4, "Hash Buckets": 1024, "Original Hash Buckets": 1024, "Hash Batches": 1, "Original Hash Batches": 1, "Peak Memory Usage": 10, "Workers": [], "Plans": [{"Node Type": "Seq Scan", "Parent Relationship": "Outer", "Parallel Aware": false, "Async Capable": false, "Relation Name": "reason", "Alias": "reason", "Startup Cost": 0.0, "Total Cost": 1.45, "Plan Rows": 45, "Plan Width": 4, "Actual Rows": 45, "Actual Loops": 4, "Workers": []}]}]}, {"Node Type": "Hash", "Parent Relationship": "Inner", "Parallel Aware": true, "Async Capable": false, "Startup Cost": 247587.52, "Total Cost": 247587.52, "Plan Rows": 350, "Plan Width": 20, "Actual Rows": 12775, "Actual Loops": 4, "Hash Buckets": 65536, "Original Hash Buckets": 2048, "Hash Batches": 1, "Original Hash Batches": 1, "Peak Memory Usage": 3888, "Workers": [], "Plans": [{"Node Type": "Hash Join", "Parent Relationship": "Outer", "Parallel Aware": false, "Async Capable": false, "Join Type": "Inner", "Startup Cost": 1973.31, "Total Cost": 247587.52, "Plan Rows": 350, "Plan Width": 20, "Actual Rows": 12775, "Actual Loops": 4, "Inner Unique": true, "Hash Cond": "(web_sales.ws_web_page_sk = web_page.wp_web_page_sk)", "Workers": [], "Plans": [{"Node Type": "Hash Join", "Parent Relationship": "Outer", "Parallel Aware": true, "Async Capable": false, "Join Type": "Inner", "Startup Cost": 1963.81, "Total Cost": 247577.08, "Plan Rows": 350, "Plan Width": 24, "Actual Rows": 12776, "Actual Loops": 4, "Inner Unique": true, "Hash Cond": "(web_sales.ws_sold_date_sk = date_dim.d_date_sk)", "Workers": [], "Plans": [{"Node Type": "Seq Scan", "Parent Relationship": "Outer", "Parallel Aware": true, "Async Capable": false, "Relation Name": "web_sales", "Alias": "web_sales", "Startup Cost": 0.0, "Total Cost": 245429.58, "Plan Rows": 69972, "Plan Width": 28, "Actual Rows": 64048, "Actual Loops": 4, "Filter": "((((ws_sales_price >= 100.00) AND (ws_sales_price <= 150.00)) OR ((ws_sales_price >= 50.00) AND (ws_sales_price <= 100.00)) OR ((ws_sales_price >= 150.00) AND (ws_sales_price <= 200.00))) AND (((ws_net_profit >= '100'::numeric) AND (ws_net_profit <= '200'::numeric)) OR ((ws_net_profit >= '150'::numeric) AND (ws_net_profit <= '300'::numeric)) OR ((ws_net_profit >= '50'::numeric) AND (ws_net_profit <= '250'::numeric))))", "Rows Removed by Filter": 1735344, "Workers": []}, {"Node Type": "Hash", "Parent Relationship": "Inner", "Parallel Aware": true, "Async Capable": false, "Startup Cost": 1961.12, "Total Cost": 1961.12, "Plan Rows": 215, "Plan Width": 4, "Actual Rows": 91, "Actual Loops": 4, "Hash Buckets": 1024, "Original Hash Buckets": 1024, "Hash Batches": 1, "Original Hash Batches": 1, "Peak Memory Usage": 40, "Workers": [], "Plans": [{"Node Type": "Seq Scan", "Parent Relationship": "Outer", "Parallel Aware": true, "Async Capable": false, "Relation Name": "date_dim", "Alias": "date_dim", "Startup Cost": 0.0, "Total Cost": 1961.12, "Plan Rows": 215, "Plan Width": 4, "Actual Rows": 91, "Actual Loops": 4, "Filter": "(d_year = 1999)", "Rows Removed by Filter": 18171, "Workers": []}]}]}, {"Node Type": "Hash", "Parent Relationship": "Inner", "Parallel Aware": false, "Async Capable": false, "Startup Cost": 7.0, "Total Cost": 7.0, "Plan Rows": 200, "Plan Width": 4, "Actual Rows": 200, "Actual Loops": 4, "Hash Buckets": 1024, "Original Hash Buckets": 1024, "Hash Batches": 1, "Original Hash Batches": 1, "Peak Memory Usage": 16, "Workers": [], "Plans": [{"Node Type": "Seq Scan", "Parent Relationship": "Outer", "Parallel Aware": false, "Async Capable": false, "Relation Name": "web_page", "Alias": "web_page", "Startup Cost": 0.0, "Total Cost": 7.0, "Plan Rows": 200, "Plan Width": 4, "Actual Rows": 200, "Actual Loops": 4, "Workers": []}]}]}]}]}]}]}, "Planning Time": 9.347, "Triggers": [], "Execution Time": 2185.602}, {"Plan": {"Node Type": "Aggregate", "Strategy": "Plain", "Partial Mode": "Simple", "Parallel Aware": false, "Async Capable": false, "Startup Cost": 30000572916.5, "Total Cost": 30000572916.51, "Plan Rows": 1, "Plan Width": 8, "Plans": [{"Node Type": "Nested Loop", "Parent Relationship": "Outer", "Parallel Aware": false, "Async Capable": false, "Join Type": "Inner", "Startup Cost": 30000002975.17, "Total Cost": 30000572916.49, "Plan Rows": 1, "Plan Width": 0, "Inner Unique": false, "Join Filter": "((web_sales.ws_item_sk = web_returns.wr_item_sk) AND (web_sales.ws_order_number = web_returns.wr_order_number) AND (((customer_address.ca_state = ANY ('{CO,WI,AR}'::bpchar[])) AND (web_sales.ws_net_profit >= '100'::numeric) AND (web_sales.ws_net_profit <= '200'::numeric)) OR ((customer_address.ca_state = ANY ('{GA,ID,WV}'::bpchar[])) AND (web_sales.ws_net_profit >= '150'::numeric) AND (web_sales.ws_net_profit <= '300'::numeric)) OR ((customer_address.ca_state = ANY ('{VA,AZ,SD}'::bpchar[])) AND (web_sales.ws_net_profit >= '50'::numeric) AND (web_sales.ws_net_profit <= '250'::numeric))) AND (((cd1.cd_marital_status = 'U'::bpchar) AND (cd1.cd_education_status = 'Secondary'::bpchar) AND (web_sales.ws_sales_price >= 100.00) AND (web_sales.ws_sales_price <= 150.00)) OR ((cd1.cd_marital_status = 'D'::bpchar) AND (cd1.cd_education_status = 'College'::bpchar) AND (web_sales.ws_sales_price >= 50.00) AND (web_sales.ws_sales_price <= 100.00)) OR ((cd1.cd_marital_status = 'S'::bpchar) AND (cd1.cd_education_status = 'Advanced Degree'::bpchar) AND (web_sales.ws_sales_price >= 150.00) AND (web_sales.ws_sales_price <= 200.00))))", "Plans": [{"Node Type": "Gather", "Parent Relationship": "Outer", "Parallel Aware": false, "Async Capable": false, "Startup Cost": 2973.31, "Total Cost": 248762.32, "Plan Rows": 1748, "Plan Width": 20, "Workers Planned": 5, "Single Copy": false, "Plans": [{"Node Type": "Hash Join", "Parent Relationship": "Outer", "Parallel Aware": false, "Async Capable": false, "Join Type": "Inner", "Startup Cost": 1973.31, "Total Cost": 247587.52, "Plan Rows": 350, "Plan Width": 20, "Inner Unique": true, "Hash Cond": "(web_sales.ws_web_page_sk = web_page.wp_web_page_sk)", "Plans": [{"Node Type": "Hash Join", "Parent Relationship": "Outer", "Parallel Aware": true, "Async Capable": false, "Join Type": "Inner", "Startup Cost": 1963.81, "Total Cost": 247577.08, "Plan Rows": 350, "Plan Width": 24, "Inner Unique": true, "Hash Cond": "(web_sales.ws_sold_date_sk = date_dim.d_date_sk)", "Plans": [{"Node Type": "Seq Scan", "Parent Relationship": "Outer", "Parallel Aware": true, "Async Capable": false, "Relation Name": "web_sales", "Alias": "web_sales", "Startup Cost": 0.0, "Total Cost": 245429.58, "Plan Rows": 69972, "Plan Width": 28, "Filter": "((((ws_sales_price >= 100.00) AND (ws_sales_price <= 150.00)) OR ((ws_sales_price >= 50.00) AND (ws_sales_price <= 100.00)) OR ((ws_sales_price >= 150.00) AND (ws_sales_price <= 200.00))) AND (((ws_net_profit >= '100'::numeric) AND (ws_net_profit <= '200'::numeric)) OR ((ws_net_profit >= '150'::numeric) AND (ws_net_profit <= '300'::numeric)) OR ((ws_net_profit >= '50'::numeric) AND (ws_net_profit <= '250'::numeric))))"}, {"Node Type": "Hash", "Parent Relationship": "Inner", "Parallel Aware": true, "Async Capable": false, "Startup Cost": 1961.12, "Total Cost": 1961.12, "Plan Rows": 215, "Plan Width": 4, "Plans": [{"Node Type": "Seq Scan", "Parent Relationship": "Outer", "Parallel Aware": true, "Async Capable": false, "Relation Name": "date_dim", "Alias": "date_dim", "Startup Cost": 0.0, "Total Cost": 1961.12, "Plan Rows": 215, "Plan Width": 4, "Filter": "(d_year = 1999)"}]}]}, {"Node Type": "Hash", "Parent Relationship": "Inner", "Parallel Aware": false, "Async Capable": false, "Startup Cost": 7.0, "Total Cost": 7.0, "Plan Rows": 200, "Plan Width": 4, "Plans": [{"Node Type": "Seq Scan", "Parent Relationship": "Outer", "Parallel Aware": false, "Async Capable": false, "Relation Name": "web_page", "Alias": "web_page", "Startup Cost": 0.0, "Total Cost": 7.0, "Plan Rows": 200, "Plan Width": 4}]}]}]}, {"Node Type": "Materialize", "Parent Relationship": "Inner", "Parallel Aware": false, "Async Capable": false, "Startup Cost": 20000000001.86, "Total Cost": 20000281999.79, "Plan Rows": 327, "Plan Width": 34, "Plans": [{"Node Type": "Nested Loop", "Parent Relationship": "Outer", "Parallel Aware": false, "Async Capable": false, "Join Type": "Inner", "Startup Cost": 20000000001.86, "Total Cost": 20000281998.15, "Plan Rows": 327, "Plan Width": 34, "Inner Unique": true, "Join Filter": "((cd1.cd_marital_status = cd2.cd_marital_status) AND (cd1.cd_education_status = cd2.cd_education_status))", "Plans": [{"Node Type": "Nested Loop", "Parent Relationship": "Outer", "Parallel Aware": false, "Async Capable": false, "Join Type": "Inner", "Startup Cost": 10000000001.43, "Total Cost": 10000275005.11, "Plan Rows": 11448, "Plan Width": 38, "Inner Unique": true, "Plans": [{"Node Type": "Nested Loop", "Parent Relationship": "Outer", "Parallel Aware": false, "Async Capable": false, "Join Type": "Inner", "Startup Cost": 1.0, "Total Cost": 190858.28, "Plan Rows": 137753, "Plan Width": 19, "Inner Unique": true, "Plans": [{"Node Type": "Nested Loop", "Parent Relationship": "Outer", "Parallel Aware": false, "Async Capable": false, "Join Type": "Inner", "Startup Cost": 0.85, "Total Cost": 187449.19, "Plan Rows": 137753, "Plan Width": 23, "Inner Unique": true, "Plans": [{"Node Type": "Index Scan", "Parent Relationship": "Outer", "Parallel Aware": false, "Async Capable": false, "Scan Direction": "Forward", "Index Name": "web_returns_pkey", "Relation Name": "web_returns", "Alias": "web_returns", "Startup Cost": 0.42, "Total Cost": 73740.67, "Plan Rows": 719217, "Plan Width": 24}, {"Node Type": "Memoize", "Parent Relationship": "Inner", "Parallel Aware": false, "Async Capable": false, "Startup Cost": 0.43, "Total Cost": 0.5, "Plan Rows": 1, "Plan Width": 7, "Cache Key": "web_returns.wr_refunded_addr_sk", "Cache Mode": "logical", "Plans": [{"Node Type": "Index Scan", "Parent Relationship": "Outer", "Parallel Aware": false, "Async Capable": false, "Scan Direction": "Forward", "Index Name": "customer_address_pkey", "Relation Name": "customer_address", "Alias": "customer_address", "Startup Cost": 0.42, "Total Cost": 0.49, "Plan Rows": 1, "Plan Width": 7, "Index Cond": "(ca_address_sk = web_returns.wr_refunded_addr_sk)", "Filter": "(((ca_country)::text = 'United States'::text) AND ((ca_state = ANY ('{CO,WI,AR}'::bpchar[])) OR (ca_state = ANY ('{GA,ID,WV}'::bpchar[])) OR (ca_state = ANY ('{VA,AZ,SD}'::bpchar[]))))"}]}]}, {"Node Type": "Memoize", "Parent Relationship": "Inner", "Parallel Aware": false, "Async Capable": false, "Startup Cost": 0.15, "Total Cost": 0.17, "Plan Rows": 1, "Plan Width": 4, "Cache Key": "web_returns.wr_reason_sk", "Cache Mode": "logical", "Plans": [{"Node Type": "Index Only Scan", "Parent Relationship": "Outer", "Parallel Aware": false, "Async Capable": false, "Scan Direction": "Forward", "Index Name": "reason_pkey", "Relation Name": "reason", "Alias": "reason", "Startup Cost": 0.14, "Total Cost": 0.16, "Plan Rows": 1, "Plan Width": 4, "Index Cond": "(r_reason_sk = web_returns.wr_reason_sk)"}]}]}, {"Node Type": "Index Scan", "Parent Relationship": "Inner", "Parallel Aware": false, "Async Capable": false, "Scan Direction": "Forward", "Index Name": "customer_demographics_pkey", "Relation Name": "customer_demographics", "Alias": "cd1", "Startup Cost": 0.43, "Total Cost": 0.61, "Plan Rows": 1, "Plan Width": 27, "Index Cond": "(cd_demo_sk = web_returns.wr_refunded_cdemo_sk)", "Filter": "(((cd_marital_status = 'U'::bpchar) AND (cd_education_status = 'Secondary'::bpchar)) OR ((cd_marital_status = 'D'::bpchar) AND (cd_education_status = 'College'::bpchar)) OR ((cd_marital_status = 'S'::bpchar) AND (cd_education_status = 'Advanced Degree'::bpchar)))"}]}, {"Node Type": "Index Scan", "Parent Relationship": "Inner", "Parallel Aware": false, "Async Capable": false, "Scan Direction": "Forward", "Index Name": "customer_demographics_pkey", "Relation Name": "customer_demographics", "Alias": "cd2", "Startup Cost": 0.43, "Total Cost": 0.6, "Plan Rows": 1, "Plan Width": 27, "Index Cond": "(cd_demo_sk = web_returns.wr_returning_cdemo_sk)"}]}]}]}]}}, {"Plan": {"Node Type": "Aggregate", "Strategy": "Plain", "Partial Mode": "Simple", "Parallel Aware": false, "Async Capable": false, "Startup Cost": 13878748.23, "Total Cost": 13878748.24, "Plan Rows": 1, "Plan Width": 8, "Plans": [{"Node Type": "Merge Join", "Parent Relationship": "Outer", "Parallel Aware": false, "Async Capable": false, "Join Type": "Inner", "Startup Cost": 3002.44, "Total Cost": 13878748.22, "Plan Rows": 1, "Plan Width": 0, "Inner Unique": false, "Merge Cond": "((web_returns.wr_item_sk = web_sales.ws_item_sk) AND (web_returns.wr_order_number = web_sales.ws_order_number))", "Join Filter": "((cd1.cd_demo_sk = web_returns.wr_refunded_cdemo_sk) AND (cd1.cd_marital_status = cd2.cd_marital_status) AND (cd1.cd_education_status = cd2.cd_education_status) AND (((customer_address.ca_state = ANY ('{CO,WI,AR}'::bpchar[])) AND (web_sales.ws_net_profit >= '100'::numeric) AND (web_sales.ws_net_profit <= '200'::numeric)) OR ((customer_address.ca_state = ANY ('{GA,ID,WV}'::bpchar[])) AND (web_sales.ws_net_profit >= '150'::numeric) AND (web_sales.ws_net_profit <= '300'::numeric)) OR ((customer_address.ca_state = ANY ('{VA,AZ,SD}'::bpchar[])) AND (web_sales.ws_net_profit >= '50'::numeric) AND (web_sales.ws_net_profit <= '250'::numeric))))", "Plans": [{"Node Type": "Gather Merge", "Parent Relationship": "Outer", "Parallel Aware": false, "Async Capable": false, "Startup Cost": 1001.47, "Total Cost": 215164.46, "Plan Rows": 137753, "Plan Width": 38, "Workers Planned": 3, "Plans": [{"Node Type": "Nested Loop", "Parent Relationship": "Outer", "Parallel Aware": false, "Async Capable": false, "Join Type": "Inner", "Startup Cost": 1.43, "Total Cost": 197978.44, "Plan Rows": 44436, "Plan Width": 38, "Inner Unique": true, "Plans": [{"Node Type": "Nested Loop", "Parent Relationship": "Outer", "Parallel Aware": false, "Async Capable": false, "Join Type": "Inner", "Startup Cost": 1.28, "Total Cost": 196873.84, "Plan Rows": 44436, "Plan Width": 42, "Inner Unique": true, "Plans": [{"Node Type": "Nested Loop", "Parent Relationship": "Outer", "Parallel Aware": false, "Async Capable": false, "Join Type": "Inner", "Startup Cost": 0.85, "Total Cost": 170396.52, "Plan Rows": 44436, "Plan Width": 23, "Inner Unique": true, "Plans": [{"Node Type": "Index Scan", "Parent Relationship": "Outer", "Parallel Aware": true, "Async Capable": false, "Scan Direction": "Forward", "Index Name": "web_returns_pkey", "Relation Name": "web_returns", "Alias": "web_returns", "Startup Cost": 0.42, "Total Cost": 68868.56, "Plan Rows": 232005, "Plan Width": 24}, {"Node Type": "Memoize", "Parent Relationship": "Inner", "Parallel Aware": false, "Async Capable": false, "Startup Cost": 0.43, "Total Cost": 0.5, "Plan Rows": 1, "Plan Width": 7, "Cache Key": "web_returns.wr_refunded_addr_sk", "Cache Mode": "logical", "Plans": [{"Node Type": "Index Scan", "Parent Relationship": "Outer", "Parallel Aware": false, "Async Capable": false, "Scan Direction": "Forward", "Index Name": "customer_address_pkey", "Relation Name": "customer_address", "Alias": "customer_address", "Startup Cost": 0.42, "Total Cost": 0.49, "Plan Rows": 1, "Plan Width": 7, "Index Cond": "(ca_address_sk = web_returns.wr_refunded_addr_sk)", "Filter": "(((ca_country)::text = 'United States'::text) AND ((ca_state = ANY ('{CO,WI,AR}'::bpchar[])) OR (ca_state = ANY ('{GA,ID,WV}'::bpchar[])) OR (ca_state = ANY ('{VA,AZ,SD}'::bpchar[]))))"}]}]}, {"Node Type": "Index Scan", "Parent Relationship": "Inner", "Parallel Aware": false, "Async Capable": false, "Scan Direction": "Forward", "Index Name": "customer_demographics_pkey", "Relation Name": "customer_demographics", "Alias": "cd2", "Startup Cost": 0.43, "Total Cost": 0.6, "Plan Rows": 1, "Plan Width": 27, "Index Cond": "(cd_demo_sk = web_returns.wr_returning_cdemo_sk)"}]}, {"Node Type": "Memoize", "Parent Relationship": "Inner", "Parallel Aware": false, "Async Capable": false, "Startup Cost": 0.15, "Total Cost": 0.17, "Plan Rows": 1, "Plan Width": 4, "Cache Key": "web_returns.wr_reason_sk", "Cache Mode": "logical", "Plans": [{"Node Type": "Index Only Scan", "Parent Relationship": "Outer", "Parallel Aware": false, "Async Capable": false, "Scan Direction": "Forward", "Index Name": "reason_pkey", "Relation Name": "reason", "Alias": "reason", "Startup Cost": 0.14, "Total Cost": 0.16, "Plan Rows": 1, "Plan Width": 4, "Index Cond": "(r_reason_sk = web_returns.wr_reason_sk)"}]}]}]}, {"Node Type": "Materialize", "Parent Relationship": "Inner", "Parallel Aware": false, "Async Capable": false, "Startup Cost": 2000.97, "Total Cost": 13135737.38, "Plan Rows": 105428950, "Plan Width": 41, "Plans": [{"Node Type": "Nested Loop", "Parent Relationship": "Outer", "Parallel Aware": false, "Async Capable": false, "Join Type": "Inner", "Startup Cost": 2000.97, "Total Cost": 12872165.0, "Plan Rows": 105428950, "Plan Width": 41, "Inner Unique": false, "Join Filter": "(((cd1.cd_marital_status = 'U'::bpchar) AND (cd1.cd_education_status = 'Secondary'::bpchar) AND (web_sales.ws_sales_price >= 100.00) AND (web_sales.ws_sales_price <= 150.00)) OR ((cd1.cd_marital_status = 'D'::bpchar) AND (cd1.cd_education_status = 'College'::bpchar) AND (web_sales.ws_sales_price >= 50.00) AND (web_sales.ws_sales_price <= 100.00)) OR ((cd1.cd_marital_status = 'S'::bpchar) AND (cd1.cd_education_status = 'Advanced Degree'::bpchar) AND (web_sales.ws_sales_price >= 150.00) AND (web_sales.ws_sales_price <= 200.00)))", "Plans": [{"Node Type": "Gather Merge", "Parent Relationship": "Outer", "Parallel Aware": false, "Async Capable": false, "Startup Cost": 1000.97, "Total Cost": 958246.33, "Plan Rows": 1748, "Plan Width": 20, "Workers Planned": 5, "Plans": [{"Node Type": "Nested Loop", "Parent Relationship": "Outer", "Parallel Aware": false, "Async Capable": false, "Join Type": "Inner", "Startup Cost": 0.89, "Total Cost": 957035.75, "Plan Rows": 350, "Plan Width": 20, "Inner Unique": true, "Plans": [{"Node Type": "Nested Loop", "Parent Relationship": "Outer", "Parallel Aware": false, "Async Capable": false, "Join Type": "Inner", "Startup Cost": 0.73, "Total Cost": 956994.47, "Plan Rows": 350, "Plan Width": 24, "Inner Unique": true, "Plans": [{"Node Type": "Index Scan", "Parent Relationship": "Outer", "Parallel Aware": true, "Async Capable": false, "Scan Direction": "Forward", "Index Name": "web_sales_pkey", "Relation Name": "web_sales", "Alias": "web_sales", "Startup Cost": 0.43, "Total Cost": 954641.29, "Plan Rows": 69972, "Plan Width": 28, "Filter": "((((ws_sales_price >= 100.00) AND (ws_sales_price <= 150.00)) OR ((ws_sales_price >= 50.00) AND (ws_sales_price <= 100.00)) OR ((ws_sales_price >= 150.00) AND (ws_sales_price <= 200.00))) AND (((ws_net_profit >= '100'::numeric) AND (ws_net_profit <= '200'::numeric)) OR ((ws_net_profit >= '150'::numeric) AND (ws_net_profit <= '300'::numeric)) OR ((ws_net_profit >= '50'::numeric) AND (ws_net_profit <= '250'::numeric))))"}, {"Node Type": "Memoize", "Parent Relationship": "Inner", "Parallel Aware": false, "Async Capable": false, "Startup Cost": 0.3, "Total Cost": 0.34, "Plan Rows": 1, "Plan Width": 4, "Cache Key": "web_sales.ws_sold_date_sk", "Cache Mode": "logical", "Plans": [{"Node Type": "Index Scan", "Parent Relationship": "Outer", "Parallel Aware": false, "Async Capable": false, "Scan Direction": "Forward", "Index Name": "date_dim_pkey", "Relation Name": "date_dim", "Alias": "date_dim", "Startup Cost": 0.29, "Total Cost": 0.33, "Plan Rows": 1, "Plan Width": 4, "Index Cond": "(d_date_sk = web_sales.ws_sold_date_sk)", "Filter": "(d_year = 1999)"}]}]}, {"Node Type": "Memoize", "Parent Relationship": "Inner", "Parallel Aware": false, "Async Capable": false, "Startup Cost": 0.15, "Total Cost": 0.17, "Plan Rows": 1, "Plan Width": 4, "Cache Key": "web_sales.ws_web_page_sk", "Cache Mode": "logical", "Plans": [{"Node Type": "Index Only Scan", "Parent Relationship": "Outer", "Parallel Aware": false, "Async Capable": false, "Scan Direction": "Forward", "Index Name": "web_page_pkey", "Relation Name": "web_page", "Alias": "web_page", "Startup Cost": 0.14, "Total Cost": 0.16, "Plan Rows": 1, "Plan Width": 4, "Index Cond": "(wp_web_page_sk = web_sales.ws_web_page_sk)"}]}]}]}, {"Node Type": "Materialize", "Parent Relationship": "Inner", "Parallel Aware": false, "Async Capable": false, "Startup Cost": 1000.0, "Total Cost": 55107.89, "Plan Rows": 159634, "Plan Width": 27, "Plans": [{"Node Type": "Gather", "Parent Relationship": "Outer", "Parallel Aware": false, "Async Capable": false, "Startup Cost": 1000.0, "Total Cost": 54309.72, "Plan Rows": 159634, "Plan Width": 27, "Workers Planned": 3, "Single Copy": false, "Plans": [{"Node Type": "Seq Scan", "Parent Relationship": "Outer", "Parallel Aware": true, "Async Capable": false, "Relation Name": "customer_demographics", "Alias": "cd1", "Startup Cost": 0.0, "Total Cost": 37346.32, "Plan Rows": 51495, "Plan Width": 27, "Filter": "(((cd_marital_status = 'U'::bpchar) AND (cd_education_status = 'Secondary'::bpchar)) OR ((cd_marital_status = 'D'::bpchar) AND (cd_education_status = 'College'::bpchar)) OR ((cd_marital_status = 'S'::bpchar) AND (cd_education_status = 'Advanced Degree'::bpchar)))"}]}]}]}]}]}]}}, {"Plan": {"Node Type": "Aggregate", "Strategy": "Plain", "Partial Mode": "Simple", "Parallel Aware": false, "Async Capable": false, "Startup Cost": 40000587276.0, "Total Cost": 40000587276.01, "Plan Rows": 1, "Plan Width": 8, "Plans": [{"Node Type": "Nested Loop", "Parent Relationship": "Outer", "Parallel Aware": false, "Async Capable": false, "Join Type": "Inner", "Startup Cost": 40000002975.17, "Total Cost": 40000587276.0, "Plan Rows": 1, "Plan Width": 0, "Inner Unique": false, "Join Filter": "((web_sales.ws_item_sk = web_returns.wr_item_sk) AND (web_sales.ws_order_number = web_returns.wr_order_number) AND (((customer_address.ca_state = ANY ('{CO,WI,AR}'::bpchar[])) AND (web_sales.ws_net_profit >= '100'::numeric) AND (web_sales.ws_net_profit <= '200'::numeric)) OR ((customer_address.ca_state = ANY ('{GA,ID,WV}'::bpchar[])) AND (web_sales.ws_net_profit >= '150'::numeric) AND (web_sales.ws_net_profit <= '300'::numeric)) OR ((customer_address.ca_state = ANY ('{VA,AZ,SD}'::bpchar[])) AND (web_sales.ws_net_profit >= '50'::numeric) AND (web_sales.ws_net_profit <= '250'::numeric))) AND (((cd1.cd_marital_status = 'U'::bpchar) AND (cd1.cd_education_status = 'Secondary'::bpchar) AND (web_sales.ws_sales_price >= 100.00) AND (web_sales.ws_sales_price <= 150.00)) OR ((cd1.cd_marital_status = 'D'::bpchar) AND (cd1.cd_education_status = 'College'::bpchar) AND (web_sales.ws_sales_price >= 50.00) AND (web_sales.ws_sales_price <= 100.00)) OR ((cd1.cd_marital_status = 'S'::bpchar) AND (cd1.cd_education_status = 'Advanced Degree'::bpchar) AND (web_sales.ws_sales_price >= 150.00) AND (web_sales.ws_sales_price <= 200.00))))", "Plans": [{"Node Type": "Gather", "Parent Relationship": "Outer", "Parallel Aware": false, "Async Capable": false, "Startup Cost": 2973.31, "Total Cost": 248762.32, "Plan Rows": 1748, "Plan Width": 20, "Workers Planned": 5, "Single Copy": false, "Plans": [{"Node Type": "Hash Join", "Parent Relationship": "Outer", "Parallel Aware": false, "Async Capable": false, "Join Type": "Inner", "Startup Cost": 1973.31, "Total Cost": 247587.52, "Plan Rows": 350, "Plan Width": 20, "Inner Unique": true, "Hash Cond": "(web_sales.ws_web_page_sk = web_page.wp_web_page_sk)", "Plans": [{"Node Type": "Hash Join", "Parent Relationship": "Outer", "Parallel Aware": true, "Async Capable": false, "Join Type": "Inner", "Startup Cost": 1963.81, "Total Cost": 247577.08, "Plan Rows": 350, "Plan Width": 24, "Inner Unique": true, "Hash Cond": "(web_sales.ws_sold_date_sk = date_dim.d_date_sk)", "Plans": [{"Node Type": "Seq Scan", "Parent Relationship": "Outer", "Parallel Aware": true, "Async Capable": false, "Relation Name": "web_sales", "Alias": "web_sales", "Startup Cost": 0.0, "Total Cost": 245429.58, "Plan Rows": 69972, "Plan Width": 28, "Filter": "((((ws_sales_price >= 100.00) AND (ws_sales_price <= 150.00)) OR ((ws_sales_price >= 50.00) AND (ws_sales_price <= 100.00)) OR ((ws_sales_price >= 150.00) AND (ws_sales_price <= 200.00))) AND (((ws_net_profit >= '100'::numeric) AND (ws_net_profit <= '200'::numeric)) OR ((ws_net_profit >= '150'::numeric) AND (ws_net_profit <= '300'::numeric)) OR ((ws_net_profit >= '50'::numeric) AND (ws_net_profit <= '250'::numeric))))"}, {"Node Type": "Hash", "Parent Relationship": "Inner", "Parallel Aware": true, "Async Capable": false, "Startup Cost": 1961.12, "Total Cost": 1961.12, "Plan Rows": 215, "Plan Width": 4, "Plans": [{"Node Type": "Seq Scan", "Parent Relationship": "Outer", "Parallel Aware": true, "Async Capable": false, "Relation Name": "date_dim", "Alias": "date_dim", "Startup Cost": 0.0, "Total Cost": 1961.12, "Plan Rows": 215, "Plan Width": 4, "Filter": "(d_year = 1999)"}]}]}, {"Node Type": "Hash", "Parent Relationship": "Inner", "Parallel Aware": false, "Async Capable": false, "Startup Cost": 7.0, "Total Cost": 7.0, "Plan Rows": 200, "Plan Width": 4, "Plans": [{"Node Type": "Seq Scan", "Parent Relationship": "Outer", "Parallel Aware": false, "Async Capable": false, "Relation Name": "web_page", "Alias": "web_page", "Startup Cost": 0.0, "Total Cost": 7.0, "Plan Rows": 200, "Plan Width": 4}]}]}]}, {"Node Type": "Materialize", "Parent Relationship": "Inner", "Parallel Aware": false, "Async Capable": false, "Startup Cost": 30000000001.86, "Total Cost": 30000296359.29, "Plan Rows": 327, "Plan Width": 34, "Plans": [{"Node Type": "Nested Loop", "Parent Relationship": "Outer", "Parallel Aware": false, "Async Capable": false, "Join Type": "Inner", "Startup Cost": 30000000001.86, "Total Cost": 30000296357.66, "Plan Rows": 327, "Plan Width": 34, "Inner Unique": true, "Join Filter": "((cd1.cd_marital_status = cd2.cd_marital_status) AND (cd1.cd_education_status = cd2.cd_education_status))", "Plans": [{"Node Type": "Nested Loop", "Parent Relationship": "Outer", "Parallel Aware": false, "Async Capable": false, "Join Type": "Inner", "Startup Cost": 20000000001.43, "Total Cost": 20000289364.61, "Plan Rows": 11448, "Plan Width": 38, "Inner Unique": true, "Plans": [{"Node Type": "Nested Loop", "Parent Relationship": "Outer", "Parallel Aware": false, "Async Capable": false, "Join Type": "Inner", "Startup Cost": 10000000001.0, "Total Cost": 10000205217.79, "Plan Rows": 137753, "Plan Width": 19, "Inner Unique": true, "Plans": [{"Node Type": "Nested Loop", "Parent Relationship": "Outer", "Parallel Aware": false, "Async Capable": false, "Join Type": "Inner", "Startup Cost": 0.57, "Total Cost": 91509.27, "Plan Rows": 719217, "Plan Width": 20, "Inner Unique": true, "Plans": [{"Node Type": "Index Scan", "Parent Relationship": "Outer", "Parallel Aware": false, "Async Capable": false, "Scan Direction": "Forward", "Index Name": "web_returns_pkey", "Relation Name": "web_returns", "Alias": "web_returns", "Startup Cost": 0.42, "Total Cost": 73740.67, "Plan Rows": 719217, "Plan Width": 24}, {"Node Type": "Memoize", "Parent Relationship": "Inner", "Parallel Aware": false, "Async Capable": false, "Startup Cost": 0.15, "Total Cost": 0.17, "Plan Rows": 1, "Plan Width": 4, "Cache Key": "web_returns.wr_reason_sk", "Cache Mode": "logical", "Plans": [{"Node Type": "Index Only Scan", "Parent Relationship": "Outer", "Parallel Aware": false, "Async Capable": false, "Scan Direction": "Forward", "Index Name": "reason_pkey", "Relation Name": "reason", "Alias": "reason", "Startup Cost": 0.14, "Total Cost": 0.16, "Plan Rows": 1, "Plan Width": 4, "Index Cond": "(r_reason_sk = web_returns.wr_reason_sk)"}]}]}, {"Node Type": "Memoize", "Parent Relationship": "Inner", "Parallel Aware": false, "Async Capable": false, "Startup Cost": 0.43, "Total Cost": 0.5, "Plan Rows": 1, "Plan Width": 7, "Cache Key": "web_returns.wr_refunded_addr_sk", "Cache Mode": "logical", "Plans": [{"Node Type": "Index Scan", "Parent Relationship": "Outer", "Parallel Aware": false, "Async Capable": false, "Scan Direction": "Forward", "Index Name": "customer_address_pkey", "Relation Name": "customer_address", "Alias": "customer_address", "Startup Cost": 0.42, "Total Cost": 0.49, "Plan Rows": 1, "Plan Width": 7, "Index Cond": "(ca_address_sk = web_returns.wr_refunded_addr_sk)", "Filter": "(((ca_country)::text = 'United States'::text) AND ((ca_state = ANY ('{CO,WI,AR}'::bpchar[])) OR (ca_state = ANY ('{GA,ID,WV}'::bpchar[])) OR (ca_state = ANY ('{VA,AZ,SD}'::bpchar[]))))"}]}]}, {"Node Type": "Index Scan", "Parent Relationship": "Inner", "Parallel Aware": false, "Async Capable": false, "Scan Direction": "Forward", "Index Name": "customer_demographics_pkey", "Relation Name": "customer_demographics", "Alias": "cd1", "Startup Cost": 0.43, "Total Cost": 0.61, "Plan Rows": 1, "Plan Width": 27, "Index Cond": "(cd_demo_sk = web_returns.wr_refunded_cdemo_sk)", "Filter": "(((cd_marital_status = 'U'::bpchar) AND (cd_education_status = 'Secondary'::bpchar)) OR ((cd_marital_status = 'D'::bpchar) AND (cd_education_status = 'College'::bpchar)) OR ((cd_marital_status = 'S'::bpchar) AND (cd_education_status = 'Advanced Degree'::bpchar)))"}]}, {"Node Type": "Index Scan", "Parent Relationship": "Inner", "Parallel Aware": false, "Async Capable": false, "Scan Direction": "Forward", "Index Name": "customer_demographics_pkey", "Relation Name": "customer_demographics", "Alias": "cd2", "Startup Cost": 0.43, "Total Cost": 0.6, "Plan Rows": 1, "Plan Width": 27, "Index Cond": "(cd_demo_sk = web_returns.wr_returning_cdemo_sk)"}]}]}]}]}}, {"Plan": {"Node Type": "Aggregate", "Strategy": "Plain", "Partial Mode": "Simple", "Parallel Aware": false, "Async Capable": false, "Startup Cost": 12919907.69, "Total Cost": 12919907.7, "Plan Rows": 1, "Plan Width": 8, "Plans": [{"Node Type": "Merge Join", "Parent Relationship": "Outer", "Parallel Aware": false, "Async Capable": false, "Join Type": "Inner", "Startup Cost": 80574.76, "Total Cost": 12919907.68, "Plan Rows": 1, "Plan Width": 0, "Inner Unique": false, "Merge Cond": "(cd1.cd_demo_sk = web_returns.wr_refunded_cdemo_sk)", "Join Filter": "((web_sales.ws_item_sk = web_returns.wr_item_sk) AND (web_sales.ws_order_number = web_returns.wr_order_number) AND (cd1.cd_marital_status = cd2.cd_marital_status) AND (cd1.cd_education_status = cd2.cd_education_status) AND (((customer_address.ca_state = ANY ('{CO,WI,AR}'::bpchar[])) AND (web_sales.ws_net_profit >= '100'::numeric) AND (web_sales.ws_net_profit <= '200'::numeric)) OR ((customer_address.ca_state = ANY ('{GA,ID,WV}'::bpchar[])) AND (web_sales.ws_net_profit >= '150'::numeric) AND (web_sales.ws_net_profit <= '300'::numeric)) OR ((customer_address.ca_state = ANY ('{VA,AZ,SD}'::bpchar[])) AND (web_sales.ws_net_profit >= '50'::numeric) AND (web_sales.ws_net_profit <= '250'::numeric))))", "Plans": [{"Node Type": "Nested Loop", "Parent Relationship": "Outer", "Parallel Aware": false, "Async Capable": false, "Join Type": "Inner", "Startup Cost": 2973.74, "Total Cost": 12208531.97, "Plan Rows": 105428950, "Plan Width": 41, "Inner Unique": false, "Join Filter": "(((cd1.cd_marital_status = 'U'::bpchar) AND (cd1.cd_education_status = 'Secondary'::bpchar) AND (web_sales.ws_sales_price >= 100.00) AND (web_sales.ws_sales_price <= 150.00)) OR ((cd1.cd_marital_status = 'D'::bpchar) AND (cd1.cd_education_status = 'College'::bpchar) AND (web_sales.ws_sales_price >= 50.00) AND (web_sales.ws_sales_price <= 100.00)) OR ((cd1.cd_marital_status = 'S'::bpchar) AND (cd1.cd_education_status = 'Advanced Degree'::bpchar) AND (web_sales.ws_sales_price >= 150.00) AND (web_sales.ws_sales_price <= 200.00)))", "Plans": [{"Node Type": "Index Scan", "Parent Relationship": "Outer", "Parallel Aware": false, "Async Capable": false, "Scan Direction": "Forward", "Index Name": "customer_demographics_pkey", "Relation Name": "customer_demographics", "Alias": "cd1", "Startup Cost": 0.43, "Total Cost": 100555.43, "Plan Rows": 159634, "Plan Width": 27, "Filter": "(((cd_marital_status = 'U'::bpchar) AND (cd_education_status = 'Secondary'::bpchar)) OR ((cd_marital_status = 'D'::bpchar) AND (cd_education_status = 'College'::bpchar)) OR ((cd_marital_status = 'S'::bpchar) AND (cd_education_status = 'Advanced Degree'::bpchar)))"}, {"Node Type": "Materialize", "Parent Relationship": "Inner", "Parallel Aware": false, "Async Capable": false, "Startup Cost": 2973.31, "Total Cost": 248771.06, "Plan Rows": 1748, "Plan Width": 20, "Plans": [{"Node Type": "Gather", "Parent Relationship": "Outer", "Parallel Aware": false, "Async Capable": false, "Startup Cost": 2973.31, "Total Cost": 248762.32, "Plan Rows": 1748, "Plan Width": 20, "Workers Planned": 5, "Single Copy": false, "Plans": [{"Node Type": "Hash Join", "Parent Relationship": "Outer", "Parallel Aware": false, "Async Capable": false, "Join Type": "Inner", "Startup Cost": 1973.31, "Total Cost": 247587.52, "Plan Rows": 350, "Plan Width": 20, "Inner Unique": true, "Hash Cond": "(web_sales.ws_web_page_sk = web_page.wp_web_page_sk)", "Plans": [{"Node Type": "Hash Join", "Parent Relationship": "Outer", "Parallel Aware": true, "Async Capable": false, "Join Type": "Inner", "Startup Cost": 1963.81, "Total Cost": 247577.08, "Plan Rows": 350, "Plan Width": 24, "Inner Unique": true, "Hash Cond": "(web_sales.ws_sold_date_sk = date_dim.d_date_sk)", "Plans": [{"Node Type": "Seq Scan", "Parent Relationship": "Outer", "Parallel Aware": true, "Async Capable": false, "Relation Name": "web_sales", "Alias": "web_sales", "Startup Cost": 0.0, "Total Cost": 245429.58, "Plan Rows": 69972, "Plan Width": 28, "Filter": "((((ws_sales_price >= 100.00) AND (ws_sales_price <= 150.00)) OR ((ws_sales_price >= 50.00) AND (ws_sales_price <= 100.00)) OR ((ws_sales_price >= 150.00) AND (ws_sales_price <= 200.00))) AND (((ws_net_profit >= '100'::numeric) AND (ws_net_profit <= '200'::numeric)) OR ((ws_net_profit >= '150'::numeric) AND (ws_net_profit <= '300'::numeric)) OR ((ws_net_profit >= '50'::numeric) AND (ws_net_profit <= '250'::numeric))))"}, {"Node Type": "Hash", "Parent Relationship": "Inner", "Parallel Aware": true, "Async Capable": false, "Startup Cost": 1961.12, "Total Cost": 1961.12, "Plan Rows": 215, "Plan Width": 4, "Plans": [{"Node Type": "Seq Scan", "Parent Relationship": "Outer", "Parallel Aware": true, "Async Capable": false, "Relation Name": "date_dim", "Alias": "date_dim", "Startup Cost": 0.0, "Total Cost": 1961.12, "Plan Rows": 215, "Plan Width": 4, "Filter": "(d_year = 1999)"}]}]}, {"Node Type": "Hash", "Parent Relationship": "Inner", "Parallel Aware": false, "Async Capable": false, "Startup Cost": 7.0, "Total Cost": 7.0, "Plan Rows": 200, "Plan Width": 4, "Plans": [{"Node Type": "Seq Scan", "Parent Relationship": "Outer", "Parallel Aware": false, "Async Capable": false, "Relation Name": "web_page", "Alias": "web_page", "Startup Cost": 0.0, "Total Cost": 7.0, "Plan Rows": 200, "Plan Width": 4}]}]}]}]}]}, {"Node Type": "Sort", "Parent Relationship": "Inner", "Parallel Aware": false, "Async Capable": false, "Startup Cost": 77600.6, "Total Cost": 77944.98, "Plan Rows": 137753, "Plan Width": 38, "Sort Key": ["web_returns.wr_refunded_cdemo_sk"], "Plans": [{"Node Type": "Gather", "Parent Relationship": "Outer", "Parallel Aware": false, "Async Capable": false, "Startup Cost": 9213.79, "Total Cost": 65842.19, "Plan Rows": 137753, "Plan Width": 38, "Workers Planned": 3, "Single Copy": false, "Plans": [{"Node Type": "Hash Join", "Parent Relationship": "Outer", "Parallel Aware": false, "Async Capable": false, "Join Type": "Inner", "Startup Cost": 8213.79, "Total Cost": 51066.89, "Plan Rows": 44436, "Plan Width": 38, "Inner Unique": true, "Hash Cond": "(web_returns.wr_reason_sk = reason.r_reason_sk)", "Plans": [{"Node Type": "Nested Loop", "Parent Relationship": "Outer", "Parallel Aware": false, "Async Capable": false, "Join Type": "Inner", "Startup Cost": 8211.77, "Total Cost": 50937.75, "Plan Rows": 44436, "Plan Width": 42, "Inner Unique": true, "Plans": [{"Node Type": "Hash Join", "Parent Relationship": "Outer", "Parallel Aware": true, "Async Capable": false, "Join Type": "Inner", "Startup Cost": 8211.35, "Total Cost": 24460.42, "Plan Rows": 44436, "Plan Width": 23, "Inner Unique": true, "Hash Cond": "(web_returns.wr_refunded_addr_sk = customer_address.ca_address_sk)", "Plans": [{"Node Type": "Seq Scan", "Parent Relationship": "Outer", "Parallel Aware": true, "Async Capable": false, "Relation Name": "web_returns", "Alias": "web_returns", "Startup Cost": 0.0, "Total Cost": 15640.05, "Plan Rows": 232005, "Plan Width": 24}, {"Node Type": "Hash", "Parent Relationship": "Inner", "Parallel Aware": true, "Async Capable": false, "Startup Cost": 7961.96, "Total Cost": 7961.96, "Plan Rows": 19951, "Plan Width": 7, "Plans": [{"Node Type": "Seq Scan", "Parent Relationship": "Outer", "Parallel Aware": true, "Async Capable": false, "Relation Name": "customer_address", "Alias": "customer_address", "Startup Cost": 0.0, "Total Cost": 7961.96, "Plan Rows": 19951, "Plan Width": 7, "Filter": "(((ca_country)::text = 'United States'::text) AND ((ca_state = ANY ('{CO,WI,AR}'::bpchar[])) OR (ca_state = ANY ('{GA,ID,WV}'::bpchar[])) OR (ca_state = ANY ('{VA,AZ,SD}'::bpchar[]))))"}]}]}, {"Node Type": "Index Scan", "Parent Relationship": "Inner", "Parallel Aware": false, "Async Capable": false, "Scan Direction": "Forward", "Index Name": "customer_demographics_pkey", "Relation Name": "customer_demographics", "Alias": "cd2", "Startup Cost": 0.43, "Total Cost": 0.6, "Plan Rows": 1, "Plan Width": 27, "Index Cond": "(cd_demo_sk = web_returns.wr_returning_cdemo_sk)"}]}, {"Node Type": "Hash", "Parent Relationship": "Inner", "Parallel Aware": false, "Async Capable": false, "Startup Cost": 1.45, "Total Cost": 1.45, "Plan Rows": 45, "Plan Width": 4, "Plans": [{"Node Type": "Seq Scan", "Parent Relationship": "Outer", "Parallel Aware": false, "Async Capable": false, "Relation Name": "reason", "Alias": "reason", "Startup Cost": 0.0, "Total Cost": 1.45, "Plan Rows": 45, "Plan Width": 4}]}]}]}]}]}]}}, {"Plan": {"Node Type": "Aggregate", "Strategy": "Plain", "Partial Mode": "Simple", "Parallel Aware": false, "Async Capable": false, "Startup Cost": 139639.0, "Total Cost": 139639.01, "Plan Rows": 1, "Plan Width": 8, "Actual Rows": 1, "Actual Loops": 1, "Plans": [{"Node Type": "Gather", "Parent Relationship": "Outer", "Parallel Aware": false, "Async Capable": false, "Startup Cost": 101713.21, "Total Cost": 139639.0, "Plan Rows": 1, "Plan Width": 0, "Actual Rows": 12, "Actual Loops": 1, "Workers Planned": 3, "Workers Launched": 3, "Single Copy": false, "Plans": [{"Node Type": "Hash Join", "Parent Relationship": "Outer", "Parallel Aware": true, "Async Capable": false, "Join Type": "Inner", "Startup Cost": 100713.21, "Total Cost": 138638.9, "Plan Rows": 1, "Plan Width": 0, "Actual Rows": 3, "Actual Loops": 4, "Inner Unique": false, "Hash Cond": "((cd1.cd_demo_sk = web_returns.wr_refunded_cdemo_sk) AND (cd1.cd_marital_status = cd2.cd_marital_status) AND (cd1.cd_education_status = cd2.cd_education_status))", "Join Filter": "(((cd1.cd_marital_status = 'U'::bpchar) AND (cd1.cd_education_status = 'Secondary'::bpchar) AND (web_sales.ws_sales_price >= 100.00) AND (web_sales.ws_sales_price <= 150.00)) OR ((cd1.cd_marital_status = 'D'::bpchar) AND (cd1.cd_education_status = 'College'::bpchar) AND (web_sales.ws_sales_price >= 50.00) AND (web_sales.ws_sales_price <= 100.00)) OR ((cd1.cd_marital_status = 'S'::bpchar) AND (cd1.cd_education_status = 'Advanced Degree'::bpchar) AND (web_sales.ws_sales_price >= 150.00) AND (web_sales.ws_sales_price <= 200.00)))", "Rows Removed by Join Filter": 7, "Workers": [], "Plans": [{"Node Type": "Seq Scan", "Parent Relationship": "Outer", "Parallel Aware": true, "Async Capable": false, "Relation Name": "customer_demographics", "Alias": "cd1", "Startup Cost": 0.0, "Total Cost": 37346.32, "Plan Rows": 51495, "Plan Width": 27, "Actual Rows": 41160, "Actual Loops": 4, "Filter": "(((cd_marital_status = 'U'::bpchar) AND (cd_education_status = 'Secondary'::bpchar)) OR ((cd_marital_status = 'D'::bpchar) AND (cd_education_status = 'College'::bpchar)) OR ((cd_marital_status = 'S'::bpchar) AND (cd_education_status = 'Advanced Degree'::bpchar)))", "Rows Removed by Filter": 439040, "Workers": []}, {"Node Type": "Hash", "Parent Relationship": "Inner", "Parallel Aware": true, "Async Capable": false, "Startup Cost": 100713.2, "Total Cost": 100713.2, "Plan Rows": 1, "Plan Width": 33, "Actual Rows": 139, "Actual Loops": 4, "Hash Buckets": 1024, "Original Hash Buckets": 1024, "Hash Batches": 1, "Original Hash Batches": 1, "Peak Memory Usage": 136, "Workers": [], "Plans": [{"Node Type": "Nested Loop", "Parent Relationship": "Outer", "Parallel Aware": false, "Async Capable": false, "Join Type": "Inner", "Startup Cost": 8212.78, "Total Cost": 100713.2, "Plan Rows": 1, "Plan Width": 33, "Actual Rows": 139, "Actual Loops": 4, "Inner Unique": true, "Workers": [], "Plans": [{"Node Type": "Nested Loop", "Parent Relationship": "Outer", "Parallel Aware": false, "Async Capable": false, "Join Type": "Inner", "Startup Cost": 8212.64, "Total Cost": 100713.04, "Plan Rows": 1, "Plan Width": 37, "Actual Rows": 140, "Actual Loops": 4, "Inner Unique": true, "Workers": [], "Plans": [{"Node Type": "Nested Loop", "Parent Relationship": "Outer", "Parallel Aware": false, "Async Capable": false, "Join Type": "Inner", "Startup Cost": 8212.35, "Total Cost": 100712.71, "Plan Rows": 1, "Plan Width": 41, "Actual Rows": 729, "Actual Loops": 4, "Inner Unique": true, "Workers": [], "Plans": [{"Node Type": "Nested Loop", "Parent Relationship": "Outer", "Parallel Aware": false, "Async Capable": false, "Join Type": "Inner", "Startup Cost": 8211.92, "Total Cost": 100712.11, "Plan Rows": 1, "Plan Width": 22, "Actual Rows": 742, "Actual Loops": 4, "Inner Unique": true, "Workers": [], "Plans": [{"Node Type": "Nested Loop", "Parent Relationship": "Outer", "Parallel Aware": false, "Async Capable": false, "Join Type": "Inner", "Startup Cost": 8211.78, "Total Cost": 100711.95, "Plan Rows": 1, "Plan Width": 26, "Actual Rows": 742, "Actual Loops": 4, "Inner Unique": true, "Join Filter": "(((customer_address.ca_state = ANY ('{CO,WI,AR}'::bpchar[])) AND (web_sales.ws_net_profit >= '100'::numeric) AND (web_sales.ws_net_profit <= '200'::numeric)) OR ((customer_address.ca_state = ANY ('{GA,ID,WV}'::bpchar[])) AND (web_sales.ws_net_profit >= '150'::numeric) AND (web_sales.ws_net_profit <= '300'::numeric)) OR ((customer_address.ca_state = ANY ('{VA,AZ,SD}'::bpchar[])) AND (web_sales.ws_net_profit >= '50'::numeric) AND (web_sales.ws_net_profit <= '250'::numeric)))", "Rows Removed by Join Filter": 543, "Workers": [], "Plans": [{"Node Type": "Hash Join", "Parent Relationship": "Outer", "Parallel Aware": true, "Async Capable": false, "Join Type": "Inner", "Startup Cost": 8211.35, "Total Cost": 24460.42, "Plan Rows": 44436, "Plan Width": 23, "Actual Rows": 35846, "Actual Loops": 4, "Inner Unique": true, "Hash Cond": "(web_returns.wr_refunded_addr_sk = customer_address.ca_address_sk)", "Workers": [], "Plans": [{"Node Type": "Seq Scan", "Parent Relationship": "Outer", "Parallel Aware": true, "Async Capable": false, "Relation Name": "web_returns", "Alias": "web_returns", "Startup Cost": 0.0, "Total Cost": 15640.05, "Plan Rows": 232005, "Plan Width": 24, "Actual Rows": 179804, "Actual Loops": 4, "Workers": []}, {"Node Type": "Hash", "Parent Relationship": "Inner", "Parallel Aware": true, "Async Capable": false, "Startup Cost": 7961.96, "Total Cost": 7961.96, "Plan Rows": 19951, "Plan Width": 7, "Actual Rows": 13047, "Actual Loops": 4, "Hash Buckets": 65536, "Original Hash Buckets": 65536, "Hash Batches": 1, "Original Hash Batches": 1, "Peak Memory Usage": 2592, "Workers": [], "Plans": [{"Node Type": "Seq Scan", "Parent Relationship": "Outer", "Parallel Aware": true, "Async Capable": false, "Relation Name": "customer_address", "Alias": "customer_address", "Startup Cost": 0.0, "Total Cost": 7961.96, "Plan Rows": 19951, "Plan Width": 7, "Actual Rows": 13047, "Actual Loops": 4, "Filter": "(((ca_country)::text = 'United States'::text) AND ((ca_state = ANY ('{CO,WI,AR}'::bpchar[])) OR (ca_state = ANY ('{GA,ID,WV}'::bpchar[])) OR (ca_state = ANY ('{VA,AZ,SD}'::bpchar[]))))", "Rows Removed by Filter": 49453, "Workers": []}]}]}, {"Node Type": "Index Scan", "Parent Relationship": "Inner", "Parallel Aware": false, "Async Capable": false, "Scan Direction": "Forward", "Index Name": "web_sales_pkey", "Relation Name": "web_sales", "Alias": "web_sales", "Startup Cost": 0.43, "Total Cost": 1.68, "Plan Rows": 1, "Plan Width": 28, "Actual Rows": 0, "Actual Loops": 143385, "Index Cond": "((ws_item_sk = web_returns.wr_item_sk) AND (ws_order_number = web_returns.wr_order_number))", "Rows Removed by Index Recheck": 0, "Filter": "((((ws_sales_price >= 100.00) AND (ws_sales_price <= 150.00)) OR ((ws_sales_price >= 50.00) AND (ws_sales_price <= 100.00)) OR ((ws_sales_price >= 150.00) AND (ws_sales_price <= 200.00))) AND (((ws_net_profit >= '100'::numeric) AND (ws_net_profit <= '200'::numeric)) OR ((ws_net_profit >= '150'::numeric) AND (ws_net_profit <= '300'::numeric)) OR ((ws_net_profit >= '50'::numeric) AND (ws_net_profit <= '250'::numeric))))", "Rows Removed by Filter": 1, "Workers": []}]}, {"Node Type": "Index Only Scan", "Parent Relationship": "Inner", "Parallel Aware": false, "Async Capable": false, "Scan Direction": "Forward", "Index Name": "web_page_pkey", "Relation Name": "web_page", "Alias": "web_page", "Startup Cost": 0.14, "Total Cost": 0.16, "Plan Rows": 1, "Plan Width": 4, "Actual Rows": 1, "Actual Loops": 2969, "Index Cond": "(wp_web_page_sk = web_sales.ws_web_page_sk)", "Rows Removed by Index Recheck": 0, "Heap Fetches": 2969, "Workers": []}]}, {"Node Type": "Index Scan", "Parent Relationship": "Inner", "Parallel Aware": false, "Async Capable": false, "Scan Direction": "Forward", "Index Name": "customer_demographics_pkey", "Relation Name": "customer_demographics", "Alias": "cd2", "Startup Cost": 0.43, "Total Cost": 0.6, "Plan Rows": 1, "Plan Width": 27, "Actual Rows": 1, "Actual Loops": 2969, "Index Cond": "(cd_demo_sk = web_returns.wr_returning_cdemo_sk)", "Rows Removed by Index Recheck": 0, "Workers": []}]}, {"Node Type": "Index Scan", "Parent Relationship": "Inner", "Parallel Aware": false, "Async Capable": false, "Scan Direction": "Forward", "Index Name": "date_dim_pkey", "Relation Name": "date_dim", "Alias": "date_dim", "Startup Cost": 0.29, "Total Cost": 0.33, "Plan Rows": 1, "Plan Width": 4, "Actual Rows": 0, "Actual Loops": 2917, "Index Cond": "(d_date_sk = web_sales.ws_sold_date_sk)", "Rows Removed by Index Recheck": 0, "Filter": "(d_year = 1999)", "Rows Removed by Filter": 1, "Workers": []}]}, {"Node Type": "Index Only Scan", "Parent Relationship": "Inner", "Parallel Aware": false, "Async Capable": false, "Scan Direction": "Forward", "Index Name": "reason_pkey", "Relation Name": "reason", "Alias": "reason", "Startup Cost": 0.14, "Total Cost": 0.16, "Plan Rows": 1, "Plan Width": 4, "Actual Rows": 1, "Actual Loops": 559, "Index Cond": "(r_reason_sk = web_returns.wr_reason_sk)", "Rows Removed by Index Recheck": 0, "Heap Fetches": 555, "Workers": []}]}]}]}]}]}, "Planning Time": 9.889, "Triggers": [], "Execution Time": 1066.254}, {"Plan": {"Node Type": "Aggregate", "Strategy": "Plain", "Partial Mode": "Simple", "Parallel Aware": false, "Async Capable": false, "Startup Cost": 101893645.16, "Total Cost": 101893645.17, "Plan Rows": 1, "Plan Width": 8, "Plans": [{"Node Type": "Gather", "Parent Relationship": "Outer", "Parallel Aware": false, "Async Capable": false, "Startup Cost": 82481434.7, "Total Cost": 101893645.16, "Plan Rows": 1, "Plan Width": 0, "Workers Planned": 3, "Single Copy": false, "Plans": [{"Node Type": "Hash Join", "Parent Relationship": "Outer", "Parallel Aware": true, "Async Capable": false, "Join Type": "Inner", "Startup Cost": 82480434.7, "Total Cost": 101892645.06, "Plan Rows": 1, "Plan Width": 0, "Inner Unique": false, "Hash Cond": "((web_returns.wr_refunded_cdemo_sk = cd1.cd_demo_sk) AND (web_returns.wr_returning_cdemo_sk = cd2.cd_demo_sk))", "Join Filter": "(((cd1.cd_marital_status = 'U'::bpchar) AND (cd1.cd_education_status = 'Secondary'::bpchar) AND (web_sales.ws_sales_price >= 100.00) AND (web_sales.ws_sales_price <= 150.00)) OR ((cd1.cd_marital_status = 'D'::bpchar) AND (cd1.cd_education_status = 'College'::bpchar) AND (web_sales.ws_sales_price >= 50.00) AND (web_sales.ws_sales_price <= 100.00)) OR ((cd1.cd_marital_status = 'S'::bpchar) AND (cd1.cd_education_status = 'Advanced Degree'::bpchar) AND (web_sales.ws_sales_price >= 150.00) AND (web_sales.ws_sales_price <= 200.00)))", "Plans": [{"Node Type": "Nested Loop", "Parent Relationship": "Outer", "Parallel Aware": false, "Async Capable": false, "Join Type": "Inner", "Startup Cost": 8212.36, "Total Cost": 100712.6, "Plan Rows": 1, "Plan Width": 14, "Inner Unique": true, "Plans": [{"Node Type": "Nested Loop", "Parent Relationship": "Outer", "Parallel Aware": false, "Async Capable": false, "Join Type": "Inner", "Startup Cost": 8212.22, "Total Cost": 100712.44, "Plan Rows": 1, "Plan Width": 18, "Inner Unique": true, "Plans": [{"Node Type": "Nested Loop", "Parent Relationship": "Outer", "Parallel Aware": false, "Async Capable": false, "Join Type": "Inner", "Startup Cost": 8211.92, "Total Cost": 100712.11, "Plan Rows": 1, "Plan Width": 22, "Inner Unique": true, "Plans": [{"Node Type": "Nested Loop", "Parent Relationship": "Outer", "Parallel Aware": false, "Async Capable": false, "Join Type": "Inner", "Startup Cost": 8211.78, "Total Cost": 100711.95, "Plan Rows": 1, "Plan Width": 26, "Inner Unique": true, "Join Filter": "(((customer_address.ca_state = ANY ('{CO,WI,AR}'::bpchar[])) AND (web_sales.ws_net_profit >= '100'::numeric) AND (web_sales.ws_net_profit <= '200'::numeric)) OR ((customer_address.ca_state = ANY ('{GA,ID,WV}'::bpchar[])) AND (web_sales.ws_net_profit >= '150'::numeric) AND (web_sales.ws_net_profit <= '300'::numeric)) OR ((customer_address.ca_state = ANY ('{VA,AZ,SD}'::bpchar[])) AND (web_sales.ws_net_profit >= '50'::numeric) AND (web_sales.ws_net_profit <= '250'::numeric)))", "Plans": [{"Node Type": "Hash Join", "Parent Relationship": "Outer", "Parallel Aware": true, "Async Capable": false, "Join Type": "Inner", "Startup Cost": 8211.35, "Total Cost": 24460.42, "Plan Rows": 44436, "Plan Width": 23, "Inner Unique": true, "Hash Cond": "(web_returns.wr_refunded_addr_sk = customer_address.ca_address_sk)", "Plans": [{"Node Type": "Seq Scan", "Parent Relationship": "Outer", "Parallel Aware": true, "Async Capable": false, "Relation Name": "web_returns", "Alias": "web_returns", "Startup Cost": 0.0, "Total Cost": 15640.05, "Plan Rows": 232005, "Plan Width": 24}, {"Node Type": "Hash", "Parent Relationship": "Inner", "Parallel Aware": true, "Async Capable": false, "Startup Cost": 7961.96, "Total Cost": 7961.96, "Plan Rows": 19951, "Plan Width": 7, "Plans": [{"Node Type": "Seq Scan", "Parent Relationship": "Outer", "Parallel Aware": true, "Async Capable": false, "Relation Name": "customer_address", "Alias": "customer_address", "Startup Cost": 0.0, "Total Cost": 7961.96, "Plan Rows": 19951, "Plan Width": 7, "Filter": "(((ca_country)::text = 'United States'::text) AND ((ca_state = ANY ('{CO,WI,AR}'::bpchar[])) OR (ca_state = ANY ('{GA,ID,WV}'::bpchar[])) OR (ca_state = ANY ('{VA,AZ,SD}'::bpchar[]))))"}]}]}, {"Node Type": "Index Scan", "Parent Relationship": "Inner", "Parallel Aware": false, "Async Capable": false, "Scan Direction": "Forward", "Index Name": "web_sales_pkey", "Relation Name": "web_sales", "Alias": "web_sales", "Startup Cost": 0.43, "Total Cost": 1.68, "Plan Rows": 1, "Plan Width": 28, "Index Cond": "((ws_item_sk = web_returns.wr_item_sk) AND (ws_order_number = web_returns.wr_order_number))", "Filter": "((((ws_sales_price >= 100.00) AND (ws_sales_price <= 150.00)) OR ((ws_sales_price >= 50.00) AND (ws_sales_price <= 100.00)) OR ((ws_sales_price >= 150.00) AND (ws_sales_price <= 200.00))) AND (((ws_net_profit >= '100'::numeric) AND (ws_net_profit <= '200'::numeric)) OR ((ws_net_profit >= '150'::numeric) AND (ws_net_profit <= '300'::numeric)) OR ((ws_net_profit >= '50'::numeric) AND (ws_net_profit <= '250'::numeric))))"}]}, {"Node Type": "Index Only Scan", "Parent Relationship": "Inner", "Parallel Aware": false, "Async Capable": false, "Scan Direction": "Forward", "Index Name": "web_page_pkey", "Relation Name": "web_page", "Alias": "web_page", "Startup Cost": 0.14, "Total Cost": 0.16, "Plan Rows": 1, "Plan Width": 4, "Index Cond": "(wp_web_page_sk = web_sales.ws_web_page_sk)"}]}, {"Node Type": "Index Scan", "Parent Relationship": "Inner", "Parallel Aware": false, "Async Capable": false, "Scan Direction": "Forward", "Index Name": "date_dim_pkey", "Relation Name": "date_dim", "Alias": "date_dim", "Startup Cost": 0.29, "Total Cost": 0.33, "Plan Rows": 1, "Plan Width": 4, "Index Cond": "(d_date_sk = web_sales.ws_sold_date_sk)", "Filter": "(d_year = 1999)"}]}, {"Node Type": "Index Only Scan", "Parent Relationship": "Inner", "Parallel Aware": false, "Async Capable": false, "Scan Direction": "Forward", "Index Name": "reason_pkey", "Relation Name": "reason", "Alias": "reason", "Startup Cost": 0.14, "Total Cost": 0.16, "Plan Rows": 1, "Plan Width": 4, "Index Cond": "(r_reason_sk = web_returns.wr_reason_sk)"}]}, {"Node Type": "Hash", "Parent Relationship": "Inner", "Parallel Aware": true, "Async Capable": false, "Startup Cost": 20759578.75, "Total Cost": 20759578.75, "Plan Rows": 2826196173, "Plan Width": 31, "Plans": [{"Node Type": "Hash Join", "Parent Relationship": "Outer", "Parallel Aware": true, "Async Capable": false, "Join Type": "Inner", "Startup Cost": 37346.32, "Total Cost": 20759578.75, "Plan Rows": 2826196173, "Plan Width": 31, "Inner Unique": false, "Hash Cond": "((cd1.cd_marital_status = cd2.cd_marital_status) AND (cd1.cd_education_status = cd2.cd_education_status))", "Plans": [{"Node Type": "Seq Scan", "Parent Relationship": "Outer", "Parallel Aware": true, "Async Capable": false, "Relation Name": "customer_demographics", "Alias": "cd1", "Startup Cost": 0.0, "Total Cost": 37346.32, "Plan Rows": 51495, "Plan Width": 27, "Filter": "(((cd_marital_status = 'U'::bpchar) AND (cd_education_status = 'Secondary'::bpchar)) OR ((cd_marital_status = 'D'::bpchar) AND (cd_education_status = 'College'::bpchar)) OR ((cd_marital_status = 'S'::bpchar) AND (cd_education_status = 'Advanced Degree'::bpchar)))"}, {"Node Type": "Hash", "Parent Relationship": "Inner", "Parallel Aware": true, "Async Capable": false, "Startup Cost": 28052.13, "Total Cost": 28052.13, "Plan Rows": 619613, "Plan Width": 27, "Plans": [{"Node Type": "Seq Scan", "Parent Relationship": "Outer", "Parallel Aware": true, "Async Capable": false, "Relation Name": "customer_demographics", "Alias": "cd2", "Startup Cost": 0.0, "Total Cost": 28052.13, "Plan Rows": 619613, "Plan Width": 27}]}]}]}]}]}]}}, {"Plan": {"Node Type": "Aggregate", "Strategy": "Plain", "Partial Mode": "Simple", "Parallel Aware": false, "Async Capable": false, "Startup Cost": 59053.58, "Total Cost": 59053.59, "Plan Rows": 1, "Plan Width": 8, "Actual Rows": 1, "Actual Loops": 1, "Plans": [{"Node Type": "Nested Loop", "Parent Relationship": "Outer", "Parallel Aware": false, "Async Capable": false, "Join Type": "Inner", "Startup Cost": 9213.21, "Total Cost": 59053.57, "Plan Rows": 1, "Plan Width": 0, "Actual Rows": 12, "Actual Loops": 1, "Inner Unique": true, "Join Filter": "((cd1.cd_marital_status = cd2.cd_marital_status) AND (cd1.cd_education_status = cd2.cd_education_status))", "Rows Removed by Join Filter": 0, "Plans": [{"Node Type": "Nested Loop", "Parent Relationship": "Outer", "Parallel Aware": false, "Async Capable": false, "Join Type": "Inner", "Startup Cost": 9212.78, "Total Cost": 59052.96, "Plan Rows": 1, "Plan Width": 27, "Actual Rows": 12, "Actual Loops": 1, "Inner Unique": true, "Plans": [{"Node Type": "Nested Loop", "Parent Relationship": "Outer", "Parallel Aware": false, "Async Capable": false, "Join Type": "Inner", "Startup Cost": 9212.64, "Total Cost": 59052.8, "Plan Rows": 1, "Plan Width": 31, "Actual Rows": 12, "Actual Loops": 1, "Inner Unique": true, "Plans": [{"Node Type": "Nested Loop", "Parent Relationship": "Outer", "Parallel Aware": false, "Async Capable": false, "Join Type": "Inner", "Startup Cost": 9212.35, "Total Cost": 59052.47, "Plan Rows": 1, "Plan Width": 35, "Actual Rows": 70, "Actual Loops": 1, "Inner Unique": true, "Plans": [{"Node Type": "Gather", "Parent Relationship": "Outer", "Parallel Aware": false, "Async Capable": false, "Startup Cost": 9212.21, "Total Cost": 59052.31, "Plan Rows": 1, "Plan Width": 39, "Actual Rows": 70, "Actual Loops": 1, "Workers Planned": 3, "Workers Launched": 3, "Single Copy": false, "Plans": [{"Node Type": "Nested Loop", "Parent Relationship": "Outer", "Parallel Aware": false, "Async Capable": false, "Join Type": "Inner", "Startup Cost": 8212.21, "Total Cost": 58052.21, "Plan Rows": 1, "Plan Width": 39, "Actual Rows": 18, "Actual Loops": 4, "Inner Unique": true, "Join Filter": "((((customer_address.ca_state = ANY ('{CO,WI,AR}'::bpchar[])) AND (web_sales.ws_net_profit >= '100'::numeric) AND (web_sales.ws_net_profit <= '200'::numeric)) OR ((customer_address.ca_state = ANY ('{GA,ID,WV}'::bpchar[])) AND (web_sales.ws_net_profit >= '150'::numeric) AND (web_sales.ws_net_profit <= '300'::numeric)) OR ((customer_address.ca_state = ANY ('{VA,AZ,SD}'::bpchar[])) AND (web_sales.ws_net_profit >= '50'::numeric) AND (web_sales.ws_net_profit <= '250'::numeric))) AND (((cd1.cd_marital_status = 'U'::bpchar) AND (cd1.cd_education_status = 'Secondary'::bpchar) AND (web_sales.ws_sales_price >= 100.00) AND (web_sales.ws_sales_price <= 150.00)) OR ((cd1.cd_marital_status = 'D'::bpchar) AND (cd1.cd_education_status = 'College'::bpchar) AND (web_sales.ws_sales_price >= 50.00) AND (web_sales.ws_sales_price <= 100.00)) OR ((cd1.cd_marital_status = 'S'::bpchar) AND (cd1.cd_education_status = 'Advanced Degree'::bpchar) AND (web_sales.ws_sales_price >= 150.00) AND (web_sales.ws_sales_price <= 200.00))))", "Rows Removed by Join Filter": 88, "Workers": [], "Plans": [{"Node Type": "Nested Loop", "Parent Relationship": "Outer", "Parallel Aware": false, "Async Capable": false, "Join Type": "Inner", "Startup Cost": 8211.77, "Total Cost": 51604.29, "Plan Rows": 3693, "Plan Width": 42, "Actual Rows": 2966, "Actual Loops": 4, "Inner Unique": true, "Workers": [], "Plans": [{"Node Type": "Hash Join", "Parent Relationship": "Outer", "Parallel Aware": true, "Async Capable": false, "Join Type": "Inner", "Startup Cost": 8211.35, "Total Cost": 24460.42, "Plan Rows": 44436, "Plan Width": 23, "Actual Rows": 35846, "Actual Loops": 4, "Inner Unique": true, "Hash Cond": "(web_returns.wr_refunded_addr_sk = customer_address.ca_address_sk)", "Workers": [], "Plans": [{"Node Type": "Seq Scan", "Parent Relationship": "Outer", "Parallel Aware": true, "Async Capable": false, "Relation Name": "web_returns", "Alias": "web_returns", "Startup Cost": 0.0, "Total Cost": 15640.05, "Plan Rows": 232005, "Plan Width": 24, "Actual Rows": 179804, "Actual Loops": 4, "Workers": []}, {"Node Type": "Hash", "Parent Relationship": "Inner", "Parallel Aware": true, "Async Capable": false, "Startup Cost": 7961.96, "Total Cost": 7961.96, "Plan Rows": 19951, "Plan Width": 7, "Actual Rows": 13047, "Actual Loops": 4, "Hash Buckets": 65536, "Original Hash Buckets": 65536, "Hash Batches": 1, "Original Hash Batches": 1, "Peak Memory Usage": 2624, "Workers": [], "Plans": [{"Node Type": "Seq Scan", "Parent Relationship": "Outer", "Parallel Aware": true, "Async Capable": false, "Relation Name": "customer_address", "Alias": "customer_address", "Startup Cost": 0.0, "Total Cost": 7961.96, "Plan Rows": 19951, "Plan Width": 7, "Actual Rows": 13047, "Actual Loops": 4, "Filter": "(((ca_country)::text = 'United States'::text) AND ((ca_state = ANY ('{CO,WI,AR}'::bpchar[])) OR (ca_state = ANY ('{GA,ID,WV}'::bpchar[])) OR (ca_state = ANY ('{VA,AZ,SD}'::bpchar[]))))", "Rows Removed by Filter": 49453, "Workers": []}]}]}, {"Node Type": "Index Scan", "Parent Relationship": "Inner", "Parallel Aware": false, "Async Capable": false, "Scan Direction": "Forward", "Index Name": "customer_demographics_pkey", "Relation Name": "customer_demographics", "Alias": "cd1", "Startup Cost": 0.43, "Total Cost": 0.61, "Plan Rows": 1, "Plan Width": 27, "Actual Rows": 0, "Actual Loops": 143385, "Index Cond": "(cd_demo_sk = web_returns.wr_refunded_cdemo_sk)", "Rows Removed by Index Recheck": 0, "Filter": "(((cd_marital_status = 'U'::bpchar) AND (cd_education_status = 'Secondary'::bpchar)) OR ((cd_marital_status = 'D'::bpchar) AND (cd_education_status = 'College'::bpchar)) OR ((cd_marital_status = 'S'::bpchar) AND (cd_education_status = 'Advanced Degree'::bpchar)))", "Rows Removed by Filter": 1, "Workers": []}]}, {"Node Type": "Index Scan", "Parent Relationship": "Inner", "Parallel Aware": false, "Async Capable": false, "Scan Direction": "Forward", "Index Name": "web_sales_pkey", "Relation Name": "web_sales", "Alias": "web_sales", "Startup Cost": 0.43, "Total Cost": 1.68, "Plan Rows": 1, "Plan Width": 28, "Actual Rows": 0, "Actual Loops": 11866, "Index Cond": "((ws_item_sk = web_returns.wr_item_sk) AND (ws_order_number = web_returns.wr_order_number))", "Rows Removed by Index Recheck": 0, "Filter": "((((ws_sales_price >= 100.00) AND (ws_sales_price <= 150.00)) OR ((ws_sales_price >= 50.00) AND (ws_sales_price <= 100.00)) OR ((ws_sales_price >= 150.00) AND (ws_sales_price <= 200.00))) AND (((ws_net_profit >= '100'::numeric) AND (ws_net_profit <= '200'::numeric)) OR ((ws_net_profit >= '150'::numeric) AND (ws_net_profit <= '300'::numeric)) OR ((ws_net_profit >= '50'::numeric) AND (ws_net_profit <= '250'::numeric))))", "Rows Removed by Filter": 1, "Workers": []}]}]}, {"Node Type": "Index Only Scan", "Parent Relationship": "Inner", "Parallel Aware": false, "Async Capable": false, "Scan Direction": "Forward", "Index Name": "web_page_pkey", "Relation Name": "web_page", "Alias": "web_page", "Startup Cost": 0.14, "Total Cost": 0.16, "Plan Rows": 1, "Plan Width": 4, "Actual Rows": 1, "Actual Loops": 70, "Index Cond": "(wp_web_page_sk = web_sales.ws_web_page_sk)", "Rows Removed by Index Recheck": 0, "Heap Fetches": 70}]}, {"Node Type": "Index Scan", "Parent Relationship": "Inner", "Parallel Aware": false, "Async Capable": false, "Scan Direction": "Forward", "Index Name": "date_dim_pkey", "Relation Name": "date_dim", "Alias": "date_dim", "Startup Cost": 0.29, "Total Cost": 0.33, "Plan Rows": 1, "Plan Width": 4, "Actual Rows": 0, "Actual Loops": 70, "Index Cond": "(d_date_sk = web_sales.ws_sold_date_sk)", "Rows Removed by Index Recheck": 0, "Filter": "(d_year = 1999)", "Rows Removed by Filter": 1}]}, {"Node Type": "Index Only Scan", "Parent Relationship": "Inner", "Parallel Aware": false, "Async Capable": false, "Scan Direction": "Forward", "Index Name": "reason_pkey", "Relation Name": "reason", "Alias": "reason", "Startup Cost": 0.14, "Total Cost": 0.16, "Plan Rows": 1, "Plan Width": 4, "Actual Rows": 1, "Actual Loops": 12, "Index Cond": "(r_reason_sk = web_returns.wr_reason_sk)", "Rows Removed by Index Recheck": 0, "Heap Fetches": 12}]}, {"Node Type": "Index Scan", "Parent Relationship": "Inner", "Parallel Aware": false, "Async Capable": false, "Scan Direction": "Forward", "Index Name": "customer_demographics_pkey", "Relation Name": "customer_demographics", "Alias": "cd2", "Startup Cost": 0.43, "Total Cost": 0.6, "Plan Rows": 1, "Plan Width": 27, "Actual Rows": 1, "Actual Loops": 12, "Index Cond": "(cd_demo_sk = web_returns.wr_returning_cdemo_sk)", "Rows Removed by Index Recheck": 0}]}]}, "Planning Time": 10.585, "Triggers": [], "Execution Time": 891.527}, {"Plan": {"Node Type": "Aggregate", "Strategy": "Plain", "Partial Mode": "Simple", "Parallel Aware": false, "Async Capable": false, "Startup Cost": 30000572916.5, "Total Cost": 30000572916.51, "Plan Rows": 1, "Plan Width": 8, "Plans": [{"Node Type": "Nested Loop", "Parent Relationship": "Outer", "Parallel Aware": false, "Async Capable": false, "Join Type": "Inner", "Startup Cost": 30000002975.17, "Total Cost": 30000572916.49, "Plan Rows": 1, "Plan Width": 0, "Inner Unique": false, "Join Filter": "((web_sales.ws_item_sk = web_returns.wr_item_sk) AND (web_sales.ws_order_number = web_returns.wr_order_number) AND (((customer_address.ca_state = ANY ('{CO,WI,AR}'::bpchar[])) AND (web_sales.ws_net_profit >= '100'::numeric) AND (web_sales.ws_net_profit <= '200'::numeric)) OR ((customer_address.ca_state = ANY ('{GA,ID,WV}'::bpchar[])) AND (web_sales.ws_net_profit >= '150'::numeric) AND (web_sales.ws_net_profit <= '300'::numeric)) OR ((customer_address.ca_state = ANY ('{VA,AZ,SD}'::bpchar[])) AND (web_sales.ws_net_profit >= '50'::numeric) AND (web_sales.ws_net_profit <= '250'::numeric))) AND (((cd1.cd_marital_status = 'U'::bpchar) AND (cd1.cd_education_status = 'Secondary'::bpchar) AND (web_sales.ws_sales_price >= 100.00) AND (web_sales.ws_sales_price <= 150.00)) OR ((cd1.cd_marital_status = 'D'::bpchar) AND (cd1.cd_education_status = 'College'::bpchar) AND (web_sales.ws_sales_price >= 50.00) AND (web_sales.ws_sales_price <= 100.00)) OR ((cd1.cd_marital_status = 'S'::bpchar) AND (cd1.cd_education_status = 'Advanced Degree'::bpchar) AND (web_sales.ws_sales_price >= 150.00) AND (web_sales.ws_sales_price <= 200.00))))", "Plans": [{"Node Type": "Gather", "Parent Relationship": "Outer", "Parallel Aware": false, "Async Capable": false, "Startup Cost": 2973.31, "Total Cost": 248762.32, "Plan Rows": 1748, "Plan Width": 20, "Workers Planned": 5, "Single Copy": false, "Plans": [{"Node Type": "Hash Join", "Parent Relationship": "Outer", "Parallel Aware": false, "Async Capable": false, "Join Type": "Inner", "Startup Cost": 1973.31, "Total Cost": 247587.52, "Plan Rows": 350, "Plan Width": 20, "Inner Unique": true, "Hash Cond": "(web_sales.ws_web_page_sk = web_page.wp_web_page_sk)", "Plans": [{"Node Type": "Hash Join", "Parent Relationship": "Outer", "Parallel Aware": true, "Async Capable": false, "Join Type": "Inner", "Startup Cost": 1963.81, "Total Cost": 247577.08, "Plan Rows": 350, "Plan Width": 24, "Inner Unique": true, "Hash Cond": "(web_sales.ws_sold_date_sk = date_dim.d_date_sk)", "Plans": [{"Node Type": "Seq Scan", "Parent Relationship": "Outer", "Parallel Aware": true, "Async Capable": false, "Relation Name": "web_sales", "Alias": "web_sales", "Startup Cost": 0.0, "Total Cost": 245429.58, "Plan Rows": 69972, "Plan Width": 28, "Filter": "((((ws_sales_price >= 100.00) AND (ws_sales_price <= 150.00)) OR ((ws_sales_price >= 50.00) AND (ws_sales_price <= 100.00)) OR ((ws_sales_price >= 150.00) AND (ws_sales_price <= 200.00))) AND (((ws_net_profit >= '100'::numeric) AND (ws_net_profit <= '200'::numeric)) OR ((ws_net_profit >= '150'::numeric) AND (ws_net_profit <= '300'::numeric)) OR ((ws_net_profit >= '50'::numeric) AND (ws_net_profit <= '250'::numeric))))"}, {"Node Type": "Hash", "Parent Relationship": "Inner", "Parallel Aware": true, "Async Capable": false, "Startup Cost": 1961.12, "Total Cost": 1961.12, "Plan Rows": 215, "Plan Width": 4, "Plans": [{"Node Type": "Seq Scan", "Parent Relationship": "Outer", "Parallel Aware": true, "Async Capable": false, "Relation Name": "date_dim", "Alias": "date_dim", "Startup Cost": 0.0, "Total Cost": 1961.12, "Plan Rows": 215, "Plan Width": 4, "Filter": "(d_year = 1999)"}]}]}, {"Node Type": "Hash", "Parent Relationship": "Inner", "Parallel Aware": false, "Async Capable": false, "Startup Cost": 7.0, "Total Cost": 7.0, "Plan Rows": 200, "Plan Width": 4, "Plans": [{"Node Type": "Seq Scan", "Parent Relationship": "Outer", "Parallel Aware": false, "Async Capable": false, "Relation Name": "web_page", "Alias": "web_page", "Startup Cost": 0.0, "Total Cost": 7.0, "Plan Rows": 200, "Plan Width": 4}]}]}]}, {"Node Type": "Materialize", "Parent Relationship": "Inner", "Parallel Aware": false, "Async Capable": false, "Startup Cost": 20000000001.86, "Total Cost": 20000281999.79, "Plan Rows": 327, "Plan Width": 34, "Plans": [{"Node Type": "Nested Loop", "Parent Relationship": "Outer", "Parallel Aware": false, "Async Capable": false, "Join Type": "Inner", "Startup Cost": 20000000001.86, "Total Cost": 20000281998.15, "Plan Rows": 327, "Plan Width": 34, "Inner Unique": true, "Join Filter": "((cd1.cd_marital_status = cd2.cd_marital_status) AND (cd1.cd_education_status = cd2.cd_education_status))", "Plans": [{"Node Type": "Nested Loop", "Parent Relationship": "Outer", "Parallel Aware": false, "Async Capable": false, "Join Type": "Inner", "Startup Cost": 10000000001.43, "Total Cost": 10000275005.11, "Plan Rows": 11448, "Plan Width": 38, "Inner Unique": true, "Plans": [{"Node Type": "Nested Loop", "Parent Relationship": "Outer", "Parallel Aware": false, "Async Capable": false, "Join Type": "Inner", "Startup Cost": 1.0, "Total Cost": 190858.28, "Plan Rows": 137753, "Plan Width": 19, "Inner Unique": true, "Plans": [{"Node Type": "Nested Loop", "Parent Relationship": "Outer", "Parallel Aware": false, "Async Capable": false, "Join Type": "Inner", "Startup Cost": 0.85, "Total Cost": 187449.19, "Plan Rows": 137753, "Plan Width": 23, "Inner Unique": true, "Plans": [{"Node Type": "Index Scan", "Parent Relationship": "Outer", "Parallel Aware": false, "Async Capable": false, "Scan Direction": "Forward", "Index Name": "web_returns_pkey", "Relation Name": "web_returns", "Alias": "web_returns", "Startup Cost": 0.42, "Total Cost": 73740.67, "Plan Rows": 719217, "Plan Width": 24}, {"Node Type": "Memoize", "Parent Relationship": "Inner", "Parallel Aware": false, "Async Capable": false, "Startup Cost": 0.43, "Total Cost": 0.5, "Plan Rows": 1, "Plan Width": 7, "Cache Key": "web_returns.wr_refunded_addr_sk", "Cache Mode": "logical", "Plans": [{"Node Type": "Index Scan", "Parent Relationship": "Outer", "Parallel Aware": false, "Async Capable": false, "Scan Direction": "Forward", "Index Name": "customer_address_pkey", "Relation Name": "customer_address", "Alias": "customer_address", "Startup Cost": 0.42, "Total Cost": 0.49, "Plan Rows": 1, "Plan Width": 7, "Index Cond": "(ca_address_sk = web_returns.wr_refunded_addr_sk)", "Filter": "(((ca_country)::text = 'United States'::text) AND ((ca_state = ANY ('{CO,WI,AR}'::bpchar[])) OR (ca_state = ANY ('{GA,ID,WV}'::bpchar[])) OR (ca_state = ANY ('{VA,AZ,SD}'::bpchar[]))))"}]}]}, {"Node Type": "Memoize", "Parent Relationship": "Inner", "Parallel Aware": false, "Async Capable": false, "Startup Cost": 0.15, "Total Cost": 0.17, "Plan Rows": 1, "Plan Width": 4, "Cache Key": "web_returns.wr_reason_sk", "Cache Mode": "logical", "Plans": [{"Node Type": "Index Only Scan", "Parent Relationship": "Outer", "Parallel Aware": false, "Async Capable": false, "Scan Direction": "Forward", "Index Name": "reason_pkey", "Relation Name": "reason", "Alias": "reason", "Startup Cost": 0.14, "Total Cost": 0.16, "Plan Rows": 1, "Plan Width": 4, "Index Cond": "(r_reason_sk = web_returns.wr_reason_sk)"}]}]}, {"Node Type": "Index Scan", "Parent Relationship": "Inner", "Parallel Aware": false, "Async Capable": false, "Scan Direction": "Forward", "Index Name": "customer_demographics_pkey", "Relation Name": "customer_demographics", "Alias": "cd1", "Startup Cost": 0.43, "Total Cost": 0.61, "Plan Rows": 1, "Plan Width": 27, "Index Cond": "(cd_demo_sk = web_returns.wr_refunded_cdemo_sk)", "Filter": "(((cd_marital_status = 'U'::bpchar) AND (cd_education_status = 'Secondary'::bpchar)) OR ((cd_marital_status = 'D'::bpchar) AND (cd_education_status = 'College'::bpchar)) OR ((cd_marital_status = 'S'::bpchar) AND (cd_education_status = 'Advanced Degree'::bpchar)))"}]}, {"Node Type": "Index Scan", "Parent Relationship": "Inner", "Parallel Aware": false, "Async Capable": false, "Scan Direction": "Forward", "Index Name": "customer_demographics_pkey", "Relation Name": "customer_demographics", "Alias": "cd2", "Startup Cost": 0.43, "Total Cost": 0.6, "Plan Rows": 1, "Plan Width": 27, "Index Cond": "(cd_demo_sk = web_returns.wr_returning_cdemo_sk)"}]}]}]}]}}, {"Plan": {"Node Type": "Aggregate", "Strategy": "Plain", "Partial Mode": "Simple", "Parallel Aware": false, "Async Capable": false, "Startup Cost": 40000587276.0, "Total Cost": 40000587276.01, "Plan Rows": 1, "Plan Width": 8, "Plans": [{"Node Type": "Nested Loop", "Parent Relationship": "Outer", "Parallel Aware": false, "Async Capable": false, "Join Type": "Inner", "Startup Cost": 40000002975.17, "Total Cost": 40000587276.0, "Plan Rows": 1, "Plan Width": 0, "Inner Unique": false, "Join Filter": "((web_sales.ws_item_sk = web_returns.wr_item_sk) AND (web_sales.ws_order_number = web_returns.wr_order_number) AND (((customer_address.ca_state = ANY ('{CO,WI,AR}'::bpchar[])) AND (web_sales.ws_net_profit >= '100'::numeric) AND (web_sales.ws_net_profit <= '200'::numeric)) OR ((customer_address.ca_state = ANY ('{GA,ID,WV}'::bpchar[])) AND (web_sales.ws_net_profit >= '150'::numeric) AND (web_sales.ws_net_profit <= '300'::numeric)) OR ((customer_address.ca_state = ANY ('{VA,AZ,SD}'::bpchar[])) AND (web_sales.ws_net_profit >= '50'::numeric) AND (web_sales.ws_net_profit <= '250'::numeric))) AND (((cd1.cd_marital_status = 'U'::bpchar) AND (cd1.cd_education_status = 'Secondary'::bpchar) AND (web_sales.ws_sales_price >= 100.00) AND (web_sales.ws_sales_price <= 150.00)) OR ((cd1.cd_marital_status = 'D'::bpchar) AND (cd1.cd_education_status = 'College'::bpchar) AND (web_sales.ws_sales_price >= 50.00) AND (web_sales.ws_sales_price <= 100.00)) OR ((cd1.cd_marital_status = 'S'::bpchar) AND (cd1.cd_education_status = 'Advanced Degree'::bpchar) AND (web_sales.ws_sales_price >= 150.00) AND (web_sales.ws_sales_price <= 200.00))))", "Plans": [{"Node Type": "Gather", "Parent Relationship": "Outer", "Parallel Aware": false, "Async Capable": false, "Startup Cost": 2973.31, "Total Cost": 248762.32, "Plan Rows": 1748, "Plan Width": 20, "Workers Planned": 5, "Single Copy": false, "Plans": [{"Node Type": "Hash Join", "Parent Relationship": "Outer", "Parallel Aware": false, "Async Capable": false, "Join Type": "Inner", "Startup Cost": 1973.31, "Total Cost": 247587.52, "Plan Rows": 350, "Plan Width": 20, "Inner Unique": true, "Hash Cond": "(web_sales.ws_web_page_sk = web_page.wp_web_page_sk)", "Plans": [{"Node Type": "Hash Join", "Parent Relationship": "Outer", "Parallel Aware": true, "Async Capable": false, "Join Type": "Inner", "Startup Cost": 1963.81, "Total Cost": 247577.08, "Plan Rows": 350, "Plan Width": 24, "Inner Unique": true, "Hash Cond": "(web_sales.ws_sold_date_sk = date_dim.d_date_sk)", "Plans": [{"Node Type": "Seq Scan", "Parent Relationship": "Outer", "Parallel Aware": true, "Async Capable": false, "Relation Name": "web_sales", "Alias": "web_sales", "Startup Cost": 0.0, "Total Cost": 245429.58, "Plan Rows": 69972, "Plan Width": 28, "Filter": "((((ws_sales_price >= 100.00) AND (ws_sales_price <= 150.00)) OR ((ws_sales_price >= 50.00) AND (ws_sales_price <= 100.00)) OR ((ws_sales_price >= 150.00) AND (ws_sales_price <= 200.00))) AND (((ws_net_profit >= '100'::numeric) AND (ws_net_profit <= '200'::numeric)) OR ((ws_net_profit >= '150'::numeric) AND (ws_net_profit <= '300'::numeric)) OR ((ws_net_profit >= '50'::numeric) AND (ws_net_profit <= '250'::numeric))))"}, {"Node Type": "Hash", "Parent Relationship": "Inner", "Parallel Aware": true, "Async Capable": false, "Startup Cost": 1961.12, "Total Cost": 1961.12, "Plan Rows": 215, "Plan Width": 4, "Plans": [{"Node Type": "Seq Scan", "Parent Relationship": "Outer", "Parallel Aware": true, "Async Capable": false, "Relation Name": "date_dim", "Alias": "date_dim", "Startup Cost": 0.0, "Total Cost": 1961.12, "Plan Rows": 215, "Plan Width": 4, "Filter": "(d_year = 1999)"}]}]}, {"Node Type": "Hash", "Parent Relationship": "Inner", "Parallel Aware": false, "Async Capable": false, "Startup Cost": 7.0, "Total Cost": 7.0, "Plan Rows": 200, "Plan Width": 4, "Plans": [{"Node Type": "Seq Scan", "Parent Relationship": "Outer", "Parallel Aware": false, "Async Capable": false, "Relation Name": "web_page", "Alias": "web_page", "Startup Cost": 0.0, "Total Cost": 7.0, "Plan Rows": 200, "Plan Width": 4}]}]}]}, {"Node Type": "Materialize", "Parent Relationship": "Inner", "Parallel Aware": false, "Async Capable": false, "Startup Cost": 30000000001.86, "Total Cost": 30000296359.29, "Plan Rows": 327, "Plan Width": 34, "Plans": [{"Node Type": "Nested Loop", "Parent Relationship": "Outer", "Parallel Aware": false, "Async Capable": false, "Join Type": "Inner", "Startup Cost": 30000000001.86, "Total Cost": 30000296357.66, "Plan Rows": 327, "Plan Width": 34, "Inner Unique": true, "Join Filter": "((cd1.cd_marital_status = cd2.cd_marital_status) AND (cd1.cd_education_status = cd2.cd_education_status))", "Plans": [{"Node Type": "Nested Loop", "Parent Relationship": "Outer", "Parallel Aware": false, "Async Capable": false, "Join Type": "Inner", "Startup Cost": 20000000001.43, "Total Cost": 20000289364.61, "Plan Rows": 11448, "Plan Width": 38, "Inner Unique": true, "Plans": [{"Node Type": "Nested Loop", "Parent Relationship": "Outer", "Parallel Aware": false, "Async Capable": false, "Join Type": "Inner", "Startup Cost": 10000000001.0, "Total Cost": 10000205217.79, "Plan Rows": 137753, "Plan Width": 19, "Inner Unique": true, "Plans": [{"Node Type": "Nested Loop", "Parent Relationship": "Outer", "Parallel Aware": false, "Async Capable": false, "Join Type": "Inner", "Startup Cost": 0.57, "Total Cost": 91509.27, "Plan Rows": 719217, "Plan Width": 20, "Inner Unique": true, "Plans": [{"Node Type": "Index Scan", "Parent Relationship": "Outer", "Parallel Aware": false, "Async Capable": false, "Scan Direction": "Forward", "Index Name": "web_returns_pkey", "Relation Name": "web_returns", "Alias": "web_returns", "Startup Cost": 0.42, "Total Cost": 73740.67, "Plan Rows": 719217, "Plan Width": 24}, {"Node Type": "Memoize", "Parent Relationship": "Inner", "Parallel Aware": false, "Async Capable": false, "Startup Cost": 0.15, "Total Cost": 0.17, "Plan Rows": 1, "Plan Width": 4, "Cache Key": "web_returns.wr_reason_sk", "Cache Mode": "logical", "Plans": [{"Node Type": "Index Only Scan", "Parent Relationship": "Outer", "Parallel Aware": false, "Async Capable": false, "Scan Direction": "Forward", "Index Name": "reason_pkey", "Relation Name": "reason", "Alias": "reason", "Startup Cost": 0.14, "Total Cost": 0.16, "Plan Rows": 1, "Plan Width": 4, "Index Cond": "(r_reason_sk = web_returns.wr_reason_sk)"}]}]}, {"Node Type": "Memoize", "Parent Relationship": "Inner", "Parallel Aware": false, "Async Capable": false, "Startup Cost": 0.43, "Total Cost": 0.5, "Plan Rows": 1, "Plan Width": 7, "Cache Key": "web_returns.wr_refunded_addr_sk", "Cache Mode": "logical", "Plans": [{"Node Type": "Index Scan", "Parent Relationship": "Outer", "Parallel Aware": false, "Async Capable": false, "Scan Direction": "Forward", "Index Name": "customer_address_pkey", "Relation Name": "customer_address", "Alias": "customer_address", "Startup Cost": 0.42, "Total Cost": 0.49, "Plan Rows": 1, "Plan Width": 7, "Index Cond": "(ca_address_sk = web_returns.wr_refunded_addr_sk)", "Filter": "(((ca_country)::text = 'United States'::text) AND ((ca_state = ANY ('{CO,WI,AR}'::bpchar[])) OR (ca_state = ANY ('{GA,ID,WV}'::bpchar[])) OR (ca_state = ANY ('{VA,AZ,SD}'::bpchar[]))))"}]}]}, {"Node Type": "Index Scan", "Parent Relationship": "Inner", "Parallel Aware": false, "Async Capable": false, "Scan Direction": "Forward", "Index Name": "customer_demographics_pkey", "Relation Name": "customer_demographics", "Alias": "cd1", "Startup Cost": 0.43, "Total Cost": 0.61, "Plan Rows": 1, "Plan Width": 27, "Index Cond": "(cd_demo_sk = web_returns.wr_refunded_cdemo_sk)", "Filter": "(((cd_marital_status = 'U'::bpchar) AND (cd_education_status = 'Secondary'::bpchar)) OR ((cd_marital_status = 'D'::bpchar) AND (cd_education_status = 'College'::bpchar)) OR ((cd_marital_status = 'S'::bpchar) AND (cd_education_status = 'Advanced Degree'::bpchar)))"}]}, {"Node Type": "Index Scan", "Parent Relationship": "Inner", "Parallel Aware": false, "Async Capable": false, "Scan Direction": "Forward", "Index Name": "customer_demographics_pkey", "Relation Name": "customer_demographics", "Alias": "cd2", "Startup Cost": 0.43, "Total Cost": 0.6, "Plan Rows": 1, "Plan Width": 27, "Index Cond": "(cd_demo_sk = web_returns.wr_returning_cdemo_sk)"}]}]}]}]}}, {"Plan": {"Node Type": "Aggregate", "Strategy": "Plain", "Partial Mode": "Simple", "Parallel Aware": false, "Async Capable": false, "Startup Cost": 101713.96, "Total Cost": 101713.97, "Plan Rows": 1, "Plan Width": 8, "Actual Rows": 1, "Actual Loops": 1, "Plans": [{"Node Type": "Nested Loop", "Parent Relationship": "Outer", "Parallel Aware": false, "Async Capable": false, "Join Type": "Inner", "Startup Cost": 9213.21, "Total Cost": 101713.95, "Plan Rows": 1, "Plan Width": 0, "Actual Rows": 12, "Actual Loops": 1, "Inner Unique": true, "Join Filter": "((cd1.cd_marital_status = cd2.cd_marital_status) AND (cd1.cd_education_status = cd2.cd_education_status) AND (((cd1.cd_marital_status = 'U'::bpchar) AND (cd1.cd_education_status = 'Secondary'::bpchar) AND (web_sales.ws_sales_price >= 100.00) AND (web_sales.ws_sales_price <= 150.00)) OR ((cd1.cd_marital_status = 'D'::bpchar) AND (cd1.cd_education_status = 'College'::bpchar) AND (web_sales.ws_sales_price >= 50.00) AND (web_sales.ws_sales_price <= 100.00)) OR ((cd1.cd_marital_status = 'S'::bpchar) AND (cd1.cd_education_status = 'Advanced Degree'::bpchar) AND (web_sales.ws_sales_price >= 150.00) AND (web_sales.ws_sales_price <= 200.00))))", "Rows Removed by Join Filter": 28, "Plans": [{"Node Type": "Nested Loop", "Parent Relationship": "Outer", "Parallel Aware": false, "Async Capable": false, "Join Type": "Inner", "Startup Cost": 9212.78, "Total Cost": 101713.3, "Plan Rows": 1, "Plan Width": 33, "Actual Rows": 555, "Actual Loops": 1, "Inner Unique": true, "Plans": [{"Node Type": "Nested Loop", "Parent Relationship": "Outer", "Parallel Aware": false, "Async Capable": false, "Join Type": "Inner", "Startup Cost": 9212.64, "Total Cost": 101713.14, "Plan Rows": 1, "Plan Width": 37, "Actual Rows": 559, "Actual Loops": 1, "Inner Unique": true, "Plans": [{"Node Type": "Nested Loop", "Parent Relationship": "Outer", "Parallel Aware": false, "Async Capable": false, "Join Type": "Inner", "Startup Cost": 9212.35, "Total Cost": 101712.81, "Plan Rows": 1, "Plan Width": 41, "Actual Rows": 2917, "Actual Loops": 1, "Inner Unique": true, "Plans": [{"Node Type": "Nested Loop", "Parent Relationship": "Outer", "Parallel Aware": false, "Async Capable": false, "Join Type": "Inner", "Startup Cost": 9211.92, "Total Cost": 101712.21, "Plan Rows": 1, "Plan Width": 22, "Actual Rows": 2969, "Actual Loops": 1, "Inner Unique": true, "Plans": [{"Node Type": "Gather", "Parent Relationship": "Outer", "Parallel Aware": false, "Async Capable": false, "Startup Cost": 9211.78, "Total Cost": 101712.05, "Plan Rows": 1, "Plan Width": 26, "Actual Rows": 2969, "Actual Loops": 1, "Workers Planned": 3, "Workers Launched": 3, "Single Copy": false, "Plans": [{"Node Type": "Nested Loop", "Parent Relationship": "Outer", "Parallel Aware": false, "Async Capable": false, "Join Type": "Inner", "Startup Cost": 8211.78, "Total Cost": 100711.95, "Plan Rows": 1, "Plan Width": 26, "Actual Rows": 742, "Actual Loops": 4, "Inner Unique": true, "Join Filter": "(((customer_address.ca_state = ANY ('{CO,WI,AR}'::bpchar[])) AND (web_sales.ws_net_profit >= '100'::numeric) AND (web_sales.ws_net_profit <= '200'::numeric)) OR ((customer_address.ca_state = ANY ('{GA,ID,WV}'::bpchar[])) AND (web_sales.ws_net_profit >= '150'::numeric) AND (web_sales.ws_net_profit <= '300'::numeric)) OR ((customer_address.ca_state = ANY ('{VA,AZ,SD}'::bpchar[])) AND (web_sales.ws_net_profit >= '50'::numeric) AND (web_sales.ws_net_profit <= '250'::numeric)))", "Rows Removed by Join Filter": 543, "Workers": [], "Plans": [{"Node Type": "Hash Join", "Parent Relationship": "Outer", "Parallel Aware": true, "Async Capable": false, "Join Type": "Inner", "Startup Cost": 8211.35, "Total Cost": 24460.42, "Plan Rows": 44436, "Plan Width": 23, "Actual Rows": 35846, "Actual Loops": 4, "Inner Unique": true, "Hash Cond": "(web_returns.wr_refunded_addr_sk = customer_address.ca_address_sk)", "Workers": [], "Plans": [{"Node Type": "Seq Scan", "Parent Relationship": "Outer", "Parallel Aware": true, "Async Capable": false, "Relation Name": "web_returns", "Alias": "web_returns", "Startup Cost": 0.0, "Total Cost": 15640.05, "Plan Rows": 232005, "Plan Width": 24, "Actual Rows": 179804, "Actual Loops": 4, "Workers": []}, {"Node Type": "Hash", "Parent Relationship": "Inner", "Parallel Aware": true, "Async Capable": false, "Startup Cost": 7961.96, "Total Cost": 7961.96, "Plan Rows": 19951, "Plan Width": 7, "Actual Rows": 13047, "Actual Loops": 4, "Hash Buckets": 65536, "Original Hash Buckets": 65536, "Hash Batches": 1, "Original Hash Batches": 1, "Peak Memory Usage": 2592, "Workers": [], "Plans": [{"Node Type": "Seq Scan", "Parent Relationship": "Outer", "Parallel Aware": true, "Async Capable": false, "Relation Name": "customer_address", "Alias": "customer_address", "Startup Cost": 0.0, "Total Cost": 7961.96, "Plan Rows": 19951, "Plan Width": 7, "Actual Rows": 13047, "Actual Loops": 4, "Filter": "(((ca_country)::text = 'United States'::text) AND ((ca_state = ANY ('{CO,WI,AR}'::bpchar[])) OR (ca_state = ANY ('{GA,ID,WV}'::bpchar[])) OR (ca_state = ANY ('{VA,AZ,SD}'::bpchar[]))))", "Rows Removed by Filter": 49453, "Workers": []}]}]}, {"Node Type": "Index Scan", "Parent Relationship": "Inner", "Parallel Aware": false, "Async Capable": false, "Scan Direction": "Forward", "Index Name": "web_sales_pkey", "Relation Name": "web_sales", "Alias": "web_sales", "Startup Cost": 0.43, "Total Cost": 1.68, "Plan Rows": 1, "Plan Width": 28, "Actual Rows": 0, "Actual Loops": 143385, "Index Cond": "((ws_item_sk = web_returns.wr_item_sk) AND (ws_order_number = web_returns.wr_order_number))", "Rows Removed by Index Recheck": 0, "Filter": "((((ws_sales_price >= 100.00) AND (ws_sales_price <= 150.00)) OR ((ws_sales_price >= 50.00) AND (ws_sales_price <= 100.00)) OR ((ws_sales_price >= 150.00) AND (ws_sales_price <= 200.00))) AND (((ws_net_profit >= '100'::numeric) AND (ws_net_profit <= '200'::numeric)) OR ((ws_net_profit >= '150'::numeric) AND (ws_net_profit <= '300'::numeric)) OR ((ws_net_profit >= '50'::numeric) AND (ws_net_profit <= '250'::numeric))))", "Rows Removed by Filter": 1, "Workers": []}]}]}, {"Node Type": "Index Only Scan", "Parent Relationship": "Inner", "Parallel Aware": false, "Async Capable": false, "Scan Direction": "Forward", "Index Name": "web_page_pkey", "Relation Name": "web_page", "Alias": "web_page", "Startup Cost": 0.14, "Total Cost": 0.16, "Plan Rows": 1, "Plan Width": 4, "Actual Rows": 1, "Actual Loops": 2969, "Index Cond": "(wp_web_page_sk = web_sales.ws_web_page_sk)", "Rows Removed by Index Recheck": 0, "Heap Fetches": 2969}]}, {"Node Type": "Index Scan", "Parent Relationship": "Inner", "Parallel Aware": false, "Async Capable": false, "Scan Direction": "Forward", "Index Name": "customer_demographics_pkey", "Relation Name": "customer_demographics", "Alias": "cd2", "Startup Cost": 0.43, "Total Cost": 0.6, "Plan Rows": 1, "Plan Width": 27, "Actual Rows": 1, "Actual Loops": 2969, "Index Cond": "(cd_demo_sk = web_returns.wr_returning_cdemo_sk)", "Rows Removed by Index Recheck": 0}]}, {"Node Type": "Index Scan", "Parent Relationship": "Inner", "Parallel Aware": false, "Async Capable": false, "Scan Direction": "Forward", "Index Name": "date_dim_pkey", "Relation Name": "date_dim", "Alias": "date_dim", "Startup Cost": 0.29, "Total Cost": 0.33, "Plan Rows": 1, "Plan Width": 4, "Actual Rows": 0, "Actual Loops": 2917, "Index Cond": "(d_date_sk = web_sales.ws_sold_date_sk)", "Rows Removed by Index Recheck": 0, "Filter": "(d_year = 1999)", "Rows Removed by Filter": 1}]}, {"Node Type": "Index Only Scan", "Parent Relationship": "Inner", "Parallel Aware": false, "Async Capable": false, "Scan Direction": "Forward", "Index Name": "reason_pkey", "Relation Name": "reason", "Alias": "reason", "Startup Cost": 0.14, "Total Cost": 0.16, "Plan Rows": 1, "Plan Width": 4, "Actual Rows": 1, "Actual Loops": 559, "Index Cond": "(r_reason_sk = web_returns.wr_reason_sk)", "Rows Removed by Index Recheck": 0, "Heap Fetches": 555}]}, {"Node Type": "Index Scan", "Parent Relationship": "Inner", "Parallel Aware": false, "Async Capable": false, "Scan Direction": "Forward", "Index Name": "customer_demographics_pkey", "Relation Name": "customer_demographics", "Alias": "cd1", "Startup Cost": 0.43, "Total Cost": 0.61, "Plan Rows": 1, "Plan Width": 27, "Actual Rows": 0, "Actual Loops": 555, "Index Cond": "(cd_demo_sk = web_returns.wr_refunded_cdemo_sk)", "Rows Removed by Index Recheck": 0, "Filter": "(((cd_marital_status = 'U'::bpchar) AND (cd_education_status = 'Secondary'::bpchar)) OR ((cd_marital_status = 'D'::bpchar) AND (cd_education_status = 'College'::bpchar)) OR ((cd_marital_status = 'S'::bpchar) AND (cd_education_status = 'Advanced Degree'::bpchar)))", "Rows Removed by Filter": 1}]}]}, "Planning Time": 14.258, "Triggers": [], "Execution Time": 938.123}, {"Plan": {"Node Type": "Aggregate", "Strategy": "Plain", "Partial Mode": "Simple", "Parallel Aware": false, "Async Capable": false, "Startup Cost": 94075.77, "Total Cost": 94075.78, "Plan Rows": 1, "Plan Width": 8, "Actual Rows": 1, "Actual Loops": 1, "Plans": [{"Node Type": "Gather", "Parent Relationship": "Outer", "Parallel Aware": false, "Async Capable": false, "Startup Cost": 59052.88, "Total Cost": 94075.77, "Plan Rows": 1, "Plan Width": 0, "Actual Rows": 12, "Actual Loops": 1, "Workers Planned": 3, "Workers Launched": 3, "Single Copy": false, "Plans": [{"Node Type": "Hash Join", "Parent Relationship": "Outer", "Parallel Aware": true, "Async Capable": false, "Join Type": "Inner", "Startup Cost": 58052.88, "Total Cost": 93075.67, "Plan Rows": 1, "Plan Width": 0, "Actual Rows": 3, "Actual Loops": 4, "Inner Unique": false, "Hash Cond": "((cd2.cd_demo_sk = web_returns.wr_returning_cdemo_sk) AND (cd2.cd_marital_status = cd1.cd_marital_status) AND (cd2.cd_education_status = cd1.cd_education_status))", "Workers": [], "Plans": [{"Node Type": "Seq Scan", "Parent Relationship": "Outer", "Parallel Aware": true, "Async Capable": false, "Relation Name": "customer_demographics", "Alias": "cd2", "Startup Cost": 0.0, "Total Cost": 28052.13, "Plan Rows": 619613, "Plan Width": 27, "Actual Rows": 480200, "Actual Loops": 4, "Workers": []}, {"Node Type": "Hash", "Parent Relationship": "Inner", "Parallel Aware": true, "Async Capable": false, "Startup Cost": 58052.86, "Total Cost": 58052.86, "Plan Rows": 1, "Plan Width": 27, "Actual Rows": 3, "Actual Loops": 4, "Hash Buckets": 1024, "Original Hash Buckets": 1024, "Hash Batches": 1, "Original Hash Batches": 1, "Peak Memory Usage": 136, "Workers": [], "Plans": [{"Node Type": "Nested Loop", "Parent Relationship": "Outer", "Parallel Aware": false, "Async Capable": false, "Join Type": "Inner", "Startup Cost": 8212.78, "Total Cost": 58052.86, "Plan Rows": 1, "Plan Width": 27, "Actual Rows": 3, "Actual Loops": 4, "Inner Unique": true, "Workers": [], "Plans": [{"Node Type": "Nested Loop", "Parent Relationship": "Outer", "Parallel Aware": false, "Async Capable": false, "Join Type": "Inner", "Startup Cost": 8212.64, "Total Cost": 58052.7, "Plan Rows": 1, "Plan Width": 31, "Actual Rows": 3, "Actual Loops": 4, "Inner Unique": true, "Workers": [], "Plans": [{"Node Type": "Nested Loop", "Parent Relationship": "Outer", "Parallel Aware": false, "Async Capable": false, "Join Type": "Inner", "Startup Cost": 8212.35, "Total Cost": 58052.37, "Plan Rows": 1, "Plan Width": 35, "Actual Rows": 18, "Actual Loops": 4, "Inner Unique": true, "Workers": [], "Plans": [{"Node Type": "Nested Loop", "Parent Relationship": "Outer", "Parallel Aware": false, "Async Capable": false, "Join Type": "Inner", "Startup Cost": 8212.21, "Total Cost": 58052.21, "Plan Rows": 1, "Plan Width": 39, "Actual Rows": 18, "Actual Loops": 4, "Inner Unique": true, "Join Filter": "((((customer_address.ca_state = ANY ('{CO,WI,AR}'::bpchar[])) AND (web_sales.ws_net_profit >= '100'::numeric) AND (web_sales.ws_net_profit <= '200'::numeric)) OR ((customer_address.ca_state = ANY ('{GA,ID,WV}'::bpchar[])) AND (web_sales.ws_net_profit >= '150'::numeric) AND (web_sales.ws_net_profit <= '300'::numeric)) OR ((customer_address.ca_state = ANY ('{VA,AZ,SD}'::bpchar[])) AND (web_sales.ws_net_profit >= '50'::numeric) AND (web_sales.ws_net_profit <= '250'::numeric))) AND (((cd1.cd_marital_status = 'U'::bpchar) AND (cd1.cd_education_status = 'Secondary'::bpchar) AND (web_sales.ws_sales_price >= 100.00) AND (web_sales.ws_sales_price <= 150.00)) OR ((cd1.cd_marital_status = 'D'::bpchar) AND (cd1.cd_education_status = 'College'::bpchar) AND (web_sales.ws_sales_price >= 50.00) AND (web_sales.ws_sales_price <= 100.00)) OR ((cd1.cd_marital_status = 'S'::bpchar) AND (cd1.cd_education_status = 'Advanced Degree'::bpchar) AND (web_sales.ws_sales_price >= 150.00) AND (web_sales.ws_sales_price <= 200.00))))", "Rows Removed by Join Filter": 88, "Workers": [], "Plans": [{"Node Type": "Nested Loop", "Parent Relationship": "Outer", "Parallel Aware": false, "Async Capable": false, "Join Type": "Inner", "Startup Cost": 8211.77, "Total Cost": 51604.29, "Plan Rows": 3693, "Plan Width": 42, "Actual Rows": 2966, "Actual Loops": 4, "Inner Unique": true, "Workers": [], "Plans": [{"Node Type": "Hash Join", "Parent Relationship": "Outer", "Parallel Aware": true, "Async Capable": false, "Join Type": "Inner", "Startup Cost": 8211.35, "Total Cost": 24460.42, "Plan Rows": 44436, "Plan Width": 23, "Actual Rows": 35846, "Actual Loops": 4, "Inner Unique": true, "Hash Cond": "(web_returns.wr_refunded_addr_sk = customer_address.ca_address_sk)", "Workers": [], "Plans": [{"Node Type": "Seq Scan", "Parent Relationship": "Outer", "Parallel Aware": true, "Async Capable": false, "Relation Name": "web_returns", "Alias": "web_returns", "Startup Cost": 0.0, "Total Cost": 15640.05, "Plan Rows": 232005, "Plan Width": 24, "Actual Rows": 179804, "Actual Loops": 4, "Workers": []}, {"Node Type": "Hash", "Parent Relationship": "Inner", "Parallel Aware": true, "Async Capable": false, "Startup Cost": 7961.96, "Total Cost": 7961.96, "Plan Rows": 19951, "Plan Width": 7, "Actual Rows": 13047, "Actual Loops": 4, "Hash Buckets": 65536, "Original Hash Buckets": 65536, "Hash Batches": 1, "Original Hash Batches": 1, "Peak Memory Usage": 2624, "Workers": [], "Plans": [{"Node Type": "Seq Scan", "Parent Relationship": "Outer", "Parallel Aware": true, "Async Capable": false, "Relation Name": "customer_address", "Alias": "customer_address", "Startup Cost": 0.0, "Total Cost": 7961.96, "Plan Rows": 19951, "Plan Width": 7, "Actual Rows": 13047, "Actual Loops": 4, "Filter": "(((ca_country)::text = 'United States'::text) AND ((ca_state = ANY ('{CO,WI,AR}'::bpchar[])) OR (ca_state = ANY ('{GA,ID,WV}'::bpchar[])) OR (ca_state = ANY ('{VA,AZ,SD}'::bpchar[]))))", "Rows Removed by Filter": 49453, "Workers": []}]}]}, {"Node Type": "Index Scan", "Parent Relationship": "Inner", "Parallel Aware": false, "Async Capable": false, "Scan Direction": "Forward", "Index Name": "customer_demographics_pkey", "Relation Name": "customer_demographics", "Alias": "cd1", "Startup Cost": 0.43, "Total Cost": 0.61, "Plan Rows": 1, "Plan Width": 27, "Actual Rows": 0, "Actual Loops": 143385, "Index Cond": "(cd_demo_sk = web_returns.wr_refunded_cdemo_sk)", "Rows Removed by Index Recheck": 0, "Filter": "(((cd_marital_status = 'U'::bpchar) AND (cd_education_status = 'Secondary'::bpchar)) OR ((cd_marital_status = 'D'::bpchar) AND (cd_education_status = 'College'::bpchar)) OR ((cd_marital_status = 'S'::bpchar) AND (cd_education_status = 'Advanced Degree'::bpchar)))", "Rows Removed by Filter": 1, "Workers": []}]}, {"Node Type": "Index Scan", "Parent Relationship": "Inner", "Parallel Aware": false, "Async Capable": false, "Scan Direction": "Forward", "Index Name": "web_sales_pkey", "Relation Name": "web_sales", "Alias": "web_sales", "Startup Cost": 0.43, "Total Cost": 1.68, "Plan Rows": 1, "Plan Width": 28, "Actual Rows": 0, "Actual Loops": 11866, "Index Cond": "((ws_item_sk = web_returns.wr_item_sk) AND (ws_order_number = web_returns.wr_order_number))", "Rows Removed by Index Recheck": 0, "Filter": "((((ws_sales_price >= 100.00) AND (ws_sales_price <= 150.00)) OR ((ws_sales_price >= 50.00) AND (ws_sales_price <= 100.00)) OR ((ws_sales_price >= 150.00) AND (ws_sales_price <= 200.00))) AND (((ws_net_profit >= '100'::numeric) AND (ws_net_profit <= '200'::numeric)) OR ((ws_net_profit >= '150'::numeric) AND (ws_net_profit <= '300'::numeric)) OR ((ws_net_profit >= '50'::numeric) AND (ws_net_profit <= '250'::numeric))))", "Rows Removed by Filter": 1, "Workers": []}]}, {"Node Type": "Index Only Scan", "Parent Relationship": "Inner", "Parallel Aware": false, "Async Capable": false, "Scan Direction": "Forward", "Index Name": "web_page_pkey", "Relation Name": "web_page", "Alias": "web_page", "Startup Cost": 0.14, "Total Cost": 0.16, "Plan Rows": 1, "Plan Width": 4, "Actual Rows": 1, "Actual Loops": 70, "Index Cond": "(wp_web_page_sk = web_sales.ws_web_page_sk)", "Rows Removed by Index Recheck": 0, "Heap Fetches": 70, "Workers": []}]}, {"Node Type": "Index Scan", "Parent Relationship": "Inner", "Parallel Aware": false, "Async Capable": false, "Scan Direction": "Forward", "Index Name": "date_dim_pkey", "Relation Name": "date_dim", "Alias": "date_dim", "Startup Cost": 0.29, "Total Cost": 0.33, "Plan Rows": 1, "Plan Width": 4, "Actual Rows": 0, "Actual Loops": 70, "Index Cond": "(d_date_sk = web_sales.ws_sold_date_sk)", "Rows Removed by Index Recheck": 0, "Filter": "(d_year = 1999)", "Rows Removed by Filter": 1, "Workers": []}]}, {"Node Type": "Index Only Scan", "Parent Relationship": "Inner", "Parallel Aware": false, "Async Capable": false, "Scan Direction": "Forward", "Index Name": "reason_pkey", "Relation Name": "reason", "Alias": "reason", "Startup Cost": 0.14, "Total Cost": 0.16, "Plan Rows": 1, "Plan Width": 4, "Actual Rows": 1, "Actual Loops": 12, "Index Cond": "(r_reason_sk = web_returns.wr_reason_sk)", "Rows Removed by Index Recheck": 0, "Heap Fetches": 12, "Workers": []}]}]}]}]}]}, "Planning Time": 11.007, "Triggers": [], "Execution Time": 1010.379}, {"Plan": {"Node Type": "Aggregate", "Strategy": "Plain", "Partial Mode": "Simple", "Parallel Aware": false, "Async Capable": false, "Startup Cost": 55054.09, "Total Cost": 55054.1, "Plan Rows": 1, "Plan Width": 8, "Actual Rows": 1, "Actual Loops": 1, "Plans": [{"Node Type": "Nested Loop", "Parent Relationship": "Outer", "Parallel Aware": false, "Async Capable": false, "Join Type": "Inner", "Startup Cost": 9213.07, "Total Cost": 55054.09, "Plan Rows": 1, "Plan Width": 0, "Actual Rows": 12, "Actual Loops": 1, "Inner Unique": false, "Join Filter": "(web_page.wp_web_page_sk = web_sales.ws_web_page_sk)", "Rows Removed by Join Filter": 2388, "Plans": [{"Node Type": "Seq Scan", "Parent Relationship": "Outer", "Parallel Aware": false, "Async Capable": false, "Relation Name": "web_page", "Alias": "web_page", "Startup Cost": 0.0, "Total Cost": 7.0, "Plan Rows": 200, "Plan Width": 4, "Actual Rows": 200, "Actual Loops": 1}, {"Node Type": "Materialize", "Parent Relationship": "Inner", "Parallel Aware": false, "Async Capable": false, "Startup Cost": 9213.07, "Total Cost": 55044.09, "Plan Rows": 1, "Plan Width": 4, "Actual Rows": 12, "Actual Loops": 200, "Plans": [{"Node Type": "Nested Loop", "Parent Relationship": "Outer", "Parallel Aware": false, "Async Capable": false, "Join Type": "Inner", "Startup Cost": 9213.07, "Total Cost": 55044.08, "Plan Rows": 1, "Plan Width": 4, "Actual Rows": 12, "Actual Loops": 1, "Inner Unique": true, "Plans": [{"Node Type": "Nested Loop", "Parent Relationship": "Outer", "Parallel Aware": false, "Async Capable": false, "Join Type": "Inner", "Startup Cost": 9212.93, "Total Cost": 55043.93, "Plan Rows": 1, "Plan Width": 8, "Actual Rows": 12, "Actual Loops": 1, "Inner Unique": true, "Plans": [{"Node Type": "Gather", "Parent Relationship": "Outer", "Parallel Aware": false, "Async Capable": false, "Startup Cost": 9212.63, "Total Cost": 55043.59, "Plan Rows": 1, "Plan Width": 12, "Actual Rows": 69, "Actual Loops": 1, "Workers Planned": 3, "Workers Launched": 3, "Single Copy": false, "Plans": [{"Node Type": "Nested Loop", "Parent Relationship": "Outer", "Parallel Aware": false, "Async Capable": false, "Join Type": "Inner", "Startup Cost": 8212.63, "Total Cost": 54043.49, "Plan Rows": 1, "Plan Width": 12, "Actual Rows": 17, "Actual Loops": 4, "Inner Unique": true, "Join Filter": "((((customer_address.ca_state = ANY ('{CO,WI,AR}'::bpchar[])) AND (web_sales.ws_net_profit >= '100'::numeric) AND (web_sales.ws_net_profit <= '200'::numeric)) OR ((customer_address.ca_state = ANY ('{GA,ID,WV}'::bpchar[])) AND (web_sales.ws_net_profit >= '150'::numeric) AND (web_sales.ws_net_profit <= '300'::numeric)) OR ((customer_address.ca_state = ANY ('{VA,AZ,SD}'::bpchar[])) AND (web_sales.ws_net_profit >= '50'::numeric) AND (web_sales.ws_net_profit <= '250'::numeric))) AND (((cd1.cd_marital_status = 'U'::bpchar) AND (cd1.cd_education_status = 'Secondary'::bpchar) AND (web_sales.ws_sales_price >= 100.00) AND (web_sales.ws_sales_price <= 150.00)) OR ((cd1.cd_marital_status = 'D'::bpchar) AND (cd1.cd_education_status = 'College'::bpchar) AND (web_sales.ws_sales_price >= 50.00) AND (web_sales.ws_sales_price <= 100.00)) OR ((cd1.cd_marital_status = 'S'::bpchar) AND (cd1.cd_education_status = 'Advanced Degree'::bpchar) AND (web_sales.ws_sales_price >= 150.00) AND (web_sales.ws_sales_price <= 200.00))))", "Rows Removed by Join Filter": 86, "Workers": [], "Plans": [{"Node Type": "Nested Loop", "Parent Relationship": "Outer", "Parallel Aware": false, "Async Capable": false, "Join Type": "Inner", "Startup Cost": 8212.2, "Total Cost": 53860.17, "Plan Rows": 105, "Plan Width": 38, "Actual Rows": 2930, "Actual Loops": 4, "Inner Unique": true, "Join Filter": "((cd1.cd_marital_status = cd2.cd_marital_status) AND (cd1.cd_education_status = cd2.cd_education_status))", "Rows Removed by Join Filter": 0, "Workers": [], "Plans": [{"Node Type": "Nested Loop", "Parent Relationship": "Outer", "Parallel Aware": false, "Async Capable": false, "Join Type": "Inner", "Startup Cost": 8211.77, "Total Cost": 51604.29, "Plan Rows": 3693, "Plan Width": 42, "Actual Rows": 2966, "Actual Loops": 4, "Inner Unique": true, "Workers": [], "Plans": [{"Node Type": "Hash Join", "Parent Relationship": "Outer", "Parallel Aware": true, "Async Capable": false, "Join Type": "Inner", "Startup Cost": 8211.35, "Total Cost": 24460.42, "Plan Rows": 44436, "Plan Width": 23, "Actual Rows": 35846, "Actual Loops": 4, "Inner Unique": true, "Hash Cond": "(web_returns.wr_refunded_addr_sk = customer_address.ca_address_sk)", "Workers": [], "Plans": [{"Node Type": "Seq Scan", "Parent Relationship": "Outer", "Parallel Aware": true, "Async Capable": false, "Relation Name": "web_returns", "Alias": "web_returns", "Startup Cost": 0.0, "Total Cost": 15640.05, "Plan Rows": 232005, "Plan Width": 24, "Actual Rows": 179804, "Actual Loops": 4, "Workers": []}, {"Node Type": "Hash", "Parent Relationship": "Inner", "Parallel Aware": true, "Async Capable": false, "Startup Cost": 7961.96, "Total Cost": 7961.96, "Plan Rows": 19951, "Plan Width": 7, "Actual Rows": 13047, "Actual Loops": 4, "Hash Buckets": 65536, "Original Hash Buckets": 65536, "Hash Batches": 1, "Original Hash Batches": 1, "Peak Memory Usage": 2624, "Workers": [], "Plans": [{"Node Type": "Seq Scan", "Parent Relationship": "Outer", "Parallel Aware": true, "Async Capable": false, "Relation Name": "customer_address", "Alias": "customer_address", "Startup Cost": 0.0, "Total Cost": 7961.96, "Plan Rows": 19951, "Plan Width": 7, "Actual Rows": 13047, "Actual Loops": 4, "Filter": "(((ca_country)::text = 'United States'::text) AND ((ca_state = ANY ('{CO,WI,AR}'::bpchar[])) OR (ca_state = ANY ('{GA,ID,WV}'::bpchar[])) OR (ca_state = ANY ('{VA,AZ,SD}'::bpchar[]))))", "Rows Removed by Filter": 49453, "Workers": []}]}]}, {"Node Type": "Index Scan", "Parent Relationship": "Inner", "Parallel Aware": false, "Async Capable": false, "Scan Direction": "Forward", "Index Name": "customer_demographics_pkey", "Relation Name": "customer_demographics", "Alias": "cd1", "Startup Cost": 0.43, "Total Cost": 0.61, "Plan Rows": 1, "Plan Width": 27, "Actual Rows": 0, "Actual Loops": 143385, "Index Cond": "(cd_demo_sk = web_returns.wr_refunded_cdemo_sk)", "Rows Removed by Index Recheck": 0, "Filter": "(((cd_marital_status = 'U'::bpchar) AND (cd_education_status = 'Secondary'::bpchar)) OR ((cd_marital_status = 'D'::bpchar) AND (cd_education_status = 'College'::bpchar)) OR ((cd_marital_status = 'S'::bpchar) AND (cd_education_status = 'Advanced Degree'::bpchar)))", "Rows Removed by Filter": 1, "Workers": []}]}, {"Node Type": "Index Scan", "Parent Relationship": "Inner", "Parallel Aware": false, "Async Capable": false, "Scan Direction": "Forward", "Index Name": "customer_demographics_pkey", "Relation Name": "customer_demographics", "Alias": "cd2", "Startup Cost": 0.43, "Total Cost": 0.6, "Plan Rows": 1, "Plan Width": 27, "Actual Rows": 1, "Actual Loops": 11866, "Index Cond": "(cd_demo_sk = web_returns.wr_returning_cdemo_sk)", "Rows Removed by Index Recheck": 0, "Workers": []}]}, {"Node Type": "Index Scan", "Parent Relationship": "Inner", "Parallel Aware": false, "Async Capable": false, "Scan Direction": "Forward", "Index Name": "web_sales_pkey", "Relation Name": "web_sales", "Alias": "web_sales", "Startup Cost": 0.43, "Total Cost": 1.68, "Plan Rows": 1, "Plan Width": 28, "Actual Rows": 0, "Actual Loops": 11722, "Index Cond": "((ws_item_sk = web_returns.wr_item_sk) AND (ws_order_number = web_returns.wr_order_number))", "Rows Removed by Index Recheck": 0, "Filter": "((((ws_sales_price >= 100.00) AND (ws_sales_price <= 150.00)) OR ((ws_sales_price >= 50.00) AND (ws_sales_price <= 100.00)) OR ((ws_sales_price >= 150.00) AND (ws_sales_price <= 200.00))) AND (((ws_net_profit >= '100'::numeric) AND (ws_net_profit <= '200'::numeric)) OR ((ws_net_profit >= '150'::numeric) AND (ws_net_profit <= '300'::numeric)) OR ((ws_net_profit >= '50'::numeric) AND (ws_net_profit <= '250'::numeric))))", "Rows Removed by Filter": 1, "Workers": []}]}]}, {"Node Type": "Index Scan", "Parent Relationship": "Inner", "Parallel Aware": false, "Async Capable": false, "Scan Direction": "Forward", "Index Name": "date_dim_pkey", "Relation Name": "date_dim", "Alias": "date_dim", "Startup Cost": 0.29, "Total Cost": 0.33, "Plan Rows": 1, "Plan Width": 4, "Actual Rows": 0, "Actual Loops": 69, "Index Cond": "(d_date_sk = web_sales.ws_sold_date_sk)", "Rows Removed by Index Recheck": 0, "Filter": "(d_year = 1999)", "Rows Removed by Filter": 1}]}, {"Node Type": "Index Only Scan", "Parent Relationship": "Inner", "Parallel Aware": false, "Async Capable": false, "Scan Direction": "Forward", "Index Name": "reason_pkey", "Relation Name": "reason", "Alias": "reason", "Startup Cost": 0.14, "Total Cost": 0.16, "Plan Rows": 1, "Plan Width": 4, "Actual Rows": 1, "Actual Loops": 12, "Index Cond": "(r_reason_sk = web_returns.wr_reason_sk)", "Rows Removed by Index Recheck": 0, "Heap Fetches": 12}]}]}]}]}, "Planning Time": 11.029, "Triggers": [], "Execution Time": 891.673}, {"Plan": {"Node Type": "Aggregate", "Strategy": "Plain", "Partial Mode": "Finalize", "Parallel Aware": false, "Async Capable": false, "Startup Cost": 57005.88, "Total Cost": 57005.89, "Plan Rows": 1, "Plan Width": 8, "Actual Rows": 1, "Actual Loops": 1, "Plans": [{"Node Type": "Gather", "Parent Relationship": "Outer", "Parallel Aware": false, "Async Capable": false, "Startup Cost": 57005.77, "Total Cost": 57005.88, "Plan Rows": 1, "Plan Width": 8, "Actual Rows": 2, "Actual Loops": 1, "Workers Planned": 1, "Workers Launched": 1, "Single Copy": false, "Plans": [{"Node Type": "Aggregate", "Strategy": "Plain", "Partial Mode": "Partial", "Parent Relationship": "Outer", "Parallel Aware": false, "Async Capable": false, "Startup Cost": 56005.77, "Total Cost": 56005.78, "Plan Rows": 1, "Plan Width": 8, "Actual Rows": 1, "Actual Loops": 2, "Workers": [], "Plans": [{"Node Type": "Hash Join", "Parent Relationship": "Outer", "Parallel Aware": true, "Async Capable": false, "Join Type": "Inner", "Startup Cost": 54043.83, "Total Cost": 56005.77, "Plan Rows": 1, "Plan Width": 0, "Actual Rows": 6, "Actual Loops": 2, "Inner Unique": false, "Hash Cond": "(date_dim.d_date_sk = web_sales.ws_sold_date_sk)", "Workers": [], "Plans": [{"Node Type": "Seq Scan", "Parent Relationship": "Outer", "Parallel Aware": true, "Async Capable": false, "Relation Name": "date_dim", "Alias": "date_dim", "Startup Cost": 0.0, "Total Cost": 1961.12, "Plan Rows": 215, "Plan Width": 4, "Actual Rows": 182, "Actual Loops": 2, "Filter": "(d_year = 1999)", "Rows Removed by Filter": 36342, "Workers": []}, {"Node Type": "Hash", "Parent Relationship": "Inner", "Parallel Aware": true, "Async Capable": false, "Startup Cost": 54043.82, "Total Cost": 54043.82, "Plan Rows": 1, "Plan Width": 4, "Actual Rows": 34, "Actual Loops": 2, "Hash Buckets": 1024, "Original Hash Buckets": 1024, "Hash Batches": 1, "Original Hash Batches": 1, "Peak Memory Usage": 72, "Workers": [], "Plans": [{"Node Type": "Nested Loop", "Parent Relationship": "Outer", "Parallel Aware": false, "Async Capable": false, "Join Type": "Inner", "Startup Cost": 8212.92, "Total Cost": 54043.82, "Plan Rows": 1, "Plan Width": 4, "Actual Rows": 34, "Actual Loops": 2, "Inner Unique": true, "Workers": [], "Plans": [{"Node Type": "Nested Loop", "Parent Relationship": "Outer", "Parallel Aware": false, "Async Capable": false, "Join Type": "Inner", "Startup Cost": 8212.78, "Total Cost": 54043.66, "Plan Rows": 1, "Plan Width": 8, "Actual Rows": 34, "Actual Loops": 2, "Inner Unique": true, "Workers": [], "Plans": [{"Node Type": "Nested Loop", "Parent Relationship": "Outer", "Parallel Aware": false, "Async Capable": false, "Join Type": "Inner", "Startup Cost": 8212.63, "Total Cost": 54043.49, "Plan Rows": 1, "Plan Width": 12, "Actual Rows": 34, "Actual Loops": 2, "Inner Unique": true, "Join Filter": "((((customer_address.ca_state = ANY ('{CO,WI,AR}'::bpchar[])) AND (web_sales.ws_net_profit >= '100'::numeric) AND (web_sales.ws_net_profit <= '200'::numeric)) OR ((customer_address.ca_state = ANY ('{GA,ID,WV}'::bpchar[])) AND (web_sales.ws_net_profit >= '150'::numeric) AND (web_sales.ws_net_profit <= '300'::numeric)) OR ((customer_address.ca_state = ANY ('{VA,AZ,SD}'::bpchar[])) AND (web_sales.ws_net_profit >= '50'::numeric) AND (web_sales.ws_net_profit <= '250'::numeric))) AND (((cd1.cd_marital_status = 'U'::bpchar) AND (cd1.cd_education_status = 'Secondary'::bpchar) AND (web_sales.ws_sales_price >= 100.00) AND (web_sales.ws_sales_price <= 150.00)) OR ((cd1.cd_marital_status = 'D'::bpchar) AND (cd1.cd_education_status = 'College'::bpchar) AND (web_sales.ws_sales_price >= 50.00) AND (web_sales.ws_sales_price <= 100.00)) OR ((cd1.cd_marital_status = 'S'::bpchar) AND (cd1.cd_education_status = 'Advanced Degree'::bpchar) AND (web_sales.ws_sales_price >= 150.00) AND (web_sales.ws_sales_price <= 200.00))))", "Rows Removed by Join Filter": 173, "Workers": [], "Plans": [{"Node Type": "Nested Loop", "Parent Relationship": "Outer", "Parallel Aware": false, "Async Capable": false, "Join Type": "Inner", "Startup Cost": 8212.2, "Total Cost": 53860.17, "Plan Rows": 105, "Plan Width": 38, "Actual Rows": 5861, "Actual Loops": 2, "Inner Unique": true, "Join Filter": "((cd1.cd_marital_status = cd2.cd_marital_status) AND (cd1.cd_education_status = cd2.cd_education_status))", "Rows Removed by Join Filter": 0, "Workers": [], "Plans": [{"Node Type": "Nested Loop", "Parent Relationship": "Outer", "Parallel Aware": false, "Async Capable": false, "Join Type": "Inner", "Startup Cost": 8211.77, "Total Cost": 51604.29, "Plan Rows": 3693, "Plan Width": 42, "Actual Rows": 5933, "Actual Loops": 2, "Inner Unique": true, "Workers": [], "Plans": [{"Node Type": "Hash Join", "Parent Relationship": "Outer", "Parallel Aware": true, "Async Capable": false, "Join Type": "Inner", "Startup Cost": 8211.35, "Total Cost": 24460.42, "Plan Rows": 44436, "Plan Width": 23, "Actual Rows": 71692, "Actual Loops": 2, "Inner Unique": true, "Hash Cond": "(web_returns.wr_refunded_addr_sk = customer_address.ca_address_sk)", "Workers": [], "Plans": [{"Node Type": "Seq Scan", "Parent Relationship": "Outer", "Parallel Aware": true, "Async Capable": false, "Relation Name": "web_returns", "Alias": "web_returns", "Startup Cost": 0.0, "Total Cost": 15640.05, "Plan Rows": 232005, "Plan Width": 24, "Actual Rows": 359608, "Actual Loops": 2, "Workers": []}, {"Node Type": "Hash", "Parent Relationship": "Inner", "Parallel Aware": true, "Async Capable": false, "Startup Cost": 7961.96, "Total Cost": 7961.96, "Plan Rows": 19951, "Plan Width": 7, "Actual Rows": 26094, "Actual Loops": 2, "Hash Buckets": 65536, "Original Hash Buckets": 65536, "Hash Batches": 1, "Original Hash Batches": 1, "Peak Memory Usage": 2592, "Workers": [], "Plans": [{"Node Type": "Seq Scan", "Parent Relationship": "Outer", "Parallel Aware": true, "Async Capable": false, "Relation Name": "customer_address", "Alias": "customer_address", "Startup Cost": 0.0, "Total Cost": 7961.96, "Plan Rows": 19951, "Plan Width": 7, "Actual Rows": 26094, "Actual Loops": 2, "Filter": "(((ca_country)::text = 'United States'::text) AND ((ca_state = ANY ('{CO,WI,AR}'::bpchar[])) OR (ca_state = ANY ('{GA,ID,WV}'::bpchar[])) OR (ca_state = ANY ('{VA,AZ,SD}'::bpchar[]))))", "Rows Removed by Filter": 98906, "Workers": []}]}]}, {"Node Type": "Index Scan", "Parent Relationship": "Inner", "Parallel Aware": false, "Async Capable": false, "Scan Direction": "Forward", "Index Name": "customer_demographics_pkey", "Relation Name": "customer_demographics", "Alias": "cd1", "Startup Cost": 0.43, "Total Cost": 0.61, "Plan Rows": 1, "Plan Width": 27, "Actual Rows": 0, "Actual Loops": 143385, "Index Cond": "(cd_demo_sk = web_returns.wr_refunded_cdemo_sk)", "Rows Removed by Index Recheck": 0, "Filter": "(((cd_marital_status = 'U'::bpchar) AND (cd_education_status = 'Secondary'::bpchar)) OR ((cd_marital_status = 'D'::bpchar) AND (cd_education_status = 'College'::bpchar)) OR ((cd_marital_status = 'S'::bpchar) AND (cd_education_status = 'Advanced Degree'::bpchar)))", "Rows Removed by Filter": 1, "Workers": []}]}, {"Node Type": "Index Scan", "Parent Relationship": "Inner", "Parallel Aware": false, "Async Capable": false, "Scan Direction": "Forward", "Index Name": "customer_demographics_pkey", "Relation Name": "customer_demographics", "Alias": "cd2", "Startup Cost": 0.43, "Total Cost": 0.6, "Plan Rows": 1, "Plan Width": 27, "Actual Rows": 1, "Actual Loops": 11866, "Index Cond": "(cd_demo_sk = web_returns.wr_returning_cdemo_sk)", "Rows Removed by Index Recheck": 0, "Workers": []}]}, {"Node Type": "Index Scan", "Parent Relationship": "Inner", "Parallel Aware": false, "Async Capable": false, "Scan Direction": "Forward", "Index Name": "web_sales_pkey", "Relation Name": "web_sales", "Alias": "web_sales", "Startup Cost": 0.43, "Total Cost": 1.68, "Plan Rows": 1, "Plan Width": 28, "Actual Rows": 0, "Actual Loops": 11722, "Index Cond": "((ws_item_sk = web_returns.wr_item_sk) AND (ws_order_number = web_returns.wr_order_number))", "Rows Removed by Index Recheck": 0, "Filter": "((((ws_sales_price >= 100.00) AND (ws_sales_price <= 150.00)) OR ((ws_sales_price >= 50.00) AND (ws_sales_price <= 100.00)) OR ((ws_sales_price >= 150.00) AND (ws_sales_price <= 200.00))) AND (((ws_net_profit >= '100'::numeric) AND (ws_net_profit <= '200'::numeric)) OR ((ws_net_profit >= '150'::numeric) AND (ws_net_profit <= '300'::numeric)) OR ((ws_net_profit >= '50'::numeric) AND (ws_net_profit <= '250'::numeric))))", "Rows Removed by Filter": 1, "Workers": []}]}, {"Node Type": "Index Only Scan", "Parent Relationship": "Inner", "Parallel Aware": false, "Async Capable": false, "Scan Direction": "Forward", "Index Name": "web_page_pkey", "Relation Name": "web_page", "Alias": "web_page", "Startup Cost": 0.14, "Total Cost": 0.16, "Plan Rows": 1, "Plan Width": 4, "Actual Rows": 1, "Actual Loops": 69, "Index Cond": "(wp_web_page_sk = web_sales.ws_web_page_sk)", "Rows Removed by Index Recheck": 0, "Heap Fetches": 69, "Workers": []}]}, {"Node Type": "Index Only Scan", "Parent Relationship": "Inner", "Parallel Aware": false, "Async Capable": false, "Scan Direction": "Forward", "Index Name": "reason_pkey", "Relation Name": "reason", "Alias": "reason", "Startup Cost": 0.14, "Total Cost": 0.16, "Plan Rows": 1, "Plan Width": 4, "Actual Rows": 1, "Actual Loops": 69, "Index Cond": "(r_reason_sk = web_returns.wr_reason_sk)", "Rows Removed by Index Recheck": 0, "Heap Fetches": 68, "Workers": []}]}]}]}]}]}]}, "Planning Time": 10.381, "Triggers": [], "Execution Time": 2041.735}, {"Plan": {"Node Type": "Aggregate", "Strategy": "Plain", "Partial Mode": "Simple", "Parallel Aware": false, "Async Capable": false, "Startup Cost": 42057762.81, "Total Cost": 42057762.82, "Plan Rows": 1, "Plan Width": 8, "Plans": [{"Node Type": "Gather", "Parent Relationship": "Outer", "Parallel Aware": false, "Async Capable": false, "Startup Cost": 139058.94, "Total Cost": 42057762.81, "Plan Rows": 1, "Plan Width": 0, "Workers Planned": 3, "Single Copy": false, "Plans": [{"Node Type": "Hash Join", "Parent Relationship": "Outer", "Parallel Aware": true, "Async Capable": false, "Join Type": "Inner", "Startup Cost": 138058.94, "Total Cost": 42056762.71, "Plan Rows": 1, "Plan Width": 0, "Inner Unique": false, "Hash Cond": "((cd1.cd_demo_sk = web_returns.wr_refunded_cdemo_sk) AND (cd2.cd_demo_sk = web_returns.wr_returning_cdemo_sk))", "Join Filter": "(((cd1.cd_marital_status = 'U'::bpchar) AND (cd1.cd_education_status = 'Secondary'::bpchar) AND (web_sales.ws_sales_price >= 100.00) AND (web_sales.ws_sales_price <= 150.00)) OR ((cd1.cd_marital_status = 'D'::bpchar) AND (cd1.cd_education_status = 'College'::bpchar) AND (web_sales.ws_sales_price >= 50.00) AND (web_sales.ws_sales_price <= 100.00)) OR ((cd1.cd_marital_status = 'S'::bpchar) AND (cd1.cd_education_status = 'Advanced Degree'::bpchar) AND (web_sales.ws_sales_price >= 150.00) AND (web_sales.ws_sales_price <= 200.00)))", "Plans": [{"Node Type": "Hash Join", "Parent Relationship": "Outer", "Parallel Aware": true, "Async Capable": false, "Join Type": "Inner", "Startup Cost": 37346.32, "Total Cost": 20759578.75, "Plan Rows": 2826196173, "Plan Width": 31, "Inner Unique": false, "Hash Cond": "((cd1.cd_marital_status = cd2.cd_marital_status) AND (cd1.cd_education_status = cd2.cd_education_status))", "Plans": [{"Node Type": "Seq Scan", "Parent Relationship": "Outer", "Parallel Aware": true, "Async Capable": false, "Relation Name": "customer_demographics", "Alias": "cd1", "Startup Cost": 0.0, "Total Cost": 37346.32, "Plan Rows": 51495, "Plan Width": 27, "Filter": "(((cd_marital_status = 'U'::bpchar) AND (cd_education_status = 'Secondary'::bpchar)) OR ((cd_marital_status = 'D'::bpchar) AND (cd_education_status = 'College'::bpchar)) OR ((cd_marital_status = 'S'::bpchar) AND (cd_education_status = 'Advanced Degree'::bpchar)))"}, {"Node Type": "Hash", "Parent Relationship": "Inner", "Parallel Aware": true, "Async Capable": false, "Startup Cost": 28052.13, "Total Cost": 28052.13, "Plan Rows": 619613, "Plan Width": 27, "Plans": [{"Node Type": "Seq Scan", "Parent Relationship": "Outer", "Parallel Aware": true, "Async Capable": false, "Relation Name": "customer_demographics", "Alias": "cd2", "Startup Cost": 0.0, "Total Cost": 28052.13, "Plan Rows": 619613, "Plan Width": 27}]}]}, {"Node Type": "Hash", "Parent Relationship": "Inner", "Parallel Aware": true, "Async Capable": false, "Startup Cost": 100712.6, "Total Cost": 100712.6, "Plan Rows": 1, "Plan Width": 14, "Plans": [{"Node Type": "Nested Loop", "Parent Relationship": "Outer", "Parallel Aware": false, "Async Capable": false, "Join Type": "Inner", "Startup Cost": 8212.36, "Total Cost": 100712.6, "Plan Rows": 1, "Plan Width": 14, "Inner Unique": true, "Plans": [{"Node Type": "Nested Loop", "Parent Relationship": "Outer", "Parallel Aware": false, "Async Capable": false, "Join Type": "Inner", "Startup Cost": 8212.22, "Total Cost": 100712.44, "Plan Rows": 1, "Plan Width": 18, "Inner Unique": true, "Plans": [{"Node Type": "Nested Loop", "Parent Relationship": "Outer", "Parallel Aware": false, "Async Capable": false, "Join Type": "Inner", "Startup Cost": 8211.92, "Total Cost": 100712.11, "Plan Rows": 1, "Plan Width": 22, "Inner Unique": true, "Plans": [{"Node Type": "Nested Loop", "Parent Relationship": "Outer", "Parallel Aware": false, "Async Capable": false, "Join Type": "Inner", "Startup Cost": 8211.78, "Total Cost": 100711.95, "Plan Rows": 1, "Plan Width": 26, "Inner Unique": true, "Join Filter": "(((customer_address.ca_state = ANY ('{CO,WI,AR}'::bpchar[])) AND (web_sales.ws_net_profit >= '100'::numeric) AND (web_sales.ws_net_profit <= '200'::numeric)) OR ((customer_address.ca_state = ANY ('{GA,ID,WV}'::bpchar[])) AND (web_sales.ws_net_profit >= '150'::numeric) AND (web_sales.ws_net_profit <= '300'::numeric)) OR ((customer_address.ca_state = ANY ('{VA,AZ,SD}'::bpchar[])) AND (web_sales.ws_net_profit >= '50'::numeric) AND (web_sales.ws_net_profit <= '250'::numeric)))", "Plans": [{"Node Type": "Hash Join", "Parent Relationship": "Outer", "Parallel Aware": true, "Async Capable": false, "Join Type": "Inner", "Startup Cost": 8211.35, "Total Cost": 24460.42, "Plan Rows": 44436, "Plan Width": 23, "Inner Unique": true, "Hash Cond": "(web_returns.wr_refunded_addr_sk = customer_address.ca_address_sk)", "Plans": [{"Node Type": "Seq Scan", "Parent Relationship": "Outer", "Parallel Aware": true, "Async Capable": false, "Relation Name": "web_returns", "Alias": "web_returns", "Startup Cost": 0.0, "Total Cost": 15640.05, "Plan Rows": 232005, "Plan Width": 24}, {"Node Type": "Hash", "Parent Relationship": "Inner", "Parallel Aware": true, "Async Capable": false, "Startup Cost": 7961.96, "Total Cost": 7961.96, "Plan Rows": 19951, "Plan Width": 7, "Plans": [{"Node Type": "Seq Scan", "Parent Relationship": "Outer", "Parallel Aware": true, "Async Capable": false, "Relation Name": "customer_address", "Alias": "customer_address", "Startup Cost": 0.0, "Total Cost": 7961.96, "Plan Rows": 19951, "Plan Width": 7, "Filter": "(((ca_country)::text = 'United States'::text) AND ((ca_state = ANY ('{CO,WI,AR}'::bpchar[])) OR (ca_state = ANY ('{GA,ID,WV}'::bpchar[])) OR (ca_state = ANY ('{VA,AZ,SD}'::bpchar[]))))"}]}]}, {"Node Type": "Index Scan", "Parent Relationship": "Inner", "Parallel Aware": false, "Async Capable": false, "Scan Direction": "Forward", "Index Name": "web_sales_pkey", "Relation Name": "web_sales", "Alias": "web_sales", "Startup Cost": 0.43, "Total Cost": 1.68, "Plan Rows": 1, "Plan Width": 28, "Index Cond": "((ws_item_sk = web_returns.wr_item_sk) AND (ws_order_number = web_returns.wr_order_number))", "Filter": "((((ws_sales_price >= 100.00) AND (ws_sales_price <= 150.00)) OR ((ws_sales_price >= 50.00) AND (ws_sales_price <= 100.00)) OR ((ws_sales_price >= 150.00) AND (ws_sales_price <= 200.00))) AND (((ws_net_profit >= '100'::numeric) AND (ws_net_profit <= '200'::numeric)) OR ((ws_net_profit >= '150'::numeric) AND (ws_net_profit <= '300'::numeric)) OR ((ws_net_profit >= '50'::numeric) AND (ws_net_profit <= '250'::numeric))))"}]}, {"Node Type": "Index Only Scan", "Parent Relationship": "Inner", "Parallel Aware": false, "Async Capable": false, "Scan Direction": "Forward", "Index Name": "web_page_pkey", "Relation Name": "web_page", "Alias": "web_page", "Startup Cost": 0.14, "Total Cost": 0.16, "Plan Rows": 1, "Plan Width": 4, "Index Cond": "(wp_web_page_sk = web_sales.ws_web_page_sk)"}]}, {"Node Type": "Index Scan", "Parent Relationship": "Inner", "Parallel Aware": false, "Async Capable": false, "Scan Direction": "Forward", "Index Name": "date_dim_pkey", "Relation Name": "date_dim", "Alias": "date_dim", "Startup Cost": 0.29, "Total Cost": 0.33, "Plan Rows": 1, "Plan Width": 4, "Index Cond": "(d_date_sk = web_sales.ws_sold_date_sk)", "Filter": "(d_year = 1999)"}]}, {"Node Type": "Index Only Scan", "Parent Relationship": "Inner", "Parallel Aware": false, "Async Capable": false, "Scan Direction": "Forward", "Index Name": "reason_pkey", "Relation Name": "reason", "Alias": "reason", "Startup Cost": 0.14, "Total Cost": 0.16, "Plan Rows": 1, "Plan Width": 4, "Index Cond": "(r_reason_sk = web_returns.wr_reason_sk)"}]}]}]}]}]}}, {"Plan": {"Node Type": "Aggregate", "Strategy": "Plain", "Partial Mode": "Simple", "Parallel Aware": false, "Async Capable": false, "Startup Cost": 55046.22, "Total Cost": 55046.23, "Plan Rows": 1, "Plan Width": 8, "Actual Rows": 1, "Actual Loops": 1, "Plans": [{"Node Type": "Nested Loop", "Parent Relationship": "Outer", "Parallel Aware": false, "Async Capable": false, "Join Type": "Inner", "Startup Cost": 9213.07, "Total Cost": 55046.22, "Plan Rows": 1, "Plan Width": 0, "Actual Rows": 12, "Actual Loops": 1, "Inner Unique": false, "Join Filter": "(reason.r_reason_sk = web_returns.wr_reason_sk)", "Rows Removed by Join Filter": 528, "Plans": [{"Node Type": "Seq Scan", "Parent Relationship": "Outer", "Parallel Aware": false, "Async Capable": false, "Relation Name": "reason", "Alias": "reason", "Startup Cost": 0.0, "Total Cost": 1.45, "Plan Rows": 45, "Plan Width": 4, "Actual Rows": 45, "Actual Loops": 1}, {"Node Type": "Materialize", "Parent Relationship": "Inner", "Parallel Aware": false, "Async Capable": false, "Startup Cost": 9213.07, "Total Cost": 55044.09, "Plan Rows": 1, "Plan Width": 4, "Actual Rows": 12, "Actual Loops": 45, "Plans": [{"Node Type": "Nested Loop", "Parent Relationship": "Outer", "Parallel Aware": false, "Async Capable": false, "Join Type": "Inner", "Startup Cost": 9213.07, "Total Cost": 55044.09, "Plan Rows": 1, "Plan Width": 4, "Actual Rows": 12, "Actual Loops": 1, "Inner Unique": true, "Plans": [{"Node Type": "Nested Loop", "Parent Relationship": "Outer", "Parallel Aware": false, "Async Capable": false, "Join Type": "Inner", "Startup Cost": 9212.78, "Total Cost": 55043.76, "Plan Rows": 1, "Plan Width": 8, "Actual Rows": 69, "Actual Loops": 1, "Inner Unique": true, "Plans": [{"Node Type": "Gather", "Parent Relationship": "Outer", "Parallel Aware": false, "Async Capable": false, "Startup Cost": 9212.63, "Total Cost": 55043.59, "Plan Rows": 1, "Plan Width": 12, "Actual Rows": 69, "Actual Loops": 1, "Workers Planned": 3, "Workers Launched": 3, "Single Copy": false, "Plans": [{"Node Type": "Nested Loop", "Parent Relationship": "Outer", "Parallel Aware": false, "Async Capable": false, "Join Type": "Inner", "Startup Cost": 8212.63, "Total Cost": 54043.49, "Plan Rows": 1, "Plan Width": 12, "Actual Rows": 17, "Actual Loops": 4, "Inner Unique": true, "Join Filter": "((((customer_address.ca_state = ANY ('{CO,WI,AR}'::bpchar[])) AND (web_sales.ws_net_profit >= '100'::numeric) AND (web_sales.ws_net_profit <= '200'::numeric)) OR ((customer_address.ca_state = ANY ('{GA,ID,WV}'::bpchar[])) AND (web_sales.ws_net_profit >= '150'::numeric) AND (web_sales.ws_net_profit <= '300'::numeric)) OR ((customer_address.ca_state = ANY ('{VA,AZ,SD}'::bpchar[])) AND (web_sales.ws_net_profit >= '50'::numeric) AND (web_sales.ws_net_profit <= '250'::numeric))) AND (((cd1.cd_marital_status = 'U'::bpchar) AND (cd1.cd_education_status = 'Secondary'::bpchar) AND (web_sales.ws_sales_price >= 100.00) AND (web_sales.ws_sales_price <= 150.00)) OR ((cd1.cd_marital_status = 'D'::bpchar) AND (cd1.cd_education_status = 'College'::bpchar) AND (web_sales.ws_sales_price >= 50.00) AND (web_sales.ws_sales_price <= 100.00)) OR ((cd1.cd_marital_status = 'S'::bpchar) AND (cd1.cd_education_status = 'Advanced Degree'::bpchar) AND (web_sales.ws_sales_price >= 150.00) AND (web_sales.ws_sales_price <= 200.00))))", "Rows Removed by Join Filter": 86, "Workers": [], "Plans": [{"Node Type": "Nested Loop", "Parent Relationship": "Outer", "Parallel Aware": false, "Async Capable": false, "Join Type": "Inner", "Startup Cost": 8212.2, "Total Cost": 53860.17, "Plan Rows": 105, "Plan Width": 38, "Actual Rows": 2930, "Actual Loops": 4, "Inner Unique": true, "Join Filter": "((cd1.cd_marital_status = cd2.cd_marital_status) AND (cd1.cd_education_status = cd2.cd_education_status))", "Rows Removed by Join Filter": 0, "Workers": [], "Plans": [{"Node Type": "Nested Loop", "Parent Relationship": "Outer", "Parallel Aware": false, "Async Capable": false, "Join Type": "Inner", "Startup Cost": 8211.77, "Total Cost": 51604.29, "Plan Rows": 3693, "Plan Width": 42, "Actual Rows": 2966, "Actual Loops": 4, "Inner Unique": true, "Workers": [], "Plans": [{"Node Type": "Hash Join", "Parent Relationship": "Outer", "Parallel Aware": true, "Async Capable": false, "Join Type": "Inner", "Startup Cost": 8211.35, "Total Cost": 24460.42, "Plan Rows": 44436, "Plan Width": 23, "Actual Rows": 35846, "Actual Loops": 4, "Inner Unique": true, "Hash Cond": "(web_returns.wr_refunded_addr_sk = customer_address.ca_address_sk)", "Workers": [], "Plans": [{"Node Type": "Seq Scan", "Parent Relationship": "Outer", "Parallel Aware": true, "Async Capable": false, "Relation Name": "web_returns", "Alias": "web_returns", "Startup Cost": 0.0, "Total Cost": 15640.05, "Plan Rows": 232005, "Plan Width": 24, "Actual Rows": 179804, "Actual Loops": 4, "Workers": []}, {"Node Type": "Hash", "Parent Relationship": "Inner", "Parallel Aware": true, "Async Capable": false, "Startup Cost": 7961.96, "Total Cost": 7961.96, "Plan Rows": 19951, "Plan Width": 7, "Actual Rows": 13047, "Actual Loops": 4, "Hash Buckets": 65536, "Original Hash Buckets": 65536, "Hash Batches": 1, "Original Hash Batches": 1, "Peak Memory Usage": 2592, "Workers": [], "Plans": [{"Node Type": "Seq Scan", "Parent Relationship": "Outer", "Parallel Aware": true, "Async Capable": false, "Relation Name": "customer_address", "Alias": "customer_address", "Startup Cost": 0.0, "Total Cost": 7961.96, "Plan Rows": 19951, "Plan Width": 7, "Actual Rows": 13047, "Actual Loops": 4, "Filter": "(((ca_country)::text = 'United States'::text) AND ((ca_state = ANY ('{CO,WI,AR}'::bpchar[])) OR (ca_state = ANY ('{GA,ID,WV}'::bpchar[])) OR (ca_state = ANY ('{VA,AZ,SD}'::bpchar[]))))", "Rows Removed by Filter": 49453, "Workers": []}]}]}, {"Node Type": "Index Scan", "Parent Relationship": "Inner", "Parallel Aware": false, "Async Capable": false, "Scan Direction": "Forward", "Index Name": "customer_demographics_pkey", "Relation Name": "customer_demographics", "Alias": "cd1", "Startup Cost": 0.43, "Total Cost": 0.61, "Plan Rows": 1, "Plan Width": 27, "Actual Rows": 0, "Actual Loops": 143385, "Index Cond": "(cd_demo_sk = web_returns.wr_refunded_cdemo_sk)", "Rows Removed by Index Recheck": 0, "Filter": "(((cd_marital_status = 'U'::bpchar) AND (cd_education_status = 'Secondary'::bpchar)) OR ((cd_marital_status = 'D'::bpchar) AND (cd_education_status = 'College'::bpchar)) OR ((cd_marital_status = 'S'::bpchar) AND (cd_education_status = 'Advanced Degree'::bpchar)))", "Rows Removed by Filter": 1, "Workers": []}]}, {"Node Type": "Index Scan", "Parent Relationship": "Inner", "Parallel Aware": false, "Async Capable": false, "Scan Direction": "Forward", "Index Name": "customer_demographics_pkey", "Relation Name": "customer_demographics", "Alias": "cd2", "Startup Cost": 0.43, "Total Cost": 0.6, "Plan Rows": 1, "Plan Width": 27, "Actual Rows": 1, "Actual Loops": 11866, "Index Cond": "(cd_demo_sk = web_returns.wr_returning_cdemo_sk)", "Rows Removed by Index Recheck": 0, "Workers": []}]}, {"Node Type": "Index Scan", "Parent Relationship": "Inner", "Parallel Aware": false, "Async Capable": false, "Scan Direction": "Forward", "Index Name": "web_sales_pkey", "Relation Name": "web_sales", "Alias": "web_sales", "Startup Cost": 0.43, "Total Cost": 1.68, "Plan Rows": 1, "Plan Width": 28, "Actual Rows": 0, "Actual Loops": 11722, "Index Cond": "((ws_item_sk = web_returns.wr_item_sk) AND (ws_order_number = web_returns.wr_order_number))", "Rows Removed by Index Recheck": 0, "Filter": "((((ws_sales_price >= 100.00) AND (ws_sales_price <= 150.00)) OR ((ws_sales_price >= 50.00) AND (ws_sales_price <= 100.00)) OR ((ws_sales_price >= 150.00) AND (ws_sales_price <= 200.00))) AND (((ws_net_profit >= '100'::numeric) AND (ws_net_profit <= '200'::numeric)) OR ((ws_net_profit >= '150'::numeric) AND (ws_net_profit <= '300'::numeric)) OR ((ws_net_profit >= '50'::numeric) AND (ws_net_profit <= '250'::numeric))))", "Rows Removed by Filter": 1, "Workers": []}]}]}, {"Node Type": "Index Only Scan", "Parent Relationship": "Inner", "Parallel Aware": false, "Async Capable": false, "Scan Direction": "Forward", "Index Name": "web_page_pkey", "Relation Name": "web_page", "Alias": "web_page", "Startup Cost": 0.14, "Total Cost": 0.16, "Plan Rows": 1, "Plan Width": 4, "Actual Rows": 1, "Actual Loops": 69, "Index Cond": "(wp_web_page_sk = web_sales.ws_web_page_sk)", "Rows Removed by Index Recheck": 0, "Heap Fetches": 69}]}, {"Node Type": "Index Scan", "Parent Relationship": "Inner", "Parallel Aware": false, "Async Capable": false, "Scan Direction": "Forward", "Index Name": "date_dim_pkey", "Relation Name": "date_dim", "Alias": "date_dim", "Startup Cost": 0.29, "Total Cost": 0.33, "Plan Rows": 1, "Plan Width": 4, "Actual Rows": 0, "Actual Loops": 69, "Index Cond": "(d_date_sk = web_sales.ws_sold_date_sk)", "Rows Removed by Index Recheck": 0, "Filter": "(d_year = 1999)", "Rows Removed by Filter": 1}]}]}]}]}, "Planning Time": 10.715, "Triggers": [], "Execution Time": 906.812}, {"Plan": {"Node Type": "Aggregate", "Strategy": "Plain", "Partial Mode": "Simple", "Parallel Aware": false, "Async Capable": false, "Startup Cost": 55044.25, "Total Cost": 55044.26, "Plan Rows": 1, "Plan Width": 8, "Actual Rows": 1, "Actual Loops": 1, "Plans": [{"Node Type": "Nested Loop", "Parent Relationship": "Outer", "Parallel Aware": false, "Async Capable": false, "Join Type": "Inner", "Startup Cost": 9213.21, "Total Cost": 55044.25, "Plan Rows": 1, "Plan Width": 0, "Actual Rows": 12, "Actual Loops": 1, "Inner Unique": true, "Plans": [{"Node Type": "Nested Loop", "Parent Relationship": "Outer", "Parallel Aware": false, "Async Capable": false, "Join Type": "Inner", "Startup Cost": 9213.07, "Total Cost": 55044.09, "Plan Rows": 1, "Plan Width": 4, "Actual Rows": 12, "Actual Loops": 1, "Inner Unique": true, "Plans": [{"Node Type": "Nested Loop", "Parent Relationship": "Outer", "Parallel Aware": false, "Async Capable": false, "Join Type": "Inner", "Startup Cost": 9212.78, "Total Cost": 55043.76, "Plan Rows": 1, "Plan Width": 8, "Actual Rows": 69, "Actual Loops": 1, "Inner Unique": true, "Plans": [{"Node Type": "Gather", "Parent Relationship": "Outer", "Parallel Aware": false, "Async Capable": false, "Startup Cost": 9212.63, "Total Cost": 55043.59, "Plan Rows": 1, "Plan Width": 12, "Actual Rows": 69, "Actual Loops": 1, "Workers Planned": 3, "Workers Launched": 3, "Single Copy": false, "Plans": [{"Node Type": "Nested Loop", "Parent Relationship": "Outer", "Parallel Aware": false, "Async Capable": false, "Join Type": "Inner", "Startup Cost": 8212.63, "Total Cost": 54043.49, "Plan Rows": 1, "Plan Width": 12, "Actual Rows": 17, "Actual Loops": 4, "Inner Unique": true, "Join Filter": "((((customer_address.ca_state = ANY ('{CO,WI,AR}'::bpchar[])) AND (web_sales.ws_net_profit >= '100'::numeric) AND (web_sales.ws_net_profit <= '200'::numeric)) OR ((customer_address.ca_state = ANY ('{GA,ID,WV}'::bpchar[])) AND (web_sales.ws_net_profit >= '150'::numeric) AND (web_sales.ws_net_profit <= '300'::numeric)) OR ((customer_address.ca_state = ANY ('{VA,AZ,SD}'::bpchar[])) AND (web_sales.ws_net_profit >= '50'::numeric) AND (web_sales.ws_net_profit <= '250'::numeric))) AND (((cd1.cd_marital_status = 'U'::bpchar) AND (cd1.cd_education_status = 'Secondary'::bpchar) AND (web_sales.ws_sales_price >= 100.00) AND (web_sales.ws_sales_price <= 150.00)) OR ((cd1.cd_marital_status = 'D'::bpchar) AND (cd1.cd_education_status = 'College'::bpchar) AND (web_sales.ws_sales_price >= 50.00) AND (web_sales.ws_sales_price <= 100.00)) OR ((cd1.cd_marital_status = 'S'::bpchar) AND (cd1.cd_education_status = 'Advanced Degree'::bpchar) AND (web_sales.ws_sales_price >= 150.00) AND (web_sales.ws_sales_price <= 200.00))))", "Rows Removed by Join Filter": 86, "Workers": [], "Plans": [{"Node Type": "Nested Loop", "Parent Relationship": "Outer", "Parallel Aware": false, "Async Capable": false, "Join Type": "Inner", "Startup Cost": 8212.2, "Total Cost": 53860.17, "Plan Rows": 105, "Plan Width": 38, "Actual Rows": 2930, "Actual Loops": 4, "Inner Unique": true, "Join Filter": "((cd1.cd_marital_status = cd2.cd_marital_status) AND (cd1.cd_education_status = cd2.cd_education_status))", "Rows Removed by Join Filter": 0, "Workers": [], "Plans": [{"Node Type": "Nested Loop", "Parent Relationship": "Outer", "Parallel Aware": false, "Async Capable": false, "Join Type": "Inner", "Startup Cost": 8211.77, "Total Cost": 51604.29, "Plan Rows": 3693, "Plan Width": 42, "Actual Rows": 2966, "Actual Loops": 4, "Inner Unique": true, "Workers": [], "Plans": [{"Node Type": "Hash Join", "Parent Relationship": "Outer", "Parallel Aware": true, "Async Capable": false, "Join Type": "Inner", "Startup Cost": 8211.35, "Total Cost": 24460.42, "Plan Rows": 44436, "Plan Width": 23, "Actual Rows": 35846, "Actual Loops": 4, "Inner Unique": true, "Hash Cond": "(web_returns.wr_refunded_addr_sk = customer_address.ca_address_sk)", "Workers": [], "Plans": [{"Node Type": "Seq Scan", "Parent Relationship": "Outer", "Parallel Aware": true, "Async Capable": false, "Relation Name": "web_returns", "Alias": "web_returns", "Startup Cost": 0.0, "Total Cost": 15640.05, "Plan Rows": 232005, "Plan Width": 24, "Actual Rows": 179804, "Actual Loops": 4, "Workers": []}, {"Node Type": "Hash", "Parent Relationship": "Inner", "Parallel Aware": true, "Async Capable": false, "Startup Cost": 7961.96, "Total Cost": 7961.96, "Plan Rows": 19951, "Plan Width": 7, "Actual Rows": 13047, "Actual Loops": 4, "Hash Buckets": 65536, "Original Hash Buckets": 65536, "Hash Batches": 1, "Original Hash Batches": 1, "Peak Memory Usage": 2592, "Workers": [], "Plans": [{"Node Type": "Seq Scan", "Parent Relationship": "Outer", "Parallel Aware": true, "Async Capable": false, "Relation Name": "customer_address", "Alias": "customer_address", "Startup Cost": 0.0, "Total Cost": 7961.96, "Plan Rows": 19951, "Plan Width": 7, "Actual Rows": 13047, "Actual Loops": 4, "Filter": "(((ca_country)::text = 'United States'::text) AND ((ca_state = ANY ('{CO,WI,AR}'::bpchar[])) OR (ca_state = ANY ('{GA,ID,WV}'::bpchar[])) OR (ca_state = ANY ('{VA,AZ,SD}'::bpchar[]))))", "Rows Removed by Filter": 49453, "Workers": []}]}]}, {"Node Type": "Index Scan", "Parent Relationship": "Inner", "Parallel Aware": false, "Async Capable": false, "Scan Direction": "Forward", "Index Name": "customer_demographics_pkey", "Relation Name": "customer_demographics", "Alias": "cd1", "Startup Cost": 0.43, "Total Cost": 0.61, "Plan Rows": 1, "Plan Width": 27, "Actual Rows": 0, "Actual Loops": 143385, "Index Cond": "(cd_demo_sk = web_returns.wr_refunded_cdemo_sk)", "Rows Removed by Index Recheck": 0, "Filter": "(((cd_marital_status = 'U'::bpchar) AND (cd_education_status = 'Secondary'::bpchar)) OR ((cd_marital_status = 'D'::bpchar) AND (cd_education_status = 'College'::bpchar)) OR ((cd_marital_status = 'S'::bpchar) AND (cd_education_status = 'Advanced Degree'::bpchar)))", "Rows Removed by Filter": 1, "Workers": []}]}, {"Node Type": "Index Scan", "Parent Relationship": "Inner", "Parallel Aware": false, "Async Capable": false, "Scan Direction": "Forward", "Index Name": "customer_demographics_pkey", "Relation Name": "customer_demographics", "Alias": "cd2", "Startup Cost": 0.43, "Total Cost": 0.6, "Plan Rows": 1, "Plan Width": 27, "Actual Rows": 1, "Actual Loops": 11866, "Index Cond": "(cd_demo_sk = web_returns.wr_returning_cdemo_sk)", "Rows Removed by Index Recheck": 0, "Workers": []}]}, {"Node Type": "Index Scan", "Parent Relationship": "Inner", "Parallel Aware": false, "Async Capable": false, "Scan Direction": "Forward", "Index Name": "web_sales_pkey", "Relation Name": "web_sales", "Alias": "web_sales", "Startup Cost": 0.43, "Total Cost": 1.68, "Plan Rows": 1, "Plan Width": 28, "Actual Rows": 0, "Actual Loops": 11722, "Index Cond": "((ws_item_sk = web_returns.wr_item_sk) AND (ws_order_number = web_returns.wr_order_number))", "Rows Removed by Index Recheck": 0, "Filter": "((((ws_sales_price >= 100.00) AND (ws_sales_price <= 150.00)) OR ((ws_sales_price >= 50.00) AND (ws_sales_price <= 100.00)) OR ((ws_sales_price >= 150.00) AND (ws_sales_price <= 200.00))) AND (((ws_net_profit >= '100'::numeric) AND (ws_net_profit <= '200'::numeric)) OR ((ws_net_profit >= '150'::numeric) AND (ws_net_profit <= '300'::numeric)) OR ((ws_net_profit >= '50'::numeric) AND (ws_net_profit <= '250'::numeric))))", "Rows Removed by Filter": 1, "Workers": []}]}]}, {"Node Type": "Index Only Scan", "Parent Relationship": "Inner", "Parallel Aware": false, "Async Capable": false, "Scan Direction": "Forward", "Index Name": "web_page_pkey", "Relation Name": "web_page", "Alias": "web_page", "Startup Cost": 0.14, "Total Cost": 0.16, "Plan Rows": 1, "Plan Width": 4, "Actual Rows": 1, "Actual Loops": 69, "Index Cond": "(wp_web_page_sk = web_sales.ws_web_page_sk)", "Rows Removed by Index Recheck": 0, "Heap Fetches": 69}]}, {"Node Type": "Index Scan", "Parent Relationship": "Inner", "Parallel Aware": false, "Async Capable": false, "Scan Direction": "Forward", "Index Name": "date_dim_pkey", "Relation Name": "date_dim", "Alias": "date_dim", "Startup Cost": 0.29, "Total Cost": 0.33, "Plan Rows": 1, "Plan Width": 4, "Actual Rows": 0, "Actual Loops": 69, "Index Cond": "(d_date_sk = web_sales.ws_sold_date_sk)", "Rows Removed by Index Recheck": 0, "Filter": "(d_year = 1999)", "Rows Removed by Filter": 1}]}, {"Node Type": "Index Only Scan", "Parent Relationship": "Inner", "Parallel Aware": false, "Async Capable": false, "Scan Direction": "Forward", "Index Name": "reason_pkey", "Relation Name": "reason", "Alias": "reason", "Startup Cost": 0.14, "Total Cost": 0.16, "Plan Rows": 1, "Plan Width": 4, "Actual Rows": 1, "Actual Loops": 12, "Index Cond": "(r_reason_sk = web_returns.wr_reason_sk)", "Rows Removed by Index Recheck": 0, "Heap Fetches": 12}]}]}, "Planning Time": 10.232, "Triggers": [], "Execution Time": 902.026}]