[{"Plan": {"Node Type": "Aggregate", "Strategy": "Plain", "Partial Mode": "Finalize", "Parallel Aware": false, "Async Capable": false, "Startup Cost": 588846.55, "Total Cost": 588846.56, "Plan Rows": 1, "Plan Width": 8, "Actual Rows": 1, "Actual Loops": 1, "Plans": [{"Node Type": "Gather", "Parent Relationship": "Outer", "Parallel Aware": false, "Async Capable": false, "Startup Cost": 588845.93, "Total Cost": 588846.54, "Plan Rows": 6, "Plan Width": 8, "Actual Rows": 7, "Actual Loops": 1, "Workers Planned": 6, "Workers Launched": 6, "Single Copy": false, "Plans": [{"Node Type": "Aggregate", "Strategy": "Plain", "Partial Mode": "Partial", "Parent Relationship": "Outer", "Parallel Aware": false, "Async Capable": false, "Startup Cost": 587845.93, "Total Cost": 587845.94, "Plan Rows": 1, "Plan Width": 8, "Actual Rows": 1, "Actual Loops": 7, "Workers": [], "Plans": [{"Node Type": "Hash Join", "Parent Relationship": "Outer", "Parallel Aware": false, "Async Capable": false, "Join Type": "Inner", "Startup Cost": 1971.4, "Total Cost": 587843.8, "Plan Rows": 853, "Plan Width": 0, "Actual Rows": 85643, "Actual Loops": 7, "Inner Unique": true, "Hash Cond": "(store_sales.ss_store_sk = store.s_store_sk)", "Workers": [], "Plans": [{"Node Type": "Nested Loop", "Parent Relationship": "Outer", "Parallel Aware": false, "Async Capable": false, "Join Type": "Inner", "Startup Cost": 1964.11, "Total Cost": 587834.17, "Plan Rows": 853, "Plan Width": 4, "Actual Rows": 87706, "Actual Loops": 7, "Inner Unique": true, "Workers": [], "Plans": [{"Node Type": "Hash Join", "Parent Relationship": "Outer", "Parallel Aware": true, "Async Capable": false, "Join Type": "Inner", "Startup Cost": 1963.81, "Total Cost": 580014.65, "Plan Rows": 23985, "Plan Width": 8, "Actual Rows": 786375, "Actual Loops": 7, "Inner Unique": true, "Hash Cond": "(store_sales.ss_sold_date_sk = date_dim.d_date_sk)", "Workers": [], "Plans": [{"Node Type": "Seq Scan", "Parent Relationship": "Outer", "Parallel Aware": true, "Async Capable": false, "Relation Name": "store_sales", "Alias": "store_sales", "Startup Cost": 0.0, "Total Cost": 565449.69, "Plan Rows": 4800169, "Plan Width": 12, "Actual Rows": 4114427, "Actual Loops": 7, "Workers": []}, {"Node Type": "Hash", "Parent Relationship": "Inner", "Parallel Aware": true, "Async Capable": false, "Startup Cost": 1961.12, "Total Cost": 1961.12, "Plan Rows": 215, "Plan Width": 4, "Actual Rows": 52, "Actual Loops": 7, "Hash Buckets": 1024, "Original Hash Buckets": 1024, "Hash Batches": 1, "Original Hash Batches": 1, "Peak Memory Usage": 136, "Workers": [], "Plans": [{"Node Type": "Seq Scan", "Parent Relationship": "Outer", "Parallel Aware": true, "Async Capable": false, "Relation Name": "date_dim", "Alias": "date_dim", "Startup Cost": 0.0, "Total Cost": 1961.12, "Plan Rows": 215, "Plan Width": 4, "Actual Rows": 52, "Actual Loops": 7, "Filter": "(d_year = 2002)", "Rows Removed by Filter": 10383, "Workers": []}]}]}, {"Node Type": "Index Scan", "Parent Relationship": "Inner", "Parallel Aware": false, "Async Capable": false, "Scan Direction": "Forward", "Index Name": "item_pkey", "Relation Name": "item", "Alias": "item", "Startup Cost": 0.29, "Total Cost": 0.33, "Plan Rows": 1, "Plan Width": 4, "Actual Rows": 0, "Actual Loops": 5504626, "Index Cond": "(i_item_sk = store_sales.ss_item_sk)", "Rows Removed by Index Recheck": 0, "Filter": "(((i_category = ANY ('{Shoes,Men,Women}'::bpchar[])) AND (i_class = ANY ('{kids,sports-apparel,fragrances}'::bpchar[]))) OR ((i_category = ANY ('{Electronics,Music,Jewelry}'::bpchar[])) AND (i_class = ANY ('{\"disk drives\",pop,birdal}'::bpchar[]))))", "Rows Removed by Filter": 1, "Workers": []}]}, {"Node Type": "Hash", "Parent Relationship": "Inner", "Parallel Aware": false, "Async Capable": false, "Startup Cost": 6.02, "Total Cost": 6.02, "Plan Rows": 102, "Plan Width": 4, "Actual Rows": 102, "Actual Loops": 7, "Hash Buckets": 1024, "Original Hash Buckets": 1024, "Hash Batches": 1, "Original Hash Batches": 1, "Peak Memory Usage": 12, "Workers": [], "Plans": [{"Node Type": "Seq Scan", "Parent Relationship": "Outer", "Parallel Aware": false, "Async Capable": false, "Relation Name": "store", "Alias": "store", "Startup Cost": 0.0, "Total Cost": 6.02, "Plan Rows": 102, "Plan Width": 4, "Actual Rows": 102, "Actual Loops": 7, "Workers": []}]}]}]}]}]}, "Planning Time": 2.269, "Triggers": [], "Execution Time": 6070.5}, {"Plan": {"Node Type": "Aggregate", "Strategy": "Plain", "Partial Mode": "Finalize", "Parallel Aware": false, "Async Capable": false, "Startup Cost": 588846.55, "Total Cost": 588846.56, "Plan Rows": 1, "Plan Width": 8, "Actual Rows": 1, "Actual Loops": 1, "Plans": [{"Node Type": "Gather", "Parent Relationship": "Outer", "Parallel Aware": false, "Async Capable": false, "Startup Cost": 588845.93, "Total Cost": 588846.54, "Plan Rows": 6, "Plan Width": 8, "Actual Rows": 7, "Actual Loops": 1, "Workers Planned": 6, "Workers Launched": 6, "Single Copy": false, "Plans": [{"Node Type": "Aggregate", "Strategy": "Plain", "Partial Mode": "Partial", "Parent Relationship": "Outer", "Parallel Aware": false, "Async Capable": false, "Startup Cost": 587845.93, "Total Cost": 587845.94, "Plan Rows": 1, "Plan Width": 8, "Actual Rows": 1, "Actual Loops": 7, "Workers": [], "Plans": [{"Node Type": "Hash Join", "Parent Relationship": "Outer", "Parallel Aware": false, "Async Capable": false, "Join Type": "Inner", "Startup Cost": 1971.4, "Total Cost": 587843.8, "Plan Rows": 853, "Plan Width": 0, "Actual Rows": 85643, "Actual Loops": 7, "Inner Unique": true, "Hash Cond": "(store_sales.ss_store_sk = store.s_store_sk)", "Workers": [], "Plans": [{"Node Type": "Nested Loop", "Parent Relationship": "Outer", "Parallel Aware": false, "Async Capable": false, "Join Type": "Inner", "Startup Cost": 1964.11, "Total Cost": 587834.17, "Plan Rows": 853, "Plan Width": 4, "Actual Rows": 87706, "Actual Loops": 7, "Inner Unique": true, "Workers": [], "Plans": [{"Node Type": "Hash Join", "Parent Relationship": "Outer", "Parallel Aware": true, "Async Capable": false, "Join Type": "Inner", "Startup Cost": 1963.81, "Total Cost": 580014.65, "Plan Rows": 23985, "Plan Width": 8, "Actual Rows": 786375, "Actual Loops": 7, "Inner Unique": true, "Hash Cond": "(store_sales.ss_sold_date_sk = date_dim.d_date_sk)", "Workers": [], "Plans": [{"Node Type": "Seq Scan", "Parent Relationship": "Outer", "Parallel Aware": true, "Async Capable": false, "Relation Name": "store_sales", "Alias": "store_sales", "Startup Cost": 0.0, "Total Cost": 565449.69, "Plan Rows": 4800169, "Plan Width": 12, "Actual Rows": 4114427, "Actual Loops": 7, "Workers": []}, {"Node Type": "Hash", "Parent Relationship": "Inner", "Parallel Aware": true, "Async Capable": false, "Startup Cost": 1961.12, "Total Cost": 1961.12, "Plan Rows": 215, "Plan Width": 4, "Actual Rows": 52, "Actual Loops": 7, "Hash Buckets": 1024, "Original Hash Buckets": 1024, "Hash Batches": 1, "Original Hash Batches": 1, "Peak Memory Usage": 136, "Workers": [], "Plans": [{"Node Type": "Seq Scan", "Parent Relationship": "Outer", "Parallel Aware": true, "Async Capable": false, "Relation Name": "date_dim", "Alias": "date_dim", "Startup Cost": 0.0, "Total Cost": 1961.12, "Plan Rows": 215, "Plan Width": 4, "Actual Rows": 73, "Actual Loops": 5, "Filter": "(d_year = 2002)", "Rows Removed by Filter": 14537, "Workers": []}]}]}, {"Node Type": "Index Scan", "Parent Relationship": "Inner", "Parallel Aware": false, "Async Capable": false, "Scan Direction": "Forward", "Index Name": "item_pkey", "Relation Name": "item", "Alias": "item", "Startup Cost": 0.29, "Total Cost": 0.33, "Plan Rows": 1, "Plan Width": 4, "Actual Rows": 0, "Actual Loops": 5504626, "Index Cond": "(i_item_sk = store_sales.ss_item_sk)", "Rows Removed by Index Recheck": 0, "Filter": "(((i_category = ANY ('{Shoes,Men,Women}'::bpchar[])) AND (i_class = ANY ('{kids,sports-apparel,fragrances}'::bpchar[]))) OR ((i_category = ANY ('{Electronics,Music,Jewelry}'::bpchar[])) AND (i_class = ANY ('{\"disk drives\",pop,birdal}'::bpchar[]))))", "Rows Removed by Filter": 1, "Workers": []}]}, {"Node Type": "Hash", "Parent Relationship": "Inner", "Parallel Aware": false, "Async Capable": false, "Startup Cost": 6.02, "Total Cost": 6.02, "Plan Rows": 102, "Plan Width": 4, "Actual Rows": 102, "Actual Loops": 7, "Hash Buckets": 1024, "Original Hash Buckets": 1024, "Hash Batches": 1, "Original Hash Batches": 1, "Peak Memory Usage": 12, "Workers": [], "Plans": [{"Node Type": "Seq Scan", "Parent Relationship": "Outer", "Parallel Aware": false, "Async Capable": false, "Relation Name": "store", "Alias": "store", "Startup Cost": 0.0, "Total Cost": 6.02, "Plan Rows": 102, "Plan Width": 4, "Actual Rows": 102, "Actual Loops": 7, "Workers": []}]}]}]}]}]}, "Planning Time": 2.109, "Triggers": [], "Execution Time": 6068.021}, {"Plan": {"Node Type": "Aggregate", "Strategy": "Plain", "Partial Mode": "Finalize", "Parallel Aware": false, "Async Capable": false, "Startup Cost": 589510.39, "Total Cost": 589510.4, "Plan Rows": 1, "Plan Width": 8, "Actual Rows": 1, "Actual Loops": 1, "Plans": [{"Node Type": "Gather", "Parent Relationship": "Outer", "Parallel Aware": false, "Async Capable": false, "Startup Cost": 589510.17, "Total Cost": 589510.38, "Plan Rows": 2, "Plan Width": 8, "Actual Rows": 3, "Actual Loops": 1, "Workers Planned": 2, "Workers Launched": 2, "Single Copy": false, "Plans": [{"Node Type": "Aggregate", "Strategy": "Plain", "Partial Mode": "Partial", "Parent Relationship": "Outer", "Parallel Aware": false, "Async Capable": false, "Startup Cost": 588510.17, "Total Cost": 588510.18, "Plan Rows": 1, "Plan Width": 8, "Actual Rows": 1, "Actual Loops": 3, "Workers": [], "Plans": [{"Node Type": "Hash Join", "Parent Relationship": "Outer", "Parallel Aware": true, "Async Capable": false, "Join Type": "Inner", "Startup Cost": 580387.22, "Total Cost": 588504.84, "Plan Rows": 2133, "Plan Width": 0, "Actual Rows": 199833, "Actual Loops": 3, "Inner Unique": false, "Hash Cond": "(item.i_item_sk = store_sales.ss_item_sk)", "Workers": [], "Plans": [{"Node Type": "Seq Scan", "Parent Relationship": "Outer", "Parallel Aware": true, "Async Capable": false, "Relation Name": "item", "Alias": "item", "Startup Cost": 0.0, "Total Cost": 8106.5, "Plan Rows": 1512, "Plan Width": 4, "Actual Rows": 3844, "Actual Loops": 3, "Filter": "(((i_category = ANY ('{Shoes,Men,Women}'::bpchar[])) AND (i_class = ANY ('{kids,sports-apparel,fragrances}'::bpchar[]))) OR ((i_category = ANY ('{Electronics,Music,Jewelry}'::bpchar[])) AND (i_class = ANY ('{\"disk drives\",pop,birdal}'::bpchar[]))))", "Rows Removed by Filter": 30156, "Workers": []}, {"Node Type": "Hash", "Parent Relationship": "Inner", "Parallel Aware": true, "Async Capable": false, "Startup Cost": 580087.41, "Total Cost": 580087.41, "Plan Rows": 23985, "Plan Width": 4, "Actual Rows": 1791648, "Actual Loops": 3, "Hash Buckets": 8388608, "Original Hash Buckets": 262144, "Hash Batches": 1, "Original Hash Batches": 1, "Peak Memory Usage": 339360, "Workers": [], "Plans": [{"Node Type": "Hash Join", "Parent Relationship": "Outer", "Parallel Aware": false, "Async Capable": false, "Join Type": "Inner", "Startup Cost": 1971.11, "Total Cost": 580087.41, "Plan Rows": 23985, "Plan Width": 4, "Actual Rows": 1791648, "Actual Loops": 3, "Inner Unique": true, "Hash Cond": "(store_sales.ss_store_sk = store.s_store_sk)", "Workers": [], "Plans": [{"Node Type": "Hash Join", "Parent Relationship": "Outer", "Parallel Aware": true, "Async Capable": false, "Join Type": "Inner", "Startup Cost": 1963.81, "Total Cost": 580014.65, "Plan Rows": 23985, "Plan Width": 8, "Actual Rows": 1834875, "Actual Loops": 3, "Inner Unique": true, "Hash Cond": "(store_sales.ss_sold_date_sk = date_dim.d_date_sk)", "Workers": [], "Plans": [{"Node Type": "Seq Scan", "Parent Relationship": "Outer", "Parallel Aware": true, "Async Capable": false, "Relation Name": "store_sales", "Alias": "store_sales", "Startup Cost": 0.0, "Total Cost": 565449.69, "Plan Rows": 4800169, "Plan Width": 12, "Actual Rows": 9600330, "Actual Loops": 3, "Workers": []}, {"Node Type": "Hash", "Parent Relationship": "Inner", "Parallel Aware": true, "Async Capable": false, "Startup Cost": 1961.12, "Total Cost": 1961.12, "Plan Rows": 215, "Plan Width": 4, "Actual Rows": 122, "Actual Loops": 3, "Hash Buckets": 1024, "Original Hash Buckets": 1024, "Hash Batches": 1, "Original Hash Batches": 1, "Peak Memory Usage": 104, "Workers": [], "Plans": [{"Node Type": "Seq Scan", "Parent Relationship": "Outer", "Parallel Aware": true, "Async Capable": false, "Relation Name": "date_dim", "Alias": "date_dim", "Startup Cost": 0.0, "Total Cost": 1961.12, "Plan Rows": 215, "Plan Width": 4, "Actual Rows": 122, "Actual Loops": 3, "Filter": "(d_year = 2002)", "Rows Removed by Filter": 24228, "Workers": []}]}]}, {"Node Type": "Hash", "Parent Relationship": "Inner", "Parallel Aware": false, "Async Capable": false, "Startup Cost": 6.02, "Total Cost": 6.02, "Plan Rows": 102, "Plan Width": 4, "Actual Rows": 102, "Actual Loops": 3, "Hash Buckets": 1024, "Original Hash Buckets": 1024, "Hash Batches": 1, "Original Hash Batches": 1, "Peak Memory Usage": 12, "Workers": [], "Plans": [{"Node Type": "Seq Scan", "Parent Relationship": "Outer", "Parallel Aware": false, "Async Capable": false, "Relation Name": "store", "Alias": "store", "Startup Cost": 0.0, "Total Cost": 6.02, "Plan Rows": 102, "Plan Width": 4, "Actual Rows": 102, "Actual Loops": 3, "Workers": []}]}]}]}]}]}]}]}, "Planning Time": 1.475, "Triggers": [], "Execution Time": 7318.368}, {"Plan": {"Node Type": "Aggregate", "Strategy": "Plain", "Partial Mode": "Finalize", "Parallel Aware": false, "Async Capable": false, "Startup Cost": 588909.69, "Total Cost": 588909.7, "Plan Rows": 1, "Plan Width": 8, "Actual Rows": 1, "Actual Loops": 1, "Plans": [{"Node Type": "Gather", "Parent Relationship": "Outer", "Parallel Aware": false, "Async Capable": false, "Startup Cost": 588909.06, "Total Cost": 588909.67, "Plan Rows": 6, "Plan Width": 8, "Actual Rows": 7, "Actual Loops": 1, "Workers Planned": 6, "Workers Launched": 6, "Single Copy": false, "Plans": [{"Node Type": "Aggregate", "Strategy": "Plain", "Partial Mode": "Partial", "Parent Relationship": "Outer", "Parallel Aware": false, "Async Capable": false, "Startup Cost": 587909.06, "Total Cost": 587909.07, "Plan Rows": 1, "Plan Width": 8, "Actual Rows": 1, "Actual Loops": 7, "Workers": [], "Plans": [{"Node Type": "Nested Loop", "Parent Relationship": "Outer", "Parallel Aware": false, "Async Capable": false, "Join Type": "Inner", "Startup Cost": 1971.4, "Total Cost": 587906.93, "Plan Rows": 853, "Plan Width": 0, "Actual Rows": 85643, "Actual Loops": 7, "Inner Unique": true, "Workers": [], "Plans": [{"Node Type": "Hash Join", "Parent Relationship": "Outer", "Parallel Aware": false, "Async Capable": false, "Join Type": "Inner", "Startup Cost": 1971.11, "Total Cost": 580087.41, "Plan Rows": 23985, "Plan Width": 4, "Actual Rows": 767849, "Actual Loops": 7, "Inner Unique": true, "Hash Cond": "(store_sales.ss_store_sk = store.s_store_sk)", "Workers": [], "Plans": [{"Node Type": "Hash Join", "Parent Relationship": "Outer", "Parallel Aware": true, "Async Capable": false, "Join Type": "Inner", "Startup Cost": 1963.81, "Total Cost": 580014.65, "Plan Rows": 23985, "Plan Width": 8, "Actual Rows": 786375, "Actual Loops": 7, "Inner Unique": true, "Hash Cond": "(store_sales.ss_sold_date_sk = date_dim.d_date_sk)", "Workers": [], "Plans": [{"Node Type": "Seq Scan", "Parent Relationship": "Outer", "Parallel Aware": true, "Async Capable": false, "Relation Name": "store_sales", "Alias": "store_sales", "Startup Cost": 0.0, "Total Cost": 565449.69, "Plan Rows": 4800169, "Plan Width": 12, "Actual Rows": 4114427, "Actual Loops": 7, "Workers": []}, {"Node Type": "Hash", "Parent Relationship": "Inner", "Parallel Aware": true, "Async Capable": false, "Startup Cost": 1961.12, "Total Cost": 1961.12, "Plan Rows": 215, "Plan Width": 4, "Actual Rows": 52, "Actual Loops": 7, "Hash Buckets": 1024, "Original Hash Buckets": 1024, "Hash Batches": 1, "Original Hash Batches": 1, "Peak Memory Usage": 168, "Workers": [], "Plans": [{"Node Type": "Seq Scan", "Parent Relationship": "Outer", "Parallel Aware": true, "Async Capable": false, "Relation Name": "date_dim", "Alias": "date_dim", "Startup Cost": 0.0, "Total Cost": 1961.12, "Plan Rows": 215, "Plan Width": 4, "Actual Rows": 61, "Actual Loops": 6, "Filter": "(d_year = 2002)", "Rows Removed by Filter": 12114, "Workers": []}]}]}, {"Node Type": "Hash", "Parent Relationship": "Inner", "Parallel Aware": false, "Async Capable": false, "Startup Cost": 6.02, "Total Cost": 6.02, "Plan Rows": 102, "Plan Width": 4, "Actual Rows": 102, "Actual Loops": 7, "Hash Buckets": 1024, "Original Hash Buckets": 1024, "Hash Batches": 1, "Original Hash Batches": 1, "Peak Memory Usage": 12, "Workers": [], "Plans": [{"Node Type": "Seq Scan", "Parent Relationship": "Outer", "Parallel Aware": false, "Async Capable": false, "Relation Name": "store", "Alias": "store", "Startup Cost": 0.0, "Total Cost": 6.02, "Plan Rows": 102, "Plan Width": 4, "Actual Rows": 102, "Actual Loops": 7, "Workers": []}]}]}, {"Node Type": "Index Scan", "Parent Relationship": "Inner", "Parallel Aware": false, "Async Capable": false, "Scan Direction": "Forward", "Index Name": "item_pkey", "Relation Name": "item", "Alias": "item", "Startup Cost": 0.29, "Total Cost": 0.33, "Plan Rows": 1, "Plan Width": 4, "Actual Rows": 0, "Actual Loops": 5374944, "Index Cond": "(i_item_sk = store_sales.ss_item_sk)", "Rows Removed by Index Recheck": 0, "Filter": "(((i_category = ANY ('{Shoes,Men,Women}'::bpchar[])) AND (i_class = ANY ('{kids,sports-apparel,fragrances}'::bpchar[]))) OR ((i_category = ANY ('{Electronics,Music,Jewelry}'::bpchar[])) AND (i_class = ANY ('{\"disk drives\",pop,birdal}'::bpchar[]))))", "Rows Removed by Filter": 1, "Workers": []}]}]}]}]}, "Planning Time": 2.353, "Triggers": [], "Execution Time": 6042.099}, {"Plan": {"Node Type": "Aggregate", "Strategy": "Plain", "Partial Mode": "Finalize", "Parallel Aware": false, "Async Capable": false, "Startup Cost": 590064.09, "Total Cost": 590064.1, "Plan Rows": 1, "Plan Width": 8, "Actual Rows": 1, "Actual Loops": 1, "Plans": [{"Node Type": "Gather", "Parent Relationship": "Outer", "Parallel Aware": false, "Async Capable": false, "Startup Cost": 590063.46, "Total Cost": 590064.07, "Plan Rows": 6, "Plan Width": 8, "Actual Rows": 7, "Actual Loops": 1, "Workers Planned": 6, "Workers Launched": 6, "Single Copy": false, "Plans": [{"Node Type": "Aggregate", "Strategy": "Plain", "Partial Mode": "Partial", "Parent Relationship": "Outer", "Parallel Aware": false, "Async Capable": false, "Startup Cost": 589063.46, "Total Cost": 589063.47, "Plan Rows": 1, "Plan Width": 8, "Actual Rows": 1, "Actual Loops": 7, "Workers": [], "Plans": [{"Node Type": "Hash Join", "Parent Relationship": "Outer", "Parallel Aware": true, "Async Capable": false, "Join Type": "Inner", "Startup Cost": 10096.51, "Total Cost": 589061.33, "Plan Rows": 853, "Plan Width": 0, "Actual Rows": 85643, "Actual Loops": 7, "Inner Unique": true, "Hash Cond": "(store_sales.ss_sold_date_sk = date_dim.d_date_sk)", "Workers": [], "Plans": [{"Node Type": "Hash Join", "Parent Relationship": "Outer", "Parallel Aware": false, "Async Capable": false, "Join Type": "Inner", "Startup Cost": 8132.69, "Total Cost": 586649.31, "Plan Rows": 170736, "Plan Width": 4, "Actual Rows": 445494, "Actual Loops": 7, "Inner Unique": true, "Hash Cond": "(store_sales.ss_store_sk = store.s_store_sk)", "Workers": [], "Plans": [{"Node Type": "Hash Join", "Parent Relationship": "Outer", "Parallel Aware": true, "Async Capable": false, "Join Type": "Inner", "Startup Cost": 8125.4, "Total Cost": 586176.06, "Plan Rows": 170736, "Plan Width": 8, "Actual Rows": 466538, "Actual Loops": 7, "Inner Unique": true, "Hash Cond": "(store_sales.ss_item_sk = item.i_item_sk)", "Workers": [], "Plans": [{"Node Type": "Seq Scan", "Parent Relationship": "Outer", "Parallel Aware": true, "Async Capable": false, "Relation Name": "store_sales", "Alias": "store_sales", "Startup Cost": 0.0, "Total Cost": 565449.69, "Plan Rows": 4800169, "Plan Width": 12, "Actual Rows": 4114427, "Actual Loops": 7, "Workers": []}, {"Node Type": "Hash", "Parent Relationship": "Inner", "Parallel Aware": true, "Async Capable": false, "Startup Cost": 8106.5, "Total Cost": 8106.5, "Plan Rows": 1512, "Plan Width": 4, "Actual Rows": 1647, "Actual Loops": 7, "Hash Buckets": 16384, "Original Hash Buckets": 4096, "Hash Batches": 1, "Original Hash Batches": 1, "Peak Memory Usage": 832, "Workers": [], "Plans": [{"Node Type": "Seq Scan", "Parent Relationship": "Outer", "Parallel Aware": true, "Async Capable": false, "Relation Name": "item", "Alias": "item", "Startup Cost": 0.0, "Total Cost": 8106.5, "Plan Rows": 1512, "Plan Width": 4, "Actual Rows": 1647, "Actual Loops": 7, "Filter": "(((i_category = ANY ('{Shoes,Men,Women}'::bpchar[])) AND (i_class = ANY ('{kids,sports-apparel,fragrances}'::bpchar[]))) OR ((i_category = ANY ('{Electronics,Music,Jewelry}'::bpchar[])) AND (i_class = ANY ('{\"disk drives\",pop,birdal}'::bpchar[]))))", "Rows Removed by Filter": 12924, "Workers": []}]}]}, {"Node Type": "Hash", "Parent Relationship": "Inner", "Parallel Aware": false, "Async Capable": false, "Startup Cost": 6.02, "Total Cost": 6.02, "Plan Rows": 102, "Plan Width": 4, "Actual Rows": 102, "Actual Loops": 7, "Hash Buckets": 1024, "Original Hash Buckets": 1024, "Hash Batches": 1, "Original Hash Batches": 1, "Peak Memory Usage": 12, "Workers": [], "Plans": [{"Node Type": "Seq Scan", "Parent Relationship": "Outer", "Parallel Aware": false, "Async Capable": false, "Relation Name": "store", "Alias": "store", "Startup Cost": 0.0, "Total Cost": 6.02, "Plan Rows": 102, "Plan Width": 4, "Actual Rows": 102, "Actual Loops": 7, "Workers": []}]}]}, {"Node Type": "Hash", "Parent Relationship": "Inner", "Parallel Aware": true, "Async Capable": false, "Startup Cost": 1961.12, "Total Cost": 1961.12, "Plan Rows": 215, "Plan Width": 4, "Actual Rows": 52, "Actual Loops": 7, "Hash Buckets": 1024, "Original Hash Buckets": 1024, "Hash Batches": 1, "Original Hash Batches": 1, "Peak Memory Usage": 232, "Workers": [], "Plans": [{"Node Type": "Seq Scan", "Parent Relationship": "Outer", "Parallel Aware": true, "Async Capable": false, "Relation Name": "date_dim", "Alias": "date_dim", "Startup Cost": 0.0, "Total Cost": 1961.12, "Plan Rows": 215, "Plan Width": 4, "Actual Rows": 52, "Actual Loops": 7, "Filter": "(d_year = 2002)", "Rows Removed by Filter": 10383, "Workers": []}]}]}]}]}]}, "Planning Time": 2.125, "Triggers": [], "Execution Time": 1389.821}, {"Plan": {"Node Type": "Aggregate", "Strategy": "Plain", "Partial Mode": "Finalize", "Parallel Aware": false, "Async Capable": false, "Startup Cost": 591828.29, "Total Cost": 591828.3, "Plan Rows": 1, "Plan Width": 8, "Actual Rows": 1, "Actual Loops": 1, "Plans": [{"Node Type": "Gather", "Parent Relationship": "Outer", "Parallel Aware": false, "Async Capable": false, "Startup Cost": 591828.18, "Total Cost": 591828.29, "Plan Rows": 1, "Plan Width": 8, "Actual Rows": 2, "Actual Loops": 1, "Workers Planned": 1, "Workers Launched": 1, "Single Copy": false, "Plans": [{"Node Type": "Aggregate", "Strategy": "Plain", "Partial Mode": "Partial", "Parent Relationship": "Outer", "Parallel Aware": false, "Async Capable": false, "Startup Cost": 590828.18, "Total Cost": 590828.19, "Plan Rows": 1, "Plan Width": 8, "Actual Rows": 1, "Actual Loops": 2, "Workers": [], "Plans": [{"Node Type": "Hash Join", "Parent Relationship": "Outer", "Parallel Aware": true, "Async Capable": false, "Join Type": "Inner", "Startup Cost": 588783.51, "Total Cost": 590820.65, "Plan Rows": 3011, "Plan Width": 0, "Actual Rows": 299750, "Actual Loops": 2, "Inner Unique": false, "Hash Cond": "(date_dim.d_date_sk = store_sales.ss_sold_date_sk)", "Workers": [], "Plans": [{"Node Type": "Seq Scan", "Parent Relationship": "Outer", "Parallel Aware": true, "Async Capable": false, "Relation Name": "date_dim", "Alias": "date_dim", "Startup Cost": 0.0, "Total Cost": 1961.12, "Plan Rows": 215, "Plan Width": 4, "Actual Rows": 182, "Actual Loops": 2, "Filter": "(d_year = 2002)", "Rows Removed by Filter": 36342, "Workers": []}, {"Node Type": "Hash", "Parent Relationship": "Inner", "Parallel Aware": true, "Async Capable": false, "Startup Cost": 586649.31, "Total Cost": 586649.31, "Plan Rows": 170736, "Plan Width": 4, "Actual Rows": 1559230, "Actual Loops": 2, "Hash Buckets": 4194304, "Original Hash Buckets": 1048576, "Hash Batches": 1, "Original Hash Batches": 1, "Peak Memory Usage": 176512, "Workers": [], "Plans": [{"Node Type": "Hash Join", "Parent Relationship": "Outer", "Parallel Aware": false, "Async Capable": false, "Join Type": "Inner", "Startup Cost": 8132.69, "Total Cost": 586649.31, "Plan Rows": 170736, "Plan Width": 4, "Actual Rows": 1559230, "Actual Loops": 2, "Inner Unique": true, "Hash Cond": "(store_sales.ss_store_sk = store.s_store_sk)", "Workers": [], "Plans": [{"Node Type": "Hash Join", "Parent Relationship": "Outer", "Parallel Aware": true, "Async Capable": false, "Join Type": "Inner", "Startup Cost": 8125.4, "Total Cost": 586176.06, "Plan Rows": 170736, "Plan Width": 8, "Actual Rows": 1632884, "Actual Loops": 2, "Inner Unique": true, "Hash Cond": "(store_sales.ss_item_sk = item.i_item_sk)", "Workers": [], "Plans": [{"Node Type": "Seq Scan", "Parent Relationship": "Outer", "Parallel Aware": true, "Async Capable": false, "Relation Name": "store_sales", "Alias": "store_sales", "Startup Cost": 0.0, "Total Cost": 565449.69, "Plan Rows": 4800169, "Plan Width": 12, "Actual Rows": 14400496, "Actual Loops": 2, "Workers": []}, {"Node Type": "Hash", "Parent Relationship": "Inner", "Parallel Aware": true, "Async Capable": false, "Startup Cost": 8106.5, "Total Cost": 8106.5, "Plan Rows": 1512, "Plan Width": 4, "Actual Rows": 5766, "Actual Loops": 2, "Hash Buckets": 16384, "Original Hash Buckets": 4096, "Hash Batches": 1, "Original Hash Batches": 1, "Peak Memory Usage": 704, "Workers": [], "Plans": [{"Node Type": "Seq Scan", "Parent Relationship": "Outer", "Parallel Aware": true, "Async Capable": false, "Relation Name": "item", "Alias": "item", "Startup Cost": 0.0, "Total Cost": 8106.5, "Plan Rows": 1512, "Plan Width": 4, "Actual Rows": 5766, "Actual Loops": 2, "Filter": "(((i_category = ANY ('{Shoes,Men,Women}'::bpchar[])) AND (i_class = ANY ('{kids,sports-apparel,fragrances}'::bpchar[]))) OR ((i_category = ANY ('{Electronics,Music,Jewelry}'::bpchar[])) AND (i_class = ANY ('{\"disk drives\",pop,birdal}'::bpchar[]))))", "Rows Removed by Filter": 45234, "Workers": []}]}]}, {"Node Type": "Hash", "Parent Relationship": "Inner", "Parallel Aware": false, "Async Capable": false, "Startup Cost": 6.02, "Total Cost": 6.02, "Plan Rows": 102, "Plan Width": 4, "Actual Rows": 102, "Actual Loops": 2, "Hash Buckets": 1024, "Original Hash Buckets": 1024, "Hash Batches": 1, "Original Hash Batches": 1, "Peak Memory Usage": 12, "Workers": [], "Plans": [{"Node Type": "Seq Scan", "Parent Relationship": "Outer", "Parallel Aware": false, "Async Capable": false, "Relation Name": "store", "Alias": "store", "Startup Cost": 0.0, "Total Cost": 6.02, "Plan Rows": 102, "Plan Width": 4, "Actual Rows": 102, "Actual Loops": 2, "Workers": []}]}]}]}]}]}]}]}, "Planning Time": 2.397, "Triggers": [], "Execution Time": 10376.863}, {"Plan": {"Node Type": "Aggregate", "Strategy": "Plain", "Partial Mode": "Simple", "Parallel Aware": false, "Async Capable": false, "Startup Cost": 589491.52, "Total Cost": 589491.53, "Plan Rows": 1, "Plan Width": 8, "Actual Rows": 1, "Actual Loops": 1, "Plans": [{"Node Type": "Hash Join", "Parent Relationship": "Outer", "Parallel Aware": false, "Async Capable": false, "Join Type": "Inner", "Startup Cost": 589410.06, "Total Cost": 589478.72, "Plan Rows": 5119, "Plan Width": 0, "Actual Rows": 599500, "Actual Loops": 1, "Inner Unique": false, "Hash Cond": "(store.s_store_sk = store_sales.ss_store_sk)", "Plans": [{"Node Type": "Seq Scan", "Parent Relationship": "Outer", "Parallel Aware": false, "Async Capable": false, "Relation Name": "store", "Alias": "store", "Startup Cost": 0.0, "Total Cost": 6.02, "Plan Rows": 102, "Plan Width": 4, "Actual Rows": 102, "Actual Loops": 1}, {"Node Type": "Hash", "Parent Relationship": "Inner", "Parallel Aware": false, "Async Capable": false, "Startup Cost": 589346.07, "Total Cost": 589346.07, "Plan Rows": 5119, "Plan Width": 4, "Actual Rows": 599500, "Actual Loops": 1, "Hash Buckets": 1048576, "Original Hash Buckets": 8192, "Hash Batches": 1, "Original Hash Batches": 1, "Peak Memory Usage": 29269, "Plans": [{"Node Type": "Gather", "Parent Relationship": "Outer", "Parallel Aware": false, "Async Capable": false, "Startup Cost": 2964.11, "Total Cost": 589346.07, "Plan Rows": 5119, "Plan Width": 4, "Actual Rows": 613945, "Actual Loops": 1, "Workers Planned": 6, "Workers Launched": 6, "Single Copy": false, "Plans": [{"Node Type": "Nested Loop", "Parent Relationship": "Outer", "Parallel Aware": false, "Async Capable": false, "Join Type": "Inner", "Startup Cost": 1964.11, "Total Cost": 587834.17, "Plan Rows": 853, "Plan Width": 4, "Actual Rows": 87706, "Actual Loops": 7, "Inner Unique": true, "Workers": [], "Plans": [{"Node Type": "Hash Join", "Parent Relationship": "Outer", "Parallel Aware": true, "Async Capable": false, "Join Type": "Inner", "Startup Cost": 1963.81, "Total Cost": 580014.65, "Plan Rows": 23985, "Plan Width": 8, "Actual Rows": 786375, "Actual Loops": 7, "Inner Unique": true, "Hash Cond": "(store_sales.ss_sold_date_sk = date_dim.d_date_sk)", "Workers": [], "Plans": [{"Node Type": "Seq Scan", "Parent Relationship": "Outer", "Parallel Aware": true, "Async Capable": false, "Relation Name": "store_sales", "Alias": "store_sales", "Startup Cost": 0.0, "Total Cost": 565449.69, "Plan Rows": 4800169, "Plan Width": 12, "Actual Rows": 4114427, "Actual Loops": 7, "Workers": []}, {"Node Type": "Hash", "Parent Relationship": "Inner", "Parallel Aware": true, "Async Capable": false, "Startup Cost": 1961.12, "Total Cost": 1961.12, "Plan Rows": 215, "Plan Width": 4, "Actual Rows": 52, "Actual Loops": 7, "Hash Buckets": 1024, "Original Hash Buckets": 1024, "Hash Batches": 1, "Original Hash Batches": 1, "Peak Memory Usage": 40, "Workers": [], "Plans": [{"Node Type": "Seq Scan", "Parent Relationship": "Outer", "Parallel Aware": true, "Async Capable": false, "Relation Name": "date_dim", "Alias": "date_dim", "Startup Cost": 0.0, "Total Cost": 1961.12, "Plan Rows": 215, "Plan Width": 4, "Actual Rows": 61, "Actual Loops": 6, "Filter": "(d_year = 2002)", "Rows Removed by Filter": 12114, "Workers": []}]}]}, {"Node Type": "Index Scan", "Parent Relationship": "Inner", "Parallel Aware": false, "Async Capable": false, "Scan Direction": "Forward", "Index Name": "item_pkey", "Relation Name": "item", "Alias": "item", "Startup Cost": 0.29, "Total Cost": 0.33, "Plan Rows": 1, "Plan Width": 4, "Actual Rows": 0, "Actual Loops": 5504626, "Index Cond": "(i_item_sk = store_sales.ss_item_sk)", "Rows Removed by Index Recheck": 0, "Filter": "(((i_category = ANY ('{Shoes,Men,Women}'::bpchar[])) AND (i_class = ANY ('{kids,sports-apparel,fragrances}'::bpchar[]))) OR ((i_category = ANY ('{Electronics,Music,Jewelry}'::bpchar[])) AND (i_class = ANY ('{\"disk drives\",pop,birdal}'::bpchar[]))))", "Rows Removed by Filter": 1, "Workers": []}]}]}]}]}]}, "Planning Time": 1.577, "Triggers": [], "Execution Time": 6364.275}]