[{"Plan": {"Node Type": "Aggregate", "Strategy": "Plain", "Partial Mode": "Finalize", "Parallel Aware": false, "Async Capable": false, "Startup Cost": 82288.16, "Total Cost": 82288.17, "Plan Rows": 1, "Plan Width": 8, "Actual Rows": 1, "Actual Loops": 1, "Plans": [{"Node Type": "Gather", "Parent Relationship": "Outer", "Parallel Aware": false, "Async Capable": false, "Startup Cost": 82287.74, "Total Cost": 82288.15, "Plan Rows": 4, "Plan Width": 8, "Actual Rows": 5, "Actual Loops": 1, "Workers Planned": 4, "Workers Launched": 4, "Single Copy": false, "Plans": [{"Node Type": "Aggregate", "Strategy": "Plain", "Partial Mode": "Partial", "Parent Relationship": "Outer", "Parallel Aware": false, "Async Capable": false, "Startup Cost": 81287.74, "Total Cost": 81287.75, "Plan Rows": 1, "Plan Width": 8, "Actual Rows": 1, "Actual Loops": 5, "Workers": [], "Plans": [{"Node Type": "Hash Join", "Parent Relationship": "Outer", "Parallel Aware": true, "Async Capable": false, "Join Type": "Inner", "Startup Cost": 23449.26, "Total Cost": 81286.76, "Plan Rows": 390, "Plan Width": 0, "Actual Rows": 231, "Actual Loops": 5, "Inner Unique": false, "Hash Cond": "(store_returns.sr_cdemo_sk = customer_demographics.cd_demo_sk)", "Workers": [], "Plans": [{"Node Type": "Seq Scan", "Parent Relationship": "Outer", "Parallel Aware": true, "Async Capable": false, "Relation Name": "store_returns", "Alias": "store_returns", "Startup Cost": 0.0, "Total Cost": 55140.58, "Plan Rows": 718858, "Plan Width": 4, "Actual Rows": 575086, "Actual Loops": 5, "Workers": []}, {"Node Type": "Hash", "Parent Relationship": "Inner", "Parallel Aware": true, "Async Capable": false, "Startup Cost": 23445.06, "Total Cost": 23445.06, "Plan Rows": 336, "Plan Width": 8, "Actual Rows": 159, "Actual Loops": 5, "Hash Buckets": 2048, "Original Hash Buckets": 2048, "Hash Batches": 1, "Original Hash Batches": 1, "Peak Memory Usage": 176, "Workers": [], "Plans": [{"Node Type": "Nested Loop", "Parent Relationship": "Outer", "Parallel Aware": false, "Async Capable": false, "Join Type": "Inner", "Startup Cost": 6973.14, "Total Cost": 23445.06, "Plan Rows": 336, "Plan Width": 8, "Actual Rows": 159, "Actual Loops": 5, "Inner Unique": true, "Workers": [], "Plans": [{"Node Type": "Hash Join", "Parent Relationship": "Outer", "Parallel Aware": false, "Async Capable": false, "Join Type": "Inner", "Startup Cost": 6972.71, "Total Cost": 23281.3, "Plan Rows": 336, "Plan Width": 4, "Actual Rows": 162, "Actual Loops": 5, "Inner Unique": false, "Hash Cond": "(customer.c_current_hdemo_sk = household_demographics.hd_demo_sk)", "Workers": [], "Plans": [{"Node Type": "Hash Join", "Parent Relationship": "Outer", "Parallel Aware": true, "Async Capable": false, "Join Type": "Inner", "Startup Cost": 6800.95, "Total Cost": 23101.25, "Plan Rows": 1345, "Plan Width": 8, "Actual Rows": 847, "Actual Loops": 5, "Inner Unique": true, "Hash Cond": "(customer.c_current_addr_sk = customer_address.ca_address_sk)", "Workers": [], "Plans": [{"Node Type": "Seq Scan", "Parent Relationship": "Outer", "Parallel Aware": true, "Async Capable": false, "Relation Name": "customer", "Alias": "customer", "Startup Cost": 0.0, "Total Cost": 15876.9, "Plan Rows": 161290, "Plan Width": 12, "Actual Rows": 100000, "Actual Loops": 5, "Workers": []}, {"Node Type": "Hash", "Parent Relationship": "Inner", "Parallel Aware": true, "Async Capable": false, "Startup Cost": 6790.08, "Total Cost": 6790.08, "Plan Rows": 869, "Plan Width": 4, "Actual Rows": 417, "Actual Loops": 5, "Hash Buckets": 4096, "Original Hash Buckets": 4096, "Hash Batches": 1, "Original Hash Batches": 1, "Peak Memory Usage": 192, "Workers": [], "Plans": [{"Node Type": "Seq Scan", "Parent Relationship": "Outer", "Parallel Aware": true, "Async Capable": false, "Relation Name": "customer_address", "Alias": "customer_address", "Startup Cost": 0.0, "Total Cost": 6790.08, "Plan Rows": 869, "Plan Width": 4, "Actual Rows": 417, "Actual Loops": 5, "Filter": "((ca_city)::text = 'Buena Vista'::text)", "Rows Removed by Filter": 49583, "Workers": []}]}]}, {"Node Type": "Hash", "Parent Relationship": "Inner", "Parallel Aware": false, "Async Capable": false, "Startup Cost": 149.27, "Total Cost": 149.27, "Plan Rows": 1800, "Plan Width": 4, "Actual Rows": 1440, "Actual Loops": 5, "Hash Buckets": 2048, "Original Hash Buckets": 2048, "Hash Batches": 1, "Original Hash Batches": 1, "Peak Memory Usage": 67, "Workers": [], "Plans": [{"Node Type": "Hash Join", "Parent Relationship": "Outer", "Parallel Aware": false, "Async Capable": false, "Join Type": "Inner", "Startup Cost": 1.36, "Total Cost": 149.27, "Plan Rows": 1800, "Plan Width": 4, "Actual Rows": 1440, "Actual Loops": 5, "Inner Unique": true, "Hash Cond": "(household_demographics.hd_income_band_sk = income_band.ib_income_band_sk)", "Workers": [], "Plans": [{"Node Type": "Seq Scan", "Parent Relationship": "Outer", "Parallel Aware": false, "Async Capable": false, "Relation Name": "household_demographics", "Alias": "household_demographics", "Startup Cost": 0.0, "Total Cost": 125.0, "Plan Rows": 7200, "Plan Width": 8, "Actual Rows": 7200, "Actual Loops": 5, "Workers": []}, {"Node Type": "Hash", "Parent Relationship": "Inner", "Parallel Aware": false, "Async Capable": false, "Startup Cost": 1.3, "Total Cost": 1.3, "Plan Rows": 5, "Plan Width": 4, "Actual Rows": 4, "Actual Loops": 5, "Hash Buckets": 1024, "Original Hash Buckets": 1024, "Hash Batches": 1, "Original Hash Batches": 1, "Peak Memory Usage": 9, "Workers": [], "Plans": [{"Node Type": "Seq Scan", "Parent Relationship": "Outer", "Parallel Aware": false, "Async Capable": false, "Relation Name": "income_band", "Alias": "income_band", "Startup Cost": 0.0, "Total Cost": 1.3, "Plan Rows": 5, "Plan Width": 4, "Actual Rows": 4, "Actual Loops": 5, "Filter": "((ib_lower_bound >= 5517) AND (ib_upper_bound <= 55517))", "Rows Removed by Filter": 16, "Workers": []}]}]}]}]}, {"Node Type": "Index Only Scan", "Parent Relationship": "Inner", "Parallel Aware": false, "Async Capable": false, "Scan Direction": "Forward", "Index Name": "customer_demographics_pkey", "Relation Name": "customer_demographics", "Alias": "customer_demographics", "Startup Cost": 0.43, "Total Cost": 0.49, "Plan Rows": 1, "Plan Width": 4, "Actual Rows": 1, "Actual Loops": 809, "Index Cond": "(cd_demo_sk = customer.c_current_cdemo_sk)", "Rows Removed by Index Recheck": 0, "Heap Fetches": 0, "Workers": []}]}]}]}]}]}]}, "Planning Time": 2.556, "Triggers": [], "Execution Time": 196.301}, {"Plan": {"Node Type": "Aggregate", "Strategy": "Plain", "Partial Mode": "Finalize", "Parallel Aware": false, "Async Capable": false, "Startup Cost": 119808.69, "Total Cost": 119808.7, "Plan Rows": 1, "Plan Width": 8, "Actual Rows": 1, "Actual Loops": 1, "Plans": [{"Node Type": "Gather", "Parent Relationship": "Outer", "Parallel Aware": false, "Async Capable": false, "Startup Cost": 119808.27, "Total Cost": 119808.68, "Plan Rows": 4, "Plan Width": 8, "Actual Rows": 5, "Actual Loops": 1, "Workers Planned": 4, "Workers Launched": 4, "Single Copy": false, "Plans": [{"Node Type": "Aggregate", "Strategy": "Plain", "Partial Mode": "Partial", "Parent Relationship": "Outer", "Parallel Aware": false, "Async Capable": false, "Startup Cost": 118808.27, "Total Cost": 118808.28, "Plan Rows": 1, "Plan Width": 8, "Actual Rows": 1, "Actual Loops": 5, "Workers": [], "Plans": [{"Node Type": "Hash Join", "Parent Relationship": "Outer", "Parallel Aware": true, "Async Capable": false, "Join Type": "Inner", "Startup Cost": 59082.79, "Total Cost": 118807.3, "Plan Rows": 390, "Plan Width": 0, "Actual Rows": 231, "Actual Loops": 5, "Inner Unique": false, "Hash Cond": "(customer_demographics.cd_demo_sk = customer.c_current_cdemo_sk)", "Workers": [], "Plans": [{"Node Type": "Hash Join", "Parent Relationship": "Outer", "Parallel Aware": true, "Async Capable": false, "Join Type": "Inner", "Startup Cost": 35797.29, "Total Cost": 92824.87, "Plan Rows": 718858, "Plan Width": 8, "Actual Rows": 555048, "Actual Loops": 5, "Inner Unique": true, "Hash Cond": "(store_returns.sr_cdemo_sk = customer_demographics.cd_demo_sk)", "Workers": [], "Plans": [{"Node Type": "Seq Scan", "Parent Relationship": "Outer", "Parallel Aware": true, "Async Capable": false, "Relation Name": "store_returns", "Alias": "store_returns", "Startup Cost": 0.0, "Total Cost": 55140.58, "Plan Rows": 718858, "Plan Width": 4, "Actual Rows": 575086, "Actual Loops": 5, "Workers": []}, {"Node Type": "Hash", "Parent Relationship": "Inner", "Parallel Aware": true, "Async Capable": false, "Startup Cost": 28052.13, "Total Cost": 28052.13, "Plan Rows": 619613, "Plan Width": 4, "Actual Rows": 384160, "Actual Loops": 5, "Hash Buckets": 2097152, "Original Hash Buckets": 2097152, "Hash Batches": 1, "Original Hash Batches": 1, "Peak Memory Usage": 91584, "Workers": [], "Plans": [{"Node Type": "Seq Scan", "Parent Relationship": "Outer", "Parallel Aware": true, "Async Capable": false, "Relation Name": "customer_demographics", "Alias": "customer_demographics", "Startup Cost": 0.0, "Total Cost": 28052.13, "Plan Rows": 619613, "Plan Width": 4, "Actual Rows": 384160, "Actual Loops": 5, "Workers": []}]}]}, {"Node Type": "Hash", "Parent Relationship": "Inner", "Parallel Aware": true, "Async Capable": false, "Startup Cost": 23281.3, "Total Cost": 23281.3, "Plan Rows": 336, "Plan Width": 4, "Actual Rows": 162, "Actual Loops": 5, "Hash Buckets": 2048, "Original Hash Buckets": 2048, "Hash Batches": 1, "Original Hash Batches": 1, "Peak Memory Usage": 176, "Workers": [], "Plans": [{"Node Type": "Hash Join", "Parent Relationship": "Outer", "Parallel Aware": false, "Async Capable": false, "Join Type": "Inner", "Startup Cost": 6972.71, "Total Cost": 23281.3, "Plan Rows": 336, "Plan Width": 4, "Actual Rows": 162, "Actual Loops": 5, "Inner Unique": false, "Hash Cond": "(customer.c_current_hdemo_sk = household_demographics.hd_demo_sk)", "Workers": [], "Plans": [{"Node Type": "Hash Join", "Parent Relationship": "Outer", "Parallel Aware": true, "Async Capable": false, "Join Type": "Inner", "Startup Cost": 6800.95, "Total Cost": 23101.25, "Plan Rows": 1345, "Plan Width": 8, "Actual Rows": 847, "Actual Loops": 5, "Inner Unique": true, "Hash Cond": "(customer.c_current_addr_sk = customer_address.ca_address_sk)", "Workers": [], "Plans": [{"Node Type": "Seq Scan", "Parent Relationship": "Outer", "Parallel Aware": true, "Async Capable": false, "Relation Name": "customer", "Alias": "customer", "Startup Cost": 0.0, "Total Cost": 15876.9, "Plan Rows": 161290, "Plan Width": 12, "Actual Rows": 100000, "Actual Loops": 5, "Workers": []}, {"Node Type": "Hash", "Parent Relationship": "Inner", "Parallel Aware": true, "Async Capable": false, "Startup Cost": 6790.08, "Total Cost": 6790.08, "Plan Rows": 869, "Plan Width": 4, "Actual Rows": 417, "Actual Loops": 5, "Hash Buckets": 4096, "Original Hash Buckets": 4096, "Hash Batches": 1, "Original Hash Batches": 1, "Peak Memory Usage": 192, "Workers": [], "Plans": [{"Node Type": "Seq Scan", "Parent Relationship": "Outer", "Parallel Aware": true, "Async Capable": false, "Relation Name": "customer_address", "Alias": "customer_address", "Startup Cost": 0.0, "Total Cost": 6790.08, "Plan Rows": 869, "Plan Width": 4, "Actual Rows": 417, "Actual Loops": 5, "Filter": "((ca_city)::text = 'Buena Vista'::text)", "Rows Removed by Filter": 49583, "Workers": []}]}]}, {"Node Type": "Hash", "Parent Relationship": "Inner", "Parallel Aware": false, "Async Capable": false, "Startup Cost": 149.27, "Total Cost": 149.27, "Plan Rows": 1800, "Plan Width": 4, "Actual Rows": 1440, "Actual Loops": 5, "Hash Buckets": 2048, "Original Hash Buckets": 2048, "Hash Batches": 1, "Original Hash Batches": 1, "Peak Memory Usage": 67, "Workers": [], "Plans": [{"Node Type": "Hash Join", "Parent Relationship": "Outer", "Parallel Aware": false, "Async Capable": false, "Join Type": "Inner", "Startup Cost": 1.36, "Total Cost": 149.27, "Plan Rows": 1800, "Plan Width": 4, "Actual Rows": 1440, "Actual Loops": 5, "Inner Unique": true, "Hash Cond": "(household_demographics.hd_income_band_sk = income_band.ib_income_band_sk)", "Workers": [], "Plans": [{"Node Type": "Seq Scan", "Parent Relationship": "Outer", "Parallel Aware": false, "Async Capable": false, "Relation Name": "household_demographics", "Alias": "household_demographics", "Startup Cost": 0.0, "Total Cost": 125.0, "Plan Rows": 7200, "Plan Width": 8, "Actual Rows": 7200, "Actual Loops": 5, "Workers": []}, {"Node Type": "Hash", "Parent Relationship": "Inner", "Parallel Aware": false, "Async Capable": false, "Startup Cost": 1.3, "Total Cost": 1.3, "Plan Rows": 5, "Plan Width": 4, "Actual Rows": 4, "Actual Loops": 5, "Hash Buckets": 1024, "Original Hash Buckets": 1024, "Hash Batches": 1, "Original Hash Batches": 1, "Peak Memory Usage": 9, "Workers": [], "Plans": [{"Node Type": "Seq Scan", "Parent Relationship": "Outer", "Parallel Aware": false, "Async Capable": false, "Relation Name": "income_band", "Alias": "income_band", "Startup Cost": 0.0, "Total Cost": 1.3, "Plan Rows": 5, "Plan Width": 4, "Actual Rows": 4, "Actual Loops": 5, "Filter": "((ib_lower_bound >= 5517) AND (ib_upper_bound <= 55517))", "Rows Removed by Filter": 16, "Workers": []}]}]}]}]}]}]}]}]}]}, "Planning Time": 2.291, "Triggers": [], "Execution Time": 2024.015}, {"Plan": {"Node Type": "Aggregate", "Strategy": "Plain", "Partial Mode": "Finalize", "Parallel Aware": false, "Async Capable": false, "Startup Cost": 103093.57, "Total Cost": 103093.58, "Plan Rows": 1, "Plan Width": 8, "Actual Rows": 1, "Actual Loops": 1, "Plans": [{"Node Type": "Gather", "Parent Relationship": "Outer", "Parallel Aware": false, "Async Capable": false, "Startup Cost": 103093.15, "Total Cost": 103093.56, "Plan Rows": 4, "Plan Width": 8, "Actual Rows": 5, "Actual Loops": 1, "Workers Planned": 4, "Workers Launched": 4, "Single Copy": false, "Plans": [{"Node Type": "Aggregate", "Strategy": "Plain", "Partial Mode": "Partial", "Parent Relationship": "Outer", "Parallel Aware": false, "Async Capable": false, "Startup Cost": 102093.15, "Total Cost": 102093.16, "Plan Rows": 1, "Plan Width": 8, "Actual Rows": 1, "Actual Loops": 5, "Workers": [], "Plans": [{"Node Type": "Hash Join", "Parent Relationship": "Outer", "Parallel Aware": true, "Async Capable": false, "Join Type": "Inner", "Startup Cost": 43987.44, "Total Cost": 102092.18, "Plan Rows": 390, "Plan Width": 0, "Actual Rows": 231, "Actual Loops": 5, "Inner Unique": true, "Hash Cond": "(customer.c_current_addr_sk = customer_address.ca_address_sk)", "Workers": [], "Plans": [{"Node Type": "Hash Join", "Parent Relationship": "Outer", "Parallel Aware": true, "Async Capable": false, "Join Type": "Inner", "Startup Cost": 37186.49, "Total Cost": 95168.43, "Plan Rows": 46781, "Plan Width": 4, "Actual Rows": 27543, "Actual Loops": 5, "Inner Unique": false, "Hash Cond": "(store_returns.sr_cdemo_sk = customer_demographics.cd_demo_sk)", "Workers": [], "Plans": [{"Node Type": "Seq Scan", "Parent Relationship": "Outer", "Parallel Aware": true, "Async Capable": false, "Relation Name": "store_returns", "Alias": "store_returns", "Startup Cost": 0.0, "Total Cost": 55140.58, "Plan Rows": 718858, "Plan Width": 4, "Actual Rows": 575086, "Actual Loops": 5, "Workers": []}, {"Node Type": "Hash", "Parent Relationship": "Inner", "Parallel Aware": true, "Async Capable": false, "Startup Cost": 36682.46, "Total Cost": 36682.46, "Plan Rows": 40323, "Plan Width": 12, "Actual Rows": 19029, "Actual Loops": 5, "Hash Buckets": 131072, "Original Hash Buckets": 131072, "Hash Batches": 1, "Original Hash Batches": 1, "Peak Memory Usage": 5568, "Workers": [], "Plans": [{"Node Type": "Nested Loop", "Parent Relationship": "Outer", "Parallel Aware": false, "Async Capable": false, "Join Type": "Inner", "Startup Cost": 216.79, "Total Cost": 36682.46, "Plan Rows": 40323, "Plan Width": 12, "Actual Rows": 19029, "Actual Loops": 5, "Inner Unique": true, "Workers": [], "Plans": [{"Node Type": "Hash Join", "Parent Relationship": "Outer", "Parallel Aware": false, "Async Capable": false, "Join Type": "Inner", "Startup Cost": 216.36, "Total Cost": 17029.99, "Plan Rows": 40323, "Plan Width": 8, "Actual Rows": 19375, "Actual Loops": 5, "Inner Unique": true, "Hash Cond": "(household_demographics.hd_income_band_sk = income_band.ib_income_band_sk)", "Workers": [], "Plans": [{"Node Type": "Hash Join", "Parent Relationship": "Outer", "Parallel Aware": false, "Async Capable": false, "Join Type": "Inner", "Startup Cost": 215.0, "Total Cost": 16515.53, "Plan Rows": 161290, "Plan Width": 12, "Actual Rows": 96514, "Actual Loops": 5, "Inner Unique": true, "Hash Cond": "(customer.c_current_hdemo_sk = household_demographics.hd_demo_sk)", "Workers": [], "Plans": [{"Node Type": "Seq Scan", "Parent Relationship": "Outer", "Parallel Aware": true, "Async Capable": false, "Relation Name": "customer", "Alias": "customer", "Startup Cost": 0.0, "Total Cost": 15876.9, "Plan Rows": 161290, "Plan Width": 12, "Actual Rows": 100000, "Actual Loops": 5, "Workers": []}, {"Node Type": "Hash", "Parent Relationship": "Inner", "Parallel Aware": false, "Async Capable": false, "Startup Cost": 125.0, "Total Cost": 125.0, "Plan Rows": 7200, "Plan Width": 8, "Actual Rows": 7200, "Actual Loops": 5, "Hash Buckets": 8192, "Original Hash Buckets": 8192, "Hash Batches": 1, "Original Hash Batches": 1, "Peak Memory Usage": 346, "Workers": [], "Plans": [{"Node Type": "Seq Scan", "Parent Relationship": "Outer", "Parallel Aware": false, "Async Capable": false, "Relation Name": "household_demographics", "Alias": "household_demographics", "Startup Cost": 0.0, "Total Cost": 125.0, "Plan Rows": 7200, "Plan Width": 8, "Actual Rows": 7200, "Actual Loops": 5, "Workers": []}]}]}, {"Node Type": "Hash", "Parent Relationship": "Inner", "Parallel Aware": false, "Async Capable": false, "Startup Cost": 1.3, "Total Cost": 1.3, "Plan Rows": 5, "Plan Width": 4, "Actual Rows": 4, "Actual Loops": 5, "Hash Buckets": 1024, "Original Hash Buckets": 1024, "Hash Batches": 1, "Original Hash Batches": 1, "Peak Memory Usage": 9, "Workers": [], "Plans": [{"Node Type": "Seq Scan", "Parent Relationship": "Outer", "Parallel Aware": false, "Async Capable": false, "Relation Name": "income_band", "Alias": "income_band", "Startup Cost": 0.0, "Total Cost": 1.3, "Plan Rows": 5, "Plan Width": 4, "Actual Rows": 4, "Actual Loops": 5, "Filter": "((ib_lower_bound >= 5517) AND (ib_upper_bound <= 55517))", "Rows Removed by Filter": 16, "Workers": []}]}]}, {"Node Type": "Index Only Scan", "Parent Relationship": "Inner", "Parallel Aware": false, "Async Capable": false, "Scan Direction": "Forward", "Index Name": "customer_demographics_pkey", "Relation Name": "customer_demographics", "Alias": "customer_demographics", "Startup Cost": 0.43, "Total Cost": 0.49, "Plan Rows": 1, "Plan Width": 4, "Actual Rows": 1, "Actual Loops": 96877, "Index Cond": "(cd_demo_sk = customer.c_current_cdemo_sk)", "Rows Removed by Index Recheck": 0, "Heap Fetches": 0, "Workers": []}]}]}]}, {"Node Type": "Hash", "Parent Relationship": "Inner", "Parallel Aware": true, "Async Capable": false, "Startup Cost": 6790.08, "Total Cost": 6790.08, "Plan Rows": 869, "Plan Width": 4, "Actual Rows": 417, "Actual Loops": 5, "Hash Buckets": 4096, "Original Hash Buckets": 4096, "Hash Batches": 1, "Original Hash Batches": 1, "Peak Memory Usage": 192, "Workers": [], "Plans": [{"Node Type": "Seq Scan", "Parent Relationship": "Outer", "Parallel Aware": true, "Async Capable": false, "Relation Name": "customer_address", "Alias": "customer_address", "Startup Cost": 0.0, "Total Cost": 6790.08, "Plan Rows": 869, "Plan Width": 4, "Actual Rows": 417, "Actual Loops": 5, "Filter": "((ca_city)::text = 'Buena Vista'::text)", "Rows Removed by Filter": 49583, "Workers": []}]}]}]}]}]}, "Planning Time": 2.632, "Triggers": [], "Execution Time": 599.363}, {"Plan": {"Node Type": "Aggregate", "Strategy": "Plain", "Partial Mode": "Simple", "Parallel Aware": false, "Async Capable": false, "Startup Cost": 83946.42, "Total Cost": 83946.43, "Plan Rows": 1, "Plan Width": 8, "Actual Rows": 1, "Actual Loops": 1, "Plans": [{"Node Type": "Nested Loop", "Parent Relationship": "Outer", "Parallel Aware": false, "Async Capable": false, "Join Type": "Inner", "Startup Cost": 24992.11, "Total Cost": 83942.52, "Plan Rows": 1560, "Plan Width": 0, "Actual Rows": 1157, "Actual Loops": 1, "Inner Unique": false, "Join Filter": "(income_band.ib_income_band_sk = household_demographics.hd_income_band_sk)", "Rows Removed by Join Filter": 22483, "Plans": [{"Node Type": "Seq Scan", "Parent Relationship": "Outer", "Parallel Aware": false, "Async Capable": false, "Relation Name": "income_band", "Alias": "income_band", "Startup Cost": 0.0, "Total Cost": 1.3, "Plan Rows": 5, "Plan Width": 4, "Actual Rows": 4, "Actual Loops": 1, "Filter": "((ib_lower_bound >= 5517) AND (ib_upper_bound <= 55517))", "Rows Removed by Filter": 16}, {"Node Type": "Materialize", "Parent Relationship": "Inner", "Parallel Aware": false, "Async Capable": false, "Startup Cost": 24992.11, "Total Cost": 83488.68, "Plan Rows": 6242, "Plan Width": 4, "Actual Rows": 5910, "Actual Loops": 4, "Plans": [{"Node Type": "Gather", "Parent Relationship": "Outer", "Parallel Aware": false, "Async Capable": false, "Startup Cost": 24992.11, "Total Cost": 83457.47, "Plan Rows": 6242, "Plan Width": 4, "Actual Rows": 5910, "Actual Loops": 1, "Workers Planned": 4, "Workers Launched": 4, "Single Copy": false, "Plans": [{"Node Type": "Hash Join", "Parent Relationship": "Outer", "Parallel Aware": true, "Async Capable": false, "Join Type": "Inner", "Startup Cost": 23992.11, "Total Cost": 81833.27, "Plan Rows": 1560, "Plan Width": 4, "Actual Rows": 1182, "Actual Loops": 5, "Inner Unique": false, "Hash Cond": "(store_returns.sr_cdemo_sk = customer_demographics.cd_demo_sk)", "Workers": [], "Plans": [{"Node Type": "Seq Scan", "Parent Relationship": "Outer", "Parallel Aware": true, "Async Capable": false, "Relation Name": "store_returns", "Alias": "store_returns", "Startup Cost": 0.0, "Total Cost": 55140.58, "Plan Rows": 718858, "Plan Width": 4, "Actual Rows": 575086, "Actual Loops": 5, "Workers": []}, {"Node Type": "Hash", "Parent Relationship": "Inner", "Parallel Aware": true, "Async Capable": false, "Startup Cost": 23975.3, "Total Cost": 23975.3, "Plan Rows": 1345, "Plan Width": 12, "Actual Rows": 809, "Actual Loops": 5, "Hash Buckets": 8192, "Original Hash Buckets": 8192, "Hash Batches": 1, "Original Hash Batches": 1, "Peak Memory Usage": 352, "Workers": [], "Plans": [{"Node Type": "Hash Join", "Parent Relationship": "Outer", "Parallel Aware": false, "Async Capable": false, "Join Type": "Inner", "Startup Cost": 7016.37, "Total Cost": 23975.3, "Plan Rows": 1345, "Plan Width": 12, "Actual Rows": 809, "Actual Loops": 5, "Inner Unique": true, "Hash Cond": "(customer.c_current_hdemo_sk = household_demographics.hd_demo_sk)", "Workers": [], "Plans": [{"Node Type": "Nested Loop", "Parent Relationship": "Outer", "Parallel Aware": false, "Async Capable": false, "Join Type": "Inner", "Startup Cost": 6801.37, "Total Cost": 23756.77, "Plan Rows": 1345, "Plan Width": 12, "Actual Rows": 821, "Actual Loops": 5, "Inner Unique": true, "Workers": [], "Plans": [{"Node Type": "Hash Join", "Parent Relationship": "Outer", "Parallel Aware": true, "Async Capable": false, "Join Type": "Inner", "Startup Cost": 6800.95, "Total Cost": 23101.25, "Plan Rows": 1345, "Plan Width": 8, "Actual Rows": 847, "Actual Loops": 5, "Inner Unique": true, "Hash Cond": "(customer.c_current_addr_sk = customer_address.ca_address_sk)", "Workers": [], "Plans": [{"Node Type": "Seq Scan", "Parent Relationship": "Outer", "Parallel Aware": true, "Async Capable": false, "Relation Name": "customer", "Alias": "customer", "Startup Cost": 0.0, "Total Cost": 15876.9, "Plan Rows": 161290, "Plan Width": 12, "Actual Rows": 100000, "Actual Loops": 5, "Workers": []}, {"Node Type": "Hash", "Parent Relationship": "Inner", "Parallel Aware": true, "Async Capable": false, "Startup Cost": 6790.08, "Total Cost": 6790.08, "Plan Rows": 869, "Plan Width": 4, "Actual Rows": 417, "Actual Loops": 5, "Hash Buckets": 4096, "Original Hash Buckets": 4096, "Hash Batches": 1, "Original Hash Batches": 1, "Peak Memory Usage": 192, "Workers": [], "Plans": [{"Node Type": "Seq Scan", "Parent Relationship": "Outer", "Parallel Aware": true, "Async Capable": false, "Relation Name": "customer_address", "Alias": "customer_address", "Startup Cost": 0.0, "Total Cost": 6790.08, "Plan Rows": 869, "Plan Width": 4, "Actual Rows": 417, "Actual Loops": 5, "Filter": "((ca_city)::text = 'Buena Vista'::text)", "Rows Removed by Filter": 49583, "Workers": []}]}]}, {"Node Type": "Index Only Scan", "Parent Relationship": "Inner", "Parallel Aware": false, "Async Capable": false, "Scan Direction": "Forward", "Index Name": "customer_demographics_pkey", "Relation Name": "customer_demographics", "Alias": "customer_demographics", "Startup Cost": 0.43, "Total Cost": 0.49, "Plan Rows": 1, "Plan Width": 4, "Actual Rows": 1, "Actual Loops": 4237, "Index Cond": "(cd_demo_sk = customer.c_current_cdemo_sk)", "Rows Removed by Index Recheck": 0, "Heap Fetches": 0, "Workers": []}]}, {"Node Type": "Hash", "Parent Relationship": "Inner", "Parallel Aware": false, "Async Capable": false, "Startup Cost": 125.0, "Total Cost": 125.0, "Plan Rows": 7200, "Plan Width": 8, "Actual Rows": 7200, "Actual Loops": 5, "Hash Buckets": 8192, "Original Hash Buckets": 8192, "Hash Batches": 1, "Original Hash Batches": 1, "Peak Memory Usage": 346, "Workers": [], "Plans": [{"Node Type": "Seq Scan", "Parent Relationship": "Outer", "Parallel Aware": false, "Async Capable": false, "Relation Name": "household_demographics", "Alias": "household_demographics", "Startup Cost": 0.0, "Total Cost": 125.0, "Plan Rows": 7200, "Plan Width": 8, "Actual Rows": 7200, "Actual Loops": 5, "Workers": []}]}]}]}]}]}]}]}]}, "Planning Time": 2.376, "Triggers": [], "Execution Time": 266.8}, {"Plan": {"Node Type": "Aggregate", "Strategy": "Plain", "Partial Mode": "Finalize", "Parallel Aware": false, "Async Capable": false, "Startup Cost": 126095.94, "Total Cost": 126095.95, "Plan Rows": 1, "Plan Width": 8, "Actual Rows": 1, "Actual Loops": 1, "Plans": [{"Node Type": "Gather", "Parent Relationship": "Outer", "Parallel Aware": false, "Async Capable": false, "Startup Cost": 126095.62, "Total Cost": 126095.93, "Plan Rows": 3, "Plan Width": 8, "Actual Rows": 4, "Actual Loops": 1, "Workers Planned": 3, "Workers Launched": 3, "Single Copy": false, "Plans": [{"Node Type": "Aggregate", "Strategy": "Plain", "Partial Mode": "Partial", "Parent Relationship": "Outer", "Parallel Aware": false, "Async Capable": false, "Startup Cost": 125095.62, "Total Cost": 125095.63, "Plan Rows": 1, "Plan Width": 8, "Actual Rows": 1, "Actual Loops": 4, "Workers": [], "Plans": [{"Node Type": "Hash Join", "Parent Relationship": "Outer", "Parallel Aware": true, "Async Capable": false, "Join Type": "Inner", "Startup Cost": 108783.31, "Total Cost": 125094.37, "Plan Rows": 503, "Plan Width": 0, "Actual Rows": 289, "Actual Loops": 4, "Inner Unique": false, "Hash Cond": "(customer.c_current_cdemo_sk = customer_demographics.cd_demo_sk)", "Workers": [], "Plans": [{"Node Type": "Hash Join", "Parent Relationship": "Outer", "Parallel Aware": false, "Async Capable": false, "Join Type": "Inner", "Startup Cost": 6972.71, "Total Cost": 23281.3, "Plan Rows": 336, "Plan Width": 4, "Actual Rows": 202, "Actual Loops": 4, "Inner Unique": false, "Hash Cond": "(customer.c_current_hdemo_sk = household_demographics.hd_demo_sk)", "Workers": [], "Plans": [{"Node Type": "Hash Join", "Parent Relationship": "Outer", "Parallel Aware": true, "Async Capable": false, "Join Type": "Inner", "Startup Cost": 6800.95, "Total Cost": 23101.25, "Plan Rows": 1345, "Plan Width": 8, "Actual Rows": 1059, "Actual Loops": 4, "Inner Unique": true, "Hash Cond": "(customer.c_current_addr_sk = customer_address.ca_address_sk)", "Workers": [], "Plans": [{"Node Type": "Seq Scan", "Parent Relationship": "Outer", "Parallel Aware": true, "Async Capable": false, "Relation Name": "customer", "Alias": "customer", "Startup Cost": 0.0, "Total Cost": 15876.9, "Plan Rows": 161290, "Plan Width": 12, "Actual Rows": 125000, "Actual Loops": 4, "Workers": []}, {"Node Type": "Hash", "Parent Relationship": "Inner", "Parallel Aware": true, "Async Capable": false, "Startup Cost": 6790.08, "Total Cost": 6790.08, "Plan Rows": 869, "Plan Width": 4, "Actual Rows": 521, "Actual Loops": 4, "Hash Buckets": 4096, "Original Hash Buckets": 4096, "Hash Batches": 1, "Original Hash Batches": 1, "Peak Memory Usage": 160, "Workers": [], "Plans": [{"Node Type": "Seq Scan", "Parent Relationship": "Outer", "Parallel Aware": true, "Async Capable": false, "Relation Name": "customer_address", "Alias": "customer_address", "Startup Cost": 0.0, "Total Cost": 6790.08, "Plan Rows": 869, "Plan Width": 4, "Actual Rows": 521, "Actual Loops": 4, "Filter": "((ca_city)::text = 'Buena Vista'::text)", "Rows Removed by Filter": 61979, "Workers": []}]}]}, {"Node Type": "Hash", "Parent Relationship": "Inner", "Parallel Aware": false, "Async Capable": false, "Startup Cost": 149.27, "Total Cost": 149.27, "Plan Rows": 1800, "Plan Width": 4, "Actual Rows": 1440, "Actual Loops": 4, "Hash Buckets": 2048, "Original Hash Buckets": 2048, "Hash Batches": 1, "Original Hash Batches": 1, "Peak Memory Usage": 67, "Workers": [], "Plans": [{"Node Type": "Hash Join", "Parent Relationship": "Outer", "Parallel Aware": false, "Async Capable": false, "Join Type": "Inner", "Startup Cost": 1.36, "Total Cost": 149.27, "Plan Rows": 1800, "Plan Width": 4, "Actual Rows": 1440, "Actual Loops": 4, "Inner Unique": true, "Hash Cond": "(household_demographics.hd_income_band_sk = income_band.ib_income_band_sk)", "Workers": [], "Plans": [{"Node Type": "Seq Scan", "Parent Relationship": "Outer", "Parallel Aware": false, "Async Capable": false, "Relation Name": "household_demographics", "Alias": "household_demographics", "Startup Cost": 0.0, "Total Cost": 125.0, "Plan Rows": 7200, "Plan Width": 8, "Actual Rows": 7200, "Actual Loops": 4, "Workers": []}, {"Node Type": "Hash", "Parent Relationship": "Inner", "Parallel Aware": false, "Async Capable": false, "Startup Cost": 1.3, "Total Cost": 1.3, "Plan Rows": 5, "Plan Width": 4, "Actual Rows": 4, "Actual Loops": 4, "Hash Buckets": 1024, "Original Hash Buckets": 1024, "Hash Batches": 1, "Original Hash Batches": 1, "Peak Memory Usage": 9, "Workers": [], "Plans": [{"Node Type": "Seq Scan", "Parent Relationship": "Outer", "Parallel Aware": false, "Async Capable": false, "Relation Name": "income_band", "Alias": "income_band", "Startup Cost": 0.0, "Total Cost": 1.3, "Plan Rows": 5, "Plan Width": 4, "Actual Rows": 4, "Actual Loops": 4, "Filter": "((ib_lower_bound >= 5517) AND (ib_upper_bound <= 55517))", "Rows Removed by Filter": 16, "Workers": []}]}]}]}]}, {"Node Type": "Hash", "Parent Relationship": "Inner", "Parallel Aware": true, "Async Capable": false, "Startup Cost": 92824.87, "Total Cost": 92824.87, "Plan Rows": 718858, "Plan Width": 8, "Actual Rows": 693810, "Actual Loops": 4, "Hash Buckets": 4194304, "Original Hash Buckets": 4194304, "Hash Batches": 1, "Original Hash Batches": 1, "Peak Memory Usage": 141376, "Workers": [], "Plans": [{"Node Type": "Hash Join", "Parent Relationship": "Outer", "Parallel Aware": true, "Async Capable": false, "Join Type": "Inner", "Startup Cost": 35797.29, "Total Cost": 92824.87, "Plan Rows": 718858, "Plan Width": 8, "Actual Rows": 693810, "Actual Loops": 4, "Inner Unique": true, "Hash Cond": "(store_returns.sr_cdemo_sk = customer_demographics.cd_demo_sk)", "Workers": [], "Plans": [{"Node Type": "Seq Scan", "Parent Relationship": "Outer", "Parallel Aware": true, "Async Capable": false, "Relation Name": "store_returns", "Alias": "store_returns", "Startup Cost": 0.0, "Total Cost": 55140.58, "Plan Rows": 718858, "Plan Width": 4, "Actual Rows": 718858, "Actual Loops": 4, "Workers": []}, {"Node Type": "Hash", "Parent Relationship": "Inner", "Parallel Aware": true, "Async Capable": false, "Startup Cost": 28052.13, "Total Cost": 28052.13, "Plan Rows": 619613, "Plan Width": 4, "Actual Rows": 480200, "Actual Loops": 4, "Hash Buckets": 2097152, "Original Hash Buckets": 2097152, "Hash Batches": 1, "Original Hash Batches": 1, "Peak Memory Usage": 91584, "Workers": [], "Plans": [{"Node Type": "Seq Scan", "Parent Relationship": "Outer", "Parallel Aware": true, "Async Capable": false, "Relation Name": "customer_demographics", "Alias": "customer_demographics", "Startup Cost": 0.0, "Total Cost": 28052.13, "Plan Rows": 619613, "Plan Width": 4, "Actual Rows": 480200, "Actual Loops": 4, "Workers": []}]}]}]}]}]}]}]}, "Planning Time": 2.188, "Triggers": [], "Execution Time": 3856.148}, {"Plan": {"Node Type": "Aggregate", "Strategy": "Plain", "Partial Mode": "Finalize", "Parallel Aware": false, "Async Capable": false, "Startup Cost": 103551.09, "Total Cost": 103551.1, "Plan Rows": 1, "Plan Width": 8, "Actual Rows": 1, "Actual Loops": 1, "Plans": [{"Node Type": "Gather", "Parent Relationship": "Outer", "Parallel Aware": false, "Async Capable": false, "Startup Cost": 103550.88, "Total Cost": 103551.09, "Plan Rows": 2, "Plan Width": 8, "Actual Rows": 3, "Actual Loops": 1, "Workers Planned": 2, "Workers Launched": 2, "Single Copy": false, "Plans": [{"Node Type": "Aggregate", "Strategy": "Plain", "Partial Mode": "Partial", "Parent Relationship": "Outer", "Parallel Aware": false, "Async Capable": false, "Startup Cost": 102550.88, "Total Cost": 102550.89, "Plan Rows": 1, "Plan Width": 8, "Actual Rows": 1, "Actual Loops": 3, "Workers": [], "Plans": [{"Node Type": "Hash Join", "Parent Relationship": "Outer", "Parallel Aware": true, "Async Capable": false, "Join Type": "Inner", "Startup Cost": 95753.19, "Total Cost": 102549.25, "Plan Rows": 650, "Plan Width": 0, "Actual Rows": 386, "Actual Loops": 3, "Inner Unique": false, "Hash Cond": "(customer_address.ca_address_sk = customer.c_current_addr_sk)", "Workers": [], "Plans": [{"Node Type": "Seq Scan", "Parent Relationship": "Outer", "Parallel Aware": true, "Async Capable": false, "Relation Name": "customer_address", "Alias": "customer_address", "Startup Cost": 0.0, "Total Cost": 6790.08, "Plan Rows": 869, "Plan Width": 4, "Actual Rows": 694, "Actual Loops": 3, "Filter": "((ca_city)::text = 'Buena Vista'::text)", "Rows Removed by Filter": 82639, "Workers": []}, {"Node Type": "Hash", "Parent Relationship": "Inner", "Parallel Aware": true, "Async Capable": false, "Startup Cost": 95168.43, "Total Cost": 95168.43, "Plan Rows": 46781, "Plan Width": 4, "Actual Rows": 45904, "Actual Loops": 3, "Hash Buckets": 262144, "Original Hash Buckets": 262144, "Hash Batches": 1, "Original Hash Batches": 1, "Peak Memory Usage": 7488, "Workers": [], "Plans": [{"Node Type": "Hash Join", "Parent Relationship": "Outer", "Parallel Aware": true, "Async Capable": false, "Join Type": "Inner", "Startup Cost": 37186.49, "Total Cost": 95168.43, "Plan Rows": 46781, "Plan Width": 4, "Actual Rows": 45904, "Actual Loops": 3, "Inner Unique": false, "Hash Cond": "(store_returns.sr_cdemo_sk = customer_demographics.cd_demo_sk)", "Workers": [], "Plans": [{"Node Type": "Seq Scan", "Parent Relationship": "Outer", "Parallel Aware": true, "Async Capable": false, "Relation Name": "store_returns", "Alias": "store_returns", "Startup Cost": 0.0, "Total Cost": 55140.58, "Plan Rows": 718858, "Plan Width": 4, "Actual Rows": 958477, "Actual Loops": 3, "Workers": []}, {"Node Type": "Hash", "Parent Relationship": "Inner", "Parallel Aware": true, "Async Capable": false, "Startup Cost": 36682.46, "Total Cost": 36682.46, "Plan Rows": 40323, "Plan Width": 12, "Actual Rows": 31716, "Actual Loops": 3, "Hash Buckets": 131072, "Original Hash Buckets": 131072, "Hash Batches": 1, "Original Hash Batches": 1, "Peak Memory Usage": 5536, "Workers": [], "Plans": [{"Node Type": "Nested Loop", "Parent Relationship": "Outer", "Parallel Aware": false, "Async Capable": false, "Join Type": "Inner", "Startup Cost": 216.79, "Total Cost": 36682.46, "Plan Rows": 40323, "Plan Width": 12, "Actual Rows": 31716, "Actual Loops": 3, "Inner Unique": true, "Workers": [], "Plans": [{"Node Type": "Hash Join", "Parent Relationship": "Outer", "Parallel Aware": false, "Async Capable": false, "Join Type": "Inner", "Startup Cost": 216.36, "Total Cost": 17029.99, "Plan Rows": 40323, "Plan Width": 8, "Actual Rows": 32292, "Actual Loops": 3, "Inner Unique": true, "Hash Cond": "(household_demographics.hd_income_band_sk = income_band.ib_income_band_sk)", "Workers": [], "Plans": [{"Node Type": "Hash Join", "Parent Relationship": "Outer", "Parallel Aware": false, "Async Capable": false, "Join Type": "Inner", "Startup Cost": 215.0, "Total Cost": 16515.53, "Plan Rows": 161290, "Plan Width": 12, "Actual Rows": 160857, "Actual Loops": 3, "Inner Unique": true, "Hash Cond": "(customer.c_current_hdemo_sk = household_demographics.hd_demo_sk)", "Workers": [], "Plans": [{"Node Type": "Seq Scan", "Parent Relationship": "Outer", "Parallel Aware": true, "Async Capable": false, "Relation Name": "customer", "Alias": "customer", "Startup Cost": 0.0, "Total Cost": 15876.9, "Plan Rows": 161290, "Plan Width": 12, "Actual Rows": 166667, "Actual Loops": 3, "Workers": []}, {"Node Type": "Hash", "Parent Relationship": "Inner", "Parallel Aware": false, "Async Capable": false, "Startup Cost": 125.0, "Total Cost": 125.0, "Plan Rows": 7200, "Plan Width": 8, "Actual Rows": 7200, "Actual Loops": 3, "Hash Buckets": 8192, "Original Hash Buckets": 8192, "Hash Batches": 1, "Original Hash Batches": 1, "Peak Memory Usage": 346, "Workers": [], "Plans": [{"Node Type": "Seq Scan", "Parent Relationship": "Outer", "Parallel Aware": false, "Async Capable": false, "Relation Name": "household_demographics", "Alias": "household_demographics", "Startup Cost": 0.0, "Total Cost": 125.0, "Plan Rows": 7200, "Plan Width": 8, "Actual Rows": 7200, "Actual Loops": 3, "Workers": []}]}]}, {"Node Type": "Hash", "Parent Relationship": "Inner", "Parallel Aware": false, "Async Capable": false, "Startup Cost": 1.3, "Total Cost": 1.3, "Plan Rows": 5, "Plan Width": 4, "Actual Rows": 4, "Actual Loops": 3, "Hash Buckets": 1024, "Original Hash Buckets": 1024, "Hash Batches": 1, "Original Hash Batches": 1, "Peak Memory Usage": 9, "Workers": [], "Plans": [{"Node Type": "Seq Scan", "Parent Relationship": "Outer", "Parallel Aware": false, "Async Capable": false, "Relation Name": "income_band", "Alias": "income_band", "Startup Cost": 0.0, "Total Cost": 1.3, "Plan Rows": 5, "Plan Width": 4, "Actual Rows": 4, "Actual Loops": 3, "Filter": "((ib_lower_bound >= 5517) AND (ib_upper_bound <= 55517))", "Rows Removed by Filter": 16, "Workers": []}]}]}, {"Node Type": "Index Only Scan", "Parent Relationship": "Inner", "Parallel Aware": false, "Async Capable": false, "Scan Direction": "Forward", "Index Name": "customer_demographics_pkey", "Relation Name": "customer_demographics", "Alias": "customer_demographics", "Startup Cost": 0.43, "Total Cost": 0.49, "Plan Rows": 1, "Plan Width": 4, "Actual Rows": 1, "Actual Loops": 96877, "Index Cond": "(cd_demo_sk = customer.c_current_cdemo_sk)", "Rows Removed by Index Recheck": 0, "Heap Fetches": 0, "Workers": []}]}]}]}]}]}]}]}]}, "Planning Time": 3.428, "Triggers": [], "Execution Time": 1298.102}, {"Plan": {"Node Type": "Aggregate", "Strategy": "Plain", "Partial Mode": "Finalize", "Parallel Aware": false, "Async Capable": false, "Startup Cost": 112510.44, "Total Cost": 112510.45, "Plan Rows": 1, "Plan Width": 8, "Actual Rows": 1, "Actual Loops": 1, "Plans": [{"Node Type": "Gather", "Parent Relationship": "Outer", "Parallel Aware": false, "Async Capable": false, "Startup Cost": 112510.12, "Total Cost": 112510.43, "Plan Rows": 3, "Plan Width": 8, "Actual Rows": 4, "Actual Loops": 1, "Workers Planned": 3, "Workers Launched": 3, "Single Copy": false, "Plans": [{"Node Type": "Aggregate", "Strategy": "Plain", "Partial Mode": "Partial", "Parent Relationship": "Outer", "Parallel Aware": false, "Async Capable": false, "Startup Cost": 111510.12, "Total Cost": 111510.13, "Plan Rows": 1, "Plan Width": 8, "Actual Rows": 1, "Actual Loops": 4, "Workers": [], "Plans": [{"Node Type": "Hash Join", "Parent Relationship": "Outer", "Parallel Aware": true, "Async Capable": false, "Join Type": "Inner", "Startup Cost": 81131.31, "Total Cost": 111508.87, "Plan Rows": 503, "Plan Width": 0, "Actual Rows": 289, "Actual Loops": 4, "Inner Unique": false, "Hash Cond": "(customer_demographics.cd_demo_sk = customer.c_current_cdemo_sk)", "Workers": [], "Plans": [{"Node Type": "Seq Scan", "Parent Relationship": "Outer", "Parallel Aware": true, "Async Capable": false, "Relation Name": "customer_demographics", "Alias": "customer_demographics", "Startup Cost": 0.0, "Total Cost": 28052.13, "Plan Rows": 619613, "Plan Width": 4, "Actual Rows": 480200, "Actual Loops": 4, "Workers": []}, {"Node Type": "Hash", "Parent Relationship": "Inner", "Parallel Aware": true, "Async Capable": false, "Startup Cost": 81123.75, "Total Cost": 81123.75, "Plan Rows": 605, "Plan Width": 8, "Actual Rows": 289, "Actual Loops": 4, "Hash Buckets": 4096, "Original Hash Buckets": 4096, "Hash Batches": 1, "Original Hash Batches": 1, "Peak Memory Usage": 160, "Workers": [], "Plans": [{"Node Type": "Hash Join", "Parent Relationship": "Outer", "Parallel Aware": true, "Async Capable": false, "Join Type": "Inner", "Startup Cost": 23285.5, "Total Cost": 81123.75, "Plan Rows": 605, "Plan Width": 8, "Actual Rows": 289, "Actual Loops": 4, "Inner Unique": false, "Hash Cond": "(store_returns.sr_cdemo_sk = customer.c_current_cdemo_sk)", "Workers": [], "Plans": [{"Node Type": "Seq Scan", "Parent Relationship": "Outer", "Parallel Aware": true, "Async Capable": false, "Relation Name": "store_returns", "Alias": "store_returns", "Startup Cost": 0.0, "Total Cost": 55140.58, "Plan Rows": 718858, "Plan Width": 4, "Actual Rows": 718858, "Actual Loops": 4, "Workers": []}, {"Node Type": "Hash", "Parent Relationship": "Inner", "Parallel Aware": true, "Async Capable": false, "Startup Cost": 23281.3, "Total Cost": 23281.3, "Plan Rows": 336, "Plan Width": 4, "Actual Rows": 202, "Actual Loops": 4, "Hash Buckets": 2048, "Original Hash Buckets": 2048, "Hash Batches": 1, "Original Hash Batches": 1, "Peak Memory Usage": 144, "Workers": [], "Plans": [{"Node Type": "Hash Join", "Parent Relationship": "Outer", "Parallel Aware": false, "Async Capable": false, "Join Type": "Inner", "Startup Cost": 6972.71, "Total Cost": 23281.3, "Plan Rows": 336, "Plan Width": 4, "Actual Rows": 202, "Actual Loops": 4, "Inner Unique": false, "Hash Cond": "(customer.c_current_hdemo_sk = household_demographics.hd_demo_sk)", "Workers": [], "Plans": [{"Node Type": "Hash Join", "Parent Relationship": "Outer", "Parallel Aware": true, "Async Capable": false, "Join Type": "Inner", "Startup Cost": 6800.95, "Total Cost": 23101.25, "Plan Rows": 1345, "Plan Width": 8, "Actual Rows": 1059, "Actual Loops": 4, "Inner Unique": true, "Hash Cond": "(customer.c_current_addr_sk = customer_address.ca_address_sk)", "Workers": [], "Plans": [{"Node Type": "Seq Scan", "Parent Relationship": "Outer", "Parallel Aware": true, "Async Capable": false, "Relation Name": "customer", "Alias": "customer", "Startup Cost": 0.0, "Total Cost": 15876.9, "Plan Rows": 161290, "Plan Width": 12, "Actual Rows": 125000, "Actual Loops": 4, "Workers": []}, {"Node Type": "Hash", "Parent Relationship": "Inner", "Parallel Aware": true, "Async Capable": false, "Startup Cost": 6790.08, "Total Cost": 6790.08, "Plan Rows": 869, "Plan Width": 4, "Actual Rows": 521, "Actual Loops": 4, "Hash Buckets": 4096, "Original Hash Buckets": 4096, "Hash Batches": 1, "Original Hash Batches": 1, "Peak Memory Usage": 192, "Workers": [], "Plans": [{"Node Type": "Seq Scan", "Parent Relationship": "Outer", "Parallel Aware": true, "Async Capable": false, "Relation Name": "customer_address", "Alias": "customer_address", "Startup Cost": 0.0, "Total Cost": 6790.08, "Plan Rows": 869, "Plan Width": 4, "Actual Rows": 521, "Actual Loops": 4, "Filter": "((ca_city)::text = 'Buena Vista'::text)", "Rows Removed by Filter": 61979, "Workers": []}]}]}, {"Node Type": "Hash", "Parent Relationship": "Inner", "Parallel Aware": false, "Async Capable": false, "Startup Cost": 149.27, "Total Cost": 149.27, "Plan Rows": 1800, "Plan Width": 4, "Actual Rows": 1440, "Actual Loops": 4, "Hash Buckets": 2048, "Original Hash Buckets": 2048, "Hash Batches": 1, "Original Hash Batches": 1, "Peak Memory Usage": 67, "Workers": [], "Plans": [{"Node Type": "Hash Join", "Parent Relationship": "Outer", "Parallel Aware": false, "Async Capable": false, "Join Type": "Inner", "Startup Cost": 1.36, "Total Cost": 149.27, "Plan Rows": 1800, "Plan Width": 4, "Actual Rows": 1440, "Actual Loops": 4, "Inner Unique": true, "Hash Cond": "(household_demographics.hd_income_band_sk = income_band.ib_income_band_sk)", "Workers": [], "Plans": [{"Node Type": "Seq Scan", "Parent Relationship": "Outer", "Parallel Aware": false, "Async Capable": false, "Relation Name": "household_demographics", "Alias": "household_demographics", "Startup Cost": 0.0, "Total Cost": 125.0, "Plan Rows": 7200, "Plan Width": 8, "Actual Rows": 7200, "Actual Loops": 4, "Workers": []}, {"Node Type": "Hash", "Parent Relationship": "Inner", "Parallel Aware": false, "Async Capable": false, "Startup Cost": 1.3, "Total Cost": 1.3, "Plan Rows": 5, "Plan Width": 4, "Actual Rows": 4, "Actual Loops": 4, "Hash Buckets": 1024, "Original Hash Buckets": 1024, "Hash Batches": 1, "Original Hash Batches": 1, "Peak Memory Usage": 9, "Workers": [], "Plans": [{"Node Type": "Seq Scan", "Parent Relationship": "Outer", "Parallel Aware": false, "Async Capable": false, "Relation Name": "income_band", "Alias": "income_band", "Startup Cost": 0.0, "Total Cost": 1.3, "Plan Rows": 5, "Plan Width": 4, "Actual Rows": 4, "Actual Loops": 4, "Filter": "((ib_lower_bound >= 5517) AND (ib_upper_bound <= 55517))", "Rows Removed by Filter": 16, "Workers": []}]}]}]}]}]}]}]}]}]}]}]}, "Planning Time": 2.686, "Triggers": [], "Execution Time": 389.11}, {"Plan": {"Node Type": "Aggregate", "Strategy": "Plain", "Partial Mode": "Finalize", "Parallel Aware": false, "Async Capable": false, "Startup Cost": 82288.16, "Total Cost": 82288.17, "Plan Rows": 1, "Plan Width": 8, "Actual Rows": 1, "Actual Loops": 1, "Plans": [{"Node Type": "Gather", "Parent Relationship": "Outer", "Parallel Aware": false, "Async Capable": false, "Startup Cost": 82287.74, "Total Cost": 82288.15, "Plan Rows": 4, "Plan Width": 8, "Actual Rows": 5, "Actual Loops": 1, "Workers Planned": 4, "Workers Launched": 4, "Single Copy": false, "Plans": [{"Node Type": "Aggregate", "Strategy": "Plain", "Partial Mode": "Partial", "Parent Relationship": "Outer", "Parallel Aware": false, "Async Capable": false, "Startup Cost": 81287.74, "Total Cost": 81287.75, "Plan Rows": 1, "Plan Width": 8, "Actual Rows": 1, "Actual Loops": 5, "Workers": [], "Plans": [{"Node Type": "Hash Join", "Parent Relationship": "Outer", "Parallel Aware": true, "Async Capable": false, "Join Type": "Inner", "Startup Cost": 23449.26, "Total Cost": 81286.76, "Plan Rows": 390, "Plan Width": 0, "Actual Rows": 231, "Actual Loops": 5, "Inner Unique": false, "Hash Cond": "(store_returns.sr_cdemo_sk = customer_demographics.cd_demo_sk)", "Workers": [], "Plans": [{"Node Type": "Seq Scan", "Parent Relationship": "Outer", "Parallel Aware": true, "Async Capable": false, "Relation Name": "store_returns", "Alias": "store_returns", "Startup Cost": 0.0, "Total Cost": 55140.58, "Plan Rows": 718858, "Plan Width": 4, "Actual Rows": 575086, "Actual Loops": 5, "Workers": []}, {"Node Type": "Hash", "Parent Relationship": "Inner", "Parallel Aware": true, "Async Capable": false, "Startup Cost": 23445.06, "Total Cost": 23445.06, "Plan Rows": 336, "Plan Width": 8, "Actual Rows": 159, "Actual Loops": 5, "Hash Buckets": 2048, "Original Hash Buckets": 2048, "Hash Batches": 1, "Original Hash Batches": 1, "Peak Memory Usage": 176, "Workers": [], "Plans": [{"Node Type": "Nested Loop", "Parent Relationship": "Outer", "Parallel Aware": false, "Async Capable": false, "Join Type": "Inner", "Startup Cost": 6973.14, "Total Cost": 23445.06, "Plan Rows": 336, "Plan Width": 8, "Actual Rows": 159, "Actual Loops": 5, "Inner Unique": true, "Workers": [], "Plans": [{"Node Type": "Hash Join", "Parent Relationship": "Outer", "Parallel Aware": false, "Async Capable": false, "Join Type": "Inner", "Startup Cost": 6972.71, "Total Cost": 23281.3, "Plan Rows": 336, "Plan Width": 4, "Actual Rows": 162, "Actual Loops": 5, "Inner Unique": false, "Hash Cond": "(customer.c_current_hdemo_sk = household_demographics.hd_demo_sk)", "Workers": [], "Plans": [{"Node Type": "Hash Join", "Parent Relationship": "Outer", "Parallel Aware": true, "Async Capable": false, "Join Type": "Inner", "Startup Cost": 6800.95, "Total Cost": 23101.25, "Plan Rows": 1345, "Plan Width": 8, "Actual Rows": 847, "Actual Loops": 5, "Inner Unique": true, "Hash Cond": "(customer.c_current_addr_sk = customer_address.ca_address_sk)", "Workers": [], "Plans": [{"Node Type": "Seq Scan", "Parent Relationship": "Outer", "Parallel Aware": true, "Async Capable": false, "Relation Name": "customer", "Alias": "customer", "Startup Cost": 0.0, "Total Cost": 15876.9, "Plan Rows": 161290, "Plan Width": 12, "Actual Rows": 100000, "Actual Loops": 5, "Workers": []}, {"Node Type": "Hash", "Parent Relationship": "Inner", "Parallel Aware": true, "Async Capable": false, "Startup Cost": 6790.08, "Total Cost": 6790.08, "Plan Rows": 869, "Plan Width": 4, "Actual Rows": 417, "Actual Loops": 5, "Hash Buckets": 4096, "Original Hash Buckets": 4096, "Hash Batches": 1, "Original Hash Batches": 1, "Peak Memory Usage": 192, "Workers": [], "Plans": [{"Node Type": "Seq Scan", "Parent Relationship": "Outer", "Parallel Aware": true, "Async Capable": false, "Relation Name": "customer_address", "Alias": "customer_address", "Startup Cost": 0.0, "Total Cost": 6790.08, "Plan Rows": 869, "Plan Width": 4, "Actual Rows": 417, "Actual Loops": 5, "Filter": "((ca_city)::text = 'Buena Vista'::text)", "Rows Removed by Filter": 49583, "Workers": []}]}]}, {"Node Type": "Hash", "Parent Relationship": "Inner", "Parallel Aware": false, "Async Capable": false, "Startup Cost": 149.27, "Total Cost": 149.27, "Plan Rows": 1800, "Plan Width": 4, "Actual Rows": 1440, "Actual Loops": 5, "Hash Buckets": 2048, "Original Hash Buckets": 2048, "Hash Batches": 1, "Original Hash Batches": 1, "Peak Memory Usage": 67, "Workers": [], "Plans": [{"Node Type": "Hash Join", "Parent Relationship": "Outer", "Parallel Aware": false, "Async Capable": false, "Join Type": "Inner", "Startup Cost": 1.36, "Total Cost": 149.27, "Plan Rows": 1800, "Plan Width": 4, "Actual Rows": 1440, "Actual Loops": 5, "Inner Unique": true, "Hash Cond": "(household_demographics.hd_income_band_sk = income_band.ib_income_band_sk)", "Workers": [], "Plans": [{"Node Type": "Seq Scan", "Parent Relationship": "Outer", "Parallel Aware": false, "Async Capable": false, "Relation Name": "household_demographics", "Alias": "household_demographics", "Startup Cost": 0.0, "Total Cost": 125.0, "Plan Rows": 7200, "Plan Width": 8, "Actual Rows": 7200, "Actual Loops": 5, "Workers": []}, {"Node Type": "Hash", "Parent Relationship": "Inner", "Parallel Aware": false, "Async Capable": false, "Startup Cost": 1.3, "Total Cost": 1.3, "Plan Rows": 5, "Plan Width": 4, "Actual Rows": 4, "Actual Loops": 5, "Hash Buckets": 1024, "Original Hash Buckets": 1024, "Hash Batches": 1, "Original Hash Batches": 1, "Peak Memory Usage": 9, "Workers": [], "Plans": [{"Node Type": "Seq Scan", "Parent Relationship": "Outer", "Parallel Aware": false, "Async Capable": false, "Relation Name": "income_band", "Alias": "income_band", "Startup Cost": 0.0, "Total Cost": 1.3, "Plan Rows": 5, "Plan Width": 4, "Actual Rows": 4, "Actual Loops": 5, "Filter": "((ib_lower_bound >= 5517) AND (ib_upper_bound <= 55517))", "Rows Removed by Filter": 16, "Workers": []}]}]}]}]}, {"Node Type": "Index Only Scan", "Parent Relationship": "Inner", "Parallel Aware": false, "Async Capable": false, "Scan Direction": "Forward", "Index Name": "customer_demographics_pkey", "Relation Name": "customer_demographics", "Alias": "customer_demographics", "Startup Cost": 0.43, "Total Cost": 0.49, "Plan Rows": 1, "Plan Width": 4, "Actual Rows": 1, "Actual Loops": 809, "Index Cond": "(cd_demo_sk = customer.c_current_cdemo_sk)", "Rows Removed by Index Recheck": 0, "Heap Fetches": 0, "Workers": []}]}]}]}]}]}]}, "Planning Time": 2.576, "Triggers": [], "Execution Time": 199.09}, {"Plan": {"Node Type": "Aggregate", "Strategy": "Plain", "Partial Mode": "Finalize", "Parallel Aware": false, "Async Capable": false, "Startup Cost": 82797.51, "Total Cost": 82797.52, "Plan Rows": 1, "Plan Width": 8, "Actual Rows": 1, "Actual Loops": 1, "Plans": [{"Node Type": "Gather", "Parent Relationship": "Outer", "Parallel Aware": false, "Async Capable": false, "Startup Cost": 82797.09, "Total Cost": 82797.5, "Plan Rows": 4, "Plan Width": 8, "Actual Rows": 5, "Actual Loops": 1, "Workers Planned": 4, "Workers Launched": 4, "Single Copy": false, "Plans": [{"Node Type": "Aggregate", "Strategy": "Plain", "Partial Mode": "Partial", "Parent Relationship": "Outer", "Parallel Aware": false, "Async Capable": false, "Startup Cost": 81797.09, "Total Cost": 81797.1, "Plan Rows": 1, "Plan Width": 8, "Actual Rows": 1, "Actual Loops": 5, "Workers": [], "Plans": [{"Node Type": "Hash Join", "Parent Relationship": "Outer", "Parallel Aware": false, "Async Capable": false, "Join Type": "Inner", "Startup Cost": 23945.35, "Total Cost": 81796.11, "Plan Rows": 390, "Plan Width": 0, "Actual Rows": 231, "Actual Loops": 5, "Inner Unique": false, "Hash Cond": "(customer.c_current_hdemo_sk = household_demographics.hd_demo_sk)", "Workers": [], "Plans": [{"Node Type": "Hash Join", "Parent Relationship": "Outer", "Parallel Aware": true, "Async Capable": false, "Join Type": "Inner", "Startup Cost": 23773.58, "Total Cost": 81614.74, "Plan Rows": 1560, "Plan Width": 4, "Actual Rows": 1199, "Actual Loops": 5, "Inner Unique": false, "Hash Cond": "(store_returns.sr_cdemo_sk = customer_demographics.cd_demo_sk)", "Workers": [], "Plans": [{"Node Type": "Seq Scan", "Parent Relationship": "Outer", "Parallel Aware": true, "Async Capable": false, "Relation Name": "store_returns", "Alias": "store_returns", "Startup Cost": 0.0, "Total Cost": 55140.58, "Plan Rows": 718858, "Plan Width": 4, "Actual Rows": 575086, "Actual Loops": 5, "Workers": []}, {"Node Type": "Hash", "Parent Relationship": "Inner", "Parallel Aware": true, "Async Capable": false, "Startup Cost": 23756.77, "Total Cost": 23756.77, "Plan Rows": 1345, "Plan Width": 12, "Actual Rows": 821, "Actual Loops": 5, "Hash Buckets": 8192, "Original Hash Buckets": 8192, "Hash Batches": 1, "Original Hash Batches": 1, "Peak Memory Usage": 352, "Workers": [], "Plans": [{"Node Type": "Nested Loop", "Parent Relationship": "Outer", "Parallel Aware": false, "Async Capable": false, "Join Type": "Inner", "Startup Cost": 6801.37, "Total Cost": 23756.77, "Plan Rows": 1345, "Plan Width": 12, "Actual Rows": 821, "Actual Loops": 5, "Inner Unique": true, "Workers": [], "Plans": [{"Node Type": "Hash Join", "Parent Relationship": "Outer", "Parallel Aware": true, "Async Capable": false, "Join Type": "Inner", "Startup Cost": 6800.95, "Total Cost": 23101.25, "Plan Rows": 1345, "Plan Width": 8, "Actual Rows": 847, "Actual Loops": 5, "Inner Unique": true, "Hash Cond": "(customer.c_current_addr_sk = customer_address.ca_address_sk)", "Workers": [], "Plans": [{"Node Type": "Seq Scan", "Parent Relationship": "Outer", "Parallel Aware": true, "Async Capable": false, "Relation Name": "customer", "Alias": "customer", "Startup Cost": 0.0, "Total Cost": 15876.9, "Plan Rows": 161290, "Plan Width": 12, "Actual Rows": 100000, "Actual Loops": 5, "Workers": []}, {"Node Type": "Hash", "Parent Relationship": "Inner", "Parallel Aware": true, "Async Capable": false, "Startup Cost": 6790.08, "Total Cost": 6790.08, "Plan Rows": 869, "Plan Width": 4, "Actual Rows": 417, "Actual Loops": 5, "Hash Buckets": 4096, "Original Hash Buckets": 4096, "Hash Batches": 1, "Original Hash Batches": 1, "Peak Memory Usage": 192, "Workers": [], "Plans": [{"Node Type": "Seq Scan", "Parent Relationship": "Outer", "Parallel Aware": true, "Async Capable": false, "Relation Name": "customer_address", "Alias": "customer_address", "Startup Cost": 0.0, "Total Cost": 6790.08, "Plan Rows": 869, "Plan Width": 4, "Actual Rows": 417, "Actual Loops": 5, "Filter": "((ca_city)::text = 'Buena Vista'::text)", "Rows Removed by Filter": 49583, "Workers": []}]}]}, {"Node Type": "Index Only Scan", "Parent Relationship": "Inner", "Parallel Aware": false, "Async Capable": false, "Scan Direction": "Forward", "Index Name": "customer_demographics_pkey", "Relation Name": "customer_demographics", "Alias": "customer_demographics", "Startup Cost": 0.43, "Total Cost": 0.49, "Plan Rows": 1, "Plan Width": 4, "Actual Rows": 1, "Actual Loops": 4237, "Index Cond": "(cd_demo_sk = customer.c_current_cdemo_sk)", "Rows Removed by Index Recheck": 0, "Heap Fetches": 0, "Workers": []}]}]}]}, {"Node Type": "Hash", "Parent Relationship": "Inner", "Parallel Aware": false, "Async Capable": false, "Startup Cost": 149.27, "Total Cost": 149.27, "Plan Rows": 1800, "Plan Width": 4, "Actual Rows": 1440, "Actual Loops": 5, "Hash Buckets": 2048, "Original Hash Buckets": 2048, "Hash Batches": 1, "Original Hash Batches": 1, "Peak Memory Usage": 67, "Workers": [], "Plans": [{"Node Type": "Hash Join", "Parent Relationship": "Outer", "Parallel Aware": false, "Async Capable": false, "Join Type": "Inner", "Startup Cost": 1.36, "Total Cost": 149.27, "Plan Rows": 1800, "Plan Width": 4, "Actual Rows": 1440, "Actual Loops": 5, "Inner Unique": true, "Hash Cond": "(household_demographics.hd_income_band_sk = income_band.ib_income_band_sk)", "Workers": [], "Plans": [{"Node Type": "Seq Scan", "Parent Relationship": "Outer", "Parallel Aware": false, "Async Capable": false, "Relation Name": "household_demographics", "Alias": "household_demographics", "Startup Cost": 0.0, "Total Cost": 125.0, "Plan Rows": 7200, "Plan Width": 8, "Actual Rows": 7200, "Actual Loops": 5, "Workers": []}, {"Node Type": "Hash", "Parent Relationship": "Inner", "Parallel Aware": false, "Async Capable": false, "Startup Cost": 1.3, "Total Cost": 1.3, "Plan Rows": 5, "Plan Width": 4, "Actual Rows": 4, "Actual Loops": 5, "Hash Buckets": 1024, "Original Hash Buckets": 1024, "Hash Batches": 1, "Original Hash Batches": 1, "Peak Memory Usage": 9, "Workers": [], "Plans": [{"Node Type": "Seq Scan", "Parent Relationship": "Outer", "Parallel Aware": false, "Async Capable": false, "Relation Name": "income_band", "Alias": "income_band", "Startup Cost": 0.0, "Total Cost": 1.3, "Plan Rows": 5, "Plan Width": 4, "Actual Rows": 4, "Actual Loops": 5, "Filter": "((ib_lower_bound >= 5517) AND (ib_upper_bound <= 55517))", "Rows Removed by Filter": 16, "Workers": []}]}]}]}]}]}]}]}, "Planning Time": 2.546, "Triggers": [], "Execution Time": 262.492}, {"Plan": {"Node Type": "Aggregate", "Strategy": "Plain", "Partial Mode": "Finalize", "Parallel Aware": false, "Async Capable": false, "Startup Cost": 82840.99, "Total Cost": 82841.0, "Plan Rows": 1, "Plan Width": 8, "Actual Rows": 1, "Actual Loops": 1, "Plans": [{"Node Type": "Gather", "Parent Relationship": "Outer", "Parallel Aware": false, "Async Capable": false, "Startup Cost": 82840.57, "Total Cost": 82840.98, "Plan Rows": 4, "Plan Width": 8, "Actual Rows": 5, "Actual Loops": 1, "Workers Planned": 4, "Workers Launched": 4, "Single Copy": false, "Plans": [{"Node Type": "Aggregate", "Strategy": "Plain", "Partial Mode": "Partial", "Parent Relationship": "Outer", "Parallel Aware": false, "Async Capable": false, "Startup Cost": 81840.57, "Total Cost": 81840.58, "Plan Rows": 1, "Plan Width": 8, "Actual Rows": 1, "Actual Loops": 5, "Workers": [], "Plans": [{"Node Type": "Hash Join", "Parent Relationship": "Outer", "Parallel Aware": false, "Async Capable": false, "Join Type": "Inner", "Startup Cost": 23993.47, "Total Cost": 81839.59, "Plan Rows": 390, "Plan Width": 0, "Actual Rows": 231, "Actual Loops": 5, "Inner Unique": true, "Hash Cond": "(household_demographics.hd_income_band_sk = income_band.ib_income_band_sk)", "Workers": [], "Plans": [{"Node Type": "Hash Join", "Parent Relationship": "Outer", "Parallel Aware": true, "Async Capable": false, "Join Type": "Inner", "Startup Cost": 23992.11, "Total Cost": 81833.27, "Plan Rows": 1560, "Plan Width": 4, "Actual Rows": 1182, "Actual Loops": 5, "Inner Unique": false, "Hash Cond": "(store_returns.sr_cdemo_sk = customer_demographics.cd_demo_sk)", "Workers": [], "Plans": [{"Node Type": "Seq Scan", "Parent Relationship": "Outer", "Parallel Aware": true, "Async Capable": false, "Relation Name": "store_returns", "Alias": "store_returns", "Startup Cost": 0.0, "Total Cost": 55140.58, "Plan Rows": 718858, "Plan Width": 4, "Actual Rows": 575086, "Actual Loops": 5, "Workers": []}, {"Node Type": "Hash", "Parent Relationship": "Inner", "Parallel Aware": true, "Async Capable": false, "Startup Cost": 23975.3, "Total Cost": 23975.3, "Plan Rows": 1345, "Plan Width": 12, "Actual Rows": 809, "Actual Loops": 5, "Hash Buckets": 8192, "Original Hash Buckets": 8192, "Hash Batches": 1, "Original Hash Batches": 1, "Peak Memory Usage": 384, "Workers": [], "Plans": [{"Node Type": "Hash Join", "Parent Relationship": "Outer", "Parallel Aware": false, "Async Capable": false, "Join Type": "Inner", "Startup Cost": 7016.37, "Total Cost": 23975.3, "Plan Rows": 1345, "Plan Width": 12, "Actual Rows": 809, "Actual Loops": 5, "Inner Unique": true, "Hash Cond": "(customer.c_current_hdemo_sk = household_demographics.hd_demo_sk)", "Workers": [], "Plans": [{"Node Type": "Nested Loop", "Parent Relationship": "Outer", "Parallel Aware": false, "Async Capable": false, "Join Type": "Inner", "Startup Cost": 6801.37, "Total Cost": 23756.77, "Plan Rows": 1345, "Plan Width": 12, "Actual Rows": 821, "Actual Loops": 5, "Inner Unique": true, "Workers": [], "Plans": [{"Node Type": "Hash Join", "Parent Relationship": "Outer", "Parallel Aware": true, "Async Capable": false, "Join Type": "Inner", "Startup Cost": 6800.95, "Total Cost": 23101.25, "Plan Rows": 1345, "Plan Width": 8, "Actual Rows": 847, "Actual Loops": 5, "Inner Unique": true, "Hash Cond": "(customer.c_current_addr_sk = customer_address.ca_address_sk)", "Workers": [], "Plans": [{"Node Type": "Seq Scan", "Parent Relationship": "Outer", "Parallel Aware": true, "Async Capable": false, "Relation Name": "customer", "Alias": "customer", "Startup Cost": 0.0, "Total Cost": 15876.9, "Plan Rows": 161290, "Plan Width": 12, "Actual Rows": 100000, "Actual Loops": 5, "Workers": []}, {"Node Type": "Hash", "Parent Relationship": "Inner", "Parallel Aware": true, "Async Capable": false, "Startup Cost": 6790.08, "Total Cost": 6790.08, "Plan Rows": 869, "Plan Width": 4, "Actual Rows": 417, "Actual Loops": 5, "Hash Buckets": 4096, "Original Hash Buckets": 4096, "Hash Batches": 1, "Original Hash Batches": 1, "Peak Memory Usage": 192, "Workers": [], "Plans": [{"Node Type": "Seq Scan", "Parent Relationship": "Outer", "Parallel Aware": true, "Async Capable": false, "Relation Name": "customer_address", "Alias": "customer_address", "Startup Cost": 0.0, "Total Cost": 6790.08, "Plan Rows": 869, "Plan Width": 4, "Actual Rows": 417, "Actual Loops": 5, "Filter": "((ca_city)::text = 'Buena Vista'::text)", "Rows Removed by Filter": 49583, "Workers": []}]}]}, {"Node Type": "Index Only Scan", "Parent Relationship": "Inner", "Parallel Aware": false, "Async Capable": false, "Scan Direction": "Forward", "Index Name": "customer_demographics_pkey", "Relation Name": "customer_demographics", "Alias": "customer_demographics", "Startup Cost": 0.43, "Total Cost": 0.49, "Plan Rows": 1, "Plan Width": 4, "Actual Rows": 1, "Actual Loops": 4237, "Index Cond": "(cd_demo_sk = customer.c_current_cdemo_sk)", "Rows Removed by Index Recheck": 0, "Heap Fetches": 0, "Workers": []}]}, {"Node Type": "Hash", "Parent Relationship": "Inner", "Parallel Aware": false, "Async Capable": false, "Startup Cost": 125.0, "Total Cost": 125.0, "Plan Rows": 7200, "Plan Width": 8, "Actual Rows": 7200, "Actual Loops": 5, "Hash Buckets": 8192, "Original Hash Buckets": 8192, "Hash Batches": 1, "Original Hash Batches": 1, "Peak Memory Usage": 346, "Workers": [], "Plans": [{"Node Type": "Seq Scan", "Parent Relationship": "Outer", "Parallel Aware": false, "Async Capable": false, "Relation Name": "household_demographics", "Alias": "household_demographics", "Startup Cost": 0.0, "Total Cost": 125.0, "Plan Rows": 7200, "Plan Width": 8, "Actual Rows": 7200, "Actual Loops": 5, "Workers": []}]}]}]}]}, {"Node Type": "Hash", "Parent Relationship": "Inner", "Parallel Aware": false, "Async Capable": false, "Startup Cost": 1.3, "Total Cost": 1.3, "Plan Rows": 5, "Plan Width": 4, "Actual Rows": 4, "Actual Loops": 5, "Hash Buckets": 1024, "Original Hash Buckets": 1024, "Hash Batches": 1, "Original Hash Batches": 1, "Peak Memory Usage": 9, "Workers": [], "Plans": [{"Node Type": "Seq Scan", "Parent Relationship": "Outer", "Parallel Aware": false, "Async Capable": false, "Relation Name": "income_band", "Alias": "income_band", "Startup Cost": 0.0, "Total Cost": 1.3, "Plan Rows": 5, "Plan Width": 4, "Actual Rows": 4, "Actual Loops": 5, "Filter": "((ib_lower_bound >= 5517) AND (ib_upper_bound <= 55517))", "Rows Removed by Filter": 16, "Workers": []}]}]}]}]}]}, "Planning Time": 2.538, "Triggers": [], "Execution Time": 269.069}, {"Plan": {"Node Type": "Aggregate", "Strategy": "Plain", "Partial Mode": "Finalize", "Parallel Aware": false, "Async Capable": false, "Startup Cost": 88575.41, "Total Cost": 88575.42, "Plan Rows": 1, "Plan Width": 8, "Actual Rows": 1, "Actual Loops": 1, "Plans": [{"Node Type": "Gather", "Parent Relationship": "Outer", "Parallel Aware": false, "Async Capable": false, "Startup Cost": 88575.09, "Total Cost": 88575.4, "Plan Rows": 3, "Plan Width": 8, "Actual Rows": 4, "Actual Loops": 1, "Workers Planned": 3, "Workers Launched": 3, "Single Copy": false, "Plans": [{"Node Type": "Aggregate", "Strategy": "Plain", "Partial Mode": "Partial", "Parent Relationship": "Outer", "Parallel Aware": false, "Async Capable": false, "Startup Cost": 87575.09, "Total Cost": 87575.1, "Plan Rows": 1, "Plan Width": 8, "Actual Rows": 1, "Actual Loops": 4, "Workers": [], "Plans": [{"Node Type": "Hash Join", "Parent Relationship": "Outer", "Parallel Aware": true, "Async Capable": false, "Join Type": "Inner", "Startup Cost": 71099.45, "Total Cost": 87573.83, "Plan Rows": 503, "Plan Width": 0, "Actual Rows": 289, "Actual Loops": 4, "Inner Unique": false, "Hash Cond": "(customer_demographics.cd_demo_sk = store_returns.sr_cdemo_sk)", "Workers": [], "Plans": [{"Node Type": "Nested Loop", "Parent Relationship": "Outer", "Parallel Aware": false, "Async Capable": false, "Join Type": "Inner", "Startup Cost": 6973.14, "Total Cost": 23445.06, "Plan Rows": 336, "Plan Width": 8, "Actual Rows": 199, "Actual Loops": 4, "Inner Unique": true, "Workers": [], "Plans": [{"Node Type": "Hash Join", "Parent Relationship": "Outer", "Parallel Aware": false, "Async Capable": false, "Join Type": "Inner", "Startup Cost": 6972.71, "Total Cost": 23281.3, "Plan Rows": 336, "Plan Width": 4, "Actual Rows": 202, "Actual Loops": 4, "Inner Unique": false, "Hash Cond": "(customer.c_current_hdemo_sk = household_demographics.hd_demo_sk)", "Workers": [], "Plans": [{"Node Type": "Hash Join", "Parent Relationship": "Outer", "Parallel Aware": true, "Async Capable": false, "Join Type": "Inner", "Startup Cost": 6800.95, "Total Cost": 23101.25, "Plan Rows": 1345, "Plan Width": 8, "Actual Rows": 1059, "Actual Loops": 4, "Inner Unique": true, "Hash Cond": "(customer.c_current_addr_sk = customer_address.ca_address_sk)", "Workers": [], "Plans": [{"Node Type": "Seq Scan", "Parent Relationship": "Outer", "Parallel Aware": true, "Async Capable": false, "Relation Name": "customer", "Alias": "customer", "Startup Cost": 0.0, "Total Cost": 15876.9, "Plan Rows": 161290, "Plan Width": 12, "Actual Rows": 125000, "Actual Loops": 4, "Workers": []}, {"Node Type": "Hash", "Parent Relationship": "Inner", "Parallel Aware": true, "Async Capable": false, "Startup Cost": 6790.08, "Total Cost": 6790.08, "Plan Rows": 869, "Plan Width": 4, "Actual Rows": 521, "Actual Loops": 4, "Hash Buckets": 4096, "Original Hash Buckets": 4096, "Hash Batches": 1, "Original Hash Batches": 1, "Peak Memory Usage": 160, "Workers": [], "Plans": [{"Node Type": "Seq Scan", "Parent Relationship": "Outer", "Parallel Aware": true, "Async Capable": false, "Relation Name": "customer_address", "Alias": "customer_address", "Startup Cost": 0.0, "Total Cost": 6790.08, "Plan Rows": 869, "Plan Width": 4, "Actual Rows": 521, "Actual Loops": 4, "Filter": "((ca_city)::text = 'Buena Vista'::text)", "Rows Removed by Filter": 61979, "Workers": []}]}]}, {"Node Type": "Hash", "Parent Relationship": "Inner", "Parallel Aware": false, "Async Capable": false, "Startup Cost": 149.27, "Total Cost": 149.27, "Plan Rows": 1800, "Plan Width": 4, "Actual Rows": 1440, "Actual Loops": 4, "Hash Buckets": 2048, "Original Hash Buckets": 2048, "Hash Batches": 1, "Original Hash Batches": 1, "Peak Memory Usage": 67, "Workers": [], "Plans": [{"Node Type": "Hash Join", "Parent Relationship": "Outer", "Parallel Aware": false, "Async Capable": false, "Join Type": "Inner", "Startup Cost": 1.36, "Total Cost": 149.27, "Plan Rows": 1800, "Plan Width": 4, "Actual Rows": 1440, "Actual Loops": 4, "Inner Unique": true, "Hash Cond": "(household_demographics.hd_income_band_sk = income_band.ib_income_band_sk)", "Workers": [], "Plans": [{"Node Type": "Seq Scan", "Parent Relationship": "Outer", "Parallel Aware": false, "Async Capable": false, "Relation Name": "household_demographics", "Alias": "household_demographics", "Startup Cost": 0.0, "Total Cost": 125.0, "Plan Rows": 7200, "Plan Width": 8, "Actual Rows": 7200, "Actual Loops": 4, "Workers": []}, {"Node Type": "Hash", "Parent Relationship": "Inner", "Parallel Aware": false, "Async Capable": false, "Startup Cost": 1.3, "Total Cost": 1.3, "Plan Rows": 5, "Plan Width": 4, "Actual Rows": 4, "Actual Loops": 4, "Hash Buckets": 1024, "Original Hash Buckets": 1024, "Hash Batches": 1, "Original Hash Batches": 1, "Peak Memory Usage": 9, "Workers": [], "Plans": [{"Node Type": "Seq Scan", "Parent Relationship": "Outer", "Parallel Aware": false, "Async Capable": false, "Relation Name": "income_band", "Alias": "income_band", "Startup Cost": 0.0, "Total Cost": 1.3, "Plan Rows": 5, "Plan Width": 4, "Actual Rows": 4, "Actual Loops": 4, "Filter": "((ib_lower_bound >= 5517) AND (ib_upper_bound <= 55517))", "Rows Removed by Filter": 16, "Workers": []}]}]}]}]}, {"Node Type": "Index Only Scan", "Parent Relationship": "Inner", "Parallel Aware": false, "Async Capable": false, "Scan Direction": "Forward", "Index Name": "customer_demographics_pkey", "Relation Name": "customer_demographics", "Alias": "customer_demographics", "Startup Cost": 0.43, "Total Cost": 0.49, "Plan Rows": 1, "Plan Width": 4, "Actual Rows": 1, "Actual Loops": 809, "Index Cond": "(cd_demo_sk = customer.c_current_cdemo_sk)", "Rows Removed by Index Recheck": 0, "Heap Fetches": 0, "Workers": []}]}, {"Node Type": "Hash", "Parent Relationship": "Inner", "Parallel Aware": true, "Async Capable": false, "Startup Cost": 55140.58, "Total Cost": 55140.58, "Plan Rows": 718858, "Plan Width": 4, "Actual Rows": 718858, "Actual Loops": 4, "Hash Buckets": 4194304, "Original Hash Buckets": 4194304, "Hash Batches": 1, "Original Hash Batches": 1, "Peak Memory Usage": 141440, "Workers": [], "Plans": [{"Node Type": "Seq Scan", "Parent Relationship": "Outer", "Parallel Aware": true, "Async Capable": false, "Relation Name": "store_returns", "Alias": "store_returns", "Startup Cost": 0.0, "Total Cost": 55140.58, "Plan Rows": 718858, "Plan Width": 4, "Actual Rows": 718858, "Actual Loops": 4, "Workers": []}]}]}]}]}]}, "Planning Time": 2.325, "Triggers": [], "Execution Time": 965.265}, {"Plan": {"Node Type": "Aggregate", "Strategy": "Plain", "Partial Mode": "Simple", "Parallel Aware": false, "Async Capable": false, "Startup Cost": 83494.19, "Total Cost": 83494.2, "Plan Rows": 1, "Plan Width": 8, "Actual Rows": 1, "Actual Loops": 1, "Plans": [{"Node Type": "Hash Join", "Parent Relationship": "Outer", "Parallel Aware": false, "Async Capable": false, "Join Type": "Inner", "Startup Cost": 83318.32, "Total Cost": 83490.29, "Plan Rows": 1560, "Plan Width": 0, "Actual Rows": 1157, "Actual Loops": 1, "Inner Unique": false, "Hash Cond": "(household_demographics.hd_demo_sk = customer.c_current_hdemo_sk)", "Plans": [{"Node Type": "Hash Join", "Parent Relationship": "Outer", "Parallel Aware": false, "Async Capable": false, "Join Type": "Inner", "Startup Cost": 1.36, "Total Cost": 149.27, "Plan Rows": 1800, "Plan Width": 4, "Actual Rows": 1440, "Actual Loops": 1, "Inner Unique": true, "Hash Cond": "(household_demographics.hd_income_band_sk = income_band.ib_income_band_sk)", "Plans": [{"Node Type": "Seq Scan", "Parent Relationship": "Outer", "Parallel Aware": false, "Async Capable": false, "Relation Name": "household_demographics", "Alias": "household_demographics", "Startup Cost": 0.0, "Total Cost": 125.0, "Plan Rows": 7200, "Plan Width": 8, "Actual Rows": 7200, "Actual Loops": 1}, {"Node Type": "Hash", "Parent Relationship": "Inner", "Parallel Aware": false, "Async Capable": false, "Startup Cost": 1.3, "Total Cost": 1.3, "Plan Rows": 5, "Plan Width": 4, "Actual Rows": 4, "Actual Loops": 1, "Hash Buckets": 1024, "Original Hash Buckets": 1024, "Hash Batches": 1, "Original Hash Batches": 1, "Peak Memory Usage": 9, "Plans": [{"Node Type": "Seq Scan", "Parent Relationship": "Outer", "Parallel Aware": false, "Async Capable": false, "Relation Name": "income_band", "Alias": "income_band", "Startup Cost": 0.0, "Total Cost": 1.3, "Plan Rows": 5, "Plan Width": 4, "Actual Rows": 4, "Actual Loops": 1, "Filter": "((ib_lower_bound >= 5517) AND (ib_upper_bound <= 55517))", "Rows Removed by Filter": 16}]}]}, {"Node Type": "Hash", "Parent Relationship": "Inner", "Parallel Aware": false, "Async Capable": false, "Startup Cost": 83238.94, "Total Cost": 83238.94, "Plan Rows": 6242, "Plan Width": 4, "Actual Rows": 5910, "Actual Loops": 1, "Hash Buckets": 8192, "Original Hash Buckets": 8192, "Hash Batches": 1, "Original Hash Batches": 1, "Peak Memory Usage": 272, "Plans": [{"Node Type": "Gather", "Parent Relationship": "Outer", "Parallel Aware": false, "Async Capable": false, "Startup Cost": 24773.58, "Total Cost": 83238.94, "Plan Rows": 6242, "Plan Width": 4, "Actual Rows": 5993, "Actual Loops": 1, "Workers Planned": 4, "Workers Launched": 4, "Single Copy": false, "Plans": [{"Node Type": "Hash Join", "Parent Relationship": "Outer", "Parallel Aware": true, "Async Capable": false, "Join Type": "Inner", "Startup Cost": 23773.58, "Total Cost": 81614.74, "Plan Rows": 1560, "Plan Width": 4, "Actual Rows": 1199, "Actual Loops": 5, "Inner Unique": false, "Hash Cond": "(store_returns.sr_cdemo_sk = customer_demographics.cd_demo_sk)", "Workers": [], "Plans": [{"Node Type": "Seq Scan", "Parent Relationship": "Outer", "Parallel Aware": true, "Async Capable": false, "Relation Name": "store_returns", "Alias": "store_returns", "Startup Cost": 0.0, "Total Cost": 55140.58, "Plan Rows": 718858, "Plan Width": 4, "Actual Rows": 575086, "Actual Loops": 5, "Workers": []}, {"Node Type": "Hash", "Parent Relationship": "Inner", "Parallel Aware": true, "Async Capable": false, "Startup Cost": 23756.77, "Total Cost": 23756.77, "Plan Rows": 1345, "Plan Width": 12, "Actual Rows": 821, "Actual Loops": 5, "Hash Buckets": 8192, "Original Hash Buckets": 8192, "Hash Batches": 1, "Original Hash Batches": 1, "Peak Memory Usage": 352, "Workers": [], "Plans": [{"Node Type": "Nested Loop", "Parent Relationship": "Outer", "Parallel Aware": false, "Async Capable": false, "Join Type": "Inner", "Startup Cost": 6801.37, "Total Cost": 23756.77, "Plan Rows": 1345, "Plan Width": 12, "Actual Rows": 821, "Actual Loops": 5, "Inner Unique": true, "Workers": [], "Plans": [{"Node Type": "Hash Join", "Parent Relationship": "Outer", "Parallel Aware": true, "Async Capable": false, "Join Type": "Inner", "Startup Cost": 6800.95, "Total Cost": 23101.25, "Plan Rows": 1345, "Plan Width": 8, "Actual Rows": 847, "Actual Loops": 5, "Inner Unique": true, "Hash Cond": "(customer.c_current_addr_sk = customer_address.ca_address_sk)", "Workers": [], "Plans": [{"Node Type": "Seq Scan", "Parent Relationship": "Outer", "Parallel Aware": true, "Async Capable": false, "Relation Name": "customer", "Alias": "customer", "Startup Cost": 0.0, "Total Cost": 15876.9, "Plan Rows": 161290, "Plan Width": 12, "Actual Rows": 100000, "Actual Loops": 5, "Workers": []}, {"Node Type": "Hash", "Parent Relationship": "Inner", "Parallel Aware": true, "Async Capable": false, "Startup Cost": 6790.08, "Total Cost": 6790.08, "Plan Rows": 869, "Plan Width": 4, "Actual Rows": 417, "Actual Loops": 5, "Hash Buckets": 4096, "Original Hash Buckets": 4096, "Hash Batches": 1, "Original Hash Batches": 1, "Peak Memory Usage": 192, "Workers": [], "Plans": [{"Node Type": "Seq Scan", "Parent Relationship": "Outer", "Parallel Aware": true, "Async Capable": false, "Relation Name": "customer_address", "Alias": "customer_address", "Startup Cost": 0.0, "Total Cost": 6790.08, "Plan Rows": 869, "Plan Width": 4, "Actual Rows": 417, "Actual Loops": 5, "Filter": "((ca_city)::text = 'Buena Vista'::text)", "Rows Removed by Filter": 49583, "Workers": []}]}]}, {"Node Type": "Index Only Scan", "Parent Relationship": "Inner", "Parallel Aware": false, "Async Capable": false, "Scan Direction": "Forward", "Index Name": "customer_demographics_pkey", "Relation Name": "customer_demographics", "Alias": "customer_demographics", "Startup Cost": 0.43, "Total Cost": 0.49, "Plan Rows": 1, "Plan Width": 4, "Actual Rows": 1, "Actual Loops": 4237, "Index Cond": "(cd_demo_sk = customer.c_current_cdemo_sk)", "Rows Removed by Index Recheck": 0, "Heap Fetches": 0, "Workers": []}]}]}]}]}]}]}]}, "Planning Time": 2.259, "Triggers": [], "Execution Time": 256.129}, {"Plan": {"Node Type": "Aggregate", "Strategy": "Plain", "Partial Mode": "Finalize", "Parallel Aware": false, "Async Capable": false, "Startup Cost": 82406.39, "Total Cost": 82406.4, "Plan Rows": 1, "Plan Width": 8, "Actual Rows": 1, "Actual Loops": 1, "Plans": [{"Node Type": "Gather", "Parent Relationship": "Outer", "Parallel Aware": false, "Async Capable": false, "Startup Cost": 82405.97, "Total Cost": 82406.38, "Plan Rows": 4, "Plan Width": 8, "Actual Rows": 5, "Actual Loops": 1, "Workers Planned": 4, "Workers Launched": 4, "Single Copy": false, "Plans": [{"Node Type": "Aggregate", "Strategy": "Plain", "Partial Mode": "Partial", "Parent Relationship": "Outer", "Parallel Aware": false, "Async Capable": false, "Startup Cost": 81405.97, "Total Cost": 81405.98, "Plan Rows": 1, "Plan Width": 8, "Actual Rows": 1, "Actual Loops": 5, "Workers": [], "Plans": [{"Node Type": "Nested Loop", "Parent Relationship": "Outer", "Parallel Aware": false, "Async Capable": false, "Join Type": "Inner", "Startup Cost": 23285.93, "Total Cost": 81404.99, "Plan Rows": 390, "Plan Width": 0, "Actual Rows": 231, "Actual Loops": 5, "Inner Unique": true, "Join Filter": "(customer_demographics.cd_demo_sk = customer.c_current_cdemo_sk)", "Rows Removed by Join Filter": 0, "Workers": [], "Plans": [{"Node Type": "Hash Join", "Parent Relationship": "Outer", "Parallel Aware": true, "Async Capable": false, "Join Type": "Inner", "Startup Cost": 23285.5, "Total Cost": 81123.75, "Plan Rows": 605, "Plan Width": 8, "Actual Rows": 231, "Actual Loops": 5, "Inner Unique": false, "Hash Cond": "(store_returns.sr_cdemo_sk = customer.c_current_cdemo_sk)", "Workers": [], "Plans": [{"Node Type": "Seq Scan", "Parent Relationship": "Outer", "Parallel Aware": true, "Async Capable": false, "Relation Name": "store_returns", "Alias": "store_returns", "Startup Cost": 0.0, "Total Cost": 55140.58, "Plan Rows": 718858, "Plan Width": 4, "Actual Rows": 575086, "Actual Loops": 5, "Workers": []}, {"Node Type": "Hash", "Parent Relationship": "Inner", "Parallel Aware": true, "Async Capable": false, "Startup Cost": 23281.3, "Total Cost": 23281.3, "Plan Rows": 336, "Plan Width": 4, "Actual Rows": 162, "Actual Loops": 5, "Hash Buckets": 2048, "Original Hash Buckets": 2048, "Hash Batches": 1, "Original Hash Batches": 1, "Peak Memory Usage": 176, "Workers": [], "Plans": [{"Node Type": "Hash Join", "Parent Relationship": "Outer", "Parallel Aware": false, "Async Capable": false, "Join Type": "Inner", "Startup Cost": 6972.71, "Total Cost": 23281.3, "Plan Rows": 336, "Plan Width": 4, "Actual Rows": 162, "Actual Loops": 5, "Inner Unique": false, "Hash Cond": "(customer.c_current_hdemo_sk = household_demographics.hd_demo_sk)", "Workers": [], "Plans": [{"Node Type": "Hash Join", "Parent Relationship": "Outer", "Parallel Aware": true, "Async Capable": false, "Join Type": "Inner", "Startup Cost": 6800.95, "Total Cost": 23101.25, "Plan Rows": 1345, "Plan Width": 8, "Actual Rows": 847, "Actual Loops": 5, "Inner Unique": true, "Hash Cond": "(customer.c_current_addr_sk = customer_address.ca_address_sk)", "Workers": [], "Plans": [{"Node Type": "Seq Scan", "Parent Relationship": "Outer", "Parallel Aware": true, "Async Capable": false, "Relation Name": "customer", "Alias": "customer", "Startup Cost": 0.0, "Total Cost": 15876.9, "Plan Rows": 161290, "Plan Width": 12, "Actual Rows": 100000, "Actual Loops": 5, "Workers": []}, {"Node Type": "Hash", "Parent Relationship": "Inner", "Parallel Aware": true, "Async Capable": false, "Startup Cost": 6790.08, "Total Cost": 6790.08, "Plan Rows": 869, "Plan Width": 4, "Actual Rows": 417, "Actual Loops": 5, "Hash Buckets": 4096, "Original Hash Buckets": 4096, "Hash Batches": 1, "Original Hash Batches": 1, "Peak Memory Usage": 192, "Workers": [], "Plans": [{"Node Type": "Seq Scan", "Parent Relationship": "Outer", "Parallel Aware": true, "Async Capable": false, "Relation Name": "customer_address", "Alias": "customer_address", "Startup Cost": 0.0, "Total Cost": 6790.08, "Plan Rows": 869, "Plan Width": 4, "Actual Rows": 417, "Actual Loops": 5, "Filter": "((ca_city)::text = 'Buena Vista'::text)", "Rows Removed by Filter": 49583, "Workers": []}]}]}, {"Node Type": "Hash", "Parent Relationship": "Inner", "Parallel Aware": false, "Async Capable": false, "Startup Cost": 149.27, "Total Cost": 149.27, "Plan Rows": 1800, "Plan Width": 4, "Actual Rows": 1440, "Actual Loops": 5, "Hash Buckets": 2048, "Original Hash Buckets": 2048, "Hash Batches": 1, "Original Hash Batches": 1, "Peak Memory Usage": 67, "Workers": [], "Plans": [{"Node Type": "Hash Join", "Parent Relationship": "Outer", "Parallel Aware": false, "Async Capable": false, "Join Type": "Inner", "Startup Cost": 1.36, "Total Cost": 149.27, "Plan Rows": 1800, "Plan Width": 4, "Actual Rows": 1440, "Actual Loops": 5, "Inner Unique": true, "Hash Cond": "(household_demographics.hd_income_band_sk = income_band.ib_income_band_sk)", "Workers": [], "Plans": [{"Node Type": "Seq Scan", "Parent Relationship": "Outer", "Parallel Aware": false, "Async Capable": false, "Relation Name": "household_demographics", "Alias": "household_demographics", "Startup Cost": 0.0, "Total Cost": 125.0, "Plan Rows": 7200, "Plan Width": 8, "Actual Rows": 7200, "Actual Loops": 5, "Workers": []}, {"Node Type": "Hash", "Parent Relationship": "Inner", "Parallel Aware": false, "Async Capable": false, "Startup Cost": 1.3, "Total Cost": 1.3, "Plan Rows": 5, "Plan Width": 4, "Actual Rows": 4, "Actual Loops": 5, "Hash Buckets": 1024, "Original Hash Buckets": 1024, "Hash Batches": 1, "Original Hash Batches": 1, "Peak Memory Usage": 9, "Workers": [], "Plans": [{"Node Type": "Seq Scan", "Parent Relationship": "Outer", "Parallel Aware": false, "Async Capable": false, "Relation Name": "income_band", "Alias": "income_band", "Startup Cost": 0.0, "Total Cost": 1.3, "Plan Rows": 5, "Plan Width": 4, "Actual Rows": 4, "Actual Loops": 5, "Filter": "((ib_lower_bound >= 5517) AND (ib_upper_bound <= 55517))", "Rows Removed by Filter": 16, "Workers": []}]}]}]}]}]}]}, {"Node Type": "Index Only Scan", "Parent Relationship": "Inner", "Parallel Aware": false, "Async Capable": false, "Scan Direction": "Forward", "Index Name": "customer_demographics_pkey", "Relation Name": "customer_demographics", "Alias": "customer_demographics", "Startup Cost": 0.43, "Total Cost": 0.45, "Plan Rows": 1, "Plan Width": 4, "Actual Rows": 1, "Actual Loops": 1157, "Index Cond": "(cd_demo_sk = store_returns.sr_cdemo_sk)", "Rows Removed by Index Recheck": 0, "Heap Fetches": 0, "Workers": []}]}]}]}]}, "Planning Time": 2.413, "Triggers": [], "Execution Time": 201.467}]