[{"Plan": {"Node Type": "Aggregate", "Strategy": "Plain", "Partial Mode": "Simple", "Parallel Aware": false, "Async Capable": false, "Startup Cost": 63664.33, "Total Cost": 63664.34, "Plan Rows": 1, "Plan Width": 8, "Actual Rows": 1, "Actual Loops": 1, "Plans": [{"Node Type": "Nested Loop", "Parent Relationship": "Outer", "Parallel Aware": false, "Async Capable": false, "Join Type": "Inner", "Startup Cost": 3018.74, "Total Cost": 63664.33, "Plan Rows": 1, "Plan Width": 0, "Actual Rows": 6, "Actual Loops": 1, "Inner Unique": true, "Plans": [{"Node Type": "Nested Loop", "Parent Relationship": "Outer", "Parallel Aware": false, "Async Capable": false, "Join Type": "Inner", "Startup Cost": 3018.45, "Total Cost": 63664.02, "Plan Rows": 1, "Plan Width": 12, "Actual Rows": 6, "Actual Loops": 1, "Inner Unique": true, "Plans": [{"Node Type": "Nested Loop", "Parent Relationship": "Outer", "Parallel Aware": false, "Async Capable": false, "Join Type": "Inner", "Startup Cost": 3018.31, "Total Cost": 63663.86, "Plan Rows": 1, "Plan Width": 16, "Actual Rows": 6, "Actual Loops": 1, "Inner Unique": true, "Plans": [{"Node Type": "Nested Loop", "Parent Relationship": "Outer", "Parallel Aware": false, "Async Capable": false, "Join Type": "Inner", "Startup Cost": 3018.02, "Total Cost": 63663.55, "Plan Rows": 1, "Plan Width": 20, "Actual Rows": 19, "Actual Loops": 1, "Inner Unique": true, "Plans": [{"Node Type": "Nested Loop", "Parent Relationship": "Outer", "Parallel Aware": false, "Async Capable": false, "Join Type": "Inner", "Startup Cost": 3017.72, "Total Cost": 63663.23, "Plan Rows": 1, "Plan Width": 24, "Actual Rows": 103, "Actual Loops": 1, "Inner Unique": false, "Plans": [{"Node Type": "Gather", "Parent Relationship": "Outer", "Parallel Aware": false, "Async Capable": false, "Startup Cost": 3017.29, "Total Cost": 63659.63, "Plan Rows": 1, "Plan Width": 24, "Actual Rows": 302042, "Actual Loops": 1, "Workers Planned": 4, "Workers Launched": 4, "Single Copy": false, "Plans": [{"Node Type": "Nested Loop", "Parent Relationship": "Outer", "Parallel Aware": false, "Async Capable": false, "Join Type": "Inner", "Startup Cost": 2017.29, "Total Cost": 62659.53, "Plan Rows": 1, "Plan Width": 24, "Actual Rows": 60408, "Actual Loops": 5, "Inner Unique": true, "Workers": [], "Plans": [{"Node Type": "Hash Join", "Parent Relationship": "Outer", "Parallel Aware": true, "Async Capable": false, "Join Type": "Inner", "Startup Cost": 2016.85, "Total Cost": 59044.53, "Plan Rows": 2686, "Plan Width": 12, "Actual Rows": 81489, "Actual Loops": 5, "Inner Unique": true, "Hash Cond": "(store_returns.sr_returned_date_sk = d2.d_date_sk)", "Workers": [], "Plans": [{"Node Type": "Seq Scan", "Parent Relationship": "Outer", "Parallel Aware": true, "Async Capable": false, "Relation Name": "store_returns", "Alias": "store_returns", "Startup Cost": 0.0, "Total Cost": 55140.58, "Plan Rows": 718858, "Plan Width": 16, "Actual Rows": 575086, "Actual Loops": 5, "Workers": []}, {"Node Type": "Hash", "Parent Relationship": "Inner", "Parallel Aware": true, "Async Capable": false, "Startup Cost": 2014.84, "Total Cost": 2014.84, "Plan Rows": 161, "Plan Width": 4, "Actual Rows": 55, "Actual Loops": 5, "Hash Buckets": 1024, "Original Hash Buckets": 1024, "Hash Batches": 1, "Original Hash Batches": 1, "Peak Memory Usage": 168, "Workers": [], "Plans": [{"Node Type": "Seq Scan", "Parent Relationship": "Outer", "Parallel Aware": true, "Async Capable": false, "Relation Name": "date_dim", "Alias": "d2", "Startup Cost": 0.0, "Total Cost": 2014.84, "Plan Rows": 161, "Plan Width": 4, "Actual Rows": 55, "Actual Loops": 5, "Filter": "(d_quarter_name = ANY ('{2002Q1,2002Q2,2002Q3}'::bpchar[]))", "Rows Removed by Filter": 14555, "Workers": []}]}]}, {"Node Type": "Index Scan", "Parent Relationship": "Inner", "Parallel Aware": false, "Async Capable": false, "Scan Direction": "Forward", "Index Name": "store_sales_pkey", "Relation Name": "store_sales", "Alias": "store_sales", "Startup Cost": 0.44, "Total Cost": 1.34, "Plan Rows": 1, "Plan Width": 20, "Actual Rows": 1, "Actual Loops": 407447, "Index Cond": "((ss_item_sk = store_returns.sr_item_sk) AND (ss_ticket_number = store_returns.sr_ticket_number))", "Rows Removed by Index Recheck": 0, "Filter": "(store_returns.sr_customer_sk = ss_customer_sk)", "Rows Removed by Filter": 0, "Workers": []}]}]}, {"Node Type": "Index Scan", "Parent Relationship": "Inner", "Parallel Aware": false, "Async Capable": false, "Scan Direction": "Forward", "Index Name": "catalog_sales_pkey", "Relation Name": "catalog_sales", "Alias": "catalog_sales", "Startup Cost": 0.43, "Total Cost": 3.59, "Plan Rows": 1, "Plan Width": 12, "Actual Rows": 0, "Actual Loops": 302042, "Index Cond": "(cs_item_sk = store_sales.ss_item_sk)", "Rows Removed by Index Recheck": 0, "Filter": "(cs_bill_customer_sk = store_sales.ss_customer_sk)", "Rows Removed by Filter": 161}]}, {"Node Type": "Index Scan", "Parent Relationship": "Inner", "Parallel Aware": false, "Async Capable": false, "Scan Direction": "Forward", "Index Name": "date_dim_pkey", "Relation Name": "date_dim", "Alias": "d1", "Startup Cost": 0.29, "Total Cost": 0.31, "Plan Rows": 1, "Plan Width": 4, "Actual Rows": 0, "Actual Loops": 103, "Index Cond": "(d_date_sk = store_sales.ss_sold_date_sk)", "Rows Removed by Index Recheck": 0, "Filter": "(d_quarter_name = '2002Q1'::bpchar)", "Rows Removed by Filter": 1}]}, {"Node Type": "Index Scan", "Parent Relationship": "Inner", "Parallel Aware": false, "Async Capable": false, "Scan Direction": "Forward", "Index Name": "date_dim_pkey", "Relation Name": "date_dim", "Alias": "d3", "Startup Cost": 0.29, "Total Cost": 0.31, "Plan Rows": 1, "Plan Width": 4, "Actual Rows": 0, "Actual Loops": 19, "Index Cond": "(d_date_sk = catalog_sales.cs_sold_date_sk)", "Rows Removed by Index Recheck": 0, "Filter": "(d_quarter_name = ANY ('{2002Q1,2002Q2,2002Q3}'::bpchar[]))", "Rows Removed by Filter": 1}]}, {"Node Type": "Index Only Scan", "Parent Relationship": "Inner", "Parallel Aware": false, "Async Capable": false, "Scan Direction": "Forward", "Index Name": "store_pkey", "Relation Name": "store", "Alias": "store", "Startup Cost": 0.14, "Total Cost": 0.16, "Plan Rows": 1, "Plan Width": 4, "Actual Rows": 1, "Actual Loops": 6, "Index Cond": "(s_store_sk = store_sales.ss_store_sk)", "Rows Removed by Index Recheck": 0, "Heap Fetches": 6}]}, {"Node Type": "Index Only Scan", "Parent Relationship": "Inner", "Parallel Aware": false, "Async Capable": false, "Scan Direction": "Forward", "Index Name": "item_pkey", "Relation Name": "item", "Alias": "item", "Startup Cost": 0.29, "Total Cost": 0.31, "Plan Rows": 1, "Plan Width": 4, "Actual Rows": 1, "Actual Loops": 6, "Index Cond": "(i_item_sk = store_sales.ss_item_sk)", "Rows Removed by Index Recheck": 0, "Heap Fetches": 0}]}]}, "Planning Time": 12.443, "Triggers": [], "Execution Time": 389731.86}, {"Plan": {"Node Type": "Aggregate", "Strategy": "Plain", "Partial Mode": "Simple", "Parallel Aware": false, "Async Capable": false, "Startup Cost": 473747.46, "Total Cost": 473747.47, "Plan Rows": 1, "Plan Width": 8, "Actual Rows": 1, "Actual Loops": 1, "Plans": [{"Node Type": "Gather", "Parent Relationship": "Outer", "Parallel Aware": false, "Async Capable": false, "Startup Cost": 413105.06, "Total Cost": 473747.46, "Plan Rows": 1, "Plan Width": 0, "Actual Rows": 6, "Actual Loops": 1, "Workers Planned": 4, "Workers Launched": 4, "Single Copy": false, "Plans": [{"Node Type": "Hash Join", "Parent Relationship": "Outer", "Parallel Aware": true, "Async Capable": false, "Join Type": "Inner", "Startup Cost": 412105.06, "Total Cost": 472747.36, "Plan Rows": 1, "Plan Width": 0, "Actual Rows": 1, "Actual Loops": 5, "Inner Unique": false, "Hash Cond": "((store_sales.ss_item_sk = item.i_item_sk) AND (store_sales.ss_customer_sk = catalog_sales.cs_bill_customer_sk))", "Workers": [], "Plans": [{"Node Type": "Nested Loop", "Parent Relationship": "Outer", "Parallel Aware": false, "Async Capable": false, "Join Type": "Inner", "Startup Cost": 2017.72, "Total Cost": 62660.0, "Plan Rows": 1, "Plan Width": 16, "Actual Rows": 12131, "Actual Loops": 5, "Inner Unique": true, "Workers": [], "Plans": [{"Node Type": "Nested Loop", "Parent Relationship": "Outer", "Parallel Aware": false, "Async Capable": false, "Join Type": "Inner", "Startup Cost": 2017.58, "Total Cost": 62659.84, "Plan Rows": 1, "Plan Width": 20, "Actual Rows": 12264, "Actual Loops": 5, "Inner Unique": true, "Workers": [], "Plans": [{"Node Type": "Nested Loop", "Parent Relationship": "Outer", "Parallel Aware": false, "Async Capable": false, "Join Type": "Inner", "Startup Cost": 2017.29, "Total Cost": 62659.53, "Plan Rows": 1, "Plan Width": 24, "Actual Rows": 60408, "Actual Loops": 5, "Inner Unique": true, "Workers": [], "Plans": [{"Node Type": "Hash Join", "Parent Relationship": "Outer", "Parallel Aware": true, "Async Capable": false, "Join Type": "Inner", "Startup Cost": 2016.85, "Total Cost": 59044.53, "Plan Rows": 2686, "Plan Width": 12, "Actual Rows": 81489, "Actual Loops": 5, "Inner Unique": true, "Hash Cond": "(store_returns.sr_returned_date_sk = d2.d_date_sk)", "Workers": [], "Plans": [{"Node Type": "Seq Scan", "Parent Relationship": "Outer", "Parallel Aware": true, "Async Capable": false, "Relation Name": "store_returns", "Alias": "store_returns", "Startup Cost": 0.0, "Total Cost": 55140.58, "Plan Rows": 718858, "Plan Width": 16, "Actual Rows": 575086, "Actual Loops": 5, "Workers": []}, {"Node Type": "Hash", "Parent Relationship": "Inner", "Parallel Aware": true, "Async Capable": false, "Startup Cost": 2014.84, "Total Cost": 2014.84, "Plan Rows": 161, "Plan Width": 4, "Actual Rows": 55, "Actual Loops": 5, "Hash Buckets": 1024, "Original Hash Buckets": 1024, "Hash Batches": 1, "Original Hash Batches": 1, "Peak Memory Usage": 168, "Workers": [], "Plans": [{"Node Type": "Seq Scan", "Parent Relationship": "Outer", "Parallel Aware": true, "Async Capable": false, "Relation Name": "date_dim", "Alias": "d2", "Startup Cost": 0.0, "Total Cost": 2014.84, "Plan Rows": 161, "Plan Width": 4, "Actual Rows": 55, "Actual Loops": 5, "Filter": "(d_quarter_name = ANY ('{2002Q1,2002Q2,2002Q3}'::bpchar[]))", "Rows Removed by Filter": 14555, "Workers": []}]}]}, {"Node Type": "Index Scan", "Parent Relationship": "Inner", "Parallel Aware": false, "Async Capable": false, "Scan Direction": "Forward", "Index Name": "store_sales_pkey", "Relation Name": "store_sales", "Alias": "store_sales", "Startup Cost": 0.44, "Total Cost": 1.34, "Plan Rows": 1, "Plan Width": 20, "Actual Rows": 1, "Actual Loops": 407447, "Index Cond": "((ss_item_sk = store_returns.sr_item_sk) AND (ss_ticket_number = store_returns.sr_ticket_number))", "Rows Removed by Index Recheck": 0, "Filter": "(store_returns.sr_customer_sk = ss_customer_sk)", "Rows Removed by Filter": 0, "Workers": []}]}, {"Node Type": "Index Scan", "Parent Relationship": "Inner", "Parallel Aware": false, "Async Capable": false, "Scan Direction": "Forward", "Index Name": "date_dim_pkey", "Relation Name": "date_dim", "Alias": "d1", "Startup Cost": 0.29, "Total Cost": 0.31, "Plan Rows": 1, "Plan Width": 4, "Actual Rows": 0, "Actual Loops": 302042, "Index Cond": "(d_date_sk = store_sales.ss_sold_date_sk)", "Rows Removed by Index Recheck": 0, "Filter": "(d_quarter_name = '2002Q1'::bpchar)", "Rows Removed by Filter": 1, "Workers": []}]}, {"Node Type": "Index Only Scan", "Parent Relationship": "Inner", "Parallel Aware": false, "Async Capable": false, "Scan Direction": "Forward", "Index Name": "store_pkey", "Relation Name": "store", "Alias": "store", "Startup Cost": 0.14, "Total Cost": 0.16, "Plan Rows": 1, "Plan Width": 4, "Actual Rows": 1, "Actual Loops": 61320, "Index Cond": "(s_store_sk = store_sales.ss_store_sk)", "Rows Removed by Index Recheck": 0, "Heap Fetches": 60655, "Workers": []}]}, {"Node Type": "Hash", "Parent Relationship": "Inner", "Parallel Aware": true, "Async Capable": false, "Startup Cost": 409952.79, "Total Cost": 409952.79, "Plan Rows": 8970, "Plan Width": 12, "Actual Rows": 318426, "Actual Loops": 5, "Hash Buckets": 2097152, "Original Hash Buckets": 65536, "Hash Batches": 1, "Original Hash Batches": 1, "Peak Memory Usage": 106848, "Workers": [], "Plans": [{"Node Type": "Merge Join", "Parent Relationship": "Outer", "Parallel Aware": false, "Async Capable": false, "Join Type": "Inner", "Startup Cost": 406869.13, "Total Cost": 409952.79, "Plan Rows": 8970, "Plan Width": 12, "Actual Rows": 318426, "Actual Loops": 5, "Inner Unique": true, "Merge Cond": "(catalog_sales.cs_item_sk = item.i_item_sk)", "Workers": [], "Plans": [{"Node Type": "Sort", "Parent Relationship": "Outer", "Parallel Aware": false, "Async Capable": false, "Startup Cost": 406868.84, "Total Cost": 406891.26, "Plan Rows": 8970, "Plan Width": 8, "Actual Rows": 318426, "Actual Loops": 5, "Sort Key": ["catalog_sales.cs_item_sk"], "Sort Method": "quicksort", "Sort Space Used": 21180, "Sort Space Type": "Memory", "Workers": [{"Worker Number": 0, "Sort Method": "quicksort", "Sort Space Used": 22935, "Sort Space Type": "Memory"}, {"Worker Number": 1, "Sort Method": "quicksort", "Sort Space Used": 22713, "Sort Space Type": "Memory"}, {"Worker Number": 2, "Sort Method": "quicksort", "Sort Space Used": 21485, "Sort Space Type": "Memory"}, {"Worker Number": 3, "Sort Method": "quicksort", "Sort Space Used": 22882, "Sort Space Type": "Memory"}], "Plans": [{"Node Type": "Hash Join", "Parent Relationship": "Outer", "Parallel Aware": true, "Async Capable": false, "Join Type": "Inner", "Startup Cost": 2016.85, "Total Cost": 406279.92, "Plan Rows": 8970, "Plan Width": 8, "Actual Rows": 318426, "Actual Loops": 5, "Inner Unique": true, "Hash Cond": "(catalog_sales.cs_sold_date_sk = d3.d_date_sk)", "Workers": [], "Plans": [{"Node Type": "Seq Scan", "Parent Relationship": "Outer", "Parallel Aware": true, "Async Capable": false, "Relation Name": "catalog_sales", "Alias": "catalog_sales", "Startup Cost": 0.0, "Total Cost": 397962.14, "Plan Rows": 2400214, "Plan Width": 12, "Actual Rows": 2880252, "Actual Loops": 5, "Workers": []}, {"Node Type": "Hash", "Parent Relationship": "Inner", "Parallel Aware": true, "Async Capable": false, "Startup Cost": 2014.84, "Total Cost": 2014.84, "Plan Rows": 161, "Plan Width": 4, "Actual Rows": 55, "Actual Loops": 5, "Hash Buckets": 1024, "Original Hash Buckets": 1024, "Hash Batches": 1, "Original Hash Batches": 1, "Peak Memory Usage": 168, "Workers": [], "Plans": [{"Node Type": "Seq Scan", "Parent Relationship": "Outer", "Parallel Aware": true, "Async Capable": false, "Relation Name": "date_dim", "Alias": "d3", "Startup Cost": 0.0, "Total Cost": 2014.84, "Plan Rows": 161, "Plan Width": 4, "Actual Rows": 55, "Actual Loops": 5, "Filter": "(d_quarter_name = ANY ('{2002Q1,2002Q2,2002Q3}'::bpchar[]))", "Rows Removed by Filter": 14555, "Workers": []}]}]}]}, {"Node Type": "Index Only Scan", "Parent Relationship": "Inner", "Parallel Aware": false, "Async Capable": false, "Scan Direction": "Forward", "Index Name": "item_pkey", "Relation Name": "item", "Alias": "item", "Startup Cost": 0.29, "Total Cost": 2694.4, "Plan Rows": 102000, "Plan Width": 4, "Actual Rows": 102000, "Actual Loops": 5, "Heap Fetches": 0, "Workers": []}]}]}]}]}]}, "Planning Time": 5.967, "Triggers": [], "Execution Time": 3484.161}, {"Plan": {"Node Type": "Aggregate", "Strategy": "Plain", "Partial Mode": "Simple", "Parallel Aware": false, "Async Capable": false, "Startup Cost": 63664.33, "Total Cost": 63664.34, "Plan Rows": 1, "Plan Width": 8, "Actual Rows": 1, "Actual Loops": 1, "Plans": [{"Node Type": "Nested Loop", "Parent Relationship": "Outer", "Parallel Aware": false, "Async Capable": false, "Join Type": "Inner", "Startup Cost": 3018.74, "Total Cost": 63664.33, "Plan Rows": 1, "Plan Width": 0, "Actual Rows": 6, "Actual Loops": 1, "Inner Unique": true, "Plans": [{"Node Type": "Nested Loop", "Parent Relationship": "Outer", "Parallel Aware": false, "Async Capable": false, "Join Type": "Inner", "Startup Cost": 3018.45, "Total Cost": 63664.02, "Plan Rows": 1, "Plan Width": 12, "Actual Rows": 6, "Actual Loops": 1, "Inner Unique": true, "Plans": [{"Node Type": "Nested Loop", "Parent Relationship": "Outer", "Parallel Aware": false, "Async Capable": false, "Join Type": "Inner", "Startup Cost": 3018.31, "Total Cost": 63663.86, "Plan Rows": 1, "Plan Width": 16, "Actual Rows": 6, "Actual Loops": 1, "Inner Unique": true, "Plans": [{"Node Type": "Nested Loop", "Parent Relationship": "Outer", "Parallel Aware": false, "Async Capable": false, "Join Type": "Inner", "Startup Cost": 3018.02, "Total Cost": 63663.55, "Plan Rows": 1, "Plan Width": 20, "Actual Rows": 19, "Actual Loops": 1, "Inner Unique": true, "Plans": [{"Node Type": "Nested Loop", "Parent Relationship": "Outer", "Parallel Aware": false, "Async Capable": false, "Join Type": "Inner", "Startup Cost": 3017.72, "Total Cost": 63663.23, "Plan Rows": 1, "Plan Width": 24, "Actual Rows": 103, "Actual Loops": 1, "Inner Unique": false, "Plans": [{"Node Type": "Gather", "Parent Relationship": "Outer", "Parallel Aware": false, "Async Capable": false, "Startup Cost": 3017.29, "Total Cost": 63659.63, "Plan Rows": 1, "Plan Width": 24, "Actual Rows": 302042, "Actual Loops": 1, "Workers Planned": 4, "Workers Launched": 4, "Single Copy": false, "Plans": [{"Node Type": "Nested Loop", "Parent Relationship": "Outer", "Parallel Aware": false, "Async Capable": false, "Join Type": "Inner", "Startup Cost": 2017.29, "Total Cost": 62659.53, "Plan Rows": 1, "Plan Width": 24, "Actual Rows": 60408, "Actual Loops": 5, "Inner Unique": true, "Workers": [], "Plans": [{"Node Type": "Hash Join", "Parent Relationship": "Outer", "Parallel Aware": true, "Async Capable": false, "Join Type": "Inner", "Startup Cost": 2016.85, "Total Cost": 59044.53, "Plan Rows": 2686, "Plan Width": 12, "Actual Rows": 81489, "Actual Loops": 5, "Inner Unique": true, "Hash Cond": "(store_returns.sr_returned_date_sk = d2.d_date_sk)", "Workers": [], "Plans": [{"Node Type": "Seq Scan", "Parent Relationship": "Outer", "Parallel Aware": true, "Async Capable": false, "Relation Name": "store_returns", "Alias": "store_returns", "Startup Cost": 0.0, "Total Cost": 55140.58, "Plan Rows": 718858, "Plan Width": 16, "Actual Rows": 575086, "Actual Loops": 5, "Workers": []}, {"Node Type": "Hash", "Parent Relationship": "Inner", "Parallel Aware": true, "Async Capable": false, "Startup Cost": 2014.84, "Total Cost": 2014.84, "Plan Rows": 161, "Plan Width": 4, "Actual Rows": 55, "Actual Loops": 5, "Hash Buckets": 1024, "Original Hash Buckets": 1024, "Hash Batches": 1, "Original Hash Batches": 1, "Peak Memory Usage": 168, "Workers": [], "Plans": [{"Node Type": "Seq Scan", "Parent Relationship": "Outer", "Parallel Aware": true, "Async Capable": false, "Relation Name": "date_dim", "Alias": "d2", "Startup Cost": 0.0, "Total Cost": 2014.84, "Plan Rows": 161, "Plan Width": 4, "Actual Rows": 55, "Actual Loops": 5, "Filter": "(d_quarter_name = ANY ('{2002Q1,2002Q2,2002Q3}'::bpchar[]))", "Rows Removed by Filter": 14555, "Workers": []}]}]}, {"Node Type": "Index Scan", "Parent Relationship": "Inner", "Parallel Aware": false, "Async Capable": false, "Scan Direction": "Forward", "Index Name": "store_sales_pkey", "Relation Name": "store_sales", "Alias": "store_sales", "Startup Cost": 0.44, "Total Cost": 1.34, "Plan Rows": 1, "Plan Width": 20, "Actual Rows": 1, "Actual Loops": 407447, "Index Cond": "((ss_item_sk = store_returns.sr_item_sk) AND (ss_ticket_number = store_returns.sr_ticket_number))", "Rows Removed by Index Recheck": 0, "Filter": "(store_returns.sr_customer_sk = ss_customer_sk)", "Rows Removed by Filter": 0, "Workers": []}]}]}, {"Node Type": "Index Scan", "Parent Relationship": "Inner", "Parallel Aware": false, "Async Capable": false, "Scan Direction": "Forward", "Index Name": "catalog_sales_pkey", "Relation Name": "catalog_sales", "Alias": "catalog_sales", "Startup Cost": 0.43, "Total Cost": 3.59, "Plan Rows": 1, "Plan Width": 12, "Actual Rows": 0, "Actual Loops": 302042, "Index Cond": "(cs_item_sk = store_sales.ss_item_sk)", "Rows Removed by Index Recheck": 0, "Filter": "(cs_bill_customer_sk = store_sales.ss_customer_sk)", "Rows Removed by Filter": 161}]}, {"Node Type": "Index Scan", "Parent Relationship": "Inner", "Parallel Aware": false, "Async Capable": false, "Scan Direction": "Forward", "Index Name": "date_dim_pkey", "Relation Name": "date_dim", "Alias": "d1", "Startup Cost": 0.29, "Total Cost": 0.31, "Plan Rows": 1, "Plan Width": 4, "Actual Rows": 0, "Actual Loops": 103, "Index Cond": "(d_date_sk = store_sales.ss_sold_date_sk)", "Rows Removed by Index Recheck": 0, "Filter": "(d_quarter_name = '2002Q1'::bpchar)", "Rows Removed by Filter": 1}]}, {"Node Type": "Index Scan", "Parent Relationship": "Inner", "Parallel Aware": false, "Async Capable": false, "Scan Direction": "Forward", "Index Name": "date_dim_pkey", "Relation Name": "date_dim", "Alias": "d3", "Startup Cost": 0.29, "Total Cost": 0.31, "Plan Rows": 1, "Plan Width": 4, "Actual Rows": 0, "Actual Loops": 19, "Index Cond": "(d_date_sk = catalog_sales.cs_sold_date_sk)", "Rows Removed by Index Recheck": 0, "Filter": "(d_quarter_name = ANY ('{2002Q1,2002Q2,2002Q3}'::bpchar[]))", "Rows Removed by Filter": 1}]}, {"Node Type": "Index Only Scan", "Parent Relationship": "Inner", "Parallel Aware": false, "Async Capable": false, "Scan Direction": "Forward", "Index Name": "store_pkey", "Relation Name": "store", "Alias": "store", "Startup Cost": 0.14, "Total Cost": 0.16, "Plan Rows": 1, "Plan Width": 4, "Actual Rows": 1, "Actual Loops": 6, "Index Cond": "(s_store_sk = store_sales.ss_store_sk)", "Rows Removed by Index Recheck": 0, "Heap Fetches": 6}]}, {"Node Type": "Index Only Scan", "Parent Relationship": "Inner", "Parallel Aware": false, "Async Capable": false, "Scan Direction": "Forward", "Index Name": "item_pkey", "Relation Name": "item", "Alias": "item", "Startup Cost": 0.29, "Total Cost": 0.31, "Plan Rows": 1, "Plan Width": 4, "Actual Rows": 1, "Actual Loops": 6, "Index Cond": "(i_item_sk = store_sales.ss_item_sk)", "Rows Removed by Index Recheck": 0, "Heap Fetches": 0}]}]}, "Planning Time": 4.457, "Triggers": [], "Execution Time": 388731.228}, {"Plan": {"Node Type": "Aggregate", "Strategy": "Plain", "Partial Mode": "Simple", "Parallel Aware": false, "Async Capable": false, "Startup Cost": 470007.63, "Total Cost": 470007.64, "Plan Rows": 1, "Plan Width": 8, "Actual Rows": 1, "Actual Loops": 1, "Plans": [{"Node Type": "Gather", "Parent Relationship": "Outer", "Parallel Aware": false, "Async Capable": false, "Startup Cost": 65677.18, "Total Cost": 470007.63, "Plan Rows": 1, "Plan Width": 0, "Actual Rows": 6, "Actual Loops": 1, "Workers Planned": 6, "Workers Launched": 6, "Single Copy": false, "Plans": [{"Node Type": "Hash Join", "Parent Relationship": "Outer", "Parallel Aware": true, "Async Capable": false, "Join Type": "Inner", "Startup Cost": 64677.18, "Total Cost": 469007.53, "Plan Rows": 1, "Plan Width": 0, "Actual Rows": 1, "Actual Loops": 7, "Inner Unique": false, "Hash Cond": "((catalog_sales.cs_item_sk = item.i_item_sk) AND (catalog_sales.cs_bill_customer_sk = store_sales.ss_customer_sk))", "Workers": [], "Plans": [{"Node Type": "Hash Join", "Parent Relationship": "Outer", "Parallel Aware": true, "Async Capable": false, "Join Type": "Inner", "Startup Cost": 2016.85, "Total Cost": 406279.92, "Plan Rows": 8970, "Plan Width": 8, "Actual Rows": 227447, "Actual Loops": 7, "Inner Unique": true, "Hash Cond": "(catalog_sales.cs_sold_date_sk = d3.d_date_sk)", "Workers": [], "Plans": [{"Node Type": "Seq Scan", "Parent Relationship": "Outer", "Parallel Aware": true, "Async Capable": false, "Relation Name": "catalog_sales", "Alias": "catalog_sales", "Startup Cost": 0.0, "Total Cost": 397962.14, "Plan Rows": 2400214, "Plan Width": 12, "Actual Rows": 2057323, "Actual Loops": 7, "Workers": []}, {"Node Type": "Hash", "Parent Relationship": "Inner", "Parallel Aware": true, "Async Capable": false, "Startup Cost": 2014.84, "Total Cost": 2014.84, "Plan Rows": 161, "Plan Width": 4, "Actual Rows": 39, "Actual Loops": 7, "Hash Buckets": 1024, "Original Hash Buckets": 1024, "Hash Batches": 1, "Original Hash Batches": 1, "Peak Memory Usage": 200, "Workers": [], "Plans": [{"Node Type": "Seq Scan", "Parent Relationship": "Outer", "Parallel Aware": true, "Async Capable": false, "Relation Name": "date_dim", "Alias": "d3", "Startup Cost": 0.0, "Total Cost": 2014.84, "Plan Rows": 161, "Plan Width": 4, "Actual Rows": 39, "Actual Loops": 7, "Filter": "(d_quarter_name = ANY ('{2002Q1,2002Q2,2002Q3}'::bpchar[]))", "Rows Removed by Filter": 10396, "Workers": []}]}]}, {"Node Type": "Hash", "Parent Relationship": "Inner", "Parallel Aware": true, "Async Capable": false, "Startup Cost": 62660.31, "Total Cost": 62660.31, "Plan Rows": 1, "Plan Width": 20, "Actual Rows": 8665, "Actual Loops": 7, "Hash Buckets": 65536, "Original Hash Buckets": 1024, "Hash Batches": 1, "Original Hash Batches": 1, "Peak Memory Usage": 4440, "Workers": [], "Plans": [{"Node Type": "Nested Loop", "Parent Relationship": "Outer", "Parallel Aware": false, "Async Capable": false, "Join Type": "Inner", "Startup Cost": 2018.02, "Total Cost": 62660.31, "Plan Rows": 1, "Plan Width": 20, "Actual Rows": 8665, "Actual Loops": 7, "Inner Unique": true, "Workers": [], "Plans": [{"Node Type": "Nested Loop", "Parent Relationship": "Outer", "Parallel Aware": false, "Async Capable": false, "Join Type": "Inner", "Startup Cost": 2017.72, "Total Cost": 62660.0, "Plan Rows": 1, "Plan Width": 16, "Actual Rows": 8665, "Actual Loops": 7, "Inner Unique": true, "Workers": [], "Plans": [{"Node Type": "Nested Loop", "Parent Relationship": "Outer", "Parallel Aware": false, "Async Capable": false, "Join Type": "Inner", "Startup Cost": 2017.58, "Total Cost": 62659.84, "Plan Rows": 1, "Plan Width": 20, "Actual Rows": 8760, "Actual Loops": 7, "Inner Unique": true, "Workers": [], "Plans": [{"Node Type": "Nested Loop", "Parent Relationship": "Outer", "Parallel Aware": false, "Async Capable": false, "Join Type": "Inner", "Startup Cost": 2017.29, "Total Cost": 62659.53, "Plan Rows": 1, "Plan Width": 24, "Actual Rows": 43149, "Actual Loops": 7, "Inner Unique": true, "Workers": [], "Plans": [{"Node Type": "Hash Join", "Parent Relationship": "Outer", "Parallel Aware": true, "Async Capable": false, "Join Type": "Inner", "Startup Cost": 2016.85, "Total Cost": 59044.53, "Plan Rows": 2686, "Plan Width": 12, "Actual Rows": 58207, "Actual Loops": 7, "Inner Unique": true, "Hash Cond": "(store_returns.sr_returned_date_sk = d2.d_date_sk)", "Workers": [], "Plans": [{"Node Type": "Seq Scan", "Parent Relationship": "Outer", "Parallel Aware": true, "Async Capable": false, "Relation Name": "store_returns", "Alias": "store_returns", "Startup Cost": 0.0, "Total Cost": 55140.58, "Plan Rows": 718858, "Plan Width": 16, "Actual Rows": 410776, "Actual Loops": 7, "Workers": []}, {"Node Type": "Hash", "Parent Relationship": "Inner", "Parallel Aware": true, "Async Capable": false, "Startup Cost": 2014.84, "Total Cost": 2014.84, "Plan Rows": 161, "Plan Width": 4, "Actual Rows": 39, "Actual Loops": 7, "Hash Buckets": 1024, "Original Hash Buckets": 1024, "Hash Batches": 1, "Original Hash Batches": 1, "Peak Memory Usage": 136, "Workers": [], "Plans": [{"Node Type": "Seq Scan", "Parent Relationship": "Outer", "Parallel Aware": true, "Async Capable": false, "Relation Name": "date_dim", "Alias": "d2", "Startup Cost": 0.0, "Total Cost": 2014.84, "Plan Rows": 161, "Plan Width": 4, "Actual Rows": 39, "Actual Loops": 7, "Filter": "(d_quarter_name = ANY ('{2002Q1,2002Q2,2002Q3}'::bpchar[]))", "Rows Removed by Filter": 10396, "Workers": []}]}]}, {"Node Type": "Index Scan", "Parent Relationship": "Inner", "Parallel Aware": false, "Async Capable": false, "Scan Direction": "Forward", "Index Name": "store_sales_pkey", "Relation Name": "store_sales", "Alias": "store_sales", "Startup Cost": 0.44, "Total Cost": 1.34, "Plan Rows": 1, "Plan Width": 20, "Actual Rows": 1, "Actual Loops": 407447, "Index Cond": "((ss_item_sk = store_returns.sr_item_sk) AND (ss_ticket_number = store_returns.sr_ticket_number))", "Rows Removed by Index Recheck": 0, "Filter": "(store_returns.sr_customer_sk = ss_customer_sk)", "Rows Removed by Filter": 0, "Workers": []}]}, {"Node Type": "Index Scan", "Parent Relationship": "Inner", "Parallel Aware": false, "Async Capable": false, "Scan Direction": "Forward", "Index Name": "date_dim_pkey", "Relation Name": "date_dim", "Alias": "d1", "Startup Cost": 0.29, "Total Cost": 0.31, "Plan Rows": 1, "Plan Width": 4, "Actual Rows": 0, "Actual Loops": 302042, "Index Cond": "(d_date_sk = store_sales.ss_sold_date_sk)", "Rows Removed by Index Recheck": 0, "Filter": "(d_quarter_name = '2002Q1'::bpchar)", "Rows Removed by Filter": 1, "Workers": []}]}, {"Node Type": "Index Only Scan", "Parent Relationship": "Inner", "Parallel Aware": false, "Async Capable": false, "Scan Direction": "Forward", "Index Name": "store_pkey", "Relation Name": "store", "Alias": "store", "Startup Cost": 0.14, "Total Cost": 0.16, "Plan Rows": 1, "Plan Width": 4, "Actual Rows": 1, "Actual Loops": 61320, "Index Cond": "(s_store_sk = store_sales.ss_store_sk)", "Rows Removed by Index Recheck": 0, "Heap Fetches": 60655, "Workers": []}]}, {"Node Type": "Index Only Scan", "Parent Relationship": "Inner", "Parallel Aware": false, "Async Capable": false, "Scan Direction": "Forward", "Index Name": "item_pkey", "Relation Name": "item", "Alias": "item", "Startup Cost": 0.29, "Total Cost": 0.31, "Plan Rows": 1, "Plan Width": 4, "Actual Rows": 1, "Actual Loops": 60655, "Index Cond": "(i_item_sk = store_sales.ss_item_sk)", "Rows Removed by Index Recheck": 0, "Heap Fetches": 0, "Workers": []}]}]}]}]}]}, "Planning Time": 8.445, "Triggers": [], "Execution Time": 2135.096}, {"Plan": {"Node Type": "Aggregate", "Strategy": "Plain", "Partial Mode": "Finalize", "Parallel Aware": false, "Async Capable": false, "Startup Cost": 529992.72, "Total Cost": 529992.73, "Plan Rows": 1, "Plan Width": 8, "Plans": [{"Node Type": "Gather", "Parent Relationship": "Outer", "Parallel Aware": false, "Async Capable": false, "Startup Cost": 529992.3, "Total Cost": 529992.71, "Plan Rows": 4, "Plan Width": 8, "Workers Planned": 4, "Single Copy": false, "Plans": [{"Node Type": "Aggregate", "Strategy": "Plain", "Partial Mode": "Partial", "Parent Relationship": "Outer", "Parallel Aware": false, "Async Capable": false, "Startup Cost": 528992.3, "Total Cost": 528992.31, "Plan Rows": 1, "Plan Width": 8, "Plans": [{"Node Type": "Hash Join", "Parent Relationship": "Outer", "Parallel Aware": true, "Async Capable": false, "Join Type": "Inner", "Startup Cost": 471934.39, "Total Cost": 528992.3, "Plan Rows": 1, "Plan Width": 0, "Inner Unique": false, "Hash Cond": "((store_returns.sr_item_sk = item.i_item_sk) AND (store_returns.sr_customer_sk = store_sales.ss_customer_sk) AND (store_returns.sr_ticket_number = store_sales.ss_ticket_number))", "Plans": [{"Node Type": "Hash Join", "Parent Relationship": "Outer", "Parallel Aware": true, "Async Capable": false, "Join Type": "Inner", "Startup Cost": 2016.85, "Total Cost": 59044.53, "Plan Rows": 2686, "Plan Width": 12, "Inner Unique": true, "Hash Cond": "(store_returns.sr_returned_date_sk = d2.d_date_sk)", "Plans": [{"Node Type": "Seq Scan", "Parent Relationship": "Outer", "Parallel Aware": true, "Async Capable": false, "Relation Name": "store_returns", "Alias": "store_returns", "Startup Cost": 0.0, "Total Cost": 55140.58, "Plan Rows": 718858, "Plan Width": 16}, {"Node Type": "Hash", "Parent Relationship": "Inner", "Parallel Aware": true, "Async Capable": false, "Startup Cost": 2014.84, "Total Cost": 2014.84, "Plan Rows": 161, "Plan Width": 4, "Plans": [{"Node Type": "Seq Scan", "Parent Relationship": "Outer", "Parallel Aware": true, "Async Capable": false, "Relation Name": "date_dim", "Alias": "d2", "Startup Cost": 0.0, "Total Cost": 2014.84, "Plan Rows": 161, "Plan Width": 4, "Filter": "(d_quarter_name = ANY ('{2002Q1,2002Q2,2002Q3}'::bpchar[]))"}]}]}, {"Node Type": "Hash", "Parent Relationship": "Inner", "Parallel Aware": true, "Async Capable": false, "Startup Cost": 469917.52, "Total Cost": 469917.52, "Plan Rows": 1, "Plan Width": 24, "Plans": [{"Node Type": "Hash Join", "Parent Relationship": "Outer", "Parallel Aware": true, "Async Capable": false, "Join Type": "Inner", "Startup Cost": 467659.03, "Total Cost": 469917.52, "Plan Rows": 1, "Plan Width": 24, "Inner Unique": false, "Hash Cond": "(item.i_item_sk = store_sales.ss_item_sk)", "Plans": [{"Node Type": "Index Only Scan", "Parent Relationship": "Outer", "Parallel Aware": true, "Async Capable": false, "Scan Direction": "Forward", "Index Name": "item_pkey", "Relation Name": "item", "Alias": "item", "Startup Cost": 0.29, "Total Cost": 2099.4, "Plan Rows": 42500, "Plan Width": 4}, {"Node Type": "Hash", "Parent Relationship": "Inner", "Parallel Aware": true, "Async Capable": false, "Startup Cost": 467658.72, "Total Cost": 467658.72, "Plan Rows": 1, "Plan Width": 20, "Plans": [{"Node Type": "Nested Loop", "Parent Relationship": "Outer", "Parallel Aware": false, "Async Capable": false, "Join Type": "Inner", "Startup Cost": 2017.72, "Total Cost": 467658.72, "Plan Rows": 1, "Plan Width": 20, "Inner Unique": true, "Plans": [{"Node Type": "Nested Loop", "Parent Relationship": "Outer", "Parallel Aware": false, "Async Capable": false, "Join Type": "Inner", "Startup Cost": 2017.58, "Total Cost": 467658.56, "Plan Rows": 1, "Plan Width": 24, "Inner Unique": true, "Plans": [{"Node Type": "Nested Loop", "Parent Relationship": "Outer", "Parallel Aware": false, "Async Capable": false, "Join Type": "Inner", "Startup Cost": 2017.29, "Total Cost": 467656.06, "Plan Rows": 8, "Plan Width": 28, "Inner Unique": false, "Plans": [{"Node Type": "Hash Join", "Parent Relationship": "Outer", "Parallel Aware": true, "Async Capable": false, "Join Type": "Inner", "Startup Cost": 2016.85, "Total Cost": 406279.92, "Plan Rows": 8970, "Plan Width": 8, "Inner Unique": true, "Hash Cond": "(catalog_sales.cs_sold_date_sk = d3.d_date_sk)", "Plans": [{"Node Type": "Seq Scan", "Parent Relationship": "Outer", "Parallel Aware": true, "Async Capable": false, "Relation Name": "catalog_sales", "Alias": "catalog_sales", "Startup Cost": 0.0, "Total Cost": 397962.14, "Plan Rows": 2400214, "Plan Width": 12}, {"Node Type": "Hash", "Parent Relationship": "Inner", "Parallel Aware": true, "Async Capable": false, "Startup Cost": 2014.84, "Total Cost": 2014.84, "Plan Rows": 161, "Plan Width": 4, "Plans": [{"Node Type": "Seq Scan", "Parent Relationship": "Outer", "Parallel Aware": true, "Async Capable": false, "Relation Name": "date_dim", "Alias": "d3", "Startup Cost": 0.0, "Total Cost": 2014.84, "Plan Rows": 161, "Plan Width": 4, "Filter": "(d_quarter_name = ANY ('{2002Q1,2002Q2,2002Q3}'::bpchar[]))"}]}]}, {"Node Type": "Index Scan", "Parent Relationship": "Inner", "Parallel Aware": false, "Async Capable": false, "Scan Direction": "Forward", "Index Name": "store_sales_pkey", "Relation Name": "store_sales", "Alias": "store_sales", "Startup Cost": 0.44, "Total Cost": 6.83, "Plan Rows": 1, "Plan Width": 20, "Index Cond": "(ss_item_sk = catalog_sales.cs_item_sk)", "Filter": "(catalog_sales.cs_bill_customer_sk = ss_customer_sk)"}]}, {"Node Type": "Index Scan", "Parent Relationship": "Inner", "Parallel Aware": false, "Async Capable": false, "Scan Direction": "Forward", "Index Name": "date_dim_pkey", "Relation Name": "date_dim", "Alias": "d1", "Startup Cost": 0.29, "Total Cost": 0.31, "Plan Rows": 1, "Plan Width": 4, "Index Cond": "(d_date_sk = store_sales.ss_sold_date_sk)", "Filter": "(d_quarter_name = '2002Q1'::bpchar)"}]}, {"Node Type": "Index Only Scan", "Parent Relationship": "Inner", "Parallel Aware": false, "Async Capable": false, "Scan Direction": "Forward", "Index Name": "store_pkey", "Relation Name": "store", "Alias": "store", "Startup Cost": 0.14, "Total Cost": 0.16, "Plan Rows": 1, "Plan Width": 4, "Index Cond": "(s_store_sk = store_sales.ss_store_sk)"}]}]}]}]}]}]}]}]}}, {"Plan": {"Node Type": "Aggregate", "Strategy": "Plain", "Partial Mode": "Finalize", "Parallel Aware": false, "Async Capable": false, "Startup Cost": 65679.49, "Total Cost": 65679.5, "Plan Rows": 1, "Plan Width": 8, "Actual Rows": 1, "Actual Loops": 1, "Plans": [{"Node Type": "Gather", "Parent Relationship": "Outer", "Parallel Aware": false, "Async Capable": false, "Startup Cost": 65679.38, "Total Cost": 65679.49, "Plan Rows": 1, "Plan Width": 8, "Actual Rows": 2, "Actual Loops": 1, "Workers Planned": 1, "Workers Launched": 1, "Single Copy": false, "Plans": [{"Node Type": "Aggregate", "Strategy": "Plain", "Partial Mode": "Partial", "Parent Relationship": "Outer", "Parallel Aware": false, "Async Capable": false, "Startup Cost": 64679.38, "Total Cost": 64679.39, "Plan Rows": 1, "Plan Width": 8, "Actual Rows": 1, "Actual Loops": 2, "Workers": [], "Plans": [{"Node Type": "Hash Join", "Parent Relationship": "Outer", "Parallel Aware": true, "Async Capable": false, "Join Type": "Inner", "Startup Cost": 62663.93, "Total Cost": 64679.38, "Plan Rows": 1, "Plan Width": 0, "Actual Rows": 3, "Actual Loops": 2, "Inner Unique": false, "Hash Cond": "(d3.d_date_sk = catalog_sales.cs_sold_date_sk)", "Workers": [], "Plans": [{"Node Type": "Seq Scan", "Parent Relationship": "Outer", "Parallel Aware": true, "Async Capable": false, "Relation Name": "date_dim", "Alias": "d3", "Startup Cost": 0.0, "Total Cost": 2014.84, "Plan Rows": 161, "Plan Width": 4, "Actual Rows": 137, "Actual Loops": 2, "Filter": "(d_quarter_name = ANY ('{2002Q1,2002Q2,2002Q3}'::bpchar[]))", "Rows Removed by Filter": 36388, "Workers": []}, {"Node Type": "Hash", "Parent Relationship": "Inner", "Parallel Aware": true, "Async Capable": false, "Startup Cost": 62663.92, "Total Cost": 62663.92, "Plan Rows": 1, "Plan Width": 4, "Actual Rows": 10, "Actual Loops": 2, "Hash Buckets": 1024, "Original Hash Buckets": 1024, "Hash Batches": 1, "Original Hash Batches": 1, "Peak Memory Usage": 72, "Workers": [], "Plans": [{"Node Type": "Nested Loop", "Parent Relationship": "Outer", "Parallel Aware": false, "Async Capable": false, "Join Type": "Inner", "Startup Cost": 2018.45, "Total Cost": 62663.92, "Plan Rows": 1, "Plan Width": 4, "Actual Rows": 10, "Actual Loops": 2, "Inner Unique": true, "Workers": [], "Plans": [{"Node Type": "Nested Loop", "Parent Relationship": "Outer", "Parallel Aware": false, "Async Capable": false, "Join Type": "Inner", "Startup Cost": 2018.16, "Total Cost": 62663.61, "Plan Rows": 1, "Plan Width": 16, "Actual Rows": 10, "Actual Loops": 2, "Inner Unique": true, "Workers": [], "Plans": [{"Node Type": "Nested Loop", "Parent Relationship": "Outer", "Parallel Aware": false, "Async Capable": false, "Join Type": "Inner", "Startup Cost": 2018.02, "Total Cost": 62663.45, "Plan Rows": 1, "Plan Width": 20, "Actual Rows": 10, "Actual Loops": 2, "Inner Unique": true, "Workers": [], "Plans": [{"Node Type": "Nested Loop", "Parent Relationship": "Outer", "Parallel Aware": false, "Async Capable": false, "Join Type": "Inner", "Startup Cost": 2017.72, "Total Cost": 62663.13, "Plan Rows": 1, "Plan Width": 24, "Actual Rows": 52, "Actual Loops": 2, "Inner Unique": false, "Workers": [], "Plans": [{"Node Type": "Nested Loop", "Parent Relationship": "Outer", "Parallel Aware": false, "Async Capable": false, "Join Type": "Inner", "Startup Cost": 2017.29, "Total Cost": 62659.53, "Plan Rows": 1, "Plan Width": 24, "Actual Rows": 151021, "Actual Loops": 2, "Inner Unique": true, "Workers": [], "Plans": [{"Node Type": "Hash Join", "Parent Relationship": "Outer", "Parallel Aware": true, "Async Capable": false, "Join Type": "Inner", "Startup Cost": 2016.85, "Total Cost": 59044.53, "Plan Rows": 2686, "Plan Width": 12, "Actual Rows": 203724, "Actual Loops": 2, "Inner Unique": true, "Hash Cond": "(store_returns.sr_returned_date_sk = d2.d_date_sk)", "Workers": [], "Plans": [{"Node Type": "Seq Scan", "Parent Relationship": "Outer", "Parallel Aware": true, "Async Capable": false, "Relation Name": "store_returns", "Alias": "store_returns", "Startup Cost": 0.0, "Total Cost": 55140.58, "Plan Rows": 718858, "Plan Width": 16, "Actual Rows": 1437716, "Actual Loops": 2, "Workers": []}, {"Node Type": "Hash", "Parent Relationship": "Inner", "Parallel Aware": true, "Async Capable": false, "Startup Cost": 2014.84, "Total Cost": 2014.84, "Plan Rows": 161, "Plan Width": 4, "Actual Rows": 137, "Actual Loops": 2, "Hash Buckets": 1024, "Original Hash Buckets": 1024, "Hash Batches": 1, "Original Hash Batches": 1, "Peak Memory Usage": 40, "Workers": [], "Plans": [{"Node Type": "Seq Scan", "Parent Relationship": "Outer", "Parallel Aware": true, "Async Capable": false, "Relation Name": "date_dim", "Alias": "d2", "Startup Cost": 0.0, "Total Cost": 2014.84, "Plan Rows": 161, "Plan Width": 4, "Actual Rows": 137, "Actual Loops": 2, "Filter": "(d_quarter_name = ANY ('{2002Q1,2002Q2,2002Q3}'::bpchar[]))", "Rows Removed by Filter": 36388, "Workers": []}]}]}, {"Node Type": "Index Scan", "Parent Relationship": "Inner", "Parallel Aware": false, "Async Capable": false, "Scan Direction": "Forward", "Index Name": "store_sales_pkey", "Relation Name": "store_sales", "Alias": "store_sales", "Startup Cost": 0.44, "Total Cost": 1.34, "Plan Rows": 1, "Plan Width": 20, "Actual Rows": 1, "Actual Loops": 407447, "Index Cond": "((ss_item_sk = store_returns.sr_item_sk) AND (ss_ticket_number = store_returns.sr_ticket_number))", "Rows Removed by Index Recheck": 0, "Filter": "(store_returns.sr_customer_sk = ss_customer_sk)", "Rows Removed by Filter": 0, "Workers": []}]}, {"Node Type": "Index Scan", "Parent Relationship": "Inner", "Parallel Aware": false, "Async Capable": false, "Scan Direction": "Forward", "Index Name": "catalog_sales_pkey", "Relation Name": "catalog_sales", "Alias": "catalog_sales", "Startup Cost": 0.43, "Total Cost": 3.59, "Plan Rows": 1, "Plan Width": 12, "Actual Rows": 0, "Actual Loops": 302042, "Index Cond": "(cs_item_sk = store_sales.ss_item_sk)", "Rows Removed by Index Recheck": 0, "Filter": "(cs_bill_customer_sk = store_sales.ss_customer_sk)", "Rows Removed by Filter": 161, "Workers": []}]}, {"Node Type": "Index Scan", "Parent Relationship": "Inner", "Parallel Aware": false, "Async Capable": false, "Scan Direction": "Forward", "Index Name": "date_dim_pkey", "Relation Name": "date_dim", "Alias": "d1", "Startup Cost": 0.29, "Total Cost": 0.31, "Plan Rows": 1, "Plan Width": 4, "Actual Rows": 0, "Actual Loops": 103, "Index Cond": "(d_date_sk = store_sales.ss_sold_date_sk)", "Rows Removed by Index Recheck": 0, "Filter": "(d_quarter_name = '2002Q1'::bpchar)", "Rows Removed by Filter": 1, "Workers": []}]}, {"Node Type": "Index Only Scan", "Parent Relationship": "Inner", "Parallel Aware": false, "Async Capable": false, "Scan Direction": "Forward", "Index Name": "store_pkey", "Relation Name": "store", "Alias": "store", "Startup Cost": 0.14, "Total Cost": 0.16, "Plan Rows": 1, "Plan Width": 4, "Actual Rows": 1, "Actual Loops": 19, "Index Cond": "(s_store_sk = store_sales.ss_store_sk)", "Rows Removed by Index Recheck": 0, "Heap Fetches": 19, "Workers": []}]}, {"Node Type": "Index Only Scan", "Parent Relationship": "Inner", "Parallel Aware": false, "Async Capable": false, "Scan Direction": "Forward", "Index Name": "item_pkey", "Relation Name": "item", "Alias": "item", "Startup Cost": 0.29, "Total Cost": 0.31, "Plan Rows": 1, "Plan Width": 4, "Actual Rows": 1, "Actual Loops": 19, "Index Cond": "(i_item_sk = store_sales.ss_item_sk)", "Rows Removed by Index Recheck": 0, "Heap Fetches": 0, "Workers": []}]}]}]}]}]}]}, "Planning Time": 8.301, "Triggers": [], "Execution Time": 158503.693}, {"Plan": {"Node Type": "Aggregate", "Strategy": "Plain", "Partial Mode": "Simple", "Parallel Aware": false, "Async Capable": false, "Startup Cost": 416934.99, "Total Cost": 416935.0, "Plan Rows": 1, "Plan Width": 8, "Actual Rows": 1, "Actual Loops": 1, "Plans": [{"Node Type": "Nested Loop", "Parent Relationship": "Outer", "Parallel Aware": false, "Async Capable": false, "Join Type": "Inner", "Startup Cost": 3018.74, "Total Cost": 416934.98, "Plan Rows": 1, "Plan Width": 0, "Actual Rows": 6, "Actual Loops": 1, "Inner Unique": true, "Plans": [{"Node Type": "Nested Loop", "Parent Relationship": "Outer", "Parallel Aware": false, "Async Capable": false, "Join Type": "Inner", "Startup Cost": 3018.45, "Total Cost": 416934.67, "Plan Rows": 1, "Plan Width": 4, "Actual Rows": 6, "Actual Loops": 1, "Inner Unique": true, "Plans": [{"Node Type": "Nested Loop", "Parent Relationship": "Outer", "Parallel Aware": false, "Async Capable": false, "Join Type": "Inner", "Startup Cost": 3018.15, "Total Cost": 416934.36, "Plan Rows": 1, "Plan Width": 16, "Actual Rows": 6, "Actual Loops": 1, "Inner Unique": true, "Plans": [{"Node Type": "Nested Loop", "Parent Relationship": "Outer", "Parallel Aware": false, "Async Capable": false, "Join Type": "Inner", "Startup Cost": 3018.01, "Total Cost": 416934.2, "Plan Rows": 1, "Plan Width": 20, "Actual Rows": 6, "Actual Loops": 1, "Inner Unique": true, "Plans": [{"Node Type": "Gather", "Parent Relationship": "Outer", "Parallel Aware": false, "Async Capable": false, "Startup Cost": 3017.72, "Total Cost": 416933.88, "Plan Rows": 1, "Plan Width": 24, "Actual Rows": 86, "Actual Loops": 1, "Workers Planned": 6, "Workers Launched": 6, "Single Copy": false, "Plans": [{"Node Type": "Nested Loop", "Parent Relationship": "Outer", "Parallel Aware": false, "Async Capable": false, "Join Type": "Inner", "Startup Cost": 2017.72, "Total Cost": 415933.78, "Plan Rows": 1, "Plan Width": 24, "Actual Rows": 12, "Actual Loops": 7, "Inner Unique": true, "Workers": [], "Plans": [{"Node Type": "Nested Loop", "Parent Relationship": "Outer", "Parallel Aware": false, "Async Capable": false, "Join Type": "Inner", "Startup Cost": 2017.28, "Total Cost": 415932.44, "Plan Rows": 1, "Plan Width": 24, "Actual Rows": 16, "Actual Loops": 7, "Inner Unique": false, "Workers": [], "Plans": [{"Node Type": "Hash Join", "Parent Relationship": "Outer", "Parallel Aware": true, "Async Capable": false, "Join Type": "Inner", "Startup Cost": 2016.85, "Total Cost": 406279.92, "Plan Rows": 8970, "Plan Width": 8, "Actual Rows": 227447, "Actual Loops": 7, "Inner Unique": true, "Hash Cond": "(catalog_sales.cs_sold_date_sk = d3.d_date_sk)", "Workers": [], "Plans": [{"Node Type": "Seq Scan", "Parent Relationship": "Outer", "Parallel Aware": true, "Async Capable": false, "Relation Name": "catalog_sales", "Alias": "catalog_sales", "Startup Cost": 0.0, "Total Cost": 397962.14, "Plan Rows": 2400214, "Plan Width": 12, "Actual Rows": 2057323, "Actual Loops": 7, "Workers": []}, {"Node Type": "Hash", "Parent Relationship": "Inner", "Parallel Aware": true, "Async Capable": false, "Startup Cost": 2014.84, "Total Cost": 2014.84, "Plan Rows": 161, "Plan Width": 4, "Actual Rows": 39, "Actual Loops": 7, "Hash Buckets": 1024, "Original Hash Buckets": 1024, "Hash Batches": 1, "Original Hash Batches": 1, "Peak Memory Usage": 200, "Workers": [], "Plans": [{"Node Type": "Seq Scan", "Parent Relationship": "Outer", "Parallel Aware": true, "Async Capable": false, "Relation Name": "date_dim", "Alias": "d3", "Startup Cost": 0.0, "Total Cost": 2014.84, "Plan Rows": 161, "Plan Width": 4, "Actual Rows": 39, "Actual Loops": 7, "Filter": "(d_quarter_name = ANY ('{2002Q1,2002Q2,2002Q3}'::bpchar[]))", "Rows Removed by Filter": 10396, "Workers": []}]}]}, {"Node Type": "Index Scan", "Parent Relationship": "Inner", "Parallel Aware": false, "Async Capable": false, "Scan Direction": "Forward", "Index Name": "store_returns_pkey", "Relation Name": "store_returns", "Alias": "store_returns", "Startup Cost": 0.43, "Total Cost": 1.07, "Plan Rows": 1, "Plan Width": 16, "Actual Rows": 0, "Actual Loops": 1592130, "Index Cond": "(sr_item_sk = catalog_sales.cs_item_sk)", "Rows Removed by Index Recheck": 0, "Filter": "(catalog_sales.cs_bill_customer_sk = sr_customer_sk)", "Rows Removed by Filter": 30, "Workers": []}]}, {"Node Type": "Index Scan", "Parent Relationship": "Inner", "Parallel Aware": false, "Async Capable": false, "Scan Direction": "Forward", "Index Name": "store_sales_pkey", "Relation Name": "store_sales", "Alias": "store_sales", "Startup Cost": 0.44, "Total Cost": 1.34, "Plan Rows": 1, "Plan Width": 20, "Actual Rows": 1, "Actual Loops": 110, "Index Cond": "((ss_item_sk = store_returns.sr_item_sk) AND (ss_ticket_number = store_returns.sr_ticket_number))", "Rows Removed by Index Recheck": 0, "Filter": "(store_returns.sr_customer_sk = ss_customer_sk)", "Rows Removed by Filter": 0, "Workers": []}]}]}, {"Node Type": "Index Scan", "Parent Relationship": "Inner", "Parallel Aware": false, "Async Capable": false, "Scan Direction": "Forward", "Index Name": "date_dim_pkey", "Relation Name": "date_dim", "Alias": "d1", "Startup Cost": 0.29, "Total Cost": 0.31, "Plan Rows": 1, "Plan Width": 4, "Actual Rows": 0, "Actual Loops": 86, "Index Cond": "(d_date_sk = store_sales.ss_sold_date_sk)", "Rows Removed by Index Recheck": 0, "Filter": "(d_quarter_name = '2002Q1'::bpchar)", "Rows Removed by Filter": 1}]}, {"Node Type": "Index Only Scan", "Parent Relationship": "Inner", "Parallel Aware": false, "Async Capable": false, "Scan Direction": "Forward", "Index Name": "store_pkey", "Relation Name": "store", "Alias": "store", "Startup Cost": 0.14, "Total Cost": 0.16, "Plan Rows": 1, "Plan Width": 4, "Actual Rows": 1, "Actual Loops": 6, "Index Cond": "(s_store_sk = store_sales.ss_store_sk)", "Rows Removed by Index Recheck": 0, "Heap Fetches": 6}]}, {"Node Type": "Index Only Scan", "Parent Relationship": "Inner", "Parallel Aware": false, "Async Capable": false, "Scan Direction": "Forward", "Index Name": "item_pkey", "Relation Name": "item", "Alias": "item", "Startup Cost": 0.29, "Total Cost": 0.31, "Plan Rows": 1, "Plan Width": 4, "Actual Rows": 1, "Actual Loops": 6, "Index Cond": "(i_item_sk = store_sales.ss_item_sk)", "Rows Removed by Index Recheck": 0, "Heap Fetches": 0}]}, {"Node Type": "Index Scan", "Parent Relationship": "Inner", "Parallel Aware": false, "Async Capable": false, "Scan Direction": "Forward", "Index Name": "date_dim_pkey", "Relation Name": "date_dim", "Alias": "d2", "Startup Cost": 0.29, "Total Cost": 0.32, "Plan Rows": 1, "Plan Width": 4, "Actual Rows": 1, "Actual Loops": 6, "Index Cond": "(d_date_sk = store_returns.sr_returned_date_sk)", "Rows Removed by Index Recheck": 0, "Filter": "(d_quarter_name = ANY ('{2002Q1,2002Q2,2002Q3}'::bpchar[]))", "Rows Removed by Filter": 0}]}]}, "Planning Time": 7.469, "Triggers": [], "Execution Time": 17231.106}, {"Plan": {"Node Type": "Aggregate", "Strategy": "Plain", "Partial Mode": "Finalize", "Parallel Aware": false, "Async Capable": false, "Startup Cost": 418950.15, "Total Cost": 418950.16, "Plan Rows": 1, "Plan Width": 8, "Actual Rows": 1, "Actual Loops": 1, "Plans": [{"Node Type": "Gather", "Parent Relationship": "Outer", "Parallel Aware": false, "Async Capable": false, "Startup Cost": 418950.03, "Total Cost": 418950.14, "Plan Rows": 1, "Plan Width": 8, "Actual Rows": 2, "Actual Loops": 1, "Workers Planned": 1, "Workers Launched": 1, "Single Copy": false, "Plans": [{"Node Type": "Aggregate", "Strategy": "Plain", "Partial Mode": "Partial", "Parent Relationship": "Outer", "Parallel Aware": false, "Async Capable": false, "Startup Cost": 417950.03, "Total Cost": 417950.04, "Plan Rows": 1, "Plan Width": 8, "Actual Rows": 1, "Actual Loops": 2, "Workers": [], "Plans": [{"Node Type": "Hash Join", "Parent Relationship": "Outer", "Parallel Aware": true, "Async Capable": false, "Join Type": "Inner", "Startup Cost": 415934.58, "Total Cost": 417950.03, "Plan Rows": 1, "Plan Width": 0, "Actual Rows": 3, "Actual Loops": 2, "Inner Unique": false, "Hash Cond": "(d2.d_date_sk = store_returns.sr_returned_date_sk)", "Workers": [], "Plans": [{"Node Type": "Seq Scan", "Parent Relationship": "Outer", "Parallel Aware": true, "Async Capable": false, "Relation Name": "date_dim", "Alias": "d2", "Startup Cost": 0.0, "Total Cost": 2014.84, "Plan Rows": 161, "Plan Width": 4, "Actual Rows": 137, "Actual Loops": 2, "Filter": "(d_quarter_name = ANY ('{2002Q1,2002Q2,2002Q3}'::bpchar[]))", "Rows Removed by Filter": 36388, "Workers": []}, {"Node Type": "Hash", "Parent Relationship": "Inner", "Parallel Aware": true, "Async Capable": false, "Startup Cost": 415934.57, "Total Cost": 415934.57, "Plan Rows": 1, "Plan Width": 4, "Actual Rows": 3, "Actual Loops": 2, "Hash Buckets": 1024, "Original Hash Buckets": 1024, "Hash Batches": 1, "Original Hash Batches": 1, "Peak Memory Usage": 72, "Workers": [], "Plans": [{"Node Type": "Nested Loop", "Parent Relationship": "Outer", "Parallel Aware": false, "Async Capable": false, "Join Type": "Inner", "Startup Cost": 2018.45, "Total Cost": 415934.57, "Plan Rows": 1, "Plan Width": 4, "Actual Rows": 3, "Actual Loops": 2, "Inner Unique": true, "Workers": [], "Plans": [{"Node Type": "Nested Loop", "Parent Relationship": "Outer", "Parallel Aware": false, "Async Capable": false, "Join Type": "Inner", "Startup Cost": 2018.15, "Total Cost": 415934.26, "Plan Rows": 1, "Plan Width": 16, "Actual Rows": 3, "Actual Loops": 2, "Inner Unique": true, "Workers": [], "Plans": [{"Node Type": "Nested Loop", "Parent Relationship": "Outer", "Parallel Aware": false, "Async Capable": false, "Join Type": "Inner", "Startup Cost": 2018.01, "Total Cost": 415934.1, "Plan Rows": 1, "Plan Width": 20, "Actual Rows": 3, "Actual Loops": 2, "Inner Unique": true, "Workers": [], "Plans": [{"Node Type": "Nested Loop", "Parent Relationship": "Outer", "Parallel Aware": false, "Async Capable": false, "Join Type": "Inner", "Startup Cost": 2017.72, "Total Cost": 415933.78, "Plan Rows": 1, "Plan Width": 24, "Actual Rows": 43, "Actual Loops": 2, "Inner Unique": true, "Workers": [], "Plans": [{"Node Type": "Nested Loop", "Parent Relationship": "Outer", "Parallel Aware": false, "Async Capable": false, "Join Type": "Inner", "Startup Cost": 2017.28, "Total Cost": 415932.44, "Plan Rows": 1, "Plan Width": 24, "Actual Rows": 55, "Actual Loops": 2, "Inner Unique": false, "Workers": [], "Plans": [{"Node Type": "Hash Join", "Parent Relationship": "Outer", "Parallel Aware": true, "Async Capable": false, "Join Type": "Inner", "Startup Cost": 2016.85, "Total Cost": 406279.92, "Plan Rows": 8970, "Plan Width": 8, "Actual Rows": 796065, "Actual Loops": 2, "Inner Unique": true, "Hash Cond": "(catalog_sales.cs_sold_date_sk = d3.d_date_sk)", "Workers": [], "Plans": [{"Node Type": "Seq Scan", "Parent Relationship": "Outer", "Parallel Aware": true, "Async Capable": false, "Relation Name": "catalog_sales", "Alias": "catalog_sales", "Startup Cost": 0.0, "Total Cost": 397962.14, "Plan Rows": 2400214, "Plan Width": 12, "Actual Rows": 7200630, "Actual Loops": 2, "Workers": []}, {"Node Type": "Hash", "Parent Relationship": "Inner", "Parallel Aware": true, "Async Capable": false, "Startup Cost": 2014.84, "Total Cost": 2014.84, "Plan Rows": 161, "Plan Width": 4, "Actual Rows": 137, "Actual Loops": 2, "Hash Buckets": 1024, "Original Hash Buckets": 1024, "Hash Batches": 1, "Original Hash Batches": 1, "Peak Memory Usage": 40, "Workers": [], "Plans": [{"Node Type": "Seq Scan", "Parent Relationship": "Outer", "Parallel Aware": true, "Async Capable": false, "Relation Name": "date_dim", "Alias": "d3", "Startup Cost": 0.0, "Total Cost": 2014.84, "Plan Rows": 161, "Plan Width": 4, "Actual Rows": 137, "Actual Loops": 2, "Filter": "(d_quarter_name = ANY ('{2002Q1,2002Q2,2002Q3}'::bpchar[]))", "Rows Removed by Filter": 36388, "Workers": []}]}]}, {"Node Type": "Index Scan", "Parent Relationship": "Inner", "Parallel Aware": false, "Async Capable": false, "Scan Direction": "Forward", "Index Name": "store_returns_pkey", "Relation Name": "store_returns", "Alias": "store_returns", "Startup Cost": 0.43, "Total Cost": 1.07, "Plan Rows": 1, "Plan Width": 16, "Actual Rows": 0, "Actual Loops": 1592130, "Index Cond": "(sr_item_sk = catalog_sales.cs_item_sk)", "Rows Removed by Index Recheck": 0, "Filter": "(catalog_sales.cs_bill_customer_sk = sr_customer_sk)", "Rows Removed by Filter": 30, "Workers": []}]}, {"Node Type": "Index Scan", "Parent Relationship": "Inner", "Parallel Aware": false, "Async Capable": false, "Scan Direction": "Forward", "Index Name": "store_sales_pkey", "Relation Name": "store_sales", "Alias": "store_sales", "Startup Cost": 0.44, "Total Cost": 1.34, "Plan Rows": 1, "Plan Width": 20, "Actual Rows": 1, "Actual Loops": 110, "Index Cond": "((ss_item_sk = store_returns.sr_item_sk) AND (ss_ticket_number = store_returns.sr_ticket_number))", "Rows Removed by Index Recheck": 0, "Filter": "(store_returns.sr_customer_sk = ss_customer_sk)", "Rows Removed by Filter": 0, "Workers": []}]}, {"Node Type": "Index Scan", "Parent Relationship": "Inner", "Parallel Aware": false, "Async Capable": false, "Scan Direction": "Forward", "Index Name": "date_dim_pkey", "Relation Name": "date_dim", "Alias": "d1", "Startup Cost": 0.29, "Total Cost": 0.31, "Plan Rows": 1, "Plan Width": 4, "Actual Rows": 0, "Actual Loops": 86, "Index Cond": "(d_date_sk = store_sales.ss_sold_date_sk)", "Rows Removed by Index Recheck": 0, "Filter": "(d_quarter_name = '2002Q1'::bpchar)", "Rows Removed by Filter": 1, "Workers": []}]}, {"Node Type": "Index Only Scan", "Parent Relationship": "Inner", "Parallel Aware": false, "Async Capable": false, "Scan Direction": "Forward", "Index Name": "store_pkey", "Relation Name": "store", "Alias": "store", "Startup Cost": 0.14, "Total Cost": 0.16, "Plan Rows": 1, "Plan Width": 4, "Actual Rows": 1, "Actual Loops": 6, "Index Cond": "(s_store_sk = store_sales.ss_store_sk)", "Rows Removed by Index Recheck": 0, "Heap Fetches": 6, "Workers": []}]}, {"Node Type": "Index Only Scan", "Parent Relationship": "Inner", "Parallel Aware": false, "Async Capable": false, "Scan Direction": "Forward", "Index Name": "item_pkey", "Relation Name": "item", "Alias": "item", "Startup Cost": 0.29, "Total Cost": 0.31, "Plan Rows": 1, "Plan Width": 4, "Actual Rows": 1, "Actual Loops": 6, "Index Cond": "(i_item_sk = store_sales.ss_item_sk)", "Rows Removed by Index Recheck": 0, "Heap Fetches": 0, "Workers": []}]}]}]}]}]}]}, "Planning Time": 8.77, "Triggers": [], "Execution Time": 97894.684}, {"Plan": {"Node Type": "Aggregate", "Strategy": "Plain", "Partial Mode": "Simple", "Parallel Aware": false, "Async Capable": false, "Startup Cost": 470074.9, "Total Cost": 470074.91, "Plan Rows": 1, "Plan Width": 8, "Actual Rows": 1, "Actual Loops": 1, "Plans": [{"Node Type": "Gather", "Parent Relationship": "Outer", "Parallel Aware": false, "Async Capable": false, "Startup Cost": 409432.48, "Total Cost": 470074.89, "Plan Rows": 1, "Plan Width": 0, "Actual Rows": 6, "Actual Loops": 1, "Workers Planned": 4, "Workers Launched": 4, "Single Copy": false, "Plans": [{"Node Type": "Hash Join", "Parent Relationship": "Outer", "Parallel Aware": true, "Async Capable": false, "Join Type": "Inner", "Startup Cost": 408432.48, "Total Cost": 469074.79, "Plan Rows": 1, "Plan Width": 0, "Actual Rows": 1, "Actual Loops": 5, "Inner Unique": false, "Hash Cond": "((item.i_item_sk = catalog_sales.cs_item_sk) AND (store_sales.ss_customer_sk = catalog_sales.cs_bill_customer_sk))", "Workers": [], "Plans": [{"Node Type": "Nested Loop", "Parent Relationship": "Outer", "Parallel Aware": false, "Async Capable": false, "Join Type": "Inner", "Startup Cost": 2018.02, "Total Cost": 62660.31, "Plan Rows": 1, "Plan Width": 20, "Actual Rows": 12131, "Actual Loops": 5, "Inner Unique": true, "Workers": [], "Plans": [{"Node Type": "Nested Loop", "Parent Relationship": "Outer", "Parallel Aware": false, "Async Capable": false, "Join Type": "Inner", "Startup Cost": 2017.72, "Total Cost": 62660.0, "Plan Rows": 1, "Plan Width": 16, "Actual Rows": 12131, "Actual Loops": 5, "Inner Unique": true, "Workers": [], "Plans": [{"Node Type": "Nested Loop", "Parent Relationship": "Outer", "Parallel Aware": false, "Async Capable": false, "Join Type": "Inner", "Startup Cost": 2017.58, "Total Cost": 62659.84, "Plan Rows": 1, "Plan Width": 20, "Actual Rows": 12264, "Actual Loops": 5, "Inner Unique": true, "Workers": [], "Plans": [{"Node Type": "Nested Loop", "Parent Relationship": "Outer", "Parallel Aware": false, "Async Capable": false, "Join Type": "Inner", "Startup Cost": 2017.29, "Total Cost": 62659.53, "Plan Rows": 1, "Plan Width": 24, "Actual Rows": 60408, "Actual Loops": 5, "Inner Unique": true, "Workers": [], "Plans": [{"Node Type": "Hash Join", "Parent Relationship": "Outer", "Parallel Aware": true, "Async Capable": false, "Join Type": "Inner", "Startup Cost": 2016.85, "Total Cost": 59044.53, "Plan Rows": 2686, "Plan Width": 12, "Actual Rows": 81489, "Actual Loops": 5, "Inner Unique": true, "Hash Cond": "(store_returns.sr_returned_date_sk = d2.d_date_sk)", "Workers": [], "Plans": [{"Node Type": "Seq Scan", "Parent Relationship": "Outer", "Parallel Aware": true, "Async Capable": false, "Relation Name": "store_returns", "Alias": "store_returns", "Startup Cost": 0.0, "Total Cost": 55140.58, "Plan Rows": 718858, "Plan Width": 16, "Actual Rows": 575086, "Actual Loops": 5, "Workers": []}, {"Node Type": "Hash", "Parent Relationship": "Inner", "Parallel Aware": true, "Async Capable": false, "Startup Cost": 2014.84, "Total Cost": 2014.84, "Plan Rows": 161, "Plan Width": 4, "Actual Rows": 55, "Actual Loops": 5, "Hash Buckets": 1024, "Original Hash Buckets": 1024, "Hash Batches": 1, "Original Hash Batches": 1, "Peak Memory Usage": 168, "Workers": [], "Plans": [{"Node Type": "Seq Scan", "Parent Relationship": "Outer", "Parallel Aware": true, "Async Capable": false, "Relation Name": "date_dim", "Alias": "d2", "Startup Cost": 0.0, "Total Cost": 2014.84, "Plan Rows": 161, "Plan Width": 4, "Actual Rows": 55, "Actual Loops": 5, "Filter": "(d_quarter_name = ANY ('{2002Q1,2002Q2,2002Q3}'::bpchar[]))", "Rows Removed by Filter": 14555, "Workers": []}]}]}, {"Node Type": "Index Scan", "Parent Relationship": "Inner", "Parallel Aware": false, "Async Capable": false, "Scan Direction": "Forward", "Index Name": "store_sales_pkey", "Relation Name": "store_sales", "Alias": "store_sales", "Startup Cost": 0.44, "Total Cost": 1.34, "Plan Rows": 1, "Plan Width": 20, "Actual Rows": 1, "Actual Loops": 407447, "Index Cond": "((ss_item_sk = store_returns.sr_item_sk) AND (ss_ticket_number = store_returns.sr_ticket_number))", "Rows Removed by Index Recheck": 0, "Filter": "(store_returns.sr_customer_sk = ss_customer_sk)", "Rows Removed by Filter": 0, "Workers": []}]}, {"Node Type": "Index Scan", "Parent Relationship": "Inner", "Parallel Aware": false, "Async Capable": false, "Scan Direction": "Forward", "Index Name": "date_dim_pkey", "Relation Name": "date_dim", "Alias": "d1", "Startup Cost": 0.29, "Total Cost": 0.31, "Plan Rows": 1, "Plan Width": 4, "Actual Rows": 0, "Actual Loops": 302042, "Index Cond": "(d_date_sk = store_sales.ss_sold_date_sk)", "Rows Removed by Index Recheck": 0, "Filter": "(d_quarter_name = '2002Q1'::bpchar)", "Rows Removed by Filter": 1, "Workers": []}]}, {"Node Type": "Index Only Scan", "Parent Relationship": "Inner", "Parallel Aware": false, "Async Capable": false, "Scan Direction": "Forward", "Index Name": "store_pkey", "Relation Name": "store", "Alias": "store", "Startup Cost": 0.14, "Total Cost": 0.16, "Plan Rows": 1, "Plan Width": 4, "Actual Rows": 1, "Actual Loops": 61320, "Index Cond": "(s_store_sk = store_sales.ss_store_sk)", "Rows Removed by Index Recheck": 0, "Heap Fetches": 60655, "Workers": []}]}, {"Node Type": "Index Only Scan", "Parent Relationship": "Inner", "Parallel Aware": false, "Async Capable": false, "Scan Direction": "Forward", "Index Name": "item_pkey", "Relation Name": "item", "Alias": "item", "Startup Cost": 0.29, "Total Cost": 0.31, "Plan Rows": 1, "Plan Width": 4, "Actual Rows": 1, "Actual Loops": 60655, "Index Cond": "(i_item_sk = store_sales.ss_item_sk)", "Rows Removed by Index Recheck": 0, "Heap Fetches": 0, "Workers": []}]}, {"Node Type": "Hash", "Parent Relationship": "Inner", "Parallel Aware": true, "Async Capable": false, "Startup Cost": 406279.92, "Total Cost": 406279.92, "Plan Rows": 8970, "Plan Width": 8, "Actual Rows": 318426, "Actual Loops": 5, "Hash Buckets": 2097152, "Original Hash Buckets": 65536, "Hash Batches": 1, "Original Hash Batches": 1, "Peak Memory Usage": 94432, "Workers": [], "Plans": [{"Node Type": "Hash Join", "Parent Relationship": "Outer", "Parallel Aware": true, "Async Capable": false, "Join Type": "Inner", "Startup Cost": 2016.85, "Total Cost": 406279.92, "Plan Rows": 8970, "Plan Width": 8, "Actual Rows": 318426, "Actual Loops": 5, "Inner Unique": true, "Hash Cond": "(catalog_sales.cs_sold_date_sk = d3.d_date_sk)", "Workers": [], "Plans": [{"Node Type": "Seq Scan", "Parent Relationship": "Outer", "Parallel Aware": true, "Async Capable": false, "Relation Name": "catalog_sales", "Alias": "catalog_sales", "Startup Cost": 0.0, "Total Cost": 397962.14, "Plan Rows": 2400214, "Plan Width": 12, "Actual Rows": 2880252, "Actual Loops": 5, "Workers": []}, {"Node Type": "Hash", "Parent Relationship": "Inner", "Parallel Aware": true, "Async Capable": false, "Startup Cost": 2014.84, "Total Cost": 2014.84, "Plan Rows": 161, "Plan Width": 4, "Actual Rows": 55, "Actual Loops": 5, "Hash Buckets": 1024, "Original Hash Buckets": 1024, "Hash Batches": 1, "Original Hash Batches": 1, "Peak Memory Usage": 104, "Workers": [], "Plans": [{"Node Type": "Seq Scan", "Parent Relationship": "Outer", "Parallel Aware": true, "Async Capable": false, "Relation Name": "date_dim", "Alias": "d3", "Startup Cost": 0.0, "Total Cost": 2014.84, "Plan Rows": 161, "Plan Width": 4, "Actual Rows": 55, "Actual Loops": 5, "Filter": "(d_quarter_name = ANY ('{2002Q1,2002Q2,2002Q3}'::bpchar[]))", "Rows Removed by Filter": 14555, "Workers": []}]}]}]}]}]}]}, "Planning Time": 9.078, "Triggers": [], "Execution Time": 3295.056}, {"Plan": {"Node Type": "Aggregate", "Strategy": "Plain", "Partial Mode": "Finalize", "Parallel Aware": false, "Async Capable": false, "Startup Cost": 651310.89, "Total Cost": 651310.9, "Plan Rows": 1, "Plan Width": 8, "Actual Rows": 1, "Actual Loops": 1, "Plans": [{"Node Type": "Gather", "Parent Relationship": "Outer", "Parallel Aware": false, "Async Capable": false, "Startup Cost": 651310.47, "Total Cost": 651310.88, "Plan Rows": 4, "Plan Width": 8, "Actual Rows": 5, "Actual Loops": 1, "Workers Planned": 4, "Workers Launched": 4, "Single Copy": false, "Plans": [{"Node Type": "Aggregate", "Strategy": "Plain", "Partial Mode": "Partial", "Parent Relationship": "Outer", "Parallel Aware": false, "Async Capable": false, "Startup Cost": 650310.47, "Total Cost": 650310.48, "Plan Rows": 1, "Plan Width": 8, "Actual Rows": 1, "Actual Loops": 5, "Workers": [], "Plans": [{"Node Type": "Hash Join", "Parent Relationship": "Outer", "Parallel Aware": true, "Async Capable": false, "Join Type": "Inner", "Startup Cost": 582158.77, "Total Cost": 650310.47, "Plan Rows": 1, "Plan Width": 0, "Actual Rows": 1, "Actual Loops": 5, "Inner Unique": false, "Hash Cond": "((item.i_item_sk = store_sales.ss_item_sk) AND (store_returns.sr_customer_sk = store_sales.ss_customer_sk) AND (store_returns.sr_ticket_number = store_sales.ss_ticket_number))", "Workers": [], "Plans": [{"Node Type": "Nested Loop", "Parent Relationship": "Outer", "Parallel Aware": false, "Async Capable": false, "Join Type": "Inner", "Startup Cost": 2017.87, "Total Cost": 70169.54, "Plan Rows": 1, "Plan Width": 24, "Actual Rows": 4, "Actual Loops": 5, "Inner Unique": true, "Workers": [], "Plans": [{"Node Type": "Nested Loop", "Parent Relationship": "Outer", "Parallel Aware": false, "Async Capable": false, "Join Type": "Inner", "Startup Cost": 2017.58, "Total Cost": 70169.23, "Plan Rows": 1, "Plan Width": 20, "Actual Rows": 4, "Actual Loops": 5, "Inner Unique": true, "Workers": [], "Plans": [{"Node Type": "Nested Loop", "Parent Relationship": "Outer", "Parallel Aware": false, "Async Capable": false, "Join Type": "Inner", "Startup Cost": 2017.29, "Total Cost": 70168.92, "Plan Rows": 1, "Plan Width": 24, "Actual Rows": 25, "Actual Loops": 5, "Inner Unique": false, "Workers": [], "Plans": [{"Node Type": "Hash Join", "Parent Relationship": "Outer", "Parallel Aware": true, "Async Capable": false, "Join Type": "Inner", "Startup Cost": 2016.85, "Total Cost": 59044.53, "Plan Rows": 2686, "Plan Width": 12, "Actual Rows": 81489, "Actual Loops": 5, "Inner Unique": true, "Hash Cond": "(store_returns.sr_returned_date_sk = d2.d_date_sk)", "Workers": [], "Plans": [{"Node Type": "Seq Scan", "Parent Relationship": "Outer", "Parallel Aware": true, "Async Capable": false, "Relation Name": "store_returns", "Alias": "store_returns", "Startup Cost": 0.0, "Total Cost": 55140.58, "Plan Rows": 718858, "Plan Width": 16, "Actual Rows": 575086, "Actual Loops": 5, "Workers": []}, {"Node Type": "Hash", "Parent Relationship": "Inner", "Parallel Aware": true, "Async Capable": false, "Startup Cost": 2014.84, "Total Cost": 2014.84, "Plan Rows": 161, "Plan Width": 4, "Actual Rows": 55, "Actual Loops": 5, "Hash Buckets": 1024, "Original Hash Buckets": 1024, "Hash Batches": 1, "Original Hash Batches": 1, "Peak Memory Usage": 168, "Workers": [], "Plans": [{"Node Type": "Seq Scan", "Parent Relationship": "Outer", "Parallel Aware": true, "Async Capable": false, "Relation Name": "date_dim", "Alias": "d2", "Startup Cost": 0.0, "Total Cost": 2014.84, "Plan Rows": 161, "Plan Width": 4, "Actual Rows": 55, "Actual Loops": 5, "Filter": "(d_quarter_name = ANY ('{2002Q1,2002Q2,2002Q3}'::bpchar[]))", "Rows Removed by Filter": 14555, "Workers": []}]}]}, {"Node Type": "Index Scan", "Parent Relationship": "Inner", "Parallel Aware": false, "Async Capable": false, "Scan Direction": "Forward", "Index Name": "catalog_sales_pkey", "Relation Name": "catalog_sales", "Alias": "catalog_sales", "Startup Cost": 0.43, "Total Cost": 4.13, "Plan Rows": 1, "Plan Width": 12, "Actual Rows": 0, "Actual Loops": 407447, "Index Cond": "(cs_item_sk = store_returns.sr_item_sk)", "Rows Removed by Index Recheck": 0, "Filter": "(cs_bill_customer_sk = store_returns.sr_customer_sk)", "Rows Removed by Filter": 161, "Workers": []}]}, {"Node Type": "Index Scan", "Parent Relationship": "Inner", "Parallel Aware": false, "Async Capable": false, "Scan Direction": "Forward", "Index Name": "date_dim_pkey", "Relation Name": "date_dim", "Alias": "d3", "Startup Cost": 0.29, "Total Cost": 0.31, "Plan Rows": 1, "Plan Width": 4, "Actual Rows": 0, "Actual Loops": 123, "Index Cond": "(d_date_sk = catalog_sales.cs_sold_date_sk)", "Rows Removed by Index Recheck": 0, "Filter": "(d_quarter_name = ANY ('{2002Q1,2002Q2,2002Q3}'::bpchar[]))", "Rows Removed by Filter": 1, "Workers": []}]}, {"Node Type": "Index Only Scan", "Parent Relationship": "Inner", "Parallel Aware": false, "Async Capable": false, "Scan Direction": "Forward", "Index Name": "item_pkey", "Relation Name": "item", "Alias": "item", "Startup Cost": 0.29, "Total Cost": 0.31, "Plan Rows": 1, "Plan Width": 4, "Actual Rows": 1, "Actual Loops": 20, "Index Cond": "(i_item_sk = store_returns.sr_item_sk)", "Rows Removed by Index Recheck": 0, "Heap Fetches": 0, "Workers": []}]}, {"Node Type": "Hash", "Parent Relationship": "Inner", "Parallel Aware": true, "Async Capable": false, "Startup Cost": 580036.25, "Total Cost": 580036.25, "Plan Rows": 5980, "Plan Width": 12, "Actual Rows": 163894, "Actual Loops": 5, "Hash Buckets": 1048576, "Original Hash Buckets": 65536, "Hash Batches": 1, "Original Hash Batches": 1, "Peak Memory Usage": 53920, "Workers": [], "Plans": [{"Node Type": "Hash Join", "Parent Relationship": "Outer", "Parallel Aware": false, "Async Capable": false, "Join Type": "Inner", "Startup Cost": 1969.1, "Total Cost": 580036.25, "Plan Rows": 5980, "Plan Width": 12, "Actual Rows": 163894, "Actual Loops": 5, "Inner Unique": true, "Hash Cond": "(store_sales.ss_store_sk = store.s_store_sk)", "Workers": [], "Plans": [{"Node Type": "Hash Join", "Parent Relationship": "Outer", "Parallel Aware": true, "Async Capable": false, "Join Type": "Inner", "Startup Cost": 1961.8, "Total Cost": 580012.63, "Plan Rows": 5980, "Plan Width": 16, "Actual Rows": 167839, "Actual Loops": 5, "Inner Unique": true, "Hash Cond": "(store_sales.ss_sold_date_sk = d1.d_date_sk)", "Workers": [], "Plans": [{"Node Type": "Seq Scan", "Parent Relationship": "Outer", "Parallel Aware": true, "Async Capable": false, "Relation Name": "store_sales", "Alias": "store_sales", "Startup Cost": 0.0, "Total Cost": 565449.69, "Plan Rows": 4800169, "Plan Width": 20, "Actual Rows": 5760198, "Actual Loops": 5, "Workers": []}, {"Node Type": "Hash", "Parent Relationship": "Inner", "Parallel Aware": true, "Async Capable": false, "Startup Cost": 1961.12, "Total Cost": 1961.12, "Plan Rows": 54, "Plan Width": 4, "Actual Rows": 18, "Actual Loops": 5, "Hash Buckets": 1024, "Original Hash Buckets": 1024, "Hash Batches": 1, "Original Hash Batches": 1, "Peak Memory Usage": 104, "Workers": [], "Plans": [{"Node Type": "Seq Scan", "Parent Relationship": "Outer", "Parallel Aware": true, "Async Capable": false, "Relation Name": "date_dim", "Alias": "d1", "Startup Cost": 0.0, "Total Cost": 1961.12, "Plan Rows": 54, "Plan Width": 4, "Actual Rows": 18, "Actual Loops": 5, "Filter": "(d_quarter_name = '2002Q1'::bpchar)", "Rows Removed by Filter": 14592, "Workers": []}]}]}, {"Node Type": "Hash", "Parent Relationship": "Inner", "Parallel Aware": false, "Async Capable": false, "Startup Cost": 6.02, "Total Cost": 6.02, "Plan Rows": 102, "Plan Width": 4, "Actual Rows": 102, "Actual Loops": 5, "Hash Buckets": 1024, "Original Hash Buckets": 1024, "Hash Batches": 1, "Original Hash Batches": 1, "Peak Memory Usage": 12, "Workers": [], "Plans": [{"Node Type": "Seq Scan", "Parent Relationship": "Outer", "Parallel Aware": false, "Async Capable": false, "Relation Name": "store", "Alias": "store", "Startup Cost": 0.0, "Total Cost": 6.02, "Plan Rows": 102, "Plan Width": 4, "Actual Rows": 102, "Actual Loops": 5, "Workers": []}]}]}]}]}]}]}]}, "Planning Time": 7.62, "Triggers": [], "Execution Time": 60906.192}, {"Plan": {"Node Type": "Aggregate", "Strategy": "Plain", "Partial Mode": "Simple", "Parallel Aware": false, "Async Capable": false, "Startup Cost": 63664.33, "Total Cost": 63664.34, "Plan Rows": 1, "Plan Width": 8, "Plans": [{"Node Type": "Nested Loop", "Parent Relationship": "Outer", "Parallel Aware": false, "Async Capable": false, "Join Type": "Inner", "Startup Cost": 3018.74, "Total Cost": 63664.33, "Plan Rows": 1, "Plan Width": 0, "Inner Unique": true, "Plans": [{"Node Type": "Nested Loop", "Parent Relationship": "Outer", "Parallel Aware": false, "Async Capable": false, "Join Type": "Inner", "Startup Cost": 3018.45, "Total Cost": 63664.02, "Plan Rows": 1, "Plan Width": 4, "Inner Unique": true, "Plans": [{"Node Type": "Nested Loop", "Parent Relationship": "Outer", "Parallel Aware": false, "Async Capable": false, "Join Type": "Inner", "Startup Cost": 3018.16, "Total Cost": 63663.71, "Plan Rows": 1, "Plan Width": 16, "Inner Unique": true, "Plans": [{"Node Type": "Nested Loop", "Parent Relationship": "Outer", "Parallel Aware": false, "Async Capable": false, "Join Type": "Inner", "Startup Cost": 3018.02, "Total Cost": 63663.55, "Plan Rows": 1, "Plan Width": 20, "Inner Unique": true, "Plans": [{"Node Type": "Nested Loop", "Parent Relationship": "Outer", "Parallel Aware": false, "Async Capable": false, "Join Type": "Inner", "Startup Cost": 3017.72, "Total Cost": 63663.23, "Plan Rows": 1, "Plan Width": 24, "Inner Unique": false, "Plans": [{"Node Type": "Gather", "Parent Relationship": "Outer", "Parallel Aware": false, "Async Capable": false, "Startup Cost": 3017.29, "Total Cost": 63659.63, "Plan Rows": 1, "Plan Width": 24, "Workers Planned": 4, "Single Copy": false, "Plans": [{"Node Type": "Nested Loop", "Parent Relationship": "Outer", "Parallel Aware": false, "Async Capable": false, "Join Type": "Inner", "Startup Cost": 2017.29, "Total Cost": 62659.53, "Plan Rows": 1, "Plan Width": 24, "Inner Unique": true, "Plans": [{"Node Type": "Hash Join", "Parent Relationship": "Outer", "Parallel Aware": true, "Async Capable": false, "Join Type": "Inner", "Startup Cost": 2016.85, "Total Cost": 59044.53, "Plan Rows": 2686, "Plan Width": 12, "Inner Unique": true, "Hash Cond": "(store_returns.sr_returned_date_sk = d2.d_date_sk)", "Plans": [{"Node Type": "Seq Scan", "Parent Relationship": "Outer", "Parallel Aware": true, "Async Capable": false, "Relation Name": "store_returns", "Alias": "store_returns", "Startup Cost": 0.0, "Total Cost": 55140.58, "Plan Rows": 718858, "Plan Width": 16}, {"Node Type": "Hash", "Parent Relationship": "Inner", "Parallel Aware": true, "Async Capable": false, "Startup Cost": 2014.84, "Total Cost": 2014.84, "Plan Rows": 161, "Plan Width": 4, "Plans": [{"Node Type": "Seq Scan", "Parent Relationship": "Outer", "Parallel Aware": true, "Async Capable": false, "Relation Name": "date_dim", "Alias": "d2", "Startup Cost": 0.0, "Total Cost": 2014.84, "Plan Rows": 161, "Plan Width": 4, "Filter": "(d_quarter_name = ANY ('{2002Q1,2002Q2,2002Q3}'::bpchar[]))"}]}]}, {"Node Type": "Index Scan", "Parent Relationship": "Inner", "Parallel Aware": false, "Async Capable": false, "Scan Direction": "Forward", "Index Name": "store_sales_pkey", "Relation Name": "store_sales", "Alias": "store_sales", "Startup Cost": 0.44, "Total Cost": 1.34, "Plan Rows": 1, "Plan Width": 20, "Index Cond": "((ss_item_sk = store_returns.sr_item_sk) AND (ss_ticket_number = store_returns.sr_ticket_number))", "Filter": "(store_returns.sr_customer_sk = ss_customer_sk)"}]}]}, {"Node Type": "Index Scan", "Parent Relationship": "Inner", "Parallel Aware": false, "Async Capable": false, "Scan Direction": "Forward", "Index Name": "catalog_sales_pkey", "Relation Name": "catalog_sales", "Alias": "catalog_sales", "Startup Cost": 0.43, "Total Cost": 3.59, "Plan Rows": 1, "Plan Width": 12, "Index Cond": "(cs_item_sk = store_sales.ss_item_sk)", "Filter": "(cs_bill_customer_sk = store_sales.ss_customer_sk)"}]}, {"Node Type": "Index Scan", "Parent Relationship": "Inner", "Parallel Aware": false, "Async Capable": false, "Scan Direction": "Forward", "Index Name": "date_dim_pkey", "Relation Name": "date_dim", "Alias": "d1", "Startup Cost": 0.29, "Total Cost": 0.31, "Plan Rows": 1, "Plan Width": 4, "Index Cond": "(d_date_sk = store_sales.ss_sold_date_sk)", "Filter": "(d_quarter_name = '2002Q1'::bpchar)"}]}, {"Node Type": "Index Only Scan", "Parent Relationship": "Inner", "Parallel Aware": false, "Async Capable": false, "Scan Direction": "Forward", "Index Name": "store_pkey", "Relation Name": "store", "Alias": "store", "Startup Cost": 0.14, "Total Cost": 0.16, "Plan Rows": 1, "Plan Width": 4, "Index Cond": "(s_store_sk = store_sales.ss_store_sk)"}]}, {"Node Type": "Index Only Scan", "Parent Relationship": "Inner", "Parallel Aware": false, "Async Capable": false, "Scan Direction": "Forward", "Index Name": "item_pkey", "Relation Name": "item", "Alias": "item", "Startup Cost": 0.29, "Total Cost": 0.31, "Plan Rows": 1, "Plan Width": 4, "Index Cond": "(i_item_sk = store_sales.ss_item_sk)"}]}, {"Node Type": "Index Scan", "Parent Relationship": "Inner", "Parallel Aware": false, "Async Capable": false, "Scan Direction": "Forward", "Index Name": "date_dim_pkey", "Relation Name": "date_dim", "Alias": "d3", "Startup Cost": 0.29, "Total Cost": 0.31, "Plan Rows": 1, "Plan Width": 4, "Index Cond": "(d_date_sk = catalog_sales.cs_sold_date_sk)", "Filter": "(d_quarter_name = ANY ('{2002Q1,2002Q2,2002Q3}'::bpchar[]))"}]}]}}, {"Plan": {"Node Type": "Aggregate", "Strategy": "Plain", "Partial Mode": "Simple", "Parallel Aware": false, "Async Capable": false, "Startup Cost": 63664.33, "Total Cost": 63664.34, "Plan Rows": 1, "Plan Width": 8, "Actual Rows": 1, "Actual Loops": 1, "Plans": [{"Node Type": "Nested Loop", "Parent Relationship": "Outer", "Parallel Aware": false, "Async Capable": false, "Join Type": "Inner", "Startup Cost": 3018.74, "Total Cost": 63664.33, "Plan Rows": 1, "Plan Width": 0, "Actual Rows": 6, "Actual Loops": 1, "Inner Unique": true, "Plans": [{"Node Type": "Nested Loop", "Parent Relationship": "Outer", "Parallel Aware": false, "Async Capable": false, "Join Type": "Inner", "Startup Cost": 3018.6, "Total Cost": 63664.17, "Plan Rows": 1, "Plan Width": 4, "Actual Rows": 6, "Actual Loops": 1, "Inner Unique": true, "Plans": [{"Node Type": "Nested Loop", "Parent Relationship": "Outer", "Parallel Aware": false, "Async Capable": false, "Join Type": "Inner", "Startup Cost": 3018.31, "Total Cost": 63663.86, "Plan Rows": 1, "Plan Width": 16, "Actual Rows": 6, "Actual Loops": 1, "Inner Unique": true, "Plans": [{"Node Type": "Nested Loop", "Parent Relationship": "Outer", "Parallel Aware": false, "Async Capable": false, "Join Type": "Inner", "Startup Cost": 3018.02, "Total Cost": 63663.55, "Plan Rows": 1, "Plan Width": 20, "Actual Rows": 19, "Actual Loops": 1, "Inner Unique": true, "Plans": [{"Node Type": "Nested Loop", "Parent Relationship": "Outer", "Parallel Aware": false, "Async Capable": false, "Join Type": "Inner", "Startup Cost": 3017.72, "Total Cost": 63663.23, "Plan Rows": 1, "Plan Width": 24, "Actual Rows": 103, "Actual Loops": 1, "Inner Unique": false, "Plans": [{"Node Type": "Gather", "Parent Relationship": "Outer", "Parallel Aware": false, "Async Capable": false, "Startup Cost": 3017.29, "Total Cost": 63659.63, "Plan Rows": 1, "Plan Width": 24, "Actual Rows": 302042, "Actual Loops": 1, "Workers Planned": 4, "Workers Launched": 4, "Single Copy": false, "Plans": [{"Node Type": "Nested Loop", "Parent Relationship": "Outer", "Parallel Aware": false, "Async Capable": false, "Join Type": "Inner", "Startup Cost": 2017.29, "Total Cost": 62659.53, "Plan Rows": 1, "Plan Width": 24, "Actual Rows": 60408, "Actual Loops": 5, "Inner Unique": true, "Workers": [], "Plans": [{"Node Type": "Hash Join", "Parent Relationship": "Outer", "Parallel Aware": true, "Async Capable": false, "Join Type": "Inner", "Startup Cost": 2016.85, "Total Cost": 59044.53, "Plan Rows": 2686, "Plan Width": 12, "Actual Rows": 81489, "Actual Loops": 5, "Inner Unique": true, "Hash Cond": "(store_returns.sr_returned_date_sk = d2.d_date_sk)", "Workers": [], "Plans": [{"Node Type": "Seq Scan", "Parent Relationship": "Outer", "Parallel Aware": true, "Async Capable": false, "Relation Name": "store_returns", "Alias": "store_returns", "Startup Cost": 0.0, "Total Cost": 55140.58, "Plan Rows": 718858, "Plan Width": 16, "Actual Rows": 575086, "Actual Loops": 5, "Workers": []}, {"Node Type": "Hash", "Parent Relationship": "Inner", "Parallel Aware": true, "Async Capable": false, "Startup Cost": 2014.84, "Total Cost": 2014.84, "Plan Rows": 161, "Plan Width": 4, "Actual Rows": 55, "Actual Loops": 5, "Hash Buckets": 1024, "Original Hash Buckets": 1024, "Hash Batches": 1, "Original Hash Batches": 1, "Peak Memory Usage": 168, "Workers": [], "Plans": [{"Node Type": "Seq Scan", "Parent Relationship": "Outer", "Parallel Aware": true, "Async Capable": false, "Relation Name": "date_dim", "Alias": "d2", "Startup Cost": 0.0, "Total Cost": 2014.84, "Plan Rows": 161, "Plan Width": 4, "Actual Rows": 55, "Actual Loops": 5, "Filter": "(d_quarter_name = ANY ('{2002Q1,2002Q2,2002Q3}'::bpchar[]))", "Rows Removed by Filter": 14555, "Workers": []}]}]}, {"Node Type": "Index Scan", "Parent Relationship": "Inner", "Parallel Aware": false, "Async Capable": false, "Scan Direction": "Forward", "Index Name": "store_sales_pkey", "Relation Name": "store_sales", "Alias": "store_sales", "Startup Cost": 0.44, "Total Cost": 1.34, "Plan Rows": 1, "Plan Width": 20, "Actual Rows": 1, "Actual Loops": 407447, "Index Cond": "((ss_item_sk = store_returns.sr_item_sk) AND (ss_ticket_number = store_returns.sr_ticket_number))", "Rows Removed by Index Recheck": 0, "Filter": "(store_returns.sr_customer_sk = ss_customer_sk)", "Rows Removed by Filter": 0, "Workers": []}]}]}, {"Node Type": "Index Scan", "Parent Relationship": "Inner", "Parallel Aware": false, "Async Capable": false, "Scan Direction": "Forward", "Index Name": "catalog_sales_pkey", "Relation Name": "catalog_sales", "Alias": "catalog_sales", "Startup Cost": 0.43, "Total Cost": 3.59, "Plan Rows": 1, "Plan Width": 12, "Actual Rows": 0, "Actual Loops": 302042, "Index Cond": "(cs_item_sk = store_sales.ss_item_sk)", "Rows Removed by Index Recheck": 0, "Filter": "(cs_bill_customer_sk = store_sales.ss_customer_sk)", "Rows Removed by Filter": 161}]}, {"Node Type": "Index Scan", "Parent Relationship": "Inner", "Parallel Aware": false, "Async Capable": false, "Scan Direction": "Forward", "Index Name": "date_dim_pkey", "Relation Name": "date_dim", "Alias": "d1", "Startup Cost": 0.29, "Total Cost": 0.31, "Plan Rows": 1, "Plan Width": 4, "Actual Rows": 0, "Actual Loops": 103, "Index Cond": "(d_date_sk = store_sales.ss_sold_date_sk)", "Rows Removed by Index Recheck": 0, "Filter": "(d_quarter_name = '2002Q1'::bpchar)", "Rows Removed by Filter": 1}]}, {"Node Type": "Index Scan", "Parent Relationship": "Inner", "Parallel Aware": false, "Async Capable": false, "Scan Direction": "Forward", "Index Name": "date_dim_pkey", "Relation Name": "date_dim", "Alias": "d3", "Startup Cost": 0.29, "Total Cost": 0.31, "Plan Rows": 1, "Plan Width": 4, "Actual Rows": 0, "Actual Loops": 19, "Index Cond": "(d_date_sk = catalog_sales.cs_sold_date_sk)", "Rows Removed by Index Recheck": 0, "Filter": "(d_quarter_name = ANY ('{2002Q1,2002Q2,2002Q3}'::bpchar[]))", "Rows Removed by Filter": 1}]}, {"Node Type": "Index Only Scan", "Parent Relationship": "Inner", "Parallel Aware": false, "Async Capable": false, "Scan Direction": "Forward", "Index Name": "item_pkey", "Relation Name": "item", "Alias": "item", "Startup Cost": 0.29, "Total Cost": 0.31, "Plan Rows": 1, "Plan Width": 4, "Actual Rows": 1, "Actual Loops": 6, "Index Cond": "(i_item_sk = store_sales.ss_item_sk)", "Rows Removed by Index Recheck": 0, "Heap Fetches": 0}]}, {"Node Type": "Index Only Scan", "Parent Relationship": "Inner", "Parallel Aware": false, "Async Capable": false, "Scan Direction": "Forward", "Index Name": "store_pkey", "Relation Name": "store", "Alias": "store", "Startup Cost": 0.14, "Total Cost": 0.16, "Plan Rows": 1, "Plan Width": 4, "Actual Rows": 1, "Actual Loops": 6, "Index Cond": "(s_store_sk = store_sales.ss_store_sk)", "Rows Removed by Index Recheck": 0, "Heap Fetches": 6}]}]}, "Planning Time": 5.115, "Triggers": [], "Execution Time": 386694.751}, {"Plan": {"Node Type": "Aggregate", "Strategy": "Plain", "Partial Mode": "Simple", "Parallel Aware": false, "Async Capable": false, "Startup Cost": 63664.33, "Total Cost": 63664.34, "Plan Rows": 1, "Plan Width": 8, "Actual Rows": 1, "Actual Loops": 1, "Plans": [{"Node Type": "Nested Loop", "Parent Relationship": "Outer", "Parallel Aware": false, "Async Capable": false, "Join Type": "Inner", "Startup Cost": 3018.74, "Total Cost": 63664.33, "Plan Rows": 1, "Plan Width": 0, "Actual Rows": 6, "Actual Loops": 1, "Inner Unique": true, "Plans": [{"Node Type": "Nested Loop", "Parent Relationship": "Outer", "Parallel Aware": false, "Async Capable": false, "Join Type": "Inner", "Startup Cost": 3018.45, "Total Cost": 63664.02, "Plan Rows": 1, "Plan Width": 4, "Actual Rows": 18, "Actual Loops": 1, "Inner Unique": true, "Plans": [{"Node Type": "Nested Loop", "Parent Relationship": "Outer", "Parallel Aware": false, "Async Capable": false, "Join Type": "Inner", "Startup Cost": 3018.16, "Total Cost": 63663.71, "Plan Rows": 1, "Plan Width": 16, "Actual Rows": 18, "Actual Loops": 1, "Inner Unique": true, "Plans": [{"Node Type": "Nested Loop", "Parent Relationship": "Outer", "Parallel Aware": false, "Async Capable": false, "Join Type": "Inner", "Startup Cost": 3018.02, "Total Cost": 63663.55, "Plan Rows": 1, "Plan Width": 20, "Actual Rows": 18, "Actual Loops": 1, "Inner Unique": true, "Plans": [{"Node Type": "Nested Loop", "Parent Relationship": "Outer", "Parallel Aware": false, "Async Capable": false, "Join Type": "Inner", "Startup Cost": 3017.72, "Total Cost": 63663.23, "Plan Rows": 1, "Plan Width": 24, "Actual Rows": 103, "Actual Loops": 1, "Inner Unique": false, "Plans": [{"Node Type": "Gather", "Parent Relationship": "Outer", "Parallel Aware": false, "Async Capable": false, "Startup Cost": 3017.29, "Total Cost": 63659.63, "Plan Rows": 1, "Plan Width": 24, "Actual Rows": 302042, "Actual Loops": 1, "Workers Planned": 4, "Workers Launched": 4, "Single Copy": false, "Plans": [{"Node Type": "Nested Loop", "Parent Relationship": "Outer", "Parallel Aware": false, "Async Capable": false, "Join Type": "Inner", "Startup Cost": 2017.29, "Total Cost": 62659.53, "Plan Rows": 1, "Plan Width": 24, "Actual Rows": 60408, "Actual Loops": 5, "Inner Unique": true, "Workers": [], "Plans": [{"Node Type": "Hash Join", "Parent Relationship": "Outer", "Parallel Aware": true, "Async Capable": false, "Join Type": "Inner", "Startup Cost": 2016.85, "Total Cost": 59044.53, "Plan Rows": 2686, "Plan Width": 12, "Actual Rows": 81489, "Actual Loops": 5, "Inner Unique": true, "Hash Cond": "(store_returns.sr_returned_date_sk = d2.d_date_sk)", "Workers": [], "Plans": [{"Node Type": "Seq Scan", "Parent Relationship": "Outer", "Parallel Aware": true, "Async Capable": false, "Relation Name": "store_returns", "Alias": "store_returns", "Startup Cost": 0.0, "Total Cost": 55140.58, "Plan Rows": 718858, "Plan Width": 16, "Actual Rows": 575086, "Actual Loops": 5, "Workers": []}, {"Node Type": "Hash", "Parent Relationship": "Inner", "Parallel Aware": true, "Async Capable": false, "Startup Cost": 2014.84, "Total Cost": 2014.84, "Plan Rows": 161, "Plan Width": 4, "Actual Rows": 55, "Actual Loops": 5, "Hash Buckets": 1024, "Original Hash Buckets": 1024, "Hash Batches": 1, "Original Hash Batches": 1, "Peak Memory Usage": 168, "Workers": [], "Plans": [{"Node Type": "Seq Scan", "Parent Relationship": "Outer", "Parallel Aware": true, "Async Capable": false, "Relation Name": "date_dim", "Alias": "d2", "Startup Cost": 0.0, "Total Cost": 2014.84, "Plan Rows": 161, "Plan Width": 4, "Actual Rows": 55, "Actual Loops": 5, "Filter": "(d_quarter_name = ANY ('{2002Q1,2002Q2,2002Q3}'::bpchar[]))", "Rows Removed by Filter": 14555, "Workers": []}]}]}, {"Node Type": "Index Scan", "Parent Relationship": "Inner", "Parallel Aware": false, "Async Capable": false, "Scan Direction": "Forward", "Index Name": "store_sales_pkey", "Relation Name": "store_sales", "Alias": "store_sales", "Startup Cost": 0.44, "Total Cost": 1.34, "Plan Rows": 1, "Plan Width": 20, "Actual Rows": 1, "Actual Loops": 407447, "Index Cond": "((ss_item_sk = store_returns.sr_item_sk) AND (ss_ticket_number = store_returns.sr_ticket_number))", "Rows Removed by Index Recheck": 0, "Filter": "(store_returns.sr_customer_sk = ss_customer_sk)", "Rows Removed by Filter": 0, "Workers": []}]}]}, {"Node Type": "Index Scan", "Parent Relationship": "Inner", "Parallel Aware": false, "Async Capable": false, "Scan Direction": "Forward", "Index Name": "catalog_sales_pkey", "Relation Name": "catalog_sales", "Alias": "catalog_sales", "Startup Cost": 0.43, "Total Cost": 3.59, "Plan Rows": 1, "Plan Width": 12, "Actual Rows": 0, "Actual Loops": 302042, "Index Cond": "(cs_item_sk = store_sales.ss_item_sk)", "Rows Removed by Index Recheck": 0, "Filter": "(cs_bill_customer_sk = store_sales.ss_customer_sk)", "Rows Removed by Filter": 161}]}, {"Node Type": "Index Scan", "Parent Relationship": "Inner", "Parallel Aware": false, "Async Capable": false, "Scan Direction": "Forward", "Index Name": "date_dim_pkey", "Relation Name": "date_dim", "Alias": "d3", "Startup Cost": 0.29, "Total Cost": 0.31, "Plan Rows": 1, "Plan Width": 4, "Actual Rows": 0, "Actual Loops": 103, "Index Cond": "(d_date_sk = catalog_sales.cs_sold_date_sk)", "Rows Removed by Index Recheck": 0, "Filter": "(d_quarter_name = ANY ('{2002Q1,2002Q2,2002Q3}'::bpchar[]))", "Rows Removed by Filter": 1}]}, {"Node Type": "Index Only Scan", "Parent Relationship": "Inner", "Parallel Aware": false, "Async Capable": false, "Scan Direction": "Forward", "Index Name": "store_pkey", "Relation Name": "store", "Alias": "store", "Startup Cost": 0.14, "Total Cost": 0.16, "Plan Rows": 1, "Plan Width": 4, "Actual Rows": 1, "Actual Loops": 18, "Index Cond": "(s_store_sk = store_sales.ss_store_sk)", "Rows Removed by Index Recheck": 0, "Heap Fetches": 18}]}, {"Node Type": "Index Only Scan", "Parent Relationship": "Inner", "Parallel Aware": false, "Async Capable": false, "Scan Direction": "Forward", "Index Name": "item_pkey", "Relation Name": "item", "Alias": "item", "Startup Cost": 0.29, "Total Cost": 0.31, "Plan Rows": 1, "Plan Width": 4, "Actual Rows": 1, "Actual Loops": 18, "Index Cond": "(i_item_sk = store_sales.ss_item_sk)", "Rows Removed by Index Recheck": 0, "Heap Fetches": 0}]}, {"Node Type": "Index Scan", "Parent Relationship": "Inner", "Parallel Aware": false, "Async Capable": false, "Scan Direction": "Forward", "Index Name": "date_dim_pkey", "Relation Name": "date_dim", "Alias": "d1", "Startup Cost": 0.29, "Total Cost": 0.31, "Plan Rows": 1, "Plan Width": 4, "Actual Rows": 0, "Actual Loops": 18, "Index Cond": "(d_date_sk = store_sales.ss_sold_date_sk)", "Rows Removed by Index Recheck": 0, "Filter": "(d_quarter_name = '2002Q1'::bpchar)", "Rows Removed by Filter": 1}]}]}, "Planning Time": 5.04, "Triggers": [], "Execution Time": 387310.65}, {"Plan": {"Node Type": "Aggregate", "Strategy": "Plain", "Partial Mode": "Simple", "Parallel Aware": false, "Async Capable": false, "Startup Cost": 65922.82, "Total Cost": 65922.83, "Plan Rows": 1, "Plan Width": 8, "Actual Rows": 1, "Actual Loops": 1, "Plans": [{"Node Type": "Gather", "Parent Relationship": "Outer", "Parallel Aware": false, "Async Capable": false, "Startup Cost": 63664.22, "Total Cost": 65922.82, "Plan Rows": 1, "Plan Width": 0, "Actual Rows": 6, "Actual Loops": 1, "Workers Planned": 2, "Workers Launched": 2, "Single Copy": false, "Plans": [{"Node Type": "Hash Join", "Parent Relationship": "Outer", "Parallel Aware": true, "Async Capable": false, "Join Type": "Inner", "Startup Cost": 62664.22, "Total Cost": 64922.72, "Plan Rows": 1, "Plan Width": 0, "Actual Rows": 2, "Actual Loops": 3, "Inner Unique": false, "Hash Cond": "(item.i_item_sk = store_sales.ss_item_sk)", "Workers": [], "Plans": [{"Node Type": "Index Only Scan", "Parent Relationship": "Outer", "Parallel Aware": true, "Async Capable": false, "Scan Direction": "Forward", "Index Name": "item_pkey", "Relation Name": "item", "Alias": "item", "Startup Cost": 0.29, "Total Cost": 2099.4, "Plan Rows": 42500, "Plan Width": 4, "Actual Rows": 34000, "Actual Loops": 3, "Heap Fetches": 0, "Workers": []}, {"Node Type": "Hash", "Parent Relationship": "Inner", "Parallel Aware": true, "Async Capable": false, "Startup Cost": 62663.92, "Total Cost": 62663.92, "Plan Rows": 1, "Plan Width": 12, "Actual Rows": 2, "Actual Loops": 3, "Hash Buckets": 1024, "Original Hash Buckets": 1024, "Hash Batches": 1, "Original Hash Batches": 1, "Peak Memory Usage": 72, "Workers": [], "Plans": [{"Node Type": "Nested Loop", "Parent Relationship": "Outer", "Parallel Aware": false, "Async Capable": false, "Join Type": "Inner", "Startup Cost": 2018.45, "Total Cost": 62663.92, "Plan Rows": 1, "Plan Width": 12, "Actual Rows": 2, "Actual Loops": 3, "Inner Unique": true, "Workers": [], "Plans": [{"Node Type": "Nested Loop", "Parent Relationship": "Outer", "Parallel Aware": false, "Async Capable": false, "Join Type": "Inner", "Startup Cost": 2018.31, "Total Cost": 62663.76, "Plan Rows": 1, "Plan Width": 16, "Actual Rows": 2, "Actual Loops": 3, "Inner Unique": true, "Workers": [], "Plans": [{"Node Type": "Nested Loop", "Parent Relationship": "Outer", "Parallel Aware": false, "Async Capable": false, "Join Type": "Inner", "Startup Cost": 2018.02, "Total Cost": 62663.45, "Plan Rows": 1, "Plan Width": 20, "Actual Rows": 6, "Actual Loops": 3, "Inner Unique": true, "Workers": [], "Plans": [{"Node Type": "Nested Loop", "Parent Relationship": "Outer", "Parallel Aware": false, "Async Capable": false, "Join Type": "Inner", "Startup Cost": 2017.72, "Total Cost": 62663.13, "Plan Rows": 1, "Plan Width": 24, "Actual Rows": 34, "Actual Loops": 3, "Inner Unique": false, "Workers": [], "Plans": [{"Node Type": "Nested Loop", "Parent Relationship": "Outer", "Parallel Aware": false, "Async Capable": false, "Join Type": "Inner", "Startup Cost": 2017.29, "Total Cost": 62659.53, "Plan Rows": 1, "Plan Width": 24, "Actual Rows": 100681, "Actual Loops": 3, "Inner Unique": true, "Workers": [], "Plans": [{"Node Type": "Hash Join", "Parent Relationship": "Outer", "Parallel Aware": true, "Async Capable": false, "Join Type": "Inner", "Startup Cost": 2016.85, "Total Cost": 59044.53, "Plan Rows": 2686, "Plan Width": 12, "Actual Rows": 135816, "Actual Loops": 3, "Inner Unique": true, "Hash Cond": "(store_returns.sr_returned_date_sk = d2.d_date_sk)", "Workers": [], "Plans": [{"Node Type": "Seq Scan", "Parent Relationship": "Outer", "Parallel Aware": true, "Async Capable": false, "Relation Name": "store_returns", "Alias": "store_returns", "Startup Cost": 0.0, "Total Cost": 55140.58, "Plan Rows": 718858, "Plan Width": 16, "Actual Rows": 958477, "Actual Loops": 3, "Workers": []}, {"Node Type": "Hash", "Parent Relationship": "Inner", "Parallel Aware": true, "Async Capable": false, "Startup Cost": 2014.84, "Total Cost": 2014.84, "Plan Rows": 161, "Plan Width": 4, "Actual Rows": 91, "Actual Loops": 3, "Hash Buckets": 1024, "Original Hash Buckets": 1024, "Hash Batches": 1, "Original Hash Batches": 1, "Peak Memory Usage": 104, "Workers": [], "Plans": [{"Node Type": "Seq Scan", "Parent Relationship": "Outer", "Parallel Aware": true, "Async Capable": false, "Relation Name": "date_dim", "Alias": "d2", "Startup Cost": 0.0, "Total Cost": 2014.84, "Plan Rows": 161, "Plan Width": 4, "Actual Rows": 91, "Actual Loops": 3, "Filter": "(d_quarter_name = ANY ('{2002Q1,2002Q2,2002Q3}'::bpchar[]))", "Rows Removed by Filter": 24258, "Workers": []}]}]}, {"Node Type": "Index Scan", "Parent Relationship": "Inner", "Parallel Aware": false, "Async Capable": false, "Scan Direction": "Forward", "Index Name": "store_sales_pkey", "Relation Name": "store_sales", "Alias": "store_sales", "Startup Cost": 0.44, "Total Cost": 1.34, "Plan Rows": 1, "Plan Width": 20, "Actual Rows": 1, "Actual Loops": 407447, "Index Cond": "((ss_item_sk = store_returns.sr_item_sk) AND (ss_ticket_number = store_returns.sr_ticket_number))", "Rows Removed by Index Recheck": 0, "Filter": "(store_returns.sr_customer_sk = ss_customer_sk)", "Rows Removed by Filter": 0, "Workers": []}]}, {"Node Type": "Index Scan", "Parent Relationship": "Inner", "Parallel Aware": false, "Async Capable": false, "Scan Direction": "Forward", "Index Name": "catalog_sales_pkey", "Relation Name": "catalog_sales", "Alias": "catalog_sales", "Startup Cost": 0.43, "Total Cost": 3.59, "Plan Rows": 1, "Plan Width": 12, "Actual Rows": 0, "Actual Loops": 302042, "Index Cond": "(cs_item_sk = store_sales.ss_item_sk)", "Rows Removed by Index Recheck": 0, "Filter": "(cs_bill_customer_sk = store_sales.ss_customer_sk)", "Rows Removed by Filter": 161, "Workers": []}]}, {"Node Type": "Index Scan", "Parent Relationship": "Inner", "Parallel Aware": false, "Async Capable": false, "Scan Direction": "Forward", "Index Name": "date_dim_pkey", "Relation Name": "date_dim", "Alias": "d1", "Startup Cost": 0.29, "Total Cost": 0.31, "Plan Rows": 1, "Plan Width": 4, "Actual Rows": 0, "Actual Loops": 103, "Index Cond": "(d_date_sk = store_sales.ss_sold_date_sk)", "Rows Removed by Index Recheck": 0, "Filter": "(d_quarter_name = '2002Q1'::bpchar)", "Rows Removed by Filter": 1, "Workers": []}]}, {"Node Type": "Index Scan", "Parent Relationship": "Inner", "Parallel Aware": false, "Async Capable": false, "Scan Direction": "Forward", "Index Name": "date_dim_pkey", "Relation Name": "date_dim", "Alias": "d3", "Startup Cost": 0.29, "Total Cost": 0.31, "Plan Rows": 1, "Plan Width": 4, "Actual Rows": 0, "Actual Loops": 19, "Index Cond": "(d_date_sk = catalog_sales.cs_sold_date_sk)", "Rows Removed by Index Recheck": 0, "Filter": "(d_quarter_name = ANY ('{2002Q1,2002Q2,2002Q3}'::bpchar[]))", "Rows Removed by Filter": 1, "Workers": []}]}, {"Node Type": "Index Only Scan", "Parent Relationship": "Inner", "Parallel Aware": false, "Async Capable": false, "Scan Direction": "Forward", "Index Name": "store_pkey", "Relation Name": "store", "Alias": "store", "Startup Cost": 0.14, "Total Cost": 0.16, "Plan Rows": 1, "Plan Width": 4, "Actual Rows": 1, "Actual Loops": 6, "Index Cond": "(s_store_sk = store_sales.ss_store_sk)", "Rows Removed by Index Recheck": 0, "Heap Fetches": 6, "Workers": []}]}]}]}]}]}, "Planning Time": 8.715, "Triggers": [], "Execution Time": 99624.152}, {"Plan": {"Node Type": "Aggregate", "Strategy": "Plain", "Partial Mode": "Finalize", "Parallel Aware": false, "Async Capable": false, "Startup Cost": 65625.38, "Total Cost": 65625.39, "Plan Rows": 1, "Plan Width": 8, "Actual Rows": 1, "Actual Loops": 1, "Plans": [{"Node Type": "Gather", "Parent Relationship": "Outer", "Parallel Aware": false, "Async Capable": false, "Startup Cost": 65625.27, "Total Cost": 65625.38, "Plan Rows": 1, "Plan Width": 8, "Actual Rows": 2, "Actual Loops": 1, "Workers Planned": 1, "Workers Launched": 1, "Single Copy": false, "Plans": [{"Node Type": "Aggregate", "Strategy": "Plain", "Partial Mode": "Partial", "Parent Relationship": "Outer", "Parallel Aware": false, "Async Capable": false, "Startup Cost": 64625.27, "Total Cost": 64625.28, "Plan Rows": 1, "Plan Width": 8, "Actual Rows": 1, "Actual Loops": 2, "Workers": [], "Plans": [{"Node Type": "Hash Join", "Parent Relationship": "Outer", "Parallel Aware": true, "Async Capable": false, "Join Type": "Inner", "Startup Cost": 62663.93, "Total Cost": 64625.27, "Plan Rows": 1, "Plan Width": 0, "Actual Rows": 3, "Actual Loops": 2, "Inner Unique": false, "Hash Cond": "(d1.d_date_sk = store_sales.ss_sold_date_sk)", "Workers": [], "Plans": [{"Node Type": "Seq Scan", "Parent Relationship": "Outer", "Parallel Aware": true, "Async Capable": false, "Relation Name": "date_dim", "Alias": "d1", "Startup Cost": 0.0, "Total Cost": 1961.12, "Plan Rows": 54, "Plan Width": 4, "Actual Rows": 46, "Actual Loops": 2, "Filter": "(d_quarter_name = '2002Q1'::bpchar)", "Rows Removed by Filter": 36479, "Workers": []}, {"Node Type": "Hash", "Parent Relationship": "Inner", "Parallel Aware": true, "Async Capable": false, "Startup Cost": 62663.92, "Total Cost": 62663.92, "Plan Rows": 1, "Plan Width": 4, "Actual Rows": 9, "Actual Loops": 2, "Hash Buckets": 1024, "Original Hash Buckets": 1024, "Hash Batches": 1, "Original Hash Batches": 1, "Peak Memory Usage": 72, "Workers": [], "Plans": [{"Node Type": "Nested Loop", "Parent Relationship": "Outer", "Parallel Aware": false, "Async Capable": false, "Join Type": "Inner", "Startup Cost": 2018.45, "Total Cost": 62663.92, "Plan Rows": 1, "Plan Width": 4, "Actual Rows": 9, "Actual Loops": 2, "Inner Unique": true, "Workers": [], "Plans": [{"Node Type": "Nested Loop", "Parent Relationship": "Outer", "Parallel Aware": false, "Async Capable": false, "Join Type": "Inner", "Startup Cost": 2018.16, "Total Cost": 62663.61, "Plan Rows": 1, "Plan Width": 16, "Actual Rows": 9, "Actual Loops": 2, "Inner Unique": true, "Workers": [], "Plans": [{"Node Type": "Nested Loop", "Parent Relationship": "Outer", "Parallel Aware": false, "Async Capable": false, "Join Type": "Inner", "Startup Cost": 2018.02, "Total Cost": 62663.45, "Plan Rows": 1, "Plan Width": 20, "Actual Rows": 9, "Actual Loops": 2, "Inner Unique": true, "Workers": [], "Plans": [{"Node Type": "Nested Loop", "Parent Relationship": "Outer", "Parallel Aware": false, "Async Capable": false, "Join Type": "Inner", "Startup Cost": 2017.72, "Total Cost": 62663.13, "Plan Rows": 1, "Plan Width": 24, "Actual Rows": 52, "Actual Loops": 2, "Inner Unique": false, "Workers": [], "Plans": [{"Node Type": "Nested Loop", "Parent Relationship": "Outer", "Parallel Aware": false, "Async Capable": false, "Join Type": "Inner", "Startup Cost": 2017.29, "Total Cost": 62659.53, "Plan Rows": 1, "Plan Width": 24, "Actual Rows": 151021, "Actual Loops": 2, "Inner Unique": true, "Workers": [], "Plans": [{"Node Type": "Hash Join", "Parent Relationship": "Outer", "Parallel Aware": true, "Async Capable": false, "Join Type": "Inner", "Startup Cost": 2016.85, "Total Cost": 59044.53, "Plan Rows": 2686, "Plan Width": 12, "Actual Rows": 203724, "Actual Loops": 2, "Inner Unique": true, "Hash Cond": "(store_returns.sr_returned_date_sk = d2.d_date_sk)", "Workers": [], "Plans": [{"Node Type": "Seq Scan", "Parent Relationship": "Outer", "Parallel Aware": true, "Async Capable": false, "Relation Name": "store_returns", "Alias": "store_returns", "Startup Cost": 0.0, "Total Cost": 55140.58, "Plan Rows": 718858, "Plan Width": 16, "Actual Rows": 1437716, "Actual Loops": 2, "Workers": []}, {"Node Type": "Hash", "Parent Relationship": "Inner", "Parallel Aware": true, "Async Capable": false, "Startup Cost": 2014.84, "Total Cost": 2014.84, "Plan Rows": 161, "Plan Width": 4, "Actual Rows": 137, "Actual Loops": 2, "Hash Buckets": 1024, "Original Hash Buckets": 1024, "Hash Batches": 1, "Original Hash Batches": 1, "Peak Memory Usage": 72, "Workers": [], "Plans": [{"Node Type": "Seq Scan", "Parent Relationship": "Outer", "Parallel Aware": true, "Async Capable": false, "Relation Name": "date_dim", "Alias": "d2", "Startup Cost": 0.0, "Total Cost": 2014.84, "Plan Rows": 161, "Plan Width": 4, "Actual Rows": 137, "Actual Loops": 2, "Filter": "(d_quarter_name = ANY ('{2002Q1,2002Q2,2002Q3}'::bpchar[]))", "Rows Removed by Filter": 36388, "Workers": []}]}]}, {"Node Type": "Index Scan", "Parent Relationship": "Inner", "Parallel Aware": false, "Async Capable": false, "Scan Direction": "Forward", "Index Name": "store_sales_pkey", "Relation Name": "store_sales", "Alias": "store_sales", "Startup Cost": 0.44, "Total Cost": 1.34, "Plan Rows": 1, "Plan Width": 20, "Actual Rows": 1, "Actual Loops": 407447, "Index Cond": "((ss_item_sk = store_returns.sr_item_sk) AND (ss_ticket_number = store_returns.sr_ticket_number))", "Rows Removed by Index Recheck": 0, "Filter": "(store_returns.sr_customer_sk = ss_customer_sk)", "Rows Removed by Filter": 0, "Workers": []}]}, {"Node Type": "Index Scan", "Parent Relationship": "Inner", "Parallel Aware": false, "Async Capable": false, "Scan Direction": "Forward", "Index Name": "catalog_sales_pkey", "Relation Name": "catalog_sales", "Alias": "catalog_sales", "Startup Cost": 0.43, "Total Cost": 3.59, "Plan Rows": 1, "Plan Width": 12, "Actual Rows": 0, "Actual Loops": 302042, "Index Cond": "(cs_item_sk = store_sales.ss_item_sk)", "Rows Removed by Index Recheck": 0, "Filter": "(cs_bill_customer_sk = store_sales.ss_customer_sk)", "Rows Removed by Filter": 161, "Workers": []}]}, {"Node Type": "Index Scan", "Parent Relationship": "Inner", "Parallel Aware": false, "Async Capable": false, "Scan Direction": "Forward", "Index Name": "date_dim_pkey", "Relation Name": "date_dim", "Alias": "d3", "Startup Cost": 0.29, "Total Cost": 0.31, "Plan Rows": 1, "Plan Width": 4, "Actual Rows": 0, "Actual Loops": 103, "Index Cond": "(d_date_sk = catalog_sales.cs_sold_date_sk)", "Rows Removed by Index Recheck": 0, "Filter": "(d_quarter_name = ANY ('{2002Q1,2002Q2,2002Q3}'::bpchar[]))", "Rows Removed by Filter": 1, "Workers": []}]}, {"Node Type": "Index Only Scan", "Parent Relationship": "Inner", "Parallel Aware": false, "Async Capable": false, "Scan Direction": "Forward", "Index Name": "store_pkey", "Relation Name": "store", "Alias": "store", "Startup Cost": 0.14, "Total Cost": 0.16, "Plan Rows": 1, "Plan Width": 4, "Actual Rows": 1, "Actual Loops": 18, "Index Cond": "(s_store_sk = store_sales.ss_store_sk)", "Rows Removed by Index Recheck": 0, "Heap Fetches": 18, "Workers": []}]}, {"Node Type": "Index Only Scan", "Parent Relationship": "Inner", "Parallel Aware": false, "Async Capable": false, "Scan Direction": "Forward", "Index Name": "item_pkey", "Relation Name": "item", "Alias": "item", "Startup Cost": 0.29, "Total Cost": 0.31, "Plan Rows": 1, "Plan Width": 4, "Actual Rows": 1, "Actual Loops": 18, "Index Cond": "(i_item_sk = store_sales.ss_item_sk)", "Rows Removed by Index Recheck": 0, "Heap Fetches": 0, "Workers": []}]}]}]}]}]}]}, "Planning Time": 5.265, "Triggers": [], "Execution Time": 158352.067}, {"Plan": {"Node Type": "Aggregate", "Strategy": "Plain", "Partial Mode": "Finalize", "Parallel Aware": false, "Async Capable": false, "Startup Cost": 651273.72, "Total Cost": 651273.73, "Plan Rows": 1, "Plan Width": 8, "Actual Rows": 1, "Actual Loops": 1, "Plans": [{"Node Type": "Gather", "Parent Relationship": "Outer", "Parallel Aware": false, "Async Capable": false, "Startup Cost": 651273.1, "Total Cost": 651273.71, "Plan Rows": 6, "Plan Width": 8, "Actual Rows": 7, "Actual Loops": 1, "Workers Planned": 6, "Workers Launched": 6, "Single Copy": false, "Plans": [{"Node Type": "Aggregate", "Strategy": "Plain", "Partial Mode": "Partial", "Parent Relationship": "Outer", "Parallel Aware": false, "Async Capable": false, "Startup Cost": 650273.1, "Total Cost": 650273.11, "Plan Rows": 1, "Plan Width": 8, "Actual Rows": 1, "Actual Loops": 7, "Workers": [], "Plans": [{"Node Type": "Hash Join", "Parent Relationship": "Outer", "Parallel Aware": true, "Async Capable": false, "Join Type": "Inner", "Startup Cost": 72138.66, "Total Cost": 650273.1, "Plan Rows": 1, "Plan Width": 0, "Actual Rows": 1, "Actual Loops": 7, "Inner Unique": false, "Hash Cond": "((store_sales.ss_item_sk = item.i_item_sk) AND (store_sales.ss_customer_sk = store_returns.sr_customer_sk) AND (store_sales.ss_ticket_number = store_returns.sr_ticket_number))", "Workers": [], "Plans": [{"Node Type": "Hash Join", "Parent Relationship": "Outer", "Parallel Aware": false, "Async Capable": false, "Join Type": "Inner", "Startup Cost": 1969.1, "Total Cost": 580036.25, "Plan Rows": 5980, "Plan Width": 12, "Actual Rows": 117067, "Actual Loops": 7, "Inner Unique": true, "Hash Cond": "(store_sales.ss_store_sk = store.s_store_sk)", "Workers": [], "Plans": [{"Node Type": "Hash Join", "Parent Relationship": "Outer", "Parallel Aware": true, "Async Capable": false, "Join Type": "Inner", "Startup Cost": 1961.8, "Total Cost": 580012.63, "Plan Rows": 5980, "Plan Width": 16, "Actual Rows": 119885, "Actual Loops": 7, "Inner Unique": true, "Hash Cond": "(store_sales.ss_sold_date_sk = d1.d_date_sk)", "Workers": [], "Plans": [{"Node Type": "Seq Scan", "Parent Relationship": "Outer", "Parallel Aware": true, "Async Capable": false, "Relation Name": "store_sales", "Alias": "store_sales", "Startup Cost": 0.0, "Total Cost": 565449.69, "Plan Rows": 4800169, "Plan Width": 20, "Actual Rows": 4114427, "Actual Loops": 7, "Workers": []}, {"Node Type": "Hash", "Parent Relationship": "Inner", "Parallel Aware": true, "Async Capable": false, "Startup Cost": 1961.12, "Total Cost": 1961.12, "Plan Rows": 54, "Plan Width": 4, "Actual Rows": 13, "Actual Loops": 7, "Hash Buckets": 1024, "Original Hash Buckets": 1024, "Hash Batches": 1, "Original Hash Batches": 1, "Peak Memory Usage": 104, "Workers": [], "Plans": [{"Node Type": "Seq Scan", "Parent Relationship": "Outer", "Parallel Aware": true, "Async Capable": false, "Relation Name": "date_dim", "Alias": "d1", "Startup Cost": 0.0, "Total Cost": 1961.12, "Plan Rows": 54, "Plan Width": 4, "Actual Rows": 13, "Actual Loops": 7, "Filter": "(d_quarter_name = '2002Q1'::bpchar)", "Rows Removed by Filter": 10423, "Workers": []}]}]}, {"Node Type": "Hash", "Parent Relationship": "Inner", "Parallel Aware": false, "Async Capable": false, "Startup Cost": 6.02, "Total Cost": 6.02, "Plan Rows": 102, "Plan Width": 4, "Actual Rows": 102, "Actual Loops": 7, "Hash Buckets": 1024, "Original Hash Buckets": 1024, "Hash Batches": 1, "Original Hash Batches": 1, "Peak Memory Usage": 12, "Workers": [], "Plans": [{"Node Type": "Seq Scan", "Parent Relationship": "Outer", "Parallel Aware": false, "Async Capable": false, "Relation Name": "store", "Alias": "store", "Startup Cost": 0.0, "Total Cost": 6.02, "Plan Rows": 102, "Plan Width": 4, "Actual Rows": 102, "Actual Loops": 7, "Workers": []}]}]}, {"Node Type": "Hash", "Parent Relationship": "Inner", "Parallel Aware": true, "Async Capable": false, "Startup Cost": 70169.54, "Total Cost": 70169.54, "Plan Rows": 1, "Plan Width": 24, "Actual Rows": 3, "Actual Loops": 7, "Hash Buckets": 1024, "Original Hash Buckets": 1024, "Hash Batches": 1, "Original Hash Batches": 1, "Peak Memory Usage": 232, "Workers": [], "Plans": [{"Node Type": "Nested Loop", "Parent Relationship": "Outer", "Parallel Aware": false, "Async Capable": false, "Join Type": "Inner", "Startup Cost": 2017.87, "Total Cost": 70169.54, "Plan Rows": 1, "Plan Width": 24, "Actual Rows": 3, "Actual Loops": 7, "Inner Unique": true, "Workers": [], "Plans": [{"Node Type": "Nested Loop", "Parent Relationship": "Outer", "Parallel Aware": false, "Async Capable": false, "Join Type": "Inner", "Startup Cost": 2017.58, "Total Cost": 70169.23, "Plan Rows": 1, "Plan Width": 20, "Actual Rows": 3, "Actual Loops": 7, "Inner Unique": true, "Workers": [], "Plans": [{"Node Type": "Nested Loop", "Parent Relationship": "Outer", "Parallel Aware": false, "Async Capable": false, "Join Type": "Inner", "Startup Cost": 2017.29, "Total Cost": 70168.92, "Plan Rows": 1, "Plan Width": 24, "Actual Rows": 18, "Actual Loops": 7, "Inner Unique": false, "Workers": [], "Plans": [{"Node Type": "Hash Join", "Parent Relationship": "Outer", "Parallel Aware": true, "Async Capable": false, "Join Type": "Inner", "Startup Cost": 2016.85, "Total Cost": 59044.53, "Plan Rows": 2686, "Plan Width": 12, "Actual Rows": 58207, "Actual Loops": 7, "Inner Unique": true, "Hash Cond": "(store_returns.sr_returned_date_sk = d2.d_date_sk)", "Workers": [], "Plans": [{"Node Type": "Seq Scan", "Parent Relationship": "Outer", "Parallel Aware": true, "Async Capable": false, "Relation Name": "store_returns", "Alias": "store_returns", "Startup Cost": 0.0, "Total Cost": 55140.58, "Plan Rows": 718858, "Plan Width": 16, "Actual Rows": 410776, "Actual Loops": 7, "Workers": []}, {"Node Type": "Hash", "Parent Relationship": "Inner", "Parallel Aware": true, "Async Capable": false, "Startup Cost": 2014.84, "Total Cost": 2014.84, "Plan Rows": 161, "Plan Width": 4, "Actual Rows": 39, "Actual Loops": 7, "Hash Buckets": 1024, "Original Hash Buckets": 1024, "Hash Batches": 1, "Original Hash Batches": 1, "Peak Memory Usage": 168, "Workers": [], "Plans": [{"Node Type": "Seq Scan", "Parent Relationship": "Outer", "Parallel Aware": true, "Async Capable": false, "Relation Name": "date_dim", "Alias": "d2", "Startup Cost": 0.0, "Total Cost": 2014.84, "Plan Rows": 161, "Plan Width": 4, "Actual Rows": 39, "Actual Loops": 7, "Filter": "(d_quarter_name = ANY ('{2002Q1,2002Q2,2002Q3}'::bpchar[]))", "Rows Removed by Filter": 10396, "Workers": []}]}]}, {"Node Type": "Index Scan", "Parent Relationship": "Inner", "Parallel Aware": false, "Async Capable": false, "Scan Direction": "Forward", "Index Name": "catalog_sales_pkey", "Relation Name": "catalog_sales", "Alias": "catalog_sales", "Startup Cost": 0.43, "Total Cost": 4.13, "Plan Rows": 1, "Plan Width": 12, "Actual Rows": 0, "Actual Loops": 407447, "Index Cond": "(cs_item_sk = store_returns.sr_item_sk)", "Rows Removed by Index Recheck": 0, "Filter": "(cs_bill_customer_sk = store_returns.sr_customer_sk)", "Rows Removed by Filter": 161, "Workers": []}]}, {"Node Type": "Index Scan", "Parent Relationship": "Inner", "Parallel Aware": false, "Async Capable": false, "Scan Direction": "Forward", "Index Name": "date_dim_pkey", "Relation Name": "date_dim", "Alias": "d3", "Startup Cost": 0.29, "Total Cost": 0.31, "Plan Rows": 1, "Plan Width": 4, "Actual Rows": 0, "Actual Loops": 123, "Index Cond": "(d_date_sk = catalog_sales.cs_sold_date_sk)", "Rows Removed by Index Recheck": 0, "Filter": "(d_quarter_name = ANY ('{2002Q1,2002Q2,2002Q3}'::bpchar[]))", "Rows Removed by Filter": 1, "Workers": []}]}, {"Node Type": "Index Only Scan", "Parent Relationship": "Inner", "Parallel Aware": false, "Async Capable": false, "Scan Direction": "Forward", "Index Name": "item_pkey", "Relation Name": "item", "Alias": "item", "Startup Cost": 0.29, "Total Cost": 0.31, "Plan Rows": 1, "Plan Width": 4, "Actual Rows": 1, "Actual Loops": 20, "Index Cond": "(i_item_sk = store_returns.sr_item_sk)", "Rows Removed by Index Recheck": 0, "Heap Fetches": 0, "Workers": []}]}]}]}]}]}]}, "Planning Time": 8.065, "Triggers": [], "Execution Time": 30875.208}, {"Plan": {"Node Type": "Aggregate", "Strategy": "Plain", "Partial Mode": "Simple", "Parallel Aware": false, "Async Capable": false, "Startup Cost": 473680.19, "Total Cost": 473680.2, "Plan Rows": 1, "Plan Width": 8, "Actual Rows": 1, "Actual Loops": 1, "Plans": [{"Node Type": "Gather", "Parent Relationship": "Outer", "Parallel Aware": false, "Async Capable": false, "Startup Cost": 470529.14, "Total Cost": 473680.19, "Plan Rows": 1, "Plan Width": 0, "Actual Rows": 6, "Actual Loops": 1, "Workers Planned": 6, "Workers Launched": 6, "Single Copy": false, "Plans": [{"Node Type": "Hash Join", "Parent Relationship": "Outer", "Parallel Aware": true, "Async Capable": false, "Join Type": "Inner", "Startup Cost": 469529.14, "Total Cost": 472680.09, "Plan Rows": 1, "Plan Width": 0, "Actual Rows": 1, "Actual Loops": 7, "Inner Unique": false, "Hash Cond": "((item.i_item_sk = store_sales.ss_item_sk) AND (catalog_sales.cs_bill_customer_sk = store_sales.ss_customer_sk))", "Workers": [], "Plans": [{"Node Type": "Merge Join", "Parent Relationship": "Outer", "Parallel Aware": false, "Async Capable": false, "Join Type": "Inner", "Startup Cost": 406869.13, "Total Cost": 409952.79, "Plan Rows": 8970, "Plan Width": 12, "Actual Rows": 227447, "Actual Loops": 7, "Inner Unique": true, "Merge Cond": "(catalog_sales.cs_item_sk = item.i_item_sk)", "Workers": [], "Plans": [{"Node Type": "Sort", "Parent Relationship": "Outer", "Parallel Aware": false, "Async Capable": false, "Startup Cost": 406868.84, "Total Cost": 406891.26, "Plan Rows": 8970, "Plan Width": 8, "Actual Rows": 227447, "Actual Loops": 7, "Sort Key": ["catalog_sales.cs_item_sk"], "Sort Method": "quicksort", "Sort Space Used": 12891, "Sort Space Type": "Memory", "Workers": [{"Worker Number": 0, "Sort Method": "quicksort", "Sort Space Used": 13197, "Sort Space Type": "Memory"}, {"Worker Number": 1, "Sort Method": "quicksort", "Sort Space Used": 13673, "Sort Space Type": "Memory"}, {"Worker Number": 2, "Sort Method": "quicksort", "Sort Space Used": 12888, "Sort Space Type": "Memory"}, {"Worker Number": 3, "Sort Method": "quicksort", "Sort Space Used": 13725, "Sort Space Type": "Memory"}, {"Worker Number": 4, "Sort Method": "quicksort", "Sort Space Used": 12583, "Sort Space Type": "Memory"}, {"Worker Number": 5, "Sort Method": "quicksort", "Sort Space Used": 13809, "Sort Space Type": "Memory"}], "Plans": [{"Node Type": "Hash Join", "Parent Relationship": "Outer", "Parallel Aware": true, "Async Capable": false, "Join Type": "Inner", "Startup Cost": 2016.85, "Total Cost": 406279.92, "Plan Rows": 8970, "Plan Width": 8, "Actual Rows": 227447, "Actual Loops": 7, "Inner Unique": true, "Hash Cond": "(catalog_sales.cs_sold_date_sk = d3.d_date_sk)", "Workers": [], "Plans": [{"Node Type": "Seq Scan", "Parent Relationship": "Outer", "Parallel Aware": true, "Async Capable": false, "Relation Name": "catalog_sales", "Alias": "catalog_sales", "Startup Cost": 0.0, "Total Cost": 397962.14, "Plan Rows": 2400214, "Plan Width": 12, "Actual Rows": 2057323, "Actual Loops": 7, "Workers": []}, {"Node Type": "Hash", "Parent Relationship": "Inner", "Parallel Aware": true, "Async Capable": false, "Startup Cost": 2014.84, "Total Cost": 2014.84, "Plan Rows": 161, "Plan Width": 4, "Actual Rows": 39, "Actual Loops": 7, "Hash Buckets": 1024, "Original Hash Buckets": 1024, "Hash Batches": 1, "Original Hash Batches": 1, "Peak Memory Usage": 200, "Workers": [], "Plans": [{"Node Type": "Seq Scan", "Parent Relationship": "Outer", "Parallel Aware": true, "Async Capable": false, "Relation Name": "date_dim", "Alias": "d3", "Startup Cost": 0.0, "Total Cost": 2014.84, "Plan Rows": 161, "Plan Width": 4, "Actual Rows": 39, "Actual Loops": 7, "Filter": "(d_quarter_name = ANY ('{2002Q1,2002Q2,2002Q3}'::bpchar[]))", "Rows Removed by Filter": 10396, "Workers": []}]}]}]}, {"Node Type": "Index Only Scan", "Parent Relationship": "Inner", "Parallel Aware": false, "Async Capable": false, "Scan Direction": "Forward", "Index Name": "item_pkey", "Relation Name": "item", "Alias": "item", "Startup Cost": 0.29, "Total Cost": 2694.4, "Plan Rows": 102000, "Plan Width": 4, "Actual Rows": 102000, "Actual Loops": 7, "Heap Fetches": 0, "Workers": []}]}, {"Node Type": "Hash", "Parent Relationship": "Inner", "Parallel Aware": true, "Async Capable": false, "Startup Cost": 62660.0, "Total Cost": 62660.0, "Plan Rows": 1, "Plan Width": 16, "Actual Rows": 8665, "Actual Loops": 7, "Hash Buckets": 65536, "Original Hash Buckets": 1024, "Hash Batches": 1, "Original Hash Batches": 1, "Peak Memory Usage": 3960, "Workers": [], "Plans": [{"Node Type": "Nested Loop", "Parent Relationship": "Outer", "Parallel Aware": false, "Async Capable": false, "Join Type": "Inner", "Startup Cost": 2017.72, "Total Cost": 62660.0, "Plan Rows": 1, "Plan Width": 16, "Actual Rows": 8665, "Actual Loops": 7, "Inner Unique": true, "Workers": [], "Plans": [{"Node Type": "Nested Loop", "Parent Relationship": "Outer", "Parallel Aware": false, "Async Capable": false, "Join Type": "Inner", "Startup Cost": 2017.58, "Total Cost": 62659.84, "Plan Rows": 1, "Plan Width": 20, "Actual Rows": 8760, "Actual Loops": 7, "Inner Unique": true, "Workers": [], "Plans": [{"Node Type": "Nested Loop", "Parent Relationship": "Outer", "Parallel Aware": false, "Async Capable": false, "Join Type": "Inner", "Startup Cost": 2017.29, "Total Cost": 62659.53, "Plan Rows": 1, "Plan Width": 24, "Actual Rows": 43149, "Actual Loops": 7, "Inner Unique": true, "Workers": [], "Plans": [{"Node Type": "Hash Join", "Parent Relationship": "Outer", "Parallel Aware": true, "Async Capable": false, "Join Type": "Inner", "Startup Cost": 2016.85, "Total Cost": 59044.53, "Plan Rows": 2686, "Plan Width": 12, "Actual Rows": 58207, "Actual Loops": 7, "Inner Unique": true, "Hash Cond": "(store_returns.sr_returned_date_sk = d2.d_date_sk)", "Workers": [], "Plans": [{"Node Type": "Seq Scan", "Parent Relationship": "Outer", "Parallel Aware": true, "Async Capable": false, "Relation Name": "store_returns", "Alias": "store_returns", "Startup Cost": 0.0, "Total Cost": 55140.58, "Plan Rows": 718858, "Plan Width": 16, "Actual Rows": 410776, "Actual Loops": 7, "Workers": []}, {"Node Type": "Hash", "Parent Relationship": "Inner", "Parallel Aware": true, "Async Capable": false, "Startup Cost": 2014.84, "Total Cost": 2014.84, "Plan Rows": 161, "Plan Width": 4, "Actual Rows": 39, "Actual Loops": 7, "Hash Buckets": 1024, "Original Hash Buckets": 1024, "Hash Batches": 1, "Original Hash Batches": 1, "Peak Memory Usage": 40, "Workers": [], "Plans": [{"Node Type": "Seq Scan", "Parent Relationship": "Outer", "Parallel Aware": true, "Async Capable": false, "Relation Name": "date_dim", "Alias": "d2", "Startup Cost": 0.0, "Total Cost": 2014.84, "Plan Rows": 161, "Plan Width": 4, "Actual Rows": 39, "Actual Loops": 7, "Filter": "(d_quarter_name = ANY ('{2002Q1,2002Q2,2002Q3}'::bpchar[]))", "Rows Removed by Filter": 10396, "Workers": []}]}]}, {"Node Type": "Index Scan", "Parent Relationship": "Inner", "Parallel Aware": false, "Async Capable": false, "Scan Direction": "Forward", "Index Name": "store_sales_pkey", "Relation Name": "store_sales", "Alias": "store_sales", "Startup Cost": 0.44, "Total Cost": 1.34, "Plan Rows": 1, "Plan Width": 20, "Actual Rows": 1, "Actual Loops": 407447, "Index Cond": "((ss_item_sk = store_returns.sr_item_sk) AND (ss_ticket_number = store_returns.sr_ticket_number))", "Rows Removed by Index Recheck": 0, "Filter": "(store_returns.sr_customer_sk = ss_customer_sk)", "Rows Removed by Filter": 0, "Workers": []}]}, {"Node Type": "Index Scan", "Parent Relationship": "Inner", "Parallel Aware": false, "Async Capable": false, "Scan Direction": "Forward", "Index Name": "date_dim_pkey", "Relation Name": "date_dim", "Alias": "d1", "Startup Cost": 0.29, "Total Cost": 0.31, "Plan Rows": 1, "Plan Width": 4, "Actual Rows": 0, "Actual Loops": 302042, "Index Cond": "(d_date_sk = store_sales.ss_sold_date_sk)", "Rows Removed by Index Recheck": 0, "Filter": "(d_quarter_name = '2002Q1'::bpchar)", "Rows Removed by Filter": 1, "Workers": []}]}, {"Node Type": "Index Only Scan", "Parent Relationship": "Inner", "Parallel Aware": false, "Async Capable": false, "Scan Direction": "Forward", "Index Name": "store_pkey", "Relation Name": "store", "Alias": "store", "Startup Cost": 0.14, "Total Cost": 0.16, "Plan Rows": 1, "Plan Width": 4, "Actual Rows": 1, "Actual Loops": 61320, "Index Cond": "(s_store_sk = store_sales.ss_store_sk)", "Rows Removed by Index Recheck": 0, "Heap Fetches": 60655, "Workers": []}]}]}]}]}]}, "Planning Time": 4.694, "Triggers": [], "Execution Time": 2398.974}, {"Plan": {"Node Type": "Aggregate", "Strategy": "Plain", "Partial Mode": "Finalize", "Parallel Aware": false, "Async Capable": false, "Startup Cost": 528567.77, "Total Cost": 528567.78, "Plan Rows": 1, "Plan Width": 8, "Plans": [{"Node Type": "Gather", "Parent Relationship": "Outer", "Parallel Aware": false, "Async Capable": false, "Startup Cost": 528567.35, "Total Cost": 528567.76, "Plan Rows": 4, "Plan Width": 8, "Workers Planned": 4, "Single Copy": false, "Plans": [{"Node Type": "Aggregate", "Strategy": "Plain", "Partial Mode": "Partial", "Parent Relationship": "Outer", "Parallel Aware": false, "Async Capable": false, "Startup Cost": 527567.35, "Total Cost": 527567.36, "Plan Rows": 1, "Plan Width": 8, "Plans": [{"Node Type": "Hash Join", "Parent Relationship": "Outer", "Parallel Aware": true, "Async Capable": false, "Join Type": "Inner", "Startup Cost": 469675.88, "Total Cost": 527567.35, "Plan Rows": 1, "Plan Width": 0, "Inner Unique": false, "Hash Cond": "((item.i_item_sk = store_sales.ss_item_sk) AND (store_returns.sr_customer_sk = store_sales.ss_customer_sk) AND (store_returns.sr_ticket_number = store_sales.ss_ticket_number))", "Plans": [{"Node Type": "Nested Loop", "Parent Relationship": "Outer", "Parallel Aware": false, "Async Capable": false, "Join Type": "Inner", "Startup Cost": 2017.14, "Total Cost": 59878.38, "Plan Rows": 2686, "Plan Width": 16, "Inner Unique": true, "Plans": [{"Node Type": "Hash Join", "Parent Relationship": "Outer", "Parallel Aware": true, "Async Capable": false, "Join Type": "Inner", "Startup Cost": 2016.85, "Total Cost": 59044.53, "Plan Rows": 2686, "Plan Width": 12, "Inner Unique": true, "Hash Cond": "(store_returns.sr_returned_date_sk = d2.d_date_sk)", "Plans": [{"Node Type": "Seq Scan", "Parent Relationship": "Outer", "Parallel Aware": true, "Async Capable": false, "Relation Name": "store_returns", "Alias": "store_returns", "Startup Cost": 0.0, "Total Cost": 55140.58, "Plan Rows": 718858, "Plan Width": 16}, {"Node Type": "Hash", "Parent Relationship": "Inner", "Parallel Aware": true, "Async Capable": false, "Startup Cost": 2014.84, "Total Cost": 2014.84, "Plan Rows": 161, "Plan Width": 4, "Plans": [{"Node Type": "Seq Scan", "Parent Relationship": "Outer", "Parallel Aware": true, "Async Capable": false, "Relation Name": "date_dim", "Alias": "d2", "Startup Cost": 0.0, "Total Cost": 2014.84, "Plan Rows": 161, "Plan Width": 4, "Filter": "(d_quarter_name = ANY ('{2002Q1,2002Q2,2002Q3}'::bpchar[]))"}]}]}, {"Node Type": "Index Only Scan", "Parent Relationship": "Inner", "Parallel Aware": false, "Async Capable": false, "Scan Direction": "Forward", "Index Name": "item_pkey", "Relation Name": "item", "Alias": "item", "Startup Cost": 0.29, "Total Cost": 0.31, "Plan Rows": 1, "Plan Width": 4, "Index Cond": "(i_item_sk = store_returns.sr_item_sk)"}]}, {"Node Type": "Hash", "Parent Relationship": "Inner", "Parallel Aware": true, "Async Capable": false, "Startup Cost": 467658.72, "Total Cost": 467658.72, "Plan Rows": 1, "Plan Width": 20, "Plans": [{"Node Type": "Nested Loop", "Parent Relationship": "Outer", "Parallel Aware": false, "Async Capable": false, "Join Type": "Inner", "Startup Cost": 2017.72, "Total Cost": 467658.72, "Plan Rows": 1, "Plan Width": 20, "Inner Unique": true, "Plans": [{"Node Type": "Nested Loop", "Parent Relationship": "Outer", "Parallel Aware": false, "Async Capable": false, "Join Type": "Inner", "Startup Cost": 2017.58, "Total Cost": 467658.56, "Plan Rows": 1, "Plan Width": 24, "Inner Unique": true, "Plans": [{"Node Type": "Nested Loop", "Parent Relationship": "Outer", "Parallel Aware": false, "Async Capable": false, "Join Type": "Inner", "Startup Cost": 2017.29, "Total Cost": 467656.06, "Plan Rows": 8, "Plan Width": 28, "Inner Unique": false, "Plans": [{"Node Type": "Hash Join", "Parent Relationship": "Outer", "Parallel Aware": true, "Async Capable": false, "Join Type": "Inner", "Startup Cost": 2016.85, "Total Cost": 406279.92, "Plan Rows": 8970, "Plan Width": 8, "Inner Unique": true, "Hash Cond": "(catalog_sales.cs_sold_date_sk = d3.d_date_sk)", "Plans": [{"Node Type": "Seq Scan", "Parent Relationship": "Outer", "Parallel Aware": true, "Async Capable": false, "Relation Name": "catalog_sales", "Alias": "catalog_sales", "Startup Cost": 0.0, "Total Cost": 397962.14, "Plan Rows": 2400214, "Plan Width": 12}, {"Node Type": "Hash", "Parent Relationship": "Inner", "Parallel Aware": true, "Async Capable": false, "Startup Cost": 2014.84, "Total Cost": 2014.84, "Plan Rows": 161, "Plan Width": 4, "Plans": [{"Node Type": "Seq Scan", "Parent Relationship": "Outer", "Parallel Aware": true, "Async Capable": false, "Relation Name": "date_dim", "Alias": "d3", "Startup Cost": 0.0, "Total Cost": 2014.84, "Plan Rows": 161, "Plan Width": 4, "Filter": "(d_quarter_name = ANY ('{2002Q1,2002Q2,2002Q3}'::bpchar[]))"}]}]}, {"Node Type": "Index Scan", "Parent Relationship": "Inner", "Parallel Aware": false, "Async Capable": false, "Scan Direction": "Forward", "Index Name": "store_sales_pkey", "Relation Name": "store_sales", "Alias": "store_sales", "Startup Cost": 0.44, "Total Cost": 6.83, "Plan Rows": 1, "Plan Width": 20, "Index Cond": "(ss_item_sk = catalog_sales.cs_item_sk)", "Filter": "(catalog_sales.cs_bill_customer_sk = ss_customer_sk)"}]}, {"Node Type": "Index Scan", "Parent Relationship": "Inner", "Parallel Aware": false, "Async Capable": false, "Scan Direction": "Forward", "Index Name": "date_dim_pkey", "Relation Name": "date_dim", "Alias": "d1", "Startup Cost": 0.29, "Total Cost": 0.31, "Plan Rows": 1, "Plan Width": 4, "Index Cond": "(d_date_sk = store_sales.ss_sold_date_sk)", "Filter": "(d_quarter_name = '2002Q1'::bpchar)"}]}, {"Node Type": "Index Only Scan", "Parent Relationship": "Inner", "Parallel Aware": false, "Async Capable": false, "Scan Direction": "Forward", "Index Name": "store_pkey", "Relation Name": "store", "Alias": "store", "Startup Cost": 0.14, "Total Cost": 0.16, "Plan Rows": 1, "Plan Width": 4, "Index Cond": "(s_store_sk = store_sales.ss_store_sk)"}]}]}]}]}]}]}}, {"Plan": {"Node Type": "Aggregate", "Strategy": "Plain", "Partial Mode": "Finalize", "Parallel Aware": false, "Async Capable": false, "Startup Cost": 654724.8, "Total Cost": 654724.81, "Plan Rows": 1, "Plan Width": 8, "Actual Rows": 1, "Actual Loops": 1, "Plans": [{"Node Type": "Gather", "Parent Relationship": "Outer", "Parallel Aware": false, "Async Capable": false, "Startup Cost": 654724.38, "Total Cost": 654724.79, "Plan Rows": 4, "Plan Width": 8, "Actual Rows": 5, "Actual Loops": 1, "Workers Planned": 4, "Workers Launched": 4, "Single Copy": false, "Plans": [{"Node Type": "Aggregate", "Strategy": "Plain", "Partial Mode": "Partial", "Parent Relationship": "Outer", "Parallel Aware": false, "Async Capable": false, "Startup Cost": 653724.38, "Total Cost": 653724.39, "Plan Rows": 1, "Plan Width": 8, "Actual Rows": 1, "Actual Loops": 5, "Workers": [], "Plans": [{"Node Type": "Hash Join", "Parent Relationship": "Outer", "Parallel Aware": true, "Async Capable": false, "Join Type": "Inner", "Startup Cost": 585572.7, "Total Cost": 653724.38, "Plan Rows": 1, "Plan Width": 0, "Actual Rows": 1, "Actual Loops": 5, "Inner Unique": false, "Hash Cond": "((store_returns.sr_item_sk = item.i_item_sk) AND (store_returns.sr_customer_sk = store_sales.ss_customer_sk) AND (store_returns.sr_ticket_number = store_sales.ss_ticket_number))", "Workers": [], "Plans": [{"Node Type": "Nested Loop", "Parent Relationship": "Outer", "Parallel Aware": false, "Async Capable": false, "Join Type": "Inner", "Startup Cost": 2017.58, "Total Cost": 70169.23, "Plan Rows": 1, "Plan Width": 20, "Actual Rows": 4, "Actual Loops": 5, "Inner Unique": true, "Workers": [], "Plans": [{"Node Type": "Nested Loop", "Parent Relationship": "Outer", "Parallel Aware": false, "Async Capable": false, "Join Type": "Inner", "Startup Cost": 2017.29, "Total Cost": 70168.92, "Plan Rows": 1, "Plan Width": 24, "Actual Rows": 25, "Actual Loops": 5, "Inner Unique": false, "Workers": [], "Plans": [{"Node Type": "Hash Join", "Parent Relationship": "Outer", "Parallel Aware": true, "Async Capable": false, "Join Type": "Inner", "Startup Cost": 2016.85, "Total Cost": 59044.53, "Plan Rows": 2686, "Plan Width": 12, "Actual Rows": 81489, "Actual Loops": 5, "Inner Unique": true, "Hash Cond": "(store_returns.sr_returned_date_sk = d2.d_date_sk)", "Workers": [], "Plans": [{"Node Type": "Seq Scan", "Parent Relationship": "Outer", "Parallel Aware": true, "Async Capable": false, "Relation Name": "store_returns", "Alias": "store_returns", "Startup Cost": 0.0, "Total Cost": 55140.58, "Plan Rows": 718858, "Plan Width": 16, "Actual Rows": 575086, "Actual Loops": 5, "Workers": []}, {"Node Type": "Hash", "Parent Relationship": "Inner", "Parallel Aware": true, "Async Capable": false, "Startup Cost": 2014.84, "Total Cost": 2014.84, "Plan Rows": 161, "Plan Width": 4, "Actual Rows": 55, "Actual Loops": 5, "Hash Buckets": 1024, "Original Hash Buckets": 1024, "Hash Batches": 1, "Original Hash Batches": 1, "Peak Memory Usage": 168, "Workers": [], "Plans": [{"Node Type": "Seq Scan", "Parent Relationship": "Outer", "Parallel Aware": true, "Async Capable": false, "Relation Name": "date_dim", "Alias": "d2", "Startup Cost": 0.0, "Total Cost": 2014.84, "Plan Rows": 161, "Plan Width": 4, "Actual Rows": 55, "Actual Loops": 5, "Filter": "(d_quarter_name = ANY ('{2002Q1,2002Q2,2002Q3}'::bpchar[]))", "Rows Removed by Filter": 14555, "Workers": []}]}]}, {"Node Type": "Index Scan", "Parent Relationship": "Inner", "Parallel Aware": false, "Async Capable": false, "Scan Direction": "Forward", "Index Name": "catalog_sales_pkey", "Relation Name": "catalog_sales", "Alias": "catalog_sales", "Startup Cost": 0.43, "Total Cost": 4.13, "Plan Rows": 1, "Plan Width": 12, "Actual Rows": 0, "Actual Loops": 407447, "Index Cond": "(cs_item_sk = store_returns.sr_item_sk)", "Rows Removed by Index Recheck": 0, "Filter": "(cs_bill_customer_sk = store_returns.sr_customer_sk)", "Rows Removed by Filter": 161, "Workers": []}]}, {"Node Type": "Index Scan", "Parent Relationship": "Inner", "Parallel Aware": false, "Async Capable": false, "Scan Direction": "Forward", "Index Name": "date_dim_pkey", "Relation Name": "date_dim", "Alias": "d3", "Startup Cost": 0.29, "Total Cost": 0.31, "Plan Rows": 1, "Plan Width": 4, "Actual Rows": 0, "Actual Loops": 123, "Index Cond": "(d_date_sk = catalog_sales.cs_sold_date_sk)", "Rows Removed by Index Recheck": 0, "Filter": "(d_quarter_name = ANY ('{2002Q1,2002Q2,2002Q3}'::bpchar[]))", "Rows Removed by Filter": 1, "Workers": []}]}, {"Node Type": "Hash", "Parent Relationship": "Inner", "Parallel Aware": true, "Async Capable": false, "Startup Cost": 583450.48, "Total Cost": 583450.48, "Plan Rows": 5980, "Plan Width": 16, "Actual Rows": 163894, "Actual Loops": 5, "Hash Buckets": 1048576, "Original Hash Buckets": 65536, "Hash Batches": 1, "Original Hash Batches": 1, "Peak Memory Usage": 53920, "Workers": [], "Plans": [{"Node Type": "Merge Join", "Parent Relationship": "Outer", "Parallel Aware": false, "Async Capable": false, "Join Type": "Inner", "Startup Cost": 580411.67, "Total Cost": 583450.48, "Plan Rows": 5980, "Plan Width": 16, "Actual Rows": 163894, "Actual Loops": 5, "Inner Unique": true, "Merge Cond": "(store_sales.ss_item_sk = item.i_item_sk)", "Workers": [], "Plans": [{"Node Type": "Sort", "Parent Relationship": "Outer", "Parallel Aware": false, "Async Capable": false, "Startup Cost": 580411.37, "Total Cost": 580426.32, "Plan Rows": 5980, "Plan Width": 12, "Actual Rows": 163894, "Actual Loops": 5, "Sort Key": ["store_sales.ss_item_sk"], "Sort Method": "quicksort", "Sort Space Used": 13806, "Sort Space Type": "Memory", "Workers": [{"Worker Number": 0, "Sort Method": "quicksort", "Sort Space Used": 12029, "Sort Space Type": "Memory"}, {"Worker Number": 1, "Sort Method": "quicksort", "Sort Space Used": 12040, "Sort Space Type": "Memory"}, {"Worker Number": 2, "Sort Method": "quicksort", "Sort Space Used": 12834, "Sort Space Type": "Memory"}, {"Worker Number": 3, "Sort Method": "quicksort", "Sort Space Used": 11946, "Sort Space Type": "Memory"}], "Plans": [{"Node Type": "Hash Join", "Parent Relationship": "Outer", "Parallel Aware": false, "Async Capable": false, "Join Type": "Inner", "Startup Cost": 1969.1, "Total Cost": 580036.25, "Plan Rows": 5980, "Plan Width": 12, "Actual Rows": 163894, "Actual Loops": 5, "Inner Unique": true, "Hash Cond": "(store_sales.ss_store_sk = store.s_store_sk)", "Workers": [], "Plans": [{"Node Type": "Hash Join", "Parent Relationship": "Outer", "Parallel Aware": true, "Async Capable": false, "Join Type": "Inner", "Startup Cost": 1961.8, "Total Cost": 580012.63, "Plan Rows": 5980, "Plan Width": 16, "Actual Rows": 167839, "Actual Loops": 5, "Inner Unique": true, "Hash Cond": "(store_sales.ss_sold_date_sk = d1.d_date_sk)", "Workers": [], "Plans": [{"Node Type": "Seq Scan", "Parent Relationship": "Outer", "Parallel Aware": true, "Async Capable": false, "Relation Name": "store_sales", "Alias": "store_sales", "Startup Cost": 0.0, "Total Cost": 565449.69, "Plan Rows": 4800169, "Plan Width": 20, "Actual Rows": 5760198, "Actual Loops": 5, "Workers": []}, {"Node Type": "Hash", "Parent Relationship": "Inner", "Parallel Aware": true, "Async Capable": false, "Startup Cost": 1961.12, "Total Cost": 1961.12, "Plan Rows": 54, "Plan Width": 4, "Actual Rows": 18, "Actual Loops": 5, "Hash Buckets": 1024, "Original Hash Buckets": 1024, "Hash Batches": 1, "Original Hash Batches": 1, "Peak Memory Usage": 40, "Workers": [], "Plans": [{"Node Type": "Seq Scan", "Parent Relationship": "Outer", "Parallel Aware": true, "Async Capable": false, "Relation Name": "date_dim", "Alias": "d1", "Startup Cost": 0.0, "Total Cost": 1961.12, "Plan Rows": 54, "Plan Width": 4, "Actual Rows": 18, "Actual Loops": 5, "Filter": "(d_quarter_name = '2002Q1'::bpchar)", "Rows Removed by Filter": 14592, "Workers": []}]}]}, {"Node Type": "Hash", "Parent Relationship": "Inner", "Parallel Aware": false, "Async Capable": false, "Startup Cost": 6.02, "Total Cost": 6.02, "Plan Rows": 102, "Plan Width": 4, "Actual Rows": 102, "Actual Loops": 5, "Hash Buckets": 1024, "Original Hash Buckets": 1024, "Hash Batches": 1, "Original Hash Batches": 1, "Peak Memory Usage": 12, "Workers": [], "Plans": [{"Node Type": "Seq Scan", "Parent Relationship": "Outer", "Parallel Aware": false, "Async Capable": false, "Relation Name": "store", "Alias": "store", "Startup Cost": 0.0, "Total Cost": 6.02, "Plan Rows": 102, "Plan Width": 4, "Actual Rows": 102, "Actual Loops": 5, "Workers": []}]}]}]}, {"Node Type": "Index Only Scan", "Parent Relationship": "Inner", "Parallel Aware": false, "Async Capable": false, "Scan Direction": "Forward", "Index Name": "item_pkey", "Relation Name": "item", "Alias": "item", "Startup Cost": 0.29, "Total Cost": 2694.4, "Plan Rows": 102000, "Plan Width": 4, "Actual Rows": 102000, "Actual Loops": 5, "Heap Fetches": 0, "Workers": []}]}]}]}]}]}]}, "Planning Time": 7.783, "Triggers": [], "Execution Time": 54709.726}, {"Plan": {"Node Type": "Aggregate", "Strategy": "Plain", "Partial Mode": "Finalize", "Parallel Aware": false, "Async Capable": false, "Startup Cost": 530009.3, "Total Cost": 530009.31, "Plan Rows": 1, "Plan Width": 8, "Plans": [{"Node Type": "Gather", "Parent Relationship": "Outer", "Parallel Aware": false, "Async Capable": false, "Startup Cost": 530009.09, "Total Cost": 530009.3, "Plan Rows": 2, "Plan Width": 8, "Workers Planned": 2, "Single Copy": false, "Plans": [{"Node Type": "Aggregate", "Strategy": "Plain", "Partial Mode": "Partial", "Parent Relationship": "Outer", "Parallel Aware": false, "Async Capable": false, "Startup Cost": 529009.09, "Total Cost": 529009.1, "Plan Rows": 1, "Plan Width": 8, "Plans": [{"Node Type": "Hash Join", "Parent Relationship": "Outer", "Parallel Aware": true, "Async Capable": false, "Join Type": "Inner", "Startup Cost": 526750.57, "Total Cost": 529009.08, "Plan Rows": 1, "Plan Width": 0, "Inner Unique": false, "Hash Cond": "((item.i_item_sk = store_returns.sr_item_sk) AND (store_sales.ss_customer_sk = store_returns.sr_customer_sk) AND (store_sales.ss_ticket_number = store_returns.sr_ticket_number))", "Plans": [{"Node Type": "Hash Join", "Parent Relationship": "Outer", "Parallel Aware": true, "Async Capable": false, "Join Type": "Inner", "Startup Cost": 467659.03, "Total Cost": 469917.52, "Plan Rows": 1, "Plan Width": 24, "Inner Unique": false, "Hash Cond": "(item.i_item_sk = store_sales.ss_item_sk)", "Plans": [{"Node Type": "Index Only Scan", "Parent Relationship": "Outer", "Parallel Aware": true, "Async Capable": false, "Scan Direction": "Forward", "Index Name": "item_pkey", "Relation Name": "item", "Alias": "item", "Startup Cost": 0.29, "Total Cost": 2099.4, "Plan Rows": 42500, "Plan Width": 4}, {"Node Type": "Hash", "Parent Relationship": "Inner", "Parallel Aware": true, "Async Capable": false, "Startup Cost": 467658.72, "Total Cost": 467658.72, "Plan Rows": 1, "Plan Width": 20, "Plans": [{"Node Type": "Nested Loop", "Parent Relationship": "Outer", "Parallel Aware": false, "Async Capable": false, "Join Type": "Inner", "Startup Cost": 2017.72, "Total Cost": 467658.72, "Plan Rows": 1, "Plan Width": 20, "Inner Unique": true, "Plans": [{"Node Type": "Nested Loop", "Parent Relationship": "Outer", "Parallel Aware": false, "Async Capable": false, "Join Type": "Inner", "Startup Cost": 2017.58, "Total Cost": 467658.56, "Plan Rows": 1, "Plan Width": 24, "Inner Unique": true, "Plans": [{"Node Type": "Nested Loop", "Parent Relationship": "Outer", "Parallel Aware": false, "Async Capable": false, "Join Type": "Inner", "Startup Cost": 2017.29, "Total Cost": 467656.06, "Plan Rows": 8, "Plan Width": 28, "Inner Unique": false, "Plans": [{"Node Type": "Hash Join", "Parent Relationship": "Outer", "Parallel Aware": true, "Async Capable": false, "Join Type": "Inner", "Startup Cost": 2016.85, "Total Cost": 406279.92, "Plan Rows": 8970, "Plan Width": 8, "Inner Unique": true, "Hash Cond": "(catalog_sales.cs_sold_date_sk = d3.d_date_sk)", "Plans": [{"Node Type": "Seq Scan", "Parent Relationship": "Outer", "Parallel Aware": true, "Async Capable": false, "Relation Name": "catalog_sales", "Alias": "catalog_sales", "Startup Cost": 0.0, "Total Cost": 397962.14, "Plan Rows": 2400214, "Plan Width": 12}, {"Node Type": "Hash", "Parent Relationship": "Inner", "Parallel Aware": true, "Async Capable": false, "Startup Cost": 2014.84, "Total Cost": 2014.84, "Plan Rows": 161, "Plan Width": 4, "Plans": [{"Node Type": "Seq Scan", "Parent Relationship": "Outer", "Parallel Aware": true, "Async Capable": false, "Relation Name": "date_dim", "Alias": "d3", "Startup Cost": 0.0, "Total Cost": 2014.84, "Plan Rows": 161, "Plan Width": 4, "Filter": "(d_quarter_name = ANY ('{2002Q1,2002Q2,2002Q3}'::bpchar[]))"}]}]}, {"Node Type": "Index Scan", "Parent Relationship": "Inner", "Parallel Aware": false, "Async Capable": false, "Scan Direction": "Forward", "Index Name": "store_sales_pkey", "Relation Name": "store_sales", "Alias": "store_sales", "Startup Cost": 0.44, "Total Cost": 6.83, "Plan Rows": 1, "Plan Width": 20, "Index Cond": "(ss_item_sk = catalog_sales.cs_item_sk)", "Filter": "(catalog_sales.cs_bill_customer_sk = ss_customer_sk)"}]}, {"Node Type": "Index Scan", "Parent Relationship": "Inner", "Parallel Aware": false, "Async Capable": false, "Scan Direction": "Forward", "Index Name": "date_dim_pkey", "Relation Name": "date_dim", "Alias": "d1", "Startup Cost": 0.29, "Total Cost": 0.31, "Plan Rows": 1, "Plan Width": 4, "Index Cond": "(d_date_sk = store_sales.ss_sold_date_sk)", "Filter": "(d_quarter_name = '2002Q1'::bpchar)"}]}, {"Node Type": "Index Only Scan", "Parent Relationship": "Inner", "Parallel Aware": false, "Async Capable": false, "Scan Direction": "Forward", "Index Name": "store_pkey", "Relation Name": "store", "Alias": "store", "Startup Cost": 0.14, "Total Cost": 0.16, "Plan Rows": 1, "Plan Width": 4, "Index Cond": "(s_store_sk = store_sales.ss_store_sk)"}]}]}]}, {"Node Type": "Hash", "Parent Relationship": "Inner", "Parallel Aware": true, "Async Capable": false, "Startup Cost": 59044.53, "Total Cost": 59044.53, "Plan Rows": 2686, "Plan Width": 12, "Plans": [{"Node Type": "Hash Join", "Parent Relationship": "Outer", "Parallel Aware": true, "Async Capable": false, "Join Type": "Inner", "Startup Cost": 2016.85, "Total Cost": 59044.53, "Plan Rows": 2686, "Plan Width": 12, "Inner Unique": true, "Hash Cond": "(store_returns.sr_returned_date_sk = d2.d_date_sk)", "Plans": [{"Node Type": "Seq Scan", "Parent Relationship": "Outer", "Parallel Aware": true, "Async Capable": false, "Relation Name": "store_returns", "Alias": "store_returns", "Startup Cost": 0.0, "Total Cost": 55140.58, "Plan Rows": 718858, "Plan Width": 16}, {"Node Type": "Hash", "Parent Relationship": "Inner", "Parallel Aware": true, "Async Capable": false, "Startup Cost": 2014.84, "Total Cost": 2014.84, "Plan Rows": 161, "Plan Width": 4, "Plans": [{"Node Type": "Seq Scan", "Parent Relationship": "Outer", "Parallel Aware": true, "Async Capable": false, "Relation Name": "date_dim", "Alias": "d2", "Startup Cost": 0.0, "Total Cost": 2014.84, "Plan Rows": 161, "Plan Width": 4, "Filter": "(d_quarter_name = ANY ('{2002Q1,2002Q2,2002Q3}'::bpchar[]))"}]}]}]}]}]}]}]}}, {"Plan": {"Node Type": "Aggregate", "Strategy": "Plain", "Partial Mode": "Simple", "Parallel Aware": false, "Async Capable": false, "Startup Cost": 63671.72, "Total Cost": 63671.73, "Plan Rows": 1, "Plan Width": 8, "Actual Rows": 1, "Actual Loops": 1, "Plans": [{"Node Type": "Nested Loop", "Parent Relationship": "Outer", "Parallel Aware": false, "Async Capable": false, "Join Type": "Inner", "Startup Cost": 3018.6, "Total Cost": 63671.72, "Plan Rows": 1, "Plan Width": 0, "Actual Rows": 6, "Actual Loops": 1, "Inner Unique": false, "Join Filter": "(store.s_store_sk = store_sales.ss_store_sk)", "Rows Removed by Join Filter": 606, "Plans": [{"Node Type": "Seq Scan", "Parent Relationship": "Outer", "Parallel Aware": false, "Async Capable": false, "Relation Name": "store", "Alias": "store", "Startup Cost": 0.0, "Total Cost": 6.02, "Plan Rows": 102, "Plan Width": 4, "Actual Rows": 102, "Actual Loops": 1}, {"Node Type": "Materialize", "Parent Relationship": "Inner", "Parallel Aware": false, "Async Capable": false, "Startup Cost": 3018.6, "Total Cost": 63664.17, "Plan Rows": 1, "Plan Width": 4, "Actual Rows": 6, "Actual Loops": 102, "Plans": [{"Node Type": "Nested Loop", "Parent Relationship": "Outer", "Parallel Aware": false, "Async Capable": false, "Join Type": "Inner", "Startup Cost": 3018.6, "Total Cost": 63664.17, "Plan Rows": 1, "Plan Width": 4, "Actual Rows": 6, "Actual Loops": 1, "Inner Unique": true, "Plans": [{"Node Type": "Nested Loop", "Parent Relationship": "Outer", "Parallel Aware": false, "Async Capable": false, "Join Type": "Inner", "Startup Cost": 3018.31, "Total Cost": 63663.86, "Plan Rows": 1, "Plan Width": 16, "Actual Rows": 6, "Actual Loops": 1, "Inner Unique": true, "Plans": [{"Node Type": "Nested Loop", "Parent Relationship": "Outer", "Parallel Aware": false, "Async Capable": false, "Join Type": "Inner", "Startup Cost": 3018.02, "Total Cost": 63663.55, "Plan Rows": 1, "Plan Width": 20, "Actual Rows": 19, "Actual Loops": 1, "Inner Unique": true, "Plans": [{"Node Type": "Nested Loop", "Parent Relationship": "Outer", "Parallel Aware": false, "Async Capable": false, "Join Type": "Inner", "Startup Cost": 3017.72, "Total Cost": 63663.23, "Plan Rows": 1, "Plan Width": 24, "Actual Rows": 103, "Actual Loops": 1, "Inner Unique": false, "Plans": [{"Node Type": "Gather", "Parent Relationship": "Outer", "Parallel Aware": false, "Async Capable": false, "Startup Cost": 3017.29, "Total Cost": 63659.63, "Plan Rows": 1, "Plan Width": 24, "Actual Rows": 302042, "Actual Loops": 1, "Workers Planned": 4, "Workers Launched": 4, "Single Copy": false, "Plans": [{"Node Type": "Nested Loop", "Parent Relationship": "Outer", "Parallel Aware": false, "Async Capable": false, "Join Type": "Inner", "Startup Cost": 2017.29, "Total Cost": 62659.53, "Plan Rows": 1, "Plan Width": 24, "Actual Rows": 60408, "Actual Loops": 5, "Inner Unique": true, "Workers": [], "Plans": [{"Node Type": "Hash Join", "Parent Relationship": "Outer", "Parallel Aware": true, "Async Capable": false, "Join Type": "Inner", "Startup Cost": 2016.85, "Total Cost": 59044.53, "Plan Rows": 2686, "Plan Width": 12, "Actual Rows": 81489, "Actual Loops": 5, "Inner Unique": true, "Hash Cond": "(store_returns.sr_returned_date_sk = d2.d_date_sk)", "Workers": [], "Plans": [{"Node Type": "Seq Scan", "Parent Relationship": "Outer", "Parallel Aware": true, "Async Capable": false, "Relation Name": "store_returns", "Alias": "store_returns", "Startup Cost": 0.0, "Total Cost": 55140.58, "Plan Rows": 718858, "Plan Width": 16, "Actual Rows": 575086, "Actual Loops": 5, "Workers": []}, {"Node Type": "Hash", "Parent Relationship": "Inner", "Parallel Aware": true, "Async Capable": false, "Startup Cost": 2014.84, "Total Cost": 2014.84, "Plan Rows": 161, "Plan Width": 4, "Actual Rows": 55, "Actual Loops": 5, "Hash Buckets": 1024, "Original Hash Buckets": 1024, "Hash Batches": 1, "Original Hash Batches": 1, "Peak Memory Usage": 40, "Workers": [], "Plans": [{"Node Type": "Seq Scan", "Parent Relationship": "Outer", "Parallel Aware": true, "Async Capable": false, "Relation Name": "date_dim", "Alias": "d2", "Startup Cost": 0.0, "Total Cost": 2014.84, "Plan Rows": 161, "Plan Width": 4, "Actual Rows": 55, "Actual Loops": 5, "Filter": "(d_quarter_name = ANY ('{2002Q1,2002Q2,2002Q3}'::bpchar[]))", "Rows Removed by Filter": 14555, "Workers": []}]}]}, {"Node Type": "Index Scan", "Parent Relationship": "Inner", "Parallel Aware": false, "Async Capable": false, "Scan Direction": "Forward", "Index Name": "store_sales_pkey", "Relation Name": "store_sales", "Alias": "store_sales", "Startup Cost": 0.44, "Total Cost": 1.34, "Plan Rows": 1, "Plan Width": 20, "Actual Rows": 1, "Actual Loops": 407447, "Index Cond": "((ss_item_sk = store_returns.sr_item_sk) AND (ss_ticket_number = store_returns.sr_ticket_number))", "Rows Removed by Index Recheck": 0, "Filter": "(store_returns.sr_customer_sk = ss_customer_sk)", "Rows Removed by Filter": 0, "Workers": []}]}]}, {"Node Type": "Index Scan", "Parent Relationship": "Inner", "Parallel Aware": false, "Async Capable": false, "Scan Direction": "Forward", "Index Name": "catalog_sales_pkey", "Relation Name": "catalog_sales", "Alias": "catalog_sales", "Startup Cost": 0.43, "Total Cost": 3.59, "Plan Rows": 1, "Plan Width": 12, "Actual Rows": 0, "Actual Loops": 302042, "Index Cond": "(cs_item_sk = store_sales.ss_item_sk)", "Rows Removed by Index Recheck": 0, "Filter": "(cs_bill_customer_sk = store_sales.ss_customer_sk)", "Rows Removed by Filter": 161}]}, {"Node Type": "Index Scan", "Parent Relationship": "Inner", "Parallel Aware": false, "Async Capable": false, "Scan Direction": "Forward", "Index Name": "date_dim_pkey", "Relation Name": "date_dim", "Alias": "d1", "Startup Cost": 0.29, "Total Cost": 0.31, "Plan Rows": 1, "Plan Width": 4, "Actual Rows": 0, "Actual Loops": 103, "Index Cond": "(d_date_sk = store_sales.ss_sold_date_sk)", "Rows Removed by Index Recheck": 0, "Filter": "(d_quarter_name = '2002Q1'::bpchar)", "Rows Removed by Filter": 1}]}, {"Node Type": "Index Scan", "Parent Relationship": "Inner", "Parallel Aware": false, "Async Capable": false, "Scan Direction": "Forward", "Index Name": "date_dim_pkey", "Relation Name": "date_dim", "Alias": "d3", "Startup Cost": 0.29, "Total Cost": 0.31, "Plan Rows": 1, "Plan Width": 4, "Actual Rows": 0, "Actual Loops": 19, "Index Cond": "(d_date_sk = catalog_sales.cs_sold_date_sk)", "Rows Removed by Index Recheck": 0, "Filter": "(d_quarter_name = ANY ('{2002Q1,2002Q2,2002Q3}'::bpchar[]))", "Rows Removed by Filter": 1}]}, {"Node Type": "Index Only Scan", "Parent Relationship": "Inner", "Parallel Aware": false, "Async Capable": false, "Scan Direction": "Forward", "Index Name": "item_pkey", "Relation Name": "item", "Alias": "item", "Startup Cost": 0.29, "Total Cost": 0.31, "Plan Rows": 1, "Plan Width": 4, "Actual Rows": 1, "Actual Loops": 6, "Index Cond": "(i_item_sk = store_sales.ss_item_sk)", "Rows Removed by Index Recheck": 0, "Heap Fetches": 0}]}]}]}]}, "Planning Time": 4.525, "Triggers": [], "Execution Time": 387466.22}, {"Plan": {"Node Type": "Aggregate", "Strategy": "Plain", "Partial Mode": "Finalize", "Parallel Aware": false, "Async Capable": false, "Startup Cost": 654687.64, "Total Cost": 654687.65, "Plan Rows": 1, "Plan Width": 8, "Actual Rows": 1, "Actual Loops": 1, "Plans": [{"Node Type": "Gather", "Parent Relationship": "Outer", "Parallel Aware": false, "Async Capable": false, "Startup Cost": 654687.01, "Total Cost": 654687.62, "Plan Rows": 6, "Plan Width": 8, "Actual Rows": 7, "Actual Loops": 1, "Workers Planned": 6, "Workers Launched": 6, "Single Copy": false, "Plans": [{"Node Type": "Aggregate", "Strategy": "Plain", "Partial Mode": "Partial", "Parent Relationship": "Outer", "Parallel Aware": false, "Async Capable": false, "Startup Cost": 653687.01, "Total Cost": 653687.02, "Plan Rows": 1, "Plan Width": 8, "Actual Rows": 1, "Actual Loops": 7, "Workers": [], "Plans": [{"Node Type": "Hash Join", "Parent Relationship": "Outer", "Parallel Aware": true, "Async Capable": false, "Join Type": "Inner", "Startup Cost": 650580.92, "Total Cost": 653687.01, "Plan Rows": 1, "Plan Width": 0, "Actual Rows": 1, "Actual Loops": 7, "Inner Unique": false, "Hash Cond": "((item.i_item_sk = store_returns.sr_item_sk) AND (store_sales.ss_customer_sk = store_returns.sr_customer_sk) AND (store_sales.ss_ticket_number = store_returns.sr_ticket_number))", "Workers": [], "Plans": [{"Node Type": "Merge Join", "Parent Relationship": "Outer", "Parallel Aware": false, "Async Capable": false, "Join Type": "Inner", "Startup Cost": 580411.67, "Total Cost": 583450.48, "Plan Rows": 5980, "Plan Width": 16, "Actual Rows": 117067, "Actual Loops": 7, "Inner Unique": true, "Merge Cond": "(store_sales.ss_item_sk = item.i_item_sk)", "Workers": [], "Plans": [{"Node Type": "Sort", "Parent Relationship": "Outer", "Parallel Aware": false, "Async Capable": false, "Startup Cost": 580411.37, "Total Cost": 580426.32, "Plan Rows": 5980, "Plan Width": 12, "Actual Rows": 117067, "Actual Loops": 7, "Sort Key": ["store_sales.ss_item_sk"], "Sort Method": "quicksort", "Sort Space Used": 11537, "Sort Space Type": "Memory", "Workers": [{"Worker Number": 0, "Sort Method": "quicksort", "Sort Space Used": 7868, "Sort Space Type": "Memory"}, {"Worker Number": 1, "Sort Method": "quicksort", "Sort Space Used": 7115, "Sort Space Type": "Memory"}, {"Worker Number": 2, "Sort Method": "quicksort", "Sort Space Used": 7913, "Sort Space Type": "Memory"}, {"Worker Number": 3, "Sort Method": "quicksort", "Sort Space Used": 7154, "Sort Space Type": "Memory"}, {"Worker Number": 4, "Sort Method": "quicksort", "Sort Space Used": 7815, "Sort Space Type": "Memory"}, {"Worker Number": 5, "Sort Method": "quicksort", "Sort Space Used": 7108, "Sort Space Type": "Memory"}], "Plans": [{"Node Type": "Hash Join", "Parent Relationship": "Outer", "Parallel Aware": false, "Async Capable": false, "Join Type": "Inner", "Startup Cost": 1969.1, "Total Cost": 580036.25, "Plan Rows": 5980, "Plan Width": 12, "Actual Rows": 117067, "Actual Loops": 7, "Inner Unique": true, "Hash Cond": "(store_sales.ss_store_sk = store.s_store_sk)", "Workers": [], "Plans": [{"Node Type": "Hash Join", "Parent Relationship": "Outer", "Parallel Aware": true, "Async Capable": false, "Join Type": "Inner", "Startup Cost": 1961.8, "Total Cost": 580012.63, "Plan Rows": 5980, "Plan Width": 16, "Actual Rows": 119885, "Actual Loops": 7, "Inner Unique": true, "Hash Cond": "(store_sales.ss_sold_date_sk = d1.d_date_sk)", "Workers": [], "Plans": [{"Node Type": "Seq Scan", "Parent Relationship": "Outer", "Parallel Aware": true, "Async Capable": false, "Relation Name": "store_sales", "Alias": "store_sales", "Startup Cost": 0.0, "Total Cost": 565449.69, "Plan Rows": 4800169, "Plan Width": 20, "Actual Rows": 4114427, "Actual Loops": 7, "Workers": []}, {"Node Type": "Hash", "Parent Relationship": "Inner", "Parallel Aware": true, "Async Capable": false, "Startup Cost": 1961.12, "Total Cost": 1961.12, "Plan Rows": 54, "Plan Width": 4, "Actual Rows": 13, "Actual Loops": 7, "Hash Buckets": 1024, "Original Hash Buckets": 1024, "Hash Batches": 1, "Original Hash Batches": 1, "Peak Memory Usage": 104, "Workers": [], "Plans": [{"Node Type": "Seq Scan", "Parent Relationship": "Outer", "Parallel Aware": true, "Async Capable": false, "Relation Name": "date_dim", "Alias": "d1", "Startup Cost": 0.0, "Total Cost": 1961.12, "Plan Rows": 54, "Plan Width": 4, "Actual Rows": 13, "Actual Loops": 7, "Filter": "(d_quarter_name = '2002Q1'::bpchar)", "Rows Removed by Filter": 10423, "Workers": []}]}]}, {"Node Type": "Hash", "Parent Relationship": "Inner", "Parallel Aware": false, "Async Capable": false, "Startup Cost": 6.02, "Total Cost": 6.02, "Plan Rows": 102, "Plan Width": 4, "Actual Rows": 102, "Actual Loops": 7, "Hash Buckets": 1024, "Original Hash Buckets": 1024, "Hash Batches": 1, "Original Hash Batches": 1, "Peak Memory Usage": 12, "Workers": [], "Plans": [{"Node Type": "Seq Scan", "Parent Relationship": "Outer", "Parallel Aware": false, "Async Capable": false, "Relation Name": "store", "Alias": "store", "Startup Cost": 0.0, "Total Cost": 6.02, "Plan Rows": 102, "Plan Width": 4, "Actual Rows": 102, "Actual Loops": 7, "Workers": []}]}]}]}, {"Node Type": "Index Only Scan", "Parent Relationship": "Inner", "Parallel Aware": false, "Async Capable": false, "Scan Direction": "Forward", "Index Name": "item_pkey", "Relation Name": "item", "Alias": "item", "Startup Cost": 0.29, "Total Cost": 2694.4, "Plan Rows": 102000, "Plan Width": 4, "Actual Rows": 102000, "Actual Loops": 7, "Heap Fetches": 0, "Workers": []}]}, {"Node Type": "Hash", "Parent Relationship": "Inner", "Parallel Aware": true, "Async Capable": false, "Startup Cost": 70169.23, "Total Cost": 70169.23, "Plan Rows": 1, "Plan Width": 20, "Actual Rows": 3, "Actual Loops": 7, "Hash Buckets": 1024, "Original Hash Buckets": 1024, "Hash Batches": 1, "Original Hash Batches": 1, "Peak Memory Usage": 232, "Workers": [], "Plans": [{"Node Type": "Nested Loop", "Parent Relationship": "Outer", "Parallel Aware": false, "Async Capable": false, "Join Type": "Inner", "Startup Cost": 2017.58, "Total Cost": 70169.23, "Plan Rows": 1, "Plan Width": 20, "Actual Rows": 3, "Actual Loops": 7, "Inner Unique": true, "Workers": [], "Plans": [{"Node Type": "Nested Loop", "Parent Relationship": "Outer", "Parallel Aware": false, "Async Capable": false, "Join Type": "Inner", "Startup Cost": 2017.29, "Total Cost": 70168.92, "Plan Rows": 1, "Plan Width": 24, "Actual Rows": 18, "Actual Loops": 7, "Inner Unique": false, "Workers": [], "Plans": [{"Node Type": "Hash Join", "Parent Relationship": "Outer", "Parallel Aware": true, "Async Capable": false, "Join Type": "Inner", "Startup Cost": 2016.85, "Total Cost": 59044.53, "Plan Rows": 2686, "Plan Width": 12, "Actual Rows": 58207, "Actual Loops": 7, "Inner Unique": true, "Hash Cond": "(store_returns.sr_returned_date_sk = d2.d_date_sk)", "Workers": [], "Plans": [{"Node Type": "Seq Scan", "Parent Relationship": "Outer", "Parallel Aware": true, "Async Capable": false, "Relation Name": "store_returns", "Alias": "store_returns", "Startup Cost": 0.0, "Total Cost": 55140.58, "Plan Rows": 718858, "Plan Width": 16, "Actual Rows": 410776, "Actual Loops": 7, "Workers": []}, {"Node Type": "Hash", "Parent Relationship": "Inner", "Parallel Aware": true, "Async Capable": false, "Startup Cost": 2014.84, "Total Cost": 2014.84, "Plan Rows": 161, "Plan Width": 4, "Actual Rows": 39, "Actual Loops": 7, "Hash Buckets": 1024, "Original Hash Buckets": 1024, "Hash Batches": 1, "Original Hash Batches": 1, "Peak Memory Usage": 104, "Workers": [], "Plans": [{"Node Type": "Seq Scan", "Parent Relationship": "Outer", "Parallel Aware": true, "Async Capable": false, "Relation Name": "date_dim", "Alias": "d2", "Startup Cost": 0.0, "Total Cost": 2014.84, "Plan Rows": 161, "Plan Width": 4, "Actual Rows": 39, "Actual Loops": 7, "Filter": "(d_quarter_name = ANY ('{2002Q1,2002Q2,2002Q3}'::bpchar[]))", "Rows Removed by Filter": 10396, "Workers": []}]}]}, {"Node Type": "Index Scan", "Parent Relationship": "Inner", "Parallel Aware": false, "Async Capable": false, "Scan Direction": "Forward", "Index Name": "catalog_sales_pkey", "Relation Name": "catalog_sales", "Alias": "catalog_sales", "Startup Cost": 0.43, "Total Cost": 4.13, "Plan Rows": 1, "Plan Width": 12, "Actual Rows": 0, "Actual Loops": 407447, "Index Cond": "(cs_item_sk = store_returns.sr_item_sk)", "Rows Removed by Index Recheck": 0, "Filter": "(cs_bill_customer_sk = store_returns.sr_customer_sk)", "Rows Removed by Filter": 161, "Workers": []}]}, {"Node Type": "Index Scan", "Parent Relationship": "Inner", "Parallel Aware": false, "Async Capable": false, "Scan Direction": "Forward", "Index Name": "date_dim_pkey", "Relation Name": "date_dim", "Alias": "d3", "Startup Cost": 0.29, "Total Cost": 0.31, "Plan Rows": 1, "Plan Width": 4, "Actual Rows": 0, "Actual Loops": 123, "Index Cond": "(d_date_sk = catalog_sales.cs_sold_date_sk)", "Rows Removed by Index Recheck": 0, "Filter": "(d_quarter_name = ANY ('{2002Q1,2002Q2,2002Q3}'::bpchar[]))", "Rows Removed by Filter": 1, "Workers": []}]}]}]}]}]}]}, "Planning Time": 8.866, "Triggers": [], "Execution Time": 31019.218}, {"Plan": {"Node Type": "Aggregate", "Strategy": "Plain", "Partial Mode": "Finalize", "Parallel Aware": false, "Async Capable": false, "Startup Cost": 528584.76, "Total Cost": 528584.77, "Plan Rows": 1, "Plan Width": 8, "Actual Rows": 1, "Actual Loops": 1, "Plans": [{"Node Type": "Gather", "Parent Relationship": "Outer", "Parallel Aware": false, "Async Capable": false, "Startup Cost": 528584.13, "Total Cost": 528584.74, "Plan Rows": 6, "Plan Width": 8, "Actual Rows": 7, "Actual Loops": 1, "Workers Planned": 6, "Workers Launched": 6, "Single Copy": false, "Plans": [{"Node Type": "Aggregate", "Strategy": "Plain", "Partial Mode": "Partial", "Parent Relationship": "Outer", "Parallel Aware": false, "Async Capable": false, "Startup Cost": 527584.13, "Total Cost": 527584.14, "Plan Rows": 1, "Plan Width": 8, "Actual Rows": 1, "Actual Loops": 7, "Workers": [], "Plans": [{"Node Type": "Hash Join", "Parent Relationship": "Outer", "Parallel Aware": true, "Async Capable": false, "Join Type": "Inner", "Startup Cost": 61943.11, "Total Cost": 527584.13, "Plan Rows": 1, "Plan Width": 0, "Actual Rows": 1, "Actual Loops": 7, "Inner Unique": false, "Hash Cond": "((store_sales.ss_item_sk = item.i_item_sk) AND (store_sales.ss_customer_sk = store_returns.sr_customer_sk) AND (store_sales.ss_ticket_number = store_returns.sr_ticket_number))", "Workers": [], "Plans": [{"Node Type": "Nested Loop", "Parent Relationship": "Outer", "Parallel Aware": false, "Async Capable": false, "Join Type": "Inner", "Startup Cost": 2017.72, "Total Cost": 467658.72, "Plan Rows": 1, "Plan Width": 20, "Actual Rows": 8, "Actual Loops": 7, "Inner Unique": true, "Workers": [], "Plans": [{"Node Type": "Nested Loop", "Parent Relationship": "Outer", "Parallel Aware": false, "Async Capable": false, "Join Type": "Inner", "Startup Cost": 2017.58, "Total Cost": 467658.56, "Plan Rows": 1, "Plan Width": 24, "Actual Rows": 8, "Actual Loops": 7, "Inner Unique": true, "Workers": [], "Plans": [{"Node Type": "Nested Loop", "Parent Relationship": "Outer", "Parallel Aware": false, "Async Capable": false, "Join Type": "Inner", "Startup Cost": 2017.29, "Total Cost": 467656.06, "Plan Rows": 8, "Plan Width": 28, "Actual Rows": 126, "Actual Loops": 7, "Inner Unique": false, "Workers": [], "Plans": [{"Node Type": "Hash Join", "Parent Relationship": "Outer", "Parallel Aware": true, "Async Capable": false, "Join Type": "Inner", "Startup Cost": 2016.85, "Total Cost": 406279.92, "Plan Rows": 8970, "Plan Width": 8, "Actual Rows": 227447, "Actual Loops": 7, "Inner Unique": true, "Hash Cond": "(catalog_sales.cs_sold_date_sk = d3.d_date_sk)", "Workers": [], "Plans": [{"Node Type": "Seq Scan", "Parent Relationship": "Outer", "Parallel Aware": true, "Async Capable": false, "Relation Name": "catalog_sales", "Alias": "catalog_sales", "Startup Cost": 0.0, "Total Cost": 397962.14, "Plan Rows": 2400214, "Plan Width": 12, "Actual Rows": 2057323, "Actual Loops": 7, "Workers": []}, {"Node Type": "Hash", "Parent Relationship": "Inner", "Parallel Aware": true, "Async Capable": false, "Startup Cost": 2014.84, "Total Cost": 2014.84, "Plan Rows": 161, "Plan Width": 4, "Actual Rows": 39, "Actual Loops": 7, "Hash Buckets": 1024, "Original Hash Buckets": 1024, "Hash Batches": 1, "Original Hash Batches": 1, "Peak Memory Usage": 200, "Workers": [], "Plans": [{"Node Type": "Seq Scan", "Parent Relationship": "Outer", "Parallel Aware": true, "Async Capable": false, "Relation Name": "date_dim", "Alias": "d3", "Startup Cost": 0.0, "Total Cost": 2014.84, "Plan Rows": 161, "Plan Width": 4, "Actual Rows": 39, "Actual Loops": 7, "Filter": "(d_quarter_name = ANY ('{2002Q1,2002Q2,2002Q3}'::bpchar[]))", "Rows Removed by Filter": 10396, "Workers": []}]}]}, {"Node Type": "Index Scan", "Parent Relationship": "Inner", "Parallel Aware": false, "Async Capable": false, "Scan Direction": "Forward", "Index Name": "store_sales_pkey", "Relation Name": "store_sales", "Alias": "store_sales", "Startup Cost": 0.44, "Total Cost": 6.83, "Plan Rows": 1, "Plan Width": 20, "Actual Rows": 0, "Actual Loops": 1592130, "Index Cond": "(ss_item_sk = catalog_sales.cs_item_sk)", "Rows Removed by Index Recheck": 0, "Filter": "(catalog_sales.cs_bill_customer_sk = ss_customer_sk)", "Rows Removed by Filter": 302, "Workers": []}]}, {"Node Type": "Index Scan", "Parent Relationship": "Inner", "Parallel Aware": false, "Async Capable": false, "Scan Direction": "Forward", "Index Name": "date_dim_pkey", "Relation Name": "date_dim", "Alias": "d1", "Startup Cost": 0.29, "Total Cost": 0.31, "Plan Rows": 1, "Plan Width": 4, "Actual Rows": 0, "Actual Loops": 884, "Index Cond": "(d_date_sk = store_sales.ss_sold_date_sk)", "Rows Removed by Index Recheck": 0, "Filter": "(d_quarter_name = '2002Q1'::bpchar)", "Rows Removed by Filter": 1, "Workers": []}]}, {"Node Type": "Index Only Scan", "Parent Relationship": "Inner", "Parallel Aware": false, "Async Capable": false, "Scan Direction": "Forward", "Index Name": "store_pkey", "Relation Name": "store", "Alias": "store", "Startup Cost": 0.14, "Total Cost": 0.16, "Plan Rows": 1, "Plan Width": 4, "Actual Rows": 1, "Actual Loops": 56, "Index Cond": "(s_store_sk = store_sales.ss_store_sk)", "Rows Removed by Index Recheck": 0, "Heap Fetches": 55, "Workers": []}]}, {"Node Type": "Hash", "Parent Relationship": "Inner", "Parallel Aware": true, "Async Capable": false, "Startup Cost": 59878.38, "Total Cost": 59878.38, "Plan Rows": 2686, "Plan Width": 16, "Actual Rows": 58207, "Actual Loops": 7, "Hash Buckets": 524288, "Original Hash Buckets": 16384, "Hash Batches": 1, "Original Hash Batches": 1, "Peak Memory Usage": 26976, "Workers": [], "Plans": [{"Node Type": "Nested Loop", "Parent Relationship": "Outer", "Parallel Aware": false, "Async Capable": false, "Join Type": "Inner", "Startup Cost": 2017.14, "Total Cost": 59878.38, "Plan Rows": 2686, "Plan Width": 16, "Actual Rows": 58207, "Actual Loops": 7, "Inner Unique": true, "Workers": [], "Plans": [{"Node Type": "Hash Join", "Parent Relationship": "Outer", "Parallel Aware": true, "Async Capable": false, "Join Type": "Inner", "Startup Cost": 2016.85, "Total Cost": 59044.53, "Plan Rows": 2686, "Plan Width": 12, "Actual Rows": 58207, "Actual Loops": 7, "Inner Unique": true, "Hash Cond": "(store_returns.sr_returned_date_sk = d2.d_date_sk)", "Workers": [], "Plans": [{"Node Type": "Seq Scan", "Parent Relationship": "Outer", "Parallel Aware": true, "Async Capable": false, "Relation Name": "store_returns", "Alias": "store_returns", "Startup Cost": 0.0, "Total Cost": 55140.58, "Plan Rows": 718858, "Plan Width": 16, "Actual Rows": 410776, "Actual Loops": 7, "Workers": []}, {"Node Type": "Hash", "Parent Relationship": "Inner", "Parallel Aware": true, "Async Capable": false, "Startup Cost": 2014.84, "Total Cost": 2014.84, "Plan Rows": 161, "Plan Width": 4, "Actual Rows": 39, "Actual Loops": 7, "Hash Buckets": 1024, "Original Hash Buckets": 1024, "Hash Batches": 1, "Original Hash Batches": 1, "Peak Memory Usage": 168, "Workers": [], "Plans": [{"Node Type": "Seq Scan", "Parent Relationship": "Outer", "Parallel Aware": true, "Async Capable": false, "Relation Name": "date_dim", "Alias": "d2", "Startup Cost": 0.0, "Total Cost": 2014.84, "Plan Rows": 161, "Plan Width": 4, "Actual Rows": 39, "Actual Loops": 7, "Filter": "(d_quarter_name = ANY ('{2002Q1,2002Q2,2002Q3}'::bpchar[]))", "Rows Removed by Filter": 10396, "Workers": []}]}]}, {"Node Type": "Index Only Scan", "Parent Relationship": "Inner", "Parallel Aware": false, "Async Capable": false, "Scan Direction": "Forward", "Index Name": "item_pkey", "Relation Name": "item", "Alias": "item", "Startup Cost": 0.29, "Total Cost": 0.31, "Plan Rows": 1, "Plan Width": 4, "Actual Rows": 1, "Actual Loops": 407447, "Index Cond": "(i_item_sk = store_returns.sr_item_sk)", "Rows Removed by Index Recheck": 0, "Heap Fetches": 0, "Workers": []}]}]}]}]}]}]}, "Planning Time": 9.276, "Triggers": [], "Execution Time": 324142.986}]