[{"Plan": {"Node Type": "Aggregate", "Strategy": "Plain", "Partial Mode": "Finalize", "Parallel Aware": false, "Async Capable": false, "Startup Cost": 37625.1, "Total Cost": 37625.11, "Plan Rows": 1, "Plan Width": 8, "Actual Rows": 1, "Actual Loops": 1, "Plans": [{"Node Type": "Gather", "Parent Relationship": "Outer", "Parallel Aware": false, "Async Capable": false, "Startup Cost": 37624.89, "Total Cost": 37625.1, "Plan Rows": 2, "Plan Width": 8, "Actual Rows": 3, "Actual Loops": 1, "Workers Planned": 2, "Workers Launched": 2, "Single Copy": false, "Plans": [{"Node Type": "Aggregate", "Strategy": "Plain", "Partial Mode": "Partial", "Parent Relationship": "Outer", "Parallel Aware": false, "Async Capable": false, "Startup Cost": 36624.89, "Total Cost": 36624.9, "Plan Rows": 1, "Plan Width": 8, "Actual Rows": 1, "Actual Loops": 3, "Workers": [], "Plans": [{"Node Type": "Nested Loop", "Parent Relationship": "Outer", "Parallel Aware": false, "Async Capable": false, "Join Type": "Inner", "Startup Cost": 1.0, "Total Cost": 36622.54, "Plan Rows": 941, "Plan Width": 0, "Actual Rows": 26002, "Actual Loops": 3, "Inner Unique": false, "Workers": [], "Plans": [{"Node Type": "Nested Loop", "Parent Relationship": "Outer", "Parallel Aware": false, "Async Capable": false, "Join Type": "Inner", "Startup Cost": 0.57, "Total Cost": 36595.54, "Plan Rows": 3, "Plan Width": 8, "Actual Rows": 69, "Actual Loops": 3, "Inner Unique": false, "Workers": [], "Plans": [{"Node Type": "Seq Scan", "Parent Relationship": "Outer", "Parallel Aware": true, "Async Capable": false, "Relation Name": "item", "Alias": "item", "Startup Cost": 0.0, "Total Cost": 7894.0, "Plan Rows": 8, "Plan Width": 4, "Actual Rows": 5, "Actual Loops": 3, "Filter": "((i_current_price >= '48'::numeric) AND (i_current_price <= '78'::numeric) AND (i_manufact_id = ANY ('{307,183,577,532}'::integer[])))", "Rows Removed by Filter": 33995, "Workers": []}, {"Node Type": "Nested Loop", "Parent Relationship": "Inner", "Parallel Aware": false, "Async Capable": false, "Join Type": "Inner", "Startup Cost": 0.57, "Total Cost": 3586.47, "Plan Rows": 122, "Plan Width": 4, "Actual Rows": 13, "Actual Loops": 16, "Inner Unique": false, "Workers": [], "Plans": [{"Node Type": "Seq Scan", "Parent Relationship": "Outer", "Parallel Aware": false, "Async Capable": false, "Relation Name": "date_dim", "Alias": "date_dim", "Startup Cost": 0.0, "Total Cost": 2519.73, "Plan Rows": 61, "Plan Width": 4, "Actual Rows": 61, "Actual Loops": 16, "Filter": "((d_date >= '1998-02-04'::date) AND (d_date <= '1998-04-05 00:00:00'::timestamp without time zone))", "Rows Removed by Filter": 72988, "Workers": []}, {"Node Type": "Index Scan", "Parent Relationship": "Inner", "Parallel Aware": false, "Async Capable": false, "Scan Direction": "Forward", "Index Name": "inventory_pkey", "Relation Name": "inventory", "Alias": "inventory", "Startup Cost": 0.57, "Total Cost": 17.47, "Plan Rows": 2, "Plan Width": 8, "Actual Rows": 0, "Actual Loops": 976, "Index Cond": "((inv_date_sk = date_dim.d_date_sk) AND (inv_item_sk = item.i_item_sk))", "Rows Removed by Index Recheck": 0, "Filter": "((inv_quantity_on_hand >= 100) AND (inv_quantity_on_hand <= 500))", "Rows Removed by Filter": 0, "Workers": []}]}]}, {"Node Type": "Index Only Scan", "Parent Relationship": "Inner", "Parallel Aware": false, "Async Capable": false, "Scan Direction": "Forward", "Index Name": "store_sales_pkey", "Relation Name": "store_sales", "Alias": "store_sales", "Startup Cost": 0.44, "Total Cost": 5.89, "Plan Rows": 311, "Plan Width": 4, "Actual Rows": 375, "Actual Loops": 208, "Index Cond": "(ss_item_sk = inventory.inv_item_sk)", "Rows Removed by Index Recheck": 0, "Heap Fetches": 0, "Workers": []}]}]}]}]}, "Planning Time": 2.112, "Triggers": [], "Execution Time": 150.045}, {"Plan": {"Node Type": "Aggregate", "Strategy": "Plain", "Partial Mode": "Finalize", "Parallel Aware": false, "Async Capable": false, "Startup Cost": 1086621.57, "Total Cost": 1086621.58, "Plan Rows": 1, "Plan Width": 8, "Actual Rows": 1, "Actual Loops": 1, "Plans": [{"Node Type": "Gather", "Parent Relationship": "Outer", "Parallel Aware": false, "Async Capable": false, "Startup Cost": 1086620.95, "Total Cost": 1086621.56, "Plan Rows": 6, "Plan Width": 8, "Actual Rows": 7, "Actual Loops": 1, "Workers Planned": 6, "Workers Launched": 6, "Single Copy": false, "Plans": [{"Node Type": "Aggregate", "Strategy": "Plain", "Partial Mode": "Partial", "Parent Relationship": "Outer", "Parallel Aware": false, "Async Capable": false, "Startup Cost": 1085620.95, "Total Cost": 1085620.96, "Plan Rows": 1, "Plan Width": 8, "Actual Rows": 1, "Actual Loops": 7, "Workers": [], "Plans": [{"Node Type": "Hash Join", "Parent Relationship": "Outer", "Parallel Aware": true, "Async Capable": false, "Join Type": "Inner", "Startup Cost": 10128.54, "Total Cost": 1085620.01, "Plan Rows": 376, "Plan Width": 0, "Actual Rows": 11144, "Actual Loops": 7, "Inner Unique": false, "Hash Cond": "(inventory.inv_item_sk = item.i_item_sk)", "Workers": [], "Plans": [{"Node Type": "Hash Join", "Parent Relationship": "Outer", "Parallel Aware": true, "Async Capable": false, "Join Type": "Inner", "Startup Cost": 2069.0, "Total Cost": 1076502.33, "Plan Rows": 7044, "Plan Width": 4, "Actual Rows": 249491, "Actual Loops": 7, "Inner Unique": true, "Hash Cond": "(inventory.inv_date_sk = date_dim.d_date_sk)", "Workers": [], "Plans": [{"Node Type": "Seq Scan", "Parent Relationship": "Outer", "Parallel Aware": true, "Async Capable": false, "Relation Name": "inventory", "Alias": "inventory", "Startup Cost": 0.0, "Total Cost": 1052290.26, "Plan Rows": 8434967, "Plan Width": 8, "Actual Rows": 7237367, "Actual Loops": 7, "Filter": "((inv_quantity_on_hand >= 100) AND (inv_quantity_on_hand <= 500))", "Rows Removed by Filter": 11778347, "Workers": []}, {"Node Type": "Hash", "Parent Relationship": "Inner", "Parallel Aware": true, "Async Capable": false, "Startup Cost": 2068.55, "Total Cost": 2068.55, "Plan Rows": 36, "Plan Width": 4, "Actual Rows": 9, "Actual Loops": 7, "Hash Buckets": 1024, "Original Hash Buckets": 1024, "Hash Batches": 1, "Original Hash Batches": 1, "Peak Memory Usage": 104, "Workers": [], "Plans": [{"Node Type": "Seq Scan", "Parent Relationship": "Outer", "Parallel Aware": true, "Async Capable": false, "Relation Name": "date_dim", "Alias": "date_dim", "Startup Cost": 0.0, "Total Cost": 2068.55, "Plan Rows": 36, "Plan Width": 4, "Actual Rows": 9, "Actual Loops": 7, "Filter": "((d_date >= '1998-02-04'::date) AND (d_date <= '1998-04-05 00:00:00'::timestamp without time zone))", "Rows Removed by Filter": 10427, "Workers": []}]}]}, {"Node Type": "Hash", "Parent Relationship": "Inner", "Parallel Aware": true, "Async Capable": false, "Startup Cost": 8031.6, "Total Cost": 8031.6, "Plan Rows": 2235, "Plan Width": 8, "Actual Rows": 594, "Actual Loops": 7, "Hash Buckets": 8192, "Original Hash Buckets": 8192, "Hash Batches": 1, "Original Hash Batches": 1, "Peak Memory Usage": 320, "Workers": [], "Plans": [{"Node Type": "Nested Loop", "Parent Relationship": "Outer", "Parallel Aware": false, "Async Capable": false, "Join Type": "Inner", "Startup Cost": 0.44, "Total Cost": 8031.6, "Plan Rows": 2235, "Plan Width": 8, "Actual Rows": 594, "Actual Loops": 7, "Inner Unique": false, "Workers": [], "Plans": [{"Node Type": "Seq Scan", "Parent Relationship": "Outer", "Parallel Aware": true, "Async Capable": false, "Relation Name": "item", "Alias": "item", "Startup Cost": 0.0, "Total Cost": 7894.0, "Plan Rows": 8, "Plan Width": 4, "Actual Rows": 2, "Actual Loops": 7, "Filter": "((i_current_price >= '48'::numeric) AND (i_current_price <= '78'::numeric) AND (i_manufact_id = ANY ('{307,183,577,532}'::integer[])))", "Rows Removed by Filter": 14569, "Workers": []}, {"Node Type": "Index Only Scan", "Parent Relationship": "Inner", "Parallel Aware": false, "Async Capable": false, "Scan Direction": "Forward", "Index Name": "store_sales_pkey", "Relation Name": "store_sales", "Alias": "store_sales", "Startup Cost": 0.44, "Total Cost": 14.09, "Plan Rows": 311, "Plan Width": 4, "Actual Rows": 260, "Actual Loops": 16, "Index Cond": "(ss_item_sk = item.i_item_sk)", "Rows Removed by Index Recheck": 0, "Heap Fetches": 0, "Workers": []}]}]}]}]}]}]}, "Planning Time": 3.152, "Triggers": [], "Execution Time": 2138.435}, {"Plan": {"Node Type": "Aggregate", "Strategy": "Plain", "Partial Mode": "Finalize", "Parallel Aware": false, "Async Capable": false, "Startup Cost": 1098815.71, "Total Cost": 1098815.72, "Plan Rows": 1, "Plan Width": 8, "Plans": [{"Node Type": "Gather", "Parent Relationship": "Outer", "Parallel Aware": false, "Async Capable": false, "Startup Cost": 1098815.59, "Total Cost": 1098815.7, "Plan Rows": 1, "Plan Width": 8, "Workers Planned": 1, "Single Copy": false, "Plans": [{"Node Type": "Aggregate", "Strategy": "Plain", "Partial Mode": "Partial", "Parent Relationship": "Outer", "Parallel Aware": false, "Async Capable": false, "Startup Cost": 1097815.59, "Total Cost": 1097815.6, "Plan Rows": 1, "Plan Width": 8, "Plans": [{"Node Type": "Hash Join", "Parent Relationship": "Outer", "Parallel Aware": true, "Async Capable": false, "Join Type": "Inner", "Startup Cost": 1095501.77, "Total Cost": 1097812.27, "Plan Rows": 1329, "Plan Width": 0, "Inner Unique": false, "Hash Cond": "(date_dim.d_date_sk = inventory.inv_date_sk)", "Plans": [{"Node Type": "Seq Scan", "Parent Relationship": "Outer", "Parallel Aware": true, "Async Capable": false, "Relation Name": "date_dim", "Alias": "date_dim", "Startup Cost": 0.0, "Total Cost": 2068.55, "Plan Rows": 36, "Plan Width": 4, "Filter": "((d_date >= '1998-02-04'::date) AND (d_date <= '1998-04-05 00:00:00'::timestamp without time zone))"}, {"Node Type": "Hash", "Parent Relationship": "Inner", "Parallel Aware": true, "Async Capable": false, "Startup Cost": 1089956.28, "Total Cost": 1089956.28, "Plan Rows": 443639, "Plan Width": 4, "Plans": [{"Node Type": "Nested Loop", "Parent Relationship": "Outer", "Parallel Aware": false, "Async Capable": false, "Join Type": "Inner", "Startup Cost": 7894.55, "Total Cost": 1089956.28, "Plan Rows": 443639, "Plan Width": 4, "Inner Unique": false, "Join Filter": "(inventory.inv_item_sk = store_sales.ss_item_sk)", "Plans": [{"Node Type": "Hash Join", "Parent Relationship": "Outer", "Parallel Aware": true, "Async Capable": false, "Join Type": "Inner", "Startup Cost": 7894.1, "Total Cost": 1082327.07, "Plan Rows": 1571, "Plan Width": 12, "Inner Unique": true, "Hash Cond": "(inventory.inv_item_sk = item.i_item_sk)", "Plans": [{"Node Type": "Seq Scan", "Parent Relationship": "Outer", "Parallel Aware": true, "Async Capable": false, "Relation Name": "inventory", "Alias": "inventory", "Startup Cost": 0.0, "Total Cost": 1052290.26, "Plan Rows": 8434967, "Plan Width": 8, "Filter": "((inv_quantity_on_hand >= 100) AND (inv_quantity_on_hand <= 500))"}, {"Node Type": "Hash", "Parent Relationship": "Inner", "Parallel Aware": true, "Async Capable": false, "Startup Cost": 7894.0, "Total Cost": 7894.0, "Plan Rows": 8, "Plan Width": 4, "Plans": [{"Node Type": "Seq Scan", "Parent Relationship": "Outer", "Parallel Aware": true, "Async Capable": false, "Relation Name": "item", "Alias": "item", "Startup Cost": 0.0, "Total Cost": 7894.0, "Plan Rows": 8, "Plan Width": 4, "Filter": "((i_current_price >= '48'::numeric) AND (i_current_price <= '78'::numeric) AND (i_manufact_id = ANY ('{307,183,577,532}'::integer[])))"}]}]}, {"Node Type": "Memoize", "Parent Relationship": "Inner", "Parallel Aware": false, "Async Capable": false, "Startup Cost": 0.45, "Total Cost": 14.1, "Plan Rows": 311, "Plan Width": 4, "Cache Key": "item.i_item_sk", "Cache Mode": "logical", "Plans": [{"Node Type": "Index Only Scan", "Parent Relationship": "Outer", "Parallel Aware": false, "Async Capable": false, "Scan Direction": "Forward", "Index Name": "store_sales_pkey", "Relation Name": "store_sales", "Alias": "store_sales", "Startup Cost": 0.44, "Total Cost": 14.09, "Plan Rows": 311, "Plan Width": 4, "Index Cond": "(ss_item_sk = item.i_item_sk)"}]}]}]}]}]}]}]}}, {"Plan": {"Node Type": "Aggregate", "Strategy": "Plain", "Partial Mode": "Finalize", "Parallel Aware": false, "Async Capable": false, "Startup Cost": 1176178.48, "Total Cost": 1176178.49, "Plan Rows": 1, "Plan Width": 8, "Plans": [{"Node Type": "Gather", "Parent Relationship": "Outer", "Parallel Aware": false, "Async Capable": false, "Startup Cost": 1176178.27, "Total Cost": 1176178.48, "Plan Rows": 2, "Plan Width": 8, "Workers Planned": 2, "Single Copy": false, "Plans": [{"Node Type": "Aggregate", "Strategy": "Plain", "Partial Mode": "Partial", "Parent Relationship": "Outer", "Parallel Aware": false, "Async Capable": false, "Startup Cost": 1175178.27, "Total Cost": 1175178.28, "Plan Rows": 1, "Plan Width": 8, "Plans": [{"Node Type": "Hash Join", "Parent Relationship": "Outer", "Parallel Aware": true, "Async Capable": false, "Join Type": "Inner", "Startup Cost": 1167275.94, "Total Cost": 1175175.91, "Plan Rows": 941, "Plan Width": 0, "Inner Unique": false, "Hash Cond": "(item.i_item_sk = inventory.inv_item_sk)", "Plans": [{"Node Type": "Seq Scan", "Parent Relationship": "Outer", "Parallel Aware": true, "Async Capable": false, "Relation Name": "item", "Alias": "item", "Startup Cost": 0.0, "Total Cost": 7894.0, "Plan Rows": 8, "Plan Width": 4, "Filter": "((i_current_price >= '48'::numeric) AND (i_current_price <= '78'::numeric) AND (i_manufact_id = ANY ('{307,183,577,532}'::integer[])))"}, {"Node Type": "Hash", "Parent Relationship": "Inner", "Parallel Aware": true, "Async Capable": false, "Startup Cost": 1139890.34, "Total Cost": 1139890.34, "Plan Rows": 2190848, "Plan Width": 8, "Plans": [{"Node Type": "Nested Loop", "Parent Relationship": "Outer", "Parallel Aware": false, "Async Capable": false, "Join Type": "Inner", "Startup Cost": 2069.44, "Total Cost": 1139890.34, "Plan Rows": 2190848, "Plan Width": 8, "Inner Unique": false, "Plans": [{"Node Type": "Hash Join", "Parent Relationship": "Outer", "Parallel Aware": true, "Async Capable": false, "Join Type": "Inner", "Startup Cost": 2069.0, "Total Cost": 1076502.33, "Plan Rows": 7044, "Plan Width": 4, "Inner Unique": true, "Hash Cond": "(inventory.inv_date_sk = date_dim.d_date_sk)", "Plans": [{"Node Type": "Seq Scan", "Parent Relationship": "Outer", "Parallel Aware": true, "Async Capable": false, "Relation Name": "inventory", "Alias": "inventory", "Startup Cost": 0.0, "Total Cost": 1052290.26, "Plan Rows": 8434967, "Plan Width": 8, "Filter": "((inv_quantity_on_hand >= 100) AND (inv_quantity_on_hand <= 500))"}, {"Node Type": "Hash", "Parent Relationship": "Inner", "Parallel Aware": true, "Async Capable": false, "Startup Cost": 2068.55, "Total Cost": 2068.55, "Plan Rows": 36, "Plan Width": 4, "Plans": [{"Node Type": "Seq Scan", "Parent Relationship": "Outer", "Parallel Aware": true, "Async Capable": false, "Relation Name": "date_dim", "Alias": "date_dim", "Startup Cost": 0.0, "Total Cost": 2068.55, "Plan Rows": 36, "Plan Width": 4, "Filter": "((d_date >= '1998-02-04'::date) AND (d_date <= '1998-04-05 00:00:00'::timestamp without time zone))"}]}]}, {"Node Type": "Index Only Scan", "Parent Relationship": "Inner", "Parallel Aware": false, "Async Capable": false, "Scan Direction": "Forward", "Index Name": "store_sales_pkey", "Relation Name": "store_sales", "Alias": "store_sales", "Startup Cost": 0.44, "Total Cost": 5.89, "Plan Rows": 311, "Plan Width": 4, "Index Cond": "(ss_item_sk = inventory.inv_item_sk)"}]}]}]}]}]}]}}, {"Plan": {"Node Type": "Aggregate", "Strategy": "Plain", "Partial Mode": "Finalize", "Parallel Aware": false, "Async Capable": false, "Startup Cost": 1154537.22, "Total Cost": 1154537.23, "Plan Rows": 1, "Plan Width": 8, "Plans": [{"Node Type": "Gather", "Parent Relationship": "Outer", "Parallel Aware": false, "Async Capable": false, "Startup Cost": 1154536.59, "Total Cost": 1154537.2, "Plan Rows": 6, "Plan Width": 8, "Workers Planned": 6, "Single Copy": false, "Plans": [{"Node Type": "Aggregate", "Strategy": "Plain", "Partial Mode": "Partial", "Parent Relationship": "Outer", "Parallel Aware": false, "Async Capable": false, "Startup Cost": 1153536.59, "Total Cost": 1153536.6, "Plan Rows": 1, "Plan Width": 8, "Plans": [{"Node Type": "Hash Join", "Parent Relationship": "Outer", "Parallel Aware": true, "Async Capable": false, "Join Type": "Inner", "Startup Cost": 9963.54, "Total Cost": 1153535.65, "Plan Rows": 376, "Plan Width": 0, "Inner Unique": true, "Hash Cond": "(inventory.inv_item_sk = item.i_item_sk)", "Plans": [{"Node Type": "Nested Loop", "Parent Relationship": "Outer", "Parallel Aware": false, "Async Capable": false, "Join Type": "Inner", "Startup Cost": 2069.44, "Total Cost": 1139890.34, "Plan Rows": 2190848, "Plan Width": 8, "Inner Unique": false, "Plans": [{"Node Type": "Hash Join", "Parent Relationship": "Outer", "Parallel Aware": true, "Async Capable": false, "Join Type": "Inner", "Startup Cost": 2069.0, "Total Cost": 1076502.33, "Plan Rows": 7044, "Plan Width": 4, "Inner Unique": true, "Hash Cond": "(inventory.inv_date_sk = date_dim.d_date_sk)", "Plans": [{"Node Type": "Seq Scan", "Parent Relationship": "Outer", "Parallel Aware": true, "Async Capable": false, "Relation Name": "inventory", "Alias": "inventory", "Startup Cost": 0.0, "Total Cost": 1052290.26, "Plan Rows": 8434967, "Plan Width": 8, "Filter": "((inv_quantity_on_hand >= 100) AND (inv_quantity_on_hand <= 500))"}, {"Node Type": "Hash", "Parent Relationship": "Inner", "Parallel Aware": true, "Async Capable": false, "Startup Cost": 2068.55, "Total Cost": 2068.55, "Plan Rows": 36, "Plan Width": 4, "Plans": [{"Node Type": "Seq Scan", "Parent Relationship": "Outer", "Parallel Aware": true, "Async Capable": false, "Relation Name": "date_dim", "Alias": "date_dim", "Startup Cost": 0.0, "Total Cost": 2068.55, "Plan Rows": 36, "Plan Width": 4, "Filter": "((d_date >= '1998-02-04'::date) AND (d_date <= '1998-04-05 00:00:00'::timestamp without time zone))"}]}]}, {"Node Type": "Index Only Scan", "Parent Relationship": "Inner", "Parallel Aware": false, "Async Capable": false, "Scan Direction": "Forward", "Index Name": "store_sales_pkey", "Relation Name": "store_sales", "Alias": "store_sales", "Startup Cost": 0.44, "Total Cost": 5.89, "Plan Rows": 311, "Plan Width": 4, "Index Cond": "(ss_item_sk = inventory.inv_item_sk)"}]}, {"Node Type": "Hash", "Parent Relationship": "Inner", "Parallel Aware": true, "Async Capable": false, "Startup Cost": 7894.0, "Total Cost": 7894.0, "Plan Rows": 8, "Plan Width": 4, "Plans": [{"Node Type": "Seq Scan", "Parent Relationship": "Outer", "Parallel Aware": true, "Async Capable": false, "Relation Name": "item", "Alias": "item", "Startup Cost": 0.0, "Total Cost": 7894.0, "Plan Rows": 8, "Plan Width": 4, "Filter": "((i_current_price >= '48'::numeric) AND (i_current_price <= '78'::numeric) AND (i_manufact_id = ANY ('{307,183,577,532}'::integer[])))"}]}]}]}]}]}}, {"Plan": {"Node Type": "Aggregate", "Strategy": "Plain", "Partial Mode": "Finalize", "Parallel Aware": false, "Async Capable": false, "Startup Cost": 621049.03, "Total Cost": 621049.04, "Plan Rows": 1, "Plan Width": 8, "Actual Rows": 1, "Actual Loops": 1, "Plans": [{"Node Type": "Gather", "Parent Relationship": "Outer", "Parallel Aware": false, "Async Capable": false, "Startup Cost": 621048.4, "Total Cost": 621049.01, "Plan Rows": 6, "Plan Width": 8, "Actual Rows": 7, "Actual Loops": 1, "Workers Planned": 6, "Workers Launched": 6, "Single Copy": false, "Plans": [{"Node Type": "Aggregate", "Strategy": "Plain", "Partial Mode": "Partial", "Parent Relationship": "Outer", "Parallel Aware": false, "Async Capable": false, "Startup Cost": 620048.4, "Total Cost": 620048.41, "Plan Rows": 1, "Plan Width": 8, "Actual Rows": 1, "Actual Loops": 7, "Workers": [], "Plans": [{"Node Type": "Hash Join", "Parent Relationship": "Outer", "Parallel Aware": true, "Async Capable": false, "Join Type": "Inner", "Startup Cost": 36595.58, "Total Cost": 620047.46, "Plan Rows": 376, "Plan Width": 0, "Actual Rows": 11144, "Actual Loops": 7, "Inner Unique": false, "Hash Cond": "(store_sales.ss_item_sk = inventory.inv_item_sk)", "Workers": [], "Plans": [{"Node Type": "Seq Scan", "Parent Relationship": "Outer", "Parallel Aware": true, "Async Capable": false, "Relation Name": "store_sales", "Alias": "store_sales", "Startup Cost": 0.0, "Total Cost": 565449.69, "Plan Rows": 4800169, "Plan Width": 4, "Actual Rows": 4114427, "Actual Loops": 7, "Workers": []}, {"Node Type": "Hash", "Parent Relationship": "Inner", "Parallel Aware": true, "Async Capable": false, "Startup Cost": 36595.54, "Total Cost": 36595.54, "Plan Rows": 3, "Plan Width": 8, "Actual Rows": 30, "Actual Loops": 7, "Hash Buckets": 1024, "Original Hash Buckets": 1024, "Hash Batches": 1, "Original Hash Batches": 1, "Peak Memory Usage": 168, "Workers": [], "Plans": [{"Node Type": "Nested Loop", "Parent Relationship": "Outer", "Parallel Aware": false, "Async Capable": false, "Join Type": "Inner", "Startup Cost": 0.57, "Total Cost": 36595.54, "Plan Rows": 3, "Plan Width": 8, "Actual Rows": 30, "Actual Loops": 7, "Inner Unique": false, "Workers": [], "Plans": [{"Node Type": "Seq Scan", "Parent Relationship": "Outer", "Parallel Aware": true, "Async Capable": false, "Relation Name": "item", "Alias": "item", "Startup Cost": 0.0, "Total Cost": 7894.0, "Plan Rows": 8, "Plan Width": 4, "Actual Rows": 2, "Actual Loops": 7, "Filter": "((i_current_price >= '48'::numeric) AND (i_current_price <= '78'::numeric) AND (i_manufact_id = ANY ('{307,183,577,532}'::integer[])))", "Rows Removed by Filter": 14569, "Workers": []}, {"Node Type": "Nested Loop", "Parent Relationship": "Inner", "Parallel Aware": false, "Async Capable": false, "Join Type": "Inner", "Startup Cost": 0.57, "Total Cost": 3586.47, "Plan Rows": 122, "Plan Width": 4, "Actual Rows": 13, "Actual Loops": 16, "Inner Unique": false, "Workers": [], "Plans": [{"Node Type": "Seq Scan", "Parent Relationship": "Outer", "Parallel Aware": false, "Async Capable": false, "Relation Name": "date_dim", "Alias": "date_dim", "Startup Cost": 0.0, "Total Cost": 2519.73, "Plan Rows": 61, "Plan Width": 4, "Actual Rows": 61, "Actual Loops": 16, "Filter": "((d_date >= '1998-02-04'::date) AND (d_date <= '1998-04-05 00:00:00'::timestamp without time zone))", "Rows Removed by Filter": 72988, "Workers": []}, {"Node Type": "Index Scan", "Parent Relationship": "Inner", "Parallel Aware": false, "Async Capable": false, "Scan Direction": "Forward", "Index Name": "inventory_pkey", "Relation Name": "inventory", "Alias": "inventory", "Startup Cost": 0.57, "Total Cost": 17.47, "Plan Rows": 2, "Plan Width": 8, "Actual Rows": 0, "Actual Loops": 976, "Index Cond": "((inv_date_sk = date_dim.d_date_sk) AND (inv_item_sk = item.i_item_sk))", "Rows Removed by Index Recheck": 0, "Filter": "((inv_quantity_on_hand >= 100) AND (inv_quantity_on_hand <= 500))", "Rows Removed by Filter": 0, "Workers": []}]}]}]}]}]}]}]}, "Planning Time": 2.873, "Triggers": [], "Execution Time": 807.404}, {"Plan": {"Node Type": "Aggregate", "Strategy": "Plain", "Partial Mode": "Finalize", "Parallel Aware": false, "Async Capable": false, "Startup Cost": 1085634.47, "Total Cost": 1085634.48, "Plan Rows": 1, "Plan Width": 8, "Plans": [{"Node Type": "Gather", "Parent Relationship": "Outer", "Parallel Aware": false, "Async Capable": false, "Startup Cost": 1085634.26, "Total Cost": 1085634.47, "Plan Rows": 2, "Plan Width": 8, "Workers Planned": 2, "Single Copy": false, "Plans": [{"Node Type": "Aggregate", "Strategy": "Plain", "Partial Mode": "Partial", "Parent Relationship": "Outer", "Parallel Aware": false, "Async Capable": false, "Startup Cost": 1084634.26, "Total Cost": 1084634.27, "Plan Rows": 1, "Plan Width": 8, "Plans": [{"Node Type": "Hash Join", "Parent Relationship": "Outer", "Parallel Aware": true, "Async Capable": false, "Join Type": "Inner", "Startup Cost": 1076590.82, "Total Cost": 1084631.9, "Plan Rows": 941, "Plan Width": 0, "Inner Unique": false, "Hash Cond": "(item.i_item_sk = inventory.inv_item_sk)", "Plans": [{"Node Type": "Nested Loop", "Parent Relationship": "Outer", "Parallel Aware": false, "Async Capable": false, "Join Type": "Inner", "Startup Cost": 0.44, "Total Cost": 8031.6, "Plan Rows": 2235, "Plan Width": 8, "Inner Unique": false, "Plans": [{"Node Type": "Seq Scan", "Parent Relationship": "Outer", "Parallel Aware": true, "Async Capable": false, "Relation Name": "item", "Alias": "item", "Startup Cost": 0.0, "Total Cost": 7894.0, "Plan Rows": 8, "Plan Width": 4, "Filter": "((i_current_price >= '48'::numeric) AND (i_current_price <= '78'::numeric) AND (i_manufact_id = ANY ('{307,183,577,532}'::integer[])))"}, {"Node Type": "Index Only Scan", "Parent Relationship": "Inner", "Parallel Aware": false, "Async Capable": false, "Scan Direction": "Forward", "Index Name": "store_sales_pkey", "Relation Name": "store_sales", "Alias": "store_sales", "Startup Cost": 0.44, "Total Cost": 14.09, "Plan Rows": 311, "Plan Width": 4, "Index Cond": "(ss_item_sk = item.i_item_sk)"}]}, {"Node Type": "Hash", "Parent Relationship": "Inner", "Parallel Aware": true, "Async Capable": false, "Startup Cost": 1076502.33, "Total Cost": 1076502.33, "Plan Rows": 7044, "Plan Width": 4, "Plans": [{"Node Type": "Hash Join", "Parent Relationship": "Outer", "Parallel Aware": true, "Async Capable": false, "Join Type": "Inner", "Startup Cost": 2069.0, "Total Cost": 1076502.33, "Plan Rows": 7044, "Plan Width": 4, "Inner Unique": true, "Hash Cond": "(inventory.inv_date_sk = date_dim.d_date_sk)", "Plans": [{"Node Type": "Seq Scan", "Parent Relationship": "Outer", "Parallel Aware": true, "Async Capable": false, "Relation Name": "inventory", "Alias": "inventory", "Startup Cost": 0.0, "Total Cost": 1052290.26, "Plan Rows": 8434967, "Plan Width": 8, "Filter": "((inv_quantity_on_hand >= 100) AND (inv_quantity_on_hand <= 500))"}, {"Node Type": "Hash", "Parent Relationship": "Inner", "Parallel Aware": true, "Async Capable": false, "Startup Cost": 2068.55, "Total Cost": 2068.55, "Plan Rows": 36, "Plan Width": 4, "Plans": [{"Node Type": "Seq Scan", "Parent Relationship": "Outer", "Parallel Aware": true, "Async Capable": false, "Relation Name": "date_dim", "Alias": "date_dim", "Startup Cost": 0.0, "Total Cost": 2068.55, "Plan Rows": 36, "Plan Width": 4, "Filter": "((d_date >= '1998-02-04'::date) AND (d_date <= '1998-04-05 00:00:00'::timestamp without time zone))"}]}]}]}]}]}]}]}}, {"Plan": {"Node Type": "Aggregate", "Strategy": "Plain", "Partial Mode": "Finalize", "Parallel Aware": false, "Async Capable": false, "Startup Cost": 37625.1, "Total Cost": 37625.11, "Plan Rows": 1, "Plan Width": 8, "Actual Rows": 1, "Actual Loops": 1, "Plans": [{"Node Type": "Gather", "Parent Relationship": "Outer", "Parallel Aware": false, "Async Capable": false, "Startup Cost": 37624.89, "Total Cost": 37625.1, "Plan Rows": 2, "Plan Width": 8, "Actual Rows": 3, "Actual Loops": 1, "Workers Planned": 2, "Workers Launched": 2, "Single Copy": false, "Plans": [{"Node Type": "Aggregate", "Strategy": "Plain", "Partial Mode": "Partial", "Parent Relationship": "Outer", "Parallel Aware": false, "Async Capable": false, "Startup Cost": 36624.89, "Total Cost": 36624.9, "Plan Rows": 1, "Plan Width": 8, "Actual Rows": 1, "Actual Loops": 3, "Workers": [], "Plans": [{"Node Type": "Nested Loop", "Parent Relationship": "Outer", "Parallel Aware": false, "Async Capable": false, "Join Type": "Inner", "Startup Cost": 1.0, "Total Cost": 36622.54, "Plan Rows": 941, "Plan Width": 0, "Actual Rows": 26002, "Actual Loops": 3, "Inner Unique": false, "Workers": [], "Plans": [{"Node Type": "Nested Loop", "Parent Relationship": "Outer", "Parallel Aware": false, "Async Capable": false, "Join Type": "Inner", "Startup Cost": 0.57, "Total Cost": 36595.54, "Plan Rows": 3, "Plan Width": 8, "Actual Rows": 69, "Actual Loops": 3, "Inner Unique": false, "Workers": [], "Plans": [{"Node Type": "Seq Scan", "Parent Relationship": "Outer", "Parallel Aware": true, "Async Capable": false, "Relation Name": "item", "Alias": "item", "Startup Cost": 0.0, "Total Cost": 7894.0, "Plan Rows": 8, "Plan Width": 4, "Actual Rows": 5, "Actual Loops": 3, "Filter": "((i_current_price >= '48'::numeric) AND (i_current_price <= '78'::numeric) AND (i_manufact_id = ANY ('{307,183,577,532}'::integer[])))", "Rows Removed by Filter": 33995, "Workers": []}, {"Node Type": "Nested Loop", "Parent Relationship": "Inner", "Parallel Aware": false, "Async Capable": false, "Join Type": "Inner", "Startup Cost": 0.57, "Total Cost": 3586.47, "Plan Rows": 122, "Plan Width": 4, "Actual Rows": 13, "Actual Loops": 16, "Inner Unique": false, "Workers": [], "Plans": [{"Node Type": "Seq Scan", "Parent Relationship": "Outer", "Parallel Aware": false, "Async Capable": false, "Relation Name": "date_dim", "Alias": "date_dim", "Startup Cost": 0.0, "Total Cost": 2519.73, "Plan Rows": 61, "Plan Width": 4, "Actual Rows": 61, "Actual Loops": 16, "Filter": "((d_date >= '1998-02-04'::date) AND (d_date <= '1998-04-05 00:00:00'::timestamp without time zone))", "Rows Removed by Filter": 72988, "Workers": []}, {"Node Type": "Index Scan", "Parent Relationship": "Inner", "Parallel Aware": false, "Async Capable": false, "Scan Direction": "Forward", "Index Name": "inventory_pkey", "Relation Name": "inventory", "Alias": "inventory", "Startup Cost": 0.57, "Total Cost": 17.47, "Plan Rows": 2, "Plan Width": 8, "Actual Rows": 0, "Actual Loops": 976, "Index Cond": "((inv_date_sk = date_dim.d_date_sk) AND (inv_item_sk = item.i_item_sk))", "Rows Removed by Index Recheck": 0, "Filter": "((inv_quantity_on_hand >= 100) AND (inv_quantity_on_hand <= 500))", "Rows Removed by Filter": 0, "Workers": []}]}]}, {"Node Type": "Index Only Scan", "Parent Relationship": "Inner", "Parallel Aware": false, "Async Capable": false, "Scan Direction": "Forward", "Index Name": "store_sales_pkey", "Relation Name": "store_sales", "Alias": "store_sales", "Startup Cost": 0.44, "Total Cost": 5.89, "Plan Rows": 311, "Plan Width": 4, "Actual Rows": 375, "Actual Loops": 208, "Index Cond": "(ss_item_sk = inventory.inv_item_sk)", "Rows Removed by Index Recheck": 0, "Heap Fetches": 0, "Workers": []}]}]}]}]}, "Planning Time": 3.091, "Triggers": [], "Execution Time": 164.512}, {"Plan": {"Node Type": "Aggregate", "Strategy": "Plain", "Partial Mode": "Finalize", "Parallel Aware": false, "Async Capable": false, "Startup Cost": 1094191.47, "Total Cost": 1094191.48, "Plan Rows": 1, "Plan Width": 8, "Actual Rows": 1, "Actual Loops": 1, "Plans": [{"Node Type": "Gather", "Parent Relationship": "Outer", "Parallel Aware": false, "Async Capable": false, "Startup Cost": 1094190.84, "Total Cost": 1094191.45, "Plan Rows": 6, "Plan Width": 8, "Actual Rows": 7, "Actual Loops": 1, "Workers Planned": 6, "Workers Launched": 6, "Single Copy": false, "Plans": [{"Node Type": "Aggregate", "Strategy": "Plain", "Partial Mode": "Partial", "Parent Relationship": "Outer", "Parallel Aware": false, "Async Capable": false, "Startup Cost": 1093190.84, "Total Cost": 1093190.85, "Plan Rows": 1, "Plan Width": 8, "Actual Rows": 1, "Actual Loops": 7, "Workers": [], "Plans": [{"Node Type": "Hash Join", "Parent Relationship": "Outer", "Parallel Aware": true, "Async Capable": false, "Join Type": "Inner", "Startup Cost": 9963.55, "Total Cost": 1093189.9, "Plan Rows": 376, "Plan Width": 0, "Actual Rows": 11144, "Actual Loops": 7, "Inner Unique": true, "Hash Cond": "(inventory.inv_date_sk = date_dim.d_date_sk)", "Workers": [], "Plans": [{"Node Type": "Nested Loop", "Parent Relationship": "Outer", "Parallel Aware": false, "Async Capable": false, "Join Type": "Inner", "Startup Cost": 7894.55, "Total Cost": 1089956.28, "Plan Rows": 443639, "Plan Width": 4, "Actual Rows": 335485, "Actual Loops": 7, "Inner Unique": false, "Join Filter": "(inventory.inv_item_sk = store_sales.ss_item_sk)", "Rows Removed by Join Filter": 0, "Workers": [], "Plans": [{"Node Type": "Hash Join", "Parent Relationship": "Outer", "Parallel Aware": true, "Async Capable": false, "Join Type": "Inner", "Startup Cost": 7894.1, "Total Cost": 1082327.07, "Plan Rows": 1571, "Plan Width": 12, "Actual Rows": 1033, "Actual Loops": 7, "Inner Unique": true, "Hash Cond": "(inventory.inv_item_sk = item.i_item_sk)", "Workers": [], "Plans": [{"Node Type": "Seq Scan", "Parent Relationship": "Outer", "Parallel Aware": true, "Async Capable": false, "Relation Name": "inventory", "Alias": "inventory", "Startup Cost": 0.0, "Total Cost": 1052290.26, "Plan Rows": 8434967, "Plan Width": 8, "Actual Rows": 7237367, "Actual Loops": 7, "Filter": "((inv_quantity_on_hand >= 100) AND (inv_quantity_on_hand <= 500))", "Rows Removed by Filter": 11778347, "Workers": []}, {"Node Type": "Hash", "Parent Relationship": "Inner", "Parallel Aware": true, "Async Capable": false, "Startup Cost": 7894.0, "Total Cost": 7894.0, "Plan Rows": 8, "Plan Width": 4, "Actual Rows": 2, "Actual Loops": 7, "Hash Buckets": 1024, "Original Hash Buckets": 1024, "Hash Batches": 1, "Original Hash Batches": 1, "Peak Memory Usage": 200, "Workers": [], "Plans": [{"Node Type": "Seq Scan", "Parent Relationship": "Outer", "Parallel Aware": true, "Async Capable": false, "Relation Name": "item", "Alias": "item", "Startup Cost": 0.0, "Total Cost": 7894.0, "Plan Rows": 8, "Plan Width": 4, "Actual Rows": 2, "Actual Loops": 7, "Filter": "((i_current_price >= '48'::numeric) AND (i_current_price <= '78'::numeric) AND (i_manufact_id = ANY ('{307,183,577,532}'::integer[])))", "Rows Removed by Filter": 14569, "Workers": []}]}]}, {"Node Type": "Memoize", "Parent Relationship": "Inner", "Parallel Aware": false, "Async Capable": false, "Startup Cost": 0.45, "Total Cost": 14.1, "Plan Rows": 311, "Plan Width": 4, "Actual Rows": 325, "Actual Loops": 7234, "Cache Key": "item.i_item_sk", "Cache Mode": "logical", "Cache Hits": 1140, "Cache Misses": 16, "Cache Evictions": 0, "Cache Overflows": 0, "Peak Memory Usage": 148, "Workers": [{"Worker Number": 0, "Cache Hits": 961, "Cache Misses": 16, "Cache Evictions": 0, "Cache Overflows": 0, "Peak Memory Usage": 148}, {"Worker Number": 1, "Cache Hits": 1015, "Cache Misses": 16, "Cache Evictions": 0, "Cache Overflows": 0, "Peak Memory Usage": 148}, {"Worker Number": 2, "Cache Hits": 997, "Cache Misses": 16, "Cache Evictions": 0, "Cache Overflows": 0, "Peak Memory Usage": 148}, {"Worker Number": 3, "Cache Hits": 1033, "Cache Misses": 16, "Cache Evictions": 0, "Cache Overflows": 0, "Peak Memory Usage": 148}, {"Worker Number": 4, "Cache Hits": 1007, "Cache Misses": 16, "Cache Evictions": 0, "Cache Overflows": 0, "Peak Memory Usage": 148}, {"Worker Number": 5, "Cache Hits": 969, "Cache Misses": 16, "Cache Evictions": 0, "Cache Overflows": 0, "Peak Memory Usage": 148}], "Plans": [{"Node Type": "Index Only Scan", "Parent Relationship": "Outer", "Parallel Aware": false, "Async Capable": false, "Scan Direction": "Forward", "Index Name": "store_sales_pkey", "Relation Name": "store_sales", "Alias": "store_sales", "Startup Cost": 0.44, "Total Cost": 14.09, "Plan Rows": 311, "Plan Width": 4, "Actual Rows": 260, "Actual Loops": 112, "Index Cond": "(ss_item_sk = item.i_item_sk)", "Rows Removed by Index Recheck": 0, "Heap Fetches": 0, "Workers": []}]}]}, {"Node Type": "Hash", "Parent Relationship": "Inner", "Parallel Aware": true, "Async Capable": false, "Startup Cost": 2068.55, "Total Cost": 2068.55, "Plan Rows": 36, "Plan Width": 4, "Actual Rows": 9, "Actual Loops": 7, "Hash Buckets": 1024, "Original Hash Buckets": 1024, "Hash Batches": 1, "Original Hash Batches": 1, "Peak Memory Usage": 72, "Workers": [], "Plans": [{"Node Type": "Seq Scan", "Parent Relationship": "Outer", "Parallel Aware": true, "Async Capable": false, "Relation Name": "date_dim", "Alias": "date_dim", "Startup Cost": 0.0, "Total Cost": 2068.55, "Plan Rows": 36, "Plan Width": 4, "Actual Rows": 9, "Actual Loops": 7, "Filter": "((d_date >= '1998-02-04'::date) AND (d_date <= '1998-04-05 00:00:00'::timestamp without time zone))", "Rows Removed by Filter": 10427, "Workers": []}]}]}]}]}]}, "Planning Time": 3.143, "Triggers": [], "Execution Time": 2150.259}]