[{"Plan": {"Node Type": "Aggregate", "Strategy": "Plain", "Partial Mode": "Finalize", "Parallel Aware": false, "Async Capable": false, "Startup Cost": 581688.69, "Total Cost": 581688.7, "Plan Rows": 1, "Plan Width": 8, "Actual Rows": 1, "Actual Loops": 1, "Plans": [{"Node Type": "Gather", "Parent Relationship": "Outer", "Parallel Aware": false, "Async Capable": false, "Startup Cost": 581688.06, "Total Cost": 581688.67, "Plan Rows": 6, "Plan Width": 8, "Actual Rows": 7, "Actual Loops": 1, "Workers Planned": 6, "Workers Launched": 6, "Single Copy": false, "Plans": [{"Node Type": "Aggregate", "Strategy": "Plain", "Partial Mode": "Partial", "Parent Relationship": "Outer", "Parallel Aware": false, "Async Capable": false, "Startup Cost": 580688.06, "Total Cost": 580688.07, "Plan Rows": 1, "Plan Width": 8, "Actual Rows": 1, "Actual Loops": 7, "Workers": [], "Plans": [{"Node Type": "Nested Loop", "Parent Relationship": "Outer", "Parallel Aware": false, "Async Capable": false, "Join Type": "Inner", "Startup Cost": 2077.07, "Total Cost": 580687.92, "Plan Rows": 58, "Plan Width": 0, "Actual Rows": 3513, "Actual Loops": 7, "Inner Unique": true, "Workers": [], "Plans": [{"Node Type": "Nested Loop", "Parent Relationship": "Outer", "Parallel Aware": false, "Async Capable": false, "Join Type": "Inner", "Startup Cost": 2076.65, "Total Cost": 580623.32, "Plan Rows": 132, "Plan Width": 4, "Actual Rows": 7883, "Actual Loops": 7, "Inner Unique": true, "Workers": [], "Plans": [{"Node Type": "Nested Loop", "Parent Relationship": "Outer", "Parallel Aware": false, "Async Capable": false, "Join Type": "Inner", "Startup Cost": 2076.23, "Total Cost": 580562.29, "Plan Rows": 138, "Plan Width": 4, "Actual Rows": 7979, "Actual Loops": 7, "Inner Unique": true, "Workers": [], "Plans": [{"Node Type": "Hash Join", "Parent Relationship": "Outer", "Parallel Aware": false, "Async Capable": false, "Join Type": "Inner", "Startup Cost": 2075.94, "Total Cost": 580132.15, "Plan Rows": 1372, "Plan Width": 8, "Actual Rows": 79220, "Actual Loops": 7, "Inner Unique": true, "Hash Cond": "(store_sales.ss_store_sk = store.s_store_sk)", "Workers": [], "Plans": [{"Node Type": "Hash Join", "Parent Relationship": "Outer", "Parallel Aware": true, "Async Capable": false, "Join Type": "Inner", "Startup Cost": 2068.78, "Total Cost": 580119.61, "Plan Rows": 1971, "Plan Width": 12, "Actual Rows": 125444, "Actual Loops": 7, "Inner Unique": true, "Hash Cond": "(store_sales.ss_sold_date_sk = date_dim.d_date_sk)", "Workers": [], "Plans": [{"Node Type": "Seq Scan", "Parent Relationship": "Outer", "Parallel Aware": true, "Async Capable": false, "Relation Name": "store_sales", "Alias": "store_sales", "Startup Cost": 0.0, "Total Cost": 565449.69, "Plan Rows": 4800169, "Plan Width": 16, "Actual Rows": 4114427, "Actual Loops": 7, "Workers": []}, {"Node Type": "Hash", "Parent Relationship": "Inner", "Parallel Aware": true, "Async Capable": false, "Startup Cost": 2068.55, "Total Cost": 2068.55, "Plan Rows": 18, "Plan Width": 4, "Actual Rows": 4, "Actual Loops": 7, "Hash Buckets": 1024, "Original Hash Buckets": 1024, "Hash Batches": 1, "Original Hash Batches": 1, "Peak Memory Usage": 40, "Workers": [], "Plans": [{"Node Type": "Seq Scan", "Parent Relationship": "Outer", "Parallel Aware": true, "Async Capable": false, "Relation Name": "date_dim", "Alias": "date_dim", "Startup Cost": 0.0, "Total Cost": 2068.55, "Plan Rows": 18, "Plan Width": 4, "Actual Rows": 4, "Actual Loops": 7, "Filter": "((d_year = 2001) AND (d_moy = 11))", "Rows Removed by Filter": 10431, "Workers": []}]}]}, {"Node Type": "Hash", "Parent Relationship": "Inner", "Parallel Aware": false, "Async Capable": false, "Startup Cost": 6.28, "Total Cost": 6.28, "Plan Rows": 71, "Plan Width": 4, "Actual Rows": 71, "Actual Loops": 7, "Hash Buckets": 1024, "Original Hash Buckets": 1024, "Hash Batches": 1, "Original Hash Batches": 1, "Peak Memory Usage": 11, "Workers": [], "Plans": [{"Node Type": "Seq Scan", "Parent Relationship": "Outer", "Parallel Aware": false, "Async Capable": false, "Relation Name": "store", "Alias": "store", "Startup Cost": 0.0, "Total Cost": 6.28, "Plan Rows": 71, "Plan Width": 4, "Actual Rows": 71, "Actual Loops": 7, "Filter": "(s_gmt_offset = '-6'::numeric)", "Rows Removed by Filter": 31, "Workers": []}]}]}, {"Node Type": "Index Scan", "Parent Relationship": "Inner", "Parallel Aware": false, "Async Capable": false, "Scan Direction": "Forward", "Index Name": "item_pkey", "Relation Name": "item", "Alias": "item", "Startup Cost": 0.29, "Total Cost": 0.31, "Plan Rows": 1, "Plan Width": 4, "Actual Rows": 0, "Actual Loops": 554540, "Index Cond": "(i_item_sk = store_sales.ss_item_sk)", "Rows Removed by Index Recheck": 0, "Filter": "(i_category = 'Electronics'::bpchar)", "Rows Removed by Filter": 1, "Workers": []}]}, {"Node Type": "Index Scan", "Parent Relationship": "Inner", "Parallel Aware": false, "Async Capable": false, "Scan Direction": "Forward", "Index Name": "customer_pkey", "Relation Name": "customer", "Alias": "customer", "Startup Cost": 0.42, "Total Cost": 0.44, "Plan Rows": 1, "Plan Width": 8, "Actual Rows": 1, "Actual Loops": 55856, "Index Cond": "(c_customer_sk = store_sales.ss_customer_sk)", "Rows Removed by Index Recheck": 0, "Workers": []}]}, {"Node Type": "Index Scan", "Parent Relationship": "Inner", "Parallel Aware": false, "Async Capable": false, "Scan Direction": "Forward", "Index Name": "customer_address_pkey", "Relation Name": "customer_address", "Alias": "customer_address", "Startup Cost": 0.42, "Total Cost": 0.49, "Plan Rows": 1, "Plan Width": 4, "Actual Rows": 0, "Actual Loops": 55182, "Index Cond": "(ca_address_sk = customer.c_current_addr_sk)", "Rows Removed by Index Recheck": 0, "Filter": "(ca_gmt_offset = '-6'::numeric)", "Rows Removed by Filter": 1, "Workers": []}]}]}]}]}, "Planning Time": 4.229, "Triggers": [], "Execution Time": 1857.592}, {"Plan": {"Node Type": "Aggregate", "Strategy": "Plain", "Partial Mode": "Finalize", "Parallel Aware": false, "Async Capable": false, "Startup Cost": 805388.14, "Total Cost": 805388.15, "Plan Rows": 1, "Plan Width": 8, "Actual Rows": 1, "Actual Loops": 1, "Plans": [{"Node Type": "Gather", "Parent Relationship": "Outer", "Parallel Aware": false, "Async Capable": false, "Startup Cost": 805387.52, "Total Cost": 805388.13, "Plan Rows": 6, "Plan Width": 8, "Actual Rows": 7, "Actual Loops": 1, "Workers Planned": 6, "Workers Launched": 6, "Single Copy": false, "Plans": [{"Node Type": "Aggregate", "Strategy": "Plain", "Partial Mode": "Partial", "Parent Relationship": "Outer", "Parallel Aware": false, "Async Capable": false, "Startup Cost": 804387.52, "Total Cost": 804387.53, "Plan Rows": 1, "Plan Width": 8, "Actual Rows": 1, "Actual Loops": 7, "Workers": [], "Plans": [{"Node Type": "Hash Join", "Parent Relationship": "Outer", "Parallel Aware": false, "Async Capable": false, "Join Type": "Inner", "Startup Cost": 225596.71, "Total Cost": 804387.37, "Plan Rows": 58, "Plan Width": 0, "Actual Rows": 3513, "Actual Loops": 7, "Inner Unique": false, "Hash Cond": "((store_sales.ss_store_sk = store.s_store_sk) AND (customer.c_current_addr_sk = customer_address.ca_address_sk))", "Workers": [], "Plans": [{"Node Type": "Nested Loop", "Parent Relationship": "Outer", "Parallel Aware": false, "Async Capable": false, "Join Type": "Inner", "Startup Cost": 2069.49, "Total Cost": 580825.11, "Plan Rows": 189, "Plan Width": 8, "Actual Rows": 12332, "Actual Loops": 7, "Inner Unique": true, "Workers": [], "Plans": [{"Node Type": "Nested Loop", "Parent Relationship": "Outer", "Parallel Aware": false, "Async Capable": false, "Join Type": "Inner", "Startup Cost": 2069.07, "Total Cost": 580737.55, "Plan Rows": 198, "Plan Width": 8, "Actual Rows": 12634, "Actual Loops": 7, "Inner Unique": true, "Workers": [], "Plans": [{"Node Type": "Hash Join", "Parent Relationship": "Outer", "Parallel Aware": true, "Async Capable": false, "Join Type": "Inner", "Startup Cost": 2068.78, "Total Cost": 580119.61, "Plan Rows": 1971, "Plan Width": 12, "Actual Rows": 125444, "Actual Loops": 7, "Inner Unique": true, "Hash Cond": "(store_sales.ss_sold_date_sk = date_dim.d_date_sk)", "Workers": [], "Plans": [{"Node Type": "Seq Scan", "Parent Relationship": "Outer", "Parallel Aware": true, "Async Capable": false, "Relation Name": "store_sales", "Alias": "store_sales", "Startup Cost": 0.0, "Total Cost": 565449.69, "Plan Rows": 4800169, "Plan Width": 16, "Actual Rows": 4114427, "Actual Loops": 7, "Workers": []}, {"Node Type": "Hash", "Parent Relationship": "Inner", "Parallel Aware": true, "Async Capable": false, "Startup Cost": 2068.55, "Total Cost": 2068.55, "Plan Rows": 18, "Plan Width": 4, "Actual Rows": 4, "Actual Loops": 7, "Hash Buckets": 1024, "Original Hash Buckets": 1024, "Hash Batches": 1, "Original Hash Batches": 1, "Peak Memory Usage": 40, "Workers": [], "Plans": [{"Node Type": "Seq Scan", "Parent Relationship": "Outer", "Parallel Aware": true, "Async Capable": false, "Relation Name": "date_dim", "Alias": "date_dim", "Startup Cost": 0.0, "Total Cost": 2068.55, "Plan Rows": 18, "Plan Width": 4, "Actual Rows": 4, "Actual Loops": 7, "Filter": "((d_year = 2001) AND (d_moy = 11))", "Rows Removed by Filter": 10431, "Workers": []}]}]}, {"Node Type": "Index Scan", "Parent Relationship": "Inner", "Parallel Aware": false, "Async Capable": false, "Scan Direction": "Forward", "Index Name": "item_pkey", "Relation Name": "item", "Alias": "item", "Startup Cost": 0.29, "Total Cost": 0.31, "Plan Rows": 1, "Plan Width": 4, "Actual Rows": 0, "Actual Loops": 878106, "Index Cond": "(i_item_sk = store_sales.ss_item_sk)", "Rows Removed by Index Recheck": 0, "Filter": "(i_category = 'Electronics'::bpchar)", "Rows Removed by Filter": 1, "Workers": []}]}, {"Node Type": "Index Scan", "Parent Relationship": "Inner", "Parallel Aware": false, "Async Capable": false, "Scan Direction": "Forward", "Index Name": "customer_pkey", "Relation Name": "customer", "Alias": "customer", "Startup Cost": 0.42, "Total Cost": 0.44, "Plan Rows": 1, "Plan Width": 8, "Actual Rows": 1, "Actual Loops": 88437, "Index Cond": "(c_customer_sk = store_sales.ss_customer_sk)", "Rows Removed by Index Recheck": 0, "Workers": []}]}, {"Node Type": "Hash", "Parent Relationship": "Inner", "Parallel Aware": false, "Async Capable": false, "Startup Cost": 106304.8, "Total Cost": 106304.8, "Plan Rows": 7814828, "Plan Width": 8, "Actual Rows": 7843441, "Actual Loops": 7, "Hash Buckets": 8388608, "Original Hash Buckets": 8388608, "Hash Batches": 1, "Original Hash Batches": 1, "Peak Memory Usage": 371921, "Workers": [], "Plans": [{"Node Type": "Nested Loop", "Parent Relationship": "Outer", "Parallel Aware": false, "Async Capable": false, "Join Type": "Inner", "Startup Cost": 0.0, "Total Cost": 106304.8, "Plan Rows": 7814828, "Plan Width": 8, "Actual Rows": 7843441, "Actual Loops": 7, "Inner Unique": false, "Workers": [], "Plans": [{"Node Type": "Seq Scan", "Parent Relationship": "Outer", "Parallel Aware": false, "Async Capable": false, "Relation Name": "customer_address", "Alias": "customer_address", "Startup Cost": 0.0, "Total Cost": 8613.0, "Plan Rows": 110068, "Plan Width": 4, "Actual Rows": 110471, "Actual Loops": 7, "Filter": "(ca_gmt_offset = '-6'::numeric)", "Rows Removed by Filter": 139529, "Workers": []}, {"Node Type": "Materialize", "Parent Relationship": "Inner", "Parallel Aware": false, "Async Capable": false, "Startup Cost": 0.0, "Total Cost": 6.63, "Plan Rows": 71, "Plan Width": 4, "Actual Rows": 71, "Actual Loops": 773297, "Workers": [], "Plans": [{"Node Type": "Seq Scan", "Parent Relationship": "Outer", "Parallel Aware": false, "Async Capable": false, "Relation Name": "store", "Alias": "store", "Startup Cost": 0.0, "Total Cost": 6.28, "Plan Rows": 71, "Plan Width": 4, "Actual Rows": 71, "Actual Loops": 7, "Filter": "(s_gmt_offset = '-6'::numeric)", "Rows Removed by Filter": 31, "Workers": []}]}]}]}]}]}]}]}, "Planning Time": 2.428, "Triggers": [], "Execution Time": 7094.299}, {"Plan": {"Node Type": "Aggregate", "Strategy": "Plain", "Partial Mode": "Finalize", "Parallel Aware": false, "Async Capable": false, "Startup Cost": 581925.77, "Total Cost": 581925.78, "Plan Rows": 1, "Plan Width": 8, "Actual Rows": 1, "Actual Loops": 1, "Plans": [{"Node Type": "Gather", "Parent Relationship": "Outer", "Parallel Aware": false, "Async Capable": false, "Startup Cost": 581925.14, "Total Cost": 581925.75, "Plan Rows": 6, "Plan Width": 8, "Actual Rows": 7, "Actual Loops": 1, "Workers Planned": 6, "Workers Launched": 6, "Single Copy": false, "Plans": [{"Node Type": "Aggregate", "Strategy": "Plain", "Partial Mode": "Partial", "Parent Relationship": "Outer", "Parallel Aware": false, "Async Capable": false, "Startup Cost": 580925.14, "Total Cost": 580925.15, "Plan Rows": 1, "Plan Width": 8, "Actual Rows": 1, "Actual Loops": 7, "Workers": [], "Plans": [{"Node Type": "Hash Join", "Parent Relationship": "Outer", "Parallel Aware": false, "Async Capable": false, "Join Type": "Inner", "Startup Cost": 2077.07, "Total Cost": 580925.0, "Plan Rows": 58, "Plan Width": 0, "Actual Rows": 3513, "Actual Loops": 7, "Inner Unique": true, "Hash Cond": "(store_sales.ss_store_sk = store.s_store_sk)", "Workers": [], "Plans": [{"Node Type": "Nested Loop", "Parent Relationship": "Outer", "Parallel Aware": false, "Async Capable": false, "Join Type": "Inner", "Startup Cost": 2069.91, "Total Cost": 580917.61, "Plan Rows": 83, "Plan Width": 4, "Actual Rows": 5494, "Actual Loops": 7, "Inner Unique": true, "Workers": [], "Plans": [{"Node Type": "Nested Loop", "Parent Relationship": "Outer", "Parallel Aware": false, "Async Capable": false, "Join Type": "Inner", "Startup Cost": 2069.49, "Total Cost": 580825.11, "Plan Rows": 189, "Plan Width": 8, "Actual Rows": 12332, "Actual Loops": 7, "Inner Unique": true, "Workers": [], "Plans": [{"Node Type": "Nested Loop", "Parent Relationship": "Outer", "Parallel Aware": false, "Async Capable": false, "Join Type": "Inner", "Startup Cost": 2069.07, "Total Cost": 580737.55, "Plan Rows": 198, "Plan Width": 8, "Actual Rows": 12634, "Actual Loops": 7, "Inner Unique": true, "Workers": [], "Plans": [{"Node Type": "Hash Join", "Parent Relationship": "Outer", "Parallel Aware": true, "Async Capable": false, "Join Type": "Inner", "Startup Cost": 2068.78, "Total Cost": 580119.61, "Plan Rows": 1971, "Plan Width": 12, "Actual Rows": 125444, "Actual Loops": 7, "Inner Unique": true, "Hash Cond": "(store_sales.ss_sold_date_sk = date_dim.d_date_sk)", "Workers": [], "Plans": [{"Node Type": "Seq Scan", "Parent Relationship": "Outer", "Parallel Aware": true, "Async Capable": false, "Relation Name": "store_sales", "Alias": "store_sales", "Startup Cost": 0.0, "Total Cost": 565449.69, "Plan Rows": 4800169, "Plan Width": 16, "Actual Rows": 4114427, "Actual Loops": 7, "Workers": []}, {"Node Type": "Hash", "Parent Relationship": "Inner", "Parallel Aware": true, "Async Capable": false, "Startup Cost": 2068.55, "Total Cost": 2068.55, "Plan Rows": 18, "Plan Width": 4, "Actual Rows": 4, "Actual Loops": 7, "Hash Buckets": 1024, "Original Hash Buckets": 1024, "Hash Batches": 1, "Original Hash Batches": 1, "Peak Memory Usage": 40, "Workers": [], "Plans": [{"Node Type": "Seq Scan", "Parent Relationship": "Outer", "Parallel Aware": true, "Async Capable": false, "Relation Name": "date_dim", "Alias": "date_dim", "Startup Cost": 0.0, "Total Cost": 2068.55, "Plan Rows": 18, "Plan Width": 4, "Actual Rows": 4, "Actual Loops": 7, "Filter": "((d_year = 2001) AND (d_moy = 11))", "Rows Removed by Filter": 10431, "Workers": []}]}]}, {"Node Type": "Index Scan", "Parent Relationship": "Inner", "Parallel Aware": false, "Async Capable": false, "Scan Direction": "Forward", "Index Name": "item_pkey", "Relation Name": "item", "Alias": "item", "Startup Cost": 0.29, "Total Cost": 0.31, "Plan Rows": 1, "Plan Width": 4, "Actual Rows": 0, "Actual Loops": 878106, "Index Cond": "(i_item_sk = store_sales.ss_item_sk)", "Rows Removed by Index Recheck": 0, "Filter": "(i_category = 'Electronics'::bpchar)", "Rows Removed by Filter": 1, "Workers": []}]}, {"Node Type": "Index Scan", "Parent Relationship": "Inner", "Parallel Aware": false, "Async Capable": false, "Scan Direction": "Forward", "Index Name": "customer_pkey", "Relation Name": "customer", "Alias": "customer", "Startup Cost": 0.42, "Total Cost": 0.44, "Plan Rows": 1, "Plan Width": 8, "Actual Rows": 1, "Actual Loops": 88437, "Index Cond": "(c_customer_sk = store_sales.ss_customer_sk)", "Rows Removed by Index Recheck": 0, "Workers": []}]}, {"Node Type": "Index Scan", "Parent Relationship": "Inner", "Parallel Aware": false, "Async Capable": false, "Scan Direction": "Forward", "Index Name": "customer_address_pkey", "Relation Name": "customer_address", "Alias": "customer_address", "Startup Cost": 0.42, "Total Cost": 0.49, "Plan Rows": 1, "Plan Width": 4, "Actual Rows": 0, "Actual Loops": 86327, "Index Cond": "(ca_address_sk = customer.c_current_addr_sk)", "Rows Removed by Index Recheck": 0, "Filter": "(ca_gmt_offset = '-6'::numeric)", "Rows Removed by Filter": 1, "Workers": []}]}, {"Node Type": "Hash", "Parent Relationship": "Inner", "Parallel Aware": false, "Async Capable": false, "Startup Cost": 6.28, "Total Cost": 6.28, "Plan Rows": 71, "Plan Width": 4, "Actual Rows": 71, "Actual Loops": 7, "Hash Buckets": 1024, "Original Hash Buckets": 1024, "Hash Batches": 1, "Original Hash Batches": 1, "Peak Memory Usage": 11, "Workers": [], "Plans": [{"Node Type": "Seq Scan", "Parent Relationship": "Outer", "Parallel Aware": false, "Async Capable": false, "Relation Name": "store", "Alias": "store", "Startup Cost": 0.0, "Total Cost": 6.28, "Plan Rows": 71, "Plan Width": 4, "Actual Rows": 71, "Actual Loops": 7, "Filter": "(s_gmt_offset = '-6'::numeric)", "Rows Removed by Filter": 31, "Workers": []}]}]}]}]}]}, "Planning Time": 3.633, "Triggers": [], "Execution Time": 2298.071}, {"Plan": {"Node Type": "Aggregate", "Strategy": "Plain", "Partial Mode": "Simple", "Parallel Aware": false, "Async Capable": false, "Startup Cost": 4857969.12, "Total Cost": 4857969.13, "Plan Rows": 1, "Plan Width": 8, "Plans": [{"Node Type": "Hash Join", "Parent Relationship": "Outer", "Parallel Aware": false, "Async Capable": false, "Join Type": "Inner", "Startup Cost": 3446298.78, "Total Cost": 4857968.25, "Plan Rows": 347, "Plan Width": 0, "Inner Unique": false, "Hash Cond": "((customer.c_customer_sk = store_sales.ss_customer_sk) AND (customer.c_current_addr_sk = customer_address.ca_address_sk))", "Plans": [{"Node Type": "Seq Scan", "Parent Relationship": "Outer", "Parallel Aware": false, "Async Capable": false, "Relation Name": "customer", "Alias": "customer", "Startup Cost": 0.0, "Total Cost": 19264.0, "Plan Rows": 500000, "Plan Width": 8}, {"Node Type": "Hash", "Parent Relationship": "Inner", "Parallel Aware": false, "Async Capable": false, "Startup Cost": 1729338.22, "Total Cost": 1729338.22, "Plan Rows": 90814437, "Plan Width": 8, "Plans": [{"Node Type": "Nested Loop", "Parent Relationship": "Outer", "Parallel Aware": false, "Async Capable": false, "Join Type": "Inner", "Startup Cost": 3076.65, "Total Cost": 1729338.22, "Plan Rows": 90814437, "Plan Width": 8, "Inner Unique": false, "Plans": [{"Node Type": "Index Scan", "Parent Relationship": "Outer", "Parallel Aware": false, "Async Capable": false, "Scan Direction": "Forward", "Index Name": "customer_address_pkey", "Relation Name": "customer_address", "Alias": "customer_address", "Startup Cost": 0.42, "Total Cost": 12615.12, "Plan Rows": 110068, "Plan Width": 4, "Filter": "(ca_gmt_offset = '-6'::numeric)"}, {"Node Type": "Materialize", "Parent Relationship": "Inner", "Parallel Aware": false, "Async Capable": false, "Startup Cost": 3076.23, "Total Cost": 581648.92, "Plan Rows": 825, "Plan Width": 4, "Plans": [{"Node Type": "Gather", "Parent Relationship": "Outer", "Parallel Aware": false, "Async Capable": false, "Startup Cost": 3076.23, "Total Cost": 581644.79, "Plan Rows": 825, "Plan Width": 4, "Workers Planned": 6, "Single Copy": false, "Plans": [{"Node Type": "Nested Loop", "Parent Relationship": "Outer", "Parallel Aware": false, "Async Capable": false, "Join Type": "Inner", "Startup Cost": 2076.23, "Total Cost": 580562.29, "Plan Rows": 138, "Plan Width": 4, "Inner Unique": true, "Plans": [{"Node Type": "Hash Join", "Parent Relationship": "Outer", "Parallel Aware": false, "Async Capable": false, "Join Type": "Inner", "Startup Cost": 2075.94, "Total Cost": 580132.15, "Plan Rows": 1372, "Plan Width": 8, "Inner Unique": true, "Hash Cond": "(store_sales.ss_store_sk = store.s_store_sk)", "Plans": [{"Node Type": "Hash Join", "Parent Relationship": "Outer", "Parallel Aware": true, "Async Capable": false, "Join Type": "Inner", "Startup Cost": 2068.78, "Total Cost": 580119.61, "Plan Rows": 1971, "Plan Width": 12, "Inner Unique": true, "Hash Cond": "(store_sales.ss_sold_date_sk = date_dim.d_date_sk)", "Plans": [{"Node Type": "Seq Scan", "Parent Relationship": "Outer", "Parallel Aware": true, "Async Capable": false, "Relation Name": "store_sales", "Alias": "store_sales", "Startup Cost": 0.0, "Total Cost": 565449.69, "Plan Rows": 4800169, "Plan Width": 16}, {"Node Type": "Hash", "Parent Relationship": "Inner", "Parallel Aware": true, "Async Capable": false, "Startup Cost": 2068.55, "Total Cost": 2068.55, "Plan Rows": 18, "Plan Width": 4, "Plans": [{"Node Type": "Seq Scan", "Parent Relationship": "Outer", "Parallel Aware": true, "Async Capable": false, "Relation Name": "date_dim", "Alias": "date_dim", "Startup Cost": 0.0, "Total Cost": 2068.55, "Plan Rows": 18, "Plan Width": 4, "Filter": "((d_year = 2001) AND (d_moy = 11))"}]}]}, {"Node Type": "Hash", "Parent Relationship": "Inner", "Parallel Aware": false, "Async Capable": false, "Startup Cost": 6.28, "Total Cost": 6.28, "Plan Rows": 71, "Plan Width": 4, "Plans": [{"Node Type": "Seq Scan", "Parent Relationship": "Outer", "Parallel Aware": false, "Async Capable": false, "Relation Name": "store", "Alias": "store", "Startup Cost": 0.0, "Total Cost": 6.28, "Plan Rows": 71, "Plan Width": 4, "Filter": "(s_gmt_offset = '-6'::numeric)"}]}]}, {"Node Type": "Index Scan", "Parent Relationship": "Inner", "Parallel Aware": false, "Async Capable": false, "Scan Direction": "Forward", "Index Name": "item_pkey", "Relation Name": "item", "Alias": "item", "Startup Cost": 0.29, "Total Cost": 0.31, "Plan Rows": 1, "Plan Width": 4, "Index Cond": "(i_item_sk = store_sales.ss_item_sk)", "Filter": "(i_category = 'Electronics'::bpchar)"}]}]}]}]}]}]}]}}, {"Plan": {"Node Type": "Aggregate", "Strategy": "Plain", "Partial Mode": "Finalize", "Parallel Aware": false, "Async Capable": false, "Startup Cost": 588587.85, "Total Cost": 588587.86, "Plan Rows": 1, "Plan Width": 8, "Actual Rows": 1, "Actual Loops": 1, "Plans": [{"Node Type": "Gather", "Parent Relationship": "Outer", "Parallel Aware": false, "Async Capable": false, "Startup Cost": 588587.63, "Total Cost": 588587.84, "Plan Rows": 2, "Plan Width": 8, "Actual Rows": 3, "Actual Loops": 1, "Workers Planned": 2, "Workers Launched": 2, "Single Copy": false, "Plans": [{"Node Type": "Aggregate", "Strategy": "Plain", "Partial Mode": "Partial", "Parent Relationship": "Outer", "Parallel Aware": false, "Async Capable": false, "Startup Cost": 587587.63, "Total Cost": 587587.64, "Plan Rows": 1, "Plan Width": 8, "Actual Rows": 1, "Actual Loops": 3, "Workers": [], "Plans": [{"Node Type": "Hash Join", "Parent Relationship": "Outer", "Parallel Aware": true, "Async Capable": false, "Join Type": "Inner", "Startup Cost": 580624.97, "Total Cost": 587587.27, "Plan Rows": 145, "Plan Width": 0, "Actual Rows": 8196, "Actual Loops": 3, "Inner Unique": false, "Hash Cond": "(customer_address.ca_address_sk = customer.c_current_addr_sk)", "Workers": [], "Plans": [{"Node Type": "Seq Scan", "Parent Relationship": "Outer", "Parallel Aware": true, "Async Capable": false, "Relation Name": "customer_address", "Alias": "customer_address", "Startup Cost": 0.0, "Total Cost": 6790.08, "Plan Rows": 45862, "Plan Width": 4, "Actual Rows": 36824, "Actual Loops": 3, "Filter": "(ca_gmt_offset = '-6'::numeric)", "Rows Removed by Filter": 46510, "Workers": []}, {"Node Type": "Hash", "Parent Relationship": "Inner", "Parallel Aware": true, "Async Capable": false, "Startup Cost": 580623.32, "Total Cost": 580623.32, "Plan Rows": 132, "Plan Width": 4, "Actual Rows": 18394, "Actual Loops": 3, "Hash Buckets": 65536, "Original Hash Buckets": 1024, "Hash Batches": 1, "Original Hash Batches": 1, "Peak Memory Usage": 3192, "Workers": [], "Plans": [{"Node Type": "Nested Loop", "Parent Relationship": "Outer", "Parallel Aware": false, "Async Capable": false, "Join Type": "Inner", "Startup Cost": 2076.65, "Total Cost": 580623.32, "Plan Rows": 132, "Plan Width": 4, "Actual Rows": 18394, "Actual Loops": 3, "Inner Unique": true, "Workers": [], "Plans": [{"Node Type": "Nested Loop", "Parent Relationship": "Outer", "Parallel Aware": false, "Async Capable": false, "Join Type": "Inner", "Startup Cost": 2076.23, "Total Cost": 580562.29, "Plan Rows": 138, "Plan Width": 4, "Actual Rows": 18619, "Actual Loops": 3, "Inner Unique": true, "Workers": [], "Plans": [{"Node Type": "Hash Join", "Parent Relationship": "Outer", "Parallel Aware": false, "Async Capable": false, "Join Type": "Inner", "Startup Cost": 2075.94, "Total Cost": 580132.15, "Plan Rows": 1372, "Plan Width": 8, "Actual Rows": 184847, "Actual Loops": 3, "Inner Unique": true, "Hash Cond": "(store_sales.ss_store_sk = store.s_store_sk)", "Workers": [], "Plans": [{"Node Type": "Hash Join", "Parent Relationship": "Outer", "Parallel Aware": true, "Async Capable": false, "Join Type": "Inner", "Startup Cost": 2068.78, "Total Cost": 580119.61, "Plan Rows": 1971, "Plan Width": 12, "Actual Rows": 292702, "Actual Loops": 3, "Inner Unique": true, "Hash Cond": "(store_sales.ss_sold_date_sk = date_dim.d_date_sk)", "Workers": [], "Plans": [{"Node Type": "Seq Scan", "Parent Relationship": "Outer", "Parallel Aware": true, "Async Capable": false, "Relation Name": "store_sales", "Alias": "store_sales", "Startup Cost": 0.0, "Total Cost": 565449.69, "Plan Rows": 4800169, "Plan Width": 16, "Actual Rows": 9600330, "Actual Loops": 3, "Workers": []}, {"Node Type": "Hash", "Parent Relationship": "Inner", "Parallel Aware": true, "Async Capable": false, "Startup Cost": 2068.55, "Total Cost": 2068.55, "Plan Rows": 18, "Plan Width": 4, "Actual Rows": 10, "Actual Loops": 3, "Hash Buckets": 1024, "Original Hash Buckets": 1024, "Hash Batches": 1, "Original Hash Batches": 1, "Peak Memory Usage": 40, "Workers": [], "Plans": [{"Node Type": "Seq Scan", "Parent Relationship": "Outer", "Parallel Aware": true, "Async Capable": false, "Relation Name": "date_dim", "Alias": "date_dim", "Startup Cost": 0.0, "Total Cost": 2068.55, "Plan Rows": 18, "Plan Width": 4, "Actual Rows": 10, "Actual Loops": 3, "Filter": "((d_year = 2001) AND (d_moy = 11))", "Rows Removed by Filter": 24340, "Workers": []}]}]}, {"Node Type": "Hash", "Parent Relationship": "Inner", "Parallel Aware": false, "Async Capable": false, "Startup Cost": 6.28, "Total Cost": 6.28, "Plan Rows": 71, "Plan Width": 4, "Actual Rows": 71, "Actual Loops": 3, "Hash Buckets": 1024, "Original Hash Buckets": 1024, "Hash Batches": 1, "Original Hash Batches": 1, "Peak Memory Usage": 11, "Workers": [], "Plans": [{"Node Type": "Seq Scan", "Parent Relationship": "Outer", "Parallel Aware": false, "Async Capable": false, "Relation Name": "store", "Alias": "store", "Startup Cost": 0.0, "Total Cost": 6.28, "Plan Rows": 71, "Plan Width": 4, "Actual Rows": 71, "Actual Loops": 3, "Filter": "(s_gmt_offset = '-6'::numeric)", "Rows Removed by Filter": 31, "Workers": []}]}]}, {"Node Type": "Index Scan", "Parent Relationship": "Inner", "Parallel Aware": false, "Async Capable": false, "Scan Direction": "Forward", "Index Name": "item_pkey", "Relation Name": "item", "Alias": "item", "Startup Cost": 0.29, "Total Cost": 0.31, "Plan Rows": 1, "Plan Width": 4, "Actual Rows": 0, "Actual Loops": 554540, "Index Cond": "(i_item_sk = store_sales.ss_item_sk)", "Rows Removed by Index Recheck": 0, "Filter": "(i_category = 'Electronics'::bpchar)", "Rows Removed by Filter": 1, "Workers": []}]}, {"Node Type": "Index Scan", "Parent Relationship": "Inner", "Parallel Aware": false, "Async Capable": false, "Scan Direction": "Forward", "Index Name": "customer_pkey", "Relation Name": "customer", "Alias": "customer", "Startup Cost": 0.42, "Total Cost": 0.44, "Plan Rows": 1, "Plan Width": 8, "Actual Rows": 1, "Actual Loops": 55856, "Index Cond": "(c_customer_sk = store_sales.ss_customer_sk)", "Rows Removed by Index Recheck": 0, "Workers": []}]}]}]}]}]}]}, "Planning Time": 4.006, "Triggers": [], "Execution Time": 7120.976}, {"Plan": {"Node Type": "Aggregate", "Strategy": "Plain", "Partial Mode": "Simple", "Parallel Aware": false, "Async Capable": false, "Startup Cost": 1238197.88, "Total Cost": 1238197.89, "Plan Rows": 1, "Plan Width": 8, "Actual Rows": 1, "Actual Loops": 1, "Plans": [{"Node Type": "Hash Join", "Parent Relationship": "Outer", "Parallel Aware": false, "Async Capable": false, "Join Type": "Inner", "Startup Cost": 591862.82, "Total Cost": 1238197.02, "Plan Rows": 347, "Plan Width": 0, "Actual Rows": 24588, "Actual Loops": 1, "Inner Unique": false, "Hash Cond": "((store.s_store_sk = store_sales.ss_store_sk) AND (customer.c_customer_sk = store_sales.ss_customer_sk))", "Plans": [{"Node Type": "Nested Loop", "Parent Relationship": "Outer", "Parallel Aware": false, "Async Capable": false, "Join Type": "Inner", "Startup Cost": 9988.99, "Total Cost": 226504.34, "Plan Rows": 15629656, "Plan Width": 8, "Actual Rows": 15672398, "Actual Loops": 1, "Inner Unique": false, "Plans": [{"Node Type": "Index Scan", "Parent Relationship": "Outer", "Parallel Aware": false, "Async Capable": false, "Scan Direction": "Forward", "Index Name": "store_pkey", "Relation Name": "store", "Alias": "store", "Startup Cost": 0.14, "Total Cost": 17.93, "Plan Rows": 71, "Plan Width": 4, "Actual Rows": 71, "Actual Loops": 1, "Filter": "(s_gmt_offset = '-6'::numeric)", "Rows Removed by Filter": 31}, {"Node Type": "Materialize", "Parent Relationship": "Inner", "Parallel Aware": false, "Async Capable": false, "Startup Cost": 9988.85, "Total Cost": 31666.05, "Plan Rows": 220136, "Plan Width": 4, "Actual Rows": 220738, "Actual Loops": 71, "Plans": [{"Node Type": "Hash Join", "Parent Relationship": "Outer", "Parallel Aware": false, "Async Capable": false, "Join Type": "Inner", "Startup Cost": 9988.85, "Total Cost": 30565.37, "Plan Rows": 220136, "Plan Width": 4, "Actual Rows": 220738, "Actual Loops": 1, "Inner Unique": true, "Hash Cond": "(customer.c_current_addr_sk = customer_address.ca_address_sk)", "Plans": [{"Node Type": "Seq Scan", "Parent Relationship": "Outer", "Parallel Aware": false, "Async Capable": false, "Relation Name": "customer", "Alias": "customer", "Startup Cost": 0.0, "Total Cost": 19264.0, "Plan Rows": 500000, "Plan Width": 8, "Actual Rows": 500000, "Actual Loops": 1}, {"Node Type": "Hash", "Parent Relationship": "Inner", "Parallel Aware": false, "Async Capable": false, "Startup Cost": 8613.0, "Total Cost": 8613.0, "Plan Rows": 110068, "Plan Width": 4, "Actual Rows": 110471, "Actual Loops": 1, "Hash Buckets": 131072, "Original Hash Buckets": 131072, "Hash Batches": 1, "Original Hash Batches": 1, "Peak Memory Usage": 4908, "Plans": [{"Node Type": "Seq Scan", "Parent Relationship": "Outer", "Parallel Aware": false, "Async Capable": false, "Relation Name": "customer_address", "Alias": "customer_address", "Startup Cost": 0.0, "Total Cost": 8613.0, "Plan Rows": 110068, "Plan Width": 4, "Actual Rows": 110471, "Actual Loops": 1, "Filter": "(ca_gmt_offset = '-6'::numeric)", "Rows Removed by Filter": 139529}]}]}]}]}, {"Node Type": "Hash", "Parent Relationship": "Inner", "Parallel Aware": false, "Async Capable": false, "Startup Cost": 581856.05, "Total Cost": 581856.05, "Plan Rows": 1185, "Plan Width": 8, "Actual Rows": 85309, "Actual Loops": 1, "Hash Buckets": 131072, "Original Hash Buckets": 2048, "Hash Batches": 1, "Original Hash Batches": 1, "Peak Memory Usage": 4357, "Plans": [{"Node Type": "Gather", "Parent Relationship": "Outer", "Parallel Aware": false, "Async Capable": false, "Startup Cost": 3069.07, "Total Cost": 581856.05, "Plan Rows": 1185, "Plan Width": 8, "Actual Rows": 88437, "Actual Loops": 1, "Workers Planned": 6, "Workers Launched": 6, "Single Copy": false, "Plans": [{"Node Type": "Nested Loop", "Parent Relationship": "Outer", "Parallel Aware": false, "Async Capable": false, "Join Type": "Inner", "Startup Cost": 2069.07, "Total Cost": 580737.55, "Plan Rows": 198, "Plan Width": 8, "Actual Rows": 12634, "Actual Loops": 7, "Inner Unique": true, "Workers": [], "Plans": [{"Node Type": "Hash Join", "Parent Relationship": "Outer", "Parallel Aware": true, "Async Capable": false, "Join Type": "Inner", "Startup Cost": 2068.78, "Total Cost": 580119.61, "Plan Rows": 1971, "Plan Width": 12, "Actual Rows": 125444, "Actual Loops": 7, "Inner Unique": true, "Hash Cond": "(store_sales.ss_sold_date_sk = date_dim.d_date_sk)", "Workers": [], "Plans": [{"Node Type": "Seq Scan", "Parent Relationship": "Outer", "Parallel Aware": true, "Async Capable": false, "Relation Name": "store_sales", "Alias": "store_sales", "Startup Cost": 0.0, "Total Cost": 565449.69, "Plan Rows": 4800169, "Plan Width": 16, "Actual Rows": 4114427, "Actual Loops": 7, "Workers": []}, {"Node Type": "Hash", "Parent Relationship": "Inner", "Parallel Aware": true, "Async Capable": false, "Startup Cost": 2068.55, "Total Cost": 2068.55, "Plan Rows": 18, "Plan Width": 4, "Actual Rows": 4, "Actual Loops": 7, "Hash Buckets": 1024, "Original Hash Buckets": 1024, "Hash Batches": 1, "Original Hash Batches": 1, "Peak Memory Usage": 40, "Workers": [], "Plans": [{"Node Type": "Seq Scan", "Parent Relationship": "Outer", "Parallel Aware": true, "Async Capable": false, "Relation Name": "date_dim", "Alias": "date_dim", "Startup Cost": 0.0, "Total Cost": 2068.55, "Plan Rows": 18, "Plan Width": 4, "Actual Rows": 4, "Actual Loops": 7, "Filter": "((d_year = 2001) AND (d_moy = 11))", "Rows Removed by Filter": 10431, "Workers": []}]}]}, {"Node Type": "Index Scan", "Parent Relationship": "Inner", "Parallel Aware": false, "Async Capable": false, "Scan Direction": "Forward", "Index Name": "item_pkey", "Relation Name": "item", "Alias": "item", "Startup Cost": 0.29, "Total Cost": 0.31, "Plan Rows": 1, "Plan Width": 4, "Actual Rows": 0, "Actual Loops": 878106, "Index Cond": "(i_item_sk = store_sales.ss_item_sk)", "Rows Removed by Index Recheck": 0, "Filter": "(i_category = 'Electronics'::bpchar)", "Rows Removed by Filter": 1, "Workers": []}]}]}]}]}]}, "Planning Time": 2.518, "Triggers": [], "Execution Time": 6611.665}, {"Plan": {"Node Type": "Aggregate", "Strategy": "Plain", "Partial Mode": "Finalize", "Parallel Aware": false, "Async Capable": false, "Startup Cost": 581688.69, "Total Cost": 581688.7, "Plan Rows": 1, "Plan Width": 8, "Actual Rows": 1, "Actual Loops": 1, "Plans": [{"Node Type": "Gather", "Parent Relationship": "Outer", "Parallel Aware": false, "Async Capable": false, "Startup Cost": 581688.06, "Total Cost": 581688.67, "Plan Rows": 6, "Plan Width": 8, "Actual Rows": 7, "Actual Loops": 1, "Workers Planned": 6, "Workers Launched": 6, "Single Copy": false, "Plans": [{"Node Type": "Aggregate", "Strategy": "Plain", "Partial Mode": "Partial", "Parent Relationship": "Outer", "Parallel Aware": false, "Async Capable": false, "Startup Cost": 580688.06, "Total Cost": 580688.07, "Plan Rows": 1, "Plan Width": 8, "Actual Rows": 1, "Actual Loops": 7, "Workers": [], "Plans": [{"Node Type": "Nested Loop", "Parent Relationship": "Outer", "Parallel Aware": false, "Async Capable": false, "Join Type": "Inner", "Startup Cost": 2077.07, "Total Cost": 580687.92, "Plan Rows": 58, "Plan Width": 0, "Actual Rows": 3513, "Actual Loops": 7, "Inner Unique": true, "Workers": [], "Plans": [{"Node Type": "Nested Loop", "Parent Relationship": "Outer", "Parallel Aware": false, "Async Capable": false, "Join Type": "Inner", "Startup Cost": 2076.65, "Total Cost": 580623.32, "Plan Rows": 132, "Plan Width": 4, "Actual Rows": 7883, "Actual Loops": 7, "Inner Unique": true, "Workers": [], "Plans": [{"Node Type": "Nested Loop", "Parent Relationship": "Outer", "Parallel Aware": false, "Async Capable": false, "Join Type": "Inner", "Startup Cost": 2076.23, "Total Cost": 580562.29, "Plan Rows": 138, "Plan Width": 4, "Actual Rows": 7979, "Actual Loops": 7, "Inner Unique": true, "Workers": [], "Plans": [{"Node Type": "Hash Join", "Parent Relationship": "Outer", "Parallel Aware": false, "Async Capable": false, "Join Type": "Inner", "Startup Cost": 2075.94, "Total Cost": 580132.15, "Plan Rows": 1372, "Plan Width": 8, "Actual Rows": 79220, "Actual Loops": 7, "Inner Unique": true, "Hash Cond": "(store_sales.ss_store_sk = store.s_store_sk)", "Workers": [], "Plans": [{"Node Type": "Hash Join", "Parent Relationship": "Outer", "Parallel Aware": true, "Async Capable": false, "Join Type": "Inner", "Startup Cost": 2068.78, "Total Cost": 580119.61, "Plan Rows": 1971, "Plan Width": 12, "Actual Rows": 125444, "Actual Loops": 7, "Inner Unique": true, "Hash Cond": "(store_sales.ss_sold_date_sk = date_dim.d_date_sk)", "Workers": [], "Plans": [{"Node Type": "Seq Scan", "Parent Relationship": "Outer", "Parallel Aware": true, "Async Capable": false, "Relation Name": "store_sales", "Alias": "store_sales", "Startup Cost": 0.0, "Total Cost": 565449.69, "Plan Rows": 4800169, "Plan Width": 16, "Actual Rows": 4114427, "Actual Loops": 7, "Workers": []}, {"Node Type": "Hash", "Parent Relationship": "Inner", "Parallel Aware": true, "Async Capable": false, "Startup Cost": 2068.55, "Total Cost": 2068.55, "Plan Rows": 18, "Plan Width": 4, "Actual Rows": 4, "Actual Loops": 7, "Hash Buckets": 1024, "Original Hash Buckets": 1024, "Hash Batches": 1, "Original Hash Batches": 1, "Peak Memory Usage": 40, "Workers": [], "Plans": [{"Node Type": "Seq Scan", "Parent Relationship": "Outer", "Parallel Aware": true, "Async Capable": false, "Relation Name": "date_dim", "Alias": "date_dim", "Startup Cost": 0.0, "Total Cost": 2068.55, "Plan Rows": 18, "Plan Width": 4, "Actual Rows": 4, "Actual Loops": 7, "Filter": "((d_year = 2001) AND (d_moy = 11))", "Rows Removed by Filter": 10431, "Workers": []}]}]}, {"Node Type": "Hash", "Parent Relationship": "Inner", "Parallel Aware": false, "Async Capable": false, "Startup Cost": 6.28, "Total Cost": 6.28, "Plan Rows": 71, "Plan Width": 4, "Actual Rows": 71, "Actual Loops": 7, "Hash Buckets": 1024, "Original Hash Buckets": 1024, "Hash Batches": 1, "Original Hash Batches": 1, "Peak Memory Usage": 11, "Workers": [], "Plans": [{"Node Type": "Seq Scan", "Parent Relationship": "Outer", "Parallel Aware": false, "Async Capable": false, "Relation Name": "store", "Alias": "store", "Startup Cost": 0.0, "Total Cost": 6.28, "Plan Rows": 71, "Plan Width": 4, "Actual Rows": 71, "Actual Loops": 7, "Filter": "(s_gmt_offset = '-6'::numeric)", "Rows Removed by Filter": 31, "Workers": []}]}]}, {"Node Type": "Index Scan", "Parent Relationship": "Inner", "Parallel Aware": false, "Async Capable": false, "Scan Direction": "Forward", "Index Name": "item_pkey", "Relation Name": "item", "Alias": "item", "Startup Cost": 0.29, "Total Cost": 0.31, "Plan Rows": 1, "Plan Width": 4, "Actual Rows": 0, "Actual Loops": 554540, "Index Cond": "(i_item_sk = store_sales.ss_item_sk)", "Rows Removed by Index Recheck": 0, "Filter": "(i_category = 'Electronics'::bpchar)", "Rows Removed by Filter": 1, "Workers": []}]}, {"Node Type": "Index Scan", "Parent Relationship": "Inner", "Parallel Aware": false, "Async Capable": false, "Scan Direction": "Forward", "Index Name": "customer_pkey", "Relation Name": "customer", "Alias": "customer", "Startup Cost": 0.42, "Total Cost": 0.44, "Plan Rows": 1, "Plan Width": 8, "Actual Rows": 1, "Actual Loops": 55856, "Index Cond": "(c_customer_sk = store_sales.ss_customer_sk)", "Rows Removed by Index Recheck": 0, "Workers": []}]}, {"Node Type": "Index Scan", "Parent Relationship": "Inner", "Parallel Aware": false, "Async Capable": false, "Scan Direction": "Forward", "Index Name": "customer_address_pkey", "Relation Name": "customer_address", "Alias": "customer_address", "Startup Cost": 0.42, "Total Cost": 0.49, "Plan Rows": 1, "Plan Width": 4, "Actual Rows": 0, "Actual Loops": 55182, "Index Cond": "(ca_address_sk = customer.c_current_addr_sk)", "Rows Removed by Index Recheck": 0, "Filter": "(ca_gmt_offset = '-6'::numeric)", "Rows Removed by Filter": 1, "Workers": []}]}]}]}]}, "Planning Time": 3.654, "Triggers": [], "Execution Time": 1859.635}, {"Plan": {"Node Type": "Aggregate", "Strategy": "Plain", "Partial Mode": "Finalize", "Parallel Aware": false, "Async Capable": false, "Startup Cost": 606115.08, "Total Cost": 606115.09, "Plan Rows": 1, "Plan Width": 8, "Actual Rows": 1, "Actual Loops": 1, "Plans": [{"Node Type": "Gather", "Parent Relationship": "Outer", "Parallel Aware": false, "Async Capable": false, "Startup Cost": 606114.45, "Total Cost": 606115.06, "Plan Rows": 6, "Plan Width": 8, "Actual Rows": 7, "Actual Loops": 1, "Workers Planned": 6, "Workers Launched": 6, "Single Copy": false, "Plans": [{"Node Type": "Aggregate", "Strategy": "Plain", "Partial Mode": "Partial", "Parent Relationship": "Outer", "Parallel Aware": false, "Async Capable": false, "Startup Cost": 605114.45, "Total Cost": 605114.46, "Plan Rows": 1, "Plan Width": 8, "Actual Rows": 1, "Actual Loops": 7, "Workers": [], "Plans": [{"Node Type": "Hash Join", "Parent Relationship": "Outer", "Parallel Aware": true, "Async Capable": false, "Join Type": "Inner", "Startup Cost": 26627.54, "Total Cost": 605114.31, "Plan Rows": 58, "Plan Width": 0, "Actual Rows": 3513, "Actual Loops": 7, "Inner Unique": false, "Hash Cond": "(store_sales.ss_customer_sk = customer.c_customer_sk)", "Workers": [], "Plans": [{"Node Type": "Nested Loop", "Parent Relationship": "Outer", "Parallel Aware": false, "Async Capable": false, "Join Type": "Inner", "Startup Cost": 2076.23, "Total Cost": 580562.29, "Plan Rows": 138, "Plan Width": 4, "Actual Rows": 7979, "Actual Loops": 7, "Inner Unique": true, "Workers": [], "Plans": [{"Node Type": "Hash Join", "Parent Relationship": "Outer", "Parallel Aware": false, "Async Capable": false, "Join Type": "Inner", "Startup Cost": 2075.94, "Total Cost": 580132.15, "Plan Rows": 1372, "Plan Width": 8, "Actual Rows": 79220, "Actual Loops": 7, "Inner Unique": true, "Hash Cond": "(store_sales.ss_store_sk = store.s_store_sk)", "Workers": [], "Plans": [{"Node Type": "Hash Join", "Parent Relationship": "Outer", "Parallel Aware": true, "Async Capable": false, "Join Type": "Inner", "Startup Cost": 2068.78, "Total Cost": 580119.61, "Plan Rows": 1971, "Plan Width": 12, "Actual Rows": 125444, "Actual Loops": 7, "Inner Unique": true, "Hash Cond": "(store_sales.ss_sold_date_sk = date_dim.d_date_sk)", "Workers": [], "Plans": [{"Node Type": "Seq Scan", "Parent Relationship": "Outer", "Parallel Aware": true, "Async Capable": false, "Relation Name": "store_sales", "Alias": "store_sales", "Startup Cost": 0.0, "Total Cost": 565449.69, "Plan Rows": 4800169, "Plan Width": 16, "Actual Rows": 4114427, "Actual Loops": 7, "Workers": []}, {"Node Type": "Hash", "Parent Relationship": "Inner", "Parallel Aware": true, "Async Capable": false, "Startup Cost": 2068.55, "Total Cost": 2068.55, "Plan Rows": 18, "Plan Width": 4, "Actual Rows": 4, "Actual Loops": 7, "Hash Buckets": 1024, "Original Hash Buckets": 1024, "Hash Batches": 1, "Original Hash Batches": 1, "Peak Memory Usage": 40, "Workers": [], "Plans": [{"Node Type": "Seq Scan", "Parent Relationship": "Outer", "Parallel Aware": true, "Async Capable": false, "Relation Name": "date_dim", "Alias": "date_dim", "Startup Cost": 0.0, "Total Cost": 2068.55, "Plan Rows": 18, "Plan Width": 4, "Actual Rows": 4, "Actual Loops": 7, "Filter": "((d_year = 2001) AND (d_moy = 11))", "Rows Removed by Filter": 10431, "Workers": []}]}]}, {"Node Type": "Hash", "Parent Relationship": "Inner", "Parallel Aware": false, "Async Capable": false, "Startup Cost": 6.28, "Total Cost": 6.28, "Plan Rows": 71, "Plan Width": 4, "Actual Rows": 71, "Actual Loops": 7, "Hash Buckets": 1024, "Original Hash Buckets": 1024, "Hash Batches": 1, "Original Hash Batches": 1, "Peak Memory Usage": 11, "Workers": [], "Plans": [{"Node Type": "Seq Scan", "Parent Relationship": "Outer", "Parallel Aware": false, "Async Capable": false, "Relation Name": "store", "Alias": "store", "Startup Cost": 0.0, "Total Cost": 6.28, "Plan Rows": 71, "Plan Width": 4, "Actual Rows": 71, "Actual Loops": 7, "Filter": "(s_gmt_offset = '-6'::numeric)", "Rows Removed by Filter": 31, "Workers": []}]}]}, {"Node Type": "Index Scan", "Parent Relationship": "Inner", "Parallel Aware": false, "Async Capable": false, "Scan Direction": "Forward", "Index Name": "item_pkey", "Relation Name": "item", "Alias": "item", "Startup Cost": 0.29, "Total Cost": 0.31, "Plan Rows": 1, "Plan Width": 4, "Actual Rows": 0, "Actual Loops": 554540, "Index Cond": "(i_item_sk = store_sales.ss_item_sk)", "Rows Removed by Index Recheck": 0, "Filter": "(i_category = 'Electronics'::bpchar)", "Rows Removed by Filter": 1, "Workers": []}]}, {"Node Type": "Hash", "Parent Relationship": "Inner", "Parallel Aware": true, "Async Capable": false, "Startup Cost": 23663.66, "Total Cost": 23663.66, "Plan Rows": 71012, "Plan Width": 4, "Actual Rows": 31534, "Actual Loops": 7, "Hash Buckets": 262144, "Original Hash Buckets": 262144, "Hash Batches": 1, "Original Hash Batches": 1, "Peak Memory Usage": 10816, "Workers": [], "Plans": [{"Node Type": "Hash Join", "Parent Relationship": "Outer", "Parallel Aware": true, "Async Capable": false, "Join Type": "Inner", "Startup Cost": 7363.36, "Total Cost": 23663.66, "Plan Rows": 71012, "Plan Width": 4, "Actual Rows": 31534, "Actual Loops": 7, "Inner Unique": true, "Hash Cond": "(customer.c_current_addr_sk = customer_address.ca_address_sk)", "Workers": [], "Plans": [{"Node Type": "Seq Scan", "Parent Relationship": "Outer", "Parallel Aware": true, "Async Capable": false, "Relation Name": "customer", "Alias": "customer", "Startup Cost": 0.0, "Total Cost": 15876.9, "Plan Rows": 161290, "Plan Width": 8, "Actual Rows": 71429, "Actual Loops": 7, "Workers": []}, {"Node Type": "Hash", "Parent Relationship": "Inner", "Parallel Aware": true, "Async Capable": false, "Startup Cost": 6790.08, "Total Cost": 6790.08, "Plan Rows": 45862, "Plan Width": 4, "Actual Rows": 15782, "Actual Loops": 7, "Hash Buckets": 131072, "Original Hash Buckets": 131072, "Hash Batches": 1, "Original Hash Batches": 1, "Peak Memory Usage": 5472, "Workers": [], "Plans": [{"Node Type": "Seq Scan", "Parent Relationship": "Outer", "Parallel Aware": true, "Async Capable": false, "Relation Name": "customer_address", "Alias": "customer_address", "Startup Cost": 0.0, "Total Cost": 6790.08, "Plan Rows": 45862, "Plan Width": 4, "Actual Rows": 15782, "Actual Loops": 7, "Filter": "(ca_gmt_offset = '-6'::numeric)", "Rows Removed by Filter": 19933, "Workers": []}]}]}]}]}]}]}]}, "Planning Time": 3.705, "Triggers": [], "Execution Time": 1778.04}, {"Plan": {"Node Type": "Aggregate", "Strategy": "Plain", "Partial Mode": "Finalize", "Parallel Aware": false, "Async Capable": false, "Startup Cost": 589980.21, "Total Cost": 589980.22, "Plan Rows": 1, "Plan Width": 8, "Actual Rows": 1, "Actual Loops": 1, "Plans": [{"Node Type": "Gather", "Parent Relationship": "Outer", "Parallel Aware": false, "Async Capable": false, "Startup Cost": 589979.99, "Total Cost": 589980.2, "Plan Rows": 2, "Plan Width": 8, "Actual Rows": 3, "Actual Loops": 1, "Workers Planned": 2, "Workers Launched": 2, "Single Copy": false, "Plans": [{"Node Type": "Aggregate", "Strategy": "Plain", "Partial Mode": "Partial", "Parent Relationship": "Outer", "Parallel Aware": false, "Async Capable": false, "Startup Cost": 588979.99, "Total Cost": 588980.0, "Plan Rows": 1, "Plan Width": 8, "Actual Rows": 1, "Actual Loops": 3, "Workers": [], "Plans": [{"Node Type": "Hash Join", "Parent Relationship": "Outer", "Parallel Aware": true, "Async Capable": false, "Join Type": "Inner", "Startup Cost": 581388.17, "Total Cost": 588979.63, "Plan Rows": 145, "Plan Width": 0, "Actual Rows": 8196, "Actual Loops": 3, "Inner Unique": false, "Hash Cond": "(item.i_item_sk = store_sales.ss_item_sk)", "Workers": [], "Plans": [{"Node Type": "Seq Scan", "Parent Relationship": "Outer", "Parallel Aware": true, "Async Capable": false, "Relation Name": "item", "Alias": "item", "Startup Cost": 0.0, "Total Cost": 7575.25, "Plan Rows": 4259, "Plan Width": 4, "Actual Rows": 3407, "Actual Loops": 3, "Filter": "(i_category = 'Electronics'::bpchar)", "Rows Removed by Filter": 30593, "Workers": []}, {"Node Type": "Hash", "Parent Relationship": "Inner", "Parallel Aware": true, "Async Capable": false, "Startup Cost": 581380.95, "Total Cost": 581380.95, "Plan Rows": 578, "Plan Width": 4, "Actual Rows": 80477, "Actual Loops": 3, "Hash Buckets": 262144, "Original Hash Buckets": 4096, "Hash Batches": 1, "Original Hash Batches": 1, "Peak Memory Usage": 13568, "Workers": [], "Plans": [{"Node Type": "Nested Loop", "Parent Relationship": "Outer", "Parallel Aware": false, "Async Capable": false, "Join Type": "Inner", "Startup Cost": 2076.78, "Total Cost": 581380.95, "Plan Rows": 578, "Plan Width": 4, "Actual Rows": 80477, "Actual Loops": 3, "Inner Unique": true, "Workers": [], "Plans": [{"Node Type": "Nested Loop", "Parent Relationship": "Outer", "Parallel Aware": false, "Async Capable": false, "Join Type": "Inner", "Startup Cost": 2076.36, "Total Cost": 580738.85, "Plan Rows": 1312, "Plan Width": 8, "Actual Rows": 182579, "Actual Loops": 3, "Inner Unique": true, "Workers": [], "Plans": [{"Node Type": "Hash Join", "Parent Relationship": "Outer", "Parallel Aware": false, "Async Capable": false, "Join Type": "Inner", "Startup Cost": 2075.94, "Total Cost": 580132.15, "Plan Rows": 1372, "Plan Width": 8, "Actual Rows": 184847, "Actual Loops": 3, "Inner Unique": true, "Hash Cond": "(store_sales.ss_store_sk = store.s_store_sk)", "Workers": [], "Plans": [{"Node Type": "Hash Join", "Parent Relationship": "Outer", "Parallel Aware": true, "Async Capable": false, "Join Type": "Inner", "Startup Cost": 2068.78, "Total Cost": 580119.61, "Plan Rows": 1971, "Plan Width": 12, "Actual Rows": 292702, "Actual Loops": 3, "Inner Unique": true, "Hash Cond": "(store_sales.ss_sold_date_sk = date_dim.d_date_sk)", "Workers": [], "Plans": [{"Node Type": "Seq Scan", "Parent Relationship": "Outer", "Parallel Aware": true, "Async Capable": false, "Relation Name": "store_sales", "Alias": "store_sales", "Startup Cost": 0.0, "Total Cost": 565449.69, "Plan Rows": 4800169, "Plan Width": 16, "Actual Rows": 9600330, "Actual Loops": 3, "Workers": []}, {"Node Type": "Hash", "Parent Relationship": "Inner", "Parallel Aware": true, "Async Capable": false, "Startup Cost": 2068.55, "Total Cost": 2068.55, "Plan Rows": 18, "Plan Width": 4, "Actual Rows": 10, "Actual Loops": 3, "Hash Buckets": 1024, "Original Hash Buckets": 1024, "Hash Batches": 1, "Original Hash Batches": 1, "Peak Memory Usage": 40, "Workers": [], "Plans": [{"Node Type": "Seq Scan", "Parent Relationship": "Outer", "Parallel Aware": true, "Async Capable": false, "Relation Name": "date_dim", "Alias": "date_dim", "Startup Cost": 0.0, "Total Cost": 2068.55, "Plan Rows": 18, "Plan Width": 4, "Actual Rows": 10, "Actual Loops": 3, "Filter": "((d_year = 2001) AND (d_moy = 11))", "Rows Removed by Filter": 24340, "Workers": []}]}]}, {"Node Type": "Hash", "Parent Relationship": "Inner", "Parallel Aware": false, "Async Capable": false, "Startup Cost": 6.28, "Total Cost": 6.28, "Plan Rows": 71, "Plan Width": 4, "Actual Rows": 71, "Actual Loops": 3, "Hash Buckets": 1024, "Original Hash Buckets": 1024, "Hash Batches": 1, "Original Hash Batches": 1, "Peak Memory Usage": 11, "Workers": [], "Plans": [{"Node Type": "Seq Scan", "Parent Relationship": "Outer", "Parallel Aware": false, "Async Capable": false, "Relation Name": "store", "Alias": "store", "Startup Cost": 0.0, "Total Cost": 6.28, "Plan Rows": 71, "Plan Width": 4, "Actual Rows": 71, "Actual Loops": 3, "Filter": "(s_gmt_offset = '-6'::numeric)", "Rows Removed by Filter": 31, "Workers": []}]}]}, {"Node Type": "Index Scan", "Parent Relationship": "Inner", "Parallel Aware": false, "Async Capable": false, "Scan Direction": "Forward", "Index Name": "customer_pkey", "Relation Name": "customer", "Alias": "customer", "Startup Cost": 0.42, "Total Cost": 0.44, "Plan Rows": 1, "Plan Width": 8, "Actual Rows": 1, "Actual Loops": 554540, "Index Cond": "(c_customer_sk = store_sales.ss_customer_sk)", "Rows Removed by Index Recheck": 0, "Workers": []}]}, {"Node Type": "Index Scan", "Parent Relationship": "Inner", "Parallel Aware": false, "Async Capable": false, "Scan Direction": "Forward", "Index Name": "customer_address_pkey", "Relation Name": "customer_address", "Alias": "customer_address", "Startup Cost": 0.42, "Total Cost": 0.49, "Plan Rows": 1, "Plan Width": 4, "Actual Rows": 0, "Actual Loops": 547738, "Index Cond": "(ca_address_sk = customer.c_current_addr_sk)", "Rows Removed by Index Recheck": 0, "Filter": "(ca_gmt_offset = '-6'::numeric)", "Rows Removed by Filter": 1, "Workers": []}]}]}]}]}]}]}, "Planning Time": 3.621, "Triggers": [], "Execution Time": 4818.305}, {"Plan": {"Node Type": "Aggregate", "Strategy": "Plain", "Partial Mode": "Finalize", "Parallel Aware": false, "Async Capable": false, "Startup Cost": 582562.93, "Total Cost": 582562.94, "Plan Rows": 1, "Plan Width": 8, "Actual Rows": 1, "Actual Loops": 1, "Plans": [{"Node Type": "Gather", "Parent Relationship": "Outer", "Parallel Aware": false, "Async Capable": false, "Startup Cost": 582562.3, "Total Cost": 582562.91, "Plan Rows": 6, "Plan Width": 8, "Actual Rows": 7, "Actual Loops": 1, "Workers Planned": 6, "Workers Launched": 6, "Single Copy": false, "Plans": [{"Node Type": "Aggregate", "Strategy": "Plain", "Partial Mode": "Partial", "Parent Relationship": "Outer", "Parallel Aware": false, "Async Capable": false, "Startup Cost": 581562.3, "Total Cost": 581562.31, "Plan Rows": 1, "Plan Width": 8, "Actual Rows": 1, "Actual Loops": 7, "Workers": [], "Plans": [{"Node Type": "Nested Loop", "Parent Relationship": "Outer", "Parallel Aware": false, "Async Capable": false, "Join Type": "Inner", "Startup Cost": 2077.07, "Total Cost": 581562.16, "Plan Rows": 58, "Plan Width": 0, "Actual Rows": 3513, "Actual Loops": 7, "Inner Unique": true, "Workers": [], "Plans": [{"Node Type": "Nested Loop", "Parent Relationship": "Outer", "Parallel Aware": false, "Async Capable": false, "Join Type": "Inner", "Startup Cost": 2076.78, "Total Cost": 581380.95, "Plan Rows": 578, "Plan Width": 4, "Actual Rows": 34490, "Actual Loops": 7, "Inner Unique": true, "Workers": [], "Plans": [{"Node Type": "Nested Loop", "Parent Relationship": "Outer", "Parallel Aware": false, "Async Capable": false, "Join Type": "Inner", "Startup Cost": 2076.36, "Total Cost": 580738.85, "Plan Rows": 1312, "Plan Width": 8, "Actual Rows": 78248, "Actual Loops": 7, "Inner Unique": true, "Workers": [], "Plans": [{"Node Type": "Hash Join", "Parent Relationship": "Outer", "Parallel Aware": false, "Async Capable": false, "Join Type": "Inner", "Startup Cost": 2075.94, "Total Cost": 580132.15, "Plan Rows": 1372, "Plan Width": 8, "Actual Rows": 79220, "Actual Loops": 7, "Inner Unique": true, "Hash Cond": "(store_sales.ss_store_sk = store.s_store_sk)", "Workers": [], "Plans": [{"Node Type": "Hash Join", "Parent Relationship": "Outer", "Parallel Aware": true, "Async Capable": false, "Join Type": "Inner", "Startup Cost": 2068.78, "Total Cost": 580119.61, "Plan Rows": 1971, "Plan Width": 12, "Actual Rows": 125444, "Actual Loops": 7, "Inner Unique": true, "Hash Cond": "(store_sales.ss_sold_date_sk = date_dim.d_date_sk)", "Workers": [], "Plans": [{"Node Type": "Seq Scan", "Parent Relationship": "Outer", "Parallel Aware": true, "Async Capable": false, "Relation Name": "store_sales", "Alias": "store_sales", "Startup Cost": 0.0, "Total Cost": 565449.69, "Plan Rows": 4800169, "Plan Width": 16, "Actual Rows": 4114427, "Actual Loops": 7, "Workers": []}, {"Node Type": "Hash", "Parent Relationship": "Inner", "Parallel Aware": true, "Async Capable": false, "Startup Cost": 2068.55, "Total Cost": 2068.55, "Plan Rows": 18, "Plan Width": 4, "Actual Rows": 4, "Actual Loops": 7, "Hash Buckets": 1024, "Original Hash Buckets": 1024, "Hash Batches": 1, "Original Hash Batches": 1, "Peak Memory Usage": 40, "Workers": [], "Plans": [{"Node Type": "Seq Scan", "Parent Relationship": "Outer", "Parallel Aware": true, "Async Capable": false, "Relation Name": "date_dim", "Alias": "date_dim", "Startup Cost": 0.0, "Total Cost": 2068.55, "Plan Rows": 18, "Plan Width": 4, "Actual Rows": 4, "Actual Loops": 7, "Filter": "((d_year = 2001) AND (d_moy = 11))", "Rows Removed by Filter": 10431, "Workers": []}]}]}, {"Node Type": "Hash", "Parent Relationship": "Inner", "Parallel Aware": false, "Async Capable": false, "Startup Cost": 6.28, "Total Cost": 6.28, "Plan Rows": 71, "Plan Width": 4, "Actual Rows": 71, "Actual Loops": 7, "Hash Buckets": 1024, "Original Hash Buckets": 1024, "Hash Batches": 1, "Original Hash Batches": 1, "Peak Memory Usage": 11, "Workers": [], "Plans": [{"Node Type": "Seq Scan", "Parent Relationship": "Outer", "Parallel Aware": false, "Async Capable": false, "Relation Name": "store", "Alias": "store", "Startup Cost": 0.0, "Total Cost": 6.28, "Plan Rows": 71, "Plan Width": 4, "Actual Rows": 71, "Actual Loops": 7, "Filter": "(s_gmt_offset = '-6'::numeric)", "Rows Removed by Filter": 31, "Workers": []}]}]}, {"Node Type": "Index Scan", "Parent Relationship": "Inner", "Parallel Aware": false, "Async Capable": false, "Scan Direction": "Forward", "Index Name": "customer_pkey", "Relation Name": "customer", "Alias": "customer", "Startup Cost": 0.42, "Total Cost": 0.44, "Plan Rows": 1, "Plan Width": 8, "Actual Rows": 1, "Actual Loops": 554540, "Index Cond": "(c_customer_sk = store_sales.ss_customer_sk)", "Rows Removed by Index Recheck": 0, "Workers": []}]}, {"Node Type": "Index Scan", "Parent Relationship": "Inner", "Parallel Aware": false, "Async Capable": false, "Scan Direction": "Forward", "Index Name": "customer_address_pkey", "Relation Name": "customer_address", "Alias": "customer_address", "Startup Cost": 0.42, "Total Cost": 0.49, "Plan Rows": 1, "Plan Width": 4, "Actual Rows": 0, "Actual Loops": 547738, "Index Cond": "(ca_address_sk = customer.c_current_addr_sk)", "Rows Removed by Index Recheck": 0, "Filter": "(ca_gmt_offset = '-6'::numeric)", "Rows Removed by Filter": 1, "Workers": []}]}, {"Node Type": "Index Scan", "Parent Relationship": "Inner", "Parallel Aware": false, "Async Capable": false, "Scan Direction": "Forward", "Index Name": "item_pkey", "Relation Name": "item", "Alias": "item", "Startup Cost": 0.29, "Total Cost": 0.31, "Plan Rows": 1, "Plan Width": 4, "Actual Rows": 0, "Actual Loops": 241432, "Index Cond": "(i_item_sk = store_sales.ss_item_sk)", "Rows Removed by Index Recheck": 0, "Filter": "(i_category = 'Electronics'::bpchar)", "Rows Removed by Filter": 1, "Workers": []}]}]}]}]}, "Planning Time": 3.687, "Triggers": [], "Execution Time": 1770.535}, {"Plan": {"Node Type": "Aggregate", "Strategy": "Plain", "Partial Mode": "Finalize", "Parallel Aware": false, "Async Capable": false, "Startup Cost": 605583.52, "Total Cost": 605583.53, "Plan Rows": 1, "Plan Width": 8, "Actual Rows": 1, "Actual Loops": 1, "Plans": [{"Node Type": "Gather", "Parent Relationship": "Outer", "Parallel Aware": false, "Async Capable": false, "Startup Cost": 605583.21, "Total Cost": 605583.52, "Plan Rows": 3, "Plan Width": 8, "Actual Rows": 4, "Actual Loops": 1, "Workers Planned": 3, "Workers Launched": 3, "Single Copy": false, "Plans": [{"Node Type": "Aggregate", "Strategy": "Plain", "Partial Mode": "Partial", "Parent Relationship": "Outer", "Parallel Aware": false, "Async Capable": false, "Startup Cost": 604583.21, "Total Cost": 604583.22, "Plan Rows": 1, "Plan Width": 8, "Actual Rows": 1, "Actual Loops": 4, "Workers": [], "Plans": [{"Node Type": "Hash Join", "Parent Relationship": "Outer", "Parallel Aware": true, "Async Capable": false, "Join Type": "Inner", "Startup Cost": 587927.38, "Total Cost": 604582.93, "Plan Rows": 112, "Plan Width": 0, "Actual Rows": 6147, "Actual Loops": 4, "Inner Unique": false, "Hash Cond": "(customer.c_customer_sk = store_sales.ss_customer_sk)", "Workers": [], "Plans": [{"Node Type": "Hash Join", "Parent Relationship": "Outer", "Parallel Aware": true, "Async Capable": false, "Join Type": "Inner", "Startup Cost": 7363.36, "Total Cost": 23663.66, "Plan Rows": 71012, "Plan Width": 4, "Actual Rows": 55184, "Actual Loops": 4, "Inner Unique": true, "Hash Cond": "(customer.c_current_addr_sk = customer_address.ca_address_sk)", "Workers": [], "Plans": [{"Node Type": "Seq Scan", "Parent Relationship": "Outer", "Parallel Aware": true, "Async Capable": false, "Relation Name": "customer", "Alias": "customer", "Startup Cost": 0.0, "Total Cost": 15876.9, "Plan Rows": 161290, "Plan Width": 8, "Actual Rows": 125000, "Actual Loops": 4, "Workers": []}, {"Node Type": "Hash", "Parent Relationship": "Inner", "Parallel Aware": true, "Async Capable": false, "Startup Cost": 6790.08, "Total Cost": 6790.08, "Plan Rows": 45862, "Plan Width": 4, "Actual Rows": 27618, "Actual Loops": 4, "Hash Buckets": 131072, "Original Hash Buckets": 131072, "Hash Batches": 1, "Original Hash Batches": 1, "Peak Memory Usage": 5408, "Workers": [], "Plans": [{"Node Type": "Seq Scan", "Parent Relationship": "Outer", "Parallel Aware": true, "Async Capable": false, "Relation Name": "customer_address", "Alias": "customer_address", "Startup Cost": 0.0, "Total Cost": 6790.08, "Plan Rows": 45862, "Plan Width": 4, "Actual Rows": 27618, "Actual Loops": 4, "Filter": "(ca_gmt_offset = '-6'::numeric)", "Rows Removed by Filter": 34882, "Workers": []}]}]}, {"Node Type": "Hash", "Parent Relationship": "Inner", "Parallel Aware": true, "Async Capable": false, "Startup Cost": 580562.29, "Total Cost": 580562.29, "Plan Rows": 138, "Plan Width": 4, "Actual Rows": 13964, "Actual Loops": 4, "Hash Buckets": 65536, "Original Hash Buckets": 1024, "Hash Batches": 1, "Original Hash Batches": 1, "Peak Memory Usage": 3256, "Workers": [], "Plans": [{"Node Type": "Nested Loop", "Parent Relationship": "Outer", "Parallel Aware": false, "Async Capable": false, "Join Type": "Inner", "Startup Cost": 2076.23, "Total Cost": 580562.29, "Plan Rows": 138, "Plan Width": 4, "Actual Rows": 13964, "Actual Loops": 4, "Inner Unique": true, "Workers": [], "Plans": [{"Node Type": "Hash Join", "Parent Relationship": "Outer", "Parallel Aware": false, "Async Capable": false, "Join Type": "Inner", "Startup Cost": 2075.94, "Total Cost": 580132.15, "Plan Rows": 1372, "Plan Width": 8, "Actual Rows": 138635, "Actual Loops": 4, "Inner Unique": true, "Hash Cond": "(store_sales.ss_store_sk = store.s_store_sk)", "Workers": [], "Plans": [{"Node Type": "Hash Join", "Parent Relationship": "Outer", "Parallel Aware": true, "Async Capable": false, "Join Type": "Inner", "Startup Cost": 2068.78, "Total Cost": 580119.61, "Plan Rows": 1971, "Plan Width": 12, "Actual Rows": 219526, "Actual Loops": 4, "Inner Unique": true, "Hash Cond": "(store_sales.ss_sold_date_sk = date_dim.d_date_sk)", "Workers": [], "Plans": [{"Node Type": "Seq Scan", "Parent Relationship": "Outer", "Parallel Aware": true, "Async Capable": false, "Relation Name": "store_sales", "Alias": "store_sales", "Startup Cost": 0.0, "Total Cost": 565449.69, "Plan Rows": 4800169, "Plan Width": 16, "Actual Rows": 7200248, "Actual Loops": 4, "Workers": []}, {"Node Type": "Hash", "Parent Relationship": "Inner", "Parallel Aware": true, "Async Capable": false, "Startup Cost": 2068.55, "Total Cost": 2068.55, "Plan Rows": 18, "Plan Width": 4, "Actual Rows": 8, "Actual Loops": 4, "Hash Buckets": 1024, "Original Hash Buckets": 1024, "Hash Batches": 1, "Original Hash Batches": 1, "Peak Memory Usage": 40, "Workers": [], "Plans": [{"Node Type": "Seq Scan", "Parent Relationship": "Outer", "Parallel Aware": true, "Async Capable": false, "Relation Name": "date_dim", "Alias": "date_dim", "Startup Cost": 0.0, "Total Cost": 2068.55, "Plan Rows": 18, "Plan Width": 4, "Actual Rows": 8, "Actual Loops": 4, "Filter": "((d_year = 2001) AND (d_moy = 11))", "Rows Removed by Filter": 18255, "Workers": []}]}]}, {"Node Type": "Hash", "Parent Relationship": "Inner", "Parallel Aware": false, "Async Capable": false, "Startup Cost": 6.28, "Total Cost": 6.28, "Plan Rows": 71, "Plan Width": 4, "Actual Rows": 71, "Actual Loops": 4, "Hash Buckets": 1024, "Original Hash Buckets": 1024, "Hash Batches": 1, "Original Hash Batches": 1, "Peak Memory Usage": 11, "Workers": [], "Plans": [{"Node Type": "Seq Scan", "Parent Relationship": "Outer", "Parallel Aware": false, "Async Capable": false, "Relation Name": "store", "Alias": "store", "Startup Cost": 0.0, "Total Cost": 6.28, "Plan Rows": 71, "Plan Width": 4, "Actual Rows": 71, "Actual Loops": 4, "Filter": "(s_gmt_offset = '-6'::numeric)", "Rows Removed by Filter": 31, "Workers": []}]}]}, {"Node Type": "Index Scan", "Parent Relationship": "Inner", "Parallel Aware": false, "Async Capable": false, "Scan Direction": "Forward", "Index Name": "item_pkey", "Relation Name": "item", "Alias": "item", "Startup Cost": 0.29, "Total Cost": 0.31, "Plan Rows": 1, "Plan Width": 4, "Actual Rows": 0, "Actual Loops": 554540, "Index Cond": "(i_item_sk = store_sales.ss_item_sk)", "Rows Removed by Index Recheck": 0, "Filter": "(i_category = 'Electronics'::bpchar)", "Rows Removed by Filter": 1, "Workers": []}]}]}]}]}]}]}, "Planning Time": 3.865, "Triggers": [], "Execution Time": 4819.807}, {"Plan": {"Node Type": "Aggregate", "Strategy": "Plain", "Partial Mode": "Finalize", "Parallel Aware": false, "Async Capable": false, "Startup Cost": 616686.58, "Total Cost": 616686.59, "Plan Rows": 1, "Plan Width": 8, "Actual Rows": 1, "Actual Loops": 1, "Plans": [{"Node Type": "Gather", "Parent Relationship": "Outer", "Parallel Aware": false, "Async Capable": false, "Startup Cost": 616685.96, "Total Cost": 616686.57, "Plan Rows": 6, "Plan Width": 8, "Actual Rows": 7, "Actual Loops": 1, "Workers Planned": 6, "Workers Launched": 6, "Single Copy": false, "Plans": [{"Node Type": "Aggregate", "Strategy": "Plain", "Partial Mode": "Partial", "Parent Relationship": "Outer", "Parallel Aware": false, "Async Capable": false, "Startup Cost": 615685.96, "Total Cost": 615685.97, "Plan Rows": 1, "Plan Width": 8, "Actual Rows": 1, "Actual Loops": 7, "Workers": [], "Plans": [{"Node Type": "Hash Join", "Parent Relationship": "Outer", "Parallel Aware": true, "Async Capable": false, "Join Type": "Inner", "Startup Cost": 34255.73, "Total Cost": 615685.81, "Plan Rows": 58, "Plan Width": 0, "Actual Rows": 3513, "Actual Loops": 7, "Inner Unique": true, "Hash Cond": "(store_sales.ss_sold_date_sk = date_dim.d_date_sk)", "Workers": [], "Plans": [{"Node Type": "Hash Join", "Parent Relationship": "Outer", "Parallel Aware": false, "Async Capable": false, "Join Type": "Inner", "Startup Cost": 32186.96, "Total Cost": 613247.11, "Plan Rows": 140917, "Plan Width": 4, "Actual Rows": 110018, "Actual Loops": 7, "Inner Unique": true, "Hash Cond": "(store_sales.ss_store_sk = store.s_store_sk)", "Workers": [], "Plans": [{"Node Type": "Hash Join", "Parent Relationship": "Outer", "Parallel Aware": true, "Async Capable": false, "Join Type": "Inner", "Startup Cost": 32179.8, "Total Cost": 612687.45, "Plan Rows": 202444, "Plan Width": 8, "Actual Rows": 174317, "Actual Loops": 7, "Inner Unique": false, "Hash Cond": "(store_sales.ss_customer_sk = customer.c_customer_sk)", "Workers": [], "Plans": [{"Node Type": "Hash Join", "Parent Relationship": "Outer", "Parallel Aware": true, "Async Capable": false, "Join Type": "Inner", "Startup Cost": 7628.49, "Total Cost": 585679.14, "Plan Rows": 481052, "Plan Width": 12, "Actual Rows": 413462, "Actual Loops": 7, "Inner Unique": true, "Hash Cond": "(store_sales.ss_item_sk = item.i_item_sk)", "Workers": [], "Plans": [{"Node Type": "Seq Scan", "Parent Relationship": "Outer", "Parallel Aware": true, "Async Capable": false, "Relation Name": "store_sales", "Alias": "store_sales", "Startup Cost": 0.0, "Total Cost": 565449.69, "Plan Rows": 4800169, "Plan Width": 16, "Actual Rows": 4114427, "Actual Loops": 7, "Workers": []}, {"Node Type": "Hash", "Parent Relationship": "Inner", "Parallel Aware": true, "Async Capable": false, "Startup Cost": 7575.25, "Total Cost": 7575.25, "Plan Rows": 4259, "Plan Width": 4, "Actual Rows": 1460, "Actual Loops": 7, "Hash Buckets": 16384, "Original Hash Buckets": 16384, "Hash Batches": 1, "Original Hash Batches": 1, "Peak Memory Usage": 608, "Workers": [], "Plans": [{"Node Type": "Seq Scan", "Parent Relationship": "Outer", "Parallel Aware": true, "Async Capable": false, "Relation Name": "item", "Alias": "item", "Startup Cost": 0.0, "Total Cost": 7575.25, "Plan Rows": 4259, "Plan Width": 4, "Actual Rows": 1460, "Actual Loops": 7, "Filter": "(i_category = 'Electronics'::bpchar)", "Rows Removed by Filter": 13111, "Workers": []}]}]}, {"Node Type": "Hash", "Parent Relationship": "Inner", "Parallel Aware": true, "Async Capable": false, "Startup Cost": 23663.66, "Total Cost": 23663.66, "Plan Rows": 71012, "Plan Width": 4, "Actual Rows": 31534, "Actual Loops": 7, "Hash Buckets": 262144, "Original Hash Buckets": 262144, "Hash Batches": 1, "Original Hash Batches": 1, "Peak Memory Usage": 10784, "Workers": [], "Plans": [{"Node Type": "Hash Join", "Parent Relationship": "Outer", "Parallel Aware": true, "Async Capable": false, "Join Type": "Inner", "Startup Cost": 7363.36, "Total Cost": 23663.66, "Plan Rows": 71012, "Plan Width": 4, "Actual Rows": 31534, "Actual Loops": 7, "Inner Unique": true, "Hash Cond": "(customer.c_current_addr_sk = customer_address.ca_address_sk)", "Workers": [], "Plans": [{"Node Type": "Seq Scan", "Parent Relationship": "Outer", "Parallel Aware": true, "Async Capable": false, "Relation Name": "customer", "Alias": "customer", "Startup Cost": 0.0, "Total Cost": 15876.9, "Plan Rows": 161290, "Plan Width": 8, "Actual Rows": 71429, "Actual Loops": 7, "Workers": []}, {"Node Type": "Hash", "Parent Relationship": "Inner", "Parallel Aware": true, "Async Capable": false, "Startup Cost": 6790.08, "Total Cost": 6790.08, "Plan Rows": 45862, "Plan Width": 4, "Actual Rows": 15782, "Actual Loops": 7, "Hash Buckets": 131072, "Original Hash Buckets": 131072, "Hash Batches": 1, "Original Hash Batches": 1, "Peak Memory Usage": 5504, "Workers": [], "Plans": [{"Node Type": "Seq Scan", "Parent Relationship": "Outer", "Parallel Aware": true, "Async Capable": false, "Relation Name": "customer_address", "Alias": "customer_address", "Startup Cost": 0.0, "Total Cost": 6790.08, "Plan Rows": 45862, "Plan Width": 4, "Actual Rows": 15782, "Actual Loops": 7, "Filter": "(ca_gmt_offset = '-6'::numeric)", "Rows Removed by Filter": 19933, "Workers": []}]}]}]}]}, {"Node Type": "Hash", "Parent Relationship": "Inner", "Parallel Aware": false, "Async Capable": false, "Startup Cost": 6.28, "Total Cost": 6.28, "Plan Rows": 71, "Plan Width": 4, "Actual Rows": 71, "Actual Loops": 7, "Hash Buckets": 1024, "Original Hash Buckets": 1024, "Hash Batches": 1, "Original Hash Batches": 1, "Peak Memory Usage": 11, "Workers": [], "Plans": [{"Node Type": "Seq Scan", "Parent Relationship": "Outer", "Parallel Aware": false, "Async Capable": false, "Relation Name": "store", "Alias": "store", "Startup Cost": 0.0, "Total Cost": 6.28, "Plan Rows": 71, "Plan Width": 4, "Actual Rows": 71, "Actual Loops": 7, "Filter": "(s_gmt_offset = '-6'::numeric)", "Rows Removed by Filter": 31, "Workers": []}]}]}, {"Node Type": "Hash", "Parent Relationship": "Inner", "Parallel Aware": true, "Async Capable": false, "Startup Cost": 2068.55, "Total Cost": 2068.55, "Plan Rows": 18, "Plan Width": 4, "Actual Rows": 4, "Actual Loops": 7, "Hash Buckets": 1024, "Original Hash Buckets": 1024, "Hash Batches": 1, "Original Hash Batches": 1, "Peak Memory Usage": 40, "Workers": [], "Plans": [{"Node Type": "Seq Scan", "Parent Relationship": "Outer", "Parallel Aware": true, "Async Capable": false, "Relation Name": "date_dim", "Alias": "date_dim", "Startup Cost": 0.0, "Total Cost": 2068.55, "Plan Rows": 18, "Plan Width": 4, "Actual Rows": 4, "Actual Loops": 7, "Filter": "((d_year = 2001) AND (d_moy = 11))", "Rows Removed by Filter": 10431, "Workers": []}]}]}]}]}]}, "Planning Time": 3.399, "Triggers": [], "Execution Time": 1912.76}, {"Plan": {"Node Type": "Aggregate", "Strategy": "Plain", "Partial Mode": "Simple", "Parallel Aware": false, "Async Capable": false, "Startup Cost": 2232878.88, "Total Cost": 2232878.89, "Plan Rows": 1, "Plan Width": 8, "Plans": [{"Node Type": "Hash Join", "Parent Relationship": "Outer", "Parallel Aware": false, "Async Capable": false, "Join Type": "Inner", "Startup Cost": 29840.65, "Total Cost": 2232878.02, "Plan Rows": 347, "Plan Width": 0, "Inner Unique": true, "Hash Cond": "((store_sales.ss_customer_sk = customer.c_customer_sk) AND (customer_address.ca_address_sk = customer.c_current_addr_sk))", "Plans": [{"Node Type": "Nested Loop", "Parent Relationship": "Outer", "Parallel Aware": false, "Async Capable": false, "Join Type": "Inner", "Startup Cost": 3076.65, "Total Cost": 1729338.22, "Plan Rows": 90814437, "Plan Width": 8, "Inner Unique": false, "Plans": [{"Node Type": "Index Scan", "Parent Relationship": "Outer", "Parallel Aware": false, "Async Capable": false, "Scan Direction": "Forward", "Index Name": "customer_address_pkey", "Relation Name": "customer_address", "Alias": "customer_address", "Startup Cost": 0.42, "Total Cost": 12615.12, "Plan Rows": 110068, "Plan Width": 4, "Filter": "(ca_gmt_offset = '-6'::numeric)"}, {"Node Type": "Materialize", "Parent Relationship": "Inner", "Parallel Aware": false, "Async Capable": false, "Startup Cost": 3076.23, "Total Cost": 581648.92, "Plan Rows": 825, "Plan Width": 4, "Plans": [{"Node Type": "Gather", "Parent Relationship": "Outer", "Parallel Aware": false, "Async Capable": false, "Startup Cost": 3076.23, "Total Cost": 581644.79, "Plan Rows": 825, "Plan Width": 4, "Workers Planned": 6, "Single Copy": false, "Plans": [{"Node Type": "Nested Loop", "Parent Relationship": "Outer", "Parallel Aware": false, "Async Capable": false, "Join Type": "Inner", "Startup Cost": 2076.23, "Total Cost": 580562.29, "Plan Rows": 138, "Plan Width": 4, "Inner Unique": true, "Plans": [{"Node Type": "Hash Join", "Parent Relationship": "Outer", "Parallel Aware": false, "Async Capable": false, "Join Type": "Inner", "Startup Cost": 2075.94, "Total Cost": 580132.15, "Plan Rows": 1372, "Plan Width": 8, "Inner Unique": true, "Hash Cond": "(store_sales.ss_store_sk = store.s_store_sk)", "Plans": [{"Node Type": "Hash Join", "Parent Relationship": "Outer", "Parallel Aware": true, "Async Capable": false, "Join Type": "Inner", "Startup Cost": 2068.78, "Total Cost": 580119.61, "Plan Rows": 1971, "Plan Width": 12, "Inner Unique": true, "Hash Cond": "(store_sales.ss_sold_date_sk = date_dim.d_date_sk)", "Plans": [{"Node Type": "Seq Scan", "Parent Relationship": "Outer", "Parallel Aware": true, "Async Capable": false, "Relation Name": "store_sales", "Alias": "store_sales", "Startup Cost": 0.0, "Total Cost": 565449.69, "Plan Rows": 4800169, "Plan Width": 16}, {"Node Type": "Hash", "Parent Relationship": "Inner", "Parallel Aware": true, "Async Capable": false, "Startup Cost": 2068.55, "Total Cost": 2068.55, "Plan Rows": 18, "Plan Width": 4, "Plans": [{"Node Type": "Seq Scan", "Parent Relationship": "Outer", "Parallel Aware": true, "Async Capable": false, "Relation Name": "date_dim", "Alias": "date_dim", "Startup Cost": 0.0, "Total Cost": 2068.55, "Plan Rows": 18, "Plan Width": 4, "Filter": "((d_year = 2001) AND (d_moy = 11))"}]}]}, {"Node Type": "Hash", "Parent Relationship": "Inner", "Parallel Aware": false, "Async Capable": false, "Startup Cost": 6.28, "Total Cost": 6.28, "Plan Rows": 71, "Plan Width": 4, "Plans": [{"Node Type": "Seq Scan", "Parent Relationship": "Outer", "Parallel Aware": false, "Async Capable": false, "Relation Name": "store", "Alias": "store", "Startup Cost": 0.0, "Total Cost": 6.28, "Plan Rows": 71, "Plan Width": 4, "Filter": "(s_gmt_offset = '-6'::numeric)"}]}]}, {"Node Type": "Index Scan", "Parent Relationship": "Inner", "Parallel Aware": false, "Async Capable": false, "Scan Direction": "Forward", "Index Name": "item_pkey", "Relation Name": "item", "Alias": "item", "Startup Cost": 0.29, "Total Cost": 0.31, "Plan Rows": 1, "Plan Width": 4, "Index Cond": "(i_item_sk = store_sales.ss_item_sk)", "Filter": "(i_category = 'Electronics'::bpchar)"}]}]}]}]}, {"Node Type": "Hash", "Parent Relationship": "Inner", "Parallel Aware": false, "Async Capable": false, "Startup Cost": 19264.0, "Total Cost": 19264.0, "Plan Rows": 500000, "Plan Width": 8, "Plans": [{"Node Type": "Seq Scan", "Parent Relationship": "Outer", "Parallel Aware": false, "Async Capable": false, "Relation Name": "customer", "Alias": "customer", "Startup Cost": 0.0, "Total Cost": 19264.0, "Plan Rows": 500000, "Plan Width": 8}]}]}]}}, {"Plan": {"Node Type": "Aggregate", "Strategy": "Plain", "Partial Mode": "Simple", "Parallel Aware": false, "Async Capable": false, "Startup Cost": 582507.33, "Total Cost": 582507.34, "Plan Rows": 1, "Plan Width": 8, "Actual Rows": 1, "Actual Loops": 1, "Plans": [{"Node Type": "Nested Loop", "Parent Relationship": "Outer", "Parallel Aware": false, "Async Capable": false, "Join Type": "Inner", "Startup Cost": 3069.91, "Total Cost": 582506.46, "Plan Rows": 347, "Plan Width": 0, "Actual Rows": 24588, "Actual Loops": 1, "Inner Unique": false, "Join Filter": "(store.s_store_sk = store_sales.ss_store_sk)", "Rows Removed by Join Filter": 2705717, "Plans": [{"Node Type": "Seq Scan", "Parent Relationship": "Outer", "Parallel Aware": false, "Async Capable": false, "Relation Name": "store", "Alias": "store", "Startup Cost": 0.0, "Total Cost": 6.28, "Plan Rows": 71, "Plan Width": 4, "Actual Rows": 71, "Actual Loops": 1, "Filter": "(s_gmt_offset = '-6'::numeric)", "Rows Removed by Filter": 31}, {"Node Type": "Materialize", "Parent Relationship": "Inner", "Parallel Aware": false, "Async Capable": false, "Startup Cost": 3069.91, "Total Cost": 581970.0, "Plan Rows": 499, "Plan Width": 4, "Actual Rows": 38455, "Actual Loops": 71, "Plans": [{"Node Type": "Gather", "Parent Relationship": "Outer", "Parallel Aware": false, "Async Capable": false, "Startup Cost": 3069.91, "Total Cost": 581967.51, "Plan Rows": 499, "Plan Width": 4, "Actual Rows": 38455, "Actual Loops": 1, "Workers Planned": 6, "Workers Launched": 6, "Single Copy": false, "Plans": [{"Node Type": "Nested Loop", "Parent Relationship": "Outer", "Parallel Aware": false, "Async Capable": false, "Join Type": "Inner", "Startup Cost": 2069.91, "Total Cost": 580917.61, "Plan Rows": 83, "Plan Width": 4, "Actual Rows": 5494, "Actual Loops": 7, "Inner Unique": true, "Workers": [], "Plans": [{"Node Type": "Nested Loop", "Parent Relationship": "Outer", "Parallel Aware": false, "Async Capable": false, "Join Type": "Inner", "Startup Cost": 2069.49, "Total Cost": 580825.11, "Plan Rows": 189, "Plan Width": 8, "Actual Rows": 12332, "Actual Loops": 7, "Inner Unique": true, "Workers": [], "Plans": [{"Node Type": "Nested Loop", "Parent Relationship": "Outer", "Parallel Aware": false, "Async Capable": false, "Join Type": "Inner", "Startup Cost": 2069.07, "Total Cost": 580737.55, "Plan Rows": 198, "Plan Width": 8, "Actual Rows": 12634, "Actual Loops": 7, "Inner Unique": true, "Workers": [], "Plans": [{"Node Type": "Hash Join", "Parent Relationship": "Outer", "Parallel Aware": true, "Async Capable": false, "Join Type": "Inner", "Startup Cost": 2068.78, "Total Cost": 580119.61, "Plan Rows": 1971, "Plan Width": 12, "Actual Rows": 125444, "Actual Loops": 7, "Inner Unique": true, "Hash Cond": "(store_sales.ss_sold_date_sk = date_dim.d_date_sk)", "Workers": [], "Plans": [{"Node Type": "Seq Scan", "Parent Relationship": "Outer", "Parallel Aware": true, "Async Capable": false, "Relation Name": "store_sales", "Alias": "store_sales", "Startup Cost": 0.0, "Total Cost": 565449.69, "Plan Rows": 4800169, "Plan Width": 16, "Actual Rows": 4114427, "Actual Loops": 7, "Workers": []}, {"Node Type": "Hash", "Parent Relationship": "Inner", "Parallel Aware": true, "Async Capable": false, "Startup Cost": 2068.55, "Total Cost": 2068.55, "Plan Rows": 18, "Plan Width": 4, "Actual Rows": 4, "Actual Loops": 7, "Hash Buckets": 1024, "Original Hash Buckets": 1024, "Hash Batches": 1, "Original Hash Batches": 1, "Peak Memory Usage": 40, "Workers": [], "Plans": [{"Node Type": "Seq Scan", "Parent Relationship": "Outer", "Parallel Aware": true, "Async Capable": false, "Relation Name": "date_dim", "Alias": "date_dim", "Startup Cost": 0.0, "Total Cost": 2068.55, "Plan Rows": 18, "Plan Width": 4, "Actual Rows": 4, "Actual Loops": 7, "Filter": "((d_year = 2001) AND (d_moy = 11))", "Rows Removed by Filter": 10431, "Workers": []}]}]}, {"Node Type": "Index Scan", "Parent Relationship": "Inner", "Parallel Aware": false, "Async Capable": false, "Scan Direction": "Forward", "Index Name": "item_pkey", "Relation Name": "item", "Alias": "item", "Startup Cost": 0.29, "Total Cost": 0.31, "Plan Rows": 1, "Plan Width": 4, "Actual Rows": 0, "Actual Loops": 878106, "Index Cond": "(i_item_sk = store_sales.ss_item_sk)", "Rows Removed by Index Recheck": 0, "Filter": "(i_category = 'Electronics'::bpchar)", "Rows Removed by Filter": 1, "Workers": []}]}, {"Node Type": "Index Scan", "Parent Relationship": "Inner", "Parallel Aware": false, "Async Capable": false, "Scan Direction": "Forward", "Index Name": "customer_pkey", "Relation Name": "customer", "Alias": "customer", "Startup Cost": 0.42, "Total Cost": 0.44, "Plan Rows": 1, "Plan Width": 8, "Actual Rows": 1, "Actual Loops": 88437, "Index Cond": "(c_customer_sk = store_sales.ss_customer_sk)", "Rows Removed by Index Recheck": 0, "Workers": []}]}, {"Node Type": "Index Scan", "Parent Relationship": "Inner", "Parallel Aware": false, "Async Capable": false, "Scan Direction": "Forward", "Index Name": "customer_address_pkey", "Relation Name": "customer_address", "Alias": "customer_address", "Startup Cost": 0.42, "Total Cost": 0.49, "Plan Rows": 1, "Plan Width": 4, "Actual Rows": 0, "Actual Loops": 86327, "Index Cond": "(ca_address_sk = customer.c_current_addr_sk)", "Rows Removed by Index Recheck": 0, "Filter": "(ca_gmt_offset = '-6'::numeric)", "Rows Removed by Filter": 1, "Workers": []}]}]}]}]}]}, "Planning Time": 2.568, "Triggers": [], "Execution Time": 2336.626}, {"Plan": {"Node Type": "Aggregate", "Strategy": "Plain", "Partial Mode": "Finalize", "Parallel Aware": false, "Async Capable": false, "Startup Cost": 1164814.39, "Total Cost": 1164814.4, "Plan Rows": 1, "Plan Width": 8, "Plans": [{"Node Type": "Gather", "Parent Relationship": "Outer", "Parallel Aware": false, "Async Capable": false, "Startup Cost": 1164813.76, "Total Cost": 1164814.37, "Plan Rows": 6, "Plan Width": 8, "Workers Planned": 6, "Single Copy": false, "Plans": [{"Node Type": "Aggregate", "Strategy": "Plain", "Partial Mode": "Partial", "Parent Relationship": "Outer", "Parallel Aware": false, "Async Capable": false, "Startup Cost": 1163813.76, "Total Cost": 1163813.77, "Plan Rows": 1, "Plan Width": 8, "Plans": [{"Node Type": "Hash Join", "Parent Relationship": "Outer", "Parallel Aware": false, "Async Capable": false, "Join Type": "Inner", "Startup Cost": 524072.25, "Total Cost": 1163813.62, "Plan Rows": 58, "Plan Width": 0, "Inner Unique": false, "Hash Cond": "((store_sales.ss_store_sk = store.s_store_sk) AND (store_sales.ss_customer_sk = customer.c_customer_sk))", "Plans": [{"Node Type": "Nested Loop", "Parent Relationship": "Outer", "Parallel Aware": false, "Async Capable": false, "Join Type": "Inner", "Startup Cost": 2069.07, "Total Cost": 580737.55, "Plan Rows": 198, "Plan Width": 8, "Inner Unique": true, "Plans": [{"Node Type": "Hash Join", "Parent Relationship": "Outer", "Parallel Aware": true, "Async Capable": false, "Join Type": "Inner", "Startup Cost": 2068.78, "Total Cost": 580119.61, "Plan Rows": 1971, "Plan Width": 12, "Inner Unique": true, "Hash Cond": "(store_sales.ss_sold_date_sk = date_dim.d_date_sk)", "Plans": [{"Node Type": "Seq Scan", "Parent Relationship": "Outer", "Parallel Aware": true, "Async Capable": false, "Relation Name": "store_sales", "Alias": "store_sales", "Startup Cost": 0.0, "Total Cost": 565449.69, "Plan Rows": 4800169, "Plan Width": 16}, {"Node Type": "Hash", "Parent Relationship": "Inner", "Parallel Aware": true, "Async Capable": false, "Startup Cost": 2068.55, "Total Cost": 2068.55, "Plan Rows": 18, "Plan Width": 4, "Plans": [{"Node Type": "Seq Scan", "Parent Relationship": "Outer", "Parallel Aware": true, "Async Capable": false, "Relation Name": "date_dim", "Alias": "date_dim", "Startup Cost": 0.0, "Total Cost": 2068.55, "Plan Rows": 18, "Plan Width": 4, "Filter": "((d_year = 2001) AND (d_moy = 11))"}]}]}, {"Node Type": "Index Scan", "Parent Relationship": "Inner", "Parallel Aware": false, "Async Capable": false, "Scan Direction": "Forward", "Index Name": "item_pkey", "Relation Name": "item", "Alias": "item", "Startup Cost": 0.29, "Total Cost": 0.31, "Plan Rows": 1, "Plan Width": 4, "Index Cond": "(i_item_sk = store_sales.ss_item_sk)", "Filter": "(i_category = 'Electronics'::bpchar)"}]}, {"Node Type": "Hash", "Parent Relationship": "Inner", "Parallel Aware": false, "Async Capable": false, "Startup Cost": 226504.34, "Total Cost": 226504.34, "Plan Rows": 15629656, "Plan Width": 8, "Plans": [{"Node Type": "Nested Loop", "Parent Relationship": "Outer", "Parallel Aware": false, "Async Capable": false, "Join Type": "Inner", "Startup Cost": 9988.99, "Total Cost": 226504.34, "Plan Rows": 15629656, "Plan Width": 8, "Inner Unique": false, "Plans": [{"Node Type": "Index Scan", "Parent Relationship": "Outer", "Parallel Aware": false, "Async Capable": false, "Scan Direction": "Forward", "Index Name": "store_pkey", "Relation Name": "store", "Alias": "store", "Startup Cost": 0.14, "Total Cost": 17.93, "Plan Rows": 71, "Plan Width": 4, "Filter": "(s_gmt_offset = '-6'::numeric)"}, {"Node Type": "Materialize", "Parent Relationship": "Inner", "Parallel Aware": false, "Async Capable": false, "Startup Cost": 9988.85, "Total Cost": 31666.05, "Plan Rows": 220136, "Plan Width": 4, "Plans": [{"Node Type": "Hash Join", "Parent Relationship": "Outer", "Parallel Aware": false, "Async Capable": false, "Join Type": "Inner", "Startup Cost": 9988.85, "Total Cost": 30565.37, "Plan Rows": 220136, "Plan Width": 4, "Inner Unique": true, "Hash Cond": "(customer.c_current_addr_sk = customer_address.ca_address_sk)", "Plans": [{"Node Type": "Seq Scan", "Parent Relationship": "Outer", "Parallel Aware": false, "Async Capable": false, "Relation Name": "customer", "Alias": "customer", "Startup Cost": 0.0, "Total Cost": 19264.0, "Plan Rows": 500000, "Plan Width": 8}, {"Node Type": "Hash", "Parent Relationship": "Inner", "Parallel Aware": false, "Async Capable": false, "Startup Cost": 8613.0, "Total Cost": 8613.0, "Plan Rows": 110068, "Plan Width": 4, "Plans": [{"Node Type": "Seq Scan", "Parent Relationship": "Outer", "Parallel Aware": false, "Async Capable": false, "Relation Name": "customer_address", "Alias": "customer_address", "Startup Cost": 0.0, "Total Cost": 8613.0, "Plan Rows": 110068, "Plan Width": 4, "Filter": "(ca_gmt_offset = '-6'::numeric)"}]}]}]}]}]}]}]}]}]}}, {"Plan": {"Node Type": "Aggregate", "Strategy": "Plain", "Partial Mode": "Simple", "Parallel Aware": false, "Async Capable": false, "Startup Cost": 712460.54, "Total Cost": 712460.55, "Plan Rows": 1, "Plan Width": 8, "Actual Rows": 1, "Actual Loops": 1, "Plans": [{"Node Type": "Merge Join", "Parent Relationship": "Outer", "Parallel Aware": false, "Async Capable": false, "Join Type": "Inner", "Startup Cost": 581996.31, "Total Cost": 712459.67, "Plan Rows": 347, "Plan Width": 0, "Actual Rows": 24588, "Actual Loops": 1, "Inner Unique": false, "Merge Cond": "(customer_address.ca_address_sk = customer.c_current_addr_sk)", "Join Filter": "(store.s_store_sk = store_sales.ss_store_sk)", "Rows Removed by Join Filter": 2705717, "Plans": [{"Node Type": "Nested Loop", "Parent Relationship": "Outer", "Parallel Aware": false, "Async Capable": false, "Join Type": "Inner", "Startup Cost": 0.42, "Total Cost": 110306.92, "Plan Rows": 7814828, "Plan Width": 8, "Actual Rows": 7843441, "Actual Loops": 1, "Inner Unique": false, "Plans": [{"Node Type": "Index Scan", "Parent Relationship": "Outer", "Parallel Aware": false, "Async Capable": false, "Scan Direction": "Forward", "Index Name": "customer_address_pkey", "Relation Name": "customer_address", "Alias": "customer_address", "Startup Cost": 0.42, "Total Cost": 12615.12, "Plan Rows": 110068, "Plan Width": 4, "Actual Rows": 110471, "Actual Loops": 1, "Filter": "(ca_gmt_offset = '-6'::numeric)", "Rows Removed by Filter": 139529}, {"Node Type": "Materialize", "Parent Relationship": "Inner", "Parallel Aware": false, "Async Capable": false, "Startup Cost": 0.0, "Total Cost": 6.63, "Plan Rows": 71, "Plan Width": 4, "Actual Rows": 71, "Actual Loops": 110471, "Plans": [{"Node Type": "Seq Scan", "Parent Relationship": "Outer", "Parallel Aware": false, "Async Capable": false, "Relation Name": "store", "Alias": "store", "Startup Cost": 0.0, "Total Cost": 6.28, "Plan Rows": 71, "Plan Width": 4, "Actual Rows": 71, "Actual Loops": 1, "Filter": "(s_gmt_offset = '-6'::numeric)", "Rows Removed by Filter": 31}]}]}, {"Node Type": "Sort", "Parent Relationship": "Inner", "Parallel Aware": false, "Async Capable": false, "Startup Cost": 581995.89, "Total Cost": 581998.72, "Plan Rows": 1133, "Plan Width": 8, "Actual Rows": 2778174, "Actual Loops": 1, "Sort Key": ["customer.c_current_addr_sk"], "Sort Method": "quicksort", "Sort Space Used": 5770, "Sort Space Type": "Memory", "Plans": [{"Node Type": "Gather", "Parent Relationship": "Outer", "Parallel Aware": false, "Async Capable": false, "Startup Cost": 3069.49, "Total Cost": 581938.41, "Plan Rows": 1133, "Plan Width": 8, "Actual Rows": 86327, "Actual Loops": 1, "Workers Planned": 6, "Workers Launched": 6, "Single Copy": false, "Plans": [{"Node Type": "Nested Loop", "Parent Relationship": "Outer", "Parallel Aware": false, "Async Capable": false, "Join Type": "Inner", "Startup Cost": 2069.49, "Total Cost": 580825.11, "Plan Rows": 189, "Plan Width": 8, "Actual Rows": 12332, "Actual Loops": 7, "Inner Unique": true, "Workers": [], "Plans": [{"Node Type": "Nested Loop", "Parent Relationship": "Outer", "Parallel Aware": false, "Async Capable": false, "Join Type": "Inner", "Startup Cost": 2069.07, "Total Cost": 580737.55, "Plan Rows": 198, "Plan Width": 8, "Actual Rows": 12634, "Actual Loops": 7, "Inner Unique": true, "Workers": [], "Plans": [{"Node Type": "Hash Join", "Parent Relationship": "Outer", "Parallel Aware": true, "Async Capable": false, "Join Type": "Inner", "Startup Cost": 2068.78, "Total Cost": 580119.61, "Plan Rows": 1971, "Plan Width": 12, "Actual Rows": 125444, "Actual Loops": 7, "Inner Unique": true, "Hash Cond": "(store_sales.ss_sold_date_sk = date_dim.d_date_sk)", "Workers": [], "Plans": [{"Node Type": "Seq Scan", "Parent Relationship": "Outer", "Parallel Aware": true, "Async Capable": false, "Relation Name": "store_sales", "Alias": "store_sales", "Startup Cost": 0.0, "Total Cost": 565449.69, "Plan Rows": 4800169, "Plan Width": 16, "Actual Rows": 4114427, "Actual Loops": 7, "Workers": []}, {"Node Type": "Hash", "Parent Relationship": "Inner", "Parallel Aware": true, "Async Capable": false, "Startup Cost": 2068.55, "Total Cost": 2068.55, "Plan Rows": 18, "Plan Width": 4, "Actual Rows": 4, "Actual Loops": 7, "Hash Buckets": 1024, "Original Hash Buckets": 1024, "Hash Batches": 1, "Original Hash Batches": 1, "Peak Memory Usage": 40, "Workers": [], "Plans": [{"Node Type": "Seq Scan", "Parent Relationship": "Outer", "Parallel Aware": true, "Async Capable": false, "Relation Name": "date_dim", "Alias": "date_dim", "Startup Cost": 0.0, "Total Cost": 2068.55, "Plan Rows": 18, "Plan Width": 4, "Actual Rows": 4, "Actual Loops": 7, "Filter": "((d_year = 2001) AND (d_moy = 11))", "Rows Removed by Filter": 10431, "Workers": []}]}]}, {"Node Type": "Index Scan", "Parent Relationship": "Inner", "Parallel Aware": false, "Async Capable": false, "Scan Direction": "Forward", "Index Name": "item_pkey", "Relation Name": "item", "Alias": "item", "Startup Cost": 0.29, "Total Cost": 0.31, "Plan Rows": 1, "Plan Width": 4, "Actual Rows": 0, "Actual Loops": 878106, "Index Cond": "(i_item_sk = store_sales.ss_item_sk)", "Rows Removed by Index Recheck": 0, "Filter": "(i_category = 'Electronics'::bpchar)", "Rows Removed by Filter": 1, "Workers": []}]}, {"Node Type": "Index Scan", "Parent Relationship": "Inner", "Parallel Aware": false, "Async Capable": false, "Scan Direction": "Forward", "Index Name": "customer_pkey", "Relation Name": "customer", "Alias": "customer", "Startup Cost": 0.42, "Total Cost": 0.44, "Plan Rows": 1, "Plan Width": 8, "Actual Rows": 1, "Actual Loops": 88437, "Index Cond": "(c_customer_sk = store_sales.ss_customer_sk)", "Rows Removed by Index Recheck": 0, "Workers": []}]}]}]}]}]}, "Planning Time": 2.519, "Triggers": [], "Execution Time": 3149.1}, {"Plan": {"Node Type": "Aggregate", "Strategy": "Plain", "Partial Mode": "Finalize", "Parallel Aware": false, "Async Capable": false, "Startup Cost": 618083.0, "Total Cost": 618083.01, "Plan Rows": 1, "Plan Width": 8, "Plans": [{"Node Type": "Gather", "Parent Relationship": "Outer", "Parallel Aware": false, "Async Capable": false, "Startup Cost": 618082.89, "Total Cost": 618083.0, "Plan Rows": 1, "Plan Width": 8, "Workers Planned": 1, "Single Copy": false, "Plans": [{"Node Type": "Aggregate", "Strategy": "Plain", "Partial Mode": "Partial", "Parent Relationship": "Outer", "Parallel Aware": false, "Async Capable": false, "Startup Cost": 617082.89, "Total Cost": 617082.9, "Plan Rows": 1, "Plan Width": 8, "Plans": [{"Node Type": "Hash Join", "Parent Relationship": "Outer", "Parallel Aware": true, "Async Capable": false, "Join Type": "Inner", "Startup Cost": 615008.57, "Total Cost": 617082.38, "Plan Rows": 204, "Plan Width": 0, "Inner Unique": false, "Hash Cond": "(date_dim.d_date_sk = store_sales.ss_sold_date_sk)", "Plans": [{"Node Type": "Seq Scan", "Parent Relationship": "Outer", "Parallel Aware": true, "Async Capable": false, "Relation Name": "date_dim", "Alias": "date_dim", "Startup Cost": 0.0, "Total Cost": 2068.55, "Plan Rows": 18, "Plan Width": 4, "Filter": "((d_year = 2001) AND (d_moy = 11))"}, {"Node Type": "Hash", "Parent Relationship": "Inner", "Parallel Aware": true, "Async Capable": false, "Startup Cost": 613247.11, "Total Cost": 613247.11, "Plan Rows": 140917, "Plan Width": 4, "Plans": [{"Node Type": "Hash Join", "Parent Relationship": "Outer", "Parallel Aware": false, "Async Capable": false, "Join Type": "Inner", "Startup Cost": 32186.96, "Total Cost": 613247.11, "Plan Rows": 140917, "Plan Width": 4, "Inner Unique": true, "Hash Cond": "(store_sales.ss_store_sk = store.s_store_sk)", "Plans": [{"Node Type": "Hash Join", "Parent Relationship": "Outer", "Parallel Aware": true, "Async Capable": false, "Join Type": "Inner", "Startup Cost": 32179.8, "Total Cost": 612687.45, "Plan Rows": 202444, "Plan Width": 8, "Inner Unique": false, "Hash Cond": "(store_sales.ss_customer_sk = customer.c_customer_sk)", "Plans": [{"Node Type": "Hash Join", "Parent Relationship": "Outer", "Parallel Aware": true, "Async Capable": false, "Join Type": "Inner", "Startup Cost": 7628.49, "Total Cost": 585679.14, "Plan Rows": 481052, "Plan Width": 12, "Inner Unique": true, "Hash Cond": "(store_sales.ss_item_sk = item.i_item_sk)", "Plans": [{"Node Type": "Seq Scan", "Parent Relationship": "Outer", "Parallel Aware": true, "Async Capable": false, "Relation Name": "store_sales", "Alias": "store_sales", "Startup Cost": 0.0, "Total Cost": 565449.69, "Plan Rows": 4800169, "Plan Width": 16}, {"Node Type": "Hash", "Parent Relationship": "Inner", "Parallel Aware": true, "Async Capable": false, "Startup Cost": 7575.25, "Total Cost": 7575.25, "Plan Rows": 4259, "Plan Width": 4, "Plans": [{"Node Type": "Seq Scan", "Parent Relationship": "Outer", "Parallel Aware": true, "Async Capable": false, "Relation Name": "item", "Alias": "item", "Startup Cost": 0.0, "Total Cost": 7575.25, "Plan Rows": 4259, "Plan Width": 4, "Filter": "(i_category = 'Electronics'::bpchar)"}]}]}, {"Node Type": "Hash", "Parent Relationship": "Inner", "Parallel Aware": true, "Async Capable": false, "Startup Cost": 23663.66, "Total Cost": 23663.66, "Plan Rows": 71012, "Plan Width": 4, "Plans": [{"Node Type": "Hash Join", "Parent Relationship": "Outer", "Parallel Aware": true, "Async Capable": false, "Join Type": "Inner", "Startup Cost": 7363.36, "Total Cost": 23663.66, "Plan Rows": 71012, "Plan Width": 4, "Inner Unique": true, "Hash Cond": "(customer.c_current_addr_sk = customer_address.ca_address_sk)", "Plans": [{"Node Type": "Seq Scan", "Parent Relationship": "Outer", "Parallel Aware": true, "Async Capable": false, "Relation Name": "customer", "Alias": "customer", "Startup Cost": 0.0, "Total Cost": 15876.9, "Plan Rows": 161290, "Plan Width": 8}, {"Node Type": "Hash", "Parent Relationship": "Inner", "Parallel Aware": true, "Async Capable": false, "Startup Cost": 6790.08, "Total Cost": 6790.08, "Plan Rows": 45862, "Plan Width": 4, "Plans": [{"Node Type": "Seq Scan", "Parent Relationship": "Outer", "Parallel Aware": true, "Async Capable": false, "Relation Name": "customer_address", "Alias": "customer_address", "Startup Cost": 0.0, "Total Cost": 6790.08, "Plan Rows": 45862, "Plan Width": 4, "Filter": "(ca_gmt_offset = '-6'::numeric)"}]}]}]}]}, {"Node Type": "Hash", "Parent Relationship": "Inner", "Parallel Aware": false, "Async Capable": false, "Startup Cost": 6.28, "Total Cost": 6.28, "Plan Rows": 71, "Plan Width": 4, "Plans": [{"Node Type": "Seq Scan", "Parent Relationship": "Outer", "Parallel Aware": false, "Async Capable": false, "Relation Name": "store", "Alias": "store", "Startup Cost": 0.0, "Total Cost": 6.28, "Plan Rows": 71, "Plan Width": 4, "Filter": "(s_gmt_offset = '-6'::numeric)"}]}]}]}]}]}]}]}}]