[{"Plan": {"Node Type": "Aggregate", "Strategy": "Plain", "Partial Mode": "Finalize", "Parallel Aware": false, "Async Capable": false, "Startup Cost": 82328.31, "Total Cost": 82328.32, "Plan Rows": 1, "Plan Width": 8, "Actual Rows": 1, "Actual Loops": 1, "Plans": [{"Node Type": "Gather", "Parent Relationship": "Outer", "Parallel Aware": false, "Async Capable": false, "Startup Cost": 82327.89, "Total Cost": 82328.3, "Plan Rows": 4, "Plan Width": 8, "Actual Rows": 5, "Actual Loops": 1, "Workers Planned": 4, "Workers Launched": 4, "Single Copy": false, "Plans": [{"Node Type": "Aggregate", "Strategy": "Plain", "Partial Mode": "Partial", "Parent Relationship": "Outer", "Parallel Aware": false, "Async Capable": false, "Startup Cost": 81327.89, "Total Cost": 81327.9, "Plan Rows": 1, "Plan Width": 8, "Actual Rows": 1, "Actual Loops": 5, "Workers": [], "Plans": [{"Node Type": "Hash Join", "Parent Relationship": "Outer", "Parallel Aware": true, "Async Capable": false, "Join Type": "Inner", "Startup Cost": 23488.96, "Total Cost": 81326.71, "Plan Rows": 469, "Plan Width": 0, "Actual Rows": 236, "Actual Loops": 5, "Inner Unique": false, "Hash Cond": "(store_returns.sr_cdemo_sk = customer_demographics.cd_demo_sk)", "Workers": [], "Plans": [{"Node Type": "Seq Scan", "Parent Relationship": "Outer", "Parallel Aware": true, "Async Capable": false, "Relation Name": "store_returns", "Alias": "store_returns", "Startup Cost": 0.0, "Total Cost": 55140.58, "Plan Rows": 718858, "Plan Width": 4, "Actual Rows": 575086, "Actual Loops": 5, "Workers": []}, {"Node Type": "Hash", "Parent Relationship": "Inner", "Parallel Aware": true, "Async Capable": false, "Startup Cost": 23483.89, "Total Cost": 23483.89, "Plan Rows": 405, "Plan Width": 8, "Actual Rows": 163, "Actual Loops": 5, "Hash Buckets": 2048, "Original Hash Buckets": 2048, "Hash Batches": 1, "Original Hash Batches": 1, "Peak Memory Usage": 176, "Workers": [], "Plans": [{"Node Type": "Nested Loop", "Parent Relationship": "Outer", "Parallel Aware": false, "Async Capable": false, "Join Type": "Inner", "Startup Cost": 6977.68, "Total Cost": 23483.89, "Plan Rows": 405, "Plan Width": 8, "Actual Rows": 163, "Actual Loops": 5, "Inner Unique": true, "Workers": [], "Plans": [{"Node Type": "Hash Join", "Parent Relationship": "Outer", "Parallel Aware": false, "Async Capable": false, "Join Type": "Inner", "Startup Cost": 6977.25, "Total Cost": 23286.51, "Plan Rows": 405, "Plan Width": 4, "Actual Rows": 166, "Actual Loops": 5, "Inner Unique": false, "Hash Cond": "(customer.c_current_hdemo_sk = household_demographics.hd_demo_sk)", "Workers": [], "Plans": [{"Node Type": "Hash Join", "Parent Relationship": "Outer", "Parallel Aware": true, "Async Capable": false, "Join Type": "Inner", "Startup Cost": 6800.97, "Total Cost": 23101.27, "Plan Rows": 1348, "Plan Width": 8, "Actual Rows": 819, "Actual Loops": 5, "Inner Unique": true, "Hash Cond": "(customer.c_current_addr_sk = customer_address.ca_address_sk)", "Workers": [], "Plans": [{"Node Type": "Seq Scan", "Parent Relationship": "Outer", "Parallel Aware": true, "Async Capable": false, "Relation Name": "customer", "Alias": "customer", "Startup Cost": 0.0, "Total Cost": 15876.9, "Plan Rows": 161290, "Plan Width": 12, "Actual Rows": 100000, "Actual Loops": 5, "Workers": []}, {"Node Type": "Hash", "Parent Relationship": "Inner", "Parallel Aware": true, "Async Capable": false, "Startup Cost": 6790.08, "Total Cost": 6790.08, "Plan Rows": 871, "Plan Width": 4, "Actual Rows": 413, "Actual Loops": 5, "Hash Buckets": 4096, "Original Hash Buckets": 4096, "Hash Batches": 1, "Original Hash Batches": 1, "Peak Memory Usage": 224, "Workers": [], "Plans": [{"Node Type": "Seq Scan", "Parent Relationship": "Outer", "Parallel Aware": true, "Async Capable": false, "Relation Name": "customer_address", "Alias": "customer_address", "Startup Cost": 0.0, "Total Cost": 6790.08, "Plan Rows": 871, "Plan Width": 4, "Actual Rows": 413, "Actual Loops": 5, "Filter": "((ca_city)::text = 'Lakeview'::text)", "Rows Removed by Filter": 49587, "Workers": []}]}]}, {"Node Type": "Hash", "Parent Relationship": "Inner", "Parallel Aware": false, "Async Capable": false, "Startup Cost": 149.28, "Total Cost": 149.28, "Plan Rows": 2160, "Plan Width": 4, "Actual Rows": 1440, "Actual Loops": 5, "Hash Buckets": 4096, "Original Hash Buckets": 4096, "Hash Batches": 1, "Original Hash Batches": 1, "Peak Memory Usage": 83, "Workers": [], "Plans": [{"Node Type": "Hash Join", "Parent Relationship": "Outer", "Parallel Aware": false, "Async Capable": false, "Join Type": "Inner", "Startup Cost": 1.38, "Total Cost": 149.28, "Plan Rows": 2160, "Plan Width": 4, "Actual Rows": 1440, "Actual Loops": 5, "Inner Unique": true, "Hash Cond": "(household_demographics.hd_income_band_sk = income_band.ib_income_band_sk)", "Workers": [], "Plans": [{"Node Type": "Seq Scan", "Parent Relationship": "Outer", "Parallel Aware": false, "Async Capable": false, "Relation Name": "household_demographics", "Alias": "household_demographics", "Startup Cost": 0.0, "Total Cost": 125.0, "Plan Rows": 7200, "Plan Width": 8, "Actual Rows": 7200, "Actual Loops": 5, "Workers": []}, {"Node Type": "Hash", "Parent Relationship": "Inner", "Parallel Aware": false, "Async Capable": false, "Startup Cost": 1.3, "Total Cost": 1.3, "Plan Rows": 6, "Plan Width": 4, "Actual Rows": 4, "Actual Loops": 5, "Hash Buckets": 1024, "Original Hash Buckets": 1024, "Hash Batches": 1, "Original Hash Batches": 1, "Peak Memory Usage": 9, "Workers": [], "Plans": [{"Node Type": "Seq Scan", "Parent Relationship": "Outer", "Parallel Aware": false, "Async Capable": false, "Relation Name": "income_band", "Alias": "income_band", "Startup Cost": 0.0, "Total Cost": 1.3, "Plan Rows": 6, "Plan Width": 4, "Actual Rows": 4, "Actual Loops": 5, "Filter": "((ib_lower_bound >= 15906) AND (ib_upper_bound <= 65906))", "Rows Removed by Filter": 16, "Workers": []}]}]}]}]}, {"Node Type": "Index Only Scan", "Parent Relationship": "Inner", "Parallel Aware": false, "Async Capable": false, "Scan Direction": "Forward", "Index Name": "customer_demographics_pkey", "Relation Name": "customer_demographics", "Alias": "customer_demographics", "Startup Cost": 0.43, "Total Cost": 0.49, "Plan Rows": 1, "Plan Width": 4, "Actual Rows": 1, "Actual Loops": 829, "Index Cond": "(cd_demo_sk = customer.c_current_cdemo_sk)", "Rows Removed by Index Recheck": 0, "Heap Fetches": 0, "Workers": []}]}]}]}]}]}]}, "Planning Time": 2.442, "Triggers": [], "Execution Time": 197.501}, {"Plan": {"Node Type": "Aggregate", "Strategy": "Plain", "Partial Mode": "Finalize", "Parallel Aware": false, "Async Capable": false, "Startup Cost": 119815.21, "Total Cost": 119815.22, "Plan Rows": 1, "Plan Width": 8, "Actual Rows": 1, "Actual Loops": 1, "Plans": [{"Node Type": "Gather", "Parent Relationship": "Outer", "Parallel Aware": false, "Async Capable": false, "Startup Cost": 119814.79, "Total Cost": 119815.2, "Plan Rows": 4, "Plan Width": 8, "Actual Rows": 5, "Actual Loops": 1, "Workers Planned": 4, "Workers Launched": 4, "Single Copy": false, "Plans": [{"Node Type": "Aggregate", "Strategy": "Plain", "Partial Mode": "Partial", "Parent Relationship": "Outer", "Parallel Aware": false, "Async Capable": false, "Startup Cost": 118814.79, "Total Cost": 118814.8, "Plan Rows": 1, "Plan Width": 8, "Actual Rows": 1, "Actual Loops": 5, "Workers": [], "Plans": [{"Node Type": "Hash Join", "Parent Relationship": "Outer", "Parallel Aware": true, "Async Capable": false, "Join Type": "Inner", "Startup Cost": 59088.86, "Total Cost": 118813.62, "Plan Rows": 469, "Plan Width": 0, "Actual Rows": 236, "Actual Loops": 5, "Inner Unique": false, "Hash Cond": "(customer_demographics.cd_demo_sk = customer.c_current_cdemo_sk)", "Workers": [], "Plans": [{"Node Type": "Hash Join", "Parent Relationship": "Outer", "Parallel Aware": true, "Async Capable": false, "Join Type": "Inner", "Startup Cost": 35797.29, "Total Cost": 92824.87, "Plan Rows": 718858, "Plan Width": 8, "Actual Rows": 555048, "Actual Loops": 5, "Inner Unique": true, "Hash Cond": "(store_returns.sr_cdemo_sk = customer_demographics.cd_demo_sk)", "Workers": [], "Plans": [{"Node Type": "Seq Scan", "Parent Relationship": "Outer", "Parallel Aware": true, "Async Capable": false, "Relation Name": "store_returns", "Alias": "store_returns", "Startup Cost": 0.0, "Total Cost": 55140.58, "Plan Rows": 718858, "Plan Width": 4, "Actual Rows": 575086, "Actual Loops": 5, "Workers": []}, {"Node Type": "Hash", "Parent Relationship": "Inner", "Parallel Aware": true, "Async Capable": false, "Startup Cost": 28052.13, "Total Cost": 28052.13, "Plan Rows": 619613, "Plan Width": 4, "Actual Rows": 384160, "Actual Loops": 5, "Hash Buckets": 2097152, "Original Hash Buckets": 2097152, "Hash Batches": 1, "Original Hash Batches": 1, "Peak Memory Usage": 91616, "Workers": [], "Plans": [{"Node Type": "Seq Scan", "Parent Relationship": "Outer", "Parallel Aware": true, "Async Capable": false, "Relation Name": "customer_demographics", "Alias": "customer_demographics", "Startup Cost": 0.0, "Total Cost": 28052.13, "Plan Rows": 619613, "Plan Width": 4, "Actual Rows": 384160, "Actual Loops": 5, "Workers": []}]}]}, {"Node Type": "Hash", "Parent Relationship": "Inner", "Parallel Aware": true, "Async Capable": false, "Startup Cost": 23286.51, "Total Cost": 23286.51, "Plan Rows": 405, "Plan Width": 4, "Actual Rows": 166, "Actual Loops": 5, "Hash Buckets": 2048, "Original Hash Buckets": 2048, "Hash Batches": 1, "Original Hash Batches": 1, "Peak Memory Usage": 176, "Workers": [], "Plans": [{"Node Type": "Hash Join", "Parent Relationship": "Outer", "Parallel Aware": false, "Async Capable": false, "Join Type": "Inner", "Startup Cost": 6977.25, "Total Cost": 23286.51, "Plan Rows": 405, "Plan Width": 4, "Actual Rows": 166, "Actual Loops": 5, "Inner Unique": false, "Hash Cond": "(customer.c_current_hdemo_sk = household_demographics.hd_demo_sk)", "Workers": [], "Plans": [{"Node Type": "Hash Join", "Parent Relationship": "Outer", "Parallel Aware": true, "Async Capable": false, "Join Type": "Inner", "Startup Cost": 6800.97, "Total Cost": 23101.27, "Plan Rows": 1348, "Plan Width": 8, "Actual Rows": 819, "Actual Loops": 5, "Inner Unique": true, "Hash Cond": "(customer.c_current_addr_sk = customer_address.ca_address_sk)", "Workers": [], "Plans": [{"Node Type": "Seq Scan", "Parent Relationship": "Outer", "Parallel Aware": true, "Async Capable": false, "Relation Name": "customer", "Alias": "customer", "Startup Cost": 0.0, "Total Cost": 15876.9, "Plan Rows": 161290, "Plan Width": 12, "Actual Rows": 100000, "Actual Loops": 5, "Workers": []}, {"Node Type": "Hash", "Parent Relationship": "Inner", "Parallel Aware": true, "Async Capable": false, "Startup Cost": 6790.08, "Total Cost": 6790.08, "Plan Rows": 871, "Plan Width": 4, "Actual Rows": 413, "Actual Loops": 5, "Hash Buckets": 4096, "Original Hash Buckets": 4096, "Hash Batches": 1, "Original Hash Batches": 1, "Peak Memory Usage": 192, "Workers": [], "Plans": [{"Node Type": "Seq Scan", "Parent Relationship": "Outer", "Parallel Aware": true, "Async Capable": false, "Relation Name": "customer_address", "Alias": "customer_address", "Startup Cost": 0.0, "Total Cost": 6790.08, "Plan Rows": 871, "Plan Width": 4, "Actual Rows": 413, "Actual Loops": 5, "Filter": "((ca_city)::text = 'Lakeview'::text)", "Rows Removed by Filter": 49587, "Workers": []}]}]}, {"Node Type": "Hash", "Parent Relationship": "Inner", "Parallel Aware": false, "Async Capable": false, "Startup Cost": 149.28, "Total Cost": 149.28, "Plan Rows": 2160, "Plan Width": 4, "Actual Rows": 1440, "Actual Loops": 5, "Hash Buckets": 4096, "Original Hash Buckets": 4096, "Hash Batches": 1, "Original Hash Batches": 1, "Peak Memory Usage": 83, "Workers": [], "Plans": [{"Node Type": "Hash Join", "Parent Relationship": "Outer", "Parallel Aware": false, "Async Capable": false, "Join Type": "Inner", "Startup Cost": 1.38, "Total Cost": 149.28, "Plan Rows": 2160, "Plan Width": 4, "Actual Rows": 1440, "Actual Loops": 5, "Inner Unique": true, "Hash Cond": "(household_demographics.hd_income_band_sk = income_band.ib_income_band_sk)", "Workers": [], "Plans": [{"Node Type": "Seq Scan", "Parent Relationship": "Outer", "Parallel Aware": false, "Async Capable": false, "Relation Name": "household_demographics", "Alias": "household_demographics", "Startup Cost": 0.0, "Total Cost": 125.0, "Plan Rows": 7200, "Plan Width": 8, "Actual Rows": 7200, "Actual Loops": 5, "Workers": []}, {"Node Type": "Hash", "Parent Relationship": "Inner", "Parallel Aware": false, "Async Capable": false, "Startup Cost": 1.3, "Total Cost": 1.3, "Plan Rows": 6, "Plan Width": 4, "Actual Rows": 4, "Actual Loops": 5, "Hash Buckets": 1024, "Original Hash Buckets": 1024, "Hash Batches": 1, "Original Hash Batches": 1, "Peak Memory Usage": 9, "Workers": [], "Plans": [{"Node Type": "Seq Scan", "Parent Relationship": "Outer", "Parallel Aware": false, "Async Capable": false, "Relation Name": "income_band", "Alias": "income_band", "Startup Cost": 0.0, "Total Cost": 1.3, "Plan Rows": 6, "Plan Width": 4, "Actual Rows": 4, "Actual Loops": 5, "Filter": "((ib_lower_bound >= 15906) AND (ib_upper_bound <= 65906))", "Rows Removed by Filter": 16, "Workers": []}]}]}]}]}]}]}]}]}]}, "Planning Time": 2.16, "Triggers": [], "Execution Time": 2015.267}, {"Plan": {"Node Type": "Aggregate", "Strategy": "Plain", "Partial Mode": "Finalize", "Parallel Aware": false, "Async Capable": false, "Startup Cost": 107178.5, "Total Cost": 107178.51, "Plan Rows": 1, "Plan Width": 8, "Actual Rows": 1, "Actual Loops": 1, "Plans": [{"Node Type": "Gather", "Parent Relationship": "Outer", "Parallel Aware": false, "Async Capable": false, "Startup Cost": 107178.08, "Total Cost": 107178.49, "Plan Rows": 4, "Plan Width": 8, "Actual Rows": 5, "Actual Loops": 1, "Workers Planned": 4, "Workers Launched": 4, "Single Copy": false, "Plans": [{"Node Type": "Aggregate", "Strategy": "Plain", "Partial Mode": "Partial", "Parent Relationship": "Outer", "Parallel Aware": false, "Async Capable": false, "Startup Cost": 106178.08, "Total Cost": 106178.09, "Plan Rows": 1, "Plan Width": 8, "Actual Rows": 1, "Actual Loops": 5, "Workers": [], "Plans": [{"Node Type": "Hash Join", "Parent Relationship": "Outer", "Parallel Aware": true, "Async Capable": false, "Join Type": "Inner", "Startup Cost": 48018.48, "Total Cost": 106176.91, "Plan Rows": 469, "Plan Width": 0, "Actual Rows": 236, "Actual Loops": 5, "Inner Unique": true, "Hash Cond": "(customer.c_current_addr_sk = customer_address.ca_address_sk)", "Workers": [], "Plans": [{"Node Type": "Hash Join", "Parent Relationship": "Outer", "Parallel Aware": true, "Async Capable": false, "Join Type": "Inner", "Startup Cost": 41217.51, "Total Cost": 99228.57, "Plan Rows": 56138, "Plan Width": 4, "Actual Rows": 27495, "Actual Loops": 5, "Inner Unique": false, "Hash Cond": "(store_returns.sr_cdemo_sk = customer_demographics.cd_demo_sk)", "Workers": [], "Plans": [{"Node Type": "Seq Scan", "Parent Relationship": "Outer", "Parallel Aware": true, "Async Capable": false, "Relation Name": "store_returns", "Alias": "store_returns", "Startup Cost": 0.0, "Total Cost": 55140.58, "Plan Rows": 718858, "Plan Width": 4, "Actual Rows": 575086, "Actual Loops": 5, "Workers": []}, {"Node Type": "Hash", "Parent Relationship": "Inner", "Parallel Aware": true, "Async Capable": false, "Startup Cost": 40612.67, "Total Cost": 40612.67, "Plan Rows": 48387, "Plan Width": 12, "Actual Rows": 19031, "Actual Loops": 5, "Hash Buckets": 262144, "Original Hash Buckets": 262144, "Hash Batches": 1, "Original Hash Batches": 1, "Peak Memory Usage": 6624, "Workers": [], "Plans": [{"Node Type": "Nested Loop", "Parent Relationship": "Outer", "Parallel Aware": false, "Async Capable": false, "Join Type": "Inner", "Startup Cost": 216.8, "Total Cost": 40612.67, "Plan Rows": 48387, "Plan Width": 12, "Actual Rows": 19031, "Actual Loops": 5, "Inner Unique": true, "Workers": [], "Plans": [{"Node Type": "Hash Join", "Parent Relationship": "Outer", "Parallel Aware": false, "Async Capable": false, "Join Type": "Inner", "Startup Cost": 216.38, "Total Cost": 17030.01, "Plan Rows": 48387, "Plan Width": 8, "Actual Rows": 19373, "Actual Loops": 5, "Inner Unique": true, "Hash Cond": "(household_demographics.hd_income_band_sk = income_band.ib_income_band_sk)", "Workers": [], "Plans": [{"Node Type": "Hash Join", "Parent Relationship": "Outer", "Parallel Aware": false, "Async Capable": false, "Join Type": "Inner", "Startup Cost": 215.0, "Total Cost": 16515.53, "Plan Rows": 161290, "Plan Width": 12, "Actual Rows": 96514, "Actual Loops": 5, "Inner Unique": true, "Hash Cond": "(customer.c_current_hdemo_sk = household_demographics.hd_demo_sk)", "Workers": [], "Plans": [{"Node Type": "Seq Scan", "Parent Relationship": "Outer", "Parallel Aware": true, "Async Capable": false, "Relation Name": "customer", "Alias": "customer", "Startup Cost": 0.0, "Total Cost": 15876.9, "Plan Rows": 161290, "Plan Width": 12, "Actual Rows": 100000, "Actual Loops": 5, "Workers": []}, {"Node Type": "Hash", "Parent Relationship": "Inner", "Parallel Aware": false, "Async Capable": false, "Startup Cost": 125.0, "Total Cost": 125.0, "Plan Rows": 7200, "Plan Width": 8, "Actual Rows": 7200, "Actual Loops": 5, "Hash Buckets": 8192, "Original Hash Buckets": 8192, "Hash Batches": 1, "Original Hash Batches": 1, "Peak Memory Usage": 346, "Workers": [], "Plans": [{"Node Type": "Seq Scan", "Parent Relationship": "Outer", "Parallel Aware": false, "Async Capable": false, "Relation Name": "household_demographics", "Alias": "household_demographics", "Startup Cost": 0.0, "Total Cost": 125.0, "Plan Rows": 7200, "Plan Width": 8, "Actual Rows": 7200, "Actual Loops": 5, "Workers": []}]}]}, {"Node Type": "Hash", "Parent Relationship": "Inner", "Parallel Aware": false, "Async Capable": false, "Startup Cost": 1.3, "Total Cost": 1.3, "Plan Rows": 6, "Plan Width": 4, "Actual Rows": 4, "Actual Loops": 5, "Hash Buckets": 1024, "Original Hash Buckets": 1024, "Hash Batches": 1, "Original Hash Batches": 1, "Peak Memory Usage": 9, "Workers": [], "Plans": [{"Node Type": "Seq Scan", "Parent Relationship": "Outer", "Parallel Aware": false, "Async Capable": false, "Relation Name": "income_band", "Alias": "income_band", "Startup Cost": 0.0, "Total Cost": 1.3, "Plan Rows": 6, "Plan Width": 4, "Actual Rows": 4, "Actual Loops": 5, "Filter": "((ib_lower_bound >= 15906) AND (ib_upper_bound <= 65906))", "Rows Removed by Filter": 16, "Workers": []}]}]}, {"Node Type": "Index Only Scan", "Parent Relationship": "Inner", "Parallel Aware": false, "Async Capable": false, "Scan Direction": "Forward", "Index Name": "customer_demographics_pkey", "Relation Name": "customer_demographics", "Alias": "customer_demographics", "Startup Cost": 0.43, "Total Cost": 0.49, "Plan Rows": 1, "Plan Width": 4, "Actual Rows": 1, "Actual Loops": 96866, "Index Cond": "(cd_demo_sk = customer.c_current_cdemo_sk)", "Rows Removed by Index Recheck": 0, "Heap Fetches": 0, "Workers": []}]}]}]}, {"Node Type": "Hash", "Parent Relationship": "Inner", "Parallel Aware": true, "Async Capable": false, "Startup Cost": 6790.08, "Total Cost": 6790.08, "Plan Rows": 871, "Plan Width": 4, "Actual Rows": 413, "Actual Loops": 5, "Hash Buckets": 4096, "Original Hash Buckets": 4096, "Hash Batches": 1, "Original Hash Batches": 1, "Peak Memory Usage": 192, "Workers": [], "Plans": [{"Node Type": "Seq Scan", "Parent Relationship": "Outer", "Parallel Aware": true, "Async Capable": false, "Relation Name": "customer_address", "Alias": "customer_address", "Startup Cost": 0.0, "Total Cost": 6790.08, "Plan Rows": 871, "Plan Width": 4, "Actual Rows": 413, "Actual Loops": 5, "Filter": "((ca_city)::text = 'Lakeview'::text)", "Rows Removed by Filter": 49587, "Workers": []}]}]}]}]}]}, "Planning Time": 2.439, "Triggers": [], "Execution Time": 560.376}, {"Plan": {"Node Type": "Aggregate", "Strategy": "Plain", "Partial Mode": "Simple", "Parallel Aware": false, "Async Capable": false, "Startup Cost": 84045.28, "Total Cost": 84045.29, "Plan Rows": 1, "Plan Width": 8, "Actual Rows": 1, "Actual Loops": 1, "Plans": [{"Node Type": "Nested Loop", "Parent Relationship": "Outer", "Parallel Aware": false, "Async Capable": false, "Join Type": "Inner", "Startup Cost": 24993.64, "Total Cost": 84040.58, "Plan Rows": 1877, "Plan Width": 0, "Actual Rows": 1180, "Actual Loops": 1, "Inner Unique": false, "Join Filter": "(income_band.ib_income_band_sk = household_demographics.hd_income_band_sk)", "Rows Removed by Join Filter": 21332, "Plans": [{"Node Type": "Seq Scan", "Parent Relationship": "Outer", "Parallel Aware": false, "Async Capable": false, "Relation Name": "income_band", "Alias": "income_band", "Startup Cost": 0.0, "Total Cost": 1.3, "Plan Rows": 6, "Plan Width": 4, "Actual Rows": 4, "Actual Loops": 1, "Filter": "((ib_lower_bound >= 15906) AND (ib_upper_bound <= 65906))", "Rows Removed by Filter": 16}, {"Node Type": "Materialize", "Parent Relationship": "Inner", "Parallel Aware": false, "Async Capable": false, "Startup Cost": 24993.64, "Total Cost": 83491.8, "Plan Rows": 6257, "Plan Width": 4, "Actual Rows": 5628, "Actual Loops": 4, "Plans": [{"Node Type": "Gather", "Parent Relationship": "Outer", "Parallel Aware": false, "Async Capable": false, "Startup Cost": 24993.64, "Total Cost": 83460.51, "Plan Rows": 6257, "Plan Width": 4, "Actual Rows": 5628, "Actual Loops": 1, "Workers Planned": 4, "Workers Launched": 4, "Single Copy": false, "Plans": [{"Node Type": "Hash Join", "Parent Relationship": "Outer", "Parallel Aware": true, "Async Capable": false, "Join Type": "Inner", "Startup Cost": 23993.64, "Total Cost": 81834.81, "Plan Rows": 1564, "Plan Width": 4, "Actual Rows": 1126, "Actual Loops": 5, "Inner Unique": false, "Hash Cond": "(store_returns.sr_cdemo_sk = customer_demographics.cd_demo_sk)", "Workers": [], "Plans": [{"Node Type": "Seq Scan", "Parent Relationship": "Outer", "Parallel Aware": true, "Async Capable": false, "Relation Name": "store_returns", "Alias": "store_returns", "Startup Cost": 0.0, "Total Cost": 55140.58, "Plan Rows": 718858, "Plan Width": 4, "Actual Rows": 575086, "Actual Loops": 5, "Workers": []}, {"Node Type": "Hash", "Parent Relationship": "Inner", "Parallel Aware": true, "Async Capable": false, "Startup Cost": 23976.79, "Total Cost": 23976.79, "Plan Rows": 1348, "Plan Width": 12, "Actual Rows": 771, "Actual Loops": 5, "Hash Buckets": 8192, "Original Hash Buckets": 8192, "Hash Batches": 1, "Original Hash Batches": 1, "Peak Memory Usage": 352, "Workers": [], "Plans": [{"Node Type": "Hash Join", "Parent Relationship": "Outer", "Parallel Aware": false, "Async Capable": false, "Join Type": "Inner", "Startup Cost": 7016.4, "Total Cost": 23976.79, "Plan Rows": 1348, "Plan Width": 12, "Actual Rows": 771, "Actual Loops": 5, "Inner Unique": true, "Hash Cond": "(customer.c_current_hdemo_sk = household_demographics.hd_demo_sk)", "Workers": [], "Plans": [{"Node Type": "Nested Loop", "Parent Relationship": "Outer", "Parallel Aware": false, "Async Capable": false, "Join Type": "Inner", "Startup Cost": 6801.4, "Total Cost": 23758.25, "Plan Rows": 1348, "Plan Width": 12, "Actual Rows": 786, "Actual Loops": 5, "Inner Unique": true, "Workers": [], "Plans": [{"Node Type": "Hash Join", "Parent Relationship": "Outer", "Parallel Aware": true, "Async Capable": false, "Join Type": "Inner", "Startup Cost": 6800.97, "Total Cost": 23101.27, "Plan Rows": 1348, "Plan Width": 8, "Actual Rows": 819, "Actual Loops": 5, "Inner Unique": true, "Hash Cond": "(customer.c_current_addr_sk = customer_address.ca_address_sk)", "Workers": [], "Plans": [{"Node Type": "Seq Scan", "Parent Relationship": "Outer", "Parallel Aware": true, "Async Capable": false, "Relation Name": "customer", "Alias": "customer", "Startup Cost": 0.0, "Total Cost": 15876.9, "Plan Rows": 161290, "Plan Width": 12, "Actual Rows": 100000, "Actual Loops": 5, "Workers": []}, {"Node Type": "Hash", "Parent Relationship": "Inner", "Parallel Aware": true, "Async Capable": false, "Startup Cost": 6790.08, "Total Cost": 6790.08, "Plan Rows": 871, "Plan Width": 4, "Actual Rows": 413, "Actual Loops": 5, "Hash Buckets": 4096, "Original Hash Buckets": 4096, "Hash Batches": 1, "Original Hash Batches": 1, "Peak Memory Usage": 224, "Workers": [], "Plans": [{"Node Type": "Seq Scan", "Parent Relationship": "Outer", "Parallel Aware": true, "Async Capable": false, "Relation Name": "customer_address", "Alias": "customer_address", "Startup Cost": 0.0, "Total Cost": 6790.08, "Plan Rows": 871, "Plan Width": 4, "Actual Rows": 413, "Actual Loops": 5, "Filter": "((ca_city)::text = 'Lakeview'::text)", "Rows Removed by Filter": 49587, "Workers": []}]}]}, {"Node Type": "Index Only Scan", "Parent Relationship": "Inner", "Parallel Aware": false, "Async Capable": false, "Scan Direction": "Forward", "Index Name": "customer_demographics_pkey", "Relation Name": "customer_demographics", "Alias": "customer_demographics", "Startup Cost": 0.43, "Total Cost": 0.49, "Plan Rows": 1, "Plan Width": 4, "Actual Rows": 1, "Actual Loops": 4093, "Index Cond": "(cd_demo_sk = customer.c_current_cdemo_sk)", "Rows Removed by Index Recheck": 0, "Heap Fetches": 0, "Workers": []}]}, {"Node Type": "Hash", "Parent Relationship": "Inner", "Parallel Aware": false, "Async Capable": false, "Startup Cost": 125.0, "Total Cost": 125.0, "Plan Rows": 7200, "Plan Width": 8, "Actual Rows": 7200, "Actual Loops": 5, "Hash Buckets": 8192, "Original Hash Buckets": 8192, "Hash Batches": 1, "Original Hash Batches": 1, "Peak Memory Usage": 346, "Workers": [], "Plans": [{"Node Type": "Seq Scan", "Parent Relationship": "Outer", "Parallel Aware": false, "Async Capable": false, "Relation Name": "household_demographics", "Alias": "household_demographics", "Startup Cost": 0.0, "Total Cost": 125.0, "Plan Rows": 7200, "Plan Width": 8, "Actual Rows": 7200, "Actual Loops": 5, "Workers": []}]}]}]}]}]}]}]}]}, "Planning Time": 2.417, "Triggers": [], "Execution Time": 261.084}, {"Plan": {"Node Type": "Aggregate", "Strategy": "Plain", "Partial Mode": "Finalize", "Parallel Aware": false, "Async Capable": false, "Startup Cost": 126101.91, "Total Cost": 126101.92, "Plan Rows": 1, "Plan Width": 8, "Actual Rows": 1, "Actual Loops": 1, "Plans": [{"Node Type": "Gather", "Parent Relationship": "Outer", "Parallel Aware": false, "Async Capable": false, "Startup Cost": 126101.6, "Total Cost": 126101.91, "Plan Rows": 3, "Plan Width": 8, "Actual Rows": 4, "Actual Loops": 1, "Workers Planned": 3, "Workers Launched": 3, "Single Copy": false, "Plans": [{"Node Type": "Aggregate", "Strategy": "Plain", "Partial Mode": "Partial", "Parent Relationship": "Outer", "Parallel Aware": false, "Async Capable": false, "Startup Cost": 125101.6, "Total Cost": 125101.61, "Plan Rows": 1, "Plan Width": 8, "Actual Rows": 1, "Actual Loops": 4, "Workers": [], "Plans": [{"Node Type": "Hash Join", "Parent Relationship": "Outer", "Parallel Aware": true, "Async Capable": false, "Join Type": "Inner", "Startup Cost": 108787.85, "Total Cost": 125100.08, "Plan Rows": 605, "Plan Width": 0, "Actual Rows": 295, "Actual Loops": 4, "Inner Unique": false, "Hash Cond": "(customer.c_current_cdemo_sk = customer_demographics.cd_demo_sk)", "Workers": [], "Plans": [{"Node Type": "Hash Join", "Parent Relationship": "Outer", "Parallel Aware": false, "Async Capable": false, "Join Type": "Inner", "Startup Cost": 6977.25, "Total Cost": 23286.51, "Plan Rows": 405, "Plan Width": 4, "Actual Rows": 207, "Actual Loops": 4, "Inner Unique": false, "Hash Cond": "(customer.c_current_hdemo_sk = household_demographics.hd_demo_sk)", "Workers": [], "Plans": [{"Node Type": "Hash Join", "Parent Relationship": "Outer", "Parallel Aware": true, "Async Capable": false, "Join Type": "Inner", "Startup Cost": 6800.97, "Total Cost": 23101.27, "Plan Rows": 1348, "Plan Width": 8, "Actual Rows": 1023, "Actual Loops": 4, "Inner Unique": true, "Hash Cond": "(customer.c_current_addr_sk = customer_address.ca_address_sk)", "Workers": [], "Plans": [{"Node Type": "Seq Scan", "Parent Relationship": "Outer", "Parallel Aware": true, "Async Capable": false, "Relation Name": "customer", "Alias": "customer", "Startup Cost": 0.0, "Total Cost": 15876.9, "Plan Rows": 161290, "Plan Width": 12, "Actual Rows": 125000, "Actual Loops": 4, "Workers": []}, {"Node Type": "Hash", "Parent Relationship": "Inner", "Parallel Aware": true, "Async Capable": false, "Startup Cost": 6790.08, "Total Cost": 6790.08, "Plan Rows": 871, "Plan Width": 4, "Actual Rows": 516, "Actual Loops": 4, "Hash Buckets": 4096, "Original Hash Buckets": 4096, "Hash Batches": 1, "Original Hash Batches": 1, "Peak Memory Usage": 160, "Workers": [], "Plans": [{"Node Type": "Seq Scan", "Parent Relationship": "Outer", "Parallel Aware": true, "Async Capable": false, "Relation Name": "customer_address", "Alias": "customer_address", "Startup Cost": 0.0, "Total Cost": 6790.08, "Plan Rows": 871, "Plan Width": 4, "Actual Rows": 516, "Actual Loops": 4, "Filter": "((ca_city)::text = 'Lakeview'::text)", "Rows Removed by Filter": 61984, "Workers": []}]}]}, {"Node Type": "Hash", "Parent Relationship": "Inner", "Parallel Aware": false, "Async Capable": false, "Startup Cost": 149.28, "Total Cost": 149.28, "Plan Rows": 2160, "Plan Width": 4, "Actual Rows": 1440, "Actual Loops": 4, "Hash Buckets": 4096, "Original Hash Buckets": 4096, "Hash Batches": 1, "Original Hash Batches": 1, "Peak Memory Usage": 83, "Workers": [], "Plans": [{"Node Type": "Hash Join", "Parent Relationship": "Outer", "Parallel Aware": false, "Async Capable": false, "Join Type": "Inner", "Startup Cost": 1.38, "Total Cost": 149.28, "Plan Rows": 2160, "Plan Width": 4, "Actual Rows": 1440, "Actual Loops": 4, "Inner Unique": true, "Hash Cond": "(household_demographics.hd_income_band_sk = income_band.ib_income_band_sk)", "Workers": [], "Plans": [{"Node Type": "Seq Scan", "Parent Relationship": "Outer", "Parallel Aware": false, "Async Capable": false, "Relation Name": "household_demographics", "Alias": "household_demographics", "Startup Cost": 0.0, "Total Cost": 125.0, "Plan Rows": 7200, "Plan Width": 8, "Actual Rows": 7200, "Actual Loops": 4, "Workers": []}, {"Node Type": "Hash", "Parent Relationship": "Inner", "Parallel Aware": false, "Async Capable": false, "Startup Cost": 1.3, "Total Cost": 1.3, "Plan Rows": 6, "Plan Width": 4, "Actual Rows": 4, "Actual Loops": 4, "Hash Buckets": 1024, "Original Hash Buckets": 1024, "Hash Batches": 1, "Original Hash Batches": 1, "Peak Memory Usage": 9, "Workers": [], "Plans": [{"Node Type": "Seq Scan", "Parent Relationship": "Outer", "Parallel Aware": false, "Async Capable": false, "Relation Name": "income_band", "Alias": "income_band", "Startup Cost": 0.0, "Total Cost": 1.3, "Plan Rows": 6, "Plan Width": 4, "Actual Rows": 4, "Actual Loops": 4, "Filter": "((ib_lower_bound >= 15906) AND (ib_upper_bound <= 65906))", "Rows Removed by Filter": 16, "Workers": []}]}]}]}]}, {"Node Type": "Hash", "Parent Relationship": "Inner", "Parallel Aware": true, "Async Capable": false, "Startup Cost": 92824.87, "Total Cost": 92824.87, "Plan Rows": 718858, "Plan Width": 8, "Actual Rows": 693810, "Actual Loops": 4, "Hash Buckets": 4194304, "Original Hash Buckets": 4194304, "Hash Batches": 1, "Original Hash Batches": 1, "Peak Memory Usage": 141376, "Workers": [], "Plans": [{"Node Type": "Hash Join", "Parent Relationship": "Outer", "Parallel Aware": true, "Async Capable": false, "Join Type": "Inner", "Startup Cost": 35797.29, "Total Cost": 92824.87, "Plan Rows": 718858, "Plan Width": 8, "Actual Rows": 693810, "Actual Loops": 4, "Inner Unique": true, "Hash Cond": "(store_returns.sr_cdemo_sk = customer_demographics.cd_demo_sk)", "Workers": [], "Plans": [{"Node Type": "Seq Scan", "Parent Relationship": "Outer", "Parallel Aware": true, "Async Capable": false, "Relation Name": "store_returns", "Alias": "store_returns", "Startup Cost": 0.0, "Total Cost": 55140.58, "Plan Rows": 718858, "Plan Width": 4, "Actual Rows": 718858, "Actual Loops": 4, "Workers": []}, {"Node Type": "Hash", "Parent Relationship": "Inner", "Parallel Aware": true, "Async Capable": false, "Startup Cost": 28052.13, "Total Cost": 28052.13, "Plan Rows": 619613, "Plan Width": 4, "Actual Rows": 480200, "Actual Loops": 4, "Hash Buckets": 2097152, "Original Hash Buckets": 2097152, "Hash Batches": 1, "Original Hash Batches": 1, "Peak Memory Usage": 91584, "Workers": [], "Plans": [{"Node Type": "Seq Scan", "Parent Relationship": "Outer", "Parallel Aware": true, "Async Capable": false, "Relation Name": "customer_demographics", "Alias": "customer_demographics", "Startup Cost": 0.0, "Total Cost": 28052.13, "Plan Rows": 619613, "Plan Width": 4, "Actual Rows": 480200, "Actual Loops": 4, "Workers": []}]}]}]}]}]}]}]}, "Planning Time": 2.143, "Triggers": [], "Execution Time": 3628.218}, {"Plan": {"Node Type": "Aggregate", "Strategy": "Plain", "Partial Mode": "Finalize", "Parallel Aware": false, "Async Capable": false, "Startup Cost": 107729.96, "Total Cost": 107729.97, "Plan Rows": 1, "Plan Width": 8, "Actual Rows": 1, "Actual Loops": 1, "Plans": [{"Node Type": "Gather", "Parent Relationship": "Outer", "Parallel Aware": false, "Async Capable": false, "Startup Cost": 107729.74, "Total Cost": 107729.95, "Plan Rows": 2, "Plan Width": 8, "Actual Rows": 3, "Actual Loops": 1, "Workers Planned": 2, "Workers Launched": 2, "Single Copy": false, "Plans": [{"Node Type": "Aggregate", "Strategy": "Plain", "Partial Mode": "Partial", "Parent Relationship": "Outer", "Parallel Aware": false, "Async Capable": false, "Startup Cost": 106729.74, "Total Cost": 106729.75, "Plan Rows": 1, "Plan Width": 8, "Actual Rows": 1, "Actual Loops": 3, "Workers": [], "Plans": [{"Node Type": "Hash Join", "Parent Relationship": "Outer", "Parallel Aware": true, "Async Capable": false, "Join Type": "Inner", "Startup Cost": 99930.3, "Total Cost": 106727.79, "Plan Rows": 782, "Plan Width": 0, "Actual Rows": 393, "Actual Loops": 3, "Inner Unique": false, "Hash Cond": "(customer_address.ca_address_sk = customer.c_current_addr_sk)", "Workers": [], "Plans": [{"Node Type": "Seq Scan", "Parent Relationship": "Outer", "Parallel Aware": true, "Async Capable": false, "Relation Name": "customer_address", "Alias": "customer_address", "Startup Cost": 0.0, "Total Cost": 6790.08, "Plan Rows": 871, "Plan Width": 4, "Actual Rows": 689, "Actual Loops": 3, "Filter": "((ca_city)::text = 'Lakeview'::text)", "Rows Removed by Filter": 82645, "Workers": []}, {"Node Type": "Hash", "Parent Relationship": "Inner", "Parallel Aware": true, "Async Capable": false, "Startup Cost": 99228.57, "Total Cost": 99228.57, "Plan Rows": 56138, "Plan Width": 4, "Actual Rows": 45825, "Actual Loops": 3, "Hash Buckets": 262144, "Original Hash Buckets": 262144, "Hash Batches": 1, "Original Hash Batches": 1, "Peak Memory Usage": 7456, "Workers": [], "Plans": [{"Node Type": "Hash Join", "Parent Relationship": "Outer", "Parallel Aware": true, "Async Capable": false, "Join Type": "Inner", "Startup Cost": 41217.51, "Total Cost": 99228.57, "Plan Rows": 56138, "Plan Width": 4, "Actual Rows": 45825, "Actual Loops": 3, "Inner Unique": false, "Hash Cond": "(store_returns.sr_cdemo_sk = customer_demographics.cd_demo_sk)", "Workers": [], "Plans": [{"Node Type": "Seq Scan", "Parent Relationship": "Outer", "Parallel Aware": true, "Async Capable": false, "Relation Name": "store_returns", "Alias": "store_returns", "Startup Cost": 0.0, "Total Cost": 55140.58, "Plan Rows": 718858, "Plan Width": 4, "Actual Rows": 958477, "Actual Loops": 3, "Workers": []}, {"Node Type": "Hash", "Parent Relationship": "Inner", "Parallel Aware": true, "Async Capable": false, "Startup Cost": 40612.67, "Total Cost": 40612.67, "Plan Rows": 48387, "Plan Width": 12, "Actual Rows": 31718, "Actual Loops": 3, "Hash Buckets": 262144, "Original Hash Buckets": 262144, "Hash Batches": 1, "Original Hash Batches": 1, "Peak Memory Usage": 6592, "Workers": [], "Plans": [{"Node Type": "Nested Loop", "Parent Relationship": "Outer", "Parallel Aware": false, "Async Capable": false, "Join Type": "Inner", "Startup Cost": 216.8, "Total Cost": 40612.67, "Plan Rows": 48387, "Plan Width": 12, "Actual Rows": 31718, "Actual Loops": 3, "Inner Unique": true, "Workers": [], "Plans": [{"Node Type": "Hash Join", "Parent Relationship": "Outer", "Parallel Aware": false, "Async Capable": false, "Join Type": "Inner", "Startup Cost": 216.38, "Total Cost": 17030.01, "Plan Rows": 48387, "Plan Width": 8, "Actual Rows": 32289, "Actual Loops": 3, "Inner Unique": true, "Hash Cond": "(household_demographics.hd_income_band_sk = income_band.ib_income_band_sk)", "Workers": [], "Plans": [{"Node Type": "Hash Join", "Parent Relationship": "Outer", "Parallel Aware": false, "Async Capable": false, "Join Type": "Inner", "Startup Cost": 215.0, "Total Cost": 16515.53, "Plan Rows": 161290, "Plan Width": 12, "Actual Rows": 160857, "Actual Loops": 3, "Inner Unique": true, "Hash Cond": "(customer.c_current_hdemo_sk = household_demographics.hd_demo_sk)", "Workers": [], "Plans": [{"Node Type": "Seq Scan", "Parent Relationship": "Outer", "Parallel Aware": true, "Async Capable": false, "Relation Name": "customer", "Alias": "customer", "Startup Cost": 0.0, "Total Cost": 15876.9, "Plan Rows": 161290, "Plan Width": 12, "Actual Rows": 166667, "Actual Loops": 3, "Workers": []}, {"Node Type": "Hash", "Parent Relationship": "Inner", "Parallel Aware": false, "Async Capable": false, "Startup Cost": 125.0, "Total Cost": 125.0, "Plan Rows": 7200, "Plan Width": 8, "Actual Rows": 7200, "Actual Loops": 3, "Hash Buckets": 8192, "Original Hash Buckets": 8192, "Hash Batches": 1, "Original Hash Batches": 1, "Peak Memory Usage": 346, "Workers": [], "Plans": [{"Node Type": "Seq Scan", "Parent Relationship": "Outer", "Parallel Aware": false, "Async Capable": false, "Relation Name": "household_demographics", "Alias": "household_demographics", "Startup Cost": 0.0, "Total Cost": 125.0, "Plan Rows": 7200, "Plan Width": 8, "Actual Rows": 7200, "Actual Loops": 3, "Workers": []}]}]}, {"Node Type": "Hash", "Parent Relationship": "Inner", "Parallel Aware": false, "Async Capable": false, "Startup Cost": 1.3, "Total Cost": 1.3, "Plan Rows": 6, "Plan Width": 4, "Actual Rows": 4, "Actual Loops": 3, "Hash Buckets": 1024, "Original Hash Buckets": 1024, "Hash Batches": 1, "Original Hash Batches": 1, "Peak Memory Usage": 9, "Workers": [], "Plans": [{"Node Type": "Seq Scan", "Parent Relationship": "Outer", "Parallel Aware": false, "Async Capable": false, "Relation Name": "income_band", "Alias": "income_band", "Startup Cost": 0.0, "Total Cost": 1.3, "Plan Rows": 6, "Plan Width": 4, "Actual Rows": 4, "Actual Loops": 3, "Filter": "((ib_lower_bound >= 15906) AND (ib_upper_bound <= 65906))", "Rows Removed by Filter": 16, "Workers": []}]}]}, {"Node Type": "Index Only Scan", "Parent Relationship": "Inner", "Parallel Aware": false, "Async Capable": false, "Scan Direction": "Forward", "Index Name": "customer_demographics_pkey", "Relation Name": "customer_demographics", "Alias": "customer_demographics", "Startup Cost": 0.43, "Total Cost": 0.49, "Plan Rows": 1, "Plan Width": 4, "Actual Rows": 1, "Actual Loops": 96866, "Index Cond": "(cd_demo_sk = customer.c_current_cdemo_sk)", "Rows Removed by Index Recheck": 0, "Heap Fetches": 0, "Workers": []}]}]}]}]}]}]}]}]}, "Planning Time": 3.365, "Triggers": [], "Execution Time": 1243.862}, {"Plan": {"Node Type": "Aggregate", "Strategy": "Plain", "Partial Mode": "Finalize", "Parallel Aware": false, "Async Capable": false, "Startup Cost": 112519.09, "Total Cost": 112519.1, "Plan Rows": 1, "Plan Width": 8, "Actual Rows": 1, "Actual Loops": 1, "Plans": [{"Node Type": "Gather", "Parent Relationship": "Outer", "Parallel Aware": false, "Async Capable": false, "Startup Cost": 112518.78, "Total Cost": 112519.09, "Plan Rows": 3, "Plan Width": 8, "Actual Rows": 4, "Actual Loops": 1, "Workers Planned": 3, "Workers Launched": 3, "Single Copy": false, "Plans": [{"Node Type": "Aggregate", "Strategy": "Plain", "Partial Mode": "Partial", "Parent Relationship": "Outer", "Parallel Aware": false, "Async Capable": false, "Startup Cost": 111518.78, "Total Cost": 111518.79, "Plan Rows": 1, "Plan Width": 8, "Actual Rows": 1, "Actual Loops": 4, "Workers": [], "Plans": [{"Node Type": "Hash Join", "Parent Relationship": "Outer", "Parallel Aware": true, "Async Capable": false, "Join Type": "Inner", "Startup Cost": 81139.32, "Total Cost": 111517.26, "Plan Rows": 605, "Plan Width": 0, "Actual Rows": 295, "Actual Loops": 4, "Inner Unique": false, "Hash Cond": "(customer_demographics.cd_demo_sk = customer.c_current_cdemo_sk)", "Workers": [], "Plans": [{"Node Type": "Seq Scan", "Parent Relationship": "Outer", "Parallel Aware": true, "Async Capable": false, "Relation Name": "customer_demographics", "Alias": "customer_demographics", "Startup Cost": 0.0, "Total Cost": 28052.13, "Plan Rows": 619613, "Plan Width": 4, "Actual Rows": 480200, "Actual Loops": 4, "Workers": []}, {"Node Type": "Hash", "Parent Relationship": "Inner", "Parallel Aware": true, "Async Capable": false, "Startup Cost": 81130.22, "Total Cost": 81130.22, "Plan Rows": 728, "Plan Width": 8, "Actual Rows": 295, "Actual Loops": 4, "Hash Buckets": 4096, "Original Hash Buckets": 4096, "Hash Batches": 1, "Original Hash Batches": 1, "Peak Memory Usage": 160, "Workers": [], "Plans": [{"Node Type": "Hash Join", "Parent Relationship": "Outer", "Parallel Aware": true, "Async Capable": false, "Join Type": "Inner", "Startup Cost": 23291.57, "Total Cost": 81130.22, "Plan Rows": 728, "Plan Width": 8, "Actual Rows": 295, "Actual Loops": 4, "Inner Unique": false, "Hash Cond": "(store_returns.sr_cdemo_sk = customer.c_current_cdemo_sk)", "Workers": [], "Plans": [{"Node Type": "Seq Scan", "Parent Relationship": "Outer", "Parallel Aware": true, "Async Capable": false, "Relation Name": "store_returns", "Alias": "store_returns", "Startup Cost": 0.0, "Total Cost": 55140.58, "Plan Rows": 718858, "Plan Width": 4, "Actual Rows": 718858, "Actual Loops": 4, "Workers": []}, {"Node Type": "Hash", "Parent Relationship": "Inner", "Parallel Aware": true, "Async Capable": false, "Startup Cost": 23286.51, "Total Cost": 23286.51, "Plan Rows": 405, "Plan Width": 4, "Actual Rows": 207, "Actual Loops": 4, "Hash Buckets": 2048, "Original Hash Buckets": 2048, "Hash Batches": 1, "Original Hash Batches": 1, "Peak Memory Usage": 144, "Workers": [], "Plans": [{"Node Type": "Hash Join", "Parent Relationship": "Outer", "Parallel Aware": false, "Async Capable": false, "Join Type": "Inner", "Startup Cost": 6977.25, "Total Cost": 23286.51, "Plan Rows": 405, "Plan Width": 4, "Actual Rows": 207, "Actual Loops": 4, "Inner Unique": false, "Hash Cond": "(customer.c_current_hdemo_sk = household_demographics.hd_demo_sk)", "Workers": [], "Plans": [{"Node Type": "Hash Join", "Parent Relationship": "Outer", "Parallel Aware": true, "Async Capable": false, "Join Type": "Inner", "Startup Cost": 6800.97, "Total Cost": 23101.27, "Plan Rows": 1348, "Plan Width": 8, "Actual Rows": 1023, "Actual Loops": 4, "Inner Unique": true, "Hash Cond": "(customer.c_current_addr_sk = customer_address.ca_address_sk)", "Workers": [], "Plans": [{"Node Type": "Seq Scan", "Parent Relationship": "Outer", "Parallel Aware": true, "Async Capable": false, "Relation Name": "customer", "Alias": "customer", "Startup Cost": 0.0, "Total Cost": 15876.9, "Plan Rows": 161290, "Plan Width": 12, "Actual Rows": 125000, "Actual Loops": 4, "Workers": []}, {"Node Type": "Hash", "Parent Relationship": "Inner", "Parallel Aware": true, "Async Capable": false, "Startup Cost": 6790.08, "Total Cost": 6790.08, "Plan Rows": 871, "Plan Width": 4, "Actual Rows": 516, "Actual Loops": 4, "Hash Buckets": 4096, "Original Hash Buckets": 4096, "Hash Batches": 1, "Original Hash Batches": 1, "Peak Memory Usage": 192, "Workers": [], "Plans": [{"Node Type": "Seq Scan", "Parent Relationship": "Outer", "Parallel Aware": true, "Async Capable": false, "Relation Name": "customer_address", "Alias": "customer_address", "Startup Cost": 0.0, "Total Cost": 6790.08, "Plan Rows": 871, "Plan Width": 4, "Actual Rows": 516, "Actual Loops": 4, "Filter": "((ca_city)::text = 'Lakeview'::text)", "Rows Removed by Filter": 61984, "Workers": []}]}]}, {"Node Type": "Hash", "Parent Relationship": "Inner", "Parallel Aware": false, "Async Capable": false, "Startup Cost": 149.28, "Total Cost": 149.28, "Plan Rows": 2160, "Plan Width": 4, "Actual Rows": 1440, "Actual Loops": 4, "Hash Buckets": 4096, "Original Hash Buckets": 4096, "Hash Batches": 1, "Original Hash Batches": 1, "Peak Memory Usage": 83, "Workers": [], "Plans": [{"Node Type": "Hash Join", "Parent Relationship": "Outer", "Parallel Aware": false, "Async Capable": false, "Join Type": "Inner", "Startup Cost": 1.38, "Total Cost": 149.28, "Plan Rows": 2160, "Plan Width": 4, "Actual Rows": 1440, "Actual Loops": 4, "Inner Unique": true, "Hash Cond": "(household_demographics.hd_income_band_sk = income_band.ib_income_band_sk)", "Workers": [], "Plans": [{"Node Type": "Seq Scan", "Parent Relationship": "Outer", "Parallel Aware": false, "Async Capable": false, "Relation Name": "household_demographics", "Alias": "household_demographics", "Startup Cost": 0.0, "Total Cost": 125.0, "Plan Rows": 7200, "Plan Width": 8, "Actual Rows": 7200, "Actual Loops": 4, "Workers": []}, {"Node Type": "Hash", "Parent Relationship": "Inner", "Parallel Aware": false, "Async Capable": false, "Startup Cost": 1.3, "Total Cost": 1.3, "Plan Rows": 6, "Plan Width": 4, "Actual Rows": 4, "Actual Loops": 4, "Hash Buckets": 1024, "Original Hash Buckets": 1024, "Hash Batches": 1, "Original Hash Batches": 1, "Peak Memory Usage": 9, "Workers": [], "Plans": [{"Node Type": "Seq Scan", "Parent Relationship": "Outer", "Parallel Aware": false, "Async Capable": false, "Relation Name": "income_band", "Alias": "income_band", "Startup Cost": 0.0, "Total Cost": 1.3, "Plan Rows": 6, "Plan Width": 4, "Actual Rows": 4, "Actual Loops": 4, "Filter": "((ib_lower_bound >= 15906) AND (ib_upper_bound <= 65906))", "Rows Removed by Filter": 16, "Workers": []}]}]}]}]}]}]}]}]}]}]}]}, "Planning Time": 3.369, "Triggers": [], "Execution Time": 407.453}, {"Plan": {"Node Type": "Aggregate", "Strategy": "Plain", "Partial Mode": "Finalize", "Parallel Aware": false, "Async Capable": false, "Startup Cost": 82328.31, "Total Cost": 82328.32, "Plan Rows": 1, "Plan Width": 8, "Actual Rows": 1, "Actual Loops": 1, "Plans": [{"Node Type": "Gather", "Parent Relationship": "Outer", "Parallel Aware": false, "Async Capable": false, "Startup Cost": 82327.89, "Total Cost": 82328.3, "Plan Rows": 4, "Plan Width": 8, "Actual Rows": 5, "Actual Loops": 1, "Workers Planned": 4, "Workers Launched": 4, "Single Copy": false, "Plans": [{"Node Type": "Aggregate", "Strategy": "Plain", "Partial Mode": "Partial", "Parent Relationship": "Outer", "Parallel Aware": false, "Async Capable": false, "Startup Cost": 81327.89, "Total Cost": 81327.9, "Plan Rows": 1, "Plan Width": 8, "Actual Rows": 1, "Actual Loops": 5, "Workers": [], "Plans": [{"Node Type": "Hash Join", "Parent Relationship": "Outer", "Parallel Aware": true, "Async Capable": false, "Join Type": "Inner", "Startup Cost": 23488.96, "Total Cost": 81326.71, "Plan Rows": 469, "Plan Width": 0, "Actual Rows": 236, "Actual Loops": 5, "Inner Unique": false, "Hash Cond": "(store_returns.sr_cdemo_sk = customer_demographics.cd_demo_sk)", "Workers": [], "Plans": [{"Node Type": "Seq Scan", "Parent Relationship": "Outer", "Parallel Aware": true, "Async Capable": false, "Relation Name": "store_returns", "Alias": "store_returns", "Startup Cost": 0.0, "Total Cost": 55140.58, "Plan Rows": 718858, "Plan Width": 4, "Actual Rows": 575086, "Actual Loops": 5, "Workers": []}, {"Node Type": "Hash", "Parent Relationship": "Inner", "Parallel Aware": true, "Async Capable": false, "Startup Cost": 23483.89, "Total Cost": 23483.89, "Plan Rows": 405, "Plan Width": 8, "Actual Rows": 163, "Actual Loops": 5, "Hash Buckets": 2048, "Original Hash Buckets": 2048, "Hash Batches": 1, "Original Hash Batches": 1, "Peak Memory Usage": 176, "Workers": [], "Plans": [{"Node Type": "Nested Loop", "Parent Relationship": "Outer", "Parallel Aware": false, "Async Capable": false, "Join Type": "Inner", "Startup Cost": 6977.68, "Total Cost": 23483.89, "Plan Rows": 405, "Plan Width": 8, "Actual Rows": 163, "Actual Loops": 5, "Inner Unique": true, "Workers": [], "Plans": [{"Node Type": "Hash Join", "Parent Relationship": "Outer", "Parallel Aware": false, "Async Capable": false, "Join Type": "Inner", "Startup Cost": 6977.25, "Total Cost": 23286.51, "Plan Rows": 405, "Plan Width": 4, "Actual Rows": 166, "Actual Loops": 5, "Inner Unique": false, "Hash Cond": "(customer.c_current_hdemo_sk = household_demographics.hd_demo_sk)", "Workers": [], "Plans": [{"Node Type": "Hash Join", "Parent Relationship": "Outer", "Parallel Aware": true, "Async Capable": false, "Join Type": "Inner", "Startup Cost": 6800.97, "Total Cost": 23101.27, "Plan Rows": 1348, "Plan Width": 8, "Actual Rows": 819, "Actual Loops": 5, "Inner Unique": true, "Hash Cond": "(customer.c_current_addr_sk = customer_address.ca_address_sk)", "Workers": [], "Plans": [{"Node Type": "Seq Scan", "Parent Relationship": "Outer", "Parallel Aware": true, "Async Capable": false, "Relation Name": "customer", "Alias": "customer", "Startup Cost": 0.0, "Total Cost": 15876.9, "Plan Rows": 161290, "Plan Width": 12, "Actual Rows": 100000, "Actual Loops": 5, "Workers": []}, {"Node Type": "Hash", "Parent Relationship": "Inner", "Parallel Aware": true, "Async Capable": false, "Startup Cost": 6790.08, "Total Cost": 6790.08, "Plan Rows": 871, "Plan Width": 4, "Actual Rows": 413, "Actual Loops": 5, "Hash Buckets": 4096, "Original Hash Buckets": 4096, "Hash Batches": 1, "Original Hash Batches": 1, "Peak Memory Usage": 224, "Workers": [], "Plans": [{"Node Type": "Seq Scan", "Parent Relationship": "Outer", "Parallel Aware": true, "Async Capable": false, "Relation Name": "customer_address", "Alias": "customer_address", "Startup Cost": 0.0, "Total Cost": 6790.08, "Plan Rows": 871, "Plan Width": 4, "Actual Rows": 413, "Actual Loops": 5, "Filter": "((ca_city)::text = 'Lakeview'::text)", "Rows Removed by Filter": 49587, "Workers": []}]}]}, {"Node Type": "Hash", "Parent Relationship": "Inner", "Parallel Aware": false, "Async Capable": false, "Startup Cost": 149.28, "Total Cost": 149.28, "Plan Rows": 2160, "Plan Width": 4, "Actual Rows": 1440, "Actual Loops": 5, "Hash Buckets": 4096, "Original Hash Buckets": 4096, "Hash Batches": 1, "Original Hash Batches": 1, "Peak Memory Usage": 83, "Workers": [], "Plans": [{"Node Type": "Hash Join", "Parent Relationship": "Outer", "Parallel Aware": false, "Async Capable": false, "Join Type": "Inner", "Startup Cost": 1.38, "Total Cost": 149.28, "Plan Rows": 2160, "Plan Width": 4, "Actual Rows": 1440, "Actual Loops": 5, "Inner Unique": true, "Hash Cond": "(household_demographics.hd_income_band_sk = income_band.ib_income_band_sk)", "Workers": [], "Plans": [{"Node Type": "Seq Scan", "Parent Relationship": "Outer", "Parallel Aware": false, "Async Capable": false, "Relation Name": "household_demographics", "Alias": "household_demographics", "Startup Cost": 0.0, "Total Cost": 125.0, "Plan Rows": 7200, "Plan Width": 8, "Actual Rows": 7200, "Actual Loops": 5, "Workers": []}, {"Node Type": "Hash", "Parent Relationship": "Inner", "Parallel Aware": false, "Async Capable": false, "Startup Cost": 1.3, "Total Cost": 1.3, "Plan Rows": 6, "Plan Width": 4, "Actual Rows": 4, "Actual Loops": 5, "Hash Buckets": 1024, "Original Hash Buckets": 1024, "Hash Batches": 1, "Original Hash Batches": 1, "Peak Memory Usage": 9, "Workers": [], "Plans": [{"Node Type": "Seq Scan", "Parent Relationship": "Outer", "Parallel Aware": false, "Async Capable": false, "Relation Name": "income_band", "Alias": "income_band", "Startup Cost": 0.0, "Total Cost": 1.3, "Plan Rows": 6, "Plan Width": 4, "Actual Rows": 4, "Actual Loops": 5, "Filter": "((ib_lower_bound >= 15906) AND (ib_upper_bound <= 65906))", "Rows Removed by Filter": 16, "Workers": []}]}]}]}]}, {"Node Type": "Index Only Scan", "Parent Relationship": "Inner", "Parallel Aware": false, "Async Capable": false, "Scan Direction": "Forward", "Index Name": "customer_demographics_pkey", "Relation Name": "customer_demographics", "Alias": "customer_demographics", "Startup Cost": 0.43, "Total Cost": 0.49, "Plan Rows": 1, "Plan Width": 4, "Actual Rows": 1, "Actual Loops": 829, "Index Cond": "(cd_demo_sk = customer.c_current_cdemo_sk)", "Rows Removed by Index Recheck": 0, "Heap Fetches": 0, "Workers": []}]}]}]}]}]}]}, "Planning Time": 2.678, "Triggers": [], "Execution Time": 207.143}, {"Plan": {"Node Type": "Aggregate", "Strategy": "Plain", "Partial Mode": "Finalize", "Parallel Aware": false, "Async Capable": false, "Startup Cost": 82804.54, "Total Cost": 82804.55, "Plan Rows": 1, "Plan Width": 8, "Actual Rows": 1, "Actual Loops": 1, "Plans": [{"Node Type": "Gather", "Parent Relationship": "Outer", "Parallel Aware": false, "Async Capable": false, "Startup Cost": 82804.12, "Total Cost": 82804.53, "Plan Rows": 4, "Plan Width": 8, "Actual Rows": 5, "Actual Loops": 1, "Workers Planned": 4, "Workers Launched": 4, "Single Copy": false, "Plans": [{"Node Type": "Aggregate", "Strategy": "Plain", "Partial Mode": "Partial", "Parent Relationship": "Outer", "Parallel Aware": false, "Async Capable": false, "Startup Cost": 81804.12, "Total Cost": 81804.13, "Plan Rows": 1, "Plan Width": 8, "Actual Rows": 1, "Actual Loops": 5, "Workers": [], "Plans": [{"Node Type": "Hash Join", "Parent Relationship": "Outer", "Parallel Aware": false, "Async Capable": false, "Join Type": "Inner", "Startup Cost": 23951.38, "Total Cost": 81802.95, "Plan Rows": 469, "Plan Width": 0, "Actual Rows": 236, "Actual Loops": 5, "Inner Unique": false, "Hash Cond": "(customer.c_current_hdemo_sk = household_demographics.hd_demo_sk)", "Workers": [], "Plans": [{"Node Type": "Hash Join", "Parent Relationship": "Outer", "Parallel Aware": true, "Async Capable": false, "Join Type": "Inner", "Startup Cost": 23775.1, "Total Cost": 81616.27, "Plan Rows": 1564, "Plan Width": 4, "Actual Rows": 1149, "Actual Loops": 5, "Inner Unique": false, "Hash Cond": "(store_returns.sr_cdemo_sk = customer_demographics.cd_demo_sk)", "Workers": [], "Plans": [{"Node Type": "Seq Scan", "Parent Relationship": "Outer", "Parallel Aware": true, "Async Capable": false, "Relation Name": "store_returns", "Alias": "store_returns", "Startup Cost": 0.0, "Total Cost": 55140.58, "Plan Rows": 718858, "Plan Width": 4, "Actual Rows": 575086, "Actual Loops": 5, "Workers": []}, {"Node Type": "Hash", "Parent Relationship": "Inner", "Parallel Aware": true, "Async Capable": false, "Startup Cost": 23758.25, "Total Cost": 23758.25, "Plan Rows": 1348, "Plan Width": 12, "Actual Rows": 786, "Actual Loops": 5, "Hash Buckets": 8192, "Original Hash Buckets": 8192, "Hash Batches": 1, "Original Hash Batches": 1, "Peak Memory Usage": 352, "Workers": [], "Plans": [{"Node Type": "Nested Loop", "Parent Relationship": "Outer", "Parallel Aware": false, "Async Capable": false, "Join Type": "Inner", "Startup Cost": 6801.4, "Total Cost": 23758.25, "Plan Rows": 1348, "Plan Width": 12, "Actual Rows": 786, "Actual Loops": 5, "Inner Unique": true, "Workers": [], "Plans": [{"Node Type": "Hash Join", "Parent Relationship": "Outer", "Parallel Aware": true, "Async Capable": false, "Join Type": "Inner", "Startup Cost": 6800.97, "Total Cost": 23101.27, "Plan Rows": 1348, "Plan Width": 8, "Actual Rows": 819, "Actual Loops": 5, "Inner Unique": true, "Hash Cond": "(customer.c_current_addr_sk = customer_address.ca_address_sk)", "Workers": [], "Plans": [{"Node Type": "Seq Scan", "Parent Relationship": "Outer", "Parallel Aware": true, "Async Capable": false, "Relation Name": "customer", "Alias": "customer", "Startup Cost": 0.0, "Total Cost": 15876.9, "Plan Rows": 161290, "Plan Width": 12, "Actual Rows": 100000, "Actual Loops": 5, "Workers": []}, {"Node Type": "Hash", "Parent Relationship": "Inner", "Parallel Aware": true, "Async Capable": false, "Startup Cost": 6790.08, "Total Cost": 6790.08, "Plan Rows": 871, "Plan Width": 4, "Actual Rows": 413, "Actual Loops": 5, "Hash Buckets": 4096, "Original Hash Buckets": 4096, "Hash Batches": 1, "Original Hash Batches": 1, "Peak Memory Usage": 192, "Workers": [], "Plans": [{"Node Type": "Seq Scan", "Parent Relationship": "Outer", "Parallel Aware": true, "Async Capable": false, "Relation Name": "customer_address", "Alias": "customer_address", "Startup Cost": 0.0, "Total Cost": 6790.08, "Plan Rows": 871, "Plan Width": 4, "Actual Rows": 413, "Actual Loops": 5, "Filter": "((ca_city)::text = 'Lakeview'::text)", "Rows Removed by Filter": 49587, "Workers": []}]}]}, {"Node Type": "Index Only Scan", "Parent Relationship": "Inner", "Parallel Aware": false, "Async Capable": false, "Scan Direction": "Forward", "Index Name": "customer_demographics_pkey", "Relation Name": "customer_demographics", "Alias": "customer_demographics", "Startup Cost": 0.43, "Total Cost": 0.49, "Plan Rows": 1, "Plan Width": 4, "Actual Rows": 1, "Actual Loops": 4093, "Index Cond": "(cd_demo_sk = customer.c_current_cdemo_sk)", "Rows Removed by Index Recheck": 0, "Heap Fetches": 0, "Workers": []}]}]}]}, {"Node Type": "Hash", "Parent Relationship": "Inner", "Parallel Aware": false, "Async Capable": false, "Startup Cost": 149.28, "Total Cost": 149.28, "Plan Rows": 2160, "Plan Width": 4, "Actual Rows": 1440, "Actual Loops": 5, "Hash Buckets": 4096, "Original Hash Buckets": 4096, "Hash Batches": 1, "Original Hash Batches": 1, "Peak Memory Usage": 83, "Workers": [], "Plans": [{"Node Type": "Hash Join", "Parent Relationship": "Outer", "Parallel Aware": false, "Async Capable": false, "Join Type": "Inner", "Startup Cost": 1.38, "Total Cost": 149.28, "Plan Rows": 2160, "Plan Width": 4, "Actual Rows": 1440, "Actual Loops": 5, "Inner Unique": true, "Hash Cond": "(household_demographics.hd_income_band_sk = income_band.ib_income_band_sk)", "Workers": [], "Plans": [{"Node Type": "Seq Scan", "Parent Relationship": "Outer", "Parallel Aware": false, "Async Capable": false, "Relation Name": "household_demographics", "Alias": "household_demographics", "Startup Cost": 0.0, "Total Cost": 125.0, "Plan Rows": 7200, "Plan Width": 8, "Actual Rows": 7200, "Actual Loops": 5, "Workers": []}, {"Node Type": "Hash", "Parent Relationship": "Inner", "Parallel Aware": false, "Async Capable": false, "Startup Cost": 1.3, "Total Cost": 1.3, "Plan Rows": 6, "Plan Width": 4, "Actual Rows": 4, "Actual Loops": 5, "Hash Buckets": 1024, "Original Hash Buckets": 1024, "Hash Batches": 1, "Original Hash Batches": 1, "Peak Memory Usage": 9, "Workers": [], "Plans": [{"Node Type": "Seq Scan", "Parent Relationship": "Outer", "Parallel Aware": false, "Async Capable": false, "Relation Name": "income_band", "Alias": "income_band", "Startup Cost": 0.0, "Total Cost": 1.3, "Plan Rows": 6, "Plan Width": 4, "Actual Rows": 4, "Actual Loops": 5, "Filter": "((ib_lower_bound >= 15906) AND (ib_upper_bound <= 65906))", "Rows Removed by Filter": 16, "Workers": []}]}]}]}]}]}]}]}, "Planning Time": 3.697, "Triggers": [], "Execution Time": 259.982}, {"Plan": {"Node Type": "Aggregate", "Strategy": "Plain", "Partial Mode": "Finalize", "Parallel Aware": false, "Async Capable": false, "Startup Cost": 82842.75, "Total Cost": 82842.76, "Plan Rows": 1, "Plan Width": 8, "Actual Rows": 1, "Actual Loops": 1, "Plans": [{"Node Type": "Gather", "Parent Relationship": "Outer", "Parallel Aware": false, "Async Capable": false, "Startup Cost": 82842.33, "Total Cost": 82842.74, "Plan Rows": 4, "Plan Width": 8, "Actual Rows": 5, "Actual Loops": 1, "Workers Planned": 4, "Workers Launched": 4, "Single Copy": false, "Plans": [{"Node Type": "Aggregate", "Strategy": "Plain", "Partial Mode": "Partial", "Parent Relationship": "Outer", "Parallel Aware": false, "Async Capable": false, "Startup Cost": 81842.33, "Total Cost": 81842.34, "Plan Rows": 1, "Plan Width": 8, "Actual Rows": 1, "Actual Loops": 5, "Workers": [], "Plans": [{"Node Type": "Hash Join", "Parent Relationship": "Outer", "Parallel Aware": false, "Async Capable": false, "Join Type": "Inner", "Startup Cost": 23995.02, "Total Cost": 81841.16, "Plan Rows": 469, "Plan Width": 0, "Actual Rows": 236, "Actual Loops": 5, "Inner Unique": true, "Hash Cond": "(household_demographics.hd_income_band_sk = income_band.ib_income_band_sk)", "Workers": [], "Plans": [{"Node Type": "Hash Join", "Parent Relationship": "Outer", "Parallel Aware": true, "Async Capable": false, "Join Type": "Inner", "Startup Cost": 23993.64, "Total Cost": 81834.81, "Plan Rows": 1564, "Plan Width": 4, "Actual Rows": 1126, "Actual Loops": 5, "Inner Unique": false, "Hash Cond": "(store_returns.sr_cdemo_sk = customer_demographics.cd_demo_sk)", "Workers": [], "Plans": [{"Node Type": "Seq Scan", "Parent Relationship": "Outer", "Parallel Aware": true, "Async Capable": false, "Relation Name": "store_returns", "Alias": "store_returns", "Startup Cost": 0.0, "Total Cost": 55140.58, "Plan Rows": 718858, "Plan Width": 4, "Actual Rows": 575086, "Actual Loops": 5, "Workers": []}, {"Node Type": "Hash", "Parent Relationship": "Inner", "Parallel Aware": true, "Async Capable": false, "Startup Cost": 23976.79, "Total Cost": 23976.79, "Plan Rows": 1348, "Plan Width": 12, "Actual Rows": 771, "Actual Loops": 5, "Hash Buckets": 8192, "Original Hash Buckets": 8192, "Hash Batches": 1, "Original Hash Batches": 1, "Peak Memory Usage": 320, "Workers": [], "Plans": [{"Node Type": "Hash Join", "Parent Relationship": "Outer", "Parallel Aware": false, "Async Capable": false, "Join Type": "Inner", "Startup Cost": 7016.4, "Total Cost": 23976.79, "Plan Rows": 1348, "Plan Width": 12, "Actual Rows": 771, "Actual Loops": 5, "Inner Unique": true, "Hash Cond": "(customer.c_current_hdemo_sk = household_demographics.hd_demo_sk)", "Workers": [], "Plans": [{"Node Type": "Nested Loop", "Parent Relationship": "Outer", "Parallel Aware": false, "Async Capable": false, "Join Type": "Inner", "Startup Cost": 6801.4, "Total Cost": 23758.25, "Plan Rows": 1348, "Plan Width": 12, "Actual Rows": 786, "Actual Loops": 5, "Inner Unique": true, "Workers": [], "Plans": [{"Node Type": "Hash Join", "Parent Relationship": "Outer", "Parallel Aware": true, "Async Capable": false, "Join Type": "Inner", "Startup Cost": 6800.97, "Total Cost": 23101.27, "Plan Rows": 1348, "Plan Width": 8, "Actual Rows": 819, "Actual Loops": 5, "Inner Unique": true, "Hash Cond": "(customer.c_current_addr_sk = customer_address.ca_address_sk)", "Workers": [], "Plans": [{"Node Type": "Seq Scan", "Parent Relationship": "Outer", "Parallel Aware": true, "Async Capable": false, "Relation Name": "customer", "Alias": "customer", "Startup Cost": 0.0, "Total Cost": 15876.9, "Plan Rows": 161290, "Plan Width": 12, "Actual Rows": 100000, "Actual Loops": 5, "Workers": []}, {"Node Type": "Hash", "Parent Relationship": "Inner", "Parallel Aware": true, "Async Capable": false, "Startup Cost": 6790.08, "Total Cost": 6790.08, "Plan Rows": 871, "Plan Width": 4, "Actual Rows": 413, "Actual Loops": 5, "Hash Buckets": 4096, "Original Hash Buckets": 4096, "Hash Batches": 1, "Original Hash Batches": 1, "Peak Memory Usage": 192, "Workers": [], "Plans": [{"Node Type": "Seq Scan", "Parent Relationship": "Outer", "Parallel Aware": true, "Async Capable": false, "Relation Name": "customer_address", "Alias": "customer_address", "Startup Cost": 0.0, "Total Cost": 6790.08, "Plan Rows": 871, "Plan Width": 4, "Actual Rows": 413, "Actual Loops": 5, "Filter": "((ca_city)::text = 'Lakeview'::text)", "Rows Removed by Filter": 49587, "Workers": []}]}]}, {"Node Type": "Index Only Scan", "Parent Relationship": "Inner", "Parallel Aware": false, "Async Capable": false, "Scan Direction": "Forward", "Index Name": "customer_demographics_pkey", "Relation Name": "customer_demographics", "Alias": "customer_demographics", "Startup Cost": 0.43, "Total Cost": 0.49, "Plan Rows": 1, "Plan Width": 4, "Actual Rows": 1, "Actual Loops": 4093, "Index Cond": "(cd_demo_sk = customer.c_current_cdemo_sk)", "Rows Removed by Index Recheck": 0, "Heap Fetches": 0, "Workers": []}]}, {"Node Type": "Hash", "Parent Relationship": "Inner", "Parallel Aware": false, "Async Capable": false, "Startup Cost": 125.0, "Total Cost": 125.0, "Plan Rows": 7200, "Plan Width": 8, "Actual Rows": 7200, "Actual Loops": 5, "Hash Buckets": 8192, "Original Hash Buckets": 8192, "Hash Batches": 1, "Original Hash Batches": 1, "Peak Memory Usage": 346, "Workers": [], "Plans": [{"Node Type": "Seq Scan", "Parent Relationship": "Outer", "Parallel Aware": false, "Async Capable": false, "Relation Name": "household_demographics", "Alias": "household_demographics", "Startup Cost": 0.0, "Total Cost": 125.0, "Plan Rows": 7200, "Plan Width": 8, "Actual Rows": 7200, "Actual Loops": 5, "Workers": []}]}]}]}]}, {"Node Type": "Hash", "Parent Relationship": "Inner", "Parallel Aware": false, "Async Capable": false, "Startup Cost": 1.3, "Total Cost": 1.3, "Plan Rows": 6, "Plan Width": 4, "Actual Rows": 4, "Actual Loops": 5, "Hash Buckets": 1024, "Original Hash Buckets": 1024, "Hash Batches": 1, "Original Hash Batches": 1, "Peak Memory Usage": 9, "Workers": [], "Plans": [{"Node Type": "Seq Scan", "Parent Relationship": "Outer", "Parallel Aware": false, "Async Capable": false, "Relation Name": "income_band", "Alias": "income_band", "Startup Cost": 0.0, "Total Cost": 1.3, "Plan Rows": 6, "Plan Width": 4, "Actual Rows": 4, "Actual Loops": 5, "Filter": "((ib_lower_bound >= 15906) AND (ib_upper_bound <= 65906))", "Rows Removed by Filter": 16, "Workers": []}]}]}]}]}]}, "Planning Time": 2.449, "Triggers": [], "Execution Time": 265.402}, {"Plan": {"Node Type": "Aggregate", "Strategy": "Plain", "Partial Mode": "Finalize", "Parallel Aware": false, "Async Capable": false, "Startup Cost": 88615.01, "Total Cost": 88615.02, "Plan Rows": 1, "Plan Width": 8, "Actual Rows": 1, "Actual Loops": 1, "Plans": [{"Node Type": "Gather", "Parent Relationship": "Outer", "Parallel Aware": false, "Async Capable": false, "Startup Cost": 88614.69, "Total Cost": 88615.0, "Plan Rows": 3, "Plan Width": 8, "Actual Rows": 4, "Actual Loops": 1, "Workers Planned": 3, "Workers Launched": 3, "Single Copy": false, "Plans": [{"Node Type": "Aggregate", "Strategy": "Plain", "Partial Mode": "Partial", "Parent Relationship": "Outer", "Parallel Aware": false, "Async Capable": false, "Startup Cost": 87614.69, "Total Cost": 87614.7, "Plan Rows": 1, "Plan Width": 8, "Actual Rows": 1, "Actual Loops": 4, "Workers": [], "Plans": [{"Node Type": "Hash Join", "Parent Relationship": "Outer", "Parallel Aware": true, "Async Capable": false, "Join Type": "Inner", "Startup Cost": 71103.98, "Total Cost": 87613.18, "Plan Rows": 605, "Plan Width": 0, "Actual Rows": 295, "Actual Loops": 4, "Inner Unique": false, "Hash Cond": "(customer_demographics.cd_demo_sk = store_returns.sr_cdemo_sk)", "Workers": [], "Plans": [{"Node Type": "Nested Loop", "Parent Relationship": "Outer", "Parallel Aware": false, "Async Capable": false, "Join Type": "Inner", "Startup Cost": 6977.68, "Total Cost": 23483.89, "Plan Rows": 405, "Plan Width": 8, "Actual Rows": 204, "Actual Loops": 4, "Inner Unique": true, "Workers": [], "Plans": [{"Node Type": "Hash Join", "Parent Relationship": "Outer", "Parallel Aware": false, "Async Capable": false, "Join Type": "Inner", "Startup Cost": 6977.25, "Total Cost": 23286.51, "Plan Rows": 405, "Plan Width": 4, "Actual Rows": 207, "Actual Loops": 4, "Inner Unique": false, "Hash Cond": "(customer.c_current_hdemo_sk = household_demographics.hd_demo_sk)", "Workers": [], "Plans": [{"Node Type": "Hash Join", "Parent Relationship": "Outer", "Parallel Aware": true, "Async Capable": false, "Join Type": "Inner", "Startup Cost": 6800.97, "Total Cost": 23101.27, "Plan Rows": 1348, "Plan Width": 8, "Actual Rows": 1023, "Actual Loops": 4, "Inner Unique": true, "Hash Cond": "(customer.c_current_addr_sk = customer_address.ca_address_sk)", "Workers": [], "Plans": [{"Node Type": "Seq Scan", "Parent Relationship": "Outer", "Parallel Aware": true, "Async Capable": false, "Relation Name": "customer", "Alias": "customer", "Startup Cost": 0.0, "Total Cost": 15876.9, "Plan Rows": 161290, "Plan Width": 12, "Actual Rows": 125000, "Actual Loops": 4, "Workers": []}, {"Node Type": "Hash", "Parent Relationship": "Inner", "Parallel Aware": true, "Async Capable": false, "Startup Cost": 6790.08, "Total Cost": 6790.08, "Plan Rows": 871, "Plan Width": 4, "Actual Rows": 516, "Actual Loops": 4, "Hash Buckets": 4096, "Original Hash Buckets": 4096, "Hash Batches": 1, "Original Hash Batches": 1, "Peak Memory Usage": 160, "Workers": [], "Plans": [{"Node Type": "Seq Scan", "Parent Relationship": "Outer", "Parallel Aware": true, "Async Capable": false, "Relation Name": "customer_address", "Alias": "customer_address", "Startup Cost": 0.0, "Total Cost": 6790.08, "Plan Rows": 871, "Plan Width": 4, "Actual Rows": 516, "Actual Loops": 4, "Filter": "((ca_city)::text = 'Lakeview'::text)", "Rows Removed by Filter": 61984, "Workers": []}]}]}, {"Node Type": "Hash", "Parent Relationship": "Inner", "Parallel Aware": false, "Async Capable": false, "Startup Cost": 149.28, "Total Cost": 149.28, "Plan Rows": 2160, "Plan Width": 4, "Actual Rows": 1440, "Actual Loops": 4, "Hash Buckets": 4096, "Original Hash Buckets": 4096, "Hash Batches": 1, "Original Hash Batches": 1, "Peak Memory Usage": 83, "Workers": [], "Plans": [{"Node Type": "Hash Join", "Parent Relationship": "Outer", "Parallel Aware": false, "Async Capable": false, "Join Type": "Inner", "Startup Cost": 1.38, "Total Cost": 149.28, "Plan Rows": 2160, "Plan Width": 4, "Actual Rows": 1440, "Actual Loops": 4, "Inner Unique": true, "Hash Cond": "(household_demographics.hd_income_band_sk = income_band.ib_income_band_sk)", "Workers": [], "Plans": [{"Node Type": "Seq Scan", "Parent Relationship": "Outer", "Parallel Aware": false, "Async Capable": false, "Relation Name": "household_demographics", "Alias": "household_demographics", "Startup Cost": 0.0, "Total Cost": 125.0, "Plan Rows": 7200, "Plan Width": 8, "Actual Rows": 7200, "Actual Loops": 4, "Workers": []}, {"Node Type": "Hash", "Parent Relationship": "Inner", "Parallel Aware": false, "Async Capable": false, "Startup Cost": 1.3, "Total Cost": 1.3, "Plan Rows": 6, "Plan Width": 4, "Actual Rows": 4, "Actual Loops": 4, "Hash Buckets": 1024, "Original Hash Buckets": 1024, "Hash Batches": 1, "Original Hash Batches": 1, "Peak Memory Usage": 9, "Workers": [], "Plans": [{"Node Type": "Seq Scan", "Parent Relationship": "Outer", "Parallel Aware": false, "Async Capable": false, "Relation Name": "income_band", "Alias": "income_band", "Startup Cost": 0.0, "Total Cost": 1.3, "Plan Rows": 6, "Plan Width": 4, "Actual Rows": 4, "Actual Loops": 4, "Filter": "((ib_lower_bound >= 15906) AND (ib_upper_bound <= 65906))", "Rows Removed by Filter": 16, "Workers": []}]}]}]}]}, {"Node Type": "Index Only Scan", "Parent Relationship": "Inner", "Parallel Aware": false, "Async Capable": false, "Scan Direction": "Forward", "Index Name": "customer_demographics_pkey", "Relation Name": "customer_demographics", "Alias": "customer_demographics", "Startup Cost": 0.43, "Total Cost": 0.49, "Plan Rows": 1, "Plan Width": 4, "Actual Rows": 1, "Actual Loops": 829, "Index Cond": "(cd_demo_sk = customer.c_current_cdemo_sk)", "Rows Removed by Index Recheck": 0, "Heap Fetches": 0, "Workers": []}]}, {"Node Type": "Hash", "Parent Relationship": "Inner", "Parallel Aware": true, "Async Capable": false, "Startup Cost": 55140.58, "Total Cost": 55140.58, "Plan Rows": 718858, "Plan Width": 4, "Actual Rows": 718858, "Actual Loops": 4, "Hash Buckets": 4194304, "Original Hash Buckets": 4194304, "Hash Batches": 1, "Original Hash Batches": 1, "Peak Memory Usage": 141408, "Workers": [], "Plans": [{"Node Type": "Seq Scan", "Parent Relationship": "Outer", "Parallel Aware": true, "Async Capable": false, "Relation Name": "store_returns", "Alias": "store_returns", "Startup Cost": 0.0, "Total Cost": 55140.58, "Plan Rows": 718858, "Plan Width": 4, "Actual Rows": 718858, "Actual Loops": 4, "Workers": []}]}]}]}]}]}, "Planning Time": 2.209, "Triggers": [], "Execution Time": 1008.522}, {"Plan": {"Node Type": "Aggregate", "Strategy": "Plain", "Partial Mode": "Simple", "Parallel Aware": false, "Async Capable": false, "Startup Cost": 83503.07, "Total Cost": 83503.08, "Plan Rows": 1, "Plan Width": 8, "Actual Rows": 1, "Actual Loops": 1, "Plans": [{"Node Type": "Hash Join", "Parent Relationship": "Outer", "Parallel Aware": false, "Async Capable": false, "Join Type": "Inner", "Startup Cost": 83321.56, "Total Cost": 83498.37, "Plan Rows": 1877, "Plan Width": 0, "Actual Rows": 1180, "Actual Loops": 1, "Inner Unique": false, "Hash Cond": "(household_demographics.hd_demo_sk = customer.c_current_hdemo_sk)", "Plans": [{"Node Type": "Hash Join", "Parent Relationship": "Outer", "Parallel Aware": false, "Async Capable": false, "Join Type": "Inner", "Startup Cost": 1.38, "Total Cost": 149.28, "Plan Rows": 2160, "Plan Width": 4, "Actual Rows": 1440, "Actual Loops": 1, "Inner Unique": true, "Hash Cond": "(household_demographics.hd_income_band_sk = income_band.ib_income_band_sk)", "Plans": [{"Node Type": "Seq Scan", "Parent Relationship": "Outer", "Parallel Aware": false, "Async Capable": false, "Relation Name": "household_demographics", "Alias": "household_demographics", "Startup Cost": 0.0, "Total Cost": 125.0, "Plan Rows": 7200, "Plan Width": 8, "Actual Rows": 7200, "Actual Loops": 1}, {"Node Type": "Hash", "Parent Relationship": "Inner", "Parallel Aware": false, "Async Capable": false, "Startup Cost": 1.3, "Total Cost": 1.3, "Plan Rows": 6, "Plan Width": 4, "Actual Rows": 4, "Actual Loops": 1, "Hash Buckets": 1024, "Original Hash Buckets": 1024, "Hash Batches": 1, "Original Hash Batches": 1, "Peak Memory Usage": 9, "Plans": [{"Node Type": "Seq Scan", "Parent Relationship": "Outer", "Parallel Aware": false, "Async Capable": false, "Relation Name": "income_band", "Alias": "income_band", "Startup Cost": 0.0, "Total Cost": 1.3, "Plan Rows": 6, "Plan Width": 4, "Actual Rows": 4, "Actual Loops": 1, "Filter": "((ib_lower_bound >= 15906) AND (ib_upper_bound <= 65906))", "Rows Removed by Filter": 16}]}]}, {"Node Type": "Hash", "Parent Relationship": "Inner", "Parallel Aware": false, "Async Capable": false, "Startup Cost": 83241.97, "Total Cost": 83241.97, "Plan Rows": 6257, "Plan Width": 4, "Actual Rows": 5628, "Actual Loops": 1, "Hash Buckets": 8192, "Original Hash Buckets": 8192, "Hash Batches": 1, "Original Hash Batches": 1, "Peak Memory Usage": 262, "Plans": [{"Node Type": "Gather", "Parent Relationship": "Outer", "Parallel Aware": false, "Async Capable": false, "Startup Cost": 24775.1, "Total Cost": 83241.97, "Plan Rows": 6257, "Plan Width": 4, "Actual Rows": 5744, "Actual Loops": 1, "Workers Planned": 4, "Workers Launched": 4, "Single Copy": false, "Plans": [{"Node Type": "Hash Join", "Parent Relationship": "Outer", "Parallel Aware": true, "Async Capable": false, "Join Type": "Inner", "Startup Cost": 23775.1, "Total Cost": 81616.27, "Plan Rows": 1564, "Plan Width": 4, "Actual Rows": 1149, "Actual Loops": 5, "Inner Unique": false, "Hash Cond": "(store_returns.sr_cdemo_sk = customer_demographics.cd_demo_sk)", "Workers": [], "Plans": [{"Node Type": "Seq Scan", "Parent Relationship": "Outer", "Parallel Aware": true, "Async Capable": false, "Relation Name": "store_returns", "Alias": "store_returns", "Startup Cost": 0.0, "Total Cost": 55140.58, "Plan Rows": 718858, "Plan Width": 4, "Actual Rows": 575086, "Actual Loops": 5, "Workers": []}, {"Node Type": "Hash", "Parent Relationship": "Inner", "Parallel Aware": true, "Async Capable": false, "Startup Cost": 23758.25, "Total Cost": 23758.25, "Plan Rows": 1348, "Plan Width": 12, "Actual Rows": 786, "Actual Loops": 5, "Hash Buckets": 8192, "Original Hash Buckets": 8192, "Hash Batches": 1, "Original Hash Batches": 1, "Peak Memory Usage": 352, "Workers": [], "Plans": [{"Node Type": "Nested Loop", "Parent Relationship": "Outer", "Parallel Aware": false, "Async Capable": false, "Join Type": "Inner", "Startup Cost": 6801.4, "Total Cost": 23758.25, "Plan Rows": 1348, "Plan Width": 12, "Actual Rows": 786, "Actual Loops": 5, "Inner Unique": true, "Workers": [], "Plans": [{"Node Type": "Hash Join", "Parent Relationship": "Outer", "Parallel Aware": true, "Async Capable": false, "Join Type": "Inner", "Startup Cost": 6800.97, "Total Cost": 23101.27, "Plan Rows": 1348, "Plan Width": 8, "Actual Rows": 819, "Actual Loops": 5, "Inner Unique": true, "Hash Cond": "(customer.c_current_addr_sk = customer_address.ca_address_sk)", "Workers": [], "Plans": [{"Node Type": "Seq Scan", "Parent Relationship": "Outer", "Parallel Aware": true, "Async Capable": false, "Relation Name": "customer", "Alias": "customer", "Startup Cost": 0.0, "Total Cost": 15876.9, "Plan Rows": 161290, "Plan Width": 12, "Actual Rows": 100000, "Actual Loops": 5, "Workers": []}, {"Node Type": "Hash", "Parent Relationship": "Inner", "Parallel Aware": true, "Async Capable": false, "Startup Cost": 6790.08, "Total Cost": 6790.08, "Plan Rows": 871, "Plan Width": 4, "Actual Rows": 413, "Actual Loops": 5, "Hash Buckets": 4096, "Original Hash Buckets": 4096, "Hash Batches": 1, "Original Hash Batches": 1, "Peak Memory Usage": 192, "Workers": [], "Plans": [{"Node Type": "Seq Scan", "Parent Relationship": "Outer", "Parallel Aware": true, "Async Capable": false, "Relation Name": "customer_address", "Alias": "customer_address", "Startup Cost": 0.0, "Total Cost": 6790.08, "Plan Rows": 871, "Plan Width": 4, "Actual Rows": 413, "Actual Loops": 5, "Filter": "((ca_city)::text = 'Lakeview'::text)", "Rows Removed by Filter": 49587, "Workers": []}]}]}, {"Node Type": "Index Only Scan", "Parent Relationship": "Inner", "Parallel Aware": false, "Async Capable": false, "Scan Direction": "Forward", "Index Name": "customer_demographics_pkey", "Relation Name": "customer_demographics", "Alias": "customer_demographics", "Startup Cost": 0.43, "Total Cost": 0.49, "Plan Rows": 1, "Plan Width": 4, "Actual Rows": 1, "Actual Loops": 4093, "Index Cond": "(cd_demo_sk = customer.c_current_cdemo_sk)", "Rows Removed by Index Recheck": 0, "Heap Fetches": 0, "Workers": []}]}]}]}]}]}]}]}, "Planning Time": 2.411, "Triggers": [], "Execution Time": 254.037}, {"Plan": {"Node Type": "Aggregate", "Strategy": "Plain", "Partial Mode": "Finalize", "Parallel Aware": false, "Async Capable": false, "Startup Cost": 82470.23, "Total Cost": 82470.24, "Plan Rows": 1, "Plan Width": 8, "Actual Rows": 1, "Actual Loops": 1, "Plans": [{"Node Type": "Gather", "Parent Relationship": "Outer", "Parallel Aware": false, "Async Capable": false, "Startup Cost": 82469.81, "Total Cost": 82470.22, "Plan Rows": 4, "Plan Width": 8, "Actual Rows": 5, "Actual Loops": 1, "Workers Planned": 4, "Workers Launched": 4, "Single Copy": false, "Plans": [{"Node Type": "Aggregate", "Strategy": "Plain", "Partial Mode": "Partial", "Parent Relationship": "Outer", "Parallel Aware": false, "Async Capable": false, "Startup Cost": 81469.81, "Total Cost": 81469.82, "Plan Rows": 1, "Plan Width": 8, "Actual Rows": 1, "Actual Loops": 5, "Workers": [], "Plans": [{"Node Type": "Nested Loop", "Parent Relationship": "Outer", "Parallel Aware": false, "Async Capable": false, "Join Type": "Inner", "Startup Cost": 23292.0, "Total Cost": 81468.64, "Plan Rows": 469, "Plan Width": 0, "Actual Rows": 236, "Actual Loops": 5, "Inner Unique": true, "Join Filter": "(customer_demographics.cd_demo_sk = customer.c_current_cdemo_sk)", "Rows Removed by Join Filter": 0, "Workers": [], "Plans": [{"Node Type": "Hash Join", "Parent Relationship": "Outer", "Parallel Aware": true, "Async Capable": false, "Join Type": "Inner", "Startup Cost": 23291.57, "Total Cost": 81130.22, "Plan Rows": 728, "Plan Width": 8, "Actual Rows": 236, "Actual Loops": 5, "Inner Unique": false, "Hash Cond": "(store_returns.sr_cdemo_sk = customer.c_current_cdemo_sk)", "Workers": [], "Plans": [{"Node Type": "Seq Scan", "Parent Relationship": "Outer", "Parallel Aware": true, "Async Capable": false, "Relation Name": "store_returns", "Alias": "store_returns", "Startup Cost": 0.0, "Total Cost": 55140.58, "Plan Rows": 718858, "Plan Width": 4, "Actual Rows": 575086, "Actual Loops": 5, "Workers": []}, {"Node Type": "Hash", "Parent Relationship": "Inner", "Parallel Aware": true, "Async Capable": false, "Startup Cost": 23286.51, "Total Cost": 23286.51, "Plan Rows": 405, "Plan Width": 4, "Actual Rows": 166, "Actual Loops": 5, "Hash Buckets": 2048, "Original Hash Buckets": 2048, "Hash Batches": 1, "Original Hash Batches": 1, "Peak Memory Usage": 176, "Workers": [], "Plans": [{"Node Type": "Hash Join", "Parent Relationship": "Outer", "Parallel Aware": false, "Async Capable": false, "Join Type": "Inner", "Startup Cost": 6977.25, "Total Cost": 23286.51, "Plan Rows": 405, "Plan Width": 4, "Actual Rows": 166, "Actual Loops": 5, "Inner Unique": false, "Hash Cond": "(customer.c_current_hdemo_sk = household_demographics.hd_demo_sk)", "Workers": [], "Plans": [{"Node Type": "Hash Join", "Parent Relationship": "Outer", "Parallel Aware": true, "Async Capable": false, "Join Type": "Inner", "Startup Cost": 6800.97, "Total Cost": 23101.27, "Plan Rows": 1348, "Plan Width": 8, "Actual Rows": 819, "Actual Loops": 5, "Inner Unique": true, "Hash Cond": "(customer.c_current_addr_sk = customer_address.ca_address_sk)", "Workers": [], "Plans": [{"Node Type": "Seq Scan", "Parent Relationship": "Outer", "Parallel Aware": true, "Async Capable": false, "Relation Name": "customer", "Alias": "customer", "Startup Cost": 0.0, "Total Cost": 15876.9, "Plan Rows": 161290, "Plan Width": 12, "Actual Rows": 100000, "Actual Loops": 5, "Workers": []}, {"Node Type": "Hash", "Parent Relationship": "Inner", "Parallel Aware": true, "Async Capable": false, "Startup Cost": 6790.08, "Total Cost": 6790.08, "Plan Rows": 871, "Plan Width": 4, "Actual Rows": 413, "Actual Loops": 5, "Hash Buckets": 4096, "Original Hash Buckets": 4096, "Hash Batches": 1, "Original Hash Batches": 1, "Peak Memory Usage": 192, "Workers": [], "Plans": [{"Node Type": "Seq Scan", "Parent Relationship": "Outer", "Parallel Aware": true, "Async Capable": false, "Relation Name": "customer_address", "Alias": "customer_address", "Startup Cost": 0.0, "Total Cost": 6790.08, "Plan Rows": 871, "Plan Width": 4, "Actual Rows": 413, "Actual Loops": 5, "Filter": "((ca_city)::text = 'Lakeview'::text)", "Rows Removed by Filter": 49587, "Workers": []}]}]}, {"Node Type": "Hash", "Parent Relationship": "Inner", "Parallel Aware": false, "Async Capable": false, "Startup Cost": 149.28, "Total Cost": 149.28, "Plan Rows": 2160, "Plan Width": 4, "Actual Rows": 1440, "Actual Loops": 5, "Hash Buckets": 4096, "Original Hash Buckets": 4096, "Hash Batches": 1, "Original Hash Batches": 1, "Peak Memory Usage": 83, "Workers": [], "Plans": [{"Node Type": "Hash Join", "Parent Relationship": "Outer", "Parallel Aware": false, "Async Capable": false, "Join Type": "Inner", "Startup Cost": 1.38, "Total Cost": 149.28, "Plan Rows": 2160, "Plan Width": 4, "Actual Rows": 1440, "Actual Loops": 5, "Inner Unique": true, "Hash Cond": "(household_demographics.hd_income_band_sk = income_band.ib_income_band_sk)", "Workers": [], "Plans": [{"Node Type": "Seq Scan", "Parent Relationship": "Outer", "Parallel Aware": false, "Async Capable": false, "Relation Name": "household_demographics", "Alias": "household_demographics", "Startup Cost": 0.0, "Total Cost": 125.0, "Plan Rows": 7200, "Plan Width": 8, "Actual Rows": 7200, "Actual Loops": 5, "Workers": []}, {"Node Type": "Hash", "Parent Relationship": "Inner", "Parallel Aware": false, "Async Capable": false, "Startup Cost": 1.3, "Total Cost": 1.3, "Plan Rows": 6, "Plan Width": 4, "Actual Rows": 4, "Actual Loops": 5, "Hash Buckets": 1024, "Original Hash Buckets": 1024, "Hash Batches": 1, "Original Hash Batches": 1, "Peak Memory Usage": 9, "Workers": [], "Plans": [{"Node Type": "Seq Scan", "Parent Relationship": "Outer", "Parallel Aware": false, "Async Capable": false, "Relation Name": "income_band", "Alias": "income_band", "Startup Cost": 0.0, "Total Cost": 1.3, "Plan Rows": 6, "Plan Width": 4, "Actual Rows": 4, "Actual Loops": 5, "Filter": "((ib_lower_bound >= 15906) AND (ib_upper_bound <= 65906))", "Rows Removed by Filter": 16, "Workers": []}]}]}]}]}]}]}, {"Node Type": "Index Only Scan", "Parent Relationship": "Inner", "Parallel Aware": false, "Async Capable": false, "Scan Direction": "Forward", "Index Name": "customer_demographics_pkey", "Relation Name": "customer_demographics", "Alias": "customer_demographics", "Startup Cost": 0.43, "Total Cost": 0.45, "Plan Rows": 1, "Plan Width": 4, "Actual Rows": 1, "Actual Loops": 1180, "Index Cond": "(cd_demo_sk = store_returns.sr_cdemo_sk)", "Rows Removed by Index Recheck": 0, "Heap Fetches": 0, "Workers": []}]}]}]}]}, "Planning Time": 2.41, "Triggers": [], "Execution Time": 201.111}]