[{"Plan": {"Node Type": "Aggregate", "Strategy": "Plain", "Partial Mode": "Finalize", "Parallel Aware": false, "Async Capable": false, "Startup Cost": 581384.87, "Total Cost": 581384.88, "Plan Rows": 1, "Plan Width": 8, "Actual Rows": 1, "Actual Loops": 1, "Plans": [{"Node Type": "Gather", "Parent Relationship": "Outer", "Parallel Aware": false, "Async Capable": false, "Startup Cost": 581384.24, "Total Cost": 581384.85, "Plan Rows": 6, "Plan Width": 8, "Actual Rows": 7, "Actual Loops": 1, "Workers Planned": 6, "Workers Launched": 6, "Single Copy": false, "Plans": [{"Node Type": "Aggregate", "Strategy": "Plain", "Partial Mode": "Partial", "Parent Relationship": "Outer", "Parallel Aware": false, "Async Capable": false, "Startup Cost": 580384.24, "Total Cost": 580384.25, "Plan Rows": 1, "Plan Width": 8, "Actual Rows": 1, "Actual Loops": 7, "Workers": [], "Plans": [{"Node Type": "Hash Join", "Parent Relationship": "Outer", "Parallel Aware": false, "Async Capable": false, "Join Type": "Inner", "Startup Cost": 2301.12, "Total Cost": 580381.87, "Plan Rows": 951, "Plan Width": 0, "Actual Rows": 30432, "Actual Loops": 7, "Inner Unique": true, "Hash Cond": "(store_sales.ss_store_sk = store.s_store_sk)", "Workers": [], "Plans": [{"Node Type": "Hash Join", "Parent Relationship": "Outer", "Parallel Aware": false, "Async Capable": false, "Join Type": "Inner", "Startup Cost": 2293.41, "Total Cost": 580371.34, "Plan Rows": 1032, "Plan Width": 4, "Actual Rows": 33425, "Actual Loops": 7, "Inner Unique": true, "Hash Cond": "(store_sales.ss_hdemo_sk = household_demographics.hd_demo_sk)", "Workers": [], "Plans": [{"Node Type": "Hash Join", "Parent Relationship": "Outer", "Parallel Aware": true, "Async Capable": false, "Join Type": "Inner", "Startup Cost": 2123.41, "Total Cost": 580174.25, "Plan Rows": 10317, "Plan Width": 8, "Actual Rows": 340055, "Actual Loops": 7, "Inner Unique": true, "Hash Cond": "(store_sales.ss_sold_date_sk = date_dim.d_date_sk)", "Workers": [], "Plans": [{"Node Type": "Seq Scan", "Parent Relationship": "Outer", "Parallel Aware": true, "Async Capable": false, "Relation Name": "store_sales", "Alias": "store_sales", "Startup Cost": 0.0, "Total Cost": 565449.69, "Plan Rows": 4800169, "Plan Width": 12, "Actual Rows": 4114427, "Actual Loops": 7, "Workers": []}, {"Node Type": "Hash", "Parent Relationship": "Inner", "Parallel Aware": true, "Async Capable": false, "Startup Cost": 2122.26, "Total Cost": 2122.26, "Plan Rows": 92, "Plan Width": 4, "Actual Rows": 22, "Actual Loops": 7, "Hash Buckets": 1024, "Original Hash Buckets": 1024, "Hash Batches": 1, "Original Hash Batches": 1, "Peak Memory Usage": 104, "Workers": [], "Plans": [{"Node Type": "Seq Scan", "Parent Relationship": "Outer", "Parallel Aware": true, "Async Capable": false, "Relation Name": "date_dim", "Alias": "date_dim", "Startup Cost": 0.0, "Total Cost": 2122.26, "Plan Rows": 92, "Plan Width": 4, "Actual Rows": 22, "Actual Loops": 7, "Filter": "((d_dow = 1) AND (d_year = ANY ('{2000,2001,2002}'::integer[])))", "Rows Removed by Filter": 10413, "Workers": []}]}]}, {"Node Type": "Hash", "Parent Relationship": "Inner", "Parallel Aware": false, "Async Capable": false, "Startup Cost": 161.0, "Total Cost": 161.0, "Plan Rows": 720, "Plan Width": 4, "Actual Rows": 720, "Actual Loops": 7, "Hash Buckets": 1024, "Original Hash Buckets": 1024, "Hash Batches": 1, "Original Hash Batches": 1, "Peak Memory Usage": 34, "Workers": [], "Plans": [{"Node Type": "Seq Scan", "Parent Relationship": "Outer", "Parallel Aware": false, "Async Capable": false, "Relation Name": "household_demographics", "Alias": "household_demographics", "Startup Cost": 0.0, "Total Cost": 161.0, "Plan Rows": 720, "Plan Width": 4, "Actual Rows": 720, "Actual Loops": 7, "Filter": "((hd_dep_count = 6) OR (hd_vehicle_count > 4))", "Rows Removed by Filter": 6480, "Workers": []}]}]}, {"Node Type": "Hash", "Parent Relationship": "Inner", "Parallel Aware": false, "Async Capable": false, "Startup Cost": 6.53, "Total Cost": 6.53, "Plan Rows": 94, "Plan Width": 4, "Actual Rows": 94, "Actual Loops": 7, "Hash Buckets": 1024, "Original Hash Buckets": 1024, "Hash Batches": 1, "Original Hash Batches": 1, "Peak Memory Usage": 12, "Workers": [], "Plans": [{"Node Type": "Seq Scan", "Parent Relationship": "Outer", "Parallel Aware": false, "Async Capable": false, "Relation Name": "store", "Alias": "store", "Startup Cost": 0.0, "Total Cost": 6.53, "Plan Rows": 94, "Plan Width": 4, "Actual Rows": 94, "Actual Loops": 7, "Filter": "((s_number_employees >= 200) AND (s_number_employees <= 295))", "Rows Removed by Filter": 8, "Workers": []}]}]}]}]}]}, "Planning Time": 1.778, "Triggers": [], "Execution Time": 872.967}, {"Plan": {"Node Type": "Aggregate", "Strategy": "Plain", "Partial Mode": "Finalize", "Parallel Aware": false, "Async Capable": false, "Startup Cost": 581384.87, "Total Cost": 581384.88, "Plan Rows": 1, "Plan Width": 8, "Actual Rows": 1, "Actual Loops": 1, "Plans": [{"Node Type": "Gather", "Parent Relationship": "Outer", "Parallel Aware": false, "Async Capable": false, "Startup Cost": 581384.24, "Total Cost": 581384.85, "Plan Rows": 6, "Plan Width": 8, "Actual Rows": 7, "Actual Loops": 1, "Workers Planned": 6, "Workers Launched": 6, "Single Copy": false, "Plans": [{"Node Type": "Aggregate", "Strategy": "Plain", "Partial Mode": "Partial", "Parent Relationship": "Outer", "Parallel Aware": false, "Async Capable": false, "Startup Cost": 580384.24, "Total Cost": 580384.25, "Plan Rows": 1, "Plan Width": 8, "Actual Rows": 1, "Actual Loops": 7, "Workers": [], "Plans": [{"Node Type": "Hash Join", "Parent Relationship": "Outer", "Parallel Aware": false, "Async Capable": false, "Join Type": "Inner", "Startup Cost": 2301.12, "Total Cost": 580381.87, "Plan Rows": 951, "Plan Width": 0, "Actual Rows": 30432, "Actual Loops": 7, "Inner Unique": true, "Hash Cond": "(store_sales.ss_store_sk = store.s_store_sk)", "Workers": [], "Plans": [{"Node Type": "Hash Join", "Parent Relationship": "Outer", "Parallel Aware": false, "Async Capable": false, "Join Type": "Inner", "Startup Cost": 2293.41, "Total Cost": 580371.34, "Plan Rows": 1032, "Plan Width": 4, "Actual Rows": 33425, "Actual Loops": 7, "Inner Unique": true, "Hash Cond": "(store_sales.ss_hdemo_sk = household_demographics.hd_demo_sk)", "Workers": [], "Plans": [{"Node Type": "Hash Join", "Parent Relationship": "Outer", "Parallel Aware": true, "Async Capable": false, "Join Type": "Inner", "Startup Cost": 2123.41, "Total Cost": 580174.25, "Plan Rows": 10317, "Plan Width": 8, "Actual Rows": 340055, "Actual Loops": 7, "Inner Unique": true, "Hash Cond": "(store_sales.ss_sold_date_sk = date_dim.d_date_sk)", "Workers": [], "Plans": [{"Node Type": "Seq Scan", "Parent Relationship": "Outer", "Parallel Aware": true, "Async Capable": false, "Relation Name": "store_sales", "Alias": "store_sales", "Startup Cost": 0.0, "Total Cost": 565449.69, "Plan Rows": 4800169, "Plan Width": 12, "Actual Rows": 4114427, "Actual Loops": 7, "Workers": []}, {"Node Type": "Hash", "Parent Relationship": "Inner", "Parallel Aware": true, "Async Capable": false, "Startup Cost": 2122.26, "Total Cost": 2122.26, "Plan Rows": 92, "Plan Width": 4, "Actual Rows": 22, "Actual Loops": 7, "Hash Buckets": 1024, "Original Hash Buckets": 1024, "Hash Batches": 1, "Original Hash Batches": 1, "Peak Memory Usage": 200, "Workers": [], "Plans": [{"Node Type": "Seq Scan", "Parent Relationship": "Outer", "Parallel Aware": true, "Async Capable": false, "Relation Name": "date_dim", "Alias": "date_dim", "Startup Cost": 0.0, "Total Cost": 2122.26, "Plan Rows": 92, "Plan Width": 4, "Actual Rows": 22, "Actual Loops": 7, "Filter": "((d_dow = 1) AND (d_year = ANY ('{2000,2001,2002}'::integer[])))", "Rows Removed by Filter": 10413, "Workers": []}]}]}, {"Node Type": "Hash", "Parent Relationship": "Inner", "Parallel Aware": false, "Async Capable": false, "Startup Cost": 161.0, "Total Cost": 161.0, "Plan Rows": 720, "Plan Width": 4, "Actual Rows": 720, "Actual Loops": 7, "Hash Buckets": 1024, "Original Hash Buckets": 1024, "Hash Batches": 1, "Original Hash Batches": 1, "Peak Memory Usage": 34, "Workers": [], "Plans": [{"Node Type": "Seq Scan", "Parent Relationship": "Outer", "Parallel Aware": false, "Async Capable": false, "Relation Name": "household_demographics", "Alias": "household_demographics", "Startup Cost": 0.0, "Total Cost": 161.0, "Plan Rows": 720, "Plan Width": 4, "Actual Rows": 720, "Actual Loops": 7, "Filter": "((hd_dep_count = 6) OR (hd_vehicle_count > 4))", "Rows Removed by Filter": 6480, "Workers": []}]}]}, {"Node Type": "Hash", "Parent Relationship": "Inner", "Parallel Aware": false, "Async Capable": false, "Startup Cost": 6.53, "Total Cost": 6.53, "Plan Rows": 94, "Plan Width": 4, "Actual Rows": 94, "Actual Loops": 7, "Hash Buckets": 1024, "Original Hash Buckets": 1024, "Hash Batches": 1, "Original Hash Batches": 1, "Peak Memory Usage": 12, "Workers": [], "Plans": [{"Node Type": "Seq Scan", "Parent Relationship": "Outer", "Parallel Aware": false, "Async Capable": false, "Relation Name": "store", "Alias": "store", "Startup Cost": 0.0, "Total Cost": 6.53, "Plan Rows": 94, "Plan Width": 4, "Actual Rows": 94, "Actual Loops": 7, "Filter": "((s_number_employees >= 200) AND (s_number_employees <= 295))", "Rows Removed by Filter": 8, "Workers": []}]}]}]}]}]}, "Planning Time": 1.775, "Triggers": [], "Execution Time": 905.391}, {"Plan": {"Node Type": "Aggregate", "Strategy": "Plain", "Partial Mode": "Simple", "Parallel Aware": false, "Async Capable": false, "Startup Cost": 587873.67, "Total Cost": 587873.68, "Plan Rows": 1, "Plan Width": 8, "Actual Rows": 1, "Actual Loops": 1, "Plans": [{"Node Type": "Hash Join", "Parent Relationship": "Outer", "Parallel Aware": false, "Async Capable": false, "Join Type": "Inner", "Startup Cost": 587627.68, "Total Cost": 587859.41, "Plan Rows": 5704, "Plan Width": 0, "Actual Rows": 213025, "Actual Loops": 1, "Inner Unique": false, "Hash Cond": "(household_demographics.hd_demo_sk = store_sales.ss_hdemo_sk)", "Plans": [{"Node Type": "Seq Scan", "Parent Relationship": "Outer", "Parallel Aware": false, "Async Capable": false, "Relation Name": "household_demographics", "Alias": "household_demographics", "Startup Cost": 0.0, "Total Cost": 161.0, "Plan Rows": 720, "Plan Width": 4, "Actual Rows": 720, "Actual Loops": 1, "Filter": "((hd_dep_count = 6) OR (hd_vehicle_count > 4))", "Rows Removed by Filter": 6480}, {"Node Type": "Hash", "Parent Relationship": "Inner", "Parallel Aware": false, "Async Capable": false, "Startup Cost": 586914.61, "Total Cost": 586914.61, "Plan Rows": 57045, "Plan Width": 4, "Actual Rows": 2116472, "Actual Loops": 1, "Hash Buckets": 4194304, "Original Hash Buckets": 65536, "Hash Batches": 1, "Original Hash Batches": 1, "Peak Memory Usage": 107176, "Plans": [{"Node Type": "Gather", "Parent Relationship": "Outer", "Parallel Aware": false, "Async Capable": false, "Startup Cost": 3131.12, "Total Cost": 586914.61, "Plan Rows": 57045, "Plan Width": 4, "Actual Rows": 2142576, "Actual Loops": 1, "Workers Planned": 6, "Workers Launched": 6, "Single Copy": false, "Plans": [{"Node Type": "Hash Join", "Parent Relationship": "Outer", "Parallel Aware": false, "Async Capable": false, "Join Type": "Inner", "Startup Cost": 2131.12, "Total Cost": 580210.11, "Plan Rows": 9508, "Plan Width": 4, "Actual Rows": 306082, "Actual Loops": 7, "Inner Unique": true, "Hash Cond": "(store_sales.ss_store_sk = store.s_store_sk)", "Workers": [], "Plans": [{"Node Type": "Hash Join", "Parent Relationship": "Outer", "Parallel Aware": true, "Async Capable": false, "Join Type": "Inner", "Startup Cost": 2123.41, "Total Cost": 580174.25, "Plan Rows": 10317, "Plan Width": 8, "Actual Rows": 340055, "Actual Loops": 7, "Inner Unique": true, "Hash Cond": "(store_sales.ss_sold_date_sk = date_dim.d_date_sk)", "Workers": [], "Plans": [{"Node Type": "Seq Scan", "Parent Relationship": "Outer", "Parallel Aware": true, "Async Capable": false, "Relation Name": "store_sales", "Alias": "store_sales", "Startup Cost": 0.0, "Total Cost": 565449.69, "Plan Rows": 4800169, "Plan Width": 12, "Actual Rows": 4114427, "Actual Loops": 7, "Workers": []}, {"Node Type": "Hash", "Parent Relationship": "Inner", "Parallel Aware": true, "Async Capable": false, "Startup Cost": 2122.26, "Total Cost": 2122.26, "Plan Rows": 92, "Plan Width": 4, "Actual Rows": 22, "Actual Loops": 7, "Hash Buckets": 1024, "Original Hash Buckets": 1024, "Hash Batches": 1, "Original Hash Batches": 1, "Peak Memory Usage": 40, "Workers": [], "Plans": [{"Node Type": "Seq Scan", "Parent Relationship": "Outer", "Parallel Aware": true, "Async Capable": false, "Relation Name": "date_dim", "Alias": "date_dim", "Startup Cost": 0.0, "Total Cost": 2122.26, "Plan Rows": 92, "Plan Width": 4, "Actual Rows": 31, "Actual Loops": 5, "Filter": "((d_dow = 1) AND (d_year = ANY ('{2000,2001,2002}'::integer[])))", "Rows Removed by Filter": 14578, "Workers": []}]}]}, {"Node Type": "Hash", "Parent Relationship": "Inner", "Parallel Aware": false, "Async Capable": false, "Startup Cost": 6.53, "Total Cost": 6.53, "Plan Rows": 94, "Plan Width": 4, "Actual Rows": 94, "Actual Loops": 7, "Hash Buckets": 1024, "Original Hash Buckets": 1024, "Hash Batches": 1, "Original Hash Batches": 1, "Peak Memory Usage": 12, "Workers": [], "Plans": [{"Node Type": "Seq Scan", "Parent Relationship": "Outer", "Parallel Aware": false, "Async Capable": false, "Relation Name": "store", "Alias": "store", "Startup Cost": 0.0, "Total Cost": 6.53, "Plan Rows": 94, "Plan Width": 4, "Actual Rows": 94, "Actual Loops": 7, "Filter": "((s_number_employees >= 200) AND (s_number_employees <= 295))", "Rows Removed by Filter": 8, "Workers": []}]}]}]}]}]}]}, "Planning Time": 1.115, "Triggers": [], "Execution Time": 1094.32}, {"Plan": {"Node Type": "Aggregate", "Strategy": "Plain", "Partial Mode": "Finalize", "Parallel Aware": false, "Async Capable": false, "Startup Cost": 588289.3, "Total Cost": 588289.31, "Plan Rows": 1, "Plan Width": 8, "Plans": [{"Node Type": "Gather", "Parent Relationship": "Outer", "Parallel Aware": false, "Async Capable": false, "Startup Cost": 588289.18, "Total Cost": 588289.29, "Plan Rows": 1, "Plan Width": 8, "Workers Planned": 1, "Single Copy": false, "Plans": [{"Node Type": "Aggregate", "Strategy": "Plain", "Partial Mode": "Partial", "Parent Relationship": "Outer", "Parallel Aware": false, "Async Capable": false, "Startup Cost": 587289.18, "Total Cost": 587289.19, "Plan Rows": 1, "Plan Width": 8, "Plans": [{"Node Type": "Hash Join", "Parent Relationship": "Outer", "Parallel Aware": true, "Async Capable": false, "Join Type": "Inner", "Startup Cost": 585074.55, "Total Cost": 587280.8, "Plan Rows": 3355, "Plan Width": 0, "Inner Unique": false, "Hash Cond": "(date_dim.d_date_sk = store_sales.ss_sold_date_sk)", "Plans": [{"Node Type": "Seq Scan", "Parent Relationship": "Outer", "Parallel Aware": true, "Async Capable": false, "Relation Name": "date_dim", "Alias": "date_dim", "Startup Cost": 0.0, "Total Cost": 2122.26, "Plan Rows": 92, "Plan Width": 4, "Filter": "((d_dow = 1) AND (d_year = ANY ('{2000,2001,2002}'::integer[])))"}, {"Node Type": "Hash", "Parent Relationship": "Inner", "Parallel Aware": true, "Async Capable": false, "Startup Cost": 579544.95, "Total Cost": 579544.95, "Plan Rows": 442368, "Plan Width": 4, "Plans": [{"Node Type": "Hash Join", "Parent Relationship": "Outer", "Parallel Aware": false, "Async Capable": false, "Join Type": "Inner", "Startup Cost": 177.71, "Total Cost": 579544.95, "Plan Rows": 442368, "Plan Width": 4, "Inner Unique": true, "Hash Cond": "(store_sales.ss_store_sk = store.s_store_sk)", "Plans": [{"Node Type": "Hash Join", "Parent Relationship": "Outer", "Parallel Aware": false, "Async Capable": false, "Join Type": "Inner", "Startup Cost": 170.0, "Total Cost": 578227.22, "Plan Rows": 480017, "Plan Width": 8, "Inner Unique": true, "Hash Cond": "(store_sales.ss_hdemo_sk = household_demographics.hd_demo_sk)", "Plans": [{"Node Type": "Seq Scan", "Parent Relationship": "Outer", "Parallel Aware": true, "Async Capable": false, "Relation Name": "store_sales", "Alias": "store_sales", "Startup Cost": 0.0, "Total Cost": 565449.69, "Plan Rows": 4800169, "Plan Width": 12}, {"Node Type": "Hash", "Parent Relationship": "Inner", "Parallel Aware": false, "Async Capable": false, "Startup Cost": 161.0, "Total Cost": 161.0, "Plan Rows": 720, "Plan Width": 4, "Plans": [{"Node Type": "Seq Scan", "Parent Relationship": "Outer", "Parallel Aware": false, "Async Capable": false, "Relation Name": "household_demographics", "Alias": "household_demographics", "Startup Cost": 0.0, "Total Cost": 161.0, "Plan Rows": 720, "Plan Width": 4, "Filter": "((hd_dep_count = 6) OR (hd_vehicle_count > 4))"}]}]}, {"Node Type": "Hash", "Parent Relationship": "Inner", "Parallel Aware": false, "Async Capable": false, "Startup Cost": 6.53, "Total Cost": 6.53, "Plan Rows": 94, "Plan Width": 4, "Plans": [{"Node Type": "Seq Scan", "Parent Relationship": "Outer", "Parallel Aware": false, "Async Capable": false, "Relation Name": "store", "Alias": "store", "Startup Cost": 0.0, "Total Cost": 6.53, "Plan Rows": 94, "Plan Width": 4, "Filter": "((s_number_employees >= 200) AND (s_number_employees <= 295))"}]}]}]}]}]}]}]}}, {"Plan": {"Node Type": "Aggregate", "Strategy": "Plain", "Partial Mode": "Finalize", "Parallel Aware": false, "Async Capable": false, "Startup Cost": 581408.09, "Total Cost": 581408.1, "Plan Rows": 1, "Plan Width": 8, "Actual Rows": 1, "Actual Loops": 1, "Plans": [{"Node Type": "Gather", "Parent Relationship": "Outer", "Parallel Aware": false, "Async Capable": false, "Startup Cost": 581407.46, "Total Cost": 581408.07, "Plan Rows": 6, "Plan Width": 8, "Actual Rows": 7, "Actual Loops": 1, "Workers Planned": 6, "Workers Launched": 6, "Single Copy": false, "Plans": [{"Node Type": "Aggregate", "Strategy": "Plain", "Partial Mode": "Partial", "Parent Relationship": "Outer", "Parallel Aware": false, "Async Capable": false, "Startup Cost": 580407.46, "Total Cost": 580407.47, "Plan Rows": 1, "Plan Width": 8, "Actual Rows": 1, "Actual Loops": 7, "Workers": [], "Plans": [{"Node Type": "Hash Join", "Parent Relationship": "Outer", "Parallel Aware": false, "Async Capable": false, "Join Type": "Inner", "Startup Cost": 2301.12, "Total Cost": 580405.08, "Plan Rows": 951, "Plan Width": 0, "Actual Rows": 30432, "Actual Loops": 7, "Inner Unique": true, "Hash Cond": "(store_sales.ss_hdemo_sk = household_demographics.hd_demo_sk)", "Workers": [], "Plans": [{"Node Type": "Hash Join", "Parent Relationship": "Outer", "Parallel Aware": false, "Async Capable": false, "Join Type": "Inner", "Startup Cost": 2131.12, "Total Cost": 580210.11, "Plan Rows": 9508, "Plan Width": 4, "Actual Rows": 306082, "Actual Loops": 7, "Inner Unique": true, "Hash Cond": "(store_sales.ss_store_sk = store.s_store_sk)", "Workers": [], "Plans": [{"Node Type": "Hash Join", "Parent Relationship": "Outer", "Parallel Aware": true, "Async Capable": false, "Join Type": "Inner", "Startup Cost": 2123.41, "Total Cost": 580174.25, "Plan Rows": 10317, "Plan Width": 8, "Actual Rows": 340055, "Actual Loops": 7, "Inner Unique": true, "Hash Cond": "(store_sales.ss_sold_date_sk = date_dim.d_date_sk)", "Workers": [], "Plans": [{"Node Type": "Seq Scan", "Parent Relationship": "Outer", "Parallel Aware": true, "Async Capable": false, "Relation Name": "store_sales", "Alias": "store_sales", "Startup Cost": 0.0, "Total Cost": 565449.69, "Plan Rows": 4800169, "Plan Width": 12, "Actual Rows": 4114427, "Actual Loops": 7, "Workers": []}, {"Node Type": "Hash", "Parent Relationship": "Inner", "Parallel Aware": true, "Async Capable": false, "Startup Cost": 2122.26, "Total Cost": 2122.26, "Plan Rows": 92, "Plan Width": 4, "Actual Rows": 22, "Actual Loops": 7, "Hash Buckets": 1024, "Original Hash Buckets": 1024, "Hash Batches": 1, "Original Hash Batches": 1, "Peak Memory Usage": 136, "Workers": [], "Plans": [{"Node Type": "Seq Scan", "Parent Relationship": "Outer", "Parallel Aware": true, "Async Capable": false, "Relation Name": "date_dim", "Alias": "date_dim", "Startup Cost": 0.0, "Total Cost": 2122.26, "Plan Rows": 92, "Plan Width": 4, "Actual Rows": 22, "Actual Loops": 7, "Filter": "((d_dow = 1) AND (d_year = ANY ('{2000,2001,2002}'::integer[])))", "Rows Removed by Filter": 10413, "Workers": []}]}]}, {"Node Type": "Hash", "Parent Relationship": "Inner", "Parallel Aware": false, "Async Capable": false, "Startup Cost": 6.53, "Total Cost": 6.53, "Plan Rows": 94, "Plan Width": 4, "Actual Rows": 94, "Actual Loops": 7, "Hash Buckets": 1024, "Original Hash Buckets": 1024, "Hash Batches": 1, "Original Hash Batches": 1, "Peak Memory Usage": 12, "Workers": [], "Plans": [{"Node Type": "Seq Scan", "Parent Relationship": "Outer", "Parallel Aware": false, "Async Capable": false, "Relation Name": "store", "Alias": "store", "Startup Cost": 0.0, "Total Cost": 6.53, "Plan Rows": 94, "Plan Width": 4, "Actual Rows": 94, "Actual Loops": 7, "Filter": "((s_number_employees >= 200) AND (s_number_employees <= 295))", "Rows Removed by Filter": 8, "Workers": []}]}]}, {"Node Type": "Hash", "Parent Relationship": "Inner", "Parallel Aware": false, "Async Capable": false, "Startup Cost": 161.0, "Total Cost": 161.0, "Plan Rows": 720, "Plan Width": 4, "Actual Rows": 720, "Actual Loops": 7, "Hash Buckets": 1024, "Original Hash Buckets": 1024, "Hash Batches": 1, "Original Hash Batches": 1, "Peak Memory Usage": 34, "Workers": [], "Plans": [{"Node Type": "Seq Scan", "Parent Relationship": "Outer", "Parallel Aware": false, "Async Capable": false, "Relation Name": "household_demographics", "Alias": "household_demographics", "Startup Cost": 0.0, "Total Cost": 161.0, "Plan Rows": 720, "Plan Width": 4, "Actual Rows": 720, "Actual Loops": 7, "Filter": "((hd_dep_count = 6) OR (hd_vehicle_count > 4))", "Rows Removed by Filter": 6480, "Workers": []}]}]}]}]}]}, "Planning Time": 2.434, "Triggers": [], "Execution Time": 933.072}, {"Plan": {"Node Type": "Aggregate", "Strategy": "Plain", "Partial Mode": "Simple", "Parallel Aware": false, "Async Capable": false, "Startup Cost": 582158.24, "Total Cost": 582158.25, "Plan Rows": 1, "Plan Width": 8, "Actual Rows": 1, "Actual Loops": 1, "Plans": [{"Node Type": "Hash Join", "Parent Relationship": "Outer", "Parallel Aware": false, "Async Capable": false, "Join Type": "Inner", "Startup Cost": 582067.72, "Total Cost": 582143.98, "Plan Rows": 5704, "Plan Width": 0, "Actual Rows": 213025, "Actual Loops": 1, "Inner Unique": false, "Hash Cond": "(store.s_store_sk = store_sales.ss_store_sk)", "Plans": [{"Node Type": "Seq Scan", "Parent Relationship": "Outer", "Parallel Aware": false, "Async Capable": false, "Relation Name": "store", "Alias": "store", "Startup Cost": 0.0, "Total Cost": 6.53, "Plan Rows": 94, "Plan Width": 4, "Actual Rows": 94, "Actual Loops": 1, "Filter": "((s_number_employees >= 200) AND (s_number_employees <= 295))", "Rows Removed by Filter": 8}, {"Node Type": "Hash", "Parent Relationship": "Inner", "Parallel Aware": false, "Async Capable": false, "Startup Cost": 581990.34, "Total Cost": 581990.34, "Plan Rows": 6190, "Plan Width": 4, "Actual Rows": 231102, "Actual Loops": 1, "Hash Buckets": 262144, "Original Hash Buckets": 8192, "Hash Batches": 1, "Original Hash Batches": 1, "Peak Memory Usage": 10173, "Plans": [{"Node Type": "Gather", "Parent Relationship": "Outer", "Parallel Aware": false, "Async Capable": false, "Startup Cost": 3293.41, "Total Cost": 581990.34, "Plan Rows": 6190, "Plan Width": 4, "Actual Rows": 233973, "Actual Loops": 1, "Workers Planned": 6, "Workers Launched": 6, "Single Copy": false, "Plans": [{"Node Type": "Hash Join", "Parent Relationship": "Outer", "Parallel Aware": false, "Async Capable": false, "Join Type": "Inner", "Startup Cost": 2293.41, "Total Cost": 580371.34, "Plan Rows": 1032, "Plan Width": 4, "Actual Rows": 33425, "Actual Loops": 7, "Inner Unique": true, "Hash Cond": "(store_sales.ss_hdemo_sk = household_demographics.hd_demo_sk)", "Workers": [], "Plans": [{"Node Type": "Hash Join", "Parent Relationship": "Outer", "Parallel Aware": true, "Async Capable": false, "Join Type": "Inner", "Startup Cost": 2123.41, "Total Cost": 580174.25, "Plan Rows": 10317, "Plan Width": 8, "Actual Rows": 340055, "Actual Loops": 7, "Inner Unique": true, "Hash Cond": "(store_sales.ss_sold_date_sk = date_dim.d_date_sk)", "Workers": [], "Plans": [{"Node Type": "Seq Scan", "Parent Relationship": "Outer", "Parallel Aware": true, "Async Capable": false, "Relation Name": "store_sales", "Alias": "store_sales", "Startup Cost": 0.0, "Total Cost": 565449.69, "Plan Rows": 4800169, "Plan Width": 12, "Actual Rows": 4114427, "Actual Loops": 7, "Workers": []}, {"Node Type": "Hash", "Parent Relationship": "Inner", "Parallel Aware": true, "Async Capable": false, "Startup Cost": 2122.26, "Total Cost": 2122.26, "Plan Rows": 92, "Plan Width": 4, "Actual Rows": 22, "Actual Loops": 7, "Hash Buckets": 1024, "Original Hash Buckets": 1024, "Hash Batches": 1, "Original Hash Batches": 1, "Peak Memory Usage": 40, "Workers": [], "Plans": [{"Node Type": "Seq Scan", "Parent Relationship": "Outer", "Parallel Aware": true, "Async Capable": false, "Relation Name": "date_dim", "Alias": "date_dim", "Startup Cost": 0.0, "Total Cost": 2122.26, "Plan Rows": 92, "Plan Width": 4, "Actual Rows": 22, "Actual Loops": 7, "Filter": "((d_dow = 1) AND (d_year = ANY ('{2000,2001,2002}'::integer[])))", "Rows Removed by Filter": 10413, "Workers": []}]}]}, {"Node Type": "Hash", "Parent Relationship": "Inner", "Parallel Aware": false, "Async Capable": false, "Startup Cost": 161.0, "Total Cost": 161.0, "Plan Rows": 720, "Plan Width": 4, "Actual Rows": 720, "Actual Loops": 7, "Hash Buckets": 1024, "Original Hash Buckets": 1024, "Hash Batches": 1, "Original Hash Batches": 1, "Peak Memory Usage": 34, "Workers": [], "Plans": [{"Node Type": "Seq Scan", "Parent Relationship": "Outer", "Parallel Aware": false, "Async Capable": false, "Relation Name": "household_demographics", "Alias": "household_demographics", "Startup Cost": 0.0, "Total Cost": 161.0, "Plan Rows": 720, "Plan Width": 4, "Actual Rows": 720, "Actual Loops": 7, "Filter": "((hd_dep_count = 6) OR (hd_vehicle_count > 4))", "Rows Removed by Filter": 6480, "Workers": []}]}]}]}]}]}]}, "Planning Time": 1.575, "Triggers": [], "Execution Time": 922.107}, {"Plan": {"Node Type": "Aggregate", "Strategy": "Plain", "Partial Mode": "Finalize", "Parallel Aware": false, "Async Capable": false, "Startup Cost": 583832.65, "Total Cost": 583832.66, "Plan Rows": 1, "Plan Width": 8, "Actual Rows": 1, "Actual Loops": 1, "Plans": [{"Node Type": "Gather", "Parent Relationship": "Outer", "Parallel Aware": false, "Async Capable": false, "Startup Cost": 583832.03, "Total Cost": 583832.64, "Plan Rows": 6, "Plan Width": 8, "Actual Rows": 7, "Actual Loops": 1, "Workers Planned": 6, "Workers Launched": 6, "Single Copy": false, "Plans": [{"Node Type": "Aggregate", "Strategy": "Plain", "Partial Mode": "Partial", "Parent Relationship": "Outer", "Parallel Aware": false, "Async Capable": false, "Startup Cost": 582832.03, "Total Cost": 582832.04, "Plan Rows": 1, "Plan Width": 8, "Actual Rows": 1, "Actual Loops": 7, "Workers": [], "Plans": [{"Node Type": "Hash Join", "Parent Relationship": "Outer", "Parallel Aware": true, "Async Capable": false, "Join Type": "Inner", "Startup Cost": 2301.12, "Total Cost": 582829.65, "Plan Rows": 951, "Plan Width": 0, "Actual Rows": 30432, "Actual Loops": 7, "Inner Unique": true, "Hash Cond": "(store_sales.ss_sold_date_sk = date_dim.d_date_sk)", "Workers": [], "Plans": [{"Node Type": "Hash Join", "Parent Relationship": "Outer", "Parallel Aware": false, "Async Capable": false, "Join Type": "Inner", "Startup Cost": 177.71, "Total Cost": 579544.95, "Plan Rows": 442368, "Plan Width": 4, "Actual Rows": 353308, "Actual Loops": 7, "Inner Unique": true, "Hash Cond": "(store_sales.ss_store_sk = store.s_store_sk)", "Workers": [], "Plans": [{"Node Type": "Hash Join", "Parent Relationship": "Outer", "Parallel Aware": false, "Async Capable": false, "Join Type": "Inner", "Startup Cost": 170.0, "Total Cost": 578227.22, "Plan Rows": 480017, "Plan Width": 8, "Actual Rows": 392651, "Actual Loops": 7, "Inner Unique": true, "Hash Cond": "(store_sales.ss_hdemo_sk = household_demographics.hd_demo_sk)", "Workers": [], "Plans": [{"Node Type": "Seq Scan", "Parent Relationship": "Outer", "Parallel Aware": true, "Async Capable": false, "Relation Name": "store_sales", "Alias": "store_sales", "Startup Cost": 0.0, "Total Cost": 565449.69, "Plan Rows": 4800169, "Plan Width": 12, "Actual Rows": 4114427, "Actual Loops": 7, "Workers": []}, {"Node Type": "Hash", "Parent Relationship": "Inner", "Parallel Aware": false, "Async Capable": false, "Startup Cost": 161.0, "Total Cost": 161.0, "Plan Rows": 720, "Plan Width": 4, "Actual Rows": 720, "Actual Loops": 7, "Hash Buckets": 1024, "Original Hash Buckets": 1024, "Hash Batches": 1, "Original Hash Batches": 1, "Peak Memory Usage": 34, "Workers": [], "Plans": [{"Node Type": "Seq Scan", "Parent Relationship": "Outer", "Parallel Aware": false, "Async Capable": false, "Relation Name": "household_demographics", "Alias": "household_demographics", "Startup Cost": 0.0, "Total Cost": 161.0, "Plan Rows": 720, "Plan Width": 4, "Actual Rows": 720, "Actual Loops": 7, "Filter": "((hd_dep_count = 6) OR (hd_vehicle_count > 4))", "Rows Removed by Filter": 6480, "Workers": []}]}]}, {"Node Type": "Hash", "Parent Relationship": "Inner", "Parallel Aware": false, "Async Capable": false, "Startup Cost": 6.53, "Total Cost": 6.53, "Plan Rows": 94, "Plan Width": 4, "Actual Rows": 94, "Actual Loops": 7, "Hash Buckets": 1024, "Original Hash Buckets": 1024, "Hash Batches": 1, "Original Hash Batches": 1, "Peak Memory Usage": 12, "Workers": [], "Plans": [{"Node Type": "Seq Scan", "Parent Relationship": "Outer", "Parallel Aware": false, "Async Capable": false, "Relation Name": "store", "Alias": "store", "Startup Cost": 0.0, "Total Cost": 6.53, "Plan Rows": 94, "Plan Width": 4, "Actual Rows": 94, "Actual Loops": 7, "Filter": "((s_number_employees >= 200) AND (s_number_employees <= 295))", "Rows Removed by Filter": 8, "Workers": []}]}]}, {"Node Type": "Hash", "Parent Relationship": "Inner", "Parallel Aware": true, "Async Capable": false, "Startup Cost": 2122.26, "Total Cost": 2122.26, "Plan Rows": 92, "Plan Width": 4, "Actual Rows": 22, "Actual Loops": 7, "Hash Buckets": 1024, "Original Hash Buckets": 1024, "Hash Batches": 1, "Original Hash Batches": 1, "Peak Memory Usage": 136, "Workers": [], "Plans": [{"Node Type": "Seq Scan", "Parent Relationship": "Outer", "Parallel Aware": true, "Async Capable": false, "Relation Name": "date_dim", "Alias": "date_dim", "Startup Cost": 0.0, "Total Cost": 2122.26, "Plan Rows": 92, "Plan Width": 4, "Actual Rows": 22, "Actual Loops": 7, "Filter": "((d_dow = 1) AND (d_year = ANY ('{2000,2001,2002}'::integer[])))", "Rows Removed by Filter": 10413, "Workers": []}]}]}]}]}]}, "Planning Time": 2.558, "Triggers": [], "Execution Time": 888.455}]