[{"Plan": {"Node Type": "Aggregate", "Strategy": "Plain", "Partial Mode": "Simple", "Parallel Aware": false, "Async Capable": false, "Startup Cost": 36558.71, "Total Cost": 36558.72, "Plan Rows": 1, "Plan Width": 8, "Actual Rows": 1, "Actual Loops": 1, "Plans": [{"Node Type": "Gather", "Parent Relationship": "Outer", "Parallel Aware": false, "Async Capable": false, "Startup Cost": 3070.46, "Total Cost": 36558.71, "Plan Rows": 2, "Plan Width": 0, "Actual Rows": 88, "Actual Loops": 1, "Workers Planned": 4, "Workers Launched": 4, "Single Copy": false, "Plans": [{"Node Type": "Nested Loop", "Parent Relationship": "Outer", "Parallel Aware": false, "Async Capable": false, "Join Type": "Inner", "Startup Cost": 2070.46, "Total Cost": 35558.51, "Plan Rows": 1, "Plan Width": 0, "Actual Rows": 18, "Actual Loops": 5, "Inner Unique": true, "Workers": [], "Plans": [{"Node Type": "Nested Loop", "Parent Relationship": "Outer", "Parallel Aware": false, "Async Capable": false, "Join Type": "Inner", "Startup Cost": 2070.33, "Total Cost": 35558.35, "Plan Rows": 1, "Plan Width": 4, "Actual Rows": 18, "Actual Loops": 5, "Inner Unique": true, "Workers": [], "Plans": [{"Node Type": "Nested Loop", "Parent Relationship": "Outer", "Parallel Aware": false, "Async Capable": false, "Join Type": "Inner", "Startup Cost": 2069.91, "Total Cost": 35557.37, "Plan Rows": 2, "Plan Width": 8, "Actual Rows": 42, "Actual Loops": 5, "Inner Unique": true, "Workers": [], "Plans": [{"Node Type": "Nested Loop", "Parent Relationship": "Outer", "Parallel Aware": false, "Async Capable": false, "Join Type": "Inner", "Startup Cost": 2069.48, "Total Cost": 35540.57, "Plan Rows": 25, "Plan Width": 12, "Actual Rows": 760, "Actual Loops": 5, "Inner Unique": true, "Workers": [], "Plans": [{"Node Type": "Nested Loop", "Parent Relationship": "Outer", "Parallel Aware": false, "Async Capable": false, "Join Type": "Inner", "Startup Cost": 2069.2, "Total Cost": 35495.11, "Plan Rows": 150, "Plan Width": 16, "Actual Rows": 4740, "Actual Loops": 5, "Inner Unique": true, "Workers": [], "Plans": [{"Node Type": "Hash Join", "Parent Relationship": "Outer", "Parallel Aware": true, "Async Capable": false, "Join Type": "Inner", "Startup Cost": 2068.78, "Total Cost": 35421.04, "Plan Rows": 153, "Plan Width": 8, "Actual Rows": 4833, "Actual Loops": 5, "Inner Unique": true, "Hash Cond": "(catalog_returns.cr_returned_date_sk = date_dim.d_date_sk)", "Workers": [], "Plans": [{"Node Type": "Seq Scan", "Parent Relationship": "Outer", "Parallel Aware": true, "Async Capable": false, "Relation Name": "catalog_returns", "Alias": "catalog_returns", "Startup Cost": 0.0, "Total Cost": 32407.37, "Plan Rows": 359937, "Plan Width": 12, "Actual Rows": 287950, "Actual Loops": 5, "Workers": []}, {"Node Type": "Hash", "Parent Relationship": "Inner", "Parallel Aware": true, "Async Capable": false, "Startup Cost": 2068.55, "Total Cost": 2068.55, "Plan Rows": 18, "Plan Width": 4, "Actual Rows": 6, "Actual Loops": 5, "Hash Buckets": 1024, "Original Hash Buckets": 1024, "Hash Batches": 1, "Original Hash Batches": 1, "Peak Memory Usage": 40, "Workers": [], "Plans": [{"Node Type": "Seq Scan", "Parent Relationship": "Outer", "Parallel Aware": true, "Async Capable": false, "Relation Name": "date_dim", "Alias": "date_dim", "Startup Cost": 0.0, "Total Cost": 2068.55, "Plan Rows": 18, "Plan Width": 4, "Actual Rows": 6, "Actual Loops": 5, "Filter": "((d_year = 2001) AND (d_moy = 12))", "Rows Removed by Filter": 14604, "Workers": []}]}]}, {"Node Type": "Index Scan", "Parent Relationship": "Inner", "Parallel Aware": false, "Async Capable": false, "Scan Direction": "Forward", "Index Name": "customer_pkey", "Relation Name": "customer", "Alias": "customer", "Startup Cost": 0.42, "Total Cost": 0.48, "Plan Rows": 1, "Plan Width": 16, "Actual Rows": 1, "Actual Loops": 24163, "Index Cond": "(c_customer_sk = catalog_returns.cr_returning_customer_sk)", "Rows Removed by Index Recheck": 0, "Workers": []}]}, {"Node Type": "Index Scan", "Parent Relationship": "Inner", "Parallel Aware": false, "Async Capable": false, "Scan Direction": "Forward", "Index Name": "household_demographics_pkey", "Relation Name": "household_demographics", "Alias": "household_demographics", "Startup Cost": 0.28, "Total Cost": 0.3, "Plan Rows": 1, "Plan Width": 4, "Actual Rows": 0, "Actual Loops": 23701, "Index Cond": "(hd_demo_sk = customer.c_current_hdemo_sk)", "Rows Removed by Index Recheck": 0, "Filter": "(hd_buy_potential ~~ 'Unknown%'::text)", "Rows Removed by Filter": 1, "Workers": []}]}, {"Node Type": "Index Scan", "Parent Relationship": "Inner", "Parallel Aware": false, "Async Capable": false, "Scan Direction": "Forward", "Index Name": "customer_demographics_pkey", "Relation Name": "customer_demographics", "Alias": "customer_demographics", "Startup Cost": 0.43, "Total Cost": 0.67, "Plan Rows": 1, "Plan Width": 4, "Actual Rows": 0, "Actual Loops": 3800, "Index Cond": "(cd_demo_sk = customer.c_current_cdemo_sk)", "Rows Removed by Index Recheck": 0, "Filter": "(((cd_marital_status = 'M'::bpchar) AND (cd_education_status = 'Unknown'::bpchar)) OR ((cd_marital_status = 'W'::bpchar) AND (cd_education_status = 'Advanced Degree'::bpchar)))", "Rows Removed by Filter": 1, "Workers": []}]}, {"Node Type": "Index Scan", "Parent Relationship": "Inner", "Parallel Aware": false, "Async Capable": false, "Scan Direction": "Forward", "Index Name": "customer_address_pkey", "Relation Name": "customer_address", "Alias": "customer_address", "Startup Cost": 0.42, "Total Cost": 0.49, "Plan Rows": 1, "Plan Width": 4, "Actual Rows": 0, "Actual Loops": 211, "Index Cond": "(ca_address_sk = customer.c_current_addr_sk)", "Rows Removed by Index Recheck": 0, "Filter": "(ca_gmt_offset = '-6'::numeric)", "Rows Removed by Filter": 1, "Workers": []}]}, {"Node Type": "Index Only Scan", "Parent Relationship": "Inner", "Parallel Aware": false, "Async Capable": false, "Scan Direction": "Forward", "Index Name": "call_center_pkey", "Relation Name": "call_center", "Alias": "call_center", "Startup Cost": 0.14, "Total Cost": 0.16, "Plan Rows": 1, "Plan Width": 4, "Actual Rows": 1, "Actual Loops": 90, "Index Cond": "(cc_call_center_sk = catalog_returns.cr_call_center_sk)", "Rows Removed by Index Recheck": 0, "Heap Fetches": 88, "Workers": []}]}]}]}, "Planning Time": 3.445, "Triggers": [], "Execution Time": 192.775}, {"Plan": {"Node Type": "Aggregate", "Strategy": "Plain", "Partial Mode": "Simple", "Parallel Aware": false, "Async Capable": false, "Startup Cost": 36558.87, "Total Cost": 36558.88, "Plan Rows": 1, "Plan Width": 8, "Actual Rows": 1, "Actual Loops": 1, "Plans": [{"Node Type": "Gather", "Parent Relationship": "Outer", "Parallel Aware": false, "Async Capable": false, "Startup Cost": 3070.46, "Total Cost": 36558.86, "Plan Rows": 2, "Plan Width": 0, "Actual Rows": 88, "Actual Loops": 1, "Workers Planned": 4, "Workers Launched": 4, "Single Copy": false, "Plans": [{"Node Type": "Nested Loop", "Parent Relationship": "Outer", "Parallel Aware": false, "Async Capable": false, "Join Type": "Inner", "Startup Cost": 2070.46, "Total Cost": 35558.66, "Plan Rows": 1, "Plan Width": 0, "Actual Rows": 18, "Actual Loops": 5, "Inner Unique": true, "Workers": [], "Plans": [{"Node Type": "Nested Loop", "Parent Relationship": "Outer", "Parallel Aware": false, "Async Capable": false, "Join Type": "Inner", "Startup Cost": 2070.04, "Total Cost": 35557.69, "Plan Rows": 2, "Plan Width": 4, "Actual Rows": 42, "Actual Loops": 5, "Inner Unique": true, "Workers": [], "Plans": [{"Node Type": "Nested Loop", "Parent Relationship": "Outer", "Parallel Aware": false, "Async Capable": false, "Join Type": "Inner", "Startup Cost": 2069.91, "Total Cost": 35557.37, "Plan Rows": 2, "Plan Width": 8, "Actual Rows": 42, "Actual Loops": 5, "Inner Unique": true, "Workers": [], "Plans": [{"Node Type": "Nested Loop", "Parent Relationship": "Outer", "Parallel Aware": false, "Async Capable": false, "Join Type": "Inner", "Startup Cost": 2069.48, "Total Cost": 35540.57, "Plan Rows": 25, "Plan Width": 12, "Actual Rows": 760, "Actual Loops": 5, "Inner Unique": true, "Workers": [], "Plans": [{"Node Type": "Nested Loop", "Parent Relationship": "Outer", "Parallel Aware": false, "Async Capable": false, "Join Type": "Inner", "Startup Cost": 2069.2, "Total Cost": 35495.11, "Plan Rows": 150, "Plan Width": 16, "Actual Rows": 4740, "Actual Loops": 5, "Inner Unique": true, "Workers": [], "Plans": [{"Node Type": "Hash Join", "Parent Relationship": "Outer", "Parallel Aware": true, "Async Capable": false, "Join Type": "Inner", "Startup Cost": 2068.78, "Total Cost": 35421.04, "Plan Rows": 153, "Plan Width": 8, "Actual Rows": 4833, "Actual Loops": 5, "Inner Unique": true, "Hash Cond": "(catalog_returns.cr_returned_date_sk = date_dim.d_date_sk)", "Workers": [], "Plans": [{"Node Type": "Seq Scan", "Parent Relationship": "Outer", "Parallel Aware": true, "Async Capable": false, "Relation Name": "catalog_returns", "Alias": "catalog_returns", "Startup Cost": 0.0, "Total Cost": 32407.37, "Plan Rows": 359937, "Plan Width": 12, "Actual Rows": 287950, "Actual Loops": 5, "Workers": []}, {"Node Type": "Hash", "Parent Relationship": "Inner", "Parallel Aware": true, "Async Capable": false, "Startup Cost": 2068.55, "Total Cost": 2068.55, "Plan Rows": 18, "Plan Width": 4, "Actual Rows": 6, "Actual Loops": 5, "Hash Buckets": 1024, "Original Hash Buckets": 1024, "Hash Batches": 1, "Original Hash Batches": 1, "Peak Memory Usage": 40, "Workers": [], "Plans": [{"Node Type": "Seq Scan", "Parent Relationship": "Outer", "Parallel Aware": true, "Async Capable": false, "Relation Name": "date_dim", "Alias": "date_dim", "Startup Cost": 0.0, "Total Cost": 2068.55, "Plan Rows": 18, "Plan Width": 4, "Actual Rows": 6, "Actual Loops": 5, "Filter": "((d_year = 2001) AND (d_moy = 12))", "Rows Removed by Filter": 14604, "Workers": []}]}]}, {"Node Type": "Index Scan", "Parent Relationship": "Inner", "Parallel Aware": false, "Async Capable": false, "Scan Direction": "Forward", "Index Name": "customer_pkey", "Relation Name": "customer", "Alias": "customer", "Startup Cost": 0.42, "Total Cost": 0.48, "Plan Rows": 1, "Plan Width": 16, "Actual Rows": 1, "Actual Loops": 24163, "Index Cond": "(c_customer_sk = catalog_returns.cr_returning_customer_sk)", "Rows Removed by Index Recheck": 0, "Workers": []}]}, {"Node Type": "Index Scan", "Parent Relationship": "Inner", "Parallel Aware": false, "Async Capable": false, "Scan Direction": "Forward", "Index Name": "household_demographics_pkey", "Relation Name": "household_demographics", "Alias": "household_demographics", "Startup Cost": 0.28, "Total Cost": 0.3, "Plan Rows": 1, "Plan Width": 4, "Actual Rows": 0, "Actual Loops": 23701, "Index Cond": "(hd_demo_sk = customer.c_current_hdemo_sk)", "Rows Removed by Index Recheck": 0, "Filter": "(hd_buy_potential ~~ 'Unknown%'::text)", "Rows Removed by Filter": 1, "Workers": []}]}, {"Node Type": "Index Scan", "Parent Relationship": "Inner", "Parallel Aware": false, "Async Capable": false, "Scan Direction": "Forward", "Index Name": "customer_demographics_pkey", "Relation Name": "customer_demographics", "Alias": "customer_demographics", "Startup Cost": 0.43, "Total Cost": 0.67, "Plan Rows": 1, "Plan Width": 4, "Actual Rows": 0, "Actual Loops": 3800, "Index Cond": "(cd_demo_sk = customer.c_current_cdemo_sk)", "Rows Removed by Index Recheck": 0, "Filter": "(((cd_marital_status = 'M'::bpchar) AND (cd_education_status = 'Unknown'::bpchar)) OR ((cd_marital_status = 'W'::bpchar) AND (cd_education_status = 'Advanced Degree'::bpchar)))", "Rows Removed by Filter": 1, "Workers": []}]}, {"Node Type": "Index Only Scan", "Parent Relationship": "Inner", "Parallel Aware": false, "Async Capable": false, "Scan Direction": "Forward", "Index Name": "call_center_pkey", "Relation Name": "call_center", "Alias": "call_center", "Startup Cost": 0.14, "Total Cost": 0.16, "Plan Rows": 1, "Plan Width": 4, "Actual Rows": 1, "Actual Loops": 211, "Index Cond": "(cc_call_center_sk = catalog_returns.cr_call_center_sk)", "Rows Removed by Index Recheck": 0, "Heap Fetches": 208, "Workers": []}]}, {"Node Type": "Index Scan", "Parent Relationship": "Inner", "Parallel Aware": false, "Async Capable": false, "Scan Direction": "Forward", "Index Name": "customer_address_pkey", "Relation Name": "customer_address", "Alias": "customer_address", "Startup Cost": 0.42, "Total Cost": 0.49, "Plan Rows": 1, "Plan Width": 4, "Actual Rows": 0, "Actual Loops": 208, "Index Cond": "(ca_address_sk = customer.c_current_addr_sk)", "Rows Removed by Index Recheck": 0, "Filter": "(ca_gmt_offset = '-6'::numeric)", "Rows Removed by Filter": 1, "Workers": []}]}]}]}, "Planning Time": 3.131, "Triggers": [], "Execution Time": 189.865}, {"Plan": {"Node Type": "Aggregate", "Strategy": "Plain", "Partial Mode": "Simple", "Parallel Aware": false, "Async Capable": false, "Startup Cost": 36562.11, "Total Cost": 36562.12, "Plan Rows": 1, "Plan Width": 8, "Actual Rows": 1, "Actual Loops": 1, "Plans": [{"Node Type": "Gather", "Parent Relationship": "Outer", "Parallel Aware": false, "Async Capable": false, "Startup Cost": 3070.46, "Total Cost": 36562.11, "Plan Rows": 2, "Plan Width": 0, "Actual Rows": 88, "Actual Loops": 1, "Workers Planned": 4, "Workers Launched": 4, "Single Copy": false, "Plans": [{"Node Type": "Nested Loop", "Parent Relationship": "Outer", "Parallel Aware": false, "Async Capable": false, "Join Type": "Inner", "Startup Cost": 2070.46, "Total Cost": 35561.91, "Plan Rows": 1, "Plan Width": 0, "Actual Rows": 18, "Actual Loops": 5, "Inner Unique": true, "Workers": [], "Plans": [{"Node Type": "Nested Loop", "Parent Relationship": "Outer", "Parallel Aware": false, "Async Capable": false, "Join Type": "Inner", "Startup Cost": 2070.04, "Total Cost": 35554.52, "Plan Rows": 11, "Plan Width": 4, "Actual Rows": 343, "Actual Loops": 5, "Inner Unique": true, "Workers": [], "Plans": [{"Node Type": "Nested Loop", "Parent Relationship": "Outer", "Parallel Aware": false, "Async Capable": false, "Join Type": "Inner", "Startup Cost": 2069.9, "Total Cost": 35552.81, "Plan Rows": 11, "Plan Width": 8, "Actual Rows": 346, "Actual Loops": 5, "Inner Unique": true, "Workers": [], "Plans": [{"Node Type": "Nested Loop", "Parent Relationship": "Outer", "Parallel Aware": false, "Async Capable": false, "Join Type": "Inner", "Startup Cost": 2069.48, "Total Cost": 35540.57, "Plan Rows": 25, "Plan Width": 12, "Actual Rows": 760, "Actual Loops": 5, "Inner Unique": true, "Workers": [], "Plans": [{"Node Type": "Nested Loop", "Parent Relationship": "Outer", "Parallel Aware": false, "Async Capable": false, "Join Type": "Inner", "Startup Cost": 2069.2, "Total Cost": 35495.11, "Plan Rows": 150, "Plan Width": 16, "Actual Rows": 4740, "Actual Loops": 5, "Inner Unique": true, "Workers": [], "Plans": [{"Node Type": "Hash Join", "Parent Relationship": "Outer", "Parallel Aware": true, "Async Capable": false, "Join Type": "Inner", "Startup Cost": 2068.78, "Total Cost": 35421.04, "Plan Rows": 153, "Plan Width": 8, "Actual Rows": 4833, "Actual Loops": 5, "Inner Unique": true, "Hash Cond": "(catalog_returns.cr_returned_date_sk = date_dim.d_date_sk)", "Workers": [], "Plans": [{"Node Type": "Seq Scan", "Parent Relationship": "Outer", "Parallel Aware": true, "Async Capable": false, "Relation Name": "catalog_returns", "Alias": "catalog_returns", "Startup Cost": 0.0, "Total Cost": 32407.37, "Plan Rows": 359937, "Plan Width": 12, "Actual Rows": 287950, "Actual Loops": 5, "Workers": []}, {"Node Type": "Hash", "Parent Relationship": "Inner", "Parallel Aware": true, "Async Capable": false, "Startup Cost": 2068.55, "Total Cost": 2068.55, "Plan Rows": 18, "Plan Width": 4, "Actual Rows": 6, "Actual Loops": 5, "Hash Buckets": 1024, "Original Hash Buckets": 1024, "Hash Batches": 1, "Original Hash Batches": 1, "Peak Memory Usage": 40, "Workers": [], "Plans": [{"Node Type": "Seq Scan", "Parent Relationship": "Outer", "Parallel Aware": true, "Async Capable": false, "Relation Name": "date_dim", "Alias": "date_dim", "Startup Cost": 0.0, "Total Cost": 2068.55, "Plan Rows": 18, "Plan Width": 4, "Actual Rows": 6, "Actual Loops": 5, "Filter": "((d_year = 2001) AND (d_moy = 12))", "Rows Removed by Filter": 14604, "Workers": []}]}]}, {"Node Type": "Index Scan", "Parent Relationship": "Inner", "Parallel Aware": false, "Async Capable": false, "Scan Direction": "Forward", "Index Name": "customer_pkey", "Relation Name": "customer", "Alias": "customer", "Startup Cost": 0.42, "Total Cost": 0.48, "Plan Rows": 1, "Plan Width": 16, "Actual Rows": 1, "Actual Loops": 24163, "Index Cond": "(c_customer_sk = catalog_returns.cr_returning_customer_sk)", "Rows Removed by Index Recheck": 0, "Workers": []}]}, {"Node Type": "Index Scan", "Parent Relationship": "Inner", "Parallel Aware": false, "Async Capable": false, "Scan Direction": "Forward", "Index Name": "household_demographics_pkey", "Relation Name": "household_demographics", "Alias": "household_demographics", "Startup Cost": 0.28, "Total Cost": 0.3, "Plan Rows": 1, "Plan Width": 4, "Actual Rows": 0, "Actual Loops": 23701, "Index Cond": "(hd_demo_sk = customer.c_current_hdemo_sk)", "Rows Removed by Index Recheck": 0, "Filter": "(hd_buy_potential ~~ 'Unknown%'::text)", "Rows Removed by Filter": 1, "Workers": []}]}, {"Node Type": "Index Scan", "Parent Relationship": "Inner", "Parallel Aware": false, "Async Capable": false, "Scan Direction": "Forward", "Index Name": "customer_address_pkey", "Relation Name": "customer_address", "Alias": "customer_address", "Startup Cost": 0.42, "Total Cost": 0.49, "Plan Rows": 1, "Plan Width": 4, "Actual Rows": 0, "Actual Loops": 3800, "Index Cond": "(ca_address_sk = customer.c_current_addr_sk)", "Rows Removed by Index Recheck": 0, "Filter": "(ca_gmt_offset = '-6'::numeric)", "Rows Removed by Filter": 1, "Workers": []}]}, {"Node Type": "Index Only Scan", "Parent Relationship": "Inner", "Parallel Aware": false, "Async Capable": false, "Scan Direction": "Forward", "Index Name": "call_center_pkey", "Relation Name": "call_center", "Alias": "call_center", "Startup Cost": 0.14, "Total Cost": 0.16, "Plan Rows": 1, "Plan Width": 4, "Actual Rows": 1, "Actual Loops": 1732, "Index Cond": "(cc_call_center_sk = catalog_returns.cr_call_center_sk)", "Rows Removed by Index Recheck": 0, "Heap Fetches": 1713, "Workers": []}]}, {"Node Type": "Index Scan", "Parent Relationship": "Inner", "Parallel Aware": false, "Async Capable": false, "Scan Direction": "Forward", "Index Name": "customer_demographics_pkey", "Relation Name": "customer_demographics", "Alias": "customer_demographics", "Startup Cost": 0.43, "Total Cost": 0.67, "Plan Rows": 1, "Plan Width": 4, "Actual Rows": 0, "Actual Loops": 1713, "Index Cond": "(cd_demo_sk = customer.c_current_cdemo_sk)", "Rows Removed by Index Recheck": 0, "Filter": "(((cd_marital_status = 'M'::bpchar) AND (cd_education_status = 'Unknown'::bpchar)) OR ((cd_marital_status = 'W'::bpchar) AND (cd_education_status = 'Advanced Degree'::bpchar)))", "Rows Removed by Filter": 1, "Workers": []}]}]}]}, "Planning Time": 3.11, "Triggers": [], "Execution Time": 194.209}, {"Plan": {"Node Type": "Aggregate", "Strategy": "Plain", "Partial Mode": "Finalize", "Parallel Aware": false, "Async Capable": false, "Startup Cost": 68709.61, "Total Cost": 68709.62, "Plan Rows": 1, "Plan Width": 8, "Actual Rows": 1, "Actual Loops": 1, "Plans": [{"Node Type": "Gather", "Parent Relationship": "Outer", "Parallel Aware": false, "Async Capable": false, "Startup Cost": 68709.49, "Total Cost": 68709.6, "Plan Rows": 1, "Plan Width": 8, "Actual Rows": 2, "Actual Loops": 1, "Workers Planned": 1, "Workers Launched": 1, "Single Copy": false, "Plans": [{"Node Type": "Aggregate", "Strategy": "Plain", "Partial Mode": "Partial", "Parent Relationship": "Outer", "Parallel Aware": false, "Async Capable": false, "Startup Cost": 67709.49, "Total Cost": 67709.5, "Plan Rows": 1, "Plan Width": 8, "Actual Rows": 1, "Actual Loops": 2, "Workers": [], "Plans": [{"Node Type": "Hash Join", "Parent Relationship": "Outer", "Parallel Aware": true, "Async Capable": false, "Join Type": "Inner", "Startup Cost": 65640.86, "Total Cost": 67709.49, "Plan Rows": 1, "Plan Width": 0, "Actual Rows": 44, "Actual Loops": 2, "Inner Unique": false, "Hash Cond": "(date_dim.d_date_sk = catalog_returns.cr_returned_date_sk)", "Workers": [], "Plans": [{"Node Type": "Seq Scan", "Parent Relationship": "Outer", "Parallel Aware": true, "Async Capable": false, "Relation Name": "date_dim", "Alias": "date_dim", "Startup Cost": 0.0, "Total Cost": 2068.55, "Plan Rows": 18, "Plan Width": 4, "Actual Rows": 16, "Actual Loops": 2, "Filter": "((d_year = 2001) AND (d_moy = 12))", "Rows Removed by Filter": 36509, "Workers": []}, {"Node Type": "Hash", "Parent Relationship": "Inner", "Parallel Aware": true, "Async Capable": false, "Startup Cost": 65622.66, "Total Cost": 65622.66, "Plan Rows": 1456, "Plan Width": 4, "Actual Rows": 2728, "Actual Loops": 2, "Hash Buckets": 8192, "Original Hash Buckets": 8192, "Hash Batches": 1, "Original Hash Batches": 1, "Peak Memory Usage": 320, "Workers": [], "Plans": [{"Node Type": "Hash Join", "Parent Relationship": "Outer", "Parallel Aware": false, "Async Capable": false, "Join Type": "Inner", "Startup Cost": 31856.35, "Total Cost": 65622.66, "Plan Rows": 1456, "Plan Width": 4, "Actual Rows": 2728, "Actual Loops": 2, "Inner Unique": true, "Hash Cond": "(catalog_returns.cr_call_center_sk = call_center.cc_call_center_sk)", "Workers": [], "Plans": [{"Node Type": "Hash Join", "Parent Relationship": "Outer", "Parallel Aware": true, "Async Capable": false, "Join Type": "Inner", "Startup Cost": 31853.81, "Total Cost": 65615.64, "Plan Rows": 1456, "Plan Width": 8, "Actual Rows": 2756, "Actual Loops": 2, "Inner Unique": false, "Hash Cond": "(catalog_returns.cr_returning_customer_sk = customer.c_customer_sk)", "Workers": [], "Plans": [{"Node Type": "Seq Scan", "Parent Relationship": "Outer", "Parallel Aware": true, "Async Capable": false, "Relation Name": "catalog_returns", "Alias": "catalog_returns", "Startup Cost": 0.0, "Total Cost": 32407.37, "Plan Rows": 359937, "Plan Width": 12, "Actual Rows": 719874, "Actual Loops": 2, "Workers": []}, {"Node Type": "Hash", "Parent Relationship": "Inner", "Parallel Aware": true, "Async Capable": false, "Startup Cost": 31845.48, "Total Cost": 31845.48, "Plan Rows": 666, "Plan Width": 4, "Actual Rows": 968, "Actual Loops": 2, "Hash Buckets": 4096, "Original Hash Buckets": 4096, "Hash Batches": 1, "Original Hash Batches": 1, "Peak Memory Usage": 160, "Workers": [], "Plans": [{"Node Type": "Nested Loop", "Parent Relationship": "Outer", "Parallel Aware": false, "Async Capable": false, "Join Type": "Inner", "Startup Cost": 7521.79, "Total Cost": 31845.48, "Plan Rows": 666, "Plan Width": 4, "Actual Rows": 968, "Actual Loops": 2, "Inner Unique": true, "Workers": [], "Plans": [{"Node Type": "Hash Join", "Parent Relationship": "Outer", "Parallel Aware": true, "Async Capable": false, "Join Type": "Inner", "Startup Cost": 7521.36, "Total Cost": 23892.46, "Plan Rows": 11835, "Plan Width": 8, "Actual Rows": 17586, "Actual Loops": 2, "Inner Unique": true, "Hash Cond": "(customer.c_current_addr_sk = customer_address.ca_address_sk)", "Workers": [], "Plans": [{"Node Type": "Hash Join", "Parent Relationship": "Outer", "Parallel Aware": false, "Async Capable": false, "Join Type": "Inner", "Startup Cost": 158.0, "Total Cost": 16458.53, "Plan Rows": 26882, "Plan Width": 12, "Actual Rows": 39985, "Actual Loops": 2, "Inner Unique": true, "Hash Cond": "(customer.c_current_hdemo_sk = household_demographics.hd_demo_sk)", "Workers": [], "Plans": [{"Node Type": "Seq Scan", "Parent Relationship": "Outer", "Parallel Aware": true, "Async Capable": false, "Relation Name": "customer", "Alias": "customer", "Startup Cost": 0.0, "Total Cost": 15876.9, "Plan Rows": 161290, "Plan Width": 16, "Actual Rows": 250000, "Actual Loops": 2, "Workers": []}, {"Node Type": "Hash", "Parent Relationship": "Inner", "Parallel Aware": false, "Async Capable": false, "Startup Cost": 143.0, "Total Cost": 143.0, "Plan Rows": 1200, "Plan Width": 4, "Actual Rows": 1200, "Actual Loops": 2, "Hash Buckets": 2048, "Original Hash Buckets": 2048, "Hash Batches": 1, "Original Hash Batches": 1, "Peak Memory Usage": 59, "Workers": [], "Plans": [{"Node Type": "Seq Scan", "Parent Relationship": "Outer", "Parallel Aware": false, "Async Capable": false, "Relation Name": "household_demographics", "Alias": "household_demographics", "Startup Cost": 0.0, "Total Cost": 143.0, "Plan Rows": 1200, "Plan Width": 4, "Actual Rows": 1200, "Actual Loops": 2, "Filter": "(hd_buy_potential ~~ 'Unknown%'::text)", "Rows Removed by Filter": 6000, "Workers": []}]}]}, {"Node Type": "Hash", "Parent Relationship": "Inner", "Parallel Aware": true, "Async Capable": false, "Startup Cost": 6790.08, "Total Cost": 6790.08, "Plan Rows": 45862, "Plan Width": 4, "Actual Rows": 55236, "Actual Loops": 2, "Hash Buckets": 131072, "Original Hash Buckets": 131072, "Hash Batches": 1, "Original Hash Batches": 1, "Peak Memory Usage": 5376, "Workers": [], "Plans": [{"Node Type": "Seq Scan", "Parent Relationship": "Outer", "Parallel Aware": true, "Async Capable": false, "Relation Name": "customer_address", "Alias": "customer_address", "Startup Cost": 0.0, "Total Cost": 6790.08, "Plan Rows": 45862, "Plan Width": 4, "Actual Rows": 55236, "Actual Loops": 2, "Filter": "(ca_gmt_offset = '-6'::numeric)", "Rows Removed by Filter": 69764, "Workers": []}]}]}, {"Node Type": "Index Scan", "Parent Relationship": "Inner", "Parallel Aware": false, "Async Capable": false, "Scan Direction": "Forward", "Index Name": "customer_demographics_pkey", "Relation Name": "customer_demographics", "Alias": "customer_demographics", "Startup Cost": 0.43, "Total Cost": 0.67, "Plan Rows": 1, "Plan Width": 4, "Actual Rows": 0, "Actual Loops": 35173, "Index Cond": "(cd_demo_sk = customer.c_current_cdemo_sk)", "Rows Removed by Index Recheck": 0, "Filter": "(((cd_marital_status = 'M'::bpchar) AND (cd_education_status = 'Unknown'::bpchar)) OR ((cd_marital_status = 'W'::bpchar) AND (cd_education_status = 'Advanced Degree'::bpchar)))", "Rows Removed by Filter": 1, "Workers": []}]}]}]}, {"Node Type": "Hash", "Parent Relationship": "Inner", "Parallel Aware": false, "Async Capable": false, "Startup Cost": 2.24, "Total Cost": 2.24, "Plan Rows": 24, "Plan Width": 4, "Actual Rows": 24, "Actual Loops": 2, "Hash Buckets": 1024, "Original Hash Buckets": 1024, "Hash Batches": 1, "Original Hash Batches": 1, "Peak Memory Usage": 9, "Workers": [], "Plans": [{"Node Type": "Seq Scan", "Parent Relationship": "Outer", "Parallel Aware": false, "Async Capable": false, "Relation Name": "call_center", "Alias": "call_center", "Startup Cost": 0.0, "Total Cost": 2.24, "Plan Rows": 24, "Plan Width": 4, "Actual Rows": 24, "Actual Loops": 2, "Workers": []}]}]}]}]}]}]}]}, "Planning Time": 4.086, "Triggers": [], "Execution Time": 1249.055}, {"Plan": {"Node Type": "Aggregate", "Strategy": "Plain", "Partial Mode": "Simple", "Parallel Aware": false, "Async Capable": false, "Startup Cost": 68278.64, "Total Cost": 68278.65, "Plan Rows": 1, "Plan Width": 8, "Actual Rows": 1, "Actual Loops": 1, "Plans": [{"Node Type": "Gather", "Parent Relationship": "Outer", "Parallel Aware": false, "Async Capable": false, "Startup Cost": 34925.12, "Total Cost": 68278.64, "Plan Rows": 2, "Plan Width": 0, "Actual Rows": 88, "Actual Loops": 1, "Workers Planned": 4, "Workers Launched": 4, "Single Copy": false, "Plans": [{"Node Type": "Hash Join", "Parent Relationship": "Outer", "Parallel Aware": true, "Async Capable": false, "Join Type": "Inner", "Startup Cost": 33925.12, "Total Cost": 67278.44, "Plan Rows": 1, "Plan Width": 0, "Actual Rows": 18, "Actual Loops": 5, "Inner Unique": false, "Hash Cond": "(catalog_returns.cr_returning_customer_sk = customer.c_customer_sk)", "Workers": [], "Plans": [{"Node Type": "Hash Join", "Parent Relationship": "Outer", "Parallel Aware": false, "Async Capable": false, "Join Type": "Inner", "Startup Cost": 2071.32, "Total Cost": 35424.05, "Plan Rows": 153, "Plan Width": 4, "Actual Rows": 4738, "Actual Loops": 5, "Inner Unique": true, "Hash Cond": "(catalog_returns.cr_call_center_sk = call_center.cc_call_center_sk)", "Workers": [], "Plans": [{"Node Type": "Hash Join", "Parent Relationship": "Outer", "Parallel Aware": true, "Async Capable": false, "Join Type": "Inner", "Startup Cost": 2068.78, "Total Cost": 35421.04, "Plan Rows": 153, "Plan Width": 8, "Actual Rows": 4833, "Actual Loops": 5, "Inner Unique": true, "Hash Cond": "(catalog_returns.cr_returned_date_sk = date_dim.d_date_sk)", "Workers": [], "Plans": [{"Node Type": "Seq Scan", "Parent Relationship": "Outer", "Parallel Aware": true, "Async Capable": false, "Relation Name": "catalog_returns", "Alias": "catalog_returns", "Startup Cost": 0.0, "Total Cost": 32407.37, "Plan Rows": 359937, "Plan Width": 12, "Actual Rows": 287950, "Actual Loops": 5, "Workers": []}, {"Node Type": "Hash", "Parent Relationship": "Inner", "Parallel Aware": true, "Async Capable": false, "Startup Cost": 2068.55, "Total Cost": 2068.55, "Plan Rows": 18, "Plan Width": 4, "Actual Rows": 6, "Actual Loops": 5, "Hash Buckets": 1024, "Original Hash Buckets": 1024, "Hash Batches": 1, "Original Hash Batches": 1, "Peak Memory Usage": 72, "Workers": [], "Plans": [{"Node Type": "Seq Scan", "Parent Relationship": "Outer", "Parallel Aware": true, "Async Capable": false, "Relation Name": "date_dim", "Alias": "date_dim", "Startup Cost": 0.0, "Total Cost": 2068.55, "Plan Rows": 18, "Plan Width": 4, "Actual Rows": 6, "Actual Loops": 5, "Filter": "((d_year = 2001) AND (d_moy = 12))", "Rows Removed by Filter": 14604, "Workers": []}]}]}, {"Node Type": "Hash", "Parent Relationship": "Inner", "Parallel Aware": false, "Async Capable": false, "Startup Cost": 2.24, "Total Cost": 2.24, "Plan Rows": 24, "Plan Width": 4, "Actual Rows": 24, "Actual Loops": 5, "Hash Buckets": 1024, "Original Hash Buckets": 1024, "Hash Batches": 1, "Original Hash Batches": 1, "Peak Memory Usage": 9, "Workers": [], "Plans": [{"Node Type": "Seq Scan", "Parent Relationship": "Outer", "Parallel Aware": false, "Async Capable": false, "Relation Name": "call_center", "Alias": "call_center", "Startup Cost": 0.0, "Total Cost": 2.24, "Plan Rows": 24, "Plan Width": 4, "Actual Rows": 24, "Actual Loops": 5, "Workers": []}]}]}, {"Node Type": "Hash", "Parent Relationship": "Inner", "Parallel Aware": true, "Async Capable": false, "Startup Cost": 31845.48, "Total Cost": 31845.48, "Plan Rows": 666, "Plan Width": 4, "Actual Rows": 387, "Actual Loops": 5, "Hash Buckets": 4096, "Original Hash Buckets": 4096, "Hash Batches": 1, "Original Hash Batches": 1, "Peak Memory Usage": 192, "Workers": [], "Plans": [{"Node Type": "Nested Loop", "Parent Relationship": "Outer", "Parallel Aware": false, "Async Capable": false, "Join Type": "Inner", "Startup Cost": 7521.79, "Total Cost": 31845.48, "Plan Rows": 666, "Plan Width": 4, "Actual Rows": 387, "Actual Loops": 5, "Inner Unique": true, "Workers": [], "Plans": [{"Node Type": "Hash Join", "Parent Relationship": "Outer", "Parallel Aware": true, "Async Capable": false, "Join Type": "Inner", "Startup Cost": 7521.36, "Total Cost": 23892.46, "Plan Rows": 11835, "Plan Width": 8, "Actual Rows": 7035, "Actual Loops": 5, "Inner Unique": true, "Hash Cond": "(customer.c_current_addr_sk = customer_address.ca_address_sk)", "Workers": [], "Plans": [{"Node Type": "Hash Join", "Parent Relationship": "Outer", "Parallel Aware": false, "Async Capable": false, "Join Type": "Inner", "Startup Cost": 158.0, "Total Cost": 16458.53, "Plan Rows": 26882, "Plan Width": 12, "Actual Rows": 15994, "Actual Loops": 5, "Inner Unique": true, "Hash Cond": "(customer.c_current_hdemo_sk = household_demographics.hd_demo_sk)", "Workers": [], "Plans": [{"Node Type": "Seq Scan", "Parent Relationship": "Outer", "Parallel Aware": true, "Async Capable": false, "Relation Name": "customer", "Alias": "customer", "Startup Cost": 0.0, "Total Cost": 15876.9, "Plan Rows": 161290, "Plan Width": 16, "Actual Rows": 100000, "Actual Loops": 5, "Workers": []}, {"Node Type": "Hash", "Parent Relationship": "Inner", "Parallel Aware": false, "Async Capable": false, "Startup Cost": 143.0, "Total Cost": 143.0, "Plan Rows": 1200, "Plan Width": 4, "Actual Rows": 1200, "Actual Loops": 5, "Hash Buckets": 2048, "Original Hash Buckets": 2048, "Hash Batches": 1, "Original Hash Batches": 1, "Peak Memory Usage": 59, "Workers": [], "Plans": [{"Node Type": "Seq Scan", "Parent Relationship": "Outer", "Parallel Aware": false, "Async Capable": false, "Relation Name": "household_demographics", "Alias": "household_demographics", "Startup Cost": 0.0, "Total Cost": 143.0, "Plan Rows": 1200, "Plan Width": 4, "Actual Rows": 1200, "Actual Loops": 5, "Filter": "(hd_buy_potential ~~ 'Unknown%'::text)", "Rows Removed by Filter": 6000, "Workers": []}]}]}, {"Node Type": "Hash", "Parent Relationship": "Inner", "Parallel Aware": true, "Async Capable": false, "Startup Cost": 6790.08, "Total Cost": 6790.08, "Plan Rows": 45862, "Plan Width": 4, "Actual Rows": 22094, "Actual Loops": 5, "Hash Buckets": 131072, "Original Hash Buckets": 131072, "Hash Batches": 1, "Original Hash Batches": 1, "Peak Memory Usage": 5408, "Workers": [], "Plans": [{"Node Type": "Seq Scan", "Parent Relationship": "Outer", "Parallel Aware": true, "Async Capable": false, "Relation Name": "customer_address", "Alias": "customer_address", "Startup Cost": 0.0, "Total Cost": 6790.08, "Plan Rows": 45862, "Plan Width": 4, "Actual Rows": 22094, "Actual Loops": 5, "Filter": "(ca_gmt_offset = '-6'::numeric)", "Rows Removed by Filter": 27906, "Workers": []}]}]}, {"Node Type": "Index Scan", "Parent Relationship": "Inner", "Parallel Aware": false, "Async Capable": false, "Scan Direction": "Forward", "Index Name": "customer_demographics_pkey", "Relation Name": "customer_demographics", "Alias": "customer_demographics", "Startup Cost": 0.43, "Total Cost": 0.67, "Plan Rows": 1, "Plan Width": 4, "Actual Rows": 0, "Actual Loops": 35173, "Index Cond": "(cd_demo_sk = customer.c_current_cdemo_sk)", "Rows Removed by Index Recheck": 0, "Filter": "(((cd_marital_status = 'M'::bpchar) AND (cd_education_status = 'Unknown'::bpchar)) OR ((cd_marital_status = 'W'::bpchar) AND (cd_education_status = 'Advanced Degree'::bpchar)))", "Rows Removed by Filter": 1, "Workers": []}]}]}]}]}]}, "Planning Time": 3.162, "Triggers": [], "Execution Time": 374.518}, {"Plan": {"Node Type": "Aggregate", "Strategy": "Plain", "Partial Mode": "Simple", "Parallel Aware": false, "Async Capable": false, "Startup Cost": 36561.52, "Total Cost": 36561.53, "Plan Rows": 1, "Plan Width": 8, "Actual Rows": 1, "Actual Loops": 1, "Plans": [{"Node Type": "Nested Loop", "Parent Relationship": "Outer", "Parallel Aware": false, "Async Capable": false, "Join Type": "Inner", "Startup Cost": 3070.33, "Total Cost": 36561.52, "Plan Rows": 2, "Plan Width": 0, "Actual Rows": 88, "Actual Loops": 1, "Inner Unique": false, "Join Filter": "(call_center.cc_call_center_sk = catalog_returns.cr_call_center_sk)", "Rows Removed by Join Filter": 2072, "Plans": [{"Node Type": "Seq Scan", "Parent Relationship": "Outer", "Parallel Aware": false, "Async Capable": false, "Relation Name": "call_center", "Alias": "call_center", "Startup Cost": 0.0, "Total Cost": 2.24, "Plan Rows": 24, "Plan Width": 4, "Actual Rows": 24, "Actual Loops": 1}, {"Node Type": "Materialize", "Parent Relationship": "Inner", "Parallel Aware": false, "Async Capable": false, "Startup Cost": 3070.33, "Total Cost": 36558.56, "Plan Rows": 2, "Plan Width": 4, "Actual Rows": 90, "Actual Loops": 24, "Plans": [{"Node Type": "Gather", "Parent Relationship": "Outer", "Parallel Aware": false, "Async Capable": false, "Startup Cost": 3070.33, "Total Cost": 36558.55, "Plan Rows": 2, "Plan Width": 4, "Actual Rows": 90, "Actual Loops": 1, "Workers Planned": 4, "Workers Launched": 4, "Single Copy": false, "Plans": [{"Node Type": "Nested Loop", "Parent Relationship": "Outer", "Parallel Aware": false, "Async Capable": false, "Join Type": "Inner", "Startup Cost": 2070.33, "Total Cost": 35558.35, "Plan Rows": 1, "Plan Width": 4, "Actual Rows": 18, "Actual Loops": 5, "Inner Unique": true, "Workers": [], "Plans": [{"Node Type": "Nested Loop", "Parent Relationship": "Outer", "Parallel Aware": false, "Async Capable": false, "Join Type": "Inner", "Startup Cost": 2069.91, "Total Cost": 35557.37, "Plan Rows": 2, "Plan Width": 8, "Actual Rows": 42, "Actual Loops": 5, "Inner Unique": true, "Workers": [], "Plans": [{"Node Type": "Nested Loop", "Parent Relationship": "Outer", "Parallel Aware": false, "Async Capable": false, "Join Type": "Inner", "Startup Cost": 2069.48, "Total Cost": 35540.57, "Plan Rows": 25, "Plan Width": 12, "Actual Rows": 760, "Actual Loops": 5, "Inner Unique": true, "Workers": [], "Plans": [{"Node Type": "Nested Loop", "Parent Relationship": "Outer", "Parallel Aware": false, "Async Capable": false, "Join Type": "Inner", "Startup Cost": 2069.2, "Total Cost": 35495.11, "Plan Rows": 150, "Plan Width": 16, "Actual Rows": 4740, "Actual Loops": 5, "Inner Unique": true, "Workers": [], "Plans": [{"Node Type": "Hash Join", "Parent Relationship": "Outer", "Parallel Aware": true, "Async Capable": false, "Join Type": "Inner", "Startup Cost": 2068.78, "Total Cost": 35421.04, "Plan Rows": 153, "Plan Width": 8, "Actual Rows": 4833, "Actual Loops": 5, "Inner Unique": true, "Hash Cond": "(catalog_returns.cr_returned_date_sk = date_dim.d_date_sk)", "Workers": [], "Plans": [{"Node Type": "Seq Scan", "Parent Relationship": "Outer", "Parallel Aware": true, "Async Capable": false, "Relation Name": "catalog_returns", "Alias": "catalog_returns", "Startup Cost": 0.0, "Total Cost": 32407.37, "Plan Rows": 359937, "Plan Width": 12, "Actual Rows": 287950, "Actual Loops": 5, "Workers": []}, {"Node Type": "Hash", "Parent Relationship": "Inner", "Parallel Aware": true, "Async Capable": false, "Startup Cost": 2068.55, "Total Cost": 2068.55, "Plan Rows": 18, "Plan Width": 4, "Actual Rows": 6, "Actual Loops": 5, "Hash Buckets": 1024, "Original Hash Buckets": 1024, "Hash Batches": 1, "Original Hash Batches": 1, "Peak Memory Usage": 40, "Workers": [], "Plans": [{"Node Type": "Seq Scan", "Parent Relationship": "Outer", "Parallel Aware": true, "Async Capable": false, "Relation Name": "date_dim", "Alias": "date_dim", "Startup Cost": 0.0, "Total Cost": 2068.55, "Plan Rows": 18, "Plan Width": 4, "Actual Rows": 6, "Actual Loops": 5, "Filter": "((d_year = 2001) AND (d_moy = 12))", "Rows Removed by Filter": 14604, "Workers": []}]}]}, {"Node Type": "Index Scan", "Parent Relationship": "Inner", "Parallel Aware": false, "Async Capable": false, "Scan Direction": "Forward", "Index Name": "customer_pkey", "Relation Name": "customer", "Alias": "customer", "Startup Cost": 0.42, "Total Cost": 0.48, "Plan Rows": 1, "Plan Width": 16, "Actual Rows": 1, "Actual Loops": 24163, "Index Cond": "(c_customer_sk = catalog_returns.cr_returning_customer_sk)", "Rows Removed by Index Recheck": 0, "Workers": []}]}, {"Node Type": "Index Scan", "Parent Relationship": "Inner", "Parallel Aware": false, "Async Capable": false, "Scan Direction": "Forward", "Index Name": "household_demographics_pkey", "Relation Name": "household_demographics", "Alias": "household_demographics", "Startup Cost": 0.28, "Total Cost": 0.3, "Plan Rows": 1, "Plan Width": 4, "Actual Rows": 0, "Actual Loops": 23701, "Index Cond": "(hd_demo_sk = customer.c_current_hdemo_sk)", "Rows Removed by Index Recheck": 0, "Filter": "(hd_buy_potential ~~ 'Unknown%'::text)", "Rows Removed by Filter": 1, "Workers": []}]}, {"Node Type": "Index Scan", "Parent Relationship": "Inner", "Parallel Aware": false, "Async Capable": false, "Scan Direction": "Forward", "Index Name": "customer_demographics_pkey", "Relation Name": "customer_demographics", "Alias": "customer_demographics", "Startup Cost": 0.43, "Total Cost": 0.67, "Plan Rows": 1, "Plan Width": 4, "Actual Rows": 0, "Actual Loops": 3800, "Index Cond": "(cd_demo_sk = customer.c_current_cdemo_sk)", "Rows Removed by Index Recheck": 0, "Filter": "(((cd_marital_status = 'M'::bpchar) AND (cd_education_status = 'Unknown'::bpchar)) OR ((cd_marital_status = 'W'::bpchar) AND (cd_education_status = 'Advanced Degree'::bpchar)))", "Rows Removed by Filter": 1, "Workers": []}]}, {"Node Type": "Index Scan", "Parent Relationship": "Inner", "Parallel Aware": false, "Async Capable": false, "Scan Direction": "Forward", "Index Name": "customer_address_pkey", "Relation Name": "customer_address", "Alias": "customer_address", "Startup Cost": 0.42, "Total Cost": 0.49, "Plan Rows": 1, "Plan Width": 4, "Actual Rows": 0, "Actual Loops": 211, "Index Cond": "(ca_address_sk = customer.c_current_addr_sk)", "Rows Removed by Index Recheck": 0, "Filter": "(ca_gmt_offset = '-6'::numeric)", "Rows Removed by Filter": 1, "Workers": []}]}]}]}]}]}, "Planning Time": 2.915, "Triggers": [], "Execution Time": 193.087}, {"Plan": {"Node Type": "Aggregate", "Strategy": "Plain", "Partial Mode": "Simple", "Parallel Aware": false, "Async Capable": false, "Startup Cost": 70933.86, "Total Cost": 70933.87, "Plan Rows": 1, "Plan Width": 8, "Actual Rows": 1, "Actual Loops": 1, "Plans": [{"Node Type": "Gather", "Parent Relationship": "Outer", "Parallel Aware": false, "Async Capable": false, "Startup Cost": 36554.65, "Total Cost": 70933.85, "Plan Rows": 2, "Plan Width": 0, "Actual Rows": 88, "Actual Loops": 1, "Workers Planned": 3, "Workers Launched": 3, "Single Copy": false, "Plans": [{"Node Type": "Hash Join", "Parent Relationship": "Outer", "Parallel Aware": true, "Async Capable": false, "Join Type": "Inner", "Startup Cost": 35554.65, "Total Cost": 69933.65, "Plan Rows": 1, "Plan Width": 0, "Actual Rows": 22, "Actual Loops": 4, "Inner Unique": false, "Hash Cond": "(customer_demographics.cd_demo_sk = customer.c_current_cdemo_sk)", "Workers": [], "Plans": [{"Node Type": "Seq Scan", "Parent Relationship": "Outer", "Parallel Aware": true, "Async Capable": false, "Relation Name": "customer_demographics", "Alias": "customer_demographics", "Startup Cost": 0.0, "Total Cost": 34248.26, "Plan Rows": 34861, "Plan Width": 4, "Actual Rows": 27440, "Actual Loops": 4, "Filter": "(((cd_marital_status = 'M'::bpchar) AND (cd_education_status = 'Unknown'::bpchar)) OR ((cd_marital_status = 'W'::bpchar) AND (cd_education_status = 'Advanced Degree'::bpchar)))", "Rows Removed by Filter": 452760, "Workers": []}, {"Node Type": "Hash", "Parent Relationship": "Inner", "Parallel Aware": true, "Async Capable": false, "Startup Cost": 35554.52, "Total Cost": 35554.52, "Plan Rows": 11, "Plan Width": 4, "Actual Rows": 428, "Actual Loops": 4, "Hash Buckets": 1024, "Original Hash Buckets": 1024, "Hash Batches": 1, "Original Hash Batches": 1, "Peak Memory Usage": 136, "Workers": [], "Plans": [{"Node Type": "Nested Loop", "Parent Relationship": "Outer", "Parallel Aware": false, "Async Capable": false, "Join Type": "Inner", "Startup Cost": 2070.04, "Total Cost": 35554.52, "Plan Rows": 11, "Plan Width": 4, "Actual Rows": 428, "Actual Loops": 4, "Inner Unique": true, "Workers": [], "Plans": [{"Node Type": "Nested Loop", "Parent Relationship": "Outer", "Parallel Aware": false, "Async Capable": false, "Join Type": "Inner", "Startup Cost": 2069.9, "Total Cost": 35552.81, "Plan Rows": 11, "Plan Width": 8, "Actual Rows": 433, "Actual Loops": 4, "Inner Unique": true, "Workers": [], "Plans": [{"Node Type": "Nested Loop", "Parent Relationship": "Outer", "Parallel Aware": false, "Async Capable": false, "Join Type": "Inner", "Startup Cost": 2069.48, "Total Cost": 35540.57, "Plan Rows": 25, "Plan Width": 12, "Actual Rows": 950, "Actual Loops": 4, "Inner Unique": true, "Workers": [], "Plans": [{"Node Type": "Nested Loop", "Parent Relationship": "Outer", "Parallel Aware": false, "Async Capable": false, "Join Type": "Inner", "Startup Cost": 2069.2, "Total Cost": 35495.11, "Plan Rows": 150, "Plan Width": 16, "Actual Rows": 5925, "Actual Loops": 4, "Inner Unique": true, "Workers": [], "Plans": [{"Node Type": "Hash Join", "Parent Relationship": "Outer", "Parallel Aware": true, "Async Capable": false, "Join Type": "Inner", "Startup Cost": 2068.78, "Total Cost": 35421.04, "Plan Rows": 153, "Plan Width": 8, "Actual Rows": 6041, "Actual Loops": 4, "Inner Unique": true, "Hash Cond": "(catalog_returns.cr_returned_date_sk = date_dim.d_date_sk)", "Workers": [], "Plans": [{"Node Type": "Seq Scan", "Parent Relationship": "Outer", "Parallel Aware": true, "Async Capable": false, "Relation Name": "catalog_returns", "Alias": "catalog_returns", "Startup Cost": 0.0, "Total Cost": 32407.37, "Plan Rows": 359937, "Plan Width": 12, "Actual Rows": 359937, "Actual Loops": 4, "Workers": []}, {"Node Type": "Hash", "Parent Relationship": "Inner", "Parallel Aware": true, "Async Capable": false, "Startup Cost": 2068.55, "Total Cost": 2068.55, "Plan Rows": 18, "Plan Width": 4, "Actual Rows": 8, "Actual Loops": 4, "Hash Buckets": 1024, "Original Hash Buckets": 1024, "Hash Batches": 1, "Original Hash Batches": 1, "Peak Memory Usage": 40, "Workers": [], "Plans": [{"Node Type": "Seq Scan", "Parent Relationship": "Outer", "Parallel Aware": true, "Async Capable": false, "Relation Name": "date_dim", "Alias": "date_dim", "Startup Cost": 0.0, "Total Cost": 2068.55, "Plan Rows": 18, "Plan Width": 4, "Actual Rows": 8, "Actual Loops": 4, "Filter": "((d_year = 2001) AND (d_moy = 12))", "Rows Removed by Filter": 18254, "Workers": []}]}]}, {"Node Type": "Index Scan", "Parent Relationship": "Inner", "Parallel Aware": false, "Async Capable": false, "Scan Direction": "Forward", "Index Name": "customer_pkey", "Relation Name": "customer", "Alias": "customer", "Startup Cost": 0.42, "Total Cost": 0.48, "Plan Rows": 1, "Plan Width": 16, "Actual Rows": 1, "Actual Loops": 24163, "Index Cond": "(c_customer_sk = catalog_returns.cr_returning_customer_sk)", "Rows Removed by Index Recheck": 0, "Workers": []}]}, {"Node Type": "Index Scan", "Parent Relationship": "Inner", "Parallel Aware": false, "Async Capable": false, "Scan Direction": "Forward", "Index Name": "household_demographics_pkey", "Relation Name": "household_demographics", "Alias": "household_demographics", "Startup Cost": 0.28, "Total Cost": 0.3, "Plan Rows": 1, "Plan Width": 4, "Actual Rows": 0, "Actual Loops": 23701, "Index Cond": "(hd_demo_sk = customer.c_current_hdemo_sk)", "Rows Removed by Index Recheck": 0, "Filter": "(hd_buy_potential ~~ 'Unknown%'::text)", "Rows Removed by Filter": 1, "Workers": []}]}, {"Node Type": "Index Scan", "Parent Relationship": "Inner", "Parallel Aware": false, "Async Capable": false, "Scan Direction": "Forward", "Index Name": "customer_address_pkey", "Relation Name": "customer_address", "Alias": "customer_address", "Startup Cost": 0.42, "Total Cost": 0.49, "Plan Rows": 1, "Plan Width": 4, "Actual Rows": 0, "Actual Loops": 3800, "Index Cond": "(ca_address_sk = customer.c_current_addr_sk)", "Rows Removed by Index Recheck": 0, "Filter": "(ca_gmt_offset = '-6'::numeric)", "Rows Removed by Filter": 1, "Workers": []}]}, {"Node Type": "Index Only Scan", "Parent Relationship": "Inner", "Parallel Aware": false, "Async Capable": false, "Scan Direction": "Forward", "Index Name": "call_center_pkey", "Relation Name": "call_center", "Alias": "call_center", "Startup Cost": 0.14, "Total Cost": 0.16, "Plan Rows": 1, "Plan Width": 4, "Actual Rows": 1, "Actual Loops": 1732, "Index Cond": "(cc_call_center_sk = catalog_returns.cr_call_center_sk)", "Rows Removed by Index Recheck": 0, "Heap Fetches": 1713, "Workers": []}]}]}]}]}]}, "Planning Time": 3.408, "Triggers": [], "Execution Time": 374.262}, {"Plan": {"Node Type": "Aggregate", "Strategy": "Plain", "Partial Mode": "Simple", "Parallel Aware": false, "Async Capable": false, "Startup Cost": 36558.71, "Total Cost": 36558.72, "Plan Rows": 1, "Plan Width": 8, "Actual Rows": 1, "Actual Loops": 1, "Plans": [{"Node Type": "Gather", "Parent Relationship": "Outer", "Parallel Aware": false, "Async Capable": false, "Startup Cost": 3070.46, "Total Cost": 36558.71, "Plan Rows": 2, "Plan Width": 0, "Actual Rows": 88, "Actual Loops": 1, "Workers Planned": 4, "Workers Launched": 4, "Single Copy": false, "Plans": [{"Node Type": "Nested Loop", "Parent Relationship": "Outer", "Parallel Aware": false, "Async Capable": false, "Join Type": "Inner", "Startup Cost": 2070.46, "Total Cost": 35558.51, "Plan Rows": 1, "Plan Width": 0, "Actual Rows": 18, "Actual Loops": 5, "Inner Unique": true, "Workers": [], "Plans": [{"Node Type": "Nested Loop", "Parent Relationship": "Outer", "Parallel Aware": false, "Async Capable": false, "Join Type": "Inner", "Startup Cost": 2070.33, "Total Cost": 35558.35, "Plan Rows": 1, "Plan Width": 4, "Actual Rows": 18, "Actual Loops": 5, "Inner Unique": true, "Workers": [], "Plans": [{"Node Type": "Nested Loop", "Parent Relationship": "Outer", "Parallel Aware": false, "Async Capable": false, "Join Type": "Inner", "Startup Cost": 2069.91, "Total Cost": 35557.37, "Plan Rows": 2, "Plan Width": 8, "Actual Rows": 42, "Actual Loops": 5, "Inner Unique": true, "Workers": [], "Plans": [{"Node Type": "Nested Loop", "Parent Relationship": "Outer", "Parallel Aware": false, "Async Capable": false, "Join Type": "Inner", "Startup Cost": 2069.48, "Total Cost": 35540.57, "Plan Rows": 25, "Plan Width": 12, "Actual Rows": 760, "Actual Loops": 5, "Inner Unique": true, "Workers": [], "Plans": [{"Node Type": "Nested Loop", "Parent Relationship": "Outer", "Parallel Aware": false, "Async Capable": false, "Join Type": "Inner", "Startup Cost": 2069.2, "Total Cost": 35495.11, "Plan Rows": 150, "Plan Width": 16, "Actual Rows": 4740, "Actual Loops": 5, "Inner Unique": true, "Workers": [], "Plans": [{"Node Type": "Hash Join", "Parent Relationship": "Outer", "Parallel Aware": true, "Async Capable": false, "Join Type": "Inner", "Startup Cost": 2068.78, "Total Cost": 35421.04, "Plan Rows": 153, "Plan Width": 8, "Actual Rows": 4833, "Actual Loops": 5, "Inner Unique": true, "Hash Cond": "(catalog_returns.cr_returned_date_sk = date_dim.d_date_sk)", "Workers": [], "Plans": [{"Node Type": "Seq Scan", "Parent Relationship": "Outer", "Parallel Aware": true, "Async Capable": false, "Relation Name": "catalog_returns", "Alias": "catalog_returns", "Startup Cost": 0.0, "Total Cost": 32407.37, "Plan Rows": 359937, "Plan Width": 12, "Actual Rows": 287950, "Actual Loops": 5, "Workers": []}, {"Node Type": "Hash", "Parent Relationship": "Inner", "Parallel Aware": true, "Async Capable": false, "Startup Cost": 2068.55, "Total Cost": 2068.55, "Plan Rows": 18, "Plan Width": 4, "Actual Rows": 6, "Actual Loops": 5, "Hash Buckets": 1024, "Original Hash Buckets": 1024, "Hash Batches": 1, "Original Hash Batches": 1, "Peak Memory Usage": 72, "Workers": [], "Plans": [{"Node Type": "Seq Scan", "Parent Relationship": "Outer", "Parallel Aware": true, "Async Capable": false, "Relation Name": "date_dim", "Alias": "date_dim", "Startup Cost": 0.0, "Total Cost": 2068.55, "Plan Rows": 18, "Plan Width": 4, "Actual Rows": 8, "Actual Loops": 4, "Filter": "((d_year = 2001) AND (d_moy = 12))", "Rows Removed by Filter": 18254, "Workers": []}]}]}, {"Node Type": "Index Scan", "Parent Relationship": "Inner", "Parallel Aware": false, "Async Capable": false, "Scan Direction": "Forward", "Index Name": "customer_pkey", "Relation Name": "customer", "Alias": "customer", "Startup Cost": 0.42, "Total Cost": 0.48, "Plan Rows": 1, "Plan Width": 16, "Actual Rows": 1, "Actual Loops": 24163, "Index Cond": "(c_customer_sk = catalog_returns.cr_returning_customer_sk)", "Rows Removed by Index Recheck": 0, "Workers": []}]}, {"Node Type": "Index Scan", "Parent Relationship": "Inner", "Parallel Aware": false, "Async Capable": false, "Scan Direction": "Forward", "Index Name": "household_demographics_pkey", "Relation Name": "household_demographics", "Alias": "household_demographics", "Startup Cost": 0.28, "Total Cost": 0.3, "Plan Rows": 1, "Plan Width": 4, "Actual Rows": 0, "Actual Loops": 23701, "Index Cond": "(hd_demo_sk = customer.c_current_hdemo_sk)", "Rows Removed by Index Recheck": 0, "Filter": "(hd_buy_potential ~~ 'Unknown%'::text)", "Rows Removed by Filter": 1, "Workers": []}]}, {"Node Type": "Index Scan", "Parent Relationship": "Inner", "Parallel Aware": false, "Async Capable": false, "Scan Direction": "Forward", "Index Name": "customer_demographics_pkey", "Relation Name": "customer_demographics", "Alias": "customer_demographics", "Startup Cost": 0.43, "Total Cost": 0.67, "Plan Rows": 1, "Plan Width": 4, "Actual Rows": 0, "Actual Loops": 3800, "Index Cond": "(cd_demo_sk = customer.c_current_cdemo_sk)", "Rows Removed by Index Recheck": 0, "Filter": "(((cd_marital_status = 'M'::bpchar) AND (cd_education_status = 'Unknown'::bpchar)) OR ((cd_marital_status = 'W'::bpchar) AND (cd_education_status = 'Advanced Degree'::bpchar)))", "Rows Removed by Filter": 1, "Workers": []}]}, {"Node Type": "Index Scan", "Parent Relationship": "Inner", "Parallel Aware": false, "Async Capable": false, "Scan Direction": "Forward", "Index Name": "customer_address_pkey", "Relation Name": "customer_address", "Alias": "customer_address", "Startup Cost": 0.42, "Total Cost": 0.49, "Plan Rows": 1, "Plan Width": 4, "Actual Rows": 0, "Actual Loops": 211, "Index Cond": "(ca_address_sk = customer.c_current_addr_sk)", "Rows Removed by Index Recheck": 0, "Filter": "(ca_gmt_offset = '-6'::numeric)", "Rows Removed by Filter": 1, "Workers": []}]}, {"Node Type": "Index Only Scan", "Parent Relationship": "Inner", "Parallel Aware": false, "Async Capable": false, "Scan Direction": "Forward", "Index Name": "call_center_pkey", "Relation Name": "call_center", "Alias": "call_center", "Startup Cost": 0.14, "Total Cost": 0.16, "Plan Rows": 1, "Plan Width": 4, "Actual Rows": 1, "Actual Loops": 90, "Index Cond": "(cc_call_center_sk = catalog_returns.cr_call_center_sk)", "Rows Removed by Index Recheck": 0, "Heap Fetches": 88, "Workers": []}]}]}]}, "Planning Time": 3.324, "Triggers": [], "Execution Time": 189.944}, {"Plan": {"Node Type": "Aggregate", "Strategy": "Plain", "Partial Mode": "Simple", "Parallel Aware": false, "Async Capable": false, "Startup Cost": 68274.15, "Total Cost": 68274.16, "Plan Rows": 1, "Plan Width": 8, "Actual Rows": 1, "Actual Loops": 1, "Plans": [{"Node Type": "Gather", "Parent Relationship": "Outer", "Parallel Aware": false, "Async Capable": false, "Startup Cost": 43947.74, "Total Cost": 68274.15, "Plan Rows": 2, "Plan Width": 0, "Actual Rows": 88, "Actual Loops": 1, "Workers Planned": 3, "Workers Launched": 3, "Single Copy": false, "Plans": [{"Node Type": "Hash Join", "Parent Relationship": "Outer", "Parallel Aware": true, "Async Capable": false, "Join Type": "Inner", "Startup Cost": 42947.74, "Total Cost": 67273.95, "Plan Rows": 1, "Plan Width": 0, "Actual Rows": 22, "Actual Loops": 4, "Inner Unique": false, "Hash Cond": "(customer.c_customer_sk = catalog_returns.cr_returning_customer_sk)", "Workers": [], "Plans": [{"Node Type": "Nested Loop", "Parent Relationship": "Outer", "Parallel Aware": false, "Async Capable": false, "Join Type": "Inner", "Startup Cost": 7521.79, "Total Cost": 31845.48, "Plan Rows": 666, "Plan Width": 4, "Actual Rows": 484, "Actual Loops": 4, "Inner Unique": true, "Workers": [], "Plans": [{"Node Type": "Hash Join", "Parent Relationship": "Outer", "Parallel Aware": true, "Async Capable": false, "Join Type": "Inner", "Startup Cost": 7521.36, "Total Cost": 23892.46, "Plan Rows": 11835, "Plan Width": 8, "Actual Rows": 8793, "Actual Loops": 4, "Inner Unique": true, "Hash Cond": "(customer.c_current_addr_sk = customer_address.ca_address_sk)", "Workers": [], "Plans": [{"Node Type": "Hash Join", "Parent Relationship": "Outer", "Parallel Aware": false, "Async Capable": false, "Join Type": "Inner", "Startup Cost": 158.0, "Total Cost": 16458.53, "Plan Rows": 26882, "Plan Width": 12, "Actual Rows": 19992, "Actual Loops": 4, "Inner Unique": true, "Hash Cond": "(customer.c_current_hdemo_sk = household_demographics.hd_demo_sk)", "Workers": [], "Plans": [{"Node Type": "Seq Scan", "Parent Relationship": "Outer", "Parallel Aware": true, "Async Capable": false, "Relation Name": "customer", "Alias": "customer", "Startup Cost": 0.0, "Total Cost": 15876.9, "Plan Rows": 161290, "Plan Width": 16, "Actual Rows": 125000, "Actual Loops": 4, "Workers": []}, {"Node Type": "Hash", "Parent Relationship": "Inner", "Parallel Aware": false, "Async Capable": false, "Startup Cost": 143.0, "Total Cost": 143.0, "Plan Rows": 1200, "Plan Width": 4, "Actual Rows": 1200, "Actual Loops": 4, "Hash Buckets": 2048, "Original Hash Buckets": 2048, "Hash Batches": 1, "Original Hash Batches": 1, "Peak Memory Usage": 59, "Workers": [], "Plans": [{"Node Type": "Seq Scan", "Parent Relationship": "Outer", "Parallel Aware": false, "Async Capable": false, "Relation Name": "household_demographics", "Alias": "household_demographics", "Startup Cost": 0.0, "Total Cost": 143.0, "Plan Rows": 1200, "Plan Width": 4, "Actual Rows": 1200, "Actual Loops": 4, "Filter": "(hd_buy_potential ~~ 'Unknown%'::text)", "Rows Removed by Filter": 6000, "Workers": []}]}]}, {"Node Type": "Hash", "Parent Relationship": "Inner", "Parallel Aware": true, "Async Capable": false, "Startup Cost": 6790.08, "Total Cost": 6790.08, "Plan Rows": 45862, "Plan Width": 4, "Actual Rows": 27618, "Actual Loops": 4, "Hash Buckets": 131072, "Original Hash Buckets": 131072, "Hash Batches": 1, "Original Hash Batches": 1, "Peak Memory Usage": 5408, "Workers": [], "Plans": [{"Node Type": "Seq Scan", "Parent Relationship": "Outer", "Parallel Aware": true, "Async Capable": false, "Relation Name": "customer_address", "Alias": "customer_address", "Startup Cost": 0.0, "Total Cost": 6790.08, "Plan Rows": 45862, "Plan Width": 4, "Actual Rows": 27618, "Actual Loops": 4, "Filter": "(ca_gmt_offset = '-6'::numeric)", "Rows Removed by Filter": 34882, "Workers": []}]}]}, {"Node Type": "Index Scan", "Parent Relationship": "Inner", "Parallel Aware": false, "Async Capable": false, "Scan Direction": "Forward", "Index Name": "customer_demographics_pkey", "Relation Name": "customer_demographics", "Alias": "customer_demographics", "Startup Cost": 0.43, "Total Cost": 0.67, "Plan Rows": 1, "Plan Width": 4, "Actual Rows": 0, "Actual Loops": 35173, "Index Cond": "(cd_demo_sk = customer.c_current_cdemo_sk)", "Rows Removed by Index Recheck": 0, "Filter": "(((cd_marital_status = 'M'::bpchar) AND (cd_education_status = 'Unknown'::bpchar)) OR ((cd_marital_status = 'W'::bpchar) AND (cd_education_status = 'Advanced Degree'::bpchar)))", "Rows Removed by Filter": 1, "Workers": []}]}, {"Node Type": "Hash", "Parent Relationship": "Inner", "Parallel Aware": true, "Async Capable": false, "Startup Cost": 35424.05, "Total Cost": 35424.05, "Plan Rows": 153, "Plan Width": 4, "Actual Rows": 5922, "Actual Loops": 4, "Hash Buckets": 32768, "Original Hash Buckets": 1024, "Hash Batches": 1, "Original Hash Batches": 1, "Peak Memory Usage": 1528, "Workers": [], "Plans": [{"Node Type": "Hash Join", "Parent Relationship": "Outer", "Parallel Aware": false, "Async Capable": false, "Join Type": "Inner", "Startup Cost": 2071.32, "Total Cost": 35424.05, "Plan Rows": 153, "Plan Width": 4, "Actual Rows": 5922, "Actual Loops": 4, "Inner Unique": true, "Hash Cond": "(catalog_returns.cr_call_center_sk = call_center.cc_call_center_sk)", "Workers": [], "Plans": [{"Node Type": "Hash Join", "Parent Relationship": "Outer", "Parallel Aware": true, "Async Capable": false, "Join Type": "Inner", "Startup Cost": 2068.78, "Total Cost": 35421.04, "Plan Rows": 153, "Plan Width": 8, "Actual Rows": 6041, "Actual Loops": 4, "Inner Unique": true, "Hash Cond": "(catalog_returns.cr_returned_date_sk = date_dim.d_date_sk)", "Workers": [], "Plans": [{"Node Type": "Seq Scan", "Parent Relationship": "Outer", "Parallel Aware": true, "Async Capable": false, "Relation Name": "catalog_returns", "Alias": "catalog_returns", "Startup Cost": 0.0, "Total Cost": 32407.37, "Plan Rows": 359937, "Plan Width": 12, "Actual Rows": 359937, "Actual Loops": 4, "Workers": []}, {"Node Type": "Hash", "Parent Relationship": "Inner", "Parallel Aware": true, "Async Capable": false, "Startup Cost": 2068.55, "Total Cost": 2068.55, "Plan Rows": 18, "Plan Width": 4, "Actual Rows": 8, "Actual Loops": 4, "Hash Buckets": 1024, "Original Hash Buckets": 1024, "Hash Batches": 1, "Original Hash Batches": 1, "Peak Memory Usage": 72, "Workers": [], "Plans": [{"Node Type": "Seq Scan", "Parent Relationship": "Outer", "Parallel Aware": true, "Async Capable": false, "Relation Name": "date_dim", "Alias": "date_dim", "Startup Cost": 0.0, "Total Cost": 2068.55, "Plan Rows": 18, "Plan Width": 4, "Actual Rows": 8, "Actual Loops": 4, "Filter": "((d_year = 2001) AND (d_moy = 12))", "Rows Removed by Filter": 18254, "Workers": []}]}]}, {"Node Type": "Hash", "Parent Relationship": "Inner", "Parallel Aware": false, "Async Capable": false, "Startup Cost": 2.24, "Total Cost": 2.24, "Plan Rows": 24, "Plan Width": 4, "Actual Rows": 24, "Actual Loops": 4, "Hash Buckets": 1024, "Original Hash Buckets": 1024, "Hash Batches": 1, "Original Hash Batches": 1, "Peak Memory Usage": 9, "Workers": [], "Plans": [{"Node Type": "Seq Scan", "Parent Relationship": "Outer", "Parallel Aware": false, "Async Capable": false, "Relation Name": "call_center", "Alias": "call_center", "Startup Cost": 0.0, "Total Cost": 2.24, "Plan Rows": 24, "Plan Width": 4, "Actual Rows": 24, "Actual Loops": 4, "Workers": []}]}]}]}]}]}]}, "Planning Time": 3.58, "Triggers": [], "Execution Time": 515.708}, {"Plan": {"Node Type": "Aggregate", "Strategy": "Plain", "Partial Mode": "Simple", "Parallel Aware": false, "Async Capable": false, "Startup Cost": 37014.99, "Total Cost": 37015.0, "Plan Rows": 1, "Plan Width": 8, "Actual Rows": 1, "Actual Loops": 1, "Plans": [{"Node Type": "Nested Loop", "Parent Relationship": "Outer", "Parallel Aware": false, "Async Capable": false, "Join Type": "Inner", "Startup Cost": 3070.18, "Total Cost": 37014.98, "Plan Rows": 2, "Plan Width": 0, "Actual Rows": 88, "Actual Loops": 1, "Inner Unique": false, "Join Filter": "(household_demographics.hd_demo_sk = customer.c_current_hdemo_sk)", "Rows Removed by Join Filter": 687512, "Plans": [{"Node Type": "Seq Scan", "Parent Relationship": "Outer", "Parallel Aware": false, "Async Capable": false, "Relation Name": "household_demographics", "Alias": "household_demographics", "Startup Cost": 0.0, "Total Cost": 143.0, "Plan Rows": 1200, "Plan Width": 4, "Actual Rows": 1200, "Actual Loops": 1, "Filter": "(hd_buy_potential ~~ 'Unknown%'::text)", "Rows Removed by Filter": 6000}, {"Node Type": "Materialize", "Parent Relationship": "Inner", "Parallel Aware": false, "Async Capable": false, "Startup Cost": 3070.18, "Total Cost": 36602.02, "Plan Rows": 15, "Plan Width": 4, "Actual Rows": 573, "Actual Loops": 1200, "Plans": [{"Node Type": "Gather", "Parent Relationship": "Outer", "Parallel Aware": false, "Async Capable": false, "Startup Cost": 3070.18, "Total Cost": 36601.94, "Plan Rows": 15, "Plan Width": 4, "Actual Rows": 573, "Actual Loops": 1, "Workers Planned": 4, "Workers Launched": 4, "Single Copy": false, "Plans": [{"Node Type": "Nested Loop", "Parent Relationship": "Outer", "Parallel Aware": false, "Async Capable": false, "Join Type": "Inner", "Startup Cost": 2070.18, "Total Cost": 35600.44, "Plan Rows": 4, "Plan Width": 4, "Actual Rows": 115, "Actual Loops": 5, "Inner Unique": true, "Workers": [], "Plans": [{"Node Type": "Nested Loop", "Parent Relationship": "Outer", "Parallel Aware": false, "Async Capable": false, "Join Type": "Inner", "Startup Cost": 2070.05, "Total Cost": 35599.82, "Plan Rows": 4, "Plan Width": 8, "Actual Rows": 116, "Actual Loops": 5, "Inner Unique": true, "Workers": [], "Plans": [{"Node Type": "Nested Loop", "Parent Relationship": "Outer", "Parallel Aware": false, "Async Capable": false, "Join Type": "Inner", "Startup Cost": 2069.62, "Total Cost": 35595.91, "Plan Rows": 8, "Plan Width": 12, "Actual Rows": 261, "Actual Loops": 5, "Inner Unique": true, "Workers": [], "Plans": [{"Node Type": "Nested Loop", "Parent Relationship": "Outer", "Parallel Aware": false, "Async Capable": false, "Join Type": "Inner", "Startup Cost": 2069.2, "Total Cost": 35495.11, "Plan Rows": 150, "Plan Width": 16, "Actual Rows": 4740, "Actual Loops": 5, "Inner Unique": true, "Workers": [], "Plans": [{"Node Type": "Hash Join", "Parent Relationship": "Outer", "Parallel Aware": true, "Async Capable": false, "Join Type": "Inner", "Startup Cost": 2068.78, "Total Cost": 35421.04, "Plan Rows": 153, "Plan Width": 8, "Actual Rows": 4833, "Actual Loops": 5, "Inner Unique": true, "Hash Cond": "(catalog_returns.cr_returned_date_sk = date_dim.d_date_sk)", "Workers": [], "Plans": [{"Node Type": "Seq Scan", "Parent Relationship": "Outer", "Parallel Aware": true, "Async Capable": false, "Relation Name": "catalog_returns", "Alias": "catalog_returns", "Startup Cost": 0.0, "Total Cost": 32407.37, "Plan Rows": 359937, "Plan Width": 12, "Actual Rows": 287950, "Actual Loops": 5, "Workers": []}, {"Node Type": "Hash", "Parent Relationship": "Inner", "Parallel Aware": true, "Async Capable": false, "Startup Cost": 2068.55, "Total Cost": 2068.55, "Plan Rows": 18, "Plan Width": 4, "Actual Rows": 6, "Actual Loops": 5, "Hash Buckets": 1024, "Original Hash Buckets": 1024, "Hash Batches": 1, "Original Hash Batches": 1, "Peak Memory Usage": 40, "Workers": [], "Plans": [{"Node Type": "Seq Scan", "Parent Relationship": "Outer", "Parallel Aware": true, "Async Capable": false, "Relation Name": "date_dim", "Alias": "date_dim", "Startup Cost": 0.0, "Total Cost": 2068.55, "Plan Rows": 18, "Plan Width": 4, "Actual Rows": 6, "Actual Loops": 5, "Filter": "((d_year = 2001) AND (d_moy = 12))", "Rows Removed by Filter": 14604, "Workers": []}]}]}, {"Node Type": "Index Scan", "Parent Relationship": "Inner", "Parallel Aware": false, "Async Capable": false, "Scan Direction": "Forward", "Index Name": "customer_pkey", "Relation Name": "customer", "Alias": "customer", "Startup Cost": 0.42, "Total Cost": 0.48, "Plan Rows": 1, "Plan Width": 16, "Actual Rows": 1, "Actual Loops": 24163, "Index Cond": "(c_customer_sk = catalog_returns.cr_returning_customer_sk)", "Rows Removed by Index Recheck": 0, "Workers": []}]}, {"Node Type": "Index Scan", "Parent Relationship": "Inner", "Parallel Aware": false, "Async Capable": false, "Scan Direction": "Forward", "Index Name": "customer_demographics_pkey", "Relation Name": "customer_demographics", "Alias": "customer_demographics", "Startup Cost": 0.43, "Total Cost": 0.67, "Plan Rows": 1, "Plan Width": 4, "Actual Rows": 0, "Actual Loops": 23701, "Index Cond": "(cd_demo_sk = customer.c_current_cdemo_sk)", "Rows Removed by Index Recheck": 0, "Filter": "(((cd_marital_status = 'M'::bpchar) AND (cd_education_status = 'Unknown'::bpchar)) OR ((cd_marital_status = 'W'::bpchar) AND (cd_education_status = 'Advanced Degree'::bpchar)))", "Rows Removed by Filter": 1, "Workers": []}]}, {"Node Type": "Index Scan", "Parent Relationship": "Inner", "Parallel Aware": false, "Async Capable": false, "Scan Direction": "Forward", "Index Name": "customer_address_pkey", "Relation Name": "customer_address", "Alias": "customer_address", "Startup Cost": 0.42, "Total Cost": 0.49, "Plan Rows": 1, "Plan Width": 4, "Actual Rows": 0, "Actual Loops": 1307, "Index Cond": "(ca_address_sk = customer.c_current_addr_sk)", "Rows Removed by Index Recheck": 0, "Filter": "(ca_gmt_offset = '-6'::numeric)", "Rows Removed by Filter": 1, "Workers": []}]}, {"Node Type": "Index Only Scan", "Parent Relationship": "Inner", "Parallel Aware": false, "Async Capable": false, "Scan Direction": "Forward", "Index Name": "call_center_pkey", "Relation Name": "call_center", "Alias": "call_center", "Startup Cost": 0.14, "Total Cost": 0.16, "Plan Rows": 1, "Plan Width": 4, "Actual Rows": 1, "Actual Loops": 582, "Index Cond": "(cc_call_center_sk = catalog_returns.cr_call_center_sk)", "Rows Removed by Index Recheck": 0, "Heap Fetches": 573, "Workers": []}]}]}]}]}]}, "Planning Time": 2.534, "Triggers": [], "Execution Time": 266.739}, {"Plan": {"Node Type": "Aggregate", "Strategy": "Plain", "Partial Mode": "Simple", "Parallel Aware": false, "Async Capable": false, "Startup Cost": 43519.99, "Total Cost": 43520.0, "Plan Rows": 1, "Plan Width": 8, "Actual Rows": 1, "Actual Loops": 1, "Plans": [{"Node Type": "Gather", "Parent Relationship": "Outer", "Parallel Aware": false, "Async Capable": false, "Startup Cost": 36557.71, "Total Cost": 43519.99, "Plan Rows": 2, "Plan Width": 0, "Actual Rows": 88, "Actual Loops": 1, "Workers Planned": 2, "Workers Launched": 2, "Single Copy": false, "Plans": [{"Node Type": "Hash Join", "Parent Relationship": "Outer", "Parallel Aware": true, "Async Capable": false, "Join Type": "Inner", "Startup Cost": 35557.71, "Total Cost": 42519.79, "Plan Rows": 1, "Plan Width": 0, "Actual Rows": 29, "Actual Loops": 3, "Inner Unique": false, "Hash Cond": "(customer_address.ca_address_sk = customer.c_current_addr_sk)", "Workers": [], "Plans": [{"Node Type": "Seq Scan", "Parent Relationship": "Outer", "Parallel Aware": true, "Async Capable": false, "Relation Name": "customer_address", "Alias": "customer_address", "Startup Cost": 0.0, "Total Cost": 6790.08, "Plan Rows": 45862, "Plan Width": 4, "Actual Rows": 36824, "Actual Loops": 3, "Filter": "(ca_gmt_offset = '-6'::numeric)", "Rows Removed by Filter": 46510, "Workers": []}, {"Node Type": "Hash", "Parent Relationship": "Inner", "Parallel Aware": true, "Async Capable": false, "Startup Cost": 35557.69, "Total Cost": 35557.69, "Plan Rows": 2, "Plan Width": 4, "Actual Rows": 69, "Actual Loops": 3, "Hash Buckets": 1024, "Original Hash Buckets": 1024, "Hash Batches": 1, "Original Hash Batches": 1, "Peak Memory Usage": 104, "Workers": [], "Plans": [{"Node Type": "Nested Loop", "Parent Relationship": "Outer", "Parallel Aware": false, "Async Capable": false, "Join Type": "Inner", "Startup Cost": 2070.04, "Total Cost": 35557.69, "Plan Rows": 2, "Plan Width": 4, "Actual Rows": 69, "Actual Loops": 3, "Inner Unique": true, "Workers": [], "Plans": [{"Node Type": "Nested Loop", "Parent Relationship": "Outer", "Parallel Aware": false, "Async Capable": false, "Join Type": "Inner", "Startup Cost": 2069.91, "Total Cost": 35557.37, "Plan Rows": 2, "Plan Width": 8, "Actual Rows": 70, "Actual Loops": 3, "Inner Unique": true, "Workers": [], "Plans": [{"Node Type": "Nested Loop", "Parent Relationship": "Outer", "Parallel Aware": false, "Async Capable": false, "Join Type": "Inner", "Startup Cost": 2069.48, "Total Cost": 35540.57, "Plan Rows": 25, "Plan Width": 12, "Actual Rows": 1267, "Actual Loops": 3, "Inner Unique": true, "Workers": [], "Plans": [{"Node Type": "Nested Loop", "Parent Relationship": "Outer", "Parallel Aware": false, "Async Capable": false, "Join Type": "Inner", "Startup Cost": 2069.2, "Total Cost": 35495.11, "Plan Rows": 150, "Plan Width": 16, "Actual Rows": 7900, "Actual Loops": 3, "Inner Unique": true, "Workers": [], "Plans": [{"Node Type": "Hash Join", "Parent Relationship": "Outer", "Parallel Aware": true, "Async Capable": false, "Join Type": "Inner", "Startup Cost": 2068.78, "Total Cost": 35421.04, "Plan Rows": 153, "Plan Width": 8, "Actual Rows": 8054, "Actual Loops": 3, "Inner Unique": true, "Hash Cond": "(catalog_returns.cr_returned_date_sk = date_dim.d_date_sk)", "Workers": [], "Plans": [{"Node Type": "Seq Scan", "Parent Relationship": "Outer", "Parallel Aware": true, "Async Capable": false, "Relation Name": "catalog_returns", "Alias": "catalog_returns", "Startup Cost": 0.0, "Total Cost": 32407.37, "Plan Rows": 359937, "Plan Width": 12, "Actual Rows": 479916, "Actual Loops": 3, "Workers": []}, {"Node Type": "Hash", "Parent Relationship": "Inner", "Parallel Aware": true, "Async Capable": false, "Startup Cost": 2068.55, "Total Cost": 2068.55, "Plan Rows": 18, "Plan Width": 4, "Actual Rows": 10, "Actual Loops": 3, "Hash Buckets": 1024, "Original Hash Buckets": 1024, "Hash Batches": 1, "Original Hash Batches": 1, "Peak Memory Usage": 72, "Workers": [], "Plans": [{"Node Type": "Seq Scan", "Parent Relationship": "Outer", "Parallel Aware": true, "Async Capable": false, "Relation Name": "date_dim", "Alias": "date_dim", "Startup Cost": 0.0, "Total Cost": 2068.55, "Plan Rows": 18, "Plan Width": 4, "Actual Rows": 10, "Actual Loops": 3, "Filter": "((d_year = 2001) AND (d_moy = 12))", "Rows Removed by Filter": 24339, "Workers": []}]}]}, {"Node Type": "Index Scan", "Parent Relationship": "Inner", "Parallel Aware": false, "Async Capable": false, "Scan Direction": "Forward", "Index Name": "customer_pkey", "Relation Name": "customer", "Alias": "customer", "Startup Cost": 0.42, "Total Cost": 0.48, "Plan Rows": 1, "Plan Width": 16, "Actual Rows": 1, "Actual Loops": 24163, "Index Cond": "(c_customer_sk = catalog_returns.cr_returning_customer_sk)", "Rows Removed by Index Recheck": 0, "Workers": []}]}, {"Node Type": "Index Scan", "Parent Relationship": "Inner", "Parallel Aware": false, "Async Capable": false, "Scan Direction": "Forward", "Index Name": "household_demographics_pkey", "Relation Name": "household_demographics", "Alias": "household_demographics", "Startup Cost": 0.28, "Total Cost": 0.3, "Plan Rows": 1, "Plan Width": 4, "Actual Rows": 0, "Actual Loops": 23701, "Index Cond": "(hd_demo_sk = customer.c_current_hdemo_sk)", "Rows Removed by Index Recheck": 0, "Filter": "(hd_buy_potential ~~ 'Unknown%'::text)", "Rows Removed by Filter": 1, "Workers": []}]}, {"Node Type": "Index Scan", "Parent Relationship": "Inner", "Parallel Aware": false, "Async Capable": false, "Scan Direction": "Forward", "Index Name": "customer_demographics_pkey", "Relation Name": "customer_demographics", "Alias": "customer_demographics", "Startup Cost": 0.43, "Total Cost": 0.67, "Plan Rows": 1, "Plan Width": 4, "Actual Rows": 0, "Actual Loops": 3800, "Index Cond": "(cd_demo_sk = customer.c_current_cdemo_sk)", "Rows Removed by Index Recheck": 0, "Filter": "(((cd_marital_status = 'M'::bpchar) AND (cd_education_status = 'Unknown'::bpchar)) OR ((cd_marital_status = 'W'::bpchar) AND (cd_education_status = 'Advanced Degree'::bpchar)))", "Rows Removed by Filter": 1, "Workers": []}]}, {"Node Type": "Index Only Scan", "Parent Relationship": "Inner", "Parallel Aware": false, "Async Capable": false, "Scan Direction": "Forward", "Index Name": "call_center_pkey", "Relation Name": "call_center", "Alias": "call_center", "Startup Cost": 0.14, "Total Cost": 0.16, "Plan Rows": 1, "Plan Width": 4, "Actual Rows": 1, "Actual Loops": 211, "Index Cond": "(cc_call_center_sk = catalog_returns.cr_call_center_sk)", "Rows Removed by Index Recheck": 0, "Heap Fetches": 208, "Workers": []}]}]}]}]}]}, "Planning Time": 4.104, "Triggers": [], "Execution Time": 404.613}, {"Plan": {"Node Type": "Aggregate", "Strategy": "Plain", "Partial Mode": "Simple", "Parallel Aware": false, "Async Capable": false, "Startup Cost": 36601.86, "Total Cost": 36601.87, "Plan Rows": 1, "Plan Width": 8, "Actual Rows": 1, "Actual Loops": 1, "Plans": [{"Node Type": "Gather", "Parent Relationship": "Outer", "Parallel Aware": false, "Async Capable": false, "Startup Cost": 3070.46, "Total Cost": 36601.86, "Plan Rows": 2, "Plan Width": 0, "Actual Rows": 88, "Actual Loops": 1, "Workers Planned": 4, "Workers Launched": 4, "Single Copy": false, "Plans": [{"Node Type": "Nested Loop", "Parent Relationship": "Outer", "Parallel Aware": false, "Async Capable": false, "Join Type": "Inner", "Startup Cost": 2070.46, "Total Cost": 35601.66, "Plan Rows": 1, "Plan Width": 0, "Actual Rows": 18, "Actual Loops": 5, "Inner Unique": true, "Workers": [], "Plans": [{"Node Type": "Nested Loop", "Parent Relationship": "Outer", "Parallel Aware": false, "Async Capable": false, "Join Type": "Inner", "Startup Cost": 2070.18, "Total Cost": 35600.44, "Plan Rows": 4, "Plan Width": 4, "Actual Rows": 115, "Actual Loops": 5, "Inner Unique": true, "Workers": [], "Plans": [{"Node Type": "Nested Loop", "Parent Relationship": "Outer", "Parallel Aware": false, "Async Capable": false, "Join Type": "Inner", "Startup Cost": 2070.05, "Total Cost": 35599.82, "Plan Rows": 4, "Plan Width": 8, "Actual Rows": 116, "Actual Loops": 5, "Inner Unique": true, "Workers": [], "Plans": [{"Node Type": "Nested Loop", "Parent Relationship": "Outer", "Parallel Aware": false, "Async Capable": false, "Join Type": "Inner", "Startup Cost": 2069.62, "Total Cost": 35595.91, "Plan Rows": 8, "Plan Width": 12, "Actual Rows": 261, "Actual Loops": 5, "Inner Unique": true, "Workers": [], "Plans": [{"Node Type": "Nested Loop", "Parent Relationship": "Outer", "Parallel Aware": false, "Async Capable": false, "Join Type": "Inner", "Startup Cost": 2069.2, "Total Cost": 35495.11, "Plan Rows": 150, "Plan Width": 16, "Actual Rows": 4740, "Actual Loops": 5, "Inner Unique": true, "Workers": [], "Plans": [{"Node Type": "Hash Join", "Parent Relationship": "Outer", "Parallel Aware": true, "Async Capable": false, "Join Type": "Inner", "Startup Cost": 2068.78, "Total Cost": 35421.04, "Plan Rows": 153, "Plan Width": 8, "Actual Rows": 4833, "Actual Loops": 5, "Inner Unique": true, "Hash Cond": "(catalog_returns.cr_returned_date_sk = date_dim.d_date_sk)", "Workers": [], "Plans": [{"Node Type": "Seq Scan", "Parent Relationship": "Outer", "Parallel Aware": true, "Async Capable": false, "Relation Name": "catalog_returns", "Alias": "catalog_returns", "Startup Cost": 0.0, "Total Cost": 32407.37, "Plan Rows": 359937, "Plan Width": 12, "Actual Rows": 287950, "Actual Loops": 5, "Workers": []}, {"Node Type": "Hash", "Parent Relationship": "Inner", "Parallel Aware": true, "Async Capable": false, "Startup Cost": 2068.55, "Total Cost": 2068.55, "Plan Rows": 18, "Plan Width": 4, "Actual Rows": 6, "Actual Loops": 5, "Hash Buckets": 1024, "Original Hash Buckets": 1024, "Hash Batches": 1, "Original Hash Batches": 1, "Peak Memory Usage": 40, "Workers": [], "Plans": [{"Node Type": "Seq Scan", "Parent Relationship": "Outer", "Parallel Aware": true, "Async Capable": false, "Relation Name": "date_dim", "Alias": "date_dim", "Startup Cost": 0.0, "Total Cost": 2068.55, "Plan Rows": 18, "Plan Width": 4, "Actual Rows": 6, "Actual Loops": 5, "Filter": "((d_year = 2001) AND (d_moy = 12))", "Rows Removed by Filter": 14604, "Workers": []}]}]}, {"Node Type": "Index Scan", "Parent Relationship": "Inner", "Parallel Aware": false, "Async Capable": false, "Scan Direction": "Forward", "Index Name": "customer_pkey", "Relation Name": "customer", "Alias": "customer", "Startup Cost": 0.42, "Total Cost": 0.48, "Plan Rows": 1, "Plan Width": 16, "Actual Rows": 1, "Actual Loops": 24163, "Index Cond": "(c_customer_sk = catalog_returns.cr_returning_customer_sk)", "Rows Removed by Index Recheck": 0, "Workers": []}]}, {"Node Type": "Index Scan", "Parent Relationship": "Inner", "Parallel Aware": false, "Async Capable": false, "Scan Direction": "Forward", "Index Name": "customer_demographics_pkey", "Relation Name": "customer_demographics", "Alias": "customer_demographics", "Startup Cost": 0.43, "Total Cost": 0.67, "Plan Rows": 1, "Plan Width": 4, "Actual Rows": 0, "Actual Loops": 23701, "Index Cond": "(cd_demo_sk = customer.c_current_cdemo_sk)", "Rows Removed by Index Recheck": 0, "Filter": "(((cd_marital_status = 'M'::bpchar) AND (cd_education_status = 'Unknown'::bpchar)) OR ((cd_marital_status = 'W'::bpchar) AND (cd_education_status = 'Advanced Degree'::bpchar)))", "Rows Removed by Filter": 1, "Workers": []}]}, {"Node Type": "Index Scan", "Parent Relationship": "Inner", "Parallel Aware": false, "Async Capable": false, "Scan Direction": "Forward", "Index Name": "customer_address_pkey", "Relation Name": "customer_address", "Alias": "customer_address", "Startup Cost": 0.42, "Total Cost": 0.49, "Plan Rows": 1, "Plan Width": 4, "Actual Rows": 0, "Actual Loops": 1307, "Index Cond": "(ca_address_sk = customer.c_current_addr_sk)", "Rows Removed by Index Recheck": 0, "Filter": "(ca_gmt_offset = '-6'::numeric)", "Rows Removed by Filter": 1, "Workers": []}]}, {"Node Type": "Index Only Scan", "Parent Relationship": "Inner", "Parallel Aware": false, "Async Capable": false, "Scan Direction": "Forward", "Index Name": "call_center_pkey", "Relation Name": "call_center", "Alias": "call_center", "Startup Cost": 0.14, "Total Cost": 0.16, "Plan Rows": 1, "Plan Width": 4, "Actual Rows": 1, "Actual Loops": 582, "Index Cond": "(cc_call_center_sk = catalog_returns.cr_call_center_sk)", "Rows Removed by Index Recheck": 0, "Heap Fetches": 573, "Workers": []}]}, {"Node Type": "Index Scan", "Parent Relationship": "Inner", "Parallel Aware": false, "Async Capable": false, "Scan Direction": "Forward", "Index Name": "household_demographics_pkey", "Relation Name": "household_demographics", "Alias": "household_demographics", "Startup Cost": 0.28, "Total Cost": 0.3, "Plan Rows": 1, "Plan Width": 4, "Actual Rows": 0, "Actual Loops": 573, "Index Cond": "(hd_demo_sk = customer.c_current_hdemo_sk)", "Rows Removed by Index Recheck": 0, "Filter": "(hd_buy_potential ~~ 'Unknown%'::text)", "Rows Removed by Filter": 1, "Workers": []}]}]}]}, "Planning Time": 3.385, "Triggers": [], "Execution Time": 273.26}, {"Plan": {"Node Type": "Aggregate", "Strategy": "Plain", "Partial Mode": "Simple", "Parallel Aware": false, "Async Capable": false, "Startup Cost": 67088.09, "Total Cost": 67088.1, "Plan Rows": 1, "Plan Width": 8, "Actual Rows": 1, "Actual Loops": 1, "Plans": [{"Node Type": "Gather", "Parent Relationship": "Outer", "Parallel Aware": false, "Async Capable": false, "Startup Cost": 32856.64, "Total Cost": 67088.08, "Plan Rows": 2, "Plan Width": 0, "Actual Rows": 88, "Actual Loops": 1, "Workers Planned": 4, "Workers Launched": 4, "Single Copy": false, "Plans": [{"Node Type": "Nested Loop", "Parent Relationship": "Outer", "Parallel Aware": false, "Async Capable": false, "Join Type": "Inner", "Startup Cost": 31856.64, "Total Cost": 66087.88, "Plan Rows": 1, "Plan Width": 0, "Actual Rows": 18, "Actual Loops": 5, "Inner Unique": true, "Workers": [], "Plans": [{"Node Type": "Hash Join", "Parent Relationship": "Outer", "Parallel Aware": false, "Async Capable": false, "Join Type": "Inner", "Startup Cost": 31856.35, "Total Cost": 65622.66, "Plan Rows": 1456, "Plan Width": 4, "Actual Rows": 1091, "Actual Loops": 5, "Inner Unique": true, "Hash Cond": "(catalog_returns.cr_call_center_sk = call_center.cc_call_center_sk)", "Workers": [], "Plans": [{"Node Type": "Hash Join", "Parent Relationship": "Outer", "Parallel Aware": true, "Async Capable": false, "Join Type": "Inner", "Startup Cost": 31853.81, "Total Cost": 65615.64, "Plan Rows": 1456, "Plan Width": 8, "Actual Rows": 1102, "Actual Loops": 5, "Inner Unique": false, "Hash Cond": "(catalog_returns.cr_returning_customer_sk = customer.c_customer_sk)", "Workers": [], "Plans": [{"Node Type": "Seq Scan", "Parent Relationship": "Outer", "Parallel Aware": true, "Async Capable": false, "Relation Name": "catalog_returns", "Alias": "catalog_returns", "Startup Cost": 0.0, "Total Cost": 32407.37, "Plan Rows": 359937, "Plan Width": 12, "Actual Rows": 287950, "Actual Loops": 5, "Workers": []}, {"Node Type": "Hash", "Parent Relationship": "Inner", "Parallel Aware": true, "Async Capable": false, "Startup Cost": 31845.48, "Total Cost": 31845.48, "Plan Rows": 666, "Plan Width": 4, "Actual Rows": 387, "Actual Loops": 5, "Hash Buckets": 4096, "Original Hash Buckets": 4096, "Hash Batches": 1, "Original Hash Batches": 1, "Peak Memory Usage": 192, "Workers": [], "Plans": [{"Node Type": "Nested Loop", "Parent Relationship": "Outer", "Parallel Aware": false, "Async Capable": false, "Join Type": "Inner", "Startup Cost": 7521.79, "Total Cost": 31845.48, "Plan Rows": 666, "Plan Width": 4, "Actual Rows": 387, "Actual Loops": 5, "Inner Unique": true, "Workers": [], "Plans": [{"Node Type": "Hash Join", "Parent Relationship": "Outer", "Parallel Aware": true, "Async Capable": false, "Join Type": "Inner", "Startup Cost": 7521.36, "Total Cost": 23892.46, "Plan Rows": 11835, "Plan Width": 8, "Actual Rows": 7035, "Actual Loops": 5, "Inner Unique": true, "Hash Cond": "(customer.c_current_addr_sk = customer_address.ca_address_sk)", "Workers": [], "Plans": [{"Node Type": "Hash Join", "Parent Relationship": "Outer", "Parallel Aware": false, "Async Capable": false, "Join Type": "Inner", "Startup Cost": 158.0, "Total Cost": 16458.53, "Plan Rows": 26882, "Plan Width": 12, "Actual Rows": 15994, "Actual Loops": 5, "Inner Unique": true, "Hash Cond": "(customer.c_current_hdemo_sk = household_demographics.hd_demo_sk)", "Workers": [], "Plans": [{"Node Type": "Seq Scan", "Parent Relationship": "Outer", "Parallel Aware": true, "Async Capable": false, "Relation Name": "customer", "Alias": "customer", "Startup Cost": 0.0, "Total Cost": 15876.9, "Plan Rows": 161290, "Plan Width": 16, "Actual Rows": 100000, "Actual Loops": 5, "Workers": []}, {"Node Type": "Hash", "Parent Relationship": "Inner", "Parallel Aware": false, "Async Capable": false, "Startup Cost": 143.0, "Total Cost": 143.0, "Plan Rows": 1200, "Plan Width": 4, "Actual Rows": 1200, "Actual Loops": 5, "Hash Buckets": 2048, "Original Hash Buckets": 2048, "Hash Batches": 1, "Original Hash Batches": 1, "Peak Memory Usage": 59, "Workers": [], "Plans": [{"Node Type": "Seq Scan", "Parent Relationship": "Outer", "Parallel Aware": false, "Async Capable": false, "Relation Name": "household_demographics", "Alias": "household_demographics", "Startup Cost": 0.0, "Total Cost": 143.0, "Plan Rows": 1200, "Plan Width": 4, "Actual Rows": 1200, "Actual Loops": 5, "Filter": "(hd_buy_potential ~~ 'Unknown%'::text)", "Rows Removed by Filter": 6000, "Workers": []}]}]}, {"Node Type": "Hash", "Parent Relationship": "Inner", "Parallel Aware": true, "Async Capable": false, "Startup Cost": 6790.08, "Total Cost": 6790.08, "Plan Rows": 45862, "Plan Width": 4, "Actual Rows": 22094, "Actual Loops": 5, "Hash Buckets": 131072, "Original Hash Buckets": 131072, "Hash Batches": 1, "Original Hash Batches": 1, "Peak Memory Usage": 5408, "Workers": [], "Plans": [{"Node Type": "Seq Scan", "Parent Relationship": "Outer", "Parallel Aware": true, "Async Capable": false, "Relation Name": "customer_address", "Alias": "customer_address", "Startup Cost": 0.0, "Total Cost": 6790.08, "Plan Rows": 45862, "Plan Width": 4, "Actual Rows": 22094, "Actual Loops": 5, "Filter": "(ca_gmt_offset = '-6'::numeric)", "Rows Removed by Filter": 27906, "Workers": []}]}]}, {"Node Type": "Index Scan", "Parent Relationship": "Inner", "Parallel Aware": false, "Async Capable": false, "Scan Direction": "Forward", "Index Name": "customer_demographics_pkey", "Relation Name": "customer_demographics", "Alias": "customer_demographics", "Startup Cost": 0.43, "Total Cost": 0.67, "Plan Rows": 1, "Plan Width": 4, "Actual Rows": 0, "Actual Loops": 35173, "Index Cond": "(cd_demo_sk = customer.c_current_cdemo_sk)", "Rows Removed by Index Recheck": 0, "Filter": "(((cd_marital_status = 'M'::bpchar) AND (cd_education_status = 'Unknown'::bpchar)) OR ((cd_marital_status = 'W'::bpchar) AND (cd_education_status = 'Advanced Degree'::bpchar)))", "Rows Removed by Filter": 1, "Workers": []}]}]}]}, {"Node Type": "Hash", "Parent Relationship": "Inner", "Parallel Aware": false, "Async Capable": false, "Startup Cost": 2.24, "Total Cost": 2.24, "Plan Rows": 24, "Plan Width": 4, "Actual Rows": 24, "Actual Loops": 5, "Hash Buckets": 1024, "Original Hash Buckets": 1024, "Hash Batches": 1, "Original Hash Batches": 1, "Peak Memory Usage": 9, "Workers": [], "Plans": [{"Node Type": "Seq Scan", "Parent Relationship": "Outer", "Parallel Aware": false, "Async Capable": false, "Relation Name": "call_center", "Alias": "call_center", "Startup Cost": 0.0, "Total Cost": 2.24, "Plan Rows": 24, "Plan Width": 4, "Actual Rows": 24, "Actual Loops": 5, "Workers": []}]}]}, {"Node Type": "Index Scan", "Parent Relationship": "Inner", "Parallel Aware": false, "Async Capable": false, "Scan Direction": "Forward", "Index Name": "date_dim_pkey", "Relation Name": "date_dim", "Alias": "date_dim", "Startup Cost": 0.29, "Total Cost": 0.32, "Plan Rows": 1, "Plan Width": 4, "Actual Rows": 0, "Actual Loops": 5457, "Index Cond": "(d_date_sk = catalog_returns.cr_returned_date_sk)", "Rows Removed by Index Recheck": 0, "Filter": "((d_year = 2001) AND (d_moy = 12))", "Rows Removed by Filter": 1, "Workers": []}]}]}]}, "Planning Time": 4.264, "Triggers": [], "Execution Time": 356.176}]