[{"Plan": {"Node Type": "Aggregate", "Strategy": "Plain", "Partial Mode": "Finalize", "Parallel Aware": false, "Async Capable": false, "Startup Cost": 60014.51, "Total Cost": 60014.52, "Plan Rows": 1, "Plan Width": 8, "Actual Rows": 1, "Actual Loops": 1, "Plans": [{"Node Type": "Gather", "Parent Relationship": "Outer", "Parallel Aware": false, "Async Capable": false, "Startup Cost": 60014.3, "Total Cost": 60014.51, "Plan Rows": 2, "Plan Width": 8, "Actual Rows": 3, "Actual Loops": 1, "Workers Planned": 2, "Workers Launched": 2, "Single Copy": false, "Plans": [{"Node Type": "Aggregate", "Strategy": "Plain", "Partial Mode": "Partial", "Parent Relationship": "Outer", "Parallel Aware": false, "Async Capable": false, "Startup Cost": 59014.3, "Total Cost": 59014.31, "Plan Rows": 1, "Plan Width": 8, "Actual Rows": 1, "Actual Loops": 3, "Workers": [], "Plans": [{"Node Type": "Nested Loop", "Parent Relationship": "Outer", "Parallel Aware": false, "Async Capable": false, "Join Type": "Inner", "Startup Cost": 11.15, "Total Cost": 59011.83, "Plan Rows": 986, "Plan Width": 0, "Actual Rows": 1439, "Actual Loops": 3, "Inner Unique": true, "Workers": [], "Plans": [{"Node Type": "Nested Loop", "Parent Relationship": "Outer", "Parallel Aware": false, "Async Capable": false, "Join Type": "Inner", "Startup Cost": 10.85, "Total Cost": 58141.47, "Plan Rows": 12000, "Plan Width": 4, "Actual Rows": 9460, "Actual Loops": 3, "Inner Unique": false, "Workers": [], "Plans": [{"Node Type": "Seq Scan", "Parent Relationship": "Outer", "Parallel Aware": true, "Async Capable": false, "Relation Name": "item", "Alias": "item", "Startup Cost": 0.0, "Total Cost": 7575.25, "Plan Rows": 42, "Plan Width": 4, "Actual Rows": 34, "Actual Loops": 3, "Filter": "(i_manufact_id = 583)", "Rows Removed by Filter": 33966, "Workers": []}, {"Node Type": "Bitmap Heap Scan", "Parent Relationship": "Inner", "Parallel Aware": false, "Async Capable": false, "Relation Name": "store_sales", "Alias": "store_sales", "Startup Cost": 10.85, "Total Cost": 1200.85, "Plan Rows": 311, "Plan Width": 8, "Actual Rows": 278, "Actual Loops": 102, "Recheck Cond": "(ss_item_sk = item.i_item_sk)", "Rows Removed by Index Recheck": 0, "Exact Heap Blocks": 14353, "Lossy Heap Blocks": 0, "Workers": [], "Plans": [{"Node Type": "Bitmap Index Scan", "Parent Relationship": "Outer", "Parallel Aware": false, "Async Capable": false, "Index Name": "store_sales_pkey", "Startup Cost": 0.0, "Total Cost": 10.77, "Plan Rows": 311, "Plan Width": 0, "Actual Rows": 278, "Actual Loops": 102, "Index Cond": "(ss_item_sk = item.i_item_sk)", "Workers": []}]}]}, {"Node Type": "Memoize", "Parent Relationship": "Inner", "Parallel Aware": false, "Async Capable": false, "Startup Cost": 0.3, "Total Cost": 0.32, "Plan Rows": 1, "Plan Width": 4, "Actual Rows": 0, "Actual Loops": 28379, "Cache Key": "store_sales.ss_sold_date_sk", "Cache Mode": "logical", "Cache Hits": 12545, "Cache Misses": 1810, "Cache Evictions": 0, "Cache Overflows": 0, "Peak Memory Usage": 126, "Workers": [{"Worker Number": 0, "Cache Hits": 4719, "Cache Misses": 1682, "Cache Evictions": 0, "Cache Overflows": 0, "Peak Memory Usage": 117}, {"Worker Number": 1, "Cache Hits": 5892, "Cache Misses": 1731, "Cache Evictions": 0, "Cache Overflows": 0, "Peak Memory Usage": 121}], "Plans": [{"Node Type": "Index Scan", "Parent Relationship": "Outer", "Parallel Aware": false, "Async Capable": false, "Scan Direction": "Forward", "Index Name": "date_dim_pkey", "Relation Name": "date_dim", "Alias": "dt", "Startup Cost": 0.29, "Total Cost": 0.31, "Plan Rows": 1, "Plan Width": 4, "Actual Rows": 0, "Actual Loops": 5223, "Index Cond": "(d_date_sk = store_sales.ss_sold_date_sk)", "Rows Removed by Index Recheck": 0, "Filter": "(d_moy = 11)", "Rows Removed by Filter": 1, "Workers": []}]}]}]}]}]}, "Planning Time": 1.713, "Triggers": [], "Execution Time": 233.103}, {"Plan": {"Node Type": "Aggregate", "Strategy": "Plain", "Partial Mode": "Finalize", "Parallel Aware": false, "Async Capable": false, "Startup Cost": 60014.51, "Total Cost": 60014.52, "Plan Rows": 1, "Plan Width": 8, "Actual Rows": 1, "Actual Loops": 1, "Plans": [{"Node Type": "Gather", "Parent Relationship": "Outer", "Parallel Aware": false, "Async Capable": false, "Startup Cost": 60014.3, "Total Cost": 60014.51, "Plan Rows": 2, "Plan Width": 8, "Actual Rows": 3, "Actual Loops": 1, "Workers Planned": 2, "Workers Launched": 2, "Single Copy": false, "Plans": [{"Node Type": "Aggregate", "Strategy": "Plain", "Partial Mode": "Partial", "Parent Relationship": "Outer", "Parallel Aware": false, "Async Capable": false, "Startup Cost": 59014.3, "Total Cost": 59014.31, "Plan Rows": 1, "Plan Width": 8, "Actual Rows": 1, "Actual Loops": 3, "Workers": [], "Plans": [{"Node Type": "Nested Loop", "Parent Relationship": "Outer", "Parallel Aware": false, "Async Capable": false, "Join Type": "Inner", "Startup Cost": 11.15, "Total Cost": 59011.83, "Plan Rows": 986, "Plan Width": 0, "Actual Rows": 1439, "Actual Loops": 3, "Inner Unique": true, "Workers": [], "Plans": [{"Node Type": "Nested Loop", "Parent Relationship": "Outer", "Parallel Aware": false, "Async Capable": false, "Join Type": "Inner", "Startup Cost": 10.85, "Total Cost": 58141.47, "Plan Rows": 12000, "Plan Width": 4, "Actual Rows": 9460, "Actual Loops": 3, "Inner Unique": false, "Workers": [], "Plans": [{"Node Type": "Seq Scan", "Parent Relationship": "Outer", "Parallel Aware": true, "Async Capable": false, "Relation Name": "item", "Alias": "item", "Startup Cost": 0.0, "Total Cost": 7575.25, "Plan Rows": 42, "Plan Width": 4, "Actual Rows": 34, "Actual Loops": 3, "Filter": "(i_manufact_id = 583)", "Rows Removed by Filter": 33966, "Workers": []}, {"Node Type": "Bitmap Heap Scan", "Parent Relationship": "Inner", "Parallel Aware": false, "Async Capable": false, "Relation Name": "store_sales", "Alias": "store_sales", "Startup Cost": 10.85, "Total Cost": 1200.85, "Plan Rows": 311, "Plan Width": 8, "Actual Rows": 278, "Actual Loops": 102, "Recheck Cond": "(ss_item_sk = item.i_item_sk)", "Rows Removed by Index Recheck": 0, "Exact Heap Blocks": 14923, "Lossy Heap Blocks": 0, "Workers": [], "Plans": [{"Node Type": "Bitmap Index Scan", "Parent Relationship": "Outer", "Parallel Aware": false, "Async Capable": false, "Index Name": "store_sales_pkey", "Startup Cost": 0.0, "Total Cost": 10.77, "Plan Rows": 311, "Plan Width": 0, "Actual Rows": 278, "Actual Loops": 102, "Index Cond": "(ss_item_sk = item.i_item_sk)", "Workers": []}]}]}, {"Node Type": "Memoize", "Parent Relationship": "Inner", "Parallel Aware": false, "Async Capable": false, "Startup Cost": 0.3, "Total Cost": 0.32, "Plan Rows": 1, "Plan Width": 4, "Actual Rows": 0, "Actual Loops": 28379, "Cache Key": "store_sales.ss_sold_date_sk", "Cache Mode": "logical", "Cache Hits": 13118, "Cache Misses": 1807, "Cache Evictions": 0, "Cache Overflows": 0, "Peak Memory Usage": 126, "Workers": [{"Worker Number": 0, "Cache Hits": 5460, "Cache Misses": 1707, "Cache Evictions": 0, "Cache Overflows": 0, "Peak Memory Usage": 119}, {"Worker Number": 1, "Cache Hits": 4609, "Cache Misses": 1678, "Cache Evictions": 0, "Cache Overflows": 0, "Peak Memory Usage": 117}], "Plans": [{"Node Type": "Index Scan", "Parent Relationship": "Outer", "Parallel Aware": false, "Async Capable": false, "Scan Direction": "Forward", "Index Name": "date_dim_pkey", "Relation Name": "date_dim", "Alias": "dt", "Startup Cost": 0.29, "Total Cost": 0.31, "Plan Rows": 1, "Plan Width": 4, "Actual Rows": 0, "Actual Loops": 5192, "Index Cond": "(d_date_sk = store_sales.ss_sold_date_sk)", "Rows Removed by Index Recheck": 0, "Filter": "(d_moy = 11)", "Rows Removed by Filter": 1, "Workers": []}]}]}]}]}]}, "Planning Time": 1.909, "Triggers": [], "Execution Time": 234.018}, {"Plan": {"Node Type": "Aggregate", "Strategy": "Plain", "Partial Mode": "Finalize", "Parallel Aware": false, "Async Capable": false, "Startup Cost": 593565.62, "Total Cost": 593565.63, "Plan Rows": 1, "Plan Width": 8, "Plans": [{"Node Type": "Gather", "Parent Relationship": "Outer", "Parallel Aware": false, "Async Capable": false, "Startup Cost": 593565.41, "Total Cost": 593565.62, "Plan Rows": 2, "Plan Width": 8, "Workers Planned": 2, "Single Copy": false, "Plans": [{"Node Type": "Aggregate", "Strategy": "Plain", "Partial Mode": "Partial", "Parent Relationship": "Outer", "Parallel Aware": false, "Async Capable": false, "Startup Cost": 592565.41, "Total Cost": 592565.42, "Plan Rows": 1, "Plan Width": 8, "Plans": [{"Node Type": "Hash Join", "Parent Relationship": "Outer", "Parallel Aware": true, "Async Capable": false, "Join Type": "Inner", "Startup Cost": 584984.45, "Total Cost": 592562.94, "Plan Rows": 986, "Plan Width": 0, "Inner Unique": false, "Hash Cond": "(item.i_item_sk = store_sales.ss_item_sk)", "Plans": [{"Node Type": "Seq Scan", "Parent Relationship": "Outer", "Parallel Aware": true, "Async Capable": false, "Relation Name": "item", "Alias": "item", "Startup Cost": 0.0, "Total Cost": 7575.25, "Plan Rows": 42, "Plan Width": 4, "Filter": "(i_manufact_id = 583)"}, {"Node Type": "Hash", "Parent Relationship": "Inner", "Parallel Aware": true, "Async Capable": false, "Startup Cost": 580056.07, "Total Cost": 580056.07, "Plan Rows": 394270, "Plan Width": 4, "Plans": [{"Node Type": "Hash Join", "Parent Relationship": "Outer", "Parallel Aware": true, "Async Capable": false, "Join Type": "Inner", "Startup Cost": 2005.24, "Total Cost": 580056.07, "Plan Rows": 394270, "Plan Width": 4, "Inner Unique": true, "Hash Cond": "(store_sales.ss_sold_date_sk = dt.d_date_sk)", "Plans": [{"Node Type": "Seq Scan", "Parent Relationship": "Outer", "Parallel Aware": true, "Async Capable": false, "Relation Name": "store_sales", "Alias": "store_sales", "Startup Cost": 0.0, "Total Cost": 565449.69, "Plan Rows": 4800169, "Plan Width": 8}, {"Node Type": "Hash", "Parent Relationship": "Inner", "Parallel Aware": true, "Async Capable": false, "Startup Cost": 1961.12, "Total Cost": 1961.12, "Plan Rows": 3529, "Plan Width": 4, "Plans": [{"Node Type": "Seq Scan", "Parent Relationship": "Outer", "Parallel Aware": true, "Async Capable": false, "Relation Name": "date_dim", "Alias": "dt", "Startup Cost": 0.0, "Total Cost": 1961.12, "Plan Rows": 3529, "Plan Width": 4, "Filter": "(d_moy = 11)"}]}]}]}]}]}]}]}}, {"Plan": {"Node Type": "Aggregate", "Strategy": "Plain", "Partial Mode": "Finalize", "Parallel Aware": false, "Async Capable": false, "Startup Cost": 589668.46, "Total Cost": 589668.47, "Plan Rows": 1, "Plan Width": 8, "Actual Rows": 1, "Actual Loops": 1, "Plans": [{"Node Type": "Gather", "Parent Relationship": "Outer", "Parallel Aware": false, "Async Capable": false, "Startup Cost": 589667.84, "Total Cost": 589668.45, "Plan Rows": 6, "Plan Width": 8, "Actual Rows": 7, "Actual Loops": 1, "Workers Planned": 6, "Workers Launched": 6, "Single Copy": false, "Plans": [{"Node Type": "Aggregate", "Strategy": "Plain", "Partial Mode": "Partial", "Parent Relationship": "Outer", "Parallel Aware": false, "Async Capable": false, "Startup Cost": 588667.84, "Total Cost": 588667.85, "Plan Rows": 1, "Plan Width": 8, "Actual Rows": 1, "Actual Loops": 7, "Workers": [], "Plans": [{"Node Type": "Hash Join", "Parent Relationship": "Outer", "Parallel Aware": true, "Async Capable": false, "Join Type": "Inner", "Startup Cost": 9581.01, "Total Cost": 588666.85, "Plan Rows": 394, "Plan Width": 0, "Actual Rows": 617, "Actual Loops": 7, "Inner Unique": true, "Hash Cond": "(store_sales.ss_item_sk = item.i_item_sk)", "Workers": [], "Plans": [{"Node Type": "Hash Join", "Parent Relationship": "Outer", "Parallel Aware": true, "Async Capable": false, "Join Type": "Inner", "Startup Cost": 2005.24, "Total Cost": 580056.07, "Plan Rows": 394270, "Plan Width": 4, "Actual Rows": 628942, "Actual Loops": 7, "Inner Unique": true, "Hash Cond": "(store_sales.ss_sold_date_sk = dt.d_date_sk)", "Workers": [], "Plans": [{"Node Type": "Seq Scan", "Parent Relationship": "Outer", "Parallel Aware": true, "Async Capable": false, "Relation Name": "store_sales", "Alias": "store_sales", "Startup Cost": 0.0, "Total Cost": 565449.69, "Plan Rows": 4800169, "Plan Width": 8, "Actual Rows": 4114427, "Actual Loops": 7, "Workers": []}, {"Node Type": "Hash", "Parent Relationship": "Inner", "Parallel Aware": true, "Async Capable": false, "Startup Cost": 1961.12, "Total Cost": 1961.12, "Plan Rows": 3529, "Plan Width": 4, "Actual Rows": 857, "Actual Loops": 7, "Hash Buckets": 8192, "Original Hash Buckets": 8192, "Hash Batches": 1, "Original Hash Batches": 1, "Peak Memory Usage": 384, "Workers": [], "Plans": [{"Node Type": "Seq Scan", "Parent Relationship": "Outer", "Parallel Aware": true, "Async Capable": false, "Relation Name": "date_dim", "Alias": "dt", "Startup Cost": 0.0, "Total Cost": 1961.12, "Plan Rows": 3529, "Plan Width": 4, "Actual Rows": 857, "Actual Loops": 7, "Filter": "(d_moy = 11)", "Rows Removed by Filter": 9578, "Workers": []}]}]}, {"Node Type": "Hash", "Parent Relationship": "Inner", "Parallel Aware": true, "Async Capable": false, "Startup Cost": 7575.25, "Total Cost": 7575.25, "Plan Rows": 42, "Plan Width": 4, "Actual Rows": 15, "Actual Loops": 7, "Hash Buckets": 1024, "Original Hash Buckets": 1024, "Hash Batches": 1, "Original Hash Batches": 1, "Peak Memory Usage": 232, "Workers": [], "Plans": [{"Node Type": "Seq Scan", "Parent Relationship": "Outer", "Parallel Aware": true, "Async Capable": false, "Relation Name": "item", "Alias": "item", "Startup Cost": 0.0, "Total Cost": 7575.25, "Plan Rows": 42, "Plan Width": 4, "Actual Rows": 15, "Actual Loops": 7, "Filter": "(i_manufact_id = 583)", "Rows Removed by Filter": 14557, "Workers": []}]}]}]}]}]}, "Planning Time": 1.815, "Triggers": [], "Execution Time": 1081.835}, {"Plan": {"Node Type": "Aggregate", "Strategy": "Plain", "Partial Mode": "Finalize", "Parallel Aware": false, "Async Capable": false, "Startup Cost": 61354.36, "Total Cost": 61354.37, "Plan Rows": 1, "Plan Width": 8, "Actual Rows": 1, "Actual Loops": 1, "Plans": [{"Node Type": "Gather", "Parent Relationship": "Outer", "Parallel Aware": false, "Async Capable": false, "Startup Cost": 61354.25, "Total Cost": 61354.36, "Plan Rows": 1, "Plan Width": 8, "Actual Rows": 2, "Actual Loops": 1, "Workers Planned": 1, "Workers Launched": 1, "Single Copy": false, "Plans": [{"Node Type": "Aggregate", "Strategy": "Plain", "Partial Mode": "Partial", "Parent Relationship": "Outer", "Parallel Aware": false, "Async Capable": false, "Startup Cost": 60354.25, "Total Cost": 60354.26, "Plan Rows": 1, "Plan Width": 8, "Actual Rows": 1, "Actual Loops": 2, "Workers": [], "Plans": [{"Node Type": "Hash Join", "Parent Relationship": "Outer", "Parallel Aware": true, "Async Capable": false, "Join Type": "Inner", "Startup Cost": 58291.47, "Total Cost": 60350.77, "Plan Rows": 1392, "Plan Width": 0, "Actual Rows": 2159, "Actual Loops": 2, "Inner Unique": false, "Hash Cond": "(dt.d_date_sk = store_sales.ss_sold_date_sk)", "Workers": [], "Plans": [{"Node Type": "Seq Scan", "Parent Relationship": "Outer", "Parallel Aware": true, "Async Capable": false, "Relation Name": "date_dim", "Alias": "dt", "Startup Cost": 0.0, "Total Cost": 1961.12, "Plan Rows": 3529, "Plan Width": 4, "Actual Rows": 3000, "Actual Loops": 2, "Filter": "(d_moy = 11)", "Rows Removed by Filter": 33524, "Workers": []}, {"Node Type": "Hash", "Parent Relationship": "Inner", "Parallel Aware": true, "Async Capable": false, "Startup Cost": 58141.47, "Total Cost": 58141.47, "Plan Rows": 12000, "Plan Width": 4, "Actual Rows": 14190, "Actual Loops": 2, "Hash Buckets": 32768, "Original Hash Buckets": 32768, "Hash Batches": 1, "Original Hash Batches": 1, "Peak Memory Usage": 1376, "Workers": [], "Plans": [{"Node Type": "Nested Loop", "Parent Relationship": "Outer", "Parallel Aware": false, "Async Capable": false, "Join Type": "Inner", "Startup Cost": 10.85, "Total Cost": 58141.47, "Plan Rows": 12000, "Plan Width": 4, "Actual Rows": 14190, "Actual Loops": 2, "Inner Unique": false, "Workers": [], "Plans": [{"Node Type": "Seq Scan", "Parent Relationship": "Outer", "Parallel Aware": true, "Async Capable": false, "Relation Name": "item", "Alias": "item", "Startup Cost": 0.0, "Total Cost": 7575.25, "Plan Rows": 42, "Plan Width": 4, "Actual Rows": 51, "Actual Loops": 2, "Filter": "(i_manufact_id = 583)", "Rows Removed by Filter": 50949, "Workers": []}, {"Node Type": "Bitmap Heap Scan", "Parent Relationship": "Inner", "Parallel Aware": false, "Async Capable": false, "Relation Name": "store_sales", "Alias": "store_sales", "Startup Cost": 10.85, "Total Cost": 1200.85, "Plan Rows": 311, "Plan Width": 8, "Actual Rows": 278, "Actual Loops": 102, "Recheck Cond": "(ss_item_sk = item.i_item_sk)", "Rows Removed by Index Recheck": 0, "Exact Heap Blocks": 19811, "Lossy Heap Blocks": 0, "Workers": [], "Plans": [{"Node Type": "Bitmap Index Scan", "Parent Relationship": "Outer", "Parallel Aware": false, "Async Capable": false, "Index Name": "store_sales_pkey", "Startup Cost": 0.0, "Total Cost": 10.77, "Plan Rows": 311, "Plan Width": 0, "Actual Rows": 278, "Actual Loops": 102, "Index Cond": "(ss_item_sk = item.i_item_sk)", "Workers": []}]}]}]}]}]}]}]}, "Planning Time": 1.951, "Triggers": [], "Execution Time": 355.922}]