[{"Plan": {"Node Type": "Aggregate", "Strategy": "Plain", "Partial Mode": "Simple", "Parallel Aware": false, "Async Capable": false, "Startup Cost": 1492.69, "Total Cost": 1492.7, "Plan Rows": 1, "Plan Width": 8, "Plans": [{"Node Type": "Nested Loop", "Parent Relationship": "Outer", "Parallel Aware": false, "Async Capable": false, "Join Type": "Inner", "Startup Cost": 1.29, "Total Cost": 1492.69, "Plan Rows": 2, "Plan Width": 0, "Inner Unique": false, "Join Filter": "(c.postid = p.id)", "Plans": [{"Node Type": "Nested Loop", "Parent Relationship": "Outer", "Parallel Aware": false, "Async Capable": false, "Join Type": "Inner", "Startup Cost": 0.87, "Total Cost": 1490.5, "Plan Rows": 2, "Plan Width": 8, "Inner Unique": false, "Plans": [{"Node Type": "Nested Loop", "Parent Relationship": "Outer", "Parallel Aware": false, "Async Capable": false, "Join Type": "Inner", "Startup Cost": 0.58, "Total Cost": 1484.58, "Plan Rows": 2, "Plan Width": 4, "Inner Unique": false, "Join Filter": "(p.owneruserid = u.id)", "Plans": [{"Node Type": "Nested Loop", "Parent Relationship": "Outer", "Parallel Aware": false, "Async Capable": false, "Join Type": "Inner", "Startup Cost": 0.29, "Total Cost": 1320.69, "Plan Rows": 378, "Plan Width": 8, "Inner Unique": false, "Plans": [{"Node Type": "Seq Scan", "Parent Relationship": "Outer", "Parallel Aware": false, "Async Capable": false, "Relation Name": "users", "Alias": "u", "Startup Cost": 0.0, "Total Cost": 801.06, "Plan Rows": 191, "Plan Width": 4, "Filter": "(reputation >= 1530)"}, {"Node Type": "Index Only Scan", "Parent Relationship": "Inner", "Parallel Aware": false, "Async Capable": false, "Scan Direction": "Forward", "Index Name": "idx_badges_userid", "Relation Name": "badges", "Alias": "b", "Startup Cost": 0.29, "Total Cost": 2.69, "Plan Rows": 3, "Plan Width": 4, "Index Cond": "(userid = u.id)"}]}, {"Node Type": "Index Scan", "Parent Relationship": "Inner", "Parallel Aware": false, "Async Capable": false, "Scan Direction": "Forward", "Index Name": "idx_posts_owneruserid", "Relation Name": "posts", "Alias": "p", "Startup Cost": 0.29, "Total Cost": 0.42, "Plan Rows": 1, "Plan Width": 8, "Index Cond": "(owneruserid = b.userid)", "Filter": "(viewcount >= 40956)"}]}, {"Node Type": "Index Only Scan", "Parent Relationship": "Inner", "Parallel Aware": false, "Async Capable": false, "Scan Direction": "Forward", "Index Name": "idx_postlinks_relatedpostid", "Relation Name": "postlinks", "Alias": "pl", "Startup Cost": 0.29, "Total Cost": 2.94, "Plan Rows": 2, "Plan Width": 4, "Index Cond": "(relatedpostid = p.id)"}]}, {"Node Type": "Index Scan", "Parent Relationship": "Inner", "Parallel Aware": false, "Async Capable": false, "Scan Direction": "Forward", "Index Name": "idx_comments_postid", "Relation Name": "comments", "Alias": "c", "Startup Cost": 0.42, "Total Cost": 1.07, "Plan Rows": 2, "Plan Width": 4, "Index Cond": "(postid = pl.relatedpostid)", "Filter": "(creationdate <= '2013-06-09 22:27:45'::timestamp without time zone)"}]}]}}, {"Plan": {"Node Type": "Aggregate", "Strategy": "Plain", "Partial Mode": "Simple", "Parallel Aware": false, "Async Capable": false, "Startup Cost": 50000003706.87, "Total Cost": 50000003706.88, "Plan Rows": 1, "Plan Width": 8, "Plans": [{"Node Type": "Nested Loop", "Parent Relationship": "Outer", "Parallel Aware": false, "Async Capable": false, "Join Type": "Inner", "Startup Cost": 50000000010.41, "Total Cost": 50000003706.87, "Plan Rows": 2, "Plan Width": 0, "Inner Unique": false, "Join Filter": "(c.postid = p.id)", "Plans": [{"Node Type": "Nested Loop", "Parent Relationship": "Outer", "Parallel Aware": false, "Async Capable": false, "Join Type": "Inner", "Startup Cost": 40000000009.86, "Total Cost": 40000003697.63, "Plan Rows": 2, "Plan Width": 8, "Inner Unique": false, "Plans": [{"Node Type": "Nested Loop", "Parent Relationship": "Outer", "Parallel Aware": false, "Async Capable": false, "Join Type": "Inner", "Startup Cost": 30000000007.2, "Total Cost": 30000003687.31, "Plan Rows": 1, "Plan Width": 16, "Inner Unique": false, "Plans": [{"Node Type": "Nested Loop", "Parent Relationship": "Outer", "Parallel Aware": false, "Async Capable": false, "Join Type": "Inner", "Startup Cost": 20000000004.28, "Total Cost": 20000003677.28, "Plan Rows": 1, "Plan Width": 12, "Inner Unique": true, "Plans": [{"Node Type": "Index Scan", "Parent Relationship": "Outer", "Parallel Aware": false, "Async Capable": false, "Scan Direction": "Forward", "Index Name": "posts_pkey", "Relation Name": "posts", "Alias": "p", "Startup Cost": 10000000000.29, "Total Cost": 10000003469.11, "Plan Rows": 26, "Plan Width": 8, "Filter": "(viewcount >= 40956)"}, {"Node Type": "Bitmap Heap Scan", "Parent Relationship": "Inner", "Parallel Aware": false, "Async Capable": false, "Relation Name": "users", "Alias": "u", "Startup Cost": 3.99, "Total Cost": 8.01, "Plan Rows": 1, "Plan Width": 4, "Recheck Cond": "(p.owneruserid = id)", "Filter": "(reputation >= 1530)", "Plans": [{"Node Type": "Bitmap Index Scan", "Parent Relationship": "Outer", "Parallel Aware": false, "Async Capable": false, "Index Name": "users_pkey", "Startup Cost": 0.0, "Total Cost": 3.99, "Plan Rows": 1, "Plan Width": 0, "Index Cond": "(id = p.owneruserid)"}]}]}, {"Node Type": "Bitmap Heap Scan", "Parent Relationship": "Inner", "Parallel Aware": false, "Async Capable": false, "Relation Name": "postlinks", "Alias": "pl", "Startup Cost": 2.92, "Total Cost": 10.0, "Plan Rows": 2, "Plan Width": 4, "Recheck Cond": "(relatedpostid = p.id)", "Plans": [{"Node Type": "Bitmap Index Scan", "Parent Relationship": "Outer", "Parallel Aware": false, "Async Capable": false, "Index Name": "idx_postlinks_relatedpostid", "Startup Cost": 0.0, "Total Cost": 2.92, "Plan Rows": 2, "Plan Width": 0, "Index Cond": "(relatedpostid = p.id)"}]}]}, {"Node Type": "Bitmap Heap Scan", "Parent Relationship": "Inner", "Parallel Aware": false, "Async Capable": false, "Relation Name": "badges", "Alias": "b", "Startup Cost": 2.66, "Total Cost": 10.29, "Plan Rows": 3, "Plan Width": 4, "Recheck Cond": "(u.id = userid)", "Plans": [{"Node Type": "Bitmap Index Scan", "Parent Relationship": "Outer", "Parallel Aware": false, "Async Capable": false, "Index Name": "idx_badges_userid", "Startup Cost": 0.0, "Total Cost": 2.66, "Plan Rows": 3, "Plan Width": 0, "Index Cond": "(userid = u.id)"}]}]}, {"Node Type": "Bitmap Heap Scan", "Parent Relationship": "Inner", "Parallel Aware": false, "Async Capable": false, "Relation Name": "comments", "Alias": "c", "Startup Cost": 0.55, "Total Cost": 4.6, "Plan Rows": 2, "Plan Width": 4, "Recheck Cond": "(postid = pl.relatedpostid)", "Filter": "(creationdate <= '2013-06-09 22:27:45'::timestamp without time zone)", "Plans": [{"Node Type": "Bitmap Index Scan", "Parent Relationship": "Outer", "Parallel Aware": false, "Async Capable": false, "Index Name": "idx_comments_postid", "Startup Cost": 0.0, "Total Cost": 0.55, "Plan Rows": 3, "Plan Width": 0, "Index Cond": "(postid = pl.relatedpostid)"}]}]}]}}, {"Plan": {"Node Type": "Aggregate", "Strategy": "Plain", "Partial Mode": "Finalize", "Parallel Aware": false, "Async Capable": false, "Startup Cost": 12921.53, "Total Cost": 12921.54, "Plan Rows": 1, "Plan Width": 8, "Plans": [{"Node Type": "Gather", "Parent Relationship": "Outer", "Parallel Aware": false, "Async Capable": false, "Startup Cost": 12921.42, "Total Cost": 12921.53, "Plan Rows": 1, "Plan Width": 8, "Workers Planned": 1, "Single Copy": false, "Plans": [{"Node Type": "Aggregate", "Strategy": "Plain", "Partial Mode": "Partial", "Parent Relationship": "Outer", "Parallel Aware": false, "Async Capable": false, "Startup Cost": 11921.42, "Total Cost": 11921.43, "Plan Rows": 1, "Plan Width": 8, "Plans": [{"Node Type": "Hash Join", "Parent Relationship": "Outer", "Parallel Aware": true, "Async Capable": false, "Join Type": "Inner", "Startup Cost": 6752.19, "Total Cost": 11921.42, "Plan Rows": 1, "Plan Width": 0, "Inner Unique": false, "Hash Cond": "(c.postid = p.id)", "Plans": [{"Node Type": "Index Scan", "Parent Relationship": "Outer", "Parallel Aware": true, "Async Capable": false, "Scan Direction": "Forward", "Index Name": "idx_comments_postid", "Relation Name": "comments", "Alias": "c", "Startup Cost": 0.42, "Total Cost": 4959.84, "Plan Rows": 55944, "Plan Width": 4, "Filter": "(creationdate <= '2013-06-09 22:27:45'::timestamp without time zone)"}, {"Node Type": "Hash", "Parent Relationship": "Inner", "Parallel Aware": true, "Async Capable": false, "Startup Cost": 6751.76, "Total Cost": 6751.76, "Plan Rows": 1, "Plan Width": 8, "Plans": [{"Node Type": "Hash Join", "Parent Relationship": "Outer", "Parallel Aware": false, "Async Capable": false, "Join Type": "Inner", "Startup Cost": 5222.09, "Total Cost": 6751.76, "Plan Rows": 1, "Plan Width": 8, "Inner Unique": false, "Hash Cond": "(u.id = p.owneruserid)", "Plans": [{"Node Type": "Hash Join", "Parent Relationship": "Outer", "Parallel Aware": false, "Async Capable": false, "Join Type": "Inner", "Startup Cost": 1460.66, "Total Cost": 2988.93, "Plan Rows": 222, "Plan Width": 8, "Inner Unique": true, "Hash Cond": "(b.userid = u.id)", "Plans": [{"Node Type": "Index Only Scan", "Parent Relationship": "Outer", "Parallel Aware": true, "Async Capable": false, "Scan Direction": "Forward", "Index Name": "idx_badges_userid", "Relation Name": "badges", "Alias": "b", "Startup Cost": 0.29, "Total Cost": 1405.26, "Plan Rows": 46971, "Plan Width": 4}, {"Node Type": "Hash", "Parent Relationship": "Inner", "Parallel Aware": false, "Async Capable": false, "Startup Cost": 1457.98, "Total Cost": 1457.98, "Plan Rows": 191, "Plan Width": 4, "Plans": [{"Node Type": "Index Scan", "Parent Relationship": "Outer", "Parallel Aware": false, "Async Capable": false, "Scan Direction": "Forward", "Index Name": "users_pkey", "Relation Name": "users", "Alias": "u", "Startup Cost": 0.29, "Total Cost": 1457.98, "Plan Rows": 191, "Plan Width": 4, "Filter": "(reputation >= 1530)"}]}]}, {"Node Type": "Hash", "Parent Relationship": "Inner", "Parallel Aware": false, "Async Capable": false, "Startup Cost": 3761.39, "Total Cost": 3761.39, "Plan Rows": 3, "Plan Width": 12, "Plans": [{"Node Type": "Hash Join", "Parent Relationship": "Outer", "Parallel Aware": false, "Async Capable": false, "Join Type": "Inner", "Startup Cost": 3469.72, "Total Cost": 3761.39, "Plan Rows": 3, "Plan Width": 12, "Inner Unique": true, "Hash Cond": "(pl.relatedpostid = p.id)", "Plans": [{"Node Type": "Index Only Scan", "Parent Relationship": "Outer", "Parallel Aware": false, "Async Capable": false, "Scan Direction": "Forward", "Index Name": "idx_postlinks_relatedpostid", "Relation Name": "postlinks", "Alias": "pl", "Startup Cost": 0.29, "Total Cost": 262.81, "Plan Rows": 11102, "Plan Width": 4}, {"Node Type": "Hash", "Parent Relationship": "Inner", "Parallel Aware": false, "Async Capable": false, "Startup Cost": 3469.11, "Total Cost": 3469.11, "Plan Rows": 26, "Plan Width": 8, "Plans": [{"Node Type": "Index Scan", "Parent Relationship": "Outer", "Parallel Aware": false, "Async Capable": false, "Scan Direction": "Forward", "Index Name": "posts_pkey", "Relation Name": "posts", "Alias": "p", "Startup Cost": 0.29, "Total Cost": 3469.11, "Plan Rows": 26, "Plan Width": 8, "Filter": "(viewcount >= 40956)"}]}]}]}]}]}]}]}]}]}}, {"Plan": {"Node Type": "Aggregate", "Strategy": "Plain", "Partial Mode": "Finalize", "Parallel Aware": false, "Async Capable": false, "Startup Cost": 12844.71, "Total Cost": 12844.72, "Plan Rows": 1, "Plan Width": 8, "Plans": [{"Node Type": "Gather", "Parent Relationship": "Outer", "Parallel Aware": false, "Async Capable": false, "Startup Cost": 12844.6, "Total Cost": 12844.71, "Plan Rows": 1, "Plan Width": 8, "Workers Planned": 1, "Single Copy": false, "Plans": [{"Node Type": "Aggregate", "Strategy": "Plain", "Partial Mode": "Partial", "Parent Relationship": "Outer", "Parallel Aware": false, "Async Capable": false, "Startup Cost": 11844.6, "Total Cost": 11844.61, "Plan Rows": 1, "Plan Width": 8, "Plans": [{"Node Type": "Hash Join", "Parent Relationship": "Outer", "Parallel Aware": true, "Async Capable": false, "Join Type": "Inner", "Startup Cost": 8860.14, "Total Cost": 11844.6, "Plan Rows": 1, "Plan Width": 0, "Inner Unique": false, "Hash Cond": "(u.id = p.owneruserid)", "Plans": [{"Node Type": "Merge Join", "Parent Relationship": "Outer", "Parallel Aware": false, "Async Capable": false, "Join Type": "Inner", "Startup Cost": 0.58, "Total Cost": 2983.36, "Plan Rows": 222, "Plan Width": 8, "Inner Unique": true, "Merge Cond": "(b.userid = u.id)", "Plans": [{"Node Type": "Index Only Scan", "Parent Relationship": "Outer", "Parallel Aware": true, "Async Capable": false, "Scan Direction": "Forward", "Index Name": "idx_badges_userid", "Relation Name": "badges", "Alias": "b", "Startup Cost": 0.29, "Total Cost": 1405.26, "Plan Rows": 46971, "Plan Width": 4}, {"Node Type": "Index Scan", "Parent Relationship": "Inner", "Parallel Aware": false, "Async Capable": false, "Scan Direction": "Forward", "Index Name": "users_pkey", "Relation Name": "users", "Alias": "u", "Startup Cost": 0.29, "Total Cost": 1457.98, "Plan Rows": 191, "Plan Width": 4, "Filter": "(reputation >= 1530)"}]}, {"Node Type": "Hash", "Parent Relationship": "Inner", "Parallel Aware": true, "Async Capable": false, "Startup Cost": 8859.51, "Total Cost": 8859.51, "Plan Rows": 4, "Plan Width": 4, "Plans": [{"Node Type": "Merge Join", "Parent Relationship": "Outer", "Parallel Aware": false, "Async Capable": false, "Join Type": "Inner", "Startup Cost": 1.0, "Total Cost": 8859.51, "Plan Rows": 4, "Plan Width": 4, "Inner Unique": false, "Merge Cond": "(c.postid = p.id)", "Plans": [{"Node Type": "Index Scan", "Parent Relationship": "Outer", "Parallel Aware": true, "Async Capable": false, "Scan Direction": "Forward", "Index Name": "idx_comments_postid", "Relation Name": "comments", "Alias": "c", "Startup Cost": 0.42, "Total Cost": 4959.84, "Plan Rows": 55944, "Plan Width": 4, "Filter": "(creationdate <= '2013-06-09 22:27:45'::timestamp without time zone)"}, {"Node Type": "Materialize", "Parent Relationship": "Inner", "Parallel Aware": false, "Async Capable": false, "Startup Cost": 0.58, "Total Cost": 3759.78, "Plan Rows": 3, "Plan Width": 12, "Plans": [{"Node Type": "Merge Join", "Parent Relationship": "Outer", "Parallel Aware": false, "Async Capable": false, "Join Type": "Inner", "Startup Cost": 0.58, "Total Cost": 3759.77, "Plan Rows": 3, "Plan Width": 12, "Inner Unique": true, "Merge Cond": "(pl.relatedpostid = p.id)", "Plans": [{"Node Type": "Index Only Scan", "Parent Relationship": "Outer", "Parallel Aware": false, "Async Capable": false, "Scan Direction": "Forward", "Index Name": "idx_postlinks_relatedpostid", "Relation Name": "postlinks", "Alias": "pl", "Startup Cost": 0.29, "Total Cost": 262.81, "Plan Rows": 11102, "Plan Width": 4}, {"Node Type": "Index Scan", "Parent Relationship": "Inner", "Parallel Aware": false, "Async Capable": false, "Scan Direction": "Forward", "Index Name": "posts_pkey", "Relation Name": "posts", "Alias": "p", "Startup Cost": 0.29, "Total Cost": 3469.11, "Plan Rows": 26, "Plan Width": 8, "Filter": "(viewcount >= 40956)"}]}]}]}]}]}]}]}]}}, {"Plan": {"Node Type": "Aggregate", "Strategy": "Plain", "Partial Mode": "Simple", "Parallel Aware": false, "Async Capable": false, "Startup Cost": 2149.61, "Total Cost": 2149.62, "Plan Rows": 1, "Plan Width": 8, "Plans": [{"Node Type": "Nested Loop", "Parent Relationship": "Outer", "Parallel Aware": false, "Async Capable": false, "Join Type": "Inner", "Startup Cost": 1.58, "Total Cost": 2149.6, "Plan Rows": 2, "Plan Width": 0, "Inner Unique": false, "Join Filter": "(c.postid = p.id)", "Plans": [{"Node Type": "Nested Loop", "Parent Relationship": "Outer", "Parallel Aware": false, "Async Capable": false, "Join Type": "Inner", "Startup Cost": 1.16, "Total Cost": 2147.41, "Plan Rows": 2, "Plan Width": 8, "Inner Unique": false, "Plans": [{"Node Type": "Nested Loop", "Parent Relationship": "Outer", "Parallel Aware": false, "Async Capable": false, "Join Type": "Inner", "Startup Cost": 0.88, "Total Cost": 2141.5, "Plan Rows": 2, "Plan Width": 4, "Inner Unique": false, "Join Filter": "(p.owneruserid = u.id)", "Plans": [{"Node Type": "Nested Loop", "Parent Relationship": "Outer", "Parallel Aware": false, "Async Capable": false, "Join Type": "Inner", "Startup Cost": 0.58, "Total Cost": 1977.6, "Plan Rows": 378, "Plan Width": 8, "Inner Unique": false, "Plans": [{"Node Type": "Index Scan", "Parent Relationship": "Outer", "Parallel Aware": false, "Async Capable": false, "Scan Direction": "Forward", "Index Name": "users_pkey", "Relation Name": "users", "Alias": "u", "Startup Cost": 0.29, "Total Cost": 1457.98, "Plan Rows": 191, "Plan Width": 4, "Filter": "(reputation >= 1530)"}, {"Node Type": "Index Only Scan", "Parent Relationship": "Inner", "Parallel Aware": false, "Async Capable": false, "Scan Direction": "Forward", "Index Name": "idx_badges_userid", "Relation Name": "badges", "Alias": "b", "Startup Cost": 0.29, "Total Cost": 2.69, "Plan Rows": 3, "Plan Width": 4, "Index Cond": "(userid = u.id)"}]}, {"Node Type": "Index Scan", "Parent Relationship": "Inner", "Parallel Aware": false, "Async Capable": false, "Scan Direction": "Forward", "Index Name": "idx_posts_owneruserid", "Relation Name": "posts", "Alias": "p", "Startup Cost": 0.29, "Total Cost": 0.42, "Plan Rows": 1, "Plan Width": 8, "Index Cond": "(owneruserid = b.userid)", "Filter": "(viewcount >= 40956)"}]}, {"Node Type": "Index Only Scan", "Parent Relationship": "Inner", "Parallel Aware": false, "Async Capable": false, "Scan Direction": "Forward", "Index Name": "idx_postlinks_relatedpostid", "Relation Name": "postlinks", "Alias": "pl", "Startup Cost": 0.29, "Total Cost": 2.94, "Plan Rows": 2, "Plan Width": 4, "Index Cond": "(relatedpostid = p.id)"}]}, {"Node Type": "Index Scan", "Parent Relationship": "Inner", "Parallel Aware": false, "Async Capable": false, "Scan Direction": "Forward", "Index Name": "idx_comments_postid", "Relation Name": "comments", "Alias": "c", "Startup Cost": 0.42, "Total Cost": 1.07, "Plan Rows": 2, "Plan Width": 4, "Index Cond": "(postid = pl.relatedpostid)", "Filter": "(creationdate <= '2013-06-09 22:27:45'::timestamp without time zone)"}]}]}}, {"Plan": {"Node Type": "Aggregate", "Strategy": "Plain", "Partial Mode": "Simple", "Parallel Aware": false, "Async Capable": false, "Startup Cost": 8244.98, "Total Cost": 8244.99, "Plan Rows": 1, "Plan Width": 8, "Plans": [{"Node Type": "Hash Join", "Parent Relationship": "Outer", "Parallel Aware": false, "Async Capable": false, "Join Type": "Inner", "Startup Cost": 6801.04, "Total Cost": 8244.98, "Plan Rows": 2, "Plan Width": 0, "Inner Unique": false, "Hash Cond": "(u.id = p.owneruserid)", "Plans": [{"Node Type": "Hash Join", "Parent Relationship": "Outer", "Parallel Aware": false, "Async Capable": false, "Join Type": "Inner", "Startup Cost": 803.45, "Total Cost": 2243.59, "Plan Rows": 378, "Plan Width": 8, "Inner Unique": true, "Hash Cond": "(b.userid = u.id)", "Plans": [{"Node Type": "Seq Scan", "Parent Relationship": "Outer", "Parallel Aware": false, "Async Capable": false, "Relation Name": "badges", "Alias": "b", "Startup Cost": 0.0, "Total Cost": 1230.51, "Plan Rows": 79851, "Plan Width": 4}, {"Node Type": "Hash", "Parent Relationship": "Inner", "Parallel Aware": false, "Async Capable": false, "Startup Cost": 801.06, "Total Cost": 801.06, "Plan Rows": 191, "Plan Width": 4, "Plans": [{"Node Type": "Seq Scan", "Parent Relationship": "Outer", "Parallel Aware": false, "Async Capable": false, "Relation Name": "users", "Alias": "u", "Startup Cost": 0.0, "Total Cost": 801.06, "Plan Rows": 191, "Plan Width": 4, "Filter": "(reputation >= 1530)"}]}]}, {"Node Type": "Hash", "Parent Relationship": "Inner", "Parallel Aware": false, "Async Capable": false, "Startup Cost": 5997.52, "Total Cost": 5997.52, "Plan Rows": 6, "Plan Width": 4, "Plans": [{"Node Type": "Hash Join", "Parent Relationship": "Outer", "Parallel Aware": false, "Async Capable": false, "Join Type": "Inner", "Startup Cost": 5762.84, "Total Cost": 5997.52, "Plan Rows": 6, "Plan Width": 4, "Inner Unique": false, "Hash Cond": "(pl.relatedpostid = p.id)", "Plans": [{"Node Type": "Seq Scan", "Parent Relationship": "Outer", "Parallel Aware": false, "Async Capable": false, "Relation Name": "postlinks", "Alias": "pl", "Startup Cost": 0.0, "Total Cost": 193.02, "Plan Rows": 11102, "Plan Width": 4}, {"Node Type": "Hash", "Parent Relationship": "Inner", "Parallel Aware": false, "Async Capable": false, "Startup Cost": 5762.5, "Total Cost": 5762.5, "Plan Rows": 27, "Plan Width": 12, "Plans": [{"Node Type": "Hash Join", "Parent Relationship": "Outer", "Parallel Aware": false, "Async Capable": false, "Join Type": "Inner", "Startup Cost": 1990.03, "Total Cost": 5762.5, "Plan Rows": 27, "Plan Width": 12, "Inner Unique": true, "Hash Cond": "(c.postid = p.id)", "Plans": [{"Node Type": "Seq Scan", "Parent Relationship": "Outer", "Parallel Aware": false, "Async Capable": false, "Relation Name": "comments", "Alias": "c", "Startup Cost": 0.0, "Total Cost": 3522.81, "Plan Rows": 95105, "Plan Width": 4, "Filter": "(creationdate <= '2013-06-09 22:27:45'::timestamp without time zone)"}, {"Node Type": "Hash", "Parent Relationship": "Inner", "Parallel Aware": false, "Async Capable": false, "Startup Cost": 1989.7, "Total Cost": 1989.7, "Plan Rows": 26, "Plan Width": 8, "Plans": [{"Node Type": "Seq Scan", "Parent Relationship": "Outer", "Parallel Aware": false, "Async Capable": false, "Relation Name": "posts", "Alias": "p", "Startup Cost": 0.0, "Total Cost": 1989.7, "Plan Rows": 26, "Plan Width": 8, "Filter": "(viewcount >= 40956)"}]}]}]}]}]}]}]}}, {"Plan": {"Node Type": "Aggregate", "Strategy": "Plain", "Partial Mode": "Simple", "Parallel Aware": false, "Async Capable": false, "Startup Cost": 10000003706.87, "Total Cost": 10000003706.88, "Plan Rows": 1, "Plan Width": 8, "Plans": [{"Node Type": "Nested Loop", "Parent Relationship": "Outer", "Parallel Aware": false, "Async Capable": false, "Join Type": "Inner", "Startup Cost": 10000000010.41, "Total Cost": 10000003706.87, "Plan Rows": 2, "Plan Width": 0, "Inner Unique": false, "Join Filter": "(c.postid = p.id)", "Plans": [{"Node Type": "Nested Loop", "Parent Relationship": "Outer", "Parallel Aware": false, "Async Capable": false, "Join Type": "Inner", "Startup Cost": 10000000009.86, "Total Cost": 10000003697.63, "Plan Rows": 2, "Plan Width": 8, "Inner Unique": false, "Plans": [{"Node Type": "Nested Loop", "Parent Relationship": "Outer", "Parallel Aware": false, "Async Capable": false, "Join Type": "Inner", "Startup Cost": 10000000007.2, "Total Cost": 10000003687.31, "Plan Rows": 1, "Plan Width": 16, "Inner Unique": false, "Plans": [{"Node Type": "Nested Loop", "Parent Relationship": "Outer", "Parallel Aware": false, "Async Capable": false, "Join Type": "Inner", "Startup Cost": 10000000004.28, "Total Cost": 10000003677.28, "Plan Rows": 1, "Plan Width": 12, "Inner Unique": true, "Plans": [{"Node Type": "Index Scan", "Parent Relationship": "Outer", "Parallel Aware": false, "Async Capable": false, "Scan Direction": "Forward", "Index Name": "posts_pkey", "Relation Name": "posts", "Alias": "p", "Startup Cost": 10000000000.29, "Total Cost": 10000003469.11, "Plan Rows": 26, "Plan Width": 8, "Filter": "(viewcount >= 40956)"}, {"Node Type": "Bitmap Heap Scan", "Parent Relationship": "Inner", "Parallel Aware": false, "Async Capable": false, "Relation Name": "users", "Alias": "u", "Startup Cost": 3.99, "Total Cost": 8.01, "Plan Rows": 1, "Plan Width": 4, "Recheck Cond": "(p.owneruserid = id)", "Filter": "(reputation >= 1530)", "Plans": [{"Node Type": "Bitmap Index Scan", "Parent Relationship": "Outer", "Parallel Aware": false, "Async Capable": false, "Index Name": "users_pkey", "Startup Cost": 0.0, "Total Cost": 3.99, "Plan Rows": 1, "Plan Width": 0, "Index Cond": "(id = p.owneruserid)"}]}]}, {"Node Type": "Bitmap Heap Scan", "Parent Relationship": "Inner", "Parallel Aware": false, "Async Capable": false, "Relation Name": "postlinks", "Alias": "pl", "Startup Cost": 2.92, "Total Cost": 10.0, "Plan Rows": 2, "Plan Width": 4, "Recheck Cond": "(relatedpostid = p.id)", "Plans": [{"Node Type": "Bitmap Index Scan", "Parent Relationship": "Outer", "Parallel Aware": false, "Async Capable": false, "Index Name": "idx_postlinks_relatedpostid", "Startup Cost": 0.0, "Total Cost": 2.92, "Plan Rows": 2, "Plan Width": 0, "Index Cond": "(relatedpostid = p.id)"}]}]}, {"Node Type": "Bitmap Heap Scan", "Parent Relationship": "Inner", "Parallel Aware": false, "Async Capable": false, "Relation Name": "badges", "Alias": "b", "Startup Cost": 2.66, "Total Cost": 10.29, "Plan Rows": 3, "Plan Width": 4, "Recheck Cond": "(u.id = userid)", "Plans": [{"Node Type": "Bitmap Index Scan", "Parent Relationship": "Outer", "Parallel Aware": false, "Async Capable": false, "Index Name": "idx_badges_userid", "Startup Cost": 0.0, "Total Cost": 2.66, "Plan Rows": 3, "Plan Width": 0, "Index Cond": "(userid = u.id)"}]}]}, {"Node Type": "Bitmap Heap Scan", "Parent Relationship": "Inner", "Parallel Aware": false, "Async Capable": false, "Relation Name": "comments", "Alias": "c", "Startup Cost": 0.55, "Total Cost": 4.6, "Plan Rows": 2, "Plan Width": 4, "Recheck Cond": "(postid = pl.relatedpostid)", "Filter": "(creationdate <= '2013-06-09 22:27:45'::timestamp without time zone)", "Plans": [{"Node Type": "Bitmap Index Scan", "Parent Relationship": "Outer", "Parallel Aware": false, "Async Capable": false, "Index Name": "idx_comments_postid", "Startup Cost": 0.0, "Total Cost": 0.55, "Plan Rows": 3, "Plan Width": 0, "Index Cond": "(postid = pl.relatedpostid)"}]}]}]}}, {"Plan": {"Node Type": "Aggregate", "Strategy": "Plain", "Partial Mode": "Simple", "Parallel Aware": false, "Async Capable": false, "Startup Cost": 2222.84, "Total Cost": 2222.85, "Plan Rows": 1, "Plan Width": 8, "Plans": [{"Node Type": "Nested Loop", "Parent Relationship": "Outer", "Parallel Aware": false, "Async Capable": false, "Join Type": "Inner", "Startup Cost": 10.12, "Total Cost": 2222.84, "Plan Rows": 2, "Plan Width": 0, "Inner Unique": false, "Plans": [{"Node Type": "Nested Loop", "Parent Relationship": "Outer", "Parallel Aware": false, "Async Capable": false, "Join Type": "Inner", "Startup Cost": 7.46, "Total Cost": 2212.52, "Plan Rows": 1, "Plan Width": 8, "Inner Unique": false, "Join Filter": "(c.postid = p.id)", "Plans": [{"Node Type": "Nested Loop", "Parent Relationship": "Outer", "Parallel Aware": false, "Async Capable": false, "Join Type": "Inner", "Startup Cost": 6.91, "Total Cost": 2207.9, "Plan Rows": 1, "Plan Width": 16, "Inner Unique": false, "Plans": [{"Node Type": "Nested Loop", "Parent Relationship": "Outer", "Parallel Aware": false, "Async Capable": false, "Join Type": "Inner", "Startup Cost": 3.99, "Total Cost": 2197.87, "Plan Rows": 1, "Plan Width": 12, "Inner Unique": true, "Plans": [{"Node Type": "Seq Scan", "Parent Relationship": "Outer", "Parallel Aware": false, "Async Capable": false, "Relation Name": "posts", "Alias": "p", "Startup Cost": 0.0, "Total Cost": 1989.7, "Plan Rows": 26, "Plan Width": 8, "Filter": "(viewcount >= 40956)"}, {"Node Type": "Bitmap Heap Scan", "Parent Relationship": "Inner", "Parallel Aware": false, "Async Capable": false, "Relation Name": "users", "Alias": "u", "Startup Cost": 3.99, "Total Cost": 8.01, "Plan Rows": 1, "Plan Width": 4, "Recheck Cond": "(p.owneruserid = id)", "Filter": "(reputation >= 1530)", "Plans": [{"Node Type": "Bitmap Index Scan", "Parent Relationship": "Outer", "Parallel Aware": false, "Async Capable": false, "Index Name": "users_pkey", "Startup Cost": 0.0, "Total Cost": 3.99, "Plan Rows": 1, "Plan Width": 0, "Index Cond": "(id = p.owneruserid)"}]}]}, {"Node Type": "Bitmap Heap Scan", "Parent Relationship": "Inner", "Parallel Aware": false, "Async Capable": false, "Relation Name": "postlinks", "Alias": "pl", "Startup Cost": 2.92, "Total Cost": 10.0, "Plan Rows": 2, "Plan Width": 4, "Recheck Cond": "(relatedpostid = p.id)", "Plans": [{"Node Type": "Bitmap Index Scan", "Parent Relationship": "Outer", "Parallel Aware": false, "Async Capable": false, "Index Name": "idx_postlinks_relatedpostid", "Startup Cost": 0.0, "Total Cost": 2.92, "Plan Rows": 2, "Plan Width": 0, "Index Cond": "(relatedpostid = p.id)"}]}]}, {"Node Type": "Bitmap Heap Scan", "Parent Relationship": "Inner", "Parallel Aware": false, "Async Capable": false, "Relation Name": "comments", "Alias": "c", "Startup Cost": 0.55, "Total Cost": 4.6, "Plan Rows": 2, "Plan Width": 4, "Recheck Cond": "(postid = pl.relatedpostid)", "Filter": "(creationdate <= '2013-06-09 22:27:45'::timestamp without time zone)", "Plans": [{"Node Type": "Bitmap Index Scan", "Parent Relationship": "Outer", "Parallel Aware": false, "Async Capable": false, "Index Name": "idx_comments_postid", "Startup Cost": 0.0, "Total Cost": 0.55, "Plan Rows": 3, "Plan Width": 0, "Index Cond": "(postid = pl.relatedpostid)"}]}]}, {"Node Type": "Bitmap Heap Scan", "Parent Relationship": "Inner", "Parallel Aware": false, "Async Capable": false, "Relation Name": "badges", "Alias": "b", "Startup Cost": 2.66, "Total Cost": 10.29, "Plan Rows": 3, "Plan Width": 4, "Recheck Cond": "(u.id = userid)", "Plans": [{"Node Type": "Bitmap Index Scan", "Parent Relationship": "Outer", "Parallel Aware": false, "Async Capable": false, "Index Name": "idx_badges_userid", "Startup Cost": 0.0, "Total Cost": 2.66, "Plan Rows": 3, "Plan Width": 0, "Index Cond": "(userid = u.id)"}]}]}]}}, {"Plan": {"Node Type": "Aggregate", "Strategy": "Plain", "Partial Mode": "Simple", "Parallel Aware": false, "Async Capable": false, "Startup Cost": 14780.98, "Total Cost": 14780.99, "Plan Rows": 1, "Plan Width": 8, "Plans": [{"Node Type": "Hash Join", "Parent Relationship": "Outer", "Parallel Aware": false, "Async Capable": false, "Join Type": "Inner", "Startup Cost": 8567.73, "Total Cost": 14780.98, "Plan Rows": 2, "Plan Width": 0, "Inner Unique": false, "Hash Cond": "(c.postid = p.id)", "Plans": [{"Node Type": "Index Scan", "Parent Relationship": "Outer", "Parallel Aware": false, "Async Capable": false, "Scan Direction": "Forward", "Index Name": "idx_comments_postid", "Relation Name": "comments", "Alias": "c", "Startup Cost": 0.42, "Total Cost": 5857.0, "Plan Rows": 95105, "Plan Width": 4, "Filter": "(creationdate <= '2013-06-09 22:27:45'::timestamp without time zone)"}, {"Node Type": "Hash", "Parent Relationship": "Inner", "Parallel Aware": false, "Async Capable": false, "Startup Cost": 8567.28, "Total Cost": 8567.28, "Plan Rows": 2, "Plan Width": 8, "Plans": [{"Node Type": "Hash Join", "Parent Relationship": "Outer", "Parallel Aware": false, "Async Capable": false, "Join Type": "Inner", "Startup Cost": 5490.23, "Total Cost": 8567.28, "Plan Rows": 2, "Plan Width": 8, "Inner Unique": false, "Hash Cond": "(u.id = p.owneruserid)", "Plans": [{"Node Type": "Hash Join", "Parent Relationship": "Outer", "Parallel Aware": false, "Async Capable": false, "Join Type": "Inner", "Startup Cost": 1460.66, "Total Cost": 4535.34, "Plan Rows": 378, "Plan Width": 8, "Inner Unique": true, "Hash Cond": "(b.userid = u.id)", "Plans": [{"Node Type": "Index Scan", "Parent Relationship": "Outer", "Parallel Aware": false, "Async Capable": false, "Scan Direction": "Forward", "Index Name": "idx_badges_userid", "Relation Name": "badges", "Alias": "b", "Startup Cost": 0.29, "Total Cost": 2865.34, "Plan Rows": 79851, "Plan Width": 4}, {"Node Type": "Hash", "Parent Relationship": "Inner", "Parallel Aware": false, "Async Capable": false, "Startup Cost": 1457.98, "Total Cost": 1457.98, "Plan Rows": 191, "Plan Width": 4, "Plans": [{"Node Type": "Index Scan", "Parent Relationship": "Outer", "Parallel Aware": false, "Async Capable": false, "Scan Direction": "Forward", "Index Name": "users_pkey", "Relation Name": "users", "Alias": "u", "Startup Cost": 0.29, "Total Cost": 1457.98, "Plan Rows": 191, "Plan Width": 4, "Filter": "(reputation >= 1530)"}]}]}, {"Node Type": "Hash", "Parent Relationship": "Inner", "Parallel Aware": false, "Async Capable": false, "Startup Cost": 4029.54, "Total Cost": 4029.54, "Plan Rows": 3, "Plan Width": 12, "Plans": [{"Node Type": "Hash Join", "Parent Relationship": "Outer", "Parallel Aware": false, "Async Capable": false, "Join Type": "Inner", "Startup Cost": 3469.72, "Total Cost": 4029.54, "Plan Rows": 3, "Plan Width": 12, "Inner Unique": true, "Hash Cond": "(pl.relatedpostid = p.id)", "Plans": [{"Node Type": "Index Scan", "Parent Relationship": "Outer", "Parallel Aware": false, "Async Capable": false, "Scan Direction": "Forward", "Index Name": "idx_postlinks_relatedpostid", "Relation Name": "postlinks", "Alias": "pl", "Startup Cost": 0.29, "Total Cost": 530.96, "Plan Rows": 11102, "Plan Width": 4}, {"Node Type": "Hash", "Parent Relationship": "Inner", "Parallel Aware": false, "Async Capable": false, "Startup Cost": 3469.11, "Total Cost": 3469.11, "Plan Rows": 26, "Plan Width": 8, "Plans": [{"Node Type": "Index Scan", "Parent Relationship": "Outer", "Parallel Aware": false, "Async Capable": false, "Scan Direction": "Forward", "Index Name": "posts_pkey", "Relation Name": "posts", "Alias": "p", "Startup Cost": 0.29, "Total Cost": 3469.11, "Plan Rows": 26, "Plan Width": 8, "Filter": "(viewcount >= 40956)"}]}]}]}]}]}]}]}}, {"Plan": {"Node Type": "Aggregate", "Strategy": "Plain", "Partial Mode": "Simple", "Parallel Aware": false, "Async Capable": false, "Startup Cost": 14654.7, "Total Cost": 14654.71, "Plan Rows": 1, "Plan Width": 8, "Plans": [{"Node Type": "Hash Join", "Parent Relationship": "Outer", "Parallel Aware": false, "Async Capable": false, "Join Type": "Inner", "Startup Cost": 4532.93, "Total Cost": 14654.69, "Plan Rows": 2, "Plan Width": 0, "Inner Unique": false, "Hash Cond": "(p.owneruserid = u.id)", "Plans": [{"Node Type": "Merge Join", "Parent Relationship": "Outer", "Parallel Aware": false, "Async Capable": false, "Join Type": "Inner", "Startup Cost": 1.0, "Total Cost": 10122.72, "Plan Rows": 6, "Plan Width": 4, "Inner Unique": false, "Merge Cond": "(p.id = c.postid)", "Plans": [{"Node Type": "Merge Join", "Parent Relationship": "Outer", "Parallel Aware": false, "Async Capable": false, "Join Type": "Inner", "Startup Cost": 0.58, "Total Cost": 4027.92, "Plan Rows": 3, "Plan Width": 12, "Inner Unique": true, "Merge Cond": "(pl.relatedpostid = p.id)", "Plans": [{"Node Type": "Index Scan", "Parent Relationship": "Outer", "Parallel Aware": false, "Async Capable": false, "Scan Direction": "Forward", "Index Name": "idx_postlinks_relatedpostid", "Relation Name": "postlinks", "Alias": "pl", "Startup Cost": 0.29, "Total Cost": 530.96, "Plan Rows": 11102, "Plan Width": 4}, {"Node Type": "Index Scan", "Parent Relationship": "Inner", "Parallel Aware": false, "Async Capable": false, "Scan Direction": "Forward", "Index Name": "posts_pkey", "Relation Name": "posts", "Alias": "p", "Startup Cost": 0.29, "Total Cost": 3469.11, "Plan Rows": 26, "Plan Width": 8, "Filter": "(viewcount >= 40956)"}]}, {"Node Type": "Index Scan", "Parent Relationship": "Inner", "Parallel Aware": false, "Async Capable": false, "Scan Direction": "Forward", "Index Name": "idx_comments_postid", "Relation Name": "comments", "Alias": "c", "Startup Cost": 0.42, "Total Cost": 5857.0, "Plan Rows": 95105, "Plan Width": 4, "Filter": "(creationdate <= '2013-06-09 22:27:45'::timestamp without time zone)"}]}, {"Node Type": "Hash", "Parent Relationship": "Inner", "Parallel Aware": false, "Async Capable": false, "Startup Cost": 4527.2, "Total Cost": 4527.2, "Plan Rows": 378, "Plan Width": 8, "Plans": [{"Node Type": "Merge Join", "Parent Relationship": "Outer", "Parallel Aware": false, "Async Capable": false, "Join Type": "Inner", "Startup Cost": 0.58, "Total Cost": 4527.2, "Plan Rows": 378, "Plan Width": 8, "Inner Unique": false, "Merge Cond": "(u.id = b.userid)", "Plans": [{"Node Type": "Index Scan", "Parent Relationship": "Outer", "Parallel Aware": false, "Async Capable": false, "Scan Direction": "Forward", "Index Name": "users_pkey", "Relation Name": "users", "Alias": "u", "Startup Cost": 0.29, "Total Cost": 1457.98, "Plan Rows": 191, "Plan Width": 4, "Filter": "(reputation >= 1530)"}, {"Node Type": "Index Scan", "Parent Relationship": "Inner", "Parallel Aware": false, "Async Capable": false, "Scan Direction": "Forward", "Index Name": "idx_badges_userid", "Relation Name": "badges", "Alias": "b", "Startup Cost": 0.29, "Total Cost": 2865.34, "Plan Rows": 79851, "Plan Width": 4}]}]}]}]}}, {"Plan": {"Node Type": "Aggregate", "Strategy": "Plain", "Partial Mode": "Simple", "Parallel Aware": false, "Async Capable": false, "Startup Cost": 3192.86, "Total Cost": 3192.87, "Plan Rows": 1, "Plan Width": 8, "Plans": [{"Node Type": "Nested Loop", "Parent Relationship": "Outer", "Parallel Aware": false, "Async Capable": false, "Join Type": "Inner", "Startup Cost": 1.58, "Total Cost": 3192.85, "Plan Rows": 2, "Plan Width": 0, "Inner Unique": false, "Join Filter": "(pl.relatedpostid = p.id)", "Plans": [{"Node Type": "Nested Loop", "Parent Relationship": "Outer", "Parallel Aware": false, "Async Capable": false, "Join Type": "Inner", "Startup Cost": 1.29, "Total Cost": 3192.15, "Plan Rows": 2, "Plan Width": 8, "Inner Unique": false, "Plans": [{"Node Type": "Nested Loop", "Parent Relationship": "Outer", "Parallel Aware": false, "Async Capable": false, "Join Type": "Inner", "Startup Cost": 0.88, "Total Cost": 3174.45, "Plan Rows": 2, "Plan Width": 4, "Inner Unique": false, "Join Filter": "(p.owneruserid = u.id)", "Plans": [{"Node Type": "Nested Loop", "Parent Relationship": "Outer", "Parallel Aware": false, "Async Capable": false, "Join Type": "Inner", "Startup Cost": 0.58, "Total Cost": 3010.56, "Plan Rows": 378, "Plan Width": 8, "Inner Unique": false, "Plans": [{"Node Type": "Index Scan", "Parent Relationship": "Outer", "Parallel Aware": false, "Async Capable": false, "Scan Direction": "Forward", "Index Name": "users_pkey", "Relation Name": "users", "Alias": "u", "Startup Cost": 0.29, "Total Cost": 1457.98, "Plan Rows": 191, "Plan Width": 4, "Filter": "(reputation >= 1530)"}, {"Node Type": "Index Scan", "Parent Relationship": "Inner", "Parallel Aware": false, "Async Capable": false, "Scan Direction": "Forward", "Index Name": "idx_badges_userid", "Relation Name": "badges", "Alias": "b", "Startup Cost": 0.29, "Total Cost": 8.1, "Plan Rows": 3, "Plan Width": 4, "Index Cond": "(userid = u.id)"}]}, {"Node Type": "Index Scan", "Parent Relationship": "Inner", "Parallel Aware": false, "Async Capable": false, "Scan Direction": "Forward", "Index Name": "idx_posts_owneruserid", "Relation Name": "posts", "Alias": "p", "Startup Cost": 0.29, "Total Cost": 0.42, "Plan Rows": 1, "Plan Width": 8, "Index Cond": "(owneruserid = b.userid)", "Filter": "(viewcount >= 40956)"}]}, {"Node Type": "Index Scan", "Parent Relationship": "Inner", "Parallel Aware": false, "Async Capable": false, "Scan Direction": "Forward", "Index Name": "idx_comments_postid", "Relation Name": "comments", "Alias": "c", "Startup Cost": 0.42, "Total Cost": 8.83, "Plan Rows": 2, "Plan Width": 4, "Index Cond": "(postid = p.id)", "Filter": "(creationdate <= '2013-06-09 22:27:45'::timestamp without time zone)"}]}, {"Node Type": "Index Scan", "Parent Relationship": "Inner", "Parallel Aware": false, "Async Capable": false, "Scan Direction": "Forward", "Index Name": "idx_postlinks_relatedpostid", "Relation Name": "postlinks", "Alias": "pl", "Startup Cost": 0.29, "Total Cost": 0.32, "Plan Rows": 2, "Plan Width": 4, "Index Cond": "(relatedpostid = c.postid)"}]}]}}, {"Plan": {"Node Type": "Aggregate", "Strategy": "Plain", "Partial Mode": "Simple", "Parallel Aware": false, "Async Capable": false, "Startup Cost": 2211.17, "Total Cost": 2211.18, "Plan Rows": 1, "Plan Width": 8, "Plans": [{"Node Type": "Nested Loop", "Parent Relationship": "Outer", "Parallel Aware": false, "Async Capable": false, "Join Type": "Inner", "Startup Cost": 1.29, "Total Cost": 2211.17, "Plan Rows": 2, "Plan Width": 0, "Inner Unique": false, "Plans": [{"Node Type": "Nested Loop", "Parent Relationship": "Outer", "Parallel Aware": false, "Async Capable": false, "Join Type": "Inner", "Startup Cost": 0.99, "Total Cost": 2203.04, "Plan Rows": 1, "Plan Width": 8, "Inner Unique": false, "Join Filter": "(pl.relatedpostid = p.id)", "Plans": [{"Node Type": "Nested Loop", "Parent Relationship": "Outer", "Parallel Aware": false, "Async Capable": false, "Join Type": "Inner", "Startup Cost": 0.71, "Total Cost": 2202.69, "Plan Rows": 1, "Plan Width": 16, "Inner Unique": false, "Plans": [{"Node Type": "Nested Loop", "Parent Relationship": "Outer", "Parallel Aware": false, "Async Capable": false, "Join Type": "Inner", "Startup Cost": 0.29, "Total Cost": 2193.84, "Plan Rows": 1, "Plan Width": 12, "Inner Unique": true, "Plans": [{"Node Type": "Seq Scan", "Parent Relationship": "Outer", "Parallel Aware": false, "Async Capable": false, "Relation Name": "posts", "Alias": "p", "Startup Cost": 0.0, "Total Cost": 1989.7, "Plan Rows": 26, "Plan Width": 8, "Filter": "(viewcount >= 40956)"}, {"Node Type": "Index Scan", "Parent Relationship": "Inner", "Parallel Aware": false, "Async Capable": false, "Scan Direction": "Forward", "Index Name": "users_pkey", "Relation Name": "users", "Alias": "u", "Startup Cost": 0.29, "Total Cost": 7.85, "Plan Rows": 1, "Plan Width": 4, "Index Cond": "(id = p.owneruserid)", "Filter": "(reputation >= 1530)"}]}, {"Node Type": "Index Scan", "Parent Relationship": "Inner", "Parallel Aware": false, "Async Capable": false, "Scan Direction": "Forward", "Index Name": "idx_comments_postid", "Relation Name": "comments", "Alias": "c", "Startup Cost": 0.42, "Total Cost": 8.83, "Plan Rows": 2, "Plan Width": 4, "Index Cond": "(postid = p.id)", "Filter": "(creationdate <= '2013-06-09 22:27:45'::timestamp without time zone)"}]}, {"Node Type": "Index Scan", "Parent Relationship": "Inner", "Parallel Aware": false, "Async Capable": false, "Scan Direction": "Forward", "Index Name": "idx_postlinks_relatedpostid", "Relation Name": "postlinks", "Alias": "pl", "Startup Cost": 0.29, "Total Cost": 0.32, "Plan Rows": 2, "Plan Width": 4, "Index Cond": "(relatedpostid = c.postid)"}]}, {"Node Type": "Index Scan", "Parent Relationship": "Inner", "Parallel Aware": false, "Async Capable": false, "Scan Direction": "Forward", "Index Name": "idx_badges_userid", "Relation Name": "badges", "Alias": "b", "Startup Cost": 0.29, "Total Cost": 8.1, "Plan Rows": 3, "Plan Width": 4, "Index Cond": "(userid = u.id)"}]}]}}, {"Plan": {"Node Type": "Aggregate", "Strategy": "Plain", "Partial Mode": "Simple", "Parallel Aware": false, "Async Capable": false, "Startup Cost": 13247.42, "Total Cost": 13247.43, "Plan Rows": 1, "Plan Width": 8, "Plans": [{"Node Type": "Merge Join", "Parent Relationship": "Outer", "Parallel Aware": false, "Async Capable": false, "Join Type": "Inner", "Startup Cost": 6862.74, "Total Cost": 13247.41, "Plan Rows": 2, "Plan Width": 0, "Inner Unique": false, "Merge Cond": "(p.id = pl.relatedpostid)", "Plans": [{"Node Type": "Merge Join", "Parent Relationship": "Outer", "Parallel Aware": false, "Async Capable": false, "Join Type": "Inner", "Startup Cost": 6862.45, "Total Cost": 12956.83, "Plan Rows": 2, "Plan Width": 8, "Inner Unique": false, "Merge Cond": "(p.id = c.postid)", "Plans": [{"Node Type": "Sort", "Parent Relationship": "Outer", "Parallel Aware": false, "Async Capable": false, "Startup Cost": 6862.03, "Total Cost": 6862.04, "Plan Rows": 2, "Plan Width": 4, "Sort Key": ["p.id"], "Plans": [{"Node Type": "Merge Join", "Parent Relationship": "Outer", "Parallel Aware": false, "Async Capable": false, "Join Type": "Inner", "Startup Cost": 3470.3, "Total Cost": 6862.02, "Plan Rows": 2, "Plan Width": 4, "Inner Unique": false, "Merge Cond": "(u.id = b.userid)", "Plans": [{"Node Type": "Merge Join", "Parent Relationship": "Outer", "Parallel Aware": false, "Async Capable": false, "Join Type": "Inner", "Startup Cost": 3470.01, "Total Cost": 4928.31, "Plan Rows": 1, "Plan Width": 12, "Inner Unique": true, "Merge Cond": "(p.owneruserid = u.id)", "Plans": [{"Node Type": "Sort", "Parent Relationship": "Outer", "Parallel Aware": false, "Async Capable": false, "Startup Cost": 3469.72, "Total Cost": 3469.78, "Plan Rows": 26, "Plan Width": 8, "Sort Key": ["p.owneruserid"], "Plans": [{"Node Type": "Index Scan", "Parent Relationship": "Outer", "Parallel Aware": false, "Async Capable": false, "Scan Direction": "Forward", "Index Name": "posts_pkey", "Relation Name": "posts", "Alias": "p", "Startup Cost": 0.29, "Total Cost": 3469.11, "Plan Rows": 26, "Plan Width": 8, "Filter": "(viewcount >= 40956)"}]}, {"Node Type": "Index Scan", "Parent Relationship": "Inner", "Parallel Aware": false, "Async Capable": false, "Scan Direction": "Forward", "Index Name": "users_pkey", "Relation Name": "users", "Alias": "u", "Startup Cost": 0.29, "Total Cost": 1457.98, "Plan Rows": 191, "Plan Width": 4, "Filter": "(reputation >= 1530)"}]}, {"Node Type": "Index Only Scan", "Parent Relationship": "Inner", "Parallel Aware": false, "Async Capable": false, "Scan Direction": "Forward", "Index Name": "idx_badges_userid", "Relation Name": "badges", "Alias": "b", "Startup Cost": 0.29, "Total Cost": 1734.06, "Plan Rows": 79851, "Plan Width": 4}]}]}, {"Node Type": "Index Scan", "Parent Relationship": "Inner", "Parallel Aware": false, "Async Capable": false, "Scan Direction": "Forward", "Index Name": "idx_comments_postid", "Relation Name": "comments", "Alias": "c", "Startup Cost": 0.42, "Total Cost": 5857.0, "Plan Rows": 95105, "Plan Width": 4, "Filter": "(creationdate <= '2013-06-09 22:27:45'::timestamp without time zone)"}]}, {"Node Type": "Index Only Scan", "Parent Relationship": "Inner", "Parallel Aware": false, "Async Capable": false, "Scan Direction": "Forward", "Index Name": "idx_postlinks_relatedpostid", "Relation Name": "postlinks", "Alias": "pl", "Startup Cost": 0.29, "Total Cost": 262.81, "Plan Rows": 11102, "Plan Width": 4}]}]}}, {"Plan": {"Node Type": "Aggregate", "Strategy": "Plain", "Partial Mode": "Simple", "Parallel Aware": false, "Async Capable": false, "Startup Cost": 11118.81, "Total Cost": 11118.82, "Plan Rows": 1, "Plan Width": 8, "Plans": [{"Node Type": "Merge Join", "Parent Relationship": "Outer", "Parallel Aware": false, "Async Capable": false, "Join Type": "Inner", "Startup Cost": 4734.13, "Total Cost": 11118.8, "Plan Rows": 2, "Plan Width": 0, "Inner Unique": false, "Merge Cond": "(p.id = pl.relatedpostid)", "Plans": [{"Node Type": "Merge Join", "Parent Relationship": "Outer", "Parallel Aware": false, "Async Capable": false, "Join Type": "Inner", "Startup Cost": 4733.84, "Total Cost": 10828.22, "Plan Rows": 2, "Plan Width": 8, "Inner Unique": false, "Merge Cond": "(c.postid = p.id)", "Plans": [{"Node Type": "Index Scan", "Parent Relationship": "Outer", "Parallel Aware": false, "Async Capable": false, "Scan Direction": "Forward", "Index Name": "idx_comments_postid", "Relation Name": "comments", "Alias": "c", "Startup Cost": 0.42, "Total Cost": 5857.0, "Plan Rows": 95105, "Plan Width": 4, "Filter": "(creationdate <= '2013-06-09 22:27:45'::timestamp without time zone)"}, {"Node Type": "Sort", "Parent Relationship": "Inner", "Parallel Aware": false, "Async Capable": false, "Startup Cost": 4733.42, "Total Cost": 4733.43, "Plan Rows": 2, "Plan Width": 4, "Sort Key": ["p.id"], "Plans": [{"Node Type": "Merge Join", "Parent Relationship": "Outer", "Parallel Aware": false, "Async Capable": false, "Join Type": "Inner", "Startup Cost": 2798.9, "Total Cost": 4733.41, "Plan Rows": 2, "Plan Width": 4, "Inner Unique": false, "Merge Cond": "(u.id = b.userid)", "Plans": [{"Node Type": "Merge Join", "Parent Relationship": "Outer", "Parallel Aware": false, "Async Capable": false, "Join Type": "Inner", "Startup Cost": 2798.61, "Total Cost": 2799.71, "Plan Rows": 1, "Plan Width": 12, "Inner Unique": true, "Merge Cond": "(p.owneruserid = u.id)", "Plans": [{"Node Type": "Sort", "Parent Relationship": "Outer", "Parallel Aware": false, "Async Capable": false, "Startup Cost": 1990.31, "Total Cost": 1990.38, "Plan Rows": 26, "Plan Width": 8, "Sort Key": ["p.owneruserid"], "Plans": [{"Node Type": "Seq Scan", "Parent Relationship": "Outer", "Parallel Aware": false, "Async Capable": false, "Relation Name": "posts", "Alias": "p", "Startup Cost": 0.0, "Total Cost": 1989.7, "Plan Rows": 26, "Plan Width": 8, "Filter": "(viewcount >= 40956)"}]}, {"Node Type": "Sort", "Parent Relationship": "Inner", "Parallel Aware": false, "Async Capable": false, "Startup Cost": 808.3, "Total Cost": 808.78, "Plan Rows": 191, "Plan Width": 4, "Sort Key": ["u.id"], "Plans": [{"Node Type": "Seq Scan", "Parent Relationship": "Outer", "Parallel Aware": false, "Async Capable": false, "Relation Name": "users", "Alias": "u", "Startup Cost": 0.0, "Total Cost": 801.06, "Plan Rows": 191, "Plan Width": 4, "Filter": "(reputation >= 1530)"}]}]}, {"Node Type": "Index Only Scan", "Parent Relationship": "Inner", "Parallel Aware": false, "Async Capable": false, "Scan Direction": "Forward", "Index Name": "idx_badges_userid", "Relation Name": "badges", "Alias": "b", "Startup Cost": 0.29, "Total Cost": 1734.06, "Plan Rows": 79851, "Plan Width": 4}]}]}]}, {"Node Type": "Index Only Scan", "Parent Relationship": "Inner", "Parallel Aware": false, "Async Capable": false, "Scan Direction": "Forward", "Index Name": "idx_postlinks_relatedpostid", "Relation Name": "postlinks", "Alias": "pl", "Startup Cost": 0.29, "Total Cost": 262.81, "Plan Rows": 11102, "Plan Width": 4}]}]}}, {"Plan": {"Node Type": "Aggregate", "Strategy": "Plain", "Partial Mode": "Finalize", "Parallel Aware": false, "Async Capable": false, "Startup Cost": 20243.06, "Total Cost": 20243.07, "Plan Rows": 1, "Plan Width": 8, "Plans": [{"Node Type": "Gather", "Parent Relationship": "Outer", "Parallel Aware": false, "Async Capable": false, "Startup Cost": 20242.95, "Total Cost": 20243.06, "Plan Rows": 1, "Plan Width": 8, "Workers Planned": 1, "Single Copy": false, "Plans": [{"Node Type": "Aggregate", "Strategy": "Plain", "Partial Mode": "Partial", "Parent Relationship": "Outer", "Parallel Aware": false, "Async Capable": false, "Startup Cost": 19242.95, "Total Cost": 19242.96, "Plan Rows": 1, "Plan Width": 8, "Plans": [{"Node Type": "Merge Join", "Parent Relationship": "Outer", "Parallel Aware": false, "Async Capable": false, "Join Type": "Inner", "Startup Cost": 18907.69, "Total Cost": 19242.95, "Plan Rows": 1, "Plan Width": 0, "Inner Unique": false, "Merge Cond": "(p.id = pl.relatedpostid)", "Plans": [{"Node Type": "Merge Join", "Parent Relationship": "Outer", "Parallel Aware": false, "Async Capable": false, "Join Type": "Inner", "Startup Cost": 17968.69, "Total Cost": 18248.43, "Plan Rows": 1, "Plan Width": 8, "Inner Unique": false, "Merge Cond": "(c.postid = p.id)", "Plans": [{"Node Type": "Sort", "Parent Relationship": "Outer", "Parallel Aware": false, "Async Capable": false, "Startup Cost": 7037.31, "Total Cost": 7177.17, "Plan Rows": 55944, "Plan Width": 4, "Sort Key": ["c.postid"], "Plans": [{"Node Type": "Seq Scan", "Parent Relationship": "Outer", "Parallel Aware": true, "Async Capable": false, "Relation Name": "comments", "Alias": "c", "Startup Cost": 0.0, "Total Cost": 2625.65, "Plan Rows": 55944, "Plan Width": 4, "Filter": "(creationdate <= '2013-06-09 22:27:45'::timestamp without time zone)"}]}, {"Node Type": "Sort", "Parent Relationship": "Inner", "Parallel Aware": false, "Async Capable": false, "Startup Cost": 10931.38, "Total Cost": 10931.38, "Plan Rows": 2, "Plan Width": 4, "Sort Key": ["p.id"], "Plans": [{"Node Type": "Merge Join", "Parent Relationship": "Outer", "Parallel Aware": false, "Async Capable": false, "Join Type": "Inner", "Startup Cost": 10531.0, "Total Cost": 10931.37, "Plan Rows": 2, "Plan Width": 4, "Inner Unique": false, "Merge Cond": "(u.id = b.userid)", "Plans": [{"Node Type": "Merge Join", "Parent Relationship": "Outer", "Parallel Aware": false, "Async Capable": false, "Join Type": "Inner", "Startup Cost": 2798.61, "Total Cost": 2799.71, "Plan Rows": 1, "Plan Width": 12, "Inner Unique": true, "Merge Cond": "(p.owneruserid = u.id)", "Plans": [{"Node Type": "Sort", "Parent Relationship": "Outer", "Parallel Aware": false, "Async Capable": false, "Startup Cost": 1990.31, "Total Cost": 1990.38, "Plan Rows": 26, "Plan Width": 8, "Sort Key": ["p.owneruserid"], "Plans": [{"Node Type": "Seq Scan", "Parent Relationship": "Outer", "Parallel Aware": false, "Async Capable": false, "Relation Name": "posts", "Alias": "p", "Startup Cost": 0.0, "Total Cost": 1989.7, "Plan Rows": 26, "Plan Width": 8, "Filter": "(viewcount >= 40956)"}]}, {"Node Type": "Sort", "Parent Relationship": "Inner", "Parallel Aware": false, "Async Capable": false, "Startup Cost": 808.3, "Total Cost": 808.78, "Plan Rows": 191, "Plan Width": 4, "Sort Key": ["u.id"], "Plans": [{"Node Type": "Seq Scan", "Parent Relationship": "Outer", "Parallel Aware": false, "Async Capable": false, "Relation Name": "users", "Alias": "u", "Startup Cost": 0.0, "Total Cost": 801.06, "Plan Rows": 191, "Plan Width": 4, "Filter": "(reputation >= 1530)"}]}]}, {"Node Type": "Sort", "Parent Relationship": "Inner", "Parallel Aware": false, "Async Capable": false, "Startup Cost": 7732.39, "Total Cost": 7932.01, "Plan Rows": 79851, "Plan Width": 4, "Sort Key": ["b.userid"], "Plans": [{"Node Type": "Seq Scan", "Parent Relationship": "Outer", "Parallel Aware": false, "Async Capable": false, "Relation Name": "badges", "Alias": "b", "Startup Cost": 0.0, "Total Cost": 1230.51, "Plan Rows": 79851, "Plan Width": 4}]}]}]}]}, {"Node Type": "Sort", "Parent Relationship": "Inner", "Parallel Aware": false, "Async Capable": false, "Startup Cost": 938.99, "Total Cost": 966.75, "Plan Rows": 11102, "Plan Width": 4, "Sort Key": ["pl.relatedpostid"], "Plans": [{"Node Type": "Seq Scan", "Parent Relationship": "Outer", "Parallel Aware": false, "Async Capable": false, "Relation Name": "postlinks", "Alias": "pl", "Startup Cost": 0.0, "Total Cost": 193.02, "Plan Rows": 11102, "Plan Width": 4}]}]}]}]}]}}, {"Plan": {"Node Type": "Aggregate", "Strategy": "Plain", "Partial Mode": "Simple", "Parallel Aware": false, "Async Capable": false, "Startup Cost": 14646.85, "Total Cost": 14646.86, "Plan Rows": 1, "Plan Width": 8, "Plans": [{"Node Type": "Merge Join", "Parent Relationship": "Outer", "Parallel Aware": false, "Async Capable": false, "Join Type": "Inner", "Startup Cost": 7994.02, "Total Cost": 14646.84, "Plan Rows": 2, "Plan Width": 0, "Inner Unique": false, "Merge Cond": "(p.id = pl.relatedpostid)", "Plans": [{"Node Type": "Merge Join", "Parent Relationship": "Outer", "Parallel Aware": false, "Async Capable": false, "Join Type": "Inner", "Startup Cost": 7993.74, "Total Cost": 14088.11, "Plan Rows": 2, "Plan Width": 8, "Inner Unique": false, "Merge Cond": "(p.id = c.postid)", "Plans": [{"Node Type": "Sort", "Parent Relationship": "Outer", "Parallel Aware": false, "Async Capable": false, "Startup Cost": 7993.32, "Total Cost": 7993.32, "Plan Rows": 2, "Plan Width": 4, "Sort Key": ["p.id"], "Plans": [{"Node Type": "Merge Join", "Parent Relationship": "Outer", "Parallel Aware": false, "Async Capable": false, "Join Type": "Inner", "Startup Cost": 3470.3, "Total Cost": 7993.31, "Plan Rows": 2, "Plan Width": 4, "Inner Unique": false, "Merge Cond": "(u.id = b.userid)", "Plans": [{"Node Type": "Merge Join", "Parent Relationship": "Outer", "Parallel Aware": false, "Async Capable": false, "Join Type": "Inner", "Startup Cost": 3470.01, "Total Cost": 4928.31, "Plan Rows": 1, "Plan Width": 12, "Inner Unique": true, "Merge Cond": "(p.owneruserid = u.id)", "Plans": [{"Node Type": "Sort", "Parent Relationship": "Outer", "Parallel Aware": false, "Async Capable": false, "Startup Cost": 3469.72, "Total Cost": 3469.78, "Plan Rows": 26, "Plan Width": 8, "Sort Key": ["p.owneruserid"], "Plans": [{"Node Type": "Index Scan", "Parent Relationship": "Outer", "Parallel Aware": false, "Async Capable": false, "Scan Direction": "Forward", "Index Name": "posts_pkey", "Relation Name": "posts", "Alias": "p", "Startup Cost": 0.29, "Total Cost": 3469.11, "Plan Rows": 26, "Plan Width": 8, "Filter": "(viewcount >= 40956)"}]}, {"Node Type": "Index Scan", "Parent Relationship": "Inner", "Parallel Aware": false, "Async Capable": false, "Scan Direction": "Forward", "Index Name": "users_pkey", "Relation Name": "users", "Alias": "u", "Startup Cost": 0.29, "Total Cost": 1457.98, "Plan Rows": 191, "Plan Width": 4, "Filter": "(reputation >= 1530)"}]}, {"Node Type": "Index Scan", "Parent Relationship": "Inner", "Parallel Aware": false, "Async Capable": false, "Scan Direction": "Forward", "Index Name": "idx_badges_userid", "Relation Name": "badges", "Alias": "b", "Startup Cost": 0.29, "Total Cost": 2865.34, "Plan Rows": 79851, "Plan Width": 4}]}]}, {"Node Type": "Index Scan", "Parent Relationship": "Inner", "Parallel Aware": false, "Async Capable": false, "Scan Direction": "Forward", "Index Name": "idx_comments_postid", "Relation Name": "comments", "Alias": "c", "Startup Cost": 0.42, "Total Cost": 5857.0, "Plan Rows": 95105, "Plan Width": 4, "Filter": "(creationdate <= '2013-06-09 22:27:45'::timestamp without time zone)"}]}, {"Node Type": "Index Scan", "Parent Relationship": "Inner", "Parallel Aware": false, "Async Capable": false, "Scan Direction": "Forward", "Index Name": "idx_postlinks_relatedpostid", "Relation Name": "postlinks", "Alias": "pl", "Startup Cost": 0.29, "Total Cost": 530.96, "Plan Rows": 11102, "Plan Width": 4}]}]}}, {"Plan": {"Node Type": "Aggregate", "Strategy": "Plain", "Partial Mode": "Simple", "Parallel Aware": false, "Async Capable": false, "Startup Cost": 12518.24, "Total Cost": 12518.25, "Plan Rows": 1, "Plan Width": 8, "Plans": [{"Node Type": "Merge Join", "Parent Relationship": "Outer", "Parallel Aware": false, "Async Capable": false, "Join Type": "Inner", "Startup Cost": 5865.41, "Total Cost": 12518.23, "Plan Rows": 2, "Plan Width": 0, "Inner Unique": false, "Merge Cond": "(p.id = pl.relatedpostid)", "Plans": [{"Node Type": "Merge Join", "Parent Relationship": "Outer", "Parallel Aware": false, "Async Capable": false, "Join Type": "Inner", "Startup Cost": 5865.13, "Total Cost": 11959.5, "Plan Rows": 2, "Plan Width": 8, "Inner Unique": false, "Merge Cond": "(c.postid = p.id)", "Plans": [{"Node Type": "Index Scan", "Parent Relationship": "Outer", "Parallel Aware": false, "Async Capable": false, "Scan Direction": "Forward", "Index Name": "idx_comments_postid", "Relation Name": "comments", "Alias": "c", "Startup Cost": 0.42, "Total Cost": 5857.0, "Plan Rows": 95105, "Plan Width": 4, "Filter": "(creationdate <= '2013-06-09 22:27:45'::timestamp without time zone)"}, {"Node Type": "Sort", "Parent Relationship": "Inner", "Parallel Aware": false, "Async Capable": false, "Startup Cost": 5864.71, "Total Cost": 5864.71, "Plan Rows": 2, "Plan Width": 4, "Sort Key": ["p.id"], "Plans": [{"Node Type": "Merge Join", "Parent Relationship": "Outer", "Parallel Aware": false, "Async Capable": false, "Join Type": "Inner", "Startup Cost": 2798.9, "Total Cost": 5864.7, "Plan Rows": 2, "Plan Width": 4, "Inner Unique": false, "Merge Cond": "(u.id = b.userid)", "Plans": [{"Node Type": "Merge Join", "Parent Relationship": "Outer", "Parallel Aware": false, "Async Capable": false, "Join Type": "Inner", "Startup Cost": 2798.61, "Total Cost": 2799.71, "Plan Rows": 1, "Plan Width": 12, "Inner Unique": true, "Merge Cond": "(p.owneruserid = u.id)", "Plans": [{"Node Type": "Sort", "Parent Relationship": "Outer", "Parallel Aware": false, "Async Capable": false, "Startup Cost": 1990.31, "Total Cost": 1990.38, "Plan Rows": 26, "Plan Width": 8, "Sort Key": ["p.owneruserid"], "Plans": [{"Node Type": "Seq Scan", "Parent Relationship": "Outer", "Parallel Aware": false, "Async Capable": false, "Relation Name": "posts", "Alias": "p", "Startup Cost": 0.0, "Total Cost": 1989.7, "Plan Rows": 26, "Plan Width": 8, "Filter": "(viewcount >= 40956)"}]}, {"Node Type": "Sort", "Parent Relationship": "Inner", "Parallel Aware": false, "Async Capable": false, "Startup Cost": 808.3, "Total Cost": 808.78, "Plan Rows": 191, "Plan Width": 4, "Sort Key": ["u.id"], "Plans": [{"Node Type": "Seq Scan", "Parent Relationship": "Outer", "Parallel Aware": false, "Async Capable": false, "Relation Name": "users", "Alias": "u", "Startup Cost": 0.0, "Total Cost": 801.06, "Plan Rows": 191, "Plan Width": 4, "Filter": "(reputation >= 1530)"}]}]}, {"Node Type": "Index Scan", "Parent Relationship": "Inner", "Parallel Aware": false, "Async Capable": false, "Scan Direction": "Forward", "Index Name": "idx_badges_userid", "Relation Name": "badges", "Alias": "b", "Startup Cost": 0.29, "Total Cost": 2865.34, "Plan Rows": 79851, "Plan Width": 4}]}]}]}, {"Node Type": "Index Scan", "Parent Relationship": "Inner", "Parallel Aware": false, "Async Capable": false, "Scan Direction": "Forward", "Index Name": "idx_postlinks_relatedpostid", "Relation Name": "postlinks", "Alias": "pl", "Startup Cost": 0.29, "Total Cost": 530.96, "Plan Rows": 11102, "Plan Width": 4}]}]}}]