[{"Plan": {"Node Type": "Aggregate", "Strategy": "Plain", "Partial Mode": "Simple", "Parallel Aware": false, "Async Capable": false, "Startup Cost": 869.12, "Total Cost": 869.13, "Plan Rows": 1, "Plan Width": 8, "Plans": [{"Node Type": "Nested Loop", "Parent Relationship": "Outer", "Parallel Aware": false, "Async Capable": false, "Join Type": "Inner", "Startup Cost": 1.01, "Total Cost": 869.12, "Plan Rows": 1, "Plan Width": 0, "Inner Unique": false, "Join Filter": "(v.userid = u.id)", "Plans": [{"Node Type": "Nested Loop", "Parent Relationship": "Outer", "Parallel Aware": false, "Async Capable": false, "Join Type": "Inner", "Startup Cost": 0.59, "Total Cost": 866.34, "Plan Rows": 1, "Plan Width": 12, "Inner Unique": false, "Join Filter": "(c.userid = u.id)", "Plans": [{"Node Type": "Nested Loop", "Parent Relationship": "Outer", "Parallel Aware": false, "Async Capable": false, "Join Type": "Inner", "Startup Cost": 0.29, "Total Cost": 864.42, "Plan Rows": 1, "Plan Width": 8, "Inner Unique": false, "Plans": [{"Node Type": "Seq Scan", "Parent Relationship": "Outer", "Parallel Aware": false, "Async Capable": false, "Relation Name": "users", "Alias": "u", "Startup Cost": 0.0, "Total Cost": 801.06, "Plan Rows": 5, "Plan Width": 4, "Filter": "(reputation >= 30937)"}, {"Node Type": "Index Scan", "Parent Relationship": "Inner", "Parallel Aware": false, "Async Capable": false, "Scan Direction": "Forward", "Index Name": "idx_badges_userid", "Relation Name": "badges", "Alias": "b", "Startup Cost": 0.29, "Total Cost": 12.66, "Plan Rows": 1, "Plan Width": 4, "Index Cond": "(userid = u.id)", "Filter": "(date <= '2011-02-06 01:34:06'::timestamp without time zone)"}]}, {"Node Type": "Index Scan", "Parent Relationship": "Inner", "Parallel Aware": false, "Async Capable": false, "Scan Direction": "Forward", "Index Name": "idx_comments_userid", "Relation Name": "comments", "Alias": "c", "Startup Cost": 0.29, "Total Cost": 1.91, "Plan Rows": 1, "Plan Width": 4, "Index Cond": "(userid = b.userid)", "Filter": "((creationdate >= '2011-04-11 10:08:06'::timestamp without time zone) AND (score = 16))"}]}, {"Node Type": "Index Scan", "Parent Relationship": "Inner", "Parallel Aware": false, "Async Capable": false, "Scan Direction": "Forward", "Index Name": "idx_votes_userid", "Relation Name": "votes", "Alias": "v", "Startup Cost": 0.42, "Total Cost": 2.77, "Plan Rows": 1, "Plan Width": 4, "Index Cond": "(userid = b.userid)", "Filter": "((creationdate >= '2014-01-15 09:18:00'::timestamp without time zone) AND (creationdate <= '2014-02-24 03:04:20'::timestamp without time zone) AND (votetypeid = 8))"}]}]}}, {"Plan": {"Node Type": "Aggregate", "Strategy": "Plain", "Partial Mode": "Simple", "Parallel Aware": false, "Async Capable": false, "Startup Cost": 40000001545.81, "Total Cost": 40000001545.82, "Plan Rows": 1, "Plan Width": 8, "Plans": [{"Node Type": "Nested Loop", "Parent Relationship": "Outer", "Parallel Aware": false, "Async Capable": false, "Join Type": "Inner", "Startup Cost": 40000000005.9, "Total Cost": 40000001545.81, "Plan Rows": 1, "Plan Width": 0, "Inner Unique": false, "Join Filter": "(v.userid = u.id)", "Plans": [{"Node Type": "Nested Loop", "Parent Relationship": "Outer", "Parallel Aware": false, "Async Capable": false, "Join Type": "Inner", "Startup Cost": 30000000005.16, "Total Cost": 30000001540.87, "Plan Rows": 1, "Plan Width": 12, "Inner Unique": false, "Join Filter": "(c.userid = u.id)", "Plans": [{"Node Type": "Nested Loop", "Parent Relationship": "Outer", "Parallel Aware": false, "Async Capable": false, "Join Type": "Inner", "Startup Cost": 20000000004.61, "Total Cost": 20000001536.08, "Plan Rows": 1, "Plan Width": 8, "Inner Unique": false, "Plans": [{"Node Type": "Index Scan", "Parent Relationship": "Outer", "Parallel Aware": false, "Async Capable": false, "Scan Direction": "Forward", "Index Name": "users_pkey", "Relation Name": "users", "Alias": "u", "Startup Cost": 10000000000.29, "Total Cost": 10000001457.98, "Plan Rows": 5, "Plan Width": 4, "Filter": "(reputation >= 30937)"}, {"Node Type": "Bitmap Heap Scan", "Parent Relationship": "Inner", "Parallel Aware": false, "Async Capable": false, "Relation Name": "badges", "Alias": "b", "Startup Cost": 4.32, "Total Cost": 15.61, "Plan Rows": 1, "Plan Width": 4, "Recheck Cond": "(userid = u.id)", "Filter": "(date <= '2011-02-06 01:34:06'::timestamp without time zone)", "Plans": [{"Node Type": "Bitmap Index Scan", "Parent Relationship": "Outer", "Parallel Aware": false, "Async Capable": false, "Index Name": "idx_badges_userid", "Startup Cost": 0.0, "Total Cost": 4.32, "Plan Rows": 3, "Plan Width": 0, "Index Cond": "(userid = u.id)"}]}]}, {"Node Type": "Bitmap Heap Scan", "Parent Relationship": "Inner", "Parallel Aware": false, "Async Capable": false, "Relation Name": "comments", "Alias": "c", "Startup Cost": 0.55, "Total Cost": 4.78, "Plan Rows": 1, "Plan Width": 4, "Recheck Cond": "(userid = b.userid)", "Filter": "((creationdate >= '2011-04-11 10:08:06'::timestamp without time zone) AND (score = 16))", "Plans": [{"Node Type": "Bitmap Index Scan", "Parent Relationship": "Outer", "Parallel Aware": false, "Async Capable": false, "Index Name": "idx_comments_userid", "Startup Cost": 0.0, "Total Cost": 0.55, "Plan Rows": 13, "Plan Width": 0, "Index Cond": "(userid = b.userid)"}]}]}, {"Node Type": "Bitmap Heap Scan", "Parent Relationship": "Inner", "Parallel Aware": false, "Async Capable": false, "Relation Name": "votes", "Alias": "v", "Startup Cost": 0.74, "Total Cost": 4.92, "Plan Rows": 1, "Plan Width": 4, "Recheck Cond": "(userid = b.userid)", "Filter": "((creationdate >= '2014-01-15 09:18:00'::timestamp without time zone) AND (creationdate <= '2014-02-24 03:04:20'::timestamp without time zone) AND (votetypeid = 8))", "Plans": [{"Node Type": "Bitmap Index Scan", "Parent Relationship": "Outer", "Parallel Aware": false, "Async Capable": false, "Index Name": "idx_votes_userid", "Startup Cost": 0.0, "Total Cost": 0.74, "Plan Rows": 9, "Plan Width": 0, "Index Cond": "(userid = b.userid)"}]}]}]}}, {"Plan": {"Node Type": "Aggregate", "Strategy": "Plain", "Partial Mode": "Simple", "Parallel Aware": false, "Async Capable": false, "Startup Cost": 24852.35, "Total Cost": 24852.36, "Plan Rows": 1, "Plan Width": 8, "Plans": [{"Node Type": "Gather", "Parent Relationship": "Outer", "Parallel Aware": false, "Async Capable": false, "Startup Cost": 13153.75, "Total Cost": 24852.35, "Plan Rows": 1, "Plan Width": 0, "Workers Planned": 1, "Single Copy": false, "Plans": [{"Node Type": "Hash Join", "Parent Relationship": "Outer", "Parallel Aware": true, "Async Capable": false, "Join Type": "Inner", "Startup Cost": 12153.75, "Total Cost": 23852.25, "Plan Rows": 1, "Plan Width": 0, "Inner Unique": false, "Hash Cond": "(v.userid = u.id)", "Plans": [{"Node Type": "Index Scan", "Parent Relationship": "Outer", "Parallel Aware": true, "Async Capable": false, "Scan Direction": "Forward", "Index Name": "idx_votes_userid", "Relation Name": "votes", "Alias": "v", "Startup Cost": 0.42, "Total Cost": 11698.8, "Plan Rows": 29, "Plan Width": 4, "Filter": "((creationdate >= '2014-01-15 09:18:00'::timestamp without time zone) AND (creationdate <= '2014-02-24 03:04:20'::timestamp without time zone) AND (votetypeid = 8))"}, {"Node Type": "Hash", "Parent Relationship": "Inner", "Parallel Aware": true, "Async Capable": false, "Startup Cost": 12153.31, "Total Cost": 12153.31, "Plan Rows": 1, "Plan Width": 12, "Plans": [{"Node Type": "Hash Join", "Parent Relationship": "Outer", "Parallel Aware": false, "Async Capable": false, "Join Type": "Inner", "Startup Cost": 4535.46, "Total Cost": 12153.31, "Plan Rows": 1, "Plan Width": 12, "Inner Unique": false, "Hash Cond": "(c.userid = u.id)", "Plans": [{"Node Type": "Index Scan", "Parent Relationship": "Outer", "Parallel Aware": true, "Async Capable": false, "Scan Direction": "Forward", "Index Name": "idx_comments_userid", "Relation Name": "comments", "Alias": "c", "Startup Cost": 0.29, "Total Cost": 7618.14, "Plan Rows": 2, "Plan Width": 4, "Filter": "((creationdate >= '2011-04-11 10:08:06'::timestamp without time zone) AND (score = 16))"}, {"Node Type": "Hash", "Parent Relationship": "Inner", "Parallel Aware": false, "Async Capable": false, "Startup Cost": 4535.15, "Total Cost": 4535.15, "Plan Rows": 1, "Plan Width": 8, "Plans": [{"Node Type": "Hash Join", "Parent Relationship": "Outer", "Parallel Aware": false, "Async Capable": false, "Join Type": "Inner", "Startup Cost": 1458.33, "Total Cost": 4535.15, "Plan Rows": 1, "Plan Width": 8, "Inner Unique": true, "Hash Cond": "(b.userid = u.id)", "Plans": [{"Node Type": "Index Scan", "Parent Relationship": "Outer", "Parallel Aware": false, "Async Capable": false, "Scan Direction": "Forward", "Index Name": "idx_badges_userid", "Relation Name": "badges", "Alias": "b", "Startup Cost": 0.29, "Total Cost": 3064.97, "Plan Rows": 4625, "Plan Width": 4, "Filter": "(date <= '2011-02-06 01:34:06'::timestamp without time zone)"}, {"Node Type": "Hash", "Parent Relationship": "Inner", "Parallel Aware": false, "Async Capable": false, "Startup Cost": 1457.98, "Total Cost": 1457.98, "Plan Rows": 5, "Plan Width": 4, "Plans": [{"Node Type": "Index Scan", "Parent Relationship": "Outer", "Parallel Aware": false, "Async Capable": false, "Scan Direction": "Forward", "Index Name": "users_pkey", "Relation Name": "users", "Alias": "u", "Startup Cost": 0.29, "Total Cost": 1457.98, "Plan Rows": 5, "Plan Width": 4, "Filter": "(reputation >= 30937)"}]}]}]}]}]}]}]}]}}, {"Plan": {"Node Type": "Aggregate", "Strategy": "Plain", "Partial Mode": "Simple", "Parallel Aware": false, "Async Capable": false, "Startup Cost": 14363.42, "Total Cost": 14363.43, "Plan Rows": 1, "Plan Width": 8, "Plans": [{"Node Type": "Gather", "Parent Relationship": "Outer", "Parallel Aware": false, "Async Capable": false, "Startup Cost": 6745.46, "Total Cost": 14363.42, "Plan Rows": 1, "Plan Width": 0, "Workers Planned": 1, "Single Copy": false, "Plans": [{"Node Type": "Hash Join", "Parent Relationship": "Outer", "Parallel Aware": true, "Async Capable": false, "Join Type": "Inner", "Startup Cost": 5745.46, "Total Cost": 13363.32, "Plan Rows": 1, "Plan Width": 0, "Inner Unique": false, "Hash Cond": "(c.userid = u.id)", "Plans": [{"Node Type": "Index Scan", "Parent Relationship": "Outer", "Parallel Aware": true, "Async Capable": false, "Scan Direction": "Forward", "Index Name": "idx_comments_userid", "Relation Name": "comments", "Alias": "c", "Startup Cost": 0.29, "Total Cost": 7618.14, "Plan Rows": 2, "Plan Width": 4, "Filter": "((creationdate >= '2011-04-11 10:08:06'::timestamp without time zone) AND (score = 16))"}, {"Node Type": "Hash", "Parent Relationship": "Inner", "Parallel Aware": true, "Async Capable": false, "Startup Cost": 5745.15, "Total Cost": 5745.15, "Plan Rows": 1, "Plan Width": 12, "Plans": [{"Node Type": "Merge Join", "Parent Relationship": "Outer", "Parallel Aware": false, "Async Capable": false, "Join Type": "Inner", "Startup Cost": 1.0, "Total Cost": 5745.15, "Plan Rows": 1, "Plan Width": 12, "Inner Unique": false, "Merge Cond": "(u.id = b.userid)", "Plans": [{"Node Type": "Merge Join", "Parent Relationship": "Outer", "Parallel Aware": false, "Async Capable": false, "Join Type": "Inner", "Startup Cost": 0.71, "Total Cost": 2668.61, "Plan Rows": 1, "Plan Width": 8, "Inner Unique": true, "Merge Cond": "(v.userid = u.id)", "Plans": [{"Node Type": "Index Scan", "Parent Relationship": "Outer", "Parallel Aware": true, "Async Capable": false, "Scan Direction": "Forward", "Index Name": "idx_votes_userid", "Relation Name": "votes", "Alias": "v", "Startup Cost": 0.42, "Total Cost": 11698.8, "Plan Rows": 29, "Plan Width": 4, "Filter": "((creationdate >= '2014-01-15 09:18:00'::timestamp without time zone) AND (creationdate <= '2014-02-24 03:04:20'::timestamp without time zone) AND (votetypeid = 8))"}, {"Node Type": "Index Scan", "Parent Relationship": "Inner", "Parallel Aware": false, "Async Capable": false, "Scan Direction": "Forward", "Index Name": "users_pkey", "Relation Name": "users", "Alias": "u", "Startup Cost": 0.29, "Total Cost": 1457.98, "Plan Rows": 5, "Plan Width": 4, "Filter": "(reputation >= 30937)"}]}, {"Node Type": "Index Scan", "Parent Relationship": "Inner", "Parallel Aware": false, "Async Capable": false, "Scan Direction": "Forward", "Index Name": "idx_badges_userid", "Relation Name": "badges", "Alias": "b", "Startup Cost": 0.29, "Total Cost": 3064.97, "Plan Rows": 4625, "Plan Width": 4, "Filter": "(date <= '2011-02-06 01:34:06'::timestamp without time zone)"}]}]}]}]}]}}, {"Plan": {"Node Type": "Aggregate", "Strategy": "Plain", "Partial Mode": "Simple", "Parallel Aware": false, "Async Capable": false, "Startup Cost": 1526.04, "Total Cost": 1526.05, "Plan Rows": 1, "Plan Width": 8, "Plans": [{"Node Type": "Nested Loop", "Parent Relationship": "Outer", "Parallel Aware": false, "Async Capable": false, "Join Type": "Inner", "Startup Cost": 1.3, "Total Cost": 1526.04, "Plan Rows": 1, "Plan Width": 0, "Inner Unique": false, "Join Filter": "(v.userid = u.id)", "Plans": [{"Node Type": "Nested Loop", "Parent Relationship": "Outer", "Parallel Aware": false, "Async Capable": false, "Join Type": "Inner", "Startup Cost": 0.88, "Total Cost": 1523.25, "Plan Rows": 1, "Plan Width": 12, "Inner Unique": false, "Join Filter": "(c.userid = u.id)", "Plans": [{"Node Type": "Nested Loop", "Parent Relationship": "Outer", "Parallel Aware": false, "Async Capable": false, "Join Type": "Inner", "Startup Cost": 0.58, "Total Cost": 1521.33, "Plan Rows": 1, "Plan Width": 8, "Inner Unique": false, "Plans": [{"Node Type": "Index Scan", "Parent Relationship": "Outer", "Parallel Aware": false, "Async Capable": false, "Scan Direction": "Forward", "Index Name": "users_pkey", "Relation Name": "users", "Alias": "u", "Startup Cost": 0.29, "Total Cost": 1457.98, "Plan Rows": 5, "Plan Width": 4, "Filter": "(reputation >= 30937)"}, {"Node Type": "Index Scan", "Parent Relationship": "Inner", "Parallel Aware": false, "Async Capable": false, "Scan Direction": "Forward", "Index Name": "idx_badges_userid", "Relation Name": "badges", "Alias": "b", "Startup Cost": 0.29, "Total Cost": 12.66, "Plan Rows": 1, "Plan Width": 4, "Index Cond": "(userid = u.id)", "Filter": "(date <= '2011-02-06 01:34:06'::timestamp without time zone)"}]}, {"Node Type": "Index Scan", "Parent Relationship": "Inner", "Parallel Aware": false, "Async Capable": false, "Scan Direction": "Forward", "Index Name": "idx_comments_userid", "Relation Name": "comments", "Alias": "c", "Startup Cost": 0.29, "Total Cost": 1.91, "Plan Rows": 1, "Plan Width": 4, "Index Cond": "(userid = b.userid)", "Filter": "((creationdate >= '2011-04-11 10:08:06'::timestamp without time zone) AND (score = 16))"}]}, {"Node Type": "Index Scan", "Parent Relationship": "Inner", "Parallel Aware": false, "Async Capable": false, "Scan Direction": "Forward", "Index Name": "idx_votes_userid", "Relation Name": "votes", "Alias": "v", "Startup Cost": 0.42, "Total Cost": 2.77, "Plan Rows": 1, "Plan Width": 4, "Index Cond": "(userid = b.userid)", "Filter": "((creationdate >= '2014-01-15 09:18:00'::timestamp without time zone) AND (creationdate <= '2014-02-24 03:04:20'::timestamp without time zone) AND (votetypeid = 8))"}]}]}}, {"Plan": {"Node Type": "Aggregate", "Strategy": "Plain", "Partial Mode": "Simple", "Parallel Aware": false, "Async Capable": false, "Startup Cost": 7336.16, "Total Cost": 7336.17, "Plan Rows": 1, "Plan Width": 8, "Plans": [{"Node Type": "Gather", "Parent Relationship": "Outer", "Parallel Aware": false, "Async Capable": false, "Startup Cost": 4454.05, "Total Cost": 7336.15, "Plan Rows": 1, "Plan Width": 0, "Workers Planned": 1, "Single Copy": false, "Plans": [{"Node Type": "Hash Join", "Parent Relationship": "Outer", "Parallel Aware": true, "Async Capable": false, "Join Type": "Inner", "Startup Cost": 3454.05, "Total Cost": 6336.05, "Plan Rows": 1, "Plan Width": 0, "Inner Unique": false, "Hash Cond": "(c.userid = u.id)", "Plans": [{"Node Type": "Seq Scan", "Parent Relationship": "Outer", "Parallel Aware": true, "Async Capable": false, "Relation Name": "comments", "Alias": "c", "Startup Cost": 0.0, "Total Cost": 2881.99, "Plan Rows": 2, "Plan Width": 4, "Filter": "((creationdate >= '2011-04-11 10:08:06'::timestamp without time zone) AND (score = 16))"}, {"Node Type": "Hash", "Parent Relationship": "Inner", "Parallel Aware": true, "Async Capable": false, "Startup Cost": 3454.04, "Total Cost": 3454.04, "Plan Rows": 1, "Plan Width": 12, "Plans": [{"Node Type": "Merge Join", "Parent Relationship": "Outer", "Parallel Aware": false, "Async Capable": false, "Join Type": "Inner", "Startup Cost": 2243.84, "Total Cost": 3454.04, "Plan Rows": 1, "Plan Width": 12, "Inner Unique": false, "Merge Cond": "(v.userid = u.id)", "Plans": [{"Node Type": "Index Scan", "Parent Relationship": "Outer", "Parallel Aware": true, "Async Capable": false, "Scan Direction": "Forward", "Index Name": "idx_votes_userid", "Relation Name": "votes", "Alias": "v", "Startup Cost": 0.42, "Total Cost": 11698.8, "Plan Rows": 29, "Plan Width": 4, "Filter": "((creationdate >= '2014-01-15 09:18:00'::timestamp without time zone) AND (creationdate <= '2014-02-24 03:04:20'::timestamp without time zone) AND (votetypeid = 8))"}, {"Node Type": "Sort", "Parent Relationship": "Inner", "Parallel Aware": false, "Async Capable": false, "Startup Cost": 2243.41, "Total Cost": 2243.42, "Plan Rows": 1, "Plan Width": 8, "Sort Key": ["b.userid"], "Plans": [{"Node Type": "Hash Join", "Parent Relationship": "Outer", "Parallel Aware": false, "Async Capable": false, "Join Type": "Inner", "Startup Cost": 801.12, "Total Cost": 2243.4, "Plan Rows": 1, "Plan Width": 8, "Inner Unique": true, "Hash Cond": "(b.userid = u.id)", "Plans": [{"Node Type": "Seq Scan", "Parent Relationship": "Outer", "Parallel Aware": false, "Async Capable": false, "Relation Name": "badges", "Alias": "b", "Startup Cost": 0.0, "Total Cost": 1430.14, "Plan Rows": 4625, "Plan Width": 4, "Filter": "(date <= '2011-02-06 01:34:06'::timestamp without time zone)"}, {"Node Type": "Hash", "Parent Relationship": "Inner", "Parallel Aware": false, "Async Capable": false, "Startup Cost": 801.06, "Total Cost": 801.06, "Plan Rows": 5, "Plan Width": 4, "Plans": [{"Node Type": "Seq Scan", "Parent Relationship": "Outer", "Parallel Aware": false, "Async Capable": false, "Relation Name": "users", "Alias": "u", "Startup Cost": 0.0, "Total Cost": 801.06, "Plan Rows": 5, "Plan Width": 4, "Filter": "(reputation >= 30937)"}]}]}]}]}]}]}]}]}}, {"Plan": {"Node Type": "Aggregate", "Strategy": "Plain", "Partial Mode": "Simple", "Parallel Aware": false, "Async Capable": false, "Startup Cost": 11662.78, "Total Cost": 11662.79, "Plan Rows": 1, "Plan Width": 8, "Plans": [{"Node Type": "Gather", "Parent Relationship": "Outer", "Parallel Aware": false, "Async Capable": false, "Startup Cost": 6125.43, "Total Cost": 11662.78, "Plan Rows": 1, "Plan Width": 0, "Workers Planned": 1, "Single Copy": false, "Plans": [{"Node Type": "Hash Join", "Parent Relationship": "Outer", "Parallel Aware": true, "Async Capable": false, "Join Type": "Inner", "Startup Cost": 5125.43, "Total Cost": 10662.68, "Plan Rows": 1, "Plan Width": 0, "Inner Unique": false, "Hash Cond": "(v.userid = u.id)", "Plans": [{"Node Type": "Seq Scan", "Parent Relationship": "Outer", "Parallel Aware": true, "Async Capable": false, "Relation Name": "votes", "Alias": "v", "Startup Cost": 0.0, "Total Cost": 5537.13, "Plan Rows": 29, "Plan Width": 4, "Filter": "((creationdate >= '2014-01-15 09:18:00'::timestamp without time zone) AND (creationdate <= '2014-02-24 03:04:20'::timestamp without time zone) AND (votetypeid = 8))"}, {"Node Type": "Hash", "Parent Relationship": "Inner", "Parallel Aware": true, "Async Capable": false, "Startup Cost": 5125.42, "Total Cost": 5125.42, "Plan Rows": 1, "Plan Width": 12, "Plans": [{"Node Type": "Hash Join", "Parent Relationship": "Outer", "Parallel Aware": false, "Async Capable": false, "Join Type": "Inner", "Startup Cost": 2243.42, "Total Cost": 5125.42, "Plan Rows": 1, "Plan Width": 12, "Inner Unique": false, "Hash Cond": "(c.userid = u.id)", "Plans": [{"Node Type": "Seq Scan", "Parent Relationship": "Outer", "Parallel Aware": true, "Async Capable": false, "Relation Name": "comments", "Alias": "c", "Startup Cost": 0.0, "Total Cost": 2881.99, "Plan Rows": 2, "Plan Width": 4, "Filter": "((creationdate >= '2011-04-11 10:08:06'::timestamp without time zone) AND (score = 16))"}, {"Node Type": "Hash", "Parent Relationship": "Inner", "Parallel Aware": false, "Async Capable": false, "Startup Cost": 2243.4, "Total Cost": 2243.4, "Plan Rows": 1, "Plan Width": 8, "Plans": [{"Node Type": "Hash Join", "Parent Relationship": "Outer", "Parallel Aware": false, "Async Capable": false, "Join Type": "Inner", "Startup Cost": 801.12, "Total Cost": 2243.4, "Plan Rows": 1, "Plan Width": 8, "Inner Unique": true, "Hash Cond": "(b.userid = u.id)", "Plans": [{"Node Type": "Seq Scan", "Parent Relationship": "Outer", "Parallel Aware": false, "Async Capable": false, "Relation Name": "badges", "Alias": "b", "Startup Cost": 0.0, "Total Cost": 1430.14, "Plan Rows": 4625, "Plan Width": 4, "Filter": "(date <= '2011-02-06 01:34:06'::timestamp without time zone)"}, {"Node Type": "Hash", "Parent Relationship": "Inner", "Parallel Aware": false, "Async Capable": false, "Startup Cost": 801.06, "Total Cost": 801.06, "Plan Rows": 5, "Plan Width": 4, "Plans": [{"Node Type": "Seq Scan", "Parent Relationship": "Outer", "Parallel Aware": false, "Async Capable": false, "Relation Name": "users", "Alias": "u", "Startup Cost": 0.0, "Total Cost": 801.06, "Plan Rows": 5, "Plan Width": 4, "Filter": "(reputation >= 30937)"}]}]}]}]}]}]}]}]}}, {"Plan": {"Node Type": "Aggregate", "Strategy": "Plain", "Partial Mode": "Simple", "Parallel Aware": false, "Async Capable": false, "Startup Cost": 10000001545.81, "Total Cost": 10000001545.82, "Plan Rows": 1, "Plan Width": 8, "Plans": [{"Node Type": "Nested Loop", "Parent Relationship": "Outer", "Parallel Aware": false, "Async Capable": false, "Join Type": "Inner", "Startup Cost": 10000000005.9, "Total Cost": 10000001545.81, "Plan Rows": 1, "Plan Width": 0, "Inner Unique": false, "Join Filter": "(v.userid = u.id)", "Plans": [{"Node Type": "Nested Loop", "Parent Relationship": "Outer", "Parallel Aware": false, "Async Capable": false, "Join Type": "Inner", "Startup Cost": 10000000005.16, "Total Cost": 10000001540.87, "Plan Rows": 1, "Plan Width": 12, "Inner Unique": false, "Join Filter": "(c.userid = u.id)", "Plans": [{"Node Type": "Nested Loop", "Parent Relationship": "Outer", "Parallel Aware": false, "Async Capable": false, "Join Type": "Inner", "Startup Cost": 10000000004.61, "Total Cost": 10000001536.08, "Plan Rows": 1, "Plan Width": 8, "Inner Unique": false, "Plans": [{"Node Type": "Index Scan", "Parent Relationship": "Outer", "Parallel Aware": false, "Async Capable": false, "Scan Direction": "Forward", "Index Name": "users_pkey", "Relation Name": "users", "Alias": "u", "Startup Cost": 10000000000.29, "Total Cost": 10000001457.98, "Plan Rows": 5, "Plan Width": 4, "Filter": "(reputation >= 30937)"}, {"Node Type": "Bitmap Heap Scan", "Parent Relationship": "Inner", "Parallel Aware": false, "Async Capable": false, "Relation Name": "badges", "Alias": "b", "Startup Cost": 4.32, "Total Cost": 15.61, "Plan Rows": 1, "Plan Width": 4, "Recheck Cond": "(userid = u.id)", "Filter": "(date <= '2011-02-06 01:34:06'::timestamp without time zone)", "Plans": [{"Node Type": "Bitmap Index Scan", "Parent Relationship": "Outer", "Parallel Aware": false, "Async Capable": false, "Index Name": "idx_badges_userid", "Startup Cost": 0.0, "Total Cost": 4.32, "Plan Rows": 3, "Plan Width": 0, "Index Cond": "(userid = u.id)"}]}]}, {"Node Type": "Bitmap Heap Scan", "Parent Relationship": "Inner", "Parallel Aware": false, "Async Capable": false, "Relation Name": "comments", "Alias": "c", "Startup Cost": 0.55, "Total Cost": 4.78, "Plan Rows": 1, "Plan Width": 4, "Recheck Cond": "(userid = b.userid)", "Filter": "((creationdate >= '2011-04-11 10:08:06'::timestamp without time zone) AND (score = 16))", "Plans": [{"Node Type": "Bitmap Index Scan", "Parent Relationship": "Outer", "Parallel Aware": false, "Async Capable": false, "Index Name": "idx_comments_userid", "Startup Cost": 0.0, "Total Cost": 0.55, "Plan Rows": 13, "Plan Width": 0, "Index Cond": "(userid = b.userid)"}]}]}, {"Node Type": "Bitmap Heap Scan", "Parent Relationship": "Inner", "Parallel Aware": false, "Async Capable": false, "Relation Name": "votes", "Alias": "v", "Startup Cost": 0.74, "Total Cost": 4.92, "Plan Rows": 1, "Plan Width": 4, "Recheck Cond": "(userid = b.userid)", "Filter": "((creationdate >= '2014-01-15 09:18:00'::timestamp without time zone) AND (creationdate <= '2014-02-24 03:04:20'::timestamp without time zone) AND (votetypeid = 8))", "Plans": [{"Node Type": "Bitmap Index Scan", "Parent Relationship": "Outer", "Parallel Aware": false, "Async Capable": false, "Index Name": "idx_votes_userid", "Startup Cost": 0.0, "Total Cost": 0.74, "Plan Rows": 9, "Plan Width": 0, "Index Cond": "(userid = b.userid)"}]}]}]}}, {"Plan": {"Node Type": "Aggregate", "Strategy": "Plain", "Partial Mode": "Simple", "Parallel Aware": false, "Async Capable": false, "Startup Cost": 888.9, "Total Cost": 888.91, "Plan Rows": 1, "Plan Width": 8, "Plans": [{"Node Type": "Nested Loop", "Parent Relationship": "Outer", "Parallel Aware": false, "Async Capable": false, "Join Type": "Inner", "Startup Cost": 5.61, "Total Cost": 888.89, "Plan Rows": 1, "Plan Width": 0, "Inner Unique": false, "Join Filter": "(v.userid = u.id)", "Plans": [{"Node Type": "Nested Loop", "Parent Relationship": "Outer", "Parallel Aware": false, "Async Capable": false, "Join Type": "Inner", "Startup Cost": 4.87, "Total Cost": 883.96, "Plan Rows": 1, "Plan Width": 12, "Inner Unique": false, "Join Filter": "(c.userid = u.id)", "Plans": [{"Node Type": "Nested Loop", "Parent Relationship": "Outer", "Parallel Aware": false, "Async Capable": false, "Join Type": "Inner", "Startup Cost": 4.32, "Total Cost": 879.16, "Plan Rows": 1, "Plan Width": 8, "Inner Unique": false, "Plans": [{"Node Type": "Seq Scan", "Parent Relationship": "Outer", "Parallel Aware": false, "Async Capable": false, "Relation Name": "users", "Alias": "u", "Startup Cost": 0.0, "Total Cost": 801.06, "Plan Rows": 5, "Plan Width": 4, "Filter": "(reputation >= 30937)"}, {"Node Type": "Bitmap Heap Scan", "Parent Relationship": "Inner", "Parallel Aware": false, "Async Capable": false, "Relation Name": "badges", "Alias": "b", "Startup Cost": 4.32, "Total Cost": 15.61, "Plan Rows": 1, "Plan Width": 4, "Recheck Cond": "(userid = u.id)", "Filter": "(date <= '2011-02-06 01:34:06'::timestamp without time zone)", "Plans": [{"Node Type": "Bitmap Index Scan", "Parent Relationship": "Outer", "Parallel Aware": false, "Async Capable": false, "Index Name": "idx_badges_userid", "Startup Cost": 0.0, "Total Cost": 4.32, "Plan Rows": 3, "Plan Width": 0, "Index Cond": "(userid = u.id)"}]}]}, {"Node Type": "Bitmap Heap Scan", "Parent Relationship": "Inner", "Parallel Aware": false, "Async Capable": false, "Relation Name": "comments", "Alias": "c", "Startup Cost": 0.55, "Total Cost": 4.78, "Plan Rows": 1, "Plan Width": 4, "Recheck Cond": "(userid = b.userid)", "Filter": "((creationdate >= '2011-04-11 10:08:06'::timestamp without time zone) AND (score = 16))", "Plans": [{"Node Type": "Bitmap Index Scan", "Parent Relationship": "Outer", "Parallel Aware": false, "Async Capable": false, "Index Name": "idx_comments_userid", "Startup Cost": 0.0, "Total Cost": 0.55, "Plan Rows": 13, "Plan Width": 0, "Index Cond": "(userid = b.userid)"}]}]}, {"Node Type": "Bitmap Heap Scan", "Parent Relationship": "Inner", "Parallel Aware": false, "Async Capable": false, "Relation Name": "votes", "Alias": "v", "Startup Cost": 0.74, "Total Cost": 4.92, "Plan Rows": 1, "Plan Width": 4, "Recheck Cond": "(userid = b.userid)", "Filter": "((creationdate >= '2014-01-15 09:18:00'::timestamp without time zone) AND (creationdate <= '2014-02-24 03:04:20'::timestamp without time zone) AND (votetypeid = 8))", "Plans": [{"Node Type": "Bitmap Index Scan", "Parent Relationship": "Outer", "Parallel Aware": false, "Async Capable": false, "Index Name": "idx_votes_userid", "Startup Cost": 0.0, "Total Cost": 0.74, "Plan Rows": 9, "Plan Width": 0, "Index Cond": "(userid = b.userid)"}]}]}]}}, {"Plan": {"Node Type": "Aggregate", "Strategy": "Plain", "Partial Mode": "Simple", "Parallel Aware": false, "Async Capable": false, "Startup Cost": 11662.8, "Total Cost": 11662.81, "Plan Rows": 1, "Plan Width": 8, "Plans": [{"Node Type": "Gather", "Parent Relationship": "Outer", "Parallel Aware": false, "Async Capable": false, "Startup Cost": 6125.45, "Total Cost": 11662.8, "Plan Rows": 1, "Plan Width": 0, "Workers Planned": 1, "Single Copy": false, "Plans": [{"Node Type": "Hash Join", "Parent Relationship": "Outer", "Parallel Aware": true, "Async Capable": false, "Join Type": "Inner", "Startup Cost": 5125.45, "Total Cost": 10662.7, "Plan Rows": 1, "Plan Width": 0, "Inner Unique": false, "Hash Cond": "(v.userid = u.id)", "Plans": [{"Node Type": "Seq Scan", "Parent Relationship": "Outer", "Parallel Aware": true, "Async Capable": false, "Relation Name": "votes", "Alias": "v", "Startup Cost": 0.0, "Total Cost": 5537.13, "Plan Rows": 29, "Plan Width": 4, "Filter": "((creationdate >= '2014-01-15 09:18:00'::timestamp without time zone) AND (creationdate <= '2014-02-24 03:04:20'::timestamp without time zone) AND (votetypeid = 8))"}, {"Node Type": "Hash", "Parent Relationship": "Inner", "Parallel Aware": true, "Async Capable": false, "Startup Cost": 5125.44, "Total Cost": 5125.44, "Plan Rows": 1, "Plan Width": 12, "Plans": [{"Node Type": "Merge Join", "Parent Relationship": "Outer", "Parallel Aware": false, "Async Capable": false, "Join Type": "Inner", "Startup Cost": 5125.41, "Total Cost": 5125.44, "Plan Rows": 1, "Plan Width": 12, "Inner Unique": false, "Merge Cond": "(c.userid = u.id)", "Plans": [{"Node Type": "Sort", "Parent Relationship": "Outer", "Parallel Aware": false, "Async Capable": false, "Startup Cost": 2882.0, "Total Cost": 2882.0, "Plan Rows": 2, "Plan Width": 4, "Sort Key": ["c.userid"], "Plans": [{"Node Type": "Seq Scan", "Parent Relationship": "Outer", "Parallel Aware": true, "Async Capable": false, "Relation Name": "comments", "Alias": "c", "Startup Cost": 0.0, "Total Cost": 2881.99, "Plan Rows": 2, "Plan Width": 4, "Filter": "((creationdate >= '2011-04-11 10:08:06'::timestamp without time zone) AND (score = 16))"}]}, {"Node Type": "Sort", "Parent Relationship": "Inner", "Parallel Aware": false, "Async Capable": false, "Startup Cost": 2243.41, "Total Cost": 2243.42, "Plan Rows": 1, "Plan Width": 8, "Sort Key": ["b.userid"], "Plans": [{"Node Type": "Hash Join", "Parent Relationship": "Outer", "Parallel Aware": false, "Async Capable": false, "Join Type": "Inner", "Startup Cost": 801.12, "Total Cost": 2243.4, "Plan Rows": 1, "Plan Width": 8, "Inner Unique": true, "Hash Cond": "(b.userid = u.id)", "Plans": [{"Node Type": "Seq Scan", "Parent Relationship": "Outer", "Parallel Aware": false, "Async Capable": false, "Relation Name": "badges", "Alias": "b", "Startup Cost": 0.0, "Total Cost": 1430.14, "Plan Rows": 4625, "Plan Width": 4, "Filter": "(date <= '2011-02-06 01:34:06'::timestamp without time zone)"}, {"Node Type": "Hash", "Parent Relationship": "Inner", "Parallel Aware": false, "Async Capable": false, "Startup Cost": 801.06, "Total Cost": 801.06, "Plan Rows": 5, "Plan Width": 4, "Plans": [{"Node Type": "Seq Scan", "Parent Relationship": "Outer", "Parallel Aware": false, "Async Capable": false, "Relation Name": "users", "Alias": "u", "Startup Cost": 0.0, "Total Cost": 801.06, "Plan Rows": 5, "Plan Width": 4, "Filter": "(reputation >= 30937)"}]}]}]}]}]}]}]}]}}, {"Plan": {"Node Type": "Aggregate", "Strategy": "Plain", "Partial Mode": "Simple", "Parallel Aware": false, "Async Capable": false, "Startup Cost": 14664.66, "Total Cost": 14664.67, "Plan Rows": 1, "Plan Width": 8, "Plans": [{"Node Type": "Merge Join", "Parent Relationship": "Outer", "Parallel Aware": false, "Async Capable": false, "Join Type": "Inner", "Startup Cost": 1.3, "Total Cost": 14664.66, "Plan Rows": 1, "Plan Width": 0, "Inner Unique": false, "Merge Cond": "(u.id = b.userid)", "Plans": [{"Node Type": "Merge Join", "Parent Relationship": "Outer", "Parallel Aware": false, "Async Capable": false, "Join Type": "Inner", "Startup Cost": 1.01, "Total Cost": 11588.12, "Plan Rows": 1, "Plan Width": 12, "Inner Unique": true, "Merge Cond": "(c.userid = u.id)", "Plans": [{"Node Type": "Merge Join", "Parent Relationship": "Outer", "Parallel Aware": false, "Async Capable": false, "Join Type": "Inner", "Startup Cost": 0.72, "Total Cost": 10130.12, "Plan Rows": 1, "Plan Width": 8, "Inner Unique": false, "Merge Cond": "(c.userid = v.userid)", "Plans": [{"Node Type": "Index Scan", "Parent Relationship": "Outer", "Parallel Aware": false, "Async Capable": false, "Scan Direction": "Forward", "Index Name": "idx_comments_userid", "Relation Name": "comments", "Alias": "c", "Startup Cost": 0.29, "Total Cost": 8694.72, "Plan Rows": 4, "Plan Width": 4, "Filter": "((creationdate >= '2011-04-11 10:08:06'::timestamp without time zone) AND (score = 16))"}, {"Node Type": "Index Scan", "Parent Relationship": "Inner", "Parallel Aware": false, "Async Capable": false, "Scan Direction": "Forward", "Index Name": "idx_votes_userid", "Relation Name": "votes", "Alias": "v", "Startup Cost": 0.42, "Total Cost": 14062.79, "Plan Rows": 49, "Plan Width": 4, "Filter": "((creationdate >= '2014-01-15 09:18:00'::timestamp without time zone) AND (creationdate <= '2014-02-24 03:04:20'::timestamp without time zone) AND (votetypeid = 8))"}]}, {"Node Type": "Index Scan", "Parent Relationship": "Inner", "Parallel Aware": false, "Async Capable": false, "Scan Direction": "Forward", "Index Name": "users_pkey", "Relation Name": "users", "Alias": "u", "Startup Cost": 0.29, "Total Cost": 1457.98, "Plan Rows": 5, "Plan Width": 4, "Filter": "(reputation >= 30937)"}]}, {"Node Type": "Index Scan", "Parent Relationship": "Inner", "Parallel Aware": false, "Async Capable": false, "Scan Direction": "Forward", "Index Name": "idx_badges_userid", "Relation Name": "badges", "Alias": "b", "Startup Cost": 0.29, "Total Cost": 3064.97, "Plan Rows": 4625, "Plan Width": 4, "Filter": "(date <= '2011-02-06 01:34:06'::timestamp without time zone)"}]}]}}, {"Plan": {"Node Type": "Aggregate", "Strategy": "Plain", "Partial Mode": "Simple", "Parallel Aware": false, "Async Capable": false, "Startup Cost": 7853.47, "Total Cost": 7853.48, "Plan Rows": 1, "Plan Width": 8, "Plans": [{"Node Type": "Gather", "Parent Relationship": "Outer", "Parallel Aware": false, "Async Capable": false, "Startup Cost": 6395.23, "Total Cost": 7853.47, "Plan Rows": 1, "Plan Width": 0, "Workers Planned": 1, "Single Copy": false, "Plans": [{"Node Type": "Merge Join", "Parent Relationship": "Outer", "Parallel Aware": false, "Async Capable": false, "Join Type": "Inner", "Startup Cost": 5395.23, "Total Cost": 6853.37, "Plan Rows": 1, "Plan Width": 0, "Inner Unique": false, "Merge Cond": "(u.id = b.userid)", "Plans": [{"Node Type": "Merge Join", "Parent Relationship": "Outer", "Parallel Aware": false, "Async Capable": false, "Join Type": "Inner", "Startup Cost": 3683.54, "Total Cost": 5118.54, "Plan Rows": 1, "Plan Width": 12, "Inner Unique": false, "Merge Cond": "(u.id = v.userid)", "Plans": [{"Node Type": "Merge Join", "Parent Relationship": "Outer", "Parallel Aware": false, "Async Capable": false, "Join Type": "Inner", "Startup Cost": 3683.12, "Total Cost": 3683.16, "Plan Rows": 1, "Plan Width": 8, "Inner Unique": true, "Merge Cond": "(c.userid = u.id)", "Plans": [{"Node Type": "Sort", "Parent Relationship": "Outer", "Parallel Aware": false, "Async Capable": false, "Startup Cost": 2882.0, "Total Cost": 2882.0, "Plan Rows": 2, "Plan Width": 4, "Sort Key": ["c.userid"], "Plans": [{"Node Type": "Seq Scan", "Parent Relationship": "Outer", "Parallel Aware": true, "Async Capable": false, "Relation Name": "comments", "Alias": "c", "Startup Cost": 0.0, "Total Cost": 2881.99, "Plan Rows": 2, "Plan Width": 4, "Filter": "((creationdate >= '2011-04-11 10:08:06'::timestamp without time zone) AND (score = 16))"}]}, {"Node Type": "Sort", "Parent Relationship": "Inner", "Parallel Aware": false, "Async Capable": false, "Startup Cost": 801.12, "Total Cost": 801.13, "Plan Rows": 5, "Plan Width": 4, "Sort Key": ["u.id"], "Plans": [{"Node Type": "Seq Scan", "Parent Relationship": "Outer", "Parallel Aware": false, "Async Capable": false, "Relation Name": "users", "Alias": "u", "Startup Cost": 0.0, "Total Cost": 801.06, "Plan Rows": 5, "Plan Width": 4, "Filter": "(reputation >= 30937)"}]}]}, {"Node Type": "Index Scan", "Parent Relationship": "Inner", "Parallel Aware": false, "Async Capable": false, "Scan Direction": "Forward", "Index Name": "idx_votes_userid", "Relation Name": "votes", "Alias": "v", "Startup Cost": 0.42, "Total Cost": 14062.79, "Plan Rows": 49, "Plan Width": 4, "Filter": "((creationdate >= '2014-01-15 09:18:00'::timestamp without time zone) AND (creationdate <= '2014-02-24 03:04:20'::timestamp without time zone) AND (votetypeid = 8))"}]}, {"Node Type": "Sort", "Parent Relationship": "Inner", "Parallel Aware": false, "Async Capable": false, "Startup Cost": 1711.69, "Total Cost": 1723.25, "Plan Rows": 4625, "Plan Width": 4, "Sort Key": ["b.userid"], "Plans": [{"Node Type": "Seq Scan", "Parent Relationship": "Outer", "Parallel Aware": false, "Async Capable": false, "Relation Name": "badges", "Alias": "b", "Startup Cost": 0.0, "Total Cost": 1430.14, "Plan Rows": 4625, "Plan Width": 4, "Filter": "(date <= '2011-02-06 01:34:06'::timestamp without time zone)"}]}]}]}]}}, {"Plan": {"Node Type": "Aggregate", "Strategy": "Plain", "Partial Mode": "Simple", "Parallel Aware": false, "Async Capable": false, "Startup Cost": 12956.41, "Total Cost": 12956.42, "Plan Rows": 1, "Plan Width": 8, "Plans": [{"Node Type": "Merge Join", "Parent Relationship": "Outer", "Parallel Aware": false, "Async Capable": false, "Join Type": "Inner", "Startup Cost": 12933.08, "Total Cost": 12956.41, "Plan Rows": 1, "Plan Width": 0, "Inner Unique": false, "Merge Cond": "(u.id = b.userid)", "Plans": [{"Node Type": "Merge Join", "Parent Relationship": "Outer", "Parallel Aware": false, "Async Capable": false, "Join Type": "Inner", "Startup Cost": 11221.39, "Total Cost": 11221.58, "Plan Rows": 1, "Plan Width": 12, "Inner Unique": false, "Merge Cond": "(u.id = c.userid)", "Plans": [{"Node Type": "Gather Merge", "Parent Relationship": "Outer", "Parallel Aware": false, "Async Capable": false, "Startup Cost": 7338.96, "Total Cost": 7339.13, "Plan Rows": 1, "Plan Width": 8, "Workers Planned": 1, "Plans": [{"Node Type": "Merge Join", "Parent Relationship": "Outer", "Parallel Aware": false, "Async Capable": false, "Join Type": "Inner", "Startup Cost": 6338.95, "Total Cost": 6339.0, "Plan Rows": 1, "Plan Width": 8, "Inner Unique": true, "Merge Cond": "(v.userid = u.id)", "Plans": [{"Node Type": "Sort", "Parent Relationship": "Outer", "Parallel Aware": false, "Async Capable": false, "Startup Cost": 5537.83, "Total Cost": 5537.91, "Plan Rows": 29, "Plan Width": 4, "Sort Key": ["v.userid"], "Plans": [{"Node Type": "Seq Scan", "Parent Relationship": "Outer", "Parallel Aware": true, "Async Capable": false, "Relation Name": "votes", "Alias": "v", "Startup Cost": 0.0, "Total Cost": 5537.13, "Plan Rows": 29, "Plan Width": 4, "Filter": "((creationdate >= '2014-01-15 09:18:00'::timestamp without time zone) AND (creationdate <= '2014-02-24 03:04:20'::timestamp without time zone) AND (votetypeid = 8))"}]}, {"Node Type": "Sort", "Parent Relationship": "Inner", "Parallel Aware": false, "Async Capable": false, "Startup Cost": 801.12, "Total Cost": 801.13, "Plan Rows": 5, "Plan Width": 4, "Sort Key": ["u.id"], "Plans": [{"Node Type": "Seq Scan", "Parent Relationship": "Outer", "Parallel Aware": false, "Async Capable": false, "Relation Name": "users", "Alias": "u", "Startup Cost": 0.0, "Total Cost": 801.06, "Plan Rows": 5, "Plan Width": 4, "Filter": "(reputation >= 30937)"}]}]}]}, {"Node Type": "Sort", "Parent Relationship": "Inner", "Parallel Aware": false, "Async Capable": false, "Startup Cost": 3882.43, "Total Cost": 3882.44, "Plan Rows": 4, "Plan Width": 4, "Sort Key": ["c.userid"], "Plans": [{"Node Type": "Gather", "Parent Relationship": "Outer", "Parallel Aware": false, "Async Capable": false, "Startup Cost": 1000.0, "Total Cost": 3882.39, "Plan Rows": 4, "Plan Width": 4, "Workers Planned": 1, "Single Copy": false, "Plans": [{"Node Type": "Seq Scan", "Parent Relationship": "Outer", "Parallel Aware": true, "Async Capable": false, "Relation Name": "comments", "Alias": "c", "Startup Cost": 0.0, "Total Cost": 2881.99, "Plan Rows": 2, "Plan Width": 4, "Filter": "((creationdate >= '2011-04-11 10:08:06'::timestamp without time zone) AND (score = 16))"}]}]}]}, {"Node Type": "Sort", "Parent Relationship": "Inner", "Parallel Aware": false, "Async Capable": false, "Startup Cost": 1711.69, "Total Cost": 1723.25, "Plan Rows": 4625, "Plan Width": 4, "Sort Key": ["b.userid"], "Plans": [{"Node Type": "Seq Scan", "Parent Relationship": "Outer", "Parallel Aware": false, "Async Capable": false, "Relation Name": "badges", "Alias": "b", "Startup Cost": 0.0, "Total Cost": 1430.14, "Plan Rows": 4625, "Plan Width": 4, "Filter": "(date <= '2011-02-06 01:34:06'::timestamp without time zone)"}]}]}]}}]