[{"Plan": {"Node Type": "Aggregate", "Strategy": "Plain", "Partial Mode": "Simple", "Parallel Aware": false, "Async Capable": false, "Startup Cost": 981.26, "Total Cost": 981.27, "Plan Rows": 1, "Plan Width": 8, "Plans": [{"Node Type": "Nested Loop", "Parent Relationship": "Outer", "Parallel Aware": false, "Async Capable": false, "Join Type": "Inner", "Startup Cost": 1.01, "Total Cost": 974.35, "Plan Rows": 2763, "Plan Width": 0, "Inner Unique": false, "Join Filter": "(b.userid = u.id)", "Plans": [{"Node Type": "Nested Loop", "Parent Relationship": "Outer", "Parallel Aware": false, "Async Capable": false, "Join Type": "Inner", "Startup Cost": 0.71, "Total Cost": 946.39, "Plan Rows": 72, "Plan Width": 8, "Inner Unique": false, "Plans": [{"Node Type": "Nested Loop", "Parent Relationship": "Outer", "Parallel Aware": false, "Async Capable": false, "Join Type": "Inner", "Startup Cost": 0.29, "Total Cost": 934.73, "Plan Rows": 20, "Plan Width": 12, "Inner Unique": false, "Plans": [{"Node Type": "Seq Scan", "Parent Relationship": "Outer", "Parallel Aware": false, "Async Capable": false, "Relation Name": "users", "Alias": "u", "Startup Cost": 0.0, "Total Cost": 801.06, "Plan Rows": 9, "Plan Width": 4, "Filter": "(reputation >= 20384)"}, {"Node Type": "Index Scan", "Parent Relationship": "Inner", "Parallel Aware": false, "Async Capable": false, "Scan Direction": "Forward", "Index Name": "idx_posts_owneruserid", "Relation Name": "posts", "Alias": "p", "Startup Cost": 0.29, "Total Cost": 14.81, "Plan Rows": 4, "Plan Width": 8, "Index Cond": "(owneruserid = u.id)", "Filter": "(score <= 28)"}]}, {"Node Type": "Index Only Scan", "Parent Relationship": "Inner", "Parallel Aware": false, "Async Capable": false, "Scan Direction": "Forward", "Index Name": "idx_votes_postid", "Relation Name": "votes", "Alias": "v", "Startup Cost": 0.42, "Total Cost": 0.53, "Plan Rows": 5, "Plan Width": 4, "Index Cond": "(postid = p.id)"}]}, {"Node Type": "Index Only Scan", "Parent Relationship": "Inner", "Parallel Aware": false, "Async Capable": false, "Scan Direction": "Forward", "Index Name": "idx_badges_userid", "Relation Name": "badges", "Alias": "b", "Startup Cost": 0.29, "Total Cost": 0.35, "Plan Rows": 3, "Plan Width": 4, "Index Cond": "(userid = p.owneruserid)"}]}]}}, {"Plan": {"Node Type": "Aggregate", "Strategy": "Plain", "Partial Mode": "Simple", "Parallel Aware": false, "Async Capable": false, "Startup Cost": 40000001890.82, "Total Cost": 40000001890.83, "Plan Rows": 1, "Plan Width": 8, "Plans": [{"Node Type": "Nested Loop", "Parent Relationship": "Outer", "Parallel Aware": false, "Async Capable": false, "Join Type": "Inner", "Startup Cost": 40000000009.42, "Total Cost": 40000001883.91, "Plan Rows": 2763, "Plan Width": 0, "Inner Unique": false, "Plans": [{"Node Type": "Nested Loop", "Parent Relationship": "Outer", "Parallel Aware": false, "Async Capable": false, "Join Type": "Inner", "Startup Cost": 30000000005.1, "Total Cost": 30000001726.24, "Plan Rows": 72, "Plan Width": 8, "Inner Unique": false, "Plans": [{"Node Type": "Nested Loop", "Parent Relationship": "Outer", "Parallel Aware": false, "Async Capable": false, "Join Type": "Inner", "Startup Cost": 20000000004.61, "Total Cost": 20000001634.34, "Plan Rows": 20, "Plan Width": 12, "Inner Unique": false, "Plans": [{"Node Type": "Index Scan", "Parent Relationship": "Outer", "Parallel Aware": false, "Async Capable": false, "Scan Direction": "Forward", "Index Name": "users_pkey", "Relation Name": "users", "Alias": "u", "Startup Cost": 10000000000.29, "Total Cost": 10000001457.98, "Plan Rows": 9, "Plan Width": 4, "Filter": "(reputation >= 20384)"}, {"Node Type": "Bitmap Heap Scan", "Parent Relationship": "Inner", "Parallel Aware": false, "Async Capable": false, "Relation Name": "posts", "Alias": "p", "Startup Cost": 4.32, "Total Cost": 19.56, "Plan Rows": 4, "Plan Width": 8, "Recheck Cond": "(owneruserid = u.id)", "Filter": "(score <= 28)", "Plans": [{"Node Type": "Bitmap Index Scan", "Parent Relationship": "Outer", "Parallel Aware": false, "Async Capable": false, "Index Name": "idx_posts_owneruserid", "Startup Cost": 0.0, "Total Cost": 4.32, "Plan Rows": 4, "Plan Width": 0, "Index Cond": "(owneruserid = u.id)"}]}]}, {"Node Type": "Bitmap Heap Scan", "Parent Relationship": "Inner", "Parallel Aware": false, "Async Capable": false, "Relation Name": "votes", "Alias": "v", "Startup Cost": 0.48, "Total Cost": 4.55, "Plan Rows": 5, "Plan Width": 4, "Recheck Cond": "(postid = p.id)", "Plans": [{"Node Type": "Bitmap Index Scan", "Parent Relationship": "Outer", "Parallel Aware": false, "Async Capable": false, "Index Name": "idx_votes_postid", "Startup Cost": 0.0, "Total Cost": 0.48, "Plan Rows": 5, "Plan Width": 0, "Index Cond": "(postid = p.id)"}]}]}, {"Node Type": "Memoize", "Parent Relationship": "Inner", "Parallel Aware": false, "Async Capable": false, "Startup Cost": 4.33, "Total Cost": 15.61, "Plan Rows": 3, "Plan Width": 4, "Cache Key": "u.id", "Cache Mode": "logical", "Plans": [{"Node Type": "Bitmap Heap Scan", "Parent Relationship": "Outer", "Parallel Aware": false, "Async Capable": false, "Relation Name": "badges", "Alias": "b", "Startup Cost": 4.32, "Total Cost": 15.6, "Plan Rows": 3, "Plan Width": 4, "Recheck Cond": "(userid = u.id)", "Plans": [{"Node Type": "Bitmap Index Scan", "Parent Relationship": "Outer", "Parallel Aware": false, "Async Capable": false, "Index Name": "idx_badges_userid", "Startup Cost": 0.0, "Total Cost": 4.32, "Plan Rows": 3, "Plan Width": 0, "Index Cond": "(userid = u.id)"}]}]}]}]}}, {"Plan": {"Node Type": "Aggregate", "Strategy": "Plain", "Partial Mode": "Finalize", "Parallel Aware": false, "Async Capable": false, "Startup Cost": 13380.24, "Total Cost": 13380.25, "Plan Rows": 1, "Plan Width": 8, "Plans": [{"Node Type": "Gather", "Parent Relationship": "Outer", "Parallel Aware": false, "Async Capable": false, "Startup Cost": 13380.03, "Total Cost": 13380.24, "Plan Rows": 2, "Plan Width": 8, "Workers Planned": 2, "Single Copy": false, "Plans": [{"Node Type": "Aggregate", "Strategy": "Plain", "Partial Mode": "Partial", "Parent Relationship": "Outer", "Parallel Aware": false, "Async Capable": false, "Startup Cost": 12380.03, "Total Cost": 12380.04, "Plan Rows": 1, "Plan Width": 8, "Plans": [{"Node Type": "Hash Join", "Parent Relationship": "Outer", "Parallel Aware": true, "Async Capable": false, "Join Type": "Inner", "Startup Cost": 6814.22, "Total Cost": 12377.15, "Plan Rows": 1151, "Plan Width": 0, "Inner Unique": false, "Hash Cond": "(v.postid = p.id)", "Plans": [{"Node Type": "Index Only Scan", "Parent Relationship": "Outer", "Parallel Aware": true, "Async Capable": false, "Scan Direction": "Forward", "Index Name": "idx_votes_postid", "Relation Name": "votes", "Alias": "v", "Startup Cost": 0.42, "Total Cost": 5043.98, "Plan Rows": 136693, "Plan Width": 4}, {"Node Type": "Hash", "Parent Relationship": "Inner", "Parallel Aware": true, "Async Capable": false, "Startup Cost": 6808.09, "Total Cost": 6808.09, "Plan Rows": 456, "Plan Width": 4, "Plans": [{"Node Type": "Hash Join", "Parent Relationship": "Outer", "Parallel Aware": false, "Async Capable": false, "Join Type": "Inner", "Startup Cost": 5168.04, "Total Cost": 6808.09, "Plan Rows": 456, "Plan Width": 4, "Inner Unique": false, "Hash Cond": "(b.userid = u.id)", "Plans": [{"Node Type": "Index Only Scan", "Parent Relationship": "Outer", "Parallel Aware": true, "Async Capable": false, "Scan Direction": "Forward", "Index Name": "idx_badges_userid", "Relation Name": "badges", "Alias": "b", "Startup Cost": 0.29, "Total Cost": 1405.26, "Plan Rows": 46971, "Plan Width": 4}, {"Node Type": "Hash", "Parent Relationship": "Inner", "Parallel Aware": false, "Async Capable": false, "Startup Cost": 5167.5, "Total Cost": 5167.5, "Plan Rows": 20, "Plan Width": 12, "Plans": [{"Node Type": "Hash Join", "Parent Relationship": "Outer", "Parallel Aware": false, "Async Capable": false, "Join Type": "Inner", "Startup Cost": 1458.38, "Total Cost": 5167.5, "Plan Rows": 20, "Plan Width": 12, "Inner Unique": true, "Hash Cond": "(p.owneruserid = u.id)", "Plans": [{"Node Type": "Index Scan", "Parent Relationship": "Outer", "Parallel Aware": false, "Async Capable": false, "Scan Direction": "Forward", "Index Name": "posts_pkey", "Relation Name": "posts", "Alias": "p", "Startup Cost": 0.29, "Total Cost": 3469.11, "Plan Rows": 91535, "Plan Width": 8, "Filter": "(score <= 28)"}, {"Node Type": "Hash", "Parent Relationship": "Inner", "Parallel Aware": false, "Async Capable": false, "Startup Cost": 1457.98, "Total Cost": 1457.98, "Plan Rows": 9, "Plan Width": 4, "Plans": [{"Node Type": "Index Scan", "Parent Relationship": "Outer", "Parallel Aware": false, "Async Capable": false, "Scan Direction": "Forward", "Index Name": "users_pkey", "Relation Name": "users", "Alias": "u", "Startup Cost": 0.29, "Total Cost": 1457.98, "Plan Rows": 9, "Plan Width": 4, "Filter": "(reputation >= 20384)"}]}]}]}]}]}]}]}]}]}}, {"Plan": {"Node Type": "Aggregate", "Strategy": "Plain", "Partial Mode": "Finalize", "Parallel Aware": false, "Async Capable": false, "Startup Cost": 13257.82, "Total Cost": 13257.83, "Plan Rows": 1, "Plan Width": 8, "Plans": [{"Node Type": "Gather", "Parent Relationship": "Outer", "Parallel Aware": false, "Async Capable": false, "Startup Cost": 13257.71, "Total Cost": 13257.82, "Plan Rows": 1, "Plan Width": 8, "Workers Planned": 1, "Single Copy": false, "Plans": [{"Node Type": "Aggregate", "Strategy": "Plain", "Partial Mode": "Partial", "Parent Relationship": "Outer", "Parallel Aware": false, "Async Capable": false, "Startup Cost": 12257.71, "Total Cost": 12257.72, "Plan Rows": 1, "Plan Width": 8, "Plans": [{"Node Type": "Hash Join", "Parent Relationship": "Outer", "Parallel Aware": true, "Async Capable": false, "Join Type": "Inner", "Startup Cost": 10554.76, "Total Cost": 12253.64, "Plan Rows": 1625, "Plan Width": 0, "Inner Unique": false, "Hash Cond": "(b.userid = u.id)", "Plans": [{"Node Type": "Index Only Scan", "Parent Relationship": "Outer", "Parallel Aware": true, "Async Capable": false, "Scan Direction": "Forward", "Index Name": "idx_badges_userid", "Relation Name": "badges", "Alias": "b", "Startup Cost": 0.29, "Total Cost": 1405.26, "Plan Rows": 46971, "Plan Width": 4}, {"Node Type": "Hash", "Parent Relationship": "Inner", "Parallel Aware": true, "Async Capable": false, "Startup Cost": 10554.09, "Total Cost": 10554.09, "Plan Rows": 30, "Plan Width": 8, "Plans": [{"Node Type": "Merge Join", "Parent Relationship": "Outer", "Parallel Aware": false, "Async Capable": false, "Join Type": "Inner", "Startup Cost": 5168.35, "Total Cost": 10554.09, "Plan Rows": 30, "Plan Width": 8, "Inner Unique": false, "Merge Cond": "(v.postid = p.id)", "Plans": [{"Node Type": "Index Only Scan", "Parent Relationship": "Outer", "Parallel Aware": true, "Async Capable": false, "Scan Direction": "Forward", "Index Name": "idx_votes_postid", "Relation Name": "votes", "Alias": "v", "Startup Cost": 0.42, "Total Cost": 5043.98, "Plan Rows": 136693, "Plan Width": 4}, {"Node Type": "Sort", "Parent Relationship": "Inner", "Parallel Aware": false, "Async Capable": false, "Startup Cost": 5167.93, "Total Cost": 5167.98, "Plan Rows": 20, "Plan Width": 12, "Sort Key": ["p.id"], "Plans": [{"Node Type": "Hash Join", "Parent Relationship": "Outer", "Parallel Aware": false, "Async Capable": false, "Join Type": "Inner", "Startup Cost": 1458.38, "Total Cost": 5167.5, "Plan Rows": 20, "Plan Width": 12, "Inner Unique": true, "Hash Cond": "(p.owneruserid = u.id)", "Plans": [{"Node Type": "Index Scan", "Parent Relationship": "Outer", "Parallel Aware": false, "Async Capable": false, "Scan Direction": "Forward", "Index Name": "posts_pkey", "Relation Name": "posts", "Alias": "p", "Startup Cost": 0.29, "Total Cost": 3469.11, "Plan Rows": 91535, "Plan Width": 8, "Filter": "(score <= 28)"}, {"Node Type": "Hash", "Parent Relationship": "Inner", "Parallel Aware": false, "Async Capable": false, "Startup Cost": 1457.98, "Total Cost": 1457.98, "Plan Rows": 9, "Plan Width": 4, "Plans": [{"Node Type": "Index Scan", "Parent Relationship": "Outer", "Parallel Aware": false, "Async Capable": false, "Scan Direction": "Forward", "Index Name": "users_pkey", "Relation Name": "users", "Alias": "u", "Startup Cost": 0.29, "Total Cost": 1457.98, "Plan Rows": 9, "Plan Width": 4, "Filter": "(reputation >= 20384)"}]}]}]}]}]}]}]}]}]}}, {"Plan": {"Node Type": "Aggregate", "Strategy": "Plain", "Partial Mode": "Simple", "Parallel Aware": false, "Async Capable": false, "Startup Cost": 1638.17, "Total Cost": 1638.18, "Plan Rows": 1, "Plan Width": 8, "Plans": [{"Node Type": "Nested Loop", "Parent Relationship": "Outer", "Parallel Aware": false, "Async Capable": false, "Join Type": "Inner", "Startup Cost": 1.3, "Total Cost": 1631.26, "Plan Rows": 2763, "Plan Width": 0, "Inner Unique": false, "Join Filter": "(b.userid = u.id)", "Plans": [{"Node Type": "Nested Loop", "Parent Relationship": "Outer", "Parallel Aware": false, "Async Capable": false, "Join Type": "Inner", "Startup Cost": 1.0, "Total Cost": 1603.3, "Plan Rows": 72, "Plan Width": 8, "Inner Unique": false, "Plans": [{"Node Type": "Nested Loop", "Parent Relationship": "Outer", "Parallel Aware": false, "Async Capable": false, "Join Type": "Inner", "Startup Cost": 0.58, "Total Cost": 1591.65, "Plan Rows": 20, "Plan Width": 12, "Inner Unique": false, "Plans": [{"Node Type": "Index Scan", "Parent Relationship": "Outer", "Parallel Aware": false, "Async Capable": false, "Scan Direction": "Forward", "Index Name": "users_pkey", "Relation Name": "users", "Alias": "u", "Startup Cost": 0.29, "Total Cost": 1457.98, "Plan Rows": 9, "Plan Width": 4, "Filter": "(reputation >= 20384)"}, {"Node Type": "Index Scan", "Parent Relationship": "Inner", "Parallel Aware": false, "Async Capable": false, "Scan Direction": "Forward", "Index Name": "idx_posts_owneruserid", "Relation Name": "posts", "Alias": "p", "Startup Cost": 0.29, "Total Cost": 14.81, "Plan Rows": 4, "Plan Width": 8, "Index Cond": "(owneruserid = u.id)", "Filter": "(score <= 28)"}]}, {"Node Type": "Index Only Scan", "Parent Relationship": "Inner", "Parallel Aware": false, "Async Capable": false, "Scan Direction": "Forward", "Index Name": "idx_votes_postid", "Relation Name": "votes", "Alias": "v", "Startup Cost": 0.42, "Total Cost": 0.53, "Plan Rows": 5, "Plan Width": 4, "Index Cond": "(postid = p.id)"}]}, {"Node Type": "Index Only Scan", "Parent Relationship": "Inner", "Parallel Aware": false, "Async Capable": false, "Scan Direction": "Forward", "Index Name": "idx_badges_userid", "Relation Name": "badges", "Alias": "b", "Startup Cost": 0.29, "Total Cost": 0.35, "Plan Rows": 3, "Plan Width": 4, "Index Cond": "(userid = p.owneruserid)"}]}]}}, {"Plan": {"Node Type": "Aggregate", "Strategy": "Plain", "Partial Mode": "Finalize", "Parallel Aware": false, "Async Capable": false, "Startup Cost": 10387.55, "Total Cost": 10387.56, "Plan Rows": 1, "Plan Width": 8, "Plans": [{"Node Type": "Gather", "Parent Relationship": "Outer", "Parallel Aware": false, "Async Capable": false, "Startup Cost": 10387.43, "Total Cost": 10387.54, "Plan Rows": 1, "Plan Width": 8, "Workers Planned": 1, "Single Copy": false, "Plans": [{"Node Type": "Aggregate", "Strategy": "Plain", "Partial Mode": "Partial", "Parent Relationship": "Outer", "Parallel Aware": false, "Async Capable": false, "Startup Cost": 9387.43, "Total Cost": 9387.44, "Plan Rows": 1, "Plan Width": 8, "Plans": [{"Node Type": "Hash Join", "Parent Relationship": "Outer", "Parallel Aware": true, "Async Capable": false, "Join Type": "Inner", "Startup Cost": 4560.34, "Total Cost": 9383.37, "Plan Rows": 1625, "Plan Width": 0, "Inner Unique": false, "Hash Cond": "(v.postid = p.id)", "Plans": [{"Node Type": "Seq Scan", "Parent Relationship": "Outer", "Parallel Aware": true, "Async Capable": false, "Relation Name": "votes", "Alias": "v", "Startup Cost": 0.0, "Total Cost": 4089.79, "Plan Rows": 192979, "Plan Width": 4}, {"Node Type": "Hash", "Parent Relationship": "Inner", "Parallel Aware": true, "Async Capable": false, "Startup Cost": 4554.64, "Total Cost": 4554.64, "Plan Rows": 456, "Plan Width": 4, "Plans": [{"Node Type": "Merge Join", "Parent Relationship": "Outer", "Parallel Aware": false, "Async Capable": false, "Join Type": "Inner", "Startup Cost": 3031.9, "Total Cost": 4554.64, "Plan Rows": 456, "Plan Width": 4, "Inner Unique": false, "Merge Cond": "(b.userid = u.id)", "Plans": [{"Node Type": "Index Only Scan", "Parent Relationship": "Outer", "Parallel Aware": true, "Async Capable": false, "Scan Direction": "Forward", "Index Name": "idx_badges_userid", "Relation Name": "badges", "Alias": "b", "Startup Cost": 0.29, "Total Cost": 1405.26, "Plan Rows": 46971, "Plan Width": 4}, {"Node Type": "Sort", "Parent Relationship": "Inner", "Parallel Aware": false, "Async Capable": false, "Startup Cost": 3031.61, "Total Cost": 3031.66, "Plan Rows": 20, "Plan Width": 12, "Sort Key": ["p.owneruserid"], "Plans": [{"Node Type": "Hash Join", "Parent Relationship": "Outer", "Parallel Aware": false, "Async Capable": false, "Join Type": "Inner", "Startup Cost": 801.17, "Total Cost": 3031.18, "Plan Rows": 20, "Plan Width": 12, "Inner Unique": true, "Hash Cond": "(p.owneruserid = u.id)", "Plans": [{"Node Type": "Seq Scan", "Parent Relationship": "Outer", "Parallel Aware": false, "Async Capable": false, "Relation Name": "posts", "Alias": "p", "Startup Cost": 0.0, "Total Cost": 1989.7, "Plan Rows": 91535, "Plan Width": 8, "Filter": "(score <= 28)"}, {"Node Type": "Hash", "Parent Relationship": "Inner", "Parallel Aware": false, "Async Capable": false, "Startup Cost": 801.06, "Total Cost": 801.06, "Plan Rows": 9, "Plan Width": 4, "Plans": [{"Node Type": "Seq Scan", "Parent Relationship": "Outer", "Parallel Aware": false, "Async Capable": false, "Relation Name": "users", "Alias": "u", "Startup Cost": 0.0, "Total Cost": 801.06, "Plan Rows": 9, "Plan Width": 4, "Filter": "(reputation >= 20384)"}]}]}]}]}]}]}]}]}]}}, {"Plan": {"Node Type": "Aggregate", "Strategy": "Plain", "Partial Mode": "Finalize", "Parallel Aware": false, "Async Capable": false, "Startup Cost": 10504.68, "Total Cost": 10504.69, "Plan Rows": 1, "Plan Width": 8, "Plans": [{"Node Type": "Gather", "Parent Relationship": "Outer", "Parallel Aware": false, "Async Capable": false, "Startup Cost": 10504.56, "Total Cost": 10504.67, "Plan Rows": 1, "Plan Width": 8, "Workers Planned": 1, "Single Copy": false, "Plans": [{"Node Type": "Aggregate", "Strategy": "Plain", "Partial Mode": "Partial", "Parent Relationship": "Outer", "Parallel Aware": false, "Async Capable": false, "Startup Cost": 9504.56, "Total Cost": 9504.57, "Plan Rows": 1, "Plan Width": 8, "Plans": [{"Node Type": "Hash Join", "Parent Relationship": "Outer", "Parallel Aware": true, "Async Capable": false, "Join Type": "Inner", "Startup Cost": 4677.47, "Total Cost": 9500.5, "Plan Rows": 1625, "Plan Width": 0, "Inner Unique": false, "Hash Cond": "(v.postid = p.id)", "Plans": [{"Node Type": "Seq Scan", "Parent Relationship": "Outer", "Parallel Aware": true, "Async Capable": false, "Relation Name": "votes", "Alias": "v", "Startup Cost": 0.0, "Total Cost": 4089.79, "Plan Rows": 192979, "Plan Width": 4}, {"Node Type": "Hash", "Parent Relationship": "Inner", "Parallel Aware": true, "Async Capable": false, "Startup Cost": 4671.77, "Total Cost": 4671.77, "Plan Rows": 456, "Plan Width": 4, "Plans": [{"Node Type": "Hash Join", "Parent Relationship": "Outer", "Parallel Aware": false, "Async Capable": false, "Join Type": "Inner", "Startup Cost": 3031.72, "Total Cost": 4671.77, "Plan Rows": 456, "Plan Width": 4, "Inner Unique": false, "Hash Cond": "(b.userid = u.id)", "Plans": [{"Node Type": "Index Only Scan", "Parent Relationship": "Outer", "Parallel Aware": true, "Async Capable": false, "Scan Direction": "Forward", "Index Name": "idx_badges_userid", "Relation Name": "badges", "Alias": "b", "Startup Cost": 0.29, "Total Cost": 1405.26, "Plan Rows": 46971, "Plan Width": 4}, {"Node Type": "Hash", "Parent Relationship": "Inner", "Parallel Aware": false, "Async Capable": false, "Startup Cost": 3031.18, "Total Cost": 3031.18, "Plan Rows": 20, "Plan Width": 12, "Plans": [{"Node Type": "Hash Join", "Parent Relationship": "Outer", "Parallel Aware": false, "Async Capable": false, "Join Type": "Inner", "Startup Cost": 801.17, "Total Cost": 3031.18, "Plan Rows": 20, "Plan Width": 12, "Inner Unique": true, "Hash Cond": "(p.owneruserid = u.id)", "Plans": [{"Node Type": "Seq Scan", "Parent Relationship": "Outer", "Parallel Aware": false, "Async Capable": false, "Relation Name": "posts", "Alias": "p", "Startup Cost": 0.0, "Total Cost": 1989.7, "Plan Rows": 91535, "Plan Width": 8, "Filter": "(score <= 28)"}, {"Node Type": "Hash", "Parent Relationship": "Inner", "Parallel Aware": false, "Async Capable": false, "Startup Cost": 801.06, "Total Cost": 801.06, "Plan Rows": 9, "Plan Width": 4, "Plans": [{"Node Type": "Seq Scan", "Parent Relationship": "Outer", "Parallel Aware": false, "Async Capable": false, "Relation Name": "users", "Alias": "u", "Startup Cost": 0.0, "Total Cost": 801.06, "Plan Rows": 9, "Plan Width": 4, "Filter": "(reputation >= 20384)"}]}]}]}]}]}]}]}]}]}}, {"Plan": {"Node Type": "Aggregate", "Strategy": "Plain", "Partial Mode": "Simple", "Parallel Aware": false, "Async Capable": false, "Startup Cost": 10000001890.82, "Total Cost": 10000001890.83, "Plan Rows": 1, "Plan Width": 8, "Plans": [{"Node Type": "Nested Loop", "Parent Relationship": "Outer", "Parallel Aware": false, "Async Capable": false, "Join Type": "Inner", "Startup Cost": 10000000009.42, "Total Cost": 10000001883.91, "Plan Rows": 2763, "Plan Width": 0, "Inner Unique": false, "Plans": [{"Node Type": "Nested Loop", "Parent Relationship": "Outer", "Parallel Aware": false, "Async Capable": false, "Join Type": "Inner", "Startup Cost": 10000000005.1, "Total Cost": 10000001726.24, "Plan Rows": 72, "Plan Width": 8, "Inner Unique": false, "Plans": [{"Node Type": "Nested Loop", "Parent Relationship": "Outer", "Parallel Aware": false, "Async Capable": false, "Join Type": "Inner", "Startup Cost": 10000000004.61, "Total Cost": 10000001634.34, "Plan Rows": 20, "Plan Width": 12, "Inner Unique": false, "Plans": [{"Node Type": "Index Scan", "Parent Relationship": "Outer", "Parallel Aware": false, "Async Capable": false, "Scan Direction": "Forward", "Index Name": "users_pkey", "Relation Name": "users", "Alias": "u", "Startup Cost": 10000000000.29, "Total Cost": 10000001457.98, "Plan Rows": 9, "Plan Width": 4, "Filter": "(reputation >= 20384)"}, {"Node Type": "Bitmap Heap Scan", "Parent Relationship": "Inner", "Parallel Aware": false, "Async Capable": false, "Relation Name": "posts", "Alias": "p", "Startup Cost": 4.32, "Total Cost": 19.56, "Plan Rows": 4, "Plan Width": 8, "Recheck Cond": "(owneruserid = u.id)", "Filter": "(score <= 28)", "Plans": [{"Node Type": "Bitmap Index Scan", "Parent Relationship": "Outer", "Parallel Aware": false, "Async Capable": false, "Index Name": "idx_posts_owneruserid", "Startup Cost": 0.0, "Total Cost": 4.32, "Plan Rows": 4, "Plan Width": 0, "Index Cond": "(owneruserid = u.id)"}]}]}, {"Node Type": "Bitmap Heap Scan", "Parent Relationship": "Inner", "Parallel Aware": false, "Async Capable": false, "Relation Name": "votes", "Alias": "v", "Startup Cost": 0.48, "Total Cost": 4.55, "Plan Rows": 5, "Plan Width": 4, "Recheck Cond": "(postid = p.id)", "Plans": [{"Node Type": "Bitmap Index Scan", "Parent Relationship": "Outer", "Parallel Aware": false, "Async Capable": false, "Index Name": "idx_votes_postid", "Startup Cost": 0.0, "Total Cost": 0.48, "Plan Rows": 5, "Plan Width": 0, "Index Cond": "(postid = p.id)"}]}]}, {"Node Type": "Memoize", "Parent Relationship": "Inner", "Parallel Aware": false, "Async Capable": false, "Startup Cost": 4.33, "Total Cost": 15.61, "Plan Rows": 3, "Plan Width": 4, "Cache Key": "u.id", "Cache Mode": "logical", "Plans": [{"Node Type": "Bitmap Heap Scan", "Parent Relationship": "Outer", "Parallel Aware": false, "Async Capable": false, "Relation Name": "badges", "Alias": "b", "Startup Cost": 4.32, "Total Cost": 15.6, "Plan Rows": 3, "Plan Width": 4, "Recheck Cond": "(userid = u.id)", "Plans": [{"Node Type": "Bitmap Index Scan", "Parent Relationship": "Outer", "Parallel Aware": false, "Async Capable": false, "Index Name": "idx_badges_userid", "Startup Cost": 0.0, "Total Cost": 4.32, "Plan Rows": 3, "Plan Width": 0, "Index Cond": "(userid = u.id)"}]}]}]}]}}, {"Plan": {"Node Type": "Aggregate", "Strategy": "Plain", "Partial Mode": "Simple", "Parallel Aware": false, "Async Capable": false, "Startup Cost": 1233.91, "Total Cost": 1233.92, "Plan Rows": 1, "Plan Width": 8, "Plans": [{"Node Type": "Nested Loop", "Parent Relationship": "Outer", "Parallel Aware": false, "Async Capable": false, "Join Type": "Inner", "Startup Cost": 9.13, "Total Cost": 1227.0, "Plan Rows": 2763, "Plan Width": 0, "Inner Unique": false, "Plans": [{"Node Type": "Nested Loop", "Parent Relationship": "Outer", "Parallel Aware": false, "Async Capable": false, "Join Type": "Inner", "Startup Cost": 4.81, "Total Cost": 1069.33, "Plan Rows": 72, "Plan Width": 8, "Inner Unique": false, "Plans": [{"Node Type": "Nested Loop", "Parent Relationship": "Outer", "Parallel Aware": false, "Async Capable": false, "Join Type": "Inner", "Startup Cost": 4.32, "Total Cost": 977.42, "Plan Rows": 20, "Plan Width": 12, "Inner Unique": false, "Plans": [{"Node Type": "Seq Scan", "Parent Relationship": "Outer", "Parallel Aware": false, "Async Capable": false, "Relation Name": "users", "Alias": "u", "Startup Cost": 0.0, "Total Cost": 801.06, "Plan Rows": 9, "Plan Width": 4, "Filter": "(reputation >= 20384)"}, {"Node Type": "Bitmap Heap Scan", "Parent Relationship": "Inner", "Parallel Aware": false, "Async Capable": false, "Relation Name": "posts", "Alias": "p", "Startup Cost": 4.32, "Total Cost": 19.56, "Plan Rows": 4, "Plan Width": 8, "Recheck Cond": "(owneruserid = u.id)", "Filter": "(score <= 28)", "Plans": [{"Node Type": "Bitmap Index Scan", "Parent Relationship": "Outer", "Parallel Aware": false, "Async Capable": false, "Index Name": "idx_posts_owneruserid", "Startup Cost": 0.0, "Total Cost": 4.32, "Plan Rows": 4, "Plan Width": 0, "Index Cond": "(owneruserid = u.id)"}]}]}, {"Node Type": "Bitmap Heap Scan", "Parent Relationship": "Inner", "Parallel Aware": false, "Async Capable": false, "Relation Name": "votes", "Alias": "v", "Startup Cost": 0.48, "Total Cost": 4.55, "Plan Rows": 5, "Plan Width": 4, "Recheck Cond": "(postid = p.id)", "Plans": [{"Node Type": "Bitmap Index Scan", "Parent Relationship": "Outer", "Parallel Aware": false, "Async Capable": false, "Index Name": "idx_votes_postid", "Startup Cost": 0.0, "Total Cost": 0.48, "Plan Rows": 5, "Plan Width": 0, "Index Cond": "(postid = p.id)"}]}]}, {"Node Type": "Memoize", "Parent Relationship": "Inner", "Parallel Aware": false, "Async Capable": false, "Startup Cost": 4.33, "Total Cost": 15.61, "Plan Rows": 3, "Plan Width": 4, "Cache Key": "u.id", "Cache Mode": "logical", "Plans": [{"Node Type": "Bitmap Heap Scan", "Parent Relationship": "Outer", "Parallel Aware": false, "Async Capable": false, "Relation Name": "badges", "Alias": "b", "Startup Cost": 4.32, "Total Cost": 15.6, "Plan Rows": 3, "Plan Width": 4, "Recheck Cond": "(userid = u.id)", "Plans": [{"Node Type": "Bitmap Index Scan", "Parent Relationship": "Outer", "Parallel Aware": false, "Async Capable": false, "Index Name": "idx_badges_userid", "Startup Cost": 0.0, "Total Cost": 4.32, "Plan Rows": 3, "Plan Width": 0, "Index Cond": "(userid = u.id)"}]}]}]}]}}, {"Plan": {"Node Type": "Aggregate", "Strategy": "Plain", "Partial Mode": "Finalize", "Parallel Aware": false, "Async Capable": false, "Startup Cost": 10532.9, "Total Cost": 10532.91, "Plan Rows": 1, "Plan Width": 8, "Plans": [{"Node Type": "Gather", "Parent Relationship": "Outer", "Parallel Aware": false, "Async Capable": false, "Startup Cost": 10532.79, "Total Cost": 10532.9, "Plan Rows": 1, "Plan Width": 8, "Workers Planned": 1, "Single Copy": false, "Plans": [{"Node Type": "Aggregate", "Strategy": "Plain", "Partial Mode": "Partial", "Parent Relationship": "Outer", "Parallel Aware": false, "Async Capable": false, "Startup Cost": 9532.79, "Total Cost": 9532.8, "Plan Rows": 1, "Plan Width": 8, "Plans": [{"Node Type": "Hash Join", "Parent Relationship": "Outer", "Parallel Aware": false, "Async Capable": false, "Join Type": "Inner", "Startup Cost": 4699.0, "Total Cost": 9528.72, "Plan Rows": 1625, "Plan Width": 0, "Inner Unique": false, "Hash Cond": "(v.postid = p.id)", "Plans": [{"Node Type": "Seq Scan", "Parent Relationship": "Outer", "Parallel Aware": true, "Async Capable": false, "Relation Name": "votes", "Alias": "v", "Startup Cost": 0.0, "Total Cost": 4089.79, "Plan Rows": 192979, "Plan Width": 4}, {"Node Type": "Hash", "Parent Relationship": "Inner", "Parallel Aware": false, "Async Capable": false, "Startup Cost": 4689.32, "Total Cost": 4689.32, "Plan Rows": 775, "Plan Width": 4, "Plans": [{"Node Type": "Hash Join", "Parent Relationship": "Outer", "Parallel Aware": false, "Async Capable": false, "Join Type": "Inner", "Startup Cost": 2241.54, "Total Cost": 4689.32, "Plan Rows": 775, "Plan Width": 4, "Inner Unique": false, "Hash Cond": "(p.owneruserid = u.id)", "Plans": [{"Node Type": "Seq Scan", "Parent Relationship": "Outer", "Parallel Aware": false, "Async Capable": false, "Relation Name": "posts", "Alias": "p", "Startup Cost": 0.0, "Total Cost": 1989.7, "Plan Rows": 91535, "Plan Width": 8, "Filter": "(score <= 28)"}, {"Node Type": "Hash", "Parent Relationship": "Inner", "Parallel Aware": false, "Async Capable": false, "Startup Cost": 2241.32, "Total Cost": 2241.32, "Plan Rows": 18, "Plan Width": 8, "Plans": [{"Node Type": "Hash Join", "Parent Relationship": "Outer", "Parallel Aware": false, "Async Capable": false, "Join Type": "Inner", "Startup Cost": 801.17, "Total Cost": 2241.32, "Plan Rows": 18, "Plan Width": 8, "Inner Unique": true, "Hash Cond": "(b.userid = u.id)", "Plans": [{"Node Type": "Seq Scan", "Parent Relationship": "Outer", "Parallel Aware": false, "Async Capable": false, "Relation Name": "badges", "Alias": "b", "Startup Cost": 0.0, "Total Cost": 1230.51, "Plan Rows": 79851, "Plan Width": 4}, {"Node Type": "Hash", "Parent Relationship": "Inner", "Parallel Aware": false, "Async Capable": false, "Startup Cost": 801.06, "Total Cost": 801.06, "Plan Rows": 9, "Plan Width": 4, "Plans": [{"Node Type": "Seq Scan", "Parent Relationship": "Outer", "Parallel Aware": false, "Async Capable": false, "Relation Name": "users", "Alias": "u", "Startup Cost": 0.0, "Total Cost": 801.06, "Plan Rows": 9, "Plan Width": 4, "Filter": "(reputation >= 20384)"}]}]}]}]}]}]}]}]}]}}, {"Plan": {"Node Type": "Aggregate", "Strategy": "Plain", "Partial Mode": "Finalize", "Parallel Aware": false, "Async Capable": false, "Startup Cost": 20837.67, "Total Cost": 20837.68, "Plan Rows": 1, "Plan Width": 8, "Plans": [{"Node Type": "Gather", "Parent Relationship": "Outer", "Parallel Aware": false, "Async Capable": false, "Startup Cost": 20837.56, "Total Cost": 20837.67, "Plan Rows": 1, "Plan Width": 8, "Workers Planned": 1, "Single Copy": false, "Plans": [{"Node Type": "Aggregate", "Strategy": "Plain", "Partial Mode": "Partial", "Parent Relationship": "Outer", "Parallel Aware": false, "Async Capable": false, "Startup Cost": 19837.56, "Total Cost": 19837.57, "Plan Rows": 1, "Plan Width": 8, "Plans": [{"Node Type": "Hash Join", "Parent Relationship": "Outer", "Parallel Aware": false, "Async Capable": false, "Join Type": "Inner", "Startup Cost": 8470.58, "Total Cost": 19833.5, "Plan Rows": 1625, "Plan Width": 0, "Inner Unique": false, "Hash Cond": "(v.postid = p.id)", "Plans": [{"Node Type": "Index Scan", "Parent Relationship": "Outer", "Parallel Aware": true, "Async Capable": false, "Scan Direction": "Forward", "Index Name": "idx_votes_postid", "Relation Name": "votes", "Alias": "v", "Startup Cost": 0.42, "Total Cost": 10623.41, "Plan Rows": 192979, "Plan Width": 4}, {"Node Type": "Hash", "Parent Relationship": "Inner", "Parallel Aware": false, "Async Capable": false, "Startup Cost": 8460.47, "Total Cost": 8460.47, "Plan Rows": 775, "Plan Width": 4, "Plans": [{"Node Type": "Hash Join", "Parent Relationship": "Outer", "Parallel Aware": false, "Async Capable": false, "Join Type": "Inner", "Startup Cost": 4533.58, "Total Cost": 8460.47, "Plan Rows": 775, "Plan Width": 4, "Inner Unique": false, "Hash Cond": "(p.owneruserid = u.id)", "Plans": [{"Node Type": "Index Scan", "Parent Relationship": "Outer", "Parallel Aware": false, "Async Capable": false, "Scan Direction": "Forward", "Index Name": "posts_pkey", "Relation Name": "posts", "Alias": "p", "Startup Cost": 0.29, "Total Cost": 3469.11, "Plan Rows": 91535, "Plan Width": 8, "Filter": "(score <= 28)"}, {"Node Type": "Hash", "Parent Relationship": "Inner", "Parallel Aware": false, "Async Capable": false, "Startup Cost": 4533.06, "Total Cost": 4533.06, "Plan Rows": 18, "Plan Width": 8, "Plans": [{"Node Type": "Hash Join", "Parent Relationship": "Outer", "Parallel Aware": false, "Async Capable": false, "Join Type": "Inner", "Startup Cost": 1458.38, "Total Cost": 4533.06, "Plan Rows": 18, "Plan Width": 8, "Inner Unique": true, "Hash Cond": "(b.userid = u.id)", "Plans": [{"Node Type": "Index Scan", "Parent Relationship": "Outer", "Parallel Aware": false, "Async Capable": false, "Scan Direction": "Forward", "Index Name": "idx_badges_userid", "Relation Name": "badges", "Alias": "b", "Startup Cost": 0.29, "Total Cost": 2865.34, "Plan Rows": 79851, "Plan Width": 4}, {"Node Type": "Hash", "Parent Relationship": "Inner", "Parallel Aware": false, "Async Capable": false, "Startup Cost": 1457.98, "Total Cost": 1457.98, "Plan Rows": 9, "Plan Width": 4, "Plans": [{"Node Type": "Index Scan", "Parent Relationship": "Outer", "Parallel Aware": false, "Async Capable": false, "Scan Direction": "Forward", "Index Name": "users_pkey", "Relation Name": "users", "Alias": "u", "Startup Cost": 0.29, "Total Cost": 1457.98, "Plan Rows": 9, "Plan Width": 4, "Filter": "(reputation >= 20384)"}]}]}]}]}]}]}]}]}]}}, {"Plan": {"Node Type": "Aggregate", "Strategy": "Plain", "Partial Mode": "Finalize", "Parallel Aware": false, "Async Capable": false, "Startup Cost": 20345.73, "Total Cost": 20345.74, "Plan Rows": 1, "Plan Width": 8, "Plans": [{"Node Type": "Gather", "Parent Relationship": "Outer", "Parallel Aware": false, "Async Capable": false, "Startup Cost": 20345.62, "Total Cost": 20345.73, "Plan Rows": 1, "Plan Width": 8, "Workers Planned": 1, "Single Copy": false, "Plans": [{"Node Type": "Aggregate", "Strategy": "Plain", "Partial Mode": "Partial", "Parent Relationship": "Outer", "Parallel Aware": false, "Async Capable": false, "Startup Cost": 19345.62, "Total Cost": 19345.63, "Plan Rows": 1, "Plan Width": 8, "Plans": [{"Node Type": "Merge Join", "Parent Relationship": "Outer", "Parallel Aware": false, "Async Capable": false, "Join Type": "Inner", "Startup Cost": 16275.84, "Total Cost": 19341.56, "Plan Rows": 1625, "Plan Width": 0, "Inner Unique": false, "Merge Cond": "(u.id = b.userid)", "Plans": [{"Node Type": "Sort", "Parent Relationship": "Outer", "Parallel Aware": false, "Async Capable": false, "Startup Cost": 16275.55, "Total Cost": 16275.65, "Plan Rows": 42, "Plan Width": 8, "Sort Key": ["p.owneruserid"], "Plans": [{"Node Type": "Merge Join", "Parent Relationship": "Outer", "Parallel Aware": false, "Async Capable": false, "Join Type": "Inner", "Startup Cost": 5168.35, "Total Cost": 16274.42, "Plan Rows": 42, "Plan Width": 8, "Inner Unique": false, "Merge Cond": "(v.postid = p.id)", "Plans": [{"Node Type": "Index Scan", "Parent Relationship": "Outer", "Parallel Aware": true, "Async Capable": false, "Scan Direction": "Forward", "Index Name": "idx_votes_postid", "Relation Name": "votes", "Alias": "v", "Startup Cost": 0.42, "Total Cost": 10623.41, "Plan Rows": 192979, "Plan Width": 4}, {"Node Type": "Sort", "Parent Relationship": "Inner", "Parallel Aware": false, "Async Capable": false, "Startup Cost": 5167.93, "Total Cost": 5167.98, "Plan Rows": 20, "Plan Width": 12, "Sort Key": ["p.id"], "Plans": [{"Node Type": "Hash Join", "Parent Relationship": "Outer", "Parallel Aware": false, "Async Capable": false, "Join Type": "Inner", "Startup Cost": 1458.38, "Total Cost": 5167.5, "Plan Rows": 20, "Plan Width": 12, "Inner Unique": true, "Hash Cond": "(p.owneruserid = u.id)", "Plans": [{"Node Type": "Index Scan", "Parent Relationship": "Outer", "Parallel Aware": false, "Async Capable": false, "Scan Direction": "Forward", "Index Name": "posts_pkey", "Relation Name": "posts", "Alias": "p", "Startup Cost": 0.29, "Total Cost": 3469.11, "Plan Rows": 91535, "Plan Width": 8, "Filter": "(score <= 28)"}, {"Node Type": "Hash", "Parent Relationship": "Inner", "Parallel Aware": false, "Async Capable": false, "Startup Cost": 1457.98, "Total Cost": 1457.98, "Plan Rows": 9, "Plan Width": 4, "Plans": [{"Node Type": "Index Scan", "Parent Relationship": "Outer", "Parallel Aware": false, "Async Capable": false, "Scan Direction": "Forward", "Index Name": "users_pkey", "Relation Name": "users", "Alias": "u", "Startup Cost": 0.29, "Total Cost": 1457.98, "Plan Rows": 9, "Plan Width": 4, "Filter": "(reputation >= 20384)"}]}]}]}]}]}, {"Node Type": "Index Scan", "Parent Relationship": "Inner", "Parallel Aware": false, "Async Capable": false, "Scan Direction": "Forward", "Index Name": "idx_badges_userid", "Relation Name": "badges", "Alias": "b", "Startup Cost": 0.29, "Total Cost": 2865.34, "Plan Rows": 79851, "Plan Width": 4}]}]}]}]}}, {"Plan": {"Node Type": "Aggregate", "Strategy": "Plain", "Partial Mode": "Simple", "Parallel Aware": false, "Async Capable": false, "Startup Cost": 1641.39, "Total Cost": 1641.4, "Plan Rows": 1, "Plan Width": 8, "Plans": [{"Node Type": "Nested Loop", "Parent Relationship": "Outer", "Parallel Aware": false, "Async Capable": false, "Join Type": "Inner", "Startup Cost": 1.3, "Total Cost": 1634.49, "Plan Rows": 2763, "Plan Width": 0, "Inner Unique": false, "Join Filter": "(b.userid = u.id)", "Plans": [{"Node Type": "Nested Loop", "Parent Relationship": "Outer", "Parallel Aware": false, "Async Capable": false, "Join Type": "Inner", "Startup Cost": 1.0, "Total Cost": 1605.16, "Plan Rows": 72, "Plan Width": 8, "Inner Unique": false, "Plans": [{"Node Type": "Nested Loop", "Parent Relationship": "Outer", "Parallel Aware": false, "Async Capable": false, "Join Type": "Inner", "Startup Cost": 0.58, "Total Cost": 1591.65, "Plan Rows": 20, "Plan Width": 12, "Inner Unique": false, "Plans": [{"Node Type": "Index Scan", "Parent Relationship": "Outer", "Parallel Aware": false, "Async Capable": false, "Scan Direction": "Forward", "Index Name": "users_pkey", "Relation Name": "users", "Alias": "u", "Startup Cost": 0.29, "Total Cost": 1457.98, "Plan Rows": 9, "Plan Width": 4, "Filter": "(reputation >= 20384)"}, {"Node Type": "Index Scan", "Parent Relationship": "Inner", "Parallel Aware": false, "Async Capable": false, "Scan Direction": "Forward", "Index Name": "idx_posts_owneruserid", "Relation Name": "posts", "Alias": "p", "Startup Cost": 0.29, "Total Cost": 14.81, "Plan Rows": 4, "Plan Width": 8, "Index Cond": "(owneruserid = u.id)", "Filter": "(score <= 28)"}]}, {"Node Type": "Index Scan", "Parent Relationship": "Inner", "Parallel Aware": false, "Async Capable": false, "Scan Direction": "Forward", "Index Name": "idx_votes_postid", "Relation Name": "votes", "Alias": "v", "Startup Cost": 0.42, "Total Cost": 0.63, "Plan Rows": 5, "Plan Width": 4, "Index Cond": "(postid = p.id)"}]}, {"Node Type": "Index Scan", "Parent Relationship": "Inner", "Parallel Aware": false, "Async Capable": false, "Scan Direction": "Forward", "Index Name": "idx_badges_userid", "Relation Name": "badges", "Alias": "b", "Startup Cost": 0.29, "Total Cost": 0.37, "Plan Rows": 3, "Plan Width": 4, "Index Cond": "(userid = p.owneruserid)"}]}]}}, {"Plan": {"Node Type": "Aggregate", "Strategy": "Plain", "Partial Mode": "Simple", "Parallel Aware": false, "Async Capable": false, "Startup Cost": 984.48, "Total Cost": 984.49, "Plan Rows": 1, "Plan Width": 8, "Plans": [{"Node Type": "Nested Loop", "Parent Relationship": "Outer", "Parallel Aware": false, "Async Capable": false, "Join Type": "Inner", "Startup Cost": 1.01, "Total Cost": 977.57, "Plan Rows": 2763, "Plan Width": 0, "Inner Unique": false, "Join Filter": "(b.userid = u.id)", "Plans": [{"Node Type": "Nested Loop", "Parent Relationship": "Outer", "Parallel Aware": false, "Async Capable": false, "Join Type": "Inner", "Startup Cost": 0.71, "Total Cost": 948.25, "Plan Rows": 72, "Plan Width": 8, "Inner Unique": false, "Plans": [{"Node Type": "Nested Loop", "Parent Relationship": "Outer", "Parallel Aware": false, "Async Capable": false, "Join Type": "Inner", "Startup Cost": 0.29, "Total Cost": 934.73, "Plan Rows": 20, "Plan Width": 12, "Inner Unique": false, "Plans": [{"Node Type": "Seq Scan", "Parent Relationship": "Outer", "Parallel Aware": false, "Async Capable": false, "Relation Name": "users", "Alias": "u", "Startup Cost": 0.0, "Total Cost": 801.06, "Plan Rows": 9, "Plan Width": 4, "Filter": "(reputation >= 20384)"}, {"Node Type": "Index Scan", "Parent Relationship": "Inner", "Parallel Aware": false, "Async Capable": false, "Scan Direction": "Forward", "Index Name": "idx_posts_owneruserid", "Relation Name": "posts", "Alias": "p", "Startup Cost": 0.29, "Total Cost": 14.81, "Plan Rows": 4, "Plan Width": 8, "Index Cond": "(owneruserid = u.id)", "Filter": "(score <= 28)"}]}, {"Node Type": "Index Scan", "Parent Relationship": "Inner", "Parallel Aware": false, "Async Capable": false, "Scan Direction": "Forward", "Index Name": "idx_votes_postid", "Relation Name": "votes", "Alias": "v", "Startup Cost": 0.42, "Total Cost": 0.63, "Plan Rows": 5, "Plan Width": 4, "Index Cond": "(postid = p.id)"}]}, {"Node Type": "Index Scan", "Parent Relationship": "Inner", "Parallel Aware": false, "Async Capable": false, "Scan Direction": "Forward", "Index Name": "idx_badges_userid", "Relation Name": "badges", "Alias": "b", "Startup Cost": 0.29, "Total Cost": 0.37, "Plan Rows": 3, "Plan Width": 4, "Index Cond": "(userid = p.owneruserid)"}]}]}}, {"Plan": {"Node Type": "Aggregate", "Strategy": "Plain", "Partial Mode": "Finalize", "Parallel Aware": false, "Async Capable": false, "Startup Cost": 14266.61, "Total Cost": 14266.62, "Plan Rows": 1, "Plan Width": 8, "Plans": [{"Node Type": "Gather", "Parent Relationship": "Outer", "Parallel Aware": false, "Async Capable": false, "Startup Cost": 14266.4, "Total Cost": 14266.61, "Plan Rows": 2, "Plan Width": 8, "Workers Planned": 2, "Single Copy": false, "Plans": [{"Node Type": "Aggregate", "Strategy": "Plain", "Partial Mode": "Partial", "Parent Relationship": "Outer", "Parallel Aware": false, "Async Capable": false, "Startup Cost": 13266.4, "Total Cost": 13266.41, "Plan Rows": 1, "Plan Width": 8, "Plans": [{"Node Type": "Merge Join", "Parent Relationship": "Outer", "Parallel Aware": false, "Async Capable": false, "Join Type": "Inner", "Startup Cost": 11329.39, "Total Cost": 13263.52, "Plan Rows": 1151, "Plan Width": 0, "Inner Unique": false, "Merge Cond": "(u.id = b.userid)", "Plans": [{"Node Type": "Sort", "Parent Relationship": "Outer", "Parallel Aware": false, "Async Capable": false, "Startup Cost": 11329.1, "Total Cost": 11329.17, "Plan Rows": 30, "Plan Width": 8, "Sort Key": ["p.owneruserid"], "Plans": [{"Node Type": "Merge Join", "Parent Relationship": "Outer", "Parallel Aware": false, "Async Capable": false, "Join Type": "Inner", "Startup Cost": 5942.62, "Total Cost": 11328.36, "Plan Rows": 30, "Plan Width": 8, "Inner Unique": false, "Merge Cond": "(v.postid = p.id)", "Plans": [{"Node Type": "Index Only Scan", "Parent Relationship": "Outer", "Parallel Aware": true, "Async Capable": false, "Scan Direction": "Forward", "Index Name": "idx_votes_postid", "Relation Name": "votes", "Alias": "v", "Startup Cost": 0.42, "Total Cost": 5043.98, "Plan Rows": 136693, "Plan Width": 4}, {"Node Type": "Sort", "Parent Relationship": "Inner", "Parallel Aware": false, "Async Capable": false, "Startup Cost": 5942.2, "Total Cost": 5942.25, "Plan Rows": 20, "Plan Width": 12, "Sort Key": ["p.id"], "Plans": [{"Node Type": "Merge Join", "Parent Relationship": "Outer", "Parallel Aware": false, "Async Capable": false, "Join Type": "Inner", "Startup Cost": 0.58, "Total Cost": 5941.77, "Plan Rows": 20, "Plan Width": 12, "Inner Unique": true, "Merge Cond": "(p.owneruserid = u.id)", "Plans": [{"Node Type": "Index Scan", "Parent Relationship": "Outer", "Parallel Aware": false, "Async Capable": false, "Scan Direction": "Forward", "Index Name": "idx_posts_owneruserid", "Relation Name": "posts", "Alias": "p", "Startup Cost": 0.29, "Total Cost": 4323.61, "Plan Rows": 91535, "Plan Width": 8, "Filter": "(score <= 28)"}, {"Node Type": "Index Scan", "Parent Relationship": "Inner", "Parallel Aware": false, "Async Capable": false, "Scan Direction": "Forward", "Index Name": "users_pkey", "Relation Name": "users", "Alias": "u", "Startup Cost": 0.29, "Total Cost": 1457.98, "Plan Rows": 9, "Plan Width": 4, "Filter": "(reputation >= 20384)"}]}]}]}]}, {"Node Type": "Index Only Scan", "Parent Relationship": "Inner", "Parallel Aware": false, "Async Capable": false, "Scan Direction": "Forward", "Index Name": "idx_badges_userid", "Relation Name": "badges", "Alias": "b", "Startup Cost": 0.29, "Total Cost": 1734.06, "Plan Rows": 79851, "Plan Width": 4}]}]}]}]}}, {"Plan": {"Node Type": "Aggregate", "Strategy": "Plain", "Partial Mode": "Simple", "Parallel Aware": false, "Async Capable": false, "Startup Cost": 13623.77, "Total Cost": 13623.78, "Plan Rows": 1, "Plan Width": 8, "Plans": [{"Node Type": "Merge Join", "Parent Relationship": "Outer", "Parallel Aware": false, "Async Capable": false, "Join Type": "Inner", "Startup Cost": 11681.32, "Total Cost": 13616.86, "Plan Rows": 2763, "Plan Width": 0, "Inner Unique": false, "Merge Cond": "(b.userid = u.id)", "Plans": [{"Node Type": "Index Only Scan", "Parent Relationship": "Outer", "Parallel Aware": false, "Async Capable": false, "Scan Direction": "Forward", "Index Name": "idx_badges_userid", "Relation Name": "badges", "Alias": "b", "Startup Cost": 0.29, "Total Cost": 1734.06, "Plan Rows": 79851, "Plan Width": 4}, {"Node Type": "Sort", "Parent Relationship": "Inner", "Parallel Aware": false, "Async Capable": false, "Startup Cost": 11681.03, "Total Cost": 11681.21, "Plan Rows": 72, "Plan Width": 8, "Sort Key": ["p.owneruserid"], "Plans": [{"Node Type": "Gather", "Parent Relationship": "Outer", "Parallel Aware": false, "Async Capable": false, "Startup Cost": 6285.87, "Total Cost": 11678.81, "Plan Rows": 72, "Plan Width": 8, "Workers Planned": 2, "Single Copy": false, "Plans": [{"Node Type": "Merge Join", "Parent Relationship": "Outer", "Parallel Aware": false, "Async Capable": false, "Join Type": "Inner", "Startup Cost": 5285.87, "Total Cost": 10671.61, "Plan Rows": 30, "Plan Width": 8, "Inner Unique": false, "Merge Cond": "(v.postid = p.id)", "Plans": [{"Node Type": "Index Only Scan", "Parent Relationship": "Outer", "Parallel Aware": true, "Async Capable": false, "Scan Direction": "Forward", "Index Name": "idx_votes_postid", "Relation Name": "votes", "Alias": "v", "Startup Cost": 0.42, "Total Cost": 5043.98, "Plan Rows": 136693, "Plan Width": 4}, {"Node Type": "Sort", "Parent Relationship": "Inner", "Parallel Aware": false, "Async Capable": false, "Startup Cost": 5285.45, "Total Cost": 5285.5, "Plan Rows": 20, "Plan Width": 12, "Sort Key": ["p.id"], "Plans": [{"Node Type": "Merge Join", "Parent Relationship": "Outer", "Parallel Aware": false, "Async Capable": false, "Join Type": "Inner", "Startup Cost": 801.5, "Total Cost": 5285.02, "Plan Rows": 20, "Plan Width": 12, "Inner Unique": true, "Merge Cond": "(p.owneruserid = u.id)", "Plans": [{"Node Type": "Index Scan", "Parent Relationship": "Outer", "Parallel Aware": false, "Async Capable": false, "Scan Direction": "Forward", "Index Name": "idx_posts_owneruserid", "Relation Name": "posts", "Alias": "p", "Startup Cost": 0.29, "Total Cost": 4323.61, "Plan Rows": 91535, "Plan Width": 8, "Filter": "(score <= 28)"}, {"Node Type": "Sort", "Parent Relationship": "Inner", "Parallel Aware": false, "Async Capable": false, "Startup Cost": 801.21, "Total Cost": 801.23, "Plan Rows": 9, "Plan Width": 4, "Sort Key": ["u.id"], "Plans": [{"Node Type": "Seq Scan", "Parent Relationship": "Outer", "Parallel Aware": false, "Async Capable": false, "Relation Name": "users", "Alias": "u", "Startup Cost": 0.0, "Total Cost": 801.06, "Plan Rows": 9, "Plan Width": 4, "Filter": "(reputation >= 20384)"}]}]}]}]}]}]}]}]}}, {"Plan": {"Node Type": "Aggregate", "Strategy": "Plain", "Partial Mode": "Finalize", "Parallel Aware": false, "Async Capable": false, "Startup Cost": 41920.76, "Total Cost": 41920.77, "Plan Rows": 1, "Plan Width": 8, "Plans": [{"Node Type": "Gather", "Parent Relationship": "Outer", "Parallel Aware": false, "Async Capable": false, "Startup Cost": 41920.65, "Total Cost": 41920.76, "Plan Rows": 1, "Plan Width": 8, "Workers Planned": 1, "Single Copy": false, "Plans": [{"Node Type": "Aggregate", "Strategy": "Plain", "Partial Mode": "Partial", "Parent Relationship": "Outer", "Parallel Aware": false, "Async Capable": false, "Startup Cost": 40920.65, "Total Cost": 40920.66, "Plan Rows": 1, "Plan Width": 8, "Plans": [{"Node Type": "Merge Join", "Parent Relationship": "Outer", "Parallel Aware": false, "Async Capable": false, "Join Type": "Inner", "Startup Cost": 40516.29, "Total Cost": 40916.58, "Plan Rows": 1625, "Plan Width": 0, "Inner Unique": false, "Merge Cond": "(u.id = b.userid)", "Plans": [{"Node Type": "Sort", "Parent Relationship": "Outer", "Parallel Aware": false, "Async Capable": false, "Startup Cost": 32783.9, "Total Cost": 32784.01, "Plan Rows": 42, "Plan Width": 8, "Sort Key": ["p.owneruserid"], "Plans": [{"Node Type": "Merge Join", "Parent Relationship": "Outer", "Parallel Aware": false, "Async Capable": false, "Join Type": "Inner", "Startup Cost": 31817.24, "Total Cost": 32782.77, "Plan Rows": 42, "Plan Width": 8, "Inner Unique": false, "Merge Cond": "(v.postid = p.id)", "Plans": [{"Node Type": "Sort", "Parent Relationship": "Outer", "Parallel Aware": false, "Async Capable": false, "Startup Cost": 21031.5, "Total Cost": 21513.94, "Plan Rows": 192979, "Plan Width": 4, "Sort Key": ["v.postid"], "Plans": [{"Node Type": "Seq Scan", "Parent Relationship": "Outer", "Parallel Aware": true, "Async Capable": false, "Relation Name": "votes", "Alias": "v", "Startup Cost": 0.0, "Total Cost": 4089.79, "Plan Rows": 192979, "Plan Width": 4}]}, {"Node Type": "Sort", "Parent Relationship": "Inner", "Parallel Aware": false, "Async Capable": false, "Startup Cost": 10785.75, "Total Cost": 10785.8, "Plan Rows": 20, "Plan Width": 12, "Sort Key": ["p.id"], "Plans": [{"Node Type": "Merge Join", "Parent Relationship": "Outer", "Parallel Aware": false, "Async Capable": false, "Join Type": "Inner", "Startup Cost": 10334.32, "Total Cost": 10785.32, "Plan Rows": 20, "Plan Width": 12, "Inner Unique": true, "Merge Cond": "(p.owneruserid = u.id)", "Plans": [{"Node Type": "Sort", "Parent Relationship": "Outer", "Parallel Aware": false, "Async Capable": false, "Startup Cost": 9533.12, "Total Cost": 9761.95, "Plan Rows": 91535, "Plan Width": 8, "Sort Key": ["p.owneruserid"], "Plans": [{"Node Type": "Seq Scan", "Parent Relationship": "Outer", "Parallel Aware": false, "Async Capable": false, "Relation Name": "posts", "Alias": "p", "Startup Cost": 0.0, "Total Cost": 1989.7, "Plan Rows": 91535, "Plan Width": 8, "Filter": "(score <= 28)"}]}, {"Node Type": "Sort", "Parent Relationship": "Inner", "Parallel Aware": false, "Async Capable": false, "Startup Cost": 801.21, "Total Cost": 801.23, "Plan Rows": 9, "Plan Width": 4, "Sort Key": ["u.id"], "Plans": [{"Node Type": "Seq Scan", "Parent Relationship": "Outer", "Parallel Aware": false, "Async Capable": false, "Relation Name": "users", "Alias": "u", "Startup Cost": 0.0, "Total Cost": 801.06, "Plan Rows": 9, "Plan Width": 4, "Filter": "(reputation >= 20384)"}]}]}]}]}]}, {"Node Type": "Sort", "Parent Relationship": "Inner", "Parallel Aware": false, "Async Capable": false, "Startup Cost": 7732.39, "Total Cost": 7932.01, "Plan Rows": 79851, "Plan Width": 4, "Sort Key": ["b.userid"], "Plans": [{"Node Type": "Seq Scan", "Parent Relationship": "Outer", "Parallel Aware": false, "Async Capable": false, "Relation Name": "badges", "Alias": "b", "Startup Cost": 0.0, "Total Cost": 1230.51, "Plan Rows": 79851, "Plan Width": 4}]}]}]}]}]}}, {"Plan": {"Node Type": "Aggregate", "Strategy": "Plain", "Partial Mode": "Finalize", "Parallel Aware": false, "Async Capable": false, "Startup Cost": 21120.0, "Total Cost": 21120.01, "Plan Rows": 1, "Plan Width": 8, "Plans": [{"Node Type": "Gather", "Parent Relationship": "Outer", "Parallel Aware": false, "Async Capable": false, "Startup Cost": 21119.89, "Total Cost": 21120.0, "Plan Rows": 1, "Plan Width": 8, "Workers Planned": 1, "Single Copy": false, "Plans": [{"Node Type": "Aggregate", "Strategy": "Plain", "Partial Mode": "Partial", "Parent Relationship": "Outer", "Parallel Aware": false, "Async Capable": false, "Startup Cost": 20119.89, "Total Cost": 20119.9, "Plan Rows": 1, "Plan Width": 8, "Plans": [{"Node Type": "Merge Join", "Parent Relationship": "Outer", "Parallel Aware": false, "Async Capable": false, "Join Type": "Inner", "Startup Cost": 17050.11, "Total Cost": 20115.83, "Plan Rows": 1625, "Plan Width": 0, "Inner Unique": false, "Merge Cond": "(u.id = b.userid)", "Plans": [{"Node Type": "Sort", "Parent Relationship": "Outer", "Parallel Aware": false, "Async Capable": false, "Startup Cost": 17049.82, "Total Cost": 17049.92, "Plan Rows": 42, "Plan Width": 8, "Sort Key": ["p.owneruserid"], "Plans": [{"Node Type": "Merge Join", "Parent Relationship": "Outer", "Parallel Aware": false, "Async Capable": false, "Join Type": "Inner", "Startup Cost": 5942.62, "Total Cost": 17048.69, "Plan Rows": 42, "Plan Width": 8, "Inner Unique": false, "Merge Cond": "(v.postid = p.id)", "Plans": [{"Node Type": "Index Scan", "Parent Relationship": "Outer", "Parallel Aware": true, "Async Capable": false, "Scan Direction": "Forward", "Index Name": "idx_votes_postid", "Relation Name": "votes", "Alias": "v", "Startup Cost": 0.42, "Total Cost": 10623.41, "Plan Rows": 192979, "Plan Width": 4}, {"Node Type": "Sort", "Parent Relationship": "Inner", "Parallel Aware": false, "Async Capable": false, "Startup Cost": 5942.2, "Total Cost": 5942.25, "Plan Rows": 20, "Plan Width": 12, "Sort Key": ["p.id"], "Plans": [{"Node Type": "Merge Join", "Parent Relationship": "Outer", "Parallel Aware": false, "Async Capable": false, "Join Type": "Inner", "Startup Cost": 0.58, "Total Cost": 5941.77, "Plan Rows": 20, "Plan Width": 12, "Inner Unique": true, "Merge Cond": "(p.owneruserid = u.id)", "Plans": [{"Node Type": "Index Scan", "Parent Relationship": "Outer", "Parallel Aware": false, "Async Capable": false, "Scan Direction": "Forward", "Index Name": "idx_posts_owneruserid", "Relation Name": "posts", "Alias": "p", "Startup Cost": 0.29, "Total Cost": 4323.61, "Plan Rows": 91535, "Plan Width": 8, "Filter": "(score <= 28)"}, {"Node Type": "Index Scan", "Parent Relationship": "Inner", "Parallel Aware": false, "Async Capable": false, "Scan Direction": "Forward", "Index Name": "users_pkey", "Relation Name": "users", "Alias": "u", "Startup Cost": 0.29, "Total Cost": 1457.98, "Plan Rows": 9, "Plan Width": 4, "Filter": "(reputation >= 20384)"}]}]}]}]}, {"Node Type": "Index Scan", "Parent Relationship": "Inner", "Parallel Aware": false, "Async Capable": false, "Scan Direction": "Forward", "Index Name": "idx_badges_userid", "Relation Name": "badges", "Alias": "b", "Startup Cost": 0.29, "Total Cost": 2865.34, "Plan Rows": 79851, "Plan Width": 4}]}]}]}]}}, {"Plan": {"Node Type": "Aggregate", "Strategy": "Plain", "Partial Mode": "Simple", "Parallel Aware": false, "Async Capable": false, "Startup Cost": 20475.38, "Total Cost": 20475.39, "Plan Rows": 1, "Plan Width": 8, "Plans": [{"Node Type": "Merge Join", "Parent Relationship": "Outer", "Parallel Aware": false, "Async Capable": false, "Join Type": "Inner", "Startup Cost": 17401.65, "Total Cost": 20468.47, "Plan Rows": 2763, "Plan Width": 0, "Inner Unique": false, "Merge Cond": "(b.userid = u.id)", "Plans": [{"Node Type": "Index Scan", "Parent Relationship": "Outer", "Parallel Aware": false, "Async Capable": false, "Scan Direction": "Forward", "Index Name": "idx_badges_userid", "Relation Name": "badges", "Alias": "b", "Startup Cost": 0.29, "Total Cost": 2865.34, "Plan Rows": 79851, "Plan Width": 4}, {"Node Type": "Sort", "Parent Relationship": "Inner", "Parallel Aware": false, "Async Capable": false, "Startup Cost": 17401.36, "Total Cost": 17401.54, "Plan Rows": 72, "Plan Width": 8, "Sort Key": ["p.owneruserid"], "Plans": [{"Node Type": "Gather", "Parent Relationship": "Outer", "Parallel Aware": false, "Async Capable": false, "Startup Cost": 6285.87, "Total Cost": 17399.14, "Plan Rows": 72, "Plan Width": 8, "Workers Planned": 1, "Single Copy": false, "Plans": [{"Node Type": "Merge Join", "Parent Relationship": "Outer", "Parallel Aware": false, "Async Capable": false, "Join Type": "Inner", "Startup Cost": 5285.87, "Total Cost": 16391.94, "Plan Rows": 42, "Plan Width": 8, "Inner Unique": false, "Merge Cond": "(v.postid = p.id)", "Plans": [{"Node Type": "Index Scan", "Parent Relationship": "Outer", "Parallel Aware": true, "Async Capable": false, "Scan Direction": "Forward", "Index Name": "idx_votes_postid", "Relation Name": "votes", "Alias": "v", "Startup Cost": 0.42, "Total Cost": 10623.41, "Plan Rows": 192979, "Plan Width": 4}, {"Node Type": "Sort", "Parent Relationship": "Inner", "Parallel Aware": false, "Async Capable": false, "Startup Cost": 5285.45, "Total Cost": 5285.5, "Plan Rows": 20, "Plan Width": 12, "Sort Key": ["p.id"], "Plans": [{"Node Type": "Merge Join", "Parent Relationship": "Outer", "Parallel Aware": false, "Async Capable": false, "Join Type": "Inner", "Startup Cost": 801.5, "Total Cost": 5285.02, "Plan Rows": 20, "Plan Width": 12, "Inner Unique": true, "Merge Cond": "(p.owneruserid = u.id)", "Plans": [{"Node Type": "Index Scan", "Parent Relationship": "Outer", "Parallel Aware": false, "Async Capable": false, "Scan Direction": "Forward", "Index Name": "idx_posts_owneruserid", "Relation Name": "posts", "Alias": "p", "Startup Cost": 0.29, "Total Cost": 4323.61, "Plan Rows": 91535, "Plan Width": 8, "Filter": "(score <= 28)"}, {"Node Type": "Sort", "Parent Relationship": "Inner", "Parallel Aware": false, "Async Capable": false, "Startup Cost": 801.21, "Total Cost": 801.23, "Plan Rows": 9, "Plan Width": 4, "Sort Key": ["u.id"], "Plans": [{"Node Type": "Seq Scan", "Parent Relationship": "Outer", "Parallel Aware": false, "Async Capable": false, "Relation Name": "users", "Alias": "u", "Startup Cost": 0.0, "Total Cost": 801.06, "Plan Rows": 9, "Plan Width": 4, "Filter": "(reputation >= 20384)"}]}]}]}]}]}]}]}]}}]