[{"Plan": {"Node Type": "Aggregate", "Strategy": "Plain", "Partial Mode": "Finalize", "Parallel Aware": false, "Async Capable": false, "Startup Cost": 7025.88, "Total Cost": 7025.89, "Plan Rows": 1, "Plan Width": 8, "Plans": [{"Node Type": "Gather", "Parent Relationship": "Outer", "Parallel Aware": false, "Async Capable": false, "Startup Cost": 7025.77, "Total Cost": 7025.88, "Plan Rows": 1, "Plan Width": 8, "Workers Planned": 1, "Single Copy": false, "Plans": [{"Node Type": "Aggregate", "Strategy": "Plain", "Partial Mode": "Partial", "Parent Relationship": "Outer", "Parallel Aware": false, "Async Capable": false, "Startup Cost": 6025.77, "Total Cost": 6025.78, "Plan Rows": 1, "Plan Width": 8, "Plans": [{"Node Type": "Nested Loop", "Parent Relationship": "Outer", "Parallel Aware": false, "Async Capable": false, "Join Type": "Inner", "Startup Cost": 0.29, "Total Cost": 5589.71, "Plan Rows": 174422, "Plan Width": 0, "Inner Unique": false, "Plans": [{"Node Type": "Seq Scan", "Parent Relationship": "Outer", "Parallel Aware": true, "Async Capable": false, "Relation Name": "posthistory", "Alias": "ph", "Startup Cost": 0.0, "Total Cost": 4915.18, "Plan Rows": 201, "Plan Width": 4, "Filter": "((creationdate >= '2014-09-07 05:28:28'::timestamp without time zone) AND (posthistorytypeid = 1))"}, {"Node Type": "Index Only Scan", "Parent Relationship": "Inner", "Parallel Aware": false, "Async Capable": false, "Scan Direction": "Forward", "Index Name": "idx_comments_userid", "Relation Name": "comments", "Alias": "c", "Startup Cost": 0.29, "Total Cost": 3.23, "Plan Rows": 13, "Plan Width": 4, "Index Cond": "(userid = ph.userid)"}]}]}]}]}}, {"Plan": {"Node Type": "Aggregate", "Strategy": "Plain", "Partial Mode": "Simple", "Parallel Aware": false, "Async Capable": false, "Startup Cost": 20000020510.27, "Total Cost": 20000020510.28, "Plan Rows": 1, "Plan Width": 8, "Plans": [{"Node Type": "Nested Loop", "Parent Relationship": "Outer", "Parallel Aware": false, "Async Capable": false, "Join Type": "Inner", "Startup Cost": 20000000002.92, "Total Cost": 20000019768.97, "Plan Rows": 296517, "Plan Width": 0, "Inner Unique": false, "Plans": [{"Node Type": "Index Scan", "Parent Relationship": "Outer", "Parallel Aware": false, "Async Capable": false, "Scan Direction": "Forward", "Index Name": "idx_posthistory_userid", "Relation Name": "posthistory", "Alias": "ph", "Startup Cost": 10000000000.42, "Total Cost": 10000013607.96, "Plan Rows": 342, "Plan Width": 4, "Filter": "((creationdate >= '2014-09-07 05:28:28'::timestamp without time zone) AND (posthistorytypeid = 1))"}, {"Node Type": "Memoize", "Parent Relationship": "Inner", "Parallel Aware": false, "Async Capable": false, "Startup Cost": 2.5, "Total Cost": 18.01, "Plan Rows": 13, "Plan Width": 4, "Cache Key": "ph.userid", "Cache Mode": "logical", "Plans": [{"Node Type": "Bitmap Heap Scan", "Parent Relationship": "Outer", "Parallel Aware": false, "Async Capable": false, "Relation Name": "comments", "Alias": "c", "Startup Cost": 2.49, "Total Cost": 18.0, "Plan Rows": 13, "Plan Width": 4, "Recheck Cond": "(userid = ph.userid)", "Plans": [{"Node Type": "Bitmap Index Scan", "Parent Relationship": "Outer", "Parallel Aware": false, "Async Capable": false, "Index Name": "idx_comments_userid", "Startup Cost": 0.0, "Total Cost": 2.49, "Plan Rows": 13, "Plan Width": 0, "Index Cond": "(userid = ph.userid)"}]}]}]}]}}, {"Plan": {"Node Type": "Aggregate", "Strategy": "Plain", "Partial Mode": "Finalize", "Parallel Aware": false, "Async Capable": false, "Startup Cost": 20312.19, "Total Cost": 20312.2, "Plan Rows": 1, "Plan Width": 8, "Plans": [{"Node Type": "Gather", "Parent Relationship": "Outer", "Parallel Aware": false, "Async Capable": false, "Startup Cost": 20312.07, "Total Cost": 20312.18, "Plan Rows": 1, "Plan Width": 8, "Workers Planned": 1, "Single Copy": false, "Plans": [{"Node Type": "Aggregate", "Strategy": "Plain", "Partial Mode": "Partial", "Parent Relationship": "Outer", "Parallel Aware": false, "Async Capable": false, "Startup Cost": 19312.07, "Total Cost": 19312.08, "Plan Rows": 1, "Plan Width": 8, "Plans": [{"Node Type": "Hash Join", "Parent Relationship": "Outer", "Parallel Aware": true, "Async Capable": false, "Join Type": "Inner", "Startup Cost": 4133.13, "Total Cost": 18876.02, "Plan Rows": 174422, "Plan Width": 0, "Inner Unique": false, "Hash Cond": "(ph.userid = c.userid)", "Plans": [{"Node Type": "Index Scan", "Parent Relationship": "Outer", "Parallel Aware": true, "Async Capable": false, "Scan Direction": "Forward", "Index Name": "idx_posthistory_userid", "Relation Name": "posthistory", "Alias": "ph", "Startup Cost": 0.42, "Total Cost": 11735.34, "Plan Rows": 201, "Plan Width": 4, "Filter": "((creationdate >= '2014-09-07 05:28:28'::timestamp without time zone) AND (posthistorytypeid = 1))"}, {"Node Type": "Hash", "Parent Relationship": "Inner", "Parallel Aware": true, "Async Capable": false, "Startup Cost": 2851.06, "Total Cost": 2851.06, "Plan Rows": 102532, "Plan Width": 4, "Plans": [{"Node Type": "Index Only Scan", "Parent Relationship": "Outer", "Parallel Aware": true, "Async Capable": false, "Scan Direction": "Forward", "Index Name": "idx_comments_userid", "Relation Name": "comments", "Alias": "c", "Startup Cost": 0.29, "Total Cost": 2851.06, "Plan Rows": 102532, "Plan Width": 4}]}]}]}]}]}}, {"Plan": {"Node Type": "Aggregate", "Strategy": "Plain", "Partial Mode": "Finalize", "Parallel Aware": false, "Async Capable": false, "Startup Cost": 18101.85, "Total Cost": 18101.86, "Plan Rows": 1, "Plan Width": 8, "Plans": [{"Node Type": "Gather", "Parent Relationship": "Outer", "Parallel Aware": false, "Async Capable": false, "Startup Cost": 18101.74, "Total Cost": 18101.85, "Plan Rows": 1, "Plan Width": 8, "Workers Planned": 1, "Single Copy": false, "Plans": [{"Node Type": "Aggregate", "Strategy": "Plain", "Partial Mode": "Partial", "Parent Relationship": "Outer", "Parallel Aware": false, "Async Capable": false, "Startup Cost": 17101.74, "Total Cost": 17101.75, "Plan Rows": 1, "Plan Width": 8, "Plans": [{"Node Type": "Merge Join", "Parent Relationship": "Outer", "Parallel Aware": false, "Async Capable": false, "Join Type": "Inner", "Startup Cost": 175.87, "Total Cost": 16665.68, "Plan Rows": 174422, "Plan Width": 0, "Inner Unique": false, "Merge Cond": "(ph.userid = c.userid)", "Plans": [{"Node Type": "Index Scan", "Parent Relationship": "Outer", "Parallel Aware": true, "Async Capable": false, "Scan Direction": "Forward", "Index Name": "idx_posthistory_userid", "Relation Name": "posthistory", "Alias": "ph", "Startup Cost": 0.42, "Total Cost": 11735.34, "Plan Rows": 201, "Plan Width": 4, "Filter": "((creationdate >= '2014-09-07 05:28:28'::timestamp without time zone) AND (posthistorytypeid = 1))"}, {"Node Type": "Index Only Scan", "Parent Relationship": "Inner", "Parallel Aware": false, "Async Capable": false, "Scan Direction": "Forward", "Index Name": "idx_comments_userid", "Relation Name": "comments", "Alias": "c", "Startup Cost": 0.29, "Total Cost": 3568.78, "Plan Rows": 174305, "Plan Width": 4}]}]}]}]}}, {"Plan": {"Node Type": "Aggregate", "Strategy": "Plain", "Partial Mode": "Finalize", "Parallel Aware": false, "Async Capable": false, "Startup Cost": 13846.04, "Total Cost": 13846.05, "Plan Rows": 1, "Plan Width": 8, "Plans": [{"Node Type": "Gather", "Parent Relationship": "Outer", "Parallel Aware": false, "Async Capable": false, "Startup Cost": 13845.92, "Total Cost": 13846.03, "Plan Rows": 1, "Plan Width": 8, "Workers Planned": 1, "Single Copy": false, "Plans": [{"Node Type": "Aggregate", "Strategy": "Plain", "Partial Mode": "Partial", "Parent Relationship": "Outer", "Parallel Aware": false, "Async Capable": false, "Startup Cost": 12845.92, "Total Cost": 12845.93, "Plan Rows": 1, "Plan Width": 8, "Plans": [{"Node Type": "Nested Loop", "Parent Relationship": "Outer", "Parallel Aware": false, "Async Capable": false, "Join Type": "Inner", "Startup Cost": 0.72, "Total Cost": 12409.87, "Plan Rows": 174422, "Plan Width": 0, "Inner Unique": false, "Plans": [{"Node Type": "Index Scan", "Parent Relationship": "Outer", "Parallel Aware": true, "Async Capable": false, "Scan Direction": "Forward", "Index Name": "idx_posthistory_userid", "Relation Name": "posthistory", "Alias": "ph", "Startup Cost": 0.42, "Total Cost": 11735.34, "Plan Rows": 201, "Plan Width": 4, "Filter": "((creationdate >= '2014-09-07 05:28:28'::timestamp without time zone) AND (posthistorytypeid = 1))"}, {"Node Type": "Index Only Scan", "Parent Relationship": "Inner", "Parallel Aware": false, "Async Capable": false, "Scan Direction": "Forward", "Index Name": "idx_comments_userid", "Relation Name": "comments", "Alias": "c", "Startup Cost": 0.29, "Total Cost": 3.23, "Plan Rows": 13, "Plan Width": 4, "Index Cond": "(userid = ph.userid)"}]}]}]}]}}, {"Plan": {"Node Type": "Aggregate", "Strategy": "Plain", "Partial Mode": "Finalize", "Parallel Aware": false, "Async Capable": false, "Startup Cost": 13010.3, "Total Cost": 13010.31, "Plan Rows": 1, "Plan Width": 8, "Plans": [{"Node Type": "Gather", "Parent Relationship": "Outer", "Parallel Aware": false, "Async Capable": false, "Startup Cost": 13010.18, "Total Cost": 13010.29, "Plan Rows": 1, "Plan Width": 8, "Workers Planned": 1, "Single Copy": false, "Plans": [{"Node Type": "Aggregate", "Strategy": "Plain", "Partial Mode": "Partial", "Parent Relationship": "Outer", "Parallel Aware": false, "Async Capable": false, "Startup Cost": 12010.18, "Total Cost": 12010.19, "Plan Rows": 1, "Plan Width": 8, "Plans": [{"Node Type": "Hash Join", "Parent Relationship": "Outer", "Parallel Aware": true, "Async Capable": false, "Join Type": "Inner", "Startup Cost": 3650.97, "Total Cost": 11574.13, "Plan Rows": 174422, "Plan Width": 0, "Inner Unique": false, "Hash Cond": "(ph.userid = c.userid)", "Plans": [{"Node Type": "Seq Scan", "Parent Relationship": "Outer", "Parallel Aware": true, "Async Capable": false, "Relation Name": "posthistory", "Alias": "ph", "Startup Cost": 0.0, "Total Cost": 4915.18, "Plan Rows": 201, "Plan Width": 4, "Filter": "((creationdate >= '2014-09-07 05:28:28'::timestamp without time zone) AND (posthistorytypeid = 1))"}, {"Node Type": "Hash", "Parent Relationship": "Inner", "Parallel Aware": true, "Async Capable": false, "Startup Cost": 2369.32, "Total Cost": 2369.32, "Plan Rows": 102532, "Plan Width": 4, "Plans": [{"Node Type": "Seq Scan", "Parent Relationship": "Outer", "Parallel Aware": true, "Async Capable": false, "Relation Name": "comments", "Alias": "c", "Startup Cost": 0.0, "Total Cost": 2369.32, "Plan Rows": 102532, "Plan Width": 4}]}]}]}]}]}}, {"Plan": {"Node Type": "Aggregate", "Strategy": "Plain", "Partial Mode": "Simple", "Parallel Aware": false, "Async Capable": false, "Startup Cost": 10000020510.27, "Total Cost": 10000020510.28, "Plan Rows": 1, "Plan Width": 8, "Plans": [{"Node Type": "Nested Loop", "Parent Relationship": "Outer", "Parallel Aware": false, "Async Capable": false, "Join Type": "Inner", "Startup Cost": 10000000002.92, "Total Cost": 10000019768.97, "Plan Rows": 296517, "Plan Width": 0, "Inner Unique": false, "Plans": [{"Node Type": "Index Scan", "Parent Relationship": "Outer", "Parallel Aware": false, "Async Capable": false, "Scan Direction": "Forward", "Index Name": "idx_posthistory_userid", "Relation Name": "posthistory", "Alias": "ph", "Startup Cost": 10000000000.42, "Total Cost": 10000013607.96, "Plan Rows": 342, "Plan Width": 4, "Filter": "((creationdate >= '2014-09-07 05:28:28'::timestamp without time zone) AND (posthistorytypeid = 1))"}, {"Node Type": "Memoize", "Parent Relationship": "Inner", "Parallel Aware": false, "Async Capable": false, "Startup Cost": 2.5, "Total Cost": 18.01, "Plan Rows": 13, "Plan Width": 4, "Cache Key": "ph.userid", "Cache Mode": "logical", "Plans": [{"Node Type": "Bitmap Heap Scan", "Parent Relationship": "Outer", "Parallel Aware": false, "Async Capable": false, "Relation Name": "comments", "Alias": "c", "Startup Cost": 2.49, "Total Cost": 18.0, "Plan Rows": 13, "Plan Width": 4, "Recheck Cond": "(userid = ph.userid)", "Plans": [{"Node Type": "Bitmap Index Scan", "Parent Relationship": "Outer", "Parallel Aware": false, "Async Capable": false, "Index Name": "idx_comments_userid", "Startup Cost": 0.0, "Total Cost": 2.49, "Plan Rows": 13, "Plan Width": 0, "Index Cond": "(userid = ph.userid)"}]}]}]}]}}, {"Plan": {"Node Type": "Aggregate", "Strategy": "Plain", "Partial Mode": "Finalize", "Parallel Aware": false, "Async Capable": false, "Startup Cost": 9994.91, "Total Cost": 9994.92, "Plan Rows": 1, "Plan Width": 8, "Plans": [{"Node Type": "Gather", "Parent Relationship": "Outer", "Parallel Aware": false, "Async Capable": false, "Startup Cost": 9994.79, "Total Cost": 9994.9, "Plan Rows": 1, "Plan Width": 8, "Workers Planned": 1, "Single Copy": false, "Plans": [{"Node Type": "Aggregate", "Strategy": "Plain", "Partial Mode": "Partial", "Parent Relationship": "Outer", "Parallel Aware": false, "Async Capable": false, "Startup Cost": 8994.79, "Total Cost": 8994.8, "Plan Rows": 1, "Plan Width": 8, "Plans": [{"Node Type": "Nested Loop", "Parent Relationship": "Outer", "Parallel Aware": false, "Async Capable": false, "Join Type": "Inner", "Startup Cost": 2.49, "Total Cost": 8558.74, "Plan Rows": 174422, "Plan Width": 0, "Inner Unique": false, "Plans": [{"Node Type": "Seq Scan", "Parent Relationship": "Outer", "Parallel Aware": true, "Async Capable": false, "Relation Name": "posthistory", "Alias": "ph", "Startup Cost": 0.0, "Total Cost": 4915.18, "Plan Rows": 201, "Plan Width": 4, "Filter": "((creationdate >= '2014-09-07 05:28:28'::timestamp without time zone) AND (posthistorytypeid = 1))"}, {"Node Type": "Bitmap Heap Scan", "Parent Relationship": "Inner", "Parallel Aware": false, "Async Capable": false, "Relation Name": "comments", "Alias": "c", "Startup Cost": 2.49, "Total Cost": 18.0, "Plan Rows": 13, "Plan Width": 4, "Recheck Cond": "(userid = ph.userid)", "Plans": [{"Node Type": "Bitmap Index Scan", "Parent Relationship": "Outer", "Parallel Aware": false, "Async Capable": false, "Index Name": "idx_comments_userid", "Startup Cost": 0.0, "Total Cost": 2.49, "Plan Rows": 13, "Plan Width": 0, "Index Cond": "(userid = ph.userid)"}]}]}]}]}]}}, {"Plan": {"Node Type": "Aggregate", "Strategy": "Plain", "Partial Mode": "Finalize", "Parallel Aware": false, "Async Capable": false, "Startup Cost": 24566.6, "Total Cost": 24566.61, "Plan Rows": 1, "Plan Width": 8, "Plans": [{"Node Type": "Gather", "Parent Relationship": "Outer", "Parallel Aware": false, "Async Capable": false, "Startup Cost": 24566.49, "Total Cost": 24566.6, "Plan Rows": 1, "Plan Width": 8, "Workers Planned": 1, "Single Copy": false, "Plans": [{"Node Type": "Aggregate", "Strategy": "Plain", "Partial Mode": "Partial", "Parent Relationship": "Outer", "Parallel Aware": false, "Async Capable": false, "Startup Cost": 23566.49, "Total Cost": 23566.5, "Plan Rows": 1, "Plan Width": 8, "Plans": [{"Node Type": "Hash Join", "Parent Relationship": "Outer", "Parallel Aware": true, "Async Capable": false, "Join Type": "Inner", "Startup Cost": 8387.55, "Total Cost": 23130.44, "Plan Rows": 174422, "Plan Width": 0, "Inner Unique": false, "Hash Cond": "(ph.userid = c.userid)", "Plans": [{"Node Type": "Index Scan", "Parent Relationship": "Outer", "Parallel Aware": true, "Async Capable": false, "Scan Direction": "Forward", "Index Name": "idx_posthistory_userid", "Relation Name": "posthistory", "Alias": "ph", "Startup Cost": 0.42, "Total Cost": 11735.34, "Plan Rows": 201, "Plan Width": 4, "Filter": "((creationdate >= '2014-09-07 05:28:28'::timestamp without time zone) AND (posthistorytypeid = 1))"}, {"Node Type": "Hash", "Parent Relationship": "Inner", "Parallel Aware": true, "Async Capable": false, "Startup Cost": 7105.47, "Total Cost": 7105.47, "Plan Rows": 102532, "Plan Width": 4, "Plans": [{"Node Type": "Index Scan", "Parent Relationship": "Outer", "Parallel Aware": true, "Async Capable": false, "Scan Direction": "Forward", "Index Name": "idx_comments_userid", "Relation Name": "comments", "Alias": "c", "Startup Cost": 0.29, "Total Cost": 7105.47, "Plan Rows": 102532, "Plan Width": 4}]}]}]}]}]}}, {"Plan": {"Node Type": "Aggregate", "Strategy": "Plain", "Partial Mode": "Finalize", "Parallel Aware": false, "Async Capable": false, "Startup Cost": 22356.27, "Total Cost": 22356.28, "Plan Rows": 1, "Plan Width": 8, "Plans": [{"Node Type": "Gather", "Parent Relationship": "Outer", "Parallel Aware": false, "Async Capable": false, "Startup Cost": 22356.15, "Total Cost": 22356.26, "Plan Rows": 1, "Plan Width": 8, "Workers Planned": 1, "Single Copy": false, "Plans": [{"Node Type": "Aggregate", "Strategy": "Plain", "Partial Mode": "Partial", "Parent Relationship": "Outer", "Parallel Aware": false, "Async Capable": false, "Startup Cost": 21356.15, "Total Cost": 21356.16, "Plan Rows": 1, "Plan Width": 8, "Plans": [{"Node Type": "Merge Join", "Parent Relationship": "Outer", "Parallel Aware": false, "Async Capable": false, "Join Type": "Inner", "Startup Cost": 175.87, "Total Cost": 20920.1, "Plan Rows": 174422, "Plan Width": 0, "Inner Unique": false, "Merge Cond": "(ph.userid = c.userid)", "Plans": [{"Node Type": "Index Scan", "Parent Relationship": "Outer", "Parallel Aware": true, "Async Capable": false, "Scan Direction": "Forward", "Index Name": "idx_posthistory_userid", "Relation Name": "posthistory", "Alias": "ph", "Startup Cost": 0.42, "Total Cost": 11735.34, "Plan Rows": 201, "Plan Width": 4, "Filter": "((creationdate >= '2014-09-07 05:28:28'::timestamp without time zone) AND (posthistorytypeid = 1))"}, {"Node Type": "Index Scan", "Parent Relationship": "Inner", "Parallel Aware": false, "Async Capable": false, "Scan Direction": "Forward", "Index Name": "idx_comments_userid", "Relation Name": "comments", "Alias": "c", "Startup Cost": 0.29, "Total Cost": 7823.2, "Plan Rows": 174305, "Plan Width": 4}]}]}]}]}}, {"Plan": {"Node Type": "Aggregate", "Strategy": "Plain", "Partial Mode": "Finalize", "Parallel Aware": false, "Async Capable": false, "Startup Cost": 16329.82, "Total Cost": 16329.83, "Plan Rows": 1, "Plan Width": 8, "Plans": [{"Node Type": "Gather", "Parent Relationship": "Outer", "Parallel Aware": false, "Async Capable": false, "Startup Cost": 16329.7, "Total Cost": 16329.81, "Plan Rows": 1, "Plan Width": 8, "Workers Planned": 1, "Single Copy": false, "Plans": [{"Node Type": "Aggregate", "Strategy": "Plain", "Partial Mode": "Partial", "Parent Relationship": "Outer", "Parallel Aware": false, "Async Capable": false, "Startup Cost": 15329.7, "Total Cost": 15329.71, "Plan Rows": 1, "Plan Width": 8, "Plans": [{"Node Type": "Nested Loop", "Parent Relationship": "Outer", "Parallel Aware": false, "Async Capable": false, "Join Type": "Inner", "Startup Cost": 0.72, "Total Cost": 14893.65, "Plan Rows": 174422, "Plan Width": 0, "Inner Unique": false, "Plans": [{"Node Type": "Index Scan", "Parent Relationship": "Outer", "Parallel Aware": true, "Async Capable": false, "Scan Direction": "Forward", "Index Name": "idx_posthistory_userid", "Relation Name": "posthistory", "Alias": "ph", "Startup Cost": 0.42, "Total Cost": 11735.34, "Plan Rows": 201, "Plan Width": 4, "Filter": "((creationdate >= '2014-09-07 05:28:28'::timestamp without time zone) AND (posthistorytypeid = 1))"}, {"Node Type": "Index Scan", "Parent Relationship": "Inner", "Parallel Aware": false, "Async Capable": false, "Scan Direction": "Forward", "Index Name": "idx_comments_userid", "Relation Name": "comments", "Alias": "c", "Startup Cost": 0.29, "Total Cost": 15.58, "Plan Rows": 13, "Plan Width": 4, "Index Cond": "(userid = ph.userid)"}]}]}]}]}}, {"Plan": {"Node Type": "Aggregate", "Strategy": "Plain", "Partial Mode": "Finalize", "Parallel Aware": false, "Async Capable": false, "Startup Cost": 9509.66, "Total Cost": 9509.67, "Plan Rows": 1, "Plan Width": 8, "Plans": [{"Node Type": "Gather", "Parent Relationship": "Outer", "Parallel Aware": false, "Async Capable": false, "Startup Cost": 9509.55, "Total Cost": 9509.66, "Plan Rows": 1, "Plan Width": 8, "Workers Planned": 1, "Single Copy": false, "Plans": [{"Node Type": "Aggregate", "Strategy": "Plain", "Partial Mode": "Partial", "Parent Relationship": "Outer", "Parallel Aware": false, "Async Capable": false, "Startup Cost": 8509.55, "Total Cost": 8509.56, "Plan Rows": 1, "Plan Width": 8, "Plans": [{"Node Type": "Nested Loop", "Parent Relationship": "Outer", "Parallel Aware": false, "Async Capable": false, "Join Type": "Inner", "Startup Cost": 0.29, "Total Cost": 8073.49, "Plan Rows": 174422, "Plan Width": 0, "Inner Unique": false, "Plans": [{"Node Type": "Seq Scan", "Parent Relationship": "Outer", "Parallel Aware": true, "Async Capable": false, "Relation Name": "posthistory", "Alias": "ph", "Startup Cost": 0.0, "Total Cost": 4915.18, "Plan Rows": 201, "Plan Width": 4, "Filter": "((creationdate >= '2014-09-07 05:28:28'::timestamp without time zone) AND (posthistorytypeid = 1))"}, {"Node Type": "Index Scan", "Parent Relationship": "Inner", "Parallel Aware": false, "Async Capable": false, "Scan Direction": "Forward", "Index Name": "idx_comments_userid", "Relation Name": "comments", "Alias": "c", "Startup Cost": 0.29, "Total Cost": 15.58, "Plan Rows": 13, "Plan Width": 4, "Index Cond": "(userid = ph.userid)"}]}]}]}]}}, {"Plan": {"Node Type": "Aggregate", "Strategy": "Plain", "Partial Mode": "Finalize", "Parallel Aware": false, "Async Capable": false, "Startup Cost": 13955.11, "Total Cost": 13955.12, "Plan Rows": 1, "Plan Width": 8, "Plans": [{"Node Type": "Gather", "Parent Relationship": "Outer", "Parallel Aware": false, "Async Capable": false, "Startup Cost": 13954.99, "Total Cost": 13955.1, "Plan Rows": 1, "Plan Width": 8, "Workers Planned": 1, "Single Copy": false, "Plans": [{"Node Type": "Aggregate", "Strategy": "Plain", "Partial Mode": "Partial", "Parent Relationship": "Outer", "Parallel Aware": false, "Async Capable": false, "Startup Cost": 12954.99, "Total Cost": 12955.0, "Plan Rows": 1, "Plan Width": 8, "Plans": [{"Node Type": "Merge Join", "Parent Relationship": "Outer", "Parallel Aware": false, "Async Capable": false, "Join Type": "Inner", "Startup Cost": 6809.36, "Total Cost": 12518.94, "Plan Rows": 174422, "Plan Width": 0, "Inner Unique": false, "Merge Cond": "(c.userid = ph.userid)", "Plans": [{"Node Type": "Index Only Scan", "Parent Relationship": "Outer", "Parallel Aware": true, "Async Capable": false, "Scan Direction": "Forward", "Index Name": "idx_comments_userid", "Relation Name": "comments", "Alias": "c", "Startup Cost": 0.29, "Total Cost": 2851.06, "Plan Rows": 102532, "Plan Width": 4}, {"Node Type": "Sort", "Parent Relationship": "Inner", "Parallel Aware": false, "Async Capable": false, "Startup Cost": 6802.2, "Total Cost": 6803.05, "Plan Rows": 342, "Plan Width": 4, "Sort Key": ["ph.userid"], "Plans": [{"Node Type": "Seq Scan", "Parent Relationship": "Outer", "Parallel Aware": false, "Async Capable": false, "Relation Name": "posthistory", "Alias": "ph", "Startup Cost": 0.0, "Total Cost": 6787.8, "Plan Rows": 342, "Plan Width": 4, "Filter": "((creationdate >= '2014-09-07 05:28:28'::timestamp without time zone) AND (posthistorytypeid = 1))"}]}]}]}]}]}}, {"Plan": {"Node Type": "Aggregate", "Strategy": "Plain", "Partial Mode": "Finalize", "Parallel Aware": false, "Async Capable": false, "Startup Cost": 22263.29, "Total Cost": 22263.3, "Plan Rows": 1, "Plan Width": 8, "Plans": [{"Node Type": "Gather", "Parent Relationship": "Outer", "Parallel Aware": false, "Async Capable": false, "Startup Cost": 22263.18, "Total Cost": 22263.29, "Plan Rows": 1, "Plan Width": 8, "Workers Planned": 1, "Single Copy": false, "Plans": [{"Node Type": "Aggregate", "Strategy": "Plain", "Partial Mode": "Partial", "Parent Relationship": "Outer", "Parallel Aware": false, "Async Capable": false, "Startup Cost": 21263.18, "Total Cost": 21263.19, "Plan Rows": 1, "Plan Width": 8, "Plans": [{"Node Type": "Merge Join", "Parent Relationship": "Outer", "Parallel Aware": false, "Async Capable": false, "Join Type": "Inner", "Startup Cost": 17711.98, "Total Cost": 20827.13, "Plan Rows": 174422, "Plan Width": 0, "Inner Unique": false, "Merge Cond": "(c.userid = ph.userid)", "Plans": [{"Node Type": "Sort", "Parent Relationship": "Outer", "Parallel Aware": false, "Async Capable": false, "Startup Cost": 10902.92, "Total Cost": 11159.25, "Plan Rows": 102532, "Plan Width": 4, "Sort Key": ["c.userid"], "Plans": [{"Node Type": "Seq Scan", "Parent Relationship": "Outer", "Parallel Aware": true, "Async Capable": false, "Relation Name": "comments", "Alias": "c", "Startup Cost": 0.0, "Total Cost": 2369.32, "Plan Rows": 102532, "Plan Width": 4}]}, {"Node Type": "Sort", "Parent Relationship": "Inner", "Parallel Aware": false, "Async Capable": false, "Startup Cost": 6802.2, "Total Cost": 6803.05, "Plan Rows": 342, "Plan Width": 4, "Sort Key": ["ph.userid"], "Plans": [{"Node Type": "Seq Scan", "Parent Relationship": "Outer", "Parallel Aware": false, "Async Capable": false, "Relation Name": "posthistory", "Alias": "ph", "Startup Cost": 0.0, "Total Cost": 6787.8, "Plan Rows": 342, "Plan Width": 4, "Filter": "((creationdate >= '2014-09-07 05:28:28'::timestamp without time zone) AND (posthistorytypeid = 1))"}]}]}]}]}]}}, {"Plan": {"Node Type": "Aggregate", "Strategy": "Plain", "Partial Mode": "Finalize", "Parallel Aware": false, "Async Capable": false, "Startup Cost": 18209.52, "Total Cost": 18209.53, "Plan Rows": 1, "Plan Width": 8, "Plans": [{"Node Type": "Gather", "Parent Relationship": "Outer", "Parallel Aware": false, "Async Capable": false, "Startup Cost": 18209.41, "Total Cost": 18209.52, "Plan Rows": 1, "Plan Width": 8, "Workers Planned": 1, "Single Copy": false, "Plans": [{"Node Type": "Aggregate", "Strategy": "Plain", "Partial Mode": "Partial", "Parent Relationship": "Outer", "Parallel Aware": false, "Async Capable": false, "Startup Cost": 17209.41, "Total Cost": 17209.42, "Plan Rows": 1, "Plan Width": 8, "Plans": [{"Node Type": "Merge Join", "Parent Relationship": "Outer", "Parallel Aware": false, "Async Capable": false, "Join Type": "Inner", "Startup Cost": 6809.36, "Total Cost": 16773.36, "Plan Rows": 174422, "Plan Width": 0, "Inner Unique": false, "Merge Cond": "(c.userid = ph.userid)", "Plans": [{"Node Type": "Index Scan", "Parent Relationship": "Outer", "Parallel Aware": true, "Async Capable": false, "Scan Direction": "Forward", "Index Name": "idx_comments_userid", "Relation Name": "comments", "Alias": "c", "Startup Cost": 0.29, "Total Cost": 7105.47, "Plan Rows": 102532, "Plan Width": 4}, {"Node Type": "Sort", "Parent Relationship": "Inner", "Parallel Aware": false, "Async Capable": false, "Startup Cost": 6802.2, "Total Cost": 6803.05, "Plan Rows": 342, "Plan Width": 4, "Sort Key": ["ph.userid"], "Plans": [{"Node Type": "Seq Scan", "Parent Relationship": "Outer", "Parallel Aware": false, "Async Capable": false, "Relation Name": "posthistory", "Alias": "ph", "Startup Cost": 0.0, "Total Cost": 6787.8, "Plan Rows": 342, "Plan Width": 4, "Filter": "((creationdate >= '2014-09-07 05:28:28'::timestamp without time zone) AND (posthistorytypeid = 1))"}]}]}]}]}]}}]