[{"Plan": {"Node Type": "Aggregate", "Strategy": "Plain", "Partial Mode": "Simple", "Parallel Aware": false, "Async Capable": false, "Startup Cost": 3145.5, "Total Cost": 3145.51, "Plan Rows": 1, "Plan Width": 8, "Plans": [{"Node Type": "Nested Loop", "Parent Relationship": "Outer", "Parallel Aware": false, "Async Capable": false, "Join Type": "Inner", "Startup Cost": 0.58, "Total Cost": 3144.54, "Plan Rows": 387, "Plan Width": 0, "Inner Unique": false, "Plans": [{"Node Type": "Nested Loop", "Parent Relationship": "Outer", "Parallel Aware": false, "Async Capable": false, "Join Type": "Inner", "Startup Cost": 0.29, "Total Cost": 3143.71, "Plan Rows": 1, "Plan Width": 8, "Inner Unique": true, "Plans": [{"Node Type": "Seq Scan", "Parent Relationship": "Outer", "Parallel Aware": false, "Async Capable": false, "Relation Name": "posts", "Alias": "p", "Startup Cost": 0.0, "Total Cost": 3139.4, "Plan Rows": 1, "Plan Width": 4, "Filter": "((viewcount >= 26361) AND (viewcount <= 75949) AND (commentcount >= 1) AND (commentcount <= 22) AND (favoritecount >= 98) AND (favoritecount <= 195))"}, {"Node Type": "Index Only Scan", "Parent Relationship": "Inner", "Parallel Aware": false, "Async Capable": false, "Scan Direction": "Forward", "Index Name": "users_pkey", "Relation Name": "users", "Alias": "u", "Startup Cost": 0.29, "Total Cost": 4.31, "Plan Rows": 1, "Plan Width": 4, "Index Cond": "(id = p.owneruserid)"}]}, {"Node Type": "Index Scan", "Parent Relationship": "Inner", "Parallel Aware": false, "Async Capable": false, "Scan Direction": "Forward", "Index Name": "idx_comments_userid", "Relation Name": "comments", "Alias": "c", "Startup Cost": 0.29, "Total Cost": 0.74, "Plan Rows": 9, "Plan Width": 4, "Index Cond": "(userid = u.id)", "Filter": "((creationdate >= '2011-03-26 16:46:15'::timestamp without time zone) AND (creationdate <= '2013-12-21 13:05:02'::timestamp without time zone))"}]}]}}, {"Plan": {"Node Type": "Aggregate", "Strategy": "Plain", "Partial Mode": "Simple", "Parallel Aware": false, "Async Capable": false, "Startup Cost": 30000005487.32, "Total Cost": 30000005487.33, "Plan Rows": 1, "Plan Width": 8, "Plans": [{"Node Type": "Nested Loop", "Parent Relationship": "Outer", "Parallel Aware": false, "Async Capable": false, "Join Type": "Inner", "Startup Cost": 30000000005.0, "Total Cost": 30000005486.35, "Plan Rows": 387, "Plan Width": 0, "Inner Unique": false, "Plans": [{"Node Type": "Nested Loop", "Parent Relationship": "Outer", "Parallel Aware": false, "Async Capable": false, "Join Type": "Inner", "Startup Cost": 20000000004.59, "Total Cost": 20000005481.62, "Plan Rows": 1, "Plan Width": 8, "Inner Unique": true, "Plans": [{"Node Type": "Index Scan", "Parent Relationship": "Outer", "Parallel Aware": false, "Async Capable": false, "Scan Direction": "Forward", "Index Name": "idx_posts_owneruserid", "Relation Name": "posts", "Alias": "p", "Startup Cost": 10000000000.29, "Total Cost": 10000005473.31, "Plan Rows": 1, "Plan Width": 4, "Filter": "((viewcount >= 26361) AND (viewcount <= 75949) AND (commentcount >= 1) AND (commentcount <= 22) AND (favoritecount >= 98) AND (favoritecount <= 195))"}, {"Node Type": "Bitmap Heap Scan", "Parent Relationship": "Inner", "Parallel Aware": false, "Async Capable": false, "Relation Name": "users", "Alias": "u", "Startup Cost": 4.3, "Total Cost": 8.31, "Plan Rows": 1, "Plan Width": 4, "Recheck Cond": "(p.owneruserid = id)", "Plans": [{"Node Type": "Bitmap Index Scan", "Parent Relationship": "Outer", "Parallel Aware": false, "Async Capable": false, "Index Name": "users_pkey", "Startup Cost": 0.0, "Total Cost": 4.3, "Plan Rows": 1, "Plan Width": 0, "Index Cond": "(id = p.owneruserid)"}]}]}, {"Node Type": "Bitmap Heap Scan", "Parent Relationship": "Inner", "Parallel Aware": false, "Async Capable": false, "Relation Name": "comments", "Alias": "c", "Startup Cost": 0.41, "Total Cost": 4.64, "Plan Rows": 9, "Plan Width": 4, "Recheck Cond": "(userid = u.id)", "Filter": "((creationdate >= '2011-03-26 16:46:15'::timestamp without time zone) AND (creationdate <= '2013-12-21 13:05:02'::timestamp without time zone))", "Plans": [{"Node Type": "Bitmap Index Scan", "Parent Relationship": "Outer", "Parallel Aware": false, "Async Capable": false, "Index Name": "idx_comments_userid", "Startup Cost": 0.0, "Total Cost": 0.41, "Plan Rows": 13, "Plan Width": 0, "Index Cond": "(userid = u.id)"}]}]}]}}, {"Plan": {"Node Type": "Aggregate", "Strategy": "Plain", "Partial Mode": "Finalize", "Parallel Aware": false, "Async Capable": false, "Startup Cost": 15321.28, "Total Cost": 15321.29, "Plan Rows": 1, "Plan Width": 8, "Plans": [{"Node Type": "Gather", "Parent Relationship": "Outer", "Parallel Aware": false, "Async Capable": false, "Startup Cost": 15321.17, "Total Cost": 15321.28, "Plan Rows": 1, "Plan Width": 8, "Workers Planned": 1, "Single Copy": false, "Plans": [{"Node Type": "Aggregate", "Strategy": "Plain", "Partial Mode": "Partial", "Parent Relationship": "Outer", "Parallel Aware": false, "Async Capable": false, "Startup Cost": 14321.17, "Total Cost": 14321.18, "Plan Rows": 1, "Plan Width": 8, "Plans": [{"Node Type": "Hash Join", "Parent Relationship": "Outer", "Parallel Aware": true, "Async Capable": false, "Join Type": "Inner", "Startup Cost": 6453.71, "Total Cost": 14320.6, "Plan Rows": 228, "Plan Width": 0, "Inner Unique": false, "Hash Cond": "(c.userid = u.id)", "Plans": [{"Node Type": "Index Scan", "Parent Relationship": "Outer", "Parallel Aware": true, "Async Capable": false, "Scan Direction": "Forward", "Index Name": "idx_comments_userid", "Relation Name": "comments", "Alias": "c", "Startup Cost": 0.29, "Total Cost": 7618.14, "Plan Rows": 66406, "Plan Width": 4, "Filter": "((creationdate >= '2011-03-26 16:46:15'::timestamp without time zone) AND (creationdate <= '2013-12-21 13:05:02'::timestamp without time zone))"}, {"Node Type": "Hash", "Parent Relationship": "Inner", "Parallel Aware": true, "Async Capable": false, "Startup Cost": 6453.41, "Total Cost": 6453.41, "Plan Rows": 1, "Plan Width": 8, "Plans": [{"Node Type": "Hash Join", "Parent Relationship": "Outer", "Parallel Aware": false, "Async Capable": false, "Join Type": "Inner", "Startup Cost": 5473.61, "Total Cost": 6453.41, "Plan Rows": 1, "Plan Width": 8, "Inner Unique": false, "Hash Cond": "(u.id = p.owneruserid)", "Plans": [{"Node Type": "Index Only Scan", "Parent Relationship": "Outer", "Parallel Aware": true, "Async Capable": false, "Scan Direction": "Forward", "Index Name": "users_pkey", "Relation Name": "users", "Alias": "u", "Startup Cost": 0.29, "Total Cost": 891.12, "Plan Rows": 23721, "Plan Width": 4}, {"Node Type": "Hash", "Parent Relationship": "Inner", "Parallel Aware": false, "Async Capable": false, "Startup Cost": 5473.31, "Total Cost": 5473.31, "Plan Rows": 1, "Plan Width": 4, "Plans": [{"Node Type": "Index Scan", "Parent Relationship": "Outer", "Parallel Aware": false, "Async Capable": false, "Scan Direction": "Forward", "Index Name": "idx_posts_owneruserid", "Relation Name": "posts", "Alias": "p", "Startup Cost": 0.29, "Total Cost": 5473.31, "Plan Rows": 1, "Plan Width": 4, "Filter": "((viewcount >= 26361) AND (viewcount <= 75949) AND (commentcount >= 1) AND (commentcount <= 22) AND (favoritecount >= 98) AND (favoritecount <= 195))"}]}]}]}]}]}]}]}}, {"Plan": {"Node Type": "Aggregate", "Strategy": "Plain", "Partial Mode": "Simple", "Parallel Aware": false, "Async Capable": false, "Startup Cost": 15215.38, "Total Cost": 15215.39, "Plan Rows": 1, "Plan Width": 8, "Plans": [{"Node Type": "Merge Join", "Parent Relationship": "Outer", "Parallel Aware": false, "Async Capable": false, "Join Type": "Inner", "Startup Cost": 0.96, "Total Cost": 15214.41, "Plan Rows": 387, "Plan Width": 0, "Inner Unique": true, "Merge Cond": "(c.userid = u.id)", "Plans": [{"Node Type": "Merge Join", "Parent Relationship": "Outer", "Parallel Aware": false, "Async Capable": false, "Join Type": "Inner", "Startup Cost": 0.59, "Total Cost": 14305.75, "Plan Rows": 394, "Plan Width": 8, "Inner Unique": false, "Merge Cond": "(p.owneruserid = c.userid)", "Plans": [{"Node Type": "Index Scan", "Parent Relationship": "Outer", "Parallel Aware": false, "Async Capable": false, "Scan Direction": "Forward", "Index Name": "idx_posts_owneruserid", "Relation Name": "posts", "Alias": "p", "Startup Cost": 0.29, "Total Cost": 5473.31, "Plan Rows": 1, "Plan Width": 4, "Filter": "((viewcount >= 26361) AND (viewcount <= 75949) AND (commentcount >= 1) AND (commentcount <= 22) AND (favoritecount >= 98) AND (favoritecount <= 195))"}, {"Node Type": "Index Scan", "Parent Relationship": "Inner", "Parallel Aware": false, "Async Capable": false, "Scan Direction": "Forward", "Index Name": "idx_comments_userid", "Relation Name": "comments", "Alias": "c", "Startup Cost": 0.29, "Total Cost": 8694.72, "Plan Rows": 112891, "Plan Width": 4, "Filter": "((creationdate >= '2011-03-26 16:46:15'::timestamp without time zone) AND (creationdate <= '2013-12-21 13:05:02'::timestamp without time zone))"}]}, {"Node Type": "Index Only Scan", "Parent Relationship": "Inner", "Parallel Aware": false, "Async Capable": false, "Scan Direction": "Forward", "Index Name": "users_pkey", "Relation Name": "users", "Alias": "u", "Startup Cost": 0.29, "Total Cost": 1057.16, "Plan Rows": 40325, "Plan Width": 4}]}]}}, {"Plan": {"Node Type": "Aggregate", "Strategy": "Plain", "Partial Mode": "Simple", "Parallel Aware": false, "Async Capable": false, "Startup Cost": 5479.41, "Total Cost": 5479.42, "Plan Rows": 1, "Plan Width": 8, "Plans": [{"Node Type": "Nested Loop", "Parent Relationship": "Outer", "Parallel Aware": false, "Async Capable": false, "Join Type": "Inner", "Startup Cost": 0.88, "Total Cost": 5478.45, "Plan Rows": 387, "Plan Width": 0, "Inner Unique": false, "Plans": [{"Node Type": "Nested Loop", "Parent Relationship": "Outer", "Parallel Aware": false, "Async Capable": false, "Join Type": "Inner", "Startup Cost": 0.58, "Total Cost": 5477.62, "Plan Rows": 1, "Plan Width": 8, "Inner Unique": true, "Plans": [{"Node Type": "Index Scan", "Parent Relationship": "Outer", "Parallel Aware": false, "Async Capable": false, "Scan Direction": "Forward", "Index Name": "idx_posts_owneruserid", "Relation Name": "posts", "Alias": "p", "Startup Cost": 0.29, "Total Cost": 5473.31, "Plan Rows": 1, "Plan Width": 4, "Filter": "((viewcount >= 26361) AND (viewcount <= 75949) AND (commentcount >= 1) AND (commentcount <= 22) AND (favoritecount >= 98) AND (favoritecount <= 195))"}, {"Node Type": "Index Only Scan", "Parent Relationship": "Inner", "Parallel Aware": false, "Async Capable": false, "Scan Direction": "Forward", "Index Name": "users_pkey", "Relation Name": "users", "Alias": "u", "Startup Cost": 0.29, "Total Cost": 4.31, "Plan Rows": 1, "Plan Width": 4, "Index Cond": "(id = p.owneruserid)"}]}, {"Node Type": "Index Scan", "Parent Relationship": "Inner", "Parallel Aware": false, "Async Capable": false, "Scan Direction": "Forward", "Index Name": "idx_comments_userid", "Relation Name": "comments", "Alias": "c", "Startup Cost": 0.29, "Total Cost": 0.74, "Plan Rows": 9, "Plan Width": 4, "Index Cond": "(userid = u.id)", "Filter": "((creationdate >= '2011-03-26 16:46:15'::timestamp without time zone) AND (creationdate <= '2013-12-21 13:05:02'::timestamp without time zone))"}]}]}}, {"Plan": {"Node Type": "Aggregate", "Strategy": "Plain", "Partial Mode": "Finalize", "Parallel Aware": false, "Async Capable": false, "Startup Cost": 8122.61, "Total Cost": 8122.62, "Plan Rows": 1, "Plan Width": 8, "Plans": [{"Node Type": "Gather", "Parent Relationship": "Outer", "Parallel Aware": false, "Async Capable": false, "Startup Cost": 8122.5, "Total Cost": 8122.61, "Plan Rows": 1, "Plan Width": 8, "Workers Planned": 1, "Single Copy": false, "Plans": [{"Node Type": "Aggregate", "Strategy": "Plain", "Partial Mode": "Partial", "Parent Relationship": "Outer", "Parallel Aware": false, "Async Capable": false, "Startup Cost": 7122.5, "Total Cost": 7122.51, "Plan Rows": 1, "Plan Width": 8, "Plans": [{"Node Type": "Hash Join", "Parent Relationship": "Outer", "Parallel Aware": false, "Async Capable": false, "Join Type": "Inner", "Startup Cost": 3990.9, "Total Cost": 7121.93, "Plan Rows": 228, "Plan Width": 0, "Inner Unique": false, "Hash Cond": "(c.userid = u.id)", "Plans": [{"Node Type": "Seq Scan", "Parent Relationship": "Outer", "Parallel Aware": true, "Async Capable": false, "Relation Name": "comments", "Alias": "c", "Startup Cost": 0.0, "Total Cost": 2881.99, "Plan Rows": 66406, "Plan Width": 4, "Filter": "((creationdate >= '2011-03-26 16:46:15'::timestamp without time zone) AND (creationdate <= '2013-12-21 13:05:02'::timestamp without time zone))"}, {"Node Type": "Hash", "Parent Relationship": "Inner", "Parallel Aware": false, "Async Capable": false, "Startup Cost": 3990.89, "Total Cost": 3990.89, "Plan Rows": 1, "Plan Width": 8, "Plans": [{"Node Type": "Hash Join", "Parent Relationship": "Outer", "Parallel Aware": false, "Async Capable": false, "Join Type": "Inner", "Startup Cost": 3139.41, "Total Cost": 3990.89, "Plan Rows": 1, "Plan Width": 8, "Inner Unique": false, "Hash Cond": "(u.id = p.owneruserid)", "Plans": [{"Node Type": "Seq Scan", "Parent Relationship": "Outer", "Parallel Aware": false, "Async Capable": false, "Relation Name": "users", "Alias": "u", "Startup Cost": 0.0, "Total Cost": 700.25, "Plan Rows": 40325, "Plan Width": 4}, {"Node Type": "Hash", "Parent Relationship": "Inner", "Parallel Aware": false, "Async Capable": false, "Startup Cost": 3139.4, "Total Cost": 3139.4, "Plan Rows": 1, "Plan Width": 4, "Plans": [{"Node Type": "Seq Scan", "Parent Relationship": "Outer", "Parallel Aware": false, "Async Capable": false, "Relation Name": "posts", "Alias": "p", "Startup Cost": 0.0, "Total Cost": 3139.4, "Plan Rows": 1, "Plan Width": 4, "Filter": "((viewcount >= 26361) AND (viewcount <= 75949) AND (commentcount >= 1) AND (commentcount <= 22) AND (favoritecount >= 98) AND (favoritecount <= 195))"}]}]}]}]}]}]}]}}, {"Plan": {"Node Type": "Aggregate", "Strategy": "Plain", "Partial Mode": "Simple", "Parallel Aware": false, "Async Capable": false, "Startup Cost": 10000005487.32, "Total Cost": 10000005487.33, "Plan Rows": 1, "Plan Width": 8, "Plans": [{"Node Type": "Nested Loop", "Parent Relationship": "Outer", "Parallel Aware": false, "Async Capable": false, "Join Type": "Inner", "Startup Cost": 10000000005.0, "Total Cost": 10000005486.35, "Plan Rows": 387, "Plan Width": 0, "Inner Unique": false, "Plans": [{"Node Type": "Nested Loop", "Parent Relationship": "Outer", "Parallel Aware": false, "Async Capable": false, "Join Type": "Inner", "Startup Cost": 10000000004.59, "Total Cost": 10000005481.62, "Plan Rows": 1, "Plan Width": 8, "Inner Unique": true, "Plans": [{"Node Type": "Index Scan", "Parent Relationship": "Outer", "Parallel Aware": false, "Async Capable": false, "Scan Direction": "Forward", "Index Name": "idx_posts_owneruserid", "Relation Name": "posts", "Alias": "p", "Startup Cost": 10000000000.29, "Total Cost": 10000005473.31, "Plan Rows": 1, "Plan Width": 4, "Filter": "((viewcount >= 26361) AND (viewcount <= 75949) AND (commentcount >= 1) AND (commentcount <= 22) AND (favoritecount >= 98) AND (favoritecount <= 195))"}, {"Node Type": "Bitmap Heap Scan", "Parent Relationship": "Inner", "Parallel Aware": false, "Async Capable": false, "Relation Name": "users", "Alias": "u", "Startup Cost": 4.3, "Total Cost": 8.31, "Plan Rows": 1, "Plan Width": 4, "Recheck Cond": "(p.owneruserid = id)", "Plans": [{"Node Type": "Bitmap Index Scan", "Parent Relationship": "Outer", "Parallel Aware": false, "Async Capable": false, "Index Name": "users_pkey", "Startup Cost": 0.0, "Total Cost": 4.3, "Plan Rows": 1, "Plan Width": 0, "Index Cond": "(id = p.owneruserid)"}]}]}, {"Node Type": "Bitmap Heap Scan", "Parent Relationship": "Inner", "Parallel Aware": false, "Async Capable": false, "Relation Name": "comments", "Alias": "c", "Startup Cost": 0.41, "Total Cost": 4.64, "Plan Rows": 9, "Plan Width": 4, "Recheck Cond": "(userid = u.id)", "Filter": "((creationdate >= '2011-03-26 16:46:15'::timestamp without time zone) AND (creationdate <= '2013-12-21 13:05:02'::timestamp without time zone))", "Plans": [{"Node Type": "Bitmap Index Scan", "Parent Relationship": "Outer", "Parallel Aware": false, "Async Capable": false, "Index Name": "idx_comments_userid", "Startup Cost": 0.0, "Total Cost": 0.41, "Plan Rows": 13, "Plan Width": 0, "Index Cond": "(userid = u.id)"}]}]}]}}, {"Plan": {"Node Type": "Aggregate", "Strategy": "Plain", "Partial Mode": "Simple", "Parallel Aware": false, "Async Capable": false, "Startup Cost": 3153.41, "Total Cost": 3153.42, "Plan Rows": 1, "Plan Width": 8, "Plans": [{"Node Type": "Nested Loop", "Parent Relationship": "Outer", "Parallel Aware": false, "Async Capable": false, "Join Type": "Inner", "Startup Cost": 4.71, "Total Cost": 3152.44, "Plan Rows": 387, "Plan Width": 0, "Inner Unique": false, "Plans": [{"Node Type": "Nested Loop", "Parent Relationship": "Outer", "Parallel Aware": false, "Async Capable": false, "Join Type": "Inner", "Startup Cost": 4.3, "Total Cost": 3147.71, "Plan Rows": 1, "Plan Width": 8, "Inner Unique": true, "Plans": [{"Node Type": "Seq Scan", "Parent Relationship": "Outer", "Parallel Aware": false, "Async Capable": false, "Relation Name": "posts", "Alias": "p", "Startup Cost": 0.0, "Total Cost": 3139.4, "Plan Rows": 1, "Plan Width": 4, "Filter": "((viewcount >= 26361) AND (viewcount <= 75949) AND (commentcount >= 1) AND (commentcount <= 22) AND (favoritecount >= 98) AND (favoritecount <= 195))"}, {"Node Type": "Bitmap Heap Scan", "Parent Relationship": "Inner", "Parallel Aware": false, "Async Capable": false, "Relation Name": "users", "Alias": "u", "Startup Cost": 4.3, "Total Cost": 8.31, "Plan Rows": 1, "Plan Width": 4, "Recheck Cond": "(p.owneruserid = id)", "Plans": [{"Node Type": "Bitmap Index Scan", "Parent Relationship": "Outer", "Parallel Aware": false, "Async Capable": false, "Index Name": "users_pkey", "Startup Cost": 0.0, "Total Cost": 4.3, "Plan Rows": 1, "Plan Width": 0, "Index Cond": "(id = p.owneruserid)"}]}]}, {"Node Type": "Bitmap Heap Scan", "Parent Relationship": "Inner", "Parallel Aware": false, "Async Capable": false, "Relation Name": "comments", "Alias": "c", "Startup Cost": 0.41, "Total Cost": 4.64, "Plan Rows": 9, "Plan Width": 4, "Recheck Cond": "(userid = u.id)", "Filter": "((creationdate >= '2011-03-26 16:46:15'::timestamp without time zone) AND (creationdate <= '2013-12-21 13:05:02'::timestamp without time zone))", "Plans": [{"Node Type": "Bitmap Index Scan", "Parent Relationship": "Outer", "Parallel Aware": false, "Async Capable": false, "Index Name": "idx_comments_userid", "Startup Cost": 0.0, "Total Cost": 0.41, "Plan Rows": 13, "Plan Width": 0, "Index Cond": "(userid = u.id)"}]}]}]}}, {"Plan": {"Node Type": "Aggregate", "Strategy": "Plain", "Partial Mode": "Finalize", "Parallel Aware": false, "Async Capable": false, "Startup Cost": 15849.59, "Total Cost": 15849.6, "Plan Rows": 1, "Plan Width": 8, "Plans": [{"Node Type": "Gather", "Parent Relationship": "Outer", "Parallel Aware": false, "Async Capable": false, "Startup Cost": 15849.48, "Total Cost": 15849.59, "Plan Rows": 1, "Plan Width": 8, "Workers Planned": 1, "Single Copy": false, "Plans": [{"Node Type": "Aggregate", "Strategy": "Plain", "Partial Mode": "Partial", "Parent Relationship": "Outer", "Parallel Aware": false, "Async Capable": false, "Startup Cost": 14849.48, "Total Cost": 14849.49, "Plan Rows": 1, "Plan Width": 8, "Plans": [{"Node Type": "Hash Join", "Parent Relationship": "Outer", "Parallel Aware": false, "Async Capable": false, "Join Type": "Inner", "Startup Cost": 6982.02, "Total Cost": 14848.91, "Plan Rows": 228, "Plan Width": 0, "Inner Unique": false, "Hash Cond": "(c.userid = u.id)", "Plans": [{"Node Type": "Index Scan", "Parent Relationship": "Outer", "Parallel Aware": true, "Async Capable": false, "Scan Direction": "Forward", "Index Name": "idx_comments_userid", "Relation Name": "comments", "Alias": "c", "Startup Cost": 0.29, "Total Cost": 7618.14, "Plan Rows": 66406, "Plan Width": 4, "Filter": "((creationdate >= '2011-03-26 16:46:15'::timestamp without time zone) AND (creationdate <= '2013-12-21 13:05:02'::timestamp without time zone))"}, {"Node Type": "Hash", "Parent Relationship": "Inner", "Parallel Aware": false, "Async Capable": false, "Startup Cost": 6981.72, "Total Cost": 6981.72, "Plan Rows": 1, "Plan Width": 8, "Plans": [{"Node Type": "Hash Join", "Parent Relationship": "Outer", "Parallel Aware": false, "Async Capable": false, "Join Type": "Inner", "Startup Cost": 5473.61, "Total Cost": 6981.72, "Plan Rows": 1, "Plan Width": 8, "Inner Unique": false, "Hash Cond": "(u.id = p.owneruserid)", "Plans": [{"Node Type": "Index Scan", "Parent Relationship": "Outer", "Parallel Aware": false, "Async Capable": false, "Scan Direction": "Forward", "Index Name": "users_pkey", "Relation Name": "users", "Alias": "u", "Startup Cost": 0.29, "Total Cost": 1357.16, "Plan Rows": 40325, "Plan Width": 4}, {"Node Type": "Hash", "Parent Relationship": "Inner", "Parallel Aware": false, "Async Capable": false, "Startup Cost": 5473.31, "Total Cost": 5473.31, "Plan Rows": 1, "Plan Width": 4, "Plans": [{"Node Type": "Index Scan", "Parent Relationship": "Outer", "Parallel Aware": false, "Async Capable": false, "Scan Direction": "Forward", "Index Name": "idx_posts_owneruserid", "Relation Name": "posts", "Alias": "p", "Startup Cost": 0.29, "Total Cost": 5473.31, "Plan Rows": 1, "Plan Width": 4, "Filter": "((viewcount >= 26361) AND (viewcount <= 75949) AND (commentcount >= 1) AND (commentcount <= 22) AND (favoritecount >= 98) AND (favoritecount <= 195))"}]}]}]}]}]}]}]}}, {"Plan": {"Node Type": "Aggregate", "Strategy": "Plain", "Partial Mode": "Simple", "Parallel Aware": false, "Async Capable": false, "Startup Cost": 15515.38, "Total Cost": 15515.39, "Plan Rows": 1, "Plan Width": 8, "Plans": [{"Node Type": "Merge Join", "Parent Relationship": "Outer", "Parallel Aware": false, "Async Capable": false, "Join Type": "Inner", "Startup Cost": 0.99, "Total Cost": 15514.41, "Plan Rows": 387, "Plan Width": 0, "Inner Unique": true, "Merge Cond": "(c.userid = u.id)", "Plans": [{"Node Type": "Merge Join", "Parent Relationship": "Outer", "Parallel Aware": false, "Async Capable": false, "Join Type": "Inner", "Startup Cost": 0.59, "Total Cost": 14305.75, "Plan Rows": 394, "Plan Width": 8, "Inner Unique": false, "Merge Cond": "(p.owneruserid = c.userid)", "Plans": [{"Node Type": "Index Scan", "Parent Relationship": "Outer", "Parallel Aware": false, "Async Capable": false, "Scan Direction": "Forward", "Index Name": "idx_posts_owneruserid", "Relation Name": "posts", "Alias": "p", "Startup Cost": 0.29, "Total Cost": 5473.31, "Plan Rows": 1, "Plan Width": 4, "Filter": "((viewcount >= 26361) AND (viewcount <= 75949) AND (commentcount >= 1) AND (commentcount <= 22) AND (favoritecount >= 98) AND (favoritecount <= 195))"}, {"Node Type": "Index Scan", "Parent Relationship": "Inner", "Parallel Aware": false, "Async Capable": false, "Scan Direction": "Forward", "Index Name": "idx_comments_userid", "Relation Name": "comments", "Alias": "c", "Startup Cost": 0.29, "Total Cost": 8694.72, "Plan Rows": 112891, "Plan Width": 4, "Filter": "((creationdate >= '2011-03-26 16:46:15'::timestamp without time zone) AND (creationdate <= '2013-12-21 13:05:02'::timestamp without time zone))"}]}, {"Node Type": "Index Scan", "Parent Relationship": "Inner", "Parallel Aware": false, "Async Capable": false, "Scan Direction": "Forward", "Index Name": "users_pkey", "Relation Name": "users", "Alias": "u", "Startup Cost": 0.29, "Total Cost": 1357.16, "Plan Rows": 40325, "Plan Width": 4}]}]}}, {"Plan": {"Node Type": "Aggregate", "Strategy": "Plain", "Partial Mode": "Simple", "Parallel Aware": false, "Async Capable": false, "Startup Cost": 5483.41, "Total Cost": 5483.42, "Plan Rows": 1, "Plan Width": 8, "Plans": [{"Node Type": "Nested Loop", "Parent Relationship": "Outer", "Parallel Aware": false, "Async Capable": false, "Join Type": "Inner", "Startup Cost": 0.88, "Total Cost": 5482.45, "Plan Rows": 387, "Plan Width": 0, "Inner Unique": false, "Plans": [{"Node Type": "Nested Loop", "Parent Relationship": "Outer", "Parallel Aware": false, "Async Capable": false, "Join Type": "Inner", "Startup Cost": 0.58, "Total Cost": 5481.62, "Plan Rows": 1, "Plan Width": 8, "Inner Unique": true, "Plans": [{"Node Type": "Index Scan", "Parent Relationship": "Outer", "Parallel Aware": false, "Async Capable": false, "Scan Direction": "Forward", "Index Name": "idx_posts_owneruserid", "Relation Name": "posts", "Alias": "p", "Startup Cost": 0.29, "Total Cost": 5473.31, "Plan Rows": 1, "Plan Width": 4, "Filter": "((viewcount >= 26361) AND (viewcount <= 75949) AND (commentcount >= 1) AND (commentcount <= 22) AND (favoritecount >= 98) AND (favoritecount <= 195))"}, {"Node Type": "Index Scan", "Parent Relationship": "Inner", "Parallel Aware": false, "Async Capable": false, "Scan Direction": "Forward", "Index Name": "users_pkey", "Relation Name": "users", "Alias": "u", "Startup Cost": 0.29, "Total Cost": 8.31, "Plan Rows": 1, "Plan Width": 4, "Index Cond": "(id = p.owneruserid)"}]}, {"Node Type": "Index Scan", "Parent Relationship": "Inner", "Parallel Aware": false, "Async Capable": false, "Scan Direction": "Forward", "Index Name": "idx_comments_userid", "Relation Name": "comments", "Alias": "c", "Startup Cost": 0.29, "Total Cost": 0.74, "Plan Rows": 9, "Plan Width": 4, "Index Cond": "(userid = u.id)", "Filter": "((creationdate >= '2011-03-26 16:46:15'::timestamp without time zone) AND (creationdate <= '2013-12-21 13:05:02'::timestamp without time zone))"}]}]}}, {"Plan": {"Node Type": "Aggregate", "Strategy": "Plain", "Partial Mode": "Simple", "Parallel Aware": false, "Async Capable": false, "Startup Cost": 3149.5, "Total Cost": 3149.51, "Plan Rows": 1, "Plan Width": 8, "Plans": [{"Node Type": "Nested Loop", "Parent Relationship": "Outer", "Parallel Aware": false, "Async Capable": false, "Join Type": "Inner", "Startup Cost": 0.58, "Total Cost": 3148.54, "Plan Rows": 387, "Plan Width": 0, "Inner Unique": false, "Plans": [{"Node Type": "Nested Loop", "Parent Relationship": "Outer", "Parallel Aware": false, "Async Capable": false, "Join Type": "Inner", "Startup Cost": 0.29, "Total Cost": 3147.71, "Plan Rows": 1, "Plan Width": 8, "Inner Unique": true, "Plans": [{"Node Type": "Seq Scan", "Parent Relationship": "Outer", "Parallel Aware": false, "Async Capable": false, "Relation Name": "posts", "Alias": "p", "Startup Cost": 0.0, "Total Cost": 3139.4, "Plan Rows": 1, "Plan Width": 4, "Filter": "((viewcount >= 26361) AND (viewcount <= 75949) AND (commentcount >= 1) AND (commentcount <= 22) AND (favoritecount >= 98) AND (favoritecount <= 195))"}, {"Node Type": "Index Scan", "Parent Relationship": "Inner", "Parallel Aware": false, "Async Capable": false, "Scan Direction": "Forward", "Index Name": "users_pkey", "Relation Name": "users", "Alias": "u", "Startup Cost": 0.29, "Total Cost": 8.31, "Plan Rows": 1, "Plan Width": 4, "Index Cond": "(id = p.owneruserid)"}]}, {"Node Type": "Index Scan", "Parent Relationship": "Inner", "Parallel Aware": false, "Async Capable": false, "Scan Direction": "Forward", "Index Name": "idx_comments_userid", "Relation Name": "comments", "Alias": "c", "Startup Cost": 0.29, "Total Cost": 0.74, "Plan Rows": 9, "Plan Width": 4, "Index Cond": "(userid = u.id)", "Filter": "((creationdate >= '2011-03-26 16:46:15'::timestamp without time zone) AND (creationdate <= '2013-12-21 13:05:02'::timestamp without time zone))"}]}]}}, {"Plan": {"Node Type": "Aggregate", "Strategy": "Plain", "Partial Mode": "Finalize", "Parallel Aware": false, "Async Capable": false, "Startup Cost": 12827.81, "Total Cost": 12827.82, "Plan Rows": 1, "Plan Width": 8, "Plans": [{"Node Type": "Gather", "Parent Relationship": "Outer", "Parallel Aware": false, "Async Capable": false, "Startup Cost": 12827.69, "Total Cost": 12827.8, "Plan Rows": 1, "Plan Width": 8, "Workers Planned": 1, "Single Copy": false, "Plans": [{"Node Type": "Aggregate", "Strategy": "Plain", "Partial Mode": "Partial", "Parent Relationship": "Outer", "Parallel Aware": false, "Async Capable": false, "Startup Cost": 11827.69, "Total Cost": 11827.7, "Plan Rows": 1, "Plan Width": 8, "Plans": [{"Node Type": "Merge Join", "Parent Relationship": "Outer", "Parallel Aware": false, "Async Capable": false, "Join Type": "Inner", "Startup Cost": 3140.08, "Total Cost": 11827.12, "Plan Rows": 228, "Plan Width": 0, "Inner Unique": true, "Merge Cond": "(c.userid = u.id)", "Plans": [{"Node Type": "Merge Join", "Parent Relationship": "Outer", "Parallel Aware": false, "Async Capable": false, "Join Type": "Inner", "Startup Cost": 3139.71, "Total Cost": 10798.34, "Plan Rows": 232, "Plan Width": 8, "Inner Unique": false, "Merge Cond": "(c.userid = p.owneruserid)", "Plans": [{"Node Type": "Index Scan", "Parent Relationship": "Outer", "Parallel Aware": true, "Async Capable": false, "Scan Direction": "Forward", "Index Name": "idx_comments_userid", "Relation Name": "comments", "Alias": "c", "Startup Cost": 0.29, "Total Cost": 7618.14, "Plan Rows": 66406, "Plan Width": 4, "Filter": "((creationdate >= '2011-03-26 16:46:15'::timestamp without time zone) AND (creationdate <= '2013-12-21 13:05:02'::timestamp without time zone))"}, {"Node Type": "Materialize", "Parent Relationship": "Inner", "Parallel Aware": false, "Async Capable": false, "Startup Cost": 3139.41, "Total Cost": 3139.42, "Plan Rows": 1, "Plan Width": 4, "Plans": [{"Node Type": "Sort", "Parent Relationship": "Outer", "Parallel Aware": false, "Async Capable": false, "Startup Cost": 3139.41, "Total Cost": 3139.42, "Plan Rows": 1, "Plan Width": 4, "Sort Key": ["p.owneruserid"], "Plans": [{"Node Type": "Seq Scan", "Parent Relationship": "Outer", "Parallel Aware": false, "Async Capable": false, "Relation Name": "posts", "Alias": "p", "Startup Cost": 0.0, "Total Cost": 3139.4, "Plan Rows": 1, "Plan Width": 4, "Filter": "((viewcount >= 26361) AND (viewcount <= 75949) AND (commentcount >= 1) AND (commentcount <= 22) AND (favoritecount >= 98) AND (favoritecount <= 195))"}]}]}]}, {"Node Type": "Index Only Scan", "Parent Relationship": "Inner", "Parallel Aware": false, "Async Capable": false, "Scan Direction": "Forward", "Index Name": "users_pkey", "Relation Name": "users", "Alias": "u", "Startup Cost": 0.29, "Total Cost": 1057.16, "Plan Rows": 40325, "Plan Width": 4}]}]}]}]}}, {"Plan": {"Node Type": "Aggregate", "Strategy": "Plain", "Partial Mode": "Finalize", "Parallel Aware": false, "Async Capable": false, "Startup Cost": 16654.08, "Total Cost": 16654.09, "Plan Rows": 1, "Plan Width": 8, "Plans": [{"Node Type": "Gather", "Parent Relationship": "Outer", "Parallel Aware": false, "Async Capable": false, "Startup Cost": 16653.96, "Total Cost": 16654.07, "Plan Rows": 1, "Plan Width": 8, "Workers Planned": 1, "Single Copy": false, "Plans": [{"Node Type": "Aggregate", "Strategy": "Plain", "Partial Mode": "Partial", "Parent Relationship": "Outer", "Parallel Aware": false, "Async Capable": false, "Startup Cost": 15653.96, "Total Cost": 15653.97, "Plan Rows": 1, "Plan Width": 8, "Plans": [{"Node Type": "Merge Join", "Parent Relationship": "Outer", "Parallel Aware": false, "Async Capable": false, "Join Type": "Inner", "Startup Cost": 15125.18, "Total Cost": 15653.39, "Plan Rows": 228, "Plan Width": 0, "Inner Unique": false, "Merge Cond": "(c.userid = u.id)", "Plans": [{"Node Type": "Sort", "Parent Relationship": "Outer", "Parallel Aware": false, "Async Capable": false, "Startup Cost": 8200.78, "Total Cost": 8366.8, "Plan Rows": 66406, "Plan Width": 4, "Sort Key": ["c.userid"], "Plans": [{"Node Type": "Seq Scan", "Parent Relationship": "Outer", "Parallel Aware": true, "Async Capable": false, "Relation Name": "comments", "Alias": "c", "Startup Cost": 0.0, "Total Cost": 2881.99, "Plan Rows": 66406, "Plan Width": 4, "Filter": "((creationdate >= '2011-03-26 16:46:15'::timestamp without time zone) AND (creationdate <= '2013-12-21 13:05:02'::timestamp without time zone))"}]}, {"Node Type": "Materialize", "Parent Relationship": "Inner", "Parallel Aware": false, "Async Capable": false, "Startup Cost": 6924.4, "Total Cost": 7126.04, "Plan Rows": 1, "Plan Width": 8, "Plans": [{"Node Type": "Merge Join", "Parent Relationship": "Outer", "Parallel Aware": false, "Async Capable": false, "Join Type": "Inner", "Startup Cost": 6924.4, "Total Cost": 7126.04, "Plan Rows": 1, "Plan Width": 8, "Inner Unique": true, "Merge Cond": "(p.owneruserid = u.id)", "Plans": [{"Node Type": "Sort", "Parent Relationship": "Outer", "Parallel Aware": false, "Async Capable": false, "Startup Cost": 3139.41, "Total Cost": 3139.42, "Plan Rows": 1, "Plan Width": 4, "Sort Key": ["p.owneruserid"], "Plans": [{"Node Type": "Seq Scan", "Parent Relationship": "Outer", "Parallel Aware": false, "Async Capable": false, "Relation Name": "posts", "Alias": "p", "Startup Cost": 0.0, "Total Cost": 3139.4, "Plan Rows": 1, "Plan Width": 4, "Filter": "((viewcount >= 26361) AND (viewcount <= 75949) AND (commentcount >= 1) AND (commentcount <= 22) AND (favoritecount >= 98) AND (favoritecount <= 195))"}]}, {"Node Type": "Sort", "Parent Relationship": "Inner", "Parallel Aware": false, "Async Capable": false, "Startup Cost": 3784.99, "Total Cost": 3885.8, "Plan Rows": 40325, "Plan Width": 4, "Sort Key": ["u.id"], "Plans": [{"Node Type": "Seq Scan", "Parent Relationship": "Outer", "Parallel Aware": false, "Async Capable": false, "Relation Name": "users", "Alias": "u", "Startup Cost": 0.0, "Total Cost": 700.25, "Plan Rows": 40325, "Plan Width": 4}]}]}]}]}]}]}]}}, {"Plan": {"Node Type": "Aggregate", "Strategy": "Plain", "Partial Mode": "Finalize", "Parallel Aware": false, "Async Capable": false, "Startup Cost": 13127.81, "Total Cost": 13127.82, "Plan Rows": 1, "Plan Width": 8, "Plans": [{"Node Type": "Gather", "Parent Relationship": "Outer", "Parallel Aware": false, "Async Capable": false, "Startup Cost": 13127.69, "Total Cost": 13127.8, "Plan Rows": 1, "Plan Width": 8, "Workers Planned": 1, "Single Copy": false, "Plans": [{"Node Type": "Aggregate", "Strategy": "Plain", "Partial Mode": "Partial", "Parent Relationship": "Outer", "Parallel Aware": false, "Async Capable": false, "Startup Cost": 12127.69, "Total Cost": 12127.7, "Plan Rows": 1, "Plan Width": 8, "Plans": [{"Node Type": "Merge Join", "Parent Relationship": "Outer", "Parallel Aware": false, "Async Capable": false, "Join Type": "Inner", "Startup Cost": 3140.1, "Total Cost": 12127.12, "Plan Rows": 228, "Plan Width": 0, "Inner Unique": true, "Merge Cond": "(c.userid = u.id)", "Plans": [{"Node Type": "Merge Join", "Parent Relationship": "Outer", "Parallel Aware": false, "Async Capable": false, "Join Type": "Inner", "Startup Cost": 3139.71, "Total Cost": 10798.34, "Plan Rows": 232, "Plan Width": 8, "Inner Unique": false, "Merge Cond": "(c.userid = p.owneruserid)", "Plans": [{"Node Type": "Index Scan", "Parent Relationship": "Outer", "Parallel Aware": true, "Async Capable": false, "Scan Direction": "Forward", "Index Name": "idx_comments_userid", "Relation Name": "comments", "Alias": "c", "Startup Cost": 0.29, "Total Cost": 7618.14, "Plan Rows": 66406, "Plan Width": 4, "Filter": "((creationdate >= '2011-03-26 16:46:15'::timestamp without time zone) AND (creationdate <= '2013-12-21 13:05:02'::timestamp without time zone))"}, {"Node Type": "Materialize", "Parent Relationship": "Inner", "Parallel Aware": false, "Async Capable": false, "Startup Cost": 3139.41, "Total Cost": 3139.42, "Plan Rows": 1, "Plan Width": 4, "Plans": [{"Node Type": "Sort", "Parent Relationship": "Outer", "Parallel Aware": false, "Async Capable": false, "Startup Cost": 3139.41, "Total Cost": 3139.42, "Plan Rows": 1, "Plan Width": 4, "Sort Key": ["p.owneruserid"], "Plans": [{"Node Type": "Seq Scan", "Parent Relationship": "Outer", "Parallel Aware": false, "Async Capable": false, "Relation Name": "posts", "Alias": "p", "Startup Cost": 0.0, "Total Cost": 3139.4, "Plan Rows": 1, "Plan Width": 4, "Filter": "((viewcount >= 26361) AND (viewcount <= 75949) AND (commentcount >= 1) AND (commentcount <= 22) AND (favoritecount >= 98) AND (favoritecount <= 195))"}]}]}]}, {"Node Type": "Index Scan", "Parent Relationship": "Inner", "Parallel Aware": false, "Async Capable": false, "Scan Direction": "Forward", "Index Name": "users_pkey", "Relation Name": "users", "Alias": "u", "Startup Cost": 0.29, "Total Cost": 1357.16, "Plan Rows": 40325, "Plan Width": 4}]}]}]}]}}]