[{"Plan": {"Node Type": "Aggregate", "Strategy": "Plain", "Partial Mode": "Simple", "Parallel Aware": false, "Async Capable": false, "Startup Cost": 1033.11, "Total Cost": 1033.12, "Plan Rows": 1, "Plan Width": 8, "Plans": [{"Node Type": "Nested Loop", "Parent Relationship": "Outer", "Parallel Aware": false, "Async Capable": false, "Join Type": "Inner", "Startup Cost": 1.29, "Total Cost": 1033.1, "Plan Rows": 2, "Plan Width": 0, "Inner Unique": false, "Join Filter": "(c.postid = p.id)", "Plans": [{"Node Type": "Nested Loop", "Parent Relationship": "Outer", "Parallel Aware": false, "Async Capable": false, "Join Type": "Inner", "Startup Cost": 0.87, "Total Cost": 1030.93, "Plan Rows": 2, "Plan Width": 8, "Inner Unique": false, "Plans": [{"Node Type": "Nested Loop", "Parent Relationship": "Outer", "Parallel Aware": false, "Async Capable": false, "Join Type": "Inner", "Startup Cost": 0.58, "Total Cost": 1024.25, "Plan Rows": 2, "Plan Width": 4, "Inner Unique": false, "Join Filter": "(p.owneruserid = u.id)", "Plans": [{"Node Type": "Nested Loop", "Parent Relationship": "Outer", "Parallel Aware": false, "Async Capable": false, "Join Type": "Inner", "Startup Cost": 0.29, "Total Cost": 983.06, "Plan Rows": 95, "Plan Width": 8, "Inner Unique": false, "Plans": [{"Node Type": "Seq Scan", "Parent Relationship": "Outer", "Parallel Aware": false, "Async Capable": false, "Relation Name": "users", "Alias": "u", "Startup Cost": 0.0, "Total Cost": 801.06, "Plan Rows": 48, "Plan Width": 4, "Filter": "(reputation >= 6679)"}, {"Node Type": "Index Only Scan", "Parent Relationship": "Inner", "Parallel Aware": false, "Async Capable": false, "Scan Direction": "Forward", "Index Name": "idx_badges_userid", "Relation Name": "badges", "Alias": "b", "Startup Cost": 0.29, "Total Cost": 3.76, "Plan Rows": 3, "Plan Width": 4, "Index Cond": "(userid = u.id)"}]}, {"Node Type": "Index Scan", "Parent Relationship": "Inner", "Parallel Aware": false, "Async Capable": false, "Scan Direction": "Forward", "Index Name": "idx_posts_owneruserid", "Relation Name": "posts", "Alias": "p", "Startup Cost": 0.29, "Total Cost": 0.42, "Plan Rows": 1, "Plan Width": 8, "Index Cond": "(owneruserid = b.userid)", "Filter": "(viewcount >= 44909)"}]}, {"Node Type": "Index Only Scan", "Parent Relationship": "Inner", "Parallel Aware": false, "Async Capable": false, "Scan Direction": "Forward", "Index Name": "idx_postlinks_relatedpostid", "Relation Name": "postlinks", "Alias": "pl", "Startup Cost": 0.29, "Total Cost": 3.32, "Plan Rows": 2, "Plan Width": 4, "Index Cond": "(relatedpostid = p.id)"}]}, {"Node Type": "Index Scan", "Parent Relationship": "Inner", "Parallel Aware": false, "Async Capable": false, "Scan Direction": "Forward", "Index Name": "idx_comments_postid", "Relation Name": "comments", "Alias": "c", "Startup Cost": 0.42, "Total Cost": 1.07, "Plan Rows": 1, "Plan Width": 4, "Index Cond": "(postid = pl.relatedpostid)", "Filter": "(creationdate <= '2010-12-10 12:27:52'::timestamp without time zone)"}]}]}}, {"Plan": {"Node Type": "Aggregate", "Strategy": "Plain", "Partial Mode": "Simple", "Parallel Aware": false, "Async Capable": false, "Startup Cost": 50000002399.15, "Total Cost": 50000002399.16, "Plan Rows": 1, "Plan Width": 8, "Plans": [{"Node Type": "Nested Loop", "Parent Relationship": "Outer", "Parallel Aware": false, "Async Capable": false, "Join Type": "Inner", "Startup Cost": 50000000011.61, "Total Cost": 50000002399.15, "Plan Rows": 2, "Plan Width": 0, "Inner Unique": false, "Plans": [{"Node Type": "Nested Loop", "Parent Relationship": "Outer", "Parallel Aware": false, "Async Capable": false, "Join Type": "Inner", "Startup Cost": 40000000007.88, "Total Cost": 40000002384.1, "Plan Rows": 1, "Plan Width": 8, "Inner Unique": false, "Join Filter": "(c.postid = p.id)", "Plans": [{"Node Type": "Nested Loop", "Parent Relationship": "Outer", "Parallel Aware": false, "Async Capable": false, "Join Type": "Inner", "Startup Cost": 30000000007.33, "Total Cost": 30000002379.49, "Plan Rows": 1, "Plan Width": 16, "Inner Unique": false, "Plans": [{"Node Type": "Nested Loop", "Parent Relationship": "Outer", "Parallel Aware": false, "Async Capable": false, "Join Type": "Inner", "Startup Cost": 20000000004.03, "Total Cost": 20000002369.08, "Plan Rows": 1, "Plan Width": 12, "Inner Unique": false, "Plans": [{"Node Type": "Index Scan", "Parent Relationship": "Outer", "Parallel Aware": false, "Async Capable": false, "Scan Direction": "Forward", "Index Name": "users_pkey", "Relation Name": "users", "Alias": "u", "Startup Cost": 10000000000.29, "Total Cost": 10000001457.98, "Plan Rows": 48, "Plan Width": 4, "Filter": "(reputation >= 6679)"}, {"Node Type": "Bitmap Heap Scan", "Parent Relationship": "Inner", "Parallel Aware": false, "Async Capable": false, "Relation Name": "posts", "Alias": "p", "Startup Cost": 3.74, "Total Cost": 18.97, "Plan Rows": 1, "Plan Width": 8, "Recheck Cond": "(owneruserid = u.id)", "Filter": "(viewcount >= 44909)", "Plans": [{"Node Type": "Bitmap Index Scan", "Parent Relationship": "Outer", "Parallel Aware": false, "Async Capable": false, "Index Name": "idx_posts_owneruserid", "Startup Cost": 0.0, "Total Cost": 3.74, "Plan Rows": 4, "Plan Width": 0, "Index Cond": "(owneruserid = u.id)"}]}]}, {"Node Type": "Bitmap Heap Scan", "Parent Relationship": "Inner", "Parallel Aware": false, "Async Capable": false, "Relation Name": "postlinks", "Alias": "pl", "Startup Cost": 3.3, "Total Cost": 10.39, "Plan Rows": 2, "Plan Width": 4, "Recheck Cond": "(relatedpostid = p.id)", "Plans": [{"Node Type": "Bitmap Index Scan", "Parent Relationship": "Outer", "Parallel Aware": false, "Async Capable": false, "Index Name": "idx_postlinks_relatedpostid", "Startup Cost": 0.0, "Total Cost": 3.3, "Plan Rows": 2, "Plan Width": 0, "Index Cond": "(relatedpostid = p.id)"}]}]}, {"Node Type": "Bitmap Heap Scan", "Parent Relationship": "Inner", "Parallel Aware": false, "Async Capable": false, "Relation Name": "comments", "Alias": "c", "Startup Cost": 0.55, "Total Cost": 4.6, "Plan Rows": 1, "Plan Width": 4, "Recheck Cond": "(postid = pl.relatedpostid)", "Filter": "(creationdate <= '2010-12-10 12:27:52'::timestamp without time zone)", "Plans": [{"Node Type": "Bitmap Index Scan", "Parent Relationship": "Outer", "Parallel Aware": false, "Async Capable": false, "Index Name": "idx_comments_postid", "Startup Cost": 0.0, "Total Cost": 0.55, "Plan Rows": 3, "Plan Width": 0, "Index Cond": "(postid = pl.relatedpostid)"}]}]}, {"Node Type": "Bitmap Heap Scan", "Parent Relationship": "Inner", "Parallel Aware": false, "Async Capable": false, "Relation Name": "badges", "Alias": "b", "Startup Cost": 3.73, "Total Cost": 15.02, "Plan Rows": 3, "Plan Width": 4, "Recheck Cond": "(u.id = userid)", "Plans": [{"Node Type": "Bitmap Index Scan", "Parent Relationship": "Outer", "Parallel Aware": false, "Async Capable": false, "Index Name": "idx_badges_userid", "Startup Cost": 0.0, "Total Cost": 3.73, "Plan Rows": 3, "Plan Width": 0, "Index Cond": "(userid = u.id)"}]}]}]}}, {"Plan": {"Node Type": "Aggregate", "Strategy": "Plain", "Partial Mode": "Finalize", "Parallel Aware": false, "Async Capable": false, "Startup Cost": 12724.05, "Total Cost": 12724.06, "Plan Rows": 1, "Plan Width": 8, "Plans": [{"Node Type": "Gather", "Parent Relationship": "Outer", "Parallel Aware": false, "Async Capable": false, "Startup Cost": 12723.94, "Total Cost": 12724.05, "Plan Rows": 1, "Plan Width": 8, "Workers Planned": 1, "Single Copy": false, "Plans": [{"Node Type": "Aggregate", "Strategy": "Plain", "Partial Mode": "Partial", "Parent Relationship": "Outer", "Parallel Aware": false, "Async Capable": false, "Startup Cost": 11723.94, "Total Cost": 11723.95, "Plan Rows": 1, "Plan Width": 8, "Plans": [{"Node Type": "Hash Join", "Parent Relationship": "Outer", "Parallel Aware": true, "Async Capable": false, "Join Type": "Inner", "Startup Cost": 10195.44, "Total Cost": 11723.94, "Plan Rows": 1, "Plan Width": 0, "Inner Unique": false, "Hash Cond": "(u.id = p.owneruserid)", "Plans": [{"Node Type": "Hash Join", "Parent Relationship": "Outer", "Parallel Aware": false, "Async Capable": false, "Join Type": "Inner", "Startup Cost": 1458.87, "Total Cost": 2987.15, "Plan Rows": 56, "Plan Width": 8, "Inner Unique": true, "Hash Cond": "(b.userid = u.id)", "Plans": [{"Node Type": "Index Only Scan", "Parent Relationship": "Outer", "Parallel Aware": true, "Async Capable": false, "Scan Direction": "Forward", "Index Name": "idx_badges_userid", "Relation Name": "badges", "Alias": "b", "Startup Cost": 0.29, "Total Cost": 1405.26, "Plan Rows": 46971, "Plan Width": 4}, {"Node Type": "Hash", "Parent Relationship": "Inner", "Parallel Aware": false, "Async Capable": false, "Startup Cost": 1457.98, "Total Cost": 1457.98, "Plan Rows": 48, "Plan Width": 4, "Plans": [{"Node Type": "Index Scan", "Parent Relationship": "Outer", "Parallel Aware": false, "Async Capable": false, "Scan Direction": "Forward", "Index Name": "users_pkey", "Relation Name": "users", "Alias": "u", "Startup Cost": 0.29, "Total Cost": 1457.98, "Plan Rows": 48, "Plan Width": 4, "Filter": "(reputation >= 6679)"}]}]}, {"Node Type": "Hash", "Parent Relationship": "Inner", "Parallel Aware": true, "Async Capable": false, "Startup Cost": 8736.56, "Total Cost": 8736.56, "Plan Rows": 1, "Plan Width": 4, "Plans": [{"Node Type": "Hash Join", "Parent Relationship": "Outer", "Parallel Aware": false, "Async Capable": false, "Join Type": "Inner", "Startup Cost": 3761.76, "Total Cost": 8736.56, "Plan Rows": 1, "Plan Width": 4, "Inner Unique": false, "Hash Cond": "(c.postid = p.id)", "Plans": [{"Node Type": "Index Scan", "Parent Relationship": "Outer", "Parallel Aware": true, "Async Capable": false, "Scan Direction": "Forward", "Index Name": "idx_comments_postid", "Relation Name": "comments", "Alias": "c", "Startup Cost": 0.42, "Total Cost": 4959.84, "Plan Rows": 4097, "Plan Width": 4, "Filter": "(creationdate <= '2010-12-10 12:27:52'::timestamp without time zone)"}, {"Node Type": "Hash", "Parent Relationship": "Inner", "Parallel Aware": false, "Async Capable": false, "Startup Cost": 3761.32, "Total Cost": 3761.32, "Plan Rows": 2, "Plan Width": 12, "Plans": [{"Node Type": "Hash Join", "Parent Relationship": "Outer", "Parallel Aware": false, "Async Capable": false, "Join Type": "Inner", "Startup Cost": 3469.64, "Total Cost": 3761.32, "Plan Rows": 2, "Plan Width": 12, "Inner Unique": true, "Hash Cond": "(pl.relatedpostid = p.id)", "Plans": [{"Node Type": "Index Only Scan", "Parent Relationship": "Outer", "Parallel Aware": false, "Async Capable": false, "Scan Direction": "Forward", "Index Name": "idx_postlinks_relatedpostid", "Relation Name": "postlinks", "Alias": "pl", "Startup Cost": 0.29, "Total Cost": 262.81, "Plan Rows": 11102, "Plan Width": 4}, {"Node Type": "Hash", "Parent Relationship": "Inner", "Parallel Aware": false, "Async Capable": false, "Startup Cost": 3469.11, "Total Cost": 3469.11, "Plan Rows": 20, "Plan Width": 8, "Plans": [{"Node Type": "Index Scan", "Parent Relationship": "Outer", "Parallel Aware": false, "Async Capable": false, "Scan Direction": "Forward", "Index Name": "posts_pkey", "Relation Name": "posts", "Alias": "p", "Startup Cost": 0.29, "Total Cost": 3469.11, "Plan Rows": 20, "Plan Width": 8, "Filter": "(viewcount >= 44909)"}]}]}]}]}]}]}]}]}]}}, {"Plan": {"Node Type": "Aggregate", "Strategy": "Plain", "Partial Mode": "Finalize", "Parallel Aware": false, "Async Capable": false, "Startup Cost": 12711.53, "Total Cost": 12711.54, "Plan Rows": 1, "Plan Width": 8, "Plans": [{"Node Type": "Gather", "Parent Relationship": "Outer", "Parallel Aware": false, "Async Capable": false, "Startup Cost": 12711.42, "Total Cost": 12711.53, "Plan Rows": 1, "Plan Width": 8, "Workers Planned": 1, "Single Copy": false, "Plans": [{"Node Type": "Aggregate", "Strategy": "Plain", "Partial Mode": "Partial", "Parent Relationship": "Outer", "Parallel Aware": false, "Async Capable": false, "Startup Cost": 11711.42, "Total Cost": 11711.43, "Plan Rows": 1, "Plan Width": 8, "Plans": [{"Node Type": "Hash Join", "Parent Relationship": "Outer", "Parallel Aware": true, "Async Capable": false, "Join Type": "Inner", "Startup Cost": 8730.43, "Total Cost": 11711.41, "Plan Rows": 1, "Plan Width": 0, "Inner Unique": false, "Hash Cond": "(u.id = p.owneruserid)", "Plans": [{"Node Type": "Merge Join", "Parent Relationship": "Outer", "Parallel Aware": false, "Async Capable": false, "Join Type": "Inner", "Startup Cost": 0.58, "Total Cost": 2981.34, "Plan Rows": 56, "Plan Width": 8, "Inner Unique": true, "Merge Cond": "(b.userid = u.id)", "Plans": [{"Node Type": "Index Only Scan", "Parent Relationship": "Outer", "Parallel Aware": true, "Async Capable": false, "Scan Direction": "Forward", "Index Name": "idx_badges_userid", "Relation Name": "badges", "Alias": "b", "Startup Cost": 0.29, "Total Cost": 1405.26, "Plan Rows": 46971, "Plan Width": 4}, {"Node Type": "Index Scan", "Parent Relationship": "Inner", "Parallel Aware": false, "Async Capable": false, "Scan Direction": "Forward", "Index Name": "users_pkey", "Relation Name": "users", "Alias": "u", "Startup Cost": 0.29, "Total Cost": 1457.98, "Plan Rows": 48, "Plan Width": 4, "Filter": "(reputation >= 6679)"}]}, {"Node Type": "Hash", "Parent Relationship": "Inner", "Parallel Aware": true, "Async Capable": false, "Startup Cost": 8729.84, "Total Cost": 8729.84, "Plan Rows": 1, "Plan Width": 4, "Plans": [{"Node Type": "Merge Join", "Parent Relationship": "Outer", "Parallel Aware": false, "Async Capable": false, "Join Type": "Inner", "Startup Cost": 1.0, "Total Cost": 8729.84, "Plan Rows": 1, "Plan Width": 4, "Inner Unique": false, "Merge Cond": "(p.id = pl.relatedpostid)", "Plans": [{"Node Type": "Merge Join", "Parent Relationship": "Outer", "Parallel Aware": false, "Async Capable": false, "Join Type": "Inner", "Startup Cost": 0.71, "Total Cost": 8439.25, "Plan Rows": 1, "Plan Width": 12, "Inner Unique": true, "Merge Cond": "(c.postid = p.id)", "Plans": [{"Node Type": "Index Scan", "Parent Relationship": "Outer", "Parallel Aware": true, "Async Capable": false, "Scan Direction": "Forward", "Index Name": "idx_comments_postid", "Relation Name": "comments", "Alias": "c", "Startup Cost": 0.42, "Total Cost": 4959.84, "Plan Rows": 4097, "Plan Width": 4, "Filter": "(creationdate <= '2010-12-10 12:27:52'::timestamp without time zone)"}, {"Node Type": "Index Scan", "Parent Relationship": "Inner", "Parallel Aware": false, "Async Capable": false, "Scan Direction": "Forward", "Index Name": "posts_pkey", "Relation Name": "posts", "Alias": "p", "Startup Cost": 0.29, "Total Cost": 3469.11, "Plan Rows": 20, "Plan Width": 8, "Filter": "(viewcount >= 44909)"}]}, {"Node Type": "Index Only Scan", "Parent Relationship": "Inner", "Parallel Aware": false, "Async Capable": false, "Scan Direction": "Forward", "Index Name": "idx_postlinks_relatedpostid", "Relation Name": "postlinks", "Alias": "pl", "Startup Cost": 0.29, "Total Cost": 262.81, "Plan Rows": 11102, "Plan Width": 4}]}]}]}]}]}]}}, {"Plan": {"Node Type": "Aggregate", "Strategy": "Plain", "Partial Mode": "Simple", "Parallel Aware": false, "Async Capable": false, "Startup Cost": 1690.02, "Total Cost": 1690.03, "Plan Rows": 1, "Plan Width": 8, "Plans": [{"Node Type": "Nested Loop", "Parent Relationship": "Outer", "Parallel Aware": false, "Async Capable": false, "Join Type": "Inner", "Startup Cost": 1.58, "Total Cost": 1690.02, "Plan Rows": 2, "Plan Width": 0, "Inner Unique": false, "Join Filter": "(c.postid = p.id)", "Plans": [{"Node Type": "Nested Loop", "Parent Relationship": "Outer", "Parallel Aware": false, "Async Capable": false, "Join Type": "Inner", "Startup Cost": 1.16, "Total Cost": 1687.85, "Plan Rows": 2, "Plan Width": 8, "Inner Unique": false, "Plans": [{"Node Type": "Nested Loop", "Parent Relationship": "Outer", "Parallel Aware": false, "Async Capable": false, "Join Type": "Inner", "Startup Cost": 0.88, "Total Cost": 1681.17, "Plan Rows": 2, "Plan Width": 4, "Inner Unique": false, "Join Filter": "(p.owneruserid = u.id)", "Plans": [{"Node Type": "Nested Loop", "Parent Relationship": "Outer", "Parallel Aware": false, "Async Capable": false, "Join Type": "Inner", "Startup Cost": 0.58, "Total Cost": 1639.98, "Plan Rows": 95, "Plan Width": 8, "Inner Unique": false, "Plans": [{"Node Type": "Index Scan", "Parent Relationship": "Outer", "Parallel Aware": false, "Async Capable": false, "Scan Direction": "Forward", "Index Name": "users_pkey", "Relation Name": "users", "Alias": "u", "Startup Cost": 0.29, "Total Cost": 1457.98, "Plan Rows": 48, "Plan Width": 4, "Filter": "(reputation >= 6679)"}, {"Node Type": "Index Only Scan", "Parent Relationship": "Inner", "Parallel Aware": false, "Async Capable": false, "Scan Direction": "Forward", "Index Name": "idx_badges_userid", "Relation Name": "badges", "Alias": "b", "Startup Cost": 0.29, "Total Cost": 3.76, "Plan Rows": 3, "Plan Width": 4, "Index Cond": "(userid = u.id)"}]}, {"Node Type": "Index Scan", "Parent Relationship": "Inner", "Parallel Aware": false, "Async Capable": false, "Scan Direction": "Forward", "Index Name": "idx_posts_owneruserid", "Relation Name": "posts", "Alias": "p", "Startup Cost": 0.29, "Total Cost": 0.42, "Plan Rows": 1, "Plan Width": 8, "Index Cond": "(owneruserid = b.userid)", "Filter": "(viewcount >= 44909)"}]}, {"Node Type": "Index Only Scan", "Parent Relationship": "Inner", "Parallel Aware": false, "Async Capable": false, "Scan Direction": "Forward", "Index Name": "idx_postlinks_relatedpostid", "Relation Name": "postlinks", "Alias": "pl", "Startup Cost": 0.29, "Total Cost": 3.32, "Plan Rows": 2, "Plan Width": 4, "Index Cond": "(relatedpostid = p.id)"}]}, {"Node Type": "Index Scan", "Parent Relationship": "Inner", "Parallel Aware": false, "Async Capable": false, "Scan Direction": "Forward", "Index Name": "idx_comments_postid", "Relation Name": "comments", "Alias": "c", "Startup Cost": 0.42, "Total Cost": 1.07, "Plan Rows": 1, "Plan Width": 4, "Index Cond": "(postid = pl.relatedpostid)", "Filter": "(creationdate <= '2010-12-10 12:27:52'::timestamp without time zone)"}]}]}}, {"Plan": {"Node Type": "Aggregate", "Strategy": "Plain", "Partial Mode": "Simple", "Parallel Aware": false, "Async Capable": false, "Startup Cost": 8003.4, "Total Cost": 8003.41, "Plan Rows": 1, "Plan Width": 8, "Plans": [{"Node Type": "Hash Join", "Parent Relationship": "Outer", "Parallel Aware": false, "Async Capable": false, "Join Type": "Inner", "Startup Cost": 4454.45, "Total Cost": 8003.39, "Plan Rows": 2, "Plan Width": 0, "Inner Unique": false, "Hash Cond": "(c.postid = p.id)", "Plans": [{"Node Type": "Seq Scan", "Parent Relationship": "Outer", "Parallel Aware": false, "Async Capable": false, "Relation Name": "comments", "Alias": "c", "Startup Cost": 0.0, "Total Cost": 3522.81, "Plan Rows": 6965, "Plan Width": 4, "Filter": "(creationdate <= '2010-12-10 12:27:52'::timestamp without time zone)"}, {"Node Type": "Hash", "Parent Relationship": "Inner", "Parallel Aware": false, "Async Capable": false, "Startup Cost": 4454.43, "Total Cost": 4454.43, "Plan Rows": 2, "Plan Width": 8, "Plans": [{"Node Type": "Hash Join", "Parent Relationship": "Outer", "Parallel Aware": false, "Async Capable": false, "Join Type": "Inner", "Startup Cost": 3013.8, "Total Cost": 4454.43, "Plan Rows": 2, "Plan Width": 8, "Inner Unique": false, "Hash Cond": "(u.id = p.owneruserid)", "Plans": [{"Node Type": "Hash Join", "Parent Relationship": "Outer", "Parallel Aware": false, "Async Capable": false, "Join Type": "Inner", "Startup Cost": 801.66, "Total Cost": 2241.8, "Plan Rows": 95, "Plan Width": 8, "Inner Unique": true, "Hash Cond": "(b.userid = u.id)", "Plans": [{"Node Type": "Seq Scan", "Parent Relationship": "Outer", "Parallel Aware": false, "Async Capable": false, "Relation Name": "badges", "Alias": "b", "Startup Cost": 0.0, "Total Cost": 1230.51, "Plan Rows": 79851, "Plan Width": 4}, {"Node Type": "Hash", "Parent Relationship": "Inner", "Parallel Aware": false, "Async Capable": false, "Startup Cost": 801.06, "Total Cost": 801.06, "Plan Rows": 48, "Plan Width": 4, "Plans": [{"Node Type": "Seq Scan", "Parent Relationship": "Outer", "Parallel Aware": false, "Async Capable": false, "Relation Name": "users", "Alias": "u", "Startup Cost": 0.0, "Total Cost": 801.06, "Plan Rows": 48, "Plan Width": 4, "Filter": "(reputation >= 6679)"}]}]}, {"Node Type": "Hash", "Parent Relationship": "Inner", "Parallel Aware": false, "Async Capable": false, "Startup Cost": 2212.11, "Total Cost": 2212.11, "Plan Rows": 2, "Plan Width": 12, "Plans": [{"Node Type": "Hash Join", "Parent Relationship": "Outer", "Parallel Aware": false, "Async Capable": false, "Join Type": "Inner", "Startup Cost": 1989.95, "Total Cost": 2212.11, "Plan Rows": 2, "Plan Width": 12, "Inner Unique": true, "Hash Cond": "(pl.relatedpostid = p.id)", "Plans": [{"Node Type": "Seq Scan", "Parent Relationship": "Outer", "Parallel Aware": false, "Async Capable": false, "Relation Name": "postlinks", "Alias": "pl", "Startup Cost": 0.0, "Total Cost": 193.02, "Plan Rows": 11102, "Plan Width": 4}, {"Node Type": "Hash", "Parent Relationship": "Inner", "Parallel Aware": false, "Async Capable": false, "Startup Cost": 1989.7, "Total Cost": 1989.7, "Plan Rows": 20, "Plan Width": 8, "Plans": [{"Node Type": "Seq Scan", "Parent Relationship": "Outer", "Parallel Aware": false, "Async Capable": false, "Relation Name": "posts", "Alias": "p", "Startup Cost": 0.0, "Total Cost": 1989.7, "Plan Rows": 20, "Plan Width": 8, "Filter": "(viewcount >= 44909)"}]}]}]}]}]}]}]}}, {"Plan": {"Node Type": "Aggregate", "Strategy": "Plain", "Partial Mode": "Simple", "Parallel Aware": false, "Async Capable": false, "Startup Cost": 10000002399.15, "Total Cost": 10000002399.16, "Plan Rows": 1, "Plan Width": 8, "Plans": [{"Node Type": "Nested Loop", "Parent Relationship": "Outer", "Parallel Aware": false, "Async Capable": false, "Join Type": "Inner", "Startup Cost": 10000000011.61, "Total Cost": 10000002399.15, "Plan Rows": 2, "Plan Width": 0, "Inner Unique": false, "Plans": [{"Node Type": "Nested Loop", "Parent Relationship": "Outer", "Parallel Aware": false, "Async Capable": false, "Join Type": "Inner", "Startup Cost": 10000000007.88, "Total Cost": 10000002384.1, "Plan Rows": 1, "Plan Width": 8, "Inner Unique": false, "Join Filter": "(c.postid = p.id)", "Plans": [{"Node Type": "Nested Loop", "Parent Relationship": "Outer", "Parallel Aware": false, "Async Capable": false, "Join Type": "Inner", "Startup Cost": 10000000007.33, "Total Cost": 10000002379.49, "Plan Rows": 1, "Plan Width": 16, "Inner Unique": false, "Plans": [{"Node Type": "Nested Loop", "Parent Relationship": "Outer", "Parallel Aware": false, "Async Capable": false, "Join Type": "Inner", "Startup Cost": 10000000004.03, "Total Cost": 10000002369.08, "Plan Rows": 1, "Plan Width": 12, "Inner Unique": false, "Plans": [{"Node Type": "Index Scan", "Parent Relationship": "Outer", "Parallel Aware": false, "Async Capable": false, "Scan Direction": "Forward", "Index Name": "users_pkey", "Relation Name": "users", "Alias": "u", "Startup Cost": 10000000000.29, "Total Cost": 10000001457.98, "Plan Rows": 48, "Plan Width": 4, "Filter": "(reputation >= 6679)"}, {"Node Type": "Bitmap Heap Scan", "Parent Relationship": "Inner", "Parallel Aware": false, "Async Capable": false, "Relation Name": "posts", "Alias": "p", "Startup Cost": 3.74, "Total Cost": 18.97, "Plan Rows": 1, "Plan Width": 8, "Recheck Cond": "(owneruserid = u.id)", "Filter": "(viewcount >= 44909)", "Plans": [{"Node Type": "Bitmap Index Scan", "Parent Relationship": "Outer", "Parallel Aware": false, "Async Capable": false, "Index Name": "idx_posts_owneruserid", "Startup Cost": 0.0, "Total Cost": 3.74, "Plan Rows": 4, "Plan Width": 0, "Index Cond": "(owneruserid = u.id)"}]}]}, {"Node Type": "Bitmap Heap Scan", "Parent Relationship": "Inner", "Parallel Aware": false, "Async Capable": false, "Relation Name": "postlinks", "Alias": "pl", "Startup Cost": 3.3, "Total Cost": 10.39, "Plan Rows": 2, "Plan Width": 4, "Recheck Cond": "(relatedpostid = p.id)", "Plans": [{"Node Type": "Bitmap Index Scan", "Parent Relationship": "Outer", "Parallel Aware": false, "Async Capable": false, "Index Name": "idx_postlinks_relatedpostid", "Startup Cost": 0.0, "Total Cost": 3.3, "Plan Rows": 2, "Plan Width": 0, "Index Cond": "(relatedpostid = p.id)"}]}]}, {"Node Type": "Bitmap Heap Scan", "Parent Relationship": "Inner", "Parallel Aware": false, "Async Capable": false, "Relation Name": "comments", "Alias": "c", "Startup Cost": 0.55, "Total Cost": 4.6, "Plan Rows": 1, "Plan Width": 4, "Recheck Cond": "(postid = pl.relatedpostid)", "Filter": "(creationdate <= '2010-12-10 12:27:52'::timestamp without time zone)", "Plans": [{"Node Type": "Bitmap Index Scan", "Parent Relationship": "Outer", "Parallel Aware": false, "Async Capable": false, "Index Name": "idx_comments_postid", "Startup Cost": 0.0, "Total Cost": 0.55, "Plan Rows": 3, "Plan Width": 0, "Index Cond": "(postid = pl.relatedpostid)"}]}]}, {"Node Type": "Bitmap Heap Scan", "Parent Relationship": "Inner", "Parallel Aware": false, "Async Capable": false, "Relation Name": "badges", "Alias": "b", "Startup Cost": 3.73, "Total Cost": 15.02, "Plan Rows": 3, "Plan Width": 4, "Recheck Cond": "(u.id = userid)", "Plans": [{"Node Type": "Bitmap Index Scan", "Parent Relationship": "Outer", "Parallel Aware": false, "Async Capable": false, "Index Name": "idx_badges_userid", "Startup Cost": 0.0, "Total Cost": 3.73, "Plan Rows": 3, "Plan Width": 0, "Index Cond": "(userid = u.id)"}]}]}]}}, {"Plan": {"Node Type": "Aggregate", "Strategy": "Plain", "Partial Mode": "Simple", "Parallel Aware": false, "Async Capable": false, "Startup Cost": 1742.24, "Total Cost": 1742.25, "Plan Rows": 1, "Plan Width": 8, "Plans": [{"Node Type": "Nested Loop", "Parent Relationship": "Outer", "Parallel Aware": false, "Async Capable": false, "Join Type": "Inner", "Startup Cost": 11.32, "Total Cost": 1742.23, "Plan Rows": 2, "Plan Width": 0, "Inner Unique": false, "Plans": [{"Node Type": "Nested Loop", "Parent Relationship": "Outer", "Parallel Aware": false, "Async Capable": false, "Join Type": "Inner", "Startup Cost": 7.59, "Total Cost": 1727.18, "Plan Rows": 1, "Plan Width": 8, "Inner Unique": false, "Join Filter": "(c.postid = p.id)", "Plans": [{"Node Type": "Nested Loop", "Parent Relationship": "Outer", "Parallel Aware": false, "Async Capable": false, "Join Type": "Inner", "Startup Cost": 7.04, "Total Cost": 1722.58, "Plan Rows": 1, "Plan Width": 16, "Inner Unique": false, "Plans": [{"Node Type": "Nested Loop", "Parent Relationship": "Outer", "Parallel Aware": false, "Async Capable": false, "Join Type": "Inner", "Startup Cost": 3.74, "Total Cost": 1712.17, "Plan Rows": 1, "Plan Width": 12, "Inner Unique": false, "Plans": [{"Node Type": "Seq Scan", "Parent Relationship": "Outer", "Parallel Aware": false, "Async Capable": false, "Relation Name": "users", "Alias": "u", "Startup Cost": 0.0, "Total Cost": 801.06, "Plan Rows": 48, "Plan Width": 4, "Filter": "(reputation >= 6679)"}, {"Node Type": "Bitmap Heap Scan", "Parent Relationship": "Inner", "Parallel Aware": false, "Async Capable": false, "Relation Name": "posts", "Alias": "p", "Startup Cost": 3.74, "Total Cost": 18.97, "Plan Rows": 1, "Plan Width": 8, "Recheck Cond": "(owneruserid = u.id)", "Filter": "(viewcount >= 44909)", "Plans": [{"Node Type": "Bitmap Index Scan", "Parent Relationship": "Outer", "Parallel Aware": false, "Async Capable": false, "Index Name": "idx_posts_owneruserid", "Startup Cost": 0.0, "Total Cost": 3.74, "Plan Rows": 4, "Plan Width": 0, "Index Cond": "(owneruserid = u.id)"}]}]}, {"Node Type": "Bitmap Heap Scan", "Parent Relationship": "Inner", "Parallel Aware": false, "Async Capable": false, "Relation Name": "postlinks", "Alias": "pl", "Startup Cost": 3.3, "Total Cost": 10.39, "Plan Rows": 2, "Plan Width": 4, "Recheck Cond": "(relatedpostid = p.id)", "Plans": [{"Node Type": "Bitmap Index Scan", "Parent Relationship": "Outer", "Parallel Aware": false, "Async Capable": false, "Index Name": "idx_postlinks_relatedpostid", "Startup Cost": 0.0, "Total Cost": 3.3, "Plan Rows": 2, "Plan Width": 0, "Index Cond": "(relatedpostid = p.id)"}]}]}, {"Node Type": "Bitmap Heap Scan", "Parent Relationship": "Inner", "Parallel Aware": false, "Async Capable": false, "Relation Name": "comments", "Alias": "c", "Startup Cost": 0.55, "Total Cost": 4.6, "Plan Rows": 1, "Plan Width": 4, "Recheck Cond": "(postid = pl.relatedpostid)", "Filter": "(creationdate <= '2010-12-10 12:27:52'::timestamp without time zone)", "Plans": [{"Node Type": "Bitmap Index Scan", "Parent Relationship": "Outer", "Parallel Aware": false, "Async Capable": false, "Index Name": "idx_comments_postid", "Startup Cost": 0.0, "Total Cost": 0.55, "Plan Rows": 3, "Plan Width": 0, "Index Cond": "(postid = pl.relatedpostid)"}]}]}, {"Node Type": "Bitmap Heap Scan", "Parent Relationship": "Inner", "Parallel Aware": false, "Async Capable": false, "Relation Name": "badges", "Alias": "b", "Startup Cost": 3.73, "Total Cost": 15.02, "Plan Rows": 3, "Plan Width": 4, "Recheck Cond": "(u.id = userid)", "Plans": [{"Node Type": "Bitmap Index Scan", "Parent Relationship": "Outer", "Parallel Aware": false, "Async Capable": false, "Index Name": "idx_badges_userid", "Startup Cost": 0.0, "Total Cost": 3.73, "Plan Rows": 3, "Plan Width": 0, "Index Cond": "(userid = u.id)"}]}]}]}}, {"Plan": {"Node Type": "Aggregate", "Strategy": "Plain", "Partial Mode": "Simple", "Parallel Aware": false, "Async Capable": false, "Startup Cost": 14446.68, "Total Cost": 14446.69, "Plan Rows": 1, "Plan Width": 8, "Plans": [{"Node Type": "Hash Join", "Parent Relationship": "Outer", "Parallel Aware": false, "Async Capable": false, "Join Type": "Inner", "Startup Cost": 8563.97, "Total Cost": 14446.68, "Plan Rows": 2, "Plan Width": 0, "Inner Unique": false, "Hash Cond": "(c.postid = p.id)", "Plans": [{"Node Type": "Index Scan", "Parent Relationship": "Outer", "Parallel Aware": false, "Async Capable": false, "Scan Direction": "Forward", "Index Name": "idx_comments_postid", "Relation Name": "comments", "Alias": "c", "Startup Cost": 0.42, "Total Cost": 5857.0, "Plan Rows": 6965, "Plan Width": 4, "Filter": "(creationdate <= '2010-12-10 12:27:52'::timestamp without time zone)"}, {"Node Type": "Hash", "Parent Relationship": "Inner", "Parallel Aware": false, "Async Capable": false, "Startup Cost": 8563.52, "Total Cost": 8563.52, "Plan Rows": 2, "Plan Width": 8, "Plans": [{"Node Type": "Hash Join", "Parent Relationship": "Outer", "Parallel Aware": false, "Async Capable": false, "Join Type": "Inner", "Startup Cost": 5488.36, "Total Cost": 8563.52, "Plan Rows": 2, "Plan Width": 8, "Inner Unique": false, "Hash Cond": "(u.id = p.owneruserid)", "Plans": [{"Node Type": "Hash Join", "Parent Relationship": "Outer", "Parallel Aware": false, "Async Capable": false, "Join Type": "Inner", "Startup Cost": 1458.87, "Total Cost": 4533.55, "Plan Rows": 95, "Plan Width": 8, "Inner Unique": true, "Hash Cond": "(b.userid = u.id)", "Plans": [{"Node Type": "Index Scan", "Parent Relationship": "Outer", "Parallel Aware": false, "Async Capable": false, "Scan Direction": "Forward", "Index Name": "idx_badges_userid", "Relation Name": "badges", "Alias": "b", "Startup Cost": 0.29, "Total Cost": 2865.34, "Plan Rows": 79851, "Plan Width": 4}, {"Node Type": "Hash", "Parent Relationship": "Inner", "Parallel Aware": false, "Async Capable": false, "Startup Cost": 1457.98, "Total Cost": 1457.98, "Plan Rows": 48, "Plan Width": 4, "Plans": [{"Node Type": "Index Scan", "Parent Relationship": "Outer", "Parallel Aware": false, "Async Capable": false, "Scan Direction": "Forward", "Index Name": "users_pkey", "Relation Name": "users", "Alias": "u", "Startup Cost": 0.29, "Total Cost": 1457.98, "Plan Rows": 48, "Plan Width": 4, "Filter": "(reputation >= 6679)"}]}]}, {"Node Type": "Hash", "Parent Relationship": "Inner", "Parallel Aware": false, "Async Capable": false, "Startup Cost": 4029.46, "Total Cost": 4029.46, "Plan Rows": 2, "Plan Width": 12, "Plans": [{"Node Type": "Hash Join", "Parent Relationship": "Outer", "Parallel Aware": false, "Async Capable": false, "Join Type": "Inner", "Startup Cost": 3469.64, "Total Cost": 4029.46, "Plan Rows": 2, "Plan Width": 12, "Inner Unique": true, "Hash Cond": "(pl.relatedpostid = p.id)", "Plans": [{"Node Type": "Index Scan", "Parent Relationship": "Outer", "Parallel Aware": false, "Async Capable": false, "Scan Direction": "Forward", "Index Name": "idx_postlinks_relatedpostid", "Relation Name": "postlinks", "Alias": "pl", "Startup Cost": 0.29, "Total Cost": 530.96, "Plan Rows": 11102, "Plan Width": 4}, {"Node Type": "Hash", "Parent Relationship": "Inner", "Parallel Aware": false, "Async Capable": false, "Startup Cost": 3469.11, "Total Cost": 3469.11, "Plan Rows": 20, "Plan Width": 8, "Plans": [{"Node Type": "Index Scan", "Parent Relationship": "Outer", "Parallel Aware": false, "Async Capable": false, "Scan Direction": "Forward", "Index Name": "posts_pkey", "Relation Name": "posts", "Alias": "p", "Startup Cost": 0.29, "Total Cost": 3469.11, "Plan Rows": 20, "Plan Width": 8, "Filter": "(viewcount >= 44909)"}]}]}]}]}]}]}]}}, {"Plan": {"Node Type": "Aggregate", "Strategy": "Plain", "Partial Mode": "Simple", "Parallel Aware": false, "Async Capable": false, "Startup Cost": 14427.55, "Total Cost": 14427.56, "Plan Rows": 1, "Plan Width": 8, "Plans": [{"Node Type": "Hash Join", "Parent Relationship": "Outer", "Parallel Aware": false, "Async Capable": false, "Join Type": "Inner", "Startup Cost": 4526.2, "Total Cost": 14427.54, "Plan Rows": 2, "Plan Width": 0, "Inner Unique": false, "Hash Cond": "(p.owneruserid = u.id)", "Plans": [{"Node Type": "Merge Join", "Parent Relationship": "Outer", "Parallel Aware": false, "Async Capable": false, "Join Type": "Inner", "Startup Cost": 1.0, "Total Cost": 9902.32, "Plan Rows": 1, "Plan Width": 4, "Inner Unique": false, "Merge Cond": "(p.id = pl.relatedpostid)", "Plans": [{"Node Type": "Merge Join", "Parent Relationship": "Outer", "Parallel Aware": false, "Async Capable": false, "Join Type": "Inner", "Startup Cost": 0.71, "Total Cost": 9343.59, "Plan Rows": 2, "Plan Width": 12, "Inner Unique": true, "Merge Cond": "(c.postid = p.id)", "Plans": [{"Node Type": "Index Scan", "Parent Relationship": "Outer", "Parallel Aware": false, "Async Capable": false, "Scan Direction": "Forward", "Index Name": "idx_comments_postid", "Relation Name": "comments", "Alias": "c", "Startup Cost": 0.42, "Total Cost": 5857.0, "Plan Rows": 6965, "Plan Width": 4, "Filter": "(creationdate <= '2010-12-10 12:27:52'::timestamp without time zone)"}, {"Node Type": "Index Scan", "Parent Relationship": "Inner", "Parallel Aware": false, "Async Capable": false, "Scan Direction": "Forward", "Index Name": "posts_pkey", "Relation Name": "posts", "Alias": "p", "Startup Cost": 0.29, "Total Cost": 3469.11, "Plan Rows": 20, "Plan Width": 8, "Filter": "(viewcount >= 44909)"}]}, {"Node Type": "Index Scan", "Parent Relationship": "Inner", "Parallel Aware": false, "Async Capable": false, "Scan Direction": "Forward", "Index Name": "idx_postlinks_relatedpostid", "Relation Name": "postlinks", "Alias": "pl", "Startup Cost": 0.29, "Total Cost": 530.96, "Plan Rows": 11102, "Plan Width": 4}]}, {"Node Type": "Hash", "Parent Relationship": "Inner", "Parallel Aware": false, "Async Capable": false, "Startup Cost": 4524.02, "Total Cost": 4524.02, "Plan Rows": 95, "Plan Width": 8, "Plans": [{"Node Type": "Merge Join", "Parent Relationship": "Outer", "Parallel Aware": false, "Async Capable": false, "Join Type": "Inner", "Startup Cost": 0.58, "Total Cost": 4524.02, "Plan Rows": 95, "Plan Width": 8, "Inner Unique": false, "Merge Cond": "(u.id = b.userid)", "Plans": [{"Node Type": "Index Scan", "Parent Relationship": "Outer", "Parallel Aware": false, "Async Capable": false, "Scan Direction": "Forward", "Index Name": "users_pkey", "Relation Name": "users", "Alias": "u", "Startup Cost": 0.29, "Total Cost": 1457.98, "Plan Rows": 48, "Plan Width": 4, "Filter": "(reputation >= 6679)"}, {"Node Type": "Index Scan", "Parent Relationship": "Inner", "Parallel Aware": false, "Async Capable": false, "Scan Direction": "Forward", "Index Name": "idx_badges_userid", "Relation Name": "badges", "Alias": "b", "Startup Cost": 0.29, "Total Cost": 2865.34, "Plan Rows": 79851, "Plan Width": 4}]}]}]}]}}, {"Plan": {"Node Type": "Aggregate", "Strategy": "Plain", "Partial Mode": "Simple", "Parallel Aware": false, "Async Capable": false, "Startup Cost": 2052.0, "Total Cost": 2052.01, "Plan Rows": 1, "Plan Width": 8, "Plans": [{"Node Type": "Nested Loop", "Parent Relationship": "Outer", "Parallel Aware": false, "Async Capable": false, "Join Type": "Inner", "Startup Cost": 1.58, "Total Cost": 2051.99, "Plan Rows": 2, "Plan Width": 0, "Inner Unique": false, "Join Filter": "(pl.relatedpostid = p.id)", "Plans": [{"Node Type": "Nested Loop", "Parent Relationship": "Outer", "Parallel Aware": false, "Async Capable": false, "Join Type": "Inner", "Startup Cost": 1.29, "Total Cost": 2051.18, "Plan Rows": 2, "Plan Width": 8, "Inner Unique": false, "Plans": [{"Node Type": "Nested Loop", "Parent Relationship": "Outer", "Parallel Aware": false, "Async Capable": false, "Join Type": "Inner", "Startup Cost": 0.88, "Total Cost": 2033.18, "Plan Rows": 2, "Plan Width": 4, "Inner Unique": false, "Join Filter": "(p.owneruserid = u.id)", "Plans": [{"Node Type": "Nested Loop", "Parent Relationship": "Outer", "Parallel Aware": false, "Async Capable": false, "Join Type": "Inner", "Startup Cost": 0.58, "Total Cost": 1991.99, "Plan Rows": 95, "Plan Width": 8, "Inner Unique": false, "Plans": [{"Node Type": "Index Scan", "Parent Relationship": "Outer", "Parallel Aware": false, "Async Capable": false, "Scan Direction": "Forward", "Index Name": "users_pkey", "Relation Name": "users", "Alias": "u", "Startup Cost": 0.29, "Total Cost": 1457.98, "Plan Rows": 48, "Plan Width": 4, "Filter": "(reputation >= 6679)"}, {"Node Type": "Index Scan", "Parent Relationship": "Inner", "Parallel Aware": false, "Async Capable": false, "Scan Direction": "Forward", "Index Name": "idx_badges_userid", "Relation Name": "badges", "Alias": "b", "Startup Cost": 0.29, "Total Cost": 11.1, "Plan Rows": 3, "Plan Width": 4, "Index Cond": "(userid = u.id)"}]}, {"Node Type": "Index Scan", "Parent Relationship": "Inner", "Parallel Aware": false, "Async Capable": false, "Scan Direction": "Forward", "Index Name": "idx_posts_owneruserid", "Relation Name": "posts", "Alias": "p", "Startup Cost": 0.29, "Total Cost": 0.42, "Plan Rows": 1, "Plan Width": 8, "Index Cond": "(owneruserid = b.userid)", "Filter": "(viewcount >= 44909)"}]}, {"Node Type": "Index Scan", "Parent Relationship": "Inner", "Parallel Aware": false, "Async Capable": false, "Scan Direction": "Forward", "Index Name": "idx_comments_postid", "Relation Name": "comments", "Alias": "c", "Startup Cost": 0.42, "Total Cost": 8.99, "Plan Rows": 1, "Plan Width": 4, "Index Cond": "(postid = p.id)", "Filter": "(creationdate <= '2010-12-10 12:27:52'::timestamp without time zone)"}]}, {"Node Type": "Index Scan", "Parent Relationship": "Inner", "Parallel Aware": false, "Async Capable": false, "Scan Direction": "Forward", "Index Name": "idx_postlinks_relatedpostid", "Relation Name": "postlinks", "Alias": "pl", "Startup Cost": 0.29, "Total Cost": 0.38, "Plan Rows": 2, "Plan Width": 4, "Index Cond": "(relatedpostid = c.postid)"}]}]}}, {"Plan": {"Node Type": "Aggregate", "Strategy": "Plain", "Partial Mode": "Simple", "Parallel Aware": false, "Async Capable": false, "Startup Cost": 1395.08, "Total Cost": 1395.09, "Plan Rows": 1, "Plan Width": 8, "Plans": [{"Node Type": "Nested Loop", "Parent Relationship": "Outer", "Parallel Aware": false, "Async Capable": false, "Join Type": "Inner", "Startup Cost": 1.29, "Total Cost": 1395.08, "Plan Rows": 2, "Plan Width": 0, "Inner Unique": false, "Join Filter": "(pl.relatedpostid = p.id)", "Plans": [{"Node Type": "Nested Loop", "Parent Relationship": "Outer", "Parallel Aware": false, "Async Capable": false, "Join Type": "Inner", "Startup Cost": 1.0, "Total Cost": 1394.27, "Plan Rows": 2, "Plan Width": 8, "Inner Unique": false, "Plans": [{"Node Type": "Nested Loop", "Parent Relationship": "Outer", "Parallel Aware": false, "Async Capable": false, "Join Type": "Inner", "Startup Cost": 0.58, "Total Cost": 1376.27, "Plan Rows": 2, "Plan Width": 4, "Inner Unique": false, "Join Filter": "(p.owneruserid = u.id)", "Plans": [{"Node Type": "Nested Loop", "Parent Relationship": "Outer", "Parallel Aware": false, "Async Capable": false, "Join Type": "Inner", "Startup Cost": 0.29, "Total Cost": 1335.08, "Plan Rows": 95, "Plan Width": 8, "Inner Unique": false, "Plans": [{"Node Type": "Seq Scan", "Parent Relationship": "Outer", "Parallel Aware": false, "Async Capable": false, "Relation Name": "users", "Alias": "u", "Startup Cost": 0.0, "Total Cost": 801.06, "Plan Rows": 48, "Plan Width": 4, "Filter": "(reputation >= 6679)"}, {"Node Type": "Index Scan", "Parent Relationship": "Inner", "Parallel Aware": false, "Async Capable": false, "Scan Direction": "Forward", "Index Name": "idx_badges_userid", "Relation Name": "badges", "Alias": "b", "Startup Cost": 0.29, "Total Cost": 11.1, "Plan Rows": 3, "Plan Width": 4, "Index Cond": "(userid = u.id)"}]}, {"Node Type": "Index Scan", "Parent Relationship": "Inner", "Parallel Aware": false, "Async Capable": false, "Scan Direction": "Forward", "Index Name": "idx_posts_owneruserid", "Relation Name": "posts", "Alias": "p", "Startup Cost": 0.29, "Total Cost": 0.42, "Plan Rows": 1, "Plan Width": 8, "Index Cond": "(owneruserid = b.userid)", "Filter": "(viewcount >= 44909)"}]}, {"Node Type": "Index Scan", "Parent Relationship": "Inner", "Parallel Aware": false, "Async Capable": false, "Scan Direction": "Forward", "Index Name": "idx_comments_postid", "Relation Name": "comments", "Alias": "c", "Startup Cost": 0.42, "Total Cost": 8.99, "Plan Rows": 1, "Plan Width": 4, "Index Cond": "(postid = p.id)", "Filter": "(creationdate <= '2010-12-10 12:27:52'::timestamp without time zone)"}]}, {"Node Type": "Index Scan", "Parent Relationship": "Inner", "Parallel Aware": false, "Async Capable": false, "Scan Direction": "Forward", "Index Name": "idx_postlinks_relatedpostid", "Relation Name": "postlinks", "Alias": "pl", "Startup Cost": 0.29, "Total Cost": 0.38, "Plan Rows": 2, "Plan Width": 4, "Index Cond": "(relatedpostid = c.postid)"}]}]}}, {"Plan": {"Node Type": "Aggregate", "Strategy": "Plain", "Partial Mode": "Simple", "Parallel Aware": false, "Async Capable": false, "Startup Cost": 13026.49, "Total Cost": 13026.5, "Plan Rows": 1, "Plan Width": 8, "Plans": [{"Node Type": "Merge Join", "Parent Relationship": "Outer", "Parallel Aware": false, "Async Capable": false, "Join Type": "Inner", "Startup Cost": 6862.17, "Total Cost": 13026.48, "Plan Rows": 2, "Plan Width": 0, "Inner Unique": false, "Merge Cond": "(p.id = pl.relatedpostid)", "Plans": [{"Node Type": "Merge Join", "Parent Relationship": "Outer", "Parallel Aware": false, "Async Capable": false, "Join Type": "Inner", "Startup Cost": 6861.89, "Total Cost": 12735.9, "Plan Rows": 2, "Plan Width": 8, "Inner Unique": false, "Merge Cond": "(p.id = c.postid)", "Plans": [{"Node Type": "Sort", "Parent Relationship": "Outer", "Parallel Aware": false, "Async Capable": false, "Startup Cost": 6861.47, "Total Cost": 6861.47, "Plan Rows": 2, "Plan Width": 4, "Sort Key": ["p.id"], "Plans": [{"Node Type": "Merge Join", "Parent Relationship": "Outer", "Parallel Aware": false, "Async Capable": false, "Join Type": "Inner", "Startup Cost": 3470.12, "Total Cost": 6861.46, "Plan Rows": 2, "Plan Width": 4, "Inner Unique": false, "Merge Cond": "(u.id = b.userid)", "Plans": [{"Node Type": "Merge Join", "Parent Relationship": "Outer", "Parallel Aware": false, "Async Capable": false, "Join Type": "Inner", "Startup Cost": 3469.83, "Total Cost": 4927.75, "Plan Rows": 1, "Plan Width": 12, "Inner Unique": true, "Merge Cond": "(p.owneruserid = u.id)", "Plans": [{"Node Type": "Sort", "Parent Relationship": "Outer", "Parallel Aware": false, "Async Capable": false, "Startup Cost": 3469.54, "Total Cost": 3469.59, "Plan Rows": 20, "Plan Width": 8, "Sort Key": ["p.owneruserid"], "Plans": [{"Node Type": "Index Scan", "Parent Relationship": "Outer", "Parallel Aware": false, "Async Capable": false, "Scan Direction": "Forward", "Index Name": "posts_pkey", "Relation Name": "posts", "Alias": "p", "Startup Cost": 0.29, "Total Cost": 3469.11, "Plan Rows": 20, "Plan Width": 8, "Filter": "(viewcount >= 44909)"}]}, {"Node Type": "Index Scan", "Parent Relationship": "Inner", "Parallel Aware": false, "Async Capable": false, "Scan Direction": "Forward", "Index Name": "users_pkey", "Relation Name": "users", "Alias": "u", "Startup Cost": 0.29, "Total Cost": 1457.98, "Plan Rows": 48, "Plan Width": 4, "Filter": "(reputation >= 6679)"}]}, {"Node Type": "Index Only Scan", "Parent Relationship": "Inner", "Parallel Aware": false, "Async Capable": false, "Scan Direction": "Forward", "Index Name": "idx_badges_userid", "Relation Name": "badges", "Alias": "b", "Startup Cost": 0.29, "Total Cost": 1734.06, "Plan Rows": 79851, "Plan Width": 4}]}]}, {"Node Type": "Index Scan", "Parent Relationship": "Inner", "Parallel Aware": false, "Async Capable": false, "Scan Direction": "Forward", "Index Name": "idx_comments_postid", "Relation Name": "comments", "Alias": "c", "Startup Cost": 0.42, "Total Cost": 5857.0, "Plan Rows": 6965, "Plan Width": 4, "Filter": "(creationdate <= '2010-12-10 12:27:52'::timestamp without time zone)"}]}, {"Node Type": "Index Only Scan", "Parent Relationship": "Inner", "Parallel Aware": false, "Async Capable": false, "Scan Direction": "Forward", "Index Name": "idx_postlinks_relatedpostid", "Relation Name": "postlinks", "Alias": "pl", "Startup Cost": 0.29, "Total Cost": 262.81, "Plan Rows": 11102, "Plan Width": 4}]}]}}, {"Plan": {"Node Type": "Aggregate", "Strategy": "Plain", "Partial Mode": "Simple", "Parallel Aware": false, "Async Capable": false, "Startup Cost": 8909.27, "Total Cost": 8909.28, "Plan Rows": 1, "Plan Width": 8, "Plans": [{"Node Type": "Merge Join", "Parent Relationship": "Outer", "Parallel Aware": false, "Async Capable": false, "Join Type": "Inner", "Startup Cost": 6975.6, "Total Cost": 8909.27, "Plan Rows": 2, "Plan Width": 0, "Inner Unique": false, "Merge Cond": "(u.id = b.userid)", "Plans": [{"Node Type": "Merge Join", "Parent Relationship": "Outer", "Parallel Aware": false, "Async Capable": false, "Join Type": "Inner", "Startup Cost": 6975.3, "Total Cost": 6975.56, "Plan Rows": 1, "Plan Width": 8, "Inner Unique": true, "Merge Cond": "(p.owneruserid = u.id)", "Plans": [{"Node Type": "Sort", "Parent Relationship": "Outer", "Parallel Aware": false, "Async Capable": false, "Startup Cost": 6172.9, "Total Cost": 6172.91, "Plan Rows": 1, "Plan Width": 4, "Sort Key": ["p.owneruserid"], "Plans": [{"Node Type": "Gather", "Parent Relationship": "Outer", "Parallel Aware": false, "Async Capable": false, "Startup Cost": 5861.9, "Total Cost": 6172.89, "Plan Rows": 1, "Plan Width": 4, "Workers Planned": 1, "Single Copy": false, "Plans": [{"Node Type": "Merge Join", "Parent Relationship": "Outer", "Parallel Aware": false, "Async Capable": false, "Join Type": "Inner", "Startup Cost": 4861.9, "Total Cost": 5172.79, "Plan Rows": 1, "Plan Width": 4, "Inner Unique": false, "Merge Cond": "(p.id = pl.relatedpostid)", "Plans": [{"Node Type": "Merge Join", "Parent Relationship": "Outer", "Parallel Aware": false, "Async Capable": false, "Join Type": "Inner", "Startup Cost": 4861.61, "Total Cost": 4882.21, "Plan Rows": 1, "Plan Width": 12, "Inner Unique": true, "Merge Cond": "(c.postid = p.id)", "Plans": [{"Node Type": "Sort", "Parent Relationship": "Outer", "Parallel Aware": false, "Async Capable": false, "Startup Cost": 2871.48, "Total Cost": 2881.72, "Plan Rows": 4097, "Plan Width": 4, "Sort Key": ["c.postid"], "Plans": [{"Node Type": "Seq Scan", "Parent Relationship": "Outer", "Parallel Aware": true, "Async Capable": false, "Relation Name": "comments", "Alias": "c", "Startup Cost": 0.0, "Total Cost": 2625.65, "Plan Rows": 4097, "Plan Width": 4, "Filter": "(creationdate <= '2010-12-10 12:27:52'::timestamp without time zone)"}]}, {"Node Type": "Sort", "Parent Relationship": "Inner", "Parallel Aware": false, "Async Capable": false, "Startup Cost": 1990.13, "Total Cost": 1990.18, "Plan Rows": 20, "Plan Width": 8, "Sort Key": ["p.id"], "Plans": [{"Node Type": "Seq Scan", "Parent Relationship": "Outer", "Parallel Aware": false, "Async Capable": false, "Relation Name": "posts", "Alias": "p", "Startup Cost": 0.0, "Total Cost": 1989.7, "Plan Rows": 20, "Plan Width": 8, "Filter": "(viewcount >= 44909)"}]}]}, {"Node Type": "Index Only Scan", "Parent Relationship": "Inner", "Parallel Aware": false, "Async Capable": false, "Scan Direction": "Forward", "Index Name": "idx_postlinks_relatedpostid", "Relation Name": "postlinks", "Alias": "pl", "Startup Cost": 0.29, "Total Cost": 262.81, "Plan Rows": 11102, "Plan Width": 4}]}]}]}, {"Node Type": "Sort", "Parent Relationship": "Inner", "Parallel Aware": false, "Async Capable": false, "Startup Cost": 802.4, "Total Cost": 802.52, "Plan Rows": 48, "Plan Width": 4, "Sort Key": ["u.id"], "Plans": [{"Node Type": "Seq Scan", "Parent Relationship": "Outer", "Parallel Aware": false, "Async Capable": false, "Relation Name": "users", "Alias": "u", "Startup Cost": 0.0, "Total Cost": 801.06, "Plan Rows": 48, "Plan Width": 4, "Filter": "(reputation >= 6679)"}]}]}, {"Node Type": "Index Only Scan", "Parent Relationship": "Inner", "Parallel Aware": false, "Async Capable": false, "Scan Direction": "Forward", "Index Name": "idx_badges_userid", "Relation Name": "badges", "Alias": "b", "Startup Cost": 0.29, "Total Cost": 1734.06, "Plan Rows": 79851, "Plan Width": 4}]}]}}, {"Plan": {"Node Type": "Aggregate", "Strategy": "Plain", "Partial Mode": "Simple", "Parallel Aware": false, "Async Capable": false, "Startup Cost": 15921.31, "Total Cost": 15921.32, "Plan Rows": 1, "Plan Width": 8, "Plans": [{"Node Type": "Merge Join", "Parent Relationship": "Outer", "Parallel Aware": false, "Async Capable": false, "Join Type": "Inner", "Startup Cost": 15830.94, "Total Cost": 15921.31, "Plan Rows": 2, "Plan Width": 0, "Inner Unique": false, "Merge Cond": "(p.id = pl.relatedpostid)", "Plans": [{"Node Type": "Merge Join", "Parent Relationship": "Outer", "Parallel Aware": false, "Async Capable": false, "Join Type": "Inner", "Startup Cost": 14891.94, "Total Cost": 14926.79, "Plan Rows": 2, "Plan Width": 8, "Inner Unique": false, "Merge Cond": "(p.id = c.postid)", "Plans": [{"Node Type": "Sort", "Parent Relationship": "Outer", "Parallel Aware": false, "Async Capable": false, "Startup Cost": 10924.56, "Total Cost": 10924.56, "Plan Rows": 2, "Plan Width": 4, "Sort Key": ["p.id"], "Plans": [{"Node Type": "Merge Join", "Parent Relationship": "Outer", "Parallel Aware": false, "Async Capable": false, "Join Type": "Inner", "Startup Cost": 10524.92, "Total Cost": 10924.55, "Plan Rows": 2, "Plan Width": 4, "Inner Unique": false, "Merge Cond": "(u.id = b.userid)", "Plans": [{"Node Type": "Merge Join", "Parent Relationship": "Outer", "Parallel Aware": false, "Async Capable": false, "Join Type": "Inner", "Startup Cost": 2792.54, "Total Cost": 2792.89, "Plan Rows": 1, "Plan Width": 12, "Inner Unique": true, "Merge Cond": "(p.owneruserid = u.id)", "Plans": [{"Node Type": "Sort", "Parent Relationship": "Outer", "Parallel Aware": false, "Async Capable": false, "Startup Cost": 1990.13, "Total Cost": 1990.18, "Plan Rows": 20, "Plan Width": 8, "Sort Key": ["p.owneruserid"], "Plans": [{"Node Type": "Seq Scan", "Parent Relationship": "Outer", "Parallel Aware": false, "Async Capable": false, "Relation Name": "posts", "Alias": "p", "Startup Cost": 0.0, "Total Cost": 1989.7, "Plan Rows": 20, "Plan Width": 8, "Filter": "(viewcount >= 44909)"}]}, {"Node Type": "Sort", "Parent Relationship": "Inner", "Parallel Aware": false, "Async Capable": false, "Startup Cost": 802.4, "Total Cost": 802.52, "Plan Rows": 48, "Plan Width": 4, "Sort Key": ["u.id"], "Plans": [{"Node Type": "Seq Scan", "Parent Relationship": "Outer", "Parallel Aware": false, "Async Capable": false, "Relation Name": "users", "Alias": "u", "Startup Cost": 0.0, "Total Cost": 801.06, "Plan Rows": 48, "Plan Width": 4, "Filter": "(reputation >= 6679)"}]}]}, {"Node Type": "Sort", "Parent Relationship": "Inner", "Parallel Aware": false, "Async Capable": false, "Startup Cost": 7732.39, "Total Cost": 7932.01, "Plan Rows": 79851, "Plan Width": 4, "Sort Key": ["b.userid"], "Plans": [{"Node Type": "Seq Scan", "Parent Relationship": "Outer", "Parallel Aware": false, "Async Capable": false, "Relation Name": "badges", "Alias": "b", "Startup Cost": 0.0, "Total Cost": 1230.51, "Plan Rows": 79851, "Plan Width": 4}]}]}]}, {"Node Type": "Sort", "Parent Relationship": "Inner", "Parallel Aware": false, "Async Capable": false, "Startup Cost": 3967.39, "Total Cost": 3984.8, "Plan Rows": 6965, "Plan Width": 4, "Sort Key": ["c.postid"], "Plans": [{"Node Type": "Seq Scan", "Parent Relationship": "Outer", "Parallel Aware": false, "Async Capable": false, "Relation Name": "comments", "Alias": "c", "Startup Cost": 0.0, "Total Cost": 3522.81, "Plan Rows": 6965, "Plan Width": 4, "Filter": "(creationdate <= '2010-12-10 12:27:52'::timestamp without time zone)"}]}]}, {"Node Type": "Sort", "Parent Relationship": "Inner", "Parallel Aware": false, "Async Capable": false, "Startup Cost": 938.99, "Total Cost": 966.75, "Plan Rows": 11102, "Plan Width": 4, "Sort Key": ["pl.relatedpostid"], "Plans": [{"Node Type": "Seq Scan", "Parent Relationship": "Outer", "Parallel Aware": false, "Async Capable": false, "Relation Name": "postlinks", "Alias": "pl", "Startup Cost": 0.0, "Total Cost": 193.02, "Plan Rows": 11102, "Plan Width": 4}]}]}]}}, {"Plan": {"Node Type": "Aggregate", "Strategy": "Plain", "Partial Mode": "Simple", "Parallel Aware": false, "Async Capable": false, "Startup Cost": 14425.92, "Total Cost": 14425.93, "Plan Rows": 1, "Plan Width": 8, "Plans": [{"Node Type": "Merge Join", "Parent Relationship": "Outer", "Parallel Aware": false, "Async Capable": false, "Join Type": "Inner", "Startup Cost": 7993.45, "Total Cost": 14425.92, "Plan Rows": 2, "Plan Width": 0, "Inner Unique": false, "Merge Cond": "(p.id = pl.relatedpostid)", "Plans": [{"Node Type": "Merge Join", "Parent Relationship": "Outer", "Parallel Aware": false, "Async Capable": false, "Join Type": "Inner", "Startup Cost": 7993.17, "Total Cost": 13867.18, "Plan Rows": 2, "Plan Width": 8, "Inner Unique": false, "Merge Cond": "(p.id = c.postid)", "Plans": [{"Node Type": "Sort", "Parent Relationship": "Outer", "Parallel Aware": false, "Async Capable": false, "Startup Cost": 7992.75, "Total Cost": 7992.75, "Plan Rows": 2, "Plan Width": 4, "Sort Key": ["p.id"], "Plans": [{"Node Type": "Merge Join", "Parent Relationship": "Outer", "Parallel Aware": false, "Async Capable": false, "Join Type": "Inner", "Startup Cost": 3470.12, "Total Cost": 7992.74, "Plan Rows": 2, "Plan Width": 4, "Inner Unique": false, "Merge Cond": "(u.id = b.userid)", "Plans": [{"Node Type": "Merge Join", "Parent Relationship": "Outer", "Parallel Aware": false, "Async Capable": false, "Join Type": "Inner", "Startup Cost": 3469.83, "Total Cost": 4927.75, "Plan Rows": 1, "Plan Width": 12, "Inner Unique": true, "Merge Cond": "(p.owneruserid = u.id)", "Plans": [{"Node Type": "Sort", "Parent Relationship": "Outer", "Parallel Aware": false, "Async Capable": false, "Startup Cost": 3469.54, "Total Cost": 3469.59, "Plan Rows": 20, "Plan Width": 8, "Sort Key": ["p.owneruserid"], "Plans": [{"Node Type": "Index Scan", "Parent Relationship": "Outer", "Parallel Aware": false, "Async Capable": false, "Scan Direction": "Forward", "Index Name": "posts_pkey", "Relation Name": "posts", "Alias": "p", "Startup Cost": 0.29, "Total Cost": 3469.11, "Plan Rows": 20, "Plan Width": 8, "Filter": "(viewcount >= 44909)"}]}, {"Node Type": "Index Scan", "Parent Relationship": "Inner", "Parallel Aware": false, "Async Capable": false, "Scan Direction": "Forward", "Index Name": "users_pkey", "Relation Name": "users", "Alias": "u", "Startup Cost": 0.29, "Total Cost": 1457.98, "Plan Rows": 48, "Plan Width": 4, "Filter": "(reputation >= 6679)"}]}, {"Node Type": "Index Scan", "Parent Relationship": "Inner", "Parallel Aware": false, "Async Capable": false, "Scan Direction": "Forward", "Index Name": "idx_badges_userid", "Relation Name": "badges", "Alias": "b", "Startup Cost": 0.29, "Total Cost": 2865.34, "Plan Rows": 79851, "Plan Width": 4}]}]}, {"Node Type": "Index Scan", "Parent Relationship": "Inner", "Parallel Aware": false, "Async Capable": false, "Scan Direction": "Forward", "Index Name": "idx_comments_postid", "Relation Name": "comments", "Alias": "c", "Startup Cost": 0.42, "Total Cost": 5857.0, "Plan Rows": 6965, "Plan Width": 4, "Filter": "(creationdate <= '2010-12-10 12:27:52'::timestamp without time zone)"}]}, {"Node Type": "Index Scan", "Parent Relationship": "Inner", "Parallel Aware": false, "Async Capable": false, "Scan Direction": "Forward", "Index Name": "idx_postlinks_relatedpostid", "Relation Name": "postlinks", "Alias": "pl", "Startup Cost": 0.29, "Total Cost": 530.96, "Plan Rows": 11102, "Plan Width": 4}]}]}}, {"Plan": {"Node Type": "Aggregate", "Strategy": "Plain", "Partial Mode": "Simple", "Parallel Aware": false, "Async Capable": false, "Startup Cost": 10308.7, "Total Cost": 10308.71, "Plan Rows": 1, "Plan Width": 8, "Plans": [{"Node Type": "Merge Join", "Parent Relationship": "Outer", "Parallel Aware": false, "Async Capable": false, "Join Type": "Inner", "Startup Cost": 7243.74, "Total Cost": 10308.7, "Plan Rows": 2, "Plan Width": 0, "Inner Unique": false, "Merge Cond": "(u.id = b.userid)", "Plans": [{"Node Type": "Merge Join", "Parent Relationship": "Outer", "Parallel Aware": false, "Async Capable": false, "Join Type": "Inner", "Startup Cost": 7243.45, "Total Cost": 7243.71, "Plan Rows": 1, "Plan Width": 8, "Inner Unique": true, "Merge Cond": "(p.owneruserid = u.id)", "Plans": [{"Node Type": "Sort", "Parent Relationship": "Outer", "Parallel Aware": false, "Async Capable": false, "Startup Cost": 6441.05, "Total Cost": 6441.05, "Plan Rows": 1, "Plan Width": 4, "Sort Key": ["p.owneruserid"], "Plans": [{"Node Type": "Gather", "Parent Relationship": "Outer", "Parallel Aware": false, "Async Capable": false, "Startup Cost": 5861.9, "Total Cost": 6441.04, "Plan Rows": 1, "Plan Width": 4, "Workers Planned": 1, "Single Copy": false, "Plans": [{"Node Type": "Merge Join", "Parent Relationship": "Outer", "Parallel Aware": false, "Async Capable": false, "Join Type": "Inner", "Startup Cost": 4861.9, "Total Cost": 5440.94, "Plan Rows": 1, "Plan Width": 4, "Inner Unique": false, "Merge Cond": "(p.id = pl.relatedpostid)", "Plans": [{"Node Type": "Merge Join", "Parent Relationship": "Outer", "Parallel Aware": false, "Async Capable": false, "Join Type": "Inner", "Startup Cost": 4861.61, "Total Cost": 4882.21, "Plan Rows": 1, "Plan Width": 12, "Inner Unique": true, "Merge Cond": "(c.postid = p.id)", "Plans": [{"Node Type": "Sort", "Parent Relationship": "Outer", "Parallel Aware": false, "Async Capable": false, "Startup Cost": 2871.48, "Total Cost": 2881.72, "Plan Rows": 4097, "Plan Width": 4, "Sort Key": ["c.postid"], "Plans": [{"Node Type": "Seq Scan", "Parent Relationship": "Outer", "Parallel Aware": true, "Async Capable": false, "Relation Name": "comments", "Alias": "c", "Startup Cost": 0.0, "Total Cost": 2625.65, "Plan Rows": 4097, "Plan Width": 4, "Filter": "(creationdate <= '2010-12-10 12:27:52'::timestamp without time zone)"}]}, {"Node Type": "Sort", "Parent Relationship": "Inner", "Parallel Aware": false, "Async Capable": false, "Startup Cost": 1990.13, "Total Cost": 1990.18, "Plan Rows": 20, "Plan Width": 8, "Sort Key": ["p.id"], "Plans": [{"Node Type": "Seq Scan", "Parent Relationship": "Outer", "Parallel Aware": false, "Async Capable": false, "Relation Name": "posts", "Alias": "p", "Startup Cost": 0.0, "Total Cost": 1989.7, "Plan Rows": 20, "Plan Width": 8, "Filter": "(viewcount >= 44909)"}]}]}, {"Node Type": "Index Scan", "Parent Relationship": "Inner", "Parallel Aware": false, "Async Capable": false, "Scan Direction": "Forward", "Index Name": "idx_postlinks_relatedpostid", "Relation Name": "postlinks", "Alias": "pl", "Startup Cost": 0.29, "Total Cost": 530.96, "Plan Rows": 11102, "Plan Width": 4}]}]}]}, {"Node Type": "Sort", "Parent Relationship": "Inner", "Parallel Aware": false, "Async Capable": false, "Startup Cost": 802.4, "Total Cost": 802.52, "Plan Rows": 48, "Plan Width": 4, "Sort Key": ["u.id"], "Plans": [{"Node Type": "Seq Scan", "Parent Relationship": "Outer", "Parallel Aware": false, "Async Capable": false, "Relation Name": "users", "Alias": "u", "Startup Cost": 0.0, "Total Cost": 801.06, "Plan Rows": 48, "Plan Width": 4, "Filter": "(reputation >= 6679)"}]}]}, {"Node Type": "Index Scan", "Parent Relationship": "Inner", "Parallel Aware": false, "Async Capable": false, "Scan Direction": "Forward", "Index Name": "idx_badges_userid", "Relation Name": "badges", "Alias": "b", "Startup Cost": 0.29, "Total Cost": 2865.34, "Plan Rows": 79851, "Plan Width": 4}]}]}}]