[{"Plan": {"Node Type": "Aggregate", "Strategy": "Plain", "Partial Mode": "Simple", "Parallel Aware": false, "Async Capable": false, "Startup Cost": 2550.2, "Total Cost": 2550.21, "Plan Rows": 1, "Plan Width": 8, "Plans": [{"Node Type": "Nested Loop", "Parent Relationship": "Outer", "Parallel Aware": false, "Async Capable": false, "Join Type": "Inner", "Startup Cost": 0.71, "Total Cost": 2550.16, "Plan Rows": 16, "Plan Width": 0, "Inner Unique": false, "Join Filter": "(v.userid = p.owneruserid)", "Plans": [{"Node Type": "Nested Loop", "Parent Relationship": "Outer", "Parallel Aware": false, "Async Capable": false, "Join Type": "Inner", "Startup Cost": 0.29, "Total Cost": 2545.39, "Plan Rows": 5, "Plan Width": 8, "Inner Unique": true, "Plans": [{"Node Type": "Seq Scan", "Parent Relationship": "Outer", "Parallel Aware": false, "Async Capable": false, "Relation Name": "posts", "Alias": "p", "Startup Cost": 0.0, "Total Cost": 2219.64, "Plan Rows": 44, "Plan Width": 4, "Filter": "((commentcount >= 23) AND (commentcount <= 37))"}, {"Node Type": "Index Scan", "Parent Relationship": "Inner", "Parallel Aware": false, "Async Capable": false, "Scan Direction": "Forward", "Index Name": "users_pkey", "Relation Name": "users", "Alias": "u", "Startup Cost": 0.29, "Total Cost": 7.4, "Plan Rows": 1, "Plan Width": 4, "Index Cond": "(id = p.owneruserid)", "Filter": "((creationdate >= '2013-09-14 05:27:17'::timestamp without time zone) AND (creationdate <= '2014-01-26 23:56:27'::timestamp without time zone))"}]}, {"Node Type": "Index Only Scan", "Parent Relationship": "Inner", "Parallel Aware": false, "Async Capable": false, "Scan Direction": "Forward", "Index Name": "idx_votes_userid", "Relation Name": "votes", "Alias": "v", "Startup Cost": 0.42, "Total Cost": 0.84, "Plan Rows": 9, "Plan Width": 4, "Index Cond": "(userid = u.id)"}]}]}}, {"Plan": {"Node Type": "Aggregate", "Strategy": "Plain", "Partial Mode": "Simple", "Parallel Aware": false, "Async Capable": false, "Startup Cost": 30000004916.24, "Total Cost": 30000004916.25, "Plan Rows": 1, "Plan Width": 8, "Plans": [{"Node Type": "Nested Loop", "Parent Relationship": "Outer", "Parallel Aware": false, "Async Capable": false, "Join Type": "Inner", "Startup Cost": 30000000004.68, "Total Cost": 30000004916.2, "Plan Rows": 16, "Plan Width": 0, "Inner Unique": false, "Join Filter": "(v.userid = p.owneruserid)", "Plans": [{"Node Type": "Nested Loop", "Parent Relationship": "Outer", "Parallel Aware": false, "Async Capable": false, "Join Type": "Inner", "Startup Cost": 20000000003.95, "Total Cost": 20000004891.42, "Plan Rows": 5, "Plan Width": 8, "Inner Unique": true, "Plans": [{"Node Type": "Index Scan", "Parent Relationship": "Outer", "Parallel Aware": false, "Async Capable": false, "Scan Direction": "Forward", "Index Name": "idx_posts_owneruserid", "Relation Name": "posts", "Alias": "p", "Startup Cost": 10000000000.29, "Total Cost": 10000004553.55, "Plan Rows": 44, "Plan Width": 4, "Filter": "((commentcount >= 23) AND (commentcount <= 37))"}, {"Node Type": "Bitmap Heap Scan", "Parent Relationship": "Inner", "Parallel Aware": false, "Async Capable": false, "Relation Name": "users", "Alias": "u", "Startup Cost": 3.66, "Total Cost": 7.68, "Plan Rows": 1, "Plan Width": 4, "Recheck Cond": "(p.owneruserid = id)", "Filter": "((creationdate >= '2013-09-14 05:27:17'::timestamp without time zone) AND (creationdate <= '2014-01-26 23:56:27'::timestamp without time zone))", "Plans": [{"Node Type": "Bitmap Index Scan", "Parent Relationship": "Outer", "Parallel Aware": false, "Async Capable": false, "Index Name": "users_pkey", "Startup Cost": 0.0, "Total Cost": 3.66, "Plan Rows": 1, "Plan Width": 0, "Index Cond": "(id = p.owneruserid)"}]}]}, {"Node Type": "Bitmap Heap Scan", "Parent Relationship": "Inner", "Parallel Aware": false, "Async Capable": false, "Relation Name": "votes", "Alias": "v", "Startup Cost": 0.73, "Total Cost": 4.84, "Plan Rows": 9, "Plan Width": 4, "Recheck Cond": "(userid = u.id)", "Plans": [{"Node Type": "Bitmap Index Scan", "Parent Relationship": "Outer", "Parallel Aware": false, "Async Capable": false, "Index Name": "idx_votes_userid", "Startup Cost": 0.0, "Total Cost": 0.73, "Plan Rows": 9, "Plan Width": 0, "Index Cond": "(userid = u.id)"}]}]}]}}, {"Plan": {"Node Type": "Aggregate", "Strategy": "Plain", "Partial Mode": "Finalize", "Parallel Aware": false, "Async Capable": false, "Startup Cost": 11897.53, "Total Cost": 11897.54, "Plan Rows": 1, "Plan Width": 8, "Plans": [{"Node Type": "Gather", "Parent Relationship": "Outer", "Parallel Aware": false, "Async Capable": false, "Startup Cost": 11897.31, "Total Cost": 11897.52, "Plan Rows": 2, "Plan Width": 8, "Workers Planned": 2, "Single Copy": false, "Plans": [{"Node Type": "Aggregate", "Strategy": "Plain", "Partial Mode": "Partial", "Parent Relationship": "Outer", "Parallel Aware": false, "Async Capable": false, "Startup Cost": 10897.31, "Total Cost": 10897.32, "Plan Rows": 1, "Plan Width": 8, "Plans": [{"Node Type": "Hash Join", "Parent Relationship": "Outer", "Parallel Aware": false, "Async Capable": false, "Join Type": "Inner", "Startup Cost": 6175.2, "Total Cost": 10897.29, "Plan Rows": 7, "Plan Width": 0, "Inner Unique": false, "Hash Cond": "(v.userid = p.owneruserid)", "Plans": [{"Node Type": "Hash Join", "Parent Relationship": "Outer", "Parallel Aware": false, "Async Capable": false, "Join Type": "Inner", "Startup Cost": 1621.1, "Total Cost": 6241.06, "Plan Rows": 1775, "Plan Width": 8, "Inner Unique": true, "Hash Cond": "(v.userid = u.id)", "Plans": [{"Node Type": "Index Only Scan", "Parent Relationship": "Outer", "Parallel Aware": true, "Async Capable": false, "Scan Direction": "Forward", "Index Name": "idx_votes_userid", "Relation Name": "votes", "Alias": "v", "Startup Cost": 0.42, "Total Cost": 4261.57, "Plan Rows": 136693, "Plan Width": 4}, {"Node Type": "Hash", "Parent Relationship": "Inner", "Parallel Aware": false, "Async Capable": false, "Startup Cost": 1558.79, "Total Cost": 1558.79, "Plan Rows": 4951, "Plan Width": 4, "Plans": [{"Node Type": "Index Scan", "Parent Relationship": "Outer", "Parallel Aware": false, "Async Capable": false, "Scan Direction": "Forward", "Index Name": "users_pkey", "Relation Name": "users", "Alias": "u", "Startup Cost": 0.29, "Total Cost": 1558.79, "Plan Rows": 4951, "Plan Width": 4, "Filter": "((creationdate >= '2013-09-14 05:27:17'::timestamp without time zone) AND (creationdate <= '2014-01-26 23:56:27'::timestamp without time zone))"}]}]}, {"Node Type": "Hash", "Parent Relationship": "Inner", "Parallel Aware": false, "Async Capable": false, "Startup Cost": 4553.55, "Total Cost": 4553.55, "Plan Rows": 44, "Plan Width": 4, "Plans": [{"Node Type": "Index Scan", "Parent Relationship": "Outer", "Parallel Aware": false, "Async Capable": false, "Scan Direction": "Forward", "Index Name": "idx_posts_owneruserid", "Relation Name": "posts", "Alias": "p", "Startup Cost": 0.29, "Total Cost": 4553.55, "Plan Rows": 44, "Plan Width": 4, "Filter": "((commentcount >= 23) AND (commentcount <= 37))"}]}]}]}]}]}}, {"Plan": {"Node Type": "Aggregate", "Strategy": "Plain", "Partial Mode": "Simple", "Parallel Aware": false, "Async Capable": false, "Startup Cost": 2135.43, "Total Cost": 2135.44, "Plan Rows": 1, "Plan Width": 8, "Plans": [{"Node Type": "Merge Join", "Parent Relationship": "Outer", "Parallel Aware": false, "Async Capable": false, "Join Type": "Inner", "Startup Cost": 1.0, "Total Cost": 2135.39, "Plan Rows": 16, "Plan Width": 0, "Inner Unique": true, "Merge Cond": "(v.userid = u.id)", "Plans": [{"Node Type": "Merge Join", "Parent Relationship": "Outer", "Parallel Aware": false, "Async Capable": false, "Join Type": "Inner", "Startup Cost": 0.71, "Total Cost": 5306.08, "Plan Rows": 1225, "Plan Width": 8, "Inner Unique": false, "Merge Cond": "(p.owneruserid = v.userid)", "Plans": [{"Node Type": "Index Scan", "Parent Relationship": "Outer", "Parallel Aware": false, "Async Capable": false, "Scan Direction": "Forward", "Index Name": "idx_posts_owneruserid", "Relation Name": "posts", "Alias": "p", "Startup Cost": 0.29, "Total Cost": 4553.55, "Plan Rows": 44, "Plan Width": 4, "Filter": "((commentcount >= 23) AND (commentcount <= 37))"}, {"Node Type": "Index Only Scan", "Parent Relationship": "Inner", "Parallel Aware": false, "Async Capable": false, "Scan Direction": "Forward", "Index Name": "idx_votes_userid", "Relation Name": "votes", "Alias": "v", "Startup Cost": 0.42, "Total Cost": 6175.27, "Plan Rows": 328064, "Plan Width": 4}]}, {"Node Type": "Index Scan", "Parent Relationship": "Inner", "Parallel Aware": false, "Async Capable": false, "Scan Direction": "Forward", "Index Name": "users_pkey", "Relation Name": "users", "Alias": "u", "Startup Cost": 0.29, "Total Cost": 1558.79, "Plan Rows": 4951, "Plan Width": 4, "Filter": "((creationdate >= '2013-09-14 05:27:17'::timestamp without time zone) AND (creationdate <= '2014-01-26 23:56:27'::timestamp without time zone))"}]}]}}, {"Plan": {"Node Type": "Aggregate", "Strategy": "Plain", "Partial Mode": "Simple", "Parallel Aware": false, "Async Capable": false, "Startup Cost": 2077.62, "Total Cost": 2077.63, "Plan Rows": 1, "Plan Width": 8, "Plans": [{"Node Type": "Merge Join", "Parent Relationship": "Outer", "Parallel Aware": false, "Async Capable": false, "Join Type": "Inner", "Startup Cost": 1.0, "Total Cost": 2077.58, "Plan Rows": 16, "Plan Width": 0, "Inner Unique": true, "Merge Cond": "(v.userid = u.id)", "Plans": [{"Node Type": "Nested Loop", "Parent Relationship": "Outer", "Parallel Aware": false, "Async Capable": false, "Join Type": "Inner", "Startup Cost": 0.71, "Total Cost": 4761.35, "Plan Rows": 1225, "Plan Width": 8, "Inner Unique": false, "Plans": [{"Node Type": "Index Scan", "Parent Relationship": "Outer", "Parallel Aware": false, "Async Capable": false, "Scan Direction": "Forward", "Index Name": "idx_posts_owneruserid", "Relation Name": "posts", "Alias": "p", "Startup Cost": 0.29, "Total Cost": 4553.55, "Plan Rows": 44, "Plan Width": 4, "Filter": "((commentcount >= 23) AND (commentcount <= 37))"}, {"Node Type": "Index Only Scan", "Parent Relationship": "Inner", "Parallel Aware": false, "Async Capable": false, "Scan Direction": "Forward", "Index Name": "idx_votes_userid", "Relation Name": "votes", "Alias": "v", "Startup Cost": 0.42, "Total Cost": 4.63, "Plan Rows": 9, "Plan Width": 4, "Index Cond": "(userid = p.owneruserid)"}]}, {"Node Type": "Index Scan", "Parent Relationship": "Inner", "Parallel Aware": false, "Async Capable": false, "Scan Direction": "Forward", "Index Name": "users_pkey", "Relation Name": "users", "Alias": "u", "Startup Cost": 0.29, "Total Cost": 1558.79, "Plan Rows": 4951, "Plan Width": 4, "Filter": "((creationdate >= '2013-09-14 05:27:17'::timestamp without time zone) AND (creationdate <= '2014-01-26 23:56:27'::timestamp without time zone))"}]}]}}, {"Plan": {"Node Type": "Aggregate", "Strategy": "Plain", "Partial Mode": "Simple", "Parallel Aware": false, "Async Capable": false, "Startup Cost": 3513.96, "Total Cost": 3513.97, "Plan Rows": 1, "Plan Width": 8, "Plans": [{"Node Type": "Merge Join", "Parent Relationship": "Outer", "Parallel Aware": false, "Async Capable": false, "Join Type": "Inner", "Startup Cost": 3426.97, "Total Cost": 3513.92, "Plan Rows": 16, "Plan Width": 0, "Inner Unique": false, "Merge Cond": "(v.userid = p.owneruserid)", "Plans": [{"Node Type": "Merge Join", "Parent Relationship": "Outer", "Parallel Aware": false, "Async Capable": false, "Join Type": "Inner", "Startup Cost": 1206.13, "Total Cost": 2013.23, "Plan Rows": 4260, "Plan Width": 8, "Inner Unique": true, "Merge Cond": "(v.userid = u.id)", "Plans": [{"Node Type": "Index Only Scan", "Parent Relationship": "Outer", "Parallel Aware": false, "Async Capable": false, "Scan Direction": "Forward", "Index Name": "idx_votes_userid", "Relation Name": "votes", "Alias": "v", "Startup Cost": 0.42, "Total Cost": 6175.27, "Plan Rows": 328064, "Plan Width": 4}, {"Node Type": "Sort", "Parent Relationship": "Inner", "Parallel Aware": false, "Async Capable": false, "Startup Cost": 1205.71, "Total Cost": 1218.08, "Plan Rows": 4951, "Plan Width": 4, "Sort Key": ["u.id"], "Plans": [{"Node Type": "Seq Scan", "Parent Relationship": "Outer", "Parallel Aware": false, "Async Capable": false, "Relation Name": "users", "Alias": "u", "Startup Cost": 0.0, "Total Cost": 901.88, "Plan Rows": 4951, "Plan Width": 4, "Filter": "((creationdate >= '2013-09-14 05:27:17'::timestamp without time zone) AND (creationdate <= '2014-01-26 23:56:27'::timestamp without time zone))"}]}]}, {"Node Type": "Sort", "Parent Relationship": "Inner", "Parallel Aware": false, "Async Capable": false, "Startup Cost": 2220.84, "Total Cost": 2220.95, "Plan Rows": 44, "Plan Width": 4, "Sort Key": ["p.owneruserid"], "Plans": [{"Node Type": "Seq Scan", "Parent Relationship": "Outer", "Parallel Aware": false, "Async Capable": false, "Relation Name": "posts", "Alias": "p", "Startup Cost": 0.0, "Total Cost": 2219.64, "Plan Rows": 44, "Plan Width": 4, "Filter": "((commentcount >= 23) AND (commentcount <= 37))"}]}]}]}}, {"Plan": {"Node Type": "Aggregate", "Strategy": "Plain", "Partial Mode": "Simple", "Parallel Aware": false, "Async Capable": false, "Startup Cost": 4884.11, "Total Cost": 4884.12, "Plan Rows": 1, "Plan Width": 8, "Plans": [{"Node Type": "Nested Loop", "Parent Relationship": "Outer", "Parallel Aware": false, "Async Capable": false, "Join Type": "Inner", "Startup Cost": 1.0, "Total Cost": 4884.07, "Plan Rows": 16, "Plan Width": 0, "Inner Unique": false, "Join Filter": "(v.userid = p.owneruserid)", "Plans": [{"Node Type": "Nested Loop", "Parent Relationship": "Outer", "Parallel Aware": false, "Async Capable": false, "Join Type": "Inner", "Startup Cost": 0.58, "Total Cost": 4879.3, "Plan Rows": 5, "Plan Width": 8, "Inner Unique": true, "Plans": [{"Node Type": "Index Scan", "Parent Relationship": "Outer", "Parallel Aware": false, "Async Capable": false, "Scan Direction": "Forward", "Index Name": "idx_posts_owneruserid", "Relation Name": "posts", "Alias": "p", "Startup Cost": 0.29, "Total Cost": 4553.55, "Plan Rows": 44, "Plan Width": 4, "Filter": "((commentcount >= 23) AND (commentcount <= 37))"}, {"Node Type": "Index Scan", "Parent Relationship": "Inner", "Parallel Aware": false, "Async Capable": false, "Scan Direction": "Forward", "Index Name": "users_pkey", "Relation Name": "users", "Alias": "u", "Startup Cost": 0.29, "Total Cost": 7.4, "Plan Rows": 1, "Plan Width": 4, "Index Cond": "(id = p.owneruserid)", "Filter": "((creationdate >= '2013-09-14 05:27:17'::timestamp without time zone) AND (creationdate <= '2014-01-26 23:56:27'::timestamp without time zone))"}]}, {"Node Type": "Index Only Scan", "Parent Relationship": "Inner", "Parallel Aware": false, "Async Capable": false, "Scan Direction": "Forward", "Index Name": "idx_votes_userid", "Relation Name": "votes", "Alias": "v", "Startup Cost": 0.42, "Total Cost": 0.84, "Plan Rows": 9, "Plan Width": 4, "Index Cond": "(userid = u.id)"}]}]}}, {"Plan": {"Node Type": "Aggregate", "Strategy": "Plain", "Partial Mode": "Finalize", "Parallel Aware": false, "Async Capable": false, "Startup Cost": 8924.64, "Total Cost": 8924.65, "Plan Rows": 1, "Plan Width": 8, "Plans": [{"Node Type": "Gather", "Parent Relationship": "Outer", "Parallel Aware": false, "Async Capable": false, "Startup Cost": 8924.53, "Total Cost": 8924.64, "Plan Rows": 1, "Plan Width": 8, "Workers Planned": 1, "Single Copy": false, "Plans": [{"Node Type": "Aggregate", "Strategy": "Plain", "Partial Mode": "Partial", "Parent Relationship": "Outer", "Parallel Aware": false, "Async Capable": false, "Startup Cost": 7924.53, "Total Cost": 7924.54, "Plan Rows": 1, "Plan Width": 8, "Plans": [{"Node Type": "Hash Join", "Parent Relationship": "Outer", "Parallel Aware": false, "Async Capable": false, "Join Type": "Inner", "Startup Cost": 3183.95, "Total Cost": 7924.51, "Plan Rows": 9, "Plan Width": 0, "Inner Unique": false, "Hash Cond": "(v.userid = p.owneruserid)", "Plans": [{"Node Type": "Hash Join", "Parent Relationship": "Outer", "Parallel Aware": false, "Async Capable": false, "Join Type": "Inner", "Startup Cost": 963.76, "Total Cost": 5560.13, "Plan Rows": 2506, "Plan Width": 8, "Inner Unique": true, "Hash Cond": "(v.userid = u.id)", "Plans": [{"Node Type": "Seq Scan", "Parent Relationship": "Outer", "Parallel Aware": true, "Async Capable": false, "Relation Name": "votes", "Alias": "v", "Startup Cost": 0.0, "Total Cost": 4089.79, "Plan Rows": 192979, "Plan Width": 4}, {"Node Type": "Hash", "Parent Relationship": "Inner", "Parallel Aware": false, "Async Capable": false, "Startup Cost": 901.88, "Total Cost": 901.88, "Plan Rows": 4951, "Plan Width": 4, "Plans": [{"Node Type": "Seq Scan", "Parent Relationship": "Outer", "Parallel Aware": false, "Async Capable": false, "Relation Name": "users", "Alias": "u", "Startup Cost": 0.0, "Total Cost": 901.88, "Plan Rows": 4951, "Plan Width": 4, "Filter": "((creationdate >= '2013-09-14 05:27:17'::timestamp without time zone) AND (creationdate <= '2014-01-26 23:56:27'::timestamp without time zone))"}]}]}, {"Node Type": "Hash", "Parent Relationship": "Inner", "Parallel Aware": false, "Async Capable": false, "Startup Cost": 2219.64, "Total Cost": 2219.64, "Plan Rows": 44, "Plan Width": 4, "Plans": [{"Node Type": "Seq Scan", "Parent Relationship": "Outer", "Parallel Aware": false, "Async Capable": false, "Relation Name": "posts", "Alias": "p", "Startup Cost": 0.0, "Total Cost": 2219.64, "Plan Rows": 44, "Plan Width": 4, "Filter": "((commentcount >= 23) AND (commentcount <= 37))"}]}]}]}]}]}}, {"Plan": {"Node Type": "Aggregate", "Strategy": "Plain", "Partial Mode": "Simple", "Parallel Aware": false, "Async Capable": false, "Startup Cost": 30000002135.43, "Total Cost": 30000002135.44, "Plan Rows": 1, "Plan Width": 8, "Plans": [{"Node Type": "Merge Join", "Parent Relationship": "Outer", "Parallel Aware": false, "Async Capable": false, "Join Type": "Inner", "Startup Cost": 30000000001.01, "Total Cost": 30000002135.39, "Plan Rows": 16, "Plan Width": 0, "Inner Unique": true, "Merge Cond": "(v.userid = u.id)", "Plans": [{"Node Type": "Merge Join", "Parent Relationship": "Outer", "Parallel Aware": false, "Async Capable": false, "Join Type": "Inner", "Startup Cost": 20000000000.72, "Total Cost": 20000005306.08, "Plan Rows": 1225, "Plan Width": 8, "Inner Unique": false, "Merge Cond": "(p.owneruserid = v.userid)", "Plans": [{"Node Type": "Index Scan", "Parent Relationship": "Outer", "Parallel Aware": false, "Async Capable": false, "Scan Direction": "Forward", "Index Name": "idx_posts_owneruserid", "Relation Name": "posts", "Alias": "p", "Startup Cost": 10000000000.29, "Total Cost": 10000004553.55, "Plan Rows": 44, "Plan Width": 4, "Filter": "((commentcount >= 23) AND (commentcount <= 37))"}, {"Node Type": "Index Only Scan", "Parent Relationship": "Inner", "Parallel Aware": false, "Async Capable": false, "Scan Direction": "Forward", "Index Name": "idx_votes_userid", "Relation Name": "votes", "Alias": "v", "Startup Cost": 10000000000.42, "Total Cost": 10000006175.27, "Plan Rows": 328064, "Plan Width": 4}]}, {"Node Type": "Index Scan", "Parent Relationship": "Inner", "Parallel Aware": false, "Async Capable": false, "Scan Direction": "Forward", "Index Name": "users_pkey", "Relation Name": "users", "Alias": "u", "Startup Cost": 10000000000.29, "Total Cost": 10000001558.79, "Plan Rows": 4951, "Plan Width": 4, "Filter": "((creationdate >= '2013-09-14 05:27:17'::timestamp without time zone) AND (creationdate <= '2014-01-26 23:56:27'::timestamp without time zone))"}]}]}}, {"Plan": {"Node Type": "Aggregate", "Strategy": "Plain", "Partial Mode": "Simple", "Parallel Aware": false, "Async Capable": false, "Startup Cost": 10000004916.24, "Total Cost": 10000004916.25, "Plan Rows": 1, "Plan Width": 8, "Plans": [{"Node Type": "Nested Loop", "Parent Relationship": "Outer", "Parallel Aware": false, "Async Capable": false, "Join Type": "Inner", "Startup Cost": 10000000004.68, "Total Cost": 10000004916.2, "Plan Rows": 16, "Plan Width": 0, "Inner Unique": false, "Join Filter": "(v.userid = p.owneruserid)", "Plans": [{"Node Type": "Nested Loop", "Parent Relationship": "Outer", "Parallel Aware": false, "Async Capable": false, "Join Type": "Inner", "Startup Cost": 10000000003.95, "Total Cost": 10000004891.42, "Plan Rows": 5, "Plan Width": 8, "Inner Unique": true, "Plans": [{"Node Type": "Index Scan", "Parent Relationship": "Outer", "Parallel Aware": false, "Async Capable": false, "Scan Direction": "Forward", "Index Name": "idx_posts_owneruserid", "Relation Name": "posts", "Alias": "p", "Startup Cost": 10000000000.29, "Total Cost": 10000004553.55, "Plan Rows": 44, "Plan Width": 4, "Filter": "((commentcount >= 23) AND (commentcount <= 37))"}, {"Node Type": "Bitmap Heap Scan", "Parent Relationship": "Inner", "Parallel Aware": false, "Async Capable": false, "Relation Name": "users", "Alias": "u", "Startup Cost": 3.66, "Total Cost": 7.68, "Plan Rows": 1, "Plan Width": 4, "Recheck Cond": "(p.owneruserid = id)", "Filter": "((creationdate >= '2013-09-14 05:27:17'::timestamp without time zone) AND (creationdate <= '2014-01-26 23:56:27'::timestamp without time zone))", "Plans": [{"Node Type": "Bitmap Index Scan", "Parent Relationship": "Outer", "Parallel Aware": false, "Async Capable": false, "Index Name": "users_pkey", "Startup Cost": 0.0, "Total Cost": 3.66, "Plan Rows": 1, "Plan Width": 0, "Index Cond": "(id = p.owneruserid)"}]}]}, {"Node Type": "Bitmap Heap Scan", "Parent Relationship": "Inner", "Parallel Aware": false, "Async Capable": false, "Relation Name": "votes", "Alias": "v", "Startup Cost": 0.73, "Total Cost": 4.84, "Plan Rows": 9, "Plan Width": 4, "Recheck Cond": "(userid = u.id)", "Plans": [{"Node Type": "Bitmap Index Scan", "Parent Relationship": "Outer", "Parallel Aware": false, "Async Capable": false, "Index Name": "idx_votes_userid", "Startup Cost": 0.0, "Total Cost": 0.73, "Plan Rows": 9, "Plan Width": 0, "Index Cond": "(userid = u.id)"}]}]}]}}, {"Plan": {"Node Type": "Aggregate", "Strategy": "Plain", "Partial Mode": "Simple", "Parallel Aware": false, "Async Capable": false, "Startup Cost": 2582.33, "Total Cost": 2582.34, "Plan Rows": 1, "Plan Width": 8, "Plans": [{"Node Type": "Nested Loop", "Parent Relationship": "Outer", "Parallel Aware": false, "Async Capable": false, "Join Type": "Inner", "Startup Cost": 4.39, "Total Cost": 2582.29, "Plan Rows": 16, "Plan Width": 0, "Inner Unique": false, "Join Filter": "(v.userid = p.owneruserid)", "Plans": [{"Node Type": "Nested Loop", "Parent Relationship": "Outer", "Parallel Aware": false, "Async Capable": false, "Join Type": "Inner", "Startup Cost": 3.66, "Total Cost": 2557.51, "Plan Rows": 5, "Plan Width": 8, "Inner Unique": true, "Plans": [{"Node Type": "Seq Scan", "Parent Relationship": "Outer", "Parallel Aware": false, "Async Capable": false, "Relation Name": "posts", "Alias": "p", "Startup Cost": 0.0, "Total Cost": 2219.64, "Plan Rows": 44, "Plan Width": 4, "Filter": "((commentcount >= 23) AND (commentcount <= 37))"}, {"Node Type": "Bitmap Heap Scan", "Parent Relationship": "Inner", "Parallel Aware": false, "Async Capable": false, "Relation Name": "users", "Alias": "u", "Startup Cost": 3.66, "Total Cost": 7.68, "Plan Rows": 1, "Plan Width": 4, "Recheck Cond": "(p.owneruserid = id)", "Filter": "((creationdate >= '2013-09-14 05:27:17'::timestamp without time zone) AND (creationdate <= '2014-01-26 23:56:27'::timestamp without time zone))", "Plans": [{"Node Type": "Bitmap Index Scan", "Parent Relationship": "Outer", "Parallel Aware": false, "Async Capable": false, "Index Name": "users_pkey", "Startup Cost": 0.0, "Total Cost": 3.66, "Plan Rows": 1, "Plan Width": 0, "Index Cond": "(id = p.owneruserid)"}]}]}, {"Node Type": "Bitmap Heap Scan", "Parent Relationship": "Inner", "Parallel Aware": false, "Async Capable": false, "Relation Name": "votes", "Alias": "v", "Startup Cost": 0.73, "Total Cost": 4.84, "Plan Rows": 9, "Plan Width": 4, "Recheck Cond": "(userid = u.id)", "Plans": [{"Node Type": "Bitmap Index Scan", "Parent Relationship": "Outer", "Parallel Aware": false, "Async Capable": false, "Index Name": "idx_votes_userid", "Startup Cost": 0.0, "Total Cost": 0.73, "Plan Rows": 9, "Plan Width": 0, "Index Cond": "(userid = u.id)"}]}]}]}}, {"Plan": {"Node Type": "Aggregate", "Strategy": "Plain", "Partial Mode": "Finalize", "Parallel Aware": false, "Async Capable": false, "Startup Cost": 8924.22, "Total Cost": 8924.23, "Plan Rows": 1, "Plan Width": 8, "Plans": [{"Node Type": "Gather", "Parent Relationship": "Outer", "Parallel Aware": false, "Async Capable": false, "Startup Cost": 8924.11, "Total Cost": 8924.22, "Plan Rows": 1, "Plan Width": 8, "Workers Planned": 1, "Single Copy": false, "Plans": [{"Node Type": "Aggregate", "Strategy": "Plain", "Partial Mode": "Partial", "Parent Relationship": "Outer", "Parallel Aware": false, "Async Capable": false, "Startup Cost": 7924.11, "Total Cost": 7924.12, "Plan Rows": 1, "Plan Width": 8, "Plans": [{"Node Type": "Merge Join", "Parent Relationship": "Outer", "Parallel Aware": false, "Async Capable": false, "Join Type": "Inner", "Startup Cost": 7922.45, "Total Cost": 7924.09, "Plan Rows": 9, "Plan Width": 0, "Inner Unique": false, "Merge Cond": "(v.userid = p.owneruserid)", "Plans": [{"Node Type": "Sort", "Parent Relationship": "Outer", "Parallel Aware": false, "Async Capable": false, "Startup Cost": 5701.61, "Total Cost": 5707.88, "Plan Rows": 2506, "Plan Width": 8, "Sort Key": ["v.userid"], "Plans": [{"Node Type": "Hash Join", "Parent Relationship": "Outer", "Parallel Aware": false, "Async Capable": false, "Join Type": "Inner", "Startup Cost": 963.76, "Total Cost": 5560.13, "Plan Rows": 2506, "Plan Width": 8, "Inner Unique": true, "Hash Cond": "(v.userid = u.id)", "Plans": [{"Node Type": "Seq Scan", "Parent Relationship": "Outer", "Parallel Aware": true, "Async Capable": false, "Relation Name": "votes", "Alias": "v", "Startup Cost": 0.0, "Total Cost": 4089.79, "Plan Rows": 192979, "Plan Width": 4}, {"Node Type": "Hash", "Parent Relationship": "Inner", "Parallel Aware": false, "Async Capable": false, "Startup Cost": 901.88, "Total Cost": 901.88, "Plan Rows": 4951, "Plan Width": 4, "Plans": [{"Node Type": "Seq Scan", "Parent Relationship": "Outer", "Parallel Aware": false, "Async Capable": false, "Relation Name": "users", "Alias": "u", "Startup Cost": 0.0, "Total Cost": 901.88, "Plan Rows": 4951, "Plan Width": 4, "Filter": "((creationdate >= '2013-09-14 05:27:17'::timestamp without time zone) AND (creationdate <= '2014-01-26 23:56:27'::timestamp without time zone))"}]}]}]}, {"Node Type": "Sort", "Parent Relationship": "Inner", "Parallel Aware": false, "Async Capable": false, "Startup Cost": 2220.84, "Total Cost": 2220.95, "Plan Rows": 44, "Plan Width": 4, "Sort Key": ["p.owneruserid"], "Plans": [{"Node Type": "Seq Scan", "Parent Relationship": "Outer", "Parallel Aware": false, "Async Capable": false, "Relation Name": "posts", "Alias": "p", "Startup Cost": 0.0, "Total Cost": 2219.64, "Plan Rows": 44, "Plan Width": 4, "Filter": "((commentcount >= 23) AND (commentcount <= 37))"}]}]}]}]}]}}, {"Plan": {"Node Type": "Aggregate", "Strategy": "Plain", "Partial Mode": "Finalize", "Parallel Aware": false, "Async Capable": false, "Startup Cost": 18077.14, "Total Cost": 18077.15, "Plan Rows": 1, "Plan Width": 8, "Plans": [{"Node Type": "Gather", "Parent Relationship": "Outer", "Parallel Aware": false, "Async Capable": false, "Startup Cost": 18077.03, "Total Cost": 18077.14, "Plan Rows": 1, "Plan Width": 8, "Workers Planned": 1, "Single Copy": false, "Plans": [{"Node Type": "Aggregate", "Strategy": "Plain", "Partial Mode": "Partial", "Parent Relationship": "Outer", "Parallel Aware": false, "Async Capable": false, "Startup Cost": 17077.03, "Total Cost": 17077.04, "Plan Rows": 1, "Plan Width": 8, "Plans": [{"Node Type": "Hash Join", "Parent Relationship": "Outer", "Parallel Aware": false, "Async Capable": false, "Join Type": "Inner", "Startup Cost": 6175.2, "Total Cost": 17077.01, "Plan Rows": 9, "Plan Width": 0, "Inner Unique": false, "Hash Cond": "(v.userid = p.owneruserid)", "Plans": [{"Node Type": "Hash Join", "Parent Relationship": "Outer", "Parallel Aware": false, "Async Capable": false, "Join Type": "Inner", "Startup Cost": 1621.1, "Total Cost": 12378.72, "Plan Rows": 2506, "Plan Width": 8, "Inner Unique": true, "Hash Cond": "(v.userid = u.id)", "Plans": [{"Node Type": "Index Scan", "Parent Relationship": "Outer", "Parallel Aware": true, "Async Capable": false, "Scan Direction": "Forward", "Index Name": "idx_votes_userid", "Relation Name": "votes", "Alias": "v", "Startup Cost": 0.42, "Total Cost": 10251.46, "Plan Rows": 192979, "Plan Width": 4}, {"Node Type": "Hash", "Parent Relationship": "Inner", "Parallel Aware": false, "Async Capable": false, "Startup Cost": 1558.79, "Total Cost": 1558.79, "Plan Rows": 4951, "Plan Width": 4, "Plans": [{"Node Type": "Index Scan", "Parent Relationship": "Outer", "Parallel Aware": false, "Async Capable": false, "Scan Direction": "Forward", "Index Name": "users_pkey", "Relation Name": "users", "Alias": "u", "Startup Cost": 0.29, "Total Cost": 1558.79, "Plan Rows": 4951, "Plan Width": 4, "Filter": "((creationdate >= '2013-09-14 05:27:17'::timestamp without time zone) AND (creationdate <= '2014-01-26 23:56:27'::timestamp without time zone))"}]}]}, {"Node Type": "Hash", "Parent Relationship": "Inner", "Parallel Aware": false, "Async Capable": false, "Startup Cost": 4553.55, "Total Cost": 4553.55, "Plan Rows": 44, "Plan Width": 4, "Plans": [{"Node Type": "Index Scan", "Parent Relationship": "Outer", "Parallel Aware": false, "Async Capable": false, "Scan Direction": "Forward", "Index Name": "idx_posts_owneruserid", "Relation Name": "posts", "Alias": "p", "Startup Cost": 0.29, "Total Cost": 4553.55, "Plan Rows": 44, "Plan Width": 4, "Filter": "((commentcount >= 23) AND (commentcount <= 37))"}]}]}]}]}]}}, {"Plan": {"Node Type": "Aggregate", "Strategy": "Plain", "Partial Mode": "Simple", "Parallel Aware": false, "Async Capable": false, "Startup Cost": 2196.33, "Total Cost": 2196.34, "Plan Rows": 1, "Plan Width": 8, "Plans": [{"Node Type": "Merge Join", "Parent Relationship": "Outer", "Parallel Aware": false, "Async Capable": false, "Join Type": "Inner", "Startup Cost": 1.0, "Total Cost": 2196.29, "Plan Rows": 16, "Plan Width": 0, "Inner Unique": true, "Merge Cond": "(v.userid = u.id)", "Plans": [{"Node Type": "Merge Join", "Parent Relationship": "Outer", "Parallel Aware": false, "Async Capable": false, "Join Type": "Inner", "Startup Cost": 0.71, "Total Cost": 5880.01, "Plan Rows": 1225, "Plan Width": 8, "Inner Unique": false, "Merge Cond": "(p.owneruserid = v.userid)", "Plans": [{"Node Type": "Index Scan", "Parent Relationship": "Outer", "Parallel Aware": false, "Async Capable": false, "Scan Direction": "Forward", "Index Name": "idx_posts_owneruserid", "Relation Name": "posts", "Alias": "p", "Startup Cost": 0.29, "Total Cost": 4553.55, "Plan Rows": 44, "Plan Width": 4, "Filter": "((commentcount >= 23) AND (commentcount <= 37))"}, {"Node Type": "Index Scan", "Parent Relationship": "Inner", "Parallel Aware": false, "Async Capable": false, "Scan Direction": "Forward", "Index Name": "idx_votes_userid", "Relation Name": "votes", "Alias": "v", "Startup Cost": 0.42, "Total Cost": 11602.31, "Plan Rows": 328064, "Plan Width": 4}]}, {"Node Type": "Index Scan", "Parent Relationship": "Inner", "Parallel Aware": false, "Async Capable": false, "Scan Direction": "Forward", "Index Name": "users_pkey", "Relation Name": "users", "Alias": "u", "Startup Cost": 0.29, "Total Cost": 1558.79, "Plan Rows": 4951, "Plan Width": 4, "Filter": "((creationdate >= '2013-09-14 05:27:17'::timestamp without time zone) AND (creationdate <= '2014-01-26 23:56:27'::timestamp without time zone))"}]}]}}, {"Plan": {"Node Type": "Aggregate", "Strategy": "Plain", "Partial Mode": "Simple", "Parallel Aware": false, "Async Capable": false, "Startup Cost": 2164.64, "Total Cost": 2164.65, "Plan Rows": 1, "Plan Width": 8, "Plans": [{"Node Type": "Merge Join", "Parent Relationship": "Outer", "Parallel Aware": false, "Async Capable": false, "Join Type": "Inner", "Startup Cost": 1.0, "Total Cost": 2164.6, "Plan Rows": 16, "Plan Width": 0, "Inner Unique": true, "Merge Cond": "(v.userid = u.id)", "Plans": [{"Node Type": "Nested Loop", "Parent Relationship": "Outer", "Parallel Aware": false, "Async Capable": false, "Join Type": "Inner", "Startup Cost": 0.71, "Total Cost": 5581.41, "Plan Rows": 1225, "Plan Width": 8, "Inner Unique": false, "Plans": [{"Node Type": "Index Scan", "Parent Relationship": "Outer", "Parallel Aware": false, "Async Capable": false, "Scan Direction": "Forward", "Index Name": "idx_posts_owneruserid", "Relation Name": "posts", "Alias": "p", "Startup Cost": 0.29, "Total Cost": 4553.55, "Plan Rows": 44, "Plan Width": 4, "Filter": "((commentcount >= 23) AND (commentcount <= 37))"}, {"Node Type": "Index Scan", "Parent Relationship": "Inner", "Parallel Aware": false, "Async Capable": false, "Scan Direction": "Forward", "Index Name": "idx_votes_userid", "Relation Name": "votes", "Alias": "v", "Startup Cost": 0.42, "Total Cost": 23.27, "Plan Rows": 9, "Plan Width": 4, "Index Cond": "(userid = p.owneruserid)"}]}, {"Node Type": "Index Scan", "Parent Relationship": "Inner", "Parallel Aware": false, "Async Capable": false, "Scan Direction": "Forward", "Index Name": "users_pkey", "Relation Name": "users", "Alias": "u", "Startup Cost": 0.29, "Total Cost": 1558.79, "Plan Rows": 4951, "Plan Width": 4, "Filter": "((creationdate >= '2013-09-14 05:27:17'::timestamp without time zone) AND (creationdate <= '2014-01-26 23:56:27'::timestamp without time zone))"}]}]}}, {"Plan": {"Node Type": "Aggregate", "Strategy": "Plain", "Partial Mode": "Simple", "Parallel Aware": false, "Async Capable": false, "Startup Cost": 2558.81, "Total Cost": 2558.82, "Plan Rows": 1, "Plan Width": 8, "Plans": [{"Node Type": "Nested Loop", "Parent Relationship": "Outer", "Parallel Aware": false, "Async Capable": false, "Join Type": "Inner", "Startup Cost": 0.71, "Total Cost": 2558.77, "Plan Rows": 16, "Plan Width": 0, "Inner Unique": false, "Join Filter": "(v.userid = p.owneruserid)", "Plans": [{"Node Type": "Nested Loop", "Parent Relationship": "Outer", "Parallel Aware": false, "Async Capable": false, "Join Type": "Inner", "Startup Cost": 0.29, "Total Cost": 2545.39, "Plan Rows": 5, "Plan Width": 8, "Inner Unique": true, "Plans": [{"Node Type": "Seq Scan", "Parent Relationship": "Outer", "Parallel Aware": false, "Async Capable": false, "Relation Name": "posts", "Alias": "p", "Startup Cost": 0.0, "Total Cost": 2219.64, "Plan Rows": 44, "Plan Width": 4, "Filter": "((commentcount >= 23) AND (commentcount <= 37))"}, {"Node Type": "Index Scan", "Parent Relationship": "Inner", "Parallel Aware": false, "Async Capable": false, "Scan Direction": "Forward", "Index Name": "users_pkey", "Relation Name": "users", "Alias": "u", "Startup Cost": 0.29, "Total Cost": 7.4, "Plan Rows": 1, "Plan Width": 4, "Index Cond": "(id = p.owneruserid)", "Filter": "((creationdate >= '2013-09-14 05:27:17'::timestamp without time zone) AND (creationdate <= '2014-01-26 23:56:27'::timestamp without time zone))"}]}, {"Node Type": "Index Scan", "Parent Relationship": "Inner", "Parallel Aware": false, "Async Capable": false, "Scan Direction": "Forward", "Index Name": "idx_votes_userid", "Relation Name": "votes", "Alias": "v", "Startup Cost": 0.42, "Total Cost": 2.56, "Plan Rows": 9, "Plan Width": 4, "Index Cond": "(userid = u.id)"}]}]}}, {"Plan": {"Node Type": "Aggregate", "Strategy": "Plain", "Partial Mode": "Simple", "Parallel Aware": false, "Async Capable": false, "Startup Cost": 3574.72, "Total Cost": 3574.73, "Plan Rows": 1, "Plan Width": 8, "Plans": [{"Node Type": "Merge Join", "Parent Relationship": "Outer", "Parallel Aware": false, "Async Capable": false, "Join Type": "Inner", "Startup Cost": 3426.97, "Total Cost": 3574.68, "Plan Rows": 16, "Plan Width": 0, "Inner Unique": false, "Merge Cond": "(v.userid = p.owneruserid)", "Plans": [{"Node Type": "Merge Join", "Parent Relationship": "Outer", "Parallel Aware": false, "Async Capable": false, "Join Type": "Inner", "Startup Cost": 1206.13, "Total Cost": 2587.16, "Plan Rows": 4260, "Plan Width": 8, "Inner Unique": true, "Merge Cond": "(v.userid = u.id)", "Plans": [{"Node Type": "Index Scan", "Parent Relationship": "Outer", "Parallel Aware": false, "Async Capable": false, "Scan Direction": "Forward", "Index Name": "idx_votes_userid", "Relation Name": "votes", "Alias": "v", "Startup Cost": 0.42, "Total Cost": 11602.31, "Plan Rows": 328064, "Plan Width": 4}, {"Node Type": "Sort", "Parent Relationship": "Inner", "Parallel Aware": false, "Async Capable": false, "Startup Cost": 1205.71, "Total Cost": 1218.08, "Plan Rows": 4951, "Plan Width": 4, "Sort Key": ["u.id"], "Plans": [{"Node Type": "Seq Scan", "Parent Relationship": "Outer", "Parallel Aware": false, "Async Capable": false, "Relation Name": "users", "Alias": "u", "Startup Cost": 0.0, "Total Cost": 901.88, "Plan Rows": 4951, "Plan Width": 4, "Filter": "((creationdate >= '2013-09-14 05:27:17'::timestamp without time zone) AND (creationdate <= '2014-01-26 23:56:27'::timestamp without time zone))"}]}]}, {"Node Type": "Sort", "Parent Relationship": "Inner", "Parallel Aware": false, "Async Capable": false, "Startup Cost": 2220.84, "Total Cost": 2220.95, "Plan Rows": 44, "Plan Width": 4, "Sort Key": ["p.owneruserid"], "Plans": [{"Node Type": "Seq Scan", "Parent Relationship": "Outer", "Parallel Aware": false, "Async Capable": false, "Relation Name": "posts", "Alias": "p", "Startup Cost": 0.0, "Total Cost": 2219.64, "Plan Rows": 44, "Plan Width": 4, "Filter": "((commentcount >= 23) AND (commentcount <= 37))"}]}]}]}}, {"Plan": {"Node Type": "Aggregate", "Strategy": "Plain", "Partial Mode": "Simple", "Parallel Aware": false, "Async Capable": false, "Startup Cost": 4892.72, "Total Cost": 4892.73, "Plan Rows": 1, "Plan Width": 8, "Plans": [{"Node Type": "Nested Loop", "Parent Relationship": "Outer", "Parallel Aware": false, "Async Capable": false, "Join Type": "Inner", "Startup Cost": 1.0, "Total Cost": 4892.68, "Plan Rows": 16, "Plan Width": 0, "Inner Unique": false, "Join Filter": "(v.userid = p.owneruserid)", "Plans": [{"Node Type": "Nested Loop", "Parent Relationship": "Outer", "Parallel Aware": false, "Async Capable": false, "Join Type": "Inner", "Startup Cost": 0.58, "Total Cost": 4879.3, "Plan Rows": 5, "Plan Width": 8, "Inner Unique": true, "Plans": [{"Node Type": "Index Scan", "Parent Relationship": "Outer", "Parallel Aware": false, "Async Capable": false, "Scan Direction": "Forward", "Index Name": "idx_posts_owneruserid", "Relation Name": "posts", "Alias": "p", "Startup Cost": 0.29, "Total Cost": 4553.55, "Plan Rows": 44, "Plan Width": 4, "Filter": "((commentcount >= 23) AND (commentcount <= 37))"}, {"Node Type": "Index Scan", "Parent Relationship": "Inner", "Parallel Aware": false, "Async Capable": false, "Scan Direction": "Forward", "Index Name": "users_pkey", "Relation Name": "users", "Alias": "u", "Startup Cost": 0.29, "Total Cost": 7.4, "Plan Rows": 1, "Plan Width": 4, "Index Cond": "(id = p.owneruserid)", "Filter": "((creationdate >= '2013-09-14 05:27:17'::timestamp without time zone) AND (creationdate <= '2014-01-26 23:56:27'::timestamp without time zone))"}]}, {"Node Type": "Index Scan", "Parent Relationship": "Inner", "Parallel Aware": false, "Async Capable": false, "Scan Direction": "Forward", "Index Name": "idx_votes_userid", "Relation Name": "votes", "Alias": "v", "Startup Cost": 0.42, "Total Cost": 2.56, "Plan Rows": 9, "Plan Width": 4, "Index Cond": "(userid = u.id)"}]}]}}, {"Plan": {"Node Type": "Aggregate", "Strategy": "Plain", "Partial Mode": "Finalize", "Parallel Aware": false, "Async Capable": false, "Startup Cost": 25475.21, "Total Cost": 25475.22, "Plan Rows": 1, "Plan Width": 8, "Plans": [{"Node Type": "Gather", "Parent Relationship": "Outer", "Parallel Aware": false, "Async Capable": false, "Startup Cost": 25475.1, "Total Cost": 25475.21, "Plan Rows": 1, "Plan Width": 8, "Workers Planned": 1, "Single Copy": false, "Plans": [{"Node Type": "Aggregate", "Strategy": "Plain", "Partial Mode": "Partial", "Parent Relationship": "Outer", "Parallel Aware": false, "Async Capable": false, "Startup Cost": 24475.1, "Total Cost": 24475.11, "Plan Rows": 1, "Plan Width": 8, "Plans": [{"Node Type": "Merge Join", "Parent Relationship": "Outer", "Parallel Aware": false, "Async Capable": false, "Join Type": "Inner", "Startup Cost": 24458.04, "Total Cost": 24475.07, "Plan Rows": 9, "Plan Width": 0, "Inner Unique": false, "Merge Cond": "(v.userid = p.owneruserid)", "Plans": [{"Node Type": "Merge Join", "Parent Relationship": "Outer", "Parallel Aware": false, "Async Capable": false, "Join Type": "Inner", "Startup Cost": 22237.2, "Total Cost": 22389.06, "Plan Rows": 2506, "Plan Width": 8, "Inner Unique": true, "Merge Cond": "(v.userid = u.id)", "Plans": [{"Node Type": "Sort", "Parent Relationship": "Outer", "Parallel Aware": false, "Async Capable": false, "Startup Cost": 21031.5, "Total Cost": 21513.94, "Plan Rows": 192979, "Plan Width": 4, "Sort Key": ["v.userid"], "Plans": [{"Node Type": "Seq Scan", "Parent Relationship": "Outer", "Parallel Aware": true, "Async Capable": false, "Relation Name": "votes", "Alias": "v", "Startup Cost": 0.0, "Total Cost": 4089.79, "Plan Rows": 192979, "Plan Width": 4}]}, {"Node Type": "Sort", "Parent Relationship": "Inner", "Parallel Aware": false, "Async Capable": false, "Startup Cost": 1205.71, "Total Cost": 1218.08, "Plan Rows": 4951, "Plan Width": 4, "Sort Key": ["u.id"], "Plans": [{"Node Type": "Seq Scan", "Parent Relationship": "Outer", "Parallel Aware": false, "Async Capable": false, "Relation Name": "users", "Alias": "u", "Startup Cost": 0.0, "Total Cost": 901.88, "Plan Rows": 4951, "Plan Width": 4, "Filter": "((creationdate >= '2013-09-14 05:27:17'::timestamp without time zone) AND (creationdate <= '2014-01-26 23:56:27'::timestamp without time zone))"}]}]}, {"Node Type": "Sort", "Parent Relationship": "Inner", "Parallel Aware": false, "Async Capable": false, "Startup Cost": 2220.84, "Total Cost": 2220.95, "Plan Rows": 44, "Plan Width": 4, "Sort Key": ["p.owneruserid"], "Plans": [{"Node Type": "Seq Scan", "Parent Relationship": "Outer", "Parallel Aware": false, "Async Capable": false, "Relation Name": "posts", "Alias": "p", "Startup Cost": 0.0, "Total Cost": 2219.64, "Plan Rows": 44, "Plan Width": 4, "Filter": "((commentcount >= 23) AND (commentcount <= 37))"}]}]}]}]}]}}]