[{"Plan": {"Node Type": "Aggregate", "Strategy": "Plain", "Partial Mode": "Simple", "Parallel Aware": false, "Async Capable": false, "Startup Cost": 1018.89, "Total Cost": 1018.9, "Plan Rows": 1, "Plan Width": 8, "Plans": [{"Node Type": "Nested Loop", "Parent Relationship": "Outer", "Parallel Aware": false, "Async Capable": false, "Join Type": "Inner", "Startup Cost": 0.71, "Total Cost": 1018.89, "Plan Rows": 1, "Plan Width": 0, "Inner Unique": false, "Plans": [{"Node Type": "Nested Loop", "Parent Relationship": "Outer", "Parallel Aware": false, "Async Capable": false, "Join Type": "Inner", "Startup Cost": 0.29, "Total Cost": 1017.52, "Plan Rows": 1, "Plan Width": 4, "Inner Unique": false, "Plans": [{"Node Type": "Seq Scan", "Parent Relationship": "Outer", "Parallel Aware": false, "Async Capable": false, "Relation Name": "users", "Alias": "u", "Startup Cost": 0.0, "Total Cost": 1002.69, "Plan Rows": 1, "Plan Width": 4, "Filter": "((reputation >= 26913) AND (reputation <= 70526) AND (views >= 3637))"}, {"Node Type": "Index Scan", "Parent Relationship": "Inner", "Parallel Aware": false, "Async Capable": false, "Scan Direction": "Forward", "Index Name": "idx_posts_owneruserid", "Relation Name": "posts", "Alias": "p", "Startup Cost": 0.29, "Total Cost": 14.82, "Plan Rows": 1, "Plan Width": 8, "Index Cond": "(owneruserid = u.id)", "Filter": "((creationdate >= '2010-08-05 04:25:43'::timestamp without time zone) AND (creationdate <= '2011-09-09 18:25:04'::timestamp without time zone))"}]}, {"Node Type": "Index Scan", "Parent Relationship": "Inner", "Parallel Aware": false, "Async Capable": false, "Scan Direction": "Forward", "Index Name": "idx_posthistory_postid", "Relation Name": "posthistory", "Alias": "ph", "Startup Cost": 0.42, "Total Cost": 1.36, "Plan Rows": 1, "Plan Width": 4, "Index Cond": "(postid = p.id)", "Filter": "(creationdate <= '2012-11-08 15:08:48'::timestamp without time zone)"}]}]}}, {"Plan": {"Node Type": "Aggregate", "Strategy": "Plain", "Partial Mode": "Simple", "Parallel Aware": false, "Async Capable": false, "Startup Cost": 30000048852.14, "Total Cost": 30000048852.15, "Plan Rows": 1, "Plan Width": 8, "Plans": [{"Node Type": "Nested Loop", "Parent Relationship": "Outer", "Parallel Aware": false, "Async Capable": false, "Join Type": "Inner", "Startup Cost": 30000000001.25, "Total Cost": 30000048852.14, "Plan Rows": 1, "Plan Width": 0, "Inner Unique": false, "Plans": [{"Node Type": "Nested Loop", "Parent Relationship": "Outer", "Parallel Aware": false, "Async Capable": false, "Join Type": "Inner", "Startup Cost": 20000000000.64, "Total Cost": 20000048847.46, "Plan Rows": 1, "Plan Width": 4, "Inner Unique": true, "Plans": [{"Node Type": "Index Scan", "Parent Relationship": "Outer", "Parallel Aware": false, "Async Capable": false, "Scan Direction": "Forward", "Index Name": "posts_pkey", "Relation Name": "posts", "Alias": "p", "Startup Cost": 10000000000.29, "Total Cost": 10000003699.05, "Plan Rows": 12894, "Plan Width": 8, "Filter": "((creationdate >= '2010-08-05 04:25:43'::timestamp without time zone) AND (creationdate <= '2011-09-09 18:25:04'::timestamp without time zone))"}, {"Node Type": "Memoize", "Parent Relationship": "Inner", "Parallel Aware": false, "Async Capable": false, "Startup Cost": 0.34, "Total Cost": 4.36, "Plan Rows": 1, "Plan Width": 4, "Cache Key": "p.owneruserid", "Cache Mode": "logical", "Plans": [{"Node Type": "Bitmap Heap Scan", "Parent Relationship": "Outer", "Parallel Aware": false, "Async Capable": false, "Relation Name": "users", "Alias": "u", "Startup Cost": 0.33, "Total Cost": 4.35, "Plan Rows": 1, "Plan Width": 4, "Recheck Cond": "(p.owneruserid = id)", "Filter": "((reputation >= 26913) AND (reputation <= 70526) AND (views >= 3637))", "Plans": [{"Node Type": "Bitmap Index Scan", "Parent Relationship": "Outer", "Parallel Aware": false, "Async Capable": false, "Index Name": "users_pkey", "Startup Cost": 0.0, "Total Cost": 0.33, "Plan Rows": 1, "Plan Width": 0, "Index Cond": "(id = p.owneruserid)"}]}]}]}, {"Node Type": "Bitmap Heap Scan", "Parent Relationship": "Inner", "Parallel Aware": false, "Async Capable": false, "Relation Name": "posthistory", "Alias": "ph", "Startup Cost": 0.61, "Total Cost": 4.67, "Plan Rows": 1, "Plan Width": 4, "Recheck Cond": "(postid = p.id)", "Filter": "(creationdate <= '2012-11-08 15:08:48'::timestamp without time zone)", "Plans": [{"Node Type": "Bitmap Index Scan", "Parent Relationship": "Outer", "Parallel Aware": false, "Async Capable": false, "Index Name": "idx_posthistory_postid", "Startup Cost": 0.0, "Total Cost": 0.61, "Plan Rows": 4, "Plan Width": 0, "Index Cond": "(postid = p.id)"}]}]}]}}, {"Plan": {"Node Type": "Aggregate", "Strategy": "Plain", "Partial Mode": "Simple", "Parallel Aware": false, "Async Capable": false, "Startup Cost": 14910.12, "Total Cost": 14910.13, "Plan Rows": 1, "Plan Width": 8, "Plans": [{"Node Type": "Gather", "Parent Relationship": "Outer", "Parallel Aware": false, "Async Capable": false, "Startup Cost": 6392.94, "Total Cost": 14910.12, "Plan Rows": 1, "Plan Width": 0, "Workers Planned": 1, "Single Copy": false, "Plans": [{"Node Type": "Hash Join", "Parent Relationship": "Outer", "Parallel Aware": false, "Async Capable": false, "Join Type": "Inner", "Startup Cost": 5392.94, "Total Cost": 13910.02, "Plan Rows": 1, "Plan Width": 0, "Inner Unique": false, "Hash Cond": "(ph.postid = p.id)", "Plans": [{"Node Type": "Index Scan", "Parent Relationship": "Outer", "Parallel Aware": true, "Async Capable": false, "Scan Direction": "Forward", "Index Name": "idx_posthistory_postid", "Relation Name": "posthistory", "Alias": "ph", "Startup Cost": 0.42, "Total Cost": 8270.95, "Plan Rows": 65743, "Plan Width": 4, "Filter": "(creationdate <= '2012-11-08 15:08:48'::timestamp without time zone)"}, {"Node Type": "Hash", "Parent Relationship": "Inner", "Parallel Aware": false, "Async Capable": false, "Startup Cost": 5392.51, "Total Cost": 5392.51, "Plan Rows": 1, "Plan Width": 4, "Plans": [{"Node Type": "Hash Join", "Parent Relationship": "Outer", "Parallel Aware": false, "Async Capable": false, "Join Type": "Inner", "Startup Cost": 1659.91, "Total Cost": 5392.51, "Plan Rows": 1, "Plan Width": 4, "Inner Unique": true, "Hash Cond": "(p.owneruserid = u.id)", "Plans": [{"Node Type": "Index Scan", "Parent Relationship": "Outer", "Parallel Aware": false, "Async Capable": false, "Scan Direction": "Forward", "Index Name": "posts_pkey", "Relation Name": "posts", "Alias": "p", "Startup Cost": 0.29, "Total Cost": 3699.05, "Plan Rows": 12894, "Plan Width": 8, "Filter": "((creationdate >= '2010-08-05 04:25:43'::timestamp without time zone) AND (creationdate <= '2011-09-09 18:25:04'::timestamp without time zone))"}, {"Node Type": "Hash", "Parent Relationship": "Inner", "Parallel Aware": false, "Async Capable": false, "Startup Cost": 1659.6, "Total Cost": 1659.6, "Plan Rows": 1, "Plan Width": 4, "Plans": [{"Node Type": "Index Scan", "Parent Relationship": "Outer", "Parallel Aware": false, "Async Capable": false, "Scan Direction": "Forward", "Index Name": "users_pkey", "Relation Name": "users", "Alias": "u", "Startup Cost": 0.29, "Total Cost": 1659.6, "Plan Rows": 1, "Plan Width": 4, "Filter": "((reputation >= 26913) AND (reputation <= 70526) AND (views >= 3637))"}]}]}]}]}]}]}}, {"Plan": {"Node Type": "Aggregate", "Strategy": "Plain", "Partial Mode": "Simple", "Parallel Aware": false, "Async Capable": false, "Startup Cost": 14827.95, "Total Cost": 14827.96, "Plan Rows": 1, "Plan Width": 8, "Plans": [{"Node Type": "Gather", "Parent Relationship": "Outer", "Parallel Aware": false, "Async Capable": false, "Startup Cost": 6392.94, "Total Cost": 14827.95, "Plan Rows": 1, "Plan Width": 0, "Workers Planned": 1, "Single Copy": false, "Plans": [{"Node Type": "Merge Join", "Parent Relationship": "Outer", "Parallel Aware": false, "Async Capable": false, "Join Type": "Inner", "Startup Cost": 5392.94, "Total Cost": 13827.85, "Plan Rows": 1, "Plan Width": 0, "Inner Unique": false, "Merge Cond": "(ph.postid = p.id)", "Plans": [{"Node Type": "Index Scan", "Parent Relationship": "Outer", "Parallel Aware": true, "Async Capable": false, "Scan Direction": "Forward", "Index Name": "idx_posthistory_postid", "Relation Name": "posthistory", "Alias": "ph", "Startup Cost": 0.42, "Total Cost": 8270.95, "Plan Rows": 65743, "Plan Width": 4, "Filter": "(creationdate <= '2012-11-08 15:08:48'::timestamp without time zone)"}, {"Node Type": "Sort", "Parent Relationship": "Inner", "Parallel Aware": false, "Async Capable": false, "Startup Cost": 5392.52, "Total Cost": 5392.52, "Plan Rows": 1, "Plan Width": 4, "Sort Key": ["p.id"], "Plans": [{"Node Type": "Hash Join", "Parent Relationship": "Outer", "Parallel Aware": false, "Async Capable": false, "Join Type": "Inner", "Startup Cost": 1659.91, "Total Cost": 5392.51, "Plan Rows": 1, "Plan Width": 4, "Inner Unique": true, "Hash Cond": "(p.owneruserid = u.id)", "Plans": [{"Node Type": "Index Scan", "Parent Relationship": "Outer", "Parallel Aware": false, "Async Capable": false, "Scan Direction": "Forward", "Index Name": "posts_pkey", "Relation Name": "posts", "Alias": "p", "Startup Cost": 0.29, "Total Cost": 3699.05, "Plan Rows": 12894, "Plan Width": 8, "Filter": "((creationdate >= '2010-08-05 04:25:43'::timestamp without time zone) AND (creationdate <= '2011-09-09 18:25:04'::timestamp without time zone))"}, {"Node Type": "Hash", "Parent Relationship": "Inner", "Parallel Aware": false, "Async Capable": false, "Startup Cost": 1659.6, "Total Cost": 1659.6, "Plan Rows": 1, "Plan Width": 4, "Plans": [{"Node Type": "Index Scan", "Parent Relationship": "Outer", "Parallel Aware": false, "Async Capable": false, "Scan Direction": "Forward", "Index Name": "users_pkey", "Relation Name": "users", "Alias": "u", "Startup Cost": 0.29, "Total Cost": 1659.6, "Plan Rows": 1, "Plan Width": 4, "Filter": "((reputation >= 26913) AND (reputation <= 70526) AND (views >= 3637))"}]}]}]}]}]}]}}, {"Plan": {"Node Type": "Aggregate", "Strategy": "Plain", "Partial Mode": "Simple", "Parallel Aware": false, "Async Capable": false, "Startup Cost": 1675.8, "Total Cost": 1675.81, "Plan Rows": 1, "Plan Width": 8, "Plans": [{"Node Type": "Nested Loop", "Parent Relationship": "Outer", "Parallel Aware": false, "Async Capable": false, "Join Type": "Inner", "Startup Cost": 1.0, "Total Cost": 1675.8, "Plan Rows": 1, "Plan Width": 0, "Inner Unique": false, "Plans": [{"Node Type": "Nested Loop", "Parent Relationship": "Outer", "Parallel Aware": false, "Async Capable": false, "Join Type": "Inner", "Startup Cost": 0.58, "Total Cost": 1674.43, "Plan Rows": 1, "Plan Width": 4, "Inner Unique": false, "Plans": [{"Node Type": "Index Scan", "Parent Relationship": "Outer", "Parallel Aware": false, "Async Capable": false, "Scan Direction": "Forward", "Index Name": "users_pkey", "Relation Name": "users", "Alias": "u", "Startup Cost": 0.29, "Total Cost": 1659.6, "Plan Rows": 1, "Plan Width": 4, "Filter": "((reputation >= 26913) AND (reputation <= 70526) AND (views >= 3637))"}, {"Node Type": "Index Scan", "Parent Relationship": "Inner", "Parallel Aware": false, "Async Capable": false, "Scan Direction": "Forward", "Index Name": "idx_posts_owneruserid", "Relation Name": "posts", "Alias": "p", "Startup Cost": 0.29, "Total Cost": 14.82, "Plan Rows": 1, "Plan Width": 8, "Index Cond": "(owneruserid = u.id)", "Filter": "((creationdate >= '2010-08-05 04:25:43'::timestamp without time zone) AND (creationdate <= '2011-09-09 18:25:04'::timestamp without time zone))"}]}, {"Node Type": "Index Scan", "Parent Relationship": "Inner", "Parallel Aware": false, "Async Capable": false, "Scan Direction": "Forward", "Index Name": "idx_posthistory_postid", "Relation Name": "posthistory", "Alias": "ph", "Startup Cost": 0.42, "Total Cost": 1.36, "Plan Rows": 1, "Plan Width": 4, "Index Cond": "(postid = p.id)", "Filter": "(creationdate <= '2012-11-08 15:08:48'::timestamp without time zone)"}]}]}}, {"Plan": {"Node Type": "Aggregate", "Strategy": "Plain", "Partial Mode": "Simple", "Parallel Aware": false, "Async Capable": false, "Startup Cost": 8972.16, "Total Cost": 8972.17, "Plan Rows": 1, "Plan Width": 8, "Plans": [{"Node Type": "Gather", "Parent Relationship": "Outer", "Parallel Aware": false, "Async Capable": false, "Startup Cost": 4256.2, "Total Cost": 8972.16, "Plan Rows": 1, "Plan Width": 0, "Workers Planned": 1, "Single Copy": false, "Plans": [{"Node Type": "Hash Join", "Parent Relationship": "Outer", "Parallel Aware": false, "Async Capable": false, "Join Type": "Inner", "Startup Cost": 3256.2, "Total Cost": 7972.06, "Plan Rows": 1, "Plan Width": 0, "Inner Unique": false, "Hash Cond": "(ph.postid = p.id)", "Plans": [{"Node Type": "Seq Scan", "Parent Relationship": "Outer", "Parallel Aware": true, "Async Capable": false, "Relation Name": "posthistory", "Alias": "ph", "Startup Cost": 0.0, "Total Cost": 4469.32, "Plan Rows": 65743, "Plan Width": 4, "Filter": "(creationdate <= '2012-11-08 15:08:48'::timestamp without time zone)"}, {"Node Type": "Hash", "Parent Relationship": "Inner", "Parallel Aware": false, "Async Capable": false, "Startup Cost": 3256.19, "Total Cost": 3256.19, "Plan Rows": 1, "Plan Width": 4, "Plans": [{"Node Type": "Hash Join", "Parent Relationship": "Outer", "Parallel Aware": false, "Async Capable": false, "Join Type": "Inner", "Startup Cost": 1002.7, "Total Cost": 3256.19, "Plan Rows": 1, "Plan Width": 4, "Inner Unique": true, "Hash Cond": "(p.owneruserid = u.id)", "Plans": [{"Node Type": "Seq Scan", "Parent Relationship": "Outer", "Parallel Aware": false, "Async Capable": false, "Relation Name": "posts", "Alias": "p", "Startup Cost": 0.0, "Total Cost": 2219.64, "Plan Rows": 12894, "Plan Width": 8, "Filter": "((creationdate >= '2010-08-05 04:25:43'::timestamp without time zone) AND (creationdate <= '2011-09-09 18:25:04'::timestamp without time zone))"}, {"Node Type": "Hash", "Parent Relationship": "Inner", "Parallel Aware": false, "Async Capable": false, "Startup Cost": 1002.69, "Total Cost": 1002.69, "Plan Rows": 1, "Plan Width": 4, "Plans": [{"Node Type": "Seq Scan", "Parent Relationship": "Outer", "Parallel Aware": false, "Async Capable": false, "Relation Name": "users", "Alias": "u", "Startup Cost": 0.0, "Total Cost": 1002.69, "Plan Rows": 1, "Plan Width": 4, "Filter": "((reputation >= 26913) AND (reputation <= 70526) AND (views >= 3637))"}]}]}]}]}]}]}}, {"Plan": {"Node Type": "Aggregate", "Strategy": "Plain", "Partial Mode": "Simple", "Parallel Aware": false, "Async Capable": false, "Startup Cost": 10000048852.14, "Total Cost": 10000048852.15, "Plan Rows": 1, "Plan Width": 8, "Plans": [{"Node Type": "Nested Loop", "Parent Relationship": "Outer", "Parallel Aware": false, "Async Capable": false, "Join Type": "Inner", "Startup Cost": 10000000001.25, "Total Cost": 10000048852.14, "Plan Rows": 1, "Plan Width": 0, "Inner Unique": false, "Plans": [{"Node Type": "Nested Loop", "Parent Relationship": "Outer", "Parallel Aware": false, "Async Capable": false, "Join Type": "Inner", "Startup Cost": 10000000000.64, "Total Cost": 10000048847.46, "Plan Rows": 1, "Plan Width": 4, "Inner Unique": true, "Plans": [{"Node Type": "Index Scan", "Parent Relationship": "Outer", "Parallel Aware": false, "Async Capable": false, "Scan Direction": "Forward", "Index Name": "posts_pkey", "Relation Name": "posts", "Alias": "p", "Startup Cost": 10000000000.29, "Total Cost": 10000003699.05, "Plan Rows": 12894, "Plan Width": 8, "Filter": "((creationdate >= '2010-08-05 04:25:43'::timestamp without time zone) AND (creationdate <= '2011-09-09 18:25:04'::timestamp without time zone))"}, {"Node Type": "Memoize", "Parent Relationship": "Inner", "Parallel Aware": false, "Async Capable": false, "Startup Cost": 0.34, "Total Cost": 4.36, "Plan Rows": 1, "Plan Width": 4, "Cache Key": "p.owneruserid", "Cache Mode": "logical", "Plans": [{"Node Type": "Bitmap Heap Scan", "Parent Relationship": "Outer", "Parallel Aware": false, "Async Capable": false, "Relation Name": "users", "Alias": "u", "Startup Cost": 0.33, "Total Cost": 4.35, "Plan Rows": 1, "Plan Width": 4, "Recheck Cond": "(p.owneruserid = id)", "Filter": "((reputation >= 26913) AND (reputation <= 70526) AND (views >= 3637))", "Plans": [{"Node Type": "Bitmap Index Scan", "Parent Relationship": "Outer", "Parallel Aware": false, "Async Capable": false, "Index Name": "users_pkey", "Startup Cost": 0.0, "Total Cost": 0.33, "Plan Rows": 1, "Plan Width": 0, "Index Cond": "(id = p.owneruserid)"}]}]}]}, {"Node Type": "Bitmap Heap Scan", "Parent Relationship": "Inner", "Parallel Aware": false, "Async Capable": false, "Relation Name": "posthistory", "Alias": "ph", "Startup Cost": 0.61, "Total Cost": 4.67, "Plan Rows": 1, "Plan Width": 4, "Recheck Cond": "(postid = p.id)", "Filter": "(creationdate <= '2012-11-08 15:08:48'::timestamp without time zone)", "Plans": [{"Node Type": "Bitmap Index Scan", "Parent Relationship": "Outer", "Parallel Aware": false, "Async Capable": false, "Index Name": "idx_posthistory_postid", "Startup Cost": 0.0, "Total Cost": 0.61, "Plan Rows": 4, "Plan Width": 0, "Index Cond": "(postid = p.id)"}]}]}]}}, {"Plan": {"Node Type": "Aggregate", "Strategy": "Plain", "Partial Mode": "Simple", "Parallel Aware": false, "Async Capable": false, "Startup Cost": 1026.95, "Total Cost": 1026.96, "Plan Rows": 1, "Plan Width": 8, "Plans": [{"Node Type": "Nested Loop", "Parent Relationship": "Outer", "Parallel Aware": false, "Async Capable": false, "Join Type": "Inner", "Startup Cost": 4.93, "Total Cost": 1026.94, "Plan Rows": 1, "Plan Width": 0, "Inner Unique": false, "Plans": [{"Node Type": "Nested Loop", "Parent Relationship": "Outer", "Parallel Aware": false, "Async Capable": false, "Join Type": "Inner", "Startup Cost": 4.32, "Total Cost": 1022.26, "Plan Rows": 1, "Plan Width": 4, "Inner Unique": false, "Plans": [{"Node Type": "Seq Scan", "Parent Relationship": "Outer", "Parallel Aware": false, "Async Capable": false, "Relation Name": "users", "Alias": "u", "Startup Cost": 0.0, "Total Cost": 1002.69, "Plan Rows": 1, "Plan Width": 4, "Filter": "((reputation >= 26913) AND (reputation <= 70526) AND (views >= 3637))"}, {"Node Type": "Bitmap Heap Scan", "Parent Relationship": "Inner", "Parallel Aware": false, "Async Capable": false, "Relation Name": "posts", "Alias": "p", "Startup Cost": 4.32, "Total Cost": 19.56, "Plan Rows": 1, "Plan Width": 8, "Recheck Cond": "(owneruserid = u.id)", "Filter": "((creationdate >= '2010-08-05 04:25:43'::timestamp without time zone) AND (creationdate <= '2011-09-09 18:25:04'::timestamp without time zone))", "Plans": [{"Node Type": "Bitmap Index Scan", "Parent Relationship": "Outer", "Parallel Aware": false, "Async Capable": false, "Index Name": "idx_posts_owneruserid", "Startup Cost": 0.0, "Total Cost": 4.32, "Plan Rows": 4, "Plan Width": 0, "Index Cond": "(owneruserid = u.id)"}]}]}, {"Node Type": "Bitmap Heap Scan", "Parent Relationship": "Inner", "Parallel Aware": false, "Async Capable": false, "Relation Name": "posthistory", "Alias": "ph", "Startup Cost": 0.61, "Total Cost": 4.67, "Plan Rows": 1, "Plan Width": 4, "Recheck Cond": "(postid = p.id)", "Filter": "(creationdate <= '2012-11-08 15:08:48'::timestamp without time zone)", "Plans": [{"Node Type": "Bitmap Index Scan", "Parent Relationship": "Outer", "Parallel Aware": false, "Async Capable": false, "Index Name": "idx_posthistory_postid", "Startup Cost": 0.0, "Total Cost": 0.61, "Plan Rows": 4, "Plan Width": 0, "Index Cond": "(postid = p.id)"}]}]}]}}, {"Plan": {"Node Type": "Aggregate", "Strategy": "Plain", "Partial Mode": "Simple", "Parallel Aware": false, "Async Capable": false, "Startup Cost": 15570.73, "Total Cost": 15570.74, "Plan Rows": 1, "Plan Width": 8, "Plans": [{"Node Type": "Gather", "Parent Relationship": "Outer", "Parallel Aware": false, "Async Capable": false, "Startup Cost": 13865.91, "Total Cost": 15570.72, "Plan Rows": 1, "Plan Width": 0, "Workers Planned": 1, "Single Copy": false, "Plans": [{"Node Type": "Merge Join", "Parent Relationship": "Outer", "Parallel Aware": false, "Async Capable": false, "Join Type": "Inner", "Startup Cost": 12865.91, "Total Cost": 14570.62, "Plan Rows": 1, "Plan Width": 0, "Inner Unique": true, "Merge Cond": "(p.owneruserid = u.id)", "Plans": [{"Node Type": "Sort", "Parent Relationship": "Outer", "Parallel Aware": false, "Async Capable": false, "Startup Cost": 12865.62, "Total Cost": 12888.66, "Plan Rows": 9216, "Plan Width": 4, "Sort Key": ["p.owneruserid"], "Plans": [{"Node Type": "Merge Join", "Parent Relationship": "Outer", "Parallel Aware": false, "Async Capable": false, "Join Type": "Inner", "Startup Cost": 0.71, "Total Cost": 12258.75, "Plan Rows": 9216, "Plan Width": 4, "Inner Unique": true, "Merge Cond": "(ph.postid = p.id)", "Plans": [{"Node Type": "Index Scan", "Parent Relationship": "Outer", "Parallel Aware": true, "Async Capable": false, "Scan Direction": "Forward", "Index Name": "idx_posthistory_postid", "Relation Name": "posthistory", "Alias": "ph", "Startup Cost": 0.42, "Total Cost": 8270.95, "Plan Rows": 65743, "Plan Width": 4, "Filter": "(creationdate <= '2012-11-08 15:08:48'::timestamp without time zone)"}, {"Node Type": "Index Scan", "Parent Relationship": "Inner", "Parallel Aware": false, "Async Capable": false, "Scan Direction": "Forward", "Index Name": "posts_pkey", "Relation Name": "posts", "Alias": "p", "Startup Cost": 0.29, "Total Cost": 3699.05, "Plan Rows": 12894, "Plan Width": 8, "Filter": "((creationdate >= '2010-08-05 04:25:43'::timestamp without time zone) AND (creationdate <= '2011-09-09 18:25:04'::timestamp without time zone))"}]}]}, {"Node Type": "Index Scan", "Parent Relationship": "Inner", "Parallel Aware": false, "Async Capable": false, "Scan Direction": "Forward", "Index Name": "users_pkey", "Relation Name": "users", "Alias": "u", "Startup Cost": 0.29, "Total Cost": 1659.6, "Plan Rows": 1, "Plan Width": 4, "Filter": "((reputation >= 26913) AND (reputation <= 70526) AND (views >= 3637))"}]}]}]}}, {"Plan": {"Node Type": "Aggregate", "Strategy": "Plain", "Partial Mode": "Simple", "Parallel Aware": false, "Async Capable": false, "Startup Cost": 13601.59, "Total Cost": 13601.6, "Plan Rows": 1, "Plan Width": 8, "Plans": [{"Node Type": "Gather", "Parent Relationship": "Outer", "Parallel Aware": false, "Async Capable": false, "Startup Cost": 5166.58, "Total Cost": 13601.59, "Plan Rows": 1, "Plan Width": 0, "Workers Planned": 1, "Single Copy": false, "Plans": [{"Node Type": "Merge Join", "Parent Relationship": "Outer", "Parallel Aware": false, "Async Capable": false, "Join Type": "Inner", "Startup Cost": 4166.58, "Total Cost": 12601.49, "Plan Rows": 1, "Plan Width": 0, "Inner Unique": false, "Merge Cond": "(ph.postid = p.id)", "Plans": [{"Node Type": "Index Scan", "Parent Relationship": "Outer", "Parallel Aware": true, "Async Capable": false, "Scan Direction": "Forward", "Index Name": "idx_posthistory_postid", "Relation Name": "posthistory", "Alias": "ph", "Startup Cost": 0.42, "Total Cost": 8270.95, "Plan Rows": 65743, "Plan Width": 4, "Filter": "(creationdate <= '2012-11-08 15:08:48'::timestamp without time zone)"}, {"Node Type": "Sort", "Parent Relationship": "Inner", "Parallel Aware": false, "Async Capable": false, "Startup Cost": 4166.16, "Total Cost": 4166.16, "Plan Rows": 1, "Plan Width": 4, "Sort Key": ["p.id"], "Plans": [{"Node Type": "Merge Join", "Parent Relationship": "Outer", "Parallel Aware": false, "Async Capable": false, "Join Type": "Inner", "Startup Cost": 4102.64, "Total Cost": 4166.15, "Plan Rows": 1, "Plan Width": 4, "Inner Unique": true, "Merge Cond": "(p.owneruserid = u.id)", "Plans": [{"Node Type": "Sort", "Parent Relationship": "Outer", "Parallel Aware": false, "Async Capable": false, "Startup Cost": 3099.94, "Total Cost": 3132.17, "Plan Rows": 12894, "Plan Width": 8, "Sort Key": ["p.owneruserid"], "Plans": [{"Node Type": "Seq Scan", "Parent Relationship": "Outer", "Parallel Aware": false, "Async Capable": false, "Relation Name": "posts", "Alias": "p", "Startup Cost": 0.0, "Total Cost": 2219.64, "Plan Rows": 12894, "Plan Width": 8, "Filter": "((creationdate >= '2010-08-05 04:25:43'::timestamp without time zone) AND (creationdate <= '2011-09-09 18:25:04'::timestamp without time zone))"}]}, {"Node Type": "Sort", "Parent Relationship": "Inner", "Parallel Aware": false, "Async Capable": false, "Startup Cost": 1002.7, "Total Cost": 1002.7, "Plan Rows": 1, "Plan Width": 4, "Sort Key": ["u.id"], "Plans": [{"Node Type": "Seq Scan", "Parent Relationship": "Outer", "Parallel Aware": false, "Async Capable": false, "Relation Name": "users", "Alias": "u", "Startup Cost": 0.0, "Total Cost": 1002.69, "Plan Rows": 1, "Plan Width": 4, "Filter": "((reputation >= 26913) AND (reputation <= 70526) AND (views >= 3637))"}]}]}]}]}]}]}}, {"Plan": {"Node Type": "Aggregate", "Strategy": "Plain", "Partial Mode": "Simple", "Parallel Aware": false, "Async Capable": false, "Startup Cost": 15225.25, "Total Cost": 15225.26, "Plan Rows": 1, "Plan Width": 8, "Plans": [{"Node Type": "Gather", "Parent Relationship": "Outer", "Parallel Aware": false, "Async Capable": false, "Startup Cost": 14896.41, "Total Cost": 15225.24, "Plan Rows": 1, "Plan Width": 0, "Workers Planned": 1, "Single Copy": false, "Plans": [{"Node Type": "Merge Join", "Parent Relationship": "Outer", "Parallel Aware": false, "Async Capable": false, "Join Type": "Inner", "Startup Cost": 13896.41, "Total Cost": 14225.14, "Plan Rows": 1, "Plan Width": 0, "Inner Unique": false, "Merge Cond": "(ph.postid = p.id)", "Plans": [{"Node Type": "Sort", "Parent Relationship": "Outer", "Parallel Aware": false, "Async Capable": false, "Startup Cost": 9730.25, "Total Cost": 9894.61, "Plan Rows": 65743, "Plan Width": 4, "Sort Key": ["ph.postid"], "Plans": [{"Node Type": "Seq Scan", "Parent Relationship": "Outer", "Parallel Aware": true, "Async Capable": false, "Relation Name": "posthistory", "Alias": "ph", "Startup Cost": 0.0, "Total Cost": 4469.32, "Plan Rows": 65743, "Plan Width": 4, "Filter": "(creationdate <= '2012-11-08 15:08:48'::timestamp without time zone)"}]}, {"Node Type": "Sort", "Parent Relationship": "Inner", "Parallel Aware": false, "Async Capable": false, "Startup Cost": 4166.16, "Total Cost": 4166.16, "Plan Rows": 1, "Plan Width": 4, "Sort Key": ["p.id"], "Plans": [{"Node Type": "Merge Join", "Parent Relationship": "Outer", "Parallel Aware": false, "Async Capable": false, "Join Type": "Inner", "Startup Cost": 4102.64, "Total Cost": 4166.15, "Plan Rows": 1, "Plan Width": 4, "Inner Unique": true, "Merge Cond": "(p.owneruserid = u.id)", "Plans": [{"Node Type": "Sort", "Parent Relationship": "Outer", "Parallel Aware": false, "Async Capable": false, "Startup Cost": 3099.94, "Total Cost": 3132.17, "Plan Rows": 12894, "Plan Width": 8, "Sort Key": ["p.owneruserid"], "Plans": [{"Node Type": "Seq Scan", "Parent Relationship": "Outer", "Parallel Aware": false, "Async Capable": false, "Relation Name": "posts", "Alias": "p", "Startup Cost": 0.0, "Total Cost": 2219.64, "Plan Rows": 12894, "Plan Width": 8, "Filter": "((creationdate >= '2010-08-05 04:25:43'::timestamp without time zone) AND (creationdate <= '2011-09-09 18:25:04'::timestamp without time zone))"}]}, {"Node Type": "Sort", "Parent Relationship": "Inner", "Parallel Aware": false, "Async Capable": false, "Startup Cost": 1002.7, "Total Cost": 1002.7, "Plan Rows": 1, "Plan Width": 4, "Sort Key": ["u.id"], "Plans": [{"Node Type": "Seq Scan", "Parent Relationship": "Outer", "Parallel Aware": false, "Async Capable": false, "Relation Name": "users", "Alias": "u", "Startup Cost": 0.0, "Total Cost": 1002.69, "Plan Rows": 1, "Plan Width": 4, "Filter": "((reputation >= 26913) AND (reputation <= 70526) AND (views >= 3637))"}]}]}]}]}]}]}}]