[{"Plan": {"Node Type": "Aggregate", "Strategy": "Plain", "Partial Mode": "Simple", "Parallel Aware": false, "Async Capable": false, "Startup Cost": 1051.66, "Total Cost": 1051.67, "Plan Rows": 1, "Plan Width": 8, "Plans": [{"Node Type": "Nested Loop", "Parent Relationship": "Outer", "Parallel Aware": false, "Async Capable": false, "Join Type": "Inner", "Startup Cost": 0.29, "Total Cost": 1051.31, "Plan Rows": 139, "Plan Width": 0, "Inner Unique": false, "Plans": [{"Node Type": "Seq Scan", "Parent Relationship": "Outer", "Parallel Aware": false, "Async Capable": false, "Relation Name": "users", "Alias": "u", "Startup Cost": 0.0, "Total Cost": 801.06, "Plan Rows": 70, "Plan Width": 4, "Filter": "(upvotes >= 555)"}, {"Node Type": "Index Only Scan", "Parent Relationship": "Inner", "Parallel Aware": false, "Async Capable": false, "Scan Direction": "Forward", "Index Name": "idx_badges_userid", "Relation Name": "badges", "Alias": "b", "Startup Cost": 0.29, "Total Cost": 3.54, "Plan Rows": 3, "Plan Width": 4, "Index Cond": "(userid = u.id)"}]}]}}, {"Plan": {"Node Type": "Aggregate", "Strategy": "Plain", "Partial Mode": "Simple", "Parallel Aware": false, "Async Capable": false, "Startup Cost": 20000002496.65, "Total Cost": 20000002496.66, "Plan Rows": 1, "Plan Width": 8, "Plans": [{"Node Type": "Nested Loop", "Parent Relationship": "Outer", "Parallel Aware": false, "Async Capable": false, "Join Type": "Inner", "Startup Cost": 20000000003.81, "Total Cost": 20000002496.31, "Plan Rows": 139, "Plan Width": 0, "Inner Unique": false, "Plans": [{"Node Type": "Index Scan", "Parent Relationship": "Outer", "Parallel Aware": false, "Async Capable": false, "Scan Direction": "Forward", "Index Name": "users_pkey", "Relation Name": "users", "Alias": "u", "Startup Cost": 10000000000.29, "Total Cost": 10000001457.98, "Plan Rows": 70, "Plan Width": 4, "Filter": "(upvotes >= 555)"}, {"Node Type": "Bitmap Heap Scan", "Parent Relationship": "Inner", "Parallel Aware": false, "Async Capable": false, "Relation Name": "badges", "Alias": "b", "Startup Cost": 3.52, "Total Cost": 14.8, "Plan Rows": 3, "Plan Width": 4, "Recheck Cond": "(userid = u.id)", "Plans": [{"Node Type": "Bitmap Index Scan", "Parent Relationship": "Outer", "Parallel Aware": false, "Async Capable": false, "Index Name": "idx_badges_userid", "Startup Cost": 0.0, "Total Cost": 3.52, "Plan Rows": 3, "Plan Width": 0, "Index Cond": "(userid = u.id)"}]}]}]}}, {"Plan": {"Node Type": "Aggregate", "Strategy": "Plain", "Partial Mode": "Simple", "Parallel Aware": false, "Async Capable": false, "Startup Cost": 3402.89, "Total Cost": 3402.9, "Plan Rows": 1, "Plan Width": 8, "Plans": [{"Node Type": "Hash Join", "Parent Relationship": "Outer", "Parallel Aware": false, "Async Capable": false, "Join Type": "Inner", "Startup Cost": 1459.14, "Total Cost": 3402.54, "Plan Rows": 139, "Plan Width": 0, "Inner Unique": true, "Hash Cond": "(b.userid = u.id)", "Plans": [{"Node Type": "Index Only Scan", "Parent Relationship": "Outer", "Parallel Aware": false, "Async Capable": false, "Scan Direction": "Forward", "Index Name": "idx_badges_userid", "Relation Name": "badges", "Alias": "b", "Startup Cost": 0.29, "Total Cost": 1734.06, "Plan Rows": 79851, "Plan Width": 4}, {"Node Type": "Hash", "Parent Relationship": "Inner", "Parallel Aware": false, "Async Capable": false, "Startup Cost": 1457.98, "Total Cost": 1457.98, "Plan Rows": 70, "Plan Width": 4, "Plans": [{"Node Type": "Index Scan", "Parent Relationship": "Outer", "Parallel Aware": false, "Async Capable": false, "Scan Direction": "Forward", "Index Name": "users_pkey", "Relation Name": "users", "Alias": "u", "Startup Cost": 0.29, "Total Cost": 1457.98, "Plan Rows": 70, "Plan Width": 4, "Filter": "(upvotes >= 555)"}]}]}]}}, {"Plan": {"Node Type": "Aggregate", "Strategy": "Plain", "Partial Mode": "Simple", "Parallel Aware": false, "Async Capable": false, "Startup Cost": 3393.57, "Total Cost": 3393.59, "Plan Rows": 1, "Plan Width": 8, "Plans": [{"Node Type": "Merge Join", "Parent Relationship": "Outer", "Parallel Aware": false, "Async Capable": false, "Join Type": "Inner", "Startup Cost": 0.58, "Total Cost": 3393.23, "Plan Rows": 139, "Plan Width": 0, "Inner Unique": true, "Merge Cond": "(b.userid = u.id)", "Plans": [{"Node Type": "Index Only Scan", "Parent Relationship": "Outer", "Parallel Aware": false, "Async Capable": false, "Scan Direction": "Forward", "Index Name": "idx_badges_userid", "Relation Name": "badges", "Alias": "b", "Startup Cost": 0.29, "Total Cost": 1734.06, "Plan Rows": 79851, "Plan Width": 4}, {"Node Type": "Index Scan", "Parent Relationship": "Inner", "Parallel Aware": false, "Async Capable": false, "Scan Direction": "Forward", "Index Name": "users_pkey", "Relation Name": "users", "Alias": "u", "Startup Cost": 0.29, "Total Cost": 1457.98, "Plan Rows": 70, "Plan Width": 4, "Filter": "(upvotes >= 555)"}]}]}}, {"Plan": {"Node Type": "Aggregate", "Strategy": "Plain", "Partial Mode": "Simple", "Parallel Aware": false, "Async Capable": false, "Startup Cost": 1708.57, "Total Cost": 1708.58, "Plan Rows": 1, "Plan Width": 8, "Plans": [{"Node Type": "Nested Loop", "Parent Relationship": "Outer", "Parallel Aware": false, "Async Capable": false, "Join Type": "Inner", "Startup Cost": 0.58, "Total Cost": 1708.23, "Plan Rows": 139, "Plan Width": 0, "Inner Unique": false, "Plans": [{"Node Type": "Index Scan", "Parent Relationship": "Outer", "Parallel Aware": false, "Async Capable": false, "Scan Direction": "Forward", "Index Name": "users_pkey", "Relation Name": "users", "Alias": "u", "Startup Cost": 0.29, "Total Cost": 1457.98, "Plan Rows": 70, "Plan Width": 4, "Filter": "(upvotes >= 555)"}, {"Node Type": "Index Only Scan", "Parent Relationship": "Inner", "Parallel Aware": false, "Async Capable": false, "Scan Direction": "Forward", "Index Name": "idx_badges_userid", "Relation Name": "badges", "Alias": "b", "Startup Cost": 0.29, "Total Cost": 3.54, "Plan Rows": 3, "Plan Width": 4, "Index Cond": "(userid = u.id)"}]}]}}, {"Plan": {"Node Type": "Aggregate", "Strategy": "Plain", "Partial Mode": "Simple", "Parallel Aware": false, "Async Capable": false, "Startup Cost": 2242.43, "Total Cost": 2242.44, "Plan Rows": 1, "Plan Width": 8, "Plans": [{"Node Type": "Hash Join", "Parent Relationship": "Outer", "Parallel Aware": false, "Async Capable": false, "Join Type": "Inner", "Startup Cost": 801.94, "Total Cost": 2242.08, "Plan Rows": 139, "Plan Width": 0, "Inner Unique": true, "Hash Cond": "(b.userid = u.id)", "Plans": [{"Node Type": "Seq Scan", "Parent Relationship": "Outer", "Parallel Aware": false, "Async Capable": false, "Relation Name": "badges", "Alias": "b", "Startup Cost": 0.0, "Total Cost": 1230.51, "Plan Rows": 79851, "Plan Width": 4}, {"Node Type": "Hash", "Parent Relationship": "Inner", "Parallel Aware": false, "Async Capable": false, "Startup Cost": 801.06, "Total Cost": 801.06, "Plan Rows": 70, "Plan Width": 4, "Plans": [{"Node Type": "Seq Scan", "Parent Relationship": "Outer", "Parallel Aware": false, "Async Capable": false, "Relation Name": "users", "Alias": "u", "Startup Cost": 0.0, "Total Cost": 801.06, "Plan Rows": 70, "Plan Width": 4, "Filter": "(upvotes >= 555)"}]}]}]}}, {"Plan": {"Node Type": "Aggregate", "Strategy": "Plain", "Partial Mode": "Simple", "Parallel Aware": false, "Async Capable": false, "Startup Cost": 10000002496.65, "Total Cost": 10000002496.66, "Plan Rows": 1, "Plan Width": 8, "Plans": [{"Node Type": "Nested Loop", "Parent Relationship": "Outer", "Parallel Aware": false, "Async Capable": false, "Join Type": "Inner", "Startup Cost": 10000000003.81, "Total Cost": 10000002496.31, "Plan Rows": 139, "Plan Width": 0, "Inner Unique": false, "Plans": [{"Node Type": "Index Scan", "Parent Relationship": "Outer", "Parallel Aware": false, "Async Capable": false, "Scan Direction": "Forward", "Index Name": "users_pkey", "Relation Name": "users", "Alias": "u", "Startup Cost": 10000000000.29, "Total Cost": 10000001457.98, "Plan Rows": 70, "Plan Width": 4, "Filter": "(upvotes >= 555)"}, {"Node Type": "Bitmap Heap Scan", "Parent Relationship": "Inner", "Parallel Aware": false, "Async Capable": false, "Relation Name": "badges", "Alias": "b", "Startup Cost": 3.52, "Total Cost": 14.8, "Plan Rows": 3, "Plan Width": 4, "Recheck Cond": "(userid = u.id)", "Plans": [{"Node Type": "Bitmap Index Scan", "Parent Relationship": "Outer", "Parallel Aware": false, "Async Capable": false, "Index Name": "idx_badges_userid", "Startup Cost": 0.0, "Total Cost": 3.52, "Plan Rows": 3, "Plan Width": 0, "Index Cond": "(userid = u.id)"}]}]}]}}, {"Plan": {"Node Type": "Aggregate", "Strategy": "Plain", "Partial Mode": "Simple", "Parallel Aware": false, "Async Capable": false, "Startup Cost": 1839.74, "Total Cost": 1839.75, "Plan Rows": 1, "Plan Width": 8, "Plans": [{"Node Type": "Nested Loop", "Parent Relationship": "Outer", "Parallel Aware": false, "Async Capable": false, "Join Type": "Inner", "Startup Cost": 3.52, "Total Cost": 1839.39, "Plan Rows": 139, "Plan Width": 0, "Inner Unique": false, "Plans": [{"Node Type": "Seq Scan", "Parent Relationship": "Outer", "Parallel Aware": false, "Async Capable": false, "Relation Name": "users", "Alias": "u", "Startup Cost": 0.0, "Total Cost": 801.06, "Plan Rows": 70, "Plan Width": 4, "Filter": "(upvotes >= 555)"}, {"Node Type": "Bitmap Heap Scan", "Parent Relationship": "Inner", "Parallel Aware": false, "Async Capable": false, "Relation Name": "badges", "Alias": "b", "Startup Cost": 3.52, "Total Cost": 14.8, "Plan Rows": 3, "Plan Width": 4, "Recheck Cond": "(userid = u.id)", "Plans": [{"Node Type": "Bitmap Index Scan", "Parent Relationship": "Outer", "Parallel Aware": false, "Async Capable": false, "Index Name": "idx_badges_userid", "Startup Cost": 0.0, "Total Cost": 3.52, "Plan Rows": 3, "Plan Width": 0, "Index Cond": "(userid = u.id)"}]}]}]}}, {"Plan": {"Node Type": "Aggregate", "Strategy": "Plain", "Partial Mode": "Simple", "Parallel Aware": false, "Async Capable": false, "Startup Cost": 4534.17, "Total Cost": 4534.18, "Plan Rows": 1, "Plan Width": 8, "Plans": [{"Node Type": "Hash Join", "Parent Relationship": "Outer", "Parallel Aware": false, "Async Capable": false, "Join Type": "Inner", "Startup Cost": 1459.14, "Total Cost": 4533.83, "Plan Rows": 139, "Plan Width": 0, "Inner Unique": true, "Hash Cond": "(b.userid = u.id)", "Plans": [{"Node Type": "Index Scan", "Parent Relationship": "Outer", "Parallel Aware": false, "Async Capable": false, "Scan Direction": "Forward", "Index Name": "idx_badges_userid", "Relation Name": "badges", "Alias": "b", "Startup Cost": 0.29, "Total Cost": 2865.34, "Plan Rows": 79851, "Plan Width": 4}, {"Node Type": "Hash", "Parent Relationship": "Inner", "Parallel Aware": false, "Async Capable": false, "Startup Cost": 1457.98, "Total Cost": 1457.98, "Plan Rows": 70, "Plan Width": 4, "Plans": [{"Node Type": "Index Scan", "Parent Relationship": "Outer", "Parallel Aware": false, "Async Capable": false, "Scan Direction": "Forward", "Index Name": "users_pkey", "Relation Name": "users", "Alias": "u", "Startup Cost": 0.29, "Total Cost": 1457.98, "Plan Rows": 70, "Plan Width": 4, "Filter": "(upvotes >= 555)"}]}]}]}}, {"Plan": {"Node Type": "Aggregate", "Strategy": "Plain", "Partial Mode": "Simple", "Parallel Aware": false, "Async Capable": false, "Startup Cost": 4524.86, "Total Cost": 4524.87, "Plan Rows": 1, "Plan Width": 8, "Plans": [{"Node Type": "Merge Join", "Parent Relationship": "Outer", "Parallel Aware": false, "Async Capable": false, "Join Type": "Inner", "Startup Cost": 0.58, "Total Cost": 4524.51, "Plan Rows": 139, "Plan Width": 0, "Inner Unique": true, "Merge Cond": "(b.userid = u.id)", "Plans": [{"Node Type": "Index Scan", "Parent Relationship": "Outer", "Parallel Aware": false, "Async Capable": false, "Scan Direction": "Forward", "Index Name": "idx_badges_userid", "Relation Name": "badges", "Alias": "b", "Startup Cost": 0.29, "Total Cost": 2865.34, "Plan Rows": 79851, "Plan Width": 4}, {"Node Type": "Index Scan", "Parent Relationship": "Inner", "Parallel Aware": false, "Async Capable": false, "Scan Direction": "Forward", "Index Name": "users_pkey", "Relation Name": "users", "Alias": "u", "Startup Cost": 0.29, "Total Cost": 1457.98, "Plan Rows": 70, "Plan Width": 4, "Filter": "(upvotes >= 555)"}]}]}}, {"Plan": {"Node Type": "Aggregate", "Strategy": "Plain", "Partial Mode": "Simple", "Parallel Aware": false, "Async Capable": false, "Startup Cost": 2192.59, "Total Cost": 2192.6, "Plan Rows": 1, "Plan Width": 8, "Plans": [{"Node Type": "Nested Loop", "Parent Relationship": "Outer", "Parallel Aware": false, "Async Capable": false, "Join Type": "Inner", "Startup Cost": 0.58, "Total Cost": 2192.24, "Plan Rows": 139, "Plan Width": 0, "Inner Unique": false, "Plans": [{"Node Type": "Index Scan", "Parent Relationship": "Outer", "Parallel Aware": false, "Async Capable": false, "Scan Direction": "Forward", "Index Name": "users_pkey", "Relation Name": "users", "Alias": "u", "Startup Cost": 0.29, "Total Cost": 1457.98, "Plan Rows": 70, "Plan Width": 4, "Filter": "(upvotes >= 555)"}, {"Node Type": "Index Scan", "Parent Relationship": "Inner", "Parallel Aware": false, "Async Capable": false, "Scan Direction": "Forward", "Index Name": "idx_badges_userid", "Relation Name": "badges", "Alias": "b", "Startup Cost": 0.29, "Total Cost": 10.46, "Plan Rows": 3, "Plan Width": 4, "Index Cond": "(userid = u.id)"}]}]}}, {"Plan": {"Node Type": "Aggregate", "Strategy": "Plain", "Partial Mode": "Simple", "Parallel Aware": false, "Async Capable": false, "Startup Cost": 1535.68, "Total Cost": 1535.69, "Plan Rows": 1, "Plan Width": 8, "Plans": [{"Node Type": "Nested Loop", "Parent Relationship": "Outer", "Parallel Aware": false, "Async Capable": false, "Join Type": "Inner", "Startup Cost": 0.29, "Total Cost": 1535.33, "Plan Rows": 139, "Plan Width": 0, "Inner Unique": false, "Plans": [{"Node Type": "Seq Scan", "Parent Relationship": "Outer", "Parallel Aware": false, "Async Capable": false, "Relation Name": "users", "Alias": "u", "Startup Cost": 0.0, "Total Cost": 801.06, "Plan Rows": 70, "Plan Width": 4, "Filter": "(upvotes >= 555)"}, {"Node Type": "Index Scan", "Parent Relationship": "Inner", "Parallel Aware": false, "Async Capable": false, "Scan Direction": "Forward", "Index Name": "idx_badges_userid", "Relation Name": "badges", "Alias": "b", "Startup Cost": 0.29, "Total Cost": 10.46, "Plan Rows": 3, "Plan Width": 4, "Index Cond": "(userid = u.id)"}]}]}}, {"Plan": {"Node Type": "Aggregate", "Strategy": "Plain", "Partial Mode": "Simple", "Parallel Aware": false, "Async Capable": false, "Startup Cost": 2738.98, "Total Cost": 2738.99, "Plan Rows": 1, "Plan Width": 8, "Plans": [{"Node Type": "Merge Join", "Parent Relationship": "Outer", "Parallel Aware": false, "Async Capable": false, "Join Type": "Inner", "Startup Cost": 803.5, "Total Cost": 2738.63, "Plan Rows": 139, "Plan Width": 0, "Inner Unique": true, "Merge Cond": "(b.userid = u.id)", "Plans": [{"Node Type": "Index Only Scan", "Parent Relationship": "Outer", "Parallel Aware": false, "Async Capable": false, "Scan Direction": "Forward", "Index Name": "idx_badges_userid", "Relation Name": "badges", "Alias": "b", "Startup Cost": 0.29, "Total Cost": 1734.06, "Plan Rows": 79851, "Plan Width": 4}, {"Node Type": "Sort", "Parent Relationship": "Inner", "Parallel Aware": false, "Async Capable": false, "Startup Cost": 803.21, "Total Cost": 803.38, "Plan Rows": 70, "Plan Width": 4, "Sort Key": ["u.id"], "Plans": [{"Node Type": "Seq Scan", "Parent Relationship": "Outer", "Parallel Aware": false, "Async Capable": false, "Relation Name": "users", "Alias": "u", "Startup Cost": 0.0, "Total Cost": 801.06, "Plan Rows": 70, "Plan Width": 4, "Filter": "(upvotes >= 555)"}]}]}]}}, {"Plan": {"Node Type": "Aggregate", "Strategy": "Plain", "Partial Mode": "Simple", "Parallel Aware": false, "Async Capable": false, "Startup Cost": 8936.94, "Total Cost": 8936.95, "Plan Rows": 1, "Plan Width": 8, "Plans": [{"Node Type": "Merge Join", "Parent Relationship": "Outer", "Parallel Aware": false, "Async Capable": false, "Join Type": "Inner", "Startup Cost": 8535.59, "Total Cost": 8936.59, "Plan Rows": 139, "Plan Width": 0, "Inner Unique": true, "Merge Cond": "(b.userid = u.id)", "Plans": [{"Node Type": "Sort", "Parent Relationship": "Outer", "Parallel Aware": false, "Async Capable": false, "Startup Cost": 7732.39, "Total Cost": 7932.01, "Plan Rows": 79851, "Plan Width": 4, "Sort Key": ["b.userid"], "Plans": [{"Node Type": "Seq Scan", "Parent Relationship": "Outer", "Parallel Aware": false, "Async Capable": false, "Relation Name": "badges", "Alias": "b", "Startup Cost": 0.0, "Total Cost": 1230.51, "Plan Rows": 79851, "Plan Width": 4}]}, {"Node Type": "Sort", "Parent Relationship": "Inner", "Parallel Aware": false, "Async Capable": false, "Startup Cost": 803.21, "Total Cost": 803.38, "Plan Rows": 70, "Plan Width": 4, "Sort Key": ["u.id"], "Plans": [{"Node Type": "Seq Scan", "Parent Relationship": "Outer", "Parallel Aware": false, "Async Capable": false, "Relation Name": "users", "Alias": "u", "Startup Cost": 0.0, "Total Cost": 801.06, "Plan Rows": 70, "Plan Width": 4, "Filter": "(upvotes >= 555)"}]}]}]}}, {"Plan": {"Node Type": "Aggregate", "Strategy": "Plain", "Partial Mode": "Simple", "Parallel Aware": false, "Async Capable": false, "Startup Cost": 3870.26, "Total Cost": 3870.27, "Plan Rows": 1, "Plan Width": 8, "Plans": [{"Node Type": "Merge Join", "Parent Relationship": "Outer", "Parallel Aware": false, "Async Capable": false, "Join Type": "Inner", "Startup Cost": 803.5, "Total Cost": 3869.92, "Plan Rows": 139, "Plan Width": 0, "Inner Unique": true, "Merge Cond": "(b.userid = u.id)", "Plans": [{"Node Type": "Index Scan", "Parent Relationship": "Outer", "Parallel Aware": false, "Async Capable": false, "Scan Direction": "Forward", "Index Name": "idx_badges_userid", "Relation Name": "badges", "Alias": "b", "Startup Cost": 0.29, "Total Cost": 2865.34, "Plan Rows": 79851, "Plan Width": 4}, {"Node Type": "Sort", "Parent Relationship": "Inner", "Parallel Aware": false, "Async Capable": false, "Startup Cost": 803.21, "Total Cost": 803.38, "Plan Rows": 70, "Plan Width": 4, "Sort Key": ["u.id"], "Plans": [{"Node Type": "Seq Scan", "Parent Relationship": "Outer", "Parallel Aware": false, "Async Capable": false, "Relation Name": "users", "Alias": "u", "Startup Cost": 0.0, "Total Cost": 801.06, "Plan Rows": 70, "Plan Width": 4, "Filter": "(upvotes >= 555)"}]}]}]}}]