[{"Plan": {"Node Type": "Aggregate", "Strategy": "Plain", "Partial Mode": "Simple", "Parallel Aware": false, "Async Capable": false, "Startup Cost": 3975.34, "Total Cost": 3975.35, "Plan Rows": 1, "Plan Width": 8, "Plans": [{"Node Type": "Nested Loop", "Parent Relationship": "Outer", "Parallel Aware": false, "Async Capable": false, "Join Type": "Inner", "Startup Cost": 2409.43, "Total Cost": 3975.1, "Plan Rows": 98, "Plan Width": 0, "Inner Unique": false, "Plans": [{"Node Type": "Hash Join", "Parent Relationship": "Outer", "Parallel Aware": false, "Async Capable": false, "Join Type": "Inner", "Startup Cost": 2409.14, "Total Cost": 2678.98, "Plan Rows": 1338, "Plan Width": 4, "Inner Unique": true, "Hash Cond": "(pl.postid = p.id)", "Plans": [{"Node Type": "Seq Scan", "Parent Relationship": "Outer", "Parallel Aware": false, "Async Capable": false, "Relation Name": "postlinks", "Alias": "pl", "Startup Cost": 0.0, "Total Cost": 248.53, "Plan Rows": 8120, "Plan Width": 4, "Filter": "((creationdate >= '2012-06-21 19:27:55'::timestamp without time zone) AND (linktypeid = 1))"}, {"Node Type": "Hash", "Parent Relationship": "Inner", "Parallel Aware": false, "Async Capable": false, "Startup Cost": 2219.64, "Total Cost": 2219.64, "Plan Rows": 15160, "Plan Width": 8, "Plans": [{"Node Type": "Seq Scan", "Parent Relationship": "Outer", "Parallel Aware": false, "Async Capable": false, "Relation Name": "posts", "Alias": "p", "Startup Cost": 0.0, "Total Cost": 2219.64, "Plan Rows": 15160, "Plan Width": 8, "Filter": "((creationdate >= '2013-08-13 08:57:15'::timestamp without time zone) AND (creationdate <= '2014-02-17 13:28:37'::timestamp without time zone))"}]}]}, {"Node Type": "Index Scan", "Parent Relationship": "Inner", "Parallel Aware": false, "Async Capable": false, "Scan Direction": "Forward", "Index Name": "idx_comments_userid", "Relation Name": "comments", "Alias": "c", "Startup Cost": 0.29, "Total Cost": 0.96, "Plan Rows": 1, "Plan Width": 4, "Index Cond": "(userid = p.owneruserid)", "Filter": "(score = 13)"}]}]}}, {"Plan": {"Node Type": "Aggregate", "Strategy": "Plain", "Partial Mode": "Simple", "Parallel Aware": false, "Async Capable": false, "Startup Cost": 30000058529.61, "Total Cost": 30000058529.62, "Plan Rows": 1, "Plan Width": 8, "Plans": [{"Node Type": "Hash Join", "Parent Relationship": "Outer", "Parallel Aware": false, "Async Capable": false, "Join Type": "Inner", "Startup Cost": 30000058047.42, "Total Cost": 30000058529.37, "Plan Rows": 98, "Plan Width": 0, "Inner Unique": false, "Hash Cond": "(pl.postid = p.id)", "Plans": [{"Node Type": "Index Scan", "Parent Relationship": "Outer", "Parallel Aware": false, "Async Capable": false, "Scan Direction": "Forward", "Index Name": "idx_postlinks_postid", "Relation Name": "postlinks", "Alias": "pl", "Startup Cost": 10000000000.28, "Total Cost": 10000000450.8, "Plan Rows": 8120, "Plan Width": 4, "Filter": "((creationdate >= '2012-06-21 19:27:55'::timestamp without time zone) AND (linktypeid = 1))"}, {"Node Type": "Hash", "Parent Relationship": "Inner", "Parallel Aware": false, "Async Capable": false, "Startup Cost": 20000058033.23, "Total Cost": 20000058033.23, "Plan Rows": 1112, "Plan Width": 4, "Plans": [{"Node Type": "Nested Loop", "Parent Relationship": "Outer", "Parallel Aware": false, "Async Capable": false, "Join Type": "Inner", "Startup Cost": 20000000000.74, "Total Cost": 20000058033.23, "Plan Rows": 1112, "Plan Width": 4, "Inner Unique": false, "Plans": [{"Node Type": "Index Scan", "Parent Relationship": "Outer", "Parallel Aware": false, "Async Capable": false, "Scan Direction": "Forward", "Index Name": "posts_pkey", "Relation Name": "posts", "Alias": "p", "Startup Cost": 10000000000.29, "Total Cost": 10000003699.05, "Plan Rows": 15160, "Plan Width": 8, "Filter": "((creationdate >= '2013-08-13 08:57:15'::timestamp without time zone) AND (creationdate <= '2014-02-17 13:28:37'::timestamp without time zone))"}, {"Node Type": "Memoize", "Parent Relationship": "Inner", "Parallel Aware": false, "Async Capable": false, "Startup Cost": 0.45, "Total Cost": 4.65, "Plan Rows": 1, "Plan Width": 4, "Cache Key": "p.owneruserid", "Cache Mode": "logical", "Plans": [{"Node Type": "Bitmap Heap Scan", "Parent Relationship": "Outer", "Parallel Aware": false, "Async Capable": false, "Relation Name": "comments", "Alias": "c", "Startup Cost": 0.44, "Total Cost": 4.64, "Plan Rows": 1, "Plan Width": 4, "Recheck Cond": "(userid = p.owneruserid)", "Filter": "(score = 13)", "Plans": [{"Node Type": "Bitmap Index Scan", "Parent Relationship": "Outer", "Parallel Aware": false, "Async Capable": false, "Index Name": "idx_comments_userid", "Startup Cost": 0.0, "Total Cost": 0.44, "Plan Rows": 13, "Plan Width": 0, "Index Cond": "(userid = p.owneruserid)"}]}]}]}]}]}]}}, {"Plan": {"Node Type": "Aggregate", "Strategy": "Plain", "Partial Mode": "Simple", "Parallel Aware": false, "Async Capable": false, "Startup Cost": 12641.67, "Total Cost": 12641.68, "Plan Rows": 1, "Plan Width": 8, "Plans": [{"Node Type": "Hash Join", "Parent Relationship": "Outer", "Parallel Aware": false, "Async Capable": false, "Join Type": "Inner", "Startup Cost": 4377.69, "Total Cost": 12641.43, "Plan Rows": 98, "Plan Width": 0, "Inner Unique": false, "Hash Cond": "(c.userid = p.owneruserid)", "Plans": [{"Node Type": "Index Scan", "Parent Relationship": "Outer", "Parallel Aware": false, "Async Capable": false, "Scan Direction": "Forward", "Index Name": "idx_comments_userid", "Relation Name": "comments", "Alias": "c", "Startup Cost": 0.29, "Total Cost": 8258.96, "Plan Rows": 21, "Plan Width": 4, "Filter": "(score = 13)"}, {"Node Type": "Hash", "Parent Relationship": "Inner", "Parallel Aware": false, "Async Capable": false, "Startup Cost": 4360.67, "Total Cost": 4360.67, "Plan Rows": 1338, "Plan Width": 4, "Plans": [{"Node Type": "Hash Join", "Parent Relationship": "Outer", "Parallel Aware": false, "Async Capable": false, "Join Type": "Inner", "Startup Cost": 3888.83, "Total Cost": 4360.67, "Plan Rows": 1338, "Plan Width": 4, "Inner Unique": true, "Hash Cond": "(pl.postid = p.id)", "Plans": [{"Node Type": "Index Scan", "Parent Relationship": "Outer", "Parallel Aware": false, "Async Capable": false, "Scan Direction": "Forward", "Index Name": "idx_postlinks_postid", "Relation Name": "postlinks", "Alias": "pl", "Startup Cost": 0.29, "Total Cost": 450.8, "Plan Rows": 8120, "Plan Width": 4, "Filter": "((creationdate >= '2012-06-21 19:27:55'::timestamp without time zone) AND (linktypeid = 1))"}, {"Node Type": "Hash", "Parent Relationship": "Inner", "Parallel Aware": false, "Async Capable": false, "Startup Cost": 3699.05, "Total Cost": 3699.05, "Plan Rows": 15160, "Plan Width": 8, "Plans": [{"Node Type": "Index Scan", "Parent Relationship": "Outer", "Parallel Aware": false, "Async Capable": false, "Scan Direction": "Forward", "Index Name": "posts_pkey", "Relation Name": "posts", "Alias": "p", "Startup Cost": 0.29, "Total Cost": 3699.05, "Plan Rows": 15160, "Plan Width": 8, "Filter": "((creationdate >= '2013-08-13 08:57:15'::timestamp without time zone) AND (creationdate <= '2014-02-17 13:28:37'::timestamp without time zone))"}]}]}]}]}]}}, {"Plan": {"Node Type": "Aggregate", "Strategy": "Plain", "Partial Mode": "Simple", "Parallel Aware": false, "Async Capable": false, "Startup Cost": 12501.7, "Total Cost": 12501.71, "Plan Rows": 1, "Plan Width": 8, "Plans": [{"Node Type": "Hash Join", "Parent Relationship": "Outer", "Parallel Aware": false, "Async Capable": false, "Join Type": "Inner", "Startup Cost": 4237.71, "Total Cost": 12501.46, "Plan Rows": 98, "Plan Width": 0, "Inner Unique": false, "Hash Cond": "(c.userid = p.owneruserid)", "Plans": [{"Node Type": "Index Scan", "Parent Relationship": "Outer", "Parallel Aware": false, "Async Capable": false, "Scan Direction": "Forward", "Index Name": "idx_comments_userid", "Relation Name": "comments", "Alias": "c", "Startup Cost": 0.29, "Total Cost": 8258.96, "Plan Rows": 21, "Plan Width": 4, "Filter": "(score = 13)"}, {"Node Type": "Hash", "Parent Relationship": "Inner", "Parallel Aware": false, "Async Capable": false, "Startup Cost": 4220.69, "Total Cost": 4220.69, "Plan Rows": 1338, "Plan Width": 4, "Plans": [{"Node Type": "Merge Join", "Parent Relationship": "Outer", "Parallel Aware": false, "Async Capable": false, "Join Type": "Inner", "Startup Cost": 0.58, "Total Cost": 4220.69, "Plan Rows": 1338, "Plan Width": 4, "Inner Unique": false, "Merge Cond": "(p.id = pl.postid)", "Plans": [{"Node Type": "Index Scan", "Parent Relationship": "Outer", "Parallel Aware": false, "Async Capable": false, "Scan Direction": "Forward", "Index Name": "posts_pkey", "Relation Name": "posts", "Alias": "p", "Startup Cost": 0.29, "Total Cost": 3699.05, "Plan Rows": 15160, "Plan Width": 8, "Filter": "((creationdate >= '2013-08-13 08:57:15'::timestamp without time zone) AND (creationdate <= '2014-02-17 13:28:37'::timestamp without time zone))"}, {"Node Type": "Index Scan", "Parent Relationship": "Inner", "Parallel Aware": false, "Async Capable": false, "Scan Direction": "Forward", "Index Name": "idx_postlinks_postid", "Relation Name": "postlinks", "Alias": "pl", "Startup Cost": 0.29, "Total Cost": 450.8, "Plan Rows": 8120, "Plan Width": 4, "Filter": "((creationdate >= '2012-06-21 19:27:55'::timestamp without time zone) AND (linktypeid = 1))"}]}]}]}]}}, {"Plan": {"Node Type": "Aggregate", "Strategy": "Plain", "Partial Mode": "Simple", "Parallel Aware": false, "Async Capable": false, "Startup Cost": 5517.05, "Total Cost": 5517.06, "Plan Rows": 1, "Plan Width": 8, "Plans": [{"Node Type": "Nested Loop", "Parent Relationship": "Outer", "Parallel Aware": false, "Async Capable": false, "Join Type": "Inner", "Startup Cost": 0.87, "Total Cost": 5516.81, "Plan Rows": 98, "Plan Width": 0, "Inner Unique": false, "Plans": [{"Node Type": "Merge Join", "Parent Relationship": "Outer", "Parallel Aware": false, "Async Capable": false, "Join Type": "Inner", "Startup Cost": 0.58, "Total Cost": 4220.69, "Plan Rows": 1338, "Plan Width": 4, "Inner Unique": false, "Merge Cond": "(p.id = pl.postid)", "Plans": [{"Node Type": "Index Scan", "Parent Relationship": "Outer", "Parallel Aware": false, "Async Capable": false, "Scan Direction": "Forward", "Index Name": "posts_pkey", "Relation Name": "posts", "Alias": "p", "Startup Cost": 0.29, "Total Cost": 3699.05, "Plan Rows": 15160, "Plan Width": 8, "Filter": "((creationdate >= '2013-08-13 08:57:15'::timestamp without time zone) AND (creationdate <= '2014-02-17 13:28:37'::timestamp without time zone))"}, {"Node Type": "Index Scan", "Parent Relationship": "Inner", "Parallel Aware": false, "Async Capable": false, "Scan Direction": "Forward", "Index Name": "idx_postlinks_postid", "Relation Name": "postlinks", "Alias": "pl", "Startup Cost": 0.29, "Total Cost": 450.8, "Plan Rows": 8120, "Plan Width": 4, "Filter": "((creationdate >= '2012-06-21 19:27:55'::timestamp without time zone) AND (linktypeid = 1))"}]}, {"Node Type": "Index Scan", "Parent Relationship": "Inner", "Parallel Aware": false, "Async Capable": false, "Scan Direction": "Forward", "Index Name": "idx_comments_userid", "Relation Name": "comments", "Alias": "c", "Startup Cost": 0.29, "Total Cost": 0.96, "Plan Rows": 1, "Plan Width": 4, "Index Cond": "(userid = p.owneruserid)", "Filter": "(score = 13)"}]}]}}, {"Plan": {"Node Type": "Aggregate", "Strategy": "Plain", "Partial Mode": "Simple", "Parallel Aware": false, "Async Capable": false, "Startup Cost": 6223.84, "Total Cost": 6223.85, "Plan Rows": 1, "Plan Width": 8, "Plans": [{"Node Type": "Hash Join", "Parent Relationship": "Outer", "Parallel Aware": false, "Async Capable": false, "Join Type": "Inner", "Startup Cost": 2695.71, "Total Cost": 6223.6, "Plan Rows": 98, "Plan Width": 0, "Inner Unique": false, "Hash Cond": "(c.userid = p.owneruserid)", "Plans": [{"Node Type": "Seq Scan", "Parent Relationship": "Outer", "Parallel Aware": false, "Async Capable": false, "Relation Name": "comments", "Alias": "c", "Startup Cost": 0.0, "Total Cost": 3522.81, "Plan Rows": 21, "Plan Width": 4, "Filter": "(score = 13)"}, {"Node Type": "Hash", "Parent Relationship": "Inner", "Parallel Aware": false, "Async Capable": false, "Startup Cost": 2678.98, "Total Cost": 2678.98, "Plan Rows": 1338, "Plan Width": 4, "Plans": [{"Node Type": "Hash Join", "Parent Relationship": "Outer", "Parallel Aware": false, "Async Capable": false, "Join Type": "Inner", "Startup Cost": 2409.14, "Total Cost": 2678.98, "Plan Rows": 1338, "Plan Width": 4, "Inner Unique": true, "Hash Cond": "(pl.postid = p.id)", "Plans": [{"Node Type": "Seq Scan", "Parent Relationship": "Outer", "Parallel Aware": false, "Async Capable": false, "Relation Name": "postlinks", "Alias": "pl", "Startup Cost": 0.0, "Total Cost": 248.53, "Plan Rows": 8120, "Plan Width": 4, "Filter": "((creationdate >= '2012-06-21 19:27:55'::timestamp without time zone) AND (linktypeid = 1))"}, {"Node Type": "Hash", "Parent Relationship": "Inner", "Parallel Aware": false, "Async Capable": false, "Startup Cost": 2219.64, "Total Cost": 2219.64, "Plan Rows": 15160, "Plan Width": 8, "Plans": [{"Node Type": "Seq Scan", "Parent Relationship": "Outer", "Parallel Aware": false, "Async Capable": false, "Relation Name": "posts", "Alias": "p", "Startup Cost": 0.0, "Total Cost": 2219.64, "Plan Rows": 15160, "Plan Width": 8, "Filter": "((creationdate >= '2013-08-13 08:57:15'::timestamp without time zone) AND (creationdate <= '2014-02-17 13:28:37'::timestamp without time zone))"}]}]}]}]}]}}, {"Plan": {"Node Type": "Aggregate", "Strategy": "Plain", "Partial Mode": "Simple", "Parallel Aware": false, "Async Capable": false, "Startup Cost": 5657.02, "Total Cost": 5657.03, "Plan Rows": 1, "Plan Width": 8, "Plans": [{"Node Type": "Nested Loop", "Parent Relationship": "Outer", "Parallel Aware": false, "Async Capable": false, "Join Type": "Inner", "Startup Cost": 3889.13, "Total Cost": 5656.78, "Plan Rows": 98, "Plan Width": 0, "Inner Unique": false, "Plans": [{"Node Type": "Hash Join", "Parent Relationship": "Outer", "Parallel Aware": false, "Async Capable": false, "Join Type": "Inner", "Startup Cost": 3888.83, "Total Cost": 4360.67, "Plan Rows": 1338, "Plan Width": 4, "Inner Unique": true, "Hash Cond": "(pl.postid = p.id)", "Plans": [{"Node Type": "Index Scan", "Parent Relationship": "Outer", "Parallel Aware": false, "Async Capable": false, "Scan Direction": "Forward", "Index Name": "idx_postlinks_postid", "Relation Name": "postlinks", "Alias": "pl", "Startup Cost": 0.29, "Total Cost": 450.8, "Plan Rows": 8120, "Plan Width": 4, "Filter": "((creationdate >= '2012-06-21 19:27:55'::timestamp without time zone) AND (linktypeid = 1))"}, {"Node Type": "Hash", "Parent Relationship": "Inner", "Parallel Aware": false, "Async Capable": false, "Startup Cost": 3699.05, "Total Cost": 3699.05, "Plan Rows": 15160, "Plan Width": 8, "Plans": [{"Node Type": "Index Scan", "Parent Relationship": "Outer", "Parallel Aware": false, "Async Capable": false, "Scan Direction": "Forward", "Index Name": "posts_pkey", "Relation Name": "posts", "Alias": "p", "Startup Cost": 0.29, "Total Cost": 3699.05, "Plan Rows": 15160, "Plan Width": 8, "Filter": "((creationdate >= '2013-08-13 08:57:15'::timestamp without time zone) AND (creationdate <= '2014-02-17 13:28:37'::timestamp without time zone))"}]}]}, {"Node Type": "Index Scan", "Parent Relationship": "Inner", "Parallel Aware": false, "Async Capable": false, "Scan Direction": "Forward", "Index Name": "idx_comments_userid", "Relation Name": "comments", "Alias": "c", "Startup Cost": 0.29, "Total Cost": 0.96, "Plan Rows": 1, "Plan Width": 4, "Index Cond": "(userid = p.owneruserid)", "Filter": "(score = 13)"}]}]}}, {"Plan": {"Node Type": "Aggregate", "Strategy": "Plain", "Partial Mode": "Simple", "Parallel Aware": false, "Async Capable": false, "Startup Cost": 30000058508.34, "Total Cost": 30000058508.35, "Plan Rows": 1, "Plan Width": 8, "Plans": [{"Node Type": "Merge Join", "Parent Relationship": "Outer", "Parallel Aware": false, "Async Capable": false, "Join Type": "Inner", "Startup Cost": 30000000001.03, "Total Cost": 30000058508.1, "Plan Rows": 98, "Plan Width": 0, "Inner Unique": false, "Merge Cond": "(p.id = pl.postid)", "Plans": [{"Node Type": "Nested Loop", "Parent Relationship": "Outer", "Parallel Aware": false, "Async Capable": false, "Join Type": "Inner", "Startup Cost": 20000000000.74, "Total Cost": 20000058033.23, "Plan Rows": 1112, "Plan Width": 4, "Inner Unique": false, "Plans": [{"Node Type": "Index Scan", "Parent Relationship": "Outer", "Parallel Aware": false, "Async Capable": false, "Scan Direction": "Forward", "Index Name": "posts_pkey", "Relation Name": "posts", "Alias": "p", "Startup Cost": 10000000000.29, "Total Cost": 10000003699.05, "Plan Rows": 15160, "Plan Width": 8, "Filter": "((creationdate >= '2013-08-13 08:57:15'::timestamp without time zone) AND (creationdate <= '2014-02-17 13:28:37'::timestamp without time zone))"}, {"Node Type": "Memoize", "Parent Relationship": "Inner", "Parallel Aware": false, "Async Capable": false, "Startup Cost": 0.45, "Total Cost": 4.65, "Plan Rows": 1, "Plan Width": 4, "Cache Key": "p.owneruserid", "Cache Mode": "logical", "Plans": [{"Node Type": "Bitmap Heap Scan", "Parent Relationship": "Outer", "Parallel Aware": false, "Async Capable": false, "Relation Name": "comments", "Alias": "c", "Startup Cost": 0.44, "Total Cost": 4.64, "Plan Rows": 1, "Plan Width": 4, "Recheck Cond": "(userid = p.owneruserid)", "Filter": "(score = 13)", "Plans": [{"Node Type": "Bitmap Index Scan", "Parent Relationship": "Outer", "Parallel Aware": false, "Async Capable": false, "Index Name": "idx_comments_userid", "Startup Cost": 0.0, "Total Cost": 0.44, "Plan Rows": 13, "Plan Width": 0, "Index Cond": "(userid = p.owneruserid)"}]}]}]}, {"Node Type": "Index Scan", "Parent Relationship": "Inner", "Parallel Aware": false, "Async Capable": false, "Scan Direction": "Forward", "Index Name": "idx_postlinks_postid", "Relation Name": "postlinks", "Alias": "pl", "Startup Cost": 10000000000.28, "Total Cost": 10000000450.8, "Plan Rows": 8120, "Plan Width": 4, "Filter": "((creationdate >= '2012-06-21 19:27:55'::timestamp without time zone) AND (linktypeid = 1))"}]}]}}, {"Plan": {"Node Type": "Aggregate", "Strategy": "Plain", "Partial Mode": "Simple", "Parallel Aware": false, "Async Capable": false, "Startup Cost": 10000062846.11, "Total Cost": 10000062846.12, "Plan Rows": 1, "Plan Width": 8, "Plans": [{"Node Type": "Nested Loop", "Parent Relationship": "Outer", "Parallel Aware": false, "Async Capable": false, "Join Type": "Inner", "Startup Cost": 10000000001.04, "Total Cost": 10000062845.86, "Plan Rows": 98, "Plan Width": 0, "Inner Unique": false, "Plans": [{"Node Type": "Nested Loop", "Parent Relationship": "Outer", "Parallel Aware": false, "Async Capable": false, "Join Type": "Inner", "Startup Cost": 10000000000.74, "Total Cost": 10000058033.23, "Plan Rows": 1112, "Plan Width": 4, "Inner Unique": false, "Plans": [{"Node Type": "Index Scan", "Parent Relationship": "Outer", "Parallel Aware": false, "Async Capable": false, "Scan Direction": "Forward", "Index Name": "posts_pkey", "Relation Name": "posts", "Alias": "p", "Startup Cost": 10000000000.29, "Total Cost": 10000003699.05, "Plan Rows": 15160, "Plan Width": 8, "Filter": "((creationdate >= '2013-08-13 08:57:15'::timestamp without time zone) AND (creationdate <= '2014-02-17 13:28:37'::timestamp without time zone))"}, {"Node Type": "Memoize", "Parent Relationship": "Inner", "Parallel Aware": false, "Async Capable": false, "Startup Cost": 0.45, "Total Cost": 4.65, "Plan Rows": 1, "Plan Width": 4, "Cache Key": "p.owneruserid", "Cache Mode": "logical", "Plans": [{"Node Type": "Bitmap Heap Scan", "Parent Relationship": "Outer", "Parallel Aware": false, "Async Capable": false, "Relation Name": "comments", "Alias": "c", "Startup Cost": 0.44, "Total Cost": 4.64, "Plan Rows": 1, "Plan Width": 4, "Recheck Cond": "(userid = p.owneruserid)", "Filter": "(score = 13)", "Plans": [{"Node Type": "Bitmap Index Scan", "Parent Relationship": "Outer", "Parallel Aware": false, "Async Capable": false, "Index Name": "idx_comments_userid", "Startup Cost": 0.0, "Total Cost": 0.44, "Plan Rows": 13, "Plan Width": 0, "Index Cond": "(userid = p.owneruserid)"}]}]}]}, {"Node Type": "Bitmap Heap Scan", "Parent Relationship": "Inner", "Parallel Aware": false, "Async Capable": false, "Relation Name": "postlinks", "Alias": "pl", "Startup Cost": 0.3, "Total Cost": 4.32, "Plan Rows": 1, "Plan Width": 4, "Recheck Cond": "(p.id = postid)", "Filter": "((creationdate >= '2012-06-21 19:27:55'::timestamp without time zone) AND (linktypeid = 1))", "Plans": [{"Node Type": "Bitmap Index Scan", "Parent Relationship": "Outer", "Parallel Aware": false, "Async Capable": false, "Index Name": "idx_postlinks_postid", "Startup Cost": 0.0, "Total Cost": 0.3, "Plan Rows": 1, "Plan Width": 0, "Index Cond": "(postid = p.id)"}]}]}]}}, {"Plan": {"Node Type": "Aggregate", "Strategy": "Plain", "Partial Mode": "Simple", "Parallel Aware": false, "Async Capable": false, "Startup Cost": 4223.99, "Total Cost": 4224.0, "Plan Rows": 1, "Plan Width": 8, "Plans": [{"Node Type": "Hash Join", "Parent Relationship": "Outer", "Parallel Aware": false, "Async Capable": false, "Join Type": "Inner", "Startup Cost": 3943.78, "Total Cost": 4223.74, "Plan Rows": 98, "Plan Width": 0, "Inner Unique": false, "Hash Cond": "(pl.postid = p.id)", "Plans": [{"Node Type": "Seq Scan", "Parent Relationship": "Outer", "Parallel Aware": false, "Async Capable": false, "Relation Name": "postlinks", "Alias": "pl", "Startup Cost": 0.0, "Total Cost": 248.53, "Plan Rows": 8120, "Plan Width": 4, "Filter": "((creationdate >= '2012-06-21 19:27:55'::timestamp without time zone) AND (linktypeid = 1))"}, {"Node Type": "Hash", "Parent Relationship": "Inner", "Parallel Aware": false, "Async Capable": false, "Startup Cost": 3929.88, "Total Cost": 3929.88, "Plan Rows": 1112, "Plan Width": 4, "Plans": [{"Node Type": "Nested Loop", "Parent Relationship": "Outer", "Parallel Aware": false, "Async Capable": false, "Join Type": "Inner", "Startup Cost": 4.13, "Total Cost": 3929.88, "Plan Rows": 1112, "Plan Width": 4, "Inner Unique": false, "Plans": [{"Node Type": "Seq Scan", "Parent Relationship": "Outer", "Parallel Aware": false, "Async Capable": false, "Relation Name": "comments", "Alias": "c", "Startup Cost": 0.0, "Total Cost": 3522.81, "Plan Rows": 21, "Plan Width": 4, "Filter": "(score = 13)"}, {"Node Type": "Bitmap Heap Scan", "Parent Relationship": "Inner", "Parallel Aware": false, "Async Capable": false, "Relation Name": "posts", "Alias": "p", "Startup Cost": 4.13, "Total Cost": 19.37, "Plan Rows": 1, "Plan Width": 8, "Recheck Cond": "(c.userid = owneruserid)", "Filter": "((creationdate >= '2013-08-13 08:57:15'::timestamp without time zone) AND (creationdate <= '2014-02-17 13:28:37'::timestamp without time zone))", "Plans": [{"Node Type": "Bitmap Index Scan", "Parent Relationship": "Outer", "Parallel Aware": false, "Async Capable": false, "Index Name": "idx_posts_owneruserid", "Startup Cost": 0.0, "Total Cost": 4.13, "Plan Rows": 4, "Plan Width": 0, "Index Cond": "(owneruserid = c.userid)"}]}]}]}]}]}}, {"Plan": {"Node Type": "Aggregate", "Strategy": "Plain", "Partial Mode": "Simple", "Parallel Aware": false, "Async Capable": false, "Startup Cost": 12557.1, "Total Cost": 12557.11, "Plan Rows": 1, "Plan Width": 8, "Plans": [{"Node Type": "Merge Join", "Parent Relationship": "Outer", "Parallel Aware": false, "Async Capable": false, "Join Type": "Inner", "Startup Cost": 4290.48, "Total Cost": 12556.86, "Plan Rows": 98, "Plan Width": 0, "Inner Unique": false, "Merge Cond": "(c.userid = p.owneruserid)", "Plans": [{"Node Type": "Index Scan", "Parent Relationship": "Outer", "Parallel Aware": false, "Async Capable": false, "Scan Direction": "Forward", "Index Name": "idx_comments_userid", "Relation Name": "comments", "Alias": "c", "Startup Cost": 0.29, "Total Cost": 8258.96, "Plan Rows": 21, "Plan Width": 4, "Filter": "(score = 13)"}, {"Node Type": "Sort", "Parent Relationship": "Inner", "Parallel Aware": false, "Async Capable": false, "Startup Cost": 4290.17, "Total Cost": 4293.52, "Plan Rows": 1338, "Plan Width": 4, "Sort Key": ["p.owneruserid"], "Plans": [{"Node Type": "Merge Join", "Parent Relationship": "Outer", "Parallel Aware": false, "Async Capable": false, "Join Type": "Inner", "Startup Cost": 0.58, "Total Cost": 4220.69, "Plan Rows": 1338, "Plan Width": 4, "Inner Unique": false, "Merge Cond": "(p.id = pl.postid)", "Plans": [{"Node Type": "Index Scan", "Parent Relationship": "Outer", "Parallel Aware": false, "Async Capable": false, "Scan Direction": "Forward", "Index Name": "posts_pkey", "Relation Name": "posts", "Alias": "p", "Startup Cost": 0.29, "Total Cost": 3699.05, "Plan Rows": 15160, "Plan Width": 8, "Filter": "((creationdate >= '2013-08-13 08:57:15'::timestamp without time zone) AND (creationdate <= '2014-02-17 13:28:37'::timestamp without time zone))"}, {"Node Type": "Index Scan", "Parent Relationship": "Inner", "Parallel Aware": false, "Async Capable": false, "Scan Direction": "Forward", "Index Name": "idx_postlinks_postid", "Relation Name": "postlinks", "Alias": "pl", "Startup Cost": 0.29, "Total Cost": 450.8, "Plan Rows": 8120, "Plan Width": 4, "Filter": "((creationdate >= '2012-06-21 19:27:55'::timestamp without time zone) AND (linktypeid = 1))"}]}]}]}]}}, {"Plan": {"Node Type": "Aggregate", "Strategy": "Plain", "Partial Mode": "Finalize", "Parallel Aware": false, "Async Capable": false, "Startup Cost": 4023.51, "Total Cost": 4023.52, "Plan Rows": 1, "Plan Width": 8, "Plans": [{"Node Type": "Gather", "Parent Relationship": "Outer", "Parallel Aware": false, "Async Capable": false, "Startup Cost": 4023.39, "Total Cost": 4023.5, "Plan Rows": 1, "Plan Width": 8, "Workers Planned": 1, "Single Copy": false, "Plans": [{"Node Type": "Aggregate", "Strategy": "Plain", "Partial Mode": "Partial", "Parent Relationship": "Outer", "Parallel Aware": false, "Async Capable": false, "Startup Cost": 3023.39, "Total Cost": 3023.4, "Plan Rows": 1, "Plan Width": 8, "Plans": [{"Node Type": "Nested Loop", "Parent Relationship": "Outer", "Parallel Aware": false, "Async Capable": false, "Join Type": "Inner", "Startup Cost": 0.58, "Total Cost": 3023.25, "Plan Rows": 58, "Plan Width": 0, "Inner Unique": false, "Plans": [{"Node Type": "Nested Loop", "Parent Relationship": "Outer", "Parallel Aware": false, "Async Capable": false, "Join Type": "Inner", "Startup Cost": 0.29, "Total Cost": 2796.45, "Plan Rows": 654, "Plan Width": 4, "Inner Unique": false, "Plans": [{"Node Type": "Seq Scan", "Parent Relationship": "Outer", "Parallel Aware": true, "Async Capable": false, "Relation Name": "comments", "Alias": "c", "Startup Cost": 0.0, "Total Cost": 2625.65, "Plan Rows": 12, "Plan Width": 4, "Filter": "(score = 13)"}, {"Node Type": "Index Scan", "Parent Relationship": "Inner", "Parallel Aware": false, "Async Capable": false, "Scan Direction": "Forward", "Index Name": "idx_posts_owneruserid", "Relation Name": "posts", "Alias": "p", "Startup Cost": 0.29, "Total Cost": 14.22, "Plan Rows": 1, "Plan Width": 8, "Index Cond": "(owneruserid = c.userid)", "Filter": "((creationdate >= '2013-08-13 08:57:15'::timestamp without time zone) AND (creationdate <= '2014-02-17 13:28:37'::timestamp without time zone))"}]}, {"Node Type": "Index Scan", "Parent Relationship": "Inner", "Parallel Aware": false, "Async Capable": false, "Scan Direction": "Forward", "Index Name": "idx_postlinks_postid", "Relation Name": "postlinks", "Alias": "pl", "Startup Cost": 0.29, "Total Cost": 0.34, "Plan Rows": 1, "Plan Width": 4, "Index Cond": "(postid = p.id)", "Filter": "((creationdate >= '2012-06-21 19:27:55'::timestamp without time zone) AND (linktypeid = 1))"}]}]}]}]}}, {"Plan": {"Node Type": "Aggregate", "Strategy": "Plain", "Partial Mode": "Simple", "Parallel Aware": false, "Async Capable": false, "Startup Cost": 7416.8, "Total Cost": 7416.81, "Plan Rows": 1, "Plan Width": 8, "Plans": [{"Node Type": "Merge Join", "Parent Relationship": "Outer", "Parallel Aware": false, "Async Capable": false, "Join Type": "Inner", "Startup Cost": 6939.19, "Total Cost": 7416.55, "Plan Rows": 98, "Plan Width": 0, "Inner Unique": false, "Merge Cond": "(pl.postid = p.id)", "Plans": [{"Node Type": "Index Scan", "Parent Relationship": "Outer", "Parallel Aware": false, "Async Capable": false, "Scan Direction": "Forward", "Index Name": "idx_postlinks_postid", "Relation Name": "postlinks", "Alias": "pl", "Startup Cost": 0.29, "Total Cost": 450.8, "Plan Rows": 8120, "Plan Width": 4, "Filter": "((creationdate >= '2012-06-21 19:27:55'::timestamp without time zone) AND (linktypeid = 1))"}, {"Node Type": "Sort", "Parent Relationship": "Inner", "Parallel Aware": false, "Async Capable": false, "Startup Cost": 6938.91, "Total Cost": 6941.69, "Plan Rows": 1112, "Plan Width": 4, "Sort Key": ["p.id"], "Plans": [{"Node Type": "Merge Join", "Parent Relationship": "Outer", "Parallel Aware": false, "Async Capable": false, "Join Type": "Inner", "Startup Cost": 6795.8, "Total Cost": 6882.65, "Plan Rows": 1112, "Plan Width": 4, "Inner Unique": false, "Merge Cond": "(c.userid = p.owneruserid)", "Plans": [{"Node Type": "Sort", "Parent Relationship": "Outer", "Parallel Aware": false, "Async Capable": false, "Startup Cost": 3523.27, "Total Cost": 3523.33, "Plan Rows": 21, "Plan Width": 4, "Sort Key": ["c.userid"], "Plans": [{"Node Type": "Seq Scan", "Parent Relationship": "Outer", "Parallel Aware": false, "Async Capable": false, "Relation Name": "comments", "Alias": "c", "Startup Cost": 0.0, "Total Cost": 3522.81, "Plan Rows": 21, "Plan Width": 4, "Filter": "(score = 13)"}]}, {"Node Type": "Sort", "Parent Relationship": "Inner", "Parallel Aware": false, "Async Capable": false, "Startup Cost": 3272.35, "Total Cost": 3310.25, "Plan Rows": 15160, "Plan Width": 8, "Sort Key": ["p.owneruserid"], "Plans": [{"Node Type": "Seq Scan", "Parent Relationship": "Outer", "Parallel Aware": false, "Async Capable": false, "Relation Name": "posts", "Alias": "p", "Startup Cost": 0.0, "Total Cost": 2219.64, "Plan Rows": 15160, "Plan Width": 8, "Filter": "((creationdate >= '2013-08-13 08:57:15'::timestamp without time zone) AND (creationdate <= '2014-02-17 13:28:37'::timestamp without time zone))"}]}]}]}]}]}}, {"Plan": {"Node Type": "Aggregate", "Strategy": "Plain", "Partial Mode": "Simple", "Parallel Aware": false, "Async Capable": false, "Startup Cost": 7490.54, "Total Cost": 7490.55, "Plan Rows": 1, "Plan Width": 8, "Plans": [{"Node Type": "Nested Loop", "Parent Relationship": "Outer", "Parallel Aware": false, "Async Capable": false, "Join Type": "Inner", "Startup Cost": 0.88, "Total Cost": 7490.29, "Plan Rows": 98, "Plan Width": 0, "Inner Unique": false, "Plans": [{"Node Type": "Nested Loop", "Parent Relationship": "Outer", "Parallel Aware": false, "Async Capable": false, "Join Type": "Inner", "Startup Cost": 0.59, "Total Cost": 6194.18, "Plan Rows": 1338, "Plan Width": 4, "Inner Unique": true, "Plans": [{"Node Type": "Index Scan", "Parent Relationship": "Outer", "Parallel Aware": false, "Async Capable": false, "Scan Direction": "Forward", "Index Name": "idx_postlinks_postid", "Relation Name": "postlinks", "Alias": "pl", "Startup Cost": 0.29, "Total Cost": 450.8, "Plan Rows": 8120, "Plan Width": 4, "Filter": "((creationdate >= '2012-06-21 19:27:55'::timestamp without time zone) AND (linktypeid = 1))"}, {"Node Type": "Memoize", "Parent Relationship": "Inner", "Parallel Aware": false, "Async Capable": false, "Startup Cost": 0.3, "Total Cost": 0.86, "Plan Rows": 1, "Plan Width": 8, "Cache Key": "pl.postid", "Cache Mode": "logical", "Plans": [{"Node Type": "Index Scan", "Parent Relationship": "Outer", "Parallel Aware": false, "Async Capable": false, "Scan Direction": "Forward", "Index Name": "posts_pkey", "Relation Name": "posts", "Alias": "p", "Startup Cost": 0.29, "Total Cost": 0.85, "Plan Rows": 1, "Plan Width": 8, "Index Cond": "(id = pl.postid)", "Filter": "((creationdate >= '2013-08-13 08:57:15'::timestamp without time zone) AND (creationdate <= '2014-02-17 13:28:37'::timestamp without time zone))"}]}]}, {"Node Type": "Index Scan", "Parent Relationship": "Inner", "Parallel Aware": false, "Async Capable": false, "Scan Direction": "Forward", "Index Name": "idx_comments_userid", "Relation Name": "comments", "Alias": "c", "Startup Cost": 0.29, "Total Cost": 0.96, "Plan Rows": 1, "Plan Width": 4, "Index Cond": "(userid = p.owneruserid)", "Filter": "(score = 13)"}]}]}}, {"Plan": {"Node Type": "Aggregate", "Strategy": "Plain", "Partial Mode": "Finalize", "Parallel Aware": false, "Async Capable": false, "Startup Cost": 4709.37, "Total Cost": 4709.38, "Plan Rows": 1, "Plan Width": 8, "Plans": [{"Node Type": "Gather", "Parent Relationship": "Outer", "Parallel Aware": false, "Async Capable": false, "Startup Cost": 4709.26, "Total Cost": 4709.37, "Plan Rows": 1, "Plan Width": 8, "Workers Planned": 1, "Single Copy": false, "Plans": [{"Node Type": "Aggregate", "Strategy": "Plain", "Partial Mode": "Partial", "Parent Relationship": "Outer", "Parallel Aware": false, "Async Capable": false, "Startup Cost": 3709.26, "Total Cost": 3709.27, "Plan Rows": 1, "Plan Width": 8, "Plans": [{"Node Type": "Merge Join", "Parent Relationship": "Outer", "Parallel Aware": false, "Async Capable": false, "Join Type": "Inner", "Startup Cost": 3664.66, "Total Cost": 3709.11, "Plan Rows": 58, "Plan Width": 0, "Inner Unique": false, "Merge Cond": "(p.id = pl.postid)", "Plans": [{"Node Type": "Sort", "Parent Relationship": "Outer", "Parallel Aware": false, "Async Capable": false, "Startup Cost": 2888.85, "Total Cost": 2890.48, "Plan Rows": 654, "Plan Width": 4, "Sort Key": ["p.id"], "Plans": [{"Node Type": "Nested Loop", "Parent Relationship": "Outer", "Parallel Aware": false, "Async Capable": false, "Join Type": "Inner", "Startup Cost": 4.13, "Total Cost": 2858.26, "Plan Rows": 654, "Plan Width": 4, "Inner Unique": false, "Plans": [{"Node Type": "Seq Scan", "Parent Relationship": "Outer", "Parallel Aware": true, "Async Capable": false, "Relation Name": "comments", "Alias": "c", "Startup Cost": 0.0, "Total Cost": 2625.65, "Plan Rows": 12, "Plan Width": 4, "Filter": "(score = 13)"}, {"Node Type": "Bitmap Heap Scan", "Parent Relationship": "Inner", "Parallel Aware": false, "Async Capable": false, "Relation Name": "posts", "Alias": "p", "Startup Cost": 4.13, "Total Cost": 19.37, "Plan Rows": 1, "Plan Width": 8, "Recheck Cond": "(c.userid = owneruserid)", "Filter": "((creationdate >= '2013-08-13 08:57:15'::timestamp without time zone) AND (creationdate <= '2014-02-17 13:28:37'::timestamp without time zone))", "Plans": [{"Node Type": "Bitmap Index Scan", "Parent Relationship": "Outer", "Parallel Aware": false, "Async Capable": false, "Index Name": "idx_posts_owneruserid", "Startup Cost": 0.0, "Total Cost": 4.13, "Plan Rows": 4, "Plan Width": 0, "Index Cond": "(owneruserid = c.userid)"}]}]}]}, {"Node Type": "Sort", "Parent Relationship": "Inner", "Parallel Aware": false, "Async Capable": false, "Startup Cost": 775.81, "Total Cost": 796.11, "Plan Rows": 8120, "Plan Width": 4, "Sort Key": ["pl.postid"], "Plans": [{"Node Type": "Seq Scan", "Parent Relationship": "Outer", "Parallel Aware": false, "Async Capable": false, "Relation Name": "postlinks", "Alias": "pl", "Startup Cost": 0.0, "Total Cost": 248.53, "Plan Rows": 8120, "Plan Width": 4, "Filter": "((creationdate >= '2012-06-21 19:27:55'::timestamp without time zone) AND (linktypeid = 1))"}]}]}]}]}]}}, {"Plan": {"Node Type": "Aggregate", "Strategy": "Plain", "Partial Mode": "Simple", "Parallel Aware": false, "Async Capable": false, "Startup Cost": 7762.11, "Total Cost": 7762.12, "Plan Rows": 1, "Plan Width": 8, "Plans": [{"Node Type": "Merge Join", "Parent Relationship": "Outer", "Parallel Aware": false, "Async Capable": false, "Join Type": "Inner", "Startup Cost": 7714.72, "Total Cost": 7761.86, "Plan Rows": 98, "Plan Width": 0, "Inner Unique": false, "Merge Cond": "(p.id = pl.postid)", "Plans": [{"Node Type": "Sort", "Parent Relationship": "Outer", "Parallel Aware": false, "Async Capable": false, "Startup Cost": 6938.91, "Total Cost": 6941.69, "Plan Rows": 1112, "Plan Width": 4, "Sort Key": ["p.id"], "Plans": [{"Node Type": "Merge Join", "Parent Relationship": "Outer", "Parallel Aware": false, "Async Capable": false, "Join Type": "Inner", "Startup Cost": 6795.8, "Total Cost": 6882.65, "Plan Rows": 1112, "Plan Width": 4, "Inner Unique": false, "Merge Cond": "(c.userid = p.owneruserid)", "Plans": [{"Node Type": "Sort", "Parent Relationship": "Outer", "Parallel Aware": false, "Async Capable": false, "Startup Cost": 3523.27, "Total Cost": 3523.33, "Plan Rows": 21, "Plan Width": 4, "Sort Key": ["c.userid"], "Plans": [{"Node Type": "Seq Scan", "Parent Relationship": "Outer", "Parallel Aware": false, "Async Capable": false, "Relation Name": "comments", "Alias": "c", "Startup Cost": 0.0, "Total Cost": 3522.81, "Plan Rows": 21, "Plan Width": 4, "Filter": "(score = 13)"}]}, {"Node Type": "Sort", "Parent Relationship": "Inner", "Parallel Aware": false, "Async Capable": false, "Startup Cost": 3272.35, "Total Cost": 3310.25, "Plan Rows": 15160, "Plan Width": 8, "Sort Key": ["p.owneruserid"], "Plans": [{"Node Type": "Seq Scan", "Parent Relationship": "Outer", "Parallel Aware": false, "Async Capable": false, "Relation Name": "posts", "Alias": "p", "Startup Cost": 0.0, "Total Cost": 2219.64, "Plan Rows": 15160, "Plan Width": 8, "Filter": "((creationdate >= '2013-08-13 08:57:15'::timestamp without time zone) AND (creationdate <= '2014-02-17 13:28:37'::timestamp without time zone))"}]}]}]}, {"Node Type": "Sort", "Parent Relationship": "Inner", "Parallel Aware": false, "Async Capable": false, "Startup Cost": 775.81, "Total Cost": 796.11, "Plan Rows": 8120, "Plan Width": 4, "Sort Key": ["pl.postid"], "Plans": [{"Node Type": "Seq Scan", "Parent Relationship": "Outer", "Parallel Aware": false, "Async Capable": false, "Relation Name": "postlinks", "Alias": "pl", "Startup Cost": 0.0, "Total Cost": 248.53, "Plan Rows": 8120, "Plan Width": 4, "Filter": "((creationdate >= '2012-06-21 19:27:55'::timestamp without time zone) AND (linktypeid = 1))"}]}]}]}}, {"Plan": {"Node Type": "Aggregate", "Strategy": "Plain", "Partial Mode": "Finalize", "Parallel Aware": false, "Async Capable": false, "Startup Cost": 6688.97, "Total Cost": 6688.98, "Plan Rows": 1, "Plan Width": 8, "Plans": [{"Node Type": "Gather", "Parent Relationship": "Outer", "Parallel Aware": false, "Async Capable": false, "Startup Cost": 6688.86, "Total Cost": 6688.97, "Plan Rows": 1, "Plan Width": 8, "Workers Planned": 1, "Single Copy": false, "Plans": [{"Node Type": "Aggregate", "Strategy": "Plain", "Partial Mode": "Partial", "Parent Relationship": "Outer", "Parallel Aware": false, "Async Capable": false, "Startup Cost": 5688.86, "Total Cost": 5688.87, "Plan Rows": 1, "Plan Width": 8, "Plans": [{"Node Type": "Nested Loop", "Parent Relationship": "Outer", "Parallel Aware": false, "Async Capable": false, "Join Type": "Inner", "Startup Cost": 4.43, "Total Cost": 5688.71, "Plan Rows": 58, "Plan Width": 0, "Inner Unique": false, "Plans": [{"Node Type": "Nested Loop", "Parent Relationship": "Outer", "Parallel Aware": false, "Async Capable": false, "Join Type": "Inner", "Startup Cost": 4.13, "Total Cost": 2858.26, "Plan Rows": 654, "Plan Width": 4, "Inner Unique": false, "Plans": [{"Node Type": "Seq Scan", "Parent Relationship": "Outer", "Parallel Aware": true, "Async Capable": false, "Relation Name": "comments", "Alias": "c", "Startup Cost": 0.0, "Total Cost": 2625.65, "Plan Rows": 12, "Plan Width": 4, "Filter": "(score = 13)"}, {"Node Type": "Bitmap Heap Scan", "Parent Relationship": "Inner", "Parallel Aware": false, "Async Capable": false, "Relation Name": "posts", "Alias": "p", "Startup Cost": 4.13, "Total Cost": 19.37, "Plan Rows": 1, "Plan Width": 8, "Recheck Cond": "(c.userid = owneruserid)", "Filter": "((creationdate >= '2013-08-13 08:57:15'::timestamp without time zone) AND (creationdate <= '2014-02-17 13:28:37'::timestamp without time zone))", "Plans": [{"Node Type": "Bitmap Index Scan", "Parent Relationship": "Outer", "Parallel Aware": false, "Async Capable": false, "Index Name": "idx_posts_owneruserid", "Startup Cost": 0.0, "Total Cost": 4.13, "Plan Rows": 4, "Plan Width": 0, "Index Cond": "(owneruserid = c.userid)"}]}]}, {"Node Type": "Bitmap Heap Scan", "Parent Relationship": "Inner", "Parallel Aware": false, "Async Capable": false, "Relation Name": "postlinks", "Alias": "pl", "Startup Cost": 0.3, "Total Cost": 4.32, "Plan Rows": 1, "Plan Width": 4, "Recheck Cond": "(p.id = postid)", "Filter": "((creationdate >= '2012-06-21 19:27:55'::timestamp without time zone) AND (linktypeid = 1))", "Plans": [{"Node Type": "Bitmap Index Scan", "Parent Relationship": "Outer", "Parallel Aware": false, "Async Capable": false, "Index Name": "idx_postlinks_postid", "Startup Cost": 0.0, "Total Cost": 0.3, "Plan Rows": 1, "Plan Width": 0, "Index Cond": "(postid = p.id)"}]}]}]}]}]}}]