[{"Plan": {"Node Type": "Aggregate", "Strategy": "Plain", "Partial Mode": "Simple", "Parallel Aware": false, "Async Capable": false, "Startup Cost": 1119.35, "Total Cost": 1119.36, "Plan Rows": 1, "Plan Width": 8, "Plans": [{"Node Type": "Nested Loop", "Parent Relationship": "Outer", "Parallel Aware": false, "Async Capable": false, "Join Type": "Inner", "Startup Cost": 0.72, "Total Cost": 1116.74, "Plan Rows": 1045, "Plan Width": 0, "Inner Unique": false, "Join Filter": "(c.userid = u.id)", "Plans": [{"Node Type": "Nested Loop", "Parent Relationship": "Outer", "Parallel Aware": false, "Async Capable": false, "Join Type": "Inner", "Startup Cost": 0.42, "Total Cost": 1112.31, "Plan Rows": 7, "Plan Width": 8, "Inner Unique": false, "Plans": [{"Node Type": "Seq Scan", "Parent Relationship": "Outer", "Parallel Aware": false, "Async Capable": false, "Relation Name": "users", "Alias": "u", "Startup Cost": 0.0, "Total Cost": 1103.5, "Plan Rows": 1, "Plan Width": 4, "Filter": "((reputation >= 26867) AND (views <= 15810) AND (upvotes >= 1565) AND (creationdate >= '2011-01-09 21:47:19'::timestamp without time zone))"}, {"Node Type": "Index Only Scan", "Parent Relationship": "Inner", "Parallel Aware": false, "Async Capable": false, "Scan Direction": "Forward", "Index Name": "idx_posthistory_userid", "Relation Name": "posthistory", "Alias": "ph", "Startup Cost": 0.42, "Total Cost": 8.67, "Plan Rows": 14, "Plan Width": 4, "Index Cond": "(userid = u.id)"}]}, {"Node Type": "Index Scan", "Parent Relationship": "Inner", "Parallel Aware": false, "Async Capable": false, "Scan Direction": "Forward", "Index Name": "idx_comments_userid", "Relation Name": "comments", "Alias": "c", "Startup Cost": 0.29, "Total Cost": 0.61, "Plan Rows": 2, "Plan Width": 4, "Index Cond": "(userid = ph.userid)", "Filter": "((creationdate >= '2014-04-05 23:06:34'::timestamp without time zone) AND (creationdate <= '2014-09-06 08:18:13'::timestamp without time zone))"}]}]}}, {"Plan": {"Node Type": "Aggregate", "Strategy": "Plain", "Partial Mode": "Simple", "Parallel Aware": false, "Async Capable": false, "Startup Cost": 30000001820.72, "Total Cost": 30000001820.73, "Plan Rows": 1, "Plan Width": 8, "Plans": [{"Node Type": "Nested Loop", "Parent Relationship": "Outer", "Parallel Aware": false, "Async Capable": false, "Join Type": "Inner", "Startup Cost": 30000000005.26, "Total Cost": 30000001818.11, "Plan Rows": 1045, "Plan Width": 0, "Inner Unique": false, "Plans": [{"Node Type": "Nested Loop", "Parent Relationship": "Outer", "Parallel Aware": false, "Async Capable": false, "Join Type": "Inner", "Startup Cost": 20000000004.68, "Total Cost": 20000001813.22, "Plan Rows": 1, "Plan Width": 8, "Inner Unique": false, "Plans": [{"Node Type": "Index Scan", "Parent Relationship": "Outer", "Parallel Aware": false, "Async Capable": false, "Scan Direction": "Forward", "Index Name": "users_pkey", "Relation Name": "users", "Alias": "u", "Startup Cost": 10000000000.29, "Total Cost": 10000001760.42, "Plan Rows": 1, "Plan Width": 4, "Filter": "((reputation >= 26867) AND (views <= 15810) AND (upvotes >= 1565) AND (creationdate >= '2011-01-09 21:47:19'::timestamp without time zone))"}, {"Node Type": "Bitmap Heap Scan", "Parent Relationship": "Inner", "Parallel Aware": false, "Async Capable": false, "Relation Name": "comments", "Alias": "c", "Startup Cost": 4.39, "Total Cost": 52.78, "Plan Rows": 2, "Plan Width": 4, "Recheck Cond": "(userid = u.id)", "Filter": "((creationdate >= '2014-04-05 23:06:34'::timestamp without time zone) AND (creationdate <= '2014-09-06 08:18:13'::timestamp without time zone))", "Plans": [{"Node Type": "Bitmap Index Scan", "Parent Relationship": "Outer", "Parallel Aware": false, "Async Capable": false, "Index Name": "idx_comments_userid", "Startup Cost": 0.0, "Total Cost": 4.39, "Plan Rows": 13, "Plan Width": 0, "Index Cond": "(userid = u.id)"}]}]}, {"Node Type": "Bitmap Heap Scan", "Parent Relationship": "Inner", "Parallel Aware": false, "Async Capable": false, "Relation Name": "posthistory", "Alias": "ph", "Startup Cost": 0.58, "Total Cost": 4.75, "Plan Rows": 14, "Plan Width": 4, "Recheck Cond": "(c.userid = userid)", "Plans": [{"Node Type": "Bitmap Index Scan", "Parent Relationship": "Outer", "Parallel Aware": false, "Async Capable": false, "Index Name": "idx_posthistory_userid", "Startup Cost": 0.0, "Total Cost": 0.57, "Plan Rows": 14, "Plan Width": 0, "Index Cond": "(userid = c.userid)"}]}]}]}}, {"Plan": {"Node Type": "Aggregate", "Strategy": "Plain", "Partial Mode": "Finalize", "Parallel Aware": false, "Async Capable": false, "Startup Cost": 14973.66, "Total Cost": 14973.67, "Plan Rows": 1, "Plan Width": 8, "Plans": [{"Node Type": "Gather", "Parent Relationship": "Outer", "Parallel Aware": false, "Async Capable": false, "Startup Cost": 14973.55, "Total Cost": 14973.66, "Plan Rows": 1, "Plan Width": 8, "Workers Planned": 1, "Single Copy": false, "Plans": [{"Node Type": "Aggregate", "Strategy": "Plain", "Partial Mode": "Partial", "Parent Relationship": "Outer", "Parallel Aware": false, "Async Capable": false, "Startup Cost": 13973.55, "Total Cost": 13973.56, "Plan Rows": 1, "Plan Width": 8, "Plans": [{"Node Type": "Hash Join", "Parent Relationship": "Outer", "Parallel Aware": true, "Async Capable": false, "Join Type": "Inner", "Startup Cost": 6249.67, "Total Cost": 13972.01, "Plan Rows": 615, "Plan Width": 0, "Inner Unique": false, "Hash Cond": "(c.userid = u.id)", "Plans": [{"Node Type": "Index Scan", "Parent Relationship": "Outer", "Parallel Aware": true, "Async Capable": false, "Scan Direction": "Forward", "Index Name": "idx_comments_userid", "Relation Name": "comments", "Alias": "c", "Startup Cost": 0.29, "Total Cost": 7618.14, "Plan Rows": 16719, "Plan Width": 4, "Filter": "((creationdate >= '2014-04-05 23:06:34'::timestamp without time zone) AND (creationdate <= '2014-09-06 08:18:13'::timestamp without time zone))"}, {"Node Type": "Hash", "Parent Relationship": "Inner", "Parallel Aware": true, "Async Capable": false, "Startup Cost": 6249.34, "Total Cost": 6249.34, "Plan Rows": 3, "Plan Width": 8, "Plans": [{"Node Type": "Hash Join", "Parent Relationship": "Outer", "Parallel Aware": false, "Async Capable": false, "Join Type": "Inner", "Startup Cost": 1760.85, "Total Cost": 6249.34, "Plan Rows": 3, "Plan Width": 8, "Inner Unique": true, "Hash Cond": "(ph.userid = u.id)", "Plans": [{"Node Type": "Index Only Scan", "Parent Relationship": "Outer", "Parallel Aware": true, "Async Capable": false, "Scan Direction": "Forward", "Index Name": "idx_posthistory_userid", "Relation Name": "posthistory", "Alias": "ph", "Startup Cost": 0.42, "Total Cost": 4157.26, "Plan Rows": 126328, "Plan Width": 4}, {"Node Type": "Hash", "Parent Relationship": "Inner", "Parallel Aware": false, "Async Capable": false, "Startup Cost": 1760.41, "Total Cost": 1760.41, "Plan Rows": 1, "Plan Width": 4, "Plans": [{"Node Type": "Index Scan", "Parent Relationship": "Outer", "Parallel Aware": false, "Async Capable": false, "Scan Direction": "Forward", "Index Name": "users_pkey", "Relation Name": "users", "Alias": "u", "Startup Cost": 0.29, "Total Cost": 1760.41, "Plan Rows": 1, "Plan Width": 4, "Filter": "((reputation >= 26867) AND (views <= 15810) AND (upvotes >= 1565) AND (creationdate >= '2011-01-09 21:47:19'::timestamp without time zone))"}]}]}]}]}]}]}]}}, {"Plan": {"Node Type": "Aggregate", "Strategy": "Plain", "Partial Mode": "Finalize", "Parallel Aware": false, "Async Capable": false, "Startup Cost": 14646.4, "Total Cost": 14646.41, "Plan Rows": 1, "Plan Width": 8, "Plans": [{"Node Type": "Gather", "Parent Relationship": "Outer", "Parallel Aware": false, "Async Capable": false, "Startup Cost": 14646.29, "Total Cost": 14646.4, "Plan Rows": 1, "Plan Width": 8, "Workers Planned": 1, "Single Copy": false, "Plans": [{"Node Type": "Aggregate", "Strategy": "Plain", "Partial Mode": "Partial", "Parent Relationship": "Outer", "Parallel Aware": false, "Async Capable": false, "Startup Cost": 13646.29, "Total Cost": 13646.3, "Plan Rows": 1, "Plan Width": 8, "Plans": [{"Node Type": "Hash Join", "Parent Relationship": "Outer", "Parallel Aware": true, "Async Capable": false, "Join Type": "Inner", "Startup Cost": 5922.4, "Total Cost": 13644.75, "Plan Rows": 615, "Plan Width": 0, "Inner Unique": false, "Hash Cond": "(c.userid = u.id)", "Plans": [{"Node Type": "Index Scan", "Parent Relationship": "Outer", "Parallel Aware": true, "Async Capable": false, "Scan Direction": "Forward", "Index Name": "idx_comments_userid", "Relation Name": "comments", "Alias": "c", "Startup Cost": 0.29, "Total Cost": 7618.14, "Plan Rows": 16719, "Plan Width": 4, "Filter": "((creationdate >= '2014-04-05 23:06:34'::timestamp without time zone) AND (creationdate <= '2014-09-06 08:18:13'::timestamp without time zone))"}, {"Node Type": "Hash", "Parent Relationship": "Inner", "Parallel Aware": true, "Async Capable": false, "Startup Cost": 5922.07, "Total Cost": 5922.07, "Plan Rows": 3, "Plan Width": 8, "Plans": [{"Node Type": "Merge Join", "Parent Relationship": "Outer", "Parallel Aware": false, "Async Capable": false, "Join Type": "Inner", "Startup Cost": 0.71, "Total Cost": 5922.07, "Plan Rows": 3, "Plan Width": 8, "Inner Unique": true, "Merge Cond": "(ph.userid = u.id)", "Plans": [{"Node Type": "Index Only Scan", "Parent Relationship": "Outer", "Parallel Aware": true, "Async Capable": false, "Scan Direction": "Forward", "Index Name": "idx_posthistory_userid", "Relation Name": "posthistory", "Alias": "ph", "Startup Cost": 0.42, "Total Cost": 4157.26, "Plan Rows": 126328, "Plan Width": 4}, {"Node Type": "Index Scan", "Parent Relationship": "Inner", "Parallel Aware": false, "Async Capable": false, "Scan Direction": "Forward", "Index Name": "users_pkey", "Relation Name": "users", "Alias": "u", "Startup Cost": 0.29, "Total Cost": 1760.41, "Plan Rows": 1, "Plan Width": 4, "Filter": "((reputation >= 26867) AND (views <= 15810) AND (upvotes >= 1565) AND (creationdate >= '2011-01-09 21:47:19'::timestamp without time zone))"}]}]}]}]}]}]}}, {"Plan": {"Node Type": "Aggregate", "Strategy": "Plain", "Partial Mode": "Simple", "Parallel Aware": false, "Async Capable": false, "Startup Cost": 1776.26, "Total Cost": 1776.27, "Plan Rows": 1, "Plan Width": 8, "Plans": [{"Node Type": "Nested Loop", "Parent Relationship": "Outer", "Parallel Aware": false, "Async Capable": false, "Join Type": "Inner", "Startup Cost": 1.01, "Total Cost": 1773.65, "Plan Rows": 1045, "Plan Width": 0, "Inner Unique": false, "Join Filter": "(c.userid = u.id)", "Plans": [{"Node Type": "Nested Loop", "Parent Relationship": "Outer", "Parallel Aware": false, "Async Capable": false, "Join Type": "Inner", "Startup Cost": 0.71, "Total Cost": 1769.22, "Plan Rows": 7, "Plan Width": 8, "Inner Unique": false, "Plans": [{"Node Type": "Index Scan", "Parent Relationship": "Outer", "Parallel Aware": false, "Async Capable": false, "Scan Direction": "Forward", "Index Name": "users_pkey", "Relation Name": "users", "Alias": "u", "Startup Cost": 0.29, "Total Cost": 1760.41, "Plan Rows": 1, "Plan Width": 4, "Filter": "((reputation >= 26867) AND (views <= 15810) AND (upvotes >= 1565) AND (creationdate >= '2011-01-09 21:47:19'::timestamp without time zone))"}, {"Node Type": "Index Only Scan", "Parent Relationship": "Inner", "Parallel Aware": false, "Async Capable": false, "Scan Direction": "Forward", "Index Name": "idx_posthistory_userid", "Relation Name": "posthistory", "Alias": "ph", "Startup Cost": 0.42, "Total Cost": 8.67, "Plan Rows": 14, "Plan Width": 4, "Index Cond": "(userid = u.id)"}]}, {"Node Type": "Index Scan", "Parent Relationship": "Inner", "Parallel Aware": false, "Async Capable": false, "Scan Direction": "Forward", "Index Name": "idx_comments_userid", "Relation Name": "comments", "Alias": "c", "Startup Cost": 0.29, "Total Cost": 0.61, "Plan Rows": 2, "Plan Width": 4, "Index Cond": "(userid = ph.userid)", "Filter": "((creationdate >= '2014-04-05 23:06:34'::timestamp without time zone) AND (creationdate <= '2014-09-06 08:18:13'::timestamp without time zone))"}]}]}}, {"Plan": {"Node Type": "Aggregate", "Strategy": "Plain", "Partial Mode": "Finalize", "Parallel Aware": false, "Async Capable": false, "Startup Cost": 9253.35, "Total Cost": 9253.36, "Plan Rows": 1, "Plan Width": 8, "Plans": [{"Node Type": "Gather", "Parent Relationship": "Outer", "Parallel Aware": false, "Async Capable": false, "Startup Cost": 9253.24, "Total Cost": 9253.35, "Plan Rows": 1, "Plan Width": 8, "Workers Planned": 1, "Single Copy": false, "Plans": [{"Node Type": "Aggregate", "Strategy": "Plain", "Partial Mode": "Partial", "Parent Relationship": "Outer", "Parallel Aware": false, "Async Capable": false, "Startup Cost": 8253.24, "Total Cost": 8253.25, "Plan Rows": 1, "Plan Width": 8, "Plans": [{"Node Type": "Hash Join", "Parent Relationship": "Outer", "Parallel Aware": true, "Async Capable": false, "Join Type": "Inner", "Startup Cost": 5265.21, "Total Cost": 8251.7, "Plan Rows": 615, "Plan Width": 0, "Inner Unique": false, "Hash Cond": "(c.userid = u.id)", "Plans": [{"Node Type": "Seq Scan", "Parent Relationship": "Outer", "Parallel Aware": true, "Async Capable": false, "Relation Name": "comments", "Alias": "c", "Startup Cost": 0.0, "Total Cost": 2881.99, "Plan Rows": 16719, "Plan Width": 4, "Filter": "((creationdate >= '2014-04-05 23:06:34'::timestamp without time zone) AND (creationdate <= '2014-09-06 08:18:13'::timestamp without time zone))"}, {"Node Type": "Hash", "Parent Relationship": "Inner", "Parallel Aware": true, "Async Capable": false, "Startup Cost": 5265.17, "Total Cost": 5265.17, "Plan Rows": 3, "Plan Width": 8, "Plans": [{"Node Type": "Merge Join", "Parent Relationship": "Outer", "Parallel Aware": false, "Async Capable": false, "Join Type": "Inner", "Startup Cost": 1103.93, "Total Cost": 5265.17, "Plan Rows": 3, "Plan Width": 8, "Inner Unique": true, "Merge Cond": "(ph.userid = u.id)", "Plans": [{"Node Type": "Index Only Scan", "Parent Relationship": "Outer", "Parallel Aware": true, "Async Capable": false, "Scan Direction": "Forward", "Index Name": "idx_posthistory_userid", "Relation Name": "posthistory", "Alias": "ph", "Startup Cost": 0.42, "Total Cost": 4157.26, "Plan Rows": 126328, "Plan Width": 4}, {"Node Type": "Sort", "Parent Relationship": "Inner", "Parallel Aware": false, "Async Capable": false, "Startup Cost": 1103.51, "Total Cost": 1103.52, "Plan Rows": 1, "Plan Width": 4, "Sort Key": ["u.id"], "Plans": [{"Node Type": "Seq Scan", "Parent Relationship": "Outer", "Parallel Aware": false, "Async Capable": false, "Relation Name": "users", "Alias": "u", "Startup Cost": 0.0, "Total Cost": 1103.5, "Plan Rows": 1, "Plan Width": 4, "Filter": "((reputation >= 26867) AND (views <= 15810) AND (upvotes >= 1565) AND (creationdate >= '2011-01-09 21:47:19'::timestamp without time zone))"}]}]}]}]}]}]}]}}, {"Plan": {"Node Type": "Aggregate", "Strategy": "Plain", "Partial Mode": "Finalize", "Parallel Aware": false, "Async Capable": false, "Startup Cost": 9604.26, "Total Cost": 9604.27, "Plan Rows": 1, "Plan Width": 8, "Plans": [{"Node Type": "Gather", "Parent Relationship": "Outer", "Parallel Aware": false, "Async Capable": false, "Startup Cost": 9604.15, "Total Cost": 9604.26, "Plan Rows": 1, "Plan Width": 8, "Workers Planned": 1, "Single Copy": false, "Plans": [{"Node Type": "Aggregate", "Strategy": "Plain", "Partial Mode": "Partial", "Parent Relationship": "Outer", "Parallel Aware": false, "Async Capable": false, "Startup Cost": 8604.15, "Total Cost": 8604.16, "Plan Rows": 1, "Plan Width": 8, "Plans": [{"Node Type": "Hash Join", "Parent Relationship": "Outer", "Parallel Aware": true, "Async Capable": false, "Join Type": "Inner", "Startup Cost": 5595.22, "Total Cost": 8602.61, "Plan Rows": 615, "Plan Width": 0, "Inner Unique": false, "Hash Cond": "(c.userid = u.id)", "Plans": [{"Node Type": "Seq Scan", "Parent Relationship": "Outer", "Parallel Aware": true, "Async Capable": false, "Relation Name": "comments", "Alias": "c", "Startup Cost": 0.0, "Total Cost": 2881.99, "Plan Rows": 16719, "Plan Width": 4, "Filter": "((creationdate >= '2014-04-05 23:06:34'::timestamp without time zone) AND (creationdate <= '2014-09-06 08:18:13'::timestamp without time zone))"}, {"Node Type": "Hash", "Parent Relationship": "Inner", "Parallel Aware": true, "Async Capable": false, "Startup Cost": 5595.17, "Total Cost": 5595.17, "Plan Rows": 4, "Plan Width": 8, "Plans": [{"Node Type": "Hash Join", "Parent Relationship": "Outer", "Parallel Aware": false, "Async Capable": false, "Join Type": "Inner", "Startup Cost": 1103.51, "Total Cost": 5595.17, "Plan Rows": 4, "Plan Width": 8, "Inner Unique": true, "Hash Cond": "(ph.userid = u.id)", "Plans": [{"Node Type": "Seq Scan", "Parent Relationship": "Outer", "Parallel Aware": true, "Async Capable": false, "Relation Name": "posthistory", "Alias": "ph", "Startup Cost": 0.0, "Total Cost": 4023.45, "Plan Rows": 178345, "Plan Width": 4}, {"Node Type": "Hash", "Parent Relationship": "Inner", "Parallel Aware": false, "Async Capable": false, "Startup Cost": 1103.5, "Total Cost": 1103.5, "Plan Rows": 1, "Plan Width": 4, "Plans": [{"Node Type": "Seq Scan", "Parent Relationship": "Outer", "Parallel Aware": false, "Async Capable": false, "Relation Name": "users", "Alias": "u", "Startup Cost": 0.0, "Total Cost": 1103.5, "Plan Rows": 1, "Plan Width": 4, "Filter": "((reputation >= 26867) AND (views <= 15810) AND (upvotes >= 1565) AND (creationdate >= '2011-01-09 21:47:19'::timestamp without time zone))"}]}]}]}]}]}]}]}}, {"Plan": {"Node Type": "Aggregate", "Strategy": "Plain", "Partial Mode": "Simple", "Parallel Aware": false, "Async Capable": false, "Startup Cost": 10000001820.72, "Total Cost": 10000001820.73, "Plan Rows": 1, "Plan Width": 8, "Plans": [{"Node Type": "Nested Loop", "Parent Relationship": "Outer", "Parallel Aware": false, "Async Capable": false, "Join Type": "Inner", "Startup Cost": 10000000005.26, "Total Cost": 10000001818.11, "Plan Rows": 1045, "Plan Width": 0, "Inner Unique": false, "Plans": [{"Node Type": "Nested Loop", "Parent Relationship": "Outer", "Parallel Aware": false, "Async Capable": false, "Join Type": "Inner", "Startup Cost": 10000000004.68, "Total Cost": 10000001813.22, "Plan Rows": 1, "Plan Width": 8, "Inner Unique": false, "Plans": [{"Node Type": "Index Scan", "Parent Relationship": "Outer", "Parallel Aware": false, "Async Capable": false, "Scan Direction": "Forward", "Index Name": "users_pkey", "Relation Name": "users", "Alias": "u", "Startup Cost": 10000000000.29, "Total Cost": 10000001760.42, "Plan Rows": 1, "Plan Width": 4, "Filter": "((reputation >= 26867) AND (views <= 15810) AND (upvotes >= 1565) AND (creationdate >= '2011-01-09 21:47:19'::timestamp without time zone))"}, {"Node Type": "Bitmap Heap Scan", "Parent Relationship": "Inner", "Parallel Aware": false, "Async Capable": false, "Relation Name": "comments", "Alias": "c", "Startup Cost": 4.39, "Total Cost": 52.78, "Plan Rows": 2, "Plan Width": 4, "Recheck Cond": "(userid = u.id)", "Filter": "((creationdate >= '2014-04-05 23:06:34'::timestamp without time zone) AND (creationdate <= '2014-09-06 08:18:13'::timestamp without time zone))", "Plans": [{"Node Type": "Bitmap Index Scan", "Parent Relationship": "Outer", "Parallel Aware": false, "Async Capable": false, "Index Name": "idx_comments_userid", "Startup Cost": 0.0, "Total Cost": 4.39, "Plan Rows": 13, "Plan Width": 0, "Index Cond": "(userid = u.id)"}]}]}, {"Node Type": "Bitmap Heap Scan", "Parent Relationship": "Inner", "Parallel Aware": false, "Async Capable": false, "Relation Name": "posthistory", "Alias": "ph", "Startup Cost": 0.58, "Total Cost": 4.75, "Plan Rows": 14, "Plan Width": 4, "Recheck Cond": "(c.userid = userid)", "Plans": [{"Node Type": "Bitmap Index Scan", "Parent Relationship": "Outer", "Parallel Aware": false, "Async Capable": false, "Index Name": "idx_posthistory_userid", "Startup Cost": 0.0, "Total Cost": 0.57, "Plan Rows": 14, "Plan Width": 0, "Index Cond": "(userid = c.userid)"}]}]}]}}, {"Plan": {"Node Type": "Aggregate", "Strategy": "Plain", "Partial Mode": "Simple", "Parallel Aware": false, "Async Capable": false, "Startup Cost": 1163.81, "Total Cost": 1163.82, "Plan Rows": 1, "Plan Width": 8, "Plans": [{"Node Type": "Nested Loop", "Parent Relationship": "Outer", "Parallel Aware": false, "Async Capable": false, "Join Type": "Inner", "Startup Cost": 4.97, "Total Cost": 1161.2, "Plan Rows": 1045, "Plan Width": 0, "Inner Unique": false, "Plans": [{"Node Type": "Nested Loop", "Parent Relationship": "Outer", "Parallel Aware": false, "Async Capable": false, "Join Type": "Inner", "Startup Cost": 4.39, "Total Cost": 1156.3, "Plan Rows": 1, "Plan Width": 8, "Inner Unique": false, "Plans": [{"Node Type": "Seq Scan", "Parent Relationship": "Outer", "Parallel Aware": false, "Async Capable": false, "Relation Name": "users", "Alias": "u", "Startup Cost": 0.0, "Total Cost": 1103.5, "Plan Rows": 1, "Plan Width": 4, "Filter": "((reputation >= 26867) AND (views <= 15810) AND (upvotes >= 1565) AND (creationdate >= '2011-01-09 21:47:19'::timestamp without time zone))"}, {"Node Type": "Bitmap Heap Scan", "Parent Relationship": "Inner", "Parallel Aware": false, "Async Capable": false, "Relation Name": "comments", "Alias": "c", "Startup Cost": 4.39, "Total Cost": 52.78, "Plan Rows": 2, "Plan Width": 4, "Recheck Cond": "(userid = u.id)", "Filter": "((creationdate >= '2014-04-05 23:06:34'::timestamp without time zone) AND (creationdate <= '2014-09-06 08:18:13'::timestamp without time zone))", "Plans": [{"Node Type": "Bitmap Index Scan", "Parent Relationship": "Outer", "Parallel Aware": false, "Async Capable": false, "Index Name": "idx_comments_userid", "Startup Cost": 0.0, "Total Cost": 4.39, "Plan Rows": 13, "Plan Width": 0, "Index Cond": "(userid = u.id)"}]}]}, {"Node Type": "Bitmap Heap Scan", "Parent Relationship": "Inner", "Parallel Aware": false, "Async Capable": false, "Relation Name": "posthistory", "Alias": "ph", "Startup Cost": 0.58, "Total Cost": 4.75, "Plan Rows": 14, "Plan Width": 4, "Recheck Cond": "(c.userid = userid)", "Plans": [{"Node Type": "Bitmap Index Scan", "Parent Relationship": "Outer", "Parallel Aware": false, "Async Capable": false, "Index Name": "idx_posthistory_userid", "Startup Cost": 0.0, "Total Cost": 0.57, "Plan Rows": 14, "Plan Width": 0, "Index Cond": "(userid = c.userid)"}]}]}]}}, {"Plan": {"Node Type": "Aggregate", "Strategy": "Plain", "Partial Mode": "Finalize", "Parallel Aware": false, "Async Capable": false, "Startup Cost": 21817.49, "Total Cost": 21817.5, "Plan Rows": 1, "Plan Width": 8, "Plans": [{"Node Type": "Gather", "Parent Relationship": "Outer", "Parallel Aware": false, "Async Capable": false, "Startup Cost": 21817.37, "Total Cost": 21817.48, "Plan Rows": 1, "Plan Width": 8, "Workers Planned": 1, "Single Copy": false, "Plans": [{"Node Type": "Aggregate", "Strategy": "Plain", "Partial Mode": "Partial", "Parent Relationship": "Outer", "Parallel Aware": false, "Async Capable": false, "Startup Cost": 20817.37, "Total Cost": 20817.38, "Plan Rows": 1, "Plan Width": 8, "Plans": [{"Node Type": "Hash Join", "Parent Relationship": "Outer", "Parallel Aware": true, "Async Capable": false, "Join Type": "Inner", "Startup Cost": 13072.58, "Total Cost": 20815.84, "Plan Rows": 615, "Plan Width": 0, "Inner Unique": false, "Hash Cond": "(c.userid = u.id)", "Plans": [{"Node Type": "Index Scan", "Parent Relationship": "Outer", "Parallel Aware": true, "Async Capable": false, "Scan Direction": "Forward", "Index Name": "idx_comments_userid", "Relation Name": "comments", "Alias": "c", "Startup Cost": 0.29, "Total Cost": 7618.14, "Plan Rows": 16719, "Plan Width": 4, "Filter": "((creationdate >= '2014-04-05 23:06:34'::timestamp without time zone) AND (creationdate <= '2014-09-06 08:18:13'::timestamp without time zone))"}, {"Node Type": "Hash", "Parent Relationship": "Inner", "Parallel Aware": true, "Async Capable": false, "Startup Cost": 13072.24, "Total Cost": 13072.24, "Plan Rows": 4, "Plan Width": 8, "Plans": [{"Node Type": "Hash Join", "Parent Relationship": "Outer", "Parallel Aware": false, "Async Capable": false, "Join Type": "Inner", "Startup Cost": 1760.85, "Total Cost": 13072.24, "Plan Rows": 4, "Plan Width": 8, "Inner Unique": true, "Hash Cond": "(ph.userid = u.id)", "Plans": [{"Node Type": "Index Scan", "Parent Relationship": "Outer", "Parallel Aware": true, "Async Capable": false, "Scan Direction": "Forward", "Index Name": "idx_posthistory_userid", "Relation Name": "posthistory", "Alias": "ph", "Startup Cost": 0.42, "Total Cost": 10843.61, "Plan Rows": 178345, "Plan Width": 4}, {"Node Type": "Hash", "Parent Relationship": "Inner", "Parallel Aware": false, "Async Capable": false, "Startup Cost": 1760.41, "Total Cost": 1760.41, "Plan Rows": 1, "Plan Width": 4, "Plans": [{"Node Type": "Index Scan", "Parent Relationship": "Outer", "Parallel Aware": false, "Async Capable": false, "Scan Direction": "Forward", "Index Name": "users_pkey", "Relation Name": "users", "Alias": "u", "Startup Cost": 0.29, "Total Cost": 1760.41, "Plan Rows": 1, "Plan Width": 4, "Filter": "((reputation >= 26867) AND (views <= 15810) AND (upvotes >= 1565) AND (creationdate >= '2011-01-09 21:47:19'::timestamp without time zone))"}]}]}]}]}]}]}]}}, {"Plan": {"Node Type": "Aggregate", "Strategy": "Plain", "Partial Mode": "Finalize", "Parallel Aware": false, "Async Capable": false, "Startup Cost": 21009.01, "Total Cost": 21009.02, "Plan Rows": 1, "Plan Width": 8, "Plans": [{"Node Type": "Gather", "Parent Relationship": "Outer", "Parallel Aware": false, "Async Capable": false, "Startup Cost": 21008.89, "Total Cost": 21009.0, "Plan Rows": 1, "Plan Width": 8, "Workers Planned": 1, "Single Copy": false, "Plans": [{"Node Type": "Aggregate", "Strategy": "Plain", "Partial Mode": "Partial", "Parent Relationship": "Outer", "Parallel Aware": false, "Async Capable": false, "Startup Cost": 20008.89, "Total Cost": 20008.9, "Plan Rows": 1, "Plan Width": 8, "Plans": [{"Node Type": "Hash Join", "Parent Relationship": "Outer", "Parallel Aware": true, "Async Capable": false, "Join Type": "Inner", "Startup Cost": 12264.1, "Total Cost": 20007.36, "Plan Rows": 615, "Plan Width": 0, "Inner Unique": false, "Hash Cond": "(c.userid = u.id)", "Plans": [{"Node Type": "Index Scan", "Parent Relationship": "Outer", "Parallel Aware": true, "Async Capable": false, "Scan Direction": "Forward", "Index Name": "idx_comments_userid", "Relation Name": "comments", "Alias": "c", "Startup Cost": 0.29, "Total Cost": 7618.14, "Plan Rows": 16719, "Plan Width": 4, "Filter": "((creationdate >= '2014-04-05 23:06:34'::timestamp without time zone) AND (creationdate <= '2014-09-06 08:18:13'::timestamp without time zone))"}, {"Node Type": "Hash", "Parent Relationship": "Inner", "Parallel Aware": true, "Async Capable": false, "Startup Cost": 12263.76, "Total Cost": 12263.76, "Plan Rows": 4, "Plan Width": 8, "Plans": [{"Node Type": "Merge Join", "Parent Relationship": "Outer", "Parallel Aware": false, "Async Capable": false, "Join Type": "Inner", "Startup Cost": 0.71, "Total Cost": 12263.76, "Plan Rows": 4, "Plan Width": 8, "Inner Unique": true, "Merge Cond": "(ph.userid = u.id)", "Plans": [{"Node Type": "Index Scan", "Parent Relationship": "Outer", "Parallel Aware": true, "Async Capable": false, "Scan Direction": "Forward", "Index Name": "idx_posthistory_userid", "Relation Name": "posthistory", "Alias": "ph", "Startup Cost": 0.42, "Total Cost": 10843.61, "Plan Rows": 178345, "Plan Width": 4}, {"Node Type": "Index Scan", "Parent Relationship": "Inner", "Parallel Aware": false, "Async Capable": false, "Scan Direction": "Forward", "Index Name": "users_pkey", "Relation Name": "users", "Alias": "u", "Startup Cost": 0.29, "Total Cost": 1760.41, "Plan Rows": 1, "Plan Width": 4, "Filter": "((reputation >= 26867) AND (views <= 15810) AND (upvotes >= 1565) AND (creationdate >= '2011-01-09 21:47:19'::timestamp without time zone))"}]}]}]}]}]}]}}, {"Plan": {"Node Type": "Aggregate", "Strategy": "Plain", "Partial Mode": "Simple", "Parallel Aware": false, "Async Capable": false, "Startup Cost": 1807.21, "Total Cost": 1807.22, "Plan Rows": 1, "Plan Width": 8, "Plans": [{"Node Type": "Nested Loop", "Parent Relationship": "Outer", "Parallel Aware": false, "Async Capable": false, "Join Type": "Inner", "Startup Cost": 1.01, "Total Cost": 1804.59, "Plan Rows": 1045, "Plan Width": 0, "Inner Unique": false, "Join Filter": "(c.userid = u.id)", "Plans": [{"Node Type": "Nested Loop", "Parent Relationship": "Outer", "Parallel Aware": false, "Async Capable": false, "Join Type": "Inner", "Startup Cost": 0.71, "Total Cost": 1800.16, "Plan Rows": 7, "Plan Width": 8, "Inner Unique": false, "Plans": [{"Node Type": "Index Scan", "Parent Relationship": "Outer", "Parallel Aware": false, "Async Capable": false, "Scan Direction": "Forward", "Index Name": "users_pkey", "Relation Name": "users", "Alias": "u", "Startup Cost": 0.29, "Total Cost": 1760.41, "Plan Rows": 1, "Plan Width": 4, "Filter": "((reputation >= 26867) AND (views <= 15810) AND (upvotes >= 1565) AND (creationdate >= '2011-01-09 21:47:19'::timestamp without time zone))"}, {"Node Type": "Index Scan", "Parent Relationship": "Inner", "Parallel Aware": false, "Async Capable": false, "Scan Direction": "Forward", "Index Name": "idx_posthistory_userid", "Relation Name": "posthistory", "Alias": "ph", "Startup Cost": 0.42, "Total Cost": 39.61, "Plan Rows": 14, "Plan Width": 4, "Index Cond": "(userid = u.id)"}]}, {"Node Type": "Index Scan", "Parent Relationship": "Inner", "Parallel Aware": false, "Async Capable": false, "Scan Direction": "Forward", "Index Name": "idx_comments_userid", "Relation Name": "comments", "Alias": "c", "Startup Cost": 0.29, "Total Cost": 0.61, "Plan Rows": 2, "Plan Width": 4, "Index Cond": "(userid = ph.userid)", "Filter": "((creationdate >= '2014-04-05 23:06:34'::timestamp without time zone) AND (creationdate <= '2014-09-06 08:18:13'::timestamp without time zone))"}]}]}}, {"Plan": {"Node Type": "Aggregate", "Strategy": "Plain", "Partial Mode": "Simple", "Parallel Aware": false, "Async Capable": false, "Startup Cost": 1150.29, "Total Cost": 1150.3, "Plan Rows": 1, "Plan Width": 8, "Plans": [{"Node Type": "Nested Loop", "Parent Relationship": "Outer", "Parallel Aware": false, "Async Capable": false, "Join Type": "Inner", "Startup Cost": 0.72, "Total Cost": 1147.68, "Plan Rows": 1045, "Plan Width": 0, "Inner Unique": false, "Join Filter": "(c.userid = u.id)", "Plans": [{"Node Type": "Nested Loop", "Parent Relationship": "Outer", "Parallel Aware": false, "Async Capable": false, "Join Type": "Inner", "Startup Cost": 0.42, "Total Cost": 1143.25, "Plan Rows": 7, "Plan Width": 8, "Inner Unique": false, "Plans": [{"Node Type": "Seq Scan", "Parent Relationship": "Outer", "Parallel Aware": false, "Async Capable": false, "Relation Name": "users", "Alias": "u", "Startup Cost": 0.0, "Total Cost": 1103.5, "Plan Rows": 1, "Plan Width": 4, "Filter": "((reputation >= 26867) AND (views <= 15810) AND (upvotes >= 1565) AND (creationdate >= '2011-01-09 21:47:19'::timestamp without time zone))"}, {"Node Type": "Index Scan", "Parent Relationship": "Inner", "Parallel Aware": false, "Async Capable": false, "Scan Direction": "Forward", "Index Name": "idx_posthistory_userid", "Relation Name": "posthistory", "Alias": "ph", "Startup Cost": 0.42, "Total Cost": 39.61, "Plan Rows": 14, "Plan Width": 4, "Index Cond": "(userid = u.id)"}]}, {"Node Type": "Index Scan", "Parent Relationship": "Inner", "Parallel Aware": false, "Async Capable": false, "Scan Direction": "Forward", "Index Name": "idx_comments_userid", "Relation Name": "comments", "Alias": "c", "Startup Cost": 0.29, "Total Cost": 0.61, "Plan Rows": 2, "Plan Width": 4, "Index Cond": "(userid = ph.userid)", "Filter": "((creationdate >= '2014-04-05 23:06:34'::timestamp without time zone) AND (creationdate <= '2014-09-06 08:18:13'::timestamp without time zone))"}]}]}}, {"Plan": {"Node Type": "Aggregate", "Strategy": "Plain", "Partial Mode": "Finalize", "Parallel Aware": false, "Async Capable": false, "Startup Cost": 15544.24, "Total Cost": 15544.25, "Plan Rows": 1, "Plan Width": 8, "Plans": [{"Node Type": "Gather", "Parent Relationship": "Outer", "Parallel Aware": false, "Async Capable": false, "Startup Cost": 15544.02, "Total Cost": 15544.23, "Plan Rows": 2, "Plan Width": 8, "Workers Planned": 2, "Single Copy": false, "Plans": [{"Node Type": "Aggregate", "Strategy": "Plain", "Partial Mode": "Partial", "Parent Relationship": "Outer", "Parallel Aware": false, "Async Capable": false, "Startup Cost": 14544.02, "Total Cost": 14544.03, "Plan Rows": 1, "Plan Width": 8, "Plans": [{"Node Type": "Merge Join", "Parent Relationship": "Outer", "Parallel Aware": false, "Async Capable": false, "Join Type": "Inner", "Startup Cost": 1.01, "Total Cost": 14542.94, "Plan Rows": 435, "Plan Width": 0, "Inner Unique": false, "Merge Cond": "(u.id = c.userid)", "Plans": [{"Node Type": "Merge Join", "Parent Relationship": "Outer", "Parallel Aware": false, "Async Capable": false, "Join Type": "Inner", "Startup Cost": 0.71, "Total Cost": 5922.07, "Plan Rows": 3, "Plan Width": 8, "Inner Unique": true, "Merge Cond": "(ph.userid = u.id)", "Plans": [{"Node Type": "Index Only Scan", "Parent Relationship": "Outer", "Parallel Aware": true, "Async Capable": false, "Scan Direction": "Forward", "Index Name": "idx_posthistory_userid", "Relation Name": "posthistory", "Alias": "ph", "Startup Cost": 0.42, "Total Cost": 4157.26, "Plan Rows": 126328, "Plan Width": 4}, {"Node Type": "Index Scan", "Parent Relationship": "Inner", "Parallel Aware": false, "Async Capable": false, "Scan Direction": "Forward", "Index Name": "users_pkey", "Relation Name": "users", "Alias": "u", "Startup Cost": 0.29, "Total Cost": 1760.41, "Plan Rows": 1, "Plan Width": 4, "Filter": "((reputation >= 26867) AND (views <= 15810) AND (upvotes >= 1565) AND (creationdate >= '2011-01-09 21:47:19'::timestamp without time zone))"}]}, {"Node Type": "Index Scan", "Parent Relationship": "Inner", "Parallel Aware": false, "Async Capable": false, "Scan Direction": "Forward", "Index Name": "idx_comments_userid", "Relation Name": "comments", "Alias": "c", "Startup Cost": 0.29, "Total Cost": 8694.72, "Plan Rows": 28423, "Plan Width": 4, "Filter": "((creationdate >= '2014-04-05 23:06:34'::timestamp without time zone) AND (creationdate <= '2014-09-06 08:18:13'::timestamp without time zone))"}]}]}]}]}}, {"Plan": {"Node Type": "Aggregate", "Strategy": "Plain", "Partial Mode": "Finalize", "Parallel Aware": false, "Async Capable": false, "Startup Cost": 12460.66, "Total Cost": 12460.67, "Plan Rows": 1, "Plan Width": 8, "Plans": [{"Node Type": "Gather", "Parent Relationship": "Outer", "Parallel Aware": false, "Async Capable": false, "Startup Cost": 12460.55, "Total Cost": 12460.66, "Plan Rows": 1, "Plan Width": 8, "Workers Planned": 1, "Single Copy": false, "Plans": [{"Node Type": "Aggregate", "Strategy": "Plain", "Partial Mode": "Partial", "Parent Relationship": "Outer", "Parallel Aware": false, "Async Capable": false, "Startup Cost": 11460.55, "Total Cost": 11460.56, "Plan Rows": 1, "Plan Width": 8, "Plans": [{"Node Type": "Merge Join", "Parent Relationship": "Outer", "Parallel Aware": false, "Async Capable": false, "Join Type": "Inner", "Startup Cost": 5158.69, "Total Cost": 11459.01, "Plan Rows": 615, "Plan Width": 0, "Inner Unique": false, "Merge Cond": "(c.userid = u.id)", "Plans": [{"Node Type": "Sort", "Parent Relationship": "Outer", "Parallel Aware": false, "Async Capable": false, "Startup Cost": 4054.76, "Total Cost": 4096.55, "Plan Rows": 16719, "Plan Width": 4, "Sort Key": ["c.userid"], "Plans": [{"Node Type": "Seq Scan", "Parent Relationship": "Outer", "Parallel Aware": true, "Async Capable": false, "Relation Name": "comments", "Alias": "c", "Startup Cost": 0.0, "Total Cost": 2881.99, "Plan Rows": 16719, "Plan Width": 4, "Filter": "((creationdate >= '2014-04-05 23:06:34'::timestamp without time zone) AND (creationdate <= '2014-09-06 08:18:13'::timestamp without time zone))"}]}, {"Node Type": "Materialize", "Parent Relationship": "Inner", "Parallel Aware": false, "Async Capable": false, "Startup Cost": 1103.93, "Total Cost": 7321.99, "Plan Rows": 7, "Plan Width": 8, "Plans": [{"Node Type": "Merge Join", "Parent Relationship": "Outer", "Parallel Aware": false, "Async Capable": false, "Join Type": "Inner", "Startup Cost": 1103.93, "Total Cost": 7321.98, "Plan Rows": 7, "Plan Width": 8, "Inner Unique": true, "Merge Cond": "(ph.userid = u.id)", "Plans": [{"Node Type": "Index Only Scan", "Parent Relationship": "Outer", "Parallel Aware": false, "Async Capable": false, "Scan Direction": "Forward", "Index Name": "idx_posthistory_userid", "Relation Name": "posthistory", "Alias": "ph", "Startup Cost": 0.42, "Total Cost": 5925.85, "Plan Rows": 303187, "Plan Width": 4}, {"Node Type": "Sort", "Parent Relationship": "Inner", "Parallel Aware": false, "Async Capable": false, "Startup Cost": 1103.51, "Total Cost": 1103.52, "Plan Rows": 1, "Plan Width": 4, "Sort Key": ["u.id"], "Plans": [{"Node Type": "Seq Scan", "Parent Relationship": "Outer", "Parallel Aware": false, "Async Capable": false, "Relation Name": "users", "Alias": "u", "Startup Cost": 0.0, "Total Cost": 1103.5, "Plan Rows": 1, "Plan Width": 4, "Filter": "((reputation >= 26867) AND (views <= 15810) AND (upvotes >= 1565) AND (creationdate >= '2011-01-09 21:47:19'::timestamp without time zone))"}]}]}]}]}]}]}]}}, {"Plan": {"Node Type": "Aggregate", "Strategy": "Plain", "Partial Mode": "Finalize", "Parallel Aware": false, "Async Capable": false, "Startup Cost": 28714.75, "Total Cost": 28714.76, "Plan Rows": 1, "Plan Width": 8, "Plans": [{"Node Type": "Gather", "Parent Relationship": "Outer", "Parallel Aware": false, "Async Capable": false, "Startup Cost": 28714.64, "Total Cost": 28714.75, "Plan Rows": 1, "Plan Width": 8, "Workers Planned": 1, "Single Copy": false, "Plans": [{"Node Type": "Aggregate", "Strategy": "Plain", "Partial Mode": "Partial", "Parent Relationship": "Outer", "Parallel Aware": false, "Async Capable": false, "Startup Cost": 27714.64, "Total Cost": 27714.65, "Plan Rows": 1, "Plan Width": 8, "Plans": [{"Node Type": "Merge Join", "Parent Relationship": "Outer", "Parallel Aware": false, "Async Capable": false, "Join Type": "Inner", "Startup Cost": 26743.63, "Total Cost": 27713.1, "Plan Rows": 615, "Plan Width": 0, "Inner Unique": false, "Merge Cond": "(u.id = c.userid)", "Plans": [{"Node Type": "Merge Join", "Parent Relationship": "Outer", "Parallel Aware": false, "Async Capable": false, "Join Type": "Inner", "Startup Cost": 20682.49, "Total Cost": 21512.16, "Plan Rows": 4, "Plan Width": 8, "Inner Unique": true, "Merge Cond": "(ph.userid = u.id)", "Plans": [{"Node Type": "Sort", "Parent Relationship": "Outer", "Parallel Aware": false, "Async Capable": false, "Startup Cost": 19578.98, "Total Cost": 20024.84, "Plan Rows": 178345, "Plan Width": 4, "Sort Key": ["ph.userid"], "Plans": [{"Node Type": "Seq Scan", "Parent Relationship": "Outer", "Parallel Aware": true, "Async Capable": false, "Relation Name": "posthistory", "Alias": "ph", "Startup Cost": 0.0, "Total Cost": 4023.45, "Plan Rows": 178345, "Plan Width": 4}]}, {"Node Type": "Sort", "Parent Relationship": "Inner", "Parallel Aware": false, "Async Capable": false, "Startup Cost": 1103.51, "Total Cost": 1103.52, "Plan Rows": 1, "Plan Width": 4, "Sort Key": ["u.id"], "Plans": [{"Node Type": "Seq Scan", "Parent Relationship": "Outer", "Parallel Aware": false, "Async Capable": false, "Relation Name": "users", "Alias": "u", "Startup Cost": 0.0, "Total Cost": 1103.5, "Plan Rows": 1, "Plan Width": 4, "Filter": "((reputation >= 26867) AND (views <= 15810) AND (upvotes >= 1565) AND (creationdate >= '2011-01-09 21:47:19'::timestamp without time zone))"}]}]}, {"Node Type": "Sort", "Parent Relationship": "Inner", "Parallel Aware": false, "Async Capable": false, "Startup Cost": 6061.13, "Total Cost": 6132.19, "Plan Rows": 28423, "Plan Width": 4, "Sort Key": ["c.userid"], "Plans": [{"Node Type": "Seq Scan", "Parent Relationship": "Outer", "Parallel Aware": false, "Async Capable": false, "Relation Name": "comments", "Alias": "c", "Startup Cost": 0.0, "Total Cost": 3958.57, "Plan Rows": 28423, "Plan Width": 4, "Filter": "((creationdate >= '2014-04-05 23:06:34'::timestamp without time zone) AND (creationdate <= '2014-09-06 08:18:13'::timestamp without time zone))"}]}]}]}]}]}}, {"Plan": {"Node Type": "Aggregate", "Strategy": "Plain", "Partial Mode": "Finalize", "Parallel Aware": false, "Async Capable": false, "Startup Cost": 21886.28, "Total Cost": 21886.29, "Plan Rows": 1, "Plan Width": 8, "Plans": [{"Node Type": "Gather", "Parent Relationship": "Outer", "Parallel Aware": false, "Async Capable": false, "Startup Cost": 21886.17, "Total Cost": 21886.28, "Plan Rows": 1, "Plan Width": 8, "Workers Planned": 1, "Single Copy": false, "Plans": [{"Node Type": "Aggregate", "Strategy": "Plain", "Partial Mode": "Partial", "Parent Relationship": "Outer", "Parallel Aware": false, "Async Capable": false, "Startup Cost": 20886.17, "Total Cost": 20886.18, "Plan Rows": 1, "Plan Width": 8, "Plans": [{"Node Type": "Merge Join", "Parent Relationship": "Outer", "Parallel Aware": false, "Async Capable": false, "Join Type": "Inner", "Startup Cost": 1.01, "Total Cost": 20884.63, "Plan Rows": 615, "Plan Width": 0, "Inner Unique": false, "Merge Cond": "(u.id = c.userid)", "Plans": [{"Node Type": "Merge Join", "Parent Relationship": "Outer", "Parallel Aware": false, "Async Capable": false, "Join Type": "Inner", "Startup Cost": 0.71, "Total Cost": 12263.76, "Plan Rows": 4, "Plan Width": 8, "Inner Unique": true, "Merge Cond": "(ph.userid = u.id)", "Plans": [{"Node Type": "Index Scan", "Parent Relationship": "Outer", "Parallel Aware": true, "Async Capable": false, "Scan Direction": "Forward", "Index Name": "idx_posthistory_userid", "Relation Name": "posthistory", "Alias": "ph", "Startup Cost": 0.42, "Total Cost": 10843.61, "Plan Rows": 178345, "Plan Width": 4}, {"Node Type": "Index Scan", "Parent Relationship": "Inner", "Parallel Aware": false, "Async Capable": false, "Scan Direction": "Forward", "Index Name": "users_pkey", "Relation Name": "users", "Alias": "u", "Startup Cost": 0.29, "Total Cost": 1760.41, "Plan Rows": 1, "Plan Width": 4, "Filter": "((reputation >= 26867) AND (views <= 15810) AND (upvotes >= 1565) AND (creationdate >= '2011-01-09 21:47:19'::timestamp without time zone))"}]}, {"Node Type": "Index Scan", "Parent Relationship": "Inner", "Parallel Aware": false, "Async Capable": false, "Scan Direction": "Forward", "Index Name": "idx_comments_userid", "Relation Name": "comments", "Alias": "c", "Startup Cost": 0.29, "Total Cost": 8694.72, "Plan Rows": 28423, "Plan Width": 4, "Filter": "((creationdate >= '2014-04-05 23:06:34'::timestamp without time zone) AND (creationdate <= '2014-09-06 08:18:13'::timestamp without time zone))"}]}]}]}]}}, {"Plan": {"Node Type": "Aggregate", "Strategy": "Plain", "Partial Mode": "Finalize", "Parallel Aware": false, "Async Capable": false, "Startup Cost": 18197.42, "Total Cost": 18197.43, "Plan Rows": 1, "Plan Width": 8, "Plans": [{"Node Type": "Gather", "Parent Relationship": "Outer", "Parallel Aware": false, "Async Capable": false, "Startup Cost": 18197.3, "Total Cost": 18197.41, "Plan Rows": 1, "Plan Width": 8, "Workers Planned": 1, "Single Copy": false, "Plans": [{"Node Type": "Aggregate", "Strategy": "Plain", "Partial Mode": "Partial", "Parent Relationship": "Outer", "Parallel Aware": false, "Async Capable": false, "Startup Cost": 17197.3, "Total Cost": 17197.31, "Plan Rows": 1, "Plan Width": 8, "Plans": [{"Node Type": "Merge Join", "Parent Relationship": "Outer", "Parallel Aware": false, "Async Capable": false, "Join Type": "Inner", "Startup Cost": 5158.69, "Total Cost": 17195.77, "Plan Rows": 615, "Plan Width": 0, "Inner Unique": false, "Merge Cond": "(c.userid = u.id)", "Plans": [{"Node Type": "Sort", "Parent Relationship": "Outer", "Parallel Aware": false, "Async Capable": false, "Startup Cost": 4054.76, "Total Cost": 4096.55, "Plan Rows": 16719, "Plan Width": 4, "Sort Key": ["c.userid"], "Plans": [{"Node Type": "Seq Scan", "Parent Relationship": "Outer", "Parallel Aware": true, "Async Capable": false, "Relation Name": "comments", "Alias": "c", "Startup Cost": 0.0, "Total Cost": 2881.99, "Plan Rows": 16719, "Plan Width": 4, "Filter": "((creationdate >= '2014-04-05 23:06:34'::timestamp without time zone) AND (creationdate <= '2014-09-06 08:18:13'::timestamp without time zone))"}]}, {"Node Type": "Materialize", "Parent Relationship": "Inner", "Parallel Aware": false, "Async Capable": false, "Startup Cost": 1103.93, "Total Cost": 13058.75, "Plan Rows": 7, "Plan Width": 8, "Plans": [{"Node Type": "Merge Join", "Parent Relationship": "Outer", "Parallel Aware": false, "Async Capable": false, "Join Type": "Inner", "Startup Cost": 1103.93, "Total Cost": 13058.74, "Plan Rows": 7, "Plan Width": 8, "Inner Unique": true, "Merge Cond": "(ph.userid = u.id)", "Plans": [{"Node Type": "Index Scan", "Parent Relationship": "Outer", "Parallel Aware": false, "Async Capable": false, "Scan Direction": "Forward", "Index Name": "idx_posthistory_userid", "Relation Name": "posthistory", "Alias": "ph", "Startup Cost": 0.42, "Total Cost": 12092.03, "Plan Rows": 303187, "Plan Width": 4}, {"Node Type": "Sort", "Parent Relationship": "Inner", "Parallel Aware": false, "Async Capable": false, "Startup Cost": 1103.51, "Total Cost": 1103.52, "Plan Rows": 1, "Plan Width": 4, "Sort Key": ["u.id"], "Plans": [{"Node Type": "Seq Scan", "Parent Relationship": "Outer", "Parallel Aware": false, "Async Capable": false, "Relation Name": "users", "Alias": "u", "Startup Cost": 0.0, "Total Cost": 1103.5, "Plan Rows": 1, "Plan Width": 4, "Filter": "((reputation >= 26867) AND (views <= 15810) AND (upvotes >= 1565) AND (creationdate >= '2011-01-09 21:47:19'::timestamp without time zone))"}]}]}]}]}]}]}]}}]