[{"Plan": {"Node Type": "Aggregate", "Strategy": "Plain", "Partial Mode": "Simple", "Parallel Aware": false, "Async Capable": false, "Startup Cost": 2505.02, "Total Cost": 2505.03, "Plan Rows": 1, "Plan Width": 8, "Plans": [{"Node Type": "Nested Loop", "Parent Relationship": "Outer", "Parallel Aware": false, "Async Capable": false, "Join Type": "Inner", "Startup Cost": 2223.83, "Total Cost": 2504.85, "Plan Rows": 70, "Plan Width": 0, "Inner Unique": false, "Join Filter": "(b.userid = u.id)", "Plans": [{"Node Type": "Nested Loop", "Parent Relationship": "Outer", "Parallel Aware": false, "Async Capable": false, "Join Type": "Inner", "Startup Cost": 2223.53, "Total Cost": 2504.44, "Plan Rows": 1, "Plan Width": 8, "Inner Unique": true, "Plans": [{"Node Type": "Nested Loop", "Parent Relationship": "Outer", "Parallel Aware": false, "Async Capable": false, "Join Type": "Inner", "Startup Cost": 2223.24, "Total Cost": 2504.12, "Plan Rows": 1, "Plan Width": 4, "Inner Unique": false, "Join Filter": "(c.postid = p.id)", "Plans": [{"Node Type": "Nested Loop", "Parent Relationship": "Outer", "Parallel Aware": false, "Async Capable": false, "Join Type": "Inner", "Startup Cost": 2222.82, "Total Cost": 2503.6, "Plan Rows": 1, "Plan Width": 16, "Inner Unique": false, "Join Filter": "(p.id = ph.postid)", "Plans": [{"Node Type": "Nested Loop", "Parent Relationship": "Outer", "Parallel Aware": false, "Async Capable": false, "Join Type": "Inner", "Startup Cost": 2222.4, "Total Cost": 2502.85, "Plan Rows": 1, "Plan Width": 12, "Inner Unique": false, "Join Filter": "(p.id = v.postid)", "Plans": [{"Node Type": "Hash Join", "Parent Relationship": "Outer", "Parallel Aware": false, "Async Capable": false, "Join Type": "Inner", "Startup Cost": 2221.98, "Total Cost": 2469.49, "Plan Rows": 21, "Plan Width": 8, "Inner Unique": true, "Hash Cond": "(pl.relatedpostid = p.id)", "Plans": [{"Node Type": "Seq Scan", "Parent Relationship": "Outer", "Parallel Aware": false, "Async Capable": false, "Relation Name": "postlinks", "Alias": "pl", "Startup Cost": 0.0, "Total Cost": 220.78, "Plan Rows": 10186, "Plan Width": 4, "Filter": "(linktypeid = 1)"}, {"Node Type": "Hash", "Parent Relationship": "Inner", "Parallel Aware": false, "Async Capable": false, "Startup Cost": 2219.64, "Total Cost": 2219.64, "Plan Rows": 187, "Plan Width": 4, "Plans": [{"Node Type": "Seq Scan", "Parent Relationship": "Outer", "Parallel Aware": false, "Async Capable": false, "Relation Name": "posts", "Alias": "p", "Startup Cost": 0.0, "Total Cost": 2219.64, "Plan Rows": 187, "Plan Width": 4, "Filter": "((answercount <= 37) AND (favoritecount >= 11))"}]}]}, {"Node Type": "Index Scan", "Parent Relationship": "Inner", "Parallel Aware": false, "Async Capable": false, "Scan Direction": "Forward", "Index Name": "idx_votes_postid", "Relation Name": "votes", "Alias": "v", "Startup Cost": 0.42, "Total Cost": 1.58, "Plan Rows": 1, "Plan Width": 4, "Index Cond": "(postid = pl.relatedpostid)", "Filter": "((creationdate <= '2013-02-09 20:41:38'::timestamp without time zone) AND (votetypeid = 15))"}]}, {"Node Type": "Index Only Scan", "Parent Relationship": "Inner", "Parallel Aware": false, "Async Capable": false, "Scan Direction": "Forward", "Index Name": "idx_posthistory_postid", "Relation Name": "posthistory", "Alias": "ph", "Startup Cost": 0.42, "Total Cost": 0.7, "Plan Rows": 4, "Plan Width": 4, "Index Cond": "(postid = pl.relatedpostid)"}]}, {"Node Type": "Index Scan", "Parent Relationship": "Inner", "Parallel Aware": false, "Async Capable": false, "Scan Direction": "Forward", "Index Name": "idx_comments_postid", "Relation Name": "comments", "Alias": "c", "Startup Cost": 0.42, "Total Cost": 0.51, "Plan Rows": 1, "Plan Width": 8, "Index Cond": "(postid = ph.postid)", "Filter": "((creationdate >= '2012-05-06 16:24:17'::timestamp without time zone) AND (creationdate <= '2013-10-24 15:24:45'::timestamp without time zone))"}]}, {"Node Type": "Index Only Scan", "Parent Relationship": "Inner", "Parallel Aware": false, "Async Capable": false, "Scan Direction": "Forward", "Index Name": "users_pkey", "Relation Name": "users", "Alias": "u", "Startup Cost": 0.29, "Total Cost": 0.31, "Plan Rows": 1, "Plan Width": 4, "Index Cond": "(id = c.userid)"}]}, {"Node Type": "Index Scan", "Parent Relationship": "Inner", "Parallel Aware": false, "Async Capable": false, "Scan Direction": "Forward", "Index Name": "idx_badges_userid", "Relation Name": "badges", "Alias": "b", "Startup Cost": 0.29, "Total Cost": 0.38, "Plan Rows": 2, "Plan Width": 4, "Index Cond": "(userid = c.userid)", "Filter": "(date <= '2014-03-20 05:58:31'::timestamp without time zone)"}]}]}}, {"Plan": {"Node Type": "Aggregate", "Strategy": "Plain", "Partial Mode": "Simple", "Parallel Aware": false, "Async Capable": false, "Startup Cost": 70000005042.68, "Total Cost": 70000005042.69, "Plan Rows": 1, "Plan Width": 8, "Plans": [{"Node Type": "Nested Loop", "Parent Relationship": "Outer", "Parallel Aware": false, "Async Capable": false, "Join Type": "Inner", "Startup Cost": 70000000003.43, "Total Cost": 70000005042.51, "Plan Rows": 70, "Plan Width": 0, "Inner Unique": false, "Join Filter": "(p.id = ph.postid)", "Plans": [{"Node Type": "Nested Loop", "Parent Relationship": "Outer", "Parallel Aware": false, "Async Capable": false, "Join Type": "Inner", "Startup Cost": 60000000002.95, "Total Cost": 60000004721.74, "Plan Rows": 70, "Plan Width": 16, "Inner Unique": false, "Join Filter": "(b.userid = u.id)", "Plans": [{"Node Type": "Nested Loop", "Parent Relationship": "Outer", "Parallel Aware": false, "Async Capable": false, "Join Type": "Inner", "Startup Cost": 50000000002.62, "Total Cost": 50000004717.35, "Plan Rows": 1, "Plan Width": 24, "Inner Unique": true, "Plans": [{"Node Type": "Nested Loop", "Parent Relationship": "Outer", "Parallel Aware": false, "Async Capable": false, "Join Type": "Inner", "Startup Cost": 40000000002.32, "Total Cost": 40000004713.03, "Plan Rows": 1, "Plan Width": 20, "Inner Unique": false, "Join Filter": "(c.postid = p.id)", "Plans": [{"Node Type": "Nested Loop", "Parent Relationship": "Outer", "Parallel Aware": false, "Async Capable": false, "Join Type": "Inner", "Startup Cost": 30000000001.76, "Total Cost": 30000004708.41, "Plan Rows": 1, "Plan Width": 12, "Inner Unique": false, "Join Filter": "(p.id = v.postid)", "Plans": [{"Node Type": "Nested Loop", "Parent Relationship": "Outer", "Parallel Aware": false, "Async Capable": false, "Join Type": "Inner", "Startup Cost": 20000000001.11, "Total Cost": 20000004608.59, "Plan Rows": 21, "Plan Width": 8, "Inner Unique": false, "Plans": [{"Node Type": "Index Scan", "Parent Relationship": "Outer", "Parallel Aware": false, "Async Capable": false, "Scan Direction": "Forward", "Index Name": "posts_pkey", "Relation Name": "posts", "Alias": "p", "Startup Cost": 10000000000.29, "Total Cost": 10000003699.05, "Plan Rows": 187, "Plan Width": 4, "Filter": "((answercount <= 37) AND (favoritecount >= 11))"}, {"Node Type": "Bitmap Heap Scan", "Parent Relationship": "Inner", "Parallel Aware": false, "Async Capable": false, "Relation Name": "postlinks", "Alias": "pl", "Startup Cost": 0.81, "Total Cost": 4.84, "Plan Rows": 2, "Plan Width": 4, "Recheck Cond": "(p.id = relatedpostid)", "Filter": "(linktypeid = 1)", "Plans": [{"Node Type": "Bitmap Index Scan", "Parent Relationship": "Outer", "Parallel Aware": false, "Async Capable": false, "Index Name": "idx_postlinks_relatedpostid", "Startup Cost": 0.0, "Total Cost": 0.81, "Plan Rows": 2, "Plan Width": 0, "Index Cond": "(relatedpostid = p.id)"}]}]}, {"Node Type": "Bitmap Heap Scan", "Parent Relationship": "Inner", "Parallel Aware": false, "Async Capable": false, "Relation Name": "votes", "Alias": "v", "Startup Cost": 0.65, "Total Cost": 4.74, "Plan Rows": 1, "Plan Width": 4, "Recheck Cond": "(pl.relatedpostid = postid)", "Filter": "((creationdate <= '2013-02-09 20:41:38'::timestamp without time zone) AND (votetypeid = 15))", "Plans": [{"Node Type": "Bitmap Index Scan", "Parent Relationship": "Outer", "Parallel Aware": false, "Async Capable": false, "Index Name": "idx_votes_postid", "Startup Cost": 0.0, "Total Cost": 0.65, "Plan Rows": 5, "Plan Width": 0, "Index Cond": "(postid = pl.relatedpostid)"}]}]}, {"Node Type": "Bitmap Heap Scan", "Parent Relationship": "Inner", "Parallel Aware": false, "Async Capable": false, "Relation Name": "comments", "Alias": "c", "Startup Cost": 0.56, "Total Cost": 4.61, "Plan Rows": 1, "Plan Width": 8, "Recheck Cond": "(postid = pl.relatedpostid)", "Filter": "((creationdate >= '2012-05-06 16:24:17'::timestamp without time zone) AND (creationdate <= '2013-10-24 15:24:45'::timestamp without time zone))", "Plans": [{"Node Type": "Bitmap Index Scan", "Parent Relationship": "Outer", "Parallel Aware": false, "Async Capable": false, "Index Name": "idx_comments_postid", "Startup Cost": 0.0, "Total Cost": 0.56, "Plan Rows": 3, "Plan Width": 0, "Index Cond": "(postid = pl.relatedpostid)"}]}]}, {"Node Type": "Bitmap Heap Scan", "Parent Relationship": "Inner", "Parallel Aware": false, "Async Capable": false, "Relation Name": "users", "Alias": "u", "Startup Cost": 0.3, "Total Cost": 4.32, "Plan Rows": 1, "Plan Width": 4, "Recheck Cond": "(c.userid = id)", "Plans": [{"Node Type": "Bitmap Index Scan", "Parent Relationship": "Outer", "Parallel Aware": false, "Async Capable": false, "Index Name": "users_pkey", "Startup Cost": 0.0, "Total Cost": 0.3, "Plan Rows": 1, "Plan Width": 0, "Index Cond": "(id = c.userid)"}]}]}, {"Node Type": "Bitmap Heap Scan", "Parent Relationship": "Inner", "Parallel Aware": false, "Async Capable": false, "Relation Name": "badges", "Alias": "b", "Startup Cost": 0.32, "Total Cost": 4.37, "Plan Rows": 2, "Plan Width": 4, "Recheck Cond": "(c.userid = userid)", "Filter": "(date <= '2014-03-20 05:58:31'::timestamp without time zone)", "Plans": [{"Node Type": "Bitmap Index Scan", "Parent Relationship": "Outer", "Parallel Aware": false, "Async Capable": false, "Index Name": "idx_badges_userid", "Startup Cost": 0.0, "Total Cost": 0.32, "Plan Rows": 3, "Plan Width": 0, "Index Cond": "(userid = c.userid)"}]}]}, {"Node Type": "Bitmap Heap Scan", "Parent Relationship": "Inner", "Parallel Aware": false, "Async Capable": false, "Relation Name": "posthistory", "Alias": "ph", "Startup Cost": 0.48, "Total Cost": 4.53, "Plan Rows": 4, "Plan Width": 4, "Recheck Cond": "(c.postid = postid)", "Plans": [{"Node Type": "Bitmap Index Scan", "Parent Relationship": "Outer", "Parallel Aware": false, "Async Capable": false, "Index Name": "idx_posthistory_postid", "Startup Cost": 0.0, "Total Cost": 0.48, "Plan Rows": 4, "Plan Width": 0, "Index Cond": "(postid = c.postid)"}]}]}]}}, {"Plan": {"Node Type": "Aggregate", "Strategy": "Plain", "Partial Mode": "Simple", "Parallel Aware": false, "Async Capable": false, "Startup Cost": 31811.11, "Total Cost": 31811.12, "Plan Rows": 1, "Plan Width": 8, "Plans": [{"Node Type": "Hash Join", "Parent Relationship": "Outer", "Parallel Aware": false, "Async Capable": false, "Join Type": "Inner", "Startup Cost": 28512.81, "Total Cost": 31810.93, "Plan Rows": 70, "Plan Width": 0, "Inner Unique": false, "Hash Cond": "(b.userid = u.id)", "Plans": [{"Node Type": "Index Scan", "Parent Relationship": "Outer", "Parallel Aware": false, "Async Capable": false, "Scan Direction": "Forward", "Index Name": "idx_badges_userid", "Relation Name": "badges", "Alias": "b", "Startup Cost": 0.29, "Total Cost": 3064.97, "Plan Rows": 62246, "Plan Width": 4, "Filter": "(date <= '2014-03-20 05:58:31'::timestamp without time zone)"}, {"Node Type": "Hash", "Parent Relationship": "Inner", "Parallel Aware": false, "Async Capable": false, "Startup Cost": 28512.51, "Total Cost": 28512.51, "Plan Rows": 1, "Plan Width": 8, "Plans": [{"Node Type": "Gather", "Parent Relationship": "Outer", "Parallel Aware": false, "Async Capable": false, "Startup Cost": 27532.61, "Total Cost": 28512.51, "Plan Rows": 1, "Plan Width": 8, "Workers Planned": 1, "Single Copy": false, "Plans": [{"Node Type": "Hash Join", "Parent Relationship": "Outer", "Parallel Aware": true, "Async Capable": false, "Join Type": "Inner", "Startup Cost": 26532.61, "Total Cost": 27512.41, "Plan Rows": 1, "Plan Width": 8, "Inner Unique": false, "Hash Cond": "(u.id = c.userid)", "Plans": [{"Node Type": "Index Only Scan", "Parent Relationship": "Outer", "Parallel Aware": true, "Async Capable": false, "Scan Direction": "Forward", "Index Name": "users_pkey", "Relation Name": "users", "Alias": "u", "Startup Cost": 0.29, "Total Cost": 891.12, "Plan Rows": 23721, "Plan Width": 4}, {"Node Type": "Hash", "Parent Relationship": "Inner", "Parallel Aware": true, "Async Capable": false, "Startup Cost": 26532.31, "Total Cost": 26532.31, "Plan Rows": 1, "Plan Width": 4, "Plans": [{"Node Type": "Hash Join", "Parent Relationship": "Outer", "Parallel Aware": false, "Async Capable": false, "Join Type": "Inner", "Startup Cost": 21160.8, "Total Cost": 26532.31, "Plan Rows": 1, "Plan Width": 4, "Inner Unique": false, "Hash Cond": "(p.id = pl.relatedpostid)", "Plans": [{"Node Type": "Hash Join", "Parent Relationship": "Outer", "Parallel Aware": true, "Async Capable": false, "Join Type": "Inner", "Startup Cost": 20474.76, "Total Cost": 25845.89, "Plan Rows": 3, "Plan Width": 20, "Inner Unique": false, "Hash Cond": "(c.postid = p.id)", "Plans": [{"Node Type": "Index Scan", "Parent Relationship": "Outer", "Parallel Aware": true, "Async Capable": false, "Scan Direction": "Forward", "Index Name": "idx_comments_postid", "Relation Name": "comments", "Alias": "c", "Startup Cost": 0.42, "Total Cost": 5216.17, "Plan Rows": 41429, "Plan Width": 8, "Filter": "((creationdate >= '2012-05-06 16:24:17'::timestamp without time zone) AND (creationdate <= '2013-10-24 15:24:45'::timestamp without time zone))"}, {"Node Type": "Hash", "Parent Relationship": "Inner", "Parallel Aware": true, "Async Capable": false, "Startup Cost": 20474.29, "Total Cost": 20474.29, "Plan Rows": 4, "Plan Width": 12, "Plans": [{"Node Type": "Hash Join", "Parent Relationship": "Outer", "Parallel Aware": true, "Async Capable": false, "Join Type": "Inner", "Startup Cost": 8884.03, "Total Cost": 20474.29, "Plan Rows": 4, "Plan Width": 12, "Inner Unique": false, "Hash Cond": "(v.postid = p.id)", "Plans": [{"Node Type": "Index Scan", "Parent Relationship": "Outer", "Parallel Aware": true, "Async Capable": false, "Scan Direction": "Forward", "Index Name": "idx_votes_postid", "Relation Name": "votes", "Alias": "v", "Startup Cost": 0.42, "Total Cost": 11588.3, "Plan Rows": 629, "Plan Width": 4, "Filter": "((creationdate <= '2013-02-09 20:41:38'::timestamp without time zone) AND (votetypeid = 15))"}, {"Node Type": "Hash", "Parent Relationship": "Inner", "Parallel Aware": true, "Async Capable": false, "Startup Cost": 8880.39, "Total Cost": 8880.39, "Plan Rows": 257, "Plan Width": 8, "Plans": [{"Node Type": "Hash Join", "Parent Relationship": "Outer", "Parallel Aware": false, "Async Capable": false, "Join Type": "Inner", "Startup Cost": 3701.81, "Total Cost": 8880.39, "Plan Rows": 257, "Plan Width": 8, "Inner Unique": true, "Hash Cond": "(ph.postid = p.id)", "Plans": [{"Node Type": "Index Only Scan", "Parent Relationship": "Outer", "Parallel Aware": true, "Async Capable": false, "Scan Direction": "Forward", "Index Name": "idx_posthistory_postid", "Relation Name": "posthistory", "Alias": "ph", "Startup Cost": 0.42, "Total Cost": 4847.39, "Plan Rows": 126328, "Plan Width": 4}, {"Node Type": "Hash", "Parent Relationship": "Inner", "Parallel Aware": false, "Async Capable": false, "Startup Cost": 3699.05, "Total Cost": 3699.05, "Plan Rows": 187, "Plan Width": 4, "Plans": [{"Node Type": "Index Scan", "Parent Relationship": "Outer", "Parallel Aware": false, "Async Capable": false, "Scan Direction": "Forward", "Index Name": "posts_pkey", "Relation Name": "posts", "Alias": "p", "Startup Cost": 0.29, "Total Cost": 3699.05, "Plan Rows": 187, "Plan Width": 4, "Filter": "((answercount <= 37) AND (favoritecount >= 11))"}]}]}]}]}]}]}, {"Node Type": "Hash", "Parent Relationship": "Inner", "Parallel Aware": false, "Async Capable": false, "Startup Cost": 558.72, "Total Cost": 558.72, "Plan Rows": 10186, "Plan Width": 4, "Plans": [{"Node Type": "Index Scan", "Parent Relationship": "Outer", "Parallel Aware": false, "Async Capable": false, "Scan Direction": "Forward", "Index Name": "idx_postlinks_relatedpostid", "Relation Name": "postlinks", "Alias": "pl", "Startup Cost": 0.29, "Total Cost": 558.72, "Plan Rows": 10186, "Plan Width": 4, "Filter": "(linktypeid = 1)"}]}]}]}]}]}]}]}]}}, {"Plan": {"Node Type": "Aggregate", "Strategy": "Plain", "Partial Mode": "Finalize", "Parallel Aware": false, "Async Capable": false, "Startup Cost": 31617.34, "Total Cost": 31617.35, "Plan Rows": 1, "Plan Width": 8, "Plans": [{"Node Type": "Gather", "Parent Relationship": "Outer", "Parallel Aware": false, "Async Capable": false, "Startup Cost": 31617.22, "Total Cost": 31617.33, "Plan Rows": 1, "Plan Width": 8, "Workers Planned": 1, "Single Copy": false, "Plans": [{"Node Type": "Aggregate", "Strategy": "Plain", "Partial Mode": "Partial", "Parent Relationship": "Outer", "Parallel Aware": false, "Async Capable": false, "Startup Cost": 30617.22, "Total Cost": 30617.23, "Plan Rows": 1, "Plan Width": 8, "Plans": [{"Node Type": "Hash Join", "Parent Relationship": "Outer", "Parallel Aware": true, "Async Capable": false, "Join Type": "Inner", "Startup Cost": 29637.1, "Total Cost": 30617.12, "Plan Rows": 41, "Plan Width": 0, "Inner Unique": false, "Hash Cond": "(u.id = b.userid)", "Plans": [{"Node Type": "Index Only Scan", "Parent Relationship": "Outer", "Parallel Aware": true, "Async Capable": false, "Scan Direction": "Forward", "Index Name": "users_pkey", "Relation Name": "users", "Alias": "u", "Startup Cost": 0.29, "Total Cost": 891.12, "Plan Rows": 23721, "Plan Width": 4}, {"Node Type": "Hash", "Parent Relationship": "Inner", "Parallel Aware": true, "Async Capable": false, "Startup Cost": 29636.29, "Total Cost": 29636.29, "Plan Rows": 41, "Plan Width": 8, "Plans": [{"Node Type": "Merge Join", "Parent Relationship": "Outer", "Parallel Aware": false, "Async Capable": false, "Join Type": "Inner", "Startup Cost": 26415.4, "Total Cost": 29636.29, "Plan Rows": 41, "Plan Width": 8, "Inner Unique": false, "Merge Cond": "(c.userid = b.userid)", "Plans": [{"Node Type": "Sort", "Parent Relationship": "Outer", "Parallel Aware": false, "Async Capable": false, "Startup Cost": 26415.0, "Total Cost": 26415.01, "Plan Rows": 1, "Plan Width": 4, "Sort Key": ["c.userid"], "Plans": [{"Node Type": "Hash Join", "Parent Relationship": "Outer", "Parallel Aware": true, "Async Capable": false, "Join Type": "Inner", "Startup Cost": 21043.87, "Total Cost": 26414.99, "Plan Rows": 1, "Plan Width": 4, "Inner Unique": false, "Hash Cond": "(c.postid = p.id)", "Plans": [{"Node Type": "Index Scan", "Parent Relationship": "Outer", "Parallel Aware": true, "Async Capable": false, "Scan Direction": "Forward", "Index Name": "idx_comments_postid", "Relation Name": "comments", "Alias": "c", "Startup Cost": 0.42, "Total Cost": 5216.17, "Plan Rows": 41429, "Plan Width": 8, "Filter": "((creationdate >= '2012-05-06 16:24:17'::timestamp without time zone) AND (creationdate <= '2013-10-24 15:24:45'::timestamp without time zone))"}, {"Node Type": "Hash", "Parent Relationship": "Inner", "Parallel Aware": true, "Async Capable": false, "Startup Cost": 21043.44, "Total Cost": 21043.44, "Plan Rows": 1, "Plan Width": 16, "Plans": [{"Node Type": "Merge Join", "Parent Relationship": "Outer", "Parallel Aware": false, "Async Capable": false, "Join Type": "Inner", "Startup Cost": 20459.51, "Total Cost": 21043.44, "Plan Rows": 1, "Plan Width": 16, "Inner Unique": false, "Merge Cond": "(p.id = pl.relatedpostid)", "Plans": [{"Node Type": "Sort", "Parent Relationship": "Outer", "Parallel Aware": false, "Async Capable": false, "Startup Cost": 20459.23, "Total Cost": 20459.24, "Plan Rows": 4, "Plan Width": 12, "Sort Key": ["p.id"], "Plans": [{"Node Type": "Hash Join", "Parent Relationship": "Outer", "Parallel Aware": true, "Async Capable": false, "Join Type": "Inner", "Startup Cost": 8868.93, "Total Cost": 20459.19, "Plan Rows": 4, "Plan Width": 12, "Inner Unique": false, "Hash Cond": "(v.postid = p.id)", "Plans": [{"Node Type": "Index Scan", "Parent Relationship": "Outer", "Parallel Aware": true, "Async Capable": false, "Scan Direction": "Forward", "Index Name": "idx_votes_postid", "Relation Name": "votes", "Alias": "v", "Startup Cost": 0.42, "Total Cost": 11588.3, "Plan Rows": 629, "Plan Width": 4, "Filter": "((creationdate <= '2013-02-09 20:41:38'::timestamp without time zone) AND (votetypeid = 15))"}, {"Node Type": "Hash", "Parent Relationship": "Inner", "Parallel Aware": true, "Async Capable": false, "Startup Cost": 8865.29, "Total Cost": 8865.29, "Plan Rows": 257, "Plan Width": 8, "Plans": [{"Node Type": "Merge Join", "Parent Relationship": "Outer", "Parallel Aware": false, "Async Capable": false, "Join Type": "Inner", "Startup Cost": 0.71, "Total Cost": 8865.29, "Plan Rows": 257, "Plan Width": 8, "Inner Unique": true, "Merge Cond": "(ph.postid = p.id)", "Plans": [{"Node Type": "Index Only Scan", "Parent Relationship": "Outer", "Parallel Aware": true, "Async Capable": false, "Scan Direction": "Forward", "Index Name": "idx_posthistory_postid", "Relation Name": "posthistory", "Alias": "ph", "Startup Cost": 0.42, "Total Cost": 4847.39, "Plan Rows": 126328, "Plan Width": 4}, {"Node Type": "Index Scan", "Parent Relationship": "Inner", "Parallel Aware": false, "Async Capable": false, "Scan Direction": "Forward", "Index Name": "posts_pkey", "Relation Name": "posts", "Alias": "p", "Startup Cost": 0.29, "Total Cost": 3699.05, "Plan Rows": 187, "Plan Width": 4, "Filter": "((answercount <= 37) AND (favoritecount >= 11))"}]}]}]}]}, {"Node Type": "Index Scan", "Parent Relationship": "Inner", "Parallel Aware": false, "Async Capable": false, "Scan Direction": "Forward", "Index Name": "idx_postlinks_relatedpostid", "Relation Name": "postlinks", "Alias": "pl", "Startup Cost": 0.29, "Total Cost": 558.72, "Plan Rows": 10186, "Plan Width": 4, "Filter": "(linktypeid = 1)"}]}]}]}]}, {"Node Type": "Index Scan", "Parent Relationship": "Inner", "Parallel Aware": false, "Async Capable": false, "Scan Direction": "Forward", "Index Name": "idx_badges_userid", "Relation Name": "badges", "Alias": "b", "Startup Cost": 0.29, "Total Cost": 3064.97, "Plan Rows": 62246, "Plan Width": 4, "Filter": "(date <= '2014-03-20 05:58:31'::timestamp without time zone)"}]}]}]}]}]}]}}, {"Plan": {"Node Type": "Aggregate", "Strategy": "Plain", "Partial Mode": "Simple", "Parallel Aware": false, "Async Capable": false, "Startup Cost": 4223.1, "Total Cost": 4223.11, "Plan Rows": 1, "Plan Width": 8, "Plans": [{"Node Type": "Nested Loop", "Parent Relationship": "Outer", "Parallel Aware": false, "Async Capable": false, "Join Type": "Inner", "Startup Cost": 2.42, "Total Cost": 4222.92, "Plan Rows": 70, "Plan Width": 0, "Inner Unique": false, "Join Filter": "(b.userid = u.id)", "Plans": [{"Node Type": "Nested Loop", "Parent Relationship": "Outer", "Parallel Aware": false, "Async Capable": false, "Join Type": "Inner", "Startup Cost": 2.13, "Total Cost": 4222.51, "Plan Rows": 1, "Plan Width": 8, "Inner Unique": true, "Plans": [{"Node Type": "Nested Loop", "Parent Relationship": "Outer", "Parallel Aware": false, "Async Capable": false, "Join Type": "Inner", "Startup Cost": 1.84, "Total Cost": 4222.2, "Plan Rows": 1, "Plan Width": 4, "Inner Unique": false, "Join Filter": "(c.postid = p.id)", "Plans": [{"Node Type": "Nested Loop", "Parent Relationship": "Outer", "Parallel Aware": false, "Async Capable": false, "Join Type": "Inner", "Startup Cost": 1.42, "Total Cost": 4221.67, "Plan Rows": 1, "Plan Width": 16, "Inner Unique": false, "Join Filter": "(p.id = ph.postid)", "Plans": [{"Node Type": "Nested Loop", "Parent Relationship": "Outer", "Parallel Aware": false, "Async Capable": false, "Join Type": "Inner", "Startup Cost": 1.0, "Total Cost": 4220.92, "Plan Rows": 1, "Plan Width": 12, "Inner Unique": false, "Join Filter": "(p.id = v.postid)", "Plans": [{"Node Type": "Nested Loop", "Parent Relationship": "Outer", "Parallel Aware": false, "Async Capable": false, "Join Type": "Inner", "Startup Cost": 0.58, "Total Cost": 4187.56, "Plan Rows": 21, "Plan Width": 8, "Inner Unique": false, "Plans": [{"Node Type": "Index Scan", "Parent Relationship": "Outer", "Parallel Aware": false, "Async Capable": false, "Scan Direction": "Forward", "Index Name": "posts_pkey", "Relation Name": "posts", "Alias": "p", "Startup Cost": 0.29, "Total Cost": 3699.05, "Plan Rows": 187, "Plan Width": 4, "Filter": "((answercount <= 37) AND (favoritecount >= 11))"}, {"Node Type": "Index Scan", "Parent Relationship": "Inner", "Parallel Aware": false, "Async Capable": false, "Scan Direction": "Forward", "Index Name": "idx_postlinks_relatedpostid", "Relation Name": "postlinks", "Alias": "pl", "Startup Cost": 0.29, "Total Cost": 2.59, "Plan Rows": 2, "Plan Width": 4, "Index Cond": "(relatedpostid = p.id)", "Filter": "(linktypeid = 1)"}]}, {"Node Type": "Index Scan", "Parent Relationship": "Inner", "Parallel Aware": false, "Async Capable": false, "Scan Direction": "Forward", "Index Name": "idx_votes_postid", "Relation Name": "votes", "Alias": "v", "Startup Cost": 0.42, "Total Cost": 1.58, "Plan Rows": 1, "Plan Width": 4, "Index Cond": "(postid = pl.relatedpostid)", "Filter": "((creationdate <= '2013-02-09 20:41:38'::timestamp without time zone) AND (votetypeid = 15))"}]}, {"Node Type": "Index Only Scan", "Parent Relationship": "Inner", "Parallel Aware": false, "Async Capable": false, "Scan Direction": "Forward", "Index Name": "idx_posthistory_postid", "Relation Name": "posthistory", "Alias": "ph", "Startup Cost": 0.42, "Total Cost": 0.7, "Plan Rows": 4, "Plan Width": 4, "Index Cond": "(postid = pl.relatedpostid)"}]}, {"Node Type": "Index Scan", "Parent Relationship": "Inner", "Parallel Aware": false, "Async Capable": false, "Scan Direction": "Forward", "Index Name": "idx_comments_postid", "Relation Name": "comments", "Alias": "c", "Startup Cost": 0.42, "Total Cost": 0.51, "Plan Rows": 1, "Plan Width": 8, "Index Cond": "(postid = ph.postid)", "Filter": "((creationdate >= '2012-05-06 16:24:17'::timestamp without time zone) AND (creationdate <= '2013-10-24 15:24:45'::timestamp without time zone))"}]}, {"Node Type": "Index Only Scan", "Parent Relationship": "Inner", "Parallel Aware": false, "Async Capable": false, "Scan Direction": "Forward", "Index Name": "users_pkey", "Relation Name": "users", "Alias": "u", "Startup Cost": 0.29, "Total Cost": 0.31, "Plan Rows": 1, "Plan Width": 4, "Index Cond": "(id = c.userid)"}]}, {"Node Type": "Index Scan", "Parent Relationship": "Inner", "Parallel Aware": false, "Async Capable": false, "Scan Direction": "Forward", "Index Name": "idx_badges_userid", "Relation Name": "badges", "Alias": "b", "Startup Cost": 0.29, "Total Cost": 0.38, "Plan Rows": 2, "Plan Width": 4, "Index Cond": "(userid = c.userid)", "Filter": "(date <= '2014-03-20 05:58:31'::timestamp without time zone)"}]}]}}, {"Plan": {"Node Type": "Aggregate", "Strategy": "Plain", "Partial Mode": "Simple", "Parallel Aware": false, "Async Capable": false, "Startup Cost": 18677.23, "Total Cost": 18677.24, "Plan Rows": 1, "Plan Width": 8, "Plans": [{"Node Type": "Hash Join", "Parent Relationship": "Outer", "Parallel Aware": false, "Async Capable": false, "Join Type": "Inner", "Startup Cost": 17013.48, "Total Cost": 18677.06, "Plan Rows": 70, "Plan Width": 0, "Inner Unique": false, "Hash Cond": "(b.userid = u.id)", "Plans": [{"Node Type": "Seq Scan", "Parent Relationship": "Outer", "Parallel Aware": false, "Async Capable": false, "Relation Name": "badges", "Alias": "b", "Startup Cost": 0.0, "Total Cost": 1430.14, "Plan Rows": 62246, "Plan Width": 4, "Filter": "(date <= '2014-03-20 05:58:31'::timestamp without time zone)"}, {"Node Type": "Hash", "Parent Relationship": "Inner", "Parallel Aware": false, "Async Capable": false, "Startup Cost": 17013.46, "Total Cost": 17013.46, "Plan Rows": 1, "Plan Width": 8, "Plans": [{"Node Type": "Hash Join", "Parent Relationship": "Outer", "Parallel Aware": false, "Async Capable": false, "Join Type": "Inner", "Startup Cost": 16161.98, "Total Cost": 17013.46, "Plan Rows": 1, "Plan Width": 8, "Inner Unique": false, "Hash Cond": "(u.id = c.userid)", "Plans": [{"Node Type": "Seq Scan", "Parent Relationship": "Outer", "Parallel Aware": false, "Async Capable": false, "Relation Name": "users", "Alias": "u", "Startup Cost": 0.0, "Total Cost": 700.25, "Plan Rows": 40325, "Plan Width": 4}, {"Node Type": "Hash", "Parent Relationship": "Inner", "Parallel Aware": false, "Async Capable": false, "Startup Cost": 16161.97, "Total Cost": 16161.97, "Plan Rows": 1, "Plan Width": 4, "Plans": [{"Node Type": "Gather", "Parent Relationship": "Outer", "Parallel Aware": false, "Async Capable": false, "Startup Cost": 13124.13, "Total Cost": 16161.97, "Plan Rows": 1, "Plan Width": 4, "Workers Planned": 1, "Single Copy": false, "Plans": [{"Node Type": "Hash Join", "Parent Relationship": "Outer", "Parallel Aware": false, "Async Capable": false, "Join Type": "Inner", "Startup Cost": 12124.13, "Total Cost": 15161.87, "Plan Rows": 1, "Plan Width": 4, "Inner Unique": false, "Hash Cond": "(p.id = pl.relatedpostid)", "Plans": [{"Node Type": "Hash Join", "Parent Relationship": "Outer", "Parallel Aware": true, "Async Capable": false, "Join Type": "Inner", "Startup Cost": 11776.03, "Total Cost": 14813.39, "Plan Rows": 3, "Plan Width": 20, "Inner Unique": false, "Hash Cond": "(c.postid = p.id)", "Plans": [{"Node Type": "Seq Scan", "Parent Relationship": "Outer", "Parallel Aware": true, "Async Capable": false, "Relation Name": "comments", "Alias": "c", "Startup Cost": 0.0, "Total Cost": 2881.99, "Plan Rows": 41429, "Plan Width": 8, "Filter": "((creationdate >= '2012-05-06 16:24:17'::timestamp without time zone) AND (creationdate <= '2013-10-24 15:24:45'::timestamp without time zone))"}, {"Node Type": "Hash", "Parent Relationship": "Inner", "Parallel Aware": true, "Async Capable": false, "Startup Cost": 11775.98, "Total Cost": 11775.98, "Plan Rows": 4, "Plan Width": 12, "Plans": [{"Node Type": "Hash Join", "Parent Relationship": "Outer", "Parallel Aware": true, "Async Capable": false, "Join Type": "Inner", "Startup Cost": 6718.13, "Total Cost": 11775.98, "Plan Rows": 4, "Plan Width": 12, "Inner Unique": false, "Hash Cond": "(v.postid = p.id)", "Plans": [{"Node Type": "Seq Scan", "Parent Relationship": "Outer", "Parallel Aware": true, "Async Capable": false, "Relation Name": "votes", "Alias": "v", "Startup Cost": 0.0, "Total Cost": 5054.68, "Plan Rows": 629, "Plan Width": 4, "Filter": "((creationdate <= '2013-02-09 20:41:38'::timestamp without time zone) AND (votetypeid = 15))"}, {"Node Type": "Hash", "Parent Relationship": "Inner", "Parallel Aware": true, "Async Capable": false, "Startup Cost": 6713.61, "Total Cost": 6713.61, "Plan Rows": 362, "Plan Width": 8, "Plans": [{"Node Type": "Hash Join", "Parent Relationship": "Outer", "Parallel Aware": false, "Async Capable": false, "Join Type": "Inner", "Startup Cost": 2221.98, "Total Cost": 6713.61, "Plan Rows": 362, "Plan Width": 8, "Inner Unique": true, "Hash Cond": "(ph.postid = p.id)", "Plans": [{"Node Type": "Seq Scan", "Parent Relationship": "Outer", "Parallel Aware": true, "Async Capable": false, "Relation Name": "posthistory", "Alias": "ph", "Startup Cost": 0.0, "Total Cost": 4023.45, "Plan Rows": 178345, "Plan Width": 4}, {"Node Type": "Hash", "Parent Relationship": "Inner", "Parallel Aware": false, "Async Capable": false, "Startup Cost": 2219.64, "Total Cost": 2219.64, "Plan Rows": 187, "Plan Width": 4, "Plans": [{"Node Type": "Seq Scan", "Parent Relationship": "Outer", "Parallel Aware": false, "Async Capable": false, "Relation Name": "posts", "Alias": "p", "Startup Cost": 0.0, "Total Cost": 2219.64, "Plan Rows": 187, "Plan Width": 4, "Filter": "((answercount <= 37) AND (favoritecount >= 11))"}]}]}]}]}]}]}, {"Node Type": "Hash", "Parent Relationship": "Inner", "Parallel Aware": false, "Async Capable": false, "Startup Cost": 220.78, "Total Cost": 220.78, "Plan Rows": 10186, "Plan Width": 4, "Plans": [{"Node Type": "Seq Scan", "Parent Relationship": "Outer", "Parallel Aware": false, "Async Capable": false, "Relation Name": "postlinks", "Alias": "pl", "Startup Cost": 0.0, "Total Cost": 220.78, "Plan Rows": 10186, "Plan Width": 4, "Filter": "(linktypeid = 1)"}]}]}]}]}]}]}]}]}}, {"Plan": {"Node Type": "Aggregate", "Strategy": "Plain", "Partial Mode": "Simple", "Parallel Aware": false, "Async Capable": false, "Startup Cost": 70000004718.0, "Total Cost": 70000004718.01, "Plan Rows": 1, "Plan Width": 8, "Plans": [{"Node Type": "Nested Loop", "Parent Relationship": "Outer", "Parallel Aware": false, "Async Capable": false, "Join Type": "Inner", "Startup Cost": 70000000002.9, "Total Cost": 70000004717.82, "Plan Rows": 70, "Plan Width": 0, "Inner Unique": false, "Join Filter": "(p.id = ph.postid)", "Plans": [{"Node Type": "Nested Loop", "Parent Relationship": "Outer", "Parallel Aware": false, "Async Capable": false, "Join Type": "Inner", "Startup Cost": 60000000002.42, "Total Cost": 60000004397.06, "Plan Rows": 70, "Plan Width": 16, "Inner Unique": false, "Join Filter": "(b.userid = u.id)", "Plans": [{"Node Type": "Nested Loop", "Parent Relationship": "Outer", "Parallel Aware": false, "Async Capable": false, "Join Type": "Inner", "Startup Cost": 50000000002.09, "Total Cost": 50000004392.66, "Plan Rows": 1, "Plan Width": 24, "Inner Unique": true, "Plans": [{"Node Type": "Nested Loop", "Parent Relationship": "Outer", "Parallel Aware": false, "Async Capable": false, "Join Type": "Inner", "Startup Cost": 40000000001.79, "Total Cost": 40000004388.35, "Plan Rows": 1, "Plan Width": 20, "Inner Unique": false, "Join Filter": "(c.postid = p.id)", "Plans": [{"Node Type": "Nested Loop", "Parent Relationship": "Outer", "Parallel Aware": false, "Async Capable": false, "Join Type": "Inner", "Startup Cost": 30000000001.23, "Total Cost": 30000004383.72, "Plan Rows": 1, "Plan Width": 12, "Inner Unique": false, "Join Filter": "(p.id = v.postid)", "Plans": [{"Node Type": "Merge Join", "Parent Relationship": "Outer", "Parallel Aware": false, "Async Capable": false, "Join Type": "Inner", "Startup Cost": 20000000000.58, "Total Cost": 20000004283.91, "Plan Rows": 21, "Plan Width": 8, "Inner Unique": false, "Merge Cond": "(p.id = pl.relatedpostid)", "Plans": [{"Node Type": "Index Scan", "Parent Relationship": "Outer", "Parallel Aware": false, "Async Capable": false, "Scan Direction": "Forward", "Index Name": "posts_pkey", "Relation Name": "posts", "Alias": "p", "Startup Cost": 10000000000.29, "Total Cost": 10000003699.05, "Plan Rows": 187, "Plan Width": 4, "Filter": "((answercount <= 37) AND (favoritecount >= 11))"}, {"Node Type": "Index Scan", "Parent Relationship": "Inner", "Parallel Aware": false, "Async Capable": false, "Scan Direction": "Forward", "Index Name": "idx_postlinks_relatedpostid", "Relation Name": "postlinks", "Alias": "pl", "Startup Cost": 10000000000.28, "Total Cost": 10000000558.72, "Plan Rows": 10186, "Plan Width": 4, "Filter": "(linktypeid = 1)"}]}, {"Node Type": "Bitmap Heap Scan", "Parent Relationship": "Inner", "Parallel Aware": false, "Async Capable": false, "Relation Name": "votes", "Alias": "v", "Startup Cost": 0.65, "Total Cost": 4.74, "Plan Rows": 1, "Plan Width": 4, "Recheck Cond": "(pl.relatedpostid = postid)", "Filter": "((creationdate <= '2013-02-09 20:41:38'::timestamp without time zone) AND (votetypeid = 15))", "Plans": [{"Node Type": "Bitmap Index Scan", "Parent Relationship": "Outer", "Parallel Aware": false, "Async Capable": false, "Index Name": "idx_votes_postid", "Startup Cost": 0.0, "Total Cost": 0.65, "Plan Rows": 5, "Plan Width": 0, "Index Cond": "(postid = pl.relatedpostid)"}]}]}, {"Node Type": "Bitmap Heap Scan", "Parent Relationship": "Inner", "Parallel Aware": false, "Async Capable": false, "Relation Name": "comments", "Alias": "c", "Startup Cost": 0.56, "Total Cost": 4.61, "Plan Rows": 1, "Plan Width": 8, "Recheck Cond": "(postid = pl.relatedpostid)", "Filter": "((creationdate >= '2012-05-06 16:24:17'::timestamp without time zone) AND (creationdate <= '2013-10-24 15:24:45'::timestamp without time zone))", "Plans": [{"Node Type": "Bitmap Index Scan", "Parent Relationship": "Outer", "Parallel Aware": false, "Async Capable": false, "Index Name": "idx_comments_postid", "Startup Cost": 0.0, "Total Cost": 0.56, "Plan Rows": 3, "Plan Width": 0, "Index Cond": "(postid = pl.relatedpostid)"}]}]}, {"Node Type": "Bitmap Heap Scan", "Parent Relationship": "Inner", "Parallel Aware": false, "Async Capable": false, "Relation Name": "users", "Alias": "u", "Startup Cost": 0.3, "Total Cost": 4.32, "Plan Rows": 1, "Plan Width": 4, "Recheck Cond": "(c.userid = id)", "Plans": [{"Node Type": "Bitmap Index Scan", "Parent Relationship": "Outer", "Parallel Aware": false, "Async Capable": false, "Index Name": "users_pkey", "Startup Cost": 0.0, "Total Cost": 0.3, "Plan Rows": 1, "Plan Width": 0, "Index Cond": "(id = c.userid)"}]}]}, {"Node Type": "Bitmap Heap Scan", "Parent Relationship": "Inner", "Parallel Aware": false, "Async Capable": false, "Relation Name": "badges", "Alias": "b", "Startup Cost": 0.32, "Total Cost": 4.37, "Plan Rows": 2, "Plan Width": 4, "Recheck Cond": "(c.userid = userid)", "Filter": "(date <= '2014-03-20 05:58:31'::timestamp without time zone)", "Plans": [{"Node Type": "Bitmap Index Scan", "Parent Relationship": "Outer", "Parallel Aware": false, "Async Capable": false, "Index Name": "idx_badges_userid", "Startup Cost": 0.0, "Total Cost": 0.32, "Plan Rows": 3, "Plan Width": 0, "Index Cond": "(userid = c.userid)"}]}]}, {"Node Type": "Bitmap Heap Scan", "Parent Relationship": "Inner", "Parallel Aware": false, "Async Capable": false, "Relation Name": "posthistory", "Alias": "ph", "Startup Cost": 0.48, "Total Cost": 4.53, "Plan Rows": 4, "Plan Width": 4, "Recheck Cond": "(c.postid = postid)", "Plans": [{"Node Type": "Bitmap Index Scan", "Parent Relationship": "Outer", "Parallel Aware": false, "Async Capable": false, "Index Name": "idx_posthistory_postid", "Startup Cost": 0.0, "Total Cost": 0.48, "Plan Rows": 4, "Plan Width": 0, "Index Cond": "(postid = c.postid)"}]}]}]}}, {"Plan": {"Node Type": "Aggregate", "Strategy": "Plain", "Partial Mode": "Simple", "Parallel Aware": false, "Async Capable": false, "Startup Cost": 10000005042.68, "Total Cost": 10000005042.69, "Plan Rows": 1, "Plan Width": 8, "Plans": [{"Node Type": "Nested Loop", "Parent Relationship": "Outer", "Parallel Aware": false, "Async Capable": false, "Join Type": "Inner", "Startup Cost": 10000000003.43, "Total Cost": 10000005042.51, "Plan Rows": 70, "Plan Width": 0, "Inner Unique": false, "Join Filter": "(p.id = ph.postid)", "Plans": [{"Node Type": "Nested Loop", "Parent Relationship": "Outer", "Parallel Aware": false, "Async Capable": false, "Join Type": "Inner", "Startup Cost": 10000000002.95, "Total Cost": 10000004721.74, "Plan Rows": 70, "Plan Width": 16, "Inner Unique": false, "Join Filter": "(b.userid = u.id)", "Plans": [{"Node Type": "Nested Loop", "Parent Relationship": "Outer", "Parallel Aware": false, "Async Capable": false, "Join Type": "Inner", "Startup Cost": 10000000002.62, "Total Cost": 10000004717.35, "Plan Rows": 1, "Plan Width": 24, "Inner Unique": true, "Plans": [{"Node Type": "Nested Loop", "Parent Relationship": "Outer", "Parallel Aware": false, "Async Capable": false, "Join Type": "Inner", "Startup Cost": 10000000002.32, "Total Cost": 10000004713.03, "Plan Rows": 1, "Plan Width": 20, "Inner Unique": false, "Join Filter": "(c.postid = p.id)", "Plans": [{"Node Type": "Nested Loop", "Parent Relationship": "Outer", "Parallel Aware": false, "Async Capable": false, "Join Type": "Inner", "Startup Cost": 10000000001.76, "Total Cost": 10000004708.41, "Plan Rows": 1, "Plan Width": 12, "Inner Unique": false, "Join Filter": "(p.id = v.postid)", "Plans": [{"Node Type": "Nested Loop", "Parent Relationship": "Outer", "Parallel Aware": false, "Async Capable": false, "Join Type": "Inner", "Startup Cost": 10000000001.11, "Total Cost": 10000004608.59, "Plan Rows": 21, "Plan Width": 8, "Inner Unique": false, "Plans": [{"Node Type": "Index Scan", "Parent Relationship": "Outer", "Parallel Aware": false, "Async Capable": false, "Scan Direction": "Forward", "Index Name": "posts_pkey", "Relation Name": "posts", "Alias": "p", "Startup Cost": 10000000000.29, "Total Cost": 10000003699.05, "Plan Rows": 187, "Plan Width": 4, "Filter": "((answercount <= 37) AND (favoritecount >= 11))"}, {"Node Type": "Bitmap Heap Scan", "Parent Relationship": "Inner", "Parallel Aware": false, "Async Capable": false, "Relation Name": "postlinks", "Alias": "pl", "Startup Cost": 0.81, "Total Cost": 4.84, "Plan Rows": 2, "Plan Width": 4, "Recheck Cond": "(p.id = relatedpostid)", "Filter": "(linktypeid = 1)", "Plans": [{"Node Type": "Bitmap Index Scan", "Parent Relationship": "Outer", "Parallel Aware": false, "Async Capable": false, "Index Name": "idx_postlinks_relatedpostid", "Startup Cost": 0.0, "Total Cost": 0.81, "Plan Rows": 2, "Plan Width": 0, "Index Cond": "(relatedpostid = p.id)"}]}]}, {"Node Type": "Bitmap Heap Scan", "Parent Relationship": "Inner", "Parallel Aware": false, "Async Capable": false, "Relation Name": "votes", "Alias": "v", "Startup Cost": 0.65, "Total Cost": 4.74, "Plan Rows": 1, "Plan Width": 4, "Recheck Cond": "(pl.relatedpostid = postid)", "Filter": "((creationdate <= '2013-02-09 20:41:38'::timestamp without time zone) AND (votetypeid = 15))", "Plans": [{"Node Type": "Bitmap Index Scan", "Parent Relationship": "Outer", "Parallel Aware": false, "Async Capable": false, "Index Name": "idx_votes_postid", "Startup Cost": 0.0, "Total Cost": 0.65, "Plan Rows": 5, "Plan Width": 0, "Index Cond": "(postid = pl.relatedpostid)"}]}]}, {"Node Type": "Bitmap Heap Scan", "Parent Relationship": "Inner", "Parallel Aware": false, "Async Capable": false, "Relation Name": "comments", "Alias": "c", "Startup Cost": 0.56, "Total Cost": 4.61, "Plan Rows": 1, "Plan Width": 8, "Recheck Cond": "(postid = pl.relatedpostid)", "Filter": "((creationdate >= '2012-05-06 16:24:17'::timestamp without time zone) AND (creationdate <= '2013-10-24 15:24:45'::timestamp without time zone))", "Plans": [{"Node Type": "Bitmap Index Scan", "Parent Relationship": "Outer", "Parallel Aware": false, "Async Capable": false, "Index Name": "idx_comments_postid", "Startup Cost": 0.0, "Total Cost": 0.56, "Plan Rows": 3, "Plan Width": 0, "Index Cond": "(postid = pl.relatedpostid)"}]}]}, {"Node Type": "Bitmap Heap Scan", "Parent Relationship": "Inner", "Parallel Aware": false, "Async Capable": false, "Relation Name": "users", "Alias": "u", "Startup Cost": 0.3, "Total Cost": 4.32, "Plan Rows": 1, "Plan Width": 4, "Recheck Cond": "(c.userid = id)", "Plans": [{"Node Type": "Bitmap Index Scan", "Parent Relationship": "Outer", "Parallel Aware": false, "Async Capable": false, "Index Name": "users_pkey", "Startup Cost": 0.0, "Total Cost": 0.3, "Plan Rows": 1, "Plan Width": 0, "Index Cond": "(id = c.userid)"}]}]}, {"Node Type": "Bitmap Heap Scan", "Parent Relationship": "Inner", "Parallel Aware": false, "Async Capable": false, "Relation Name": "badges", "Alias": "b", "Startup Cost": 0.32, "Total Cost": 4.37, "Plan Rows": 2, "Plan Width": 4, "Recheck Cond": "(c.userid = userid)", "Filter": "(date <= '2014-03-20 05:58:31'::timestamp without time zone)", "Plans": [{"Node Type": "Bitmap Index Scan", "Parent Relationship": "Outer", "Parallel Aware": false, "Async Capable": false, "Index Name": "idx_badges_userid", "Startup Cost": 0.0, "Total Cost": 0.32, "Plan Rows": 3, "Plan Width": 0, "Index Cond": "(userid = c.userid)"}]}]}, {"Node Type": "Bitmap Heap Scan", "Parent Relationship": "Inner", "Parallel Aware": false, "Async Capable": false, "Relation Name": "posthistory", "Alias": "ph", "Startup Cost": 0.48, "Total Cost": 4.53, "Plan Rows": 4, "Plan Width": 4, "Recheck Cond": "(c.postid = postid)", "Plans": [{"Node Type": "Bitmap Index Scan", "Parent Relationship": "Outer", "Parallel Aware": false, "Async Capable": false, "Index Name": "idx_posthistory_postid", "Startup Cost": 0.0, "Total Cost": 0.48, "Plan Rows": 4, "Plan Width": 0, "Index Cond": "(postid = c.postid)"}]}]}]}}, {"Plan": {"Node Type": "Aggregate", "Strategy": "Plain", "Partial Mode": "Simple", "Parallel Aware": false, "Async Capable": false, "Startup Cost": 2587.4, "Total Cost": 2587.41, "Plan Rows": 1, "Plan Width": 8, "Plans": [{"Node Type": "Nested Loop", "Parent Relationship": "Outer", "Parallel Aware": false, "Async Capable": false, "Join Type": "Inner", "Startup Cost": 2224.3, "Total Cost": 2587.22, "Plan Rows": 70, "Plan Width": 0, "Inner Unique": false, "Join Filter": "(b.userid = u.id)", "Plans": [{"Node Type": "Nested Loop", "Parent Relationship": "Outer", "Parallel Aware": false, "Async Capable": false, "Join Type": "Inner", "Startup Cost": 2223.98, "Total Cost": 2582.83, "Plan Rows": 1, "Plan Width": 8, "Inner Unique": true, "Plans": [{"Node Type": "Nested Loop", "Parent Relationship": "Outer", "Parallel Aware": false, "Async Capable": false, "Join Type": "Inner", "Startup Cost": 2223.67, "Total Cost": 2578.51, "Plan Rows": 1, "Plan Width": 4, "Inner Unique": false, "Join Filter": "(p.id = ph.postid)", "Plans": [{"Node Type": "Nested Loop", "Parent Relationship": "Outer", "Parallel Aware": false, "Async Capable": false, "Join Type": "Inner", "Startup Cost": 2223.19, "Total Cost": 2573.93, "Plan Rows": 1, "Plan Width": 20, "Inner Unique": false, "Join Filter": "(c.postid = p.id)", "Plans": [{"Node Type": "Nested Loop", "Parent Relationship": "Outer", "Parallel Aware": false, "Async Capable": false, "Join Type": "Inner", "Startup Cost": 2222.63, "Total Cost": 2569.31, "Plan Rows": 1, "Plan Width": 12, "Inner Unique": false, "Join Filter": "(p.id = v.postid)", "Plans": [{"Node Type": "Hash Join", "Parent Relationship": "Outer", "Parallel Aware": false, "Async Capable": false, "Join Type": "Inner", "Startup Cost": 2221.98, "Total Cost": 2469.49, "Plan Rows": 21, "Plan Width": 8, "Inner Unique": true, "Hash Cond": "(pl.relatedpostid = p.id)", "Plans": [{"Node Type": "Seq Scan", "Parent Relationship": "Outer", "Parallel Aware": false, "Async Capable": false, "Relation Name": "postlinks", "Alias": "pl", "Startup Cost": 0.0, "Total Cost": 220.78, "Plan Rows": 10186, "Plan Width": 4, "Filter": "(linktypeid = 1)"}, {"Node Type": "Hash", "Parent Relationship": "Inner", "Parallel Aware": false, "Async Capable": false, "Startup Cost": 2219.64, "Total Cost": 2219.64, "Plan Rows": 187, "Plan Width": 4, "Plans": [{"Node Type": "Seq Scan", "Parent Relationship": "Outer", "Parallel Aware": false, "Async Capable": false, "Relation Name": "posts", "Alias": "p", "Startup Cost": 0.0, "Total Cost": 2219.64, "Plan Rows": 187, "Plan Width": 4, "Filter": "((answercount <= 37) AND (favoritecount >= 11))"}]}]}, {"Node Type": "Bitmap Heap Scan", "Parent Relationship": "Inner", "Parallel Aware": false, "Async Capable": false, "Relation Name": "votes", "Alias": "v", "Startup Cost": 0.65, "Total Cost": 4.74, "Plan Rows": 1, "Plan Width": 4, "Recheck Cond": "(pl.relatedpostid = postid)", "Filter": "((creationdate <= '2013-02-09 20:41:38'::timestamp without time zone) AND (votetypeid = 15))", "Plans": [{"Node Type": "Bitmap Index Scan", "Parent Relationship": "Outer", "Parallel Aware": false, "Async Capable": false, "Index Name": "idx_votes_postid", "Startup Cost": 0.0, "Total Cost": 0.65, "Plan Rows": 5, "Plan Width": 0, "Index Cond": "(postid = pl.relatedpostid)"}]}]}, {"Node Type": "Bitmap Heap Scan", "Parent Relationship": "Inner", "Parallel Aware": false, "Async Capable": false, "Relation Name": "comments", "Alias": "c", "Startup Cost": 0.56, "Total Cost": 4.61, "Plan Rows": 1, "Plan Width": 8, "Recheck Cond": "(postid = pl.relatedpostid)", "Filter": "((creationdate >= '2012-05-06 16:24:17'::timestamp without time zone) AND (creationdate <= '2013-10-24 15:24:45'::timestamp without time zone))", "Plans": [{"Node Type": "Bitmap Index Scan", "Parent Relationship": "Outer", "Parallel Aware": false, "Async Capable": false, "Index Name": "idx_comments_postid", "Startup Cost": 0.0, "Total Cost": 0.56, "Plan Rows": 3, "Plan Width": 0, "Index Cond": "(postid = pl.relatedpostid)"}]}]}, {"Node Type": "Bitmap Heap Scan", "Parent Relationship": "Inner", "Parallel Aware": false, "Async Capable": false, "Relation Name": "posthistory", "Alias": "ph", "Startup Cost": 0.48, "Total Cost": 4.53, "Plan Rows": 4, "Plan Width": 4, "Recheck Cond": "(c.postid = postid)", "Plans": [{"Node Type": "Bitmap Index Scan", "Parent Relationship": "Outer", "Parallel Aware": false, "Async Capable": false, "Index Name": "idx_posthistory_postid", "Startup Cost": 0.0, "Total Cost": 0.48, "Plan Rows": 4, "Plan Width": 0, "Index Cond": "(postid = c.postid)"}]}]}, {"Node Type": "Bitmap Heap Scan", "Parent Relationship": "Inner", "Parallel Aware": false, "Async Capable": false, "Relation Name": "users", "Alias": "u", "Startup Cost": 0.3, "Total Cost": 4.32, "Plan Rows": 1, "Plan Width": 4, "Recheck Cond": "(c.userid = id)", "Plans": [{"Node Type": "Bitmap Index Scan", "Parent Relationship": "Outer", "Parallel Aware": false, "Async Capable": false, "Index Name": "users_pkey", "Startup Cost": 0.0, "Total Cost": 0.3, "Plan Rows": 1, "Plan Width": 0, "Index Cond": "(id = c.userid)"}]}]}, {"Node Type": "Bitmap Heap Scan", "Parent Relationship": "Inner", "Parallel Aware": false, "Async Capable": false, "Relation Name": "badges", "Alias": "b", "Startup Cost": 0.32, "Total Cost": 4.37, "Plan Rows": 2, "Plan Width": 4, "Recheck Cond": "(c.userid = userid)", "Filter": "(date <= '2014-03-20 05:58:31'::timestamp without time zone)", "Plans": [{"Node Type": "Bitmap Index Scan", "Parent Relationship": "Outer", "Parallel Aware": false, "Async Capable": false, "Index Name": "idx_badges_userid", "Startup Cost": 0.0, "Total Cost": 0.32, "Plan Rows": 3, "Plan Width": 0, "Index Cond": "(userid = c.userid)"}]}]}]}}, {"Plan": {"Node Type": "Aggregate", "Strategy": "Plain", "Partial Mode": "Simple", "Parallel Aware": false, "Async Capable": false, "Startup Cost": 35455.77, "Total Cost": 35455.78, "Plan Rows": 1, "Plan Width": 8, "Plans": [{"Node Type": "Hash Join", "Parent Relationship": "Outer", "Parallel Aware": false, "Async Capable": false, "Join Type": "Inner", "Startup Cost": 32157.48, "Total Cost": 35455.6, "Plan Rows": 70, "Plan Width": 0, "Inner Unique": false, "Hash Cond": "(b.userid = u.id)", "Plans": [{"Node Type": "Index Scan", "Parent Relationship": "Outer", "Parallel Aware": false, "Async Capable": false, "Scan Direction": "Forward", "Index Name": "idx_badges_userid", "Relation Name": "badges", "Alias": "b", "Startup Cost": 0.29, "Total Cost": 3064.97, "Plan Rows": 62246, "Plan Width": 4, "Filter": "(date <= '2014-03-20 05:58:31'::timestamp without time zone)"}, {"Node Type": "Hash", "Parent Relationship": "Inner", "Parallel Aware": false, "Async Capable": false, "Startup Cost": 32157.17, "Total Cost": 32157.17, "Plan Rows": 1, "Plan Width": 8, "Plans": [{"Node Type": "Hash Join", "Parent Relationship": "Outer", "Parallel Aware": false, "Async Capable": false, "Join Type": "Inner", "Startup Cost": 30649.07, "Total Cost": 32157.17, "Plan Rows": 1, "Plan Width": 8, "Inner Unique": false, "Hash Cond": "(u.id = c.userid)", "Plans": [{"Node Type": "Index Scan", "Parent Relationship": "Outer", "Parallel Aware": false, "Async Capable": false, "Scan Direction": "Forward", "Index Name": "users_pkey", "Relation Name": "users", "Alias": "u", "Startup Cost": 0.29, "Total Cost": 1357.16, "Plan Rows": 40325, "Plan Width": 4}, {"Node Type": "Hash", "Parent Relationship": "Inner", "Parallel Aware": false, "Async Capable": false, "Startup Cost": 30648.77, "Total Cost": 30648.77, "Plan Rows": 1, "Plan Width": 4, "Plans": [{"Node Type": "Gather", "Parent Relationship": "Outer", "Parallel Aware": false, "Async Capable": false, "Startup Cost": 25277.16, "Total Cost": 30648.77, "Plan Rows": 1, "Plan Width": 4, "Workers Planned": 1, "Single Copy": false, "Plans": [{"Node Type": "Hash Join", "Parent Relationship": "Outer", "Parallel Aware": false, "Async Capable": false, "Join Type": "Inner", "Startup Cost": 24277.16, "Total Cost": 29648.67, "Plan Rows": 1, "Plan Width": 4, "Inner Unique": false, "Hash Cond": "(p.id = pl.relatedpostid)", "Plans": [{"Node Type": "Hash Join", "Parent Relationship": "Outer", "Parallel Aware": true, "Async Capable": false, "Join Type": "Inner", "Startup Cost": 23591.12, "Total Cost": 28962.25, "Plan Rows": 3, "Plan Width": 20, "Inner Unique": false, "Hash Cond": "(c.postid = p.id)", "Plans": [{"Node Type": "Index Scan", "Parent Relationship": "Outer", "Parallel Aware": true, "Async Capable": false, "Scan Direction": "Forward", "Index Name": "idx_comments_postid", "Relation Name": "comments", "Alias": "c", "Startup Cost": 0.42, "Total Cost": 5216.17, "Plan Rows": 41429, "Plan Width": 8, "Filter": "((creationdate >= '2012-05-06 16:24:17'::timestamp without time zone) AND (creationdate <= '2013-10-24 15:24:45'::timestamp without time zone))"}, {"Node Type": "Hash", "Parent Relationship": "Inner", "Parallel Aware": true, "Async Capable": false, "Startup Cost": 23590.65, "Total Cost": 23590.65, "Plan Rows": 4, "Plan Width": 12, "Plans": [{"Node Type": "Hash Join", "Parent Relationship": "Outer", "Parallel Aware": true, "Async Capable": false, "Join Type": "Inner", "Startup Cost": 11999.6, "Total Cost": 23590.65, "Plan Rows": 4, "Plan Width": 12, "Inner Unique": false, "Hash Cond": "(v.postid = p.id)", "Plans": [{"Node Type": "Index Scan", "Parent Relationship": "Outer", "Parallel Aware": true, "Async Capable": false, "Scan Direction": "Forward", "Index Name": "idx_votes_postid", "Relation Name": "votes", "Alias": "v", "Startup Cost": 0.42, "Total Cost": 11588.3, "Plan Rows": 629, "Plan Width": 4, "Filter": "((creationdate <= '2013-02-09 20:41:38'::timestamp without time zone) AND (votetypeid = 15))"}, {"Node Type": "Hash", "Parent Relationship": "Inner", "Parallel Aware": true, "Async Capable": false, "Startup Cost": 11994.65, "Total Cost": 11994.65, "Plan Rows": 362, "Plan Width": 8, "Plans": [{"Node Type": "Hash Join", "Parent Relationship": "Outer", "Parallel Aware": false, "Async Capable": false, "Join Type": "Inner", "Startup Cost": 3701.81, "Total Cost": 11994.65, "Plan Rows": 362, "Plan Width": 8, "Inner Unique": true, "Hash Cond": "(ph.postid = p.id)", "Plans": [{"Node Type": "Index Scan", "Parent Relationship": "Outer", "Parallel Aware": true, "Async Capable": false, "Scan Direction": "Forward", "Index Name": "idx_posthistory_postid", "Relation Name": "posthistory", "Alias": "ph", "Startup Cost": 0.42, "Total Cost": 7825.09, "Plan Rows": 178345, "Plan Width": 4}, {"Node Type": "Hash", "Parent Relationship": "Inner", "Parallel Aware": false, "Async Capable": false, "Startup Cost": 3699.05, "Total Cost": 3699.05, "Plan Rows": 187, "Plan Width": 4, "Plans": [{"Node Type": "Index Scan", "Parent Relationship": "Outer", "Parallel Aware": false, "Async Capable": false, "Scan Direction": "Forward", "Index Name": "posts_pkey", "Relation Name": "posts", "Alias": "p", "Startup Cost": 0.29, "Total Cost": 3699.05, "Plan Rows": 187, "Plan Width": 4, "Filter": "((answercount <= 37) AND (favoritecount >= 11))"}]}]}]}]}]}]}, {"Node Type": "Hash", "Parent Relationship": "Inner", "Parallel Aware": false, "Async Capable": false, "Startup Cost": 558.72, "Total Cost": 558.72, "Plan Rows": 10186, "Plan Width": 4, "Plans": [{"Node Type": "Index Scan", "Parent Relationship": "Outer", "Parallel Aware": false, "Async Capable": false, "Scan Direction": "Forward", "Index Name": "idx_postlinks_relatedpostid", "Relation Name": "postlinks", "Alias": "pl", "Startup Cost": 0.29, "Total Cost": 558.72, "Plan Rows": 10186, "Plan Width": 4, "Filter": "(linktypeid = 1)"}]}]}]}]}]}]}]}]}}, {"Plan": {"Node Type": "Aggregate", "Strategy": "Plain", "Partial Mode": "Finalize", "Parallel Aware": false, "Async Capable": false, "Startup Cost": 35204.72, "Total Cost": 35204.73, "Plan Rows": 1, "Plan Width": 8, "Plans": [{"Node Type": "Gather", "Parent Relationship": "Outer", "Parallel Aware": false, "Async Capable": false, "Startup Cost": 35204.61, "Total Cost": 35204.72, "Plan Rows": 1, "Plan Width": 8, "Workers Planned": 1, "Single Copy": false, "Plans": [{"Node Type": "Aggregate", "Strategy": "Plain", "Partial Mode": "Partial", "Parent Relationship": "Outer", "Parallel Aware": false, "Async Capable": false, "Startup Cost": 34204.61, "Total Cost": 34204.62, "Plan Rows": 1, "Plan Width": 8, "Plans": [{"Node Type": "Merge Join", "Parent Relationship": "Outer", "Parallel Aware": false, "Async Capable": false, "Join Type": "Inner", "Startup Cost": 29526.6, "Total Cost": 34204.51, "Plan Rows": 41, "Plan Width": 0, "Inner Unique": false, "Merge Cond": "(u.id = b.userid)", "Plans": [{"Node Type": "Merge Join", "Parent Relationship": "Outer", "Parallel Aware": false, "Async Capable": false, "Join Type": "Inner", "Startup Cost": 29526.31, "Total Cost": 30983.9, "Plan Rows": 1, "Plan Width": 8, "Inner Unique": true, "Merge Cond": "(c.userid = u.id)", "Plans": [{"Node Type": "Sort", "Parent Relationship": "Outer", "Parallel Aware": false, "Async Capable": false, "Startup Cost": 29525.91, "Total Cost": 29525.91, "Plan Rows": 1, "Plan Width": 4, "Sort Key": ["c.userid"], "Plans": [{"Node Type": "Hash Join", "Parent Relationship": "Outer", "Parallel Aware": true, "Async Capable": false, "Join Type": "Inner", "Startup Cost": 24154.77, "Total Cost": 29525.9, "Plan Rows": 1, "Plan Width": 4, "Inner Unique": false, "Hash Cond": "(c.postid = p.id)", "Plans": [{"Node Type": "Index Scan", "Parent Relationship": "Outer", "Parallel Aware": true, "Async Capable": false, "Scan Direction": "Forward", "Index Name": "idx_comments_postid", "Relation Name": "comments", "Alias": "c", "Startup Cost": 0.42, "Total Cost": 5216.17, "Plan Rows": 41429, "Plan Width": 8, "Filter": "((creationdate >= '2012-05-06 16:24:17'::timestamp without time zone) AND (creationdate <= '2013-10-24 15:24:45'::timestamp without time zone))"}, {"Node Type": "Hash", "Parent Relationship": "Inner", "Parallel Aware": true, "Async Capable": false, "Startup Cost": 24154.34, "Total Cost": 24154.34, "Plan Rows": 1, "Plan Width": 16, "Plans": [{"Node Type": "Merge Join", "Parent Relationship": "Outer", "Parallel Aware": false, "Async Capable": false, "Join Type": "Inner", "Startup Cost": 23570.41, "Total Cost": 24154.34, "Plan Rows": 1, "Plan Width": 16, "Inner Unique": false, "Merge Cond": "(p.id = pl.relatedpostid)", "Plans": [{"Node Type": "Sort", "Parent Relationship": "Outer", "Parallel Aware": false, "Async Capable": false, "Startup Cost": 23570.13, "Total Cost": 23570.14, "Plan Rows": 4, "Plan Width": 12, "Sort Key": ["p.id"], "Plans": [{"Node Type": "Hash Join", "Parent Relationship": "Outer", "Parallel Aware": true, "Async Capable": false, "Join Type": "Inner", "Startup Cost": 11979.05, "Total Cost": 23570.09, "Plan Rows": 4, "Plan Width": 12, "Inner Unique": false, "Hash Cond": "(v.postid = p.id)", "Plans": [{"Node Type": "Index Scan", "Parent Relationship": "Outer", "Parallel Aware": true, "Async Capable": false, "Scan Direction": "Forward", "Index Name": "idx_votes_postid", "Relation Name": "votes", "Alias": "v", "Startup Cost": 0.42, "Total Cost": 11588.3, "Plan Rows": 629, "Plan Width": 4, "Filter": "((creationdate <= '2013-02-09 20:41:38'::timestamp without time zone) AND (votetypeid = 15))"}, {"Node Type": "Hash", "Parent Relationship": "Inner", "Parallel Aware": true, "Async Capable": false, "Startup Cost": 11974.1, "Total Cost": 11974.1, "Plan Rows": 362, "Plan Width": 8, "Plans": [{"Node Type": "Merge Join", "Parent Relationship": "Outer", "Parallel Aware": false, "Async Capable": false, "Join Type": "Inner", "Startup Cost": 0.71, "Total Cost": 11974.1, "Plan Rows": 362, "Plan Width": 8, "Inner Unique": true, "Merge Cond": "(ph.postid = p.id)", "Plans": [{"Node Type": "Index Scan", "Parent Relationship": "Outer", "Parallel Aware": true, "Async Capable": false, "Scan Direction": "Forward", "Index Name": "idx_posthistory_postid", "Relation Name": "posthistory", "Alias": "ph", "Startup Cost": 0.42, "Total Cost": 7825.09, "Plan Rows": 178345, "Plan Width": 4}, {"Node Type": "Index Scan", "Parent Relationship": "Inner", "Parallel Aware": false, "Async Capable": false, "Scan Direction": "Forward", "Index Name": "posts_pkey", "Relation Name": "posts", "Alias": "p", "Startup Cost": 0.29, "Total Cost": 3699.05, "Plan Rows": 187, "Plan Width": 4, "Filter": "((answercount <= 37) AND (favoritecount >= 11))"}]}]}]}]}, {"Node Type": "Index Scan", "Parent Relationship": "Inner", "Parallel Aware": false, "Async Capable": false, "Scan Direction": "Forward", "Index Name": "idx_postlinks_relatedpostid", "Relation Name": "postlinks", "Alias": "pl", "Startup Cost": 0.29, "Total Cost": 558.72, "Plan Rows": 10186, "Plan Width": 4, "Filter": "(linktypeid = 1)"}]}]}]}]}, {"Node Type": "Index Scan", "Parent Relationship": "Inner", "Parallel Aware": false, "Async Capable": false, "Scan Direction": "Forward", "Index Name": "users_pkey", "Relation Name": "users", "Alias": "u", "Startup Cost": 0.29, "Total Cost": 1357.16, "Plan Rows": 40325, "Plan Width": 4}]}, {"Node Type": "Index Scan", "Parent Relationship": "Inner", "Parallel Aware": false, "Async Capable": false, "Scan Direction": "Forward", "Index Name": "idx_badges_userid", "Relation Name": "badges", "Alias": "b", "Startup Cost": 0.29, "Total Cost": 3064.97, "Plan Rows": 62246, "Plan Width": 4, "Filter": "(date <= '2014-03-20 05:58:31'::timestamp without time zone)"}]}]}]}]}}, {"Plan": {"Node Type": "Aggregate", "Strategy": "Plain", "Partial Mode": "Simple", "Parallel Aware": false, "Async Capable": false, "Startup Cost": 4223.68, "Total Cost": 4223.69, "Plan Rows": 1, "Plan Width": 8, "Plans": [{"Node Type": "Nested Loop", "Parent Relationship": "Outer", "Parallel Aware": false, "Async Capable": false, "Join Type": "Inner", "Startup Cost": 2.42, "Total Cost": 4223.51, "Plan Rows": 70, "Plan Width": 0, "Inner Unique": false, "Join Filter": "(b.userid = u.id)", "Plans": [{"Node Type": "Nested Loop", "Parent Relationship": "Outer", "Parallel Aware": false, "Async Capable": false, "Join Type": "Inner", "Startup Cost": 2.13, "Total Cost": 4223.1, "Plan Rows": 1, "Plan Width": 8, "Inner Unique": true, "Plans": [{"Node Type": "Nested Loop", "Parent Relationship": "Outer", "Parallel Aware": false, "Async Capable": false, "Join Type": "Inner", "Startup Cost": 1.84, "Total Cost": 4222.77, "Plan Rows": 1, "Plan Width": 4, "Inner Unique": false, "Join Filter": "(p.id = ph.postid)", "Plans": [{"Node Type": "Nested Loop", "Parent Relationship": "Outer", "Parallel Aware": false, "Async Capable": false, "Join Type": "Inner", "Startup Cost": 1.42, "Total Cost": 4222.07, "Plan Rows": 1, "Plan Width": 20, "Inner Unique": false, "Join Filter": "(c.postid = p.id)", "Plans": [{"Node Type": "Nested Loop", "Parent Relationship": "Outer", "Parallel Aware": false, "Async Capable": false, "Join Type": "Inner", "Startup Cost": 1.0, "Total Cost": 4220.92, "Plan Rows": 1, "Plan Width": 12, "Inner Unique": false, "Join Filter": "(p.id = v.postid)", "Plans": [{"Node Type": "Nested Loop", "Parent Relationship": "Outer", "Parallel Aware": false, "Async Capable": false, "Join Type": "Inner", "Startup Cost": 0.58, "Total Cost": 4187.56, "Plan Rows": 21, "Plan Width": 8, "Inner Unique": false, "Plans": [{"Node Type": "Index Scan", "Parent Relationship": "Outer", "Parallel Aware": false, "Async Capable": false, "Scan Direction": "Forward", "Index Name": "posts_pkey", "Relation Name": "posts", "Alias": "p", "Startup Cost": 0.29, "Total Cost": 3699.05, "Plan Rows": 187, "Plan Width": 4, "Filter": "((answercount <= 37) AND (favoritecount >= 11))"}, {"Node Type": "Index Scan", "Parent Relationship": "Inner", "Parallel Aware": false, "Async Capable": false, "Scan Direction": "Forward", "Index Name": "idx_postlinks_relatedpostid", "Relation Name": "postlinks", "Alias": "pl", "Startup Cost": 0.29, "Total Cost": 2.59, "Plan Rows": 2, "Plan Width": 4, "Index Cond": "(relatedpostid = p.id)", "Filter": "(linktypeid = 1)"}]}, {"Node Type": "Index Scan", "Parent Relationship": "Inner", "Parallel Aware": false, "Async Capable": false, "Scan Direction": "Forward", "Index Name": "idx_votes_postid", "Relation Name": "votes", "Alias": "v", "Startup Cost": 0.42, "Total Cost": 1.58, "Plan Rows": 1, "Plan Width": 4, "Index Cond": "(postid = pl.relatedpostid)", "Filter": "((creationdate <= '2013-02-09 20:41:38'::timestamp without time zone) AND (votetypeid = 15))"}]}, {"Node Type": "Index Scan", "Parent Relationship": "Inner", "Parallel Aware": false, "Async Capable": false, "Scan Direction": "Forward", "Index Name": "idx_comments_postid", "Relation Name": "comments", "Alias": "c", "Startup Cost": 0.42, "Total Cost": 1.13, "Plan Rows": 1, "Plan Width": 8, "Index Cond": "(postid = pl.relatedpostid)", "Filter": "((creationdate >= '2012-05-06 16:24:17'::timestamp without time zone) AND (creationdate <= '2013-10-24 15:24:45'::timestamp without time zone))"}]}, {"Node Type": "Index Scan", "Parent Relationship": "Inner", "Parallel Aware": false, "Async Capable": false, "Scan Direction": "Forward", "Index Name": "idx_posthistory_postid", "Relation Name": "posthistory", "Alias": "ph", "Startup Cost": 0.42, "Total Cost": 0.65, "Plan Rows": 4, "Plan Width": 4, "Index Cond": "(postid = c.postid)"}]}, {"Node Type": "Index Scan", "Parent Relationship": "Inner", "Parallel Aware": false, "Async Capable": false, "Scan Direction": "Forward", "Index Name": "users_pkey", "Relation Name": "users", "Alias": "u", "Startup Cost": 0.29, "Total Cost": 0.33, "Plan Rows": 1, "Plan Width": 4, "Index Cond": "(id = c.userid)"}]}, {"Node Type": "Index Scan", "Parent Relationship": "Inner", "Parallel Aware": false, "Async Capable": false, "Scan Direction": "Forward", "Index Name": "idx_badges_userid", "Relation Name": "badges", "Alias": "b", "Startup Cost": 0.29, "Total Cost": 0.38, "Plan Rows": 2, "Plan Width": 4, "Index Cond": "(userid = c.userid)", "Filter": "(date <= '2014-03-20 05:58:31'::timestamp without time zone)"}]}]}}, {"Plan": {"Node Type": "Aggregate", "Strategy": "Plain", "Partial Mode": "Simple", "Parallel Aware": false, "Async Capable": false, "Startup Cost": 2505.61, "Total Cost": 2505.62, "Plan Rows": 1, "Plan Width": 8, "Plans": [{"Node Type": "Nested Loop", "Parent Relationship": "Outer", "Parallel Aware": false, "Async Capable": false, "Join Type": "Inner", "Startup Cost": 2223.83, "Total Cost": 2505.43, "Plan Rows": 70, "Plan Width": 0, "Inner Unique": false, "Join Filter": "(b.userid = u.id)", "Plans": [{"Node Type": "Nested Loop", "Parent Relationship": "Outer", "Parallel Aware": false, "Async Capable": false, "Join Type": "Inner", "Startup Cost": 2223.53, "Total Cost": 2505.02, "Plan Rows": 1, "Plan Width": 8, "Inner Unique": true, "Plans": [{"Node Type": "Nested Loop", "Parent Relationship": "Outer", "Parallel Aware": false, "Async Capable": false, "Join Type": "Inner", "Startup Cost": 2223.24, "Total Cost": 2504.69, "Plan Rows": 1, "Plan Width": 4, "Inner Unique": false, "Join Filter": "(p.id = ph.postid)", "Plans": [{"Node Type": "Nested Loop", "Parent Relationship": "Outer", "Parallel Aware": false, "Async Capable": false, "Join Type": "Inner", "Startup Cost": 2222.82, "Total Cost": 2504.0, "Plan Rows": 1, "Plan Width": 20, "Inner Unique": false, "Join Filter": "(c.postid = p.id)", "Plans": [{"Node Type": "Nested Loop", "Parent Relationship": "Outer", "Parallel Aware": false, "Async Capable": false, "Join Type": "Inner", "Startup Cost": 2222.4, "Total Cost": 2502.85, "Plan Rows": 1, "Plan Width": 12, "Inner Unique": false, "Join Filter": "(p.id = v.postid)", "Plans": [{"Node Type": "Hash Join", "Parent Relationship": "Outer", "Parallel Aware": false, "Async Capable": false, "Join Type": "Inner", "Startup Cost": 2221.98, "Total Cost": 2469.49, "Plan Rows": 21, "Plan Width": 8, "Inner Unique": true, "Hash Cond": "(pl.relatedpostid = p.id)", "Plans": [{"Node Type": "Seq Scan", "Parent Relationship": "Outer", "Parallel Aware": false, "Async Capable": false, "Relation Name": "postlinks", "Alias": "pl", "Startup Cost": 0.0, "Total Cost": 220.78, "Plan Rows": 10186, "Plan Width": 4, "Filter": "(linktypeid = 1)"}, {"Node Type": "Hash", "Parent Relationship": "Inner", "Parallel Aware": false, "Async Capable": false, "Startup Cost": 2219.64, "Total Cost": 2219.64, "Plan Rows": 187, "Plan Width": 4, "Plans": [{"Node Type": "Seq Scan", "Parent Relationship": "Outer", "Parallel Aware": false, "Async Capable": false, "Relation Name": "posts", "Alias": "p", "Startup Cost": 0.0, "Total Cost": 2219.64, "Plan Rows": 187, "Plan Width": 4, "Filter": "((answercount <= 37) AND (favoritecount >= 11))"}]}]}, {"Node Type": "Index Scan", "Parent Relationship": "Inner", "Parallel Aware": false, "Async Capable": false, "Scan Direction": "Forward", "Index Name": "idx_votes_postid", "Relation Name": "votes", "Alias": "v", "Startup Cost": 0.42, "Total Cost": 1.58, "Plan Rows": 1, "Plan Width": 4, "Index Cond": "(postid = pl.relatedpostid)", "Filter": "((creationdate <= '2013-02-09 20:41:38'::timestamp without time zone) AND (votetypeid = 15))"}]}, {"Node Type": "Index Scan", "Parent Relationship": "Inner", "Parallel Aware": false, "Async Capable": false, "Scan Direction": "Forward", "Index Name": "idx_comments_postid", "Relation Name": "comments", "Alias": "c", "Startup Cost": 0.42, "Total Cost": 1.13, "Plan Rows": 1, "Plan Width": 8, "Index Cond": "(postid = pl.relatedpostid)", "Filter": "((creationdate >= '2012-05-06 16:24:17'::timestamp without time zone) AND (creationdate <= '2013-10-24 15:24:45'::timestamp without time zone))"}]}, {"Node Type": "Index Scan", "Parent Relationship": "Inner", "Parallel Aware": false, "Async Capable": false, "Scan Direction": "Forward", "Index Name": "idx_posthistory_postid", "Relation Name": "posthistory", "Alias": "ph", "Startup Cost": 0.42, "Total Cost": 0.65, "Plan Rows": 4, "Plan Width": 4, "Index Cond": "(postid = c.postid)"}]}, {"Node Type": "Index Scan", "Parent Relationship": "Inner", "Parallel Aware": false, "Async Capable": false, "Scan Direction": "Forward", "Index Name": "users_pkey", "Relation Name": "users", "Alias": "u", "Startup Cost": 0.29, "Total Cost": 0.33, "Plan Rows": 1, "Plan Width": 4, "Index Cond": "(id = c.userid)"}]}, {"Node Type": "Index Scan", "Parent Relationship": "Inner", "Parallel Aware": false, "Async Capable": false, "Scan Direction": "Forward", "Index Name": "idx_badges_userid", "Relation Name": "badges", "Alias": "b", "Startup Cost": 0.29, "Total Cost": 0.38, "Plan Rows": 2, "Plan Width": 4, "Index Cond": "(userid = c.userid)", "Filter": "(date <= '2014-03-20 05:58:31'::timestamp without time zone)"}]}]}}, {"Plan": {"Node Type": "Aggregate", "Strategy": "Plain", "Partial Mode": "Simple", "Parallel Aware": false, "Async Capable": false, "Startup Cost": 34220.27, "Total Cost": 34220.28, "Plan Rows": 1, "Plan Width": 8, "Plans": [{"Node Type": "Merge Join", "Parent Relationship": "Outer", "Parallel Aware": false, "Async Capable": false, "Join Type": "Inner", "Startup Cost": 22490.29, "Total Cost": 34220.09, "Plan Rows": 70, "Plan Width": 0, "Inner Unique": false, "Merge Cond": "(v.postid = p.id)", "Plans": [{"Node Type": "Gather Merge", "Parent Relationship": "Outer", "Parallel Aware": false, "Async Capable": false, "Startup Cost": 1000.43, "Total Cost": 12708.69, "Plan Rows": 1070, "Plan Width": 4, "Workers Planned": 1, "Plans": [{"Node Type": "Index Scan", "Parent Relationship": "Outer", "Parallel Aware": true, "Async Capable": false, "Scan Direction": "Forward", "Index Name": "idx_votes_postid", "Relation Name": "votes", "Alias": "v", "Startup Cost": 0.42, "Total Cost": 11588.3, "Plan Rows": 629, "Plan Width": 4, "Filter": "((creationdate <= '2013-02-09 20:41:38'::timestamp without time zone) AND (votetypeid = 15))"}]}, {"Node Type": "Sort", "Parent Relationship": "Inner", "Parallel Aware": false, "Async Capable": false, "Startup Cost": 21489.86, "Total Cost": 21499.08, "Plan Rows": 3688, "Plan Width": 16, "Sort Key": ["c.postid"], "Plans": [{"Node Type": "Merge Join", "Parent Relationship": "Outer", "Parallel Aware": false, "Async Capable": false, "Join Type": "Inner", "Startup Cost": 16886.22, "Total Cost": 21271.37, "Plan Rows": 3688, "Plan Width": 16, "Inner Unique": false, "Merge Cond": "(u.id = b.userid)", "Plans": [{"Node Type": "Gather Merge", "Parent Relationship": "Outer", "Parallel Aware": false, "Async Capable": false, "Startup Cost": 16885.92, "Total Cost": 18049.86, "Plan Rows": 52, "Plan Width": 24, "Workers Planned": 2, "Plans": [{"Node Type": "Merge Join", "Parent Relationship": "Outer", "Parallel Aware": false, "Async Capable": false, "Join Type": "Inner", "Startup Cost": 15885.9, "Total Cost": 17043.83, "Plan Rows": 22, "Plan Width": 24, "Inner Unique": true, "Merge Cond": "(c.userid = u.id)", "Plans": [{"Node Type": "Sort", "Parent Relationship": "Outer", "Parallel Aware": false, "Async Capable": false, "Startup Cost": 15885.52, "Total Cost": 15885.58, "Plan Rows": 22, "Plan Width": 20, "Sort Key": ["c.userid"], "Plans": [{"Node Type": "Merge Join", "Parent Relationship": "Outer", "Parallel Aware": false, "Async Capable": false, "Join Type": "Inner", "Startup Cost": 1.42, "Total Cost": 15885.03, "Plan Rows": 22, "Plan Width": 20, "Inner Unique": false, "Merge Cond": "(p.id = c.postid)", "Plans": [{"Node Type": "Merge Join", "Parent Relationship": "Outer", "Parallel Aware": false, "Async Capable": false, "Join Type": "Inner", "Startup Cost": 1.0, "Total Cost": 9415.9, "Plan Rows": 29, "Plan Width": 12, "Inner Unique": false, "Merge Cond": "(p.id = pl.relatedpostid)", "Plans": [{"Node Type": "Merge Join", "Parent Relationship": "Outer", "Parallel Aware": false, "Async Capable": false, "Join Type": "Inner", "Startup Cost": 0.71, "Total Cost": 8865.29, "Plan Rows": 257, "Plan Width": 8, "Inner Unique": true, "Merge Cond": "(ph.postid = p.id)", "Plans": [{"Node Type": "Index Only Scan", "Parent Relationship": "Outer", "Parallel Aware": true, "Async Capable": false, "Scan Direction": "Forward", "Index Name": "idx_posthistory_postid", "Relation Name": "posthistory", "Alias": "ph", "Startup Cost": 0.42, "Total Cost": 4847.39, "Plan Rows": 126328, "Plan Width": 4}, {"Node Type": "Index Scan", "Parent Relationship": "Inner", "Parallel Aware": false, "Async Capable": false, "Scan Direction": "Forward", "Index Name": "posts_pkey", "Relation Name": "posts", "Alias": "p", "Startup Cost": 0.29, "Total Cost": 3699.05, "Plan Rows": 187, "Plan Width": 4, "Filter": "((answercount <= 37) AND (favoritecount >= 11))"}]}, {"Node Type": "Index Scan", "Parent Relationship": "Inner", "Parallel Aware": false, "Async Capable": false, "Scan Direction": "Forward", "Index Name": "idx_postlinks_relatedpostid", "Relation Name": "postlinks", "Alias": "pl", "Startup Cost": 0.29, "Total Cost": 558.72, "Plan Rows": 10186, "Plan Width": 4, "Filter": "(linktypeid = 1)"}]}, {"Node Type": "Index Scan", "Parent Relationship": "Inner", "Parallel Aware": false, "Async Capable": false, "Scan Direction": "Forward", "Index Name": "idx_comments_postid", "Relation Name": "comments", "Alias": "c", "Startup Cost": 0.42, "Total Cost": 6292.76, "Plan Rows": 70430, "Plan Width": 8, "Filter": "((creationdate >= '2012-05-06 16:24:17'::timestamp without time zone) AND (creationdate <= '2013-10-24 15:24:45'::timestamp without time zone))"}]}]}, {"Node Type": "Index Only Scan", "Parent Relationship": "Inner", "Parallel Aware": false, "Async Capable": false, "Scan Direction": "Forward", "Index Name": "users_pkey", "Relation Name": "users", "Alias": "u", "Startup Cost": 0.29, "Total Cost": 1057.16, "Plan Rows": 40325, "Plan Width": 4}]}]}, {"Node Type": "Index Scan", "Parent Relationship": "Inner", "Parallel Aware": false, "Async Capable": false, "Scan Direction": "Forward", "Index Name": "idx_badges_userid", "Relation Name": "badges", "Alias": "b", "Startup Cost": 0.29, "Total Cost": 3064.97, "Plan Rows": 62246, "Plan Width": 4, "Filter": "(date <= '2014-03-20 05:58:31'::timestamp without time zone)"}]}]}]}]}}, {"Plan": {"Node Type": "Aggregate", "Strategy": "Plain", "Partial Mode": "Simple", "Parallel Aware": false, "Async Capable": false, "Startup Cost": 2743.69, "Total Cost": 2743.7, "Plan Rows": 1, "Plan Width": 8, "Plans": [{"Node Type": "Nested Loop", "Parent Relationship": "Outer", "Parallel Aware": false, "Async Capable": false, "Join Type": "Inner", "Startup Cost": 2.13, "Total Cost": 2743.51, "Plan Rows": 70, "Plan Width": 0, "Inner Unique": false, "Join Filter": "(b.userid = u.id)", "Plans": [{"Node Type": "Nested Loop", "Parent Relationship": "Outer", "Parallel Aware": false, "Async Capable": false, "Join Type": "Inner", "Startup Cost": 1.84, "Total Cost": 2743.1, "Plan Rows": 1, "Plan Width": 8, "Inner Unique": true, "Plans": [{"Node Type": "Nested Loop", "Parent Relationship": "Outer", "Parallel Aware": false, "Async Capable": false, "Join Type": "Inner", "Startup Cost": 1.55, "Total Cost": 2742.79, "Plan Rows": 1, "Plan Width": 4, "Inner Unique": false, "Join Filter": "(c.postid = p.id)", "Plans": [{"Node Type": "Nested Loop", "Parent Relationship": "Outer", "Parallel Aware": false, "Async Capable": false, "Join Type": "Inner", "Startup Cost": 1.13, "Total Cost": 2742.27, "Plan Rows": 1, "Plan Width": 16, "Inner Unique": false, "Join Filter": "(p.id = ph.postid)", "Plans": [{"Node Type": "Nested Loop", "Parent Relationship": "Outer", "Parallel Aware": false, "Async Capable": false, "Join Type": "Inner", "Startup Cost": 0.71, "Total Cost": 2741.51, "Plan Rows": 1, "Plan Width": 12, "Inner Unique": false, "Join Filter": "(p.id = v.postid)", "Plans": [{"Node Type": "Nested Loop", "Parent Relationship": "Outer", "Parallel Aware": false, "Async Capable": false, "Join Type": "Inner", "Startup Cost": 0.29, "Total Cost": 2708.15, "Plan Rows": 21, "Plan Width": 8, "Inner Unique": false, "Plans": [{"Node Type": "Seq Scan", "Parent Relationship": "Outer", "Parallel Aware": false, "Async Capable": false, "Relation Name": "posts", "Alias": "p", "Startup Cost": 0.0, "Total Cost": 2219.64, "Plan Rows": 187, "Plan Width": 4, "Filter": "((answercount <= 37) AND (favoritecount >= 11))"}, {"Node Type": "Index Scan", "Parent Relationship": "Inner", "Parallel Aware": false, "Async Capable": false, "Scan Direction": "Forward", "Index Name": "idx_postlinks_relatedpostid", "Relation Name": "postlinks", "Alias": "pl", "Startup Cost": 0.29, "Total Cost": 2.59, "Plan Rows": 2, "Plan Width": 4, "Index Cond": "(relatedpostid = p.id)", "Filter": "(linktypeid = 1)"}]}, {"Node Type": "Index Scan", "Parent Relationship": "Inner", "Parallel Aware": false, "Async Capable": false, "Scan Direction": "Forward", "Index Name": "idx_votes_postid", "Relation Name": "votes", "Alias": "v", "Startup Cost": 0.42, "Total Cost": 1.58, "Plan Rows": 1, "Plan Width": 4, "Index Cond": "(postid = pl.relatedpostid)", "Filter": "((creationdate <= '2013-02-09 20:41:38'::timestamp without time zone) AND (votetypeid = 15))"}]}, {"Node Type": "Index Only Scan", "Parent Relationship": "Inner", "Parallel Aware": false, "Async Capable": false, "Scan Direction": "Forward", "Index Name": "idx_posthistory_postid", "Relation Name": "posthistory", "Alias": "ph", "Startup Cost": 0.42, "Total Cost": 0.7, "Plan Rows": 4, "Plan Width": 4, "Index Cond": "(postid = pl.relatedpostid)"}]}, {"Node Type": "Index Scan", "Parent Relationship": "Inner", "Parallel Aware": false, "Async Capable": false, "Scan Direction": "Forward", "Index Name": "idx_comments_postid", "Relation Name": "comments", "Alias": "c", "Startup Cost": 0.42, "Total Cost": 0.51, "Plan Rows": 1, "Plan Width": 8, "Index Cond": "(postid = ph.postid)", "Filter": "((creationdate >= '2012-05-06 16:24:17'::timestamp without time zone) AND (creationdate <= '2013-10-24 15:24:45'::timestamp without time zone))"}]}, {"Node Type": "Index Only Scan", "Parent Relationship": "Inner", "Parallel Aware": false, "Async Capable": false, "Scan Direction": "Forward", "Index Name": "users_pkey", "Relation Name": "users", "Alias": "u", "Startup Cost": 0.29, "Total Cost": 0.31, "Plan Rows": 1, "Plan Width": 4, "Index Cond": "(id = c.userid)"}]}, {"Node Type": "Index Scan", "Parent Relationship": "Inner", "Parallel Aware": false, "Async Capable": false, "Scan Direction": "Forward", "Index Name": "idx_badges_userid", "Relation Name": "badges", "Alias": "b", "Startup Cost": 0.29, "Total Cost": 0.38, "Plan Rows": 2, "Plan Width": 4, "Index Cond": "(userid = c.userid)", "Filter": "(date <= '2014-03-20 05:58:31'::timestamp without time zone)"}]}]}}, {"Plan": {"Node Type": "Aggregate", "Strategy": "Plain", "Partial Mode": "Simple", "Parallel Aware": false, "Async Capable": false, "Startup Cost": 26033.48, "Total Cost": 26033.49, "Plan Rows": 1, "Plan Width": 8, "Plans": [{"Node Type": "Merge Join", "Parent Relationship": "Outer", "Parallel Aware": false, "Async Capable": false, "Join Type": "Inner", "Startup Cost": 21655.37, "Total Cost": 26033.31, "Plan Rows": 70, "Plan Width": 0, "Inner Unique": false, "Merge Cond": "(u.id = b.userid)", "Plans": [{"Node Type": "Merge Join", "Parent Relationship": "Outer", "Parallel Aware": false, "Async Capable": false, "Join Type": "Inner", "Startup Cost": 21655.08, "Total Cost": 22812.7, "Plan Rows": 1, "Plan Width": 8, "Inner Unique": false, "Merge Cond": "(u.id = c.userid)", "Plans": [{"Node Type": "Index Only Scan", "Parent Relationship": "Outer", "Parallel Aware": false, "Async Capable": false, "Scan Direction": "Forward", "Index Name": "users_pkey", "Relation Name": "users", "Alias": "u", "Startup Cost": 0.29, "Total Cost": 1057.16, "Plan Rows": 40325, "Plan Width": 4}, {"Node Type": "Sort", "Parent Relationship": "Inner", "Parallel Aware": false, "Async Capable": false, "Startup Cost": 21654.7, "Total Cost": 21654.71, "Plan Rows": 1, "Plan Width": 4, "Sort Key": ["c.userid"], "Plans": [{"Node Type": "Merge Join", "Parent Relationship": "Outer", "Parallel Aware": false, "Async Capable": false, "Join Type": "Inner", "Startup Cost": 9443.37, "Total Cost": 21654.69, "Plan Rows": 1, "Plan Width": 4, "Inner Unique": false, "Merge Cond": "(p.id = v.postid)", "Plans": [{"Node Type": "Gather Merge", "Parent Relationship": "Outer", "Parallel Aware": false, "Async Capable": false, "Startup Cost": 3227.85, "Total Cost": 15433.68, "Plan Rows": 53, "Plan Width": 20, "Workers Planned": 2, "Plans": [{"Node Type": "Merge Join", "Parent Relationship": "Outer", "Parallel Aware": false, "Async Capable": false, "Join Type": "Inner", "Startup Cost": 2227.82, "Total Cost": 14427.54, "Plan Rows": 22, "Plan Width": 20, "Inner Unique": false, "Merge Cond": "(p.id = c.postid)", "Plans": [{"Node Type": "Merge Join", "Parent Relationship": "Outer", "Parallel Aware": false, "Async Capable": false, "Join Type": "Inner", "Startup Cost": 2227.4, "Total Cost": 7958.41, "Plan Rows": 29, "Plan Width": 12, "Inner Unique": false, "Merge Cond": "(p.id = pl.relatedpostid)", "Plans": [{"Node Type": "Merge Join", "Parent Relationship": "Outer", "Parallel Aware": false, "Async Capable": false, "Join Type": "Inner", "Startup Cost": 2227.12, "Total Cost": 7393.41, "Plan Rows": 257, "Plan Width": 8, "Inner Unique": true, "Merge Cond": "(ph.postid = p.id)", "Plans": [{"Node Type": "Index Only Scan", "Parent Relationship": "Outer", "Parallel Aware": true, "Async Capable": false, "Scan Direction": "Forward", "Index Name": "idx_posthistory_postid", "Relation Name": "posthistory", "Alias": "ph", "Startup Cost": 0.42, "Total Cost": 4847.39, "Plan Rows": 126328, "Plan Width": 4}, {"Node Type": "Sort", "Parent Relationship": "Inner", "Parallel Aware": false, "Async Capable": false, "Startup Cost": 2226.7, "Total Cost": 2227.16, "Plan Rows": 187, "Plan Width": 4, "Sort Key": ["p.id"], "Plans": [{"Node Type": "Seq Scan", "Parent Relationship": "Outer", "Parallel Aware": false, "Async Capable": false, "Relation Name": "posts", "Alias": "p", "Startup Cost": 0.0, "Total Cost": 2219.64, "Plan Rows": 187, "Plan Width": 4, "Filter": "((answercount <= 37) AND (favoritecount >= 11))"}]}]}, {"Node Type": "Index Scan", "Parent Relationship": "Inner", "Parallel Aware": false, "Async Capable": false, "Scan Direction": "Forward", "Index Name": "idx_postlinks_relatedpostid", "Relation Name": "postlinks", "Alias": "pl", "Startup Cost": 0.29, "Total Cost": 558.72, "Plan Rows": 10186, "Plan Width": 4, "Filter": "(linktypeid = 1)"}]}, {"Node Type": "Index Scan", "Parent Relationship": "Inner", "Parallel Aware": false, "Async Capable": false, "Scan Direction": "Forward", "Index Name": "idx_comments_postid", "Relation Name": "comments", "Alias": "c", "Startup Cost": 0.42, "Total Cost": 6292.76, "Plan Rows": 70430, "Plan Width": 8, "Filter": "((creationdate >= '2012-05-06 16:24:17'::timestamp without time zone) AND (creationdate <= '2013-10-24 15:24:45'::timestamp without time zone))"}]}]}, {"Node Type": "Sort", "Parent Relationship": "Inner", "Parallel Aware": false, "Async Capable": false, "Startup Cost": 6215.52, "Total Cost": 6218.2, "Plan Rows": 1070, "Plan Width": 4, "Sort Key": ["v.postid"], "Plans": [{"Node Type": "Gather", "Parent Relationship": "Outer", "Parallel Aware": false, "Async Capable": false, "Startup Cost": 1000.0, "Total Cost": 6161.68, "Plan Rows": 1070, "Plan Width": 4, "Workers Planned": 1, "Single Copy": false, "Plans": [{"Node Type": "Seq Scan", "Parent Relationship": "Outer", "Parallel Aware": true, "Async Capable": false, "Relation Name": "votes", "Alias": "v", "Startup Cost": 0.0, "Total Cost": 5054.68, "Plan Rows": 629, "Plan Width": 4, "Filter": "((creationdate <= '2013-02-09 20:41:38'::timestamp without time zone) AND (votetypeid = 15))"}]}]}]}]}]}, {"Node Type": "Index Scan", "Parent Relationship": "Inner", "Parallel Aware": false, "Async Capable": false, "Scan Direction": "Forward", "Index Name": "idx_badges_userid", "Relation Name": "badges", "Alias": "b", "Startup Cost": 0.29, "Total Cost": 3064.97, "Plan Rows": 62246, "Plan Width": 4, "Filter": "(date <= '2014-03-20 05:58:31'::timestamp without time zone)"}]}]}}, {"Plan": {"Node Type": "Aggregate", "Strategy": "Plain", "Partial Mode": "Simple", "Parallel Aware": false, "Async Capable": false, "Startup Cost": 3247.09, "Total Cost": 3247.1, "Plan Rows": 1, "Plan Width": 8, "Plans": [{"Node Type": "Nested Loop", "Parent Relationship": "Outer", "Parallel Aware": false, "Async Capable": false, "Join Type": "Inner", "Startup Cost": 3.14, "Total Cost": 3246.92, "Plan Rows": 70, "Plan Width": 0, "Inner Unique": false, "Join Filter": "(b.userid = u.id)", "Plans": [{"Node Type": "Nested Loop", "Parent Relationship": "Outer", "Parallel Aware": false, "Async Capable": false, "Join Type": "Inner", "Startup Cost": 2.81, "Total Cost": 3242.52, "Plan Rows": 1, "Plan Width": 8, "Inner Unique": true, "Plans": [{"Node Type": "Nested Loop", "Parent Relationship": "Outer", "Parallel Aware": false, "Async Capable": false, "Join Type": "Inner", "Startup Cost": 2.51, "Total Cost": 3238.21, "Plan Rows": 1, "Plan Width": 4, "Inner Unique": false, "Join Filter": "(p.id = ph.postid)", "Plans": [{"Node Type": "Nested Loop", "Parent Relationship": "Outer", "Parallel Aware": false, "Async Capable": false, "Join Type": "Inner", "Startup Cost": 2.03, "Total Cost": 3233.62, "Plan Rows": 1, "Plan Width": 20, "Inner Unique": false, "Join Filter": "(c.postid = p.id)", "Plans": [{"Node Type": "Nested Loop", "Parent Relationship": "Outer", "Parallel Aware": false, "Async Capable": false, "Join Type": "Inner", "Startup Cost": 1.47, "Total Cost": 3229.0, "Plan Rows": 1, "Plan Width": 12, "Inner Unique": false, "Join Filter": "(p.id = v.postid)", "Plans": [{"Node Type": "Nested Loop", "Parent Relationship": "Outer", "Parallel Aware": false, "Async Capable": false, "Join Type": "Inner", "Startup Cost": 0.81, "Total Cost": 3129.18, "Plan Rows": 21, "Plan Width": 8, "Inner Unique": false, "Plans": [{"Node Type": "Seq Scan", "Parent Relationship": "Outer", "Parallel Aware": false, "Async Capable": false, "Relation Name": "posts", "Alias": "p", "Startup Cost": 0.0, "Total Cost": 2219.64, "Plan Rows": 187, "Plan Width": 4, "Filter": "((answercount <= 37) AND (favoritecount >= 11))"}, {"Node Type": "Bitmap Heap Scan", "Parent Relationship": "Inner", "Parallel Aware": false, "Async Capable": false, "Relation Name": "postlinks", "Alias": "pl", "Startup Cost": 0.81, "Total Cost": 4.84, "Plan Rows": 2, "Plan Width": 4, "Recheck Cond": "(p.id = relatedpostid)", "Filter": "(linktypeid = 1)", "Plans": [{"Node Type": "Bitmap Index Scan", "Parent Relationship": "Outer", "Parallel Aware": false, "Async Capable": false, "Index Name": "idx_postlinks_relatedpostid", "Startup Cost": 0.0, "Total Cost": 0.81, "Plan Rows": 2, "Plan Width": 0, "Index Cond": "(relatedpostid = p.id)"}]}]}, {"Node Type": "Bitmap Heap Scan", "Parent Relationship": "Inner", "Parallel Aware": false, "Async Capable": false, "Relation Name": "votes", "Alias": "v", "Startup Cost": 0.65, "Total Cost": 4.74, "Plan Rows": 1, "Plan Width": 4, "Recheck Cond": "(pl.relatedpostid = postid)", "Filter": "((creationdate <= '2013-02-09 20:41:38'::timestamp without time zone) AND (votetypeid = 15))", "Plans": [{"Node Type": "Bitmap Index Scan", "Parent Relationship": "Outer", "Parallel Aware": false, "Async Capable": false, "Index Name": "idx_votes_postid", "Startup Cost": 0.0, "Total Cost": 0.65, "Plan Rows": 5, "Plan Width": 0, "Index Cond": "(postid = pl.relatedpostid)"}]}]}, {"Node Type": "Bitmap Heap Scan", "Parent Relationship": "Inner", "Parallel Aware": false, "Async Capable": false, "Relation Name": "comments", "Alias": "c", "Startup Cost": 0.56, "Total Cost": 4.61, "Plan Rows": 1, "Plan Width": 8, "Recheck Cond": "(postid = pl.relatedpostid)", "Filter": "((creationdate >= '2012-05-06 16:24:17'::timestamp without time zone) AND (creationdate <= '2013-10-24 15:24:45'::timestamp without time zone))", "Plans": [{"Node Type": "Bitmap Index Scan", "Parent Relationship": "Outer", "Parallel Aware": false, "Async Capable": false, "Index Name": "idx_comments_postid", "Startup Cost": 0.0, "Total Cost": 0.56, "Plan Rows": 3, "Plan Width": 0, "Index Cond": "(postid = pl.relatedpostid)"}]}]}, {"Node Type": "Bitmap Heap Scan", "Parent Relationship": "Inner", "Parallel Aware": false, "Async Capable": false, "Relation Name": "posthistory", "Alias": "ph", "Startup Cost": 0.48, "Total Cost": 4.53, "Plan Rows": 4, "Plan Width": 4, "Recheck Cond": "(c.postid = postid)", "Plans": [{"Node Type": "Bitmap Index Scan", "Parent Relationship": "Outer", "Parallel Aware": false, "Async Capable": false, "Index Name": "idx_posthistory_postid", "Startup Cost": 0.0, "Total Cost": 0.48, "Plan Rows": 4, "Plan Width": 0, "Index Cond": "(postid = c.postid)"}]}]}, {"Node Type": "Bitmap Heap Scan", "Parent Relationship": "Inner", "Parallel Aware": false, "Async Capable": false, "Relation Name": "users", "Alias": "u", "Startup Cost": 0.3, "Total Cost": 4.32, "Plan Rows": 1, "Plan Width": 4, "Recheck Cond": "(c.userid = id)", "Plans": [{"Node Type": "Bitmap Index Scan", "Parent Relationship": "Outer", "Parallel Aware": false, "Async Capable": false, "Index Name": "users_pkey", "Startup Cost": 0.0, "Total Cost": 0.3, "Plan Rows": 1, "Plan Width": 0, "Index Cond": "(id = c.userid)"}]}]}, {"Node Type": "Bitmap Heap Scan", "Parent Relationship": "Inner", "Parallel Aware": false, "Async Capable": false, "Relation Name": "badges", "Alias": "b", "Startup Cost": 0.32, "Total Cost": 4.37, "Plan Rows": 2, "Plan Width": 4, "Recheck Cond": "(c.userid = userid)", "Filter": "(date <= '2014-03-20 05:58:31'::timestamp without time zone)", "Plans": [{"Node Type": "Bitmap Index Scan", "Parent Relationship": "Outer", "Parallel Aware": false, "Async Capable": false, "Index Name": "idx_badges_userid", "Startup Cost": 0.0, "Total Cost": 0.32, "Plan Rows": 3, "Plan Width": 0, "Index Cond": "(userid = c.userid)"}]}]}]}}, {"Plan": {"Node Type": "Aggregate", "Strategy": "Plain", "Partial Mode": "Simple", "Parallel Aware": false, "Async Capable": false, "Startup Cost": 49894.55, "Total Cost": 49894.56, "Plan Rows": 1, "Plan Width": 8, "Plans": [{"Node Type": "Merge Join", "Parent Relationship": "Outer", "Parallel Aware": false, "Async Capable": false, "Join Type": "Inner", "Startup Cost": 49381.5, "Total Cost": 49894.38, "Plan Rows": 70, "Plan Width": 0, "Inner Unique": false, "Merge Cond": "(u.id = b.userid)", "Plans": [{"Node Type": "Merge Join", "Parent Relationship": "Outer", "Parallel Aware": false, "Async Capable": false, "Join Type": "Inner", "Startup Cost": 42994.8, "Total Cost": 43196.43, "Plan Rows": 1, "Plan Width": 8, "Inner Unique": true, "Merge Cond": "(c.userid = u.id)", "Plans": [{"Node Type": "Sort", "Parent Relationship": "Outer", "Parallel Aware": false, "Async Capable": false, "Startup Cost": 39209.8, "Total Cost": 39209.81, "Plan Rows": 1, "Plan Width": 4, "Sort Key": ["c.userid"], "Plans": [{"Node Type": "Merge Join", "Parent Relationship": "Outer", "Parallel Aware": false, "Async Capable": false, "Join Type": "Inner", "Startup Cost": 37898.62, "Total Cost": 39209.79, "Plan Rows": 1, "Plan Width": 4, "Inner Unique": false, "Merge Cond": "(v.postid = p.id)", "Plans": [{"Node Type": "Gather Merge", "Parent Relationship": "Outer", "Parallel Aware": false, "Async Capable": false, "Startup Cost": 14194.06, "Total Cost": 14549.68, "Plan Rows": 1209, "Plan Width": 12, "Workers Planned": 1, "Plans": [{"Node Type": "Merge Join", "Parent Relationship": "Outer", "Parallel Aware": false, "Async Capable": false, "Join Type": "Inner", "Startup Cost": 13194.05, "Total Cost": 13413.65, "Plan Rows": 711, "Plan Width": 12, "Inner Unique": false, "Merge Cond": "(c.postid = v.postid)", "Plans": [{"Node Type": "Sort", "Parent Relationship": "Outer", "Parallel Aware": false, "Async Capable": false, "Startup Cost": 6059.25, "Total Cost": 6162.82, "Plan Rows": 41429, "Plan Width": 8, "Sort Key": ["c.postid"], "Plans": [{"Node Type": "Seq Scan", "Parent Relationship": "Outer", "Parallel Aware": true, "Async Capable": false, "Relation Name": "comments", "Alias": "c", "Startup Cost": 0.0, "Total Cost": 2881.99, "Plan Rows": 41429, "Plan Width": 8, "Filter": "((creationdate >= '2012-05-06 16:24:17'::timestamp without time zone) AND (creationdate <= '2013-10-24 15:24:45'::timestamp without time zone))"}]}, {"Node Type": "Sort", "Parent Relationship": "Inner", "Parallel Aware": false, "Async Capable": false, "Startup Cost": 7134.8, "Total Cost": 7137.47, "Plan Rows": 1070, "Plan Width": 4, "Sort Key": ["v.postid"], "Plans": [{"Node Type": "Seq Scan", "Parent Relationship": "Outer", "Parallel Aware": false, "Async Capable": false, "Relation Name": "votes", "Alias": "v", "Startup Cost": 0.0, "Total Cost": 7080.96, "Plan Rows": 1070, "Plan Width": 4, "Filter": "((creationdate <= '2013-02-09 20:41:38'::timestamp without time zone) AND (votetypeid = 15))"}]}]}]}, {"Node Type": "Materialize", "Parent Relationship": "Inner", "Parallel Aware": false, "Async Capable": false, "Startup Cost": 23704.56, "Total Cost": 24656.91, "Plan Rows": 69, "Plan Width": 12, "Plans": [{"Node Type": "Gather Merge", "Parent Relationship": "Outer", "Parallel Aware": false, "Async Capable": false, "Startup Cost": 23704.56, "Total Cost": 24656.74, "Plan Rows": 69, "Plan Width": 12, "Workers Planned": 1, "Plans": [{"Node Type": "Merge Join", "Parent Relationship": "Outer", "Parallel Aware": false, "Async Capable": false, "Join Type": "Inner", "Startup Cost": 22704.55, "Total Cost": 23648.97, "Plan Rows": 41, "Plan Width": 12, "Inner Unique": false, "Merge Cond": "(ph.postid = p.id)", "Plans": [{"Node Type": "Sort", "Parent Relationship": "Outer", "Parallel Aware": false, "Async Capable": false, "Startup Cost": 19578.98, "Total Cost": 20024.84, "Plan Rows": 178345, "Plan Width": 4, "Sort Key": ["ph.postid"], "Plans": [{"Node Type": "Seq Scan", "Parent Relationship": "Outer", "Parallel Aware": true, "Async Capable": false, "Relation Name": "posthistory", "Alias": "ph", "Startup Cost": 0.0, "Total Cost": 4023.45, "Plan Rows": 178345, "Plan Width": 4}]}, {"Node Type": "Materialize", "Parent Relationship": "Inner", "Parallel Aware": false, "Async Capable": false, "Startup Cost": 3125.57, "Total Cost": 3177.7, "Plan Rows": 21, "Plan Width": 8, "Plans": [{"Node Type": "Merge Join", "Parent Relationship": "Outer", "Parallel Aware": false, "Async Capable": false, "Join Type": "Inner", "Startup Cost": 3125.57, "Total Cost": 3177.64, "Plan Rows": 21, "Plan Width": 8, "Inner Unique": false, "Merge Cond": "(p.id = pl.relatedpostid)", "Plans": [{"Node Type": "Sort", "Parent Relationship": "Outer", "Parallel Aware": false, "Async Capable": false, "Startup Cost": 2226.7, "Total Cost": 2227.16, "Plan Rows": 187, "Plan Width": 4, "Sort Key": ["p.id"], "Plans": [{"Node Type": "Seq Scan", "Parent Relationship": "Outer", "Parallel Aware": false, "Async Capable": false, "Relation Name": "posts", "Alias": "p", "Startup Cost": 0.0, "Total Cost": 2219.64, "Plan Rows": 187, "Plan Width": 4, "Filter": "((answercount <= 37) AND (favoritecount >= 11))"}]}, {"Node Type": "Sort", "Parent Relationship": "Inner", "Parallel Aware": false, "Async Capable": false, "Startup Cost": 898.87, "Total Cost": 924.34, "Plan Rows": 10186, "Plan Width": 4, "Sort Key": ["pl.relatedpostid"], "Plans": [{"Node Type": "Seq Scan", "Parent Relationship": "Outer", "Parallel Aware": false, "Async Capable": false, "Relation Name": "postlinks", "Alias": "pl", "Startup Cost": 0.0, "Total Cost": 220.78, "Plan Rows": 10186, "Plan Width": 4, "Filter": "(linktypeid = 1)"}]}]}]}]}]}]}]}]}, {"Node Type": "Sort", "Parent Relationship": "Inner", "Parallel Aware": false, "Async Capable": false, "Startup Cost": 3784.99, "Total Cost": 3885.8, "Plan Rows": 40325, "Plan Width": 4, "Sort Key": ["u.id"], "Plans": [{"Node Type": "Seq Scan", "Parent Relationship": "Outer", "Parallel Aware": false, "Async Capable": false, "Relation Name": "users", "Alias": "u", "Startup Cost": 0.0, "Total Cost": 700.25, "Plan Rows": 40325, "Plan Width": 4}]}]}, {"Node Type": "Sort", "Parent Relationship": "Inner", "Parallel Aware": false, "Async Capable": false, "Startup Cost": 6386.69, "Total Cost": 6542.31, "Plan Rows": 62246, "Plan Width": 4, "Sort Key": ["b.userid"], "Plans": [{"Node Type": "Seq Scan", "Parent Relationship": "Outer", "Parallel Aware": false, "Async Capable": false, "Relation Name": "badges", "Alias": "b", "Startup Cost": 0.0, "Total Cost": 1430.14, "Plan Rows": 62246, "Plan Width": 4, "Filter": "(date <= '2014-03-20 05:58:31'::timestamp without time zone)"}]}]}]}}, {"Plan": {"Node Type": "Aggregate", "Strategy": "Plain", "Partial Mode": "Finalize", "Parallel Aware": false, "Async Capable": false, "Startup Cost": 37824.73, "Total Cost": 37824.74, "Plan Rows": 1, "Plan Width": 8, "Plans": [{"Node Type": "Gather", "Parent Relationship": "Outer", "Parallel Aware": false, "Async Capable": false, "Startup Cost": 37824.62, "Total Cost": 37824.73, "Plan Rows": 1, "Plan Width": 8, "Workers Planned": 1, "Single Copy": false, "Plans": [{"Node Type": "Aggregate", "Strategy": "Plain", "Partial Mode": "Partial", "Parent Relationship": "Outer", "Parallel Aware": false, "Async Capable": false, "Startup Cost": 36824.62, "Total Cost": 36824.63, "Plan Rows": 1, "Plan Width": 8, "Plans": [{"Node Type": "Merge Join", "Parent Relationship": "Outer", "Parallel Aware": false, "Async Capable": false, "Join Type": "Inner", "Startup Cost": 32146.6, "Total Cost": 36824.52, "Plan Rows": 41, "Plan Width": 0, "Inner Unique": false, "Merge Cond": "(u.id = b.userid)", "Plans": [{"Node Type": "Merge Join", "Parent Relationship": "Outer", "Parallel Aware": false, "Async Capable": false, "Join Type": "Inner", "Startup Cost": 32146.31, "Total Cost": 33603.91, "Plan Rows": 1, "Plan Width": 8, "Inner Unique": true, "Merge Cond": "(c.userid = u.id)", "Plans": [{"Node Type": "Sort", "Parent Relationship": "Outer", "Parallel Aware": false, "Async Capable": false, "Startup Cost": 32145.91, "Total Cost": 32145.92, "Plan Rows": 1, "Plan Width": 4, "Sort Key": ["c.userid"], "Plans": [{"Node Type": "Merge Join", "Parent Relationship": "Outer", "Parallel Aware": false, "Async Capable": false, "Join Type": "Inner", "Startup Cost": 1.84, "Total Cost": 32145.9, "Plan Rows": 1, "Plan Width": 4, "Inner Unique": false, "Merge Cond": "(pl.relatedpostid = p.id)", "Plans": [{"Node Type": "Merge Join", "Parent Relationship": "Outer", "Parallel Aware": false, "Async Capable": false, "Join Type": "Inner", "Startup Cost": 0.71, "Total Cost": 12178.56, "Plan Rows": 450, "Plan Width": 8, "Inner Unique": false, "Merge Cond": "(v.postid = pl.relatedpostid)", "Plans": [{"Node Type": "Index Scan", "Parent Relationship": "Outer", "Parallel Aware": true, "Async Capable": false, "Scan Direction": "Forward", "Index Name": "idx_votes_postid", "Relation Name": "votes", "Alias": "v", "Startup Cost": 0.42, "Total Cost": 11588.3, "Plan Rows": 629, "Plan Width": 4, "Filter": "((creationdate <= '2013-02-09 20:41:38'::timestamp without time zone) AND (votetypeid = 15))"}, {"Node Type": "Index Scan", "Parent Relationship": "Inner", "Parallel Aware": false, "Async Capable": false, "Scan Direction": "Forward", "Index Name": "idx_postlinks_relatedpostid", "Relation Name": "postlinks", "Alias": "pl", "Startup Cost": 0.29, "Total Cost": 558.72, "Plan Rows": 10186, "Plan Width": 4, "Filter": "(linktypeid = 1)"}]}, {"Node Type": "Materialize", "Parent Relationship": "Inner", "Parallel Aware": false, "Async Capable": false, "Startup Cost": 1.13, "Total Cost": 20007.5, "Plan Rows": 471, "Plan Width": 16, "Plans": [{"Node Type": "Merge Join", "Parent Relationship": "Outer", "Parallel Aware": false, "Async Capable": false, "Join Type": "Inner", "Startup Cost": 1.13, "Total Cost": 20006.33, "Plan Rows": 471, "Plan Width": 16, "Inner Unique": false, "Merge Cond": "(p.id = ph.postid)", "Plans": [{"Node Type": "Merge Join", "Parent Relationship": "Outer", "Parallel Aware": false, "Async Capable": false, "Join Type": "Inner", "Startup Cost": 0.71, "Total Cost": 10169.79, "Plan Rows": 143, "Plan Width": 12, "Inner Unique": true, "Merge Cond": "(c.postid = p.id)", "Plans": [{"Node Type": "Index Scan", "Parent Relationship": "Outer", "Parallel Aware": false, "Async Capable": false, "Scan Direction": "Forward", "Index Name": "idx_comments_postid", "Relation Name": "comments", "Alias": "c", "Startup Cost": 0.42, "Total Cost": 6292.76, "Plan Rows": 70430, "Plan Width": 8, "Filter": "((creationdate >= '2012-05-06 16:24:17'::timestamp without time zone) AND (creationdate <= '2013-10-24 15:24:45'::timestamp without time zone))"}, {"Node Type": "Index Scan", "Parent Relationship": "Inner", "Parallel Aware": false, "Async Capable": false, "Scan Direction": "Forward", "Index Name": "posts_pkey", "Relation Name": "posts", "Alias": "p", "Startup Cost": 0.29, "Total Cost": 3699.05, "Plan Rows": 187, "Plan Width": 4, "Filter": "((answercount <= 37) AND (favoritecount >= 11))"}]}, {"Node Type": "Index Scan", "Parent Relationship": "Inner", "Parallel Aware": false, "Async Capable": false, "Scan Direction": "Forward", "Index Name": "idx_posthistory_postid", "Relation Name": "posthistory", "Alias": "ph", "Startup Cost": 0.42, "Total Cost": 9073.51, "Plan Rows": 303187, "Plan Width": 4}]}]}]}]}, {"Node Type": "Index Scan", "Parent Relationship": "Inner", "Parallel Aware": false, "Async Capable": false, "Scan Direction": "Forward", "Index Name": "users_pkey", "Relation Name": "users", "Alias": "u", "Startup Cost": 0.29, "Total Cost": 1357.16, "Plan Rows": 40325, "Plan Width": 4}]}, {"Node Type": "Index Scan", "Parent Relationship": "Inner", "Parallel Aware": false, "Async Capable": false, "Scan Direction": "Forward", "Index Name": "idx_badges_userid", "Relation Name": "badges", "Alias": "b", "Startup Cost": 0.29, "Total Cost": 3064.97, "Plan Rows": 62246, "Plan Width": 4, "Filter": "(date <= '2014-03-20 05:58:31'::timestamp without time zone)"}]}]}]}]}}, {"Plan": {"Node Type": "Aggregate", "Strategy": "Plain", "Partial Mode": "Simple", "Parallel Aware": false, "Async Capable": false, "Startup Cost": 2744.27, "Total Cost": 2744.28, "Plan Rows": 1, "Plan Width": 8, "Plans": [{"Node Type": "Nested Loop", "Parent Relationship": "Outer", "Parallel Aware": false, "Async Capable": false, "Join Type": "Inner", "Startup Cost": 2.13, "Total Cost": 2744.1, "Plan Rows": 70, "Plan Width": 0, "Inner Unique": false, "Join Filter": "(b.userid = u.id)", "Plans": [{"Node Type": "Nested Loop", "Parent Relationship": "Outer", "Parallel Aware": false, "Async Capable": false, "Join Type": "Inner", "Startup Cost": 1.84, "Total Cost": 2743.69, "Plan Rows": 1, "Plan Width": 8, "Inner Unique": true, "Plans": [{"Node Type": "Nested Loop", "Parent Relationship": "Outer", "Parallel Aware": false, "Async Capable": false, "Join Type": "Inner", "Startup Cost": 1.55, "Total Cost": 2743.36, "Plan Rows": 1, "Plan Width": 4, "Inner Unique": false, "Join Filter": "(p.id = ph.postid)", "Plans": [{"Node Type": "Nested Loop", "Parent Relationship": "Outer", "Parallel Aware": false, "Async Capable": false, "Join Type": "Inner", "Startup Cost": 1.13, "Total Cost": 2742.66, "Plan Rows": 1, "Plan Width": 20, "Inner Unique": false, "Join Filter": "(c.postid = p.id)", "Plans": [{"Node Type": "Nested Loop", "Parent Relationship": "Outer", "Parallel Aware": false, "Async Capable": false, "Join Type": "Inner", "Startup Cost": 0.71, "Total Cost": 2741.51, "Plan Rows": 1, "Plan Width": 12, "Inner Unique": false, "Join Filter": "(p.id = v.postid)", "Plans": [{"Node Type": "Nested Loop", "Parent Relationship": "Outer", "Parallel Aware": false, "Async Capable": false, "Join Type": "Inner", "Startup Cost": 0.29, "Total Cost": 2708.15, "Plan Rows": 21, "Plan Width": 8, "Inner Unique": false, "Plans": [{"Node Type": "Seq Scan", "Parent Relationship": "Outer", "Parallel Aware": false, "Async Capable": false, "Relation Name": "posts", "Alias": "p", "Startup Cost": 0.0, "Total Cost": 2219.64, "Plan Rows": 187, "Plan Width": 4, "Filter": "((answercount <= 37) AND (favoritecount >= 11))"}, {"Node Type": "Index Scan", "Parent Relationship": "Inner", "Parallel Aware": false, "Async Capable": false, "Scan Direction": "Forward", "Index Name": "idx_postlinks_relatedpostid", "Relation Name": "postlinks", "Alias": "pl", "Startup Cost": 0.29, "Total Cost": 2.59, "Plan Rows": 2, "Plan Width": 4, "Index Cond": "(relatedpostid = p.id)", "Filter": "(linktypeid = 1)"}]}, {"Node Type": "Index Scan", "Parent Relationship": "Inner", "Parallel Aware": false, "Async Capable": false, "Scan Direction": "Forward", "Index Name": "idx_votes_postid", "Relation Name": "votes", "Alias": "v", "Startup Cost": 0.42, "Total Cost": 1.58, "Plan Rows": 1, "Plan Width": 4, "Index Cond": "(postid = pl.relatedpostid)", "Filter": "((creationdate <= '2013-02-09 20:41:38'::timestamp without time zone) AND (votetypeid = 15))"}]}, {"Node Type": "Index Scan", "Parent Relationship": "Inner", "Parallel Aware": false, "Async Capable": false, "Scan Direction": "Forward", "Index Name": "idx_comments_postid", "Relation Name": "comments", "Alias": "c", "Startup Cost": 0.42, "Total Cost": 1.13, "Plan Rows": 1, "Plan Width": 8, "Index Cond": "(postid = pl.relatedpostid)", "Filter": "((creationdate >= '2012-05-06 16:24:17'::timestamp without time zone) AND (creationdate <= '2013-10-24 15:24:45'::timestamp without time zone))"}]}, {"Node Type": "Index Scan", "Parent Relationship": "Inner", "Parallel Aware": false, "Async Capable": false, "Scan Direction": "Forward", "Index Name": "idx_posthistory_postid", "Relation Name": "posthistory", "Alias": "ph", "Startup Cost": 0.42, "Total Cost": 0.65, "Plan Rows": 4, "Plan Width": 4, "Index Cond": "(postid = c.postid)"}]}, {"Node Type": "Index Scan", "Parent Relationship": "Inner", "Parallel Aware": false, "Async Capable": false, "Scan Direction": "Forward", "Index Name": "users_pkey", "Relation Name": "users", "Alias": "u", "Startup Cost": 0.29, "Total Cost": 0.33, "Plan Rows": 1, "Plan Width": 4, "Index Cond": "(id = c.userid)"}]}, {"Node Type": "Index Scan", "Parent Relationship": "Inner", "Parallel Aware": false, "Async Capable": false, "Scan Direction": "Forward", "Index Name": "idx_badges_userid", "Relation Name": "badges", "Alias": "b", "Startup Cost": 0.29, "Total Cost": 0.38, "Plan Rows": 2, "Plan Width": 4, "Index Cond": "(userid = c.userid)", "Filter": "(date <= '2014-03-20 05:58:31'::timestamp without time zone)"}]}]}}, {"Plan": {"Node Type": "Aggregate", "Strategy": "Plain", "Partial Mode": "Simple", "Parallel Aware": false, "Async Capable": false, "Startup Cost": 29410.73, "Total Cost": 29410.74, "Plan Rows": 1, "Plan Width": 8, "Plans": [{"Node Type": "Merge Join", "Parent Relationship": "Outer", "Parallel Aware": false, "Async Capable": false, "Join Type": "Inner", "Startup Cost": 24732.64, "Total Cost": 29410.55, "Plan Rows": 70, "Plan Width": 0, "Inner Unique": false, "Merge Cond": "(u.id = b.userid)", "Plans": [{"Node Type": "Merge Join", "Parent Relationship": "Outer", "Parallel Aware": false, "Async Capable": false, "Join Type": "Inner", "Startup Cost": 24732.35, "Total Cost": 26189.95, "Plan Rows": 1, "Plan Width": 8, "Inner Unique": false, "Merge Cond": "(u.id = c.userid)", "Plans": [{"Node Type": "Index Scan", "Parent Relationship": "Outer", "Parallel Aware": false, "Async Capable": false, "Scan Direction": "Forward", "Index Name": "users_pkey", "Relation Name": "users", "Alias": "u", "Startup Cost": 0.29, "Total Cost": 1357.16, "Plan Rows": 40325, "Plan Width": 4}, {"Node Type": "Sort", "Parent Relationship": "Inner", "Parallel Aware": false, "Async Capable": false, "Startup Cost": 24731.95, "Total Cost": 24731.96, "Plan Rows": 1, "Plan Width": 4, "Sort Key": ["c.userid"], "Plans": [{"Node Type": "Merge Join", "Parent Relationship": "Outer", "Parallel Aware": false, "Async Capable": false, "Join Type": "Inner", "Startup Cost": 9443.36, "Total Cost": 24731.94, "Plan Rows": 1, "Plan Width": 4, "Inner Unique": false, "Merge Cond": "(p.id = v.postid)", "Plans": [{"Node Type": "Gather Merge", "Parent Relationship": "Outer", "Parallel Aware": false, "Async Capable": false, "Startup Cost": 3227.83, "Total Cost": 18510.93, "Plan Rows": 53, "Plan Width": 20, "Workers Planned": 1, "Plans": [{"Node Type": "Merge Join", "Parent Relationship": "Outer", "Parallel Aware": false, "Async Capable": false, "Join Type": "Inner", "Startup Cost": 2227.82, "Total Cost": 17504.96, "Plan Rows": 31, "Plan Width": 20, "Inner Unique": false, "Merge Cond": "(p.id = pl.relatedpostid)", "Plans": [{"Node Type": "Merge Join", "Parent Relationship": "Outer", "Parallel Aware": false, "Async Capable": false, "Join Type": "Inner", "Startup Cost": 2227.54, "Total Cost": 16973.01, "Plan Rows": 277, "Plan Width": 16, "Inner Unique": false, "Merge Cond": "(ph.postid = p.id)", "Plans": [{"Node Type": "Index Scan", "Parent Relationship": "Outer", "Parallel Aware": true, "Async Capable": false, "Scan Direction": "Forward", "Index Name": "idx_posthistory_postid", "Relation Name": "posthistory", "Alias": "ph", "Startup Cost": 0.42, "Total Cost": 7825.09, "Plan Rows": 178345, "Plan Width": 4}, {"Node Type": "Materialize", "Parent Relationship": "Inner", "Parallel Aware": false, "Async Capable": false, "Startup Cost": 2227.12, "Total Cost": 8698.26, "Plan Rows": 143, "Plan Width": 12, "Plans": [{"Node Type": "Merge Join", "Parent Relationship": "Outer", "Parallel Aware": false, "Async Capable": false, "Join Type": "Inner", "Startup Cost": 2227.12, "Total Cost": 8697.9, "Plan Rows": 143, "Plan Width": 12, "Inner Unique": true, "Merge Cond": "(c.postid = p.id)", "Plans": [{"Node Type": "Index Scan", "Parent Relationship": "Outer", "Parallel Aware": false, "Async Capable": false, "Scan Direction": "Forward", "Index Name": "idx_comments_postid", "Relation Name": "comments", "Alias": "c", "Startup Cost": 0.42, "Total Cost": 6292.76, "Plan Rows": 70430, "Plan Width": 8, "Filter": "((creationdate >= '2012-05-06 16:24:17'::timestamp without time zone) AND (creationdate <= '2013-10-24 15:24:45'::timestamp without time zone))"}, {"Node Type": "Sort", "Parent Relationship": "Inner", "Parallel Aware": false, "Async Capable": false, "Startup Cost": 2226.7, "Total Cost": 2227.16, "Plan Rows": 187, "Plan Width": 4, "Sort Key": ["p.id"], "Plans": [{"Node Type": "Seq Scan", "Parent Relationship": "Outer", "Parallel Aware": false, "Async Capable": false, "Relation Name": "posts", "Alias": "p", "Startup Cost": 0.0, "Total Cost": 2219.64, "Plan Rows": 187, "Plan Width": 4, "Filter": "((answercount <= 37) AND (favoritecount >= 11))"}]}]}]}]}, {"Node Type": "Index Scan", "Parent Relationship": "Inner", "Parallel Aware": false, "Async Capable": false, "Scan Direction": "Forward", "Index Name": "idx_postlinks_relatedpostid", "Relation Name": "postlinks", "Alias": "pl", "Startup Cost": 0.29, "Total Cost": 558.72, "Plan Rows": 10186, "Plan Width": 4, "Filter": "(linktypeid = 1)"}]}]}, {"Node Type": "Sort", "Parent Relationship": "Inner", "Parallel Aware": false, "Async Capable": false, "Startup Cost": 6215.52, "Total Cost": 6218.2, "Plan Rows": 1070, "Plan Width": 4, "Sort Key": ["v.postid"], "Plans": [{"Node Type": "Gather", "Parent Relationship": "Outer", "Parallel Aware": false, "Async Capable": false, "Startup Cost": 1000.0, "Total Cost": 6161.68, "Plan Rows": 1070, "Plan Width": 4, "Workers Planned": 1, "Single Copy": false, "Plans": [{"Node Type": "Seq Scan", "Parent Relationship": "Outer", "Parallel Aware": true, "Async Capable": false, "Relation Name": "votes", "Alias": "v", "Startup Cost": 0.0, "Total Cost": 5054.68, "Plan Rows": 629, "Plan Width": 4, "Filter": "((creationdate <= '2013-02-09 20:41:38'::timestamp without time zone) AND (votetypeid = 15))"}]}]}]}]}]}, {"Node Type": "Index Scan", "Parent Relationship": "Inner", "Parallel Aware": false, "Async Capable": false, "Scan Direction": "Forward", "Index Name": "idx_badges_userid", "Relation Name": "badges", "Alias": "b", "Startup Cost": 0.29, "Total Cost": 3064.97, "Plan Rows": 62246, "Plan Width": 4, "Filter": "(date <= '2014-03-20 05:58:31'::timestamp without time zone)"}]}]}}]