[{"Plan": {"Node Type": "Aggregate", "Strategy": "Plain", "Partial Mode": "Simple", "Parallel Aware": false, "Async Capable": false, "Startup Cost": 2717.64, "Total Cost": 2717.65, "Plan Rows": 1, "Plan Width": 8, "Plans": [{"Node Type": "Nested Loop", "Parent Relationship": "Outer", "Parallel Aware": false, "Async Capable": false, "Join Type": "Inner", "Startup Cost": 0.29, "Total Cost": 2717.53, "Plan Rows": 42, "Plan Width": 0, "Inner Unique": false, "Plans": [{"Node Type": "Seq Scan", "Parent Relationship": "Outer", "Parallel Aware": false, "Async Capable": false, "Relation Name": "posts", "Alias": "p", "Startup Cost": 0.0, "Total Cost": 2679.52, "Plan Rows": 3, "Plan Width": 4, "Filter": "((answercount >= 52) AND (answercount <= 109) AND (commentcount >= 0) AND (commentcount <= 35))"}, {"Node Type": "Index Scan", "Parent Relationship": "Inner", "Parallel Aware": false, "Async Capable": false, "Scan Direction": "Forward", "Index Name": "idx_badges_userid", "Relation Name": "badges", "Alias": "b", "Startup Cost": 0.29, "Total Cost": 12.66, "Plan Rows": 1, "Plan Width": 4, "Index Cond": "(userid = p.owneruserid)", "Filter": "(date <= '2012-12-03 18:59:23'::timestamp without time zone)"}]}]}}, {"Plan": {"Node Type": "Aggregate", "Strategy": "Plain", "Partial Mode": "Simple", "Parallel Aware": false, "Async Capable": false, "Startup Cost": 20000005060.4, "Total Cost": 20000005060.41, "Plan Rows": 1, "Plan Width": 8, "Plans": [{"Node Type": "Nested Loop", "Parent Relationship": "Outer", "Parallel Aware": false, "Async Capable": false, "Join Type": "Inner", "Startup Cost": 20000000004.61, "Total Cost": 20000005060.29, "Plan Rows": 42, "Plan Width": 0, "Inner Unique": false, "Plans": [{"Node Type": "Index Scan", "Parent Relationship": "Outer", "Parallel Aware": false, "Async Capable": false, "Scan Direction": "Forward", "Index Name": "idx_posts_owneruserid", "Relation Name": "posts", "Alias": "p", "Startup Cost": 10000000000.29, "Total Cost": 10000005013.43, "Plan Rows": 3, "Plan Width": 4, "Filter": "((answercount >= 52) AND (answercount <= 109) AND (commentcount >= 0) AND (commentcount <= 35))"}, {"Node Type": "Bitmap Heap Scan", "Parent Relationship": "Inner", "Parallel Aware": false, "Async Capable": false, "Relation Name": "badges", "Alias": "b", "Startup Cost": 4.32, "Total Cost": 15.61, "Plan Rows": 1, "Plan Width": 4, "Recheck Cond": "(userid = p.owneruserid)", "Filter": "(date <= '2012-12-03 18:59:23'::timestamp without time zone)", "Plans": [{"Node Type": "Bitmap Index Scan", "Parent Relationship": "Outer", "Parallel Aware": false, "Async Capable": false, "Index Name": "idx_badges_userid", "Startup Cost": 0.0, "Total Cost": 4.32, "Plan Rows": 3, "Plan Width": 0, "Index Cond": "(userid = p.owneruserid)"}]}]}]}}, {"Plan": {"Node Type": "Aggregate", "Strategy": "Plain", "Partial Mode": "Simple", "Parallel Aware": false, "Async Capable": false, "Startup Cost": 8259.29, "Total Cost": 8259.3, "Plan Rows": 1, "Plan Width": 8, "Plans": [{"Node Type": "Hash Join", "Parent Relationship": "Outer", "Parallel Aware": false, "Async Capable": false, "Join Type": "Inner", "Startup Cost": 5013.76, "Total Cost": 8259.18, "Plan Rows": 42, "Plan Width": 0, "Inner Unique": false, "Hash Cond": "(b.userid = p.owneruserid)", "Plans": [{"Node Type": "Index Scan", "Parent Relationship": "Outer", "Parallel Aware": false, "Async Capable": false, "Scan Direction": "Forward", "Index Name": "idx_badges_userid", "Relation Name": "badges", "Alias": "b", "Startup Cost": 0.29, "Total Cost": 3064.97, "Plan Rows": 28852, "Plan Width": 4, "Filter": "(date <= '2012-12-03 18:59:23'::timestamp without time zone)"}, {"Node Type": "Hash", "Parent Relationship": "Inner", "Parallel Aware": false, "Async Capable": false, "Startup Cost": 5013.43, "Total Cost": 5013.43, "Plan Rows": 3, "Plan Width": 4, "Plans": [{"Node Type": "Index Scan", "Parent Relationship": "Outer", "Parallel Aware": false, "Async Capable": false, "Scan Direction": "Forward", "Index Name": "idx_posts_owneruserid", "Relation Name": "posts", "Alias": "p", "Startup Cost": 0.29, "Total Cost": 5013.43, "Plan Rows": 3, "Plan Width": 4, "Filter": "((answercount >= 52) AND (answercount <= 109) AND (commentcount >= 0) AND (commentcount <= 35))"}]}]}]}}, {"Plan": {"Node Type": "Aggregate", "Strategy": "Plain", "Partial Mode": "Simple", "Parallel Aware": false, "Async Capable": false, "Startup Cost": 8151.06, "Total Cost": 8151.07, "Plan Rows": 1, "Plan Width": 8, "Plans": [{"Node Type": "Merge Join", "Parent Relationship": "Outer", "Parallel Aware": false, "Async Capable": false, "Join Type": "Inner", "Startup Cost": 0.58, "Total Cost": 8150.96, "Plan Rows": 42, "Plan Width": 0, "Inner Unique": false, "Merge Cond": "(p.owneruserid = b.userid)", "Plans": [{"Node Type": "Index Scan", "Parent Relationship": "Outer", "Parallel Aware": false, "Async Capable": false, "Scan Direction": "Forward", "Index Name": "idx_posts_owneruserid", "Relation Name": "posts", "Alias": "p", "Startup Cost": 0.29, "Total Cost": 5013.43, "Plan Rows": 3, "Plan Width": 4, "Filter": "((answercount >= 52) AND (answercount <= 109) AND (commentcount >= 0) AND (commentcount <= 35))"}, {"Node Type": "Index Scan", "Parent Relationship": "Inner", "Parallel Aware": false, "Async Capable": false, "Scan Direction": "Forward", "Index Name": "idx_badges_userid", "Relation Name": "badges", "Alias": "b", "Startup Cost": 0.29, "Total Cost": 3064.97, "Plan Rows": 28852, "Plan Width": 4, "Filter": "(date <= '2012-12-03 18:59:23'::timestamp without time zone)"}]}]}}, {"Plan": {"Node Type": "Aggregate", "Strategy": "Plain", "Partial Mode": "Simple", "Parallel Aware": false, "Async Capable": false, "Startup Cost": 5051.55, "Total Cost": 5051.56, "Plan Rows": 1, "Plan Width": 8, "Plans": [{"Node Type": "Nested Loop", "Parent Relationship": "Outer", "Parallel Aware": false, "Async Capable": false, "Join Type": "Inner", "Startup Cost": 0.58, "Total Cost": 5051.44, "Plan Rows": 42, "Plan Width": 0, "Inner Unique": false, "Plans": [{"Node Type": "Index Scan", "Parent Relationship": "Outer", "Parallel Aware": false, "Async Capable": false, "Scan Direction": "Forward", "Index Name": "idx_posts_owneruserid", "Relation Name": "posts", "Alias": "p", "Startup Cost": 0.29, "Total Cost": 5013.43, "Plan Rows": 3, "Plan Width": 4, "Filter": "((answercount >= 52) AND (answercount <= 109) AND (commentcount >= 0) AND (commentcount <= 35))"}, {"Node Type": "Index Scan", "Parent Relationship": "Inner", "Parallel Aware": false, "Async Capable": false, "Scan Direction": "Forward", "Index Name": "idx_badges_userid", "Relation Name": "badges", "Alias": "b", "Startup Cost": 0.29, "Total Cost": 12.66, "Plan Rows": 1, "Plan Width": 4, "Index Cond": "(userid = p.owneruserid)", "Filter": "(date <= '2012-12-03 18:59:23'::timestamp without time zone)"}]}]}}, {"Plan": {"Node Type": "Aggregate", "Strategy": "Plain", "Partial Mode": "Simple", "Parallel Aware": false, "Async Capable": false, "Startup Cost": 4290.54, "Total Cost": 4290.55, "Plan Rows": 1, "Plan Width": 8, "Plans": [{"Node Type": "Hash Join", "Parent Relationship": "Outer", "Parallel Aware": false, "Async Capable": false, "Join Type": "Inner", "Startup Cost": 2679.56, "Total Cost": 4290.44, "Plan Rows": 42, "Plan Width": 0, "Inner Unique": false, "Hash Cond": "(b.userid = p.owneruserid)", "Plans": [{"Node Type": "Seq Scan", "Parent Relationship": "Outer", "Parallel Aware": false, "Async Capable": false, "Relation Name": "badges", "Alias": "b", "Startup Cost": 0.0, "Total Cost": 1430.14, "Plan Rows": 28852, "Plan Width": 4, "Filter": "(date <= '2012-12-03 18:59:23'::timestamp without time zone)"}, {"Node Type": "Hash", "Parent Relationship": "Inner", "Parallel Aware": false, "Async Capable": false, "Startup Cost": 2679.52, "Total Cost": 2679.52, "Plan Rows": 3, "Plan Width": 4, "Plans": [{"Node Type": "Seq Scan", "Parent Relationship": "Outer", "Parallel Aware": false, "Async Capable": false, "Relation Name": "posts", "Alias": "p", "Startup Cost": 0.0, "Total Cost": 2679.52, "Plan Rows": 3, "Plan Width": 4, "Filter": "((answercount >= 52) AND (answercount <= 109) AND (commentcount >= 0) AND (commentcount <= 35))"}]}]}]}}, {"Plan": {"Node Type": "Aggregate", "Strategy": "Plain", "Partial Mode": "Simple", "Parallel Aware": false, "Async Capable": false, "Startup Cost": 10000005060.4, "Total Cost": 10000005060.41, "Plan Rows": 1, "Plan Width": 8, "Plans": [{"Node Type": "Nested Loop", "Parent Relationship": "Outer", "Parallel Aware": false, "Async Capable": false, "Join Type": "Inner", "Startup Cost": 10000000004.61, "Total Cost": 10000005060.29, "Plan Rows": 42, "Plan Width": 0, "Inner Unique": false, "Plans": [{"Node Type": "Index Scan", "Parent Relationship": "Outer", "Parallel Aware": false, "Async Capable": false, "Scan Direction": "Forward", "Index Name": "idx_posts_owneruserid", "Relation Name": "posts", "Alias": "p", "Startup Cost": 10000000000.29, "Total Cost": 10000005013.43, "Plan Rows": 3, "Plan Width": 4, "Filter": "((answercount >= 52) AND (answercount <= 109) AND (commentcount >= 0) AND (commentcount <= 35))"}, {"Node Type": "Bitmap Heap Scan", "Parent Relationship": "Inner", "Parallel Aware": false, "Async Capable": false, "Relation Name": "badges", "Alias": "b", "Startup Cost": 4.32, "Total Cost": 15.61, "Plan Rows": 1, "Plan Width": 4, "Recheck Cond": "(userid = p.owneruserid)", "Filter": "(date <= '2012-12-03 18:59:23'::timestamp without time zone)", "Plans": [{"Node Type": "Bitmap Index Scan", "Parent Relationship": "Outer", "Parallel Aware": false, "Async Capable": false, "Index Name": "idx_badges_userid", "Startup Cost": 0.0, "Total Cost": 4.32, "Plan Rows": 3, "Plan Width": 0, "Index Cond": "(userid = p.owneruserid)"}]}]}]}}, {"Plan": {"Node Type": "Aggregate", "Strategy": "Plain", "Partial Mode": "Simple", "Parallel Aware": false, "Async Capable": false, "Startup Cost": 2726.49, "Total Cost": 2726.5, "Plan Rows": 1, "Plan Width": 8, "Plans": [{"Node Type": "Nested Loop", "Parent Relationship": "Outer", "Parallel Aware": false, "Async Capable": false, "Join Type": "Inner", "Startup Cost": 4.32, "Total Cost": 2726.38, "Plan Rows": 42, "Plan Width": 0, "Inner Unique": false, "Plans": [{"Node Type": "Seq Scan", "Parent Relationship": "Outer", "Parallel Aware": false, "Async Capable": false, "Relation Name": "posts", "Alias": "p", "Startup Cost": 0.0, "Total Cost": 2679.52, "Plan Rows": 3, "Plan Width": 4, "Filter": "((answercount >= 52) AND (answercount <= 109) AND (commentcount >= 0) AND (commentcount <= 35))"}, {"Node Type": "Bitmap Heap Scan", "Parent Relationship": "Inner", "Parallel Aware": false, "Async Capable": false, "Relation Name": "badges", "Alias": "b", "Startup Cost": 4.32, "Total Cost": 15.61, "Plan Rows": 1, "Plan Width": 4, "Recheck Cond": "(userid = p.owneruserid)", "Filter": "(date <= '2012-12-03 18:59:23'::timestamp without time zone)", "Plans": [{"Node Type": "Bitmap Index Scan", "Parent Relationship": "Outer", "Parallel Aware": false, "Async Capable": false, "Index Name": "idx_badges_userid", "Startup Cost": 0.0, "Total Cost": 4.32, "Plan Rows": 3, "Plan Width": 0, "Index Cond": "(userid = p.owneruserid)"}]}]}]}}, {"Plan": {"Node Type": "Aggregate", "Strategy": "Plain", "Partial Mode": "Simple", "Parallel Aware": false, "Async Capable": false, "Startup Cost": 5817.38, "Total Cost": 5817.39, "Plan Rows": 1, "Plan Width": 8, "Plans": [{"Node Type": "Merge Join", "Parent Relationship": "Outer", "Parallel Aware": false, "Async Capable": false, "Join Type": "Inner", "Startup Cost": 2679.84, "Total Cost": 5817.27, "Plan Rows": 42, "Plan Width": 0, "Inner Unique": false, "Merge Cond": "(b.userid = p.owneruserid)", "Plans": [{"Node Type": "Index Scan", "Parent Relationship": "Outer", "Parallel Aware": false, "Async Capable": false, "Scan Direction": "Forward", "Index Name": "idx_badges_userid", "Relation Name": "badges", "Alias": "b", "Startup Cost": 0.29, "Total Cost": 3064.97, "Plan Rows": 28852, "Plan Width": 4, "Filter": "(date <= '2012-12-03 18:59:23'::timestamp without time zone)"}, {"Node Type": "Sort", "Parent Relationship": "Inner", "Parallel Aware": false, "Async Capable": false, "Startup Cost": 2679.54, "Total Cost": 2679.55, "Plan Rows": 3, "Plan Width": 4, "Sort Key": ["p.owneruserid"], "Plans": [{"Node Type": "Seq Scan", "Parent Relationship": "Outer", "Parallel Aware": false, "Async Capable": false, "Relation Name": "posts", "Alias": "p", "Startup Cost": 0.0, "Total Cost": 2679.52, "Plan Rows": 3, "Plan Width": 4, "Filter": "((answercount >= 52) AND (answercount <= 109) AND (commentcount >= 0) AND (commentcount <= 35))"}]}]}]}}, {"Plan": {"Node Type": "Aggregate", "Strategy": "Plain", "Partial Mode": "Simple", "Parallel Aware": false, "Async Capable": false, "Startup Cost": 6391.89, "Total Cost": 6391.9, "Plan Rows": 1, "Plan Width": 8, "Plans": [{"Node Type": "Merge Join", "Parent Relationship": "Outer", "Parallel Aware": false, "Async Capable": false, "Join Type": "Inner", "Startup Cost": 6247.09, "Total Cost": 6391.79, "Plan Rows": 42, "Plan Width": 0, "Inner Unique": false, "Merge Cond": "(p.owneruserid = b.userid)", "Plans": [{"Node Type": "Sort", "Parent Relationship": "Outer", "Parallel Aware": false, "Async Capable": false, "Startup Cost": 2679.54, "Total Cost": 2679.55, "Plan Rows": 3, "Plan Width": 4, "Sort Key": ["p.owneruserid"], "Plans": [{"Node Type": "Seq Scan", "Parent Relationship": "Outer", "Parallel Aware": false, "Async Capable": false, "Relation Name": "posts", "Alias": "p", "Startup Cost": 0.0, "Total Cost": 2679.52, "Plan Rows": 3, "Plan Width": 4, "Filter": "((answercount >= 52) AND (answercount <= 109) AND (commentcount >= 0) AND (commentcount <= 35))"}]}, {"Node Type": "Sort", "Parent Relationship": "Inner", "Parallel Aware": false, "Async Capable": false, "Startup Cost": 3567.55, "Total Cost": 3639.68, "Plan Rows": 28852, "Plan Width": 4, "Sort Key": ["b.userid"], "Plans": [{"Node Type": "Seq Scan", "Parent Relationship": "Outer", "Parallel Aware": false, "Async Capable": false, "Relation Name": "badges", "Alias": "b", "Startup Cost": 0.0, "Total Cost": 1430.14, "Plan Rows": 28852, "Plan Width": 4, "Filter": "(date <= '2012-12-03 18:59:23'::timestamp without time zone)"}]}]}]}}]