[{"Plan": {"Node Type": "Aggregate", "Strategy": "Plain", "Partial Mode": "Simple", "Parallel Aware": false, "Async Capable": false, "Startup Cost": 3524.54, "Total Cost": 3524.55, "Plan Rows": 1, "Plan Width": 8, "Plans": [{"Node Type": "Nested Loop", "Parent Relationship": "Outer", "Parallel Aware": false, "Async Capable": false, "Join Type": "Inner", "Startup Cost": 1.85, "Total Cost": 3522.83, "Plan Rows": 683, "Plan Width": 0, "Inner Unique": false, "Plans": [{"Node Type": "Nested Loop", "Parent Relationship": "Outer", "Parallel Aware": false, "Async Capable": false, "Join Type": "Inner", "Startup Cost": 1.56, "Total Cost": 3515.84, "Plan Rows": 18, "Plan Width": 8, "Inner Unique": false, "Join Filter": "(p.id = ph.postid)", "Plans": [{"Node Type": "Nested Loop", "Parent Relationship": "Outer", "Parallel Aware": false, "Async Capable": false, "Join Type": "Inner", "Startup Cost": 1.13, "Total Cost": 3512.51, "Plan Rows": 6, "Plan Width": 20, "Inner Unique": true, "Plans": [{"Node Type": "Nested Loop", "Parent Relationship": "Outer", "Parallel Aware": false, "Async Capable": false, "Join Type": "Inner", "Startup Cost": 0.84, "Total Cost": 3496.68, "Plan Rows": 6, "Plan Width": 16, "Inner Unique": false, "Join Filter": "(p.id = v.postid)", "Plans": [{"Node Type": "Nested Loop", "Parent Relationship": "Outer", "Parallel Aware": false, "Async Capable": false, "Join Type": "Inner", "Startup Cost": 0.42, "Total Cost": 3312.56, "Plan Rows": 309, "Plan Width": 12, "Inner Unique": false, "Plans": [{"Node Type": "Seq Scan", "Parent Relationship": "Outer", "Parallel Aware": false, "Async Capable": false, "Relation Name": "posts", "Alias": "p", "Startup Cost": 0.0, "Total Cost": 2679.52, "Plan Rows": 163, "Plan Width": 8, "Filter": "((commentcount >= 4) AND (commentcount <= 10) AND (favoritecount >= 4) AND (posttypeid = 1))"}, {"Node Type": "Index Only Scan", "Parent Relationship": "Inner", "Parallel Aware": false, "Async Capable": false, "Scan Direction": "Forward", "Index Name": "idx_comments_postid", "Relation Name": "comments", "Alias": "c", "Startup Cost": 0.42, "Total Cost": 3.85, "Plan Rows": 3, "Plan Width": 4, "Index Cond": "(postid = p.id)"}]}, {"Node Type": "Index Scan", "Parent Relationship": "Inner", "Parallel Aware": false, "Async Capable": false, "Scan Direction": "Forward", "Index Name": "idx_votes_postid", "Relation Name": "votes", "Alias": "v", "Startup Cost": 0.42, "Total Cost": 0.58, "Plan Rows": 1, "Plan Width": 4, "Index Cond": "(postid = c.postid)", "Filter": "(bountyamount <= 126)"}]}, {"Node Type": "Index Only Scan", "Parent Relationship": "Inner", "Parallel Aware": false, "Async Capable": false, "Scan Direction": "Forward", "Index Name": "users_pkey", "Relation Name": "users", "Alias": "u", "Startup Cost": 0.29, "Total Cost": 2.64, "Plan Rows": 1, "Plan Width": 4, "Index Cond": "(id = p.owneruserid)"}]}, {"Node Type": "Index Only Scan", "Parent Relationship": "Inner", "Parallel Aware": false, "Async Capable": false, "Scan Direction": "Forward", "Index Name": "idx_posthistory_postid", "Relation Name": "posthistory", "Alias": "ph", "Startup Cost": 0.42, "Total Cost": 0.5, "Plan Rows": 4, "Plan Width": 4, "Index Cond": "(postid = c.postid)"}]}, {"Node Type": "Index Only Scan", "Parent Relationship": "Inner", "Parallel Aware": false, "Async Capable": false, "Scan Direction": "Forward", "Index Name": "idx_badges_userid", "Relation Name": "badges", "Alias": "b", "Startup Cost": 0.29, "Total Cost": 0.36, "Plan Rows": 3, "Plan Width": 4, "Index Cond": "(userid = u.id)"}]}]}}, {"Plan": {"Node Type": "Aggregate", "Strategy": "Plain", "Partial Mode": "Simple", "Parallel Aware": false, "Async Capable": false, "Startup Cost": 60000008948.56, "Total Cost": 60000008948.57, "Plan Rows": 1, "Plan Width": 8, "Plans": [{"Node Type": "Nested Loop", "Parent Relationship": "Outer", "Parallel Aware": false, "Async Capable": false, "Join Type": "Inner", "Startup Cost": 60000000008.78, "Total Cost": 60000008946.85, "Plan Rows": 683, "Plan Width": 0, "Inner Unique": false, "Plans": [{"Node Type": "Nested Loop", "Parent Relationship": "Outer", "Parallel Aware": false, "Async Capable": false, "Join Type": "Inner", "Startup Cost": 50000000008.45, "Total Cost": 50000008867.72, "Plan Rows": 18, "Plan Width": 8, "Inner Unique": false, "Join Filter": "(p.id = ph.postid)", "Plans": [{"Node Type": "Nested Loop", "Parent Relationship": "Outer", "Parallel Aware": false, "Async Capable": false, "Join Type": "Inner", "Startup Cost": 40000000007.99, "Total Cost": 40000008840.33, "Plan Rows": 6, "Plan Width": 20, "Inner Unique": false, "Join Filter": "(c.postid = p.id)", "Plans": [{"Node Type": "Nested Loop", "Parent Relationship": "Outer", "Parallel Aware": false, "Async Capable": false, "Join Type": "Inner", "Startup Cost": 30000000006.82, "Total Cost": 30000008824.6, "Plan Rows": 3, "Plan Width": 16, "Inner Unique": true, "Plans": [{"Node Type": "Nested Loop", "Parent Relationship": "Outer", "Parallel Aware": false, "Async Capable": false, "Join Type": "Inner", "Startup Cost": 20000000004.19, "Total Cost": 20000008804.67, "Plan Rows": 3, "Plan Width": 12, "Inner Unique": false, "Plans": [{"Node Type": "Index Scan", "Parent Relationship": "Outer", "Parallel Aware": false, "Async Capable": false, "Scan Direction": "Forward", "Index Name": "idx_posts_owneruserid", "Relation Name": "posts", "Alias": "p", "Startup Cost": 10000000000.29, "Total Cost": 10000005013.43, "Plan Rows": 163, "Plan Width": 8, "Filter": "((commentcount >= 4) AND (commentcount <= 10) AND (favoritecount >= 4) AND (posttypeid = 1))"}, {"Node Type": "Bitmap Heap Scan", "Parent Relationship": "Inner", "Parallel Aware": false, "Async Capable": false, "Relation Name": "votes", "Alias": "v", "Startup Cost": 3.9, "Total Cost": 23.25, "Plan Rows": 1, "Plan Width": 4, "Recheck Cond": "(p.id = postid)", "Filter": "(bountyamount <= 126)", "Plans": [{"Node Type": "Bitmap Index Scan", "Parent Relationship": "Outer", "Parallel Aware": false, "Async Capable": false, "Index Name": "idx_votes_postid", "Startup Cost": 0.0, "Total Cost": 3.9, "Plan Rows": 5, "Plan Width": 0, "Index Cond": "(postid = p.id)"}]}]}, {"Node Type": "Bitmap Heap Scan", "Parent Relationship": "Inner", "Parallel Aware": false, "Async Capable": false, "Relation Name": "users", "Alias": "u", "Startup Cost": 2.63, "Total Cost": 6.64, "Plan Rows": 1, "Plan Width": 4, "Recheck Cond": "(p.owneruserid = id)", "Plans": [{"Node Type": "Bitmap Index Scan", "Parent Relationship": "Outer", "Parallel Aware": false, "Async Capable": false, "Index Name": "users_pkey", "Startup Cost": 0.0, "Total Cost": 2.63, "Plan Rows": 1, "Plan Width": 0, "Index Cond": "(id = p.owneruserid)"}]}]}, {"Node Type": "Bitmap Heap Scan", "Parent Relationship": "Inner", "Parallel Aware": false, "Async Capable": false, "Relation Name": "comments", "Alias": "c", "Startup Cost": 1.17, "Total Cost": 5.21, "Plan Rows": 3, "Plan Width": 4, "Recheck Cond": "(postid = v.postid)", "Plans": [{"Node Type": "Bitmap Index Scan", "Parent Relationship": "Outer", "Parallel Aware": false, "Async Capable": false, "Index Name": "idx_comments_postid", "Startup Cost": 0.0, "Total Cost": 1.17, "Plan Rows": 3, "Plan Width": 0, "Index Cond": "(postid = v.postid)"}]}]}, {"Node Type": "Bitmap Heap Scan", "Parent Relationship": "Inner", "Parallel Aware": false, "Async Capable": false, "Relation Name": "posthistory", "Alias": "ph", "Startup Cost": 0.47, "Total Cost": 4.52, "Plan Rows": 4, "Plan Width": 4, "Recheck Cond": "(c.postid = postid)", "Plans": [{"Node Type": "Bitmap Index Scan", "Parent Relationship": "Outer", "Parallel Aware": false, "Async Capable": false, "Index Name": "idx_posthistory_postid", "Startup Cost": 0.0, "Total Cost": 0.46, "Plan Rows": 4, "Plan Width": 0, "Index Cond": "(postid = c.postid)"}]}]}, {"Node Type": "Bitmap Heap Scan", "Parent Relationship": "Inner", "Parallel Aware": false, "Async Capable": false, "Relation Name": "badges", "Alias": "b", "Startup Cost": 0.33, "Total Cost": 4.37, "Plan Rows": 3, "Plan Width": 4, "Recheck Cond": "(userid = u.id)", "Plans": [{"Node Type": "Bitmap Index Scan", "Parent Relationship": "Outer", "Parallel Aware": false, "Async Capable": false, "Index Name": "idx_badges_userid", "Startup Cost": 0.0, "Total Cost": 0.33, "Plan Rows": 3, "Plan Width": 0, "Index Cond": "(userid = u.id)"}]}]}]}}, {"Plan": {"Node Type": "Aggregate", "Strategy": "Plain", "Partial Mode": "Finalize", "Parallel Aware": false, "Async Capable": false, "Startup Cost": 27308.13, "Total Cost": 27308.14, "Plan Rows": 1, "Plan Width": 8, "Plans": [{"Node Type": "Gather", "Parent Relationship": "Outer", "Parallel Aware": false, "Async Capable": false, "Startup Cost": 27308.02, "Total Cost": 27308.13, "Plan Rows": 1, "Plan Width": 8, "Workers Planned": 1, "Single Copy": false, "Plans": [{"Node Type": "Aggregate", "Strategy": "Plain", "Partial Mode": "Partial", "Parent Relationship": "Outer", "Parallel Aware": false, "Async Capable": false, "Startup Cost": 26308.02, "Total Cost": 26308.03, "Plan Rows": 1, "Plan Width": 8, "Plans": [{"Node Type": "Hash Join", "Parent Relationship": "Outer", "Parallel Aware": true, "Async Capable": false, "Join Type": "Inner", "Startup Cost": 24725.81, "Total Cost": 26307.01, "Plan Rows": 402, "Plan Width": 0, "Inner Unique": false, "Hash Cond": "(b.userid = u.id)", "Plans": [{"Node Type": "Index Only Scan", "Parent Relationship": "Outer", "Parallel Aware": true, "Async Capable": false, "Scan Direction": "Forward", "Index Name": "idx_badges_userid", "Relation Name": "badges", "Alias": "b", "Startup Cost": 0.29, "Total Cost": 1405.26, "Plan Rows": 46971, "Plan Width": 4}, {"Node Type": "Hash", "Parent Relationship": "Inner", "Parallel Aware": true, "Async Capable": false, "Startup Cost": 24725.42, "Total Cost": 24725.42, "Plan Rows": 8, "Plan Width": 8, "Plans": [{"Node Type": "Hash Join", "Parent Relationship": "Outer", "Parallel Aware": true, "Async Capable": false, "Join Type": "Inner", "Startup Cost": 19404.68, "Total Cost": 24725.42, "Plan Rows": 8, "Plan Width": 8, "Inner Unique": false, "Hash Cond": "(ph.postid = p.id)", "Plans": [{"Node Type": "Index Only Scan", "Parent Relationship": "Outer", "Parallel Aware": true, "Async Capable": false, "Scan Direction": "Forward", "Index Name": "idx_posthistory_postid", "Relation Name": "posthistory", "Alias": "ph", "Startup Cost": 0.42, "Total Cost": 4847.39, "Plan Rows": 126328, "Plan Width": 4}, {"Node Type": "Hash", "Parent Relationship": "Inner", "Parallel Aware": true, "Async Capable": false, "Startup Cost": 19404.2, "Total Cost": 19404.2, "Plan Rows": 4, "Plan Width": 20, "Plans": [{"Node Type": "Hash Join", "Parent Relationship": "Outer", "Parallel Aware": true, "Async Capable": false, "Join Type": "Inner", "Startup Cost": 18335.45, "Total Cost": 19404.2, "Plan Rows": 4, "Plan Width": 20, "Inner Unique": false, "Hash Cond": "(u.id = p.owneruserid)", "Plans": [{"Node Type": "Index Only Scan", "Parent Relationship": "Outer", "Parallel Aware": true, "Async Capable": false, "Scan Direction": "Forward", "Index Name": "users_pkey", "Relation Name": "users", "Alias": "u", "Startup Cost": 0.29, "Total Cost": 891.12, "Plan Rows": 23721, "Plan Width": 4}, {"Node Type": "Hash", "Parent Relationship": "Inner", "Parallel Aware": true, "Async Capable": false, "Startup Cost": 18335.11, "Total Cost": 18335.11, "Plan Rows": 4, "Plan Width": 16, "Plans": [{"Node Type": "Hash Join", "Parent Relationship": "Outer", "Parallel Aware": true, "Async Capable": false, "Join Type": "Inner", "Startup Cost": 7226.03, "Total Cost": 18335.11, "Plan Rows": 4, "Plan Width": 16, "Inner Unique": false, "Hash Cond": "(v.postid = p.id)", "Plans": [{"Node Type": "Index Scan", "Parent Relationship": "Outer", "Parallel Aware": true, "Async Capable": false, "Scan Direction": "Forward", "Index Name": "idx_votes_postid", "Relation Name": "votes", "Alias": "v", "Startup Cost": 0.42, "Total Cost": 11105.86, "Plan Rows": 970, "Plan Width": 4, "Filter": "(bountyamount <= 126)"}, {"Node Type": "Hash", "Parent Relationship": "Inner", "Parallel Aware": true, "Async Capable": false, "Startup Cost": 7223.99, "Total Cost": 7223.99, "Plan Rows": 129, "Plan Width": 12, "Plans": [{"Node Type": "Hash Join", "Parent Relationship": "Outer", "Parallel Aware": false, "Async Capable": false, "Join Type": "Inner", "Startup Cost": 4161.39, "Total Cost": 7223.99, "Plan Rows": 129, "Plan Width": 12, "Inner Unique": true, "Hash Cond": "(c.postid = p.id)", "Plans": [{"Node Type": "Index Only Scan", "Parent Relationship": "Outer", "Parallel Aware": true, "Async Capable": false, "Scan Direction": "Forward", "Index Name": "idx_comments_postid", "Relation Name": "comments", "Alias": "c", "Startup Cost": 0.42, "Total Cost": 2872.37, "Plan Rows": 72627, "Plan Width": 4}, {"Node Type": "Hash", "Parent Relationship": "Inner", "Parallel Aware": false, "Async Capable": false, "Startup Cost": 4158.93, "Total Cost": 4158.93, "Plan Rows": 163, "Plan Width": 8, "Plans": [{"Node Type": "Index Scan", "Parent Relationship": "Outer", "Parallel Aware": false, "Async Capable": false, "Scan Direction": "Forward", "Index Name": "posts_pkey", "Relation Name": "posts", "Alias": "p", "Startup Cost": 0.29, "Total Cost": 4158.93, "Plan Rows": 163, "Plan Width": 8, "Filter": "((commentcount >= 4) AND (commentcount <= 10) AND (favoritecount >= 4) AND (posttypeid = 1))"}]}]}]}]}]}]}]}]}]}]}]}]}]}}, {"Plan": {"Node Type": "Aggregate", "Strategy": "Plain", "Partial Mode": "Finalize", "Parallel Aware": false, "Async Capable": false, "Startup Cost": 27279.84, "Total Cost": 27279.85, "Plan Rows": 1, "Plan Width": 8, "Plans": [{"Node Type": "Gather", "Parent Relationship": "Outer", "Parallel Aware": false, "Async Capable": false, "Startup Cost": 27279.63, "Total Cost": 27279.84, "Plan Rows": 2, "Plan Width": 8, "Workers Planned": 2, "Single Copy": false, "Plans": [{"Node Type": "Aggregate", "Strategy": "Plain", "Partial Mode": "Partial", "Parent Relationship": "Outer", "Parallel Aware": false, "Async Capable": false, "Startup Cost": 26279.63, "Total Cost": 26279.64, "Plan Rows": 1, "Plan Width": 8, "Plans": [{"Node Type": "Hash Join", "Parent Relationship": "Outer", "Parallel Aware": true, "Async Capable": false, "Join Type": "Inner", "Startup Cost": 20956.92, "Total Cost": 26278.91, "Plan Rows": 285, "Plan Width": 0, "Inner Unique": false, "Hash Cond": "(ph.postid = p.id)", "Plans": [{"Node Type": "Index Only Scan", "Parent Relationship": "Outer", "Parallel Aware": true, "Async Capable": false, "Scan Direction": "Forward", "Index Name": "idx_posthistory_postid", "Relation Name": "posthistory", "Alias": "ph", "Startup Cost": 0.42, "Total Cost": 4847.39, "Plan Rows": 126328, "Plan Width": 4}, {"Node Type": "Hash", "Parent Relationship": "Inner", "Parallel Aware": true, "Async Capable": false, "Startup Cost": 20955.31, "Total Cost": 20955.31, "Plan Rows": 95, "Plan Width": 12, "Plans": [{"Node Type": "Hash Join", "Parent Relationship": "Outer", "Parallel Aware": true, "Async Capable": false, "Join Type": "Inner", "Startup Cost": 17810.48, "Total Cost": 20955.31, "Plan Rows": 95, "Plan Width": 12, "Inner Unique": false, "Hash Cond": "(c.postid = p.id)", "Plans": [{"Node Type": "Index Only Scan", "Parent Relationship": "Outer", "Parallel Aware": true, "Async Capable": false, "Scan Direction": "Forward", "Index Name": "idx_comments_postid", "Relation Name": "comments", "Alias": "c", "Startup Cost": 0.42, "Total Cost": 2872.37, "Plan Rows": 72627, "Plan Width": 4}, {"Node Type": "Hash", "Parent Relationship": "Inner", "Parallel Aware": true, "Async Capable": false, "Startup Cost": 17809.22, "Total Cost": 17809.22, "Plan Rows": 67, "Plan Width": 8, "Plans": [{"Node Type": "Hash Join", "Parent Relationship": "Outer", "Parallel Aware": true, "Async Capable": false, "Join Type": "Inner", "Startup Cost": 16228.09, "Total Cost": 17809.22, "Plan Rows": 67, "Plan Width": 8, "Inner Unique": false, "Hash Cond": "(b.userid = u.id)", "Plans": [{"Node Type": "Index Only Scan", "Parent Relationship": "Outer", "Parallel Aware": true, "Async Capable": false, "Scan Direction": "Forward", "Index Name": "idx_badges_userid", "Relation Name": "badges", "Alias": "b", "Startup Cost": 0.29, "Total Cost": 1405.26, "Plan Rows": 46971, "Plan Width": 4}, {"Node Type": "Hash", "Parent Relationship": "Inner", "Parallel Aware": true, "Async Capable": false, "Startup Cost": 16227.78, "Total Cost": 16227.78, "Plan Rows": 2, "Plan Width": 16, "Plans": [{"Node Type": "Hash Join", "Parent Relationship": "Outer", "Parallel Aware": true, "Async Capable": false, "Join Type": "Inner", "Startup Cost": 5118.7, "Total Cost": 16227.78, "Plan Rows": 2, "Plan Width": 16, "Inner Unique": false, "Hash Cond": "(v.postid = p.id)", "Plans": [{"Node Type": "Index Scan", "Parent Relationship": "Outer", "Parallel Aware": true, "Async Capable": false, "Scan Direction": "Forward", "Index Name": "idx_votes_postid", "Relation Name": "votes", "Alias": "v", "Startup Cost": 0.42, "Total Cost": 11105.86, "Plan Rows": 970, "Plan Width": 4, "Filter": "(bountyamount <= 126)"}, {"Node Type": "Hash", "Parent Relationship": "Inner", "Parallel Aware": true, "Async Capable": false, "Startup Cost": 5117.09, "Total Cost": 5117.09, "Plan Rows": 95, "Plan Width": 12, "Plans": [{"Node Type": "Merge Join", "Parent Relationship": "Outer", "Parallel Aware": false, "Async Capable": false, "Join Type": "Inner", "Startup Cost": 4165.21, "Total Cost": 5117.09, "Plan Rows": 95, "Plan Width": 12, "Inner Unique": false, "Merge Cond": "(u.id = p.owneruserid)", "Plans": [{"Node Type": "Index Only Scan", "Parent Relationship": "Outer", "Parallel Aware": true, "Async Capable": false, "Scan Direction": "Forward", "Index Name": "users_pkey", "Relation Name": "users", "Alias": "u", "Startup Cost": 0.29, "Total Cost": 891.12, "Plan Rows": 23721, "Plan Width": 4}, {"Node Type": "Sort", "Parent Relationship": "Inner", "Parallel Aware": false, "Async Capable": false, "Startup Cost": 4164.92, "Total Cost": 4165.32, "Plan Rows": 163, "Plan Width": 8, "Sort Key": ["p.owneruserid"], "Plans": [{"Node Type": "Index Scan", "Parent Relationship": "Outer", "Parallel Aware": false, "Async Capable": false, "Scan Direction": "Forward", "Index Name": "posts_pkey", "Relation Name": "posts", "Alias": "p", "Startup Cost": 0.29, "Total Cost": 4158.93, "Plan Rows": 163, "Plan Width": 8, "Filter": "((commentcount >= 4) AND (commentcount <= 10) AND (favoritecount >= 4) AND (posttypeid = 1))"}]}]}]}]}]}]}]}]}]}]}]}]}]}}, {"Plan": {"Node Type": "Aggregate", "Strategy": "Plain", "Partial Mode": "Simple", "Parallel Aware": false, "Async Capable": false, "Startup Cost": 5003.94, "Total Cost": 5003.95, "Plan Rows": 1, "Plan Width": 8, "Plans": [{"Node Type": "Nested Loop", "Parent Relationship": "Outer", "Parallel Aware": false, "Async Capable": false, "Join Type": "Inner", "Startup Cost": 2.14, "Total Cost": 5002.24, "Plan Rows": 683, "Plan Width": 0, "Inner Unique": false, "Plans": [{"Node Type": "Nested Loop", "Parent Relationship": "Outer", "Parallel Aware": false, "Async Capable": false, "Join Type": "Inner", "Startup Cost": 1.85, "Total Cost": 4995.25, "Plan Rows": 18, "Plan Width": 8, "Inner Unique": false, "Join Filter": "(p.id = ph.postid)", "Plans": [{"Node Type": "Nested Loop", "Parent Relationship": "Outer", "Parallel Aware": false, "Async Capable": false, "Join Type": "Inner", "Startup Cost": 1.42, "Total Cost": 4991.92, "Plan Rows": 6, "Plan Width": 20, "Inner Unique": true, "Plans": [{"Node Type": "Nested Loop", "Parent Relationship": "Outer", "Parallel Aware": false, "Async Capable": false, "Join Type": "Inner", "Startup Cost": 1.13, "Total Cost": 4976.09, "Plan Rows": 6, "Plan Width": 16, "Inner Unique": false, "Join Filter": "(p.id = v.postid)", "Plans": [{"Node Type": "Nested Loop", "Parent Relationship": "Outer", "Parallel Aware": false, "Async Capable": false, "Join Type": "Inner", "Startup Cost": 0.71, "Total Cost": 4791.97, "Plan Rows": 309, "Plan Width": 12, "Inner Unique": false, "Plans": [{"Node Type": "Index Scan", "Parent Relationship": "Outer", "Parallel Aware": false, "Async Capable": false, "Scan Direction": "Forward", "Index Name": "posts_pkey", "Relation Name": "posts", "Alias": "p", "Startup Cost": 0.29, "Total Cost": 4158.93, "Plan Rows": 163, "Plan Width": 8, "Filter": "((commentcount >= 4) AND (commentcount <= 10) AND (favoritecount >= 4) AND (posttypeid = 1))"}, {"Node Type": "Index Only Scan", "Parent Relationship": "Inner", "Parallel Aware": false, "Async Capable": false, "Scan Direction": "Forward", "Index Name": "idx_comments_postid", "Relation Name": "comments", "Alias": "c", "Startup Cost": 0.42, "Total Cost": 3.85, "Plan Rows": 3, "Plan Width": 4, "Index Cond": "(postid = p.id)"}]}, {"Node Type": "Index Scan", "Parent Relationship": "Inner", "Parallel Aware": false, "Async Capable": false, "Scan Direction": "Forward", "Index Name": "idx_votes_postid", "Relation Name": "votes", "Alias": "v", "Startup Cost": 0.42, "Total Cost": 0.58, "Plan Rows": 1, "Plan Width": 4, "Index Cond": "(postid = c.postid)", "Filter": "(bountyamount <= 126)"}]}, {"Node Type": "Index Only Scan", "Parent Relationship": "Inner", "Parallel Aware": false, "Async Capable": false, "Scan Direction": "Forward", "Index Name": "users_pkey", "Relation Name": "users", "Alias": "u", "Startup Cost": 0.29, "Total Cost": 2.64, "Plan Rows": 1, "Plan Width": 4, "Index Cond": "(id = p.owneruserid)"}]}, {"Node Type": "Index Only Scan", "Parent Relationship": "Inner", "Parallel Aware": false, "Async Capable": false, "Scan Direction": "Forward", "Index Name": "idx_posthistory_postid", "Relation Name": "posthistory", "Alias": "ph", "Startup Cost": 0.42, "Total Cost": 0.5, "Plan Rows": 4, "Plan Width": 4, "Index Cond": "(postid = c.postid)"}]}, {"Node Type": "Index Only Scan", "Parent Relationship": "Inner", "Parallel Aware": false, "Async Capable": false, "Scan Direction": "Forward", "Index Name": "idx_badges_userid", "Relation Name": "badges", "Alias": "b", "Startup Cost": 0.29, "Total Cost": 0.36, "Plan Rows": 3, "Plan Width": 4, "Index Cond": "(userid = u.id)"}]}]}}, {"Plan": {"Node Type": "Aggregate", "Strategy": "Plain", "Partial Mode": "Simple", "Parallel Aware": false, "Async Capable": false, "Startup Cost": 18170.7, "Total Cost": 18170.71, "Plan Rows": 1, "Plan Width": 8, "Plans": [{"Node Type": "Hash Join", "Parent Relationship": "Outer", "Parallel Aware": false, "Async Capable": false, "Join Type": "Inner", "Startup Cost": 16638.68, "Total Cost": 18168.99, "Plan Rows": 683, "Plan Width": 0, "Inner Unique": false, "Hash Cond": "(b.userid = u.id)", "Plans": [{"Node Type": "Seq Scan", "Parent Relationship": "Outer", "Parallel Aware": false, "Async Capable": false, "Relation Name": "badges", "Alias": "b", "Startup Cost": 0.0, "Total Cost": 1230.51, "Plan Rows": 79851, "Plan Width": 4}, {"Node Type": "Hash", "Parent Relationship": "Inner", "Parallel Aware": false, "Async Capable": false, "Startup Cost": 16638.45, "Total Cost": 16638.45, "Plan Rows": 18, "Plan Width": 8, "Plans": [{"Node Type": "Gather", "Parent Relationship": "Outer", "Parallel Aware": false, "Async Capable": false, "Startup Cost": 13882.76, "Total Cost": 16638.45, "Plan Rows": 18, "Plan Width": 8, "Workers Planned": 1, "Single Copy": false, "Plans": [{"Node Type": "Hash Join", "Parent Relationship": "Outer", "Parallel Aware": true, "Async Capable": false, "Join Type": "Inner", "Startup Cost": 12882.76, "Total Cost": 15636.65, "Plan Rows": 11, "Plan Width": 8, "Inner Unique": false, "Hash Cond": "(c.postid = p.id)", "Plans": [{"Node Type": "Seq Scan", "Parent Relationship": "Outer", "Parallel Aware": true, "Async Capable": false, "Relation Name": "comments", "Alias": "c", "Startup Cost": 0.0, "Total Cost": 2369.32, "Plan Rows": 102532, "Plan Width": 4}, {"Node Type": "Hash", "Parent Relationship": "Inner", "Parallel Aware": true, "Async Capable": false, "Startup Cost": 12882.69, "Total Cost": 12882.69, "Plan Rows": 6, "Plan Width": 20, "Plans": [{"Node Type": "Hash Join", "Parent Relationship": "Outer", "Parallel Aware": true, "Async Capable": false, "Join Type": "Inner", "Startup Cost": 11754.62, "Total Cost": 12882.69, "Plan Rows": 6, "Plan Width": 20, "Inner Unique": false, "Hash Cond": "(u.id = p.owneruserid)", "Plans": [{"Node Type": "Index Only Scan", "Parent Relationship": "Outer", "Parallel Aware": true, "Async Capable": false, "Scan Direction": "Forward", "Index Name": "users_pkey", "Relation Name": "users", "Alias": "u", "Startup Cost": 0.29, "Total Cost": 891.12, "Plan Rows": 23721, "Plan Width": 4}, {"Node Type": "Hash", "Parent Relationship": "Inner", "Parallel Aware": true, "Async Capable": false, "Startup Cost": 11754.25, "Total Cost": 11754.25, "Plan Rows": 6, "Plan Width": 16, "Plans": [{"Node Type": "Hash Join", "Parent Relationship": "Outer", "Parallel Aware": true, "Async Capable": false, "Join Type": "Inner", "Startup Cost": 7177.14, "Total Cost": 11754.25, "Plan Rows": 6, "Plan Width": 16, "Inner Unique": false, "Hash Cond": "(v.postid = p.id)", "Plans": [{"Node Type": "Seq Scan", "Parent Relationship": "Outer", "Parallel Aware": true, "Async Capable": false, "Relation Name": "votes", "Alias": "v", "Startup Cost": 0.0, "Total Cost": 4572.24, "Plan Rows": 970, "Plan Width": 4, "Filter": "(bountyamount <= 126)"}, {"Node Type": "Hash", "Parent Relationship": "Inner", "Parallel Aware": true, "Async Capable": false, "Startup Cost": 7173.19, "Total Cost": 7173.19, "Plan Rows": 316, "Plan Width": 12, "Plans": [{"Node Type": "Hash Join", "Parent Relationship": "Outer", "Parallel Aware": false, "Async Capable": false, "Join Type": "Inner", "Startup Cost": 2681.56, "Total Cost": 7173.19, "Plan Rows": 316, "Plan Width": 12, "Inner Unique": true, "Hash Cond": "(ph.postid = p.id)", "Plans": [{"Node Type": "Seq Scan", "Parent Relationship": "Outer", "Parallel Aware": true, "Async Capable": false, "Relation Name": "posthistory", "Alias": "ph", "Startup Cost": 0.0, "Total Cost": 4023.45, "Plan Rows": 178345, "Plan Width": 4}, {"Node Type": "Hash", "Parent Relationship": "Inner", "Parallel Aware": false, "Async Capable": false, "Startup Cost": 2679.52, "Total Cost": 2679.52, "Plan Rows": 163, "Plan Width": 8, "Plans": [{"Node Type": "Seq Scan", "Parent Relationship": "Outer", "Parallel Aware": false, "Async Capable": false, "Relation Name": "posts", "Alias": "p", "Startup Cost": 0.0, "Total Cost": 2679.52, "Plan Rows": 163, "Plan Width": 8, "Filter": "((commentcount >= 4) AND (commentcount <= 10) AND (favoritecount >= 4) AND (posttypeid = 1))"}]}]}]}]}]}]}]}]}]}]}]}]}}, {"Plan": {"Node Type": "Aggregate", "Strategy": "Plain", "Partial Mode": "Simple", "Parallel Aware": false, "Async Capable": false, "Startup Cost": 10000008948.56, "Total Cost": 10000008948.57, "Plan Rows": 1, "Plan Width": 8, "Plans": [{"Node Type": "Nested Loop", "Parent Relationship": "Outer", "Parallel Aware": false, "Async Capable": false, "Join Type": "Inner", "Startup Cost": 10000000008.78, "Total Cost": 10000008946.85, "Plan Rows": 683, "Plan Width": 0, "Inner Unique": false, "Plans": [{"Node Type": "Nested Loop", "Parent Relationship": "Outer", "Parallel Aware": false, "Async Capable": false, "Join Type": "Inner", "Startup Cost": 10000000008.45, "Total Cost": 10000008867.72, "Plan Rows": 18, "Plan Width": 8, "Inner Unique": false, "Join Filter": "(p.id = ph.postid)", "Plans": [{"Node Type": "Nested Loop", "Parent Relationship": "Outer", "Parallel Aware": false, "Async Capable": false, "Join Type": "Inner", "Startup Cost": 10000000007.99, "Total Cost": 10000008840.33, "Plan Rows": 6, "Plan Width": 20, "Inner Unique": false, "Join Filter": "(c.postid = p.id)", "Plans": [{"Node Type": "Nested Loop", "Parent Relationship": "Outer", "Parallel Aware": false, "Async Capable": false, "Join Type": "Inner", "Startup Cost": 10000000006.82, "Total Cost": 10000008824.6, "Plan Rows": 3, "Plan Width": 16, "Inner Unique": true, "Plans": [{"Node Type": "Nested Loop", "Parent Relationship": "Outer", "Parallel Aware": false, "Async Capable": false, "Join Type": "Inner", "Startup Cost": 10000000004.19, "Total Cost": 10000008804.67, "Plan Rows": 3, "Plan Width": 12, "Inner Unique": false, "Plans": [{"Node Type": "Index Scan", "Parent Relationship": "Outer", "Parallel Aware": false, "Async Capable": false, "Scan Direction": "Forward", "Index Name": "idx_posts_owneruserid", "Relation Name": "posts", "Alias": "p", "Startup Cost": 10000000000.29, "Total Cost": 10000005013.43, "Plan Rows": 163, "Plan Width": 8, "Filter": "((commentcount >= 4) AND (commentcount <= 10) AND (favoritecount >= 4) AND (posttypeid = 1))"}, {"Node Type": "Bitmap Heap Scan", "Parent Relationship": "Inner", "Parallel Aware": false, "Async Capable": false, "Relation Name": "votes", "Alias": "v", "Startup Cost": 3.9, "Total Cost": 23.25, "Plan Rows": 1, "Plan Width": 4, "Recheck Cond": "(p.id = postid)", "Filter": "(bountyamount <= 126)", "Plans": [{"Node Type": "Bitmap Index Scan", "Parent Relationship": "Outer", "Parallel Aware": false, "Async Capable": false, "Index Name": "idx_votes_postid", "Startup Cost": 0.0, "Total Cost": 3.9, "Plan Rows": 5, "Plan Width": 0, "Index Cond": "(postid = p.id)"}]}]}, {"Node Type": "Bitmap Heap Scan", "Parent Relationship": "Inner", "Parallel Aware": false, "Async Capable": false, "Relation Name": "users", "Alias": "u", "Startup Cost": 2.63, "Total Cost": 6.64, "Plan Rows": 1, "Plan Width": 4, "Recheck Cond": "(p.owneruserid = id)", "Plans": [{"Node Type": "Bitmap Index Scan", "Parent Relationship": "Outer", "Parallel Aware": false, "Async Capable": false, "Index Name": "users_pkey", "Startup Cost": 0.0, "Total Cost": 2.63, "Plan Rows": 1, "Plan Width": 0, "Index Cond": "(id = p.owneruserid)"}]}]}, {"Node Type": "Bitmap Heap Scan", "Parent Relationship": "Inner", "Parallel Aware": false, "Async Capable": false, "Relation Name": "comments", "Alias": "c", "Startup Cost": 1.17, "Total Cost": 5.21, "Plan Rows": 3, "Plan Width": 4, "Recheck Cond": "(postid = v.postid)", "Plans": [{"Node Type": "Bitmap Index Scan", "Parent Relationship": "Outer", "Parallel Aware": false, "Async Capable": false, "Index Name": "idx_comments_postid", "Startup Cost": 0.0, "Total Cost": 1.17, "Plan Rows": 3, "Plan Width": 0, "Index Cond": "(postid = v.postid)"}]}]}, {"Node Type": "Bitmap Heap Scan", "Parent Relationship": "Inner", "Parallel Aware": false, "Async Capable": false, "Relation Name": "posthistory", "Alias": "ph", "Startup Cost": 0.47, "Total Cost": 4.52, "Plan Rows": 4, "Plan Width": 4, "Recheck Cond": "(c.postid = postid)", "Plans": [{"Node Type": "Bitmap Index Scan", "Parent Relationship": "Outer", "Parallel Aware": false, "Async Capable": false, "Index Name": "idx_posthistory_postid", "Startup Cost": 0.0, "Total Cost": 0.46, "Plan Rows": 4, "Plan Width": 0, "Index Cond": "(postid = c.postid)"}]}]}, {"Node Type": "Bitmap Heap Scan", "Parent Relationship": "Inner", "Parallel Aware": false, "Async Capable": false, "Relation Name": "badges", "Alias": "b", "Startup Cost": 0.33, "Total Cost": 4.37, "Plan Rows": 3, "Plan Width": 4, "Recheck Cond": "(userid = u.id)", "Plans": [{"Node Type": "Bitmap Index Scan", "Parent Relationship": "Outer", "Parallel Aware": false, "Async Capable": false, "Index Name": "idx_badges_userid", "Startup Cost": 0.0, "Total Cost": 0.33, "Plan Rows": 3, "Plan Width": 0, "Index Cond": "(userid = u.id)"}]}]}]}}, {"Plan": {"Node Type": "Aggregate", "Strategy": "Plain", "Partial Mode": "Simple", "Parallel Aware": false, "Async Capable": false, "Startup Cost": 6614.65, "Total Cost": 6614.66, "Plan Rows": 1, "Plan Width": 8, "Plans": [{"Node Type": "Nested Loop", "Parent Relationship": "Outer", "Parallel Aware": false, "Async Capable": false, "Join Type": "Inner", "Startup Cost": 8.49, "Total Cost": 6612.94, "Plan Rows": 683, "Plan Width": 0, "Inner Unique": false, "Plans": [{"Node Type": "Nested Loop", "Parent Relationship": "Outer", "Parallel Aware": false, "Async Capable": false, "Join Type": "Inner", "Startup Cost": 8.16, "Total Cost": 6533.81, "Plan Rows": 18, "Plan Width": 8, "Inner Unique": false, "Join Filter": "(p.id = ph.postid)", "Plans": [{"Node Type": "Nested Loop", "Parent Relationship": "Outer", "Parallel Aware": false, "Async Capable": false, "Join Type": "Inner", "Startup Cost": 7.69, "Total Cost": 6506.42, "Plan Rows": 6, "Plan Width": 20, "Inner Unique": false, "Join Filter": "(c.postid = p.id)", "Plans": [{"Node Type": "Nested Loop", "Parent Relationship": "Outer", "Parallel Aware": false, "Async Capable": false, "Join Type": "Inner", "Startup Cost": 6.52, "Total Cost": 6490.69, "Plan Rows": 3, "Plan Width": 16, "Inner Unique": true, "Plans": [{"Node Type": "Nested Loop", "Parent Relationship": "Outer", "Parallel Aware": false, "Async Capable": false, "Join Type": "Inner", "Startup Cost": 3.9, "Total Cost": 6470.76, "Plan Rows": 3, "Plan Width": 12, "Inner Unique": false, "Plans": [{"Node Type": "Seq Scan", "Parent Relationship": "Outer", "Parallel Aware": false, "Async Capable": false, "Relation Name": "posts", "Alias": "p", "Startup Cost": 0.0, "Total Cost": 2679.52, "Plan Rows": 163, "Plan Width": 8, "Filter": "((commentcount >= 4) AND (commentcount <= 10) AND (favoritecount >= 4) AND (posttypeid = 1))"}, {"Node Type": "Bitmap Heap Scan", "Parent Relationship": "Inner", "Parallel Aware": false, "Async Capable": false, "Relation Name": "votes", "Alias": "v", "Startup Cost": 3.9, "Total Cost": 23.25, "Plan Rows": 1, "Plan Width": 4, "Recheck Cond": "(p.id = postid)", "Filter": "(bountyamount <= 126)", "Plans": [{"Node Type": "Bitmap Index Scan", "Parent Relationship": "Outer", "Parallel Aware": false, "Async Capable": false, "Index Name": "idx_votes_postid", "Startup Cost": 0.0, "Total Cost": 3.9, "Plan Rows": 5, "Plan Width": 0, "Index Cond": "(postid = p.id)"}]}]}, {"Node Type": "Bitmap Heap Scan", "Parent Relationship": "Inner", "Parallel Aware": false, "Async Capable": false, "Relation Name": "users", "Alias": "u", "Startup Cost": 2.63, "Total Cost": 6.64, "Plan Rows": 1, "Plan Width": 4, "Recheck Cond": "(p.owneruserid = id)", "Plans": [{"Node Type": "Bitmap Index Scan", "Parent Relationship": "Outer", "Parallel Aware": false, "Async Capable": false, "Index Name": "users_pkey", "Startup Cost": 0.0, "Total Cost": 2.63, "Plan Rows": 1, "Plan Width": 0, "Index Cond": "(id = p.owneruserid)"}]}]}, {"Node Type": "Bitmap Heap Scan", "Parent Relationship": "Inner", "Parallel Aware": false, "Async Capable": false, "Relation Name": "comments", "Alias": "c", "Startup Cost": 1.17, "Total Cost": 5.21, "Plan Rows": 3, "Plan Width": 4, "Recheck Cond": "(postid = v.postid)", "Plans": [{"Node Type": "Bitmap Index Scan", "Parent Relationship": "Outer", "Parallel Aware": false, "Async Capable": false, "Index Name": "idx_comments_postid", "Startup Cost": 0.0, "Total Cost": 1.17, "Plan Rows": 3, "Plan Width": 0, "Index Cond": "(postid = v.postid)"}]}]}, {"Node Type": "Bitmap Heap Scan", "Parent Relationship": "Inner", "Parallel Aware": false, "Async Capable": false, "Relation Name": "posthistory", "Alias": "ph", "Startup Cost": 0.47, "Total Cost": 4.52, "Plan Rows": 4, "Plan Width": 4, "Recheck Cond": "(c.postid = postid)", "Plans": [{"Node Type": "Bitmap Index Scan", "Parent Relationship": "Outer", "Parallel Aware": false, "Async Capable": false, "Index Name": "idx_posthistory_postid", "Startup Cost": 0.0, "Total Cost": 0.46, "Plan Rows": 4, "Plan Width": 0, "Index Cond": "(postid = c.postid)"}]}]}, {"Node Type": "Bitmap Heap Scan", "Parent Relationship": "Inner", "Parallel Aware": false, "Async Capable": false, "Relation Name": "badges", "Alias": "b", "Startup Cost": 0.33, "Total Cost": 4.37, "Plan Rows": 3, "Plan Width": 4, "Recheck Cond": "(userid = u.id)", "Plans": [{"Node Type": "Bitmap Index Scan", "Parent Relationship": "Outer", "Parallel Aware": false, "Async Capable": false, "Index Name": "idx_badges_userid", "Startup Cost": 0.0, "Total Cost": 0.33, "Plan Rows": 3, "Plan Width": 0, "Index Cond": "(userid = u.id)"}]}]}]}}, {"Plan": {"Node Type": "Aggregate", "Strategy": "Plain", "Partial Mode": "Simple", "Parallel Aware": false, "Async Capable": false, "Startup Cost": 18246.59, "Total Cost": 18246.6, "Plan Rows": 1, "Plan Width": 8, "Plans": [{"Node Type": "Hash Join", "Parent Relationship": "Outer", "Parallel Aware": false, "Async Capable": false, "Join Type": "Inner", "Startup Cost": 16714.57, "Total Cost": 18244.88, "Plan Rows": 683, "Plan Width": 0, "Inner Unique": false, "Hash Cond": "(b.userid = u.id)", "Plans": [{"Node Type": "Seq Scan", "Parent Relationship": "Outer", "Parallel Aware": false, "Async Capable": false, "Relation Name": "badges", "Alias": "b", "Startup Cost": 0.0, "Total Cost": 1230.51, "Plan Rows": 79851, "Plan Width": 4}, {"Node Type": "Hash", "Parent Relationship": "Inner", "Parallel Aware": false, "Async Capable": false, "Startup Cost": 16714.35, "Total Cost": 16714.35, "Plan Rows": 18, "Plan Width": 8, "Plans": [{"Node Type": "Gather", "Parent Relationship": "Outer", "Parallel Aware": false, "Async Capable": false, "Startup Cost": 13958.66, "Total Cost": 16714.35, "Plan Rows": 18, "Plan Width": 8, "Workers Planned": 1, "Single Copy": false, "Plans": [{"Node Type": "Hash Join", "Parent Relationship": "Outer", "Parallel Aware": true, "Async Capable": false, "Join Type": "Inner", "Startup Cost": 12958.66, "Total Cost": 15712.55, "Plan Rows": 11, "Plan Width": 8, "Inner Unique": false, "Hash Cond": "(c.postid = p.id)", "Plans": [{"Node Type": "Seq Scan", "Parent Relationship": "Outer", "Parallel Aware": true, "Async Capable": false, "Relation Name": "comments", "Alias": "c", "Startup Cost": 0.0, "Total Cost": 2369.32, "Plan Rows": 102532, "Plan Width": 4}, {"Node Type": "Hash", "Parent Relationship": "Inner", "Parallel Aware": true, "Async Capable": false, "Startup Cost": 12958.58, "Total Cost": 12958.58, "Plan Rows": 6, "Plan Width": 20, "Plans": [{"Node Type": "Hash Join", "Parent Relationship": "Outer", "Parallel Aware": false, "Async Capable": false, "Join Type": "Inner", "Startup Cost": 8381.45, "Total Cost": 12958.58, "Plan Rows": 6, "Plan Width": 20, "Inner Unique": true, "Hash Cond": "(p.owneruserid = u.id)", "Plans": [{"Node Type": "Hash Join", "Parent Relationship": "Outer", "Parallel Aware": true, "Async Capable": false, "Join Type": "Inner", "Startup Cost": 7177.14, "Total Cost": 11754.25, "Plan Rows": 6, "Plan Width": 16, "Inner Unique": false, "Hash Cond": "(v.postid = p.id)", "Plans": [{"Node Type": "Seq Scan", "Parent Relationship": "Outer", "Parallel Aware": true, "Async Capable": false, "Relation Name": "votes", "Alias": "v", "Startup Cost": 0.0, "Total Cost": 4572.24, "Plan Rows": 970, "Plan Width": 4, "Filter": "(bountyamount <= 126)"}, {"Node Type": "Hash", "Parent Relationship": "Inner", "Parallel Aware": true, "Async Capable": false, "Startup Cost": 7173.19, "Total Cost": 7173.19, "Plan Rows": 316, "Plan Width": 12, "Plans": [{"Node Type": "Hash Join", "Parent Relationship": "Outer", "Parallel Aware": false, "Async Capable": false, "Join Type": "Inner", "Startup Cost": 2681.56, "Total Cost": 7173.19, "Plan Rows": 316, "Plan Width": 12, "Inner Unique": true, "Hash Cond": "(ph.postid = p.id)", "Plans": [{"Node Type": "Seq Scan", "Parent Relationship": "Outer", "Parallel Aware": true, "Async Capable": false, "Relation Name": "posthistory", "Alias": "ph", "Startup Cost": 0.0, "Total Cost": 4023.45, "Plan Rows": 178345, "Plan Width": 4}, {"Node Type": "Hash", "Parent Relationship": "Inner", "Parallel Aware": false, "Async Capable": false, "Startup Cost": 2679.52, "Total Cost": 2679.52, "Plan Rows": 163, "Plan Width": 8, "Plans": [{"Node Type": "Seq Scan", "Parent Relationship": "Outer", "Parallel Aware": false, "Async Capable": false, "Relation Name": "posts", "Alias": "p", "Startup Cost": 0.0, "Total Cost": 2679.52, "Plan Rows": 163, "Plan Width": 8, "Filter": "((commentcount >= 4) AND (commentcount <= 10) AND (favoritecount >= 4) AND (posttypeid = 1))"}]}]}]}]}, {"Node Type": "Hash", "Parent Relationship": "Inner", "Parallel Aware": false, "Async Capable": false, "Startup Cost": 700.25, "Total Cost": 700.25, "Plan Rows": 40325, "Plan Width": 4, "Plans": [{"Node Type": "Seq Scan", "Parent Relationship": "Outer", "Parallel Aware": false, "Async Capable": false, "Relation Name": "users", "Alias": "u", "Startup Cost": 0.0, "Total Cost": 700.25, "Plan Rows": 40325, "Plan Width": 4}]}]}]}]}]}]}]}]}}, {"Plan": {"Node Type": "Aggregate", "Strategy": "Plain", "Partial Mode": "Simple", "Parallel Aware": false, "Async Capable": false, "Startup Cost": 34687.19, "Total Cost": 34687.2, "Plan Rows": 1, "Plan Width": 8, "Plans": [{"Node Type": "Hash Join", "Parent Relationship": "Outer", "Parallel Aware": false, "Async Capable": false, "Join Type": "Inner", "Startup Cost": 31520.63, "Total Cost": 34685.48, "Plan Rows": 683, "Plan Width": 0, "Inner Unique": false, "Hash Cond": "(b.userid = u.id)", "Plans": [{"Node Type": "Index Scan", "Parent Relationship": "Outer", "Parallel Aware": false, "Async Capable": false, "Scan Direction": "Forward", "Index Name": "idx_badges_userid", "Relation Name": "badges", "Alias": "b", "Startup Cost": 0.29, "Total Cost": 2865.34, "Plan Rows": 79851, "Plan Width": 4}, {"Node Type": "Hash", "Parent Relationship": "Inner", "Parallel Aware": false, "Async Capable": false, "Startup Cost": 31520.11, "Total Cost": 31520.11, "Plan Rows": 18, "Plan Width": 8, "Plans": [{"Node Type": "Gather", "Parent Relationship": "Outer", "Parallel Aware": false, "Async Capable": false, "Startup Cost": 26430.66, "Total Cost": 31520.11, "Plan Rows": 18, "Plan Width": 8, "Workers Planned": 1, "Single Copy": false, "Plans": [{"Node Type": "Hash Join", "Parent Relationship": "Outer", "Parallel Aware": true, "Async Capable": false, "Join Type": "Inner", "Startup Cost": 25430.66, "Total Cost": 30518.31, "Plan Rows": 11, "Plan Width": 8, "Inner Unique": false, "Hash Cond": "(c.postid = p.id)", "Plans": [{"Node Type": "Index Scan", "Parent Relationship": "Outer", "Parallel Aware": true, "Async Capable": false, "Scan Direction": "Forward", "Index Name": "idx_comments_postid", "Relation Name": "comments", "Alias": "c", "Startup Cost": 0.42, "Total Cost": 4703.51, "Plan Rows": 102532, "Plan Width": 4}, {"Node Type": "Hash", "Parent Relationship": "Inner", "Parallel Aware": true, "Async Capable": false, "Startup Cost": 25430.16, "Total Cost": 25430.16, "Plan Rows": 6, "Plan Width": 20, "Plans": [{"Node Type": "Hash Join", "Parent Relationship": "Outer", "Parallel Aware": false, "Async Capable": false, "Join Type": "Inner", "Startup Cost": 14319.83, "Total Cost": 25430.16, "Plan Rows": 6, "Plan Width": 20, "Inner Unique": true, "Hash Cond": "(p.owneruserid = u.id)", "Plans": [{"Node Type": "Hash Join", "Parent Relationship": "Outer", "Parallel Aware": true, "Async Capable": false, "Join Type": "Inner", "Startup Cost": 12458.61, "Total Cost": 23568.92, "Plan Rows": 6, "Plan Width": 16, "Inner Unique": false, "Hash Cond": "(v.postid = p.id)", "Plans": [{"Node Type": "Index Scan", "Parent Relationship": "Outer", "Parallel Aware": true, "Async Capable": false, "Scan Direction": "Forward", "Index Name": "idx_votes_postid", "Relation Name": "votes", "Alias": "v", "Startup Cost": 0.42, "Total Cost": 11105.86, "Plan Rows": 970, "Plan Width": 4, "Filter": "(bountyamount <= 126)"}, {"Node Type": "Hash", "Parent Relationship": "Inner", "Parallel Aware": true, "Async Capable": false, "Startup Cost": 12454.23, "Total Cost": 12454.23, "Plan Rows": 316, "Plan Width": 12, "Plans": [{"Node Type": "Hash Join", "Parent Relationship": "Outer", "Parallel Aware": false, "Async Capable": false, "Join Type": "Inner", "Startup Cost": 4161.39, "Total Cost": 12454.23, "Plan Rows": 316, "Plan Width": 12, "Inner Unique": true, "Hash Cond": "(ph.postid = p.id)", "Plans": [{"Node Type": "Index Scan", "Parent Relationship": "Outer", "Parallel Aware": true, "Async Capable": false, "Scan Direction": "Forward", "Index Name": "idx_posthistory_postid", "Relation Name": "posthistory", "Alias": "ph", "Startup Cost": 0.42, "Total Cost": 7825.09, "Plan Rows": 178345, "Plan Width": 4}, {"Node Type": "Hash", "Parent Relationship": "Inner", "Parallel Aware": false, "Async Capable": false, "Startup Cost": 4158.93, "Total Cost": 4158.93, "Plan Rows": 163, "Plan Width": 8, "Plans": [{"Node Type": "Index Scan", "Parent Relationship": "Outer", "Parallel Aware": false, "Async Capable": false, "Scan Direction": "Forward", "Index Name": "posts_pkey", "Relation Name": "posts", "Alias": "p", "Startup Cost": 0.29, "Total Cost": 4158.93, "Plan Rows": 163, "Plan Width": 8, "Filter": "((commentcount >= 4) AND (commentcount <= 10) AND (favoritecount >= 4) AND (posttypeid = 1))"}]}]}]}]}, {"Node Type": "Hash", "Parent Relationship": "Inner", "Parallel Aware": false, "Async Capable": false, "Startup Cost": 1357.16, "Total Cost": 1357.16, "Plan Rows": 40325, "Plan Width": 4, "Plans": [{"Node Type": "Index Scan", "Parent Relationship": "Outer", "Parallel Aware": false, "Async Capable": false, "Scan Direction": "Forward", "Index Name": "users_pkey", "Relation Name": "users", "Alias": "u", "Startup Cost": 0.29, "Total Cost": 1357.16, "Plan Rows": 40325, "Plan Width": 4}]}]}]}]}]}]}]}]}}, {"Plan": {"Node Type": "Aggregate", "Strategy": "Plain", "Partial Mode": "Finalize", "Parallel Aware": false, "Async Capable": false, "Startup Cost": 34124.73, "Total Cost": 34124.74, "Plan Rows": 1, "Plan Width": 8, "Plans": [{"Node Type": "Gather", "Parent Relationship": "Outer", "Parallel Aware": false, "Async Capable": false, "Startup Cost": 34124.62, "Total Cost": 34124.73, "Plan Rows": 1, "Plan Width": 8, "Workers Planned": 1, "Single Copy": false, "Plans": [{"Node Type": "Aggregate", "Strategy": "Plain", "Partial Mode": "Partial", "Parent Relationship": "Outer", "Parallel Aware": false, "Async Capable": false, "Startup Cost": 33124.62, "Total Cost": 33124.63, "Plan Rows": 1, "Plan Width": 8, "Plans": [{"Node Type": "Merge Join", "Parent Relationship": "Outer", "Parallel Aware": false, "Async Capable": false, "Join Type": "Inner", "Startup Cost": 28637.06, "Total Cost": 33123.61, "Plan Rows": 402, "Plan Width": 0, "Inner Unique": true, "Merge Cond": "(p.owneruserid = u.id)", "Plans": [{"Node Type": "Merge Join", "Parent Relationship": "Outer", "Parallel Aware": false, "Async Capable": false, "Join Type": "Inner", "Startup Cost": 28636.77, "Total Cost": 31705.74, "Plan Rows": 408, "Plan Width": 8, "Inner Unique": false, "Merge Cond": "(p.owneruserid = b.userid)", "Plans": [{"Node Type": "Sort", "Parent Relationship": "Outer", "Parallel Aware": false, "Async Capable": false, "Startup Cost": 28636.48, "Total Cost": 28636.5, "Plan Rows": 11, "Plan Width": 4, "Sort Key": ["p.owneruserid"], "Plans": [{"Node Type": "Hash Join", "Parent Relationship": "Outer", "Parallel Aware": true, "Async Capable": false, "Join Type": "Inner", "Startup Cost": 23548.63, "Total Cost": 28636.29, "Plan Rows": 11, "Plan Width": 4, "Inner Unique": false, "Hash Cond": "(c.postid = p.id)", "Plans": [{"Node Type": "Index Scan", "Parent Relationship": "Outer", "Parallel Aware": true, "Async Capable": false, "Scan Direction": "Forward", "Index Name": "idx_comments_postid", "Relation Name": "comments", "Alias": "c", "Startup Cost": 0.42, "Total Cost": 4703.51, "Plan Rows": 102532, "Plan Width": 4}, {"Node Type": "Hash", "Parent Relationship": "Inner", "Parallel Aware": true, "Async Capable": false, "Startup Cost": 23548.13, "Total Cost": 23548.13, "Plan Rows": 6, "Plan Width": 16, "Plans": [{"Node Type": "Hash Join", "Parent Relationship": "Outer", "Parallel Aware": true, "Async Capable": false, "Join Type": "Inner", "Startup Cost": 12437.82, "Total Cost": 23548.13, "Plan Rows": 6, "Plan Width": 16, "Inner Unique": false, "Hash Cond": "(v.postid = p.id)", "Plans": [{"Node Type": "Index Scan", "Parent Relationship": "Outer", "Parallel Aware": true, "Async Capable": false, "Scan Direction": "Forward", "Index Name": "idx_votes_postid", "Relation Name": "votes", "Alias": "v", "Startup Cost": 0.42, "Total Cost": 11105.86, "Plan Rows": 970, "Plan Width": 4, "Filter": "(bountyamount <= 126)"}, {"Node Type": "Hash", "Parent Relationship": "Inner", "Parallel Aware": true, "Async Capable": false, "Startup Cost": 12433.45, "Total Cost": 12433.45, "Plan Rows": 316, "Plan Width": 12, "Plans": [{"Node Type": "Merge Join", "Parent Relationship": "Outer", "Parallel Aware": false, "Async Capable": false, "Join Type": "Inner", "Startup Cost": 0.71, "Total Cost": 12433.45, "Plan Rows": 316, "Plan Width": 12, "Inner Unique": true, "Merge Cond": "(ph.postid = p.id)", "Plans": [{"Node Type": "Index Scan", "Parent Relationship": "Outer", "Parallel Aware": true, "Async Capable": false, "Scan Direction": "Forward", "Index Name": "idx_posthistory_postid", "Relation Name": "posthistory", "Alias": "ph", "Startup Cost": 0.42, "Total Cost": 7825.09, "Plan Rows": 178345, "Plan Width": 4}, {"Node Type": "Index Scan", "Parent Relationship": "Inner", "Parallel Aware": false, "Async Capable": false, "Scan Direction": "Forward", "Index Name": "posts_pkey", "Relation Name": "posts", "Alias": "p", "Startup Cost": 0.29, "Total Cost": 4158.93, "Plan Rows": 163, "Plan Width": 8, "Filter": "((commentcount >= 4) AND (commentcount <= 10) AND (favoritecount >= 4) AND (posttypeid = 1))"}]}]}]}]}]}]}, {"Node Type": "Index Scan", "Parent Relationship": "Inner", "Parallel Aware": false, "Async Capable": false, "Scan Direction": "Forward", "Index Name": "idx_badges_userid", "Relation Name": "badges", "Alias": "b", "Startup Cost": 0.29, "Total Cost": 2865.34, "Plan Rows": 79851, "Plan Width": 4}]}, {"Node Type": "Index Scan", "Parent Relationship": "Inner", "Parallel Aware": false, "Async Capable": false, "Scan Direction": "Forward", "Index Name": "users_pkey", "Relation Name": "users", "Alias": "u", "Startup Cost": 0.29, "Total Cost": 1357.16, "Plan Rows": 40325, "Plan Width": 4}]}]}]}]}}, {"Plan": {"Node Type": "Aggregate", "Strategy": "Plain", "Partial Mode": "Simple", "Parallel Aware": false, "Async Capable": false, "Startup Cost": 5672.68, "Total Cost": 5672.69, "Plan Rows": 1, "Plan Width": 8, "Plans": [{"Node Type": "Nested Loop", "Parent Relationship": "Outer", "Parallel Aware": false, "Async Capable": false, "Join Type": "Inner", "Startup Cost": 2.14, "Total Cost": 5670.97, "Plan Rows": 683, "Plan Width": 0, "Inner Unique": false, "Plans": [{"Node Type": "Nested Loop", "Parent Relationship": "Outer", "Parallel Aware": false, "Async Capable": false, "Join Type": "Inner", "Startup Cost": 1.85, "Total Cost": 5663.21, "Plan Rows": 18, "Plan Width": 8, "Inner Unique": false, "Join Filter": "(p.id = ph.postid)", "Plans": [{"Node Type": "Nested Loop", "Parent Relationship": "Outer", "Parallel Aware": false, "Async Capable": false, "Join Type": "Inner", "Startup Cost": 1.42, "Total Cost": 5659.58, "Plan Rows": 6, "Plan Width": 20, "Inner Unique": true, "Plans": [{"Node Type": "Nested Loop", "Parent Relationship": "Outer", "Parallel Aware": false, "Async Capable": false, "Join Type": "Inner", "Startup Cost": 1.13, "Total Cost": 5624.9, "Plan Rows": 6, "Plan Width": 16, "Inner Unique": false, "Join Filter": "(p.id = v.postid)", "Plans": [{"Node Type": "Nested Loop", "Parent Relationship": "Outer", "Parallel Aware": false, "Async Capable": false, "Join Type": "Inner", "Startup Cost": 0.71, "Total Cost": 5440.79, "Plan Rows": 309, "Plan Width": 12, "Inner Unique": false, "Plans": [{"Node Type": "Index Scan", "Parent Relationship": "Outer", "Parallel Aware": false, "Async Capable": false, "Scan Direction": "Forward", "Index Name": "posts_pkey", "Relation Name": "posts", "Alias": "p", "Startup Cost": 0.29, "Total Cost": 4158.93, "Plan Rows": 163, "Plan Width": 8, "Filter": "((commentcount >= 4) AND (commentcount <= 10) AND (favoritecount >= 4) AND (posttypeid = 1))"}, {"Node Type": "Index Scan", "Parent Relationship": "Inner", "Parallel Aware": false, "Async Capable": false, "Scan Direction": "Forward", "Index Name": "idx_comments_postid", "Relation Name": "comments", "Alias": "c", "Startup Cost": 0.42, "Total Cost": 7.83, "Plan Rows": 3, "Plan Width": 4, "Index Cond": "(postid = p.id)"}]}, {"Node Type": "Index Scan", "Parent Relationship": "Inner", "Parallel Aware": false, "Async Capable": false, "Scan Direction": "Forward", "Index Name": "idx_votes_postid", "Relation Name": "votes", "Alias": "v", "Startup Cost": 0.42, "Total Cost": 0.58, "Plan Rows": 1, "Plan Width": 4, "Index Cond": "(postid = c.postid)", "Filter": "(bountyamount <= 126)"}]}, {"Node Type": "Index Scan", "Parent Relationship": "Inner", "Parallel Aware": false, "Async Capable": false, "Scan Direction": "Forward", "Index Name": "users_pkey", "Relation Name": "users", "Alias": "u", "Startup Cost": 0.29, "Total Cost": 5.78, "Plan Rows": 1, "Plan Width": 4, "Index Cond": "(id = p.owneruserid)"}]}, {"Node Type": "Index Scan", "Parent Relationship": "Inner", "Parallel Aware": false, "Async Capable": false, "Scan Direction": "Forward", "Index Name": "idx_posthistory_postid", "Relation Name": "posthistory", "Alias": "ph", "Startup Cost": 0.42, "Total Cost": 0.56, "Plan Rows": 4, "Plan Width": 4, "Index Cond": "(postid = c.postid)"}]}, {"Node Type": "Index Scan", "Parent Relationship": "Inner", "Parallel Aware": false, "Async Capable": false, "Scan Direction": "Forward", "Index Name": "idx_badges_userid", "Relation Name": "badges", "Alias": "b", "Startup Cost": 0.29, "Total Cost": 0.4, "Plan Rows": 3, "Plan Width": 4, "Index Cond": "(userid = u.id)"}]}]}}, {"Plan": {"Node Type": "Aggregate", "Strategy": "Plain", "Partial Mode": "Simple", "Parallel Aware": false, "Async Capable": false, "Startup Cost": 4193.27, "Total Cost": 4193.28, "Plan Rows": 1, "Plan Width": 8, "Plans": [{"Node Type": "Nested Loop", "Parent Relationship": "Outer", "Parallel Aware": false, "Async Capable": false, "Join Type": "Inner", "Startup Cost": 1.85, "Total Cost": 4191.57, "Plan Rows": 683, "Plan Width": 0, "Inner Unique": false, "Plans": [{"Node Type": "Nested Loop", "Parent Relationship": "Outer", "Parallel Aware": false, "Async Capable": false, "Join Type": "Inner", "Startup Cost": 1.56, "Total Cost": 4183.8, "Plan Rows": 18, "Plan Width": 8, "Inner Unique": false, "Join Filter": "(p.id = ph.postid)", "Plans": [{"Node Type": "Nested Loop", "Parent Relationship": "Outer", "Parallel Aware": false, "Async Capable": false, "Join Type": "Inner", "Startup Cost": 1.13, "Total Cost": 4180.17, "Plan Rows": 6, "Plan Width": 20, "Inner Unique": true, "Plans": [{"Node Type": "Nested Loop", "Parent Relationship": "Outer", "Parallel Aware": false, "Async Capable": false, "Join Type": "Inner", "Startup Cost": 0.84, "Total Cost": 4145.49, "Plan Rows": 6, "Plan Width": 16, "Inner Unique": false, "Join Filter": "(p.id = v.postid)", "Plans": [{"Node Type": "Nested Loop", "Parent Relationship": "Outer", "Parallel Aware": false, "Async Capable": false, "Join Type": "Inner", "Startup Cost": 0.42, "Total Cost": 3961.38, "Plan Rows": 309, "Plan Width": 12, "Inner Unique": false, "Plans": [{"Node Type": "Seq Scan", "Parent Relationship": "Outer", "Parallel Aware": false, "Async Capable": false, "Relation Name": "posts", "Alias": "p", "Startup Cost": 0.0, "Total Cost": 2679.52, "Plan Rows": 163, "Plan Width": 8, "Filter": "((commentcount >= 4) AND (commentcount <= 10) AND (favoritecount >= 4) AND (posttypeid = 1))"}, {"Node Type": "Index Scan", "Parent Relationship": "Inner", "Parallel Aware": false, "Async Capable": false, "Scan Direction": "Forward", "Index Name": "idx_comments_postid", "Relation Name": "comments", "Alias": "c", "Startup Cost": 0.42, "Total Cost": 7.83, "Plan Rows": 3, "Plan Width": 4, "Index Cond": "(postid = p.id)"}]}, {"Node Type": "Index Scan", "Parent Relationship": "Inner", "Parallel Aware": false, "Async Capable": false, "Scan Direction": "Forward", "Index Name": "idx_votes_postid", "Relation Name": "votes", "Alias": "v", "Startup Cost": 0.42, "Total Cost": 0.58, "Plan Rows": 1, "Plan Width": 4, "Index Cond": "(postid = c.postid)", "Filter": "(bountyamount <= 126)"}]}, {"Node Type": "Index Scan", "Parent Relationship": "Inner", "Parallel Aware": false, "Async Capable": false, "Scan Direction": "Forward", "Index Name": "users_pkey", "Relation Name": "users", "Alias": "u", "Startup Cost": 0.29, "Total Cost": 5.78, "Plan Rows": 1, "Plan Width": 4, "Index Cond": "(id = p.owneruserid)"}]}, {"Node Type": "Index Scan", "Parent Relationship": "Inner", "Parallel Aware": false, "Async Capable": false, "Scan Direction": "Forward", "Index Name": "idx_posthistory_postid", "Relation Name": "posthistory", "Alias": "ph", "Startup Cost": 0.42, "Total Cost": 0.56, "Plan Rows": 4, "Plan Width": 4, "Index Cond": "(postid = c.postid)"}]}, {"Node Type": "Index Scan", "Parent Relationship": "Inner", "Parallel Aware": false, "Async Capable": false, "Scan Direction": "Forward", "Index Name": "idx_badges_userid", "Relation Name": "badges", "Alias": "b", "Startup Cost": 0.29, "Total Cost": 0.4, "Plan Rows": 3, "Plan Width": 4, "Index Cond": "(userid = u.id)"}]}]}}, {"Plan": {"Node Type": "Aggregate", "Strategy": "Plain", "Partial Mode": "Simple", "Parallel Aware": false, "Async Capable": false, "Startup Cost": 30107.27, "Total Cost": 30107.28, "Plan Rows": 1, "Plan Width": 8, "Plans": [{"Node Type": "Merge Join", "Parent Relationship": "Outer", "Parallel Aware": false, "Async Capable": false, "Join Type": "Inner", "Startup Cost": 25772.0, "Total Cost": 30105.57, "Plan Rows": 683, "Plan Width": 0, "Inner Unique": false, "Merge Cond": "(p.id = c.postid)", "Plans": [{"Node Type": "Sort", "Parent Relationship": "Outer", "Parallel Aware": false, "Async Capable": false, "Startup Cost": 25771.58, "Total Cost": 25772.53, "Plan Rows": 379, "Plan Width": 12, "Sort Key": ["p.id"], "Plans": [{"Node Type": "Merge Join", "Parent Relationship": "Outer", "Parallel Aware": false, "Async Capable": false, "Join Type": "Inner", "Startup Cost": 22685.82, "Total Cost": 25755.35, "Plan Rows": 379, "Plan Width": 12, "Inner Unique": true, "Merge Cond": "(p.owneruserid = u.id)", "Plans": [{"Node Type": "Merge Join", "Parent Relationship": "Outer", "Parallel Aware": false, "Async Capable": false, "Join Type": "Inner", "Startup Cost": 22685.53, "Total Cost": 24622.83, "Plan Rows": 385, "Plan Width": 20, "Inner Unique": false, "Merge Cond": "(p.owneruserid = b.userid)", "Plans": [{"Node Type": "Sort", "Parent Relationship": "Outer", "Parallel Aware": false, "Async Capable": false, "Startup Cost": 22685.24, "Total Cost": 22685.27, "Plan Rows": 10, "Plan Width": 16, "Sort Key": ["p.owneruserid"], "Plans": [{"Node Type": "Merge Join", "Parent Relationship": "Outer", "Parallel Aware": false, "Async Capable": false, "Join Type": "Inner", "Startup Cost": 2001.17, "Total Cost": 22685.07, "Plan Rows": 10, "Plan Width": 16, "Inner Unique": false, "Merge Cond": "(v.postid = p.id)", "Plans": [{"Node Type": "Gather Merge", "Parent Relationship": "Outer", "Parallel Aware": false, "Async Capable": false, "Startup Cost": 1000.43, "Total Cost": 12291.38, "Plan Rows": 1649, "Plan Width": 4, "Workers Planned": 1, "Plans": [{"Node Type": "Index Scan", "Parent Relationship": "Outer", "Parallel Aware": true, "Async Capable": false, "Scan Direction": "Forward", "Index Name": "idx_votes_postid", "Relation Name": "votes", "Alias": "v", "Startup Cost": 0.42, "Total Cost": 11105.86, "Plan Rows": 970, "Plan Width": 4, "Filter": "(bountyamount <= 126)"}]}, {"Node Type": "Materialize", "Parent Relationship": "Inner", "Parallel Aware": false, "Async Capable": false, "Startup Cost": 1000.74, "Total Cost": 10388.13, "Plan Rows": 537, "Plan Width": 12, "Plans": [{"Node Type": "Gather Merge", "Parent Relationship": "Outer", "Parallel Aware": false, "Async Capable": false, "Startup Cost": 1000.74, "Total Cost": 10386.79, "Plan Rows": 537, "Plan Width": 12, "Workers Planned": 2, "Plans": [{"Node Type": "Merge Join", "Parent Relationship": "Outer", "Parallel Aware": false, "Async Capable": false, "Join Type": "Inner", "Startup Cost": 0.71, "Total Cost": 9324.78, "Plan Rows": 224, "Plan Width": 12, "Inner Unique": true, "Merge Cond": "(ph.postid = p.id)", "Plans": [{"Node Type": "Index Only Scan", "Parent Relationship": "Outer", "Parallel Aware": true, "Async Capable": false, "Scan Direction": "Forward", "Index Name": "idx_posthistory_postid", "Relation Name": "posthistory", "Alias": "ph", "Startup Cost": 0.42, "Total Cost": 4847.39, "Plan Rows": 126328, "Plan Width": 4}, {"Node Type": "Index Scan", "Parent Relationship": "Inner", "Parallel Aware": false, "Async Capable": false, "Scan Direction": "Forward", "Index Name": "posts_pkey", "Relation Name": "posts", "Alias": "p", "Startup Cost": 0.29, "Total Cost": 4158.93, "Plan Rows": 163, "Plan Width": 8, "Filter": "((commentcount >= 4) AND (commentcount <= 10) AND (favoritecount >= 4) AND (posttypeid = 1))"}]}]}]}]}]}, {"Node Type": "Index Only Scan", "Parent Relationship": "Inner", "Parallel Aware": false, "Async Capable": false, "Scan Direction": "Forward", "Index Name": "idx_badges_userid", "Relation Name": "badges", "Alias": "b", "Startup Cost": 0.29, "Total Cost": 1734.06, "Plan Rows": 79851, "Plan Width": 4}]}, {"Node Type": "Index Only Scan", "Parent Relationship": "Inner", "Parallel Aware": false, "Async Capable": false, "Scan Direction": "Forward", "Index Name": "users_pkey", "Relation Name": "users", "Alias": "u", "Startup Cost": 0.29, "Total Cost": 1057.16, "Plan Rows": 40325, "Plan Width": 4}]}]}, {"Node Type": "Index Only Scan", "Parent Relationship": "Inner", "Parallel Aware": false, "Async Capable": false, "Scan Direction": "Forward", "Index Name": "idx_comments_postid", "Relation Name": "comments", "Alias": "c", "Startup Cost": 0.42, "Total Cost": 3889.15, "Plan Rows": 174305, "Plan Width": 4}]}]}}, {"Plan": {"Node Type": "Aggregate", "Strategy": "Plain", "Partial Mode": "Simple", "Parallel Aware": false, "Async Capable": false, "Startup Cost": 22174.46, "Total Cost": 22174.47, "Plan Rows": 1, "Plan Width": 8, "Plans": [{"Node Type": "Merge Join", "Parent Relationship": "Outer", "Parallel Aware": false, "Async Capable": false, "Join Type": "Inner", "Startup Cost": 17837.49, "Total Cost": 22172.75, "Plan Rows": 683, "Plan Width": 0, "Inner Unique": false, "Merge Cond": "(c.postid = p.id)", "Plans": [{"Node Type": "Index Only Scan", "Parent Relationship": "Outer", "Parallel Aware": false, "Async Capable": false, "Scan Direction": "Forward", "Index Name": "idx_comments_postid", "Relation Name": "comments", "Alias": "c", "Startup Cost": 0.42, "Total Cost": 3889.15, "Plan Rows": 174305, "Plan Width": 4}, {"Node Type": "Sort", "Parent Relationship": "Inner", "Parallel Aware": false, "Async Capable": false, "Startup Cost": 17837.07, "Total Cost": 17838.02, "Plan Rows": 379, "Plan Width": 12, "Sort Key": ["p.id"], "Plans": [{"Node Type": "Merge Join", "Parent Relationship": "Outer", "Parallel Aware": false, "Async Capable": false, "Join Type": "Inner", "Startup Cost": 14749.47, "Total Cost": 17820.84, "Plan Rows": 379, "Plan Width": 12, "Inner Unique": true, "Merge Cond": "(p.owneruserid = u.id)", "Plans": [{"Node Type": "Merge Join", "Parent Relationship": "Outer", "Parallel Aware": false, "Async Capable": false, "Join Type": "Inner", "Startup Cost": 14749.18, "Total Cost": 16688.34, "Plan Rows": 385, "Plan Width": 20, "Inner Unique": false, "Merge Cond": "(b.userid = p.owneruserid)", "Plans": [{"Node Type": "Index Only Scan", "Parent Relationship": "Outer", "Parallel Aware": false, "Async Capable": false, "Scan Direction": "Forward", "Index Name": "idx_badges_userid", "Relation Name": "badges", "Alias": "b", "Startup Cost": 0.29, "Total Cost": 1734.06, "Plan Rows": 79851, "Plan Width": 4}, {"Node Type": "Sort", "Parent Relationship": "Inner", "Parallel Aware": false, "Async Capable": false, "Startup Cost": 14748.88, "Total Cost": 14748.91, "Plan Rows": 10, "Plan Width": 16, "Sort Key": ["p.owneruserid"], "Plans": [{"Node Type": "Merge Join", "Parent Relationship": "Outer", "Parallel Aware": false, "Async Capable": false, "Join Type": "Inner", "Startup Cost": 9511.21, "Total Cost": 14748.72, "Plan Rows": 10, "Plan Width": 16, "Inner Unique": false, "Merge Cond": "(p.id = v.postid)", "Plans": [{"Node Type": "Gather Merge", "Parent Relationship": "Outer", "Parallel Aware": false, "Async Capable": false, "Startup Cost": 3685.96, "Total Cost": 8913.78, "Plan Rows": 537, "Plan Width": 12, "Workers Planned": 2, "Plans": [{"Node Type": "Merge Join", "Parent Relationship": "Outer", "Parallel Aware": false, "Async Capable": false, "Join Type": "Inner", "Startup Cost": 2685.93, "Total Cost": 7851.77, "Plan Rows": 224, "Plan Width": 12, "Inner Unique": true, "Merge Cond": "(ph.postid = p.id)", "Plans": [{"Node Type": "Index Only Scan", "Parent Relationship": "Outer", "Parallel Aware": true, "Async Capable": false, "Scan Direction": "Forward", "Index Name": "idx_posthistory_postid", "Relation Name": "posthistory", "Alias": "ph", "Startup Cost": 0.42, "Total Cost": 4847.39, "Plan Rows": 126328, "Plan Width": 4}, {"Node Type": "Sort", "Parent Relationship": "Inner", "Parallel Aware": false, "Async Capable": false, "Startup Cost": 2685.51, "Total Cost": 2685.92, "Plan Rows": 163, "Plan Width": 8, "Sort Key": ["p.id"], "Plans": [{"Node Type": "Seq Scan", "Parent Relationship": "Outer", "Parallel Aware": false, "Async Capable": false, "Relation Name": "posts", "Alias": "p", "Startup Cost": 0.0, "Total Cost": 2679.52, "Plan Rows": 163, "Plan Width": 8, "Filter": "((commentcount >= 4) AND (commentcount <= 10) AND (favoritecount >= 4) AND (posttypeid = 1))"}]}]}]}, {"Node Type": "Sort", "Parent Relationship": "Inner", "Parallel Aware": false, "Async Capable": false, "Startup Cost": 5825.25, "Total Cost": 5829.38, "Plan Rows": 1649, "Plan Width": 4, "Sort Key": ["v.postid"], "Plans": [{"Node Type": "Gather", "Parent Relationship": "Outer", "Parallel Aware": false, "Async Capable": false, "Startup Cost": 1000.0, "Total Cost": 5737.14, "Plan Rows": 1649, "Plan Width": 4, "Workers Planned": 1, "Single Copy": false, "Plans": [{"Node Type": "Seq Scan", "Parent Relationship": "Outer", "Parallel Aware": true, "Async Capable": false, "Relation Name": "votes", "Alias": "v", "Startup Cost": 0.0, "Total Cost": 4572.24, "Plan Rows": 970, "Plan Width": 4, "Filter": "(bountyamount <= 126)"}]}]}]}]}]}, {"Node Type": "Index Only Scan", "Parent Relationship": "Inner", "Parallel Aware": false, "Async Capable": false, "Scan Direction": "Forward", "Index Name": "users_pkey", "Relation Name": "users", "Alias": "u", "Startup Cost": 0.29, "Total Cost": 1057.16, "Plan Rows": 40325, "Plan Width": 4}]}]}]}]}}, {"Plan": {"Node Type": "Aggregate", "Strategy": "Plain", "Partial Mode": "Simple", "Parallel Aware": false, "Async Capable": false, "Startup Cost": 55679.91, "Total Cost": 55679.92, "Plan Rows": 1, "Plan Width": 8, "Plans": [{"Node Type": "Merge Join", "Parent Relationship": "Outer", "Parallel Aware": false, "Async Capable": false, "Join Type": "Inner", "Startup Cost": 55076.65, "Total Cost": 55678.2, "Plan Rows": 683, "Plan Width": 0, "Inner Unique": false, "Merge Cond": "(u.id = b.userid)", "Plans": [{"Node Type": "Merge Join", "Parent Relationship": "Outer", "Parallel Aware": false, "Async Capable": false, "Join Type": "Inner", "Startup Cost": 47344.26, "Total Cost": 47546.16, "Plan Rows": 18, "Plan Width": 8, "Inner Unique": true, "Merge Cond": "(p.owneruserid = u.id)", "Plans": [{"Node Type": "Sort", "Parent Relationship": "Outer", "Parallel Aware": false, "Async Capable": false, "Startup Cost": 43559.27, "Total Cost": 43559.32, "Plan Rows": 18, "Plan Width": 4, "Sort Key": ["p.owneruserid"], "Plans": [{"Node Type": "Merge Join", "Parent Relationship": "Outer", "Parallel Aware": false, "Async Capable": false, "Join Type": "Inner", "Startup Cost": 41516.34, "Total Cost": 43558.9, "Plan Rows": 18, "Plan Width": 4, "Inner Unique": false, "Merge Cond": "(c.postid = p.id)", "Plans": [{"Node Type": "Gather Merge", "Parent Relationship": "Outer", "Parallel Aware": false, "Async Capable": false, "Startup Cost": 18251.84, "Total Cost": 19323.8, "Plan Rows": 4610, "Plan Width": 8, "Workers Planned": 1, "Plans": [{"Node Type": "Merge Join", "Parent Relationship": "Outer", "Parallel Aware": false, "Async Capable": false, "Join Type": "Inner", "Startup Cost": 17251.83, "Total Cost": 17805.17, "Plan Rows": 2712, "Plan Width": 8, "Inner Unique": false, "Merge Cond": "(c.postid = v.postid)", "Plans": [{"Node Type": "Sort", "Parent Relationship": "Outer", "Parallel Aware": false, "Async Capable": false, "Startup Cost": 10902.92, "Total Cost": 11159.25, "Plan Rows": 102532, "Plan Width": 4, "Sort Key": ["c.postid"], "Plans": [{"Node Type": "Seq Scan", "Parent Relationship": "Outer", "Parallel Aware": true, "Async Capable": false, "Relation Name": "comments", "Alias": "c", "Startup Cost": 0.0, "Total Cost": 2369.32, "Plan Rows": 102532, "Plan Width": 4}]}, {"Node Type": "Sort", "Parent Relationship": "Inner", "Parallel Aware": false, "Async Capable": false, "Startup Cost": 6348.92, "Total Cost": 6353.04, "Plan Rows": 1649, "Plan Width": 4, "Sort Key": ["v.postid"], "Plans": [{"Node Type": "Seq Scan", "Parent Relationship": "Outer", "Parallel Aware": false, "Async Capable": false, "Relation Name": "votes", "Alias": "v", "Startup Cost": 0.0, "Total Cost": 6260.8, "Plan Rows": 1649, "Plan Width": 4, "Filter": "(bountyamount <= 126)"}]}]}]}, {"Node Type": "Materialize", "Parent Relationship": "Inner", "Parallel Aware": false, "Async Capable": false, "Startup Cost": 23264.5, "Total Cost": 24221.96, "Plan Rows": 537, "Plan Width": 12, "Plans": [{"Node Type": "Gather Merge", "Parent Relationship": "Outer", "Parallel Aware": false, "Async Capable": false, "Startup Cost": 23264.5, "Total Cost": 24220.61, "Plan Rows": 537, "Plan Width": 12, "Workers Planned": 1, "Plans": [{"Node Type": "Merge Join", "Parent Relationship": "Outer", "Parallel Aware": false, "Async Capable": false, "Join Type": "Inner", "Startup Cost": 22264.49, "Total Cost": 23160.19, "Plan Rows": 316, "Plan Width": 12, "Inner Unique": true, "Merge Cond": "(ph.postid = p.id)", "Plans": [{"Node Type": "Sort", "Parent Relationship": "Outer", "Parallel Aware": false, "Async Capable": false, "Startup Cost": 19578.98, "Total Cost": 20024.84, "Plan Rows": 178345, "Plan Width": 4, "Sort Key": ["ph.postid"], "Plans": [{"Node Type": "Seq Scan", "Parent Relationship": "Outer", "Parallel Aware": true, "Async Capable": false, "Relation Name": "posthistory", "Alias": "ph", "Startup Cost": 0.0, "Total Cost": 4023.45, "Plan Rows": 178345, "Plan Width": 4}]}, {"Node Type": "Sort", "Parent Relationship": "Inner", "Parallel Aware": false, "Async Capable": false, "Startup Cost": 2685.51, "Total Cost": 2685.92, "Plan Rows": 163, "Plan Width": 8, "Sort Key": ["p.id"], "Plans": [{"Node Type": "Seq Scan", "Parent Relationship": "Outer", "Parallel Aware": false, "Async Capable": false, "Relation Name": "posts", "Alias": "p", "Startup Cost": 0.0, "Total Cost": 2679.52, "Plan Rows": 163, "Plan Width": 8, "Filter": "((commentcount >= 4) AND (commentcount <= 10) AND (favoritecount >= 4) AND (posttypeid = 1))"}]}]}]}]}]}]}, {"Node Type": "Sort", "Parent Relationship": "Inner", "Parallel Aware": false, "Async Capable": false, "Startup Cost": 3784.99, "Total Cost": 3885.8, "Plan Rows": 40325, "Plan Width": 4, "Sort Key": ["u.id"], "Plans": [{"Node Type": "Seq Scan", "Parent Relationship": "Outer", "Parallel Aware": false, "Async Capable": false, "Relation Name": "users", "Alias": "u", "Startup Cost": 0.0, "Total Cost": 700.25, "Plan Rows": 40325, "Plan Width": 4}]}]}, {"Node Type": "Sort", "Parent Relationship": "Inner", "Parallel Aware": false, "Async Capable": false, "Startup Cost": 7732.39, "Total Cost": 7932.01, "Plan Rows": 79851, "Plan Width": 4, "Sort Key": ["b.userid"], "Plans": [{"Node Type": "Seq Scan", "Parent Relationship": "Outer", "Parallel Aware": false, "Async Capable": false, "Relation Name": "badges", "Alias": "b", "Startup Cost": 0.0, "Total Cost": 1230.51, "Plan Rows": 79851, "Plan Width": 4}]}]}]}}, {"Plan": {"Node Type": "Aggregate", "Strategy": "Plain", "Partial Mode": "Finalize", "Parallel Aware": false, "Async Capable": false, "Startup Cost": 36444.74, "Total Cost": 36444.75, "Plan Rows": 1, "Plan Width": 8, "Plans": [{"Node Type": "Gather", "Parent Relationship": "Outer", "Parallel Aware": false, "Async Capable": false, "Startup Cost": 36444.63, "Total Cost": 36444.74, "Plan Rows": 1, "Plan Width": 8, "Workers Planned": 1, "Single Copy": false, "Plans": [{"Node Type": "Aggregate", "Strategy": "Plain", "Partial Mode": "Partial", "Parent Relationship": "Outer", "Parallel Aware": false, "Async Capable": false, "Startup Cost": 35444.63, "Total Cost": 35444.64, "Plan Rows": 1, "Plan Width": 8, "Plans": [{"Node Type": "Merge Join", "Parent Relationship": "Outer", "Parallel Aware": false, "Async Capable": false, "Join Type": "Inner", "Startup Cost": 30957.07, "Total Cost": 35443.62, "Plan Rows": 402, "Plan Width": 0, "Inner Unique": true, "Merge Cond": "(p.owneruserid = u.id)", "Plans": [{"Node Type": "Merge Join", "Parent Relationship": "Outer", "Parallel Aware": false, "Async Capable": false, "Join Type": "Inner", "Startup Cost": 30956.78, "Total Cost": 34025.75, "Plan Rows": 408, "Plan Width": 8, "Inner Unique": false, "Merge Cond": "(p.owneruserid = b.userid)", "Plans": [{"Node Type": "Sort", "Parent Relationship": "Outer", "Parallel Aware": false, "Async Capable": false, "Startup Cost": 30956.49, "Total Cost": 30956.51, "Plan Rows": 11, "Plan Width": 4, "Sort Key": ["p.owneruserid"], "Plans": [{"Node Type": "Merge Join", "Parent Relationship": "Outer", "Parallel Aware": false, "Async Capable": false, "Join Type": "Inner", "Startup Cost": 1.56, "Total Cost": 30956.3, "Plan Rows": 11, "Plan Width": 4, "Inner Unique": false, "Merge Cond": "(p.id = ph.postid)", "Plans": [{"Node Type": "Merge Join", "Parent Relationship": "Outer", "Parallel Aware": false, "Async Capable": false, "Join Type": "Inner", "Startup Cost": 1.14, "Total Cost": 21124.68, "Plan Rows": 4, "Plan Width": 16, "Inner Unique": false, "Merge Cond": "(p.id = c.postid)", "Plans": [{"Node Type": "Merge Join", "Parent Relationship": "Outer", "Parallel Aware": false, "Async Capable": false, "Join Type": "Inner", "Startup Cost": 0.71, "Total Cost": 15267.64, "Plan Rows": 2, "Plan Width": 12, "Inner Unique": true, "Merge Cond": "(v.postid = p.id)", "Plans": [{"Node Type": "Index Scan", "Parent Relationship": "Outer", "Parallel Aware": true, "Async Capable": false, "Scan Direction": "Forward", "Index Name": "idx_votes_postid", "Relation Name": "votes", "Alias": "v", "Startup Cost": 0.42, "Total Cost": 11105.86, "Plan Rows": 970, "Plan Width": 4, "Filter": "(bountyamount <= 126)"}, {"Node Type": "Index Scan", "Parent Relationship": "Inner", "Parallel Aware": false, "Async Capable": false, "Scan Direction": "Forward", "Index Name": "posts_pkey", "Relation Name": "posts", "Alias": "p", "Startup Cost": 0.29, "Total Cost": 4158.93, "Plan Rows": 163, "Plan Width": 8, "Filter": "((commentcount >= 4) AND (commentcount <= 10) AND (favoritecount >= 4) AND (posttypeid = 1))"}]}, {"Node Type": "Index Scan", "Parent Relationship": "Inner", "Parallel Aware": false, "Async Capable": false, "Scan Direction": "Forward", "Index Name": "idx_comments_postid", "Relation Name": "comments", "Alias": "c", "Startup Cost": 0.42, "Total Cost": 5421.24, "Plan Rows": 174305, "Plan Width": 4}]}, {"Node Type": "Index Scan", "Parent Relationship": "Inner", "Parallel Aware": false, "Async Capable": false, "Scan Direction": "Forward", "Index Name": "idx_posthistory_postid", "Relation Name": "posthistory", "Alias": "ph", "Startup Cost": 0.42, "Total Cost": 9073.51, "Plan Rows": 303187, "Plan Width": 4}]}]}, {"Node Type": "Index Scan", "Parent Relationship": "Inner", "Parallel Aware": false, "Async Capable": false, "Scan Direction": "Forward", "Index Name": "idx_badges_userid", "Relation Name": "badges", "Alias": "b", "Startup Cost": 0.29, "Total Cost": 2865.34, "Plan Rows": 79851, "Plan Width": 4}]}, {"Node Type": "Index Scan", "Parent Relationship": "Inner", "Parallel Aware": false, "Async Capable": false, "Scan Direction": "Forward", "Index Name": "users_pkey", "Relation Name": "users", "Alias": "u", "Startup Cost": 0.29, "Total Cost": 1357.16, "Plan Rows": 40325, "Plan Width": 4}]}]}]}]}}, {"Plan": {"Node Type": "Aggregate", "Strategy": "Plain", "Partial Mode": "Simple", "Parallel Aware": false, "Async Capable": false, "Startup Cost": 28490.57, "Total Cost": 28490.58, "Plan Rows": 1, "Plan Width": 8, "Plans": [{"Node Type": "Merge Join", "Parent Relationship": "Outer", "Parallel Aware": false, "Async Capable": false, "Join Type": "Inner", "Startup Cost": 12789.9, "Total Cost": 28488.87, "Plan Rows": 683, "Plan Width": 0, "Inner Unique": false, "Merge Cond": "(p.id = ph.postid)", "Plans": [{"Node Type": "Merge Join", "Parent Relationship": "Outer", "Parallel Aware": false, "Async Capable": false, "Join Type": "Inner", "Startup Cost": 12789.48, "Total Cost": 18649.3, "Plan Rows": 228, "Plan Width": 12, "Inner Unique": false, "Merge Cond": "(c.postid = p.id)", "Plans": [{"Node Type": "Index Scan", "Parent Relationship": "Outer", "Parallel Aware": false, "Async Capable": false, "Scan Direction": "Forward", "Index Name": "idx_comments_postid", "Relation Name": "comments", "Alias": "c", "Startup Cost": 0.42, "Total Cost": 5421.24, "Plan Rows": 174305, "Plan Width": 4}, {"Node Type": "Sort", "Parent Relationship": "Inner", "Parallel Aware": false, "Async Capable": false, "Startup Cost": 12789.06, "Total Cost": 12789.34, "Plan Rows": 114, "Plan Width": 8, "Sort Key": ["p.id"], "Plans": [{"Node Type": "Merge Join", "Parent Relationship": "Outer", "Parallel Aware": false, "Async Capable": false, "Join Type": "Inner", "Startup Cost": 8312.5, "Total Cost": 12785.16, "Plan Rows": 114, "Plan Width": 8, "Inner Unique": true, "Merge Cond": "(p.owneruserid = u.id)", "Plans": [{"Node Type": "Merge Join", "Parent Relationship": "Outer", "Parallel Aware": false, "Async Capable": false, "Join Type": "Inner", "Startup Cost": 8312.21, "Total Cost": 11378.63, "Plan Rows": 116, "Plan Width": 16, "Inner Unique": false, "Merge Cond": "(b.userid = p.owneruserid)", "Plans": [{"Node Type": "Index Scan", "Parent Relationship": "Outer", "Parallel Aware": false, "Async Capable": false, "Scan Direction": "Forward", "Index Name": "idx_badges_userid", "Relation Name": "badges", "Alias": "b", "Startup Cost": 0.29, "Total Cost": 2865.34, "Plan Rows": 79851, "Plan Width": 4}, {"Node Type": "Sort", "Parent Relationship": "Inner", "Parallel Aware": false, "Async Capable": false, "Startup Cost": 8311.92, "Total Cost": 8311.93, "Plan Rows": 3, "Plan Width": 12, "Sort Key": ["p.owneruserid"], "Plans": [{"Node Type": "Gather Merge", "Parent Relationship": "Outer", "Parallel Aware": false, "Async Capable": false, "Startup Cost": 8305.88, "Total Cost": 8311.9, "Plan Rows": 3, "Plan Width": 12, "Workers Planned": 1, "Plans": [{"Node Type": "Merge Join", "Parent Relationship": "Outer", "Parallel Aware": false, "Async Capable": false, "Join Type": "Inner", "Startup Cost": 7305.87, "Total Cost": 7311.55, "Plan Rows": 2, "Plan Width": 12, "Inner Unique": true, "Merge Cond": "(v.postid = p.id)", "Plans": [{"Node Type": "Sort", "Parent Relationship": "Outer", "Parallel Aware": false, "Async Capable": false, "Startup Cost": 4620.36, "Total Cost": 4622.78, "Plan Rows": 970, "Plan Width": 4, "Sort Key": ["v.postid"], "Plans": [{"Node Type": "Seq Scan", "Parent Relationship": "Outer", "Parallel Aware": true, "Async Capable": false, "Relation Name": "votes", "Alias": "v", "Startup Cost": 0.0, "Total Cost": 4572.24, "Plan Rows": 970, "Plan Width": 4, "Filter": "(bountyamount <= 126)"}]}, {"Node Type": "Sort", "Parent Relationship": "Inner", "Parallel Aware": false, "Async Capable": false, "Startup Cost": 2685.51, "Total Cost": 2685.92, "Plan Rows": 163, "Plan Width": 8, "Sort Key": ["p.id"], "Plans": [{"Node Type": "Seq Scan", "Parent Relationship": "Outer", "Parallel Aware": false, "Async Capable": false, "Relation Name": "posts", "Alias": "p", "Startup Cost": 0.0, "Total Cost": 2679.52, "Plan Rows": 163, "Plan Width": 8, "Filter": "((commentcount >= 4) AND (commentcount <= 10) AND (favoritecount >= 4) AND (posttypeid = 1))"}]}]}]}]}]}, {"Node Type": "Index Scan", "Parent Relationship": "Inner", "Parallel Aware": false, "Async Capable": false, "Scan Direction": "Forward", "Index Name": "users_pkey", "Relation Name": "users", "Alias": "u", "Startup Cost": 0.29, "Total Cost": 1357.16, "Plan Rows": 40325, "Plan Width": 4}]}]}]}, {"Node Type": "Index Scan", "Parent Relationship": "Inner", "Parallel Aware": false, "Async Capable": false, "Scan Direction": "Forward", "Index Name": "idx_posthistory_postid", "Relation Name": "posthistory", "Alias": "ph", "Startup Cost": 0.42, "Total Cost": 9073.51, "Plan Rows": 303187, "Plan Width": 4}]}]}}]