[{"Plan": {"Node Type": "Aggregate", "Strategy": "Plain", "Partial Mode": "Finalize", "Parallel Aware": false, "Async Capable": false, "Startup Cost": 10641.97, "Total Cost": 10641.98, "Plan Rows": 1, "Plan Width": 8, "Plans": [{"Node Type": "Gather", "Parent Relationship": "Outer", "Parallel Aware": false, "Async Capable": false, "Startup Cost": 10641.75, "Total Cost": 10641.96, "Plan Rows": 2, "Plan Width": 8, "Workers Planned": 2, "Single Copy": false, "Plans": [{"Node Type": "Aggregate", "Strategy": "Plain", "Partial Mode": "Partial", "Parent Relationship": "Outer", "Parallel Aware": false, "Async Capable": false, "Startup Cost": 9641.75, "Total Cost": 9641.76, "Plan Rows": 1, "Plan Width": 8, "Plans": [{"Node Type": "Nested Loop", "Parent Relationship": "Outer", "Parallel Aware": false, "Async Capable": false, "Join Type": "Inner", "Startup Cost": 3073.82, "Total Cost": 9455.75, "Plan Rows": 74402, "Plan Width": 0, "Inner Unique": false, "Plans": [{"Node Type": "Nested Loop", "Parent Relationship": "Outer", "Parallel Aware": false, "Async Capable": false, "Join Type": "Inner", "Startup Cost": 3073.53, "Total Cost": 8558.0, "Plan Rows": 1957, "Plan Width": 8, "Inner Unique": false, "Join Filter": "(p.id = ph.postid)", "Plans": [{"Node Type": "Nested Loop", "Parent Relationship": "Outer", "Parallel Aware": false, "Async Capable": false, "Join Type": "Inner", "Startup Cost": 3073.1, "Total Cost": 8229.02, "Plan Rows": 593, "Plan Width": 20, "Inner Unique": true, "Plans": [{"Node Type": "Nested Loop", "Parent Relationship": "Outer", "Parallel Aware": false, "Async Capable": false, "Join Type": "Inner", "Startup Cost": 3072.81, "Total Cost": 7495.94, "Plan Rows": 818, "Plan Width": 16, "Inner Unique": false, "Join Filter": "(p.id = v.postid)", "Plans": [{"Node Type": "Merge Join", "Parent Relationship": "Outer", "Parallel Aware": false, "Async Capable": false, "Join Type": "Inner", "Startup Cost": 3072.39, "Total Cost": 6162.46, "Plan Rows": 2238, "Plan Width": 12, "Inner Unique": true, "Merge Cond": "(c.postid = p.id)", "Plans": [{"Node Type": "Index Only Scan", "Parent Relationship": "Outer", "Parallel Aware": true, "Async Capable": false, "Scan Direction": "Forward", "Index Name": "idx_comments_postid", "Relation Name": "comments", "Alias": "c", "Startup Cost": 0.42, "Total Cost": 2872.37, "Plan Rows": 72627, "Plan Width": 4}, {"Node Type": "Sort", "Parent Relationship": "Inner", "Parallel Aware": false, "Async Capable": false, "Startup Cost": 3071.97, "Total Cost": 3079.06, "Plan Rows": 2834, "Plan Width": 8, "Sort Key": ["p.id"], "Plans": [{"Node Type": "Seq Scan", "Parent Relationship": "Outer", "Parallel Aware": false, "Async Capable": false, "Relation Name": "posts", "Alias": "p", "Startup Cost": 0.0, "Total Cost": 2909.46, "Plan Rows": 2834, "Plan Width": 8, "Filter": "((viewcount >= 0) AND (answercount >= 0) AND (answercount <= 7) AND (favoritecount >= 0) AND (favoritecount <= 17))"}]}]}, {"Node Type": "Index Scan", "Parent Relationship": "Inner", "Parallel Aware": false, "Async Capable": false, "Scan Direction": "Forward", "Index Name": "idx_votes_postid", "Relation Name": "votes", "Alias": "v", "Startup Cost": 0.42, "Total Cost": 0.58, "Plan Rows": 1, "Plan Width": 4, "Index Cond": "(postid = c.postid)", "Filter": "(votetypeid = 5)"}]}, {"Node Type": "Index Scan", "Parent Relationship": "Inner", "Parallel Aware": false, "Async Capable": false, "Scan Direction": "Forward", "Index Name": "users_pkey", "Relation Name": "users", "Alias": "u", "Startup Cost": 0.29, "Total Cost": 0.9, "Plan Rows": 1, "Plan Width": 4, "Index Cond": "(id = p.owneruserid)", "Filter": "((reputation >= 1) AND (views >= 0) AND (creationdate >= '2012-08-19 06:26:34'::timestamp without time zone) AND (creationdate <= '2014-09-11 05:22:26'::timestamp without time zone))"}]}, {"Node Type": "Index Only Scan", "Parent Relationship": "Inner", "Parallel Aware": false, "Async Capable": false, "Scan Direction": "Forward", "Index Name": "idx_posthistory_postid", "Relation Name": "posthistory", "Alias": "ph", "Startup Cost": 0.42, "Total Cost": 0.5, "Plan Rows": 4, "Plan Width": 4, "Index Cond": "(postid = c.postid)"}]}, {"Node Type": "Index Scan", "Parent Relationship": "Inner", "Parallel Aware": false, "Async Capable": false, "Scan Direction": "Forward", "Index Name": "idx_badges_userid", "Relation Name": "badges", "Alias": "b", "Startup Cost": 0.29, "Total Cost": 0.43, "Plan Rows": 3, "Plan Width": 4, "Index Cond": "(userid = u.id)", "Filter": "(date >= '2010-08-01 02:54:53'::timestamp without time zone)"}]}]}]}]}}, {"Plan": {"Node Type": "Aggregate", "Strategy": "Plain", "Partial Mode": "Simple", "Parallel Aware": false, "Async Capable": false, "Startup Cost": 60000038607.94, "Total Cost": 60000038607.95, "Plan Rows": 1, "Plan Width": 8, "Plans": [{"Node Type": "Hash Join", "Parent Relationship": "Outer", "Parallel Aware": false, "Async Capable": false, "Join Type": "Inner", "Startup Cost": 60000034709.34, "Total Cost": 60000038161.52, "Plan Rows": 178566, "Plan Width": 0, "Inner Unique": false, "Hash Cond": "(b.userid = u.id)", "Plans": [{"Node Type": "Index Scan", "Parent Relationship": "Outer", "Parallel Aware": false, "Async Capable": false, "Scan Direction": "Forward", "Index Name": "idx_badges_userid", "Relation Name": "badges", "Alias": "b", "Startup Cost": 10000000000.29, "Total Cost": 10000003064.97, "Plan Rows": 78850, "Plan Width": 4, "Filter": "(date >= '2010-08-01 02:54:53'::timestamp without time zone)"}, {"Node Type": "Hash", "Parent Relationship": "Inner", "Parallel Aware": false, "Async Capable": false, "Startup Cost": 50000034650.35, "Total Cost": 50000034650.35, "Plan Rows": 4696, "Plan Width": 8, "Plans": [{"Node Type": "Nested Loop", "Parent Relationship": "Outer", "Parallel Aware": false, "Async Capable": false, "Join Type": "Inner", "Startup Cost": 50000000002.85, "Total Cost": 50000034650.35, "Plan Rows": 4696, "Plan Width": 8, "Inner Unique": false, "Join Filter": "(p.id = ph.postid)", "Plans": [{"Node Type": "Nested Loop", "Parent Relationship": "Outer", "Parallel Aware": false, "Async Capable": false, "Join Type": "Inner", "Startup Cost": 40000000002.38, "Total Cost": 40000028149.53, "Plan Rows": 1424, "Plan Width": 20, "Inner Unique": false, "Join Filter": "(c.postid = p.id)", "Plans": [{"Node Type": "Nested Loop", "Parent Relationship": "Outer", "Parallel Aware": false, "Async Capable": false, "Join Type": "Inner", "Startup Cost": 30000000001.9, "Total Cost": 30000024729.62, "Plan Rows": 751, "Plan Width": 16, "Inner Unique": true, "Plans": [{"Node Type": "Nested Loop", "Parent Relationship": "Outer", "Parallel Aware": false, "Async Capable": false, "Join Type": "Inner", "Startup Cost": 20000000001.45, "Total Cost": 20000020088.61, "Plan Rows": 1036, "Plan Width": 12, "Inner Unique": false, "Plans": [{"Node Type": "Index Scan", "Parent Relationship": "Outer", "Parallel Aware": false, "Async Capable": false, "Scan Direction": "Forward", "Index Name": "idx_posts_owneruserid", "Relation Name": "posts", "Alias": "p", "Startup Cost": 10000000000.29, "Total Cost": 10000005243.37, "Plan Rows": 2834, "Plan Width": 8, "Filter": "((viewcount >= 0) AND (answercount >= 0) AND (answercount <= 7) AND (favoritecount >= 0) AND (favoritecount <= 17))"}, {"Node Type": "Bitmap Heap Scan", "Parent Relationship": "Inner", "Parallel Aware": false, "Async Capable": false, "Relation Name": "votes", "Alias": "v", "Startup Cost": 1.15, "Total Cost": 5.23, "Plan Rows": 1, "Plan Width": 4, "Recheck Cond": "(p.id = postid)", "Filter": "(votetypeid = 5)", "Plans": [{"Node Type": "Bitmap Index Scan", "Parent Relationship": "Outer", "Parallel Aware": false, "Async Capable": false, "Index Name": "idx_votes_postid", "Startup Cost": 0.0, "Total Cost": 1.15, "Plan Rows": 5, "Plan Width": 0, "Index Cond": "(postid = p.id)"}]}]}, {"Node Type": "Bitmap Heap Scan", "Parent Relationship": "Inner", "Parallel Aware": false, "Async Capable": false, "Relation Name": "users", "Alias": "u", "Startup Cost": 0.46, "Total Cost": 4.48, "Plan Rows": 1, "Plan Width": 4, "Recheck Cond": "(p.owneruserid = id)", "Filter": "((reputation >= 1) AND (views >= 0) AND (creationdate >= '2012-08-19 06:26:34'::timestamp without time zone) AND (creationdate <= '2014-09-11 05:22:26'::timestamp without time zone))", "Plans": [{"Node Type": "Bitmap Index Scan", "Parent Relationship": "Outer", "Parallel Aware": false, "Async Capable": false, "Index Name": "users_pkey", "Startup Cost": 0.0, "Total Cost": 0.46, "Plan Rows": 1, "Plan Width": 0, "Index Cond": "(id = p.owneruserid)"}]}]}, {"Node Type": "Bitmap Heap Scan", "Parent Relationship": "Inner", "Parallel Aware": false, "Async Capable": false, "Relation Name": "comments", "Alias": "c", "Startup Cost": 0.48, "Total Cost": 4.52, "Plan Rows": 3, "Plan Width": 4, "Recheck Cond": "(postid = v.postid)", "Plans": [{"Node Type": "Bitmap Index Scan", "Parent Relationship": "Outer", "Parallel Aware": false, "Async Capable": false, "Index Name": "idx_comments_postid", "Startup Cost": 0.0, "Total Cost": 0.48, "Plan Rows": 3, "Plan Width": 0, "Index Cond": "(postid = v.postid)"}]}]}, {"Node Type": "Bitmap Heap Scan", "Parent Relationship": "Inner", "Parallel Aware": false, "Async Capable": false, "Relation Name": "posthistory", "Alias": "ph", "Startup Cost": 0.47, "Total Cost": 4.52, "Plan Rows": 4, "Plan Width": 4, "Recheck Cond": "(c.postid = postid)", "Plans": [{"Node Type": "Bitmap Index Scan", "Parent Relationship": "Outer", "Parallel Aware": false, "Async Capable": false, "Index Name": "idx_posthistory_postid", "Startup Cost": 0.0, "Total Cost": 0.46, "Plan Rows": 4, "Plan Width": 0, "Index Cond": "(postid = c.postid)"}]}]}]}]}]}}, {"Plan": {"Node Type": "Aggregate", "Strategy": "Plain", "Partial Mode": "Finalize", "Parallel Aware": false, "Async Capable": false, "Startup Cost": 31393.48, "Total Cost": 31393.49, "Plan Rows": 1, "Plan Width": 8, "Plans": [{"Node Type": "Gather", "Parent Relationship": "Outer", "Parallel Aware": false, "Async Capable": false, "Startup Cost": 31393.27, "Total Cost": 31393.48, "Plan Rows": 2, "Plan Width": 8, "Workers Planned": 2, "Single Copy": false, "Plans": [{"Node Type": "Aggregate", "Strategy": "Plain", "Partial Mode": "Partial", "Parent Relationship": "Outer", "Parallel Aware": false, "Async Capable": false, "Startup Cost": 30393.27, "Total Cost": 30393.28, "Plan Rows": 1, "Plan Width": 8, "Plans": [{"Node Type": "Hash Join", "Parent Relationship": "Outer", "Parallel Aware": false, "Async Capable": false, "Join Type": "Inner", "Startup Cost": 26995.35, "Total Cost": 30207.26, "Plan Rows": 74402, "Plan Width": 0, "Inner Unique": false, "Hash Cond": "(p.owneruserid = u.id)", "Plans": [{"Node Type": "Hash Join", "Parent Relationship": "Outer", "Parallel Aware": true, "Async Capable": false, "Join Type": "Inner", "Startup Cost": 20865.9, "Total Cost": 24026.06, "Plan Rows": 2698, "Plan Width": 4, "Inner Unique": false, "Hash Cond": "(c.postid = p.id)", "Plans": [{"Node Type": "Index Only Scan", "Parent Relationship": "Outer", "Parallel Aware": true, "Async Capable": false, "Scan Direction": "Forward", "Index Name": "idx_comments_postid", "Relation Name": "comments", "Alias": "c", "Startup Cost": 0.42, "Total Cost": 2872.37, "Plan Rows": 72627, "Plan Width": 4}, {"Node Type": "Hash", "Parent Relationship": "Inner", "Parallel Aware": true, "Async Capable": false, "Startup Cost": 20840.37, "Total Cost": 20840.37, "Plan Rows": 2009, "Plan Width": 16, "Plans": [{"Node Type": "Hash Join", "Parent Relationship": "Outer", "Parallel Aware": true, "Async Capable": false, "Join Type": "Inner", "Startup Cost": 9652.37, "Total Cost": 20840.37, "Plan Rows": 2009, "Plan Width": 16, "Inner Unique": false, "Hash Cond": "(v.postid = p.id)", "Plans": [{"Node Type": "Index Scan", "Parent Relationship": "Outer", "Parallel Aware": true, "Async Capable": false, "Scan Direction": "Forward", "Index Name": "idx_votes_postid", "Relation Name": "votes", "Alias": "v", "Startup Cost": 0.42, "Total Cost": 11105.86, "Plan Rows": 19785, "Plan Width": 4, "Filter": "(votetypeid = 5)"}, {"Node Type": "Hash", "Parent Relationship": "Inner", "Parallel Aware": true, "Async Capable": false, "Startup Cost": 9603.3, "Total Cost": 9603.3, "Plan Rows": 3892, "Plan Width": 12, "Plans": [{"Node Type": "Hash Join", "Parent Relationship": "Outer", "Parallel Aware": false, "Async Capable": false, "Join Type": "Inner", "Startup Cost": 4424.72, "Total Cost": 9603.3, "Plan Rows": 3892, "Plan Width": 12, "Inner Unique": true, "Hash Cond": "(ph.postid = p.id)", "Plans": [{"Node Type": "Index Only Scan", "Parent Relationship": "Outer", "Parallel Aware": true, "Async Capable": false, "Scan Direction": "Forward", "Index Name": "idx_posthistory_postid", "Relation Name": "posthistory", "Alias": "ph", "Startup Cost": 0.42, "Total Cost": 4847.39, "Plan Rows": 126328, "Plan Width": 4}, {"Node Type": "Hash", "Parent Relationship": "Inner", "Parallel Aware": false, "Async Capable": false, "Startup Cost": 4388.87, "Total Cost": 4388.87, "Plan Rows": 2834, "Plan Width": 8, "Plans": [{"Node Type": "Index Scan", "Parent Relationship": "Outer", "Parallel Aware": false, "Async Capable": false, "Scan Direction": "Forward", "Index Name": "posts_pkey", "Relation Name": "posts", "Alias": "p", "Startup Cost": 0.29, "Total Cost": 4388.87, "Plan Rows": 2834, "Plan Width": 8, "Filter": "((viewcount >= 0) AND (answercount >= 0) AND (answercount <= 7) AND (favoritecount >= 0) AND (favoritecount <= 17))"}]}]}]}]}]}]}, {"Node Type": "Hash", "Parent Relationship": "Inner", "Parallel Aware": false, "Async Capable": false, "Startup Cost": 5403.6, "Total Cost": 5403.6, "Plan Rows": 58068, "Plan Width": 8, "Plans": [{"Node Type": "Hash Join", "Parent Relationship": "Outer", "Parallel Aware": false, "Async Capable": false, "Join Type": "Inner", "Startup Cost": 2131.92, "Total Cost": 5403.6, "Plan Rows": 58068, "Plan Width": 8, "Inner Unique": true, "Hash Cond": "(b.userid = u.id)", "Plans": [{"Node Type": "Index Scan", "Parent Relationship": "Outer", "Parallel Aware": false, "Async Capable": false, "Scan Direction": "Forward", "Index Name": "idx_badges_userid", "Relation Name": "badges", "Alias": "b", "Startup Cost": 0.29, "Total Cost": 3064.97, "Plan Rows": 78850, "Plan Width": 4, "Filter": "(date >= '2010-08-01 02:54:53'::timestamp without time zone)"}, {"Node Type": "Hash", "Parent Relationship": "Inner", "Parallel Aware": false, "Async Capable": false, "Startup Cost": 1760.41, "Total Cost": 1760.41, "Plan Rows": 29697, "Plan Width": 4, "Plans": [{"Node Type": "Index Scan", "Parent Relationship": "Outer", "Parallel Aware": false, "Async Capable": false, "Scan Direction": "Forward", "Index Name": "users_pkey", "Relation Name": "users", "Alias": "u", "Startup Cost": 0.29, "Total Cost": 1760.41, "Plan Rows": 29697, "Plan Width": 4, "Filter": "((reputation >= 1) AND (views >= 0) AND (creationdate >= '2012-08-19 06:26:34'::timestamp without time zone) AND (creationdate <= '2014-09-11 05:22:26'::timestamp without time zone))"}]}]}]}]}]}]}]}}, {"Plan": {"Node Type": "Aggregate", "Strategy": "Plain", "Partial Mode": "Finalize", "Parallel Aware": false, "Async Capable": false, "Startup Cost": 30533.58, "Total Cost": 30533.59, "Plan Rows": 1, "Plan Width": 8, "Plans": [{"Node Type": "Gather", "Parent Relationship": "Outer", "Parallel Aware": false, "Async Capable": false, "Startup Cost": 30533.37, "Total Cost": 30533.58, "Plan Rows": 2, "Plan Width": 8, "Workers Planned": 2, "Single Copy": false, "Plans": [{"Node Type": "Aggregate", "Strategy": "Plain", "Partial Mode": "Partial", "Parent Relationship": "Outer", "Parallel Aware": false, "Async Capable": false, "Startup Cost": 29533.37, "Total Cost": 29533.38, "Plan Rows": 1, "Plan Width": 8, "Plans": [{"Node Type": "Merge Join", "Parent Relationship": "Outer", "Parallel Aware": false, "Async Capable": false, "Join Type": "Inner", "Startup Cost": 24175.18, "Total Cost": 29347.36, "Plan Rows": 74402, "Plan Width": 0, "Inner Unique": false, "Merge Cond": "(u.id = b.userid)", "Plans": [{"Node Type": "Merge Join", "Parent Relationship": "Outer", "Parallel Aware": false, "Async Capable": false, "Join Type": "Inner", "Startup Cost": 24174.89, "Total Cost": 26042.11, "Plan Rows": 1957, "Plan Width": 8, "Inner Unique": true, "Merge Cond": "(p.owneruserid = u.id)", "Plans": [{"Node Type": "Sort", "Parent Relationship": "Outer", "Parallel Aware": false, "Async Capable": false, "Startup Cost": 24174.6, "Total Cost": 24181.34, "Plan Rows": 2698, "Plan Width": 4, "Sort Key": ["p.owneruserid"], "Plans": [{"Node Type": "Hash Join", "Parent Relationship": "Outer", "Parallel Aware": true, "Async Capable": false, "Join Type": "Inner", "Startup Cost": 20860.68, "Total Cost": 24020.84, "Plan Rows": 2698, "Plan Width": 4, "Inner Unique": false, "Hash Cond": "(c.postid = p.id)", "Plans": [{"Node Type": "Index Only Scan", "Parent Relationship": "Outer", "Parallel Aware": true, "Async Capable": false, "Scan Direction": "Forward", "Index Name": "idx_comments_postid", "Relation Name": "comments", "Alias": "c", "Startup Cost": 0.42, "Total Cost": 2872.37, "Plan Rows": 72627, "Plan Width": 4}, {"Node Type": "Hash", "Parent Relationship": "Inner", "Parallel Aware": true, "Async Capable": false, "Startup Cost": 20835.15, "Total Cost": 20835.15, "Plan Rows": 2009, "Plan Width": 16, "Plans": [{"Node Type": "Hash Join", "Parent Relationship": "Outer", "Parallel Aware": true, "Async Capable": false, "Join Type": "Inner", "Startup Cost": 9647.15, "Total Cost": 20835.15, "Plan Rows": 2009, "Plan Width": 16, "Inner Unique": false, "Hash Cond": "(v.postid = p.id)", "Plans": [{"Node Type": "Index Scan", "Parent Relationship": "Outer", "Parallel Aware": true, "Async Capable": false, "Scan Direction": "Forward", "Index Name": "idx_votes_postid", "Relation Name": "votes", "Alias": "v", "Startup Cost": 0.42, "Total Cost": 11105.86, "Plan Rows": 19785, "Plan Width": 4, "Filter": "(votetypeid = 5)"}, {"Node Type": "Hash", "Parent Relationship": "Inner", "Parallel Aware": true, "Async Capable": false, "Startup Cost": 9598.08, "Total Cost": 9598.08, "Plan Rows": 3892, "Plan Width": 12, "Plans": [{"Node Type": "Merge Join", "Parent Relationship": "Outer", "Parallel Aware": false, "Async Capable": false, "Join Type": "Inner", "Startup Cost": 0.71, "Total Cost": 9598.08, "Plan Rows": 3892, "Plan Width": 12, "Inner Unique": true, "Merge Cond": "(ph.postid = p.id)", "Plans": [{"Node Type": "Index Only Scan", "Parent Relationship": "Outer", "Parallel Aware": true, "Async Capable": false, "Scan Direction": "Forward", "Index Name": "idx_posthistory_postid", "Relation Name": "posthistory", "Alias": "ph", "Startup Cost": 0.42, "Total Cost": 4847.39, "Plan Rows": 126328, "Plan Width": 4}, {"Node Type": "Index Scan", "Parent Relationship": "Inner", "Parallel Aware": false, "Async Capable": false, "Scan Direction": "Forward", "Index Name": "posts_pkey", "Relation Name": "posts", "Alias": "p", "Startup Cost": 0.29, "Total Cost": 4388.87, "Plan Rows": 2834, "Plan Width": 8, "Filter": "((viewcount >= 0) AND (answercount >= 0) AND (answercount <= 7) AND (favoritecount >= 0) AND (favoritecount <= 17))"}]}]}]}]}]}]}, {"Node Type": "Index Scan", "Parent Relationship": "Inner", "Parallel Aware": false, "Async Capable": false, "Scan Direction": "Forward", "Index Name": "users_pkey", "Relation Name": "users", "Alias": "u", "Startup Cost": 0.29, "Total Cost": 1760.41, "Plan Rows": 29697, "Plan Width": 4, "Filter": "((reputation >= 1) AND (views >= 0) AND (creationdate >= '2012-08-19 06:26:34'::timestamp without time zone) AND (creationdate <= '2014-09-11 05:22:26'::timestamp without time zone))"}]}, {"Node Type": "Index Scan", "Parent Relationship": "Inner", "Parallel Aware": false, "Async Capable": false, "Scan Direction": "Forward", "Index Name": "idx_badges_userid", "Relation Name": "badges", "Alias": "b", "Startup Cost": 0.29, "Total Cost": 3064.97, "Plan Rows": 78850, "Plan Width": 4, "Filter": "(date >= '2010-08-01 02:54:53'::timestamp without time zone)"}]}]}]}]}}, {"Plan": {"Node Type": "Aggregate", "Strategy": "Plain", "Partial Mode": "Finalize", "Parallel Aware": false, "Async Capable": false, "Startup Cost": 11951.78, "Total Cost": 11951.79, "Plan Rows": 1, "Plan Width": 8, "Plans": [{"Node Type": "Gather", "Parent Relationship": "Outer", "Parallel Aware": false, "Async Capable": false, "Startup Cost": 11951.57, "Total Cost": 11951.78, "Plan Rows": 2, "Plan Width": 8, "Workers Planned": 2, "Single Copy": false, "Plans": [{"Node Type": "Aggregate", "Strategy": "Plain", "Partial Mode": "Partial", "Parent Relationship": "Outer", "Parallel Aware": false, "Async Capable": false, "Startup Cost": 10951.57, "Total Cost": 10951.58, "Plan Rows": 1, "Plan Width": 8, "Plans": [{"Node Type": "Nested Loop", "Parent Relationship": "Outer", "Parallel Aware": false, "Async Capable": false, "Join Type": "Inner", "Startup Cost": 2.14, "Total Cost": 10765.56, "Plan Rows": 74402, "Plan Width": 0, "Inner Unique": false, "Plans": [{"Node Type": "Nested Loop", "Parent Relationship": "Outer", "Parallel Aware": false, "Async Capable": false, "Join Type": "Inner", "Startup Cost": 1.85, "Total Cost": 9867.81, "Plan Rows": 1957, "Plan Width": 8, "Inner Unique": false, "Join Filter": "(p.id = ph.postid)", "Plans": [{"Node Type": "Nested Loop", "Parent Relationship": "Outer", "Parallel Aware": false, "Async Capable": false, "Join Type": "Inner", "Startup Cost": 1.42, "Total Cost": 9538.83, "Plan Rows": 593, "Plan Width": 20, "Inner Unique": true, "Plans": [{"Node Type": "Nested Loop", "Parent Relationship": "Outer", "Parallel Aware": false, "Async Capable": false, "Join Type": "Inner", "Startup Cost": 1.13, "Total Cost": 8805.75, "Plan Rows": 818, "Plan Width": 16, "Inner Unique": false, "Join Filter": "(p.id = v.postid)", "Plans": [{"Node Type": "Merge Join", "Parent Relationship": "Outer", "Parallel Aware": false, "Async Capable": false, "Join Type": "Inner", "Startup Cost": 0.71, "Total Cost": 7472.27, "Plan Rows": 2238, "Plan Width": 12, "Inner Unique": true, "Merge Cond": "(c.postid = p.id)", "Plans": [{"Node Type": "Index Only Scan", "Parent Relationship": "Outer", "Parallel Aware": true, "Async Capable": false, "Scan Direction": "Forward", "Index Name": "idx_comments_postid", "Relation Name": "comments", "Alias": "c", "Startup Cost": 0.42, "Total Cost": 2872.37, "Plan Rows": 72627, "Plan Width": 4}, {"Node Type": "Index Scan", "Parent Relationship": "Inner", "Parallel Aware": false, "Async Capable": false, "Scan Direction": "Forward", "Index Name": "posts_pkey", "Relation Name": "posts", "Alias": "p", "Startup Cost": 0.29, "Total Cost": 4388.87, "Plan Rows": 2834, "Plan Width": 8, "Filter": "((viewcount >= 0) AND (answercount >= 0) AND (answercount <= 7) AND (favoritecount >= 0) AND (favoritecount <= 17))"}]}, {"Node Type": "Index Scan", "Parent Relationship": "Inner", "Parallel Aware": false, "Async Capable": false, "Scan Direction": "Forward", "Index Name": "idx_votes_postid", "Relation Name": "votes", "Alias": "v", "Startup Cost": 0.42, "Total Cost": 0.58, "Plan Rows": 1, "Plan Width": 4, "Index Cond": "(postid = c.postid)", "Filter": "(votetypeid = 5)"}]}, {"Node Type": "Index Scan", "Parent Relationship": "Inner", "Parallel Aware": false, "Async Capable": false, "Scan Direction": "Forward", "Index Name": "users_pkey", "Relation Name": "users", "Alias": "u", "Startup Cost": 0.29, "Total Cost": 0.9, "Plan Rows": 1, "Plan Width": 4, "Index Cond": "(id = p.owneruserid)", "Filter": "((reputation >= 1) AND (views >= 0) AND (creationdate >= '2012-08-19 06:26:34'::timestamp without time zone) AND (creationdate <= '2014-09-11 05:22:26'::timestamp without time zone))"}]}, {"Node Type": "Index Only Scan", "Parent Relationship": "Inner", "Parallel Aware": false, "Async Capable": false, "Scan Direction": "Forward", "Index Name": "idx_posthistory_postid", "Relation Name": "posthistory", "Alias": "ph", "Startup Cost": 0.42, "Total Cost": 0.5, "Plan Rows": 4, "Plan Width": 4, "Index Cond": "(postid = c.postid)"}]}, {"Node Type": "Index Scan", "Parent Relationship": "Inner", "Parallel Aware": false, "Async Capable": false, "Scan Direction": "Forward", "Index Name": "idx_badges_userid", "Relation Name": "badges", "Alias": "b", "Startup Cost": 0.29, "Total Cost": 0.43, "Plan Rows": 3, "Plan Width": 4, "Index Cond": "(userid = u.id)", "Filter": "(date >= '2010-08-01 02:54:53'::timestamp without time zone)"}]}]}]}]}}, {"Plan": {"Node Type": "Aggregate", "Strategy": "Plain", "Partial Mode": "Finalize", "Parallel Aware": false, "Async Capable": false, "Startup Cost": 20162.99, "Total Cost": 20163.0, "Plan Rows": 1, "Plan Width": 8, "Plans": [{"Node Type": "Gather", "Parent Relationship": "Outer", "Parallel Aware": false, "Async Capable": false, "Startup Cost": 20162.88, "Total Cost": 20162.99, "Plan Rows": 1, "Plan Width": 8, "Workers Planned": 1, "Single Copy": false, "Plans": [{"Node Type": "Aggregate", "Strategy": "Plain", "Partial Mode": "Partial", "Parent Relationship": "Outer", "Parallel Aware": false, "Async Capable": false, "Startup Cost": 19162.88, "Total Cost": 19162.89, "Plan Rows": 1, "Plan Width": 8, "Plans": [{"Node Type": "Hash Join", "Parent Relationship": "Outer", "Parallel Aware": false, "Async Capable": false, "Join Type": "Inner", "Startup Cost": 16051.0, "Total Cost": 18900.28, "Plan Rows": 105039, "Plan Width": 0, "Inner Unique": false, "Hash Cond": "(p.owneruserid = u.id)", "Plans": [{"Node Type": "Hash Join", "Parent Relationship": "Outer", "Parallel Aware": true, "Async Capable": false, "Join Type": "Inner", "Startup Cost": 12213.3, "Total Cost": 14989.51, "Plan Rows": 3809, "Plan Width": 4, "Inner Unique": false, "Hash Cond": "(c.postid = p.id)", "Plans": [{"Node Type": "Seq Scan", "Parent Relationship": "Outer", "Parallel Aware": true, "Async Capable": false, "Relation Name": "comments", "Alias": "c", "Startup Cost": 0.0, "Total Cost": 2369.32, "Plan Rows": 102532, "Plan Width": 4}, {"Node Type": "Hash", "Parent Relationship": "Inner", "Parallel Aware": true, "Async Capable": false, "Startup Cost": 12188.18, "Total Cost": 12188.18, "Plan Rows": 2009, "Plan Width": 16, "Plans": [{"Node Type": "Hash Join", "Parent Relationship": "Outer", "Parallel Aware": true, "Async Capable": false, "Join Type": "Inner", "Startup Cost": 7505.2, "Total Cost": 12188.18, "Plan Rows": 2009, "Plan Width": 16, "Inner Unique": false, "Hash Cond": "(v.postid = p.id)", "Plans": [{"Node Type": "Seq Scan", "Parent Relationship": "Outer", "Parallel Aware": true, "Async Capable": false, "Relation Name": "votes", "Alias": "v", "Startup Cost": 0.0, "Total Cost": 4572.24, "Plan Rows": 19785, "Plan Width": 4, "Filter": "(votetypeid = 5)"}, {"Node Type": "Hash", "Parent Relationship": "Inner", "Parallel Aware": true, "Async Capable": false, "Startup Cost": 7436.52, "Total Cost": 7436.52, "Plan Rows": 5495, "Plan Width": 12, "Plans": [{"Node Type": "Hash Join", "Parent Relationship": "Outer", "Parallel Aware": false, "Async Capable": false, "Join Type": "Inner", "Startup Cost": 2944.89, "Total Cost": 7436.52, "Plan Rows": 5495, "Plan Width": 12, "Inner Unique": true, "Hash Cond": "(ph.postid = p.id)", "Plans": [{"Node Type": "Seq Scan", "Parent Relationship": "Outer", "Parallel Aware": true, "Async Capable": false, "Relation Name": "posthistory", "Alias": "ph", "Startup Cost": 0.0, "Total Cost": 4023.45, "Plan Rows": 178345, "Plan Width": 4}, {"Node Type": "Hash", "Parent Relationship": "Inner", "Parallel Aware": false, "Async Capable": false, "Startup Cost": 2909.46, "Total Cost": 2909.46, "Plan Rows": 2834, "Plan Width": 8, "Plans": [{"Node Type": "Seq Scan", "Parent Relationship": "Outer", "Parallel Aware": false, "Async Capable": false, "Relation Name": "posts", "Alias": "p", "Startup Cost": 0.0, "Total Cost": 2909.46, "Plan Rows": 2834, "Plan Width": 8, "Filter": "((viewcount >= 0) AND (answercount >= 0) AND (answercount <= 7) AND (favoritecount >= 0) AND (favoritecount <= 17))"}]}]}]}]}]}]}, {"Node Type": "Hash", "Parent Relationship": "Inner", "Parallel Aware": false, "Async Capable": false, "Startup Cost": 3111.85, "Total Cost": 3111.85, "Plan Rows": 58068, "Plan Width": 8, "Plans": [{"Node Type": "Hash Join", "Parent Relationship": "Outer", "Parallel Aware": false, "Async Capable": false, "Join Type": "Inner", "Startup Cost": 1474.71, "Total Cost": 3111.85, "Plan Rows": 58068, "Plan Width": 8, "Inner Unique": true, "Hash Cond": "(b.userid = u.id)", "Plans": [{"Node Type": "Seq Scan", "Parent Relationship": "Outer", "Parallel Aware": false, "Async Capable": false, "Relation Name": "badges", "Alias": "b", "Startup Cost": 0.0, "Total Cost": 1430.14, "Plan Rows": 78850, "Plan Width": 4, "Filter": "(date >= '2010-08-01 02:54:53'::timestamp without time zone)"}, {"Node Type": "Hash", "Parent Relationship": "Inner", "Parallel Aware": false, "Async Capable": false, "Startup Cost": 1103.5, "Total Cost": 1103.5, "Plan Rows": 29697, "Plan Width": 4, "Plans": [{"Node Type": "Seq Scan", "Parent Relationship": "Outer", "Parallel Aware": false, "Async Capable": false, "Relation Name": "users", "Alias": "u", "Startup Cost": 0.0, "Total Cost": 1103.5, "Plan Rows": 29697, "Plan Width": 4, "Filter": "((reputation >= 1) AND (views >= 0) AND (creationdate >= '2012-08-19 06:26:34'::timestamp without time zone) AND (creationdate <= '2014-09-11 05:22:26'::timestamp without time zone))"}]}]}]}]}]}]}]}}, {"Plan": {"Node Type": "Aggregate", "Strategy": "Plain", "Partial Mode": "Finalize", "Parallel Aware": false, "Async Capable": false, "Startup Cost": 11966.83, "Total Cost": 11966.84, "Plan Rows": 1, "Plan Width": 8, "Plans": [{"Node Type": "Gather", "Parent Relationship": "Outer", "Parallel Aware": false, "Async Capable": false, "Startup Cost": 11966.62, "Total Cost": 11966.83, "Plan Rows": 2, "Plan Width": 8, "Workers Planned": 2, "Single Copy": false, "Plans": [{"Node Type": "Aggregate", "Strategy": "Plain", "Partial Mode": "Partial", "Parent Relationship": "Outer", "Parallel Aware": false, "Async Capable": false, "Startup Cost": 10966.62, "Total Cost": 10966.63, "Plan Rows": 1, "Plan Width": 8, "Plans": [{"Node Type": "Nested Loop", "Parent Relationship": "Outer", "Parallel Aware": false, "Async Capable": false, "Join Type": "Inner", "Startup Cost": 4426.14, "Total Cost": 10780.61, "Plan Rows": 74402, "Plan Width": 0, "Inner Unique": false, "Plans": [{"Node Type": "Nested Loop", "Parent Relationship": "Outer", "Parallel Aware": false, "Async Capable": false, "Join Type": "Inner", "Startup Cost": 4425.85, "Total Cost": 9882.86, "Plan Rows": 1957, "Plan Width": 8, "Inner Unique": false, "Join Filter": "(p.id = ph.postid)", "Plans": [{"Node Type": "Nested Loop", "Parent Relationship": "Outer", "Parallel Aware": false, "Async Capable": false, "Join Type": "Inner", "Startup Cost": 4425.43, "Total Cost": 9553.88, "Plan Rows": 593, "Plan Width": 20, "Inner Unique": true, "Plans": [{"Node Type": "Nested Loop", "Parent Relationship": "Outer", "Parallel Aware": false, "Async Capable": false, "Join Type": "Inner", "Startup Cost": 4425.14, "Total Cost": 8820.8, "Plan Rows": 818, "Plan Width": 16, "Inner Unique": false, "Join Filter": "(p.id = v.postid)", "Plans": [{"Node Type": "Hash Join", "Parent Relationship": "Outer", "Parallel Aware": false, "Async Capable": false, "Join Type": "Inner", "Startup Cost": 4424.71, "Total Cost": 7487.32, "Plan Rows": 2238, "Plan Width": 12, "Inner Unique": true, "Hash Cond": "(c.postid = p.id)", "Plans": [{"Node Type": "Index Only Scan", "Parent Relationship": "Outer", "Parallel Aware": true, "Async Capable": false, "Scan Direction": "Forward", "Index Name": "idx_comments_postid", "Relation Name": "comments", "Alias": "c", "Startup Cost": 0.42, "Total Cost": 2872.37, "Plan Rows": 72627, "Plan Width": 4}, {"Node Type": "Hash", "Parent Relationship": "Inner", "Parallel Aware": false, "Async Capable": false, "Startup Cost": 4388.87, "Total Cost": 4388.87, "Plan Rows": 2834, "Plan Width": 8, "Plans": [{"Node Type": "Index Scan", "Parent Relationship": "Outer", "Parallel Aware": false, "Async Capable": false, "Scan Direction": "Forward", "Index Name": "posts_pkey", "Relation Name": "posts", "Alias": "p", "Startup Cost": 0.29, "Total Cost": 4388.87, "Plan Rows": 2834, "Plan Width": 8, "Filter": "((viewcount >= 0) AND (answercount >= 0) AND (answercount <= 7) AND (favoritecount >= 0) AND (favoritecount <= 17))"}]}]}, {"Node Type": "Index Scan", "Parent Relationship": "Inner", "Parallel Aware": false, "Async Capable": false, "Scan Direction": "Forward", "Index Name": "idx_votes_postid", "Relation Name": "votes", "Alias": "v", "Startup Cost": 0.42, "Total Cost": 0.58, "Plan Rows": 1, "Plan Width": 4, "Index Cond": "(postid = c.postid)", "Filter": "(votetypeid = 5)"}]}, {"Node Type": "Index Scan", "Parent Relationship": "Inner", "Parallel Aware": false, "Async Capable": false, "Scan Direction": "Forward", "Index Name": "users_pkey", "Relation Name": "users", "Alias": "u", "Startup Cost": 0.29, "Total Cost": 0.9, "Plan Rows": 1, "Plan Width": 4, "Index Cond": "(id = p.owneruserid)", "Filter": "((reputation >= 1) AND (views >= 0) AND (creationdate >= '2012-08-19 06:26:34'::timestamp without time zone) AND (creationdate <= '2014-09-11 05:22:26'::timestamp without time zone))"}]}, {"Node Type": "Index Only Scan", "Parent Relationship": "Inner", "Parallel Aware": false, "Async Capable": false, "Scan Direction": "Forward", "Index Name": "idx_posthistory_postid", "Relation Name": "posthistory", "Alias": "ph", "Startup Cost": 0.42, "Total Cost": 0.5, "Plan Rows": 4, "Plan Width": 4, "Index Cond": "(postid = c.postid)"}]}, {"Node Type": "Index Scan", "Parent Relationship": "Inner", "Parallel Aware": false, "Async Capable": false, "Scan Direction": "Forward", "Index Name": "idx_badges_userid", "Relation Name": "badges", "Alias": "b", "Startup Cost": 0.29, "Total Cost": 0.43, "Plan Rows": 3, "Plan Width": 4, "Index Cond": "(userid = u.id)", "Filter": "(date >= '2010-08-01 02:54:53'::timestamp without time zone)"}]}]}]}]}}, {"Plan": {"Node Type": "Aggregate", "Strategy": "Plain", "Partial Mode": "Finalize", "Parallel Aware": false, "Async Capable": false, "Startup Cost": 11353.93, "Total Cost": 11353.94, "Plan Rows": 1, "Plan Width": 8, "Plans": [{"Node Type": "Gather", "Parent Relationship": "Outer", "Parallel Aware": false, "Async Capable": false, "Startup Cost": 11353.81, "Total Cost": 11353.92, "Plan Rows": 1, "Plan Width": 8, "Workers Planned": 1, "Single Copy": false, "Plans": [{"Node Type": "Aggregate", "Strategy": "Plain", "Partial Mode": "Partial", "Parent Relationship": "Outer", "Parallel Aware": false, "Async Capable": false, "Startup Cost": 10353.81, "Total Cost": 10353.82, "Plan Rows": 1, "Plan Width": 8, "Plans": [{"Node Type": "Nested Loop", "Parent Relationship": "Outer", "Parallel Aware": false, "Async Capable": false, "Join Type": "Inner", "Startup Cost": 2946.31, "Total Cost": 10091.22, "Plan Rows": 105039, "Plan Width": 0, "Inner Unique": false, "Plans": [{"Node Type": "Nested Loop", "Parent Relationship": "Outer", "Parallel Aware": false, "Async Capable": false, "Join Type": "Inner", "Startup Cost": 2946.02, "Total Cost": 8824.19, "Plan Rows": 2762, "Plan Width": 8, "Inner Unique": false, "Join Filter": "(p.id = ph.postid)", "Plans": [{"Node Type": "Nested Loop", "Parent Relationship": "Outer", "Parallel Aware": false, "Async Capable": false, "Join Type": "Inner", "Startup Cost": 2945.6, "Total Cost": 8359.28, "Plan Rows": 838, "Plan Width": 20, "Inner Unique": false, "Join Filter": "(c.postid = p.id)", "Plans": [{"Node Type": "Nested Loop", "Parent Relationship": "Outer", "Parallel Aware": false, "Async Capable": false, "Join Type": "Inner", "Startup Cost": 2945.18, "Total Cost": 8114.83, "Plan Rows": 442, "Plan Width": 16, "Inner Unique": true, "Plans": [{"Node Type": "Hash Join", "Parent Relationship": "Outer", "Parallel Aware": false, "Async Capable": false, "Join Type": "Inner", "Startup Cost": 2944.89, "Total Cost": 7569.06, "Plan Rows": 609, "Plan Width": 12, "Inner Unique": true, "Hash Cond": "(v.postid = p.id)", "Plans": [{"Node Type": "Seq Scan", "Parent Relationship": "Outer", "Parallel Aware": true, "Async Capable": false, "Relation Name": "votes", "Alias": "v", "Startup Cost": 0.0, "Total Cost": 4572.24, "Plan Rows": 19785, "Plan Width": 4, "Filter": "(votetypeid = 5)"}, {"Node Type": "Hash", "Parent Relationship": "Inner", "Parallel Aware": false, "Async Capable": false, "Startup Cost": 2909.46, "Total Cost": 2909.46, "Plan Rows": 2834, "Plan Width": 8, "Plans": [{"Node Type": "Seq Scan", "Parent Relationship": "Outer", "Parallel Aware": false, "Async Capable": false, "Relation Name": "posts", "Alias": "p", "Startup Cost": 0.0, "Total Cost": 2909.46, "Plan Rows": 2834, "Plan Width": 8, "Filter": "((viewcount >= 0) AND (answercount >= 0) AND (answercount <= 7) AND (favoritecount >= 0) AND (favoritecount <= 17))"}]}]}, {"Node Type": "Index Scan", "Parent Relationship": "Inner", "Parallel Aware": false, "Async Capable": false, "Scan Direction": "Forward", "Index Name": "users_pkey", "Relation Name": "users", "Alias": "u", "Startup Cost": 0.29, "Total Cost": 0.9, "Plan Rows": 1, "Plan Width": 4, "Index Cond": "(id = p.owneruserid)", "Filter": "((reputation >= 1) AND (views >= 0) AND (creationdate >= '2012-08-19 06:26:34'::timestamp without time zone) AND (creationdate <= '2014-09-11 05:22:26'::timestamp without time zone))"}]}, {"Node Type": "Index Only Scan", "Parent Relationship": "Inner", "Parallel Aware": false, "Async Capable": false, "Scan Direction": "Forward", "Index Name": "idx_comments_postid", "Relation Name": "comments", "Alias": "c", "Startup Cost": 0.42, "Total Cost": 0.52, "Plan Rows": 3, "Plan Width": 4, "Index Cond": "(postid = v.postid)"}]}, {"Node Type": "Index Only Scan", "Parent Relationship": "Inner", "Parallel Aware": false, "Async Capable": false, "Scan Direction": "Forward", "Index Name": "idx_posthistory_postid", "Relation Name": "posthistory", "Alias": "ph", "Startup Cost": 0.42, "Total Cost": 0.5, "Plan Rows": 4, "Plan Width": 4, "Index Cond": "(postid = c.postid)"}]}, {"Node Type": "Index Scan", "Parent Relationship": "Inner", "Parallel Aware": false, "Async Capable": false, "Scan Direction": "Forward", "Index Name": "idx_badges_userid", "Relation Name": "badges", "Alias": "b", "Startup Cost": 0.29, "Total Cost": 0.43, "Plan Rows": 3, "Plan Width": 4, "Index Cond": "(userid = u.id)", "Filter": "(date >= '2010-08-01 02:54:53'::timestamp without time zone)"}]}]}]}]}}, {"Plan": {"Node Type": "Aggregate", "Strategy": "Plain", "Partial Mode": "Simple", "Parallel Aware": false, "Async Capable": false, "Startup Cost": 60000030917.97, "Total Cost": 60000030917.98, "Plan Rows": 1, "Plan Width": 8, "Plans": [{"Node Type": "Merge Join", "Parent Relationship": "Outer", "Parallel Aware": false, "Async Capable": false, "Join Type": "Inner", "Startup Cost": 60000004554.06, "Total Cost": 60000030471.55, "Plan Rows": 178566, "Plan Width": 0, "Inner Unique": false, "Merge Cond": "(u.id = b.userid)", "Plans": [{"Node Type": "Nested Loop", "Parent Relationship": "Outer", "Parallel Aware": false, "Async Capable": false, "Join Type": "Inner", "Startup Cost": 50000004553.77, "Total Cost": 50000027105.9, "Plan Rows": 4696, "Plan Width": 8, "Inner Unique": false, "Join Filter": "(p.id = ph.postid)", "Plans": [{"Node Type": "Nested Loop", "Parent Relationship": "Outer", "Parallel Aware": false, "Async Capable": false, "Join Type": "Inner", "Startup Cost": 40000004553.3, "Total Cost": 40000020605.08, "Plan Rows": 1424, "Plan Width": 20, "Inner Unique": false, "Join Filter": "(c.postid = p.id)", "Plans": [{"Node Type": "Nested Loop", "Parent Relationship": "Outer", "Parallel Aware": false, "Async Capable": false, "Join Type": "Inner", "Startup Cost": 30000004552.82, "Total Cost": 30000017185.17, "Plan Rows": 751, "Plan Width": 16, "Inner Unique": false, "Plans": [{"Node Type": "Merge Join", "Parent Relationship": "Outer", "Parallel Aware": false, "Async Capable": false, "Join Type": "Inner", "Startup Cost": 20000004551.67, "Total Cost": 20000006420.54, "Plan Rows": 2055, "Plan Width": 12, "Inner Unique": true, "Merge Cond": "(p.owneruserid = u.id)", "Plans": [{"Node Type": "Sort", "Parent Relationship": "Outer", "Parallel Aware": false, "Async Capable": false, "Startup Cost": 10000004551.38, "Total Cost": 10000004558.46, "Plan Rows": 2834, "Plan Width": 8, "Sort Key": ["p.owneruserid"], "Plans": [{"Node Type": "Index Scan", "Parent Relationship": "Outer", "Parallel Aware": false, "Async Capable": false, "Scan Direction": "Forward", "Index Name": "posts_pkey", "Relation Name": "posts", "Alias": "p", "Startup Cost": 10000000000.29, "Total Cost": 10000004388.87, "Plan Rows": 2834, "Plan Width": 8, "Filter": "((viewcount >= 0) AND (answercount >= 0) AND (answercount <= 7) AND (favoritecount >= 0) AND (favoritecount <= 17))"}]}, {"Node Type": "Index Scan", "Parent Relationship": "Inner", "Parallel Aware": false, "Async Capable": false, "Scan Direction": "Forward", "Index Name": "users_pkey", "Relation Name": "users", "Alias": "u", "Startup Cost": 10000000000.29, "Total Cost": 10000001760.42, "Plan Rows": 29697, "Plan Width": 4, "Filter": "((reputation >= 1) AND (views >= 0) AND (creationdate >= '2012-08-19 06:26:34'::timestamp without time zone) AND (creationdate <= '2014-09-11 05:22:26'::timestamp without time zone))"}]}, {"Node Type": "Bitmap Heap Scan", "Parent Relationship": "Inner", "Parallel Aware": false, "Async Capable": false, "Relation Name": "votes", "Alias": "v", "Startup Cost": 1.15, "Total Cost": 5.23, "Plan Rows": 1, "Plan Width": 4, "Recheck Cond": "(p.id = postid)", "Filter": "(votetypeid = 5)", "Plans": [{"Node Type": "Bitmap Index Scan", "Parent Relationship": "Outer", "Parallel Aware": false, "Async Capable": false, "Index Name": "idx_votes_postid", "Startup Cost": 0.0, "Total Cost": 1.15, "Plan Rows": 5, "Plan Width": 0, "Index Cond": "(postid = p.id)"}]}]}, {"Node Type": "Bitmap Heap Scan", "Parent Relationship": "Inner", "Parallel Aware": false, "Async Capable": false, "Relation Name": "comments", "Alias": "c", "Startup Cost": 0.48, "Total Cost": 4.52, "Plan Rows": 3, "Plan Width": 4, "Recheck Cond": "(postid = v.postid)", "Plans": [{"Node Type": "Bitmap Index Scan", "Parent Relationship": "Outer", "Parallel Aware": false, "Async Capable": false, "Index Name": "idx_comments_postid", "Startup Cost": 0.0, "Total Cost": 0.48, "Plan Rows": 3, "Plan Width": 0, "Index Cond": "(postid = v.postid)"}]}]}, {"Node Type": "Bitmap Heap Scan", "Parent Relationship": "Inner", "Parallel Aware": false, "Async Capable": false, "Relation Name": "posthistory", "Alias": "ph", "Startup Cost": 0.47, "Total Cost": 4.52, "Plan Rows": 4, "Plan Width": 4, "Recheck Cond": "(c.postid = postid)", "Plans": [{"Node Type": "Bitmap Index Scan", "Parent Relationship": "Outer", "Parallel Aware": false, "Async Capable": false, "Index Name": "idx_posthistory_postid", "Startup Cost": 0.0, "Total Cost": 0.46, "Plan Rows": 4, "Plan Width": 0, "Index Cond": "(postid = c.postid)"}]}]}, {"Node Type": "Index Scan", "Parent Relationship": "Inner", "Parallel Aware": false, "Async Capable": false, "Scan Direction": "Forward", "Index Name": "idx_badges_userid", "Relation Name": "badges", "Alias": "b", "Startup Cost": 10000000000.29, "Total Cost": 10000003064.97, "Plan Rows": 78850, "Plan Width": 4, "Filter": "(date >= '2010-08-01 02:54:53'::timestamp without time zone)"}]}]}}, {"Plan": {"Node Type": "Aggregate", "Strategy": "Plain", "Partial Mode": "Simple", "Parallel Aware": false, "Async Capable": false, "Startup Cost": 10000047644.29, "Total Cost": 10000047644.3, "Plan Rows": 1, "Plan Width": 8, "Plans": [{"Node Type": "Nested Loop", "Parent Relationship": "Outer", "Parallel Aware": false, "Async Capable": false, "Join Type": "Inner", "Startup Cost": 10000000003.36, "Total Cost": 10000047197.88, "Plan Rows": 178566, "Plan Width": 0, "Inner Unique": false, "Join Filter": "(b.userid = u.id)", "Plans": [{"Node Type": "Nested Loop", "Parent Relationship": "Outer", "Parallel Aware": false, "Async Capable": false, "Join Type": "Inner", "Startup Cost": 10000000002.85, "Total Cost": 10000034650.35, "Plan Rows": 4696, "Plan Width": 8, "Inner Unique": false, "Join Filter": "(p.id = ph.postid)", "Plans": [{"Node Type": "Nested Loop", "Parent Relationship": "Outer", "Parallel Aware": false, "Async Capable": false, "Join Type": "Inner", "Startup Cost": 10000000002.38, "Total Cost": 10000028149.53, "Plan Rows": 1424, "Plan Width": 20, "Inner Unique": false, "Join Filter": "(c.postid = p.id)", "Plans": [{"Node Type": "Nested Loop", "Parent Relationship": "Outer", "Parallel Aware": false, "Async Capable": false, "Join Type": "Inner", "Startup Cost": 10000000001.9, "Total Cost": 10000024729.62, "Plan Rows": 751, "Plan Width": 16, "Inner Unique": true, "Plans": [{"Node Type": "Nested Loop", "Parent Relationship": "Outer", "Parallel Aware": false, "Async Capable": false, "Join Type": "Inner", "Startup Cost": 10000000001.45, "Total Cost": 10000020088.61, "Plan Rows": 1036, "Plan Width": 12, "Inner Unique": false, "Plans": [{"Node Type": "Index Scan", "Parent Relationship": "Outer", "Parallel Aware": false, "Async Capable": false, "Scan Direction": "Forward", "Index Name": "idx_posts_owneruserid", "Relation Name": "posts", "Alias": "p", "Startup Cost": 10000000000.29, "Total Cost": 10000005243.37, "Plan Rows": 2834, "Plan Width": 8, "Filter": "((viewcount >= 0) AND (answercount >= 0) AND (answercount <= 7) AND (favoritecount >= 0) AND (favoritecount <= 17))"}, {"Node Type": "Bitmap Heap Scan", "Parent Relationship": "Inner", "Parallel Aware": false, "Async Capable": false, "Relation Name": "votes", "Alias": "v", "Startup Cost": 1.15, "Total Cost": 5.23, "Plan Rows": 1, "Plan Width": 4, "Recheck Cond": "(p.id = postid)", "Filter": "(votetypeid = 5)", "Plans": [{"Node Type": "Bitmap Index Scan", "Parent Relationship": "Outer", "Parallel Aware": false, "Async Capable": false, "Index Name": "idx_votes_postid", "Startup Cost": 0.0, "Total Cost": 1.15, "Plan Rows": 5, "Plan Width": 0, "Index Cond": "(postid = p.id)"}]}]}, {"Node Type": "Bitmap Heap Scan", "Parent Relationship": "Inner", "Parallel Aware": false, "Async Capable": false, "Relation Name": "users", "Alias": "u", "Startup Cost": 0.46, "Total Cost": 4.48, "Plan Rows": 1, "Plan Width": 4, "Recheck Cond": "(p.owneruserid = id)", "Filter": "((reputation >= 1) AND (views >= 0) AND (creationdate >= '2012-08-19 06:26:34'::timestamp without time zone) AND (creationdate <= '2014-09-11 05:22:26'::timestamp without time zone))", "Plans": [{"Node Type": "Bitmap Index Scan", "Parent Relationship": "Outer", "Parallel Aware": false, "Async Capable": false, "Index Name": "users_pkey", "Startup Cost": 0.0, "Total Cost": 0.46, "Plan Rows": 1, "Plan Width": 0, "Index Cond": "(id = p.owneruserid)"}]}]}, {"Node Type": "Bitmap Heap Scan", "Parent Relationship": "Inner", "Parallel Aware": false, "Async Capable": false, "Relation Name": "comments", "Alias": "c", "Startup Cost": 0.48, "Total Cost": 4.52, "Plan Rows": 3, "Plan Width": 4, "Recheck Cond": "(postid = v.postid)", "Plans": [{"Node Type": "Bitmap Index Scan", "Parent Relationship": "Outer", "Parallel Aware": false, "Async Capable": false, "Index Name": "idx_comments_postid", "Startup Cost": 0.0, "Total Cost": 0.48, "Plan Rows": 3, "Plan Width": 0, "Index Cond": "(postid = v.postid)"}]}]}, {"Node Type": "Bitmap Heap Scan", "Parent Relationship": "Inner", "Parallel Aware": false, "Async Capable": false, "Relation Name": "posthistory", "Alias": "ph", "Startup Cost": 0.47, "Total Cost": 4.52, "Plan Rows": 4, "Plan Width": 4, "Recheck Cond": "(c.postid = postid)", "Plans": [{"Node Type": "Bitmap Index Scan", "Parent Relationship": "Outer", "Parallel Aware": false, "Async Capable": false, "Index Name": "idx_posthistory_postid", "Startup Cost": 0.0, "Total Cost": 0.46, "Plan Rows": 4, "Plan Width": 0, "Index Cond": "(postid = c.postid)"}]}]}, {"Node Type": "Memoize", "Parent Relationship": "Inner", "Parallel Aware": false, "Async Capable": false, "Startup Cost": 0.51, "Total Cost": 4.56, "Plan Rows": 3, "Plan Width": 4, "Cache Key": "p.owneruserid", "Cache Mode": "logical", "Plans": [{"Node Type": "Bitmap Heap Scan", "Parent Relationship": "Outer", "Parallel Aware": false, "Async Capable": false, "Relation Name": "badges", "Alias": "b", "Startup Cost": 0.5, "Total Cost": 4.55, "Plan Rows": 3, "Plan Width": 4, "Recheck Cond": "(p.owneruserid = userid)", "Filter": "(date >= '2010-08-01 02:54:53'::timestamp without time zone)", "Plans": [{"Node Type": "Bitmap Index Scan", "Parent Relationship": "Outer", "Parallel Aware": false, "Async Capable": false, "Index Name": "idx_badges_userid", "Startup Cost": 0.0, "Total Cost": 0.5, "Plan Rows": 3, "Plan Width": 0, "Index Cond": "(userid = p.owneruserid)"}]}]}]}]}}, {"Plan": {"Node Type": "Aggregate", "Strategy": "Plain", "Partial Mode": "Simple", "Parallel Aware": false, "Async Capable": false, "Startup Cost": 17665.42, "Total Cost": 17665.43, "Plan Rows": 1, "Plan Width": 8, "Plans": [{"Node Type": "Hash Join", "Parent Relationship": "Outer", "Parallel Aware": false, "Async Capable": false, "Join Type": "Inner", "Startup Cost": 15401.36, "Total Cost": 17219.01, "Plan Rows": 178566, "Plan Width": 0, "Inner Unique": false, "Hash Cond": "(b.userid = u.id)", "Plans": [{"Node Type": "Seq Scan", "Parent Relationship": "Outer", "Parallel Aware": false, "Async Capable": false, "Relation Name": "badges", "Alias": "b", "Startup Cost": 0.0, "Total Cost": 1430.14, "Plan Rows": 78850, "Plan Width": 4, "Filter": "(date >= '2010-08-01 02:54:53'::timestamp without time zone)"}, {"Node Type": "Hash", "Parent Relationship": "Inner", "Parallel Aware": false, "Async Capable": false, "Startup Cost": 15342.66, "Total Cost": 15342.66, "Plan Rows": 4696, "Plan Width": 8, "Plans": [{"Node Type": "Gather", "Parent Relationship": "Outer", "Parallel Aware": false, "Async Capable": false, "Startup Cost": 12102.99, "Total Cost": 15342.66, "Plan Rows": 4696, "Plan Width": 8, "Workers Planned": 1, "Single Copy": false, "Plans": [{"Node Type": "Hash Join", "Parent Relationship": "Outer", "Parallel Aware": true, "Async Capable": false, "Join Type": "Inner", "Startup Cost": 11102.99, "Total Cost": 13873.06, "Plan Rows": 2762, "Plan Width": 8, "Inner Unique": false, "Hash Cond": "(c.postid = p.id)", "Plans": [{"Node Type": "Seq Scan", "Parent Relationship": "Outer", "Parallel Aware": true, "Async Capable": false, "Relation Name": "comments", "Alias": "c", "Startup Cost": 0.0, "Total Cost": 2369.32, "Plan Rows": 102532, "Plan Width": 4}, {"Node Type": "Hash", "Parent Relationship": "Inner", "Parallel Aware": true, "Async Capable": false, "Startup Cost": 11084.77, "Total Cost": 11084.77, "Plan Rows": 1458, "Plan Width": 20, "Plans": [{"Node Type": "Nested Loop", "Parent Relationship": "Outer", "Parallel Aware": false, "Async Capable": false, "Join Type": "Inner", "Startup Cost": 4420.11, "Total Cost": 11084.77, "Plan Rows": 1458, "Plan Width": 20, "Inner Unique": false, "Join Filter": "(p.id = ph.postid)", "Plans": [{"Node Type": "Hash Join", "Parent Relationship": "Outer", "Parallel Aware": false, "Async Capable": false, "Join Type": "Inner", "Startup Cost": 4419.6, "Total Cost": 9045.37, "Plan Rows": 442, "Plan Width": 16, "Inner Unique": true, "Hash Cond": "(p.owneruserid = u.id)", "Plans": [{"Node Type": "Hash Join", "Parent Relationship": "Outer", "Parallel Aware": false, "Async Capable": false, "Join Type": "Inner", "Startup Cost": 2944.89, "Total Cost": 7569.06, "Plan Rows": 609, "Plan Width": 12, "Inner Unique": true, "Hash Cond": "(v.postid = p.id)", "Plans": [{"Node Type": "Seq Scan", "Parent Relationship": "Outer", "Parallel Aware": true, "Async Capable": false, "Relation Name": "votes", "Alias": "v", "Startup Cost": 0.0, "Total Cost": 4572.24, "Plan Rows": 19785, "Plan Width": 4, "Filter": "(votetypeid = 5)"}, {"Node Type": "Hash", "Parent Relationship": "Inner", "Parallel Aware": false, "Async Capable": false, "Startup Cost": 2909.46, "Total Cost": 2909.46, "Plan Rows": 2834, "Plan Width": 8, "Plans": [{"Node Type": "Seq Scan", "Parent Relationship": "Outer", "Parallel Aware": false, "Async Capable": false, "Relation Name": "posts", "Alias": "p", "Startup Cost": 0.0, "Total Cost": 2909.46, "Plan Rows": 2834, "Plan Width": 8, "Filter": "((viewcount >= 0) AND (answercount >= 0) AND (answercount <= 7) AND (favoritecount >= 0) AND (favoritecount <= 17))"}]}]}, {"Node Type": "Hash", "Parent Relationship": "Inner", "Parallel Aware": false, "Async Capable": false, "Startup Cost": 1103.5, "Total Cost": 1103.5, "Plan Rows": 29697, "Plan Width": 4, "Plans": [{"Node Type": "Seq Scan", "Parent Relationship": "Outer", "Parallel Aware": false, "Async Capable": false, "Relation Name": "users", "Alias": "u", "Startup Cost": 0.0, "Total Cost": 1103.5, "Plan Rows": 29697, "Plan Width": 4, "Filter": "((reputation >= 1) AND (views >= 0) AND (creationdate >= '2012-08-19 06:26:34'::timestamp without time zone) AND (creationdate <= '2014-09-11 05:22:26'::timestamp without time zone))"}]}]}, {"Node Type": "Bitmap Heap Scan", "Parent Relationship": "Inner", "Parallel Aware": false, "Async Capable": false, "Relation Name": "posthistory", "Alias": "ph", "Startup Cost": 0.51, "Total Cost": 4.56, "Plan Rows": 4, "Plan Width": 4, "Recheck Cond": "(postid = v.postid)", "Plans": [{"Node Type": "Bitmap Index Scan", "Parent Relationship": "Outer", "Parallel Aware": false, "Async Capable": false, "Index Name": "idx_posthistory_postid", "Startup Cost": 0.0, "Total Cost": 0.51, "Plan Rows": 4, "Plan Width": 0, "Index Cond": "(postid = v.postid)"}]}]}]}]}]}]}]}]}}, {"Plan": {"Node Type": "Aggregate", "Strategy": "Plain", "Partial Mode": "Finalize", "Parallel Aware": false, "Async Capable": false, "Startup Cost": 36603.59, "Total Cost": 36603.6, "Plan Rows": 1, "Plan Width": 8, "Plans": [{"Node Type": "Gather", "Parent Relationship": "Outer", "Parallel Aware": false, "Async Capable": false, "Startup Cost": 36603.48, "Total Cost": 36603.59, "Plan Rows": 1, "Plan Width": 8, "Workers Planned": 1, "Single Copy": false, "Plans": [{"Node Type": "Aggregate", "Strategy": "Plain", "Partial Mode": "Partial", "Parent Relationship": "Outer", "Parallel Aware": false, "Async Capable": false, "Startup Cost": 35603.48, "Total Cost": 35603.49, "Plan Rows": 1, "Plan Width": 8, "Plans": [{"Node Type": "Hash Join", "Parent Relationship": "Outer", "Parallel Aware": false, "Async Capable": false, "Join Type": "Inner", "Startup Cost": 30157.83, "Total Cost": 35340.88, "Plan Rows": 105039, "Plan Width": 0, "Inner Unique": false, "Hash Cond": "(p.owneruserid = u.id)", "Plans": [{"Node Type": "Hash Join", "Parent Relationship": "Outer", "Parallel Aware": true, "Async Capable": false, "Join Type": "Inner", "Startup Cost": 24028.38, "Total Cost": 29138.37, "Plan Rows": 3809, "Plan Width": 4, "Inner Unique": false, "Hash Cond": "(c.postid = p.id)", "Plans": [{"Node Type": "Index Scan", "Parent Relationship": "Outer", "Parallel Aware": true, "Async Capable": false, "Scan Direction": "Forward", "Index Name": "idx_comments_postid", "Relation Name": "comments", "Alias": "c", "Startup Cost": 0.42, "Total Cost": 4703.51, "Plan Rows": 102532, "Plan Width": 4}, {"Node Type": "Hash", "Parent Relationship": "Inner", "Parallel Aware": true, "Async Capable": false, "Startup Cost": 24002.85, "Total Cost": 24002.85, "Plan Rows": 2009, "Plan Width": 16, "Plans": [{"Node Type": "Hash Join", "Parent Relationship": "Outer", "Parallel Aware": true, "Async Capable": false, "Join Type": "Inner", "Startup Cost": 12786.67, "Total Cost": 24002.85, "Plan Rows": 2009, "Plan Width": 16, "Inner Unique": false, "Hash Cond": "(v.postid = p.id)", "Plans": [{"Node Type": "Index Scan", "Parent Relationship": "Outer", "Parallel Aware": true, "Async Capable": false, "Scan Direction": "Forward", "Index Name": "idx_votes_postid", "Relation Name": "votes", "Alias": "v", "Startup Cost": 0.42, "Total Cost": 11105.86, "Plan Rows": 19785, "Plan Width": 4, "Filter": "(votetypeid = 5)"}, {"Node Type": "Hash", "Parent Relationship": "Inner", "Parallel Aware": true, "Async Capable": false, "Startup Cost": 12717.56, "Total Cost": 12717.56, "Plan Rows": 5495, "Plan Width": 12, "Plans": [{"Node Type": "Hash Join", "Parent Relationship": "Outer", "Parallel Aware": false, "Async Capable": false, "Join Type": "Inner", "Startup Cost": 4424.72, "Total Cost": 12717.56, "Plan Rows": 5495, "Plan Width": 12, "Inner Unique": true, "Hash Cond": "(ph.postid = p.id)", "Plans": [{"Node Type": "Index Scan", "Parent Relationship": "Outer", "Parallel Aware": true, "Async Capable": false, "Scan Direction": "Forward", "Index Name": "idx_posthistory_postid", "Relation Name": "posthistory", "Alias": "ph", "Startup Cost": 0.42, "Total Cost": 7825.09, "Plan Rows": 178345, "Plan Width": 4}, {"Node Type": "Hash", "Parent Relationship": "Inner", "Parallel Aware": false, "Async Capable": false, "Startup Cost": 4388.87, "Total Cost": 4388.87, "Plan Rows": 2834, "Plan Width": 8, "Plans": [{"Node Type": "Index Scan", "Parent Relationship": "Outer", "Parallel Aware": false, "Async Capable": false, "Scan Direction": "Forward", "Index Name": "posts_pkey", "Relation Name": "posts", "Alias": "p", "Startup Cost": 0.29, "Total Cost": 4388.87, "Plan Rows": 2834, "Plan Width": 8, "Filter": "((viewcount >= 0) AND (answercount >= 0) AND (answercount <= 7) AND (favoritecount >= 0) AND (favoritecount <= 17))"}]}]}]}]}]}]}, {"Node Type": "Hash", "Parent Relationship": "Inner", "Parallel Aware": false, "Async Capable": false, "Startup Cost": 5403.6, "Total Cost": 5403.6, "Plan Rows": 58068, "Plan Width": 8, "Plans": [{"Node Type": "Hash Join", "Parent Relationship": "Outer", "Parallel Aware": false, "Async Capable": false, "Join Type": "Inner", "Startup Cost": 2131.92, "Total Cost": 5403.6, "Plan Rows": 58068, "Plan Width": 8, "Inner Unique": true, "Hash Cond": "(b.userid = u.id)", "Plans": [{"Node Type": "Index Scan", "Parent Relationship": "Outer", "Parallel Aware": false, "Async Capable": false, "Scan Direction": "Forward", "Index Name": "idx_badges_userid", "Relation Name": "badges", "Alias": "b", "Startup Cost": 0.29, "Total Cost": 3064.97, "Plan Rows": 78850, "Plan Width": 4, "Filter": "(date >= '2010-08-01 02:54:53'::timestamp without time zone)"}, {"Node Type": "Hash", "Parent Relationship": "Inner", "Parallel Aware": false, "Async Capable": false, "Startup Cost": 1760.41, "Total Cost": 1760.41, "Plan Rows": 29697, "Plan Width": 4, "Plans": [{"Node Type": "Index Scan", "Parent Relationship": "Outer", "Parallel Aware": false, "Async Capable": false, "Scan Direction": "Forward", "Index Name": "users_pkey", "Relation Name": "users", "Alias": "u", "Startup Cost": 0.29, "Total Cost": 1760.41, "Plan Rows": 29697, "Plan Width": 4, "Filter": "((reputation >= 1) AND (views >= 0) AND (creationdate >= '2012-08-19 06:26:34'::timestamp without time zone) AND (creationdate <= '2014-09-11 05:22:26'::timestamp without time zone))"}]}]}]}]}]}]}]}}, {"Plan": {"Node Type": "Aggregate", "Strategy": "Plain", "Partial Mode": "Finalize", "Parallel Aware": false, "Async Capable": false, "Startup Cost": 35835.97, "Total Cost": 35835.98, "Plan Rows": 1, "Plan Width": 8, "Plans": [{"Node Type": "Gather", "Parent Relationship": "Outer", "Parallel Aware": false, "Async Capable": false, "Startup Cost": 35835.86, "Total Cost": 35835.97, "Plan Rows": 1, "Plan Width": 8, "Workers Planned": 1, "Single Copy": false, "Plans": [{"Node Type": "Aggregate", "Strategy": "Plain", "Partial Mode": "Partial", "Parent Relationship": "Outer", "Parallel Aware": false, "Async Capable": false, "Startup Cost": 34835.86, "Total Cost": 34835.87, "Plan Rows": 1, "Plan Width": 8, "Plans": [{"Node Type": "Merge Join", "Parent Relationship": "Outer", "Parallel Aware": false, "Async Capable": false, "Join Type": "Inner", "Startup Cost": 29369.79, "Total Cost": 34573.26, "Plan Rows": 105039, "Plan Width": 0, "Inner Unique": false, "Merge Cond": "(u.id = b.userid)", "Plans": [{"Node Type": "Merge Join", "Parent Relationship": "Outer", "Parallel Aware": false, "Async Capable": false, "Join Type": "Inner", "Startup Cost": 29369.5, "Total Cost": 31250.25, "Plan Rows": 2762, "Plan Width": 8, "Inner Unique": true, "Merge Cond": "(p.owneruserid = u.id)", "Plans": [{"Node Type": "Sort", "Parent Relationship": "Outer", "Parallel Aware": false, "Async Capable": false, "Startup Cost": 29369.21, "Total Cost": 29378.73, "Plan Rows": 3809, "Plan Width": 4, "Sort Key": ["p.owneruserid"], "Plans": [{"Node Type": "Hash Join", "Parent Relationship": "Outer", "Parallel Aware": true, "Async Capable": false, "Join Type": "Inner", "Startup Cost": 24032.68, "Total Cost": 29142.66, "Plan Rows": 3809, "Plan Width": 4, "Inner Unique": false, "Hash Cond": "(c.postid = p.id)", "Plans": [{"Node Type": "Index Scan", "Parent Relationship": "Outer", "Parallel Aware": true, "Async Capable": false, "Scan Direction": "Forward", "Index Name": "idx_comments_postid", "Relation Name": "comments", "Alias": "c", "Startup Cost": 0.42, "Total Cost": 4703.51, "Plan Rows": 102532, "Plan Width": 4}, {"Node Type": "Hash", "Parent Relationship": "Inner", "Parallel Aware": true, "Async Capable": false, "Startup Cost": 24007.14, "Total Cost": 24007.14, "Plan Rows": 2009, "Plan Width": 16, "Plans": [{"Node Type": "Hash Join", "Parent Relationship": "Outer", "Parallel Aware": true, "Async Capable": false, "Join Type": "Inner", "Startup Cost": 12790.97, "Total Cost": 24007.14, "Plan Rows": 2009, "Plan Width": 16, "Inner Unique": false, "Hash Cond": "(v.postid = p.id)", "Plans": [{"Node Type": "Index Scan", "Parent Relationship": "Outer", "Parallel Aware": true, "Async Capable": false, "Scan Direction": "Forward", "Index Name": "idx_votes_postid", "Relation Name": "votes", "Alias": "v", "Startup Cost": 0.42, "Total Cost": 11105.86, "Plan Rows": 19785, "Plan Width": 4, "Filter": "(votetypeid = 5)"}, {"Node Type": "Hash", "Parent Relationship": "Inner", "Parallel Aware": true, "Async Capable": false, "Startup Cost": 12721.86, "Total Cost": 12721.86, "Plan Rows": 5495, "Plan Width": 12, "Plans": [{"Node Type": "Merge Join", "Parent Relationship": "Outer", "Parallel Aware": false, "Async Capable": false, "Join Type": "Inner", "Startup Cost": 0.71, "Total Cost": 12721.86, "Plan Rows": 5495, "Plan Width": 12, "Inner Unique": true, "Merge Cond": "(ph.postid = p.id)", "Plans": [{"Node Type": "Index Scan", "Parent Relationship": "Outer", "Parallel Aware": true, "Async Capable": false, "Scan Direction": "Forward", "Index Name": "idx_posthistory_postid", "Relation Name": "posthistory", "Alias": "ph", "Startup Cost": 0.42, "Total Cost": 7825.09, "Plan Rows": 178345, "Plan Width": 4}, {"Node Type": "Index Scan", "Parent Relationship": "Inner", "Parallel Aware": false, "Async Capable": false, "Scan Direction": "Forward", "Index Name": "posts_pkey", "Relation Name": "posts", "Alias": "p", "Startup Cost": 0.29, "Total Cost": 4388.87, "Plan Rows": 2834, "Plan Width": 8, "Filter": "((viewcount >= 0) AND (answercount >= 0) AND (answercount <= 7) AND (favoritecount >= 0) AND (favoritecount <= 17))"}]}]}]}]}]}]}, {"Node Type": "Index Scan", "Parent Relationship": "Inner", "Parallel Aware": false, "Async Capable": false, "Scan Direction": "Forward", "Index Name": "users_pkey", "Relation Name": "users", "Alias": "u", "Startup Cost": 0.29, "Total Cost": 1760.41, "Plan Rows": 29697, "Plan Width": 4, "Filter": "((reputation >= 1) AND (views >= 0) AND (creationdate >= '2012-08-19 06:26:34'::timestamp without time zone) AND (creationdate <= '2014-09-11 05:22:26'::timestamp without time zone))"}]}, {"Node Type": "Index Scan", "Parent Relationship": "Inner", "Parallel Aware": false, "Async Capable": false, "Scan Direction": "Forward", "Index Name": "idx_badges_userid", "Relation Name": "badges", "Alias": "b", "Startup Cost": 0.29, "Total Cost": 3064.97, "Plan Rows": 78850, "Plan Width": 4, "Filter": "(date >= '2010-08-01 02:54:53'::timestamp without time zone)"}]}]}]}]}}, {"Plan": {"Node Type": "Aggregate", "Strategy": "Plain", "Partial Mode": "Finalize", "Parallel Aware": false, "Async Capable": false, "Startup Cost": 15341.95, "Total Cost": 15341.96, "Plan Rows": 1, "Plan Width": 8, "Plans": [{"Node Type": "Gather", "Parent Relationship": "Outer", "Parallel Aware": false, "Async Capable": false, "Startup Cost": 15341.84, "Total Cost": 15341.95, "Plan Rows": 1, "Plan Width": 8, "Workers Planned": 1, "Single Copy": false, "Plans": [{"Node Type": "Aggregate", "Strategy": "Plain", "Partial Mode": "Partial", "Parent Relationship": "Outer", "Parallel Aware": false, "Async Capable": false, "Startup Cost": 14341.84, "Total Cost": 14341.85, "Plan Rows": 1, "Plan Width": 8, "Plans": [{"Node Type": "Nested Loop", "Parent Relationship": "Outer", "Parallel Aware": false, "Async Capable": false, "Join Type": "Inner", "Startup Cost": 2.14, "Total Cost": 14079.24, "Plan Rows": 105039, "Plan Width": 0, "Inner Unique": false, "Plans": [{"Node Type": "Nested Loop", "Parent Relationship": "Outer", "Parallel Aware": false, "Async Capable": false, "Join Type": "Inner", "Startup Cost": 1.85, "Total Cost": 12812.21, "Plan Rows": 2762, "Plan Width": 8, "Inner Unique": false, "Join Filter": "(p.id = ph.postid)", "Plans": [{"Node Type": "Nested Loop", "Parent Relationship": "Outer", "Parallel Aware": false, "Async Capable": false, "Join Type": "Inner", "Startup Cost": 1.42, "Total Cost": 12304.73, "Plan Rows": 838, "Plan Width": 20, "Inner Unique": true, "Plans": [{"Node Type": "Nested Loop", "Parent Relationship": "Outer", "Parallel Aware": false, "Async Capable": false, "Join Type": "Inner", "Startup Cost": 1.13, "Total Cost": 11269.63, "Plan Rows": 1155, "Plan Width": 16, "Inner Unique": false, "Join Filter": "(p.id = v.postid)", "Plans": [{"Node Type": "Merge Join", "Parent Relationship": "Outer", "Parallel Aware": false, "Async Capable": false, "Join Type": "Inner", "Startup Cost": 0.71, "Total Cost": 9387.39, "Plan Rows": 3159, "Plan Width": 12, "Inner Unique": true, "Merge Cond": "(c.postid = p.id)", "Plans": [{"Node Type": "Index Scan", "Parent Relationship": "Outer", "Parallel Aware": true, "Async Capable": false, "Scan Direction": "Forward", "Index Name": "idx_comments_postid", "Relation Name": "comments", "Alias": "c", "Startup Cost": 0.42, "Total Cost": 4703.51, "Plan Rows": 102532, "Plan Width": 4}, {"Node Type": "Index Scan", "Parent Relationship": "Inner", "Parallel Aware": false, "Async Capable": false, "Scan Direction": "Forward", "Index Name": "posts_pkey", "Relation Name": "posts", "Alias": "p", "Startup Cost": 0.29, "Total Cost": 4388.87, "Plan Rows": 2834, "Plan Width": 8, "Filter": "((viewcount >= 0) AND (answercount >= 0) AND (answercount <= 7) AND (favoritecount >= 0) AND (favoritecount <= 17))"}]}, {"Node Type": "Index Scan", "Parent Relationship": "Inner", "Parallel Aware": false, "Async Capable": false, "Scan Direction": "Forward", "Index Name": "idx_votes_postid", "Relation Name": "votes", "Alias": "v", "Startup Cost": 0.42, "Total Cost": 0.58, "Plan Rows": 1, "Plan Width": 4, "Index Cond": "(postid = c.postid)", "Filter": "(votetypeid = 5)"}]}, {"Node Type": "Index Scan", "Parent Relationship": "Inner", "Parallel Aware": false, "Async Capable": false, "Scan Direction": "Forward", "Index Name": "users_pkey", "Relation Name": "users", "Alias": "u", "Startup Cost": 0.29, "Total Cost": 0.9, "Plan Rows": 1, "Plan Width": 4, "Index Cond": "(id = p.owneruserid)", "Filter": "((reputation >= 1) AND (views >= 0) AND (creationdate >= '2012-08-19 06:26:34'::timestamp without time zone) AND (creationdate <= '2014-09-11 05:22:26'::timestamp without time zone))"}]}, {"Node Type": "Index Scan", "Parent Relationship": "Inner", "Parallel Aware": false, "Async Capable": false, "Scan Direction": "Forward", "Index Name": "idx_posthistory_postid", "Relation Name": "posthistory", "Alias": "ph", "Startup Cost": 0.42, "Total Cost": 0.56, "Plan Rows": 4, "Plan Width": 4, "Index Cond": "(postid = c.postid)"}]}, {"Node Type": "Index Scan", "Parent Relationship": "Inner", "Parallel Aware": false, "Async Capable": false, "Scan Direction": "Forward", "Index Name": "idx_badges_userid", "Relation Name": "badges", "Alias": "b", "Startup Cost": 0.29, "Total Cost": 0.43, "Plan Rows": 3, "Plan Width": 4, "Index Cond": "(userid = u.id)", "Filter": "(date >= '2010-08-01 02:54:53'::timestamp without time zone)"}]}]}]}]}}, {"Plan": {"Node Type": "Aggregate", "Strategy": "Plain", "Partial Mode": "Finalize", "Parallel Aware": false, "Async Capable": false, "Startup Cost": 11463.84, "Total Cost": 11463.85, "Plan Rows": 1, "Plan Width": 8, "Plans": [{"Node Type": "Gather", "Parent Relationship": "Outer", "Parallel Aware": false, "Async Capable": false, "Startup Cost": 11463.73, "Total Cost": 11463.84, "Plan Rows": 1, "Plan Width": 8, "Workers Planned": 1, "Single Copy": false, "Plans": [{"Node Type": "Aggregate", "Strategy": "Plain", "Partial Mode": "Partial", "Parent Relationship": "Outer", "Parallel Aware": false, "Async Capable": false, "Startup Cost": 10463.73, "Total Cost": 10463.74, "Plan Rows": 1, "Plan Width": 8, "Plans": [{"Node Type": "Nested Loop", "Parent Relationship": "Outer", "Parallel Aware": false, "Async Capable": false, "Join Type": "Inner", "Startup Cost": 2946.31, "Total Cost": 10201.13, "Plan Rows": 105039, "Plan Width": 0, "Inner Unique": false, "Plans": [{"Node Type": "Nested Loop", "Parent Relationship": "Outer", "Parallel Aware": false, "Async Capable": false, "Join Type": "Inner", "Startup Cost": 2946.02, "Total Cost": 8934.1, "Plan Rows": 2762, "Plan Width": 8, "Inner Unique": false, "Join Filter": "(p.id = ph.postid)", "Plans": [{"Node Type": "Nested Loop", "Parent Relationship": "Outer", "Parallel Aware": false, "Async Capable": false, "Join Type": "Inner", "Startup Cost": 2945.6, "Total Cost": 8426.62, "Plan Rows": 838, "Plan Width": 20, "Inner Unique": false, "Join Filter": "(c.postid = p.id)", "Plans": [{"Node Type": "Nested Loop", "Parent Relationship": "Outer", "Parallel Aware": false, "Async Capable": false, "Join Type": "Inner", "Startup Cost": 2945.18, "Total Cost": 8114.83, "Plan Rows": 442, "Plan Width": 16, "Inner Unique": true, "Plans": [{"Node Type": "Hash Join", "Parent Relationship": "Outer", "Parallel Aware": false, "Async Capable": false, "Join Type": "Inner", "Startup Cost": 2944.89, "Total Cost": 7569.06, "Plan Rows": 609, "Plan Width": 12, "Inner Unique": true, "Hash Cond": "(v.postid = p.id)", "Plans": [{"Node Type": "Seq Scan", "Parent Relationship": "Outer", "Parallel Aware": true, "Async Capable": false, "Relation Name": "votes", "Alias": "v", "Startup Cost": 0.0, "Total Cost": 4572.24, "Plan Rows": 19785, "Plan Width": 4, "Filter": "(votetypeid = 5)"}, {"Node Type": "Hash", "Parent Relationship": "Inner", "Parallel Aware": false, "Async Capable": false, "Startup Cost": 2909.46, "Total Cost": 2909.46, "Plan Rows": 2834, "Plan Width": 8, "Plans": [{"Node Type": "Seq Scan", "Parent Relationship": "Outer", "Parallel Aware": false, "Async Capable": false, "Relation Name": "posts", "Alias": "p", "Startup Cost": 0.0, "Total Cost": 2909.46, "Plan Rows": 2834, "Plan Width": 8, "Filter": "((viewcount >= 0) AND (answercount >= 0) AND (answercount <= 7) AND (favoritecount >= 0) AND (favoritecount <= 17))"}]}]}, {"Node Type": "Index Scan", "Parent Relationship": "Inner", "Parallel Aware": false, "Async Capable": false, "Scan Direction": "Forward", "Index Name": "users_pkey", "Relation Name": "users", "Alias": "u", "Startup Cost": 0.29, "Total Cost": 0.9, "Plan Rows": 1, "Plan Width": 4, "Index Cond": "(id = p.owneruserid)", "Filter": "((reputation >= 1) AND (views >= 0) AND (creationdate >= '2012-08-19 06:26:34'::timestamp without time zone) AND (creationdate <= '2014-09-11 05:22:26'::timestamp without time zone))"}]}, {"Node Type": "Index Scan", "Parent Relationship": "Inner", "Parallel Aware": false, "Async Capable": false, "Scan Direction": "Forward", "Index Name": "idx_comments_postid", "Relation Name": "comments", "Alias": "c", "Startup Cost": 0.42, "Total Cost": 0.67, "Plan Rows": 3, "Plan Width": 4, "Index Cond": "(postid = v.postid)"}]}, {"Node Type": "Index Scan", "Parent Relationship": "Inner", "Parallel Aware": false, "Async Capable": false, "Scan Direction": "Forward", "Index Name": "idx_posthistory_postid", "Relation Name": "posthistory", "Alias": "ph", "Startup Cost": 0.42, "Total Cost": 0.56, "Plan Rows": 4, "Plan Width": 4, "Index Cond": "(postid = c.postid)"}]}, {"Node Type": "Index Scan", "Parent Relationship": "Inner", "Parallel Aware": false, "Async Capable": false, "Scan Direction": "Forward", "Index Name": "idx_badges_userid", "Relation Name": "badges", "Alias": "b", "Startup Cost": 0.29, "Total Cost": 0.43, "Plan Rows": 3, "Plan Width": 4, "Index Cond": "(userid = u.id)", "Filter": "(date >= '2010-08-01 02:54:53'::timestamp without time zone)"}]}]}]}]}}, {"Plan": {"Node Type": "Aggregate", "Strategy": "Plain", "Partial Mode": "Finalize", "Parallel Aware": false, "Async Capable": false, "Startup Cost": 15351.53, "Total Cost": 15351.54, "Plan Rows": 1, "Plan Width": 8, "Plans": [{"Node Type": "Gather", "Parent Relationship": "Outer", "Parallel Aware": false, "Async Capable": false, "Startup Cost": 15351.41, "Total Cost": 15351.52, "Plan Rows": 1, "Plan Width": 8, "Workers Planned": 1, "Single Copy": false, "Plans": [{"Node Type": "Aggregate", "Strategy": "Plain", "Partial Mode": "Partial", "Parent Relationship": "Outer", "Parallel Aware": false, "Async Capable": false, "Startup Cost": 14351.41, "Total Cost": 14351.42, "Plan Rows": 1, "Plan Width": 8, "Plans": [{"Node Type": "Nested Loop", "Parent Relationship": "Outer", "Parallel Aware": false, "Async Capable": false, "Join Type": "Inner", "Startup Cost": 4426.14, "Total Cost": 14088.82, "Plan Rows": 105039, "Plan Width": 0, "Inner Unique": false, "Plans": [{"Node Type": "Nested Loop", "Parent Relationship": "Outer", "Parallel Aware": false, "Async Capable": false, "Join Type": "Inner", "Startup Cost": 4425.85, "Total Cost": 12821.79, "Plan Rows": 2762, "Plan Width": 8, "Inner Unique": false, "Join Filter": "(p.id = ph.postid)", "Plans": [{"Node Type": "Nested Loop", "Parent Relationship": "Outer", "Parallel Aware": false, "Async Capable": false, "Join Type": "Inner", "Startup Cost": 4425.43, "Total Cost": 12314.31, "Plan Rows": 838, "Plan Width": 20, "Inner Unique": true, "Plans": [{"Node Type": "Nested Loop", "Parent Relationship": "Outer", "Parallel Aware": false, "Async Capable": false, "Join Type": "Inner", "Startup Cost": 4425.14, "Total Cost": 11279.21, "Plan Rows": 1155, "Plan Width": 16, "Inner Unique": false, "Join Filter": "(p.id = v.postid)", "Plans": [{"Node Type": "Hash Join", "Parent Relationship": "Outer", "Parallel Aware": false, "Async Capable": false, "Join Type": "Inner", "Startup Cost": 4424.71, "Total Cost": 9396.96, "Plan Rows": 3159, "Plan Width": 12, "Inner Unique": true, "Hash Cond": "(c.postid = p.id)", "Plans": [{"Node Type": "Index Scan", "Parent Relationship": "Outer", "Parallel Aware": true, "Async Capable": false, "Scan Direction": "Forward", "Index Name": "idx_comments_postid", "Relation Name": "comments", "Alias": "c", "Startup Cost": 0.42, "Total Cost": 4703.51, "Plan Rows": 102532, "Plan Width": 4}, {"Node Type": "Hash", "Parent Relationship": "Inner", "Parallel Aware": false, "Async Capable": false, "Startup Cost": 4388.87, "Total Cost": 4388.87, "Plan Rows": 2834, "Plan Width": 8, "Plans": [{"Node Type": "Index Scan", "Parent Relationship": "Outer", "Parallel Aware": false, "Async Capable": false, "Scan Direction": "Forward", "Index Name": "posts_pkey", "Relation Name": "posts", "Alias": "p", "Startup Cost": 0.29, "Total Cost": 4388.87, "Plan Rows": 2834, "Plan Width": 8, "Filter": "((viewcount >= 0) AND (answercount >= 0) AND (answercount <= 7) AND (favoritecount >= 0) AND (favoritecount <= 17))"}]}]}, {"Node Type": "Index Scan", "Parent Relationship": "Inner", "Parallel Aware": false, "Async Capable": false, "Scan Direction": "Forward", "Index Name": "idx_votes_postid", "Relation Name": "votes", "Alias": "v", "Startup Cost": 0.42, "Total Cost": 0.58, "Plan Rows": 1, "Plan Width": 4, "Index Cond": "(postid = c.postid)", "Filter": "(votetypeid = 5)"}]}, {"Node Type": "Index Scan", "Parent Relationship": "Inner", "Parallel Aware": false, "Async Capable": false, "Scan Direction": "Forward", "Index Name": "users_pkey", "Relation Name": "users", "Alias": "u", "Startup Cost": 0.29, "Total Cost": 0.9, "Plan Rows": 1, "Plan Width": 4, "Index Cond": "(id = p.owneruserid)", "Filter": "((reputation >= 1) AND (views >= 0) AND (creationdate >= '2012-08-19 06:26:34'::timestamp without time zone) AND (creationdate <= '2014-09-11 05:22:26'::timestamp without time zone))"}]}, {"Node Type": "Index Scan", "Parent Relationship": "Inner", "Parallel Aware": false, "Async Capable": false, "Scan Direction": "Forward", "Index Name": "idx_posthistory_postid", "Relation Name": "posthistory", "Alias": "ph", "Startup Cost": 0.42, "Total Cost": 0.56, "Plan Rows": 4, "Plan Width": 4, "Index Cond": "(postid = c.postid)"}]}, {"Node Type": "Index Scan", "Parent Relationship": "Inner", "Parallel Aware": false, "Async Capable": false, "Scan Direction": "Forward", "Index Name": "idx_badges_userid", "Relation Name": "badges", "Alias": "b", "Startup Cost": 0.29, "Total Cost": 0.43, "Plan Rows": 3, "Plan Width": 4, "Index Cond": "(userid = u.id)", "Filter": "(date >= '2010-08-01 02:54:53'::timestamp without time zone)"}]}]}]}]}}, {"Plan": {"Node Type": "Aggregate", "Strategy": "Plain", "Partial Mode": "Finalize", "Parallel Aware": false, "Async Capable": false, "Startup Cost": 33337.55, "Total Cost": 33337.56, "Plan Rows": 1, "Plan Width": 8, "Plans": [{"Node Type": "Gather", "Parent Relationship": "Outer", "Parallel Aware": false, "Async Capable": false, "Startup Cost": 33337.34, "Total Cost": 33337.55, "Plan Rows": 2, "Plan Width": 8, "Workers Planned": 2, "Single Copy": false, "Plans": [{"Node Type": "Aggregate", "Strategy": "Plain", "Partial Mode": "Partial", "Parent Relationship": "Outer", "Parallel Aware": false, "Async Capable": false, "Startup Cost": 32337.34, "Total Cost": 32337.35, "Plan Rows": 1, "Plan Width": 8, "Plans": [{"Node Type": "Merge Join", "Parent Relationship": "Outer", "Parallel Aware": false, "Async Capable": false, "Join Type": "Inner", "Startup Cost": 26979.15, "Total Cost": 32151.33, "Plan Rows": 74402, "Plan Width": 0, "Inner Unique": false, "Merge Cond": "(u.id = b.userid)", "Plans": [{"Node Type": "Merge Join", "Parent Relationship": "Outer", "Parallel Aware": false, "Async Capable": false, "Join Type": "Inner", "Startup Cost": 26978.85, "Total Cost": 28846.08, "Plan Rows": 1957, "Plan Width": 8, "Inner Unique": true, "Merge Cond": "(p.owneruserid = u.id)", "Plans": [{"Node Type": "Sort", "Parent Relationship": "Outer", "Parallel Aware": false, "Async Capable": false, "Startup Cost": 26978.56, "Total Cost": 26985.31, "Plan Rows": 2698, "Plan Width": 4, "Sort Key": ["p.owneruserid"], "Plans": [{"Node Type": "Merge Join", "Parent Relationship": "Outer", "Parallel Aware": false, "Async Capable": false, "Join Type": "Inner", "Startup Cost": 1.56, "Total Cost": 26824.81, "Plan Rows": 2698, "Plan Width": 4, "Inner Unique": false, "Merge Cond": "(p.id = c.postid)", "Plans": [{"Node Type": "Merge Join", "Parent Relationship": "Outer", "Parallel Aware": false, "Async Capable": false, "Join Type": "Inner", "Startup Cost": 1.14, "Total Cost": 22469.37, "Plan Rows": 1423, "Plan Width": 16, "Inner Unique": false, "Merge Cond": "(ph.postid = p.id)", "Plans": [{"Node Type": "Index Only Scan", "Parent Relationship": "Outer", "Parallel Aware": true, "Async Capable": false, "Scan Direction": "Forward", "Index Name": "idx_posthistory_postid", "Relation Name": "posthistory", "Alias": "ph", "Startup Cost": 0.42, "Total Cost": 4847.39, "Plan Rows": 126328, "Plan Width": 4}, {"Node Type": "Materialize", "Parent Relationship": "Inner", "Parallel Aware": false, "Async Capable": false, "Startup Cost": 0.71, "Total Cost": 17287.41, "Plan Rows": 1036, "Plan Width": 12, "Plans": [{"Node Type": "Merge Join", "Parent Relationship": "Outer", "Parallel Aware": false, "Async Capable": false, "Join Type": "Inner", "Startup Cost": 0.71, "Total Cost": 17284.82, "Plan Rows": 1036, "Plan Width": 12, "Inner Unique": false, "Merge Cond": "(p.id = v.postid)", "Plans": [{"Node Type": "Index Scan", "Parent Relationship": "Outer", "Parallel Aware": false, "Async Capable": false, "Scan Direction": "Forward", "Index Name": "posts_pkey", "Relation Name": "posts", "Alias": "p", "Startup Cost": 0.29, "Total Cost": 4388.87, "Plan Rows": 2834, "Plan Width": 8, "Filter": "((viewcount >= 0) AND (answercount >= 0) AND (answercount <= 7) AND (favoritecount >= 0) AND (favoritecount <= 17))"}, {"Node Type": "Index Scan", "Parent Relationship": "Inner", "Parallel Aware": false, "Async Capable": false, "Scan Direction": "Forward", "Index Name": "idx_votes_postid", "Relation Name": "votes", "Alias": "v", "Startup Cost": 0.42, "Total Cost": 12794.42, "Plan Rows": 33635, "Plan Width": 4, "Filter": "(votetypeid = 5)"}]}]}]}, {"Node Type": "Index Only Scan", "Parent Relationship": "Inner", "Parallel Aware": false, "Async Capable": false, "Scan Direction": "Forward", "Index Name": "idx_comments_postid", "Relation Name": "comments", "Alias": "c", "Startup Cost": 0.42, "Total Cost": 3889.15, "Plan Rows": 174305, "Plan Width": 4}]}]}, {"Node Type": "Index Scan", "Parent Relationship": "Inner", "Parallel Aware": false, "Async Capable": false, "Scan Direction": "Forward", "Index Name": "users_pkey", "Relation Name": "users", "Alias": "u", "Startup Cost": 0.29, "Total Cost": 1760.41, "Plan Rows": 29697, "Plan Width": 4, "Filter": "((reputation >= 1) AND (views >= 0) AND (creationdate >= '2012-08-19 06:26:34'::timestamp without time zone) AND (creationdate <= '2014-09-11 05:22:26'::timestamp without time zone))"}]}, {"Node Type": "Index Scan", "Parent Relationship": "Inner", "Parallel Aware": false, "Async Capable": false, "Scan Direction": "Forward", "Index Name": "idx_badges_userid", "Relation Name": "badges", "Alias": "b", "Startup Cost": 0.29, "Total Cost": 3064.97, "Plan Rows": 78850, "Plan Width": 4, "Filter": "(date >= '2010-08-01 02:54:53'::timestamp without time zone)"}]}]}]}]}}, {"Plan": {"Node Type": "Aggregate", "Strategy": "Plain", "Partial Mode": "Simple", "Parallel Aware": false, "Async Capable": false, "Startup Cost": 28218.02, "Total Cost": 28218.03, "Plan Rows": 1, "Plan Width": 8, "Plans": [{"Node Type": "Merge Join", "Parent Relationship": "Outer", "Parallel Aware": false, "Async Capable": false, "Join Type": "Inner", "Startup Cost": 22493.03, "Total Cost": 27771.6, "Plan Rows": 178566, "Plan Width": 0, "Inner Unique": false, "Merge Cond": "(u.id = b.userid)", "Plans": [{"Node Type": "Merge Join", "Parent Relationship": "Outer", "Parallel Aware": false, "Async Capable": false, "Join Type": "Inner", "Startup Cost": 22492.73, "Total Cost": 24405.95, "Plan Rows": 4696, "Plan Width": 8, "Inner Unique": false, "Merge Cond": "(u.id = p.owneruserid)", "Plans": [{"Node Type": "Index Scan", "Parent Relationship": "Outer", "Parallel Aware": false, "Async Capable": false, "Scan Direction": "Forward", "Index Name": "users_pkey", "Relation Name": "users", "Alias": "u", "Startup Cost": 0.29, "Total Cost": 1760.41, "Plan Rows": 29697, "Plan Width": 4, "Filter": "((reputation >= 1) AND (views >= 0) AND (creationdate >= '2012-08-19 06:26:34'::timestamp without time zone) AND (creationdate <= '2014-09-11 05:22:26'::timestamp without time zone))"}, {"Node Type": "Sort", "Parent Relationship": "Inner", "Parallel Aware": false, "Async Capable": false, "Startup Cost": 22492.44, "Total Cost": 22508.63, "Plan Rows": 6475, "Plan Width": 4, "Sort Key": ["p.owneruserid"], "Plans": [{"Node Type": "Merge Join", "Parent Relationship": "Outer", "Parallel Aware": false, "Async Capable": false, "Join Type": "Inner", "Startup Cost": 10056.93, "Total Cost": 22082.56, "Plan Rows": 6475, "Plan Width": 4, "Inner Unique": false, "Merge Cond": "(p.id = ph.postid)", "Plans": [{"Node Type": "Merge Join", "Parent Relationship": "Outer", "Parallel Aware": false, "Async Capable": false, "Join Type": "Inner", "Startup Cost": 10056.51, "Total Cost": 14638.96, "Plan Rows": 1964, "Plan Width": 16, "Inner Unique": false, "Merge Cond": "(p.id = c.postid)", "Plans": [{"Node Type": "Gather Merge", "Parent Relationship": "Outer", "Parallel Aware": false, "Async Capable": false, "Startup Cost": 10056.09, "Total Cost": 10291.83, "Plan Rows": 1036, "Plan Width": 12, "Workers Planned": 1, "Plans": [{"Node Type": "Merge Join", "Parent Relationship": "Outer", "Parallel Aware": false, "Async Capable": false, "Join Type": "Inner", "Startup Cost": 9056.08, "Total Cost": 9175.27, "Plan Rows": 609, "Plan Width": 12, "Inner Unique": true, "Merge Cond": "(v.postid = p.id)", "Plans": [{"Node Type": "Sort", "Parent Relationship": "Outer", "Parallel Aware": false, "Async Capable": false, "Startup Cost": 5984.1, "Total Cost": 6033.57, "Plan Rows": 19785, "Plan Width": 4, "Sort Key": ["v.postid"], "Plans": [{"Node Type": "Seq Scan", "Parent Relationship": "Outer", "Parallel Aware": true, "Async Capable": false, "Relation Name": "votes", "Alias": "v", "Startup Cost": 0.0, "Total Cost": 4572.24, "Plan Rows": 19785, "Plan Width": 4, "Filter": "(votetypeid = 5)"}]}, {"Node Type": "Sort", "Parent Relationship": "Inner", "Parallel Aware": false, "Async Capable": false, "Startup Cost": 3071.97, "Total Cost": 3079.06, "Plan Rows": 2834, "Plan Width": 8, "Sort Key": ["p.id"], "Plans": [{"Node Type": "Seq Scan", "Parent Relationship": "Outer", "Parallel Aware": false, "Async Capable": false, "Relation Name": "posts", "Alias": "p", "Startup Cost": 0.0, "Total Cost": 2909.46, "Plan Rows": 2834, "Plan Width": 8, "Filter": "((viewcount >= 0) AND (answercount >= 0) AND (answercount <= 7) AND (favoritecount >= 0) AND (favoritecount <= 17))"}]}]}]}, {"Node Type": "Index Only Scan", "Parent Relationship": "Inner", "Parallel Aware": false, "Async Capable": false, "Scan Direction": "Forward", "Index Name": "idx_comments_postid", "Relation Name": "comments", "Alias": "c", "Startup Cost": 0.42, "Total Cost": 3889.15, "Plan Rows": 174305, "Plan Width": 4}]}, {"Node Type": "Index Only Scan", "Parent Relationship": "Inner", "Parallel Aware": false, "Async Capable": false, "Scan Direction": "Forward", "Index Name": "idx_posthistory_postid", "Relation Name": "posthistory", "Alias": "ph", "Startup Cost": 0.42, "Total Cost": 6615.98, "Plan Rows": 303187, "Plan Width": 4}]}]}]}, {"Node Type": "Index Scan", "Parent Relationship": "Inner", "Parallel Aware": false, "Async Capable": false, "Scan Direction": "Forward", "Index Name": "idx_badges_userid", "Relation Name": "badges", "Alias": "b", "Startup Cost": 0.29, "Total Cost": 3064.97, "Plan Rows": 78850, "Plan Width": 4, "Filter": "(date >= '2010-08-01 02:54:53'::timestamp without time zone)"}]}]}}, {"Plan": {"Node Type": "Aggregate", "Strategy": "Plain", "Partial Mode": "Simple", "Parallel Aware": false, "Async Capable": false, "Startup Cost": 14723.3, "Total Cost": 14723.31, "Plan Rows": 1, "Plan Width": 8, "Plans": [{"Node Type": "Nested Loop", "Parent Relationship": "Outer", "Parallel Aware": false, "Async Capable": false, "Join Type": "Inner", "Startup Cost": 2.14, "Total Cost": 14276.89, "Plan Rows": 178566, "Plan Width": 0, "Inner Unique": false, "Plans": [{"Node Type": "Nested Loop", "Parent Relationship": "Outer", "Parallel Aware": false, "Async Capable": false, "Join Type": "Inner", "Startup Cost": 1.85, "Total Cost": 12122.66, "Plan Rows": 4696, "Plan Width": 8, "Inner Unique": false, "Join Filter": "(p.id = ph.postid)", "Plans": [{"Node Type": "Nested Loop", "Parent Relationship": "Outer", "Parallel Aware": false, "Async Capable": false, "Join Type": "Inner", "Startup Cost": 1.42, "Total Cost": 11332.66, "Plan Rows": 1424, "Plan Width": 20, "Inner Unique": false, "Join Filter": "(p.id = v.postid)", "Plans": [{"Node Type": "Nested Loop", "Parent Relationship": "Outer", "Parallel Aware": false, "Async Capable": false, "Join Type": "Inner", "Startup Cost": 1.0, "Total Cost": 9011.28, "Plan Rows": 3896, "Plan Width": 16, "Inner Unique": false, "Plans": [{"Node Type": "Nested Loop", "Parent Relationship": "Outer", "Parallel Aware": false, "Async Capable": false, "Join Type": "Inner", "Startup Cost": 0.58, "Total Cost": 6928.66, "Plan Rows": 2055, "Plan Width": 12, "Inner Unique": true, "Plans": [{"Node Type": "Index Scan", "Parent Relationship": "Outer", "Parallel Aware": false, "Async Capable": false, "Scan Direction": "Forward", "Index Name": "posts_pkey", "Relation Name": "posts", "Alias": "p", "Startup Cost": 0.29, "Total Cost": 4388.87, "Plan Rows": 2834, "Plan Width": 8, "Filter": "((viewcount >= 0) AND (answercount >= 0) AND (answercount <= 7) AND (favoritecount >= 0) AND (favoritecount <= 17))"}, {"Node Type": "Index Scan", "Parent Relationship": "Inner", "Parallel Aware": false, "Async Capable": false, "Scan Direction": "Forward", "Index Name": "users_pkey", "Relation Name": "users", "Alias": "u", "Startup Cost": 0.29, "Total Cost": 0.9, "Plan Rows": 1, "Plan Width": 4, "Index Cond": "(id = p.owneruserid)", "Filter": "((reputation >= 1) AND (views >= 0) AND (creationdate >= '2012-08-19 06:26:34'::timestamp without time zone) AND (creationdate <= '2014-09-11 05:22:26'::timestamp without time zone))"}]}, {"Node Type": "Index Only Scan", "Parent Relationship": "Inner", "Parallel Aware": false, "Async Capable": false, "Scan Direction": "Forward", "Index Name": "idx_comments_postid", "Relation Name": "comments", "Alias": "c", "Startup Cost": 0.42, "Total Cost": 0.98, "Plan Rows": 3, "Plan Width": 4, "Index Cond": "(postid = p.id)"}]}, {"Node Type": "Index Scan", "Parent Relationship": "Inner", "Parallel Aware": false, "Async Capable": false, "Scan Direction": "Forward", "Index Name": "idx_votes_postid", "Relation Name": "votes", "Alias": "v", "Startup Cost": 0.42, "Total Cost": 0.58, "Plan Rows": 1, "Plan Width": 4, "Index Cond": "(postid = c.postid)", "Filter": "(votetypeid = 5)"}]}, {"Node Type": "Index Only Scan", "Parent Relationship": "Inner", "Parallel Aware": false, "Async Capable": false, "Scan Direction": "Forward", "Index Name": "idx_posthistory_postid", "Relation Name": "posthistory", "Alias": "ph", "Startup Cost": 0.42, "Total Cost": 0.5, "Plan Rows": 4, "Plan Width": 4, "Index Cond": "(postid = c.postid)"}]}, {"Node Type": "Index Scan", "Parent Relationship": "Inner", "Parallel Aware": false, "Async Capable": false, "Scan Direction": "Forward", "Index Name": "idx_badges_userid", "Relation Name": "badges", "Alias": "b", "Startup Cost": 0.29, "Total Cost": 0.43, "Plan Rows": 3, "Plan Width": 4, "Index Cond": "(userid = u.id)", "Filter": "(date >= '2010-08-01 02:54:53'::timestamp without time zone)"}]}]}}, {"Plan": {"Node Type": "Aggregate", "Strategy": "Plain", "Partial Mode": "Simple", "Parallel Aware": false, "Async Capable": false, "Startup Cost": 13243.89, "Total Cost": 13243.9, "Plan Rows": 1, "Plan Width": 8, "Plans": [{"Node Type": "Nested Loop", "Parent Relationship": "Outer", "Parallel Aware": false, "Async Capable": false, "Join Type": "Inner", "Startup Cost": 1.85, "Total Cost": 12797.48, "Plan Rows": 178566, "Plan Width": 0, "Inner Unique": false, "Plans": [{"Node Type": "Nested Loop", "Parent Relationship": "Outer", "Parallel Aware": false, "Async Capable": false, "Join Type": "Inner", "Startup Cost": 1.55, "Total Cost": 10643.25, "Plan Rows": 4696, "Plan Width": 8, "Inner Unique": false, "Join Filter": "(p.id = ph.postid)", "Plans": [{"Node Type": "Nested Loop", "Parent Relationship": "Outer", "Parallel Aware": false, "Async Capable": false, "Join Type": "Inner", "Startup Cost": 1.13, "Total Cost": 9853.25, "Plan Rows": 1424, "Plan Width": 20, "Inner Unique": false, "Join Filter": "(p.id = v.postid)", "Plans": [{"Node Type": "Nested Loop", "Parent Relationship": "Outer", "Parallel Aware": false, "Async Capable": false, "Join Type": "Inner", "Startup Cost": 0.71, "Total Cost": 7531.87, "Plan Rows": 3896, "Plan Width": 16, "Inner Unique": false, "Plans": [{"Node Type": "Nested Loop", "Parent Relationship": "Outer", "Parallel Aware": false, "Async Capable": false, "Join Type": "Inner", "Startup Cost": 0.29, "Total Cost": 5449.26, "Plan Rows": 2055, "Plan Width": 12, "Inner Unique": true, "Plans": [{"Node Type": "Seq Scan", "Parent Relationship": "Outer", "Parallel Aware": false, "Async Capable": false, "Relation Name": "posts", "Alias": "p", "Startup Cost": 0.0, "Total Cost": 2909.46, "Plan Rows": 2834, "Plan Width": 8, "Filter": "((viewcount >= 0) AND (answercount >= 0) AND (answercount <= 7) AND (favoritecount >= 0) AND (favoritecount <= 17))"}, {"Node Type": "Index Scan", "Parent Relationship": "Inner", "Parallel Aware": false, "Async Capable": false, "Scan Direction": "Forward", "Index Name": "users_pkey", "Relation Name": "users", "Alias": "u", "Startup Cost": 0.29, "Total Cost": 0.9, "Plan Rows": 1, "Plan Width": 4, "Index Cond": "(id = p.owneruserid)", "Filter": "((reputation >= 1) AND (views >= 0) AND (creationdate >= '2012-08-19 06:26:34'::timestamp without time zone) AND (creationdate <= '2014-09-11 05:22:26'::timestamp without time zone))"}]}, {"Node Type": "Index Only Scan", "Parent Relationship": "Inner", "Parallel Aware": false, "Async Capable": false, "Scan Direction": "Forward", "Index Name": "idx_comments_postid", "Relation Name": "comments", "Alias": "c", "Startup Cost": 0.42, "Total Cost": 0.98, "Plan Rows": 3, "Plan Width": 4, "Index Cond": "(postid = p.id)"}]}, {"Node Type": "Index Scan", "Parent Relationship": "Inner", "Parallel Aware": false, "Async Capable": false, "Scan Direction": "Forward", "Index Name": "idx_votes_postid", "Relation Name": "votes", "Alias": "v", "Startup Cost": 0.42, "Total Cost": 0.58, "Plan Rows": 1, "Plan Width": 4, "Index Cond": "(postid = c.postid)", "Filter": "(votetypeid = 5)"}]}, {"Node Type": "Index Only Scan", "Parent Relationship": "Inner", "Parallel Aware": false, "Async Capable": false, "Scan Direction": "Forward", "Index Name": "idx_posthistory_postid", "Relation Name": "posthistory", "Alias": "ph", "Startup Cost": 0.42, "Total Cost": 0.5, "Plan Rows": 4, "Plan Width": 4, "Index Cond": "(postid = c.postid)"}]}, {"Node Type": "Index Scan", "Parent Relationship": "Inner", "Parallel Aware": false, "Async Capable": false, "Scan Direction": "Forward", "Index Name": "idx_badges_userid", "Relation Name": "badges", "Alias": "b", "Startup Cost": 0.29, "Total Cost": 0.43, "Plan Rows": 3, "Plan Width": 4, "Index Cond": "(userid = u.id)", "Filter": "(date >= '2010-08-01 02:54:53'::timestamp without time zone)"}]}]}}, {"Plan": {"Node Type": "Aggregate", "Strategy": "Plain", "Partial Mode": "Finalize", "Parallel Aware": false, "Async Capable": false, "Startup Cost": 27467.82, "Total Cost": 27467.83, "Plan Rows": 1, "Plan Width": 8, "Plans": [{"Node Type": "Gather", "Parent Relationship": "Outer", "Parallel Aware": false, "Async Capable": false, "Startup Cost": 27467.71, "Total Cost": 27467.82, "Plan Rows": 1, "Plan Width": 8, "Workers Planned": 1, "Single Copy": false, "Plans": [{"Node Type": "Aggregate", "Strategy": "Plain", "Partial Mode": "Partial", "Parent Relationship": "Outer", "Parallel Aware": false, "Async Capable": false, "Startup Cost": 26467.71, "Total Cost": 26467.72, "Plan Rows": 1, "Plan Width": 8, "Plans": [{"Node Type": "Merge Join", "Parent Relationship": "Outer", "Parallel Aware": false, "Async Capable": false, "Join Type": "Inner", "Startup Cost": 25743.04, "Total Cost": 26205.11, "Plan Rows": 105039, "Plan Width": 0, "Inner Unique": false, "Merge Cond": "(u.id = b.userid)", "Plans": [{"Node Type": "Sort", "Parent Relationship": "Outer", "Parallel Aware": false, "Async Capable": false, "Startup Cost": 17899.71, "Total Cost": 17906.61, "Plan Rows": 2762, "Plan Width": 8, "Sort Key": ["p.owneruserid"], "Plans": [{"Node Type": "Nested Loop", "Parent Relationship": "Outer", "Parallel Aware": false, "Async Capable": false, "Join Type": "Inner", "Startup Cost": 9057.48, "Total Cost": 17741.84, "Plan Rows": 2762, "Plan Width": 8, "Inner Unique": false, "Join Filter": "(p.id = ph.postid)", "Plans": [{"Node Type": "Nested Loop", "Parent Relationship": "Outer", "Parallel Aware": false, "Async Capable": false, "Join Type": "Inner", "Startup Cost": 9057.01, "Total Cost": 13916.22, "Plan Rows": 838, "Plan Width": 20, "Inner Unique": false, "Join Filter": "(c.postid = p.id)", "Plans": [{"Node Type": "Nested Loop", "Parent Relationship": "Outer", "Parallel Aware": false, "Async Capable": false, "Join Type": "Inner", "Startup Cost": 9056.53, "Total Cost": 11903.43, "Plan Rows": 442, "Plan Width": 16, "Inner Unique": true, "Plans": [{"Node Type": "Merge Join", "Parent Relationship": "Outer", "Parallel Aware": false, "Async Capable": false, "Join Type": "Inner", "Startup Cost": 9056.08, "Total Cost": 9175.27, "Plan Rows": 609, "Plan Width": 12, "Inner Unique": true, "Merge Cond": "(v.postid = p.id)", "Plans": [{"Node Type": "Sort", "Parent Relationship": "Outer", "Parallel Aware": false, "Async Capable": false, "Startup Cost": 5984.1, "Total Cost": 6033.57, "Plan Rows": 19785, "Plan Width": 4, "Sort Key": ["v.postid"], "Plans": [{"Node Type": "Seq Scan", "Parent Relationship": "Outer", "Parallel Aware": true, "Async Capable": false, "Relation Name": "votes", "Alias": "v", "Startup Cost": 0.0, "Total Cost": 4572.24, "Plan Rows": 19785, "Plan Width": 4, "Filter": "(votetypeid = 5)"}]}, {"Node Type": "Sort", "Parent Relationship": "Inner", "Parallel Aware": false, "Async Capable": false, "Startup Cost": 3071.97, "Total Cost": 3079.06, "Plan Rows": 2834, "Plan Width": 8, "Sort Key": ["p.id"], "Plans": [{"Node Type": "Seq Scan", "Parent Relationship": "Outer", "Parallel Aware": false, "Async Capable": false, "Relation Name": "posts", "Alias": "p", "Startup Cost": 0.0, "Total Cost": 2909.46, "Plan Rows": 2834, "Plan Width": 8, "Filter": "((viewcount >= 0) AND (answercount >= 0) AND (answercount <= 7) AND (favoritecount >= 0) AND (favoritecount <= 17))"}]}]}, {"Node Type": "Bitmap Heap Scan", "Parent Relationship": "Inner", "Parallel Aware": false, "Async Capable": false, "Relation Name": "users", "Alias": "u", "Startup Cost": 0.46, "Total Cost": 4.48, "Plan Rows": 1, "Plan Width": 4, "Recheck Cond": "(p.owneruserid = id)", "Filter": "((reputation >= 1) AND (views >= 0) AND (creationdate >= '2012-08-19 06:26:34'::timestamp without time zone) AND (creationdate <= '2014-09-11 05:22:26'::timestamp without time zone))", "Plans": [{"Node Type": "Bitmap Index Scan", "Parent Relationship": "Outer", "Parallel Aware": false, "Async Capable": false, "Index Name": "users_pkey", "Startup Cost": 0.0, "Total Cost": 0.46, "Plan Rows": 1, "Plan Width": 0, "Index Cond": "(id = p.owneruserid)"}]}]}, {"Node Type": "Bitmap Heap Scan", "Parent Relationship": "Inner", "Parallel Aware": false, "Async Capable": false, "Relation Name": "comments", "Alias": "c", "Startup Cost": 0.48, "Total Cost": 4.52, "Plan Rows": 3, "Plan Width": 4, "Recheck Cond": "(postid = v.postid)", "Plans": [{"Node Type": "Bitmap Index Scan", "Parent Relationship": "Outer", "Parallel Aware": false, "Async Capable": false, "Index Name": "idx_comments_postid", "Startup Cost": 0.0, "Total Cost": 0.48, "Plan Rows": 3, "Plan Width": 0, "Index Cond": "(postid = v.postid)"}]}]}, {"Node Type": "Bitmap Heap Scan", "Parent Relationship": "Inner", "Parallel Aware": false, "Async Capable": false, "Relation Name": "posthistory", "Alias": "ph", "Startup Cost": 0.47, "Total Cost": 4.52, "Plan Rows": 4, "Plan Width": 4, "Recheck Cond": "(c.postid = postid)", "Plans": [{"Node Type": "Bitmap Index Scan", "Parent Relationship": "Outer", "Parallel Aware": false, "Async Capable": false, "Index Name": "idx_posthistory_postid", "Startup Cost": 0.0, "Total Cost": 0.46, "Plan Rows": 4, "Plan Width": 0, "Index Cond": "(postid = c.postid)"}]}]}]}, {"Node Type": "Sort", "Parent Relationship": "Inner", "Parallel Aware": false, "Async Capable": false, "Startup Cost": 7843.33, "Total Cost": 8040.46, "Plan Rows": 78850, "Plan Width": 4, "Sort Key": ["b.userid"], "Plans": [{"Node Type": "Seq Scan", "Parent Relationship": "Outer", "Parallel Aware": false, "Async Capable": false, "Relation Name": "badges", "Alias": "b", "Startup Cost": 0.0, "Total Cost": 1430.14, "Plan Rows": 78850, "Plan Width": 4, "Filter": "(date >= '2010-08-01 02:54:53'::timestamp without time zone)"}]}]}]}]}]}}, {"Plan": {"Node Type": "Aggregate", "Strategy": "Plain", "Partial Mode": "Finalize", "Parallel Aware": false, "Async Capable": false, "Startup Cost": 65023.6, "Total Cost": 65023.61, "Plan Rows": 1, "Plan Width": 8, "Plans": [{"Node Type": "Gather", "Parent Relationship": "Outer", "Parallel Aware": false, "Async Capable": false, "Startup Cost": 65023.49, "Total Cost": 65023.6, "Plan Rows": 1, "Plan Width": 8, "Workers Planned": 1, "Single Copy": false, "Plans": [{"Node Type": "Aggregate", "Strategy": "Plain", "Partial Mode": "Partial", "Parent Relationship": "Outer", "Parallel Aware": false, "Async Capable": false, "Startup Cost": 64023.49, "Total Cost": 64023.5, "Plan Rows": 1, "Plan Width": 8, "Plans": [{"Node Type": "Merge Join", "Parent Relationship": "Outer", "Parallel Aware": false, "Async Capable": false, "Join Type": "Inner", "Startup Cost": 63110.86, "Total Cost": 63760.89, "Plan Rows": 105039, "Plan Width": 0, "Inner Unique": false, "Merge Cond": "(u.id = b.userid)", "Plans": [{"Node Type": "Merge Join", "Parent Relationship": "Outer", "Parallel Aware": false, "Async Capable": false, "Join Type": "Inner", "Startup Cost": 55267.53, "Total Cost": 55462.4, "Plan Rows": 2762, "Plan Width": 8, "Inner Unique": true, "Merge Cond": "(p.owneruserid = u.id)", "Plans": [{"Node Type": "Sort", "Parent Relationship": "Outer", "Parallel Aware": false, "Async Capable": false, "Startup Cost": 51957.83, "Total Cost": 51967.36, "Plan Rows": 3809, "Plan Width": 4, "Sort Key": ["p.owneruserid"], "Plans": [{"Node Type": "Merge Join", "Parent Relationship": "Outer", "Parallel Aware": false, "Async Capable": false, "Join Type": "Inner", "Startup Cost": 49702.11, "Total Cost": 51731.29, "Plan Rows": 3809, "Plan Width": 4, "Inner Unique": false, "Merge Cond": "(p.id = c.postid)", "Plans": [{"Node Type": "Merge Join", "Parent Relationship": "Outer", "Parallel Aware": false, "Async Capable": false, "Join Type": "Inner", "Startup Cost": 31440.71, "Total Cost": 32555.28, "Plan Rows": 2009, "Plan Width": 16, "Inner Unique": false, "Merge Cond": "(ph.postid = p.id)", "Plans": [{"Node Type": "Sort", "Parent Relationship": "Outer", "Parallel Aware": false, "Async Capable": false, "Startup Cost": 19578.98, "Total Cost": 20024.84, "Plan Rows": 178345, "Plan Width": 4, "Sort Key": ["ph.postid"], "Plans": [{"Node Type": "Seq Scan", "Parent Relationship": "Outer", "Parallel Aware": true, "Async Capable": false, "Relation Name": "posthistory", "Alias": "ph", "Startup Cost": 0.0, "Total Cost": 4023.45, "Plan Rows": 178345, "Plan Width": 4}]}, {"Node Type": "Materialize", "Parent Relationship": "Inner", "Parallel Aware": false, "Async Capable": false, "Startup Cost": 11861.73, "Total Cost": 12057.03, "Plan Rows": 1036, "Plan Width": 12, "Plans": [{"Node Type": "Merge Join", "Parent Relationship": "Outer", "Parallel Aware": false, "Async Capable": false, "Join Type": "Inner", "Startup Cost": 11861.73, "Total Cost": 12054.44, "Plan Rows": 1036, "Plan Width": 12, "Inner Unique": false, "Merge Cond": "(p.id = v.postid)", "Plans": [{"Node Type": "Sort", "Parent Relationship": "Outer", "Parallel Aware": false, "Async Capable": false, "Startup Cost": 3071.97, "Total Cost": 3079.06, "Plan Rows": 2834, "Plan Width": 8, "Sort Key": ["p.id"], "Plans": [{"Node Type": "Seq Scan", "Parent Relationship": "Outer", "Parallel Aware": false, "Async Capable": false, "Relation Name": "posts", "Alias": "p", "Startup Cost": 0.0, "Total Cost": 2909.46, "Plan Rows": 2834, "Plan Width": 8, "Filter": "((viewcount >= 0) AND (answercount >= 0) AND (answercount <= 7) AND (favoritecount >= 0) AND (favoritecount <= 17))"}]}, {"Node Type": "Sort", "Parent Relationship": "Inner", "Parallel Aware": false, "Async Capable": false, "Startup Cost": 8789.76, "Total Cost": 8873.85, "Plan Rows": 33635, "Plan Width": 4, "Sort Key": ["v.postid"], "Plans": [{"Node Type": "Seq Scan", "Parent Relationship": "Outer", "Parallel Aware": false, "Async Capable": false, "Relation Name": "votes", "Alias": "v", "Startup Cost": 0.0, "Total Cost": 6260.8, "Plan Rows": 33635, "Plan Width": 4, "Filter": "(votetypeid = 5)"}]}]}]}]}, {"Node Type": "Sort", "Parent Relationship": "Inner", "Parallel Aware": false, "Async Capable": false, "Startup Cost": 18261.39, "Total Cost": 18697.16, "Plan Rows": 174305, "Plan Width": 4, "Sort Key": ["c.postid"], "Plans": [{"Node Type": "Seq Scan", "Parent Relationship": "Outer", "Parallel Aware": false, "Async Capable": false, "Relation Name": "comments", "Alias": "c", "Startup Cost": 0.0, "Total Cost": 3087.05, "Plan Rows": 174305, "Plan Width": 4}]}]}]}, {"Node Type": "Sort", "Parent Relationship": "Inner", "Parallel Aware": false, "Async Capable": false, "Startup Cost": 3309.69, "Total Cost": 3383.94, "Plan Rows": 29697, "Plan Width": 4, "Sort Key": ["u.id"], "Plans": [{"Node Type": "Seq Scan", "Parent Relationship": "Outer", "Parallel Aware": false, "Async Capable": false, "Relation Name": "users", "Alias": "u", "Startup Cost": 0.0, "Total Cost": 1103.5, "Plan Rows": 29697, "Plan Width": 4, "Filter": "((reputation >= 1) AND (views >= 0) AND (creationdate >= '2012-08-19 06:26:34'::timestamp without time zone) AND (creationdate <= '2014-09-11 05:22:26'::timestamp without time zone))"}]}]}, {"Node Type": "Sort", "Parent Relationship": "Inner", "Parallel Aware": false, "Async Capable": false, "Startup Cost": 7843.33, "Total Cost": 8040.46, "Plan Rows": 78850, "Plan Width": 4, "Sort Key": ["b.userid"], "Plans": [{"Node Type": "Seq Scan", "Parent Relationship": "Outer", "Parallel Aware": false, "Async Capable": false, "Relation Name": "badges", "Alias": "b", "Startup Cost": 0.0, "Total Cost": 1430.14, "Plan Rows": 78850, "Plan Width": 4, "Filter": "(date >= '2010-08-01 02:54:53'::timestamp without time zone)"}]}]}]}]}]}}, {"Plan": {"Node Type": "Aggregate", "Strategy": "Plain", "Partial Mode": "Simple", "Parallel Aware": false, "Async Capable": false, "Startup Cost": 45310.38, "Total Cost": 45310.39, "Plan Rows": 1, "Plan Width": 8, "Plans": [{"Node Type": "Nested Loop", "Parent Relationship": "Outer", "Parallel Aware": false, "Async Capable": false, "Join Type": "Inner", "Startup Cost": 3.07, "Total Cost": 44863.97, "Plan Rows": 178566, "Plan Width": 0, "Inner Unique": false, "Join Filter": "(b.userid = u.id)", "Plans": [{"Node Type": "Nested Loop", "Parent Relationship": "Outer", "Parallel Aware": false, "Async Capable": false, "Join Type": "Inner", "Startup Cost": 2.55, "Total Cost": 32316.44, "Plan Rows": 4696, "Plan Width": 8, "Inner Unique": false, "Join Filter": "(p.id = ph.postid)", "Plans": [{"Node Type": "Nested Loop", "Parent Relationship": "Outer", "Parallel Aware": false, "Async Capable": false, "Join Type": "Inner", "Startup Cost": 2.09, "Total Cost": 25815.62, "Plan Rows": 1424, "Plan Width": 20, "Inner Unique": false, "Join Filter": "(c.postid = p.id)", "Plans": [{"Node Type": "Nested Loop", "Parent Relationship": "Outer", "Parallel Aware": false, "Async Capable": false, "Join Type": "Inner", "Startup Cost": 1.61, "Total Cost": 22395.71, "Plan Rows": 751, "Plan Width": 16, "Inner Unique": true, "Plans": [{"Node Type": "Nested Loop", "Parent Relationship": "Outer", "Parallel Aware": false, "Async Capable": false, "Join Type": "Inner", "Startup Cost": 1.15, "Total Cost": 17754.7, "Plan Rows": 1036, "Plan Width": 12, "Inner Unique": false, "Plans": [{"Node Type": "Seq Scan", "Parent Relationship": "Outer", "Parallel Aware": false, "Async Capable": false, "Relation Name": "posts", "Alias": "p", "Startup Cost": 0.0, "Total Cost": 2909.46, "Plan Rows": 2834, "Plan Width": 8, "Filter": "((viewcount >= 0) AND (answercount >= 0) AND (answercount <= 7) AND (favoritecount >= 0) AND (favoritecount <= 17))"}, {"Node Type": "Bitmap Heap Scan", "Parent Relationship": "Inner", "Parallel Aware": false, "Async Capable": false, "Relation Name": "votes", "Alias": "v", "Startup Cost": 1.15, "Total Cost": 5.23, "Plan Rows": 1, "Plan Width": 4, "Recheck Cond": "(p.id = postid)", "Filter": "(votetypeid = 5)", "Plans": [{"Node Type": "Bitmap Index Scan", "Parent Relationship": "Outer", "Parallel Aware": false, "Async Capable": false, "Index Name": "idx_votes_postid", "Startup Cost": 0.0, "Total Cost": 1.15, "Plan Rows": 5, "Plan Width": 0, "Index Cond": "(postid = p.id)"}]}]}, {"Node Type": "Bitmap Heap Scan", "Parent Relationship": "Inner", "Parallel Aware": false, "Async Capable": false, "Relation Name": "users", "Alias": "u", "Startup Cost": 0.46, "Total Cost": 4.48, "Plan Rows": 1, "Plan Width": 4, "Recheck Cond": "(p.owneruserid = id)", "Filter": "((reputation >= 1) AND (views >= 0) AND (creationdate >= '2012-08-19 06:26:34'::timestamp without time zone) AND (creationdate <= '2014-09-11 05:22:26'::timestamp without time zone))", "Plans": [{"Node Type": "Bitmap Index Scan", "Parent Relationship": "Outer", "Parallel Aware": false, "Async Capable": false, "Index Name": "users_pkey", "Startup Cost": 0.0, "Total Cost": 0.46, "Plan Rows": 1, "Plan Width": 0, "Index Cond": "(id = p.owneruserid)"}]}]}, {"Node Type": "Bitmap Heap Scan", "Parent Relationship": "Inner", "Parallel Aware": false, "Async Capable": false, "Relation Name": "comments", "Alias": "c", "Startup Cost": 0.48, "Total Cost": 4.52, "Plan Rows": 3, "Plan Width": 4, "Recheck Cond": "(postid = v.postid)", "Plans": [{"Node Type": "Bitmap Index Scan", "Parent Relationship": "Outer", "Parallel Aware": false, "Async Capable": false, "Index Name": "idx_comments_postid", "Startup Cost": 0.0, "Total Cost": 0.48, "Plan Rows": 3, "Plan Width": 0, "Index Cond": "(postid = v.postid)"}]}]}, {"Node Type": "Bitmap Heap Scan", "Parent Relationship": "Inner", "Parallel Aware": false, "Async Capable": false, "Relation Name": "posthistory", "Alias": "ph", "Startup Cost": 0.47, "Total Cost": 4.52, "Plan Rows": 4, "Plan Width": 4, "Recheck Cond": "(c.postid = postid)", "Plans": [{"Node Type": "Bitmap Index Scan", "Parent Relationship": "Outer", "Parallel Aware": false, "Async Capable": false, "Index Name": "idx_posthistory_postid", "Startup Cost": 0.0, "Total Cost": 0.46, "Plan Rows": 4, "Plan Width": 0, "Index Cond": "(postid = c.postid)"}]}]}, {"Node Type": "Memoize", "Parent Relationship": "Inner", "Parallel Aware": false, "Async Capable": false, "Startup Cost": 0.51, "Total Cost": 4.56, "Plan Rows": 3, "Plan Width": 4, "Cache Key": "p.owneruserid", "Cache Mode": "logical", "Plans": [{"Node Type": "Bitmap Heap Scan", "Parent Relationship": "Outer", "Parallel Aware": false, "Async Capable": false, "Relation Name": "badges", "Alias": "b", "Startup Cost": 0.5, "Total Cost": 4.55, "Plan Rows": 3, "Plan Width": 4, "Recheck Cond": "(p.owneruserid = userid)", "Filter": "(date >= '2010-08-01 02:54:53'::timestamp without time zone)", "Plans": [{"Node Type": "Bitmap Index Scan", "Parent Relationship": "Outer", "Parallel Aware": false, "Async Capable": false, "Index Name": "idx_badges_userid", "Startup Cost": 0.0, "Total Cost": 0.5, "Plan Rows": 3, "Plan Width": 0, "Index Cond": "(userid = p.owneruserid)"}]}]}]}]}}, {"Plan": {"Node Type": "Aggregate", "Strategy": "Plain", "Partial Mode": "Finalize", "Parallel Aware": false, "Async Capable": false, "Startup Cost": 37993.17, "Total Cost": 37993.18, "Plan Rows": 1, "Plan Width": 8, "Plans": [{"Node Type": "Gather", "Parent Relationship": "Outer", "Parallel Aware": false, "Async Capable": false, "Startup Cost": 37993.06, "Total Cost": 37993.17, "Plan Rows": 1, "Plan Width": 8, "Workers Planned": 1, "Single Copy": false, "Plans": [{"Node Type": "Aggregate", "Strategy": "Plain", "Partial Mode": "Partial", "Parent Relationship": "Outer", "Parallel Aware": false, "Async Capable": false, "Startup Cost": 36993.06, "Total Cost": 36993.07, "Plan Rows": 1, "Plan Width": 8, "Plans": [{"Node Type": "Merge Join", "Parent Relationship": "Outer", "Parallel Aware": false, "Async Capable": false, "Join Type": "Inner", "Startup Cost": 31526.99, "Total Cost": 36730.46, "Plan Rows": 105039, "Plan Width": 0, "Inner Unique": false, "Merge Cond": "(u.id = b.userid)", "Plans": [{"Node Type": "Merge Join", "Parent Relationship": "Outer", "Parallel Aware": false, "Async Capable": false, "Join Type": "Inner", "Startup Cost": 31526.7, "Total Cost": 33407.45, "Plan Rows": 2762, "Plan Width": 8, "Inner Unique": true, "Merge Cond": "(p.owneruserid = u.id)", "Plans": [{"Node Type": "Sort", "Parent Relationship": "Outer", "Parallel Aware": false, "Async Capable": false, "Startup Cost": 31526.41, "Total Cost": 31535.93, "Plan Rows": 3809, "Plan Width": 4, "Sort Key": ["p.owneruserid"], "Plans": [{"Node Type": "Merge Join", "Parent Relationship": "Outer", "Parallel Aware": false, "Async Capable": false, "Join Type": "Inner", "Startup Cost": 1.56, "Total Cost": 31299.87, "Plan Rows": 3809, "Plan Width": 4, "Inner Unique": false, "Merge Cond": "(p.id = ph.postid)", "Plans": [{"Node Type": "Merge Join", "Parent Relationship": "Outer", "Parallel Aware": false, "Async Capable": false, "Join Type": "Inner", "Startup Cost": 1.14, "Total Cost": 21427.44, "Plan Rows": 1155, "Plan Width": 16, "Inner Unique": false, "Merge Cond": "(p.id = c.postid)", "Plans": [{"Node Type": "Merge Join", "Parent Relationship": "Outer", "Parallel Aware": false, "Async Capable": false, "Join Type": "Inner", "Startup Cost": 0.71, "Total Cost": 15557.37, "Plan Rows": 609, "Plan Width": 12, "Inner Unique": true, "Merge Cond": "(v.postid = p.id)", "Plans": [{"Node Type": "Index Scan", "Parent Relationship": "Outer", "Parallel Aware": true, "Async Capable": false, "Scan Direction": "Forward", "Index Name": "idx_votes_postid", "Relation Name": "votes", "Alias": "v", "Startup Cost": 0.42, "Total Cost": 11105.86, "Plan Rows": 19785, "Plan Width": 4, "Filter": "(votetypeid = 5)"}, {"Node Type": "Index Scan", "Parent Relationship": "Inner", "Parallel Aware": false, "Async Capable": false, "Scan Direction": "Forward", "Index Name": "posts_pkey", "Relation Name": "posts", "Alias": "p", "Startup Cost": 0.29, "Total Cost": 4388.87, "Plan Rows": 2834, "Plan Width": 8, "Filter": "((viewcount >= 0) AND (answercount >= 0) AND (answercount <= 7) AND (favoritecount >= 0) AND (favoritecount <= 17))"}]}, {"Node Type": "Index Scan", "Parent Relationship": "Inner", "Parallel Aware": false, "Async Capable": false, "Scan Direction": "Forward", "Index Name": "idx_comments_postid", "Relation Name": "comments", "Alias": "c", "Startup Cost": 0.42, "Total Cost": 5421.24, "Plan Rows": 174305, "Plan Width": 4}]}, {"Node Type": "Index Scan", "Parent Relationship": "Inner", "Parallel Aware": false, "Async Capable": false, "Scan Direction": "Forward", "Index Name": "idx_posthistory_postid", "Relation Name": "posthistory", "Alias": "ph", "Startup Cost": 0.42, "Total Cost": 9073.51, "Plan Rows": 303187, "Plan Width": 4}]}]}, {"Node Type": "Index Scan", "Parent Relationship": "Inner", "Parallel Aware": false, "Async Capable": false, "Scan Direction": "Forward", "Index Name": "users_pkey", "Relation Name": "users", "Alias": "u", "Startup Cost": 0.29, "Total Cost": 1760.41, "Plan Rows": 29697, "Plan Width": 4, "Filter": "((reputation >= 1) AND (views >= 0) AND (creationdate >= '2012-08-19 06:26:34'::timestamp without time zone) AND (creationdate <= '2014-09-11 05:22:26'::timestamp without time zone))"}]}, {"Node Type": "Index Scan", "Parent Relationship": "Inner", "Parallel Aware": false, "Async Capable": false, "Scan Direction": "Forward", "Index Name": "idx_badges_userid", "Relation Name": "badges", "Alias": "b", "Startup Cost": 0.29, "Total Cost": 3064.97, "Plan Rows": 78850, "Plan Width": 4, "Filter": "(date >= '2010-08-01 02:54:53'::timestamp without time zone)"}]}]}]}]}}, {"Plan": {"Node Type": "Aggregate", "Strategy": "Plain", "Partial Mode": "Finalize", "Parallel Aware": false, "Async Capable": false, "Startup Cost": 13070.05, "Total Cost": 13070.06, "Plan Rows": 1, "Plan Width": 8, "Plans": [{"Node Type": "Gather", "Parent Relationship": "Outer", "Parallel Aware": false, "Async Capable": false, "Startup Cost": 13069.94, "Total Cost": 13070.05, "Plan Rows": 1, "Plan Width": 8, "Workers Planned": 1, "Single Copy": false, "Plans": [{"Node Type": "Aggregate", "Strategy": "Plain", "Partial Mode": "Partial", "Parent Relationship": "Outer", "Parallel Aware": false, "Async Capable": false, "Startup Cost": 12069.94, "Total Cost": 12069.95, "Plan Rows": 1, "Plan Width": 8, "Plans": [{"Node Type": "Nested Loop", "Parent Relationship": "Outer", "Parallel Aware": false, "Async Capable": false, "Join Type": "Inner", "Startup Cost": 9057.5, "Total Cost": 11807.34, "Plan Rows": 105039, "Plan Width": 0, "Inner Unique": false, "Plans": [{"Node Type": "Nested Loop", "Parent Relationship": "Outer", "Parallel Aware": false, "Async Capable": false, "Join Type": "Inner", "Startup Cost": 9057.21, "Total Cost": 10540.31, "Plan Rows": 2762, "Plan Width": 8, "Inner Unique": false, "Join Filter": "(p.id = ph.postid)", "Plans": [{"Node Type": "Nested Loop", "Parent Relationship": "Outer", "Parallel Aware": false, "Async Capable": false, "Join Type": "Inner", "Startup Cost": 9056.79, "Total Cost": 10032.83, "Plan Rows": 838, "Plan Width": 20, "Inner Unique": false, "Join Filter": "(c.postid = p.id)", "Plans": [{"Node Type": "Nested Loop", "Parent Relationship": "Outer", "Parallel Aware": false, "Async Capable": false, "Join Type": "Inner", "Startup Cost": 9056.37, "Total Cost": 9721.05, "Plan Rows": 442, "Plan Width": 16, "Inner Unique": true, "Plans": [{"Node Type": "Merge Join", "Parent Relationship": "Outer", "Parallel Aware": false, "Async Capable": false, "Join Type": "Inner", "Startup Cost": 9056.08, "Total Cost": 9175.27, "Plan Rows": 609, "Plan Width": 12, "Inner Unique": true, "Merge Cond": "(v.postid = p.id)", "Plans": [{"Node Type": "Sort", "Parent Relationship": "Outer", "Parallel Aware": false, "Async Capable": false, "Startup Cost": 5984.1, "Total Cost": 6033.57, "Plan Rows": 19785, "Plan Width": 4, "Sort Key": ["v.postid"], "Plans": [{"Node Type": "Seq Scan", "Parent Relationship": "Outer", "Parallel Aware": true, "Async Capable": false, "Relation Name": "votes", "Alias": "v", "Startup Cost": 0.0, "Total Cost": 4572.24, "Plan Rows": 19785, "Plan Width": 4, "Filter": "(votetypeid = 5)"}]}, {"Node Type": "Sort", "Parent Relationship": "Inner", "Parallel Aware": false, "Async Capable": false, "Startup Cost": 3071.97, "Total Cost": 3079.06, "Plan Rows": 2834, "Plan Width": 8, "Sort Key": ["p.id"], "Plans": [{"Node Type": "Seq Scan", "Parent Relationship": "Outer", "Parallel Aware": false, "Async Capable": false, "Relation Name": "posts", "Alias": "p", "Startup Cost": 0.0, "Total Cost": 2909.46, "Plan Rows": 2834, "Plan Width": 8, "Filter": "((viewcount >= 0) AND (answercount >= 0) AND (answercount <= 7) AND (favoritecount >= 0) AND (favoritecount <= 17))"}]}]}, {"Node Type": "Index Scan", "Parent Relationship": "Inner", "Parallel Aware": false, "Async Capable": false, "Scan Direction": "Forward", "Index Name": "users_pkey", "Relation Name": "users", "Alias": "u", "Startup Cost": 0.29, "Total Cost": 0.9, "Plan Rows": 1, "Plan Width": 4, "Index Cond": "(id = p.owneruserid)", "Filter": "((reputation >= 1) AND (views >= 0) AND (creationdate >= '2012-08-19 06:26:34'::timestamp without time zone) AND (creationdate <= '2014-09-11 05:22:26'::timestamp without time zone))"}]}, {"Node Type": "Index Scan", "Parent Relationship": "Inner", "Parallel Aware": false, "Async Capable": false, "Scan Direction": "Forward", "Index Name": "idx_comments_postid", "Relation Name": "comments", "Alias": "c", "Startup Cost": 0.42, "Total Cost": 0.67, "Plan Rows": 3, "Plan Width": 4, "Index Cond": "(postid = v.postid)"}]}, {"Node Type": "Index Scan", "Parent Relationship": "Inner", "Parallel Aware": false, "Async Capable": false, "Scan Direction": "Forward", "Index Name": "idx_posthistory_postid", "Relation Name": "posthistory", "Alias": "ph", "Startup Cost": 0.42, "Total Cost": 0.56, "Plan Rows": 4, "Plan Width": 4, "Index Cond": "(postid = c.postid)"}]}, {"Node Type": "Index Scan", "Parent Relationship": "Inner", "Parallel Aware": false, "Async Capable": false, "Scan Direction": "Forward", "Index Name": "idx_badges_userid", "Relation Name": "badges", "Alias": "b", "Startup Cost": 0.29, "Total Cost": 0.43, "Plan Rows": 3, "Plan Width": 4, "Index Cond": "(userid = u.id)", "Filter": "(date >= '2010-08-01 02:54:53'::timestamp without time zone)"}]}]}]}]}}, {"Plan": {"Node Type": "Aggregate", "Strategy": "Plain", "Partial Mode": "Simple", "Parallel Aware": false, "Async Capable": false, "Startup Cost": 32207.64, "Total Cost": 32207.65, "Plan Rows": 1, "Plan Width": 8, "Plans": [{"Node Type": "Merge Join", "Parent Relationship": "Outer", "Parallel Aware": false, "Async Capable": false, "Join Type": "Inner", "Startup Cost": 26482.65, "Total Cost": 31761.22, "Plan Rows": 178566, "Plan Width": 0, "Inner Unique": false, "Merge Cond": "(u.id = b.userid)", "Plans": [{"Node Type": "Merge Join", "Parent Relationship": "Outer", "Parallel Aware": false, "Async Capable": false, "Join Type": "Inner", "Startup Cost": 26482.36, "Total Cost": 28395.57, "Plan Rows": 4696, "Plan Width": 8, "Inner Unique": false, "Merge Cond": "(u.id = p.owneruserid)", "Plans": [{"Node Type": "Index Scan", "Parent Relationship": "Outer", "Parallel Aware": false, "Async Capable": false, "Scan Direction": "Forward", "Index Name": "users_pkey", "Relation Name": "users", "Alias": "u", "Startup Cost": 0.29, "Total Cost": 1760.41, "Plan Rows": 29697, "Plan Width": 4, "Filter": "((reputation >= 1) AND (views >= 0) AND (creationdate >= '2012-08-19 06:26:34'::timestamp without time zone) AND (creationdate <= '2014-09-11 05:22:26'::timestamp without time zone))"}, {"Node Type": "Sort", "Parent Relationship": "Inner", "Parallel Aware": false, "Async Capable": false, "Startup Cost": 26482.07, "Total Cost": 26498.25, "Plan Rows": 6475, "Plan Width": 4, "Sort Key": ["p.owneruserid"], "Plans": [{"Node Type": "Merge Join", "Parent Relationship": "Outer", "Parallel Aware": false, "Async Capable": false, "Join Type": "Inner", "Startup Cost": 10056.93, "Total Cost": 26072.18, "Plan Rows": 6475, "Plan Width": 4, "Inner Unique": false, "Merge Cond": "(p.id = ph.postid)", "Plans": [{"Node Type": "Merge Join", "Parent Relationship": "Outer", "Parallel Aware": false, "Async Capable": false, "Join Type": "Inner", "Startup Cost": 10056.51, "Total Cost": 16171.05, "Plan Rows": 1964, "Plan Width": 16, "Inner Unique": false, "Merge Cond": "(p.id = c.postid)", "Plans": [{"Node Type": "Gather Merge", "Parent Relationship": "Outer", "Parallel Aware": false, "Async Capable": false, "Startup Cost": 10056.09, "Total Cost": 10291.83, "Plan Rows": 1036, "Plan Width": 12, "Workers Planned": 1, "Plans": [{"Node Type": "Merge Join", "Parent Relationship": "Outer", "Parallel Aware": false, "Async Capable": false, "Join Type": "Inner", "Startup Cost": 9056.08, "Total Cost": 9175.27, "Plan Rows": 609, "Plan Width": 12, "Inner Unique": true, "Merge Cond": "(v.postid = p.id)", "Plans": [{"Node Type": "Sort", "Parent Relationship": "Outer", "Parallel Aware": false, "Async Capable": false, "Startup Cost": 5984.1, "Total Cost": 6033.57, "Plan Rows": 19785, "Plan Width": 4, "Sort Key": ["v.postid"], "Plans": [{"Node Type": "Seq Scan", "Parent Relationship": "Outer", "Parallel Aware": true, "Async Capable": false, "Relation Name": "votes", "Alias": "v", "Startup Cost": 0.0, "Total Cost": 4572.24, "Plan Rows": 19785, "Plan Width": 4, "Filter": "(votetypeid = 5)"}]}, {"Node Type": "Sort", "Parent Relationship": "Inner", "Parallel Aware": false, "Async Capable": false, "Startup Cost": 3071.97, "Total Cost": 3079.06, "Plan Rows": 2834, "Plan Width": 8, "Sort Key": ["p.id"], "Plans": [{"Node Type": "Seq Scan", "Parent Relationship": "Outer", "Parallel Aware": false, "Async Capable": false, "Relation Name": "posts", "Alias": "p", "Startup Cost": 0.0, "Total Cost": 2909.46, "Plan Rows": 2834, "Plan Width": 8, "Filter": "((viewcount >= 0) AND (answercount >= 0) AND (answercount <= 7) AND (favoritecount >= 0) AND (favoritecount <= 17))"}]}]}]}, {"Node Type": "Index Scan", "Parent Relationship": "Inner", "Parallel Aware": false, "Async Capable": false, "Scan Direction": "Forward", "Index Name": "idx_comments_postid", "Relation Name": "comments", "Alias": "c", "Startup Cost": 0.42, "Total Cost": 5421.24, "Plan Rows": 174305, "Plan Width": 4}]}, {"Node Type": "Index Scan", "Parent Relationship": "Inner", "Parallel Aware": false, "Async Capable": false, "Scan Direction": "Forward", "Index Name": "idx_posthistory_postid", "Relation Name": "posthistory", "Alias": "ph", "Startup Cost": 0.42, "Total Cost": 9073.51, "Plan Rows": 303187, "Plan Width": 4}]}]}]}, {"Node Type": "Index Scan", "Parent Relationship": "Inner", "Parallel Aware": false, "Async Capable": false, "Scan Direction": "Forward", "Index Name": "idx_badges_userid", "Relation Name": "badges", "Alias": "b", "Startup Cost": 0.29, "Total Cost": 3064.97, "Plan Rows": 78850, "Plan Width": 4, "Filter": "(date >= '2010-08-01 02:54:53'::timestamp without time zone)"}]}]}}, {"Plan": {"Node Type": "Aggregate", "Strategy": "Plain", "Partial Mode": "Simple", "Parallel Aware": false, "Async Capable": false, "Startup Cost": 18511.18, "Total Cost": 18511.19, "Plan Rows": 1, "Plan Width": 8, "Plans": [{"Node Type": "Nested Loop", "Parent Relationship": "Outer", "Parallel Aware": false, "Async Capable": false, "Join Type": "Inner", "Startup Cost": 2.14, "Total Cost": 18064.77, "Plan Rows": 178566, "Plan Width": 0, "Inner Unique": false, "Plans": [{"Node Type": "Nested Loop", "Parent Relationship": "Outer", "Parallel Aware": false, "Async Capable": false, "Join Type": "Inner", "Startup Cost": 1.85, "Total Cost": 15910.54, "Plan Rows": 4696, "Plan Width": 8, "Inner Unique": false, "Join Filter": "(p.id = ph.postid)", "Plans": [{"Node Type": "Nested Loop", "Parent Relationship": "Outer", "Parallel Aware": false, "Async Capable": false, "Join Type": "Inner", "Startup Cost": 1.42, "Total Cost": 15048.19, "Plan Rows": 1424, "Plan Width": 20, "Inner Unique": false, "Join Filter": "(p.id = v.postid)", "Plans": [{"Node Type": "Nested Loop", "Parent Relationship": "Outer", "Parallel Aware": false, "Async Capable": false, "Join Type": "Inner", "Startup Cost": 1.0, "Total Cost": 12726.81, "Plan Rows": 3896, "Plan Width": 16, "Inner Unique": false, "Plans": [{"Node Type": "Nested Loop", "Parent Relationship": "Outer", "Parallel Aware": false, "Async Capable": false, "Join Type": "Inner", "Startup Cost": 0.58, "Total Cost": 6928.66, "Plan Rows": 2055, "Plan Width": 12, "Inner Unique": true, "Plans": [{"Node Type": "Index Scan", "Parent Relationship": "Outer", "Parallel Aware": false, "Async Capable": false, "Scan Direction": "Forward", "Index Name": "posts_pkey", "Relation Name": "posts", "Alias": "p", "Startup Cost": 0.29, "Total Cost": 4388.87, "Plan Rows": 2834, "Plan Width": 8, "Filter": "((viewcount >= 0) AND (answercount >= 0) AND (answercount <= 7) AND (favoritecount >= 0) AND (favoritecount <= 17))"}, {"Node Type": "Index Scan", "Parent Relationship": "Inner", "Parallel Aware": false, "Async Capable": false, "Scan Direction": "Forward", "Index Name": "users_pkey", "Relation Name": "users", "Alias": "u", "Startup Cost": 0.29, "Total Cost": 0.9, "Plan Rows": 1, "Plan Width": 4, "Index Cond": "(id = p.owneruserid)", "Filter": "((reputation >= 1) AND (views >= 0) AND (creationdate >= '2012-08-19 06:26:34'::timestamp without time zone) AND (creationdate <= '2014-09-11 05:22:26'::timestamp without time zone))"}]}, {"Node Type": "Index Scan", "Parent Relationship": "Inner", "Parallel Aware": false, "Async Capable": false, "Scan Direction": "Forward", "Index Name": "idx_comments_postid", "Relation Name": "comments", "Alias": "c", "Startup Cost": 0.42, "Total Cost": 2.79, "Plan Rows": 3, "Plan Width": 4, "Index Cond": "(postid = p.id)"}]}, {"Node Type": "Index Scan", "Parent Relationship": "Inner", "Parallel Aware": false, "Async Capable": false, "Scan Direction": "Forward", "Index Name": "idx_votes_postid", "Relation Name": "votes", "Alias": "v", "Startup Cost": 0.42, "Total Cost": 0.58, "Plan Rows": 1, "Plan Width": 4, "Index Cond": "(postid = c.postid)", "Filter": "(votetypeid = 5)"}]}, {"Node Type": "Index Scan", "Parent Relationship": "Inner", "Parallel Aware": false, "Async Capable": false, "Scan Direction": "Forward", "Index Name": "idx_posthistory_postid", "Relation Name": "posthistory", "Alias": "ph", "Startup Cost": 0.42, "Total Cost": 0.56, "Plan Rows": 4, "Plan Width": 4, "Index Cond": "(postid = c.postid)"}]}, {"Node Type": "Index Scan", "Parent Relationship": "Inner", "Parallel Aware": false, "Async Capable": false, "Scan Direction": "Forward", "Index Name": "idx_badges_userid", "Relation Name": "badges", "Alias": "b", "Startup Cost": 0.29, "Total Cost": 0.43, "Plan Rows": 3, "Plan Width": 4, "Index Cond": "(userid = u.id)", "Filter": "(date >= '2010-08-01 02:54:53'::timestamp without time zone)"}]}]}}, {"Plan": {"Node Type": "Aggregate", "Strategy": "Plain", "Partial Mode": "Simple", "Parallel Aware": false, "Async Capable": false, "Startup Cost": 17031.78, "Total Cost": 17031.79, "Plan Rows": 1, "Plan Width": 8, "Plans": [{"Node Type": "Nested Loop", "Parent Relationship": "Outer", "Parallel Aware": false, "Async Capable": false, "Join Type": "Inner", "Startup Cost": 1.85, "Total Cost": 16585.36, "Plan Rows": 178566, "Plan Width": 0, "Inner Unique": false, "Plans": [{"Node Type": "Nested Loop", "Parent Relationship": "Outer", "Parallel Aware": false, "Async Capable": false, "Join Type": "Inner", "Startup Cost": 1.55, "Total Cost": 14431.13, "Plan Rows": 4696, "Plan Width": 8, "Inner Unique": false, "Join Filter": "(p.id = ph.postid)", "Plans": [{"Node Type": "Nested Loop", "Parent Relationship": "Outer", "Parallel Aware": false, "Async Capable": false, "Join Type": "Inner", "Startup Cost": 1.13, "Total Cost": 13568.78, "Plan Rows": 1424, "Plan Width": 20, "Inner Unique": false, "Join Filter": "(p.id = v.postid)", "Plans": [{"Node Type": "Nested Loop", "Parent Relationship": "Outer", "Parallel Aware": false, "Async Capable": false, "Join Type": "Inner", "Startup Cost": 0.71, "Total Cost": 11247.4, "Plan Rows": 3896, "Plan Width": 16, "Inner Unique": false, "Plans": [{"Node Type": "Nested Loop", "Parent Relationship": "Outer", "Parallel Aware": false, "Async Capable": false, "Join Type": "Inner", "Startup Cost": 0.29, "Total Cost": 5449.26, "Plan Rows": 2055, "Plan Width": 12, "Inner Unique": true, "Plans": [{"Node Type": "Seq Scan", "Parent Relationship": "Outer", "Parallel Aware": false, "Async Capable": false, "Relation Name": "posts", "Alias": "p", "Startup Cost": 0.0, "Total Cost": 2909.46, "Plan Rows": 2834, "Plan Width": 8, "Filter": "((viewcount >= 0) AND (answercount >= 0) AND (answercount <= 7) AND (favoritecount >= 0) AND (favoritecount <= 17))"}, {"Node Type": "Index Scan", "Parent Relationship": "Inner", "Parallel Aware": false, "Async Capable": false, "Scan Direction": "Forward", "Index Name": "users_pkey", "Relation Name": "users", "Alias": "u", "Startup Cost": 0.29, "Total Cost": 0.9, "Plan Rows": 1, "Plan Width": 4, "Index Cond": "(id = p.owneruserid)", "Filter": "((reputation >= 1) AND (views >= 0) AND (creationdate >= '2012-08-19 06:26:34'::timestamp without time zone) AND (creationdate <= '2014-09-11 05:22:26'::timestamp without time zone))"}]}, {"Node Type": "Index Scan", "Parent Relationship": "Inner", "Parallel Aware": false, "Async Capable": false, "Scan Direction": "Forward", "Index Name": "idx_comments_postid", "Relation Name": "comments", "Alias": "c", "Startup Cost": 0.42, "Total Cost": 2.79, "Plan Rows": 3, "Plan Width": 4, "Index Cond": "(postid = p.id)"}]}, {"Node Type": "Index Scan", "Parent Relationship": "Inner", "Parallel Aware": false, "Async Capable": false, "Scan Direction": "Forward", "Index Name": "idx_votes_postid", "Relation Name": "votes", "Alias": "v", "Startup Cost": 0.42, "Total Cost": 0.58, "Plan Rows": 1, "Plan Width": 4, "Index Cond": "(postid = c.postid)", "Filter": "(votetypeid = 5)"}]}, {"Node Type": "Index Scan", "Parent Relationship": "Inner", "Parallel Aware": false, "Async Capable": false, "Scan Direction": "Forward", "Index Name": "idx_posthistory_postid", "Relation Name": "posthistory", "Alias": "ph", "Startup Cost": 0.42, "Total Cost": 0.56, "Plan Rows": 4, "Plan Width": 4, "Index Cond": "(postid = c.postid)"}]}, {"Node Type": "Index Scan", "Parent Relationship": "Inner", "Parallel Aware": false, "Async Capable": false, "Scan Direction": "Forward", "Index Name": "idx_badges_userid", "Relation Name": "badges", "Alias": "b", "Startup Cost": 0.29, "Total Cost": 0.43, "Plan Rows": 3, "Plan Width": 4, "Index Cond": "(userid = u.id)", "Filter": "(date >= '2010-08-01 02:54:53'::timestamp without time zone)"}]}]}}]