[{"Plan": {"Node Type": "Aggregate", "Strategy": "Plain", "Partial Mode": "Finalize", "Parallel Aware": false, "Async Capable": false, "Startup Cost": 27271.81, "Total Cost": 27271.82, "Plan Rows": 1, "Plan Width": 8, "Actual Rows": 1, "Actual Loops": 1, "Plans": [{"Node Type": "Gather", "Parent Relationship": "Outer", "Parallel Aware": false, "Async Capable": false, "Startup Cost": 27271.7, "Total Cost": 27271.81, "Plan Rows": 1, "Plan Width": 8, "Actual Rows": 2, "Actual Loops": 1, "Workers Planned": 1, "Workers Launched": 1, "Single Copy": false, "Plans": [{"Node Type": "Aggregate", "Strategy": "Plain", "Partial Mode": "Partial", "Parent Relationship": "Outer", "Parallel Aware": false, "Async Capable": false, "Startup Cost": 26271.7, "Total Cost": 26271.71, "Plan Rows": 1, "Plan Width": 8, "Actual Rows": 1, "Actual Loops": 2, "Workers": [], "Plans": [{"Node Type": "Hash Join", "Parent Relationship": "Outer", "Parallel Aware": false, "Async Capable": false, "Join Type": "Inner", "Startup Cost": 4138.88, "Total Cost": 8953.4, "Plan Rows": 1356.0, "Plan Width": 0, "Actual Rows": 5111932, "Actual Loops": 2, "Inner Unique": false, "Hash Cond": "(c.userid = u.id)", "Workers": [], "Plans": [{"Node Type": "Seq Scan", "Parent Relationship": "Outer", "Parallel Aware": true, "Async Capable": false, "Relation Name": "comments", "Alias": "c", "Startup Cost": 0.0, "Total Cost": 2881.99, "Plan Rows": 79159, "Plan Width": 4, "Actual Rows": 67330, "Actual Loops": 2, "Filter": "((creationdate >= '2010-07-24 06:46:49'::timestamp without time zone) AND (score = 0))", "Rows Removed by Filter": 19823, "Workers": []}, {"Node Type": "Hash", "Parent Relationship": "Inner", "Parallel Aware": false, "Async Capable": false, "Startup Cost": 3143.86, "Total Cost": 3143.86, "Plan Rows": 16843.0, "Plan Width": 8, "Actual Rows": 79610, "Actual Loops": 2, "Hash Buckets": 131072, "Original Hash Buckets": 131072, "Hash Batches": 1, "Original Hash Batches": 1, "Peak Memory Usage": 4134, "Workers": [], "Plans": [{"Node Type": "Hash Join", "Parent Relationship": "Outer", "Parallel Aware": false, "Async Capable": false, "Join Type": "Inner", "Startup Cost": 1305.12, "Total Cost": 3143.86, "Plan Rows": 16843.0, "Plan Width": 8, "Actual Rows": 79610, "Actual Loops": 2, "Inner Unique": true, "Hash Cond": "(b.userid = u.id)", "Workers": [], "Plans": [{"Node Type": "Seq Scan", "Parent Relationship": "Outer", "Parallel Aware": false, "Async Capable": false, "Relation Name": "badges", "Alias": "b", "Startup Cost": 0.0, "Total Cost": 1629.76, "Plan Rows": 79601, "Plan Width": 4, "Actual Rows": 79610, "Actual Loops": 2, "Filter": "((date >= '2010-07-19 20:34:06'::timestamp without time zone) AND (date <= '2014-09-12 15:11:36'::timestamp without time zone))", "Rows Removed by Filter": 241, "Workers": []}, {"Node Type": "Hash", "Parent Relationship": "Inner", "Parallel Aware": false, "Async Capable": false, "Startup Cost": 801.06, "Total Cost": 801.06, "Plan Rows": 40325, "Plan Width": 4, "Actual Rows": 40325, "Actual Loops": 2, "Hash Buckets": 65536, "Original Hash Buckets": 65536, "Hash Batches": 1, "Original Hash Batches": 1, "Peak Memory Usage": 1930, "Workers": [], "Plans": [{"Node Type": "Seq Scan", "Parent Relationship": "Outer", "Parallel Aware": false, "Async Capable": false, "Relation Name": "users", "Alias": "u", "Startup Cost": 0.0, "Total Cost": 801.06, "Plan Rows": 40325, "Plan Width": 4, "Actual Rows": 40325, "Actual Loops": 2, "Filter": "(upvotes >= 0)", "Rows Removed by Filter": 0, "Workers": []}]}]}]}]}]}]}]}, "Planning Time": 2.75, "Triggers": [], "Execution Time": 419.209}, {"Plan": {"Node Type": "Aggregate", "Strategy": "Plain", "Partial Mode": "Finalize", "Parallel Aware": false, "Async Capable": false, "Startup Cost": 31513.14, "Total Cost": 31513.15, "Plan Rows": 1, "Plan Width": 8, "Actual Rows": 1, "Actual Loops": 1, "Plans": [{"Node Type": "Gather", "Parent Relationship": "Outer", "Parallel Aware": false, "Async Capable": false, "Startup Cost": 31513.03, "Total Cost": 31513.14, "Plan Rows": 1, "Plan Width": 8, "Actual Rows": 2, "Actual Loops": 1, "Workers Planned": 1, "Workers Launched": 1, "Single Copy": false, "Plans": [{"Node Type": "Aggregate", "Strategy": "Plain", "Partial Mode": "Partial", "Parent Relationship": "Outer", "Parallel Aware": false, "Async Capable": false, "Startup Cost": 30513.03, "Total Cost": 30513.04, "Plan Rows": 1, "Plan Width": 8, "Actual Rows": 1, "Actual Loops": 2, "Workers": [], "Plans": [{"Node Type": "Nested Loop", "Parent Relationship": "Outer", "Parallel Aware": false, "Async Capable": false, "Join Type": "Inner", "Startup Cost": 1305.43, "Total Cost": 13194.73, "Plan Rows": 1356.0, "Plan Width": 0, "Actual Rows": 5111932, "Actual Loops": 2, "Inner Unique": false, "Workers": [], "Plans": [{"Node Type": "Hash Join", "Parent Relationship": "Outer", "Parallel Aware": false, "Async Capable": false, "Join Type": "Inner", "Startup Cost": 1305.12, "Total Cost": 4394.92, "Plan Rows": 27.0, "Plan Width": 8, "Actual Rows": 66252, "Actual Loops": 2, "Inner Unique": true, "Hash Cond": "(c.userid = u.id)", "Workers": [], "Plans": [{"Node Type": "Seq Scan", "Parent Relationship": "Outer", "Parallel Aware": true, "Async Capable": false, "Relation Name": "comments", "Alias": "c", "Startup Cost": 0.0, "Total Cost": 2881.99, "Plan Rows": 79159, "Plan Width": 4, "Actual Rows": 67330, "Actual Loops": 2, "Filter": "((creationdate >= '2010-07-24 06:46:49'::timestamp without time zone) AND (score = 0))", "Rows Removed by Filter": 19823, "Workers": []}, {"Node Type": "Hash", "Parent Relationship": "Inner", "Parallel Aware": false, "Async Capable": false, "Startup Cost": 801.06, "Total Cost": 801.06, "Plan Rows": 40325, "Plan Width": 4, "Actual Rows": 40325, "Actual Loops": 2, "Hash Buckets": 65536, "Original Hash Buckets": 65536, "Hash Batches": 1, "Original Hash Batches": 1, "Peak Memory Usage": 1930, "Workers": [], "Plans": [{"Node Type": "Seq Scan", "Parent Relationship": "Outer", "Parallel Aware": false, "Async Capable": false, "Relation Name": "users", "Alias": "u", "Startup Cost": 0.0, "Total Cost": 801.06, "Plan Rows": 40325, "Plan Width": 4, "Actual Rows": 40325, "Actual Loops": 2, "Filter": "(upvotes >= 0)", "Rows Removed by Filter": 0, "Workers": []}]}]}, {"Node Type": "Memoize", "Parent Relationship": "Inner", "Parallel Aware": false, "Async Capable": false, "Startup Cost": 0.3, "Total Cost": 0.39, "Plan Rows": 3, "Plan Width": 4, "Actual Rows": 77, "Actual Loops": 132504, "Cache Key": "c.userid", "Cache Mode": "logical", "Cache Hits": 60833, "Cache Misses": 9399, "Cache Evictions": 0, "Cache Overflows": 0, "Peak Memory Usage": 2429, "Workers": [{"Worker Number": 0, "Cache Hits": 53332, "Cache Misses": 8940, "Cache Evictions": 0, "Cache Overflows": 0, "Peak Memory Usage": 2330}], "Plans": [{"Node Type": "Index Scan", "Parent Relationship": "Outer", "Parallel Aware": false, "Async Capable": false, "Scan Direction": "Forward", "Index Name": "idx_badges_userid", "Relation Name": "badges", "Alias": "b", "Startup Cost": 0.29, "Total Cost": 0.38, "Plan Rows": 3, "Plan Width": 4, "Actual Rows": 5, "Actual Loops": 18339, "Index Cond": "(userid = c.userid)", "Rows Removed by Index Recheck": 0, "Filter": "((date >= '2010-07-19 20:34:06'::timestamp without time zone) AND (date <= '2014-09-12 15:11:36'::timestamp without time zone))", "Rows Removed by Filter": 0, "Workers": []}]}]}]}]}]}, "Planning Time": 2.877, "Triggers": [], "Execution Time": 392.092}, {"Plan": {"Node Type": "Aggregate", "Strategy": "Plain", "Partial Mode": "Finalize", "Parallel Aware": false, "Async Capable": false, "Startup Cost": 49862.74, "Total Cost": 49862.75, "Plan Rows": 1, "Plan Width": 8, "Actual Rows": 1, "Actual Loops": 1, "Plans": [{"Node Type": "Gather", "Parent Relationship": "Outer", "Parallel Aware": false, "Async Capable": false, "Startup Cost": 49862.62, "Total Cost": 49862.73, "Plan Rows": 1, "Plan Width": 8, "Actual Rows": 2, "Actual Loops": 1, "Workers Planned": 1, "Workers Launched": 1, "Single Copy": false, "Plans": [{"Node Type": "Aggregate", "Strategy": "Plain", "Partial Mode": "Partial", "Parent Relationship": "Outer", "Parallel Aware": false, "Async Capable": false, "Startup Cost": 48862.62, "Total Cost": 48862.63, "Plan Rows": 1, "Plan Width": 8, "Actual Rows": 1, "Actual Loops": 2, "Workers": [], "Plans": [{"Node Type": "Hash Join", "Parent Relationship": "Outer", "Parallel Aware": false, "Async Capable": false, "Join Type": "Inner", "Startup Cost": 1305.43, "Total Cost": 31544.32, "Plan Rows": 1356.0, "Plan Width": 0, "Actual Rows": 5111932, "Actual Loops": 2, "Inner Unique": true, "Hash Cond": "(c.userid = u.id)", "Workers": [], "Plans": [{"Node Type": "Nested Loop", "Parent Relationship": "Outer", "Parallel Aware": false, "Async Capable": false, "Join Type": "Inner", "Startup Cost": 0.3, "Total Cost": 11747.24, "Plan Rows": 1820.0, "Plan Width": 8, "Actual Rows": 5111932, "Actual Loops": 2, "Inner Unique": false, "Workers": [], "Plans": [{"Node Type": "Seq Scan", "Parent Relationship": "Outer", "Parallel Aware": true, "Async Capable": false, "Relation Name": "comments", "Alias": "c", "Startup Cost": 0.0, "Total Cost": 2881.99, "Plan Rows": 79159, "Plan Width": 4, "Actual Rows": 67330, "Actual Loops": 2, "Filter": "((creationdate >= '2010-07-24 06:46:49'::timestamp without time zone) AND (score = 0))", "Rows Removed by Filter": 19823, "Workers": []}, {"Node Type": "Memoize", "Parent Relationship": "Inner", "Parallel Aware": false, "Async Capable": false, "Startup Cost": 0.3, "Total Cost": 0.39, "Plan Rows": 3, "Plan Width": 4, "Actual Rows": 76, "Actual Loops": 134659, "Cache Key": "c.userid", "Cache Mode": "logical", "Cache Hits": 60503, "Cache Misses": 9314, "Cache Evictions": 0, "Cache Overflows": 0, "Peak Memory Usage": 2411, "Workers": [{"Worker Number": 0, "Cache Hits": 55809, "Cache Misses": 9033, "Cache Evictions": 0, "Cache Overflows": 0, "Peak Memory Usage": 2357}], "Plans": [{"Node Type": "Index Scan", "Parent Relationship": "Outer", "Parallel Aware": false, "Async Capable": false, "Scan Direction": "Forward", "Index Name": "idx_badges_userid", "Relation Name": "badges", "Alias": "b", "Startup Cost": 0.29, "Total Cost": 0.38, "Plan Rows": 3, "Plan Width": 4, "Actual Rows": 6, "Actual Loops": 18347, "Index Cond": "(userid = c.userid)", "Rows Removed by Index Recheck": 0, "Filter": "((date >= '2010-07-19 20:34:06'::timestamp without time zone) AND (date <= '2014-09-12 15:11:36'::timestamp without time zone))", "Rows Removed by Filter": 0, "Workers": []}]}]}, {"Node Type": "Hash", "Parent Relationship": "Inner", "Parallel Aware": false, "Async Capable": false, "Startup Cost": 801.06, "Total Cost": 801.06, "Plan Rows": 40325, "Plan Width": 4, "Actual Rows": 40325, "Actual Loops": 2, "Hash Buckets": 65536, "Original Hash Buckets": 65536, "Hash Batches": 1, "Original Hash Batches": 1, "Peak Memory Usage": 1930, "Workers": [], "Plans": [{"Node Type": "Seq Scan", "Parent Relationship": "Outer", "Parallel Aware": false, "Async Capable": false, "Relation Name": "users", "Alias": "u", "Startup Cost": 0.0, "Total Cost": 801.06, "Plan Rows": 40325, "Plan Width": 4, "Actual Rows": 40325, "Actual Loops": 2, "Filter": "(upvotes >= 0)", "Rows Removed by Filter": 0, "Workers": []}]}]}]}]}]}, "Planning Time": 2.865, "Triggers": [], "Execution Time": 788.44}, {"Plan": {"Node Type": "Aggregate", "Strategy": "Plain", "Partial Mode": "Simple", "Parallel Aware": false, "Async Capable": false, "Startup Cost": 47916.97, "Total Cost": 47916.98, "Plan Rows": 1, "Plan Width": 8, "Actual Rows": 1, "Actual Loops": 1, "Plans": [{"Node Type": "Merge Join", "Parent Relationship": "Outer", "Parallel Aware": false, "Async Capable": false, "Join Type": "Inner", "Startup Cost": 1.41, "Total Cost": 18475.86, "Plan Rows": 1356.0, "Plan Width": 0, "Actual Rows": 10223864, "Actual Loops": 1, "Inner Unique": false, "Merge Cond": "(u.id = c.userid)", "Plans": [{"Node Type": "Merge Join", "Parent Relationship": "Outer", "Parallel Aware": false, "Async Capable": false, "Join Type": "Inner", "Startup Cost": 0.66, "Total Cost": 5818.36, "Plan Rows": 16843.0, "Plan Width": 8, "Actual Rows": 79610, "Actual Loops": 1, "Inner Unique": true, "Merge Cond": "(b.userid = u.id)", "Plans": [{"Node Type": "Index Scan", "Parent Relationship": "Outer", "Parallel Aware": false, "Async Capable": false, "Scan Direction": "Forward", "Index Name": "idx_badges_userid", "Relation Name": "badges", "Alias": "b", "Startup Cost": 0.29, "Total Cost": 3264.6, "Plan Rows": 79601, "Plan Width": 4, "Actual Rows": 79610, "Actual Loops": 1, "Filter": "((date >= '2010-07-19 20:34:06'::timestamp without time zone) AND (date <= '2014-09-12 15:11:36'::timestamp without time zone))", "Rows Removed by Filter": 241}, {"Node Type": "Index Scan", "Parent Relationship": "Inner", "Parallel Aware": false, "Async Capable": false, "Scan Direction": "Forward", "Index Name": "users_pkey", "Relation Name": "users", "Alias": "u", "Startup Cost": 0.29, "Total Cost": 1457.98, "Plan Rows": 40325, "Plan Width": 4, "Actual Rows": 40269, "Actual Loops": 1, "Filter": "(upvotes >= 0)", "Rows Removed by Filter": 0}]}, {"Node Type": "Materialize", "Parent Relationship": "Inner", "Parallel Aware": false, "Async Capable": false, "Startup Cost": 0.29, "Total Cost": 9031.15, "Plan Rows": 134571, "Plan Width": 4, "Actual Rows": 10225666, "Actual Loops": 1, "Plans": [{"Node Type": "Index Scan", "Parent Relationship": "Outer", "Parallel Aware": false, "Async Capable": false, "Scan Direction": "Forward", "Index Name": "idx_comments_userid", "Relation Name": "comments", "Alias": "c", "Startup Cost": 0.29, "Total Cost": 8694.72, "Plan Rows": 134571, "Plan Width": 4, "Actual Rows": 132494, "Actual Loops": 1, "Filter": "((creationdate >= '2010-07-24 06:46:49'::timestamp without time zone) AND (score = 0))", "Rows Removed by Filter": 38966}]}]}]}, "Planning Time": 1.735, "Triggers": [], "Execution Time": 1028.612}, {"Plan": {"Node Type": "Aggregate", "Strategy": "Plain", "Partial Mode": "Simple", "Parallel Aware": false, "Async Capable": false, "Startup Cost": 227640.94, "Total Cost": 227640.95, "Plan Rows": 1, "Plan Width": 8, "Actual Rows": 1, "Actual Loops": 1, "Plans": [{"Node Type": "Merge Join", "Parent Relationship": "Outer", "Parallel Aware": false, "Async Capable": false, "Join Type": "Inner", "Startup Cost": 1.0, "Total Cost": 198199.83, "Plan Rows": 1356.0, "Plan Width": 0, "Actual Rows": 10223864, "Actual Loops": 1, "Inner Unique": false, "Merge Cond": "(u.id = c.userid)", "Plans": [{"Node Type": "Index Scan", "Parent Relationship": "Outer", "Parallel Aware": false, "Async Capable": false, "Scan Direction": "Forward", "Index Name": "users_pkey", "Relation Name": "users", "Alias": "u", "Startup Cost": 0.29, "Total Cost": 1457.98, "Plan Rows": 40325, "Plan Width": 4, "Actual Rows": 40264, "Actual Loops": 1, "Filter": "(upvotes >= 0)", "Rows Removed by Filter": 0}, {"Node Type": "Materialize", "Parent Relationship": "Inner", "Parallel Aware": false, "Async Capable": false, "Startup Cost": 0.6, "Total Cost": 50266.87, "Plan Rows": 1820.0, "Plan Width": 8, "Actual Rows": 10223864, "Actual Loops": 1, "Plans": [{"Node Type": "Nested Loop", "Parent Relationship": "Outer", "Parallel Aware": false, "Async Capable": false, "Join Type": "Inner", "Startup Cost": 0.6, "Total Cost": 20330.61, "Plan Rows": 1820.0, "Plan Width": 8, "Actual Rows": 10223864, "Actual Loops": 1, "Inner Unique": false, "Plans": [{"Node Type": "Index Scan", "Parent Relationship": "Outer", "Parallel Aware": false, "Async Capable": false, "Scan Direction": "Forward", "Index Name": "idx_comments_userid", "Relation Name": "comments", "Alias": "c", "Startup Cost": 0.29, "Total Cost": 8694.72, "Plan Rows": 134571, "Plan Width": 4, "Actual Rows": 134659, "Actual Loops": 1, "Filter": "((creationdate >= '2010-07-24 06:46:49'::timestamp without time zone) AND (score = 0))", "Rows Removed by Filter": 39646}, {"Node Type": "Memoize", "Parent Relationship": "Inner", "Parallel Aware": false, "Async Capable": false, "Startup Cost": 0.3, "Total Cost": 0.39, "Plan Rows": 3, "Plan Width": 4, "Actual Rows": 76, "Actual Loops": 134659, "Cache Key": "c.userid", "Cache Mode": "logical", "Cache Hits": 121515, "Cache Misses": 13144, "Cache Evictions": 0, "Cache Overflows": 0, "Peak Memory Usage": 2966, "Plans": [{"Node Type": "Index Scan", "Parent Relationship": "Outer", "Parallel Aware": false, "Async Capable": false, "Scan Direction": "Forward", "Index Name": "idx_badges_userid", "Relation Name": "badges", "Alias": "b", "Startup Cost": 0.29, "Total Cost": 0.38, "Plan Rows": 3, "Plan Width": 4, "Actual Rows": 5, "Actual Loops": 13144, "Index Cond": "(userid = c.userid)", "Rows Removed by Index Recheck": 0, "Filter": "((date >= '2010-07-19 20:34:06'::timestamp without time zone) AND (date <= '2014-09-12 15:11:36'::timestamp without time zone))", "Rows Removed by Filter": 0}]}]}]}]}]}, "Planning Time": 1.89, "Triggers": [], "Execution Time": 2970.245}, {"Plan": {"Node Type": "Aggregate", "Strategy": "Plain", "Partial Mode": "Finalize", "Parallel Aware": false, "Async Capable": false, "Startup Cost": 27271.81, "Total Cost": 27271.82, "Plan Rows": 1, "Plan Width": 8, "Actual Rows": 1, "Actual Loops": 1, "Plans": [{"Node Type": "Gather", "Parent Relationship": "Outer", "Parallel Aware": false, "Async Capable": false, "Startup Cost": 27271.7, "Total Cost": 27271.81, "Plan Rows": 1, "Plan Width": 8, "Actual Rows": 2, "Actual Loops": 1, "Workers Planned": 1, "Workers Launched": 1, "Single Copy": false, "Plans": [{"Node Type": "Aggregate", "Strategy": "Plain", "Partial Mode": "Partial", "Parent Relationship": "Outer", "Parallel Aware": false, "Async Capable": false, "Startup Cost": 26271.7, "Total Cost": 26271.71, "Plan Rows": 1, "Plan Width": 8, "Actual Rows": 1, "Actual Loops": 2, "Workers": [], "Plans": [{"Node Type": "Hash Join", "Parent Relationship": "Outer", "Parallel Aware": false, "Async Capable": false, "Join Type": "Inner", "Startup Cost": 4138.88, "Total Cost": 8953.4, "Plan Rows": 1356.0, "Plan Width": 0, "Actual Rows": 5111932, "Actual Loops": 2, "Inner Unique": false, "Hash Cond": "(c.userid = u.id)", "Workers": [], "Plans": [{"Node Type": "Seq Scan", "Parent Relationship": "Outer", "Parallel Aware": true, "Async Capable": false, "Relation Name": "comments", "Alias": "c", "Startup Cost": 0.0, "Total Cost": 2881.99, "Plan Rows": 79159, "Plan Width": 4, "Actual Rows": 67330, "Actual Loops": 2, "Filter": "((creationdate >= '2010-07-24 06:46:49'::timestamp without time zone) AND (score = 0))", "Rows Removed by Filter": 19823, "Workers": []}, {"Node Type": "Hash", "Parent Relationship": "Inner", "Parallel Aware": false, "Async Capable": false, "Startup Cost": 3143.86, "Total Cost": 3143.86, "Plan Rows": 16843.0, "Plan Width": 8, "Actual Rows": 79610, "Actual Loops": 2, "Hash Buckets": 131072, "Original Hash Buckets": 131072, "Hash Batches": 1, "Original Hash Batches": 1, "Peak Memory Usage": 4134, "Workers": [], "Plans": [{"Node Type": "Hash Join", "Parent Relationship": "Outer", "Parallel Aware": false, "Async Capable": false, "Join Type": "Inner", "Startup Cost": 1305.12, "Total Cost": 3143.86, "Plan Rows": 16843.0, "Plan Width": 8, "Actual Rows": 79610, "Actual Loops": 2, "Inner Unique": true, "Hash Cond": "(b.userid = u.id)", "Workers": [], "Plans": [{"Node Type": "Seq Scan", "Parent Relationship": "Outer", "Parallel Aware": false, "Async Capable": false, "Relation Name": "badges", "Alias": "b", "Startup Cost": 0.0, "Total Cost": 1629.76, "Plan Rows": 79601, "Plan Width": 4, "Actual Rows": 79610, "Actual Loops": 2, "Filter": "((date >= '2010-07-19 20:34:06'::timestamp without time zone) AND (date <= '2014-09-12 15:11:36'::timestamp without time zone))", "Rows Removed by Filter": 241, "Workers": []}, {"Node Type": "Hash", "Parent Relationship": "Inner", "Parallel Aware": false, "Async Capable": false, "Startup Cost": 801.06, "Total Cost": 801.06, "Plan Rows": 40325, "Plan Width": 4, "Actual Rows": 40325, "Actual Loops": 2, "Hash Buckets": 65536, "Original Hash Buckets": 65536, "Hash Batches": 1, "Original Hash Batches": 1, "Peak Memory Usage": 1930, "Workers": [], "Plans": [{"Node Type": "Seq Scan", "Parent Relationship": "Outer", "Parallel Aware": false, "Async Capable": false, "Relation Name": "users", "Alias": "u", "Startup Cost": 0.0, "Total Cost": 801.06, "Plan Rows": 40325, "Plan Width": 4, "Actual Rows": 40325, "Actual Loops": 2, "Filter": "(upvotes >= 0)", "Rows Removed by Filter": 0, "Workers": []}]}]}]}]}]}]}]}, "Planning Time": 3.011, "Triggers": [], "Execution Time": 417.181}, {"Plan": {"Node Type": "Aggregate", "Strategy": "Plain", "Partial Mode": "Simple", "Parallel Aware": false, "Async Capable": false, "Startup Cost": 221109.63, "Total Cost": 221109.64, "Plan Rows": 1, "Plan Width": 8, "Actual Rows": 1, "Actual Loops": 1, "Plans": [{"Node Type": "Merge Join", "Parent Relationship": "Outer", "Parallel Aware": false, "Async Capable": false, "Join Type": "Inner", "Startup Cost": 1.12, "Total Cost": 191668.52, "Plan Rows": 1356.0, "Plan Width": 0, "Actual Rows": 10223864, "Actual Loops": 1, "Inner Unique": false, "Merge Cond": "(b.userid = c.userid)", "Plans": [{"Node Type": "Index Scan", "Parent Relationship": "Outer", "Parallel Aware": false, "Async Capable": false, "Scan Direction": "Forward", "Index Name": "idx_badges_userid", "Relation Name": "badges", "Alias": "b", "Startup Cost": 0.29, "Total Cost": 3264.6, "Plan Rows": 79601, "Plan Width": 4, "Actual Rows": 79610, "Actual Loops": 1, "Filter": "((date >= '2010-07-19 20:34:06'::timestamp without time zone) AND (date <= '2014-09-12 15:11:36'::timestamp without time zone))", "Rows Removed by Filter": 241}, {"Node Type": "Materialize", "Parent Relationship": "Inner", "Parallel Aware": false, "Async Capable": false, "Startup Cost": 0.7, "Total Cost": 12094.87, "Plan Rows": 27.0, "Plan Width": 8, "Actual Rows": 10225666, "Actual Loops": 1, "Plans": [{"Node Type": "Merge Join", "Parent Relationship": "Outer", "Parallel Aware": false, "Async Capable": false, "Join Type": "Inner", "Startup Cost": 0.7, "Total Cost": 11764.01, "Plan Rows": 27.0, "Plan Width": 8, "Actual Rows": 132494, "Actual Loops": 1, "Inner Unique": true, "Merge Cond": "(c.userid = u.id)", "Plans": [{"Node Type": "Index Scan", "Parent Relationship": "Outer", "Parallel Aware": false, "Async Capable": false, "Scan Direction": "Forward", "Index Name": "idx_comments_userid", "Relation Name": "comments", "Alias": "c", "Startup Cost": 0.29, "Total Cost": 8694.72, "Plan Rows": 134571, "Plan Width": 4, "Actual Rows": 132494, "Actual Loops": 1, "Filter": "((creationdate >= '2010-07-24 06:46:49'::timestamp without time zone) AND (score = 0))", "Rows Removed by Filter": 38966}, {"Node Type": "Index Scan", "Parent Relationship": "Inner", "Parallel Aware": false, "Async Capable": false, "Scan Direction": "Forward", "Index Name": "users_pkey", "Relation Name": "users", "Alias": "u", "Startup Cost": 0.29, "Total Cost": 1457.98, "Plan Rows": 40325, "Plan Width": 4, "Actual Rows": 40275, "Actual Loops": 1, "Filter": "(upvotes >= 0)", "Rows Removed by Filter": 0}]}]}]}]}, "Planning Time": 1.837, "Triggers": [], "Execution Time": 931.874}]