[{"Plan": {"Node Type": "Aggregate", "Strategy": "Plain", "Partial Mode": "Finalize", "Parallel Aware": false, "Async Capable": false, "Startup Cost": 5710.89, "Total Cost": 5710.9, "Plan Rows": 1, "Plan Width": 8, "Actual Rows": 1, "Actual Loops": 1, "Plans": [{"Node Type": "Gather", "Parent Relationship": "Outer", "Parallel Aware": false, "Async Capable": false, "Startup Cost": 5710.68, "Total Cost": 5710.89, "Plan Rows": 2, "Plan Width": 8, "Actual Rows": 3, "Actual Loops": 1, "Workers Planned": 2, "Workers Launched": 2, "Single Copy": false, "Plans": [{"Node Type": "Aggregate", "Strategy": "Plain", "Partial Mode": "Partial", "Parent Relationship": "Outer", "Parallel Aware": false, "Async Capable": false, "Startup Cost": 4710.68, "Total Cost": 4710.69, "Plan Rows": 1, "Plan Width": 8, "Actual Rows": 1, "Actual Loops": 3, "Workers": [], "Plans": [{"Node Type": "Merge Join", "Parent Relationship": "Outer", "Parallel Aware": false, "Async Capable": false, "Join Type": "Inner", "Startup Cost": 1.01, "Total Cost": 4439.48, "Plan Rows": 3421.0, "Plan Width": 0, "Actual Rows": 366766, "Actual Loops": 3, "Inner Unique": true, "Merge Cond": "(v.userid = u.id)", "Workers": [], "Plans": [{"Node Type": "Nested Loop", "Parent Relationship": "Outer", "Parallel Aware": false, "Async Capable": false, "Join Type": "Inner", "Startup Cost": 0.72, "Total Cost": 14345.24, "Plan Rows": 7747.0, "Plan Width": 8, "Actual Rows": 912362, "Actual Loops": 3, "Inner Unique": false, "Workers": [], "Plans": [{"Node Type": "Index Only Scan", "Parent Relationship": "Outer", "Parallel Aware": true, "Async Capable": false, "Scan Direction": "Forward", "Index Name": "idx_votes_userid", "Relation Name": "votes", "Alias": "v", "Startup Cost": 0.42, "Total Cost": 4261.57, "Plan Rows": 136693, "Plan Width": 4, "Actual Rows": 109355, "Actual Loops": 3, "Heap Fetches": 0, "Workers": []}, {"Node Type": "Memoize", "Parent Relationship": "Inner", "Parallel Aware": false, "Async Capable": false, "Startup Cost": 0.3, "Total Cost": 0.39, "Plan Rows": 4, "Plan Width": 4, "Actual Rows": 8, "Actual Loops": 328064, "Cache Key": "v.userid", "Cache Mode": "logical", "Cache Hits": 116475, "Cache Misses": 2450, "Cache Evictions": 0, "Cache Overflows": 0, "Peak Memory Usage": 984, "Workers": [{"Worker Number": 0, "Cache Hits": 102327, "Cache Misses": 1820, "Cache Evictions": 0, "Cache Overflows": 0, "Peak Memory Usage": 572}, {"Worker Number": 1, "Cache Hits": 103715, "Cache Misses": 1277, "Cache Evictions": 0, "Cache Overflows": 0, "Peak Memory Usage": 592}], "Plans": [{"Node Type": "Index Scan", "Parent Relationship": "Outer", "Parallel Aware": false, "Async Capable": false, "Scan Direction": "Forward", "Index Name": "idx_posts_owneruserid", "Relation Name": "posts", "Alias": "p", "Startup Cost": 0.29, "Total Cost": 0.38, "Plan Rows": 4, "Plan Width": 4, "Actual Rows": 9, "Actual Loops": 5547, "Index Cond": "(owneruserid = v.userid)", "Rows Removed by Index Recheck": 0, "Filter": "(commentcount >= 0)", "Rows Removed by Filter": 0, "Workers": []}]}]}, {"Node Type": "Index Scan", "Parent Relationship": "Inner", "Parallel Aware": false, "Async Capable": false, "Scan Direction": "Forward", "Index Name": "users_pkey", "Relation Name": "users", "Alias": "u", "Startup Cost": 0.29, "Total Cost": 1457.98, "Plan Rows": 38763, "Plan Width": 4, "Actual Rows": 35870, "Actual Loops": 3, "Filter": "(creationdate >= '2010-12-15 06:00:24'::timestamp without time zone)", "Rows Removed by Filter": 1560, "Workers": []}]}]}]}]}, "Planning Time": 0.999, "Triggers": [], "Execution Time": 140.962}, {"Plan": {"Node Type": "Aggregate", "Strategy": "Plain", "Partial Mode": "Simple", "Parallel Aware": false, "Async Capable": false, "Startup Cost": 9239.08, "Total Cost": 9239.09, "Plan Rows": 1, "Plan Width": 8, "Actual Rows": 1, "Actual Loops": 1, "Plans": [{"Node Type": "Merge Join", "Parent Relationship": "Outer", "Parallel Aware": false, "Async Capable": false, "Join Type": "Inner", "Startup Cost": 1.0, "Total Cost": 8588.22, "Plan Rows": 3421.0, "Plan Width": 0, "Actual Rows": 1100297, "Actual Loops": 1, "Inner Unique": false, "Merge Cond": "(p.owneruserid = v.userid)", "Plans": [{"Node Type": "Index Scan", "Parent Relationship": "Outer", "Parallel Aware": false, "Async Capable": false, "Scan Direction": "Forward", "Index Name": "idx_posts_owneruserid", "Relation Name": "posts", "Alias": "p", "Startup Cost": 0.29, "Total Cost": 4323.61, "Plan Rows": 91976, "Plan Width": 4, "Actual Rows": 90567, "Actual Loops": 1, "Filter": "(commentcount >= 0)", "Rows Removed by Filter": 0}, {"Node Type": "Materialize", "Parent Relationship": "Inner", "Parallel Aware": false, "Async Capable": false, "Startup Cost": 0.71, "Total Cost": 2711.93, "Plan Rows": 6880.0, "Plan Width": 8, "Actual Rows": 1105372, "Actual Loops": 1, "Plans": [{"Node Type": "Merge Join", "Parent Relationship": "Outer", "Parallel Aware": false, "Async Capable": false, "Join Type": "Inner", "Startup Cost": 0.71, "Total Cost": 2628.56, "Plan Rows": 6880.0, "Plan Width": 8, "Actual Rows": 27929, "Actual Loops": 1, "Inner Unique": true, "Merge Cond": "(v.userid = u.id)", "Plans": [{"Node Type": "Index Only Scan", "Parent Relationship": "Outer", "Parallel Aware": false, "Async Capable": false, "Scan Direction": "Forward", "Index Name": "idx_votes_userid", "Relation Name": "votes", "Alias": "v", "Startup Cost": 0.42, "Total Cost": 6175.27, "Plan Rows": 328064, "Plan Width": 4, "Actual Rows": 34790, "Actual Loops": 1, "Heap Fetches": 0}, {"Node Type": "Index Scan", "Parent Relationship": "Inner", "Parallel Aware": false, "Async Capable": false, "Scan Direction": "Forward", "Index Name": "users_pkey", "Relation Name": "users", "Alias": "u", "Startup Cost": 0.29, "Total Cost": 1457.98, "Plan Rows": 38763, "Plan Width": 4, "Actual Rows": 38724, "Actual Loops": 1, "Filter": "(creationdate >= '2010-12-15 06:00:24'::timestamp without time zone)", "Rows Removed by Filter": 1560}]}]}]}]}, "Planning Time": 1.344, "Triggers": [], "Execution Time": 124.817}, {"Plan": {"Node Type": "Aggregate", "Strategy": "Plain", "Partial Mode": "Finalize", "Parallel Aware": false, "Async Capable": false, "Startup Cost": 5861.21, "Total Cost": 5861.22, "Plan Rows": 1, "Plan Width": 8, "Actual Rows": 1, "Actual Loops": 1, "Plans": [{"Node Type": "Gather", "Parent Relationship": "Outer", "Parallel Aware": false, "Async Capable": false, "Startup Cost": 5861.0, "Total Cost": 5861.21, "Plan Rows": 2, "Plan Width": 8, "Actual Rows": 3, "Actual Loops": 1, "Workers Planned": 2, "Workers Launched": 2, "Single Copy": false, "Plans": [{"Node Type": "Aggregate", "Strategy": "Plain", "Partial Mode": "Partial", "Parent Relationship": "Outer", "Parallel Aware": false, "Async Capable": false, "Startup Cost": 4861.0, "Total Cost": 4861.01, "Plan Rows": 1, "Plan Width": 8, "Actual Rows": 1, "Actual Loops": 3, "Workers": [], "Plans": [{"Node Type": "Nested Loop", "Parent Relationship": "Outer", "Parallel Aware": false, "Async Capable": false, "Join Type": "Inner", "Startup Cost": 1.01, "Total Cost": 4589.8, "Plan Rows": 3421.0, "Plan Width": 0, "Actual Rows": 366766, "Actual Loops": 3, "Inner Unique": false, "Workers": [], "Plans": [{"Node Type": "Merge Join", "Parent Relationship": "Outer", "Parallel Aware": false, "Async Capable": false, "Join Type": "Inner", "Startup Cost": 0.71, "Total Cost": 2181.05, "Plan Rows": 6880.0, "Plan Width": 8, "Actual Rows": 9310, "Actual Loops": 3, "Inner Unique": true, "Merge Cond": "(v.userid = u.id)", "Workers": [], "Plans": [{"Node Type": "Index Only Scan", "Parent Relationship": "Outer", "Parallel Aware": true, "Async Capable": false, "Scan Direction": "Forward", "Index Name": "idx_votes_userid", "Relation Name": "votes", "Alias": "v", "Startup Cost": 0.42, "Total Cost": 4261.57, "Plan Rows": 136693, "Plan Width": 4, "Actual Rows": 11597, "Actual Loops": 3, "Heap Fetches": 0, "Workers": []}, {"Node Type": "Index Scan", "Parent Relationship": "Inner", "Parallel Aware": false, "Async Capable": false, "Scan Direction": "Forward", "Index Name": "users_pkey", "Relation Name": "users", "Alias": "u", "Startup Cost": 0.29, "Total Cost": 1457.98, "Plan Rows": 38763, "Plan Width": 4, "Actual Rows": 35889, "Actual Loops": 3, "Filter": "(creationdate >= '2010-12-15 06:00:24'::timestamp without time zone)", "Rows Removed by Filter": 1560, "Workers": []}]}, {"Node Type": "Memoize", "Parent Relationship": "Inner", "Parallel Aware": false, "Async Capable": false, "Startup Cost": 0.3, "Total Cost": 0.39, "Plan Rows": 4, "Plan Width": 4, "Actual Rows": 39, "Actual Loops": 27929, "Cache Key": "v.userid", "Cache Mode": "logical", "Cache Hits": 9657, "Cache Misses": 1979, "Cache Evictions": 0, "Cache Overflows": 0, "Peak Memory Usage": 630, "Workers": [{"Worker Number": 0, "Cache Hits": 6785, "Cache Misses": 1342, "Cache Evictions": 0, "Cache Overflows": 0, "Peak Memory Usage": 444}, {"Worker Number": 1, "Cache Hits": 6468, "Cache Misses": 1698, "Cache Evictions": 0, "Cache Overflows": 0, "Peak Memory Usage": 490}], "Plans": [{"Node Type": "Index Scan", "Parent Relationship": "Outer", "Parallel Aware": false, "Async Capable": false, "Scan Direction": "Forward", "Index Name": "idx_posts_owneruserid", "Relation Name": "posts", "Alias": "p", "Startup Cost": 0.29, "Total Cost": 0.38, "Plan Rows": 4, "Plan Width": 4, "Actual Rows": 7, "Actual Loops": 5019, "Index Cond": "(owneruserid = v.userid)", "Rows Removed by Index Recheck": 0, "Filter": "(commentcount >= 0)", "Rows Removed by Filter": 0, "Workers": []}]}]}]}]}]}, "Planning Time": 1.703, "Triggers": [], "Execution Time": 60.255}, {"Plan": {"Node Type": "Aggregate", "Strategy": "Plain", "Partial Mode": "Simple", "Parallel Aware": false, "Async Capable": false, "Startup Cost": 9268.15, "Total Cost": 9268.16, "Plan Rows": 1, "Plan Width": 8, "Actual Rows": 1, "Actual Loops": 1, "Plans": [{"Node Type": "Merge Join", "Parent Relationship": "Outer", "Parallel Aware": false, "Async Capable": false, "Join Type": "Inner", "Startup Cost": 1.0, "Total Cost": 8617.29, "Plan Rows": 3421.0, "Plan Width": 0, "Actual Rows": 1100297, "Actual Loops": 1, "Inner Unique": false, "Merge Cond": "(u.id = v.userid)", "Plans": [{"Node Type": "Merge Join", "Parent Relationship": "Outer", "Parallel Aware": false, "Async Capable": false, "Join Type": "Inner", "Startup Cost": 0.58, "Total Cost": 6910.27, "Plan Rows": 113.0, "Plan Width": 8, "Actual Rows": 72135, "Actual Loops": 1, "Inner Unique": true, "Merge Cond": "(p.owneruserid = u.id)", "Plans": [{"Node Type": "Index Scan", "Parent Relationship": "Outer", "Parallel Aware": false, "Async Capable": false, "Scan Direction": "Forward", "Index Name": "idx_posts_owneruserid", "Relation Name": "posts", "Alias": "p", "Startup Cost": 0.29, "Total Cost": 4323.61, "Plan Rows": 91976, "Plan Width": 4, "Actual Rows": 90567, "Actual Loops": 1, "Filter": "(commentcount >= 0)", "Rows Removed by Filter": 0}, {"Node Type": "Index Scan", "Parent Relationship": "Inner", "Parallel Aware": false, "Async Capable": false, "Scan Direction": "Forward", "Index Name": "users_pkey", "Relation Name": "users", "Alias": "u", "Startup Cost": 0.29, "Total Cost": 1457.98, "Plan Rows": 38763, "Plan Width": 4, "Actual Rows": 38727, "Actual Loops": 1, "Filter": "(creationdate >= '2010-12-15 06:00:24'::timestamp without time zone)", "Rows Removed by Filter": 1560}]}, {"Node Type": "Index Only Scan", "Parent Relationship": "Inner", "Parallel Aware": false, "Async Capable": false, "Scan Direction": "Forward", "Index Name": "idx_votes_userid", "Relation Name": "votes", "Alias": "v", "Startup Cost": 0.42, "Total Cost": 6175.27, "Plan Rows": 328064, "Plan Width": 4, "Actual Rows": 1112233, "Actual Loops": 1, "Heap Fetches": 0}]}]}, "Planning Time": 1.328, "Triggers": [], "Execution Time": 135.704}, {"Plan": {"Node Type": "Aggregate", "Strategy": "Plain", "Partial Mode": "Simple", "Parallel Aware": false, "Async Capable": false, "Startup Cost": 9148.33, "Total Cost": 9148.34, "Plan Rows": 1, "Plan Width": 8, "Actual Rows": 1, "Actual Loops": 1, "Plans": [{"Node Type": "Merge Join", "Parent Relationship": "Outer", "Parallel Aware": false, "Async Capable": false, "Join Type": "Inner", "Startup Cost": 1.01, "Total Cost": 8497.47, "Plan Rows": 3421.0, "Plan Width": 0, "Actual Rows": 1100297, "Actual Loops": 1, "Inner Unique": false, "Merge Cond": "(u.id = v.userid)", "Plans": [{"Node Type": "Index Scan", "Parent Relationship": "Outer", "Parallel Aware": false, "Async Capable": false, "Scan Direction": "Forward", "Index Name": "users_pkey", "Relation Name": "users", "Alias": "u", "Startup Cost": 0.29, "Total Cost": 1457.98, "Plan Rows": 38763, "Plan Width": 4, "Actual Rows": 38668, "Actual Loops": 1, "Filter": "(creationdate >= '2010-12-15 06:00:24'::timestamp without time zone)", "Rows Removed by Filter": 1560}, {"Node Type": "Materialize", "Parent Relationship": "Inner", "Parallel Aware": false, "Async Capable": false, "Startup Cost": 0.72, "Total Cost": 34622.14, "Plan Rows": 7747.0, "Plan Width": 8, "Actual Rows": 2737086, "Actual Loops": 1, "Plans": [{"Node Type": "Nested Loop", "Parent Relationship": "Outer", "Parallel Aware": false, "Async Capable": false, "Join Type": "Inner", "Startup Cost": 0.72, "Total Cost": 28219.64, "Plan Rows": 7747.0, "Plan Width": 8, "Actual Rows": 2737086, "Actual Loops": 1, "Inner Unique": false, "Plans": [{"Node Type": "Index Only Scan", "Parent Relationship": "Outer", "Parallel Aware": false, "Async Capable": false, "Scan Direction": "Forward", "Index Name": "idx_votes_userid", "Relation Name": "votes", "Alias": "v", "Startup Cost": 0.42, "Total Cost": 6175.27, "Plan Rows": 328064, "Plan Width": 4, "Actual Rows": 328064, "Actual Loops": 1, "Heap Fetches": 0}, {"Node Type": "Memoize", "Parent Relationship": "Inner", "Parallel Aware": false, "Async Capable": false, "Startup Cost": 0.3, "Total Cost": 0.39, "Plan Rows": 4, "Plan Width": 4, "Actual Rows": 8, "Actual Loops": 328064, "Cache Key": "v.userid", "Cache Mode": "logical", "Cache Hits": 322520, "Cache Misses": 5544, "Cache Evictions": 0, "Cache Overflows": 0, "Peak Memory Usage": 2146, "Plans": [{"Node Type": "Index Scan", "Parent Relationship": "Outer", "Parallel Aware": false, "Async Capable": false, "Scan Direction": "Forward", "Index Name": "idx_posts_owneruserid", "Relation Name": "posts", "Alias": "p", "Startup Cost": 0.29, "Total Cost": 0.38, "Plan Rows": 4, "Plan Width": 4, "Actual Rows": 9, "Actual Loops": 5544, "Index Cond": "(owneruserid = v.userid)", "Rows Removed by Index Recheck": 0, "Filter": "(commentcount >= 0)", "Rows Removed by Filter": 0}]}]}]}]}]}, "Planning Time": 1.529, "Triggers": [], "Execution Time": 694.19}, {"Plan": {"Node Type": "Aggregate", "Strategy": "Plain", "Partial Mode": "Finalize", "Parallel Aware": false, "Async Capable": false, "Startup Cost": 5710.89, "Total Cost": 5710.9, "Plan Rows": 1, "Plan Width": 8, "Actual Rows": 1, "Actual Loops": 1, "Plans": [{"Node Type": "Gather", "Parent Relationship": "Outer", "Parallel Aware": false, "Async Capable": false, "Startup Cost": 5710.68, "Total Cost": 5710.89, "Plan Rows": 2, "Plan Width": 8, "Actual Rows": 3, "Actual Loops": 1, "Workers Planned": 2, "Workers Launched": 2, "Single Copy": false, "Plans": [{"Node Type": "Aggregate", "Strategy": "Plain", "Partial Mode": "Partial", "Parent Relationship": "Outer", "Parallel Aware": false, "Async Capable": false, "Startup Cost": 4710.68, "Total Cost": 4710.69, "Plan Rows": 1, "Plan Width": 8, "Actual Rows": 1, "Actual Loops": 3, "Workers": [], "Plans": [{"Node Type": "Merge Join", "Parent Relationship": "Outer", "Parallel Aware": false, "Async Capable": false, "Join Type": "Inner", "Startup Cost": 1.01, "Total Cost": 4439.48, "Plan Rows": 3421.0, "Plan Width": 0, "Actual Rows": 366766, "Actual Loops": 3, "Inner Unique": true, "Merge Cond": "(v.userid = u.id)", "Workers": [], "Plans": [{"Node Type": "Nested Loop", "Parent Relationship": "Outer", "Parallel Aware": false, "Async Capable": false, "Join Type": "Inner", "Startup Cost": 0.72, "Total Cost": 14345.24, "Plan Rows": 7747.0, "Plan Width": 8, "Actual Rows": 912362, "Actual Loops": 3, "Inner Unique": false, "Workers": [], "Plans": [{"Node Type": "Index Only Scan", "Parent Relationship": "Outer", "Parallel Aware": true, "Async Capable": false, "Scan Direction": "Forward", "Index Name": "idx_votes_userid", "Relation Name": "votes", "Alias": "v", "Startup Cost": 0.42, "Total Cost": 4261.57, "Plan Rows": 136693, "Plan Width": 4, "Actual Rows": 109355, "Actual Loops": 3, "Heap Fetches": 0, "Workers": []}, {"Node Type": "Memoize", "Parent Relationship": "Inner", "Parallel Aware": false, "Async Capable": false, "Startup Cost": 0.3, "Total Cost": 0.39, "Plan Rows": 4, "Plan Width": 4, "Actual Rows": 8, "Actual Loops": 328064, "Cache Key": "v.userid", "Cache Mode": "logical", "Cache Hits": 116928, "Cache Misses": 1755, "Cache Evictions": 0, "Cache Overflows": 0, "Peak Memory Usage": 798, "Workers": [{"Worker Number": 0, "Cache Hits": 102758, "Cache Misses": 1532, "Cache Evictions": 0, "Cache Overflows": 0, "Peak Memory Usage": 513}, {"Worker Number": 1, "Cache Hits": 102831, "Cache Misses": 2260, "Cache Evictions": 0, "Cache Overflows": 0, "Peak Memory Usage": 837}], "Plans": [{"Node Type": "Index Scan", "Parent Relationship": "Outer", "Parallel Aware": false, "Async Capable": false, "Scan Direction": "Forward", "Index Name": "idx_posts_owneruserid", "Relation Name": "posts", "Alias": "p", "Startup Cost": 0.29, "Total Cost": 0.38, "Plan Rows": 4, "Plan Width": 4, "Actual Rows": 9, "Actual Loops": 5547, "Index Cond": "(owneruserid = v.userid)", "Rows Removed by Index Recheck": 0, "Filter": "(commentcount >= 0)", "Rows Removed by Filter": 0, "Workers": []}]}]}, {"Node Type": "Index Scan", "Parent Relationship": "Inner", "Parallel Aware": false, "Async Capable": false, "Scan Direction": "Forward", "Index Name": "users_pkey", "Relation Name": "users", "Alias": "u", "Startup Cost": 0.29, "Total Cost": 1457.98, "Plan Rows": 38763, "Plan Width": 4, "Actual Rows": 35870, "Actual Loops": 3, "Filter": "(creationdate >= '2010-12-15 06:00:24'::timestamp without time zone)", "Rows Removed by Filter": 1560, "Workers": []}]}]}]}]}, "Planning Time": 1.582, "Triggers": [], "Execution Time": 142.466}, {"Plan": {"Node Type": "Aggregate", "Strategy": "Plain", "Partial Mode": "Simple", "Parallel Aware": false, "Async Capable": false, "Startup Cost": 9485.84, "Total Cost": 9485.85, "Plan Rows": 1, "Plan Width": 8, "Actual Rows": 1, "Actual Loops": 1, "Plans": [{"Node Type": "Merge Join", "Parent Relationship": "Outer", "Parallel Aware": false, "Async Capable": false, "Join Type": "Inner", "Startup Cost": 1.0, "Total Cost": 8834.98, "Plan Rows": 3421.0, "Plan Width": 0, "Actual Rows": 1100297, "Actual Loops": 1, "Inner Unique": false, "Merge Cond": "(v.userid = u.id)", "Plans": [{"Node Type": "Index Only Scan", "Parent Relationship": "Outer", "Parallel Aware": false, "Async Capable": false, "Scan Direction": "Forward", "Index Name": "idx_votes_userid", "Relation Name": "votes", "Alias": "v", "Startup Cost": 0.42, "Total Cost": 6175.27, "Plan Rows": 328064, "Plan Width": 4, "Actual Rows": 34790, "Actual Loops": 1, "Heap Fetches": 0}, {"Node Type": "Materialize", "Parent Relationship": "Inner", "Parallel Aware": false, "Async Capable": false, "Startup Cost": 0.58, "Total Cost": 7127.96, "Plan Rows": 113.0, "Plan Width": 8, "Actual Rows": 1137469, "Actual Loops": 1, "Plans": [{"Node Type": "Merge Join", "Parent Relationship": "Outer", "Parallel Aware": false, "Async Capable": false, "Join Type": "Inner", "Startup Cost": 0.58, "Total Cost": 6910.27, "Plan Rows": 113.0, "Plan Width": 8, "Actual Rows": 72135, "Actual Loops": 1, "Inner Unique": true, "Merge Cond": "(p.owneruserid = u.id)", "Plans": [{"Node Type": "Index Scan", "Parent Relationship": "Outer", "Parallel Aware": false, "Async Capable": false, "Scan Direction": "Forward", "Index Name": "idx_posts_owneruserid", "Relation Name": "posts", "Alias": "p", "Startup Cost": 0.29, "Total Cost": 4323.61, "Plan Rows": 91976, "Plan Width": 4, "Actual Rows": 90567, "Actual Loops": 1, "Filter": "(commentcount >= 0)", "Rows Removed by Filter": 0}, {"Node Type": "Index Scan", "Parent Relationship": "Inner", "Parallel Aware": false, "Async Capable": false, "Scan Direction": "Forward", "Index Name": "users_pkey", "Relation Name": "users", "Alias": "u", "Startup Cost": 0.29, "Total Cost": 1457.98, "Plan Rows": 38763, "Plan Width": 4, "Actual Rows": 38727, "Actual Loops": 1, "Filter": "(creationdate >= '2010-12-15 06:00:24'::timestamp without time zone)", "Rows Removed by Filter": 1560}]}]}]}]}, "Planning Time": 1.401, "Triggers": [], "Execution Time": 139.877}]