[{"Plan": {"Node Type": "Aggregate", "Strategy": "Plain", "Partial Mode": "Simple", "Parallel Aware": false, "Async Capable": false, "Startup Cost": 10427.18, "Total Cost": 10427.19, "Plan Rows": 1, "Plan Width": 8, "Actual Rows": 1, "Actual Loops": 1, "Plans": [{"Node Type": "Nested Loop", "Parent Relationship": "Outer", "Parallel Aware": false, "Async Capable": false, "Join Type": "Inner", "Startup Cost": 3047.53, "Total Cost": 10364.09, "Plan Rows": 837294.0, "Plan Width": 0, "Actual Rows": 454094, "Actual Loops": 1, "Inner Unique": false, "Join Filter": "(p.id = v.postid)", "Rows Removed by Join Filter": 0, "Plans": [{"Node Type": "Nested Loop", "Parent Relationship": "Outer", "Parallel Aware": false, "Async Capable": false, "Join Type": "Inner", "Startup Cost": 3047.1, "Total Cost": 5966.76, "Plan Rows": 174807.0, "Plan Width": 16, "Actual Rows": 69251, "Actual Loops": 1, "Inner Unique": false, "Join Filter": "(p.id = ph.postid)", "Rows Removed by Join Filter": 0, "Plans": [{"Node Type": "Nested Loop", "Parent Relationship": "Outer", "Parallel Aware": false, "Async Capable": false, "Join Type": "Inner", "Startup Cost": 3046.68, "Total Cost": 4614.23, "Plan Rows": 44956.0, "Plan Width": 12, "Actual Rows": 10594, "Actual Loops": 1, "Inner Unique": false, "Plans": [{"Node Type": "Hash Join", "Parent Relationship": "Outer", "Parallel Aware": false, "Async Capable": false, "Join Type": "Inner", "Startup Cost": 3046.26, "Total Cost": 3320.48, "Plan Rows": 22488.0, "Plan Width": 8, "Actual Rows": 3167, "Actual Loops": 1, "Inner Unique": true, "Hash Cond": "(pl.postid = p.id)", "Plans": [{"Node Type": "Seq Scan", "Parent Relationship": "Outer", "Parallel Aware": false, "Async Capable": false, "Relation Name": "postlinks", "Alias": "pl", "Startup Cost": 0.0, "Total Cost": 248.53, "Plan Rows": 9788, "Plan Width": 4, "Actual Rows": 9803, "Actual Loops": 1, "Filter": "((creationdate <= '2014-08-11 17:26:31'::timestamp without time zone) AND (linktypeid = 1))", "Rows Removed by Filter": 1299}, {"Node Type": "Hash", "Parent Relationship": "Inner", "Parallel Aware": false, "Async Capable": false, "Startup Cost": 2909.46, "Total Cost": 2909.46, "Plan Rows": 10944, "Plan Width": 4, "Actual Rows": 11092, "Actual Loops": 1, "Hash Buckets": 16384, "Original Hash Buckets": 16384, "Hash Batches": 1, "Original Hash Batches": 1, "Peak Memory Usage": 518, "Plans": [{"Node Type": "Seq Scan", "Parent Relationship": "Outer", "Parallel Aware": false, "Async Capable": false, "Relation Name": "posts", "Alias": "p", "Startup Cost": 0.0, "Total Cost": 2909.46, "Plan Rows": 10944, "Plan Width": 4, "Actual Rows": 11092, "Actual Loops": 1, "Filter": "((score <= 44) AND (favoritecount >= 0) AND (favoritecount <= 3) AND (creationdate >= '2010-08-11 13:53:56'::timestamp without time zone) AND (creationdate <= '2014-09-03 11:52:36'::timestamp without time zone))", "Rows Removed by Filter": 80884}]}]}, {"Node Type": "Index Scan", "Parent Relationship": "Inner", "Parallel Aware": false, "Async Capable": false, "Scan Direction": "Forward", "Index Name": "idx_comments_postid", "Relation Name": "comments", "Alias": "c", "Startup Cost": 0.42, "Total Cost": 1.08, "Plan Rows": 3, "Plan Width": 4, "Actual Rows": 3, "Actual Loops": 3167, "Index Cond": "(postid = p.id)", "Rows Removed by Index Recheck": 0, "Filter": "(creationdate >= '2010-08-01 12:12:41'::timestamp without time zone)", "Rows Removed by Filter": 0}]}, {"Node Type": "Index Scan", "Parent Relationship": "Inner", "Parallel Aware": false, "Async Capable": false, "Scan Direction": "Forward", "Index Name": "idx_posthistory_postid", "Relation Name": "posthistory", "Alias": "ph", "Startup Cost": 0.42, "Total Cost": 0.57, "Plan Rows": 4, "Plan Width": 4, "Actual Rows": 7, "Actual Loops": 10594, "Index Cond": "(postid = c.postid)", "Rows Removed by Index Recheck": 0, "Filter": "(creationdate >= '2010-09-20 19:11:45'::timestamp without time zone)", "Rows Removed by Filter": 0}]}, {"Node Type": "Index Scan", "Parent Relationship": "Inner", "Parallel Aware": false, "Async Capable": false, "Scan Direction": "Forward", "Index Name": "idx_votes_postid", "Relation Name": "votes", "Alias": "v", "Startup Cost": 0.42, "Total Cost": 0.56, "Plan Rows": 5, "Plan Width": 4, "Actual Rows": 7, "Actual Loops": 69251, "Index Cond": "(postid = ph.postid)", "Rows Removed by Index Recheck": 0, "Filter": "(creationdate <= '2014-09-11 00:00:00'::timestamp without time zone)", "Rows Removed by Filter": 0}]}]}, "Planning Time": 6.97, "Triggers": [], "Execution Time": 301.624}, {"Plan": {"Node Type": "Aggregate", "Strategy": "Plain", "Partial Mode": "Simple", "Parallel Aware": false, "Async Capable": false, "Startup Cost": 34894.29, "Total Cost": 34894.3, "Plan Rows": 1, "Plan Width": 8, "Actual Rows": 1, "Actual Loops": 1, "Plans": [{"Node Type": "Merge Join", "Parent Relationship": "Outer", "Parallel Aware": false, "Async Capable": false, "Join Type": "Inner", "Startup Cost": 5366.49, "Total Cost": 34831.2, "Plan Rows": 837294.0, "Plan Width": 0, "Actual Rows": 454094, "Actual Loops": 1, "Inner Unique": false, "Merge Cond": "(p.id = c.postid)", "Plans": [{"Node Type": "Sort", "Parent Relationship": "Outer", "Parallel Aware": false, "Async Capable": false, "Startup Cost": 5365.64, "Total Cost": 5376.02, "Plan Rows": 96420.0, "Plan Width": 12, "Actual Rows": 18097, "Actual Loops": 1, "Sort Key": ["p.id"], "Sort Method": "quicksort", "Sort Space Used": 1475, "Sort Space Type": "Memory", "Plans": [{"Node Type": "Nested Loop", "Parent Relationship": "Outer", "Parallel Aware": false, "Async Capable": false, "Join Type": "Inner", "Startup Cost": 3046.68, "Total Cost": 5116.25, "Plan Rows": 96420.0, "Plan Width": 12, "Actual Rows": 18097, "Actual Loops": 1, "Inner Unique": false, "Plans": [{"Node Type": "Hash Join", "Parent Relationship": "Outer", "Parallel Aware": false, "Async Capable": false, "Join Type": "Inner", "Startup Cost": 3046.26, "Total Cost": 3320.48, "Plan Rows": 22488.0, "Plan Width": 8, "Actual Rows": 3167, "Actual Loops": 1, "Inner Unique": true, "Hash Cond": "(pl.postid = p.id)", "Plans": [{"Node Type": "Seq Scan", "Parent Relationship": "Outer", "Parallel Aware": false, "Async Capable": false, "Relation Name": "postlinks", "Alias": "pl", "Startup Cost": 0.0, "Total Cost": 248.53, "Plan Rows": 9788, "Plan Width": 4, "Actual Rows": 9803, "Actual Loops": 1, "Filter": "((creationdate <= '2014-08-11 17:26:31'::timestamp without time zone) AND (linktypeid = 1))", "Rows Removed by Filter": 1299}, {"Node Type": "Hash", "Parent Relationship": "Inner", "Parallel Aware": false, "Async Capable": false, "Startup Cost": 2909.46, "Total Cost": 2909.46, "Plan Rows": 10944, "Plan Width": 4, "Actual Rows": 11092, "Actual Loops": 1, "Hash Buckets": 16384, "Original Hash Buckets": 16384, "Hash Batches": 1, "Original Hash Batches": 1, "Peak Memory Usage": 518, "Plans": [{"Node Type": "Seq Scan", "Parent Relationship": "Outer", "Parallel Aware": false, "Async Capable": false, "Relation Name": "posts", "Alias": "p", "Startup Cost": 0.0, "Total Cost": 2909.46, "Plan Rows": 10944, "Plan Width": 4, "Actual Rows": 11092, "Actual Loops": 1, "Filter": "((score <= 44) AND (favoritecount >= 0) AND (favoritecount <= 3) AND (creationdate >= '2010-08-11 13:53:56'::timestamp without time zone) AND (creationdate <= '2014-09-03 11:52:36'::timestamp without time zone))", "Rows Removed by Filter": 80884}]}]}, {"Node Type": "Index Scan", "Parent Relationship": "Inner", "Parallel Aware": false, "Async Capable": false, "Scan Direction": "Forward", "Index Name": "idx_votes_postid", "Relation Name": "votes", "Alias": "v", "Startup Cost": 0.42, "Total Cost": 1.49, "Plan Rows": 5, "Plan Width": 4, "Actual Rows": 6, "Actual Loops": 3167, "Index Cond": "(postid = p.id)", "Rows Removed by Index Recheck": 0, "Filter": "(creationdate <= '2014-09-11 00:00:00'::timestamp without time zone)", "Rows Removed by Filter": 0}]}]}, {"Node Type": "Materialize", "Parent Relationship": "Inner", "Parallel Aware": false, "Async Capable": false, "Startup Cost": 0.84, "Total Cost": 27522.24, "Plan Rows": 1018006.0, "Plan Width": 8, "Actual Rows": 1074964, "Actual Loops": 1, "Plans": [{"Node Type": "Merge Join", "Parent Relationship": "Outer", "Parallel Aware": false, "Async Capable": false, "Join Type": "Inner", "Startup Cost": 0.84, "Total Cost": 25893.6, "Plan Rows": 1018006.0, "Plan Width": 8, "Actual Rows": 666768, "Actual Loops": 1, "Inner Unique": false, "Merge Cond": "(c.postid = ph.postid)", "Plans": [{"Node Type": "Index Scan", "Parent Relationship": "Outer", "Parallel Aware": false, "Async Capable": false, "Scan Direction": "Forward", "Index Name": "idx_comments_postid", "Relation Name": "comments", "Alias": "c", "Startup Cost": 0.42, "Total Cost": 5857.0, "Plan Rows": 173417, "Plan Width": 4, "Actual Rows": 167303, "Actual Loops": 1, "Filter": "(creationdate >= '2010-08-01 12:12:41'::timestamp without time zone)", "Rows Removed by Filter": 887}, {"Node Type": "Materialize", "Parent Relationship": "Inner", "Parallel Aware": false, "Async Capable": false, "Startup Cost": 0.42, "Total Cost": 10573.2, "Plan Rows": 296689, "Plan Width": 4, "Actual Rows": 769467, "Actual Loops": 1, "Plans": [{"Node Type": "Index Scan", "Parent Relationship": "Outer", "Parallel Aware": false, "Async Capable": false, "Scan Direction": "Forward", "Index Name": "idx_posthistory_postid", "Relation Name": "posthistory", "Alias": "ph", "Startup Cost": 0.42, "Total Cost": 9831.47, "Plan Rows": 296689, "Plan Width": 4, "Actual Rows": 285157, "Actual Loops": 1, "Filter": "(creationdate >= '2010-09-20 19:11:45'::timestamp without time zone)", "Rows Removed by Filter": 6372}]}]}]}]}]}, "Planning Time": 6.362, "Triggers": [], "Execution Time": 672.749}, {"Plan": {"Node Type": "Aggregate", "Strategy": "Plain", "Partial Mode": "Finalize", "Parallel Aware": false, "Async Capable": false, "Startup Cost": 23796.67, "Total Cost": 23796.68, "Plan Rows": 1, "Plan Width": 8, "Actual Rows": 1, "Actual Loops": 1, "Plans": [{"Node Type": "Gather", "Parent Relationship": "Outer", "Parallel Aware": false, "Async Capable": false, "Startup Cost": 23796.56, "Total Cost": 23796.67, "Plan Rows": 1, "Plan Width": 8, "Actual Rows": 2, "Actual Loops": 1, "Workers Planned": 1, "Workers Launched": 1, "Single Copy": false, "Plans": [{"Node Type": "Aggregate", "Strategy": "Plain", "Partial Mode": "Partial", "Parent Relationship": "Outer", "Parallel Aware": false, "Async Capable": false, "Startup Cost": 22796.56, "Total Cost": 22796.57, "Plan Rows": 1, "Plan Width": 8, "Actual Rows": 1, "Actual Loops": 2, "Workers": [], "Plans": [{"Node Type": "Hash Join", "Parent Relationship": "Outer", "Parallel Aware": false, "Async Capable": false, "Join Type": "Inner", "Startup Cost": 15505.03, "Total Cost": 22759.45, "Plan Rows": 837294.0, "Plan Width": 0, "Actual Rows": 227047, "Actual Loops": 2, "Inner Unique": false, "Hash Cond": "(p.id = c.postid)", "Workers": [], "Plans": [{"Node Type": "Hash Join", "Parent Relationship": "Outer", "Parallel Aware": true, "Async Capable": false, "Join Type": "Inner", "Startup Cost": 8233.3, "Total Cost": 14204.23, "Plan Rows": 591930.0, "Plan Width": 12, "Actual Rows": 167018, "Actual Loops": 2, "Inner Unique": false, "Hash Cond": "(v.postid = p.id)", "Workers": [], "Plans": [{"Node Type": "Seq Scan", "Parent Relationship": "Outer", "Parallel Aware": true, "Async Capable": false, "Relation Name": "votes", "Alias": "v", "Startup Cost": 0.0, "Total Cost": 4572.24, "Plan Rows": 192717, "Plan Width": 4, "Actual Rows": 163784, "Actual Loops": 2, "Filter": "(creationdate <= '2014-09-11 00:00:00'::timestamp without time zone)", "Rows Removed by Filter": 248, "Workers": []}, {"Node Type": "Hash", "Parent Relationship": "Inner", "Parallel Aware": true, "Async Capable": false, "Startup Cost": 7973.72, "Total Cost": 7973.72, "Plan Rows": 165583.0, "Plan Width": 8, "Actual Rows": 30642, "Actual Loops": 2, "Hash Buckets": 65536, "Original Hash Buckets": 65536, "Hash Batches": 1, "Original Hash Batches": 1, "Peak Memory Usage": 2944, "Workers": [], "Plans": [{"Node Type": "Hash Join", "Parent Relationship": "Outer", "Parallel Aware": false, "Async Capable": false, "Join Type": "Inner", "Startup Cost": 3046.26, "Total Cost": 7973.72, "Plan Rows": 165583.0, "Plan Width": 8, "Actual Rows": 30642, "Actual Loops": 2, "Inner Unique": true, "Hash Cond": "(ph.postid = p.id)", "Workers": [], "Plans": [{"Node Type": "Seq Scan", "Parent Relationship": "Outer", "Parallel Aware": true, "Async Capable": false, "Relation Name": "posthistory", "Alias": "ph", "Startup Cost": 0.0, "Total Cost": 4469.32, "Plan Rows": 174523, "Plan Width": 4, "Actual Rows": 148408, "Actual Loops": 2, "Filter": "(creationdate >= '2010-09-20 19:11:45'::timestamp without time zone)", "Rows Removed by Filter": 3186, "Workers": []}, {"Node Type": "Hash", "Parent Relationship": "Inner", "Parallel Aware": false, "Async Capable": false, "Startup Cost": 2909.46, "Total Cost": 2909.46, "Plan Rows": 10944, "Plan Width": 4, "Actual Rows": 11092, "Actual Loops": 2, "Hash Buckets": 16384, "Original Hash Buckets": 16384, "Hash Batches": 1, "Original Hash Batches": 1, "Peak Memory Usage": 518, "Workers": [], "Plans": [{"Node Type": "Seq Scan", "Parent Relationship": "Outer", "Parallel Aware": false, "Async Capable": false, "Relation Name": "posts", "Alias": "p", "Startup Cost": 0.0, "Total Cost": 2909.46, "Plan Rows": 10944, "Plan Width": 4, "Actual Rows": 11092, "Actual Loops": 2, "Filter": "((score <= 44) AND (favoritecount >= 0) AND (favoritecount <= 3) AND (creationdate >= '2010-08-11 13:53:56'::timestamp without time zone) AND (creationdate <= '2014-09-03 11:52:36'::timestamp without time zone))", "Rows Removed by Filter": 80884, "Workers": []}]}]}]}]}, {"Node Type": "Hash", "Parent Relationship": "Inner", "Parallel Aware": false, "Async Capable": false, "Startup Cost": 6857.62, "Total Cost": 6857.62, "Plan Rows": 127752.0, "Plan Width": 8, "Actual Rows": 31580, "Actual Loops": 2, "Hash Buckets": 65536, "Original Hash Buckets": 65536, "Hash Batches": 1, "Original Hash Batches": 1, "Peak Memory Usage": 1746, "Workers": [], "Plans": [{"Node Type": "Hash Join", "Parent Relationship": "Outer", "Parallel Aware": false, "Async Capable": false, "Join Type": "Inner", "Startup Cost": 5690.52, "Total Cost": 6857.62, "Plan Rows": 127752.0, "Plan Width": 8, "Actual Rows": 31580, "Actual Loops": 2, "Inner Unique": false, "Hash Cond": "(pl.postid = c.postid)", "Workers": [], "Plans": [{"Node Type": "Seq Scan", "Parent Relationship": "Outer", "Parallel Aware": false, "Async Capable": false, "Relation Name": "postlinks", "Alias": "pl", "Startup Cost": 0.0, "Total Cost": 248.53, "Plan Rows": 9788, "Plan Width": 4, "Actual Rows": 9803, "Actual Loops": 2, "Filter": "((creationdate <= '2014-08-11 17:26:31'::timestamp without time zone) AND (linktypeid = 1))", "Rows Removed by Filter": 1299, "Workers": []}, {"Node Type": "Hash", "Parent Relationship": "Inner", "Parallel Aware": false, "Async Capable": false, "Startup Cost": 3522.81, "Total Cost": 3522.81, "Plan Rows": 173417, "Plan Width": 4, "Actual Rows": 173418, "Actual Loops": 2, "Hash Buckets": 262144, "Original Hash Buckets": 262144, "Hash Batches": 1, "Original Hash Batches": 1, "Peak Memory Usage": 8145, "Workers": [], "Plans": [{"Node Type": "Seq Scan", "Parent Relationship": "Outer", "Parallel Aware": false, "Async Capable": false, "Relation Name": "comments", "Alias": "c", "Startup Cost": 0.0, "Total Cost": 3522.81, "Plan Rows": 173417, "Plan Width": 4, "Actual Rows": 173418, "Actual Loops": 2, "Filter": "(creationdate >= '2010-08-01 12:12:41'::timestamp without time zone)", "Rows Removed by Filter": 887, "Workers": []}]}]}]}]}]}]}]}, "Planning Time": 12.68, "Triggers": [], "Execution Time": 353.424}, {"Plan": {"Node Type": "Aggregate", "Strategy": "Plain", "Partial Mode": "Finalize", "Parallel Aware": false, "Async Capable": false, "Startup Cost": 25762.64, "Total Cost": 25762.65, "Plan Rows": 1, "Plan Width": 8, "Actual Rows": 1, "Actual Loops": 1, "Plans": [{"Node Type": "Gather", "Parent Relationship": "Outer", "Parallel Aware": false, "Async Capable": false, "Startup Cost": 25762.53, "Total Cost": 25762.64, "Plan Rows": 1, "Plan Width": 8, "Actual Rows": 2, "Actual Loops": 1, "Workers Planned": 1, "Workers Launched": 1, "Single Copy": false, "Plans": [{"Node Type": "Aggregate", "Strategy": "Plain", "Partial Mode": "Partial", "Parent Relationship": "Outer", "Parallel Aware": false, "Async Capable": false, "Startup Cost": 24762.53, "Total Cost": 24762.54, "Plan Rows": 1, "Plan Width": 8, "Actual Rows": 1, "Actual Loops": 2, "Workers": [], "Plans": [{"Node Type": "Hash Join", "Parent Relationship": "Outer", "Parallel Aware": true, "Async Capable": false, "Join Type": "Inner", "Startup Cost": 18834.16, "Total Cost": 24725.42, "Plan Rows": 837294.0, "Plan Width": 0, "Actual Rows": 227047, "Actual Loops": 2, "Inner Unique": false, "Hash Cond": "(p.id = c.postid)", "Workers": [], "Plans": [{"Node Type": "Hash Join", "Parent Relationship": "Outer", "Parallel Aware": false, "Async Capable": false, "Join Type": "Inner", "Startup Cost": 3046.26, "Total Cost": 8124.4, "Plan Rows": 77809.0, "Plan Width": 8, "Actual Rows": 28314, "Actual Loops": 2, "Inner Unique": true, "Hash Cond": "(v.postid = p.id)", "Workers": [], "Plans": [{"Node Type": "Seq Scan", "Parent Relationship": "Outer", "Parallel Aware": true, "Async Capable": false, "Relation Name": "votes", "Alias": "v", "Startup Cost": 0.0, "Total Cost": 4572.24, "Plan Rows": 192717, "Plan Width": 4, "Actual Rows": 163784, "Actual Loops": 2, "Filter": "(creationdate <= '2014-09-11 00:00:00'::timestamp without time zone)", "Rows Removed by Filter": 248, "Workers": []}, {"Node Type": "Hash", "Parent Relationship": "Inner", "Parallel Aware": false, "Async Capable": false, "Startup Cost": 2909.46, "Total Cost": 2909.46, "Plan Rows": 10944, "Plan Width": 4, "Actual Rows": 11092, "Actual Loops": 2, "Hash Buckets": 16384, "Original Hash Buckets": 16384, "Hash Batches": 1, "Original Hash Batches": 1, "Peak Memory Usage": 518, "Workers": [], "Plans": [{"Node Type": "Seq Scan", "Parent Relationship": "Outer", "Parallel Aware": false, "Async Capable": false, "Relation Name": "posts", "Alias": "p", "Startup Cost": 0.0, "Total Cost": 2909.46, "Plan Rows": 10944, "Plan Width": 4, "Actual Rows": 11092, "Actual Loops": 2, "Filter": "((score <= 44) AND (favoritecount >= 0) AND (favoritecount <= 3) AND (creationdate >= '2010-08-11 13:53:56'::timestamp without time zone) AND (creationdate <= '2014-09-03 11:52:36'::timestamp without time zone))", "Rows Removed by Filter": 80884, "Workers": []}]}]}, {"Node Type": "Hash", "Parent Relationship": "Inner", "Parallel Aware": true, "Async Capable": false, "Startup Cost": 14872.81, "Total Cost": 14872.81, "Plan Rows": 647437.0, "Plan Width": 12, "Actual Rows": 97344, "Actual Loops": 2, "Hash Buckets": 262144, "Original Hash Buckets": 131072, "Hash Batches": 1, "Original Hash Batches": 1, "Peak Memory Usage": 12256, "Workers": [], "Plans": [{"Node Type": "Hash Join", "Parent Relationship": "Outer", "Parallel Aware": false, "Async Capable": false, "Join Type": "Inner", "Startup Cost": 7271.74, "Total Cost": 14872.81, "Plan Rows": 647437.0, "Plan Width": 12, "Actual Rows": 97344, "Actual Loops": 2, "Inner Unique": false, "Hash Cond": "(ph.postid = c.postid)", "Workers": [], "Plans": [{"Node Type": "Seq Scan", "Parent Relationship": "Outer", "Parallel Aware": true, "Async Capable": false, "Relation Name": "posthistory", "Alias": "ph", "Startup Cost": 0.0, "Total Cost": 4469.32, "Plan Rows": 174523, "Plan Width": 4, "Actual Rows": 148408, "Actual Loops": 2, "Filter": "(creationdate >= '2010-09-20 19:11:45'::timestamp without time zone)", "Rows Removed by Filter": 3186, "Workers": []}, {"Node Type": "Hash", "Parent Relationship": "Inner", "Parallel Aware": false, "Async Capable": false, "Startup Cost": 6857.62, "Total Cost": 6857.62, "Plan Rows": 127752.0, "Plan Width": 8, "Actual Rows": 31580, "Actual Loops": 2, "Hash Buckets": 65536, "Original Hash Buckets": 65536, "Hash Batches": 1, "Original Hash Batches": 1, "Peak Memory Usage": 1746, "Workers": [], "Plans": [{"Node Type": "Hash Join", "Parent Relationship": "Outer", "Parallel Aware": false, "Async Capable": false, "Join Type": "Inner", "Startup Cost": 5690.52, "Total Cost": 6857.62, "Plan Rows": 127752.0, "Plan Width": 8, "Actual Rows": 31580, "Actual Loops": 2, "Inner Unique": false, "Hash Cond": "(pl.postid = c.postid)", "Workers": [], "Plans": [{"Node Type": "Seq Scan", "Parent Relationship": "Outer", "Parallel Aware": false, "Async Capable": false, "Relation Name": "postlinks", "Alias": "pl", "Startup Cost": 0.0, "Total Cost": 248.53, "Plan Rows": 9788, "Plan Width": 4, "Actual Rows": 9803, "Actual Loops": 2, "Filter": "((creationdate <= '2014-08-11 17:26:31'::timestamp without time zone) AND (linktypeid = 1))", "Rows Removed by Filter": 1299, "Workers": []}, {"Node Type": "Hash", "Parent Relationship": "Inner", "Parallel Aware": false, "Async Capable": false, "Startup Cost": 3522.81, "Total Cost": 3522.81, "Plan Rows": 173417, "Plan Width": 4, "Actual Rows": 173418, "Actual Loops": 2, "Hash Buckets": 262144, "Original Hash Buckets": 262144, "Hash Batches": 1, "Original Hash Batches": 1, "Peak Memory Usage": 8145, "Workers": [], "Plans": [{"Node Type": "Seq Scan", "Parent Relationship": "Outer", "Parallel Aware": false, "Async Capable": false, "Relation Name": "comments", "Alias": "c", "Startup Cost": 0.0, "Total Cost": 3522.81, "Plan Rows": 173417, "Plan Width": 4, "Actual Rows": 173418, "Actual Loops": 2, "Filter": "(creationdate >= '2010-08-01 12:12:41'::timestamp without time zone)", "Rows Removed by Filter": 887, "Workers": []}]}]}]}]}]}]}]}]}]}, "Planning Time": 12.533, "Triggers": [], "Execution Time": 340.926}, {"Plan": {"Node Type": "Aggregate", "Strategy": "Plain", "Partial Mode": "Simple", "Parallel Aware": false, "Async Capable": false, "Startup Cost": 49367.31, "Total Cost": 49367.32, "Plan Rows": 1, "Plan Width": 8, "Actual Rows": 1, "Actual Loops": 1, "Plans": [{"Node Type": "Merge Join", "Parent Relationship": "Outer", "Parallel Aware": false, "Async Capable": false, "Join Type": "Inner", "Startup Cost": 3645.43, "Total Cost": 49304.23, "Plan Rows": 837294.0, "Plan Width": 0, "Actual Rows": 454094, "Actual Loops": 1, "Inner Unique": false, "Merge Cond": "(p.id = c.postid)", "Plans": [{"Node Type": "Sort", "Parent Relationship": "Outer", "Parallel Aware": false, "Async Capable": false, "Startup Cost": 3643.68, "Total Cost": 3671.04, "Plan Rows": 10944, "Plan Width": 4, "Actual Rows": 10914, "Actual Loops": 1, "Sort Key": ["p.id"], "Sort Method": "quicksort", "Sort Space Used": 385, "Sort Space Type": "Memory", "Plans": [{"Node Type": "Seq Scan", "Parent Relationship": "Outer", "Parallel Aware": false, "Async Capable": false, "Relation Name": "posts", "Alias": "p", "Startup Cost": 0.0, "Total Cost": 2909.46, "Plan Rows": 10944, "Plan Width": 4, "Actual Rows": 11092, "Actual Loops": 1, "Filter": "((score <= 44) AND (favoritecount >= 0) AND (favoritecount <= 3) AND (creationdate >= '2010-08-11 13:53:56'::timestamp without time zone) AND (creationdate <= '2014-09-03 11:52:36'::timestamp without time zone))", "Rows Removed by Filter": 80884}]}, {"Node Type": "Materialize", "Parent Relationship": "Inner", "Parallel Aware": false, "Async Capable": false, "Startup Cost": 1.74, "Total Cost": 43192.7, "Plan Rows": 2875801.0, "Plan Width": 16, "Actual Rows": 1730990, "Actual Loops": 1, "Plans": [{"Node Type": "Nested Loop", "Parent Relationship": "Outer", "Parallel Aware": false, "Async Capable": false, "Join Type": "Inner", "Startup Cost": 1.74, "Total Cost": 41557.74, "Plan Rows": 2875801.0, "Plan Width": 16, "Actual Rows": 1730990, "Actual Loops": 1, "Inner Unique": false, "Join Filter": "(c.postid = v.postid)", "Rows Removed by Join Filter": 0, "Plans": [{"Node Type": "Merge Join", "Parent Relationship": "Outer", "Parallel Aware": false, "Async Capable": false, "Join Type": "Inner", "Startup Cost": 1.31, "Total Cost": 18996.85, "Plan Rows": 647437.0, "Plan Width": 12, "Actual Rows": 194687, "Actual Loops": 1, "Inner Unique": false, "Merge Cond": "(c.postid = ph.postid)", "Plans": [{"Node Type": "Merge Join", "Parent Relationship": "Outer", "Parallel Aware": false, "Async Capable": false, "Join Type": "Inner", "Startup Cost": 0.89, "Total Cost": 7096.53, "Plan Rows": 127752.0, "Plan Width": 8, "Actual Rows": 31580, "Actual Loops": 1, "Inner Unique": false, "Merge Cond": "(pl.postid = c.postid)", "Plans": [{"Node Type": "Index Scan", "Parent Relationship": "Outer", "Parallel Aware": false, "Async Capable": false, "Scan Direction": "Forward", "Index Name": "idx_postlinks_postid", "Relation Name": "postlinks", "Alias": "pl", "Startup Cost": 0.29, "Total Cost": 450.8, "Plan Rows": 9788, "Plan Width": 4, "Actual Rows": 9803, "Actual Loops": 1, "Filter": "((creationdate <= '2014-08-11 17:26:31'::timestamp without time zone) AND (linktypeid = 1))", "Rows Removed by Filter": 1299}, {"Node Type": "Index Scan", "Parent Relationship": "Inner", "Parallel Aware": false, "Async Capable": false, "Scan Direction": "Forward", "Index Name": "idx_comments_postid", "Relation Name": "comments", "Alias": "c", "Startup Cost": 0.42, "Total Cost": 5857.0, "Plan Rows": 173417, "Plan Width": 4, "Actual Rows": 177473, "Actual Loops": 1, "Filter": "(creationdate >= '2010-08-01 12:12:41'::timestamp without time zone)", "Rows Removed by Filter": 912}]}, {"Node Type": "Index Scan", "Parent Relationship": "Inner", "Parallel Aware": false, "Async Capable": false, "Scan Direction": "Forward", "Index Name": "idx_posthistory_postid", "Relation Name": "posthistory", "Alias": "ph", "Startup Cost": 0.42, "Total Cost": 9831.47, "Plan Rows": 296689, "Plan Width": 4, "Actual Rows": 448621, "Actual Loops": 1, "Filter": "(creationdate >= '2010-09-20 19:11:45'::timestamp without time zone)", "Rows Removed by Filter": 8947}]}, {"Node Type": "Memoize", "Parent Relationship": "Inner", "Parallel Aware": false, "Async Capable": false, "Startup Cost": 0.43, "Total Cost": 1.62, "Plan Rows": 5, "Plan Width": 4, "Actual Rows": 9, "Actual Loops": 194687, "Cache Key": "pl.postid", "Cache Mode": "logical", "Cache Hits": 189145, "Cache Misses": 5542, "Cache Evictions": 0, "Cache Overflows": 0, "Peak Memory Usage": 1564, "Plans": [{"Node Type": "Index Scan", "Parent Relationship": "Outer", "Parallel Aware": false, "Async Capable": false, "Scan Direction": "Forward", "Index Name": "idx_votes_postid", "Relation Name": "votes", "Alias": "v", "Startup Cost": 0.42, "Total Cost": 1.61, "Plan Rows": 5, "Plan Width": 4, "Actual Rows": 6, "Actual Loops": 5542, "Index Cond": "(postid = pl.postid)", "Rows Removed by Index Recheck": 0, "Filter": "(creationdate <= '2014-09-11 00:00:00'::timestamp without time zone)", "Rows Removed by Filter": 0}]}]}]}]}]}, "Planning Time": 6.74, "Triggers": [], "Execution Time": 975.449}, {"Plan": {"Node Type": "Aggregate", "Strategy": "Plain", "Partial Mode": "Simple", "Parallel Aware": false, "Async Capable": false, "Startup Cost": 46383.87, "Total Cost": 46383.88, "Plan Rows": 1, "Plan Width": 8, "Actual Rows": 1, "Actual Loops": 1, "Plans": [{"Node Type": "Hash Join", "Parent Relationship": "Outer", "Parallel Aware": false, "Async Capable": false, "Join Type": "Inner", "Startup Cost": 3048.0, "Total Cost": 46320.79, "Plan Rows": 837294.0, "Plan Width": 0, "Actual Rows": 454094, "Actual Loops": 1, "Inner Unique": true, "Hash Cond": "(c.postid = p.id)", "Plans": [{"Node Type": "Nested Loop", "Parent Relationship": "Outer", "Parallel Aware": false, "Async Capable": false, "Join Type": "Inner", "Startup Cost": 1.74, "Total Cost": 41557.74, "Plan Rows": 2875801.0, "Plan Width": 16, "Actual Rows": 1730990, "Actual Loops": 1, "Inner Unique": false, "Join Filter": "(c.postid = v.postid)", "Rows Removed by Join Filter": 0, "Plans": [{"Node Type": "Merge Join", "Parent Relationship": "Outer", "Parallel Aware": false, "Async Capable": false, "Join Type": "Inner", "Startup Cost": 1.31, "Total Cost": 18996.85, "Plan Rows": 647437.0, "Plan Width": 12, "Actual Rows": 194687, "Actual Loops": 1, "Inner Unique": false, "Merge Cond": "(c.postid = ph.postid)", "Plans": [{"Node Type": "Merge Join", "Parent Relationship": "Outer", "Parallel Aware": false, "Async Capable": false, "Join Type": "Inner", "Startup Cost": 0.89, "Total Cost": 7096.53, "Plan Rows": 127752.0, "Plan Width": 8, "Actual Rows": 31580, "Actual Loops": 1, "Inner Unique": false, "Merge Cond": "(pl.postid = c.postid)", "Plans": [{"Node Type": "Index Scan", "Parent Relationship": "Outer", "Parallel Aware": false, "Async Capable": false, "Scan Direction": "Forward", "Index Name": "idx_postlinks_postid", "Relation Name": "postlinks", "Alias": "pl", "Startup Cost": 0.29, "Total Cost": 450.8, "Plan Rows": 9788, "Plan Width": 4, "Actual Rows": 9803, "Actual Loops": 1, "Filter": "((creationdate <= '2014-08-11 17:26:31'::timestamp without time zone) AND (linktypeid = 1))", "Rows Removed by Filter": 1299}, {"Node Type": "Index Scan", "Parent Relationship": "Inner", "Parallel Aware": false, "Async Capable": false, "Scan Direction": "Forward", "Index Name": "idx_comments_postid", "Relation Name": "comments", "Alias": "c", "Startup Cost": 0.42, "Total Cost": 5857.0, "Plan Rows": 173417, "Plan Width": 4, "Actual Rows": 177473, "Actual Loops": 1, "Filter": "(creationdate >= '2010-08-01 12:12:41'::timestamp without time zone)", "Rows Removed by Filter": 912}]}, {"Node Type": "Index Scan", "Parent Relationship": "Inner", "Parallel Aware": false, "Async Capable": false, "Scan Direction": "Forward", "Index Name": "idx_posthistory_postid", "Relation Name": "posthistory", "Alias": "ph", "Startup Cost": 0.42, "Total Cost": 9831.47, "Plan Rows": 296689, "Plan Width": 4, "Actual Rows": 448621, "Actual Loops": 1, "Filter": "(creationdate >= '2010-09-20 19:11:45'::timestamp without time zone)", "Rows Removed by Filter": 8947}]}, {"Node Type": "Memoize", "Parent Relationship": "Inner", "Parallel Aware": false, "Async Capable": false, "Startup Cost": 0.43, "Total Cost": 1.62, "Plan Rows": 5, "Plan Width": 4, "Actual Rows": 9, "Actual Loops": 194687, "Cache Key": "pl.postid", "Cache Mode": "logical", "Cache Hits": 189145, "Cache Misses": 5542, "Cache Evictions": 0, "Cache Overflows": 0, "Peak Memory Usage": 1564, "Plans": [{"Node Type": "Index Scan", "Parent Relationship": "Outer", "Parallel Aware": false, "Async Capable": false, "Scan Direction": "Forward", "Index Name": "idx_votes_postid", "Relation Name": "votes", "Alias": "v", "Startup Cost": 0.42, "Total Cost": 1.61, "Plan Rows": 5, "Plan Width": 4, "Actual Rows": 6, "Actual Loops": 5542, "Index Cond": "(postid = pl.postid)", "Rows Removed by Index Recheck": 0, "Filter": "(creationdate <= '2014-09-11 00:00:00'::timestamp without time zone)", "Rows Removed by Filter": 0}]}]}, {"Node Type": "Hash", "Parent Relationship": "Inner", "Parallel Aware": false, "Async Capable": false, "Startup Cost": 2909.46, "Total Cost": 2909.46, "Plan Rows": 10944, "Plan Width": 4, "Actual Rows": 11092, "Actual Loops": 1, "Hash Buckets": 16384, "Original Hash Buckets": 16384, "Hash Batches": 1, "Original Hash Batches": 1, "Peak Memory Usage": 518, "Plans": [{"Node Type": "Seq Scan", "Parent Relationship": "Outer", "Parallel Aware": false, "Async Capable": false, "Relation Name": "posts", "Alias": "p", "Startup Cost": 0.0, "Total Cost": 2909.46, "Plan Rows": 10944, "Plan Width": 4, "Actual Rows": 11092, "Actual Loops": 1, "Filter": "((score <= 44) AND (favoritecount >= 0) AND (favoritecount <= 3) AND (creationdate >= '2010-08-11 13:53:56'::timestamp without time zone) AND (creationdate <= '2014-09-03 11:52:36'::timestamp without time zone))", "Rows Removed by Filter": 80884}]}]}]}, "Planning Time": 6.668, "Triggers": [], "Execution Time": 720.143}, {"Plan": {"Node Type": "Aggregate", "Strategy": "Plain", "Partial Mode": "Simple", "Parallel Aware": false, "Async Capable": false, "Startup Cost": 53453.11, "Total Cost": 53453.12, "Plan Rows": 1, "Plan Width": 8, "Actual Rows": 1, "Actual Loops": 1, "Plans": [{"Node Type": "Merge Join", "Parent Relationship": "Outer", "Parallel Aware": false, "Async Capable": false, "Join Type": "Inner", "Startup Cost": 4736.96, "Total Cost": 53390.02, "Plan Rows": 837294.0, "Plan Width": 0, "Actual Rows": 454094, "Actual Loops": 1, "Inner Unique": false, "Merge Cond": "(p.id = ph.postid)", "Plans": [{"Node Type": "Sort", "Parent Relationship": "Outer", "Parallel Aware": false, "Async Capable": false, "Startup Cost": 4736.11, "Total Cost": 4741.6, "Plan Rows": 44956.0, "Plan Width": 12, "Actual Rows": 10594, "Actual Loops": 1, "Sort Key": ["c.postid"], "Sort Method": "quicksort", "Sort Space Used": 798, "Sort Space Type": "Memory", "Plans": [{"Node Type": "Nested Loop", "Parent Relationship": "Outer", "Parallel Aware": false, "Async Capable": false, "Join Type": "Inner", "Startup Cost": 3046.68, "Total Cost": 4614.23, "Plan Rows": 44956.0, "Plan Width": 12, "Actual Rows": 10594, "Actual Loops": 1, "Inner Unique": false, "Plans": [{"Node Type": "Hash Join", "Parent Relationship": "Outer", "Parallel Aware": false, "Async Capable": false, "Join Type": "Inner", "Startup Cost": 3046.26, "Total Cost": 3320.48, "Plan Rows": 22488.0, "Plan Width": 8, "Actual Rows": 3167, "Actual Loops": 1, "Inner Unique": true, "Hash Cond": "(pl.postid = p.id)", "Plans": [{"Node Type": "Seq Scan", "Parent Relationship": "Outer", "Parallel Aware": false, "Async Capable": false, "Relation Name": "postlinks", "Alias": "pl", "Startup Cost": 0.0, "Total Cost": 248.53, "Plan Rows": 9788, "Plan Width": 4, "Actual Rows": 9803, "Actual Loops": 1, "Filter": "((creationdate <= '2014-08-11 17:26:31'::timestamp without time zone) AND (linktypeid = 1))", "Rows Removed by Filter": 1299}, {"Node Type": "Hash", "Parent Relationship": "Inner", "Parallel Aware": false, "Async Capable": false, "Startup Cost": 2909.46, "Total Cost": 2909.46, "Plan Rows": 10944, "Plan Width": 4, "Actual Rows": 11092, "Actual Loops": 1, "Hash Buckets": 16384, "Original Hash Buckets": 16384, "Hash Batches": 1, "Original Hash Batches": 1, "Peak Memory Usage": 518, "Plans": [{"Node Type": "Seq Scan", "Parent Relationship": "Outer", "Parallel Aware": false, "Async Capable": false, "Relation Name": "posts", "Alias": "p", "Startup Cost": 0.0, "Total Cost": 2909.46, "Plan Rows": 10944, "Plan Width": 4, "Actual Rows": 11092, "Actual Loops": 1, "Filter": "((score <= 44) AND (favoritecount >= 0) AND (favoritecount <= 3) AND (creationdate >= '2010-08-11 13:53:56'::timestamp without time zone) AND (creationdate <= '2014-09-03 11:52:36'::timestamp without time zone))", "Rows Removed by Filter": 80884}]}]}, {"Node Type": "Index Scan", "Parent Relationship": "Inner", "Parallel Aware": false, "Async Capable": false, "Scan Direction": "Forward", "Index Name": "idx_comments_postid", "Relation Name": "comments", "Alias": "c", "Startup Cost": 0.42, "Total Cost": 1.08, "Plan Rows": 3, "Plan Width": 4, "Actual Rows": 3, "Actual Loops": 3167, "Index Cond": "(postid = p.id)", "Rows Removed by Index Recheck": 0, "Filter": "(creationdate >= '2010-08-01 12:12:41'::timestamp without time zone)", "Rows Removed by Filter": 0}]}]}, {"Node Type": "Materialize", "Parent Relationship": "Inner", "Parallel Aware": false, "Async Capable": false, "Startup Cost": 0.84, "Total Cost": 45222.55, "Plan Rows": 784305.0, "Plan Width": 8, "Actual Rows": 1595912, "Actual Loops": 1, "Plans": [{"Node Type": "Merge Join", "Parent Relationship": "Outer", "Parallel Aware": false, "Async Capable": false, "Join Type": "Inner", "Startup Cost": 0.84, "Total Cost": 42100.36, "Plan Rows": 784305.0, "Plan Width": 8, "Actual Rows": 1205560, "Actual Loops": 1, "Inner Unique": false, "Merge Cond": "(ph.postid = v.postid)", "Plans": [{"Node Type": "Index Scan", "Parent Relationship": "Outer", "Parallel Aware": false, "Async Capable": false, "Scan Direction": "Forward", "Index Name": "idx_posthistory_postid", "Relation Name": "posthistory", "Alias": "ph", "Startup Cost": 0.42, "Total Cost": 9831.47, "Plan Rows": 296689, "Plan Width": 4, "Actual Rows": 284931, "Actual Loops": 1, "Filter": "(creationdate >= '2010-09-20 19:11:45'::timestamp without time zone)", "Rows Removed by Filter": 6372}, {"Node Type": "Materialize", "Parent Relationship": "Inner", "Parallel Aware": false, "Async Capable": false, "Startup Cost": 0.42, "Total Cost": 13613.47, "Plan Rows": 327619, "Plan Width": 4, "Actual Rows": 1222534, "Actual Loops": 1, "Plans": [{"Node Type": "Index Scan", "Parent Relationship": "Outer", "Parallel Aware": false, "Async Capable": false, "Scan Direction": "Forward", "Index Name": "idx_votes_postid", "Relation Name": "votes", "Alias": "v", "Startup Cost": 0.42, "Total Cost": 12794.42, "Plan Rows": 327619, "Plan Width": 4, "Actual Rows": 321602, "Actual Loops": 1, "Filter": "(creationdate <= '2014-09-11 00:00:00'::timestamp without time zone)", "Rows Removed by Filter": 173}]}]}]}]}]}, "Planning Time": 6.843, "Triggers": [], "Execution Time": 1009.775}, {"Plan": {"Node Type": "Aggregate", "Strategy": "Plain", "Partial Mode": "Finalize", "Parallel Aware": false, "Async Capable": false, "Startup Cost": 79640.72, "Total Cost": 79640.73, "Plan Rows": 1, "Plan Width": 8, "Actual Rows": 1, "Actual Loops": 1, "Plans": [{"Node Type": "Gather", "Parent Relationship": "Outer", "Parallel Aware": false, "Async Capable": false, "Startup Cost": 79640.61, "Total Cost": 79640.72, "Plan Rows": 1, "Plan Width": 8, "Actual Rows": 2, "Actual Loops": 1, "Workers Planned": 1, "Workers Launched": 1, "Single Copy": false, "Plans": [{"Node Type": "Aggregate", "Strategy": "Plain", "Partial Mode": "Partial", "Parent Relationship": "Outer", "Parallel Aware": false, "Async Capable": false, "Startup Cost": 78640.61, "Total Cost": 78640.62, "Plan Rows": 1, "Plan Width": 8, "Actual Rows": 1, "Actual Loops": 2, "Workers": [], "Plans": [{"Node Type": "Hash Join", "Parent Relationship": "Outer", "Parallel Aware": false, "Async Capable": false, "Join Type": "Inner", "Startup Cost": 45038.81, "Total Cost": 78603.5, "Plan Rows": 837294.0, "Plan Width": 0, "Actual Rows": 227047, "Actual Loops": 2, "Inner Unique": false, "Hash Cond": "(c.postid = p.id)", "Workers": [], "Plans": [{"Node Type": "Hash Join", "Parent Relationship": "Outer", "Parallel Aware": true, "Async Capable": false, "Join Type": "Inner", "Startup Cost": 41703.77, "Total Cost": 67461.91, "Plan Rows": 4267465.0, "Plan Width": 12, "Actual Rows": 1959178, "Actual Loops": 2, "Inner Unique": false, "Hash Cond": "(c.postid = ph.postid)", "Workers": [], "Plans": [{"Node Type": "Seq Scan", "Parent Relationship": "Outer", "Parallel Aware": true, "Async Capable": false, "Relation Name": "comments", "Alias": "c", "Startup Cost": 0.0, "Total Cost": 2625.65, "Plan Rows": 102010, "Plan Width": 4, "Actual Rows": 86709, "Actual Loops": 2, "Filter": "(creationdate >= '2010-08-01 12:12:41'::timestamp without time zone)", "Rows Removed by Filter": 444, "Workers": []}, {"Node Type": "Hash", "Parent Relationship": "Inner", "Parallel Aware": true, "Async Capable": false, "Startup Cost": 32520.84, "Total Cost": 32520.84, "Plan Rows": 784305.0, "Plan Width": 8, "Actual Rows": 614191, "Actual Loops": 2, "Hash Buckets": 2097152, "Original Hash Buckets": 2097152, "Hash Batches": 1, "Original Hash Batches": 1, "Peak Memory Usage": 64448, "Workers": [], "Plans": [{"Node Type": "Merge Join", "Parent Relationship": "Outer", "Parallel Aware": false, "Async Capable": false, "Join Type": "Inner", "Startup Cost": 0.84, "Total Cost": 32520.84, "Plan Rows": 784305.0, "Plan Width": 8, "Actual Rows": 614191, "Actual Loops": 2, "Inner Unique": false, "Merge Cond": "(ph.postid = v.postid)", "Workers": [], "Plans": [{"Node Type": "Index Scan", "Parent Relationship": "Outer", "Parallel Aware": true, "Async Capable": false, "Scan Direction": "Forward", "Index Name": "idx_posthistory_postid", "Relation Name": "posthistory", "Alias": "ph", "Startup Cost": 0.42, "Total Cost": 8270.95, "Plan Rows": 174523, "Plan Width": 4, "Actual Rows": 148128, "Actual Loops": 2, "Filter": "(creationdate >= '2010-09-20 19:11:45'::timestamp without time zone)", "Rows Removed by Filter": 3186, "Workers": []}, {"Node Type": "Materialize", "Parent Relationship": "Inner", "Parallel Aware": false, "Async Capable": false, "Startup Cost": 0.42, "Total Cost": 13613.47, "Plan Rows": 327619, "Plan Width": 4, "Actual Rows": 786462, "Actual Loops": 2, "Workers": [], "Plans": [{"Node Type": "Index Scan", "Parent Relationship": "Outer", "Parallel Aware": false, "Async Capable": false, "Scan Direction": "Forward", "Index Name": "idx_votes_postid", "Relation Name": "votes", "Alias": "v", "Startup Cost": 0.42, "Total Cost": 12794.42, "Plan Rows": 327619, "Plan Width": 4, "Actual Rows": 327569, "Actual Loops": 2, "Filter": "(creationdate <= '2014-09-11 00:00:00'::timestamp without time zone)", "Rows Removed by Filter": 495, "Workers": []}]}]}]}]}, {"Node Type": "Hash", "Parent Relationship": "Inner", "Parallel Aware": false, "Async Capable": false, "Startup Cost": 3320.48, "Total Cost": 3320.48, "Plan Rows": 22488.0, "Plan Width": 8, "Actual Rows": 3167, "Actual Loops": 2, "Hash Buckets": 4096, "Original Hash Buckets": 2048, "Hash Batches": 1, "Original Hash Batches": 1, "Peak Memory Usage": 156, "Workers": [], "Plans": [{"Node Type": "Hash Join", "Parent Relationship": "Outer", "Parallel Aware": false, "Async Capable": false, "Join Type": "Inner", "Startup Cost": 3046.26, "Total Cost": 3320.48, "Plan Rows": 22488.0, "Plan Width": 8, "Actual Rows": 3167, "Actual Loops": 2, "Inner Unique": true, "Hash Cond": "(pl.postid = p.id)", "Workers": [], "Plans": [{"Node Type": "Seq Scan", "Parent Relationship": "Outer", "Parallel Aware": false, "Async Capable": false, "Relation Name": "postlinks", "Alias": "pl", "Startup Cost": 0.0, "Total Cost": 248.53, "Plan Rows": 9788, "Plan Width": 4, "Actual Rows": 9803, "Actual Loops": 2, "Filter": "((creationdate <= '2014-08-11 17:26:31'::timestamp without time zone) AND (linktypeid = 1))", "Rows Removed by Filter": 1299, "Workers": []}, {"Node Type": "Hash", "Parent Relationship": "Inner", "Parallel Aware": false, "Async Capable": false, "Startup Cost": 2909.46, "Total Cost": 2909.46, "Plan Rows": 10944, "Plan Width": 4, "Actual Rows": 11092, "Actual Loops": 2, "Hash Buckets": 16384, "Original Hash Buckets": 16384, "Hash Batches": 1, "Original Hash Batches": 1, "Peak Memory Usage": 518, "Workers": [], "Plans": [{"Node Type": "Seq Scan", "Parent Relationship": "Outer", "Parallel Aware": false, "Async Capable": false, "Relation Name": "posts", "Alias": "p", "Startup Cost": 0.0, "Total Cost": 2909.46, "Plan Rows": 10944, "Plan Width": 4, "Actual Rows": 11092, "Actual Loops": 2, "Filter": "((score <= 44) AND (favoritecount >= 0) AND (favoritecount <= 3) AND (creationdate >= '2010-08-11 13:53:56'::timestamp without time zone) AND (creationdate <= '2014-09-03 11:52:36'::timestamp without time zone))", "Rows Removed by Filter": 80884, "Workers": []}]}]}]}]}]}]}]}, "Planning Time": 6.828, "Triggers": [], "Execution Time": 1186.598}, {"Plan": {"Node Type": "Aggregate", "Strategy": "Plain", "Partial Mode": "Finalize", "Parallel Aware": false, "Async Capable": false, "Startup Cost": 26968.15, "Total Cost": 26968.16, "Plan Rows": 1, "Plan Width": 8, "Actual Rows": 1, "Actual Loops": 1, "Plans": [{"Node Type": "Gather", "Parent Relationship": "Outer", "Parallel Aware": false, "Async Capable": false, "Startup Cost": 26968.04, "Total Cost": 26968.15, "Plan Rows": 1, "Plan Width": 8, "Actual Rows": 2, "Actual Loops": 1, "Workers Planned": 1, "Workers Launched": 1, "Single Copy": false, "Plans": [{"Node Type": "Aggregate", "Strategy": "Plain", "Partial Mode": "Partial", "Parent Relationship": "Outer", "Parallel Aware": false, "Async Capable": false, "Startup Cost": 25968.04, "Total Cost": 25968.05, "Plan Rows": 1, "Plan Width": 8, "Actual Rows": 1, "Actual Loops": 2, "Workers": [], "Plans": [{"Node Type": "Hash Join", "Parent Relationship": "Outer", "Parallel Aware": false, "Async Capable": false, "Join Type": "Inner", "Startup Cost": 17451.18, "Total Cost": 25930.93, "Plan Rows": 837294.0, "Plan Width": 0, "Actual Rows": 227047, "Actual Loops": 2, "Inner Unique": false, "Hash Cond": "(p.id = pl.postid)", "Workers": [], "Plans": [{"Node Type": "Hash Join", "Parent Relationship": "Outer", "Parallel Aware": true, "Async Capable": false, "Join Type": "Inner", "Startup Cost": 6091.43, "Total Cost": 11640.68, "Plan Rows": 283630.0, "Plan Width": 12, "Actual Rows": 73793, "Actual Loops": 2, "Inner Unique": false, "Hash Cond": "(v.postid = p.id)", "Workers": [], "Plans": [{"Node Type": "Seq Scan", "Parent Relationship": "Outer", "Parallel Aware": true, "Async Capable": false, "Relation Name": "votes", "Alias": "v", "Startup Cost": 0.0, "Total Cost": 4572.24, "Plan Rows": 192717, "Plan Width": 4, "Actual Rows": 163784, "Actual Loops": 2, "Filter": "(creationdate <= '2014-09-11 00:00:00'::timestamp without time zone)", "Rows Removed by Filter": 248, "Workers": []}, {"Node Type": "Hash", "Parent Relationship": "Inner", "Parallel Aware": true, "Async Capable": false, "Startup Cost": 5939.7, "Total Cost": 5939.7, "Plan Rows": 61683.0, "Plan Width": 8, "Actual Rows": 12848, "Actual Loops": 2, "Hash Buckets": 32768, "Original Hash Buckets": 32768, "Hash Batches": 1, "Original Hash Batches": 1, "Peak Memory Usage": 1312, "Workers": [], "Plans": [{"Node Type": "Hash Join", "Parent Relationship": "Outer", "Parallel Aware": false, "Async Capable": false, "Join Type": "Inner", "Startup Cost": 3046.26, "Total Cost": 5939.7, "Plan Rows": 61683.0, "Plan Width": 8, "Actual Rows": 12848, "Actual Loops": 2, "Inner Unique": true, "Hash Cond": "(c.postid = p.id)", "Workers": [], "Plans": [{"Node Type": "Seq Scan", "Parent Relationship": "Outer", "Parallel Aware": true, "Async Capable": false, "Relation Name": "comments", "Alias": "c", "Startup Cost": 0.0, "Total Cost": 2625.65, "Plan Rows": 102010, "Plan Width": 4, "Actual Rows": 86709, "Actual Loops": 2, "Filter": "(creationdate >= '2010-08-01 12:12:41'::timestamp without time zone)", "Rows Removed by Filter": 444, "Workers": []}, {"Node Type": "Hash", "Parent Relationship": "Inner", "Parallel Aware": false, "Async Capable": false, "Startup Cost": 2909.46, "Total Cost": 2909.46, "Plan Rows": 10944, "Plan Width": 4, "Actual Rows": 11092, "Actual Loops": 2, "Hash Buckets": 16384, "Original Hash Buckets": 16384, "Hash Batches": 1, "Original Hash Batches": 1, "Peak Memory Usage": 518, "Workers": [], "Plans": [{"Node Type": "Seq Scan", "Parent Relationship": "Outer", "Parallel Aware": false, "Async Capable": false, "Relation Name": "posts", "Alias": "p", "Startup Cost": 0.0, "Total Cost": 2909.46, "Plan Rows": 10944, "Plan Width": 4, "Actual Rows": 11092, "Actual Loops": 2, "Filter": "((score <= 44) AND (favoritecount >= 0) AND (favoritecount <= 3) AND (creationdate >= '2010-08-11 13:53:56'::timestamp without time zone) AND (creationdate <= '2014-09-03 11:52:36'::timestamp without time zone))", "Rows Removed by Filter": 80884, "Workers": []}]}]}]}]}, {"Node Type": "Hash", "Parent Relationship": "Inner", "Parallel Aware": false, "Async Capable": false, "Startup Cost": 10896.18, "Total Cost": 10896.18, "Plan Rows": 298655.0, "Plan Width": 8, "Actual Rows": 55293, "Actual Loops": 2, "Hash Buckets": 65536, "Original Hash Buckets": 65536, "Hash Batches": 1, "Original Hash Batches": 1, "Peak Memory Usage": 2672, "Workers": [], "Plans": [{"Node Type": "Hash Join", "Parent Relationship": "Outer", "Parallel Aware": false, "Async Capable": false, "Join Type": "Inner", "Startup Cost": 9738.45, "Total Cost": 10896.18, "Plan Rows": 298655.0, "Plan Width": 8, "Actual Rows": 55293, "Actual Loops": 2, "Inner Unique": false, "Hash Cond": "(pl.postid = ph.postid)", "Workers": [], "Plans": [{"Node Type": "Seq Scan", "Parent Relationship": "Outer", "Parallel Aware": false, "Async Capable": false, "Relation Name": "postlinks", "Alias": "pl", "Startup Cost": 0.0, "Total Cost": 248.53, "Plan Rows": 9788, "Plan Width": 4, "Actual Rows": 9803, "Actual Loops": 2, "Filter": "((creationdate <= '2014-08-11 17:26:31'::timestamp without time zone) AND (linktypeid = 1))", "Rows Removed by Filter": 1299, "Workers": []}, {"Node Type": "Hash", "Parent Relationship": "Inner", "Parallel Aware": false, "Async Capable": false, "Startup Cost": 6029.84, "Total Cost": 6029.84, "Plan Rows": 296689, "Plan Width": 4, "Actual Rows": 296815, "Actual Loops": 2, "Hash Buckets": 524288, "Original Hash Buckets": 524288, "Hash Batches": 1, "Original Hash Batches": 1, "Peak Memory Usage": 14531, "Workers": [], "Plans": [{"Node Type": "Seq Scan", "Parent Relationship": "Outer", "Parallel Aware": false, "Async Capable": false, "Relation Name": "posthistory", "Alias": "ph", "Startup Cost": 0.0, "Total Cost": 6029.84, "Plan Rows": 296689, "Plan Width": 4, "Actual Rows": 296815, "Actual Loops": 2, "Filter": "(creationdate >= '2010-09-20 19:11:45'::timestamp without time zone)", "Rows Removed by Filter": 6372, "Workers": []}]}]}]}]}]}]}]}, "Planning Time": 12.08, "Triggers": [], "Execution Time": 377.618}, {"Plan": {"Node Type": "Aggregate", "Strategy": "Plain", "Partial Mode": "Finalize", "Parallel Aware": false, "Async Capable": false, "Startup Cost": 22944.37, "Total Cost": 22944.38, "Plan Rows": 1, "Plan Width": 8, "Actual Rows": 1, "Actual Loops": 1, "Plans": [{"Node Type": "Gather", "Parent Relationship": "Outer", "Parallel Aware": false, "Async Capable": false, "Startup Cost": 22944.26, "Total Cost": 22944.37, "Plan Rows": 1, "Plan Width": 8, "Actual Rows": 2, "Actual Loops": 1, "Workers Planned": 1, "Workers Launched": 1, "Single Copy": false, "Plans": [{"Node Type": "Aggregate", "Strategy": "Plain", "Partial Mode": "Partial", "Parent Relationship": "Outer", "Parallel Aware": false, "Async Capable": false, "Startup Cost": 21944.26, "Total Cost": 21944.27, "Plan Rows": 1, "Plan Width": 8, "Actual Rows": 1, "Actual Loops": 2, "Workers": [], "Plans": [{"Node Type": "Hash Join", "Parent Relationship": "Outer", "Parallel Aware": false, "Async Capable": false, "Join Type": "Inner", "Startup Cost": 12305.82, "Total Cost": 21907.15, "Plan Rows": 837294.0, "Plan Width": 0, "Actual Rows": 227047, "Actual Loops": 2, "Inner Unique": false, "Hash Cond": "(p.id = pl.postid)", "Workers": [], "Plans": [{"Node Type": "Hash Join", "Parent Relationship": "Outer", "Parallel Aware": true, "Async Capable": false, "Join Type": "Inner", "Startup Cost": 11934.94, "Total Cost": 18772.92, "Plan Rows": 1562415.0, "Plan Width": 16, "Actual Rows": 494168, "Actual Loops": 2, "Inner Unique": false, "Hash Cond": "(v.postid = p.id)", "Workers": [], "Plans": [{"Node Type": "Seq Scan", "Parent Relationship": "Outer", "Parallel Aware": true, "Async Capable": false, "Relation Name": "votes", "Alias": "v", "Startup Cost": 0.0, "Total Cost": 4572.24, "Plan Rows": 192717, "Plan Width": 4, "Actual Rows": 163784, "Actual Loops": 2, "Filter": "(creationdate <= '2014-09-11 00:00:00'::timestamp without time zone)", "Rows Removed by Filter": 248, "Workers": []}, {"Node Type": "Hash", "Parent Relationship": "Inner", "Parallel Aware": true, "Async Capable": false, "Startup Cost": 11445.52, "Total Cost": 11445.52, "Plan Rows": 331318.0, "Plan Width": 12, "Actual Rows": 80206, "Actual Loops": 2, "Hash Buckets": 262144, "Original Hash Buckets": 131072, "Hash Batches": 1, "Original Hash Batches": 1, "Peak Memory Usage": 10624, "Workers": [], "Plans": [{"Node Type": "Hash Join", "Parent Relationship": "Outer", "Parallel Aware": true, "Async Capable": false, "Join Type": "Inner", "Startup Cost": 6091.43, "Total Cost": 11445.52, "Plan Rows": 331318.0, "Plan Width": 12, "Actual Rows": 80206, "Actual Loops": 2, "Inner Unique": false, "Hash Cond": "(ph.postid = p.id)", "Workers": [], "Plans": [{"Node Type": "Seq Scan", "Parent Relationship": "Outer", "Parallel Aware": true, "Async Capable": false, "Relation Name": "posthistory", "Alias": "ph", "Startup Cost": 0.0, "Total Cost": 4469.32, "Plan Rows": 174523, "Plan Width": 4, "Actual Rows": 148408, "Actual Loops": 2, "Filter": "(creationdate >= '2010-09-20 19:11:45'::timestamp without time zone)", "Rows Removed by Filter": 3186, "Workers": []}, {"Node Type": "Hash", "Parent Relationship": "Inner", "Parallel Aware": true, "Async Capable": false, "Startup Cost": 5939.7, "Total Cost": 5939.7, "Plan Rows": 61683.0, "Plan Width": 8, "Actual Rows": 12848, "Actual Loops": 2, "Hash Buckets": 32768, "Original Hash Buckets": 32768, "Hash Batches": 1, "Original Hash Batches": 1, "Peak Memory Usage": 1312, "Workers": [], "Plans": [{"Node Type": "Hash Join", "Parent Relationship": "Outer", "Parallel Aware": false, "Async Capable": false, "Join Type": "Inner", "Startup Cost": 3046.26, "Total Cost": 5939.7, "Plan Rows": 61683.0, "Plan Width": 8, "Actual Rows": 12848, "Actual Loops": 2, "Inner Unique": true, "Hash Cond": "(c.postid = p.id)", "Workers": [], "Plans": [{"Node Type": "Seq Scan", "Parent Relationship": "Outer", "Parallel Aware": true, "Async Capable": false, "Relation Name": "comments", "Alias": "c", "Startup Cost": 0.0, "Total Cost": 2625.65, "Plan Rows": 102010, "Plan Width": 4, "Actual Rows": 86709, "Actual Loops": 2, "Filter": "(creationdate >= '2010-08-01 12:12:41'::timestamp without time zone)", "Rows Removed by Filter": 444, "Workers": []}, {"Node Type": "Hash", "Parent Relationship": "Inner", "Parallel Aware": false, "Async Capable": false, "Startup Cost": 2909.46, "Total Cost": 2909.46, "Plan Rows": 10944, "Plan Width": 4, "Actual Rows": 11092, "Actual Loops": 2, "Hash Buckets": 16384, "Original Hash Buckets": 16384, "Hash Batches": 1, "Original Hash Batches": 1, "Peak Memory Usage": 518, "Workers": [], "Plans": [{"Node Type": "Seq Scan", "Parent Relationship": "Outer", "Parallel Aware": false, "Async Capable": false, "Relation Name": "posts", "Alias": "p", "Startup Cost": 0.0, "Total Cost": 2909.46, "Plan Rows": 10944, "Plan Width": 4, "Actual Rows": 11092, "Actual Loops": 2, "Filter": "((score <= 44) AND (favoritecount >= 0) AND (favoritecount <= 3) AND (creationdate >= '2010-08-11 13:53:56'::timestamp without time zone) AND (creationdate <= '2014-09-03 11:52:36'::timestamp without time zone))", "Rows Removed by Filter": 80884, "Workers": []}]}]}]}]}]}]}, {"Node Type": "Hash", "Parent Relationship": "Inner", "Parallel Aware": false, "Async Capable": false, "Startup Cost": 248.53, "Total Cost": 248.53, "Plan Rows": 9788, "Plan Width": 4, "Actual Rows": 9803, "Actual Loops": 2, "Hash Buckets": 16384, "Original Hash Buckets": 16384, "Hash Batches": 1, "Original Hash Batches": 1, "Peak Memory Usage": 473, "Workers": [], "Plans": [{"Node Type": "Seq Scan", "Parent Relationship": "Outer", "Parallel Aware": false, "Async Capable": false, "Relation Name": "postlinks", "Alias": "pl", "Startup Cost": 0.0, "Total Cost": 248.53, "Plan Rows": 9788, "Plan Width": 4, "Actual Rows": 9803, "Actual Loops": 2, "Filter": "((creationdate <= '2014-08-11 17:26:31'::timestamp without time zone) AND (linktypeid = 1))", "Rows Removed by Filter": 1299, "Workers": []}]}]}]}]}]}, "Planning Time": 11.812, "Triggers": [], "Execution Time": 364.296}, {"Plan": {"Node Type": "Aggregate", "Strategy": "Plain", "Partial Mode": "Simple", "Parallel Aware": false, "Async Capable": false, "Startup Cost": 14264.93, "Total Cost": 14264.94, "Plan Rows": 1, "Plan Width": 8, "Actual Rows": 1, "Actual Loops": 1, "Plans": [{"Node Type": "Hash Join", "Parent Relationship": "Outer", "Parallel Aware": false, "Async Capable": false, "Join Type": "Inner", "Startup Cost": 8737.63, "Total Cost": 14201.85, "Plan Rows": 837294.0, "Plan Width": 0, "Actual Rows": 454094, "Actual Loops": 1, "Inner Unique": false, "Hash Cond": "(p.id = c.postid)", "Plans": [{"Node Type": "Nested Loop", "Parent Relationship": "Outer", "Parallel Aware": false, "Async Capable": false, "Join Type": "Inner", "Startup Cost": 3047.11, "Total Cost": 7455.78, "Plan Rows": 404399.0, "Plan Width": 16, "Actual Rows": 114676, "Actual Loops": 1, "Inner Unique": false, "Join Filter": "(p.id = v.postid)", "Rows Removed by Join Filter": 0, "Plans": [{"Node Type": "Nested Loop", "Parent Relationship": "Outer", "Parallel Aware": false, "Async Capable": false, "Join Type": "Inner", "Startup Cost": 3046.68, "Total Cost": 5123.03, "Plan Rows": 107200.0, "Plan Width": 12, "Actual Rows": 19015, "Actual Loops": 1, "Inner Unique": false, "Plans": [{"Node Type": "Hash Join", "Parent Relationship": "Outer", "Parallel Aware": false, "Async Capable": false, "Join Type": "Inner", "Startup Cost": 3046.26, "Total Cost": 3320.48, "Plan Rows": 22488.0, "Plan Width": 8, "Actual Rows": 3167, "Actual Loops": 1, "Inner Unique": true, "Hash Cond": "(pl.postid = p.id)", "Plans": [{"Node Type": "Seq Scan", "Parent Relationship": "Outer", "Parallel Aware": false, "Async Capable": false, "Relation Name": "postlinks", "Alias": "pl", "Startup Cost": 0.0, "Total Cost": 248.53, "Plan Rows": 9788, "Plan Width": 4, "Actual Rows": 9803, "Actual Loops": 1, "Filter": "((creationdate <= '2014-08-11 17:26:31'::timestamp without time zone) AND (linktypeid = 1))", "Rows Removed by Filter": 1299}, {"Node Type": "Hash", "Parent Relationship": "Inner", "Parallel Aware": false, "Async Capable": false, "Startup Cost": 2909.46, "Total Cost": 2909.46, "Plan Rows": 10944, "Plan Width": 4, "Actual Rows": 11092, "Actual Loops": 1, "Hash Buckets": 16384, "Original Hash Buckets": 16384, "Hash Batches": 1, "Original Hash Batches": 1, "Peak Memory Usage": 518, "Plans": [{"Node Type": "Seq Scan", "Parent Relationship": "Outer", "Parallel Aware": false, "Async Capable": false, "Relation Name": "posts", "Alias": "p", "Startup Cost": 0.0, "Total Cost": 2909.46, "Plan Rows": 10944, "Plan Width": 4, "Actual Rows": 11092, "Actual Loops": 1, "Filter": "((score <= 44) AND (favoritecount >= 0) AND (favoritecount <= 3) AND (creationdate >= '2010-08-11 13:53:56'::timestamp without time zone) AND (creationdate <= '2014-09-03 11:52:36'::timestamp without time zone))", "Rows Removed by Filter": 80884}]}]}, {"Node Type": "Index Scan", "Parent Relationship": "Inner", "Parallel Aware": false, "Async Capable": false, "Scan Direction": "Forward", "Index Name": "idx_posthistory_postid", "Relation Name": "posthistory", "Alias": "ph", "Startup Cost": 0.42, "Total Cost": 1.51, "Plan Rows": 4, "Plan Width": 4, "Actual Rows": 6, "Actual Loops": 3167, "Index Cond": "(postid = p.id)", "Rows Removed by Index Recheck": 0, "Filter": "(creationdate >= '2010-09-20 19:11:45'::timestamp without time zone)", "Rows Removed by Filter": 0}]}, {"Node Type": "Index Scan", "Parent Relationship": "Inner", "Parallel Aware": false, "Async Capable": false, "Scan Direction": "Forward", "Index Name": "idx_votes_postid", "Relation Name": "votes", "Alias": "v", "Startup Cost": 0.42, "Total Cost": 0.56, "Plan Rows": 5, "Plan Width": 4, "Actual Rows": 6, "Actual Loops": 19015, "Index Cond": "(postid = ph.postid)", "Rows Removed by Index Recheck": 0, "Filter": "(creationdate <= '2014-09-11 00:00:00'::timestamp without time zone)", "Rows Removed by Filter": 0}]}, {"Node Type": "Hash", "Parent Relationship": "Inner", "Parallel Aware": false, "Async Capable": false, "Startup Cost": 3522.81, "Total Cost": 3522.81, "Plan Rows": 173417, "Plan Width": 4, "Actual Rows": 173418, "Actual Loops": 1, "Hash Buckets": 262144, "Original Hash Buckets": 262144, "Hash Batches": 1, "Original Hash Batches": 1, "Peak Memory Usage": 8145, "Plans": [{"Node Type": "Seq Scan", "Parent Relationship": "Outer", "Parallel Aware": false, "Async Capable": false, "Relation Name": "comments", "Alias": "c", "Startup Cost": 0.0, "Total Cost": 3522.81, "Plan Rows": 173417, "Plan Width": 4, "Actual Rows": 173418, "Actual Loops": 1, "Filter": "(creationdate >= '2010-08-01 12:12:41'::timestamp without time zone)", "Rows Removed by Filter": 887}]}]}]}, "Planning Time": 6.59, "Triggers": [], "Execution Time": 292.569}, {"Plan": {"Node Type": "Aggregate", "Strategy": "Plain", "Partial Mode": "Finalize", "Parallel Aware": false, "Async Capable": false, "Startup Cost": 12440.36, "Total Cost": 12440.37, "Plan Rows": 1, "Plan Width": 8, "Actual Rows": 1, "Actual Loops": 1, "Plans": [{"Node Type": "Gather", "Parent Relationship": "Outer", "Parallel Aware": false, "Async Capable": false, "Startup Cost": 12440.25, "Total Cost": 12440.36, "Plan Rows": 1, "Plan Width": 8, "Actual Rows": 2, "Actual Loops": 1, "Workers Planned": 1, "Workers Launched": 1, "Single Copy": false, "Plans": [{"Node Type": "Aggregate", "Strategy": "Plain", "Partial Mode": "Partial", "Parent Relationship": "Outer", "Parallel Aware": false, "Async Capable": false, "Startup Cost": 11440.25, "Total Cost": 11440.26, "Plan Rows": 1, "Plan Width": 8, "Actual Rows": 1, "Actual Loops": 2, "Workers": [], "Plans": [{"Node Type": "Hash Join", "Parent Relationship": "Outer", "Parallel Aware": false, "Async Capable": false, "Join Type": "Inner", "Startup Cost": 6130.94, "Total Cost": 11403.14, "Plan Rows": 837294.0, "Plan Width": 0, "Actual Rows": 227047, "Actual Loops": 2, "Inner Unique": false, "Hash Cond": "(ph.postid = p.id)", "Workers": [], "Plans": [{"Node Type": "Seq Scan", "Parent Relationship": "Outer", "Parallel Aware": true, "Async Capable": false, "Relation Name": "posthistory", "Alias": "ph", "Startup Cost": 0.0, "Total Cost": 4469.32, "Plan Rows": 174523, "Plan Width": 4, "Actual Rows": 148408, "Actual Loops": 2, "Filter": "(creationdate >= '2010-09-20 19:11:45'::timestamp without time zone)", "Rows Removed by Filter": 3186, "Workers": []}, {"Node Type": "Hash", "Parent Relationship": "Inner", "Parallel Aware": false, "Async Capable": false, "Startup Cost": 6033.17, "Total Cost": 6033.17, "Plan Rows": 190989.0, "Plan Width": 16, "Actual Rows": 65948, "Actual Loops": 2, "Hash Buckets": 131072, "Original Hash Buckets": 8192, "Hash Batches": 1, "Original Hash Batches": 1, "Peak Memory Usage": 4116, "Workers": [], "Plans": [{"Node Type": "Nested Loop", "Parent Relationship": "Outer", "Parallel Aware": false, "Async Capable": false, "Join Type": "Inner", "Startup Cost": 3047.1, "Total Cost": 6033.17, "Plan Rows": 190989.0, "Plan Width": 16, "Actual Rows": 65948, "Actual Loops": 2, "Inner Unique": false, "Join Filter": "(p.id = v.postid)", "Rows Removed by Join Filter": 0, "Workers": [], "Plans": [{"Node Type": "Nested Loop", "Parent Relationship": "Outer", "Parallel Aware": false, "Async Capable": false, "Join Type": "Inner", "Startup Cost": 3046.68, "Total Cost": 4614.23, "Plan Rows": 44956.0, "Plan Width": 12, "Actual Rows": 10594, "Actual Loops": 2, "Inner Unique": false, "Workers": [], "Plans": [{"Node Type": "Hash Join", "Parent Relationship": "Outer", "Parallel Aware": false, "Async Capable": false, "Join Type": "Inner", "Startup Cost": 3046.26, "Total Cost": 3320.48, "Plan Rows": 22488.0, "Plan Width": 8, "Actual Rows": 3167, "Actual Loops": 2, "Inner Unique": true, "Hash Cond": "(pl.postid = p.id)", "Workers": [], "Plans": [{"Node Type": "Seq Scan", "Parent Relationship": "Outer", "Parallel Aware": false, "Async Capable": false, "Relation Name": "postlinks", "Alias": "pl", "Startup Cost": 0.0, "Total Cost": 248.53, "Plan Rows": 9788, "Plan Width": 4, "Actual Rows": 9803, "Actual Loops": 2, "Filter": "((creationdate <= '2014-08-11 17:26:31'::timestamp without time zone) AND (linktypeid = 1))", "Rows Removed by Filter": 1299, "Workers": []}, {"Node Type": "Hash", "Parent Relationship": "Inner", "Parallel Aware": false, "Async Capable": false, "Startup Cost": 2909.46, "Total Cost": 2909.46, "Plan Rows": 10944, "Plan Width": 4, "Actual Rows": 11092, "Actual Loops": 2, "Hash Buckets": 16384, "Original Hash Buckets": 16384, "Hash Batches": 1, "Original Hash Batches": 1, "Peak Memory Usage": 518, "Workers": [], "Plans": [{"Node Type": "Seq Scan", "Parent Relationship": "Outer", "Parallel Aware": false, "Async Capable": false, "Relation Name": "posts", "Alias": "p", "Startup Cost": 0.0, "Total Cost": 2909.46, "Plan Rows": 10944, "Plan Width": 4, "Actual Rows": 11092, "Actual Loops": 2, "Filter": "((score <= 44) AND (favoritecount >= 0) AND (favoritecount <= 3) AND (creationdate >= '2010-08-11 13:53:56'::timestamp without time zone) AND (creationdate <= '2014-09-03 11:52:36'::timestamp without time zone))", "Rows Removed by Filter": 80884, "Workers": []}]}]}, {"Node Type": "Index Scan", "Parent Relationship": "Inner", "Parallel Aware": false, "Async Capable": false, "Scan Direction": "Forward", "Index Name": "idx_comments_postid", "Relation Name": "comments", "Alias": "c", "Startup Cost": 0.42, "Total Cost": 1.08, "Plan Rows": 3, "Plan Width": 4, "Actual Rows": 3, "Actual Loops": 6334, "Index Cond": "(postid = p.id)", "Rows Removed by Index Recheck": 0, "Filter": "(creationdate >= '2010-08-01 12:12:41'::timestamp without time zone)", "Rows Removed by Filter": 0, "Workers": []}]}, {"Node Type": "Index Scan", "Parent Relationship": "Inner", "Parallel Aware": false, "Async Capable": false, "Scan Direction": "Forward", "Index Name": "idx_votes_postid", "Relation Name": "votes", "Alias": "v", "Startup Cost": 0.42, "Total Cost": 0.58, "Plan Rows": 5, "Plan Width": 4, "Actual Rows": 6, "Actual Loops": 21188, "Index Cond": "(postid = c.postid)", "Rows Removed by Index Recheck": 0, "Filter": "(creationdate <= '2014-09-11 00:00:00'::timestamp without time zone)", "Rows Removed by Filter": 0, "Workers": []}]}]}]}]}]}]}, "Planning Time": 11.521, "Triggers": [], "Execution Time": 220.329}, {"Plan": {"Node Type": "Aggregate", "Strategy": "Plain", "Partial Mode": "Simple", "Parallel Aware": false, "Async Capable": false, "Startup Cost": 110522.31, "Total Cost": 110522.32, "Plan Rows": 1, "Plan Width": 8, "Actual Rows": 1, "Actual Loops": 1, "Plans": [{"Node Type": "Merge Join", "Parent Relationship": "Outer", "Parallel Aware": false, "Async Capable": false, "Join Type": "Inner", "Startup Cost": 3381.08, "Total Cost": 110459.23, "Plan Rows": 837294.0, "Plan Width": 0, "Actual Rows": 454094, "Actual Loops": 1, "Inner Unique": false, "Merge Cond": "(p.id = c.postid)", "Plans": [{"Node Type": "Sort", "Parent Relationship": "Outer", "Parallel Aware": false, "Async Capable": false, "Startup Cost": 3379.82, "Total Cost": 3382.73, "Plan Rows": 22488.0, "Plan Width": 8, "Actual Rows": 3167, "Actual Loops": 1, "Sort Key": ["p.id"], "Sort Method": "quicksort", "Sort Space Used": 195, "Sort Space Type": "Memory", "Plans": [{"Node Type": "Hash Join", "Parent Relationship": "Outer", "Parallel Aware": false, "Async Capable": false, "Join Type": "Inner", "Startup Cost": 3046.26, "Total Cost": 3320.48, "Plan Rows": 22488.0, "Plan Width": 8, "Actual Rows": 3167, "Actual Loops": 1, "Inner Unique": true, "Hash Cond": "(pl.postid = p.id)", "Plans": [{"Node Type": "Seq Scan", "Parent Relationship": "Outer", "Parallel Aware": false, "Async Capable": false, "Relation Name": "postlinks", "Alias": "pl", "Startup Cost": 0.0, "Total Cost": 248.53, "Plan Rows": 9788, "Plan Width": 4, "Actual Rows": 9803, "Actual Loops": 1, "Filter": "((creationdate <= '2014-08-11 17:26:31'::timestamp without time zone) AND (linktypeid = 1))", "Rows Removed by Filter": 1299}, {"Node Type": "Hash", "Parent Relationship": "Inner", "Parallel Aware": false, "Async Capable": false, "Startup Cost": 2909.46, "Total Cost": 2909.46, "Plan Rows": 10944, "Plan Width": 4, "Actual Rows": 11092, "Actual Loops": 1, "Hash Buckets": 16384, "Original Hash Buckets": 16384, "Hash Batches": 1, "Original Hash Batches": 1, "Peak Memory Usage": 518, "Plans": [{"Node Type": "Seq Scan", "Parent Relationship": "Outer", "Parallel Aware": false, "Async Capable": false, "Relation Name": "posts", "Alias": "p", "Startup Cost": 0.0, "Total Cost": 2909.46, "Plan Rows": 10944, "Plan Width": 4, "Actual Rows": 11092, "Actual Loops": 1, "Filter": "((score <= 44) AND (favoritecount >= 0) AND (favoritecount <= 3) AND (creationdate >= '2010-08-11 13:53:56'::timestamp without time zone) AND (creationdate <= '2014-09-03 11:52:36'::timestamp without time zone))", "Rows Removed by Filter": 80884}]}]}]}, {"Node Type": "Materialize", "Parent Relationship": "Inner", "Parallel Aware": false, "Async Capable": false, "Startup Cost": 1.26, "Total Cost": 98081.63, "Plan Rows": 4267465.0, "Plan Width": 12, "Actual Rows": 4000664, "Actual Loops": 1, "Plans": [{"Node Type": "Merge Join", "Parent Relationship": "Outer", "Parallel Aware": false, "Async Capable": false, "Join Type": "Inner", "Startup Cost": 1.26, "Total Cost": 89523.29, "Plan Rows": 4267465.0, "Plan Width": 12, "Actual Rows": 3842001, "Actual Loops": 1, "Inner Unique": false, "Merge Cond": "(c.postid = ph.postid)", "Plans": [{"Node Type": "Index Scan", "Parent Relationship": "Outer", "Parallel Aware": false, "Async Capable": false, "Scan Direction": "Forward", "Index Name": "idx_comments_postid", "Relation Name": "comments", "Alias": "c", "Startup Cost": 0.42, "Total Cost": 5857.0, "Plan Rows": 173417, "Plan Width": 4, "Actual Rows": 167303, "Actual Loops": 1, "Filter": "(creationdate >= '2010-08-01 12:12:41'::timestamp without time zone)", "Rows Removed by Filter": 887}, {"Node Type": "Materialize", "Parent Relationship": "Inner", "Parallel Aware": false, "Async Capable": false, "Startup Cost": 0.84, "Total Cost": 45222.55, "Plan Rows": 784305.0, "Plan Width": 8, "Actual Rows": 4167147, "Actual Loops": 1, "Plans": [{"Node Type": "Merge Join", "Parent Relationship": "Outer", "Parallel Aware": false, "Async Capable": false, "Join Type": "Inner", "Startup Cost": 0.84, "Total Cost": 42100.36, "Plan Rows": 784305.0, "Plan Width": 8, "Actual Rows": 1205996, "Actual Loops": 1, "Inner Unique": false, "Merge Cond": "(ph.postid = v.postid)", "Plans": [{"Node Type": "Index Scan", "Parent Relationship": "Outer", "Parallel Aware": false, "Async Capable": false, "Scan Direction": "Forward", "Index Name": "idx_posthistory_postid", "Relation Name": "posthistory", "Alias": "ph", "Startup Cost": 0.42, "Total Cost": 9831.47, "Plan Rows": 296689, "Plan Width": 4, "Actual Rows": 285157, "Actual Loops": 1, "Filter": "(creationdate >= '2010-09-20 19:11:45'::timestamp without time zone)", "Rows Removed by Filter": 6372}, {"Node Type": "Materialize", "Parent Relationship": "Inner", "Parallel Aware": false, "Async Capable": false, "Startup Cost": 0.42, "Total Cost": 13613.47, "Plan Rows": 327619, "Plan Width": 4, "Actual Rows": 1222970, "Actual Loops": 1, "Plans": [{"Node Type": "Index Scan", "Parent Relationship": "Outer", "Parallel Aware": false, "Async Capable": false, "Scan Direction": "Forward", "Index Name": "idx_votes_postid", "Relation Name": "votes", "Alias": "v", "Startup Cost": 0.42, "Total Cost": 12794.42, "Plan Rows": 327619, "Plan Width": 4, "Actual Rows": 321718, "Actual Loops": 1, "Filter": "(creationdate <= '2014-09-11 00:00:00'::timestamp without time zone)", "Rows Removed by Filter": 173}]}]}]}]}]}]}]}, "Planning Time": 6.836, "Triggers": [], "Execution Time": 1985.196}, {"Plan": {"Node Type": "Aggregate", "Strategy": "Plain", "Partial Mode": "Finalize", "Parallel Aware": false, "Async Capable": false, "Startup Cost": 22788.8, "Total Cost": 22788.81, "Plan Rows": 1, "Plan Width": 8, "Actual Rows": 1, "Actual Loops": 1, "Plans": [{"Node Type": "Gather", "Parent Relationship": "Outer", "Parallel Aware": false, "Async Capable": false, "Startup Cost": 22788.69, "Total Cost": 22788.8, "Plan Rows": 1, "Plan Width": 8, "Actual Rows": 2, "Actual Loops": 1, "Workers Planned": 1, "Workers Launched": 1, "Single Copy": false, "Plans": [{"Node Type": "Aggregate", "Strategy": "Plain", "Partial Mode": "Partial", "Parent Relationship": "Outer", "Parallel Aware": false, "Async Capable": false, "Startup Cost": 21788.69, "Total Cost": 21788.7, "Plan Rows": 1, "Plan Width": 8, "Actual Rows": 1, "Actual Loops": 2, "Workers": [], "Plans": [{"Node Type": "Hash Join", "Parent Relationship": "Outer", "Parallel Aware": false, "Async Capable": false, "Join Type": "Inner", "Startup Cost": 11818.98, "Total Cost": 21751.58, "Plan Rows": 837294.0, "Plan Width": 0, "Actual Rows": 227047, "Actual Loops": 2, "Inner Unique": false, "Hash Cond": "(c.postid = p.id)", "Workers": [], "Plans": [{"Node Type": "Hash Join", "Parent Relationship": "Outer", "Parallel Aware": true, "Async Capable": false, "Join Type": "Inner", "Startup Cost": 6650.85, "Total Cost": 14973.52, "Plan Rows": 1018006.0, "Plan Width": 8, "Actual Rows": 345522, "Actual Loops": 2, "Inner Unique": false, "Hash Cond": "(c.postid = ph.postid)", "Workers": [], "Plans": [{"Node Type": "Seq Scan", "Parent Relationship": "Outer", "Parallel Aware": true, "Async Capable": false, "Relation Name": "comments", "Alias": "c", "Startup Cost": 0.0, "Total Cost": 2625.65, "Plan Rows": 102010, "Plan Width": 4, "Actual Rows": 86709, "Actual Loops": 2, "Filter": "(creationdate >= '2010-08-01 12:12:41'::timestamp without time zone)", "Rows Removed by Filter": 444, "Workers": []}, {"Node Type": "Hash", "Parent Relationship": "Inner", "Parallel Aware": true, "Async Capable": false, "Startup Cost": 4469.32, "Total Cost": 4469.32, "Plan Rows": 174523, "Plan Width": 4, "Actual Rows": 148408, "Actual Loops": 2, "Hash Buckets": 524288, "Original Hash Buckets": 524288, "Hash Batches": 1, "Original Hash Batches": 1, "Peak Memory Usage": 15744, "Workers": [], "Plans": [{"Node Type": "Seq Scan", "Parent Relationship": "Outer", "Parallel Aware": true, "Async Capable": false, "Relation Name": "posthistory", "Alias": "ph", "Startup Cost": 0.0, "Total Cost": 4469.32, "Plan Rows": 174523, "Plan Width": 4, "Actual Rows": 148408, "Actual Loops": 2, "Filter": "(creationdate >= '2010-09-20 19:11:45'::timestamp without time zone)", "Rows Removed by Filter": 3186, "Workers": []}]}]}, {"Node Type": "Hash", "Parent Relationship": "Inner", "Parallel Aware": false, "Async Capable": false, "Startup Cost": 5116.25, "Total Cost": 5116.25, "Plan Rows": 96420.0, "Plan Width": 12, "Actual Rows": 18097, "Actual Loops": 2, "Hash Buckets": 32768, "Original Hash Buckets": 8192, "Hash Batches": 1, "Original Hash Batches": 1, "Peak Memory Usage": 1034, "Workers": [], "Plans": [{"Node Type": "Nested Loop", "Parent Relationship": "Outer", "Parallel Aware": false, "Async Capable": false, "Join Type": "Inner", "Startup Cost": 3046.68, "Total Cost": 5116.25, "Plan Rows": 96420.0, "Plan Width": 12, "Actual Rows": 18097, "Actual Loops": 2, "Inner Unique": false, "Workers": [], "Plans": [{"Node Type": "Hash Join", "Parent Relationship": "Outer", "Parallel Aware": false, "Async Capable": false, "Join Type": "Inner", "Startup Cost": 3046.26, "Total Cost": 3320.48, "Plan Rows": 22488.0, "Plan Width": 8, "Actual Rows": 3167, "Actual Loops": 2, "Inner Unique": true, "Hash Cond": "(pl.postid = p.id)", "Workers": [], "Plans": [{"Node Type": "Seq Scan", "Parent Relationship": "Outer", "Parallel Aware": false, "Async Capable": false, "Relation Name": "postlinks", "Alias": "pl", "Startup Cost": 0.0, "Total Cost": 248.53, "Plan Rows": 9788, "Plan Width": 4, "Actual Rows": 9803, "Actual Loops": 2, "Filter": "((creationdate <= '2014-08-11 17:26:31'::timestamp without time zone) AND (linktypeid = 1))", "Rows Removed by Filter": 1299, "Workers": []}, {"Node Type": "Hash", "Parent Relationship": "Inner", "Parallel Aware": false, "Async Capable": false, "Startup Cost": 2909.46, "Total Cost": 2909.46, "Plan Rows": 10944, "Plan Width": 4, "Actual Rows": 11092, "Actual Loops": 2, "Hash Buckets": 16384, "Original Hash Buckets": 16384, "Hash Batches": 1, "Original Hash Batches": 1, "Peak Memory Usage": 518, "Workers": [], "Plans": [{"Node Type": "Seq Scan", "Parent Relationship": "Outer", "Parallel Aware": false, "Async Capable": false, "Relation Name": "posts", "Alias": "p", "Startup Cost": 0.0, "Total Cost": 2909.46, "Plan Rows": 10944, "Plan Width": 4, "Actual Rows": 11092, "Actual Loops": 2, "Filter": "((score <= 44) AND (favoritecount >= 0) AND (favoritecount <= 3) AND (creationdate >= '2010-08-11 13:53:56'::timestamp without time zone) AND (creationdate <= '2014-09-03 11:52:36'::timestamp without time zone))", "Rows Removed by Filter": 80884, "Workers": []}]}]}, {"Node Type": "Index Scan", "Parent Relationship": "Inner", "Parallel Aware": false, "Async Capable": false, "Scan Direction": "Forward", "Index Name": "idx_votes_postid", "Relation Name": "votes", "Alias": "v", "Startup Cost": 0.42, "Total Cost": 1.49, "Plan Rows": 5, "Plan Width": 4, "Actual Rows": 6, "Actual Loops": 6334, "Index Cond": "(postid = p.id)", "Rows Removed by Index Recheck": 0, "Filter": "(creationdate <= '2014-09-11 00:00:00'::timestamp without time zone)", "Rows Removed by Filter": 0, "Workers": []}]}]}]}]}]}]}, "Planning Time": 12.635, "Triggers": [], "Execution Time": 366.952}, {"Plan": {"Node Type": "Aggregate", "Strategy": "Plain", "Partial Mode": "Finalize", "Parallel Aware": false, "Async Capable": false, "Startup Cost": 11816.97, "Total Cost": 11816.98, "Plan Rows": 1, "Plan Width": 8, "Actual Rows": 1, "Actual Loops": 1, "Plans": [{"Node Type": "Gather", "Parent Relationship": "Outer", "Parallel Aware": false, "Async Capable": false, "Startup Cost": 11816.86, "Total Cost": 11816.97, "Plan Rows": 1, "Plan Width": 8, "Actual Rows": 2, "Actual Loops": 1, "Workers Planned": 1, "Workers Launched": 1, "Single Copy": false, "Plans": [{"Node Type": "Aggregate", "Strategy": "Plain", "Partial Mode": "Partial", "Parent Relationship": "Outer", "Parallel Aware": false, "Async Capable": false, "Startup Cost": 10816.86, "Total Cost": 10816.87, "Plan Rows": 1, "Plan Width": 8, "Actual Rows": 1, "Actual Loops": 2, "Workers": [], "Plans": [{"Node Type": "Hash Join", "Parent Relationship": "Outer", "Parallel Aware": false, "Async Capable": false, "Join Type": "Inner", "Startup Cost": 7623.1, "Total Cost": 10779.75, "Plan Rows": 837294.0, "Plan Width": 0, "Actual Rows": 227047, "Actual Loops": 2, "Inner Unique": false, "Hash Cond": "(c.postid = p.id)", "Workers": [], "Plans": [{"Node Type": "Seq Scan", "Parent Relationship": "Outer", "Parallel Aware": true, "Async Capable": false, "Relation Name": "comments", "Alias": "c", "Startup Cost": 0.0, "Total Cost": 2625.65, "Plan Rows": 102010, "Plan Width": 4, "Actual Rows": 86709, "Actual Loops": 2, "Filter": "(creationdate >= '2010-08-01 12:12:41'::timestamp without time zone)", "Rows Removed by Filter": 444, "Workers": []}, {"Node Type": "Hash", "Parent Relationship": "Inner", "Parallel Aware": false, "Async Capable": false, "Startup Cost": 7455.78, "Total Cost": 7455.78, "Plan Rows": 404399.0, "Plan Width": 16, "Actual Rows": 114676, "Actual Loops": 2, "Hash Buckets": 131072, "Original Hash Buckets": 16384, "Hash Batches": 1, "Original Hash Batches": 1, "Peak Memory Usage": 6400, "Workers": [], "Plans": [{"Node Type": "Nested Loop", "Parent Relationship": "Outer", "Parallel Aware": false, "Async Capable": false, "Join Type": "Inner", "Startup Cost": 3047.11, "Total Cost": 7455.78, "Plan Rows": 404399.0, "Plan Width": 16, "Actual Rows": 114676, "Actual Loops": 2, "Inner Unique": false, "Join Filter": "(p.id = v.postid)", "Rows Removed by Join Filter": 0, "Workers": [], "Plans": [{"Node Type": "Nested Loop", "Parent Relationship": "Outer", "Parallel Aware": false, "Async Capable": false, "Join Type": "Inner", "Startup Cost": 3046.68, "Total Cost": 5123.03, "Plan Rows": 107200.0, "Plan Width": 12, "Actual Rows": 19015, "Actual Loops": 2, "Inner Unique": false, "Workers": [], "Plans": [{"Node Type": "Hash Join", "Parent Relationship": "Outer", "Parallel Aware": false, "Async Capable": false, "Join Type": "Inner", "Startup Cost": 3046.26, "Total Cost": 3320.48, "Plan Rows": 22488.0, "Plan Width": 8, "Actual Rows": 3167, "Actual Loops": 2, "Inner Unique": true, "Hash Cond": "(pl.postid = p.id)", "Workers": [], "Plans": [{"Node Type": "Seq Scan", "Parent Relationship": "Outer", "Parallel Aware": false, "Async Capable": false, "Relation Name": "postlinks", "Alias": "pl", "Startup Cost": 0.0, "Total Cost": 248.53, "Plan Rows": 9788, "Plan Width": 4, "Actual Rows": 9803, "Actual Loops": 2, "Filter": "((creationdate <= '2014-08-11 17:26:31'::timestamp without time zone) AND (linktypeid = 1))", "Rows Removed by Filter": 1299, "Workers": []}, {"Node Type": "Hash", "Parent Relationship": "Inner", "Parallel Aware": false, "Async Capable": false, "Startup Cost": 2909.46, "Total Cost": 2909.46, "Plan Rows": 10944, "Plan Width": 4, "Actual Rows": 11092, "Actual Loops": 2, "Hash Buckets": 16384, "Original Hash Buckets": 16384, "Hash Batches": 1, "Original Hash Batches": 1, "Peak Memory Usage": 518, "Workers": [], "Plans": [{"Node Type": "Seq Scan", "Parent Relationship": "Outer", "Parallel Aware": false, "Async Capable": false, "Relation Name": "posts", "Alias": "p", "Startup Cost": 0.0, "Total Cost": 2909.46, "Plan Rows": 10944, "Plan Width": 4, "Actual Rows": 11092, "Actual Loops": 2, "Filter": "((score <= 44) AND (favoritecount >= 0) AND (favoritecount <= 3) AND (creationdate >= '2010-08-11 13:53:56'::timestamp without time zone) AND (creationdate <= '2014-09-03 11:52:36'::timestamp without time zone))", "Rows Removed by Filter": 80884, "Workers": []}]}]}, {"Node Type": "Index Scan", "Parent Relationship": "Inner", "Parallel Aware": false, "Async Capable": false, "Scan Direction": "Forward", "Index Name": "idx_posthistory_postid", "Relation Name": "posthistory", "Alias": "ph", "Startup Cost": 0.42, "Total Cost": 1.51, "Plan Rows": 4, "Plan Width": 4, "Actual Rows": 6, "Actual Loops": 6334, "Index Cond": "(postid = p.id)", "Rows Removed by Index Recheck": 0, "Filter": "(creationdate >= '2010-09-20 19:11:45'::timestamp without time zone)", "Rows Removed by Filter": 0, "Workers": []}]}, {"Node Type": "Index Scan", "Parent Relationship": "Inner", "Parallel Aware": false, "Async Capable": false, "Scan Direction": "Forward", "Index Name": "idx_votes_postid", "Relation Name": "votes", "Alias": "v", "Startup Cost": 0.42, "Total Cost": 0.56, "Plan Rows": 5, "Plan Width": 4, "Actual Rows": 6, "Actual Loops": 38030, "Index Cond": "(postid = ph.postid)", "Rows Removed by Index Recheck": 0, "Filter": "(creationdate <= '2014-09-11 00:00:00'::timestamp without time zone)", "Rows Removed by Filter": 0, "Workers": []}]}]}]}]}]}]}, "Planning Time": 11.651, "Triggers": [], "Execution Time": 257.893}, {"Plan": {"Node Type": "Aggregate", "Strategy": "Plain", "Partial Mode": "Simple", "Parallel Aware": false, "Async Capable": false, "Startup Cost": 34495.25, "Total Cost": 34495.26, "Plan Rows": 1, "Plan Width": 8, "Actual Rows": 1, "Actual Loops": 1, "Plans": [{"Node Type": "Hash Join", "Parent Relationship": "Outer", "Parallel Aware": false, "Async Capable": false, "Join Type": "Inner", "Startup Cost": 7283.7, "Total Cost": 34432.17, "Plan Rows": 837294.0, "Plan Width": 0, "Actual Rows": 454094, "Actual Loops": 1, "Inner Unique": false, "Hash Cond": "(pl.postid = p.id)", "Plans": [{"Node Type": "Merge Join", "Parent Relationship": "Outer", "Parallel Aware": false, "Async Capable": false, "Join Type": "Inner", "Startup Cost": 1.46, "Total Cost": 25643.46, "Plan Rows": 1029323.0, "Plan Width": 12, "Actual Rows": 403975, "Actual Loops": 1, "Inner Unique": false, "Merge Cond": "(pl.postid = ph.postid)", "Plans": [{"Node Type": "Nested Loop", "Parent Relationship": "Outer", "Parallel Aware": false, "Async Capable": false, "Join Type": "Inner", "Startup Cost": 0.72, "Total Cost": 12855.14, "Plan Rows": 172398.0, "Plan Width": 8, "Actual Rows": 66311, "Actual Loops": 1, "Inner Unique": false, "Plans": [{"Node Type": "Index Scan", "Parent Relationship": "Outer", "Parallel Aware": false, "Async Capable": false, "Scan Direction": "Forward", "Index Name": "idx_postlinks_postid", "Relation Name": "postlinks", "Alias": "pl", "Startup Cost": 0.29, "Total Cost": 450.8, "Plan Rows": 9788, "Plan Width": 4, "Actual Rows": 9803, "Actual Loops": 1, "Filter": "((creationdate <= '2014-08-11 17:26:31'::timestamp without time zone) AND (linktypeid = 1))", "Rows Removed by Filter": 1299}, {"Node Type": "Memoize", "Parent Relationship": "Inner", "Parallel Aware": false, "Async Capable": false, "Startup Cost": 0.43, "Total Cost": 1.62, "Plan Rows": 5, "Plan Width": 4, "Actual Rows": 7, "Actual Loops": 9803, "Cache Key": "pl.postid", "Cache Mode": "logical", "Cache Hits": 2693, "Cache Misses": 7110, "Cache Evictions": 0, "Cache Overflows": 0, "Peak Memory Usage": 1988, "Plans": [{"Node Type": "Index Scan", "Parent Relationship": "Outer", "Parallel Aware": false, "Async Capable": false, "Scan Direction": "Forward", "Index Name": "idx_votes_postid", "Relation Name": "votes", "Alias": "v", "Startup Cost": 0.42, "Total Cost": 1.61, "Plan Rows": 5, "Plan Width": 4, "Actual Rows": 6, "Actual Loops": 7110, "Index Cond": "(postid = pl.postid)", "Rows Removed by Index Recheck": 0, "Filter": "(creationdate <= '2014-09-11 00:00:00'::timestamp without time zone)", "Rows Removed by Filter": 0}]}]}, {"Node Type": "Index Scan", "Parent Relationship": "Inner", "Parallel Aware": false, "Async Capable": false, "Scan Direction": "Forward", "Index Name": "idx_posthistory_postid", "Relation Name": "posthistory", "Alias": "ph", "Startup Cost": 0.42, "Total Cost": 9831.47, "Plan Rows": 296689, "Plan Width": 4, "Actual Rows": 654354, "Actual Loops": 1, "Filter": "(creationdate >= '2010-09-20 19:11:45'::timestamp without time zone)", "Rows Removed by Filter": 54516}]}, {"Node Type": "Hash", "Parent Relationship": "Inner", "Parallel Aware": false, "Async Capable": false, "Startup Cost": 7024.31, "Total Cost": 7024.31, "Plan Rows": 61683.0, "Plan Width": 8, "Actual Rows": 25695, "Actual Loops": 1, "Hash Buckets": 32768, "Original Hash Buckets": 32768, "Hash Batches": 1, "Original Hash Batches": 1, "Peak Memory Usage": 1260, "Plans": [{"Node Type": "Hash Join", "Parent Relationship": "Outer", "Parallel Aware": false, "Async Capable": false, "Join Type": "Inner", "Startup Cost": 3046.26, "Total Cost": 7024.31, "Plan Rows": 61683.0, "Plan Width": 8, "Actual Rows": 25695, "Actual Loops": 1, "Inner Unique": true, "Hash Cond": "(c.postid = p.id)", "Plans": [{"Node Type": "Seq Scan", "Parent Relationship": "Outer", "Parallel Aware": false, "Async Capable": false, "Relation Name": "comments", "Alias": "c", "Startup Cost": 0.0, "Total Cost": 3522.81, "Plan Rows": 173417, "Plan Width": 4, "Actual Rows": 173418, "Actual Loops": 1, "Filter": "(creationdate >= '2010-08-01 12:12:41'::timestamp without time zone)", "Rows Removed by Filter": 887}, {"Node Type": "Hash", "Parent Relationship": "Inner", "Parallel Aware": false, "Async Capable": false, "Startup Cost": 2909.46, "Total Cost": 2909.46, "Plan Rows": 10944, "Plan Width": 4, "Actual Rows": 11092, "Actual Loops": 1, "Hash Buckets": 16384, "Original Hash Buckets": 16384, "Hash Batches": 1, "Original Hash Batches": 1, "Peak Memory Usage": 518, "Plans": [{"Node Type": "Seq Scan", "Parent Relationship": "Outer", "Parallel Aware": false, "Async Capable": false, "Relation Name": "posts", "Alias": "p", "Startup Cost": 0.0, "Total Cost": 2909.46, "Plan Rows": 10944, "Plan Width": 4, "Actual Rows": 11092, "Actual Loops": 1, "Filter": "((score <= 44) AND (favoritecount >= 0) AND (favoritecount <= 3) AND (creationdate >= '2010-08-11 13:53:56'::timestamp without time zone) AND (creationdate <= '2014-09-03 11:52:36'::timestamp without time zone))", "Rows Removed by Filter": 80884}]}]}]}]}]}, "Planning Time": 6.77, "Triggers": [], "Execution Time": 597.065}, {"Plan": {"Node Type": "Aggregate", "Strategy": "Plain", "Partial Mode": "Finalize", "Parallel Aware": false, "Async Capable": false, "Startup Cost": 26792.89, "Total Cost": 26792.9, "Plan Rows": 1, "Plan Width": 8, "Actual Rows": 1, "Actual Loops": 1, "Plans": [{"Node Type": "Gather", "Parent Relationship": "Outer", "Parallel Aware": false, "Async Capable": false, "Startup Cost": 26792.77, "Total Cost": 26792.88, "Plan Rows": 1, "Plan Width": 8, "Actual Rows": 2, "Actual Loops": 1, "Workers Planned": 1, "Workers Launched": 1, "Single Copy": false, "Plans": [{"Node Type": "Aggregate", "Strategy": "Plain", "Partial Mode": "Partial", "Parent Relationship": "Outer", "Parallel Aware": false, "Async Capable": false, "Startup Cost": 25792.77, "Total Cost": 25792.78, "Plan Rows": 1, "Plan Width": 8, "Actual Rows": 1, "Actual Loops": 2, "Workers": [], "Plans": [{"Node Type": "Hash Join", "Parent Relationship": "Outer", "Parallel Aware": true, "Async Capable": false, "Join Type": "Inner", "Startup Cost": 19844.23, "Total Cost": 25755.67, "Plan Rows": 837294.0, "Plan Width": 0, "Actual Rows": 227047, "Actual Loops": 2, "Inner Unique": false, "Hash Cond": "(p.id = c.postid)", "Workers": [], "Plans": [{"Node Type": "Hash Join", "Parent Relationship": "Outer", "Parallel Aware": false, "Async Capable": false, "Join Type": "Inner", "Startup Cost": 3046.26, "Total Cost": 7973.72, "Plan Rows": 165583.0, "Plan Width": 8, "Actual Rows": 30642, "Actual Loops": 2, "Inner Unique": true, "Hash Cond": "(ph.postid = p.id)", "Workers": [], "Plans": [{"Node Type": "Seq Scan", "Parent Relationship": "Outer", "Parallel Aware": true, "Async Capable": false, "Relation Name": "posthistory", "Alias": "ph", "Startup Cost": 0.0, "Total Cost": 4469.32, "Plan Rows": 174523, "Plan Width": 4, "Actual Rows": 148408, "Actual Loops": 2, "Filter": "(creationdate >= '2010-09-20 19:11:45'::timestamp without time zone)", "Rows Removed by Filter": 3186, "Workers": []}, {"Node Type": "Hash", "Parent Relationship": "Inner", "Parallel Aware": false, "Async Capable": false, "Startup Cost": 2909.46, "Total Cost": 2909.46, "Plan Rows": 10944, "Plan Width": 4, "Actual Rows": 11092, "Actual Loops": 2, "Hash Buckets": 16384, "Original Hash Buckets": 16384, "Hash Batches": 1, "Original Hash Batches": 1, "Peak Memory Usage": 518, "Workers": [], "Plans": [{"Node Type": "Seq Scan", "Parent Relationship": "Outer", "Parallel Aware": false, "Async Capable": false, "Relation Name": "posts", "Alias": "p", "Startup Cost": 0.0, "Total Cost": 2909.46, "Plan Rows": 10944, "Plan Width": 4, "Actual Rows": 11092, "Actual Loops": 2, "Filter": "((score <= 44) AND (favoritecount >= 0) AND (favoritecount <= 3) AND (creationdate >= '2010-08-11 13:53:56'::timestamp without time zone) AND (creationdate <= '2014-09-03 11:52:36'::timestamp without time zone))", "Rows Removed by Filter": 80884, "Workers": []}]}]}, {"Node Type": "Hash", "Parent Relationship": "Inner", "Parallel Aware": true, "Async Capable": false, "Startup Cost": 15517.89, "Total Cost": 15517.89, "Plan Rows": 568423.0, "Plan Width": 12, "Actual Rows": 131172, "Actual Loops": 2, "Hash Buckets": 262144, "Original Hash Buckets": 262144, "Hash Batches": 1, "Original Hash Batches": 1, "Peak Memory Usage": 14400, "Workers": [], "Plans": [{"Node Type": "Hash Join", "Parent Relationship": "Outer", "Parallel Aware": false, "Async Capable": false, "Join Type": "Inner", "Startup Cost": 7271.74, "Total Cost": 15517.89, "Plan Rows": 568423.0, "Plan Width": 12, "Actual Rows": 131172, "Actual Loops": 2, "Inner Unique": false, "Hash Cond": "(v.postid = c.postid)", "Workers": [], "Plans": [{"Node Type": "Seq Scan", "Parent Relationship": "Outer", "Parallel Aware": true, "Async Capable": false, "Relation Name": "votes", "Alias": "v", "Startup Cost": 0.0, "Total Cost": 4572.24, "Plan Rows": 192717, "Plan Width": 4, "Actual Rows": 163784, "Actual Loops": 2, "Filter": "(creationdate <= '2014-09-11 00:00:00'::timestamp without time zone)", "Rows Removed by Filter": 248, "Workers": []}, {"Node Type": "Hash", "Parent Relationship": "Inner", "Parallel Aware": false, "Async Capable": false, "Startup Cost": 6857.62, "Total Cost": 6857.62, "Plan Rows": 127752.0, "Plan Width": 8, "Actual Rows": 31580, "Actual Loops": 2, "Hash Buckets": 65536, "Original Hash Buckets": 65536, "Hash Batches": 1, "Original Hash Batches": 1, "Peak Memory Usage": 1746, "Workers": [], "Plans": [{"Node Type": "Hash Join", "Parent Relationship": "Outer", "Parallel Aware": false, "Async Capable": false, "Join Type": "Inner", "Startup Cost": 5690.52, "Total Cost": 6857.62, "Plan Rows": 127752.0, "Plan Width": 8, "Actual Rows": 31580, "Actual Loops": 2, "Inner Unique": false, "Hash Cond": "(pl.postid = c.postid)", "Workers": [], "Plans": [{"Node Type": "Seq Scan", "Parent Relationship": "Outer", "Parallel Aware": false, "Async Capable": false, "Relation Name": "postlinks", "Alias": "pl", "Startup Cost": 0.0, "Total Cost": 248.53, "Plan Rows": 9788, "Plan Width": 4, "Actual Rows": 9803, "Actual Loops": 2, "Filter": "((creationdate <= '2014-08-11 17:26:31'::timestamp without time zone) AND (linktypeid = 1))", "Rows Removed by Filter": 1299, "Workers": []}, {"Node Type": "Hash", "Parent Relationship": "Inner", "Parallel Aware": false, "Async Capable": false, "Startup Cost": 3522.81, "Total Cost": 3522.81, "Plan Rows": 173417, "Plan Width": 4, "Actual Rows": 173418, "Actual Loops": 2, "Hash Buckets": 262144, "Original Hash Buckets": 262144, "Hash Batches": 1, "Original Hash Batches": 1, "Peak Memory Usage": 8145, "Workers": [], "Plans": [{"Node Type": "Seq Scan", "Parent Relationship": "Outer", "Parallel Aware": false, "Async Capable": false, "Relation Name": "comments", "Alias": "c", "Startup Cost": 0.0, "Total Cost": 3522.81, "Plan Rows": 173417, "Plan Width": 4, "Actual Rows": 173418, "Actual Loops": 2, "Filter": "(creationdate >= '2010-08-01 12:12:41'::timestamp without time zone)", "Rows Removed by Filter": 887, "Workers": []}]}]}]}]}]}]}]}]}]}, "Planning Time": 11.706, "Triggers": [], "Execution Time": 346.444}, {"Plan": {"Node Type": "Aggregate", "Strategy": "Plain", "Partial Mode": "Simple", "Parallel Aware": false, "Async Capable": false, "Startup Cost": 43111.12, "Total Cost": 43111.13, "Plan Rows": 1, "Plan Width": 8, "Actual Rows": 1, "Actual Loops": 1, "Plans": [{"Node Type": "Merge Join", "Parent Relationship": "Outer", "Parallel Aware": false, "Async Capable": false, "Join Type": "Inner", "Startup Cost": 5347.02, "Total Cost": 43048.04, "Plan Rows": 837294.0, "Plan Width": 0, "Actual Rows": 454094, "Actual Loops": 1, "Inner Unique": false, "Merge Cond": "(p.id = c.postid)", "Plans": [{"Node Type": "Sort", "Parent Relationship": "Outer", "Parallel Aware": false, "Async Capable": false, "Startup Cost": 5346.18, "Total Cost": 5355.57, "Plan Rows": 107200.0, "Plan Width": 12, "Actual Rows": 19015, "Actual Loops": 1, "Sort Key": ["p.id"], "Sort Method": "quicksort", "Sort Space Used": 1511, "Sort Space Type": "Memory", "Plans": [{"Node Type": "Nested Loop", "Parent Relationship": "Outer", "Parallel Aware": false, "Async Capable": false, "Join Type": "Inner", "Startup Cost": 3046.68, "Total Cost": 5123.03, "Plan Rows": 107200.0, "Plan Width": 12, "Actual Rows": 19015, "Actual Loops": 1, "Inner Unique": false, "Plans": [{"Node Type": "Hash Join", "Parent Relationship": "Outer", "Parallel Aware": false, "Async Capable": false, "Join Type": "Inner", "Startup Cost": 3046.26, "Total Cost": 3320.48, "Plan Rows": 22488.0, "Plan Width": 8, "Actual Rows": 3167, "Actual Loops": 1, "Inner Unique": true, "Hash Cond": "(pl.postid = p.id)", "Plans": [{"Node Type": "Seq Scan", "Parent Relationship": "Outer", "Parallel Aware": false, "Async Capable": false, "Relation Name": "postlinks", "Alias": "pl", "Startup Cost": 0.0, "Total Cost": 248.53, "Plan Rows": 9788, "Plan Width": 4, "Actual Rows": 9803, "Actual Loops": 1, "Filter": "((creationdate <= '2014-08-11 17:26:31'::timestamp without time zone) AND (linktypeid = 1))", "Rows Removed by Filter": 1299}, {"Node Type": "Hash", "Parent Relationship": "Inner", "Parallel Aware": false, "Async Capable": false, "Startup Cost": 2909.46, "Total Cost": 2909.46, "Plan Rows": 10944, "Plan Width": 4, "Actual Rows": 11092, "Actual Loops": 1, "Hash Buckets": 16384, "Original Hash Buckets": 16384, "Hash Batches": 1, "Original Hash Batches": 1, "Peak Memory Usage": 518, "Plans": [{"Node Type": "Seq Scan", "Parent Relationship": "Outer", "Parallel Aware": false, "Async Capable": false, "Relation Name": "posts", "Alias": "p", "Startup Cost": 0.0, "Total Cost": 2909.46, "Plan Rows": 10944, "Plan Width": 4, "Actual Rows": 11092, "Actual Loops": 1, "Filter": "((score <= 44) AND (favoritecount >= 0) AND (favoritecount <= 3) AND (creationdate >= '2010-08-11 13:53:56'::timestamp without time zone) AND (creationdate <= '2014-09-03 11:52:36'::timestamp without time zone))", "Rows Removed by Filter": 80884}]}]}, {"Node Type": "Index Scan", "Parent Relationship": "Inner", "Parallel Aware": false, "Async Capable": false, "Scan Direction": "Forward", "Index Name": "idx_posthistory_postid", "Relation Name": "posthistory", "Alias": "ph", "Startup Cost": 0.42, "Total Cost": 1.51, "Plan Rows": 4, "Plan Width": 4, "Actual Rows": 6, "Actual Loops": 3167, "Index Cond": "(postid = p.id)", "Rows Removed by Index Recheck": 0, "Filter": "(creationdate >= '2010-09-20 19:11:45'::timestamp without time zone)", "Rows Removed by Filter": 0}]}]}, {"Node Type": "Materialize", "Parent Relationship": "Inner", "Parallel Aware": false, "Async Capable": false, "Startup Cost": 0.84, "Total Cost": 35032.5, "Plan Rows": 993248.0, "Plan Width": 8, "Actual Rows": 1242374, "Actual Loops": 1, "Plans": [{"Node Type": "Merge Join", "Parent Relationship": "Outer", "Parallel Aware": false, "Async Capable": false, "Join Type": "Inner", "Startup Cost": 0.84, "Total Cost": 32754.27, "Plan Rows": 993248.0, "Plan Width": 8, "Actual Rows": 831089, "Actual Loops": 1, "Inner Unique": false, "Merge Cond": "(c.postid = v.postid)", "Plans": [{"Node Type": "Index Scan", "Parent Relationship": "Outer", "Parallel Aware": false, "Async Capable": false, "Scan Direction": "Forward", "Index Name": "idx_comments_postid", "Relation Name": "comments", "Alias": "c", "Startup Cost": 0.42, "Total Cost": 5857.0, "Plan Rows": 173417, "Plan Width": 4, "Actual Rows": 167303, "Actual Loops": 1, "Filter": "(creationdate >= '2010-08-01 12:12:41'::timestamp without time zone)", "Rows Removed by Filter": 887}, {"Node Type": "Materialize", "Parent Relationship": "Inner", "Parallel Aware": false, "Async Capable": false, "Startup Cost": 0.42, "Total Cost": 13613.47, "Plan Rows": 327619, "Plan Width": 4, "Actual Rows": 932353, "Actual Loops": 1, "Plans": [{"Node Type": "Index Scan", "Parent Relationship": "Outer", "Parallel Aware": false, "Async Capable": false, "Scan Direction": "Forward", "Index Name": "idx_votes_postid", "Relation Name": "votes", "Alias": "v", "Startup Cost": 0.42, "Total Cost": 12794.42, "Plan Rows": 327619, "Plan Width": 4, "Actual Rows": 321718, "Actual Loops": 1, "Filter": "(creationdate <= '2014-09-11 00:00:00'::timestamp without time zone)", "Rows Removed by Filter": 173}]}]}]}]}]}, "Planning Time": 6.79, "Triggers": [], "Execution Time": 850.007}, {"Plan": {"Node Type": "Aggregate", "Strategy": "Plain", "Partial Mode": "Finalize", "Parallel Aware": false, "Async Capable": false, "Startup Cost": 40393.86, "Total Cost": 40393.87, "Plan Rows": 1, "Plan Width": 8, "Actual Rows": 1, "Actual Loops": 1, "Plans": [{"Node Type": "Gather", "Parent Relationship": "Outer", "Parallel Aware": false, "Async Capable": false, "Startup Cost": 40393.75, "Total Cost": 40393.86, "Plan Rows": 1, "Plan Width": 8, "Actual Rows": 2, "Actual Loops": 1, "Workers Planned": 1, "Workers Launched": 1, "Single Copy": false, "Plans": [{"Node Type": "Aggregate", "Strategy": "Plain", "Partial Mode": "Partial", "Parent Relationship": "Outer", "Parallel Aware": false, "Async Capable": false, "Startup Cost": 39393.75, "Total Cost": 39393.76, "Plan Rows": 1, "Plan Width": 8, "Actual Rows": 1, "Actual Loops": 2, "Workers": [], "Plans": [{"Node Type": "Merge Join", "Parent Relationship": "Outer", "Parallel Aware": false, "Async Capable": false, "Join Type": "Inner", "Startup Cost": 4736.96, "Total Cost": 39356.64, "Plan Rows": 837294.0, "Plan Width": 0, "Actual Rows": 227047, "Actual Loops": 2, "Inner Unique": false, "Merge Cond": "(ph.postid = p.id)", "Workers": [], "Plans": [{"Node Type": "Merge Join", "Parent Relationship": "Outer", "Parallel Aware": false, "Async Capable": false, "Join Type": "Inner", "Startup Cost": 0.84, "Total Cost": 32520.84, "Plan Rows": 784305.0, "Plan Width": 8, "Actual Rows": 602780, "Actual Loops": 2, "Inner Unique": false, "Merge Cond": "(ph.postid = v.postid)", "Workers": [], "Plans": [{"Node Type": "Index Scan", "Parent Relationship": "Outer", "Parallel Aware": true, "Async Capable": false, "Scan Direction": "Forward", "Index Name": "idx_posthistory_postid", "Relation Name": "posthistory", "Alias": "ph", "Startup Cost": 0.42, "Total Cost": 8270.95, "Plan Rows": 174523, "Plan Width": 4, "Actual Rows": 142471, "Actual Loops": 2, "Filter": "(creationdate >= '2010-09-20 19:11:45'::timestamp without time zone)", "Rows Removed by Filter": 3186, "Workers": []}, {"Node Type": "Materialize", "Parent Relationship": "Inner", "Parallel Aware": false, "Async Capable": false, "Startup Cost": 0.42, "Total Cost": 13613.47, "Plan Rows": 327619, "Plan Width": 4, "Actual Rows": 772198, "Actual Loops": 2, "Workers": [], "Plans": [{"Node Type": "Index Scan", "Parent Relationship": "Outer", "Parallel Aware": false, "Async Capable": false, "Scan Direction": "Forward", "Index Name": "idx_votes_postid", "Relation Name": "votes", "Alias": "v", "Startup Cost": 0.42, "Total Cost": 12794.42, "Plan Rows": 327619, "Plan Width": 4, "Actual Rows": 321732, "Actual Loops": 2, "Filter": "(creationdate <= '2014-09-11 00:00:00'::timestamp without time zone)", "Rows Removed by Filter": 173, "Workers": []}]}]}, {"Node Type": "Sort", "Parent Relationship": "Inner", "Parallel Aware": false, "Async Capable": false, "Startup Cost": 4736.11, "Total Cost": 4741.6, "Plan Rows": 44956.0, "Plan Width": 12, "Actual Rows": 232421, "Actual Loops": 2, "Sort Key": ["c.postid"], "Sort Method": "quicksort", "Sort Space Used": 798, "Sort Space Type": "Memory", "Workers": [{"Worker Number": 0, "Sort Method": "quicksort", "Sort Space Used": 798, "Sort Space Type": "Memory"}], "Plans": [{"Node Type": "Nested Loop", "Parent Relationship": "Outer", "Parallel Aware": false, "Async Capable": false, "Join Type": "Inner", "Startup Cost": 3046.68, "Total Cost": 4614.23, "Plan Rows": 44956.0, "Plan Width": 12, "Actual Rows": 10594, "Actual Loops": 2, "Inner Unique": false, "Workers": [], "Plans": [{"Node Type": "Hash Join", "Parent Relationship": "Outer", "Parallel Aware": false, "Async Capable": false, "Join Type": "Inner", "Startup Cost": 3046.26, "Total Cost": 3320.48, "Plan Rows": 22488.0, "Plan Width": 8, "Actual Rows": 3167, "Actual Loops": 2, "Inner Unique": true, "Hash Cond": "(pl.postid = p.id)", "Workers": [], "Plans": [{"Node Type": "Seq Scan", "Parent Relationship": "Outer", "Parallel Aware": false, "Async Capable": false, "Relation Name": "postlinks", "Alias": "pl", "Startup Cost": 0.0, "Total Cost": 248.53, "Plan Rows": 9788, "Plan Width": 4, "Actual Rows": 9803, "Actual Loops": 2, "Filter": "((creationdate <= '2014-08-11 17:26:31'::timestamp without time zone) AND (linktypeid = 1))", "Rows Removed by Filter": 1299, "Workers": []}, {"Node Type": "Hash", "Parent Relationship": "Inner", "Parallel Aware": false, "Async Capable": false, "Startup Cost": 2909.46, "Total Cost": 2909.46, "Plan Rows": 10944, "Plan Width": 4, "Actual Rows": 11092, "Actual Loops": 2, "Hash Buckets": 16384, "Original Hash Buckets": 16384, "Hash Batches": 1, "Original Hash Batches": 1, "Peak Memory Usage": 518, "Workers": [], "Plans": [{"Node Type": "Seq Scan", "Parent Relationship": "Outer", "Parallel Aware": false, "Async Capable": false, "Relation Name": "posts", "Alias": "p", "Startup Cost": 0.0, "Total Cost": 2909.46, "Plan Rows": 10944, "Plan Width": 4, "Actual Rows": 11092, "Actual Loops": 2, "Filter": "((score <= 44) AND (favoritecount >= 0) AND (favoritecount <= 3) AND (creationdate >= '2010-08-11 13:53:56'::timestamp without time zone) AND (creationdate <= '2014-09-03 11:52:36'::timestamp without time zone))", "Rows Removed by Filter": 80884, "Workers": []}]}]}, {"Node Type": "Index Scan", "Parent Relationship": "Inner", "Parallel Aware": false, "Async Capable": false, "Scan Direction": "Forward", "Index Name": "idx_comments_postid", "Relation Name": "comments", "Alias": "c", "Startup Cost": 0.42, "Total Cost": 1.08, "Plan Rows": 3, "Plan Width": 4, "Actual Rows": 3, "Actual Loops": 6334, "Index Cond": "(postid = p.id)", "Rows Removed by Index Recheck": 0, "Filter": "(creationdate >= '2010-08-01 12:12:41'::timestamp without time zone)", "Rows Removed by Filter": 0, "Workers": []}]}]}]}]}]}]}, "Planning Time": 12.166, "Triggers": [], "Execution Time": 651.27}, {"Plan": {"Node Type": "Aggregate", "Strategy": "Plain", "Partial Mode": "Simple", "Parallel Aware": false, "Async Capable": false, "Startup Cost": 29955.21, "Total Cost": 29955.22, "Plan Rows": 1, "Plan Width": 8, "Actual Rows": 1, "Actual Loops": 1, "Plans": [{"Node Type": "Hash Join", "Parent Relationship": "Outer", "Parallel Aware": false, "Async Capable": false, "Join Type": "Inner", "Startup Cost": 16293.55, "Total Cost": 29892.13, "Plan Rows": 837294.0, "Plan Width": 0, "Actual Rows": 454094, "Actual Loops": 1, "Inner Unique": false, "Hash Cond": "(pl.postid = p.id)", "Plans": [{"Node Type": "Nested Loop", "Parent Relationship": "Outer", "Parallel Aware": false, "Async Capable": false, "Join Type": "Inner", "Startup Cost": 0.43, "Total Cost": 12652.87, "Plan Rows": 172398.0, "Plan Width": 8, "Actual Rows": 66311, "Actual Loops": 1, "Inner Unique": false, "Plans": [{"Node Type": "Seq Scan", "Parent Relationship": "Outer", "Parallel Aware": false, "Async Capable": false, "Relation Name": "postlinks", "Alias": "pl", "Startup Cost": 0.0, "Total Cost": 248.53, "Plan Rows": 9788, "Plan Width": 4, "Actual Rows": 9803, "Actual Loops": 1, "Filter": "((creationdate <= '2014-08-11 17:26:31'::timestamp without time zone) AND (linktypeid = 1))", "Rows Removed by Filter": 1299}, {"Node Type": "Memoize", "Parent Relationship": "Inner", "Parallel Aware": false, "Async Capable": false, "Startup Cost": 0.43, "Total Cost": 1.62, "Plan Rows": 5, "Plan Width": 4, "Actual Rows": 7, "Actual Loops": 9803, "Cache Key": "pl.postid", "Cache Mode": "logical", "Cache Hits": 2693, "Cache Misses": 7110, "Cache Evictions": 0, "Cache Overflows": 0, "Peak Memory Usage": 1988, "Plans": [{"Node Type": "Index Scan", "Parent Relationship": "Outer", "Parallel Aware": false, "Async Capable": false, "Scan Direction": "Forward", "Index Name": "idx_votes_postid", "Relation Name": "votes", "Alias": "v", "Startup Cost": 0.42, "Total Cost": 1.61, "Plan Rows": 5, "Plan Width": 4, "Actual Rows": 6, "Actual Loops": 7110, "Index Cond": "(postid = pl.postid)", "Rows Removed by Index Recheck": 0, "Filter": "(creationdate <= '2014-09-11 00:00:00'::timestamp without time zone)", "Rows Removed by Filter": 0}]}]}, {"Node Type": "Hash", "Parent Relationship": "Inner", "Parallel Aware": false, "Async Capable": false, "Startup Cost": 15461.12, "Total Cost": 15461.12, "Plan Rows": 331318.0, "Plan Width": 12, "Actual Rows": 160411, "Actual Loops": 1, "Hash Buckets": 262144, "Original Hash Buckets": 131072, "Hash Batches": 1, "Original Hash Batches": 1, "Peak Memory Usage": 8941, "Plans": [{"Node Type": "Hash Join", "Parent Relationship": "Outer", "Parallel Aware": false, "Async Capable": false, "Join Type": "Inner", "Startup Cost": 7282.24, "Total Cost": 15461.12, "Plan Rows": 331318.0, "Plan Width": 12, "Actual Rows": 160411, "Actual Loops": 1, "Inner Unique": false, "Hash Cond": "(ph.postid = p.id)", "Plans": [{"Node Type": "Seq Scan", "Parent Relationship": "Outer", "Parallel Aware": false, "Async Capable": false, "Relation Name": "posthistory", "Alias": "ph", "Startup Cost": 0.0, "Total Cost": 6029.84, "Plan Rows": 296689, "Plan Width": 4, "Actual Rows": 296815, "Actual Loops": 1, "Filter": "(creationdate >= '2010-09-20 19:11:45'::timestamp without time zone)", "Rows Removed by Filter": 6372}, {"Node Type": "Hash", "Parent Relationship": "Inner", "Parallel Aware": false, "Async Capable": false, "Startup Cost": 7024.31, "Total Cost": 7024.31, "Plan Rows": 61683.0, "Plan Width": 8, "Actual Rows": 25695, "Actual Loops": 1, "Hash Buckets": 32768, "Original Hash Buckets": 32768, "Hash Batches": 1, "Original Hash Batches": 1, "Peak Memory Usage": 1260, "Plans": [{"Node Type": "Hash Join", "Parent Relationship": "Outer", "Parallel Aware": false, "Async Capable": false, "Join Type": "Inner", "Startup Cost": 3046.26, "Total Cost": 7024.31, "Plan Rows": 61683.0, "Plan Width": 8, "Actual Rows": 25695, "Actual Loops": 1, "Inner Unique": true, "Hash Cond": "(c.postid = p.id)", "Plans": [{"Node Type": "Seq Scan", "Parent Relationship": "Outer", "Parallel Aware": false, "Async Capable": false, "Relation Name": "comments", "Alias": "c", "Startup Cost": 0.0, "Total Cost": 3522.81, "Plan Rows": 173417, "Plan Width": 4, "Actual Rows": 173418, "Actual Loops": 1, "Filter": "(creationdate >= '2010-08-01 12:12:41'::timestamp without time zone)", "Rows Removed by Filter": 887}, {"Node Type": "Hash", "Parent Relationship": "Inner", "Parallel Aware": false, "Async Capable": false, "Startup Cost": 2909.46, "Total Cost": 2909.46, "Plan Rows": 10944, "Plan Width": 4, "Actual Rows": 11092, "Actual Loops": 1, "Hash Buckets": 16384, "Original Hash Buckets": 16384, "Hash Batches": 1, "Original Hash Batches": 1, "Peak Memory Usage": 518, "Plans": [{"Node Type": "Seq Scan", "Parent Relationship": "Outer", "Parallel Aware": false, "Async Capable": false, "Relation Name": "posts", "Alias": "p", "Startup Cost": 0.0, "Total Cost": 2909.46, "Plan Rows": 10944, "Plan Width": 4, "Actual Rows": 11092, "Actual Loops": 1, "Filter": "((score <= 44) AND (favoritecount >= 0) AND (favoritecount <= 3) AND (creationdate >= '2010-08-11 13:53:56'::timestamp without time zone) AND (creationdate <= '2014-09-03 11:52:36'::timestamp without time zone))", "Rows Removed by Filter": 80884}]}]}]}]}]}]}]}, "Planning Time": 6.637, "Triggers": [], "Execution Time": 448.707}, {"Plan": {"Node Type": "Aggregate", "Strategy": "Plain", "Partial Mode": "Finalize", "Parallel Aware": false, "Async Capable": false, "Startup Cost": 34102.11, "Total Cost": 34102.12, "Plan Rows": 1, "Plan Width": 8, "Actual Rows": 1, "Actual Loops": 1, "Plans": [{"Node Type": "Gather", "Parent Relationship": "Outer", "Parallel Aware": false, "Async Capable": false, "Startup Cost": 34102.0, "Total Cost": 34102.11, "Plan Rows": 1, "Plan Width": 8, "Actual Rows": 2, "Actual Loops": 1, "Workers Planned": 1, "Workers Launched": 1, "Single Copy": false, "Plans": [{"Node Type": "Aggregate", "Strategy": "Plain", "Partial Mode": "Partial", "Parent Relationship": "Outer", "Parallel Aware": false, "Async Capable": false, "Startup Cost": 33102.0, "Total Cost": 33102.01, "Plan Rows": 1, "Plan Width": 8, "Actual Rows": 1, "Actual Loops": 2, "Workers": [], "Plans": [{"Node Type": "Merge Join", "Parent Relationship": "Outer", "Parallel Aware": false, "Async Capable": false, "Join Type": "Inner", "Startup Cost": 5347.02, "Total Cost": 33064.89, "Plan Rows": 837294.0, "Plan Width": 0, "Actual Rows": 227047, "Actual Loops": 2, "Inner Unique": false, "Merge Cond": "(c.postid = p.id)", "Workers": [], "Plans": [{"Node Type": "Merge Join", "Parent Relationship": "Outer", "Parallel Aware": false, "Async Capable": false, "Join Type": "Inner", "Startup Cost": 0.84, "Total Cost": 26050.05, "Plan Rows": 993248.0, "Plan Width": 8, "Actual Rows": 415545, "Actual Loops": 2, "Inner Unique": false, "Merge Cond": "(c.postid = v.postid)", "Workers": [], "Plans": [{"Node Type": "Index Scan", "Parent Relationship": "Outer", "Parallel Aware": true, "Async Capable": false, "Scan Direction": "Forward", "Index Name": "idx_comments_postid", "Relation Name": "comments", "Alias": "c", "Startup Cost": 0.42, "Total Cost": 4959.84, "Plan Rows": 102010, "Plan Width": 4, "Actual Rows": 83652, "Actual Loops": 2, "Filter": "(creationdate >= '2010-08-01 12:12:41'::timestamp without time zone)", "Rows Removed by Filter": 444, "Workers": []}, {"Node Type": "Materialize", "Parent Relationship": "Inner", "Parallel Aware": false, "Async Capable": false, "Startup Cost": 0.42, "Total Cost": 13613.47, "Plan Rows": 327619, "Plan Width": 4, "Actual Rows": 627276, "Actual Loops": 2, "Workers": [], "Plans": [{"Node Type": "Index Scan", "Parent Relationship": "Outer", "Parallel Aware": false, "Async Capable": false, "Scan Direction": "Forward", "Index Name": "idx_votes_postid", "Relation Name": "votes", "Alias": "v", "Startup Cost": 0.42, "Total Cost": 12794.42, "Plan Rows": 327619, "Plan Width": 4, "Actual Rows": 321958, "Actual Loops": 2, "Filter": "(creationdate <= '2014-09-11 00:00:00'::timestamp without time zone)", "Rows Removed by Filter": 173, "Workers": []}]}]}, {"Node Type": "Sort", "Parent Relationship": "Inner", "Parallel Aware": false, "Async Capable": false, "Startup Cost": 5346.18, "Total Cost": 5355.57, "Plan Rows": 107200.0, "Plan Width": 12, "Actual Rows": 238506, "Actual Loops": 2, "Sort Key": ["p.id"], "Sort Method": "quicksort", "Sort Space Used": 1511, "Sort Space Type": "Memory", "Workers": [{"Worker Number": 0, "Sort Method": "quicksort", "Sort Space Used": 1511, "Sort Space Type": "Memory"}], "Plans": [{"Node Type": "Nested Loop", "Parent Relationship": "Outer", "Parallel Aware": false, "Async Capable": false, "Join Type": "Inner", "Startup Cost": 3046.68, "Total Cost": 5123.03, "Plan Rows": 107200.0, "Plan Width": 12, "Actual Rows": 19015, "Actual Loops": 2, "Inner Unique": false, "Workers": [], "Plans": [{"Node Type": "Hash Join", "Parent Relationship": "Outer", "Parallel Aware": false, "Async Capable": false, "Join Type": "Inner", "Startup Cost": 3046.26, "Total Cost": 3320.48, "Plan Rows": 22488.0, "Plan Width": 8, "Actual Rows": 3167, "Actual Loops": 2, "Inner Unique": true, "Hash Cond": "(pl.postid = p.id)", "Workers": [], "Plans": [{"Node Type": "Seq Scan", "Parent Relationship": "Outer", "Parallel Aware": false, "Async Capable": false, "Relation Name": "postlinks", "Alias": "pl", "Startup Cost": 0.0, "Total Cost": 248.53, "Plan Rows": 9788, "Plan Width": 4, "Actual Rows": 9803, "Actual Loops": 2, "Filter": "((creationdate <= '2014-08-11 17:26:31'::timestamp without time zone) AND (linktypeid = 1))", "Rows Removed by Filter": 1299, "Workers": []}, {"Node Type": "Hash", "Parent Relationship": "Inner", "Parallel Aware": false, "Async Capable": false, "Startup Cost": 2909.46, "Total Cost": 2909.46, "Plan Rows": 10944, "Plan Width": 4, "Actual Rows": 11092, "Actual Loops": 2, "Hash Buckets": 16384, "Original Hash Buckets": 16384, "Hash Batches": 1, "Original Hash Batches": 1, "Peak Memory Usage": 518, "Workers": [], "Plans": [{"Node Type": "Seq Scan", "Parent Relationship": "Outer", "Parallel Aware": false, "Async Capable": false, "Relation Name": "posts", "Alias": "p", "Startup Cost": 0.0, "Total Cost": 2909.46, "Plan Rows": 10944, "Plan Width": 4, "Actual Rows": 11092, "Actual Loops": 2, "Filter": "((score <= 44) AND (favoritecount >= 0) AND (favoritecount <= 3) AND (creationdate >= '2010-08-11 13:53:56'::timestamp without time zone) AND (creationdate <= '2014-09-03 11:52:36'::timestamp without time zone))", "Rows Removed by Filter": 80884, "Workers": []}]}]}, {"Node Type": "Index Scan", "Parent Relationship": "Inner", "Parallel Aware": false, "Async Capable": false, "Scan Direction": "Forward", "Index Name": "idx_posthistory_postid", "Relation Name": "posthistory", "Alias": "ph", "Startup Cost": 0.42, "Total Cost": 1.51, "Plan Rows": 4, "Plan Width": 4, "Actual Rows": 6, "Actual Loops": 6334, "Index Cond": "(postid = p.id)", "Rows Removed by Index Recheck": 0, "Filter": "(creationdate >= '2010-09-20 19:11:45'::timestamp without time zone)", "Rows Removed by Filter": 0, "Workers": []}]}]}]}]}]}]}, "Planning Time": 13.071, "Triggers": [], "Execution Time": 606.008}, {"Plan": {"Node Type": "Aggregate", "Strategy": "Plain", "Partial Mode": "Finalize", "Parallel Aware": false, "Async Capable": false, "Startup Cost": 12535.89, "Total Cost": 12535.9, "Plan Rows": 1, "Plan Width": 8, "Actual Rows": 1, "Actual Loops": 1, "Plans": [{"Node Type": "Gather", "Parent Relationship": "Outer", "Parallel Aware": false, "Async Capable": false, "Startup Cost": 12535.77, "Total Cost": 12535.88, "Plan Rows": 1, "Plan Width": 8, "Actual Rows": 2, "Actual Loops": 1, "Workers Planned": 1, "Workers Launched": 1, "Single Copy": false, "Plans": [{"Node Type": "Aggregate", "Strategy": "Plain", "Partial Mode": "Partial", "Parent Relationship": "Outer", "Parallel Aware": false, "Async Capable": false, "Startup Cost": 11535.77, "Total Cost": 11535.78, "Plan Rows": 1, "Plan Width": 8, "Actual Rows": 1, "Actual Loops": 2, "Workers": [], "Plans": [{"Node Type": "Hash Join", "Parent Relationship": "Outer", "Parallel Aware": false, "Async Capable": false, "Join Type": "Inner", "Startup Cost": 6055.31, "Total Cost": 11498.67, "Plan Rows": 837294.0, "Plan Width": 0, "Actual Rows": 227047, "Actual Loops": 2, "Inner Unique": false, "Hash Cond": "(v.postid = p.id)", "Workers": [], "Plans": [{"Node Type": "Seq Scan", "Parent Relationship": "Outer", "Parallel Aware": true, "Async Capable": false, "Relation Name": "votes", "Alias": "v", "Startup Cost": 0.0, "Total Cost": 4572.24, "Plan Rows": 192717, "Plan Width": 4, "Actual Rows": 163784, "Actual Loops": 2, "Filter": "(creationdate <= '2014-09-11 00:00:00'::timestamp without time zone)", "Rows Removed by Filter": 248, "Workers": []}, {"Node Type": "Hash", "Parent Relationship": "Inner", "Parallel Aware": false, "Async Capable": false, "Startup Cost": 5966.76, "Total Cost": 5966.76, "Plan Rows": 174807.0, "Plan Width": 16, "Actual Rows": 69251, "Actual Loops": 2, "Hash Buckets": 131072, "Original Hash Buckets": 8192, "Hash Batches": 1, "Original Hash Batches": 1, "Peak Memory Usage": 4271, "Workers": [], "Plans": [{"Node Type": "Nested Loop", "Parent Relationship": "Outer", "Parallel Aware": false, "Async Capable": false, "Join Type": "Inner", "Startup Cost": 3047.1, "Total Cost": 5966.76, "Plan Rows": 174807.0, "Plan Width": 16, "Actual Rows": 69251, "Actual Loops": 2, "Inner Unique": false, "Join Filter": "(p.id = ph.postid)", "Rows Removed by Join Filter": 0, "Workers": [], "Plans": [{"Node Type": "Nested Loop", "Parent Relationship": "Outer", "Parallel Aware": false, "Async Capable": false, "Join Type": "Inner", "Startup Cost": 3046.68, "Total Cost": 4614.23, "Plan Rows": 44956.0, "Plan Width": 12, "Actual Rows": 10594, "Actual Loops": 2, "Inner Unique": false, "Workers": [], "Plans": [{"Node Type": "Hash Join", "Parent Relationship": "Outer", "Parallel Aware": false, "Async Capable": false, "Join Type": "Inner", "Startup Cost": 3046.26, "Total Cost": 3320.48, "Plan Rows": 22488.0, "Plan Width": 8, "Actual Rows": 3167, "Actual Loops": 2, "Inner Unique": true, "Hash Cond": "(pl.postid = p.id)", "Workers": [], "Plans": [{"Node Type": "Seq Scan", "Parent Relationship": "Outer", "Parallel Aware": false, "Async Capable": false, "Relation Name": "postlinks", "Alias": "pl", "Startup Cost": 0.0, "Total Cost": 248.53, "Plan Rows": 9788, "Plan Width": 4, "Actual Rows": 9803, "Actual Loops": 2, "Filter": "((creationdate <= '2014-08-11 17:26:31'::timestamp without time zone) AND (linktypeid = 1))", "Rows Removed by Filter": 1299, "Workers": []}, {"Node Type": "Hash", "Parent Relationship": "Inner", "Parallel Aware": false, "Async Capable": false, "Startup Cost": 2909.46, "Total Cost": 2909.46, "Plan Rows": 10944, "Plan Width": 4, "Actual Rows": 11092, "Actual Loops": 2, "Hash Buckets": 16384, "Original Hash Buckets": 16384, "Hash Batches": 1, "Original Hash Batches": 1, "Peak Memory Usage": 518, "Workers": [], "Plans": [{"Node Type": "Seq Scan", "Parent Relationship": "Outer", "Parallel Aware": false, "Async Capable": false, "Relation Name": "posts", "Alias": "p", "Startup Cost": 0.0, "Total Cost": 2909.46, "Plan Rows": 10944, "Plan Width": 4, "Actual Rows": 11092, "Actual Loops": 2, "Filter": "((score <= 44) AND (favoritecount >= 0) AND (favoritecount <= 3) AND (creationdate >= '2010-08-11 13:53:56'::timestamp without time zone) AND (creationdate <= '2014-09-03 11:52:36'::timestamp without time zone))", "Rows Removed by Filter": 80884, "Workers": []}]}]}, {"Node Type": "Index Scan", "Parent Relationship": "Inner", "Parallel Aware": false, "Async Capable": false, "Scan Direction": "Forward", "Index Name": "idx_comments_postid", "Relation Name": "comments", "Alias": "c", "Startup Cost": 0.42, "Total Cost": 1.08, "Plan Rows": 3, "Plan Width": 4, "Actual Rows": 3, "Actual Loops": 6334, "Index Cond": "(postid = p.id)", "Rows Removed by Index Recheck": 0, "Filter": "(creationdate >= '2010-08-01 12:12:41'::timestamp without time zone)", "Rows Removed by Filter": 0, "Workers": []}]}, {"Node Type": "Index Scan", "Parent Relationship": "Inner", "Parallel Aware": false, "Async Capable": false, "Scan Direction": "Forward", "Index Name": "idx_posthistory_postid", "Relation Name": "posthistory", "Alias": "ph", "Startup Cost": 0.42, "Total Cost": 0.57, "Plan Rows": 4, "Plan Width": 4, "Actual Rows": 7, "Actual Loops": 21188, "Index Cond": "(postid = c.postid)", "Rows Removed by Index Recheck": 0, "Filter": "(creationdate >= '2010-09-20 19:11:45'::timestamp without time zone)", "Rows Removed by Filter": 0, "Workers": []}]}]}]}]}]}]}, "Planning Time": 12.032, "Triggers": [], "Execution Time": 212.796}, {"Plan": {"Node Type": "Aggregate", "Strategy": "Plain", "Partial Mode": "Simple", "Parallel Aware": false, "Async Capable": false, "Startup Cost": 10680.44, "Total Cost": 10680.45, "Plan Rows": 1, "Plan Width": 8, "Actual Rows": 1, "Actual Loops": 1, "Plans": [{"Node Type": "Nested Loop", "Parent Relationship": "Outer", "Parallel Aware": false, "Async Capable": false, "Join Type": "Inner", "Startup Cost": 3047.53, "Total Cost": 10617.36, "Plan Rows": 837294.0, "Plan Width": 0, "Actual Rows": 454094, "Actual Loops": 1, "Inner Unique": false, "Join Filter": "(p.id = ph.postid)", "Rows Removed by Join Filter": 0, "Plans": [{"Node Type": "Nested Loop", "Parent Relationship": "Outer", "Parallel Aware": false, "Async Capable": false, "Join Type": "Inner", "Startup Cost": 3047.1, "Total Cost": 6033.17, "Plan Rows": 190989.0, "Plan Width": 16, "Actual Rows": 65948, "Actual Loops": 1, "Inner Unique": false, "Join Filter": "(p.id = v.postid)", "Rows Removed by Join Filter": 0, "Plans": [{"Node Type": "Nested Loop", "Parent Relationship": "Outer", "Parallel Aware": false, "Async Capable": false, "Join Type": "Inner", "Startup Cost": 3046.68, "Total Cost": 4614.23, "Plan Rows": 44956.0, "Plan Width": 12, "Actual Rows": 10594, "Actual Loops": 1, "Inner Unique": false, "Plans": [{"Node Type": "Hash Join", "Parent Relationship": "Outer", "Parallel Aware": false, "Async Capable": false, "Join Type": "Inner", "Startup Cost": 3046.26, "Total Cost": 3320.48, "Plan Rows": 22488.0, "Plan Width": 8, "Actual Rows": 3167, "Actual Loops": 1, "Inner Unique": true, "Hash Cond": "(pl.postid = p.id)", "Plans": [{"Node Type": "Seq Scan", "Parent Relationship": "Outer", "Parallel Aware": false, "Async Capable": false, "Relation Name": "postlinks", "Alias": "pl", "Startup Cost": 0.0, "Total Cost": 248.53, "Plan Rows": 9788, "Plan Width": 4, "Actual Rows": 9803, "Actual Loops": 1, "Filter": "((creationdate <= '2014-08-11 17:26:31'::timestamp without time zone) AND (linktypeid = 1))", "Rows Removed by Filter": 1299}, {"Node Type": "Hash", "Parent Relationship": "Inner", "Parallel Aware": false, "Async Capable": false, "Startup Cost": 2909.46, "Total Cost": 2909.46, "Plan Rows": 10944, "Plan Width": 4, "Actual Rows": 11092, "Actual Loops": 1, "Hash Buckets": 16384, "Original Hash Buckets": 16384, "Hash Batches": 1, "Original Hash Batches": 1, "Peak Memory Usage": 518, "Plans": [{"Node Type": "Seq Scan", "Parent Relationship": "Outer", "Parallel Aware": false, "Async Capable": false, "Relation Name": "posts", "Alias": "p", "Startup Cost": 0.0, "Total Cost": 2909.46, "Plan Rows": 10944, "Plan Width": 4, "Actual Rows": 11092, "Actual Loops": 1, "Filter": "((score <= 44) AND (favoritecount >= 0) AND (favoritecount <= 3) AND (creationdate >= '2010-08-11 13:53:56'::timestamp without time zone) AND (creationdate <= '2014-09-03 11:52:36'::timestamp without time zone))", "Rows Removed by Filter": 80884}]}]}, {"Node Type": "Index Scan", "Parent Relationship": "Inner", "Parallel Aware": false, "Async Capable": false, "Scan Direction": "Forward", "Index Name": "idx_comments_postid", "Relation Name": "comments", "Alias": "c", "Startup Cost": 0.42, "Total Cost": 1.08, "Plan Rows": 3, "Plan Width": 4, "Actual Rows": 3, "Actual Loops": 3167, "Index Cond": "(postid = p.id)", "Rows Removed by Index Recheck": 0, "Filter": "(creationdate >= '2010-08-01 12:12:41'::timestamp without time zone)", "Rows Removed by Filter": 0}]}, {"Node Type": "Index Scan", "Parent Relationship": "Inner", "Parallel Aware": false, "Async Capable": false, "Scan Direction": "Forward", "Index Name": "idx_votes_postid", "Relation Name": "votes", "Alias": "v", "Startup Cost": 0.42, "Total Cost": 0.58, "Plan Rows": 5, "Plan Width": 4, "Actual Rows": 6, "Actual Loops": 10594, "Index Cond": "(postid = c.postid)", "Rows Removed by Index Recheck": 0, "Filter": "(creationdate <= '2014-09-11 00:00:00'::timestamp without time zone)", "Rows Removed by Filter": 0}]}, {"Node Type": "Index Scan", "Parent Relationship": "Inner", "Parallel Aware": false, "Async Capable": false, "Scan Direction": "Forward", "Index Name": "idx_posthistory_postid", "Relation Name": "posthistory", "Alias": "ph", "Startup Cost": 0.42, "Total Cost": 0.54, "Plan Rows": 4, "Plan Width": 4, "Actual Rows": 7, "Actual Loops": 65948, "Index Cond": "(postid = v.postid)", "Rows Removed by Index Recheck": 0, "Filter": "(creationdate >= '2010-09-20 19:11:45'::timestamp without time zone)", "Rows Removed by Filter": 0}]}]}, "Planning Time": 6.488, "Triggers": [], "Execution Time": 282.521}, {"Plan": {"Node Type": "Aggregate", "Strategy": "Plain", "Partial Mode": "Finalize", "Parallel Aware": false, "Async Capable": false, "Startup Cost": 25531.65, "Total Cost": 25531.66, "Plan Rows": 1, "Plan Width": 8, "Actual Rows": 1, "Actual Loops": 1, "Plans": [{"Node Type": "Gather", "Parent Relationship": "Outer", "Parallel Aware": false, "Async Capable": false, "Startup Cost": 25531.54, "Total Cost": 25531.65, "Plan Rows": 1, "Plan Width": 8, "Actual Rows": 2, "Actual Loops": 1, "Workers Planned": 1, "Workers Launched": 1, "Single Copy": false, "Plans": [{"Node Type": "Aggregate", "Strategy": "Plain", "Partial Mode": "Partial", "Parent Relationship": "Outer", "Parallel Aware": false, "Async Capable": false, "Startup Cost": 24531.54, "Total Cost": 24531.55, "Plan Rows": 1, "Plan Width": 8, "Actual Rows": 1, "Actual Loops": 2, "Workers": [], "Plans": [{"Node Type": "Hash Join", "Parent Relationship": "Outer", "Parallel Aware": true, "Async Capable": false, "Join Type": "Inner", "Startup Cost": 15505.03, "Total Cost": 24494.43, "Plan Rows": 837294.0, "Plan Width": 0, "Actual Rows": 227047, "Actual Loops": 2, "Inner Unique": false, "Hash Cond": "(c.postid = p.id)", "Workers": [], "Plans": [{"Node Type": "Hash Join", "Parent Relationship": "Outer", "Parallel Aware": false, "Async Capable": false, "Join Type": "Inner", "Startup Cost": 7271.74, "Total Cost": 15517.89, "Plan Rows": 568423.0, "Plan Width": 12, "Actual Rows": 131172, "Actual Loops": 2, "Inner Unique": false, "Hash Cond": "(v.postid = c.postid)", "Workers": [], "Plans": [{"Node Type": "Seq Scan", "Parent Relationship": "Outer", "Parallel Aware": true, "Async Capable": false, "Relation Name": "votes", "Alias": "v", "Startup Cost": 0.0, "Total Cost": 4572.24, "Plan Rows": 192717, "Plan Width": 4, "Actual Rows": 163784, "Actual Loops": 2, "Filter": "(creationdate <= '2014-09-11 00:00:00'::timestamp without time zone)", "Rows Removed by Filter": 248, "Workers": []}, {"Node Type": "Hash", "Parent Relationship": "Inner", "Parallel Aware": false, "Async Capable": false, "Startup Cost": 6857.62, "Total Cost": 6857.62, "Plan Rows": 127752.0, "Plan Width": 8, "Actual Rows": 31580, "Actual Loops": 2, "Hash Buckets": 65536, "Original Hash Buckets": 65536, "Hash Batches": 1, "Original Hash Batches": 1, "Peak Memory Usage": 1746, "Workers": [], "Plans": [{"Node Type": "Hash Join", "Parent Relationship": "Outer", "Parallel Aware": false, "Async Capable": false, "Join Type": "Inner", "Startup Cost": 5690.52, "Total Cost": 6857.62, "Plan Rows": 127752.0, "Plan Width": 8, "Actual Rows": 31580, "Actual Loops": 2, "Inner Unique": false, "Hash Cond": "(pl.postid = c.postid)", "Workers": [], "Plans": [{"Node Type": "Seq Scan", "Parent Relationship": "Outer", "Parallel Aware": false, "Async Capable": false, "Relation Name": "postlinks", "Alias": "pl", "Startup Cost": 0.0, "Total Cost": 248.53, "Plan Rows": 9788, "Plan Width": 4, "Actual Rows": 9803, "Actual Loops": 2, "Filter": "((creationdate <= '2014-08-11 17:26:31'::timestamp without time zone) AND (linktypeid = 1))", "Rows Removed by Filter": 1299, "Workers": []}, {"Node Type": "Hash", "Parent Relationship": "Inner", "Parallel Aware": false, "Async Capable": false, "Startup Cost": 3522.81, "Total Cost": 3522.81, "Plan Rows": 173417, "Plan Width": 4, "Actual Rows": 173418, "Actual Loops": 2, "Hash Buckets": 262144, "Original Hash Buckets": 262144, "Hash Batches": 1, "Original Hash Batches": 1, "Peak Memory Usage": 8145, "Workers": [], "Plans": [{"Node Type": "Seq Scan", "Parent Relationship": "Outer", "Parallel Aware": false, "Async Capable": false, "Relation Name": "comments", "Alias": "c", "Startup Cost": 0.0, "Total Cost": 3522.81, "Plan Rows": 173417, "Plan Width": 4, "Actual Rows": 173418, "Actual Loops": 2, "Filter": "(creationdate >= '2010-08-01 12:12:41'::timestamp without time zone)", "Rows Removed by Filter": 887, "Workers": []}]}]}]}]}, {"Node Type": "Hash", "Parent Relationship": "Inner", "Parallel Aware": true, "Async Capable": false, "Startup Cost": 7973.72, "Total Cost": 7973.72, "Plan Rows": 165583.0, "Plan Width": 8, "Actual Rows": 30642, "Actual Loops": 2, "Hash Buckets": 65536, "Original Hash Buckets": 65536, "Hash Batches": 1, "Original Hash Batches": 1, "Peak Memory Usage": 2944, "Workers": [], "Plans": [{"Node Type": "Hash Join", "Parent Relationship": "Outer", "Parallel Aware": false, "Async Capable": false, "Join Type": "Inner", "Startup Cost": 3046.26, "Total Cost": 7973.72, "Plan Rows": 165583.0, "Plan Width": 8, "Actual Rows": 30642, "Actual Loops": 2, "Inner Unique": true, "Hash Cond": "(ph.postid = p.id)", "Workers": [], "Plans": [{"Node Type": "Seq Scan", "Parent Relationship": "Outer", "Parallel Aware": true, "Async Capable": false, "Relation Name": "posthistory", "Alias": "ph", "Startup Cost": 0.0, "Total Cost": 4469.32, "Plan Rows": 174523, "Plan Width": 4, "Actual Rows": 148408, "Actual Loops": 2, "Filter": "(creationdate >= '2010-09-20 19:11:45'::timestamp without time zone)", "Rows Removed by Filter": 3186, "Workers": []}, {"Node Type": "Hash", "Parent Relationship": "Inner", "Parallel Aware": false, "Async Capable": false, "Startup Cost": 2909.46, "Total Cost": 2909.46, "Plan Rows": 10944, "Plan Width": 4, "Actual Rows": 11092, "Actual Loops": 2, "Hash Buckets": 16384, "Original Hash Buckets": 16384, "Hash Batches": 1, "Original Hash Batches": 1, "Peak Memory Usage": 518, "Workers": [], "Plans": [{"Node Type": "Seq Scan", "Parent Relationship": "Outer", "Parallel Aware": false, "Async Capable": false, "Relation Name": "posts", "Alias": "p", "Startup Cost": 0.0, "Total Cost": 2909.46, "Plan Rows": 10944, "Plan Width": 4, "Actual Rows": 11092, "Actual Loops": 2, "Filter": "((score <= 44) AND (favoritecount >= 0) AND (favoritecount <= 3) AND (creationdate >= '2010-08-11 13:53:56'::timestamp without time zone) AND (creationdate <= '2014-09-03 11:52:36'::timestamp without time zone))", "Rows Removed by Filter": 80884, "Workers": []}]}]}]}]}]}]}]}, "Planning Time": 12.438, "Triggers": [], "Execution Time": 304.473}, {"Plan": {"Node Type": "Aggregate", "Strategy": "Plain", "Partial Mode": "Simple", "Parallel Aware": false, "Async Capable": false, "Startup Cost": 29584.81, "Total Cost": 29584.82, "Plan Rows": 1, "Plan Width": 8, "Actual Rows": 1, "Actual Loops": 1, "Plans": [{"Node Type": "Hash Join", "Parent Relationship": "Outer", "Parallel Aware": false, "Async Capable": false, "Join Type": "Inner", "Startup Cost": 21434.8, "Total Cost": 29521.72, "Plan Rows": 837294.0, "Plan Width": 0, "Actual Rows": 454094, "Actual Loops": 1, "Inner Unique": false, "Hash Cond": "(c.postid = p.id)", "Plans": [{"Node Type": "Merge Join", "Parent Relationship": "Outer", "Parallel Aware": false, "Async Capable": false, "Join Type": "Inner", "Startup Cost": 0.89, "Total Cost": 7096.53, "Plan Rows": 127752.0, "Plan Width": 8, "Actual Rows": 31580, "Actual Loops": 1, "Inner Unique": false, "Merge Cond": "(pl.postid = c.postid)", "Plans": [{"Node Type": "Index Scan", "Parent Relationship": "Outer", "Parallel Aware": false, "Async Capable": false, "Scan Direction": "Forward", "Index Name": "idx_postlinks_postid", "Relation Name": "postlinks", "Alias": "pl", "Startup Cost": 0.29, "Total Cost": 450.8, "Plan Rows": 9788, "Plan Width": 4, "Actual Rows": 9803, "Actual Loops": 1, "Filter": "((creationdate <= '2014-08-11 17:26:31'::timestamp without time zone) AND (linktypeid = 1))", "Rows Removed by Filter": 1299}, {"Node Type": "Index Scan", "Parent Relationship": "Inner", "Parallel Aware": false, "Async Capable": false, "Scan Direction": "Forward", "Index Name": "idx_comments_postid", "Relation Name": "comments", "Alias": "c", "Startup Cost": 0.42, "Total Cost": 5857.0, "Plan Rows": 173417, "Plan Width": 4, "Actual Rows": 177473, "Actual Loops": 1, "Filter": "(creationdate >= '2010-08-01 12:12:41'::timestamp without time zone)", "Rows Removed by Filter": 912}]}, {"Node Type": "Hash", "Parent Relationship": "Inner", "Parallel Aware": false, "Async Capable": false, "Startup Cost": 19862.09, "Total Cost": 19862.09, "Plan Rows": 591930.0, "Plan Width": 12, "Actual Rows": 334037, "Actual Loops": 1, "Hash Buckets": 524288, "Original Hash Buckets": 131072, "Hash Batches": 1, "Original Hash Batches": 1, "Peak Memory Usage": 18450, "Plans": [{"Node Type": "Hash Join", "Parent Relationship": "Outer", "Parallel Aware": false, "Async Capable": false, "Join Type": "Inner", "Startup Cost": 10296.21, "Total Cost": 19862.09, "Plan Rows": 591930.0, "Plan Width": 12, "Actual Rows": 334037, "Actual Loops": 1, "Inner Unique": false, "Hash Cond": "(v.postid = p.id)", "Plans": [{"Node Type": "Seq Scan", "Parent Relationship": "Outer", "Parallel Aware": false, "Async Capable": false, "Relation Name": "votes", "Alias": "v", "Startup Cost": 0.0, "Total Cost": 6260.8, "Plan Rows": 327619, "Plan Width": 4, "Actual Rows": 327569, "Actual Loops": 1, "Filter": "(creationdate <= '2014-09-11 00:00:00'::timestamp without time zone)", "Rows Removed by Filter": 495}, {"Node Type": "Hash", "Parent Relationship": "Inner", "Parallel Aware": false, "Async Capable": false, "Startup Cost": 9854.94, "Total Cost": 9854.94, "Plan Rows": 165583.0, "Plan Width": 8, "Actual Rows": 61284, "Actual Loops": 1, "Hash Buckets": 65536, "Original Hash Buckets": 65536, "Hash Batches": 1, "Original Hash Batches": 1, "Peak Memory Usage": 2906, "Plans": [{"Node Type": "Hash Join", "Parent Relationship": "Outer", "Parallel Aware": false, "Async Capable": false, "Join Type": "Inner", "Startup Cost": 3046.26, "Total Cost": 9854.94, "Plan Rows": 165583.0, "Plan Width": 8, "Actual Rows": 61284, "Actual Loops": 1, "Inner Unique": true, "Hash Cond": "(ph.postid = p.id)", "Plans": [{"Node Type": "Seq Scan", "Parent Relationship": "Outer", "Parallel Aware": false, "Async Capable": false, "Relation Name": "posthistory", "Alias": "ph", "Startup Cost": 0.0, "Total Cost": 6029.84, "Plan Rows": 296689, "Plan Width": 4, "Actual Rows": 296815, "Actual Loops": 1, "Filter": "(creationdate >= '2010-09-20 19:11:45'::timestamp without time zone)", "Rows Removed by Filter": 6372}, {"Node Type": "Hash", "Parent Relationship": "Inner", "Parallel Aware": false, "Async Capable": false, "Startup Cost": 2909.46, "Total Cost": 2909.46, "Plan Rows": 10944, "Plan Width": 4, "Actual Rows": 11092, "Actual Loops": 1, "Hash Buckets": 16384, "Original Hash Buckets": 16384, "Hash Batches": 1, "Original Hash Batches": 1, "Peak Memory Usage": 518, "Plans": [{"Node Type": "Seq Scan", "Parent Relationship": "Outer", "Parallel Aware": false, "Async Capable": false, "Relation Name": "posts", "Alias": "p", "Startup Cost": 0.0, "Total Cost": 2909.46, "Plan Rows": 10944, "Plan Width": 4, "Actual Rows": 11092, "Actual Loops": 1, "Filter": "((score <= 44) AND (favoritecount >= 0) AND (favoritecount <= 3) AND (creationdate >= '2010-08-11 13:53:56'::timestamp without time zone) AND (creationdate <= '2014-09-03 11:52:36'::timestamp without time zone))", "Rows Removed by Filter": 80884}]}]}]}]}]}]}]}, "Planning Time": 6.654, "Triggers": [], "Execution Time": 602.652}, {"Plan": {"Node Type": "Aggregate", "Strategy": "Plain", "Partial Mode": "Simple", "Parallel Aware": false, "Async Capable": false, "Startup Cost": 32022.13, "Total Cost": 32022.14, "Plan Rows": 1, "Plan Width": 8, "Actual Rows": 1, "Actual Loops": 1, "Plans": [{"Node Type": "Hash Join", "Parent Relationship": "Outer", "Parallel Aware": false, "Async Capable": false, "Join Type": "Inner", "Startup Cost": 31164.57, "Total Cost": 31959.05, "Plan Rows": 837294.0, "Plan Width": 0, "Actual Rows": 454094, "Actual Loops": 1, "Inner Unique": false, "Hash Cond": "(pl.postid = p.id)", "Plans": [{"Node Type": "Seq Scan", "Parent Relationship": "Outer", "Parallel Aware": false, "Async Capable": false, "Relation Name": "postlinks", "Alias": "pl", "Startup Cost": 0.0, "Total Cost": 248.53, "Plan Rows": 9788, "Plan Width": 4, "Actual Rows": 9803, "Actual Loops": 1, "Filter": "((creationdate <= '2014-08-11 17:26:31'::timestamp without time zone) AND (linktypeid = 1))", "Rows Removed by Filter": 1299}, {"Node Type": "Hash", "Parent Relationship": "Inner", "Parallel Aware": false, "Async Capable": false, "Startup Cost": 28200.98, "Total Cost": 28200.98, "Plan Rows": 1562415.0, "Plan Width": 16, "Actual Rows": 988335, "Actual Loops": 1, "Hash Buckets": 1048576, "Original Hash Buckets": 262144, "Hash Batches": 1, "Original Hash Batches": 1, "Peak Memory Usage": 54521, "Plans": [{"Node Type": "Hash Join", "Parent Relationship": "Outer", "Parallel Aware": false, "Async Capable": false, "Join Type": "Inner", "Startup Cost": 16293.12, "Total Cost": 28200.98, "Plan Rows": 1562415.0, "Plan Width": 16, "Actual Rows": 988335, "Actual Loops": 1, "Inner Unique": false, "Hash Cond": "(v.postid = p.id)", "Plans": [{"Node Type": "Seq Scan", "Parent Relationship": "Outer", "Parallel Aware": false, "Async Capable": false, "Relation Name": "votes", "Alias": "v", "Startup Cost": 0.0, "Total Cost": 6260.8, "Plan Rows": 327619, "Plan Width": 4, "Actual Rows": 327569, "Actual Loops": 1, "Filter": "(creationdate <= '2014-09-11 00:00:00'::timestamp without time zone)", "Rows Removed by Filter": 495}, {"Node Type": "Hash", "Parent Relationship": "Inner", "Parallel Aware": false, "Async Capable": false, "Startup Cost": 15461.12, "Total Cost": 15461.12, "Plan Rows": 331318.0, "Plan Width": 12, "Actual Rows": 160411, "Actual Loops": 1, "Hash Buckets": 262144, "Original Hash Buckets": 131072, "Hash Batches": 1, "Original Hash Batches": 1, "Peak Memory Usage": 8941, "Plans": [{"Node Type": "Hash Join", "Parent Relationship": "Outer", "Parallel Aware": false, "Async Capable": false, "Join Type": "Inner", "Startup Cost": 7282.24, "Total Cost": 15461.12, "Plan Rows": 331318.0, "Plan Width": 12, "Actual Rows": 160411, "Actual Loops": 1, "Inner Unique": false, "Hash Cond": "(ph.postid = p.id)", "Plans": [{"Node Type": "Seq Scan", "Parent Relationship": "Outer", "Parallel Aware": false, "Async Capable": false, "Relation Name": "posthistory", "Alias": "ph", "Startup Cost": 0.0, "Total Cost": 6029.84, "Plan Rows": 296689, "Plan Width": 4, "Actual Rows": 296815, "Actual Loops": 1, "Filter": "(creationdate >= '2010-09-20 19:11:45'::timestamp without time zone)", "Rows Removed by Filter": 6372}, {"Node Type": "Hash", "Parent Relationship": "Inner", "Parallel Aware": false, "Async Capable": false, "Startup Cost": 7024.31, "Total Cost": 7024.31, "Plan Rows": 61683.0, "Plan Width": 8, "Actual Rows": 25695, "Actual Loops": 1, "Hash Buckets": 32768, "Original Hash Buckets": 32768, "Hash Batches": 1, "Original Hash Batches": 1, "Peak Memory Usage": 1260, "Plans": [{"Node Type": "Hash Join", "Parent Relationship": "Outer", "Parallel Aware": false, "Async Capable": false, "Join Type": "Inner", "Startup Cost": 3046.26, "Total Cost": 7024.31, "Plan Rows": 61683.0, "Plan Width": 8, "Actual Rows": 25695, "Actual Loops": 1, "Inner Unique": true, "Hash Cond": "(c.postid = p.id)", "Plans": [{"Node Type": "Seq Scan", "Parent Relationship": "Outer", "Parallel Aware": false, "Async Capable": false, "Relation Name": "comments", "Alias": "c", "Startup Cost": 0.0, "Total Cost": 3522.81, "Plan Rows": 173417, "Plan Width": 4, "Actual Rows": 173418, "Actual Loops": 1, "Filter": "(creationdate >= '2010-08-01 12:12:41'::timestamp without time zone)", "Rows Removed by Filter": 887}, {"Node Type": "Hash", "Parent Relationship": "Inner", "Parallel Aware": false, "Async Capable": false, "Startup Cost": 2909.46, "Total Cost": 2909.46, "Plan Rows": 10944, "Plan Width": 4, "Actual Rows": 11092, "Actual Loops": 1, "Hash Buckets": 16384, "Original Hash Buckets": 16384, "Hash Batches": 1, "Original Hash Batches": 1, "Peak Memory Usage": 518, "Plans": [{"Node Type": "Seq Scan", "Parent Relationship": "Outer", "Parallel Aware": false, "Async Capable": false, "Relation Name": "posts", "Alias": "p", "Startup Cost": 0.0, "Total Cost": 2909.46, "Plan Rows": 10944, "Plan Width": 4, "Actual Rows": 11092, "Actual Loops": 1, "Filter": "((score <= 44) AND (favoritecount >= 0) AND (favoritecount <= 3) AND (creationdate >= '2010-08-11 13:53:56'::timestamp without time zone) AND (creationdate <= '2014-09-03 11:52:36'::timestamp without time zone))", "Rows Removed by Filter": 80884}]}]}]}]}]}]}]}]}]}, "Planning Time": 6.416, "Triggers": [], "Execution Time": 791.601}, {"Plan": {"Node Type": "Aggregate", "Strategy": "Plain", "Partial Mode": "Finalize", "Parallel Aware": false, "Async Capable": false, "Startup Cost": 24869.63, "Total Cost": 24869.64, "Plan Rows": 1, "Plan Width": 8, "Actual Rows": 1, "Actual Loops": 1, "Plans": [{"Node Type": "Gather", "Parent Relationship": "Outer", "Parallel Aware": false, "Async Capable": false, "Startup Cost": 24869.51, "Total Cost": 24869.62, "Plan Rows": 1, "Plan Width": 8, "Actual Rows": 2, "Actual Loops": 1, "Workers Planned": 1, "Workers Launched": 1, "Single Copy": false, "Plans": [{"Node Type": "Aggregate", "Strategy": "Plain", "Partial Mode": "Partial", "Parent Relationship": "Outer", "Parallel Aware": false, "Async Capable": false, "Startup Cost": 23869.51, "Total Cost": 23869.52, "Plan Rows": 1, "Plan Width": 8, "Actual Rows": 1, "Actual Loops": 2, "Workers": [], "Plans": [{"Node Type": "Hash Join", "Parent Relationship": "Outer", "Parallel Aware": true, "Async Capable": false, "Join Type": "Inner", "Startup Cost": 15682.77, "Total Cost": 23832.41, "Plan Rows": 837294.0, "Plan Width": 0, "Actual Rows": 227047, "Actual Loops": 2, "Inner Unique": false, "Hash Cond": "(c.postid = p.id)", "Workers": [], "Plans": [{"Node Type": "Hash Join", "Parent Relationship": "Outer", "Parallel Aware": false, "Async Capable": false, "Join Type": "Inner", "Startup Cost": 7271.74, "Total Cost": 14872.81, "Plan Rows": 647437.0, "Plan Width": 12, "Actual Rows": 97344, "Actual Loops": 2, "Inner Unique": false, "Hash Cond": "(ph.postid = c.postid)", "Workers": [], "Plans": [{"Node Type": "Seq Scan", "Parent Relationship": "Outer", "Parallel Aware": true, "Async Capable": false, "Relation Name": "posthistory", "Alias": "ph", "Startup Cost": 0.0, "Total Cost": 4469.32, "Plan Rows": 174523, "Plan Width": 4, "Actual Rows": 148408, "Actual Loops": 2, "Filter": "(creationdate >= '2010-09-20 19:11:45'::timestamp without time zone)", "Rows Removed by Filter": 3186, "Workers": []}, {"Node Type": "Hash", "Parent Relationship": "Inner", "Parallel Aware": false, "Async Capable": false, "Startup Cost": 6857.62, "Total Cost": 6857.62, "Plan Rows": 127752.0, "Plan Width": 8, "Actual Rows": 31580, "Actual Loops": 2, "Hash Buckets": 65536, "Original Hash Buckets": 65536, "Hash Batches": 1, "Original Hash Batches": 1, "Peak Memory Usage": 1746, "Workers": [], "Plans": [{"Node Type": "Hash Join", "Parent Relationship": "Outer", "Parallel Aware": false, "Async Capable": false, "Join Type": "Inner", "Startup Cost": 5690.52, "Total Cost": 6857.62, "Plan Rows": 127752.0, "Plan Width": 8, "Actual Rows": 31580, "Actual Loops": 2, "Inner Unique": false, "Hash Cond": "(pl.postid = c.postid)", "Workers": [], "Plans": [{"Node Type": "Seq Scan", "Parent Relationship": "Outer", "Parallel Aware": false, "Async Capable": false, "Relation Name": "postlinks", "Alias": "pl", "Startup Cost": 0.0, "Total Cost": 248.53, "Plan Rows": 9788, "Plan Width": 4, "Actual Rows": 9803, "Actual Loops": 2, "Filter": "((creationdate <= '2014-08-11 17:26:31'::timestamp without time zone) AND (linktypeid = 1))", "Rows Removed by Filter": 1299, "Workers": []}, {"Node Type": "Hash", "Parent Relationship": "Inner", "Parallel Aware": false, "Async Capable": false, "Startup Cost": 3522.81, "Total Cost": 3522.81, "Plan Rows": 173417, "Plan Width": 4, "Actual Rows": 173418, "Actual Loops": 2, "Hash Buckets": 262144, "Original Hash Buckets": 262144, "Hash Batches": 1, "Original Hash Batches": 1, "Peak Memory Usage": 8145, "Workers": [], "Plans": [{"Node Type": "Seq Scan", "Parent Relationship": "Outer", "Parallel Aware": false, "Async Capable": false, "Relation Name": "comments", "Alias": "c", "Startup Cost": 0.0, "Total Cost": 3522.81, "Plan Rows": 173417, "Plan Width": 4, "Actual Rows": 173418, "Actual Loops": 2, "Filter": "(creationdate >= '2010-08-01 12:12:41'::timestamp without time zone)", "Rows Removed by Filter": 887, "Workers": []}]}]}]}]}, {"Node Type": "Hash", "Parent Relationship": "Inner", "Parallel Aware": true, "Async Capable": false, "Startup Cost": 8124.4, "Total Cost": 8124.4, "Plan Rows": 77809.0, "Plan Width": 8, "Actual Rows": 28314, "Actual Loops": 2, "Hash Buckets": 65536, "Original Hash Buckets": 65536, "Hash Batches": 1, "Original Hash Batches": 1, "Peak Memory Usage": 2752, "Workers": [], "Plans": [{"Node Type": "Hash Join", "Parent Relationship": "Outer", "Parallel Aware": false, "Async Capable": false, "Join Type": "Inner", "Startup Cost": 3046.26, "Total Cost": 8124.4, "Plan Rows": 77809.0, "Plan Width": 8, "Actual Rows": 28314, "Actual Loops": 2, "Inner Unique": true, "Hash Cond": "(v.postid = p.id)", "Workers": [], "Plans": [{"Node Type": "Seq Scan", "Parent Relationship": "Outer", "Parallel Aware": true, "Async Capable": false, "Relation Name": "votes", "Alias": "v", "Startup Cost": 0.0, "Total Cost": 4572.24, "Plan Rows": 192717, "Plan Width": 4, "Actual Rows": 163784, "Actual Loops": 2, "Filter": "(creationdate <= '2014-09-11 00:00:00'::timestamp without time zone)", "Rows Removed by Filter": 248, "Workers": []}, {"Node Type": "Hash", "Parent Relationship": "Inner", "Parallel Aware": false, "Async Capable": false, "Startup Cost": 2909.46, "Total Cost": 2909.46, "Plan Rows": 10944, "Plan Width": 4, "Actual Rows": 11092, "Actual Loops": 2, "Hash Buckets": 16384, "Original Hash Buckets": 16384, "Hash Batches": 1, "Original Hash Batches": 1, "Peak Memory Usage": 518, "Workers": [], "Plans": [{"Node Type": "Seq Scan", "Parent Relationship": "Outer", "Parallel Aware": false, "Async Capable": false, "Relation Name": "posts", "Alias": "p", "Startup Cost": 0.0, "Total Cost": 2909.46, "Plan Rows": 10944, "Plan Width": 4, "Actual Rows": 11092, "Actual Loops": 2, "Filter": "((score <= 44) AND (favoritecount >= 0) AND (favoritecount <= 3) AND (creationdate >= '2010-08-11 13:53:56'::timestamp without time zone) AND (creationdate <= '2014-09-03 11:52:36'::timestamp without time zone))", "Rows Removed by Filter": 80884, "Workers": []}]}]}]}]}]}]}]}, "Planning Time": 13.262, "Triggers": [], "Execution Time": 302.837}, {"Plan": {"Node Type": "Aggregate", "Strategy": "Plain", "Partial Mode": "Simple", "Parallel Aware": false, "Async Capable": false, "Startup Cost": 28507.67, "Total Cost": 28507.68, "Plan Rows": 1, "Plan Width": 8, "Actual Rows": 1, "Actual Loops": 1, "Plans": [{"Node Type": "Hash Join", "Parent Relationship": "Outer", "Parallel Aware": false, "Async Capable": false, "Join Type": "Inner", "Startup Cost": 26573.29, "Total Cost": 28444.59, "Plan Rows": 837294.0, "Plan Width": 0, "Actual Rows": 454094, "Actual Loops": 1, "Inner Unique": false, "Hash Cond": "(pl.postid = p.id)", "Plans": [{"Node Type": "Hash Join", "Parent Relationship": "Outer", "Parallel Aware": false, "Async Capable": false, "Join Type": "Inner", "Startup Cost": 9738.45, "Total Cost": 10896.18, "Plan Rows": 298655.0, "Plan Width": 8, "Actual Rows": 55293, "Actual Loops": 1, "Inner Unique": false, "Hash Cond": "(pl.postid = ph.postid)", "Plans": [{"Node Type": "Seq Scan", "Parent Relationship": "Outer", "Parallel Aware": false, "Async Capable": false, "Relation Name": "postlinks", "Alias": "pl", "Startup Cost": 0.0, "Total Cost": 248.53, "Plan Rows": 9788, "Plan Width": 4, "Actual Rows": 9803, "Actual Loops": 1, "Filter": "((creationdate <= '2014-08-11 17:26:31'::timestamp without time zone) AND (linktypeid = 1))", "Rows Removed by Filter": 1299}, {"Node Type": "Hash", "Parent Relationship": "Inner", "Parallel Aware": false, "Async Capable": false, "Startup Cost": 6029.84, "Total Cost": 6029.84, "Plan Rows": 296689, "Plan Width": 4, "Actual Rows": 296815, "Actual Loops": 1, "Hash Buckets": 524288, "Original Hash Buckets": 524288, "Hash Batches": 1, "Original Hash Batches": 1, "Peak Memory Usage": 14531, "Plans": [{"Node Type": "Seq Scan", "Parent Relationship": "Outer", "Parallel Aware": false, "Async Capable": false, "Relation Name": "posthistory", "Alias": "ph", "Startup Cost": 0.0, "Total Cost": 6029.84, "Plan Rows": 296689, "Plan Width": 4, "Actual Rows": 296815, "Actual Loops": 1, "Filter": "(creationdate >= '2010-09-20 19:11:45'::timestamp without time zone)", "Rows Removed by Filter": 6372}]}]}, {"Node Type": "Hash", "Parent Relationship": "Inner", "Parallel Aware": false, "Async Capable": false, "Startup Cost": 15916.11, "Total Cost": 15916.11, "Plan Rows": 283630.0, "Plan Width": 12, "Actual Rows": 147586, "Actual Loops": 1, "Hash Buckets": 262144, "Original Hash Buckets": 131072, "Hash Batches": 1, "Original Hash Batches": 1, "Peak Memory Usage": 8390, "Plans": [{"Node Type": "Hash Join", "Parent Relationship": "Outer", "Parallel Aware": false, "Async Capable": false, "Join Type": "Inner", "Startup Cost": 7282.24, "Total Cost": 15916.11, "Plan Rows": 283630.0, "Plan Width": 12, "Actual Rows": 147586, "Actual Loops": 1, "Inner Unique": false, "Hash Cond": "(v.postid = p.id)", "Plans": [{"Node Type": "Seq Scan", "Parent Relationship": "Outer", "Parallel Aware": false, "Async Capable": false, "Relation Name": "votes", "Alias": "v", "Startup Cost": 0.0, "Total Cost": 6260.8, "Plan Rows": 327619, "Plan Width": 4, "Actual Rows": 327569, "Actual Loops": 1, "Filter": "(creationdate <= '2014-09-11 00:00:00'::timestamp without time zone)", "Rows Removed by Filter": 495}, {"Node Type": "Hash", "Parent Relationship": "Inner", "Parallel Aware": false, "Async Capable": false, "Startup Cost": 7024.31, "Total Cost": 7024.31, "Plan Rows": 61683.0, "Plan Width": 8, "Actual Rows": 25695, "Actual Loops": 1, "Hash Buckets": 32768, "Original Hash Buckets": 32768, "Hash Batches": 1, "Original Hash Batches": 1, "Peak Memory Usage": 1260, "Plans": [{"Node Type": "Hash Join", "Parent Relationship": "Outer", "Parallel Aware": false, "Async Capable": false, "Join Type": "Inner", "Startup Cost": 3046.26, "Total Cost": 7024.31, "Plan Rows": 61683.0, "Plan Width": 8, "Actual Rows": 25695, "Actual Loops": 1, "Inner Unique": true, "Hash Cond": "(c.postid = p.id)", "Plans": [{"Node Type": "Seq Scan", "Parent Relationship": "Outer", "Parallel Aware": false, "Async Capable": false, "Relation Name": "comments", "Alias": "c", "Startup Cost": 0.0, "Total Cost": 3522.81, "Plan Rows": 173417, "Plan Width": 4, "Actual Rows": 173418, "Actual Loops": 1, "Filter": "(creationdate >= '2010-08-01 12:12:41'::timestamp without time zone)", "Rows Removed by Filter": 887}, {"Node Type": "Hash", "Parent Relationship": "Inner", "Parallel Aware": false, "Async Capable": false, "Startup Cost": 2909.46, "Total Cost": 2909.46, "Plan Rows": 10944, "Plan Width": 4, "Actual Rows": 11092, "Actual Loops": 1, "Hash Buckets": 16384, "Original Hash Buckets": 16384, "Hash Batches": 1, "Original Hash Batches": 1, "Peak Memory Usage": 518, "Plans": [{"Node Type": "Seq Scan", "Parent Relationship": "Outer", "Parallel Aware": false, "Async Capable": false, "Relation Name": "posts", "Alias": "p", "Startup Cost": 0.0, "Total Cost": 2909.46, "Plan Rows": 10944, "Plan Width": 4, "Actual Rows": 11092, "Actual Loops": 1, "Filter": "((score <= 44) AND (favoritecount >= 0) AND (favoritecount <= 3) AND (creationdate >= '2010-08-11 13:53:56'::timestamp without time zone) AND (creationdate <= '2014-09-03 11:52:36'::timestamp without time zone))", "Rows Removed by Filter": 80884}]}]}]}]}]}]}]}, "Planning Time": 6.605, "Triggers": [], "Execution Time": 548.837}, {"Plan": {"Node Type": "Aggregate", "Strategy": "Plain", "Partial Mode": "Simple", "Parallel Aware": false, "Async Capable": false, "Startup Cost": 10427.18, "Total Cost": 10427.19, "Plan Rows": 1, "Plan Width": 8, "Actual Rows": 1, "Actual Loops": 1, "Plans": [{"Node Type": "Nested Loop", "Parent Relationship": "Outer", "Parallel Aware": false, "Async Capable": false, "Join Type": "Inner", "Startup Cost": 3047.53, "Total Cost": 10364.09, "Plan Rows": 837294.0, "Plan Width": 0, "Actual Rows": 454094, "Actual Loops": 1, "Inner Unique": false, "Join Filter": "(p.id = v.postid)", "Rows Removed by Join Filter": 0, "Plans": [{"Node Type": "Nested Loop", "Parent Relationship": "Outer", "Parallel Aware": false, "Async Capable": false, "Join Type": "Inner", "Startup Cost": 3047.1, "Total Cost": 5966.76, "Plan Rows": 174807.0, "Plan Width": 16, "Actual Rows": 69251, "Actual Loops": 1, "Inner Unique": false, "Join Filter": "(p.id = ph.postid)", "Rows Removed by Join Filter": 0, "Plans": [{"Node Type": "Nested Loop", "Parent Relationship": "Outer", "Parallel Aware": false, "Async Capable": false, "Join Type": "Inner", "Startup Cost": 3046.68, "Total Cost": 4614.23, "Plan Rows": 44956.0, "Plan Width": 12, "Actual Rows": 10594, "Actual Loops": 1, "Inner Unique": false, "Plans": [{"Node Type": "Hash Join", "Parent Relationship": "Outer", "Parallel Aware": false, "Async Capable": false, "Join Type": "Inner", "Startup Cost": 3046.26, "Total Cost": 3320.48, "Plan Rows": 22488.0, "Plan Width": 8, "Actual Rows": 3167, "Actual Loops": 1, "Inner Unique": true, "Hash Cond": "(pl.postid = p.id)", "Plans": [{"Node Type": "Seq Scan", "Parent Relationship": "Outer", "Parallel Aware": false, "Async Capable": false, "Relation Name": "postlinks", "Alias": "pl", "Startup Cost": 0.0, "Total Cost": 248.53, "Plan Rows": 9788, "Plan Width": 4, "Actual Rows": 9803, "Actual Loops": 1, "Filter": "((creationdate <= '2014-08-11 17:26:31'::timestamp without time zone) AND (linktypeid = 1))", "Rows Removed by Filter": 1299}, {"Node Type": "Hash", "Parent Relationship": "Inner", "Parallel Aware": false, "Async Capable": false, "Startup Cost": 2909.46, "Total Cost": 2909.46, "Plan Rows": 10944, "Plan Width": 4, "Actual Rows": 11092, "Actual Loops": 1, "Hash Buckets": 16384, "Original Hash Buckets": 16384, "Hash Batches": 1, "Original Hash Batches": 1, "Peak Memory Usage": 518, "Plans": [{"Node Type": "Seq Scan", "Parent Relationship": "Outer", "Parallel Aware": false, "Async Capable": false, "Relation Name": "posts", "Alias": "p", "Startup Cost": 0.0, "Total Cost": 2909.46, "Plan Rows": 10944, "Plan Width": 4, "Actual Rows": 11092, "Actual Loops": 1, "Filter": "((score <= 44) AND (favoritecount >= 0) AND (favoritecount <= 3) AND (creationdate >= '2010-08-11 13:53:56'::timestamp without time zone) AND (creationdate <= '2014-09-03 11:52:36'::timestamp without time zone))", "Rows Removed by Filter": 80884}]}]}, {"Node Type": "Index Scan", "Parent Relationship": "Inner", "Parallel Aware": false, "Async Capable": false, "Scan Direction": "Forward", "Index Name": "idx_comments_postid", "Relation Name": "comments", "Alias": "c", "Startup Cost": 0.42, "Total Cost": 1.08, "Plan Rows": 3, "Plan Width": 4, "Actual Rows": 3, "Actual Loops": 3167, "Index Cond": "(postid = p.id)", "Rows Removed by Index Recheck": 0, "Filter": "(creationdate >= '2010-08-01 12:12:41'::timestamp without time zone)", "Rows Removed by Filter": 0}]}, {"Node Type": "Index Scan", "Parent Relationship": "Inner", "Parallel Aware": false, "Async Capable": false, "Scan Direction": "Forward", "Index Name": "idx_posthistory_postid", "Relation Name": "posthistory", "Alias": "ph", "Startup Cost": 0.42, "Total Cost": 0.57, "Plan Rows": 4, "Plan Width": 4, "Actual Rows": 7, "Actual Loops": 10594, "Index Cond": "(postid = c.postid)", "Rows Removed by Index Recheck": 0, "Filter": "(creationdate >= '2010-09-20 19:11:45'::timestamp without time zone)", "Rows Removed by Filter": 0}]}, {"Node Type": "Index Scan", "Parent Relationship": "Inner", "Parallel Aware": false, "Async Capable": false, "Scan Direction": "Forward", "Index Name": "idx_votes_postid", "Relation Name": "votes", "Alias": "v", "Startup Cost": 0.42, "Total Cost": 0.56, "Plan Rows": 5, "Plan Width": 4, "Actual Rows": 7, "Actual Loops": 69251, "Index Cond": "(postid = ph.postid)", "Rows Removed by Index Recheck": 0, "Filter": "(creationdate <= '2014-09-11 00:00:00'::timestamp without time zone)", "Rows Removed by Filter": 0}]}]}, "Planning Time": 6.483, "Triggers": [], "Execution Time": 303.071}, {"Plan": {"Node Type": "Aggregate", "Strategy": "Plain", "Partial Mode": "Finalize", "Parallel Aware": false, "Async Capable": false, "Startup Cost": 29879.79, "Total Cost": 29879.8, "Plan Rows": 1, "Plan Width": 8, "Actual Rows": 1, "Actual Loops": 1, "Plans": [{"Node Type": "Gather", "Parent Relationship": "Outer", "Parallel Aware": false, "Async Capable": false, "Startup Cost": 29879.68, "Total Cost": 29879.79, "Plan Rows": 1, "Plan Width": 8, "Actual Rows": 2, "Actual Loops": 1, "Workers Planned": 1, "Workers Launched": 1, "Single Copy": false, "Plans": [{"Node Type": "Aggregate", "Strategy": "Plain", "Partial Mode": "Partial", "Parent Relationship": "Outer", "Parallel Aware": false, "Async Capable": false, "Startup Cost": 28879.68, "Total Cost": 28879.69, "Plan Rows": 1, "Plan Width": 8, "Actual Rows": 1, "Actual Loops": 2, "Workers": [], "Plans": [{"Node Type": "Hash Join", "Parent Relationship": "Outer", "Parallel Aware": false, "Async Capable": false, "Join Type": "Inner", "Startup Cost": 21572.3, "Total Cost": 28842.57, "Plan Rows": 837294.0, "Plan Width": 0, "Actual Rows": 227047, "Actual Loops": 2, "Inner Unique": false, "Hash Cond": "(p.id = pl.postid)", "Workers": [], "Plans": [{"Node Type": "Hash Join", "Parent Relationship": "Outer", "Parallel Aware": true, "Async Capable": false, "Join Type": "Inner", "Startup Cost": 8233.3, "Total Cost": 11599.31, "Plan Rows": 331318.0, "Plan Width": 12, "Actual Rows": 80206, "Actual Loops": 2, "Inner Unique": false, "Hash Cond": "(c.postid = p.id)", "Workers": [], "Plans": [{"Node Type": "Seq Scan", "Parent Relationship": "Outer", "Parallel Aware": true, "Async Capable": false, "Relation Name": "comments", "Alias": "c", "Startup Cost": 0.0, "Total Cost": 2625.65, "Plan Rows": 102010, "Plan Width": 4, "Actual Rows": 86709, "Actual Loops": 2, "Filter": "(creationdate >= '2010-08-01 12:12:41'::timestamp without time zone)", "Rows Removed by Filter": 444, "Workers": []}, {"Node Type": "Hash", "Parent Relationship": "Inner", "Parallel Aware": true, "Async Capable": false, "Startup Cost": 7973.72, "Total Cost": 7973.72, "Plan Rows": 165583.0, "Plan Width": 8, "Actual Rows": 30642, "Actual Loops": 2, "Hash Buckets": 65536, "Original Hash Buckets": 65536, "Hash Batches": 1, "Original Hash Batches": 1, "Peak Memory Usage": 2944, "Workers": [], "Plans": [{"Node Type": "Hash Join", "Parent Relationship": "Outer", "Parallel Aware": false, "Async Capable": false, "Join Type": "Inner", "Startup Cost": 3046.26, "Total Cost": 7973.72, "Plan Rows": 165583.0, "Plan Width": 8, "Actual Rows": 30642, "Actual Loops": 2, "Inner Unique": true, "Hash Cond": "(ph.postid = p.id)", "Workers": [], "Plans": [{"Node Type": "Seq Scan", "Parent Relationship": "Outer", "Parallel Aware": true, "Async Capable": false, "Relation Name": "posthistory", "Alias": "ph", "Startup Cost": 0.0, "Total Cost": 4469.32, "Plan Rows": 174523, "Plan Width": 4, "Actual Rows": 148408, "Actual Loops": 2, "Filter": "(creationdate >= '2010-09-20 19:11:45'::timestamp without time zone)", "Rows Removed by Filter": 3186, "Workers": []}, {"Node Type": "Hash", "Parent Relationship": "Inner", "Parallel Aware": false, "Async Capable": false, "Startup Cost": 2909.46, "Total Cost": 2909.46, "Plan Rows": 10944, "Plan Width": 4, "Actual Rows": 11092, "Actual Loops": 2, "Hash Buckets": 16384, "Original Hash Buckets": 16384, "Hash Batches": 1, "Original Hash Batches": 1, "Peak Memory Usage": 518, "Workers": [], "Plans": [{"Node Type": "Seq Scan", "Parent Relationship": "Outer", "Parallel Aware": false, "Async Capable": false, "Relation Name": "posts", "Alias": "p", "Startup Cost": 0.0, "Total Cost": 2909.46, "Plan Rows": 10944, "Plan Width": 4, "Actual Rows": 11092, "Actual Loops": 2, "Filter": "((score <= 44) AND (favoritecount >= 0) AND (favoritecount <= 3) AND (creationdate >= '2010-08-11 13:53:56'::timestamp without time zone) AND (creationdate <= '2014-09-03 11:52:36'::timestamp without time zone))", "Rows Removed by Filter": 80884, "Workers": []}]}]}]}]}, {"Node Type": "Hash", "Parent Relationship": "Inner", "Parallel Aware": false, "Async Capable": false, "Startup Cost": 12652.87, "Total Cost": 12652.87, "Plan Rows": 172398.0, "Plan Width": 8, "Actual Rows": 66311, "Actual Loops": 2, "Hash Buckets": 131072, "Original Hash Buckets": 65536, "Hash Batches": 1, "Original Hash Batches": 1, "Peak Memory Usage": 3615, "Workers": [], "Plans": [{"Node Type": "Nested Loop", "Parent Relationship": "Outer", "Parallel Aware": false, "Async Capable": false, "Join Type": "Inner", "Startup Cost": 0.43, "Total Cost": 12652.87, "Plan Rows": 172398.0, "Plan Width": 8, "Actual Rows": 66311, "Actual Loops": 2, "Inner Unique": false, "Workers": [], "Plans": [{"Node Type": "Seq Scan", "Parent Relationship": "Outer", "Parallel Aware": false, "Async Capable": false, "Relation Name": "postlinks", "Alias": "pl", "Startup Cost": 0.0, "Total Cost": 248.53, "Plan Rows": 9788, "Plan Width": 4, "Actual Rows": 9803, "Actual Loops": 2, "Filter": "((creationdate <= '2014-08-11 17:26:31'::timestamp without time zone) AND (linktypeid = 1))", "Rows Removed by Filter": 1299, "Workers": []}, {"Node Type": "Memoize", "Parent Relationship": "Inner", "Parallel Aware": false, "Async Capable": false, "Startup Cost": 0.43, "Total Cost": 1.62, "Plan Rows": 5, "Plan Width": 4, "Actual Rows": 7, "Actual Loops": 19606, "Cache Key": "pl.postid", "Cache Mode": "logical", "Cache Hits": 2693, "Cache Misses": 7110, "Cache Evictions": 0, "Cache Overflows": 0, "Peak Memory Usage": 1988, "Workers": [{"Worker Number": 0, "Cache Hits": 2693, "Cache Misses": 7110, "Cache Evictions": 0, "Cache Overflows": 0, "Peak Memory Usage": 1988}], "Plans": [{"Node Type": "Index Scan", "Parent Relationship": "Outer", "Parallel Aware": false, "Async Capable": false, "Scan Direction": "Forward", "Index Name": "idx_votes_postid", "Relation Name": "votes", "Alias": "v", "Startup Cost": 0.42, "Total Cost": 1.61, "Plan Rows": 5, "Plan Width": 4, "Actual Rows": 6, "Actual Loops": 14220, "Index Cond": "(postid = pl.postid)", "Rows Removed by Index Recheck": 0, "Filter": "(creationdate <= '2014-09-11 00:00:00'::timestamp without time zone)", "Rows Removed by Filter": 0, "Workers": []}]}]}]}]}]}]}]}, "Planning Time": 11.53, "Triggers": [], "Execution Time": 370.949}, {"Plan": {"Node Type": "Aggregate", "Strategy": "Plain", "Partial Mode": "Finalize", "Parallel Aware": false, "Async Capable": false, "Startup Cost": 34818.82, "Total Cost": 34818.83, "Plan Rows": 1, "Plan Width": 8, "Actual Rows": 1, "Actual Loops": 1, "Plans": [{"Node Type": "Gather", "Parent Relationship": "Outer", "Parallel Aware": false, "Async Capable": false, "Startup Cost": 34818.71, "Total Cost": 34818.82, "Plan Rows": 1, "Plan Width": 8, "Actual Rows": 2, "Actual Loops": 1, "Workers Planned": 1, "Workers Launched": 1, "Single Copy": false, "Plans": [{"Node Type": "Aggregate", "Strategy": "Plain", "Partial Mode": "Partial", "Parent Relationship": "Outer", "Parallel Aware": false, "Async Capable": false, "Startup Cost": 33818.71, "Total Cost": 33818.72, "Plan Rows": 1, "Plan Width": 8, "Actual Rows": 1, "Actual Loops": 2, "Workers": [], "Plans": [{"Node Type": "Merge Join", "Parent Relationship": "Outer", "Parallel Aware": false, "Async Capable": false, "Join Type": "Inner", "Startup Cost": 6764.56, "Total Cost": 33781.6, "Plan Rows": 837294.0, "Plan Width": 0, "Actual Rows": 227047, "Actual Loops": 2, "Inner Unique": false, "Merge Cond": "(p.id = pl.postid)", "Workers": [], "Plans": [{"Node Type": "Sort", "Parent Relationship": "Outer", "Parallel Aware": false, "Async Capable": false, "Startup Cost": 6763.1, "Total Cost": 6793.44, "Plan Rows": 61683.0, "Plan Width": 8, "Actual Rows": 12626, "Actual Loops": 2, "Sort Key": ["c.postid"], "Sort Method": "quicksort", "Sort Space Used": 1295, "Sort Space Type": "Memory", "Workers": [{"Worker Number": 0, "Sort Method": "quicksort", "Sort Space Used": 661, "Sort Space Type": "Memory"}], "Plans": [{"Node Type": "Hash Join", "Parent Relationship": "Outer", "Parallel Aware": false, "Async Capable": false, "Join Type": "Inner", "Startup Cost": 3046.26, "Total Cost": 5939.7, "Plan Rows": 61683.0, "Plan Width": 8, "Actual Rows": 12848, "Actual Loops": 2, "Inner Unique": true, "Hash Cond": "(c.postid = p.id)", "Workers": [], "Plans": [{"Node Type": "Seq Scan", "Parent Relationship": "Outer", "Parallel Aware": true, "Async Capable": false, "Relation Name": "comments", "Alias": "c", "Startup Cost": 0.0, "Total Cost": 2625.65, "Plan Rows": 102010, "Plan Width": 4, "Actual Rows": 86709, "Actual Loops": 2, "Filter": "(creationdate >= '2010-08-01 12:12:41'::timestamp without time zone)", "Rows Removed by Filter": 444, "Workers": []}, {"Node Type": "Hash", "Parent Relationship": "Inner", "Parallel Aware": false, "Async Capable": false, "Startup Cost": 2909.46, "Total Cost": 2909.46, "Plan Rows": 10944, "Plan Width": 4, "Actual Rows": 11092, "Actual Loops": 2, "Hash Buckets": 16384, "Original Hash Buckets": 16384, "Hash Batches": 1, "Original Hash Batches": 1, "Peak Memory Usage": 518, "Workers": [], "Plans": [{"Node Type": "Seq Scan", "Parent Relationship": "Outer", "Parallel Aware": false, "Async Capable": false, "Relation Name": "posts", "Alias": "p", "Startup Cost": 0.0, "Total Cost": 2909.46, "Plan Rows": 10944, "Plan Width": 4, "Actual Rows": 11092, "Actual Loops": 2, "Filter": "((score <= 44) AND (favoritecount >= 0) AND (favoritecount <= 3) AND (creationdate >= '2010-08-11 13:53:56'::timestamp without time zone) AND (creationdate <= '2014-09-03 11:52:36'::timestamp without time zone))", "Rows Removed by Filter": 80884, "Workers": []}]}]}]}, {"Node Type": "Materialize", "Parent Relationship": "Inner", "Parallel Aware": false, "Async Capable": false, "Startup Cost": 1.46, "Total Cost": 26163.41, "Plan Rows": 1029323.0, "Plan Width": 12, "Actual Rows": 569544, "Actual Loops": 2, "Workers": [], "Plans": [{"Node Type": "Merge Join", "Parent Relationship": "Outer", "Parallel Aware": false, "Async Capable": false, "Join Type": "Inner", "Startup Cost": 1.46, "Total Cost": 25643.46, "Plan Rows": 1029323.0, "Plan Width": 12, "Actual Rows": 403975, "Actual Loops": 2, "Inner Unique": false, "Merge Cond": "(pl.postid = ph.postid)", "Workers": [], "Plans": [{"Node Type": "Nested Loop", "Parent Relationship": "Outer", "Parallel Aware": false, "Async Capable": false, "Join Type": "Inner", "Startup Cost": 0.72, "Total Cost": 12855.14, "Plan Rows": 172398.0, "Plan Width": 8, "Actual Rows": 66311, "Actual Loops": 2, "Inner Unique": false, "Workers": [], "Plans": [{"Node Type": "Index Scan", "Parent Relationship": "Outer", "Parallel Aware": false, "Async Capable": false, "Scan Direction": "Forward", "Index Name": "idx_postlinks_postid", "Relation Name": "postlinks", "Alias": "pl", "Startup Cost": 0.29, "Total Cost": 450.8, "Plan Rows": 9788, "Plan Width": 4, "Actual Rows": 9803, "Actual Loops": 2, "Filter": "((creationdate <= '2014-08-11 17:26:31'::timestamp without time zone) AND (linktypeid = 1))", "Rows Removed by Filter": 1299, "Workers": []}, {"Node Type": "Memoize", "Parent Relationship": "Inner", "Parallel Aware": false, "Async Capable": false, "Startup Cost": 0.43, "Total Cost": 1.62, "Plan Rows": 5, "Plan Width": 4, "Actual Rows": 7, "Actual Loops": 19606, "Cache Key": "pl.postid", "Cache Mode": "logical", "Cache Hits": 2693, "Cache Misses": 7110, "Cache Evictions": 0, "Cache Overflows": 0, "Peak Memory Usage": 1988, "Workers": [{"Worker Number": 0, "Cache Hits": 2693, "Cache Misses": 7110, "Cache Evictions": 0, "Cache Overflows": 0, "Peak Memory Usage": 1988}], "Plans": [{"Node Type": "Index Scan", "Parent Relationship": "Outer", "Parallel Aware": false, "Async Capable": false, "Scan Direction": "Forward", "Index Name": "idx_votes_postid", "Relation Name": "votes", "Alias": "v", "Startup Cost": 0.42, "Total Cost": 1.61, "Plan Rows": 5, "Plan Width": 4, "Actual Rows": 6, "Actual Loops": 14220, "Index Cond": "(postid = pl.postid)", "Rows Removed by Index Recheck": 0, "Filter": "(creationdate <= '2014-09-11 00:00:00'::timestamp without time zone)", "Rows Removed by Filter": 0, "Workers": []}]}]}, {"Node Type": "Index Scan", "Parent Relationship": "Inner", "Parallel Aware": false, "Async Capable": false, "Scan Direction": "Forward", "Index Name": "idx_posthistory_postid", "Relation Name": "posthistory", "Alias": "ph", "Startup Cost": 0.42, "Total Cost": 9831.47, "Plan Rows": 296689, "Plan Width": 4, "Actual Rows": 654354, "Actual Loops": 2, "Filter": "(creationdate >= '2010-09-20 19:11:45'::timestamp without time zone)", "Rows Removed by Filter": 54516, "Workers": []}]}]}]}]}]}]}, "Planning Time": 14.007, "Triggers": [], "Execution Time": 740.649}]