[{"Plan": {"Node Type": "Aggregate", "Strategy": "Plain", "Partial Mode": "Finalize", "Parallel Aware": false, "Async Capable": false, "Startup Cost": 27727.06, "Total Cost": 27727.07, "Plan Rows": 1, "Plan Width": 8, "Actual Rows": 1, "Actual Loops": 1, "Plans": [{"Node Type": "Gather", "Parent Relationship": "Outer", "Parallel Aware": false, "Async Capable": false, "Startup Cost": 27726.95, "Total Cost": 27727.06, "Plan Rows": 1, "Plan Width": 8, "Actual Rows": 2, "Actual Loops": 1, "Workers Planned": 1, "Workers Launched": 1, "Single Copy": false, "Plans": [{"Node Type": "Aggregate", "Strategy": "Plain", "Partial Mode": "Partial", "Parent Relationship": "Outer", "Parallel Aware": false, "Async Capable": false, "Startup Cost": 26726.95, "Total Cost": 26726.96, "Plan Rows": 1, "Plan Width": 8, "Actual Rows": 1, "Actual Loops": 2, "Workers": [], "Plans": [{"Node Type": "Merge Join", "Parent Relationship": "Outer", "Parallel Aware": false, "Async Capable": false, "Join Type": "Inner", "Startup Cost": 2817.71, "Total Cost": 17923.07, "Plan Rows": 42.0, "Plan Width": 0, "Actual Rows": 291308, "Actual Loops": 2, "Inner Unique": false, "Merge Cond": "(u.id = p.owneruserid)", "Workers": [], "Plans": [{"Node Type": "Merge Join", "Parent Relationship": "Outer", "Parallel Aware": false, "Async Capable": false, "Join Type": "Inner", "Startup Cost": 0.71, "Total Cost": 14132.71, "Plan Rows": 509.0, "Plan Width": 8, "Actual Rows": 102985, "Actual Loops": 2, "Inner Unique": true, "Merge Cond": "(ph.userid = u.id)", "Workers": [], "Plans": [{"Node Type": "Index Scan", "Parent Relationship": "Outer", "Parallel Aware": true, "Async Capable": false, "Scan Direction": "Forward", "Index Name": "idx_posthistory_userid", "Relation Name": "posthistory", "Alias": "ph", "Startup Cost": 0.42, "Total Cost": 11289.47, "Plan Rows": 161965, "Plan Width": 4, "Actual Rows": 127068, "Actual Loops": 2, "Filter": "(creationdate >= '2011-05-20 18:43:03'::timestamp without time zone)", "Rows Removed by Filter": 12654, "Workers": []}, {"Node Type": "Index Scan", "Parent Relationship": "Inner", "Parallel Aware": false, "Async Capable": false, "Scan Direction": "Forward", "Index Name": "users_pkey", "Relation Name": "users", "Alias": "u", "Startup Cost": 0.29, "Total Cost": 1760.41, "Plan Rows": 37430, "Plan Width": 4, "Actual Rows": 37426, "Actual Loops": 2, "Filter": "((views >= 0) AND (upvotes >= 0) AND (creationdate >= '2010-11-27 21:46:49'::timestamp without time zone) AND (creationdate <= '2014-08-18 13:00:22'::timestamp without time zone))", "Rows Removed by Filter": 2899, "Workers": []}]}, {"Node Type": "Sort", "Parent Relationship": "Inner", "Parallel Aware": false, "Async Capable": false, "Startup Cost": 2817.0, "Total Cost": 2847.47, "Plan Rows": 12190, "Plan Width": 4, "Actual Rows": 298174, "Actual Loops": 2, "Sort Key": ["p.owneruserid"], "Sort Method": "quicksort", "Sort Space Used": 385, "Sort Space Type": "Memory", "Workers": [{"Worker Number": 0, "Sort Method": "quicksort", "Sort Space Used": 385, "Sort Space Type": "Memory"}], "Plans": [{"Node Type": "Seq Scan", "Parent Relationship": "Outer", "Parallel Aware": false, "Async Capable": false, "Relation Name": "posts", "Alias": "p", "Startup Cost": 0.0, "Total Cost": 1989.7, "Plan Rows": 12190, "Plan Width": 4, "Actual Rows": 12190, "Actual Loops": 2, "Filter": "(favoritecount <= 5)", "Rows Removed by Filter": 79786, "Workers": []}]}]}]}]}]}, "Planning Time": 2.899, "Triggers": [], "Execution Time": 225.049}, {"Plan": {"Node Type": "Aggregate", "Strategy": "Plain", "Partial Mode": "Simple", "Parallel Aware": false, "Async Capable": false, "Startup Cost": 31255.12, "Total Cost": 31255.13, "Plan Rows": 1, "Plan Width": 8, "Actual Rows": 1, "Actual Loops": 1, "Plans": [{"Node Type": "Nested Loop", "Parent Relationship": "Outer", "Parallel Aware": false, "Async Capable": false, "Join Type": "Inner", "Startup Cost": 1571.8, "Total Cost": 16288.53, "Plan Rows": 42.0, "Plan Width": 0, "Actual Rows": 582617, "Actual Loops": 1, "Inner Unique": false, "Join Filter": "(ph.userid = p.owneruserid)", "Rows Removed by Join Filter": 0, "Plans": [{"Node Type": "Hash Join", "Parent Relationship": "Outer", "Parallel Aware": false, "Async Capable": false, "Join Type": "Inner", "Startup Cost": 1571.38, "Total Cost": 3593.07, "Plan Rows": 10.0, "Plan Width": 8, "Actual Rows": 10205, "Actual Loops": 1, "Inner Unique": true, "Hash Cond": "(p.owneruserid = u.id)", "Plans": [{"Node Type": "Seq Scan", "Parent Relationship": "Outer", "Parallel Aware": false, "Async Capable": false, "Relation Name": "posts", "Alias": "p", "Startup Cost": 0.0, "Total Cost": 1989.7, "Plan Rows": 12190, "Plan Width": 4, "Actual Rows": 12190, "Actual Loops": 1, "Filter": "(favoritecount <= 5)", "Rows Removed by Filter": 79786}, {"Node Type": "Hash", "Parent Relationship": "Inner", "Parallel Aware": false, "Async Capable": false, "Startup Cost": 1103.5, "Total Cost": 1103.5, "Plan Rows": 37430, "Plan Width": 4, "Actual Rows": 37426, "Actual Loops": 1, "Hash Buckets": 65536, "Original Hash Buckets": 65536, "Hash Batches": 1, "Original Hash Batches": 1, "Peak Memory Usage": 1828, "Plans": [{"Node Type": "Seq Scan", "Parent Relationship": "Outer", "Parallel Aware": false, "Async Capable": false, "Relation Name": "users", "Alias": "u", "Startup Cost": 0.0, "Total Cost": 1103.5, "Plan Rows": 37430, "Plan Width": 4, "Actual Rows": 37426, "Actual Loops": 1, "Filter": "((views >= 0) AND (upvotes >= 0) AND (creationdate >= '2010-11-27 21:46:49'::timestamp without time zone) AND (creationdate <= '2014-08-18 13:00:22'::timestamp without time zone))", "Rows Removed by Filter": 2899}]}]}, {"Node Type": "Index Scan", "Parent Relationship": "Inner", "Parallel Aware": false, "Async Capable": false, "Scan Direction": "Forward", "Index Name": "idx_posthistory_userid", "Relation Name": "posthistory", "Alias": "ph", "Startup Cost": 0.42, "Total Cost": 0.98, "Plan Rows": 13, "Plan Width": 4, "Actual Rows": 57, "Actual Loops": 10205, "Index Cond": "(userid = u.id)", "Rows Removed by Index Recheck": 0, "Filter": "(creationdate >= '2011-05-20 18:43:03'::timestamp without time zone)", "Rows Removed by Filter": 2}]}]}, "Planning Time": 1.836, "Triggers": [], "Execution Time": 272.255}, {"Plan": {"Node Type": "Aggregate", "Strategy": "Plain", "Partial Mode": "Simple", "Parallel Aware": false, "Async Capable": false, "Startup Cost": 53076.12, "Total Cost": 53076.13, "Plan Rows": 1, "Plan Width": 8, "Actual Rows": 1, "Actual Loops": 1, "Plans": [{"Node Type": "Hash Join", "Parent Relationship": "Outer", "Parallel Aware": false, "Async Capable": false, "Join Type": "Inner", "Startup Cost": 1571.81, "Total Cost": 38109.52, "Plan Rows": 42.0, "Plan Width": 0, "Actual Rows": 582617, "Actual Loops": 1, "Inner Unique": true, "Hash Cond": "(p.owneruserid = u.id)", "Plans": [{"Node Type": "Nested Loop", "Parent Relationship": "Outer", "Parallel Aware": false, "Async Capable": false, "Join Type": "Inner", "Startup Cost": 0.43, "Total Cost": 19345.82, "Plan Rows": 48.0, "Plan Width": 8, "Actual Rows": 1008487, "Actual Loops": 1, "Inner Unique": false, "Plans": [{"Node Type": "Seq Scan", "Parent Relationship": "Outer", "Parallel Aware": false, "Async Capable": false, "Relation Name": "posts", "Alias": "p", "Startup Cost": 0.0, "Total Cost": 1989.7, "Plan Rows": 12190, "Plan Width": 4, "Actual Rows": 12190, "Actual Loops": 1, "Filter": "(favoritecount <= 5)", "Rows Removed by Filter": 79786}, {"Node Type": "Memoize", "Parent Relationship": "Inner", "Parallel Aware": false, "Async Capable": false, "Startup Cost": 0.43, "Total Cost": 1.55, "Plan Rows": 13, "Plan Width": 4, "Actual Rows": 83, "Actual Loops": 12190, "Cache Key": "p.owneruserid", "Cache Mode": "logical", "Cache Hits": 5606, "Cache Misses": 6584, "Cache Evictions": 0, "Cache Overflows": 0, "Peak Memory Usage": 6379, "Plans": [{"Node Type": "Index Scan", "Parent Relationship": "Outer", "Parallel Aware": false, "Async Capable": false, "Scan Direction": "Forward", "Index Name": "idx_posthistory_userid", "Relation Name": "posthistory", "Alias": "ph", "Startup Cost": 0.42, "Total Cost": 1.54, "Plan Rows": 13, "Plan Width": 4, "Actual Rows": 26, "Actual Loops": 6584, "Index Cond": "(userid = p.owneruserid)", "Rows Removed by Index Recheck": 0, "Filter": "(creationdate >= '2011-05-20 18:43:03'::timestamp without time zone)", "Rows Removed by Filter": 3}]}]}, {"Node Type": "Hash", "Parent Relationship": "Inner", "Parallel Aware": false, "Async Capable": false, "Startup Cost": 1103.5, "Total Cost": 1103.5, "Plan Rows": 37430, "Plan Width": 4, "Actual Rows": 37426, "Actual Loops": 1, "Hash Buckets": 65536, "Original Hash Buckets": 65536, "Hash Batches": 1, "Original Hash Batches": 1, "Peak Memory Usage": 1828, "Plans": [{"Node Type": "Seq Scan", "Parent Relationship": "Outer", "Parallel Aware": false, "Async Capable": false, "Relation Name": "users", "Alias": "u", "Startup Cost": 0.0, "Total Cost": 1103.5, "Plan Rows": 37430, "Plan Width": 4, "Actual Rows": 37426, "Actual Loops": 1, "Filter": "((views >= 0) AND (upvotes >= 0) AND (creationdate >= '2010-11-27 21:46:49'::timestamp without time zone) AND (creationdate <= '2014-08-18 13:00:22'::timestamp without time zone))", "Rows Removed by Filter": 2899}]}]}]}, "Planning Time": 1.89, "Triggers": [], "Execution Time": 448.499}, {"Plan": {"Node Type": "Aggregate", "Strategy": "Plain", "Partial Mode": "Simple", "Parallel Aware": false, "Async Capable": false, "Startup Cost": 130286.93, "Total Cost": 130286.94, "Plan Rows": 1, "Plan Width": 8, "Actual Rows": 1, "Actual Loops": 1, "Plans": [{"Node Type": "Merge Join", "Parent Relationship": "Outer", "Parallel Aware": false, "Async Capable": false, "Join Type": "Inner", "Startup Cost": 1.01, "Total Cost": 115320.33, "Plan Rows": 42.0, "Plan Width": 0, "Actual Rows": 582617, "Actual Loops": 1, "Inner Unique": false, "Merge Cond": "(u.id = p.owneruserid)", "Plans": [{"Node Type": "Index Scan", "Parent Relationship": "Outer", "Parallel Aware": false, "Async Capable": false, "Scan Direction": "Forward", "Index Name": "users_pkey", "Relation Name": "users", "Alias": "u", "Startup Cost": 0.29, "Total Cost": 1760.41, "Plan Rows": 37430, "Plan Width": 4, "Actual Rows": 37426, "Actual Loops": 1, "Filter": "((views >= 0) AND (upvotes >= 0) AND (creationdate >= '2010-11-27 21:46:49'::timestamp without time zone) AND (creationdate <= '2014-08-18 13:00:22'::timestamp without time zone))", "Rows Removed by Filter": 2899}, {"Node Type": "Materialize", "Parent Relationship": "Inner", "Parallel Aware": false, "Async Capable": false, "Startup Cost": 0.72, "Total Cost": 38051.68, "Plan Rows": 48.0, "Plan Width": 8, "Actual Rows": 1008243, "Actual Loops": 1, "Plans": [{"Node Type": "Nested Loop", "Parent Relationship": "Outer", "Parallel Aware": false, "Async Capable": false, "Join Type": "Inner", "Startup Cost": 0.72, "Total Cost": 21679.73, "Plan Rows": 48.0, "Plan Width": 8, "Actual Rows": 1008243, "Actual Loops": 1, "Inner Unique": false, "Plans": [{"Node Type": "Index Scan", "Parent Relationship": "Outer", "Parallel Aware": false, "Async Capable": false, "Scan Direction": "Forward", "Index Name": "idx_posts_owneruserid", "Relation Name": "posts", "Alias": "p", "Startup Cost": 0.29, "Total Cost": 4323.61, "Plan Rows": 12190, "Plan Width": 4, "Actual Rows": 11891, "Actual Loops": 1, "Filter": "(favoritecount <= 5)", "Rows Removed by Filter": 77886}, {"Node Type": "Memoize", "Parent Relationship": "Inner", "Parallel Aware": false, "Async Capable": false, "Startup Cost": 0.43, "Total Cost": 1.55, "Plan Rows": 13, "Plan Width": 4, "Actual Rows": 85, "Actual Loops": 11891, "Cache Key": "p.owneruserid", "Cache Mode": "logical", "Cache Hits": 5365, "Cache Misses": 6526, "Cache Evictions": 0, "Cache Overflows": 0, "Peak Memory Usage": 6367, "Plans": [{"Node Type": "Index Scan", "Parent Relationship": "Outer", "Parallel Aware": false, "Async Capable": false, "Scan Direction": "Forward", "Index Name": "idx_posthistory_userid", "Relation Name": "posthistory", "Alias": "ph", "Startup Cost": 0.42, "Total Cost": 1.54, "Plan Rows": 13, "Plan Width": 4, "Actual Rows": 26, "Actual Loops": 6526, "Index Cond": "(userid = p.owneruserid)", "Rows Removed by Index Recheck": 0, "Filter": "(creationdate >= '2011-05-20 18:43:03'::timestamp without time zone)", "Rows Removed by Filter": 3}]}]}]}]}]}, "Planning Time": 1.8, "Triggers": [], "Execution Time": 601.911}, {"Plan": {"Node Type": "Aggregate", "Strategy": "Plain", "Partial Mode": "Simple", "Parallel Aware": false, "Async Capable": false, "Startup Cost": 29082.33, "Total Cost": 29082.34, "Plan Rows": 1, "Plan Width": 8, "Actual Rows": 1, "Actual Loops": 1, "Plans": [{"Node Type": "Hash Join", "Parent Relationship": "Outer", "Parallel Aware": false, "Async Capable": false, "Join Type": "Inner", "Startup Cost": 11296.23, "Total Cost": 14115.73, "Plan Rows": 42.0, "Plan Width": 0, "Actual Rows": 582617, "Actual Loops": 1, "Inner Unique": false, "Hash Cond": "(p.owneruserid = u.id)", "Plans": [{"Node Type": "Seq Scan", "Parent Relationship": "Outer", "Parallel Aware": false, "Async Capable": false, "Relation Name": "posts", "Alias": "p", "Startup Cost": 0.0, "Total Cost": 1989.7, "Plan Rows": 12190, "Plan Width": 4, "Actual Rows": 12190, "Actual Loops": 1, "Filter": "(favoritecount <= 5)", "Rows Removed by Filter": 79786}, {"Node Type": "Hash", "Parent Relationship": "Inner", "Parallel Aware": false, "Async Capable": false, "Startup Cost": 8324.05, "Total Cost": 8324.05, "Plan Rows": 509.0, "Plan Width": 8, "Actual Rows": 205970, "Actual Loops": 1, "Hash Buckets": 262144, "Original Hash Buckets": 262144, "Hash Batches": 1, "Original Hash Batches": 1, "Peak Memory Usage": 10094, "Plans": [{"Node Type": "Hash Join", "Parent Relationship": "Outer", "Parallel Aware": false, "Async Capable": false, "Join Type": "Inner", "Startup Cost": 1571.38, "Total Cost": 8324.05, "Plan Rows": 509.0, "Plan Width": 8, "Actual Rows": 205970, "Actual Loops": 1, "Inner Unique": true, "Hash Cond": "(ph.userid = u.id)", "Plans": [{"Node Type": "Seq Scan", "Parent Relationship": "Outer", "Parallel Aware": false, "Async Capable": false, "Relation Name": "posthistory", "Alias": "ph", "Startup Cost": 0.0, "Total Cost": 6029.84, "Plan Rows": 275340, "Plan Width": 4, "Actual Rows": 275240, "Actual Loops": 1, "Filter": "(creationdate >= '2011-05-20 18:43:03'::timestamp without time zone)", "Rows Removed by Filter": 27947}, {"Node Type": "Hash", "Parent Relationship": "Inner", "Parallel Aware": false, "Async Capable": false, "Startup Cost": 1103.5, "Total Cost": 1103.5, "Plan Rows": 37430, "Plan Width": 4, "Actual Rows": 37426, "Actual Loops": 1, "Hash Buckets": 65536, "Original Hash Buckets": 65536, "Hash Batches": 1, "Original Hash Batches": 1, "Peak Memory Usage": 1828, "Plans": [{"Node Type": "Seq Scan", "Parent Relationship": "Outer", "Parallel Aware": false, "Async Capable": false, "Relation Name": "users", "Alias": "u", "Startup Cost": 0.0, "Total Cost": 1103.5, "Plan Rows": 37430, "Plan Width": 4, "Actual Rows": 37426, "Actual Loops": 1, "Filter": "((views >= 0) AND (upvotes >= 0) AND (creationdate >= '2010-11-27 21:46:49'::timestamp without time zone) AND (creationdate <= '2014-08-18 13:00:22'::timestamp without time zone))", "Rows Removed by Filter": 2899}]}]}]}]}]}, "Planning Time": 1.844, "Triggers": [], "Execution Time": 285.525}, {"Plan": {"Node Type": "Aggregate", "Strategy": "Plain", "Partial Mode": "Finalize", "Parallel Aware": false, "Async Capable": false, "Startup Cost": 27727.06, "Total Cost": 27727.07, "Plan Rows": 1, "Plan Width": 8, "Actual Rows": 1, "Actual Loops": 1, "Plans": [{"Node Type": "Gather", "Parent Relationship": "Outer", "Parallel Aware": false, "Async Capable": false, "Startup Cost": 27726.95, "Total Cost": 27727.06, "Plan Rows": 1, "Plan Width": 8, "Actual Rows": 2, "Actual Loops": 1, "Workers Planned": 1, "Workers Launched": 1, "Single Copy": false, "Plans": [{"Node Type": "Aggregate", "Strategy": "Plain", "Partial Mode": "Partial", "Parent Relationship": "Outer", "Parallel Aware": false, "Async Capable": false, "Startup Cost": 26726.95, "Total Cost": 26726.96, "Plan Rows": 1, "Plan Width": 8, "Actual Rows": 1, "Actual Loops": 2, "Workers": [], "Plans": [{"Node Type": "Merge Join", "Parent Relationship": "Outer", "Parallel Aware": false, "Async Capable": false, "Join Type": "Inner", "Startup Cost": 2817.71, "Total Cost": 17923.07, "Plan Rows": 42.0, "Plan Width": 0, "Actual Rows": 291308, "Actual Loops": 2, "Inner Unique": false, "Merge Cond": "(u.id = p.owneruserid)", "Workers": [], "Plans": [{"Node Type": "Merge Join", "Parent Relationship": "Outer", "Parallel Aware": false, "Async Capable": false, "Join Type": "Inner", "Startup Cost": 0.71, "Total Cost": 14132.71, "Plan Rows": 509.0, "Plan Width": 8, "Actual Rows": 102985, "Actual Loops": 2, "Inner Unique": true, "Merge Cond": "(ph.userid = u.id)", "Workers": [], "Plans": [{"Node Type": "Index Scan", "Parent Relationship": "Outer", "Parallel Aware": true, "Async Capable": false, "Scan Direction": "Forward", "Index Name": "idx_posthistory_userid", "Relation Name": "posthistory", "Alias": "ph", "Startup Cost": 0.42, "Total Cost": 11289.47, "Plan Rows": 161965, "Plan Width": 4, "Actual Rows": 127068, "Actual Loops": 2, "Filter": "(creationdate >= '2011-05-20 18:43:03'::timestamp without time zone)", "Rows Removed by Filter": 12654, "Workers": []}, {"Node Type": "Index Scan", "Parent Relationship": "Inner", "Parallel Aware": false, "Async Capable": false, "Scan Direction": "Forward", "Index Name": "users_pkey", "Relation Name": "users", "Alias": "u", "Startup Cost": 0.29, "Total Cost": 1760.41, "Plan Rows": 37430, "Plan Width": 4, "Actual Rows": 37426, "Actual Loops": 2, "Filter": "((views >= 0) AND (upvotes >= 0) AND (creationdate >= '2010-11-27 21:46:49'::timestamp without time zone) AND (creationdate <= '2014-08-18 13:00:22'::timestamp without time zone))", "Rows Removed by Filter": 2899, "Workers": []}]}, {"Node Type": "Sort", "Parent Relationship": "Inner", "Parallel Aware": false, "Async Capable": false, "Startup Cost": 2817.0, "Total Cost": 2847.47, "Plan Rows": 12190, "Plan Width": 4, "Actual Rows": 298174, "Actual Loops": 2, "Sort Key": ["p.owneruserid"], "Sort Method": "quicksort", "Sort Space Used": 385, "Sort Space Type": "Memory", "Workers": [{"Worker Number": 0, "Sort Method": "quicksort", "Sort Space Used": 385, "Sort Space Type": "Memory"}], "Plans": [{"Node Type": "Seq Scan", "Parent Relationship": "Outer", "Parallel Aware": false, "Async Capable": false, "Relation Name": "posts", "Alias": "p", "Startup Cost": 0.0, "Total Cost": 1989.7, "Plan Rows": 12190, "Plan Width": 4, "Actual Rows": 12190, "Actual Loops": 2, "Filter": "(favoritecount <= 5)", "Rows Removed by Filter": 79786, "Workers": []}]}]}]}]}]}, "Planning Time": 2.918, "Triggers": [], "Execution Time": 220.393}, {"Plan": {"Node Type": "Aggregate", "Strategy": "Plain", "Partial Mode": "Finalize", "Parallel Aware": false, "Async Capable": false, "Startup Cost": 78351.67, "Total Cost": 78351.68, "Plan Rows": 1, "Plan Width": 8, "Actual Rows": 1, "Actual Loops": 1, "Plans": [{"Node Type": "Gather", "Parent Relationship": "Outer", "Parallel Aware": false, "Async Capable": false, "Startup Cost": 78351.56, "Total Cost": 78351.67, "Plan Rows": 1, "Plan Width": 8, "Actual Rows": 2, "Actual Loops": 1, "Workers Planned": 1, "Workers Launched": 1, "Single Copy": false, "Plans": [{"Node Type": "Aggregate", "Strategy": "Plain", "Partial Mode": "Partial", "Parent Relationship": "Outer", "Parallel Aware": false, "Async Capable": false, "Startup Cost": 77351.56, "Total Cost": 77351.57, "Plan Rows": 1, "Plan Width": 8, "Actual Rows": 1, "Actual Loops": 2, "Workers": [], "Plans": [{"Node Type": "Merge Join", "Parent Relationship": "Outer", "Parallel Aware": false, "Async Capable": false, "Join Type": "Inner", "Startup Cost": 2817.71, "Total Cost": 68547.68, "Plan Rows": 42.0, "Plan Width": 0, "Actual Rows": 291308, "Actual Loops": 2, "Inner Unique": false, "Merge Cond": "(ph.userid = p.owneruserid)", "Workers": [], "Plans": [{"Node Type": "Index Scan", "Parent Relationship": "Outer", "Parallel Aware": true, "Async Capable": false, "Scan Direction": "Forward", "Index Name": "idx_posthistory_userid", "Relation Name": "posthistory", "Alias": "ph", "Startup Cost": 0.42, "Total Cost": 11289.47, "Plan Rows": 161965, "Plan Width": 4, "Actual Rows": 127048, "Actual Loops": 2, "Filter": "(creationdate >= '2011-05-20 18:43:03'::timestamp without time zone)", "Rows Removed by Filter": 12654, "Workers": []}, {"Node Type": "Materialize", "Parent Relationship": "Inner", "Parallel Aware": false, "Async Capable": false, "Startup Cost": 2817.29, "Total Cost": 4870.32, "Plan Rows": 10.0, "Plan Width": 8, "Actual Rows": 296475, "Actual Loops": 2, "Workers": [], "Plans": [{"Node Type": "Merge Join", "Parent Relationship": "Outer", "Parallel Aware": false, "Async Capable": false, "Join Type": "Inner", "Startup Cost": 2817.29, "Total Cost": 4842.46, "Plan Rows": 10.0, "Plan Width": 8, "Actual Rows": 10205, "Actual Loops": 2, "Inner Unique": false, "Merge Cond": "(u.id = p.owneruserid)", "Workers": [], "Plans": [{"Node Type": "Index Scan", "Parent Relationship": "Outer", "Parallel Aware": false, "Async Capable": false, "Scan Direction": "Forward", "Index Name": "users_pkey", "Relation Name": "users", "Alias": "u", "Startup Cost": 0.29, "Total Cost": 1760.41, "Plan Rows": 37430, "Plan Width": 4, "Actual Rows": 37426, "Actual Loops": 2, "Filter": "((views >= 0) AND (upvotes >= 0) AND (creationdate >= '2010-11-27 21:46:49'::timestamp without time zone) AND (creationdate <= '2014-08-18 13:00:22'::timestamp without time zone))", "Rows Removed by Filter": 2899, "Workers": []}, {"Node Type": "Sort", "Parent Relationship": "Inner", "Parallel Aware": false, "Async Capable": false, "Startup Cost": 2817.0, "Total Cost": 2847.47, "Plan Rows": 12190, "Plan Width": 4, "Actual Rows": 11891, "Actual Loops": 2, "Sort Key": ["p.owneruserid"], "Sort Method": "quicksort", "Sort Space Used": 385, "Sort Space Type": "Memory", "Workers": [{"Worker Number": 0, "Sort Method": "quicksort", "Sort Space Used": 385, "Sort Space Type": "Memory"}], "Plans": [{"Node Type": "Seq Scan", "Parent Relationship": "Outer", "Parallel Aware": false, "Async Capable": false, "Relation Name": "posts", "Alias": "p", "Startup Cost": 0.0, "Total Cost": 1989.7, "Plan Rows": 12190, "Plan Width": 4, "Actual Rows": 12190, "Actual Loops": 2, "Filter": "(favoritecount <= 5)", "Rows Removed by Filter": 79786, "Workers": []}]}]}]}]}]}]}]}, "Planning Time": 2.895, "Triggers": [], "Execution Time": 216.551}]