[{"Plan": {"Node Type": "Aggregate", "Strategy": "Plain", "Partial Mode": "Finalize", "Parallel Aware": false, "Async Capable": false, "Startup Cost": 11613.05, "Total Cost": 11613.06, "Plan Rows": 1, "Plan Width": 8, "Actual Rows": 1, "Actual Loops": 1, "Plans": [{"Node Type": "Gather", "Parent Relationship": "Outer", "Parallel Aware": false, "Async Capable": false, "Startup Cost": 11612.93, "Total Cost": 11613.04, "Plan Rows": 1, "Plan Width": 8, "Actual Rows": 2, "Actual Loops": 1, "Workers Planned": 1, "Workers Launched": 1, "Single Copy": false, "Plans": [{"Node Type": "Aggregate", "Strategy": "Plain", "Partial Mode": "Partial", "Parent Relationship": "Outer", "Parallel Aware": false, "Async Capable": false, "Startup Cost": 10612.93, "Total Cost": 10612.94, "Plan Rows": 1, "Plan Width": 8, "Actual Rows": 1, "Actual Loops": 2, "Workers": [], "Plans": [{"Node Type": "Hash Join", "Parent Relationship": "Outer", "Parallel Aware": false, "Async Capable": false, "Join Type": "Inner", "Startup Cost": 4838.94, "Total Cost": 10201.37, "Plan Rows": 596615.0, "Plan Width": 0, "Actual Rows": 125534, "Actual Loops": 2, "Inner Unique": true, "Hash Cond": "(p.owneruserid = u.id)", "Workers": [], "Plans": [{"Node Type": "Hash Join", "Parent Relationship": "Outer", "Parallel Aware": false, "Async Capable": false, "Join Type": "Inner", "Startup Cost": 3332.79, "Total Cost": 8255.86, "Plan Rows": 802183.0, "Plan Width": 4, "Actual Rows": 145963, "Actual Loops": 2, "Inner Unique": true, "Hash Cond": "(ph.postid = p.id)", "Workers": [], "Plans": [{"Node Type": "Seq Scan", "Parent Relationship": "Outer", "Parallel Aware": true, "Async Capable": false, "Relation Name": "posthistory", "Alias": "ph", "Startup Cost": 0.0, "Total Cost": 4469.32, "Plan Rows": 172851, "Plan Width": 4, "Actual Rows": 146894, "Actual Loops": 2, "Filter": "(creationdate <= '2014-08-17 21:24:11'::timestamp without time zone)", "Rows Removed by Filter": 4700, "Workers": []}, {"Node Type": "Hash", "Parent Relationship": "Inner", "Parallel Aware": false, "Async Capable": false, "Startup Cost": 2219.64, "Total Cost": 2219.64, "Plan Rows": 89052, "Plan Width": 8, "Actual Rows": 89117, "Actual Loops": 2, "Hash Buckets": 131072, "Original Hash Buckets": 131072, "Hash Batches": 1, "Original Hash Batches": 1, "Peak Memory Usage": 4500, "Workers": [], "Plans": [{"Node Type": "Seq Scan", "Parent Relationship": "Outer", "Parallel Aware": false, "Async Capable": false, "Relation Name": "posts", "Alias": "p", "Startup Cost": 0.0, "Total Cost": 2219.64, "Plan Rows": 89052, "Plan Width": 8, "Actual Rows": 89117, "Actual Loops": 2, "Filter": "((creationdate >= '2010-07-26 19:26:37'::timestamp without time zone) AND (creationdate <= '2014-08-22 14:43:39'::timestamp without time zone))", "Rows Removed by Filter": 2859, "Workers": []}]}]}, {"Node Type": "Hash", "Parent Relationship": "Inner", "Parallel Aware": false, "Async Capable": false, "Startup Cost": 1002.69, "Total Cost": 1002.69, "Plan Rows": 40277, "Plan Width": 4, "Actual Rows": 40277, "Actual Loops": 2, "Hash Buckets": 65536, "Original Hash Buckets": 65536, "Hash Batches": 1, "Original Hash Batches": 1, "Peak Memory Usage": 1928, "Workers": [], "Plans": [{"Node Type": "Seq Scan", "Parent Relationship": "Outer", "Parallel Aware": false, "Async Capable": false, "Relation Name": "users", "Alias": "u", "Startup Cost": 0.0, "Total Cost": 1002.69, "Plan Rows": 40277, "Plan Width": 4, "Actual Rows": 40277, "Actual Loops": 2, "Filter": "((reputation >= 1) AND (reputation <= 6524) AND (views >= 0))", "Rows Removed by Filter": 48, "Workers": []}]}]}]}]}]}, "Planning Time": 1.868, "Triggers": [], "Execution Time": 147.36}, {"Plan": {"Node Type": "Aggregate", "Strategy": "Plain", "Partial Mode": "Finalize", "Parallel Aware": false, "Async Capable": false, "Startup Cost": 11613.05, "Total Cost": 11613.06, "Plan Rows": 1, "Plan Width": 8, "Actual Rows": 1, "Actual Loops": 1, "Plans": [{"Node Type": "Gather", "Parent Relationship": "Outer", "Parallel Aware": false, "Async Capable": false, "Startup Cost": 11612.93, "Total Cost": 11613.04, "Plan Rows": 1, "Plan Width": 8, "Actual Rows": 2, "Actual Loops": 1, "Workers Planned": 1, "Workers Launched": 1, "Single Copy": false, "Plans": [{"Node Type": "Aggregate", "Strategy": "Plain", "Partial Mode": "Partial", "Parent Relationship": "Outer", "Parallel Aware": false, "Async Capable": false, "Startup Cost": 10612.93, "Total Cost": 10612.94, "Plan Rows": 1, "Plan Width": 8, "Actual Rows": 1, "Actual Loops": 2, "Workers": [], "Plans": [{"Node Type": "Hash Join", "Parent Relationship": "Outer", "Parallel Aware": false, "Async Capable": false, "Join Type": "Inner", "Startup Cost": 4838.94, "Total Cost": 10201.37, "Plan Rows": 596615.0, "Plan Width": 0, "Actual Rows": 125534, "Actual Loops": 2, "Inner Unique": true, "Hash Cond": "(p.owneruserid = u.id)", "Workers": [], "Plans": [{"Node Type": "Hash Join", "Parent Relationship": "Outer", "Parallel Aware": false, "Async Capable": false, "Join Type": "Inner", "Startup Cost": 3332.79, "Total Cost": 8255.86, "Plan Rows": 802183.0, "Plan Width": 4, "Actual Rows": 145963, "Actual Loops": 2, "Inner Unique": true, "Hash Cond": "(ph.postid = p.id)", "Workers": [], "Plans": [{"Node Type": "Seq Scan", "Parent Relationship": "Outer", "Parallel Aware": true, "Async Capable": false, "Relation Name": "posthistory", "Alias": "ph", "Startup Cost": 0.0, "Total Cost": 4469.32, "Plan Rows": 172851, "Plan Width": 4, "Actual Rows": 146894, "Actual Loops": 2, "Filter": "(creationdate <= '2014-08-17 21:24:11'::timestamp without time zone)", "Rows Removed by Filter": 4700, "Workers": []}, {"Node Type": "Hash", "Parent Relationship": "Inner", "Parallel Aware": false, "Async Capable": false, "Startup Cost": 2219.64, "Total Cost": 2219.64, "Plan Rows": 89052, "Plan Width": 8, "Actual Rows": 89117, "Actual Loops": 2, "Hash Buckets": 131072, "Original Hash Buckets": 131072, "Hash Batches": 1, "Original Hash Batches": 1, "Peak Memory Usage": 4500, "Workers": [], "Plans": [{"Node Type": "Seq Scan", "Parent Relationship": "Outer", "Parallel Aware": false, "Async Capable": false, "Relation Name": "posts", "Alias": "p", "Startup Cost": 0.0, "Total Cost": 2219.64, "Plan Rows": 89052, "Plan Width": 8, "Actual Rows": 89117, "Actual Loops": 2, "Filter": "((creationdate >= '2010-07-26 19:26:37'::timestamp without time zone) AND (creationdate <= '2014-08-22 14:43:39'::timestamp without time zone))", "Rows Removed by Filter": 2859, "Workers": []}]}]}, {"Node Type": "Hash", "Parent Relationship": "Inner", "Parallel Aware": false, "Async Capable": false, "Startup Cost": 1002.69, "Total Cost": 1002.69, "Plan Rows": 40277, "Plan Width": 4, "Actual Rows": 40277, "Actual Loops": 2, "Hash Buckets": 65536, "Original Hash Buckets": 65536, "Hash Batches": 1, "Original Hash Batches": 1, "Peak Memory Usage": 1928, "Workers": [], "Plans": [{"Node Type": "Seq Scan", "Parent Relationship": "Outer", "Parallel Aware": false, "Async Capable": false, "Relation Name": "users", "Alias": "u", "Startup Cost": 0.0, "Total Cost": 1002.69, "Plan Rows": 40277, "Plan Width": 4, "Actual Rows": 40277, "Actual Loops": 2, "Filter": "((reputation >= 1) AND (reputation <= 6524) AND (views >= 0))", "Rows Removed by Filter": 48, "Workers": []}]}]}]}]}]}, "Planning Time": 1.999, "Triggers": [], "Execution Time": 142.391}, {"Plan": {"Node Type": "Aggregate", "Strategy": "Plain", "Partial Mode": "Simple", "Parallel Aware": false, "Async Capable": false, "Startup Cost": 21978.82, "Total Cost": 21978.83, "Plan Rows": 1, "Plan Width": 8, "Actual Rows": 1, "Actual Loops": 1, "Plans": [{"Node Type": "Hash Join", "Parent Relationship": "Outer", "Parallel Aware": false, "Async Capable": false, "Join Type": "Inner", "Startup Cost": 11209.07, "Total Cost": 21279.16, "Plan Rows": 596615.0, "Plan Width": 0, "Actual Rows": 251068, "Actual Loops": 1, "Inner Unique": false, "Hash Cond": "(p.id = ph.postid)", "Plans": [{"Node Type": "Hash Join", "Parent Relationship": "Outer", "Parallel Aware": false, "Async Capable": false, "Join Type": "Inner", "Startup Cost": 1506.15, "Total Cost": 3959.57, "Plan Rows": 177191.0, "Plan Width": 4, "Actual Rows": 69617, "Actual Loops": 1, "Inner Unique": true, "Hash Cond": "(p.owneruserid = u.id)", "Plans": [{"Node Type": "Seq Scan", "Parent Relationship": "Outer", "Parallel Aware": false, "Async Capable": false, "Relation Name": "posts", "Alias": "p", "Startup Cost": 0.0, "Total Cost": 2219.64, "Plan Rows": 89052, "Plan Width": 8, "Actual Rows": 89117, "Actual Loops": 1, "Filter": "((creationdate >= '2010-07-26 19:26:37'::timestamp without time zone) AND (creationdate <= '2014-08-22 14:43:39'::timestamp without time zone))", "Rows Removed by Filter": 2859}, {"Node Type": "Hash", "Parent Relationship": "Inner", "Parallel Aware": false, "Async Capable": false, "Startup Cost": 1002.69, "Total Cost": 1002.69, "Plan Rows": 40277, "Plan Width": 4, "Actual Rows": 40277, "Actual Loops": 1, "Hash Buckets": 65536, "Original Hash Buckets": 65536, "Hash Batches": 1, "Original Hash Batches": 1, "Peak Memory Usage": 1928, "Plans": [{"Node Type": "Seq Scan", "Parent Relationship": "Outer", "Parallel Aware": false, "Async Capable": false, "Relation Name": "users", "Alias": "u", "Startup Cost": 0.0, "Total Cost": 1002.69, "Plan Rows": 40277, "Plan Width": 4, "Actual Rows": 40277, "Actual Loops": 1, "Filter": "((reputation >= 1) AND (reputation <= 6524) AND (views >= 0))", "Rows Removed by Filter": 48}]}]}, {"Node Type": "Hash", "Parent Relationship": "Inner", "Parallel Aware": false, "Async Capable": false, "Startup Cost": 6029.84, "Total Cost": 6029.84, "Plan Rows": 293847, "Plan Width": 4, "Actual Rows": 293788, "Actual Loops": 1, "Hash Buckets": 524288, "Original Hash Buckets": 524288, "Hash Batches": 1, "Original Hash Batches": 1, "Peak Memory Usage": 14425, "Plans": [{"Node Type": "Seq Scan", "Parent Relationship": "Outer", "Parallel Aware": false, "Async Capable": false, "Relation Name": "posthistory", "Alias": "ph", "Startup Cost": 0.0, "Total Cost": 6029.84, "Plan Rows": 293847, "Plan Width": 4, "Actual Rows": 293788, "Actual Loops": 1, "Filter": "(creationdate <= '2014-08-17 21:24:11'::timestamp without time zone)", "Rows Removed by Filter": 9399}]}]}]}, "Planning Time": 1.464, "Triggers": [], "Execution Time": 331.684}, {"Plan": {"Node Type": "Aggregate", "Strategy": "Plain", "Partial Mode": "Simple", "Parallel Aware": false, "Async Capable": false, "Startup Cost": 42567.07, "Total Cost": 42567.08, "Plan Rows": 1, "Plan Width": 8, "Actual Rows": 1, "Actual Loops": 1, "Plans": [{"Node Type": "Merge Join", "Parent Relationship": "Outer", "Parallel Aware": false, "Async Capable": false, "Join Type": "Inner", "Startup Cost": 35907.74, "Total Cost": 41867.4, "Plan Rows": 596615.0, "Plan Width": 0, "Actual Rows": 251068, "Actual Loops": 1, "Inner Unique": false, "Merge Cond": "(u.id = p.owneruserid)", "Plans": [{"Node Type": "Index Scan", "Parent Relationship": "Outer", "Parallel Aware": false, "Async Capable": false, "Scan Direction": "Forward", "Index Name": "users_pkey", "Relation Name": "users", "Alias": "u", "Startup Cost": 0.29, "Total Cost": 1659.6, "Plan Rows": 40277, "Plan Width": 4, "Actual Rows": 39875, "Actual Loops": 1, "Filter": "((reputation >= 1) AND (reputation <= 6524) AND (views >= 0))", "Rows Removed by Filter": 48}, {"Node Type": "Sort", "Parent Relationship": "Inner", "Parallel Aware": false, "Async Capable": false, "Startup Cost": 35907.45, "Total Cost": 36618.71, "Plan Rows": 802183.0, "Plan Width": 4, "Actual Rows": 286745, "Actual Loops": 1, "Sort Key": ["p.owneruserid"], "Sort Method": "quicksort", "Sort Space Used": 12289, "Sort Space Type": "Memory", "Plans": [{"Node Type": "Hash Join", "Parent Relationship": "Outer", "Parallel Aware": false, "Async Capable": false, "Join Type": "Inner", "Startup Cost": 3332.79, "Total Cost": 10134.01, "Plan Rows": 802183.0, "Plan Width": 4, "Actual Rows": 291926, "Actual Loops": 1, "Inner Unique": true, "Hash Cond": "(ph.postid = p.id)", "Plans": [{"Node Type": "Seq Scan", "Parent Relationship": "Outer", "Parallel Aware": false, "Async Capable": false, "Relation Name": "posthistory", "Alias": "ph", "Startup Cost": 0.0, "Total Cost": 6029.84, "Plan Rows": 293847, "Plan Width": 4, "Actual Rows": 293788, "Actual Loops": 1, "Filter": "(creationdate <= '2014-08-17 21:24:11'::timestamp without time zone)", "Rows Removed by Filter": 9399}, {"Node Type": "Hash", "Parent Relationship": "Inner", "Parallel Aware": false, "Async Capable": false, "Startup Cost": 2219.64, "Total Cost": 2219.64, "Plan Rows": 89052, "Plan Width": 8, "Actual Rows": 89117, "Actual Loops": 1, "Hash Buckets": 131072, "Original Hash Buckets": 131072, "Hash Batches": 1, "Original Hash Batches": 1, "Peak Memory Usage": 4500, "Plans": [{"Node Type": "Seq Scan", "Parent Relationship": "Outer", "Parallel Aware": false, "Async Capable": false, "Relation Name": "posts", "Alias": "p", "Startup Cost": 0.0, "Total Cost": 2219.64, "Plan Rows": 89052, "Plan Width": 8, "Actual Rows": 89117, "Actual Loops": 1, "Filter": "((creationdate >= '2010-07-26 19:26:37'::timestamp without time zone) AND (creationdate <= '2014-08-22 14:43:39'::timestamp without time zone))", "Rows Removed by Filter": 2859}]}]}]}]}]}, "Planning Time": 1.521, "Triggers": [], "Execution Time": 224.228}, {"Plan": {"Node Type": "Aggregate", "Strategy": "Plain", "Partial Mode": "Finalize", "Parallel Aware": false, "Async Capable": false, "Startup Cost": 13230.03, "Total Cost": 13230.04, "Plan Rows": 1, "Plan Width": 8, "Actual Rows": 1, "Actual Loops": 1, "Plans": [{"Node Type": "Gather", "Parent Relationship": "Outer", "Parallel Aware": false, "Async Capable": false, "Startup Cost": 13229.92, "Total Cost": 13230.03, "Plan Rows": 1, "Plan Width": 8, "Actual Rows": 2, "Actual Loops": 1, "Workers Planned": 1, "Workers Launched": 1, "Single Copy": false, "Plans": [{"Node Type": "Aggregate", "Strategy": "Plain", "Partial Mode": "Partial", "Parent Relationship": "Outer", "Parallel Aware": false, "Async Capable": false, "Startup Cost": 12229.92, "Total Cost": 12229.93, "Plan Rows": 1, "Plan Width": 8, "Actual Rows": 1, "Actual Loops": 2, "Workers": [], "Plans": [{"Node Type": "Hash Join", "Parent Relationship": "Outer", "Parallel Aware": false, "Async Capable": false, "Join Type": "Inner", "Startup Cost": 5054.57, "Total Cost": 11818.35, "Plan Rows": 596615.0, "Plan Width": 0, "Actual Rows": 125534, "Actual Loops": 2, "Inner Unique": false, "Hash Cond": "(ph.postid = p.id)", "Workers": [], "Plans": [{"Node Type": "Seq Scan", "Parent Relationship": "Outer", "Parallel Aware": true, "Async Capable": false, "Relation Name": "posthistory", "Alias": "ph", "Startup Cost": 0.0, "Total Cost": 4469.32, "Plan Rows": 172851, "Plan Width": 4, "Actual Rows": 146894, "Actual Loops": 2, "Filter": "(creationdate <= '2014-08-17 21:24:11'::timestamp without time zone)", "Rows Removed by Filter": 4700, "Workers": []}, {"Node Type": "Hash", "Parent Relationship": "Inner", "Parallel Aware": false, "Async Capable": false, "Startup Cost": 3959.57, "Total Cost": 3959.57, "Plan Rows": 177191.0, "Plan Width": 4, "Actual Rows": 69617, "Actual Loops": 2, "Hash Buckets": 131072, "Original Hash Buckets": 131072, "Hash Batches": 1, "Original Hash Batches": 1, "Peak Memory Usage": 3472, "Workers": [], "Plans": [{"Node Type": "Hash Join", "Parent Relationship": "Outer", "Parallel Aware": false, "Async Capable": false, "Join Type": "Inner", "Startup Cost": 1506.15, "Total Cost": 3959.57, "Plan Rows": 177191.0, "Plan Width": 4, "Actual Rows": 69617, "Actual Loops": 2, "Inner Unique": true, "Hash Cond": "(p.owneruserid = u.id)", "Workers": [], "Plans": [{"Node Type": "Seq Scan", "Parent Relationship": "Outer", "Parallel Aware": false, "Async Capable": false, "Relation Name": "posts", "Alias": "p", "Startup Cost": 0.0, "Total Cost": 2219.64, "Plan Rows": 89052, "Plan Width": 8, "Actual Rows": 89117, "Actual Loops": 2, "Filter": "((creationdate >= '2010-07-26 19:26:37'::timestamp without time zone) AND (creationdate <= '2014-08-22 14:43:39'::timestamp without time zone))", "Rows Removed by Filter": 2859, "Workers": []}, {"Node Type": "Hash", "Parent Relationship": "Inner", "Parallel Aware": false, "Async Capable": false, "Startup Cost": 1002.69, "Total Cost": 1002.69, "Plan Rows": 40277, "Plan Width": 4, "Actual Rows": 40277, "Actual Loops": 2, "Hash Buckets": 65536, "Original Hash Buckets": 65536, "Hash Batches": 1, "Original Hash Batches": 1, "Peak Memory Usage": 1928, "Workers": [], "Plans": [{"Node Type": "Seq Scan", "Parent Relationship": "Outer", "Parallel Aware": false, "Async Capable": false, "Relation Name": "users", "Alias": "u", "Startup Cost": 0.0, "Total Cost": 1002.69, "Plan Rows": 40277, "Plan Width": 4, "Actual Rows": 40277, "Actual Loops": 2, "Filter": "((reputation >= 1) AND (reputation <= 6524) AND (views >= 0))", "Rows Removed by Filter": 48, "Workers": []}]}]}]}]}]}]}]}, "Planning Time": 2.11, "Triggers": [], "Execution Time": 135.003}]