[{"Plan": {"Node Type": "Aggregate", "Strategy": "Plain", "Partial Mode": "Finalize", "Parallel Aware": false, "Async Capable": false, "Startup Cost": 73721.39, "Total Cost": 73721.4, "Plan Rows": 1, "Plan Width": 8, "Actual Rows": 1, "Actual Loops": 1, "Plans": [{"Node Type": "Gather", "Parent Relationship": "Outer", "Parallel Aware": false, "Async Capable": false, "Startup Cost": 73721.28, "Total Cost": 73721.39, "Plan Rows": 1, "Plan Width": 8, "Actual Rows": 2, "Actual Loops": 1, "Workers Planned": 1, "Workers Launched": 1, "Single Copy": false, "Plans": [{"Node Type": "Aggregate", "Strategy": "Plain", "Partial Mode": "Partial", "Parent Relationship": "Outer", "Parallel Aware": false, "Async Capable": false, "Startup Cost": 72721.28, "Total Cost": 72721.29, "Plan Rows": 1, "Plan Width": 8, "Actual Rows": 1, "Actual Loops": 2, "Workers": [], "Plans": [{"Node Type": "Hash Join", "Parent Relationship": "Outer", "Parallel Aware": true, "Async Capable": false, "Join Type": "Inner", "Startup Cost": 4958.27, "Total Cost": 8712.15, "Plan Rows": 70.0, "Plan Width": 0, "Actual Rows": 28179699, "Actual Loops": 2, "Inner Unique": false, "Hash Cond": "(c.userid = u.id)", "Workers": [], "Plans": [{"Node Type": "Seq Scan", "Parent Relationship": "Outer", "Parallel Aware": true, "Async Capable": false, "Relation Name": "comments", "Alias": "c", "Startup Cost": 0.0, "Total Cost": 2625.65, "Plan Rows": 102170, "Plan Width": 4, "Actual Rows": 86868, "Actual Loops": 2, "Filter": "(creationdate >= '2010-07-27 12:03:40'::timestamp without time zone)", "Rows Removed by Filter": 285, "Workers": []}, {"Node Type": "Hash", "Parent Relationship": "Inner", "Parallel Aware": true, "Async Capable": false, "Startup Cost": 4584.49, "Total Cost": 4584.49, "Plan Rows": 27.0, "Plan Width": 12, "Actual Rows": 64556, "Actual Loops": 2, "Hash Buckets": 131072, "Original Hash Buckets": 131072, "Hash Batches": 1, "Original Hash Batches": 1, "Peak Memory Usage": 7104, "Workers": [], "Plans": [{"Node Type": "Nested Loop", "Parent Relationship": "Outer", "Parallel Aware": false, "Async Capable": false, "Join Type": "Inner", "Startup Cost": 1.01, "Total Cost": 4584.49, "Plan Rows": 27.0, "Plan Width": 12, "Actual Rows": 64556, "Actual Loops": 2, "Inner Unique": false, "Join Filter": "(p.owneruserid = u.id)", "Rows Removed by Join Filter": 0, "Workers": [], "Plans": [{"Node Type": "Merge Join", "Parent Relationship": "Outer", "Parallel Aware": false, "Async Capable": false, "Join Type": "Inner", "Startup Cost": 0.71, "Total Cost": 2289.31, "Plan Rows": 7912.0, "Plan Width": 8, "Actual Rows": 16174, "Actual Loops": 2, "Inner Unique": true, "Merge Cond": "(v.userid = u.id)", "Workers": [], "Plans": [{"Node Type": "Index Only Scan", "Parent Relationship": "Outer", "Parallel Aware": true, "Async Capable": false, "Scan Direction": "Forward", "Index Name": "idx_votes_userid", "Relation Name": "votes", "Alias": "v", "Startup Cost": 0.42, "Total Cost": 4261.57, "Plan Rows": 136693, "Plan Width": 4, "Actual Rows": 17396, "Actual Loops": 2, "Heap Fetches": 0, "Workers": []}, {"Node Type": "Index Scan", "Parent Relationship": "Inner", "Parallel Aware": false, "Async Capable": false, "Scan Direction": "Forward", "Index Name": "users_pkey", "Relation Name": "users", "Alias": "u", "Startup Cost": 0.29, "Total Cost": 1558.79, "Plan Rows": 39989, "Plan Width": 4, "Actual Rows": 38610, "Actual Loops": 2, "Filter": "((views >= 0) AND (creationdate >= '2010-07-27 09:38:05'::timestamp without time zone))", "Rows Removed by Filter": 344, "Workers": []}]}, {"Node Type": "Memoize", "Parent Relationship": "Inner", "Parallel Aware": false, "Async Capable": false, "Startup Cost": 0.3, "Total Cost": 0.48, "Plan Rows": 1, "Plan Width": 4, "Actual Rows": 4, "Actual Loops": 32349, "Cache Key": "v.userid", "Cache Mode": "logical", "Cache Hits": 15320, "Cache Misses": 2987, "Cache Evictions": 0, "Cache Overflows": 0, "Peak Memory Usage": 324, "Workers": [{"Worker Number": 0, "Cache Hits": 11634, "Cache Misses": 2408, "Cache Evictions": 0, "Cache Overflows": 0, "Peak Memory Usage": 243}], "Plans": [{"Node Type": "Index Scan", "Parent Relationship": "Outer", "Parallel Aware": false, "Async Capable": false, "Scan Direction": "Forward", "Index Name": "idx_posts_owneruserid", "Relation Name": "posts", "Alias": "p", "Startup Cost": 0.29, "Total Cost": 0.47, "Plan Rows": 1, "Plan Width": 4, "Actual Rows": 1, "Actual Loops": 5395, "Index Cond": "(owneruserid = v.userid)", "Rows Removed by Index Recheck": 0, "Filter": "((score >= 0) AND (score <= 28) AND (viewcount >= 0) AND (viewcount <= 6517) AND (answercount >= 0) AND (answercount <= 5) AND (favoritecount >= 0) AND (favoritecount <= 8) AND (creationdate >= '2010-07-27 11:29:20'::timestamp without time zone) AND (creationdate <= '2014-09-13 02:50:15'::timestamp without time zone))", "Rows Removed by Filter": 7, "Workers": []}]}]}]}]}]}]}]}, "Planning Time": 6.806, "Triggers": [], "Execution Time": 1871.92}, {"Plan": {"Node Type": "Aggregate", "Strategy": "Plain", "Partial Mode": "Finalize", "Parallel Aware": false, "Async Capable": false, "Startup Cost": 119132.79, "Total Cost": 119132.8, "Plan Rows": 1, "Plan Width": 8, "Actual Rows": 1, "Actual Loops": 1, "Plans": [{"Node Type": "Gather", "Parent Relationship": "Outer", "Parallel Aware": false, "Async Capable": false, "Startup Cost": 119132.67, "Total Cost": 119132.78, "Plan Rows": 1, "Plan Width": 8, "Actual Rows": 2, "Actual Loops": 1, "Workers Planned": 1, "Workers Launched": 1, "Single Copy": false, "Plans": [{"Node Type": "Aggregate", "Strategy": "Plain", "Partial Mode": "Partial", "Parent Relationship": "Outer", "Parallel Aware": false, "Async Capable": false, "Startup Cost": 118132.67, "Total Cost": 118132.68, "Plan Rows": 1, "Plan Width": 8, "Actual Rows": 1, "Actual Loops": 2, "Workers": [], "Plans": [{"Node Type": "Merge Join", "Parent Relationship": "Outer", "Parallel Aware": false, "Async Capable": false, "Join Type": "Inner", "Startup Cost": 4210.15, "Total Cost": 54123.54, "Plan Rows": 70.0, "Plan Width": 0, "Actual Rows": 28179699, "Actual Loops": 2, "Inner Unique": false, "Merge Cond": "(c.userid = u.id)", "Workers": [], "Plans": [{"Node Type": "Nested Loop", "Parent Relationship": "Outer", "Parallel Aware": false, "Async Capable": false, "Join Type": "Inner", "Startup Cost": 0.73, "Total Cost": 27783.47, "Plan Rows": 81329.0, "Plan Width": 8, "Actual Rows": 5507800, "Actual Loops": 2, "Inner Unique": false, "Workers": [], "Plans": [{"Node Type": "Index Scan", "Parent Relationship": "Outer", "Parallel Aware": true, "Async Capable": false, "Scan Direction": "Forward", "Index Name": "idx_comments_userid", "Relation Name": "comments", "Alias": "c", "Startup Cost": 0.29, "Total Cost": 7361.8, "Plan Rows": 102170, "Plan Width": 4, "Actual Rows": 86868, "Actual Loops": 2, "Filter": "(creationdate >= '2010-07-27 12:03:40'::timestamp without time zone)", "Rows Removed by Filter": 285, "Workers": []}, {"Node Type": "Memoize", "Parent Relationship": "Inner", "Parallel Aware": false, "Async Capable": false, "Startup Cost": 0.43, "Total Cost": 0.6, "Plan Rows": 9, "Plan Width": 4, "Actual Rows": 63, "Actual Loops": 173735, "Cache Key": "c.userid", "Cache Mode": "logical", "Cache Hits": 73886, "Cache Misses": 5544, "Cache Evictions": 0, "Cache Overflows": 0, "Peak Memory Usage": 857, "Workers": [{"Worker Number": 0, "Cache Hits": 86204, "Cache Misses": 8101, "Cache Evictions": 0, "Cache Overflows": 0, "Peak Memory Usage": 1105}], "Plans": [{"Node Type": "Index Only Scan", "Parent Relationship": "Outer", "Parallel Aware": false, "Async Capable": false, "Scan Direction": "Forward", "Index Name": "idx_votes_userid", "Relation Name": "votes", "Alias": "v", "Startup Cost": 0.42, "Total Cost": 0.59, "Plan Rows": 9, "Plan Width": 4, "Actual Rows": 2, "Actual Loops": 13645, "Index Cond": "(userid = c.userid)", "Rows Removed by Index Recheck": 0, "Heap Fetches": 0, "Workers": []}]}]}, {"Node Type": "Materialize", "Parent Relationship": "Inner", "Parallel Aware": false, "Async Capable": false, "Startup Cost": 4209.42, "Total Cost": 5913.1, "Plan Rows": 1.0, "Plan Width": 8, "Actual Rows": 28188202, "Actual Loops": 2, "Workers": [], "Plans": [{"Node Type": "Merge Join", "Parent Relationship": "Outer", "Parallel Aware": false, "Async Capable": false, "Join Type": "Inner", "Startup Cost": 4209.42, "Total Cost": 5906.66, "Plan Rows": 1.0, "Plan Width": 8, "Actual Rows": 11416, "Actual Loops": 2, "Inner Unique": false, "Merge Cond": "(u.id = p.owneruserid)", "Workers": [], "Plans": [{"Node Type": "Index Scan", "Parent Relationship": "Outer", "Parallel Aware": false, "Async Capable": false, "Scan Direction": "Forward", "Index Name": "users_pkey", "Relation Name": "users", "Alias": "u", "Startup Cost": 0.29, "Total Cost": 1558.79, "Plan Rows": 39989, "Plan Width": 4, "Actual Rows": 39408, "Actual Loops": 2, "Filter": "((views >= 0) AND (creationdate >= '2010-07-27 09:38:05'::timestamp without time zone))", "Rows Removed by Filter": 344, "Workers": []}, {"Node Type": "Sort", "Parent Relationship": "Inner", "Parallel Aware": false, "Async Capable": false, "Startup Cost": 4209.13, "Total Cost": 4215.73, "Plan Rows": 2639, "Plan Width": 4, "Actual Rows": 11892, "Actual Loops": 2, "Sort Key": ["p.owneruserid"], "Sort Method": "quicksort", "Sort Space Used": 385, "Sort Space Type": "Memory", "Workers": [{"Worker Number": 0, "Sort Method": "quicksort", "Sort Space Used": 385, "Sort Space Type": "Memory"}], "Plans": [{"Node Type": "Seq Scan", "Parent Relationship": "Outer", "Parallel Aware": false, "Async Capable": false, "Relation Name": "posts", "Alias": "p", "Startup Cost": 0.0, "Total Cost": 4059.16, "Plan Rows": 2639, "Plan Width": 4, "Actual Rows": 12147, "Actual Loops": 2, "Filter": "((score >= 0) AND (score <= 28) AND (viewcount >= 0) AND (viewcount <= 6517) AND (answercount >= 0) AND (answercount <= 5) AND (favoritecount >= 0) AND (favoritecount <= 8) AND (creationdate >= '2010-07-27 11:29:20'::timestamp without time zone) AND (creationdate <= '2014-09-13 02:50:15'::timestamp without time zone))", "Rows Removed by Filter": 79829, "Workers": []}]}]}]}]}]}]}]}, "Planning Time": 6.408, "Triggers": [], "Execution Time": 2710.969}, {"Plan": {"Node Type": "Aggregate", "Strategy": "Plain", "Partial Mode": "Finalize", "Parallel Aware": false, "Async Capable": false, "Startup Cost": 110299.04, "Total Cost": 110299.05, "Plan Rows": 1, "Plan Width": 8, "Actual Rows": 1, "Actual Loops": 1, "Plans": [{"Node Type": "Gather", "Parent Relationship": "Outer", "Parallel Aware": false, "Async Capable": false, "Startup Cost": 110298.82, "Total Cost": 110299.03, "Plan Rows": 2, "Plan Width": 8, "Actual Rows": 3, "Actual Loops": 1, "Workers Planned": 2, "Workers Launched": 2, "Single Copy": false, "Plans": [{"Node Type": "Aggregate", "Strategy": "Plain", "Partial Mode": "Partial", "Parent Relationship": "Outer", "Parallel Aware": false, "Async Capable": false, "Startup Cost": 109298.82, "Total Cost": 109298.83, "Plan Rows": 1, "Plan Width": 8, "Actual Rows": 1, "Actual Loops": 3, "Workers": [], "Plans": [{"Node Type": "Hash Join", "Parent Relationship": "Outer", "Parallel Aware": false, "Async Capable": false, "Join Type": "Inner", "Startup Cost": 5611.6, "Total Cost": 63959.02, "Plan Rows": 70.0, "Plan Width": 0, "Actual Rows": 18786466, "Actual Loops": 3, "Inner Unique": true, "Hash Cond": "(p.owneruserid = u.id)", "Workers": [], "Plans": [{"Node Type": "Nested Loop", "Parent Relationship": "Outer", "Parallel Aware": false, "Async Capable": false, "Join Type": "Inner", "Startup Cost": 4209.86, "Total Cost": 13807.71, "Plan Rows": 131.0, "Plan Width": 12, "Actual Rows": 23435640, "Actual Loops": 3, "Inner Unique": false, "Join Filter": "(c.userid = p.owneruserid)", "Rows Removed by Join Filter": 0, "Workers": [], "Plans": [{"Node Type": "Merge Join", "Parent Relationship": "Outer", "Parallel Aware": false, "Async Capable": false, "Join Type": "Inner", "Startup Cost": 4209.55, "Total Cost": 5155.59, "Plan Rows": 44.0, "Plan Width": 8, "Actual Rows": 57126, "Actual Loops": 3, "Inner Unique": false, "Merge Cond": "(v.userid = p.owneruserid)", "Workers": [], "Plans": [{"Node Type": "Index Only Scan", "Parent Relationship": "Outer", "Parallel Aware": true, "Async Capable": false, "Scan Direction": "Forward", "Index Name": "idx_votes_userid", "Relation Name": "votes", "Alias": "v", "Startup Cost": 0.42, "Total Cost": 4261.57, "Plan Rows": 136693, "Plan Width": 4, "Actual Rows": 11596, "Actual Loops": 3, "Heap Fetches": 0, "Workers": []}, {"Node Type": "Sort", "Parent Relationship": "Inner", "Parallel Aware": false, "Async Capable": false, "Startup Cost": 4209.13, "Total Cost": 4215.73, "Plan Rows": 2639, "Plan Width": 4, "Actual Rows": 63200, "Actual Loops": 3, "Sort Key": ["p.owneruserid"], "Sort Method": "quicksort", "Sort Space Used": 385, "Sort Space Type": "Memory", "Workers": [{"Worker Number": 0, "Sort Method": "quicksort", "Sort Space Used": 385, "Sort Space Type": "Memory"}, {"Worker Number": 1, "Sort Method": "quicksort", "Sort Space Used": 385, "Sort Space Type": "Memory"}], "Plans": [{"Node Type": "Seq Scan", "Parent Relationship": "Outer", "Parallel Aware": false, "Async Capable": false, "Relation Name": "posts", "Alias": "p", "Startup Cost": 0.0, "Total Cost": 4059.16, "Plan Rows": 2639, "Plan Width": 4, "Actual Rows": 12147, "Actual Loops": 3, "Filter": "((score >= 0) AND (score <= 28) AND (viewcount >= 0) AND (viewcount <= 6517) AND (answercount >= 0) AND (answercount <= 5) AND (favoritecount >= 0) AND (favoritecount <= 8) AND (creationdate >= '2010-07-27 11:29:20'::timestamp without time zone) AND (creationdate <= '2014-09-13 02:50:15'::timestamp without time zone))", "Rows Removed by Filter": 79829, "Workers": []}]}]}, {"Node Type": "Memoize", "Parent Relationship": "Inner", "Parallel Aware": false, "Async Capable": false, "Startup Cost": 0.3, "Total Cost": 0.58, "Plan Rows": 13, "Plan Width": 4, "Actual Rows": 410, "Actual Loops": 171377, "Cache Key": "v.userid", "Cache Mode": "logical", "Cache Hits": 68281, "Cache Misses": 937, "Cache Evictions": 0, "Cache Overflows": 0, "Peak Memory Usage": 1845, "Workers": [{"Worker Number": 0, "Cache Hits": 13008, "Cache Misses": 69, "Cache Evictions": 0, "Cache Overflows": 0, "Peak Memory Usage": 579}, {"Worker Number": 1, "Cache Hits": 87842, "Cache Misses": 1240, "Cache Evictions": 0, "Cache Overflows": 0, "Peak Memory Usage": 1397}], "Plans": [{"Node Type": "Index Scan", "Parent Relationship": "Outer", "Parallel Aware": false, "Async Capable": false, "Scan Direction": "Forward", "Index Name": "idx_comments_userid", "Relation Name": "comments", "Alias": "c", "Startup Cost": 0.29, "Total Cost": 0.57, "Plan Rows": 13, "Plan Width": 4, "Actual Rows": 46, "Actual Loops": 2246, "Index Cond": "(userid = v.userid)", "Rows Removed by Index Recheck": 0, "Filter": "(creationdate >= '2010-07-27 12:03:40'::timestamp without time zone)", "Rows Removed by Filter": 0, "Workers": []}]}]}, {"Node Type": "Hash", "Parent Relationship": "Inner", "Parallel Aware": false, "Async Capable": false, "Startup Cost": 901.88, "Total Cost": 901.88, "Plan Rows": 39989, "Plan Width": 4, "Actual Rows": 39981, "Actual Loops": 3, "Hash Buckets": 65536, "Original Hash Buckets": 65536, "Hash Batches": 1, "Original Hash Batches": 1, "Peak Memory Usage": 1918, "Workers": [], "Plans": [{"Node Type": "Seq Scan", "Parent Relationship": "Outer", "Parallel Aware": false, "Async Capable": false, "Relation Name": "users", "Alias": "u", "Startup Cost": 0.0, "Total Cost": 901.88, "Plan Rows": 39989, "Plan Width": 4, "Actual Rows": 39981, "Actual Loops": 3, "Filter": "((views >= 0) AND (creationdate >= '2010-07-27 09:38:05'::timestamp without time zone))", "Rows Removed by Filter": 344, "Workers": []}]}]}]}]}]}, "Planning Time": 6.201, "Triggers": [], "Execution Time": 3328.743}, {"Plan": {"Node Type": "Aggregate", "Strategy": "Plain", "Partial Mode": "Finalize", "Parallel Aware": false, "Async Capable": false, "Startup Cost": 59428.27, "Total Cost": 59428.28, "Plan Rows": 1, "Plan Width": 8, "Actual Rows": 1, "Actual Loops": 1, "Plans": [{"Node Type": "Gather", "Parent Relationship": "Outer", "Parallel Aware": false, "Async Capable": false, "Startup Cost": 59428.05, "Total Cost": 59428.26, "Plan Rows": 2, "Plan Width": 8, "Actual Rows": 3, "Actual Loops": 1, "Workers Planned": 2, "Workers Launched": 2, "Single Copy": false, "Plans": [{"Node Type": "Aggregate", "Strategy": "Plain", "Partial Mode": "Partial", "Parent Relationship": "Outer", "Parallel Aware": false, "Async Capable": false, "Startup Cost": 58428.05, "Total Cost": 58428.06, "Plan Rows": 1, "Plan Width": 8, "Actual Rows": 1, "Actual Loops": 3, "Workers": [], "Plans": [{"Node Type": "Nested Loop", "Parent Relationship": "Outer", "Parallel Aware": false, "Async Capable": false, "Join Type": "Inner", "Startup Cost": 1.32, "Total Cost": 13088.25, "Plan Rows": 70.0, "Plan Width": 0, "Actual Rows": 18786466, "Actual Loops": 3, "Inner Unique": false, "Join Filter": "(c.userid = u.id)", "Rows Removed by Join Filter": 0, "Workers": [], "Plans": [{"Node Type": "Nested Loop", "Parent Relationship": "Outer", "Parallel Aware": false, "Async Capable": false, "Join Type": "Inner", "Startup Cost": 1.01, "Total Cost": 4584.49, "Plan Rows": 27.0, "Plan Width": 12, "Actual Rows": 43037, "Actual Loops": 3, "Inner Unique": false, "Join Filter": "(p.owneruserid = u.id)", "Rows Removed by Join Filter": 0, "Workers": [], "Plans": [{"Node Type": "Merge Join", "Parent Relationship": "Outer", "Parallel Aware": false, "Async Capable": false, "Join Type": "Inner", "Startup Cost": 0.71, "Total Cost": 2289.31, "Plan Rows": 7912.0, "Plan Width": 8, "Actual Rows": 10783, "Actual Loops": 3, "Inner Unique": true, "Merge Cond": "(v.userid = u.id)", "Workers": [], "Plans": [{"Node Type": "Index Only Scan", "Parent Relationship": "Outer", "Parallel Aware": true, "Async Capable": false, "Scan Direction": "Forward", "Index Name": "idx_votes_userid", "Relation Name": "votes", "Alias": "v", "Startup Cost": 0.42, "Total Cost": 4261.57, "Plan Rows": 136693, "Plan Width": 4, "Actual Rows": 11597, "Actual Loops": 3, "Heap Fetches": 0, "Workers": []}, {"Node Type": "Index Scan", "Parent Relationship": "Inner", "Parallel Aware": false, "Async Capable": false, "Scan Direction": "Forward", "Index Name": "users_pkey", "Relation Name": "users", "Alias": "u", "Startup Cost": 0.29, "Total Cost": 1558.79, "Plan Rows": 39989, "Plan Width": 4, "Actual Rows": 24786, "Actual Loops": 3, "Filter": "((views >= 0) AND (creationdate >= '2010-07-27 09:38:05'::timestamp without time zone))", "Rows Removed by Filter": 342, "Workers": []}]}, {"Node Type": "Memoize", "Parent Relationship": "Inner", "Parallel Aware": false, "Async Capable": false, "Startup Cost": 0.3, "Total Cost": 0.48, "Plan Rows": 1, "Plan Width": 4, "Actual Rows": 4, "Actual Loops": 32349, "Cache Key": "v.userid", "Cache Mode": "logical", "Cache Hits": 18819, "Cache Misses": 3797, "Cache Evictions": 0, "Cache Overflows": 0, "Peak Memory Usage": 400, "Workers": [{"Worker Number": 0, "Cache Hits": 855, "Cache Misses": 72, "Cache Evictions": 0, "Cache Overflows": 0, "Peak Memory Usage": 11}, {"Worker Number": 1, "Cache Hits": 7282, "Cache Misses": 1524, "Cache Evictions": 0, "Cache Overflows": 0, "Peak Memory Usage": 156}], "Plans": [{"Node Type": "Index Scan", "Parent Relationship": "Outer", "Parallel Aware": false, "Async Capable": false, "Scan Direction": "Forward", "Index Name": "idx_posts_owneruserid", "Relation Name": "posts", "Alias": "p", "Startup Cost": 0.29, "Total Cost": 0.47, "Plan Rows": 1, "Plan Width": 4, "Actual Rows": 1, "Actual Loops": 5393, "Index Cond": "(owneruserid = v.userid)", "Rows Removed by Index Recheck": 0, "Filter": "((score >= 0) AND (score <= 28) AND (viewcount >= 0) AND (viewcount <= 6517) AND (answercount >= 0) AND (answercount <= 5) AND (favoritecount >= 0) AND (favoritecount <= 8) AND (creationdate >= '2010-07-27 11:29:20'::timestamp without time zone) AND (creationdate <= '2014-09-13 02:50:15'::timestamp without time zone))", "Rows Removed by Filter": 7, "Workers": []}]}]}, {"Node Type": "Memoize", "Parent Relationship": "Inner", "Parallel Aware": false, "Async Capable": false, "Startup Cost": 0.3, "Total Cost": 0.58, "Plan Rows": 13, "Plan Width": 4, "Actual Rows": 437, "Actual Loops": 129111, "Cache Key": "v.userid", "Cache Mode": "logical", "Cache Hits": 79383, "Cache Misses": 1558, "Cache Evictions": 0, "Cache Overflows": 0, "Peak Memory Usage": 1825, "Workers": [{"Worker Number": 0, "Cache Hits": 5928, "Cache Misses": 34, "Cache Evictions": 0, "Cache Overflows": 0, "Peak Memory Usage": 485}, {"Worker Number": 1, "Cache Hits": 41624, "Cache Misses": 584, "Cache Evictions": 0, "Cache Overflows": 0, "Peak Memory Usage": 1301}], "Plans": [{"Node Type": "Index Scan", "Parent Relationship": "Outer", "Parallel Aware": false, "Async Capable": false, "Scan Direction": "Forward", "Index Name": "idx_comments_userid", "Relation Name": "comments", "Alias": "c", "Startup Cost": 0.29, "Total Cost": 0.57, "Plan Rows": 13, "Plan Width": 4, "Actual Rows": 45, "Actual Loops": 2176, "Index Cond": "(userid = v.userid)", "Rows Removed by Index Recheck": 0, "Filter": "(creationdate >= '2010-07-27 12:03:40'::timestamp without time zone)", "Rows Removed by Filter": 0, "Workers": []}]}]}]}]}]}, "Planning Time": 6.602, "Triggers": [], "Execution Time": 1546.66}, {"Plan": {"Node Type": "Aggregate", "Strategy": "Plain", "Partial Mode": "Finalize", "Parallel Aware": false, "Async Capable": false, "Startup Cost": 57934.94, "Total Cost": 57934.95, "Plan Rows": 1, "Plan Width": 8, "Actual Rows": 1, "Actual Loops": 1, "Plans": [{"Node Type": "Gather", "Parent Relationship": "Outer", "Parallel Aware": false, "Async Capable": false, "Startup Cost": 57934.72, "Total Cost": 57934.93, "Plan Rows": 2, "Plan Width": 8, "Actual Rows": 3, "Actual Loops": 1, "Workers Planned": 2, "Workers Launched": 2, "Single Copy": false, "Plans": [{"Node Type": "Aggregate", "Strategy": "Plain", "Partial Mode": "Partial", "Parent Relationship": "Outer", "Parallel Aware": false, "Async Capable": false, "Startup Cost": 56934.72, "Total Cost": 56934.73, "Plan Rows": 1, "Plan Width": 8, "Actual Rows": 1, "Actual Loops": 3, "Workers": [], "Plans": [{"Node Type": "Hash Join", "Parent Relationship": "Outer", "Parallel Aware": true, "Async Capable": false, "Join Type": "Inner", "Startup Cost": 9750.7, "Total Cost": 11594.92, "Plan Rows": 70.0, "Plan Width": 0, "Actual Rows": 18786466, "Actual Loops": 3, "Inner Unique": false, "Hash Cond": "(p.owneruserid = u.id)", "Workers": [], "Plans": [{"Node Type": "Merge Join", "Parent Relationship": "Outer", "Parallel Aware": false, "Async Capable": false, "Join Type": "Inner", "Startup Cost": 4209.55, "Total Cost": 5155.59, "Plan Rows": 44.0, "Plan Width": 8, "Actual Rows": 57126, "Actual Loops": 3, "Inner Unique": false, "Merge Cond": "(v.userid = p.owneruserid)", "Workers": [], "Plans": [{"Node Type": "Index Only Scan", "Parent Relationship": "Outer", "Parallel Aware": true, "Async Capable": false, "Scan Direction": "Forward", "Index Name": "idx_votes_userid", "Relation Name": "votes", "Alias": "v", "Startup Cost": 0.42, "Total Cost": 4261.57, "Plan Rows": 136693, "Plan Width": 4, "Actual Rows": 11596, "Actual Loops": 3, "Heap Fetches": 0, "Workers": []}, {"Node Type": "Sort", "Parent Relationship": "Inner", "Parallel Aware": false, "Async Capable": false, "Startup Cost": 4209.13, "Total Cost": 4215.73, "Plan Rows": 2639, "Plan Width": 4, "Actual Rows": 63114, "Actual Loops": 3, "Sort Key": ["p.owneruserid"], "Sort Method": "quicksort", "Sort Space Used": 385, "Sort Space Type": "Memory", "Workers": [{"Worker Number": 0, "Sort Method": "quicksort", "Sort Space Used": 385, "Sort Space Type": "Memory"}, {"Worker Number": 1, "Sort Method": "quicksort", "Sort Space Used": 385, "Sort Space Type": "Memory"}], "Plans": [{"Node Type": "Seq Scan", "Parent Relationship": "Outer", "Parallel Aware": false, "Async Capable": false, "Relation Name": "posts", "Alias": "p", "Startup Cost": 0.0, "Total Cost": 4059.16, "Plan Rows": 2639, "Plan Width": 4, "Actual Rows": 12147, "Actual Loops": 3, "Filter": "((score >= 0) AND (score <= 28) AND (viewcount >= 0) AND (viewcount <= 6517) AND (answercount >= 0) AND (answercount <= 5) AND (favoritecount >= 0) AND (favoritecount <= 8) AND (creationdate >= '2010-07-27 11:29:20'::timestamp without time zone) AND (creationdate <= '2014-09-13 02:50:15'::timestamp without time zone))", "Rows Removed by Filter": 79829, "Workers": []}]}]}, {"Node Type": "Hash", "Parent Relationship": "Inner", "Parallel Aware": true, "Async Capable": false, "Startup Cost": 4295.61, "Total Cost": 4295.61, "Plan Rows": 1071.0, "Plan Width": 8, "Actual Rows": 54682, "Actual Loops": 3, "Hash Buckets": 262144, "Original Hash Buckets": 262144, "Hash Batches": 1, "Original Hash Batches": 1, "Peak Memory Usage": 8512, "Workers": [], "Plans": [{"Node Type": "Hash Join", "Parent Relationship": "Outer", "Parallel Aware": false, "Async Capable": false, "Join Type": "Inner", "Startup Cost": 1401.74, "Total Cost": 4295.61, "Plan Rows": 1071.0, "Plan Width": 8, "Actual Rows": 54682, "Actual Loops": 3, "Inner Unique": true, "Hash Cond": "(c.userid = u.id)", "Workers": [], "Plans": [{"Node Type": "Seq Scan", "Parent Relationship": "Outer", "Parallel Aware": true, "Async Capable": false, "Relation Name": "comments", "Alias": "c", "Startup Cost": 0.0, "Total Cost": 2625.65, "Plan Rows": 102170, "Plan Width": 4, "Actual Rows": 57912, "Actual Loops": 3, "Filter": "(creationdate >= '2010-07-27 12:03:40'::timestamp without time zone)", "Rows Removed by Filter": 190, "Workers": []}, {"Node Type": "Hash", "Parent Relationship": "Inner", "Parallel Aware": false, "Async Capable": false, "Startup Cost": 901.88, "Total Cost": 901.88, "Plan Rows": 39989, "Plan Width": 4, "Actual Rows": 39981, "Actual Loops": 3, "Hash Buckets": 65536, "Original Hash Buckets": 65536, "Hash Batches": 1, "Original Hash Batches": 1, "Peak Memory Usage": 1918, "Workers": [], "Plans": [{"Node Type": "Seq Scan", "Parent Relationship": "Outer", "Parallel Aware": false, "Async Capable": false, "Relation Name": "users", "Alias": "u", "Startup Cost": 0.0, "Total Cost": 901.88, "Plan Rows": 39989, "Plan Width": 4, "Actual Rows": 39981, "Actual Loops": 3, "Filter": "((views >= 0) AND (creationdate >= '2010-07-27 09:38:05'::timestamp without time zone))", "Rows Removed by Filter": 344, "Workers": []}]}]}]}]}]}]}]}, "Planning Time": 6.607, "Triggers": [], "Execution Time": 1556.434}, {"Plan": {"Node Type": "Aggregate", "Strategy": "Plain", "Partial Mode": "Simple", "Parallel Aware": false, "Async Capable": false, "Startup Cost": 182702.33, "Total Cost": 182702.34, "Plan Rows": 1, "Plan Width": 8, "Plans": [{"Node Type": "Merge Join", "Parent Relationship": "Outer", "Parallel Aware": false, "Async Capable": false, "Join Type": "Inner", "Startup Cost": 4210.15, "Total Cost": 73886.81, "Plan Rows": 70.0, "Plan Width": 0, "Inner Unique": false, "Merge Cond": "(p.owneruserid = u.id)", "Plans": [{"Node Type": "Sort", "Parent Relationship": "Outer", "Parallel Aware": false, "Async Capable": false, "Startup Cost": 4209.13, "Total Cost": 4215.73, "Plan Rows": 2639, "Plan Width": 4, "Sort Key": ["p.owneruserid"], "Plans": [{"Node Type": "Seq Scan", "Parent Relationship": "Outer", "Parallel Aware": false, "Async Capable": false, "Relation Name": "posts", "Alias": "p", "Startup Cost": 0.0, "Total Cost": 4059.16, "Plan Rows": 2639, "Plan Width": 4, "Filter": "((score >= 0) AND (score <= 28) AND (viewcount >= 0) AND (viewcount <= 6517) AND (answercount >= 0) AND (answercount <= 5) AND (favoritecount >= 0) AND (favoritecount <= 8) AND (creationdate >= '2010-07-27 11:29:20'::timestamp without time zone) AND (creationdate <= '2014-09-13 02:50:15'::timestamp without time zone))"}]}, {"Node Type": "Materialize", "Parent Relationship": "Inner", "Parallel Aware": false, "Async Capable": false, "Startup Cost": 1.02, "Total Cost": 37640.99, "Plan Rows": 29188.0, "Plan Width": 12, "Plans": [{"Node Type": "Nested Loop", "Parent Relationship": "Outer", "Parallel Aware": false, "Async Capable": false, "Join Type": "Inner", "Startup Cost": 1.02, "Total Cost": 12181.13, "Plan Rows": 29188.0, "Plan Width": 12, "Inner Unique": false, "Join Filter": "(c.userid = u.id)", "Plans": [{"Node Type": "Merge Join", "Parent Relationship": "Outer", "Parallel Aware": false, "Async Capable": false, "Join Type": "Inner", "Startup Cost": 0.71, "Total Cost": 2742.98, "Plan Rows": 7912.0, "Plan Width": 8, "Inner Unique": true, "Merge Cond": "(v.userid = u.id)", "Plans": [{"Node Type": "Index Only Scan", "Parent Relationship": "Outer", "Parallel Aware": false, "Async Capable": false, "Scan Direction": "Forward", "Index Name": "idx_votes_userid", "Relation Name": "votes", "Alias": "v", "Startup Cost": 0.42, "Total Cost": 6175.27, "Plan Rows": 328064, "Plan Width": 4}, {"Node Type": "Index Scan", "Parent Relationship": "Inner", "Parallel Aware": false, "Async Capable": false, "Scan Direction": "Forward", "Index Name": "users_pkey", "Relation Name": "users", "Alias": "u", "Startup Cost": 0.29, "Total Cost": 1558.79, "Plan Rows": 39989, "Plan Width": 4, "Filter": "((views >= 0) AND (creationdate >= '2010-07-27 09:38:05'::timestamp without time zone))"}]}, {"Node Type": "Memoize", "Parent Relationship": "Inner", "Parallel Aware": false, "Async Capable": false, "Startup Cost": 0.3, "Total Cost": 0.58, "Plan Rows": 13, "Plan Width": 4, "Cache Key": "v.userid", "Cache Mode": "logical", "Plans": [{"Node Type": "Index Scan", "Parent Relationship": "Outer", "Parallel Aware": false, "Async Capable": false, "Scan Direction": "Forward", "Index Name": "idx_comments_userid", "Relation Name": "comments", "Alias": "c", "Startup Cost": 0.29, "Total Cost": 0.57, "Plan Rows": 13, "Plan Width": 4, "Index Cond": "(userid = v.userid)", "Filter": "(creationdate >= '2010-07-27 12:03:40'::timestamp without time zone)"}]}]}]}]}]}, "Timeout Time": 7487.68}, {"Plan": {"Node Type": "Aggregate", "Strategy": "Plain", "Partial Mode": "Finalize", "Parallel Aware": false, "Async Capable": false, "Startup Cost": 72822.46, "Total Cost": 72822.47, "Plan Rows": 1, "Plan Width": 8, "Actual Rows": 1, "Actual Loops": 1, "Plans": [{"Node Type": "Gather", "Parent Relationship": "Outer", "Parallel Aware": false, "Async Capable": false, "Startup Cost": 72822.24, "Total Cost": 72822.45, "Plan Rows": 2, "Plan Width": 8, "Actual Rows": 3, "Actual Loops": 1, "Workers Planned": 2, "Workers Launched": 2, "Single Copy": false, "Plans": [{"Node Type": "Aggregate", "Strategy": "Plain", "Partial Mode": "Partial", "Parent Relationship": "Outer", "Parallel Aware": false, "Async Capable": false, "Startup Cost": 71822.24, "Total Cost": 71822.25, "Plan Rows": 1, "Plan Width": 8, "Actual Rows": 1, "Actual Loops": 3, "Workers": [], "Plans": [{"Node Type": "Merge Join", "Parent Relationship": "Outer", "Parallel Aware": false, "Async Capable": false, "Join Type": "Inner", "Startup Cost": 4210.15, "Total Cost": 26482.44, "Plan Rows": 70.0, "Plan Width": 0, "Actual Rows": 18786466, "Actual Loops": 3, "Inner Unique": false, "Merge Cond": "(u.id = p.owneruserid)", "Workers": [], "Plans": [{"Node Type": "Nested Loop", "Parent Relationship": "Outer", "Parallel Aware": false, "Async Capable": false, "Join Type": "Inner", "Startup Cost": 1.02, "Total Cost": 7562.84, "Plan Rows": 29188.0, "Plan Width": 12, "Actual Rows": 3514677, "Actual Loops": 3, "Inner Unique": false, "Join Filter": "(c.userid = u.id)", "Rows Removed by Join Filter": 0, "Workers": [], "Plans": [{"Node Type": "Merge Join", "Parent Relationship": "Outer", "Parallel Aware": false, "Async Capable": false, "Join Type": "Inner", "Startup Cost": 0.71, "Total Cost": 2289.31, "Plan Rows": 7912.0, "Plan Width": 8, "Actual Rows": 10783, "Actual Loops": 3, "Inner Unique": true, "Merge Cond": "(v.userid = u.id)", "Workers": [], "Plans": [{"Node Type": "Index Only Scan", "Parent Relationship": "Outer", "Parallel Aware": true, "Async Capable": false, "Scan Direction": "Forward", "Index Name": "idx_votes_userid", "Relation Name": "votes", "Alias": "v", "Startup Cost": 0.42, "Total Cost": 4261.57, "Plan Rows": 136693, "Plan Width": 4, "Actual Rows": 11597, "Actual Loops": 3, "Heap Fetches": 0, "Workers": []}, {"Node Type": "Index Scan", "Parent Relationship": "Inner", "Parallel Aware": false, "Async Capable": false, "Scan Direction": "Forward", "Index Name": "users_pkey", "Relation Name": "users", "Alias": "u", "Startup Cost": 0.29, "Total Cost": 1558.79, "Plan Rows": 39989, "Plan Width": 4, "Actual Rows": 24786, "Actual Loops": 3, "Filter": "((views >= 0) AND (creationdate >= '2010-07-27 09:38:05'::timestamp without time zone))", "Rows Removed by Filter": 342, "Workers": []}]}, {"Node Type": "Memoize", "Parent Relationship": "Inner", "Parallel Aware": false, "Async Capable": false, "Startup Cost": 0.3, "Total Cost": 0.58, "Plan Rows": 13, "Plan Width": 4, "Actual Rows": 326, "Actual Loops": 32349, "Cache Key": "v.userid", "Cache Mode": "logical", "Cache Hits": 14515, "Cache Misses": 2252, "Cache Evictions": 0, "Cache Overflows": 0, "Peak Memory Usage": 1964, "Workers": [{"Worker Number": 0, "Cache Hits": 855, "Cache Misses": 72, "Cache Evictions": 0, "Cache Overflows": 0, "Peak Memory Usage": 491}, {"Worker Number": 1, "Cache Hits": 11586, "Cache Misses": 3069, "Cache Evictions": 0, "Cache Overflows": 0, "Peak Memory Usage": 1958}], "Plans": [{"Node Type": "Index Scan", "Parent Relationship": "Outer", "Parallel Aware": false, "Async Capable": false, "Scan Direction": "Forward", "Index Name": "idx_comments_userid", "Relation Name": "comments", "Alias": "c", "Startup Cost": 0.29, "Total Cost": 0.57, "Plan Rows": 13, "Plan Width": 4, "Actual Rows": 21, "Actual Loops": 5393, "Index Cond": "(userid = v.userid)", "Rows Removed by Index Recheck": 0, "Filter": "(creationdate >= '2010-07-27 12:03:40'::timestamp without time zone)", "Rows Removed by Filter": 0, "Workers": []}]}]}, {"Node Type": "Sort", "Parent Relationship": "Inner", "Parallel Aware": false, "Async Capable": false, "Startup Cost": 4209.13, "Total Cost": 4215.73, "Plan Rows": 2639, "Plan Width": 4, "Actual Rows": 18792664, "Actual Loops": 3, "Sort Key": ["p.owneruserid"], "Sort Method": "quicksort", "Sort Space Used": 385, "Sort Space Type": "Memory", "Workers": [{"Worker Number": 0, "Sort Method": "quicksort", "Sort Space Used": 385, "Sort Space Type": "Memory"}, {"Worker Number": 1, "Sort Method": "quicksort", "Sort Space Used": 385, "Sort Space Type": "Memory"}], "Plans": [{"Node Type": "Seq Scan", "Parent Relationship": "Outer", "Parallel Aware": false, "Async Capable": false, "Relation Name": "posts", "Alias": "p", "Startup Cost": 0.0, "Total Cost": 4059.16, "Plan Rows": 2639, "Plan Width": 4, "Actual Rows": 12147, "Actual Loops": 3, "Filter": "((score >= 0) AND (score <= 28) AND (viewcount >= 0) AND (viewcount <= 6517) AND (answercount >= 0) AND (answercount <= 5) AND (favoritecount >= 0) AND (favoritecount <= 8) AND (creationdate >= '2010-07-27 11:29:20'::timestamp without time zone) AND (creationdate <= '2014-09-13 02:50:15'::timestamp without time zone))", "Rows Removed by Filter": 79829, "Workers": []}]}]}]}]}]}, "Planning Time": 6.019, "Triggers": [], "Execution Time": 1995.971}, {"Plan": {"Node Type": "Aggregate", "Strategy": "Plain", "Partial Mode": "Finalize", "Parallel Aware": false, "Async Capable": false, "Startup Cost": 68313.31, "Total Cost": 68313.32, "Plan Rows": 1, "Plan Width": 8, "Actual Rows": 1, "Actual Loops": 1, "Plans": [{"Node Type": "Gather", "Parent Relationship": "Outer", "Parallel Aware": false, "Async Capable": false, "Startup Cost": 68313.09, "Total Cost": 68313.3, "Plan Rows": 2, "Plan Width": 8, "Actual Rows": 3, "Actual Loops": 1, "Workers Planned": 2, "Workers Launched": 2, "Single Copy": false, "Plans": [{"Node Type": "Aggregate", "Strategy": "Plain", "Partial Mode": "Partial", "Parent Relationship": "Outer", "Parallel Aware": false, "Async Capable": false, "Startup Cost": 67313.09, "Total Cost": 67313.1, "Plan Rows": 1, "Plan Width": 8, "Actual Rows": 1, "Actual Loops": 3, "Workers": [], "Plans": [{"Node Type": "Merge Join", "Parent Relationship": "Outer", "Parallel Aware": false, "Async Capable": false, "Join Type": "Inner", "Startup Cost": 4210.14, "Total Cost": 21973.29, "Plan Rows": 70.0, "Plan Width": 0, "Actual Rows": 18786466, "Actual Loops": 3, "Inner Unique": false, "Merge Cond": "(v.userid = u.id)", "Workers": [], "Plans": [{"Node Type": "Index Only Scan", "Parent Relationship": "Outer", "Parallel Aware": true, "Async Capable": false, "Scan Direction": "Forward", "Index Name": "idx_votes_userid", "Relation Name": "votes", "Alias": "v", "Startup Cost": 0.42, "Total Cost": 4261.57, "Plan Rows": 136693, "Plan Width": 4, "Actual Rows": 11596, "Actual Loops": 3, "Heap Fetches": 0, "Workers": []}, {"Node Type": "Materialize", "Parent Relationship": "Inner", "Parallel Aware": false, "Async Capable": false, "Startup Cost": 4209.72, "Total Cost": 11974.3, "Plan Rows": 3.0, "Plan Width": 12, "Actual Rows": 19080419, "Actual Loops": 3, "Workers": [], "Plans": [{"Node Type": "Nested Loop", "Parent Relationship": "Outer", "Parallel Aware": false, "Async Capable": false, "Join Type": "Inner", "Startup Cost": 4209.72, "Total Cost": 8066.29, "Plan Rows": 3.0, "Plan Width": 12, "Actual Rows": 509429, "Actual Loops": 3, "Inner Unique": false, "Workers": [], "Plans": [{"Node Type": "Merge Join", "Parent Relationship": "Outer", "Parallel Aware": false, "Async Capable": false, "Join Type": "Inner", "Startup Cost": 4209.42, "Total Cost": 5906.66, "Plan Rows": 1.0, "Plan Width": 8, "Actual Rows": 7704, "Actual Loops": 3, "Inner Unique": false, "Merge Cond": "(u.id = p.owneruserid)", "Workers": [], "Plans": [{"Node Type": "Index Scan", "Parent Relationship": "Outer", "Parallel Aware": false, "Async Capable": false, "Scan Direction": "Forward", "Index Name": "users_pkey", "Relation Name": "users", "Alias": "u", "Startup Cost": 0.29, "Total Cost": 1558.79, "Plan Rows": 39989, "Plan Width": 4, "Actual Rows": 25843, "Actual Loops": 3, "Filter": "((views >= 0) AND (creationdate >= '2010-07-27 09:38:05'::timestamp without time zone))", "Rows Removed by Filter": 342, "Workers": []}, {"Node Type": "Sort", "Parent Relationship": "Inner", "Parallel Aware": false, "Async Capable": false, "Startup Cost": 4209.13, "Total Cost": 4215.73, "Plan Rows": 2639, "Plan Width": 4, "Actual Rows": 8175, "Actual Loops": 3, "Sort Key": ["p.owneruserid"], "Sort Method": "quicksort", "Sort Space Used": 385, "Sort Space Type": "Memory", "Workers": [{"Worker Number": 0, "Sort Method": "quicksort", "Sort Space Used": 385, "Sort Space Type": "Memory"}, {"Worker Number": 1, "Sort Method": "quicksort", "Sort Space Used": 385, "Sort Space Type": "Memory"}], "Plans": [{"Node Type": "Seq Scan", "Parent Relationship": "Outer", "Parallel Aware": false, "Async Capable": false, "Relation Name": "posts", "Alias": "p", "Startup Cost": 0.0, "Total Cost": 4059.16, "Plan Rows": 2639, "Plan Width": 4, "Actual Rows": 12147, "Actual Loops": 3, "Filter": "((score >= 0) AND (score <= 28) AND (viewcount >= 0) AND (viewcount <= 6517) AND (answercount >= 0) AND (answercount <= 5) AND (favoritecount >= 0) AND (favoritecount <= 8) AND (creationdate >= '2010-07-27 11:29:20'::timestamp without time zone) AND (creationdate <= '2014-09-13 02:50:15'::timestamp without time zone))", "Rows Removed by Filter": 79829, "Workers": []}]}]}, {"Node Type": "Index Scan", "Parent Relationship": "Inner", "Parallel Aware": false, "Async Capable": false, "Scan Direction": "Forward", "Index Name": "idx_comments_userid", "Relation Name": "comments", "Alias": "c", "Startup Cost": 0.29, "Total Cost": 0.71, "Plan Rows": 13, "Plan Width": 4, "Actual Rows": 66, "Actual Loops": 23112, "Index Cond": "(userid = u.id)", "Rows Removed by Index Recheck": 0, "Filter": "(creationdate >= '2010-07-27 12:03:40'::timestamp without time zone)", "Rows Removed by Filter": 0, "Workers": []}]}]}]}]}]}]}, "Planning Time": 3.373, "Triggers": [], "Execution Time": 1908.065}, {"Plan": {"Node Type": "Aggregate", "Strategy": "Plain", "Partial Mode": "Simple", "Parallel Aware": false, "Async Capable": false, "Startup Cost": 788500.58, "Total Cost": 788500.59, "Plan Rows": 1, "Plan Width": 8, "Plans": [{"Node Type": "Merge Join", "Parent Relationship": "Outer", "Parallel Aware": false, "Async Capable": false, "Join Type": "Inner", "Startup Cost": 4210.15, "Total Cost": 679685.06, "Plan Rows": 70.0, "Plan Width": 0, "Inner Unique": false, "Merge Cond": "(u.id = p.owneruserid)", "Plans": [{"Node Type": "Index Scan", "Parent Relationship": "Outer", "Parallel Aware": false, "Async Capable": false, "Scan Direction": "Forward", "Index Name": "users_pkey", "Relation Name": "users", "Alias": "u", "Startup Cost": 0.29, "Total Cost": 1558.79, "Plan Rows": 39989, "Plan Width": 4, "Filter": "((views >= 0) AND (creationdate >= '2010-07-27 09:38:05'::timestamp without time zone))"}, {"Node Type": "Materialize", "Parent Relationship": "Inner", "Parallel Aware": false, "Async Capable": false, "Startup Cost": 4209.86, "Total Cost": 135014.01, "Plan Rows": 131.0, "Plan Width": 12, "Plans": [{"Node Type": "Nested Loop", "Parent Relationship": "Outer", "Parallel Aware": false, "Async Capable": false, "Join Type": "Inner", "Startup Cost": 4209.86, "Total Cost": 23597.97, "Plan Rows": 131.0, "Plan Width": 12, "Inner Unique": false, "Join Filter": "(c.userid = p.owneruserid)", "Plans": [{"Node Type": "Merge Join", "Parent Relationship": "Outer", "Parallel Aware": false, "Async Capable": false, "Join Type": "Inner", "Startup Cost": 4209.55, "Total Cost": 6051.52, "Plan Rows": 44.0, "Plan Width": 8, "Inner Unique": false, "Merge Cond": "(v.userid = p.owneruserid)", "Plans": [{"Node Type": "Index Only Scan", "Parent Relationship": "Outer", "Parallel Aware": false, "Async Capable": false, "Scan Direction": "Forward", "Index Name": "idx_votes_userid", "Relation Name": "votes", "Alias": "v", "Startup Cost": 0.42, "Total Cost": 6175.27, "Plan Rows": 328064, "Plan Width": 4}, {"Node Type": "Sort", "Parent Relationship": "Inner", "Parallel Aware": false, "Async Capable": false, "Startup Cost": 4209.13, "Total Cost": 4215.73, "Plan Rows": 2639, "Plan Width": 4, "Sort Key": ["p.owneruserid"], "Plans": [{"Node Type": "Seq Scan", "Parent Relationship": "Outer", "Parallel Aware": false, "Async Capable": false, "Relation Name": "posts", "Alias": "p", "Startup Cost": 0.0, "Total Cost": 4059.16, "Plan Rows": 2639, "Plan Width": 4, "Filter": "((score >= 0) AND (score <= 28) AND (viewcount >= 0) AND (viewcount <= 6517) AND (answercount >= 0) AND (answercount <= 5) AND (favoritecount >= 0) AND (favoritecount <= 8) AND (creationdate >= '2010-07-27 11:29:20'::timestamp without time zone) AND (creationdate <= '2014-09-13 02:50:15'::timestamp without time zone))"}]}]}, {"Node Type": "Memoize", "Parent Relationship": "Inner", "Parallel Aware": false, "Async Capable": false, "Startup Cost": 0.3, "Total Cost": 0.58, "Plan Rows": 13, "Plan Width": 4, "Cache Key": "v.userid", "Cache Mode": "logical", "Plans": [{"Node Type": "Index Scan", "Parent Relationship": "Outer", "Parallel Aware": false, "Async Capable": false, "Scan Direction": "Forward", "Index Name": "idx_comments_userid", "Relation Name": "comments", "Alias": "c", "Startup Cost": 0.29, "Total Cost": 0.57, "Plan Rows": 13, "Plan Width": 4, "Index Cond": "(userid = v.userid)", "Filter": "(creationdate >= '2010-07-27 12:03:40'::timestamp without time zone)"}]}]}]}]}]}, "Timeout Time": 7487.68}, {"Plan": {"Node Type": "Aggregate", "Strategy": "Plain", "Partial Mode": "Simple", "Parallel Aware": false, "Async Capable": false, "Startup Cost": 209637.3, "Total Cost": 209637.31, "Plan Rows": 1, "Plan Width": 8, "Plans": [{"Node Type": "Merge Join", "Parent Relationship": "Outer", "Parallel Aware": false, "Async Capable": false, "Join Type": "Inner", "Startup Cost": 4210.15, "Total Cost": 100821.77, "Plan Rows": 70.0, "Plan Width": 0, "Inner Unique": false, "Merge Cond": "(u.id = c.userid)", "Plans": [{"Node Type": "Merge Join", "Parent Relationship": "Outer", "Parallel Aware": false, "Async Capable": false, "Join Type": "Inner", "Startup Cost": 4209.42, "Total Cost": 5906.66, "Plan Rows": 1.0, "Plan Width": 8, "Inner Unique": false, "Merge Cond": "(u.id = p.owneruserid)", "Plans": [{"Node Type": "Index Scan", "Parent Relationship": "Outer", "Parallel Aware": false, "Async Capable": false, "Scan Direction": "Forward", "Index Name": "users_pkey", "Relation Name": "users", "Alias": "u", "Startup Cost": 0.29, "Total Cost": 1558.79, "Plan Rows": 39989, "Plan Width": 4, "Filter": "((views >= 0) AND (creationdate >= '2010-07-27 09:38:05'::timestamp without time zone))"}, {"Node Type": "Sort", "Parent Relationship": "Inner", "Parallel Aware": false, "Async Capable": false, "Startup Cost": 4209.13, "Total Cost": 4215.73, "Plan Rows": 2639, "Plan Width": 4, "Sort Key": ["p.owneruserid"], "Plans": [{"Node Type": "Seq Scan", "Parent Relationship": "Outer", "Parallel Aware": false, "Async Capable": false, "Relation Name": "posts", "Alias": "p", "Startup Cost": 0.0, "Total Cost": 4059.16, "Plan Rows": 2639, "Plan Width": 4, "Filter": "((score >= 0) AND (score <= 28) AND (viewcount >= 0) AND (viewcount <= 6517) AND (answercount >= 0) AND (answercount <= 5) AND (favoritecount >= 0) AND (favoritecount <= 8) AND (creationdate >= '2010-07-27 11:29:20'::timestamp without time zone) AND (creationdate <= '2014-09-13 02:50:15'::timestamp without time zone))"}]}]}, {"Node Type": "Materialize", "Parent Relationship": "Inner", "Parallel Aware": false, "Async Capable": false, "Startup Cost": 0.73, "Total Cost": 63726.1, "Plan Rows": 81329.0, "Plan Width": 8, "Plans": [{"Node Type": "Nested Loop", "Parent Relationship": "Outer", "Parallel Aware": false, "Async Capable": false, "Join Type": "Inner", "Startup Cost": 0.73, "Total Cost": 37620.53, "Plan Rows": 81329.0, "Plan Width": 8, "Inner Unique": false, "Plans": [{"Node Type": "Index Scan", "Parent Relationship": "Outer", "Parallel Aware": false, "Async Capable": false, "Scan Direction": "Forward", "Index Name": "idx_comments_userid", "Relation Name": "comments", "Alias": "c", "Startup Cost": 0.29, "Total Cost": 8258.96, "Plan Rows": 173689, "Plan Width": 4, "Filter": "(creationdate >= '2010-07-27 12:03:40'::timestamp without time zone)"}, {"Node Type": "Memoize", "Parent Relationship": "Inner", "Parallel Aware": false, "Async Capable": false, "Startup Cost": 0.43, "Total Cost": 0.6, "Plan Rows": 9, "Plan Width": 4, "Cache Key": "c.userid", "Cache Mode": "logical", "Plans": [{"Node Type": "Index Only Scan", "Parent Relationship": "Outer", "Parallel Aware": false, "Async Capable": false, "Scan Direction": "Forward", "Index Name": "idx_votes_userid", "Relation Name": "votes", "Alias": "v", "Startup Cost": 0.42, "Total Cost": 0.59, "Plan Rows": 9, "Plan Width": 4, "Index Cond": "(userid = c.userid)"}]}]}]}]}]}, "Timeout Time": 7487.68}, {"Plan": {"Node Type": "Aggregate", "Strategy": "Plain", "Partial Mode": "Finalize", "Parallel Aware": false, "Async Capable": false, "Startup Cost": 76027.4, "Total Cost": 76027.41, "Plan Rows": 1, "Plan Width": 8, "Actual Rows": 1, "Actual Loops": 1, "Plans": [{"Node Type": "Gather", "Parent Relationship": "Outer", "Parallel Aware": false, "Async Capable": false, "Startup Cost": 76027.19, "Total Cost": 76027.4, "Plan Rows": 2, "Plan Width": 8, "Actual Rows": 3, "Actual Loops": 1, "Workers Planned": 2, "Workers Launched": 2, "Single Copy": false, "Plans": [{"Node Type": "Aggregate", "Strategy": "Plain", "Partial Mode": "Partial", "Parent Relationship": "Outer", "Parallel Aware": false, "Async Capable": false, "Startup Cost": 75027.19, "Total Cost": 75027.2, "Plan Rows": 1, "Plan Width": 8, "Actual Rows": 1, "Actual Loops": 3, "Workers": [], "Plans": [{"Node Type": "Merge Join", "Parent Relationship": "Outer", "Parallel Aware": false, "Async Capable": false, "Join Type": "Inner", "Startup Cost": 1.31, "Total Cost": 29687.38, "Plan Rows": 70.0, "Plan Width": 0, "Actual Rows": 18786466, "Actual Loops": 3, "Inner Unique": false, "Merge Cond": "(u.id = p.owneruserid)", "Workers": [], "Plans": [{"Node Type": "Merge Join", "Parent Relationship": "Outer", "Parallel Aware": false, "Async Capable": false, "Join Type": "Inner", "Startup Cost": 0.71, "Total Cost": 2289.31, "Plan Rows": 7912.0, "Plan Width": 8, "Actual Rows": 10782, "Actual Loops": 3, "Inner Unique": true, "Merge Cond": "(v.userid = u.id)", "Workers": [], "Plans": [{"Node Type": "Index Only Scan", "Parent Relationship": "Outer", "Parallel Aware": true, "Async Capable": false, "Scan Direction": "Forward", "Index Name": "idx_votes_userid", "Relation Name": "votes", "Alias": "v", "Startup Cost": 0.42, "Total Cost": 4261.57, "Plan Rows": 136693, "Plan Width": 4, "Actual Rows": 11596, "Actual Loops": 3, "Heap Fetches": 0, "Workers": []}, {"Node Type": "Index Scan", "Parent Relationship": "Inner", "Parallel Aware": false, "Async Capable": false, "Scan Direction": "Forward", "Index Name": "users_pkey", "Relation Name": "users", "Alias": "u", "Startup Cost": 0.29, "Total Cost": 1558.79, "Plan Rows": 39989, "Plan Width": 4, "Actual Rows": 25844, "Actual Loops": 3, "Filter": "((views >= 0) AND (creationdate >= '2010-07-27 09:38:05'::timestamp without time zone))", "Rows Removed by Filter": 342, "Workers": []}]}, {"Node Type": "Materialize", "Parent Relationship": "Inner", "Parallel Aware": false, "Async Capable": false, "Startup Cost": 0.6, "Total Cost": 18091.52, "Plan Rows": 5.0, "Plan Width": 8, "Actual Rows": 19166573, "Actual Loops": 3, "Workers": [], "Plans": [{"Node Type": "Nested Loop", "Parent Relationship": "Outer", "Parallel Aware": false, "Async Capable": false, "Join Type": "Inner", "Startup Cost": 0.6, "Total Cost": 14090.12, "Plan Rows": 5.0, "Plan Width": 8, "Actual Rows": 595583, "Actual Loops": 3, "Inner Unique": false, "Workers": [], "Plans": [{"Node Type": "Index Scan", "Parent Relationship": "Outer", "Parallel Aware": false, "Async Capable": false, "Scan Direction": "Forward", "Index Name": "idx_posts_owneruserid", "Relation Name": "posts", "Alias": "p", "Startup Cost": 0.29, "Total Cost": 6393.07, "Plan Rows": 2639, "Plan Width": 4, "Actual Rows": 8253, "Actual Loops": 3, "Filter": "((score >= 0) AND (score <= 28) AND (viewcount >= 0) AND (viewcount <= 6517) AND (answercount >= 0) AND (answercount <= 5) AND (favoritecount >= 0) AND (favoritecount <= 8) AND (creationdate >= '2010-07-27 11:29:20'::timestamp without time zone) AND (creationdate <= '2014-09-13 02:50:15'::timestamp without time zone))", "Rows Removed by Filter": 55807, "Workers": []}, {"Node Type": "Memoize", "Parent Relationship": "Inner", "Parallel Aware": false, "Async Capable": false, "Startup Cost": 0.3, "Total Cost": 2.88, "Plan Rows": 13, "Plan Width": 4, "Actual Rows": 72, "Actual Loops": 24758, "Cache Key": "p.owneruserid", "Cache Mode": "logical", "Cache Hits": 5622, "Cache Misses": 6525, "Cache Evictions": 0, "Cache Overflows": 0, "Peak Memory Usage": 4870, "Workers": [{"Worker Number": 0, "Cache Hits": 5382, "Cache Misses": 6400, "Cache Evictions": 0, "Cache Overflows": 0, "Peak Memory Usage": 4850}, {"Worker Number": 1, "Cache Hits": 633, "Cache Misses": 196, "Cache Evictions": 0, "Cache Overflows": 0, "Peak Memory Usage": 818}], "Plans": [{"Node Type": "Index Scan", "Parent Relationship": "Outer", "Parallel Aware": false, "Async Capable": false, "Scan Direction": "Forward", "Index Name": "idx_comments_userid", "Relation Name": "comments", "Alias": "c", "Startup Cost": 0.29, "Total Cost": 2.87, "Plan Rows": 13, "Plan Width": 4, "Actual Rows": 21, "Actual Loops": 13121, "Index Cond": "(userid = p.owneruserid)", "Rows Removed by Index Recheck": 0, "Filter": "(creationdate >= '2010-07-27 12:03:40'::timestamp without time zone)", "Rows Removed by Filter": 0, "Workers": []}]}]}]}]}]}]}]}, "Planning Time": 6.767, "Triggers": [], "Execution Time": 1872.305}, {"Plan": {"Node Type": "Aggregate", "Strategy": "Plain", "Partial Mode": "Simple", "Parallel Aware": false, "Async Capable": false, "Startup Cost": 143196.08, "Total Cost": 143196.09, "Plan Rows": 1, "Plan Width": 8, "Actual Rows": 1, "Actual Loops": 1, "Plans": [{"Node Type": "Hash Join", "Parent Relationship": "Outer", "Parallel Aware": false, "Async Capable": false, "Join Type": "Inner", "Startup Cost": 3173.35, "Total Cost": 34380.56, "Plan Rows": 70.0, "Plan Width": 0, "Actual Rows": 56359398, "Actual Loops": 1, "Inner Unique": false, "Hash Cond": "(p.owneruserid = u.id)", "Plans": [{"Node Type": "Nested Loop", "Parent Relationship": "Outer", "Parallel Aware": false, "Async Capable": false, "Join Type": "Inner", "Startup Cost": 0.3, "Total Cost": 11756.21, "Plan Rows": 5.0, "Plan Width": 8, "Actual Rows": 783881, "Actual Loops": 1, "Inner Unique": false, "Plans": [{"Node Type": "Seq Scan", "Parent Relationship": "Outer", "Parallel Aware": false, "Async Capable": false, "Relation Name": "posts", "Alias": "p", "Startup Cost": 0.0, "Total Cost": 4059.16, "Plan Rows": 2639, "Plan Width": 4, "Actual Rows": 12147, "Actual Loops": 1, "Filter": "((score >= 0) AND (score <= 28) AND (viewcount >= 0) AND (viewcount <= 6517) AND (answercount >= 0) AND (answercount <= 5) AND (favoritecount >= 0) AND (favoritecount <= 8) AND (creationdate >= '2010-07-27 11:29:20'::timestamp without time zone) AND (creationdate <= '2014-09-13 02:50:15'::timestamp without time zone))", "Rows Removed by Filter": 79829}, {"Node Type": "Memoize", "Parent Relationship": "Inner", "Parallel Aware": false, "Async Capable": false, "Startup Cost": 0.3, "Total Cost": 2.88, "Plan Rows": 13, "Plan Width": 4, "Actual Rows": 65, "Actual Loops": 12147, "Cache Key": "p.owneruserid", "Cache Mode": "logical", "Cache Hits": 5622, "Cache Misses": 6525, "Cache Evictions": 0, "Cache Overflows": 0, "Peak Memory Usage": 4870, "Plans": [{"Node Type": "Index Scan", "Parent Relationship": "Outer", "Parallel Aware": false, "Async Capable": false, "Scan Direction": "Forward", "Index Name": "idx_comments_userid", "Relation Name": "comments", "Alias": "c", "Startup Cost": 0.29, "Total Cost": 2.87, "Plan Rows": 13, "Plan Width": 4, "Actual Rows": 19, "Actual Loops": 6525, "Index Cond": "(userid = p.owneruserid)", "Rows Removed by Index Recheck": 0, "Filter": "(creationdate >= '2010-07-27 12:03:40'::timestamp without time zone)", "Rows Removed by Filter": 0}]}]}, {"Node Type": "Hash", "Parent Relationship": "Inner", "Parallel Aware": false, "Async Capable": false, "Startup Cost": 2742.98, "Total Cost": 2742.98, "Plan Rows": 7912.0, "Plan Width": 8, "Actual Rows": 32349, "Actual Loops": 1, "Hash Buckets": 65536, "Original Hash Buckets": 65536, "Hash Batches": 1, "Original Hash Batches": 1, "Peak Memory Usage": 1776, "Plans": [{"Node Type": "Merge Join", "Parent Relationship": "Outer", "Parallel Aware": false, "Async Capable": false, "Join Type": "Inner", "Startup Cost": 0.71, "Total Cost": 2742.98, "Plan Rows": 7912.0, "Plan Width": 8, "Actual Rows": 32349, "Actual Loops": 1, "Inner Unique": true, "Merge Cond": "(v.userid = u.id)", "Plans": [{"Node Type": "Index Only Scan", "Parent Relationship": "Outer", "Parallel Aware": false, "Async Capable": false, "Scan Direction": "Forward", "Index Name": "idx_votes_userid", "Relation Name": "votes", "Alias": "v", "Startup Cost": 0.42, "Total Cost": 6175.27, "Plan Rows": 328064, "Plan Width": 4, "Actual Rows": 34790, "Actual Loops": 1, "Heap Fetches": 0}, {"Node Type": "Index Scan", "Parent Relationship": "Inner", "Parallel Aware": false, "Async Capable": false, "Scan Direction": "Forward", "Index Name": "users_pkey", "Relation Name": "users", "Alias": "u", "Startup Cost": 0.29, "Total Cost": 1558.79, "Plan Rows": 39989, "Plan Width": 4, "Actual Rows": 39940, "Actual Loops": 1, "Filter": "((views >= 0) AND (creationdate >= '2010-07-27 09:38:05'::timestamp without time zone))", "Rows Removed by Filter": 344}]}]}]}]}, "Planning Time": 3.358, "Triggers": [], "Execution Time": 3531.773}, {"Plan": {"Node Type": "Aggregate", "Strategy": "Plain", "Partial Mode": "Finalize", "Parallel Aware": false, "Async Capable": false, "Startup Cost": 73721.39, "Total Cost": 73721.4, "Plan Rows": 1, "Plan Width": 8, "Actual Rows": 1, "Actual Loops": 1, "Plans": [{"Node Type": "Gather", "Parent Relationship": "Outer", "Parallel Aware": false, "Async Capable": false, "Startup Cost": 73721.28, "Total Cost": 73721.39, "Plan Rows": 1, "Plan Width": 8, "Actual Rows": 2, "Actual Loops": 1, "Workers Planned": 1, "Workers Launched": 1, "Single Copy": false, "Plans": [{"Node Type": "Aggregate", "Strategy": "Plain", "Partial Mode": "Partial", "Parent Relationship": "Outer", "Parallel Aware": false, "Async Capable": false, "Startup Cost": 72721.28, "Total Cost": 72721.29, "Plan Rows": 1, "Plan Width": 8, "Actual Rows": 1, "Actual Loops": 2, "Workers": [], "Plans": [{"Node Type": "Hash Join", "Parent Relationship": "Outer", "Parallel Aware": true, "Async Capable": false, "Join Type": "Inner", "Startup Cost": 4958.27, "Total Cost": 8712.15, "Plan Rows": 70.0, "Plan Width": 0, "Actual Rows": 28179699, "Actual Loops": 2, "Inner Unique": false, "Hash Cond": "(c.userid = u.id)", "Workers": [], "Plans": [{"Node Type": "Seq Scan", "Parent Relationship": "Outer", "Parallel Aware": true, "Async Capable": false, "Relation Name": "comments", "Alias": "c", "Startup Cost": 0.0, "Total Cost": 2625.65, "Plan Rows": 102170, "Plan Width": 4, "Actual Rows": 86868, "Actual Loops": 2, "Filter": "(creationdate >= '2010-07-27 12:03:40'::timestamp without time zone)", "Rows Removed by Filter": 285, "Workers": []}, {"Node Type": "Hash", "Parent Relationship": "Inner", "Parallel Aware": true, "Async Capable": false, "Startup Cost": 4584.49, "Total Cost": 4584.49, "Plan Rows": 27.0, "Plan Width": 12, "Actual Rows": 64556, "Actual Loops": 2, "Hash Buckets": 131072, "Original Hash Buckets": 131072, "Hash Batches": 1, "Original Hash Batches": 1, "Peak Memory Usage": 7104, "Workers": [], "Plans": [{"Node Type": "Nested Loop", "Parent Relationship": "Outer", "Parallel Aware": false, "Async Capable": false, "Join Type": "Inner", "Startup Cost": 1.01, "Total Cost": 4584.49, "Plan Rows": 27.0, "Plan Width": 12, "Actual Rows": 64556, "Actual Loops": 2, "Inner Unique": false, "Join Filter": "(p.owneruserid = u.id)", "Rows Removed by Join Filter": 0, "Workers": [], "Plans": [{"Node Type": "Merge Join", "Parent Relationship": "Outer", "Parallel Aware": false, "Async Capable": false, "Join Type": "Inner", "Startup Cost": 0.71, "Total Cost": 2289.31, "Plan Rows": 7912.0, "Plan Width": 8, "Actual Rows": 16174, "Actual Loops": 2, "Inner Unique": true, "Merge Cond": "(v.userid = u.id)", "Workers": [], "Plans": [{"Node Type": "Index Only Scan", "Parent Relationship": "Outer", "Parallel Aware": true, "Async Capable": false, "Scan Direction": "Forward", "Index Name": "idx_votes_userid", "Relation Name": "votes", "Alias": "v", "Startup Cost": 0.42, "Total Cost": 4261.57, "Plan Rows": 136693, "Plan Width": 4, "Actual Rows": 17396, "Actual Loops": 2, "Heap Fetches": 0, "Workers": []}, {"Node Type": "Index Scan", "Parent Relationship": "Inner", "Parallel Aware": false, "Async Capable": false, "Scan Direction": "Forward", "Index Name": "users_pkey", "Relation Name": "users", "Alias": "u", "Startup Cost": 0.29, "Total Cost": 1558.79, "Plan Rows": 39989, "Plan Width": 4, "Actual Rows": 38610, "Actual Loops": 2, "Filter": "((views >= 0) AND (creationdate >= '2010-07-27 09:38:05'::timestamp without time zone))", "Rows Removed by Filter": 344, "Workers": []}]}, {"Node Type": "Memoize", "Parent Relationship": "Inner", "Parallel Aware": false, "Async Capable": false, "Startup Cost": 0.3, "Total Cost": 0.48, "Plan Rows": 1, "Plan Width": 4, "Actual Rows": 4, "Actual Loops": 32349, "Cache Key": "v.userid", "Cache Mode": "logical", "Cache Hits": 16353, "Cache Misses": 3041, "Cache Evictions": 0, "Cache Overflows": 0, "Peak Memory Usage": 328, "Workers": [{"Worker Number": 0, "Cache Hits": 10602, "Cache Misses": 2353, "Cache Evictions": 0, "Cache Overflows": 0, "Peak Memory Usage": 238}], "Plans": [{"Node Type": "Index Scan", "Parent Relationship": "Outer", "Parallel Aware": false, "Async Capable": false, "Scan Direction": "Forward", "Index Name": "idx_posts_owneruserid", "Relation Name": "posts", "Alias": "p", "Startup Cost": 0.29, "Total Cost": 0.47, "Plan Rows": 1, "Plan Width": 4, "Actual Rows": 1, "Actual Loops": 5394, "Index Cond": "(owneruserid = v.userid)", "Rows Removed by Index Recheck": 0, "Filter": "((score >= 0) AND (score <= 28) AND (viewcount >= 0) AND (viewcount <= 6517) AND (answercount >= 0) AND (answercount <= 5) AND (favoritecount >= 0) AND (favoritecount <= 8) AND (creationdate >= '2010-07-27 11:29:20'::timestamp without time zone) AND (creationdate <= '2014-09-13 02:50:15'::timestamp without time zone))", "Rows Removed by Filter": 7, "Workers": []}]}]}]}]}]}]}]}, "Planning Time": 6.743, "Triggers": [], "Execution Time": 1909.334}, {"Plan": {"Node Type": "Aggregate", "Strategy": "Plain", "Partial Mode": "Finalize", "Parallel Aware": false, "Async Capable": false, "Startup Cost": 84105.21, "Total Cost": 84105.22, "Plan Rows": 1, "Plan Width": 8, "Actual Rows": 1, "Actual Loops": 1, "Plans": [{"Node Type": "Gather", "Parent Relationship": "Outer", "Parallel Aware": false, "Async Capable": false, "Startup Cost": 84105.1, "Total Cost": 84105.21, "Plan Rows": 1, "Plan Width": 8, "Actual Rows": 2, "Actual Loops": 1, "Workers Planned": 1, "Workers Launched": 1, "Single Copy": false, "Plans": [{"Node Type": "Aggregate", "Strategy": "Plain", "Partial Mode": "Partial", "Parent Relationship": "Outer", "Parallel Aware": false, "Async Capable": false, "Startup Cost": 83105.1, "Total Cost": 83105.11, "Plan Rows": 1, "Plan Width": 8, "Actual Rows": 1, "Actual Loops": 2, "Workers": [], "Plans": [{"Node Type": "Merge Join", "Parent Relationship": "Outer", "Parallel Aware": false, "Async Capable": false, "Join Type": "Inner", "Startup Cost": 4210.26, "Total Cost": 19095.96, "Plan Rows": 70.0, "Plan Width": 0, "Actual Rows": 28179699, "Actual Loops": 2, "Inner Unique": false, "Merge Cond": "(u.id = p.owneruserid)", "Workers": [], "Plans": [{"Node Type": "Merge Join", "Parent Relationship": "Outer", "Parallel Aware": false, "Async Capable": false, "Join Type": "Inner", "Startup Cost": 0.71, "Total Cost": 10146.43, "Plan Rows": 1071.0, "Plan Width": 8, "Actual Rows": 82012, "Actual Loops": 2, "Inner Unique": true, "Merge Cond": "(c.userid = u.id)", "Workers": [], "Plans": [{"Node Type": "Index Scan", "Parent Relationship": "Outer", "Parallel Aware": true, "Async Capable": false, "Scan Direction": "Forward", "Index Name": "idx_comments_userid", "Relation Name": "comments", "Alias": "c", "Startup Cost": 0.29, "Total Cost": 7361.8, "Plan Rows": 102170, "Plan Width": 4, "Actual Rows": 85462, "Actual Loops": 2, "Filter": "(creationdate >= '2010-07-27 12:03:40'::timestamp without time zone)", "Rows Removed by Filter": 263, "Workers": []}, {"Node Type": "Index Scan", "Parent Relationship": "Inner", "Parallel Aware": false, "Async Capable": false, "Scan Direction": "Forward", "Index Name": "users_pkey", "Relation Name": "users", "Alias": "u", "Startup Cost": 0.29, "Total Cost": 1558.79, "Plan Rows": 39989, "Plan Width": 4, "Actual Rows": 39416, "Actual Loops": 2, "Filter": "((views >= 0) AND (creationdate >= '2010-07-27 09:38:05'::timestamp without time zone))", "Rows Removed by Filter": 344, "Workers": []}]}, {"Node Type": "Materialize", "Parent Relationship": "Inner", "Parallel Aware": false, "Async Capable": false, "Startup Cost": 4209.55, "Total Cost": 6235.22, "Plan Rows": 44.0, "Plan Width": 8, "Actual Rows": 28282274, "Actual Loops": 2, "Workers": [], "Plans": [{"Node Type": "Merge Join", "Parent Relationship": "Outer", "Parallel Aware": false, "Async Capable": false, "Join Type": "Inner", "Startup Cost": 4209.55, "Total Cost": 6051.52, "Plan Rows": 44.0, "Plan Width": 8, "Actual Rows": 171371, "Actual Loops": 2, "Inner Unique": false, "Merge Cond": "(v.userid = p.owneruserid)", "Workers": [], "Plans": [{"Node Type": "Index Only Scan", "Parent Relationship": "Outer", "Parallel Aware": false, "Async Capable": false, "Scan Direction": "Forward", "Index Name": "idx_votes_userid", "Relation Name": "votes", "Alias": "v", "Startup Cost": 0.42, "Total Cost": 6175.27, "Plan Rows": 328064, "Plan Width": 4, "Actual Rows": 34740, "Actual Loops": 2, "Heap Fetches": 0, "Workers": []}, {"Node Type": "Sort", "Parent Relationship": "Inner", "Parallel Aware": false, "Async Capable": false, "Startup Cost": 4209.13, "Total Cost": 4215.73, "Plan Rows": 2639, "Plan Width": 4, "Actual Rows": 176968, "Actual Loops": 2, "Sort Key": ["p.owneruserid"], "Sort Method": "quicksort", "Sort Space Used": 385, "Sort Space Type": "Memory", "Workers": [{"Worker Number": 0, "Sort Method": "quicksort", "Sort Space Used": 385, "Sort Space Type": "Memory"}], "Plans": [{"Node Type": "Seq Scan", "Parent Relationship": "Outer", "Parallel Aware": false, "Async Capable": false, "Relation Name": "posts", "Alias": "p", "Startup Cost": 0.0, "Total Cost": 4059.16, "Plan Rows": 2639, "Plan Width": 4, "Actual Rows": 12147, "Actual Loops": 2, "Filter": "((score >= 0) AND (score <= 28) AND (viewcount >= 0) AND (viewcount <= 6517) AND (answercount >= 0) AND (answercount <= 5) AND (favoritecount >= 0) AND (favoritecount <= 8) AND (creationdate >= '2010-07-27 11:29:20'::timestamp without time zone) AND (creationdate <= '2014-09-13 02:50:15'::timestamp without time zone))", "Rows Removed by Filter": 79829, "Workers": []}]}]}]}]}]}]}]}, "Planning Time": 6.758, "Triggers": [], "Execution Time": 2233.803}, {"Plan": {"Node Type": "Aggregate", "Strategy": "Plain", "Partial Mode": "Simple", "Parallel Aware": false, "Async Capable": false, "Startup Cost": 140150.09, "Total Cost": 140150.1, "Plan Rows": 1, "Plan Width": 8, "Actual Rows": 1, "Actual Loops": 1, "Plans": [{"Node Type": "Merge Join", "Parent Relationship": "Outer", "Parallel Aware": false, "Async Capable": false, "Join Type": "Inner", "Startup Cost": 4210.14, "Total Cost": 31334.57, "Plan Rows": 70.0, "Plan Width": 0, "Actual Rows": 56359398, "Actual Loops": 1, "Inner Unique": false, "Merge Cond": "(u.id = v.userid)", "Plans": [{"Node Type": "Nested Loop", "Parent Relationship": "Outer", "Parallel Aware": false, "Async Capable": false, "Join Type": "Inner", "Startup Cost": 4209.72, "Total Cost": 8066.29, "Plan Rows": 3.0, "Plan Width": 12, "Actual Rows": 697548, "Actual Loops": 1, "Inner Unique": false, "Plans": [{"Node Type": "Merge Join", "Parent Relationship": "Outer", "Parallel Aware": false, "Async Capable": false, "Join Type": "Inner", "Startup Cost": 4209.42, "Total Cost": 5906.66, "Plan Rows": 1.0, "Plan Width": 8, "Actual Rows": 11436, "Actual Loops": 1, "Inner Unique": false, "Merge Cond": "(u.id = p.owneruserid)", "Plans": [{"Node Type": "Index Scan", "Parent Relationship": "Outer", "Parallel Aware": false, "Async Capable": false, "Scan Direction": "Forward", "Index Name": "users_pkey", "Relation Name": "users", "Alias": "u", "Startup Cost": 0.29, "Total Cost": 1558.79, "Plan Rows": 39989, "Plan Width": 4, "Actual Rows": 39909, "Actual Loops": 1, "Filter": "((views >= 0) AND (creationdate >= '2010-07-27 09:38:05'::timestamp without time zone))", "Rows Removed by Filter": 344}, {"Node Type": "Sort", "Parent Relationship": "Inner", "Parallel Aware": false, "Async Capable": false, "Startup Cost": 4209.13, "Total Cost": 4215.73, "Plan Rows": 2639, "Plan Width": 4, "Actual Rows": 11913, "Actual Loops": 1, "Sort Key": ["p.owneruserid"], "Sort Method": "quicksort", "Sort Space Used": 385, "Sort Space Type": "Memory", "Plans": [{"Node Type": "Seq Scan", "Parent Relationship": "Outer", "Parallel Aware": false, "Async Capable": false, "Relation Name": "posts", "Alias": "p", "Startup Cost": 0.0, "Total Cost": 4059.16, "Plan Rows": 2639, "Plan Width": 4, "Actual Rows": 12147, "Actual Loops": 1, "Filter": "((score >= 0) AND (score <= 28) AND (viewcount >= 0) AND (viewcount <= 6517) AND (answercount >= 0) AND (answercount <= 5) AND (favoritecount >= 0) AND (favoritecount <= 8) AND (creationdate >= '2010-07-27 11:29:20'::timestamp without time zone) AND (creationdate <= '2014-09-13 02:50:15'::timestamp without time zone))", "Rows Removed by Filter": 79829}]}]}, {"Node Type": "Index Scan", "Parent Relationship": "Inner", "Parallel Aware": false, "Async Capable": false, "Scan Direction": "Forward", "Index Name": "idx_comments_userid", "Relation Name": "comments", "Alias": "c", "Startup Cost": 0.29, "Total Cost": 0.71, "Plan Rows": 13, "Plan Width": 4, "Actual Rows": 61, "Actual Loops": 11436, "Index Cond": "(userid = u.id)", "Rows Removed by Index Recheck": 0, "Filter": "(creationdate >= '2010-07-27 12:03:40'::timestamp without time zone)", "Rows Removed by Filter": 0}]}, {"Node Type": "Materialize", "Parent Relationship": "Inner", "Parallel Aware": false, "Async Capable": false, "Startup Cost": 0.42, "Total Cost": 6995.43, "Plan Rows": 328064, "Plan Width": 4, "Actual Rows": 56374020, "Actual Loops": 1, "Plans": [{"Node Type": "Index Only Scan", "Parent Relationship": "Outer", "Parallel Aware": false, "Async Capable": false, "Scan Direction": "Forward", "Index Name": "idx_votes_userid", "Relation Name": "votes", "Alias": "v", "Startup Cost": 0.42, "Total Cost": 6175.27, "Plan Rows": 328064, "Plan Width": 4, "Actual Rows": 34786, "Actual Loops": 1, "Heap Fetches": 0}]}]}]}, "Planning Time": 3.234, "Triggers": [], "Execution Time": 4382.277}]