[{"Plan": {"Node Type": "Aggregate", "Strategy": "Plain", "Partial Mode": "Finalize", "Parallel Aware": false, "Async Capable": false, "Startup Cost": 16455.73, "Total Cost": 16455.74, "Plan Rows": 1, "Plan Width": 8, "Actual Rows": 1, "Actual Loops": 1, "Plans": [{"Node Type": "Gather", "Parent Relationship": "Outer", "Parallel Aware": false, "Async Capable": false, "Startup Cost": 16455.62, "Total Cost": 16455.73, "Plan Rows": 1, "Plan Width": 8, "Actual Rows": 2, "Actual Loops": 1, "Workers Planned": 1, "Workers Launched": 1, "Single Copy": false, "Plans": [{"Node Type": "Aggregate", "Strategy": "Plain", "Partial Mode": "Partial", "Parent Relationship": "Outer", "Parallel Aware": false, "Async Capable": false, "Startup Cost": 15455.62, "Total Cost": 15455.63, "Plan Rows": 1, "Plan Width": 8, "Actual Rows": 1, "Actual Loops": 2, "Workers": [], "Plans": [{"Node Type": "Nested Loop", "Parent Relationship": "Outer", "Parallel Aware": false, "Async Capable": false, "Join Type": "Inner", "Startup Cost": 3983.95, "Total Cost": 11177.62, "Plan Rows": 563773.0, "Plan Width": 0, "Actual Rows": 1050552, "Actual Loops": 2, "Inner Unique": false, "Join Filter": "(ph.userid = u.id)", "Rows Removed by Join Filter": 0, "Workers": [], "Plans": [{"Node Type": "Merge Join", "Parent Relationship": "Outer", "Parallel Aware": false, "Async Capable": false, "Join Type": "Inner", "Startup Cost": 3983.53, "Total Cost": 8074.29, "Plan Rows": 49817.0, "Plan Width": 12, "Actual Rows": 25578, "Actual Loops": 2, "Inner Unique": false, "Merge Cond": "(u.id = p.owneruserid)", "Workers": [], "Plans": [{"Node Type": "Merge Join", "Parent Relationship": "Outer", "Parallel Aware": false, "Async Capable": false, "Join Type": "Inner", "Startup Cost": 0.68, "Total Cost": 3933.75, "Plan Rows": 35556.0, "Plan Width": 8, "Actual Rows": 29190, "Actual Loops": 2, "Inner Unique": true, "Merge Cond": "(b.userid = u.id)", "Workers": [], "Plans": [{"Node Type": "Index Only Scan", "Parent Relationship": "Outer", "Parallel Aware": true, "Async Capable": false, "Scan Direction": "Forward", "Index Name": "idx_badges_userid", "Relation Name": "badges", "Alias": "b", "Startup Cost": 0.29, "Total Cost": 1405.26, "Plan Rows": 46971, "Plan Width": 4, "Actual Rows": 39854, "Actual Loops": 2, "Heap Fetches": 0, "Workers": []}, {"Node Type": "Index Scan", "Parent Relationship": "Inner", "Parallel Aware": false, "Async Capable": false, "Scan Direction": "Forward", "Index Name": "users_pkey", "Relation Name": "users", "Alias": "u", "Startup Cost": 0.29, "Total Cost": 1861.23, "Plan Rows": 38866, "Plan Width": 4, "Actual Rows": 39060, "Actual Loops": 2, "Filter": "((views >= 0) AND (downvotes >= 0) AND (downvotes <= 0) AND (upvotes >= 0) AND (upvotes <= 37))", "Rows Removed by Filter": 1059, "Workers": []}]}, {"Node Type": "Sort", "Parent Relationship": "Inner", "Parallel Aware": false, "Async Capable": false, "Startup Cost": 3982.85, "Total Cost": 3989.59, "Plan Rows": 2696, "Plan Width": 4, "Actual Rows": 33526, "Actual Loops": 2, "Sort Key": ["p.owneruserid"], "Sort Method": "quicksort", "Sort Space Used": 385, "Sort Space Type": "Memory", "Workers": [{"Worker Number": 0, "Sort Method": "quicksort", "Sort Space Used": 385, "Sort Space Type": "Memory"}], "Plans": [{"Node Type": "Seq Scan", "Parent Relationship": "Outer", "Parallel Aware": false, "Async Capable": false, "Relation Name": "posts", "Alias": "p", "Startup Cost": 0.0, "Total Cost": 3829.22, "Plan Rows": 2696, "Plan Width": 4, "Actual Rows": 12391, "Actual Loops": 2, "Filter": "((score >= '-1'::integer) AND (viewcount >= 0) AND (viewcount <= 39097) AND (answercount >= 0) AND (commentcount >= 0) AND (commentcount <= 11) AND (favoritecount <= 10) AND (creationdate >= '2010-08-13 02:18:09'::timestamp without time zone) AND (creationdate <= '2014-09-09 10:20:27'::timestamp without time zone))", "Rows Removed by Filter": 79585, "Workers": []}]}]}, {"Node Type": "Index Scan", "Parent Relationship": "Inner", "Parallel Aware": false, "Async Capable": false, "Scan Direction": "Forward", "Index Name": "idx_posthistory_userid", "Relation Name": "posthistory", "Alias": "ph", "Startup Cost": 0.42, "Total Cost": 0.87, "Plan Rows": 14, "Plan Width": 4, "Actual Rows": 41, "Actual Loops": 51156, "Index Cond": "(userid = b.userid)", "Rows Removed by Index Recheck": 0, "Filter": "((creationdate >= '2010-09-06 11:41:43'::timestamp without time zone) AND (creationdate <= '2014-09-03 16:41:18'::timestamp without time zone))", "Rows Removed by Filter": 1, "Workers": []}]}]}]}]}, "Planning Time": 6.413, "Triggers": [], "Execution Time": 366.111}, {"Plan": {"Node Type": "Aggregate", "Strategy": "Plain", "Partial Mode": "Finalize", "Parallel Aware": false, "Async Capable": false, "Startup Cost": 65784.89, "Total Cost": 65784.9, "Plan Rows": 1, "Plan Width": 8, "Actual Rows": 1, "Actual Loops": 1, "Plans": [{"Node Type": "Gather", "Parent Relationship": "Outer", "Parallel Aware": false, "Async Capable": false, "Startup Cost": 65784.78, "Total Cost": 65784.89, "Plan Rows": 1, "Plan Width": 8, "Actual Rows": 2, "Actual Loops": 1, "Workers Planned": 1, "Workers Launched": 1, "Single Copy": false, "Plans": [{"Node Type": "Aggregate", "Strategy": "Plain", "Partial Mode": "Partial", "Parent Relationship": "Outer", "Parallel Aware": false, "Async Capable": false, "Startup Cost": 64784.78, "Total Cost": 64784.79, "Plan Rows": 1, "Plan Width": 8, "Actual Rows": 1, "Actual Loops": 2, "Workers": [], "Plans": [{"Node Type": "Merge Join", "Parent Relationship": "Outer", "Parallel Aware": false, "Async Capable": false, "Join Type": "Inner", "Startup Cost": 3983.86, "Total Cost": 60506.78, "Plan Rows": 563773.0, "Plan Width": 0, "Actual Rows": 1050552, "Actual Loops": 2, "Inner Unique": false, "Merge Cond": "(ph.userid = u.id)", "Workers": [], "Plans": [{"Node Type": "Nested Loop", "Parent Relationship": "Outer", "Parallel Aware": false, "Async Capable": false, "Join Type": "Inner", "Startup Cost": 0.72, "Total Cost": 27324.38, "Plan Rows": 12312009.0, "Plan Width": 8, "Actual Rows": 7939146, "Actual Loops": 2, "Inner Unique": false, "Workers": [], "Plans": [{"Node Type": "Index Scan", "Parent Relationship": "Outer", "Parallel Aware": true, "Async Capable": false, "Scan Direction": "Forward", "Index Name": "idx_posthistory_userid", "Relation Name": "posthistory", "Alias": "ph", "Startup Cost": 0.42, "Total Cost": 11735.34, "Plan Rows": 173067, "Plan Width": 4, "Actual Rows": 147188, "Actual Loops": 2, "Filter": "((creationdate >= '2010-09-06 11:41:43'::timestamp without time zone) AND (creationdate <= '2014-09-03 16:41:18'::timestamp without time zone))", "Rows Removed by Filter": 4406, "Workers": []}, {"Node Type": "Memoize", "Parent Relationship": "Inner", "Parallel Aware": false, "Async Capable": false, "Startup Cost": 0.3, "Total Cost": 0.36, "Plan Rows": 3, "Plan Width": 4, "Actual Rows": 54, "Actual Loops": 294376, "Cache Key": "ph.userid", "Cache Mode": "logical", "Cache Hits": 145795, "Cache Misses": 11454, "Cache Evictions": 0, "Cache Overflows": 0, "Peak Memory Usage": 2156, "Workers": [{"Worker Number": 0, "Cache Hits": 126908, "Cache Misses": 10219, "Cache Evictions": 0, "Cache Overflows": 0, "Peak Memory Usage": 1928}], "Plans": [{"Node Type": "Index Only Scan", "Parent Relationship": "Outer", "Parallel Aware": false, "Async Capable": false, "Scan Direction": "Forward", "Index Name": "idx_badges_userid", "Relation Name": "badges", "Alias": "b", "Startup Cost": 0.29, "Total Cost": 0.35, "Plan Rows": 3, "Plan Width": 4, "Actual Rows": 3, "Actual Loops": 21673, "Index Cond": "(userid = ph.userid)", "Rows Removed by Index Recheck": 0, "Heap Fetches": 0, "Workers": []}]}]}, {"Node Type": "Materialize", "Parent Relationship": "Inner", "Parallel Aware": false, "Async Capable": false, "Startup Cost": 3983.14, "Total Cost": 5986.5, "Plan Rows": 9851.0, "Plan Width": 8, "Actual Rows": 1054884, "Actual Loops": 2, "Workers": [], "Plans": [{"Node Type": "Merge Join", "Parent Relationship": "Outer", "Parallel Aware": false, "Async Capable": false, "Join Type": "Inner", "Startup Cost": 3983.14, "Total Cost": 5980.1, "Plan Rows": 9851.0, "Plan Width": 8, "Actual Rows": 8531, "Actual Loops": 2, "Inner Unique": false, "Merge Cond": "(u.id = p.owneruserid)", "Workers": [], "Plans": [{"Node Type": "Index Scan", "Parent Relationship": "Outer", "Parallel Aware": false, "Async Capable": false, "Scan Direction": "Forward", "Index Name": "users_pkey", "Relation Name": "users", "Alias": "u", "Startup Cost": 0.29, "Total Cost": 1861.23, "Plan Rows": 38866, "Plan Width": 4, "Actual Rows": 38815, "Actual Loops": 2, "Filter": "((views >= 0) AND (downvotes >= 0) AND (downvotes <= 0) AND (upvotes >= 0) AND (upvotes <= 37))", "Rows Removed by Filter": 1058, "Workers": []}, {"Node Type": "Sort", "Parent Relationship": "Inner", "Parallel Aware": false, "Async Capable": false, "Startup Cost": 3982.85, "Total Cost": 3989.59, "Plan Rows": 2696, "Plan Width": 4, "Actual Rows": 12151, "Actual Loops": 2, "Sort Key": ["p.owneruserid"], "Sort Method": "quicksort", "Sort Space Used": 385, "Sort Space Type": "Memory", "Workers": [{"Worker Number": 0, "Sort Method": "quicksort", "Sort Space Used": 385, "Sort Space Type": "Memory"}], "Plans": [{"Node Type": "Seq Scan", "Parent Relationship": "Outer", "Parallel Aware": false, "Async Capable": false, "Relation Name": "posts", "Alias": "p", "Startup Cost": 0.0, "Total Cost": 3829.22, "Plan Rows": 2696, "Plan Width": 4, "Actual Rows": 12391, "Actual Loops": 2, "Filter": "((score >= '-1'::integer) AND (viewcount >= 0) AND (viewcount <= 39097) AND (answercount >= 0) AND (commentcount >= 0) AND (commentcount <= 11) AND (favoritecount <= 10) AND (creationdate >= '2010-08-13 02:18:09'::timestamp without time zone) AND (creationdate <= '2014-09-09 10:20:27'::timestamp without time zone))", "Rows Removed by Filter": 79585, "Workers": []}]}]}]}]}]}]}]}, "Planning Time": 5.833, "Triggers": [], "Execution Time": 860.657}, {"Plan": {"Node Type": "Aggregate", "Strategy": "Plain", "Partial Mode": "Simple", "Parallel Aware": false, "Async Capable": false, "Startup Cost": 63362.13, "Total Cost": 63362.14, "Plan Rows": 1, "Plan Width": 8, "Actual Rows": 1, "Actual Loops": 1, "Plans": [{"Node Type": "Hash Join", "Parent Relationship": "Outer", "Parallel Aware": false, "Async Capable": false, "Join Type": "Inner", "Startup Cost": 4092.74, "Total Cost": 56089.54, "Plan Rows": 563773.0, "Plan Width": 0, "Actual Rows": 2101105, "Actual Loops": 1, "Inner Unique": false, "Hash Cond": "(p.owneruserid = u.id)", "Plans": [{"Node Type": "Nested Loop", "Parent Relationship": "Outer", "Parallel Aware": false, "Async Capable": false, "Join Type": "Inner", "Startup Cost": 0.43, "Total Cost": 15168.62, "Plan Rows": 214954.0, "Plan Width": 8, "Actual Rows": 1236745, "Actual Loops": 1, "Inner Unique": false, "Plans": [{"Node Type": "Seq Scan", "Parent Relationship": "Outer", "Parallel Aware": false, "Async Capable": false, "Relation Name": "posts", "Alias": "p", "Startup Cost": 0.0, "Total Cost": 3829.22, "Plan Rows": 2696, "Plan Width": 4, "Actual Rows": 12391, "Actual Loops": 1, "Filter": "((score >= '-1'::integer) AND (viewcount >= 0) AND (viewcount <= 39097) AND (answercount >= 0) AND (commentcount >= 0) AND (commentcount <= 11) AND (favoritecount <= 10) AND (creationdate >= '2010-08-13 02:18:09'::timestamp without time zone) AND (creationdate <= '2014-09-09 10:20:27'::timestamp without time zone))", "Rows Removed by Filter": 79585}, {"Node Type": "Memoize", "Parent Relationship": "Inner", "Parallel Aware": false, "Async Capable": false, "Startup Cost": 0.43, "Total Cost": 4.22, "Plan Rows": 14, "Plan Width": 4, "Actual Rows": 100, "Actual Loops": 12391, "Cache Key": "p.owneruserid", "Cache Mode": "logical", "Cache Hits": 5824, "Cache Misses": 6567, "Cache Evictions": 0, "Cache Overflows": 0, "Peak Memory Usage": 6940, "Plans": [{"Node Type": "Index Scan", "Parent Relationship": "Outer", "Parallel Aware": false, "Async Capable": false, "Scan Direction": "Forward", "Index Name": "idx_posthistory_userid", "Relation Name": "posthistory", "Alias": "ph", "Startup Cost": 0.42, "Total Cost": 4.21, "Plan Rows": 14, "Plan Width": 4, "Actual Rows": 28, "Actual Loops": 6567, "Index Cond": "(userid = p.owneruserid)", "Rows Removed by Index Recheck": 0, "Filter": "((creationdate >= '2010-09-06 11:41:43'::timestamp without time zone) AND (creationdate <= '2014-09-03 16:41:18'::timestamp without time zone))", "Rows Removed by Filter": 1}]}]}, {"Node Type": "Hash", "Parent Relationship": "Inner", "Parallel Aware": false, "Async Capable": false, "Startup Cost": 3130.28, "Total Cost": 3130.28, "Plan Rows": 35556.0, "Plan Width": 8, "Actual Rows": 58524, "Actual Loops": 1, "Hash Buckets": 131072, "Original Hash Buckets": 131072, "Hash Batches": 1, "Original Hash Batches": 1, "Peak Memory Usage": 3311, "Plans": [{"Node Type": "Hash Join", "Parent Relationship": "Outer", "Parallel Aware": false, "Async Capable": false, "Join Type": "Inner", "Startup Cost": 1690.14, "Total Cost": 3130.28, "Plan Rows": 35556.0, "Plan Width": 8, "Actual Rows": 58524, "Actual Loops": 1, "Inner Unique": true, "Hash Cond": "(b.userid = u.id)", "Plans": [{"Node Type": "Seq Scan", "Parent Relationship": "Outer", "Parallel Aware": false, "Async Capable": false, "Relation Name": "badges", "Alias": "b", "Startup Cost": 0.0, "Total Cost": 1230.51, "Plan Rows": 79851, "Plan Width": 4, "Actual Rows": 79851, "Actual Loops": 1}, {"Node Type": "Hash", "Parent Relationship": "Inner", "Parallel Aware": false, "Async Capable": false, "Startup Cost": 1204.31, "Total Cost": 1204.31, "Plan Rows": 38866, "Plan Width": 4, "Actual Rows": 39266, "Actual Loops": 1, "Hash Buckets": 65536, "Original Hash Buckets": 65536, "Hash Batches": 1, "Original Hash Batches": 1, "Peak Memory Usage": 1893, "Plans": [{"Node Type": "Seq Scan", "Parent Relationship": "Outer", "Parallel Aware": false, "Async Capable": false, "Relation Name": "users", "Alias": "u", "Startup Cost": 0.0, "Total Cost": 1204.31, "Plan Rows": 38866, "Plan Width": 4, "Actual Rows": 39266, "Actual Loops": 1, "Filter": "((views >= 0) AND (downvotes >= 0) AND (downvotes <= 0) AND (upvotes >= 0) AND (upvotes <= 37))", "Rows Removed by Filter": 1059}]}]}]}]}]}, "Planning Time": 3.158, "Triggers": [], "Execution Time": 681.467}, {"Plan": {"Node Type": "Aggregate", "Strategy": "Plain", "Partial Mode": "Finalize", "Parallel Aware": false, "Async Capable": false, "Startup Cost": 33811.3, "Total Cost": 33811.31, "Plan Rows": 1, "Plan Width": 8, "Actual Rows": 1, "Actual Loops": 1, "Plans": [{"Node Type": "Gather", "Parent Relationship": "Outer", "Parallel Aware": false, "Async Capable": false, "Startup Cost": 33811.19, "Total Cost": 33811.3, "Plan Rows": 1, "Plan Width": 8, "Actual Rows": 2, "Actual Loops": 1, "Workers Planned": 1, "Workers Launched": 1, "Single Copy": false, "Plans": [{"Node Type": "Aggregate", "Strategy": "Plain", "Partial Mode": "Partial", "Parent Relationship": "Outer", "Parallel Aware": false, "Async Capable": false, "Startup Cost": 32811.19, "Total Cost": 32811.2, "Plan Rows": 1, "Plan Width": 8, "Actual Rows": 1, "Actual Loops": 2, "Workers": [], "Plans": [{"Node Type": "Merge Join", "Parent Relationship": "Outer", "Parallel Aware": false, "Async Capable": false, "Join Type": "Inner", "Startup Cost": 3984.45, "Total Cost": 28533.19, "Plan Rows": 563773.0, "Plan Width": 0, "Actual Rows": 1050552, "Actual Loops": 2, "Inner Unique": false, "Merge Cond": "(u.id = p.owneruserid)", "Workers": [], "Plans": [{"Node Type": "Merge Join", "Parent Relationship": "Outer", "Parallel Aware": false, "Async Capable": false, "Join Type": "Inner", "Startup Cost": 0.71, "Total Cost": 14830.96, "Plan Rows": 77166.0, "Plan Width": 8, "Actual Rows": 65174, "Actual Loops": 2, "Inner Unique": true, "Merge Cond": "(ph.userid = u.id)", "Workers": [], "Plans": [{"Node Type": "Index Scan", "Parent Relationship": "Outer", "Parallel Aware": true, "Async Capable": false, "Scan Direction": "Forward", "Index Name": "idx_posthistory_userid", "Relation Name": "posthistory", "Alias": "ph", "Startup Cost": 0.42, "Total Cost": 11735.34, "Plan Rows": 173067, "Plan Width": 4, "Actual Rows": 136776, "Actual Loops": 2, "Filter": "((creationdate >= '2010-09-06 11:41:43'::timestamp without time zone) AND (creationdate <= '2014-09-03 16:41:18'::timestamp without time zone))", "Rows Removed by Filter": 4318, "Workers": []}, {"Node Type": "Index Scan", "Parent Relationship": "Inner", "Parallel Aware": false, "Async Capable": false, "Scan Direction": "Forward", "Index Name": "users_pkey", "Relation Name": "users", "Alias": "u", "Startup Cost": 0.29, "Total Cost": 1861.23, "Plan Rows": 38866, "Plan Width": 4, "Actual Rows": 38810, "Actual Loops": 2, "Filter": "((views >= 0) AND (downvotes >= 0) AND (downvotes <= 0) AND (upvotes >= 0) AND (upvotes <= 37))", "Rows Removed by Filter": 1058, "Workers": []}]}, {"Node Type": "Materialize", "Parent Relationship": "Inner", "Parallel Aware": false, "Async Capable": false, "Startup Cost": 3983.74, "Total Cost": 7732.45, "Plan Rows": 166219.0, "Plan Width": 8, "Actual Rows": 1215216, "Actual Loops": 2, "Workers": [], "Plans": [{"Node Type": "Merge Join", "Parent Relationship": "Outer", "Parallel Aware": false, "Async Capable": false, "Join Type": "Inner", "Startup Cost": 3983.74, "Total Cost": 7472.92, "Plan Rows": 166219.0, "Plan Width": 8, "Actual Rows": 190389, "Actual Loops": 2, "Inner Unique": false, "Merge Cond": "(b.userid = p.owneruserid)", "Workers": [], "Plans": [{"Node Type": "Index Only Scan", "Parent Relationship": "Outer", "Parallel Aware": false, "Async Capable": false, "Scan Direction": "Forward", "Index Name": "idx_badges_userid", "Relation Name": "badges", "Alias": "b", "Startup Cost": 0.29, "Total Cost": 1734.06, "Plan Rows": 79851, "Plan Width": 4, "Actual Rows": 79616, "Actual Loops": 2, "Heap Fetches": 0, "Workers": []}, {"Node Type": "Sort", "Parent Relationship": "Inner", "Parallel Aware": false, "Async Capable": false, "Startup Cost": 3982.85, "Total Cost": 3989.59, "Plan Rows": 2696, "Plan Width": 4, "Actual Rows": 190505, "Actual Loops": 2, "Sort Key": ["p.owneruserid"], "Sort Method": "quicksort", "Sort Space Used": 385, "Sort Space Type": "Memory", "Workers": [{"Worker Number": 0, "Sort Method": "quicksort", "Sort Space Used": 385, "Sort Space Type": "Memory"}], "Plans": [{"Node Type": "Seq Scan", "Parent Relationship": "Outer", "Parallel Aware": false, "Async Capable": false, "Relation Name": "posts", "Alias": "p", "Startup Cost": 0.0, "Total Cost": 3829.22, "Plan Rows": 2696, "Plan Width": 4, "Actual Rows": 12391, "Actual Loops": 2, "Filter": "((score >= '-1'::integer) AND (viewcount >= 0) AND (viewcount <= 39097) AND (answercount >= 0) AND (commentcount >= 0) AND (commentcount <= 11) AND (favoritecount <= 10) AND (creationdate >= '2010-08-13 02:18:09'::timestamp without time zone) AND (creationdate <= '2014-09-09 10:20:27'::timestamp without time zone))", "Rows Removed by Filter": 79585, "Workers": []}]}]}]}]}]}]}]}, "Planning Time": 6.041, "Triggers": [], "Execution Time": 338.769}, {"Plan": {"Node Type": "Aggregate", "Strategy": "Plain", "Partial Mode": "Finalize", "Parallel Aware": false, "Async Capable": false, "Startup Cost": 16455.73, "Total Cost": 16455.74, "Plan Rows": 1, "Plan Width": 8, "Actual Rows": 1, "Actual Loops": 1, "Plans": [{"Node Type": "Gather", "Parent Relationship": "Outer", "Parallel Aware": false, "Async Capable": false, "Startup Cost": 16455.62, "Total Cost": 16455.73, "Plan Rows": 1, "Plan Width": 8, "Actual Rows": 2, "Actual Loops": 1, "Workers Planned": 1, "Workers Launched": 1, "Single Copy": false, "Plans": [{"Node Type": "Aggregate", "Strategy": "Plain", "Partial Mode": "Partial", "Parent Relationship": "Outer", "Parallel Aware": false, "Async Capable": false, "Startup Cost": 15455.62, "Total Cost": 15455.63, "Plan Rows": 1, "Plan Width": 8, "Actual Rows": 1, "Actual Loops": 2, "Workers": [], "Plans": [{"Node Type": "Nested Loop", "Parent Relationship": "Outer", "Parallel Aware": false, "Async Capable": false, "Join Type": "Inner", "Startup Cost": 3983.95, "Total Cost": 11177.62, "Plan Rows": 563773.0, "Plan Width": 0, "Actual Rows": 1050552, "Actual Loops": 2, "Inner Unique": false, "Join Filter": "(ph.userid = u.id)", "Rows Removed by Join Filter": 0, "Workers": [], "Plans": [{"Node Type": "Merge Join", "Parent Relationship": "Outer", "Parallel Aware": false, "Async Capable": false, "Join Type": "Inner", "Startup Cost": 3983.53, "Total Cost": 8074.29, "Plan Rows": 49817.0, "Plan Width": 12, "Actual Rows": 25578, "Actual Loops": 2, "Inner Unique": false, "Merge Cond": "(u.id = p.owneruserid)", "Workers": [], "Plans": [{"Node Type": "Merge Join", "Parent Relationship": "Outer", "Parallel Aware": false, "Async Capable": false, "Join Type": "Inner", "Startup Cost": 0.68, "Total Cost": 3933.75, "Plan Rows": 35556.0, "Plan Width": 8, "Actual Rows": 29190, "Actual Loops": 2, "Inner Unique": true, "Merge Cond": "(b.userid = u.id)", "Workers": [], "Plans": [{"Node Type": "Index Only Scan", "Parent Relationship": "Outer", "Parallel Aware": true, "Async Capable": false, "Scan Direction": "Forward", "Index Name": "idx_badges_userid", "Relation Name": "badges", "Alias": "b", "Startup Cost": 0.29, "Total Cost": 1405.26, "Plan Rows": 46971, "Plan Width": 4, "Actual Rows": 39854, "Actual Loops": 2, "Heap Fetches": 0, "Workers": []}, {"Node Type": "Index Scan", "Parent Relationship": "Inner", "Parallel Aware": false, "Async Capable": false, "Scan Direction": "Forward", "Index Name": "users_pkey", "Relation Name": "users", "Alias": "u", "Startup Cost": 0.29, "Total Cost": 1861.23, "Plan Rows": 38866, "Plan Width": 4, "Actual Rows": 39060, "Actual Loops": 2, "Filter": "((views >= 0) AND (downvotes >= 0) AND (downvotes <= 0) AND (upvotes >= 0) AND (upvotes <= 37))", "Rows Removed by Filter": 1059, "Workers": []}]}, {"Node Type": "Sort", "Parent Relationship": "Inner", "Parallel Aware": false, "Async Capable": false, "Startup Cost": 3982.85, "Total Cost": 3989.59, "Plan Rows": 2696, "Plan Width": 4, "Actual Rows": 33526, "Actual Loops": 2, "Sort Key": ["p.owneruserid"], "Sort Method": "quicksort", "Sort Space Used": 385, "Sort Space Type": "Memory", "Workers": [{"Worker Number": 0, "Sort Method": "quicksort", "Sort Space Used": 385, "Sort Space Type": "Memory"}], "Plans": [{"Node Type": "Seq Scan", "Parent Relationship": "Outer", "Parallel Aware": false, "Async Capable": false, "Relation Name": "posts", "Alias": "p", "Startup Cost": 0.0, "Total Cost": 3829.22, "Plan Rows": 2696, "Plan Width": 4, "Actual Rows": 12391, "Actual Loops": 2, "Filter": "((score >= '-1'::integer) AND (viewcount >= 0) AND (viewcount <= 39097) AND (answercount >= 0) AND (commentcount >= 0) AND (commentcount <= 11) AND (favoritecount <= 10) AND (creationdate >= '2010-08-13 02:18:09'::timestamp without time zone) AND (creationdate <= '2014-09-09 10:20:27'::timestamp without time zone))", "Rows Removed by Filter": 79585, "Workers": []}]}]}, {"Node Type": "Index Scan", "Parent Relationship": "Inner", "Parallel Aware": false, "Async Capable": false, "Scan Direction": "Forward", "Index Name": "idx_posthistory_userid", "Relation Name": "posthistory", "Alias": "ph", "Startup Cost": 0.42, "Total Cost": 0.87, "Plan Rows": 14, "Plan Width": 4, "Actual Rows": 41, "Actual Loops": 51156, "Index Cond": "(userid = b.userid)", "Rows Removed by Index Recheck": 0, "Filter": "((creationdate >= '2010-09-06 11:41:43'::timestamp without time zone) AND (creationdate <= '2014-09-03 16:41:18'::timestamp without time zone))", "Rows Removed by Filter": 1, "Workers": []}]}]}]}]}, "Planning Time": 4.237, "Triggers": [], "Execution Time": 369.362}, {"Plan": {"Node Type": "Aggregate", "Strategy": "Plain", "Partial Mode": "Simple", "Parallel Aware": false, "Async Capable": false, "Startup Cost": 19068.89, "Total Cost": 19068.9, "Plan Rows": 1, "Plan Width": 8, "Actual Rows": 1, "Actual Loops": 1, "Plans": [{"Node Type": "Nested Loop", "Parent Relationship": "Outer", "Parallel Aware": false, "Async Capable": false, "Join Type": "Inner", "Startup Cost": 1690.85, "Total Cost": 11796.3, "Plan Rows": 563773.0, "Plan Width": 0, "Actual Rows": 2101105, "Actual Loops": 1, "Inner Unique": false, "Join Filter": "(ph.userid = u.id)", "Rows Removed by Join Filter": 0, "Plans": [{"Node Type": "Nested Loop", "Parent Relationship": "Outer", "Parallel Aware": false, "Async Capable": false, "Join Type": "Inner", "Startup Cost": 1690.43, "Total Cost": 6521.35, "Plan Rows": 49817.0, "Plan Width": 12, "Actual Rows": 51156, "Actual Loops": 1, "Inner Unique": false, "Plans": [{"Node Type": "Hash Join", "Parent Relationship": "Outer", "Parallel Aware": false, "Async Capable": false, "Join Type": "Inner", "Startup Cost": 1690.14, "Total Cost": 5526.43, "Plan Rows": 9851.0, "Plan Width": 8, "Actual Rows": 8538, "Actual Loops": 1, "Inner Unique": true, "Hash Cond": "(p.owneruserid = u.id)", "Plans": [{"Node Type": "Seq Scan", "Parent Relationship": "Outer", "Parallel Aware": false, "Async Capable": false, "Relation Name": "posts", "Alias": "p", "Startup Cost": 0.0, "Total Cost": 3829.22, "Plan Rows": 2696, "Plan Width": 4, "Actual Rows": 12391, "Actual Loops": 1, "Filter": "((score >= '-1'::integer) AND (viewcount >= 0) AND (viewcount <= 39097) AND (answercount >= 0) AND (commentcount >= 0) AND (commentcount <= 11) AND (favoritecount <= 10) AND (creationdate >= '2010-08-13 02:18:09'::timestamp without time zone) AND (creationdate <= '2014-09-09 10:20:27'::timestamp without time zone))", "Rows Removed by Filter": 79585}, {"Node Type": "Hash", "Parent Relationship": "Inner", "Parallel Aware": false, "Async Capable": false, "Startup Cost": 1204.31, "Total Cost": 1204.31, "Plan Rows": 38866, "Plan Width": 4, "Actual Rows": 39266, "Actual Loops": 1, "Hash Buckets": 65536, "Original Hash Buckets": 65536, "Hash Batches": 1, "Original Hash Batches": 1, "Peak Memory Usage": 1893, "Plans": [{"Node Type": "Seq Scan", "Parent Relationship": "Outer", "Parallel Aware": false, "Async Capable": false, "Relation Name": "users", "Alias": "u", "Startup Cost": 0.0, "Total Cost": 1204.31, "Plan Rows": 38866, "Plan Width": 4, "Actual Rows": 39266, "Actual Loops": 1, "Filter": "((views >= 0) AND (downvotes >= 0) AND (downvotes <= 0) AND (upvotes >= 0) AND (upvotes <= 37))", "Rows Removed by Filter": 1059}]}]}, {"Node Type": "Index Only Scan", "Parent Relationship": "Inner", "Parallel Aware": false, "Async Capable": false, "Scan Direction": "Forward", "Index Name": "idx_badges_userid", "Relation Name": "badges", "Alias": "b", "Startup Cost": 0.29, "Total Cost": 0.36, "Plan Rows": 3, "Plan Width": 4, "Actual Rows": 6, "Actual Loops": 8538, "Index Cond": "(userid = u.id)", "Rows Removed by Index Recheck": 0, "Heap Fetches": 0}]}, {"Node Type": "Index Scan", "Parent Relationship": "Inner", "Parallel Aware": false, "Async Capable": false, "Scan Direction": "Forward", "Index Name": "idx_posthistory_userid", "Relation Name": "posthistory", "Alias": "ph", "Startup Cost": 0.42, "Total Cost": 0.87, "Plan Rows": 14, "Plan Width": 4, "Actual Rows": 41, "Actual Loops": 51156, "Index Cond": "(userid = b.userid)", "Rows Removed by Index Recheck": 0, "Filter": "((creationdate >= '2010-09-06 11:41:43'::timestamp without time zone) AND (creationdate <= '2014-09-03 16:41:18'::timestamp without time zone))", "Rows Removed by Filter": 1}]}]}, "Planning Time": 3.014, "Triggers": [], "Execution Time": 586.15}, {"Plan": {"Node Type": "Aggregate", "Strategy": "Plain", "Partial Mode": "Simple", "Parallel Aware": false, "Async Capable": false, "Startup Cost": 38325.43, "Total Cost": 38325.44, "Plan Rows": 1, "Plan Width": 8, "Actual Rows": 1, "Actual Loops": 1, "Plans": [{"Node Type": "Merge Join", "Parent Relationship": "Outer", "Parallel Aware": false, "Async Capable": false, "Join Type": "Inner", "Startup Cost": 3983.95, "Total Cost": 31052.83, "Plan Rows": 563773.0, "Plan Width": 0, "Actual Rows": 2101105, "Actual Loops": 1, "Inner Unique": false, "Merge Cond": "(u.id = p.owneruserid)", "Plans": [{"Node Type": "Merge Join", "Parent Relationship": "Outer", "Parallel Aware": false, "Async Capable": false, "Join Type": "Inner", "Startup Cost": 1.11, "Total Cost": 25248.18, "Plan Rows": 425670.0, "Plan Width": 12, "Actual Rows": 659318, "Actual Loops": 1, "Inner Unique": false, "Merge Cond": "(u.id = ph.userid)", "Plans": [{"Node Type": "Merge Join", "Parent Relationship": "Outer", "Parallel Aware": false, "Async Capable": false, "Join Type": "Inner", "Startup Cost": 0.68, "Total Cost": 4661.65, "Plan Rows": 35556.0, "Plan Width": 8, "Actual Rows": 58321, "Actual Loops": 1, "Inner Unique": false, "Merge Cond": "(u.id = b.userid)", "Plans": [{"Node Type": "Index Scan", "Parent Relationship": "Outer", "Parallel Aware": false, "Async Capable": false, "Scan Direction": "Forward", "Index Name": "users_pkey", "Relation Name": "users", "Alias": "u", "Startup Cost": 0.29, "Total Cost": 1861.23, "Plan Rows": 38866, "Plan Width": 4, "Actual Rows": 38865, "Actual Loops": 1, "Filter": "((views >= 0) AND (downvotes >= 0) AND (downvotes <= 0) AND (upvotes >= 0) AND (upvotes <= 37))", "Rows Removed by Filter": 1058}, {"Node Type": "Index Only Scan", "Parent Relationship": "Inner", "Parallel Aware": false, "Async Capable": false, "Scan Direction": "Forward", "Index Name": "idx_badges_userid", "Relation Name": "badges", "Alias": "b", "Startup Cost": 0.29, "Total Cost": 1734.06, "Plan Rows": 79851, "Plan Width": 4, "Actual Rows": 79644, "Actual Loops": 1, "Heap Fetches": 0}]}, {"Node Type": "Materialize", "Parent Relationship": "Inner", "Parallel Aware": false, "Async Capable": false, "Startup Cost": 0.42, "Total Cost": 14343.5, "Plan Rows": 294214, "Plan Width": 4, "Actual Rows": 808912, "Actual Loops": 1, "Plans": [{"Node Type": "Index Scan", "Parent Relationship": "Outer", "Parallel Aware": false, "Async Capable": false, "Scan Direction": "Forward", "Index Name": "idx_posthistory_userid", "Relation Name": "posthistory", "Alias": "ph", "Startup Cost": 0.42, "Total Cost": 13607.96, "Plan Rows": 294214, "Plan Width": 4, "Actual Rows": 273552, "Actual Loops": 1, "Filter": "((creationdate >= '2010-09-06 11:41:43'::timestamp without time zone) AND (creationdate <= '2014-09-03 16:41:18'::timestamp without time zone))", "Rows Removed by Filter": 8637}]}]}, {"Node Type": "Sort", "Parent Relationship": "Inner", "Parallel Aware": false, "Async Capable": false, "Startup Cost": 3982.85, "Total Cost": 3989.59, "Plan Rows": 2696, "Plan Width": 4, "Actual Rows": 2104883, "Actual Loops": 1, "Sort Key": ["p.owneruserid"], "Sort Method": "quicksort", "Sort Space Used": 385, "Sort Space Type": "Memory", "Plans": [{"Node Type": "Seq Scan", "Parent Relationship": "Outer", "Parallel Aware": false, "Async Capable": false, "Relation Name": "posts", "Alias": "p", "Startup Cost": 0.0, "Total Cost": 3829.22, "Plan Rows": 2696, "Plan Width": 4, "Actual Rows": 12391, "Actual Loops": 1, "Filter": "((score >= '-1'::integer) AND (viewcount >= 0) AND (viewcount <= 39097) AND (answercount >= 0) AND (commentcount >= 0) AND (commentcount <= 11) AND (favoritecount <= 10) AND (creationdate >= '2010-08-13 02:18:09'::timestamp without time zone) AND (creationdate <= '2014-09-09 10:20:27'::timestamp without time zone))", "Rows Removed by Filter": 79585}]}]}]}, "Planning Time": 3.025, "Triggers": [], "Execution Time": 528.936}, {"Plan": {"Node Type": "Aggregate", "Strategy": "Plain", "Partial Mode": "Simple", "Parallel Aware": false, "Async Capable": false, "Startup Cost": 126823.53, "Total Cost": 126823.54, "Plan Rows": 1, "Plan Width": 8, "Actual Rows": 1, "Actual Loops": 1, "Plans": [{"Node Type": "Merge Join", "Parent Relationship": "Outer", "Parallel Aware": false, "Async Capable": false, "Join Type": "Inner", "Startup Cost": 3983.86, "Total Cost": 119550.93, "Plan Rows": 563773.0, "Plan Width": 0, "Actual Rows": 2101105, "Actual Loops": 1, "Inner Unique": false, "Merge Cond": "(u.id = ph.userid)", "Plans": [{"Node Type": "Merge Join", "Parent Relationship": "Outer", "Parallel Aware": false, "Async Capable": false, "Join Type": "Inner", "Startup Cost": 3983.14, "Total Cost": 5980.1, "Plan Rows": 9851.0, "Plan Width": 8, "Actual Rows": 8533, "Actual Loops": 1, "Inner Unique": false, "Merge Cond": "(u.id = p.owneruserid)", "Plans": [{"Node Type": "Index Scan", "Parent Relationship": "Outer", "Parallel Aware": false, "Async Capable": false, "Scan Direction": "Forward", "Index Name": "users_pkey", "Relation Name": "users", "Alias": "u", "Startup Cost": 0.29, "Total Cost": 1861.23, "Plan Rows": 38866, "Plan Width": 4, "Actual Rows": 38871, "Actual Loops": 1, "Filter": "((views >= 0) AND (downvotes >= 0) AND (downvotes <= 0) AND (upvotes >= 0) AND (upvotes <= 37))", "Rows Removed by Filter": 1058}, {"Node Type": "Sort", "Parent Relationship": "Inner", "Parallel Aware": false, "Async Capable": false, "Startup Cost": 3982.85, "Total Cost": 3989.59, "Plan Rows": 2696, "Plan Width": 4, "Actual Rows": 12153, "Actual Loops": 1, "Sort Key": ["p.owneruserid"], "Sort Method": "quicksort", "Sort Space Used": 385, "Sort Space Type": "Memory", "Plans": [{"Node Type": "Seq Scan", "Parent Relationship": "Outer", "Parallel Aware": false, "Async Capable": false, "Relation Name": "posts", "Alias": "p", "Startup Cost": 0.0, "Total Cost": 3829.22, "Plan Rows": 2696, "Plan Width": 4, "Actual Rows": 12391, "Actual Loops": 1, "Filter": "((score >= '-1'::integer) AND (viewcount >= 0) AND (viewcount <= 39097) AND (answercount >= 0) AND (commentcount >= 0) AND (commentcount <= 11) AND (favoritecount <= 10) AND (creationdate >= '2010-08-13 02:18:09'::timestamp without time zone) AND (creationdate <= '2014-09-09 10:20:27'::timestamp without time zone))", "Rows Removed by Filter": 79585}]}]}, {"Node Type": "Materialize", "Parent Relationship": "Inner", "Parallel Aware": false, "Async Capable": false, "Startup Cost": 0.72, "Total Cost": 73771.17, "Plan Rows": 12312009.0, "Plan Width": 8, "Actual Rows": 17493735, "Actual Loops": 1, "Plans": [{"Node Type": "Nested Loop", "Parent Relationship": "Outer", "Parallel Aware": false, "Async Capable": false, "Join Type": "Inner", "Startup Cost": 0.72, "Total Cost": 35254.37, "Plan Rows": 12312009.0, "Plan Width": 8, "Actual Rows": 15878293, "Actual Loops": 1, "Inner Unique": false, "Plans": [{"Node Type": "Index Scan", "Parent Relationship": "Outer", "Parallel Aware": false, "Async Capable": false, "Scan Direction": "Forward", "Index Name": "idx_posthistory_userid", "Relation Name": "posthistory", "Alias": "ph", "Startup Cost": 0.42, "Total Cost": 13607.96, "Plan Rows": 294214, "Plan Width": 4, "Actual Rows": 294376, "Actual Loops": 1, "Filter": "((creationdate >= '2010-09-06 11:41:43'::timestamp without time zone) AND (creationdate <= '2014-09-03 16:41:18'::timestamp without time zone))", "Rows Removed by Filter": 8811}, {"Node Type": "Memoize", "Parent Relationship": "Inner", "Parallel Aware": false, "Async Capable": false, "Startup Cost": 0.3, "Total Cost": 0.36, "Plan Rows": 3, "Plan Width": 4, "Actual Rows": 54, "Actual Loops": 294376, "Cache Key": "ph.userid", "Cache Mode": "logical", "Cache Hits": 272738, "Cache Misses": 21638, "Cache Evictions": 0, "Cache Overflows": 0, "Peak Memory Usage": 3955, "Plans": [{"Node Type": "Index Only Scan", "Parent Relationship": "Outer", "Parallel Aware": false, "Async Capable": false, "Scan Direction": "Forward", "Index Name": "idx_badges_userid", "Relation Name": "badges", "Alias": "b", "Startup Cost": 0.29, "Total Cost": 0.35, "Plan Rows": 3, "Plan Width": 4, "Actual Rows": 3, "Actual Loops": 21638, "Index Cond": "(userid = ph.userid)", "Rows Removed by Index Recheck": 0, "Heap Fetches": 0}]}]}]}]}]}, "Planning Time": 3.134, "Triggers": [], "Execution Time": 3709.33}, {"Plan": {"Node Type": "Aggregate", "Strategy": "Plain", "Partial Mode": "Finalize", "Parallel Aware": false, "Async Capable": false, "Startup Cost": 17629.3, "Total Cost": 17629.31, "Plan Rows": 1, "Plan Width": 8, "Actual Rows": 1, "Actual Loops": 1, "Plans": [{"Node Type": "Gather", "Parent Relationship": "Outer", "Parallel Aware": false, "Async Capable": false, "Startup Cost": 17629.19, "Total Cost": 17629.3, "Plan Rows": 1, "Plan Width": 8, "Actual Rows": 2, "Actual Loops": 1, "Workers Planned": 1, "Workers Launched": 1, "Single Copy": false, "Plans": [{"Node Type": "Aggregate", "Strategy": "Plain", "Partial Mode": "Partial", "Parent Relationship": "Outer", "Parallel Aware": false, "Async Capable": false, "Startup Cost": 16629.19, "Total Cost": 16629.2, "Plan Rows": 1, "Plan Width": 8, "Actual Rows": 1, "Actual Loops": 2, "Workers": [], "Plans": [{"Node Type": "Hash Join", "Parent Relationship": "Outer", "Parallel Aware": false, "Async Capable": false, "Join Type": "Inner", "Startup Cost": 6584.69, "Total Cost": 12351.19, "Plan Rows": 563773.0, "Plan Width": 0, "Actual Rows": 1050552, "Actual Loops": 2, "Inner Unique": false, "Hash Cond": "(ph.userid = u.id)", "Workers": [], "Plans": [{"Node Type": "Seq Scan", "Parent Relationship": "Outer", "Parallel Aware": true, "Async Capable": false, "Relation Name": "posthistory", "Alias": "ph", "Startup Cost": 0.0, "Total Cost": 4915.18, "Plan Rows": 173067, "Plan Width": 4, "Actual Rows": 147188, "Actual Loops": 2, "Filter": "((creationdate >= '2010-09-06 11:41:43'::timestamp without time zone) AND (creationdate <= '2014-09-03 16:41:18'::timestamp without time zone))", "Rows Removed by Filter": 4406, "Workers": []}, {"Node Type": "Hash", "Parent Relationship": "Inner", "Parallel Aware": false, "Async Capable": false, "Startup Cost": 6521.35, "Total Cost": 6521.35, "Plan Rows": 49817.0, "Plan Width": 12, "Actual Rows": 51156, "Actual Loops": 2, "Hash Buckets": 65536, "Original Hash Buckets": 8192, "Hash Batches": 1, "Original Hash Batches": 1, "Peak Memory Usage": 2711, "Workers": [], "Plans": [{"Node Type": "Nested Loop", "Parent Relationship": "Outer", "Parallel Aware": false, "Async Capable": false, "Join Type": "Inner", "Startup Cost": 1690.43, "Total Cost": 6521.35, "Plan Rows": 49817.0, "Plan Width": 12, "Actual Rows": 51156, "Actual Loops": 2, "Inner Unique": false, "Workers": [], "Plans": [{"Node Type": "Hash Join", "Parent Relationship": "Outer", "Parallel Aware": false, "Async Capable": false, "Join Type": "Inner", "Startup Cost": 1690.14, "Total Cost": 5526.43, "Plan Rows": 9851.0, "Plan Width": 8, "Actual Rows": 8538, "Actual Loops": 2, "Inner Unique": true, "Hash Cond": "(p.owneruserid = u.id)", "Workers": [], "Plans": [{"Node Type": "Seq Scan", "Parent Relationship": "Outer", "Parallel Aware": false, "Async Capable": false, "Relation Name": "posts", "Alias": "p", "Startup Cost": 0.0, "Total Cost": 3829.22, "Plan Rows": 2696, "Plan Width": 4, "Actual Rows": 12391, "Actual Loops": 2, "Filter": "((score >= '-1'::integer) AND (viewcount >= 0) AND (viewcount <= 39097) AND (answercount >= 0) AND (commentcount >= 0) AND (commentcount <= 11) AND (favoritecount <= 10) AND (creationdate >= '2010-08-13 02:18:09'::timestamp without time zone) AND (creationdate <= '2014-09-09 10:20:27'::timestamp without time zone))", "Rows Removed by Filter": 79585, "Workers": []}, {"Node Type": "Hash", "Parent Relationship": "Inner", "Parallel Aware": false, "Async Capable": false, "Startup Cost": 1204.31, "Total Cost": 1204.31, "Plan Rows": 38866, "Plan Width": 4, "Actual Rows": 39266, "Actual Loops": 2, "Hash Buckets": 65536, "Original Hash Buckets": 65536, "Hash Batches": 1, "Original Hash Batches": 1, "Peak Memory Usage": 1893, "Workers": [], "Plans": [{"Node Type": "Seq Scan", "Parent Relationship": "Outer", "Parallel Aware": false, "Async Capable": false, "Relation Name": "users", "Alias": "u", "Startup Cost": 0.0, "Total Cost": 1204.31, "Plan Rows": 38866, "Plan Width": 4, "Actual Rows": 39266, "Actual Loops": 2, "Filter": "((views >= 0) AND (downvotes >= 0) AND (downvotes <= 0) AND (upvotes >= 0) AND (upvotes <= 37))", "Rows Removed by Filter": 1059, "Workers": []}]}]}, {"Node Type": "Index Only Scan", "Parent Relationship": "Inner", "Parallel Aware": false, "Async Capable": false, "Scan Direction": "Forward", "Index Name": "idx_badges_userid", "Relation Name": "badges", "Alias": "b", "Startup Cost": 0.29, "Total Cost": 0.36, "Plan Rows": 3, "Plan Width": 4, "Actual Rows": 6, "Actual Loops": 17076, "Index Cond": "(userid = u.id)", "Rows Removed by Index Recheck": 0, "Heap Fetches": 0, "Workers": []}]}]}]}]}]}]}, "Planning Time": 5.805, "Triggers": [], "Execution Time": 211.946}, {"Plan": {"Node Type": "Aggregate", "Strategy": "Plain", "Partial Mode": "Finalize", "Parallel Aware": false, "Async Capable": false, "Startup Cost": 41369.8, "Total Cost": 41369.81, "Plan Rows": 1, "Plan Width": 8, "Actual Rows": 1, "Actual Loops": 1, "Plans": [{"Node Type": "Gather", "Parent Relationship": "Outer", "Parallel Aware": false, "Async Capable": false, "Startup Cost": 41369.69, "Total Cost": 41369.8, "Plan Rows": 1, "Plan Width": 8, "Actual Rows": 2, "Actual Loops": 1, "Workers Planned": 1, "Workers Launched": 1, "Single Copy": false, "Plans": [{"Node Type": "Aggregate", "Strategy": "Plain", "Partial Mode": "Partial", "Parent Relationship": "Outer", "Parallel Aware": false, "Async Capable": false, "Startup Cost": 40369.69, "Total Cost": 40369.7, "Plan Rows": 1, "Plan Width": 8, "Actual Rows": 1, "Actual Loops": 2, "Workers": [], "Plans": [{"Node Type": "Merge Join", "Parent Relationship": "Outer", "Parallel Aware": false, "Async Capable": false, "Join Type": "Inner", "Startup Cost": 3984.4, "Total Cost": 36091.69, "Plan Rows": 563773.0, "Plan Width": 0, "Actual Rows": 1050552, "Actual Loops": 2, "Inner Unique": false, "Merge Cond": "(b.userid = u.id)", "Workers": [], "Plans": [{"Node Type": "Index Only Scan", "Parent Relationship": "Outer", "Parallel Aware": true, "Async Capable": false, "Scan Direction": "Forward", "Index Name": "idx_badges_userid", "Relation Name": "badges", "Alias": "b", "Startup Cost": 0.29, "Total Cost": 1405.26, "Plan Rows": 46971, "Plan Width": 4, "Actual Rows": 39768, "Actual Loops": 2, "Heap Fetches": 0, "Workers": []}, {"Node Type": "Materialize", "Parent Relationship": "Inner", "Parallel Aware": false, "Async Capable": false, "Startup Cost": 3983.56, "Total Cost": 12574.11, "Plan Rows": 150198.0, "Plan Width": 12, "Actual Rows": 1141720, "Actual Loops": 2, "Workers": [], "Plans": [{"Node Type": "Nested Loop", "Parent Relationship": "Outer", "Parallel Aware": false, "Async Capable": false, "Join Type": "Inner", "Startup Cost": 3983.56, "Total Cost": 8901.42, "Plan Rows": 150198.0, "Plan Width": 12, "Actual Rows": 181951, "Actual Loops": 2, "Inner Unique": false, "Workers": [], "Plans": [{"Node Type": "Merge Join", "Parent Relationship": "Outer", "Parallel Aware": false, "Async Capable": false, "Join Type": "Inner", "Startup Cost": 3983.14, "Total Cost": 5980.1, "Plan Rows": 9851.0, "Plan Width": 8, "Actual Rows": 8538, "Actual Loops": 2, "Inner Unique": false, "Merge Cond": "(u.id = p.owneruserid)", "Workers": [], "Plans": [{"Node Type": "Index Scan", "Parent Relationship": "Outer", "Parallel Aware": false, "Async Capable": false, "Scan Direction": "Forward", "Index Name": "users_pkey", "Relation Name": "users", "Alias": "u", "Startup Cost": 0.29, "Total Cost": 1861.23, "Plan Rows": 38866, "Plan Width": 4, "Actual Rows": 38962, "Actual Loops": 2, "Filter": "((views >= 0) AND (downvotes >= 0) AND (downvotes <= 0) AND (upvotes >= 0) AND (upvotes <= 37))", "Rows Removed by Filter": 1059, "Workers": []}, {"Node Type": "Sort", "Parent Relationship": "Inner", "Parallel Aware": false, "Async Capable": false, "Startup Cost": 3982.85, "Total Cost": 3989.59, "Plan Rows": 2696, "Plan Width": 4, "Actual Rows": 12159, "Actual Loops": 2, "Sort Key": ["p.owneruserid"], "Sort Method": "quicksort", "Sort Space Used": 385, "Sort Space Type": "Memory", "Workers": [{"Worker Number": 0, "Sort Method": "quicksort", "Sort Space Used": 385, "Sort Space Type": "Memory"}], "Plans": [{"Node Type": "Seq Scan", "Parent Relationship": "Outer", "Parallel Aware": false, "Async Capable": false, "Relation Name": "posts", "Alias": "p", "Startup Cost": 0.0, "Total Cost": 3829.22, "Plan Rows": 2696, "Plan Width": 4, "Actual Rows": 12391, "Actual Loops": 2, "Filter": "((score >= '-1'::integer) AND (viewcount >= 0) AND (viewcount <= 39097) AND (answercount >= 0) AND (commentcount >= 0) AND (commentcount <= 11) AND (favoritecount <= 10) AND (creationdate >= '2010-08-13 02:18:09'::timestamp without time zone) AND (creationdate <= '2014-09-09 10:20:27'::timestamp without time zone))", "Rows Removed by Filter": 79585, "Workers": []}]}]}, {"Node Type": "Index Scan", "Parent Relationship": "Inner", "Parallel Aware": false, "Async Capable": false, "Scan Direction": "Forward", "Index Name": "idx_posthistory_userid", "Relation Name": "posthistory", "Alias": "ph", "Startup Cost": 0.42, "Total Cost": 1.0, "Plan Rows": 14, "Plan Width": 4, "Actual Rows": 21, "Actual Loops": 17076, "Index Cond": "(userid = u.id)", "Rows Removed by Index Recheck": 0, "Filter": "((creationdate >= '2010-09-06 11:41:43'::timestamp without time zone) AND (creationdate <= '2014-09-03 16:41:18'::timestamp without time zone))", "Rows Removed by Filter": 0, "Workers": []}]}]}]}]}]}]}, "Planning Time": 5.651, "Triggers": [], "Execution Time": 297.507}, {"Plan": {"Node Type": "Aggregate", "Strategy": "Plain", "Partial Mode": "Simple", "Parallel Aware": false, "Async Capable": false, "Startup Cost": 33053.69, "Total Cost": 33053.7, "Plan Rows": 1, "Plan Width": 8, "Actual Rows": 1, "Actual Loops": 1, "Plans": [{"Node Type": "Hash Join", "Parent Relationship": "Outer", "Parallel Aware": false, "Async Capable": false, "Join Type": "Inner", "Startup Cost": 12548.39, "Total Cost": 25781.1, "Plan Rows": 563773.0, "Plan Width": 0, "Actual Rows": 2101105, "Actual Loops": 1, "Inner Unique": false, "Hash Cond": "(p.owneruserid = u.id)", "Plans": [{"Node Type": "Nested Loop", "Parent Relationship": "Outer", "Parallel Aware": false, "Async Capable": false, "Join Type": "Inner", "Startup Cost": 0.29, "Total Cost": 5376.22, "Plan Rows": 166219.0, "Plan Width": 8, "Actual Rows": 190399, "Actual Loops": 1, "Inner Unique": false, "Plans": [{"Node Type": "Seq Scan", "Parent Relationship": "Outer", "Parallel Aware": false, "Async Capable": false, "Relation Name": "posts", "Alias": "p", "Startup Cost": 0.0, "Total Cost": 3829.22, "Plan Rows": 2696, "Plan Width": 4, "Actual Rows": 12391, "Actual Loops": 1, "Filter": "((score >= '-1'::integer) AND (viewcount >= 0) AND (viewcount <= 39097) AND (answercount >= 0) AND (commentcount >= 0) AND (commentcount <= 11) AND (favoritecount <= 10) AND (creationdate >= '2010-08-13 02:18:09'::timestamp without time zone) AND (creationdate <= '2014-09-09 10:20:27'::timestamp without time zone))", "Rows Removed by Filter": 79585}, {"Node Type": "Index Only Scan", "Parent Relationship": "Inner", "Parallel Aware": false, "Async Capable": false, "Scan Direction": "Forward", "Index Name": "idx_badges_userid", "Relation Name": "badges", "Alias": "b", "Startup Cost": 0.29, "Total Cost": 0.54, "Plan Rows": 3, "Plan Width": 4, "Actual Rows": 15, "Actual Loops": 12391, "Index Cond": "(userid = p.owneruserid)", "Rows Removed by Index Recheck": 0, "Heap Fetches": 0}]}, {"Node Type": "Hash", "Parent Relationship": "Inner", "Parallel Aware": false, "Async Capable": false, "Startup Cost": 9250.33, "Total Cost": 9250.33, "Plan Rows": 77166.0, "Plan Width": 8, "Actual Rows": 130349, "Actual Loops": 1, "Hash Buckets": 524288, "Original Hash Buckets": 524288, "Hash Batches": 1, "Original Hash Batches": 1, "Peak Memory Usage": 9188, "Plans": [{"Node Type": "Hash Join", "Parent Relationship": "Outer", "Parallel Aware": false, "Async Capable": false, "Join Type": "Inner", "Startup Cost": 1690.14, "Total Cost": 9250.33, "Plan Rows": 77166.0, "Plan Width": 8, "Actual Rows": 130349, "Actual Loops": 1, "Inner Unique": true, "Hash Cond": "(ph.userid = u.id)", "Plans": [{"Node Type": "Seq Scan", "Parent Relationship": "Outer", "Parallel Aware": false, "Async Capable": false, "Relation Name": "posthistory", "Alias": "ph", "Startup Cost": 0.0, "Total Cost": 6787.8, "Plan Rows": 294214, "Plan Width": 4, "Actual Rows": 294376, "Actual Loops": 1, "Filter": "((creationdate >= '2010-09-06 11:41:43'::timestamp without time zone) AND (creationdate <= '2014-09-03 16:41:18'::timestamp without time zone))", "Rows Removed by Filter": 8811}, {"Node Type": "Hash", "Parent Relationship": "Inner", "Parallel Aware": false, "Async Capable": false, "Startup Cost": 1204.31, "Total Cost": 1204.31, "Plan Rows": 38866, "Plan Width": 4, "Actual Rows": 39266, "Actual Loops": 1, "Hash Buckets": 65536, "Original Hash Buckets": 65536, "Hash Batches": 1, "Original Hash Batches": 1, "Peak Memory Usage": 1893, "Plans": [{"Node Type": "Seq Scan", "Parent Relationship": "Outer", "Parallel Aware": false, "Async Capable": false, "Relation Name": "users", "Alias": "u", "Startup Cost": 0.0, "Total Cost": 1204.31, "Plan Rows": 38866, "Plan Width": 4, "Actual Rows": 39266, "Actual Loops": 1, "Filter": "((views >= 0) AND (downvotes >= 0) AND (downvotes <= 0) AND (upvotes >= 0) AND (upvotes <= 37))", "Rows Removed by Filter": 1059}]}]}]}]}]}, "Planning Time": 3.133, "Triggers": [], "Execution Time": 393.935}, {"Plan": {"Node Type": "Aggregate", "Strategy": "Plain", "Partial Mode": "Simple", "Parallel Aware": false, "Async Capable": false, "Startup Cost": 201088.29, "Total Cost": 201088.3, "Plan Rows": 1, "Plan Width": 8, "Plans": [{"Node Type": "Hash Join", "Parent Relationship": "Outer", "Parallel Aware": false, "Async Capable": false, "Join Type": "Inner", "Startup Cost": 1690.86, "Total Cost": 193815.7, "Plan Rows": 563773.0, "Plan Width": 0, "Inner Unique": true, "Hash Cond": "(p.owneruserid = u.id)", "Plans": [{"Node Type": "Nested Loop", "Parent Relationship": "Outer", "Parallel Aware": false, "Async Capable": false, "Join Type": "Inner", "Startup Cost": 0.72, "Total Cost": 35678.59, "Plan Rows": 1619050.0, "Plan Width": 12, "Inner Unique": false, "Plans": [{"Node Type": "Nested Loop", "Parent Relationship": "Outer", "Parallel Aware": false, "Async Capable": false, "Join Type": "Inner", "Startup Cost": 0.29, "Total Cost": 5376.22, "Plan Rows": 166219.0, "Plan Width": 8, "Inner Unique": false, "Plans": [{"Node Type": "Seq Scan", "Parent Relationship": "Outer", "Parallel Aware": false, "Async Capable": false, "Relation Name": "posts", "Alias": "p", "Startup Cost": 0.0, "Total Cost": 3829.22, "Plan Rows": 2696, "Plan Width": 4, "Filter": "((score >= '-1'::integer) AND (viewcount >= 0) AND (viewcount <= 39097) AND (answercount >= 0) AND (commentcount >= 0) AND (commentcount <= 11) AND (favoritecount <= 10) AND (creationdate >= '2010-08-13 02:18:09'::timestamp without time zone) AND (creationdate <= '2014-09-09 10:20:27'::timestamp without time zone))"}, {"Node Type": "Index Only Scan", "Parent Relationship": "Inner", "Parallel Aware": false, "Async Capable": false, "Scan Direction": "Forward", "Index Name": "idx_badges_userid", "Relation Name": "badges", "Alias": "b", "Startup Cost": 0.29, "Total Cost": 0.54, "Plan Rows": 3, "Plan Width": 4, "Index Cond": "(userid = p.owneruserid)"}]}, {"Node Type": "Memoize", "Parent Relationship": "Inner", "Parallel Aware": false, "Async Capable": false, "Startup Cost": 0.43, "Total Cost": 4.22, "Plan Rows": 14, "Plan Width": 4, "Cache Key": "p.owneruserid", "Cache Mode": "logical", "Plans": [{"Node Type": "Index Scan", "Parent Relationship": "Outer", "Parallel Aware": false, "Async Capable": false, "Scan Direction": "Forward", "Index Name": "idx_posthistory_userid", "Relation Name": "posthistory", "Alias": "ph", "Startup Cost": 0.42, "Total Cost": 4.21, "Plan Rows": 14, "Plan Width": 4, "Index Cond": "(userid = p.owneruserid)", "Filter": "((creationdate >= '2010-09-06 11:41:43'::timestamp without time zone) AND (creationdate <= '2014-09-03 16:41:18'::timestamp without time zone))"}]}]}, {"Node Type": "Hash", "Parent Relationship": "Inner", "Parallel Aware": false, "Async Capable": false, "Startup Cost": 1204.31, "Total Cost": 1204.31, "Plan Rows": 38866, "Plan Width": 4, "Plans": [{"Node Type": "Seq Scan", "Parent Relationship": "Outer", "Parallel Aware": false, "Async Capable": false, "Relation Name": "users", "Alias": "u", "Startup Cost": 0.0, "Total Cost": 1204.31, "Plan Rows": 38866, "Plan Width": 4, "Filter": "((views >= 0) AND (downvotes >= 0) AND (downvotes <= 0) AND (upvotes >= 0) AND (upvotes <= 37))"}]}]}]}, "Timeout Time": 5000}, {"Plan": {"Node Type": "Aggregate", "Strategy": "Plain", "Partial Mode": "Simple", "Parallel Aware": false, "Async Capable": false, "Startup Cost": 905621.64, "Total Cost": 905621.65, "Plan Rows": 1, "Plan Width": 8, "Plans": [{"Node Type": "Merge Join", "Parent Relationship": "Outer", "Parallel Aware": false, "Async Capable": false, "Join Type": "Inner", "Startup Cost": 3984.46, "Total Cost": 898349.05, "Plan Rows": 563773.0, "Plan Width": 0, "Inner Unique": false, "Merge Cond": "(u.id = p.owneruserid)", "Plans": [{"Node Type": "Index Scan", "Parent Relationship": "Outer", "Parallel Aware": false, "Async Capable": false, "Scan Direction": "Forward", "Index Name": "users_pkey", "Relation Name": "users", "Alias": "u", "Startup Cost": 0.29, "Total Cost": 1861.23, "Plan Rows": 38866, "Plan Width": 4, "Filter": "((views >= 0) AND (downvotes >= 0) AND (downvotes <= 0) AND (upvotes >= 0) AND (upvotes <= 37))"}, {"Node Type": "Materialize", "Parent Relationship": "Inner", "Parallel Aware": false, "Async Capable": false, "Startup Cost": 3984.17, "Total Cost": 186756.99, "Plan Rows": 1619050.0, "Plan Width": 12, "Plans": [{"Node Type": "Nested Loop", "Parent Relationship": "Outer", "Parallel Aware": false, "Async Capable": false, "Join Type": "Inner", "Startup Cost": 3984.17, "Total Cost": 37775.29, "Plan Rows": 1619050.0, "Plan Width": 12, "Inner Unique": false, "Plans": [{"Node Type": "Merge Join", "Parent Relationship": "Outer", "Parallel Aware": false, "Async Capable": false, "Join Type": "Inner", "Startup Cost": 3983.74, "Total Cost": 7472.92, "Plan Rows": 166219.0, "Plan Width": 8, "Inner Unique": false, "Merge Cond": "(b.userid = p.owneruserid)", "Plans": [{"Node Type": "Index Only Scan", "Parent Relationship": "Outer", "Parallel Aware": false, "Async Capable": false, "Scan Direction": "Forward", "Index Name": "idx_badges_userid", "Relation Name": "badges", "Alias": "b", "Startup Cost": 0.29, "Total Cost": 1734.06, "Plan Rows": 79851, "Plan Width": 4}, {"Node Type": "Sort", "Parent Relationship": "Inner", "Parallel Aware": false, "Async Capable": false, "Startup Cost": 3982.85, "Total Cost": 3989.59, "Plan Rows": 2696, "Plan Width": 4, "Sort Key": ["p.owneruserid"], "Plans": [{"Node Type": "Seq Scan", "Parent Relationship": "Outer", "Parallel Aware": false, "Async Capable": false, "Relation Name": "posts", "Alias": "p", "Startup Cost": 0.0, "Total Cost": 3829.22, "Plan Rows": 2696, "Plan Width": 4, "Filter": "((score >= '-1'::integer) AND (viewcount >= 0) AND (viewcount <= 39097) AND (answercount >= 0) AND (commentcount >= 0) AND (commentcount <= 11) AND (favoritecount <= 10) AND (creationdate >= '2010-08-13 02:18:09'::timestamp without time zone) AND (creationdate <= '2014-09-09 10:20:27'::timestamp without time zone))"}]}]}, {"Node Type": "Memoize", "Parent Relationship": "Inner", "Parallel Aware": false, "Async Capable": false, "Startup Cost": 0.43, "Total Cost": 4.22, "Plan Rows": 14, "Plan Width": 4, "Cache Key": "p.owneruserid", "Cache Mode": "logical", "Plans": [{"Node Type": "Index Scan", "Parent Relationship": "Outer", "Parallel Aware": false, "Async Capable": false, "Scan Direction": "Forward", "Index Name": "idx_posthistory_userid", "Relation Name": "posthistory", "Alias": "ph", "Startup Cost": 0.42, "Total Cost": 4.21, "Plan Rows": 14, "Plan Width": 4, "Index Cond": "(userid = p.owneruserid)", "Filter": "((creationdate >= '2010-09-06 11:41:43'::timestamp without time zone) AND (creationdate <= '2014-09-03 16:41:18'::timestamp without time zone))"}]}]}]}]}]}, "Timeout Time": 5000}, {"Plan": {"Node Type": "Aggregate", "Strategy": "Plain", "Partial Mode": "Simple", "Parallel Aware": false, "Async Capable": false, "Startup Cost": 65216.12, "Total Cost": 65216.13, "Plan Rows": 1, "Plan Width": 8, "Actual Rows": 1, "Actual Loops": 1, "Plans": [{"Node Type": "Merge Join", "Parent Relationship": "Outer", "Parallel Aware": false, "Async Capable": false, "Join Type": "Inner", "Startup Cost": 3984.37, "Total Cost": 57943.52, "Plan Rows": 563773.0, "Plan Width": 0, "Actual Rows": 2101105, "Actual Loops": 1, "Inner Unique": false, "Merge Cond": "(u.id = b.userid)", "Plans": [{"Node Type": "Nested Loop", "Parent Relationship": "Outer", "Parallel Aware": false, "Async Capable": false, "Join Type": "Inner", "Startup Cost": 3983.56, "Total Cost": 8901.42, "Plan Rows": 150198.0, "Plan Width": 12, "Actual Rows": 181951, "Actual Loops": 1, "Inner Unique": false, "Plans": [{"Node Type": "Merge Join", "Parent Relationship": "Outer", "Parallel Aware": false, "Async Capable": false, "Join Type": "Inner", "Startup Cost": 3983.14, "Total Cost": 5980.1, "Plan Rows": 9851.0, "Plan Width": 8, "Actual Rows": 8538, "Actual Loops": 1, "Inner Unique": false, "Merge Cond": "(u.id = p.owneruserid)", "Plans": [{"Node Type": "Index Scan", "Parent Relationship": "Outer", "Parallel Aware": false, "Async Capable": false, "Scan Direction": "Forward", "Index Name": "users_pkey", "Relation Name": "users", "Alias": "u", "Startup Cost": 0.29, "Total Cost": 1861.23, "Plan Rows": 38866, "Plan Width": 4, "Actual Rows": 38962, "Actual Loops": 1, "Filter": "((views >= 0) AND (downvotes >= 0) AND (downvotes <= 0) AND (upvotes >= 0) AND (upvotes <= 37))", "Rows Removed by Filter": 1059}, {"Node Type": "Sort", "Parent Relationship": "Inner", "Parallel Aware": false, "Async Capable": false, "Startup Cost": 3982.85, "Total Cost": 3989.59, "Plan Rows": 2696, "Plan Width": 4, "Actual Rows": 12159, "Actual Loops": 1, "Sort Key": ["p.owneruserid"], "Sort Method": "quicksort", "Sort Space Used": 385, "Sort Space Type": "Memory", "Plans": [{"Node Type": "Seq Scan", "Parent Relationship": "Outer", "Parallel Aware": false, "Async Capable": false, "Relation Name": "posts", "Alias": "p", "Startup Cost": 0.0, "Total Cost": 3829.22, "Plan Rows": 2696, "Plan Width": 4, "Actual Rows": 12391, "Actual Loops": 1, "Filter": "((score >= '-1'::integer) AND (viewcount >= 0) AND (viewcount <= 39097) AND (answercount >= 0) AND (commentcount >= 0) AND (commentcount <= 11) AND (favoritecount <= 10) AND (creationdate >= '2010-08-13 02:18:09'::timestamp without time zone) AND (creationdate <= '2014-09-09 10:20:27'::timestamp without time zone))", "Rows Removed by Filter": 79585}]}]}, {"Node Type": "Index Scan", "Parent Relationship": "Inner", "Parallel Aware": false, "Async Capable": false, "Scan Direction": "Forward", "Index Name": "idx_posthistory_userid", "Relation Name": "posthistory", "Alias": "ph", "Startup Cost": 0.42, "Total Cost": 1.0, "Plan Rows": 14, "Plan Width": 4, "Actual Rows": 21, "Actual Loops": 8538, "Index Cond": "(userid = u.id)", "Rows Removed by Index Recheck": 0, "Filter": "((creationdate >= '2010-09-06 11:41:43'::timestamp without time zone) AND (creationdate <= '2014-09-03 16:41:18'::timestamp without time zone))", "Rows Removed by Filter": 0}]}, {"Node Type": "Materialize", "Parent Relationship": "Inner", "Parallel Aware": false, "Async Capable": false, "Startup Cost": 0.29, "Total Cost": 1933.68, "Plan Rows": 79851, "Plan Width": 4, "Actual Rows": 2156597, "Actual Loops": 1, "Plans": [{"Node Type": "Index Only Scan", "Parent Relationship": "Outer", "Parallel Aware": false, "Async Capable": false, "Scan Direction": "Forward", "Index Name": "idx_badges_userid", "Relation Name": "badges", "Alias": "b", "Startup Cost": 0.29, "Total Cost": 1734.06, "Plan Rows": 79851, "Plan Width": 4, "Actual Rows": 79536, "Actual Loops": 1, "Heap Fetches": 0}]}]}]}, "Planning Time": 2.642, "Triggers": [], "Execution Time": 342.714}, {"Plan": {"Node Type": "Aggregate", "Strategy": "Plain", "Partial Mode": "Simple", "Parallel Aware": false, "Async Capable": false, "Startup Cost": 35601.87, "Total Cost": 35601.88, "Plan Rows": 1, "Plan Width": 8, "Actual Rows": 1, "Actual Loops": 1, "Plans": [{"Node Type": "Hash Join", "Parent Relationship": "Outer", "Parallel Aware": false, "Async Capable": false, "Join Type": "Inner", "Startup Cost": 24105.53, "Total Cost": 28329.28, "Plan Rows": 563773.0, "Plan Width": 0, "Actual Rows": 2101105, "Actual Loops": 1, "Inner Unique": false, "Hash Cond": "(p.owneruserid = u.id)", "Plans": [{"Node Type": "Seq Scan", "Parent Relationship": "Outer", "Parallel Aware": false, "Async Capable": false, "Relation Name": "posts", "Alias": "p", "Startup Cost": 0.0, "Total Cost": 3829.22, "Plan Rows": 2696, "Plan Width": 4, "Actual Rows": 12391, "Actual Loops": 1, "Filter": "((score >= '-1'::integer) AND (viewcount >= 0) AND (viewcount <= 39097) AND (answercount >= 0) AND (commentcount >= 0) AND (commentcount <= 11) AND (favoritecount <= 10) AND (creationdate >= '2010-08-13 02:18:09'::timestamp without time zone) AND (creationdate <= '2014-09-09 10:20:27'::timestamp without time zone))", "Rows Removed by Filter": 79585}, {"Node Type": "Hash", "Parent Relationship": "Inner", "Parallel Aware": false, "Async Capable": false, "Startup Cost": 17575.34, "Total Cost": 17575.34, "Plan Rows": 425670.0, "Plan Width": 12, "Actual Rows": 659318, "Actual Loops": 1, "Hash Buckets": 1048576, "Original Hash Buckets": 524288, "Hash Batches": 1, "Original Hash Batches": 1, "Peak Memory Usage": 36523, "Plans": [{"Node Type": "Hash Join", "Parent Relationship": "Outer", "Parallel Aware": false, "Async Capable": false, "Join Type": "Inner", "Startup Cost": 4092.3, "Total Cost": 17575.34, "Plan Rows": 425670.0, "Plan Width": 12, "Actual Rows": 659318, "Actual Loops": 1, "Inner Unique": false, "Hash Cond": "(ph.userid = u.id)", "Plans": [{"Node Type": "Seq Scan", "Parent Relationship": "Outer", "Parallel Aware": false, "Async Capable": false, "Relation Name": "posthistory", "Alias": "ph", "Startup Cost": 0.0, "Total Cost": 6787.8, "Plan Rows": 294214, "Plan Width": 4, "Actual Rows": 294376, "Actual Loops": 1, "Filter": "((creationdate >= '2010-09-06 11:41:43'::timestamp without time zone) AND (creationdate <= '2014-09-03 16:41:18'::timestamp without time zone))", "Rows Removed by Filter": 8811}, {"Node Type": "Hash", "Parent Relationship": "Inner", "Parallel Aware": false, "Async Capable": false, "Startup Cost": 3130.28, "Total Cost": 3130.28, "Plan Rows": 35556.0, "Plan Width": 8, "Actual Rows": 58524, "Actual Loops": 1, "Hash Buckets": 131072, "Original Hash Buckets": 131072, "Hash Batches": 1, "Original Hash Batches": 1, "Peak Memory Usage": 3311, "Plans": [{"Node Type": "Hash Join", "Parent Relationship": "Outer", "Parallel Aware": false, "Async Capable": false, "Join Type": "Inner", "Startup Cost": 1690.14, "Total Cost": 3130.28, "Plan Rows": 35556.0, "Plan Width": 8, "Actual Rows": 58524, "Actual Loops": 1, "Inner Unique": true, "Hash Cond": "(b.userid = u.id)", "Plans": [{"Node Type": "Seq Scan", "Parent Relationship": "Outer", "Parallel Aware": false, "Async Capable": false, "Relation Name": "badges", "Alias": "b", "Startup Cost": 0.0, "Total Cost": 1230.51, "Plan Rows": 79851, "Plan Width": 4, "Actual Rows": 79851, "Actual Loops": 1}, {"Node Type": "Hash", "Parent Relationship": "Inner", "Parallel Aware": false, "Async Capable": false, "Startup Cost": 1204.31, "Total Cost": 1204.31, "Plan Rows": 38866, "Plan Width": 4, "Actual Rows": 39266, "Actual Loops": 1, "Hash Buckets": 65536, "Original Hash Buckets": 65536, "Hash Batches": 1, "Original Hash Batches": 1, "Peak Memory Usage": 1893, "Plans": [{"Node Type": "Seq Scan", "Parent Relationship": "Outer", "Parallel Aware": false, "Async Capable": false, "Relation Name": "users", "Alias": "u", "Startup Cost": 0.0, "Total Cost": 1204.31, "Plan Rows": 38866, "Plan Width": 4, "Actual Rows": 39266, "Actual Loops": 1, "Filter": "((views >= 0) AND (downvotes >= 0) AND (downvotes <= 0) AND (upvotes >= 0) AND (upvotes <= 37))", "Rows Removed by Filter": 1059}]}]}]}]}]}]}]}, "Planning Time": 2.981, "Triggers": [], "Execution Time": 730.151}, {"Plan": {"Node Type": "Aggregate", "Strategy": "Plain", "Partial Mode": "Simple", "Parallel Aware": false, "Async Capable": false, "Startup Cost": 72882.78, "Total Cost": 72882.79, "Plan Rows": 1, "Plan Width": 8, "Actual Rows": 1, "Actual Loops": 1, "Plans": [{"Node Type": "Merge Join", "Parent Relationship": "Outer", "Parallel Aware": false, "Async Capable": false, "Join Type": "Inner", "Startup Cost": 1.41, "Total Cost": 65610.18, "Plan Rows": 563773.0, "Plan Width": 0, "Actual Rows": 2101105, "Actual Loops": 1, "Inner Unique": false, "Merge Cond": "(u.id = p.owneruserid)", "Plans": [{"Node Type": "Merge Join", "Parent Relationship": "Outer", "Parallel Aware": false, "Async Capable": false, "Join Type": "Inner", "Startup Cost": 0.68, "Total Cost": 4661.65, "Plan Rows": 35556.0, "Plan Width": 8, "Actual Rows": 58213, "Actual Loops": 1, "Inner Unique": false, "Merge Cond": "(u.id = b.userid)", "Plans": [{"Node Type": "Index Scan", "Parent Relationship": "Outer", "Parallel Aware": false, "Async Capable": false, "Scan Direction": "Forward", "Index Name": "users_pkey", "Relation Name": "users", "Alias": "u", "Startup Cost": 0.29, "Total Cost": 1861.23, "Plan Rows": 38866, "Plan Width": 4, "Actual Rows": 38695, "Actual Loops": 1, "Filter": "((views >= 0) AND (downvotes >= 0) AND (downvotes <= 0) AND (upvotes >= 0) AND (upvotes <= 37))", "Rows Removed by Filter": 1058}, {"Node Type": "Index Only Scan", "Parent Relationship": "Inner", "Parallel Aware": false, "Async Capable": false, "Scan Direction": "Forward", "Index Name": "idx_badges_userid", "Relation Name": "badges", "Alias": "b", "Startup Cost": 0.29, "Total Cost": 1734.06, "Plan Rows": 79851, "Plan Width": 4, "Actual Rows": 79536, "Actual Loops": 1, "Heap Fetches": 0}]}, {"Node Type": "Materialize", "Parent Relationship": "Inner", "Parallel Aware": false, "Async Capable": false, "Startup Cost": 0.72, "Total Cost": 21371.64, "Plan Rows": 214954.0, "Plan Width": 8, "Actual Rows": 3156282, "Actual Loops": 1, "Plans": [{"Node Type": "Nested Loop", "Parent Relationship": "Outer", "Parallel Aware": false, "Async Capable": false, "Join Type": "Inner", "Startup Cost": 0.72, "Total Cost": 17502.53, "Plan Rows": 214954.0, "Plan Width": 8, "Actual Rows": 1236745, "Actual Loops": 1, "Inner Unique": false, "Plans": [{"Node Type": "Index Scan", "Parent Relationship": "Outer", "Parallel Aware": false, "Async Capable": false, "Scan Direction": "Forward", "Index Name": "idx_posts_owneruserid", "Relation Name": "posts", "Alias": "p", "Startup Cost": 0.29, "Total Cost": 6163.13, "Plan Rows": 2696, "Plan Width": 4, "Actual Rows": 12391, "Actual Loops": 1, "Filter": "((score >= '-1'::integer) AND (viewcount >= 0) AND (viewcount <= 39097) AND (answercount >= 0) AND (commentcount >= 0) AND (commentcount <= 11) AND (favoritecount <= 10) AND (creationdate >= '2010-08-13 02:18:09'::timestamp without time zone) AND (creationdate <= '2014-09-09 10:20:27'::timestamp without time zone))", "Rows Removed by Filter": 79585}, {"Node Type": "Memoize", "Parent Relationship": "Inner", "Parallel Aware": false, "Async Capable": false, "Startup Cost": 0.43, "Total Cost": 4.22, "Plan Rows": 14, "Plan Width": 4, "Actual Rows": 100, "Actual Loops": 12391, "Cache Key": "p.owneruserid", "Cache Mode": "logical", "Cache Hits": 5824, "Cache Misses": 6567, "Cache Evictions": 0, "Cache Overflows": 0, "Peak Memory Usage": 6940, "Plans": [{"Node Type": "Index Scan", "Parent Relationship": "Outer", "Parallel Aware": false, "Async Capable": false, "Scan Direction": "Forward", "Index Name": "idx_posthistory_userid", "Relation Name": "posthistory", "Alias": "ph", "Startup Cost": 0.42, "Total Cost": 4.21, "Plan Rows": 14, "Plan Width": 4, "Actual Rows": 28, "Actual Loops": 6567, "Index Cond": "(userid = p.owneruserid)", "Rows Removed by Index Recheck": 0, "Filter": "((creationdate >= '2010-09-06 11:41:43'::timestamp without time zone) AND (creationdate <= '2014-09-03 16:41:18'::timestamp without time zone))", "Rows Removed by Filter": 1}]}]}]}]}]}, "Planning Time": 3.056, "Triggers": [], "Execution Time": 858.732}]