[{"Plan": {"Node Type": "Aggregate", "Strategy": "Plain", "Partial Mode": "Simple", "Parallel Aware": false, "Async Capable": false, "Startup Cost": 4720.27, "Total Cost": 4720.28, "Plan Rows": 1, "Plan Width": 8, "Actual Rows": 1, "Actual Loops": 1, "Plans": [{"Node Type": "Hash Join", "Parent Relationship": "Outer", "Parallel Aware": false, "Async Capable": false, "Join Type": "Inner", "Startup Cost": 4441.78, "Total Cost": 4693.04, "Plan Rows": 76.0, "Plan Width": 0, "Actual Rows": 10895, "Actual Loops": 1, "Inner Unique": true, "Hash Cond": "(p.owneruserid = u.id)", "Plans": [{"Node Type": "Hash Join", "Parent Relationship": "Outer", "Parallel Aware": false, "Async Capable": false, "Join Type": "Inner", "Startup Cost": 3137.66, "Total Cost": 3359.83, "Plan Rows": 182.0, "Plan Width": 4, "Actual Rows": 11050, "Actual Loops": 1, "Inner Unique": true, "Hash Cond": "(pl.postid = p.id)", "Plans": [{"Node Type": "Seq Scan", "Parent Relationship": "Outer", "Parallel Aware": false, "Async Capable": false, "Relation Name": "postlinks", "Alias": "pl", "Startup Cost": 0.0, "Total Cost": 193.02, "Plan Rows": 11102, "Plan Width": 4, "Actual Rows": 11102, "Actual Loops": 1}, {"Node Type": "Hash", "Parent Relationship": "Inner", "Parallel Aware": false, "Async Capable": false, "Startup Cost": 1989.7, "Total Cost": 1989.7, "Plan Rows": 91837, "Plan Width": 8, "Actual Rows": 91837, "Actual Loops": 1, "Hash Buckets": 131072, "Original Hash Buckets": 131072, "Hash Batches": 1, "Original Hash Batches": 1, "Peak Memory Usage": 4606, "Plans": [{"Node Type": "Seq Scan", "Parent Relationship": "Outer", "Parallel Aware": false, "Async Capable": false, "Relation Name": "posts", "Alias": "p", "Startup Cost": 0.0, "Total Cost": 1989.7, "Plan Rows": 91837, "Plan Width": 8, "Actual Rows": 91837, "Actual Loops": 1, "Filter": "(commentcount <= 17)", "Rows Removed by Filter": 139}]}]}, {"Node Type": "Hash", "Parent Relationship": "Inner", "Parallel Aware": false, "Async Capable": false, "Startup Cost": 801.06, "Total Cost": 801.06, "Plan Rows": 40244, "Plan Width": 4, "Actual Rows": 40244, "Actual Loops": 1, "Hash Buckets": 65536, "Original Hash Buckets": 65536, "Hash Batches": 1, "Original Hash Batches": 1, "Peak Memory Usage": 1927, "Plans": [{"Node Type": "Seq Scan", "Parent Relationship": "Outer", "Parallel Aware": false, "Async Capable": false, "Relation Name": "users", "Alias": "u", "Startup Cost": 0.0, "Total Cost": 801.06, "Plan Rows": 40244, "Plan Width": 4, "Actual Rows": 40244, "Actual Loops": 1, "Filter": "(creationdate <= '2014-09-12 07:12:16'::timestamp without time zone)", "Rows Removed by Filter": 81}]}]}]}, "Planning Time": 0.48, "Triggers": [], "Execution Time": 54.521}, {"Plan": {"Node Type": "Aggregate", "Strategy": "Plain", "Partial Mode": "Simple", "Parallel Aware": false, "Async Capable": false, "Startup Cost": 5034.06, "Total Cost": 5034.07, "Plan Rows": 1, "Plan Width": 8, "Actual Rows": 1, "Actual Loops": 1, "Plans": [{"Node Type": "Hash Join", "Parent Relationship": "Outer", "Parallel Aware": false, "Async Capable": false, "Join Type": "Inner", "Startup Cost": 4663.22, "Total Cost": 5006.82, "Plan Rows": 76.0, "Plan Width": 0, "Actual Rows": 10895, "Actual Loops": 1, "Inner Unique": false, "Hash Cond": "(pl.postid = p.id)", "Plans": [{"Node Type": "Seq Scan", "Parent Relationship": "Outer", "Parallel Aware": false, "Async Capable": false, "Relation Name": "postlinks", "Alias": "pl", "Startup Cost": 0.0, "Total Cost": 193.02, "Plan Rows": 11102, "Plan Width": 4, "Actual Rows": 11102, "Actual Loops": 1}, {"Node Type": "Hash", "Parent Relationship": "Inner", "Parallel Aware": false, "Async Capable": false, "Startup Cost": 3534.91, "Total Cost": 3534.91, "Plan Rows": 57.0, "Plan Width": 4, "Actual Rows": 90414, "Actual Loops": 1, "Hash Buckets": 131072, "Original Hash Buckets": 131072, "Hash Batches": 1, "Original Hash Batches": 1, "Peak Memory Usage": 4203, "Plans": [{"Node Type": "Hash Join", "Parent Relationship": "Outer", "Parallel Aware": false, "Async Capable": false, "Join Type": "Inner", "Startup Cost": 1304.11, "Total Cost": 3534.91, "Plan Rows": 57.0, "Plan Width": 4, "Actual Rows": 90414, "Actual Loops": 1, "Inner Unique": true, "Hash Cond": "(p.owneruserid = u.id)", "Plans": [{"Node Type": "Seq Scan", "Parent Relationship": "Outer", "Parallel Aware": false, "Async Capable": false, "Relation Name": "posts", "Alias": "p", "Startup Cost": 0.0, "Total Cost": 1989.7, "Plan Rows": 91837, "Plan Width": 8, "Actual Rows": 91837, "Actual Loops": 1, "Filter": "(commentcount <= 17)", "Rows Removed by Filter": 139}, {"Node Type": "Hash", "Parent Relationship": "Inner", "Parallel Aware": false, "Async Capable": false, "Startup Cost": 801.06, "Total Cost": 801.06, "Plan Rows": 40244, "Plan Width": 4, "Actual Rows": 40244, "Actual Loops": 1, "Hash Buckets": 65536, "Original Hash Buckets": 65536, "Hash Batches": 1, "Original Hash Batches": 1, "Peak Memory Usage": 1927, "Plans": [{"Node Type": "Seq Scan", "Parent Relationship": "Outer", "Parallel Aware": false, "Async Capable": false, "Relation Name": "users", "Alias": "u", "Startup Cost": 0.0, "Total Cost": 801.06, "Plan Rows": 40244, "Plan Width": 4, "Actual Rows": 40244, "Actual Loops": 1, "Filter": "(creationdate <= '2014-09-12 07:12:16'::timestamp without time zone)", "Rows Removed by Filter": 81}]}]}]}]}]}, "Planning Time": 0.684, "Triggers": [], "Execution Time": 66.959}, {"Plan": {"Node Type": "Aggregate", "Strategy": "Plain", "Partial Mode": "Simple", "Parallel Aware": false, "Async Capable": false, "Startup Cost": 4720.27, "Total Cost": 4720.28, "Plan Rows": 1, "Plan Width": 8, "Actual Rows": 1, "Actual Loops": 1, "Plans": [{"Node Type": "Hash Join", "Parent Relationship": "Outer", "Parallel Aware": false, "Async Capable": false, "Join Type": "Inner", "Startup Cost": 4441.78, "Total Cost": 4693.04, "Plan Rows": 76.0, "Plan Width": 0, "Actual Rows": 10895, "Actual Loops": 1, "Inner Unique": true, "Hash Cond": "(p.owneruserid = u.id)", "Plans": [{"Node Type": "Hash Join", "Parent Relationship": "Outer", "Parallel Aware": false, "Async Capable": false, "Join Type": "Inner", "Startup Cost": 3137.66, "Total Cost": 3359.83, "Plan Rows": 182.0, "Plan Width": 4, "Actual Rows": 11050, "Actual Loops": 1, "Inner Unique": true, "Hash Cond": "(pl.postid = p.id)", "Plans": [{"Node Type": "Seq Scan", "Parent Relationship": "Outer", "Parallel Aware": false, "Async Capable": false, "Relation Name": "postlinks", "Alias": "pl", "Startup Cost": 0.0, "Total Cost": 193.02, "Plan Rows": 11102, "Plan Width": 4, "Actual Rows": 11102, "Actual Loops": 1}, {"Node Type": "Hash", "Parent Relationship": "Inner", "Parallel Aware": false, "Async Capable": false, "Startup Cost": 1989.7, "Total Cost": 1989.7, "Plan Rows": 91837, "Plan Width": 8, "Actual Rows": 91837, "Actual Loops": 1, "Hash Buckets": 131072, "Original Hash Buckets": 131072, "Hash Batches": 1, "Original Hash Batches": 1, "Peak Memory Usage": 4606, "Plans": [{"Node Type": "Seq Scan", "Parent Relationship": "Outer", "Parallel Aware": false, "Async Capable": false, "Relation Name": "posts", "Alias": "p", "Startup Cost": 0.0, "Total Cost": 1989.7, "Plan Rows": 91837, "Plan Width": 8, "Actual Rows": 91837, "Actual Loops": 1, "Filter": "(commentcount <= 17)", "Rows Removed by Filter": 139}]}]}, {"Node Type": "Hash", "Parent Relationship": "Inner", "Parallel Aware": false, "Async Capable": false, "Startup Cost": 801.06, "Total Cost": 801.06, "Plan Rows": 40244, "Plan Width": 4, "Actual Rows": 40244, "Actual Loops": 1, "Hash Buckets": 65536, "Original Hash Buckets": 65536, "Hash Batches": 1, "Original Hash Batches": 1, "Peak Memory Usage": 1927, "Plans": [{"Node Type": "Seq Scan", "Parent Relationship": "Outer", "Parallel Aware": false, "Async Capable": false, "Relation Name": "users", "Alias": "u", "Startup Cost": 0.0, "Total Cost": 801.06, "Plan Rows": 40244, "Plan Width": 4, "Actual Rows": 40244, "Actual Loops": 1, "Filter": "(creationdate <= '2014-09-12 07:12:16'::timestamp without time zone)", "Rows Removed by Filter": 81}]}]}]}, "Planning Time": 0.717, "Triggers": [], "Execution Time": 48.387}, {"Plan": {"Node Type": "Aggregate", "Strategy": "Plain", "Partial Mode": "Simple", "Parallel Aware": false, "Async Capable": false, "Startup Cost": 5853.89, "Total Cost": 5853.9, "Plan Rows": 1, "Plan Width": 8, "Actual Rows": 1, "Actual Loops": 1, "Plans": [{"Node Type": "Merge Join", "Parent Relationship": "Outer", "Parallel Aware": false, "Async Capable": false, "Join Type": "Inner", "Startup Cost": 4104.82, "Total Cost": 5826.66, "Plan Rows": 76.0, "Plan Width": 0, "Actual Rows": 10895, "Actual Loops": 1, "Inner Unique": false, "Merge Cond": "(u.id = p.owneruserid)", "Plans": [{"Node Type": "Index Scan", "Parent Relationship": "Outer", "Parallel Aware": false, "Async Capable": false, "Scan Direction": "Forward", "Index Name": "users_pkey", "Relation Name": "users", "Alias": "u", "Startup Cost": 0.29, "Total Cost": 1457.98, "Plan Rows": 40244, "Plan Width": 4, "Actual Rows": 40244, "Actual Loops": 1, "Filter": "(creationdate <= '2014-09-12 07:12:16'::timestamp without time zone)", "Rows Removed by Filter": 81}, {"Node Type": "Sort", "Parent Relationship": "Inner", "Parallel Aware": false, "Async Capable": false, "Startup Cost": 4104.53, "Total Cost": 4132.25, "Plan Rows": 182.0, "Plan Width": 4, "Actual Rows": 10896, "Actual Loops": 1, "Sort Key": ["p.owneruserid"], "Sort Method": "quicksort", "Sort Space Used": 385, "Sort Space Type": "Memory", "Plans": [{"Node Type": "Hash Join", "Parent Relationship": "Outer", "Parallel Aware": false, "Async Capable": false, "Join Type": "Inner", "Startup Cost": 3137.66, "Total Cost": 3359.83, "Plan Rows": 182.0, "Plan Width": 4, "Actual Rows": 11050, "Actual Loops": 1, "Inner Unique": true, "Hash Cond": "(pl.postid = p.id)", "Plans": [{"Node Type": "Seq Scan", "Parent Relationship": "Outer", "Parallel Aware": false, "Async Capable": false, "Relation Name": "postlinks", "Alias": "pl", "Startup Cost": 0.0, "Total Cost": 193.02, "Plan Rows": 11102, "Plan Width": 4, "Actual Rows": 11102, "Actual Loops": 1}, {"Node Type": "Hash", "Parent Relationship": "Inner", "Parallel Aware": false, "Async Capable": false, "Startup Cost": 1989.7, "Total Cost": 1989.7, "Plan Rows": 91837, "Plan Width": 8, "Actual Rows": 91837, "Actual Loops": 1, "Hash Buckets": 131072, "Original Hash Buckets": 131072, "Hash Batches": 1, "Original Hash Batches": 1, "Peak Memory Usage": 4606, "Plans": [{"Node Type": "Seq Scan", "Parent Relationship": "Outer", "Parallel Aware": false, "Async Capable": false, "Relation Name": "posts", "Alias": "p", "Startup Cost": 0.0, "Total Cost": 1989.7, "Plan Rows": 91837, "Plan Width": 8, "Actual Rows": 91837, "Actual Loops": 1, "Filter": "(commentcount <= 17)", "Rows Removed by Filter": 139}]}]}]}]}]}, "Planning Time": 0.792, "Triggers": [], "Execution Time": 46.798}, {"Plan": {"Node Type": "Aggregate", "Strategy": "Plain", "Partial Mode": "Simple", "Parallel Aware": false, "Async Capable": false, "Startup Cost": 5695.36, "Total Cost": 5695.37, "Plan Rows": 1, "Plan Width": 8, "Actual Rows": 1, "Actual Loops": 1, "Plans": [{"Node Type": "Hash Join", "Parent Relationship": "Outer", "Parallel Aware": false, "Async Capable": false, "Join Type": "Inner", "Startup Cost": 1635.91, "Total Cost": 5668.12, "Plan Rows": 76.0, "Plan Width": 0, "Actual Rows": 10895, "Actual Loops": 1, "Inner Unique": false, "Hash Cond": "(p.id = pl.postid)", "Plans": [{"Node Type": "Hash Join", "Parent Relationship": "Outer", "Parallel Aware": false, "Async Capable": false, "Join Type": "Inner", "Startup Cost": 1304.11, "Total Cost": 3534.91, "Plan Rows": 57.0, "Plan Width": 4, "Actual Rows": 90414, "Actual Loops": 1, "Inner Unique": true, "Hash Cond": "(p.owneruserid = u.id)", "Plans": [{"Node Type": "Seq Scan", "Parent Relationship": "Outer", "Parallel Aware": false, "Async Capable": false, "Relation Name": "posts", "Alias": "p", "Startup Cost": 0.0, "Total Cost": 1989.7, "Plan Rows": 91837, "Plan Width": 8, "Actual Rows": 91837, "Actual Loops": 1, "Filter": "(commentcount <= 17)", "Rows Removed by Filter": 139}, {"Node Type": "Hash", "Parent Relationship": "Inner", "Parallel Aware": false, "Async Capable": false, "Startup Cost": 801.06, "Total Cost": 801.06, "Plan Rows": 40244, "Plan Width": 4, "Actual Rows": 40244, "Actual Loops": 1, "Hash Buckets": 65536, "Original Hash Buckets": 65536, "Hash Batches": 1, "Original Hash Batches": 1, "Peak Memory Usage": 1927, "Plans": [{"Node Type": "Seq Scan", "Parent Relationship": "Outer", "Parallel Aware": false, "Async Capable": false, "Relation Name": "users", "Alias": "u", "Startup Cost": 0.0, "Total Cost": 801.06, "Plan Rows": 40244, "Plan Width": 4, "Actual Rows": 40244, "Actual Loops": 1, "Filter": "(creationdate <= '2014-09-12 07:12:16'::timestamp without time zone)", "Rows Removed by Filter": 81}]}]}, {"Node Type": "Hash", "Parent Relationship": "Inner", "Parallel Aware": false, "Async Capable": false, "Startup Cost": 193.02, "Total Cost": 193.02, "Plan Rows": 11102, "Plan Width": 4, "Actual Rows": 11102, "Actual Loops": 1, "Hash Buckets": 16384, "Original Hash Buckets": 16384, "Hash Batches": 1, "Original Hash Batches": 1, "Peak Memory Usage": 519, "Plans": [{"Node Type": "Seq Scan", "Parent Relationship": "Outer", "Parallel Aware": false, "Async Capable": false, "Relation Name": "postlinks", "Alias": "pl", "Startup Cost": 0.0, "Total Cost": 193.02, "Plan Rows": 11102, "Plan Width": 4, "Actual Rows": 11102, "Actual Loops": 1}]}]}]}, "Planning Time": 0.75, "Triggers": [], "Execution Time": 39.186}]