[{"Plan": {"Node Type": "Aggregate", "Strategy": "Plain", "Partial Mode": "Finalize", "Parallel Aware": false, "Async Capable": false, "Startup Cost": 15156.43, "Total Cost": 15156.44, "Plan Rows": 1, "Plan Width": 8, "Actual Rows": 1, "Actual Loops": 1, "Plans": [{"Node Type": "Gather", "Parent Relationship": "Outer", "Parallel Aware": false, "Async Capable": false, "Startup Cost": 15156.32, "Total Cost": 15156.43, "Plan Rows": 1, "Plan Width": 8, "Actual Rows": 2, "Actual Loops": 1, "Workers Planned": 1, "Workers Launched": 1, "Single Copy": false, "Plans": [{"Node Type": "Aggregate", "Strategy": "Plain", "Partial Mode": "Partial", "Parent Relationship": "Outer", "Parallel Aware": false, "Async Capable": false, "Startup Cost": 14156.32, "Total Cost": 14156.33, "Plan Rows": 1, "Plan Width": 8, "Actual Rows": 1, "Actual Loops": 2, "Workers": [], "Plans": [{"Node Type": "Hash Join", "Parent Relationship": "Outer", "Parallel Aware": true, "Async Capable": false, "Join Type": "Inner", "Startup Cost": 8010.86, "Total Cost": 13759.06, "Plan Rows": 487667.0, "Plan Width": 0, "Actual Rows": 151605, "Actual Loops": 2, "Inner Unique": false, "Hash Cond": "(v.postid = p.id)", "Workers": [], "Plans": [{"Node Type": "Seq Scan", "Parent Relationship": "Outer", "Parallel Aware": true, "Async Capable": false, "Relation Name": "votes", "Alias": "v", "Startup Cost": 0.0, "Total Cost": 4089.79, "Plan Rows": 192979, "Plan Width": 4, "Actual Rows": 164032, "Actual Loops": 2, "Workers": []}, {"Node Type": "Hash", "Parent Relationship": "Inner", "Parallel Aware": true, "Async Capable": false, "Startup Cost": 7453.97, "Total Cost": 7453.97, "Plan Rows": 164852.0, "Plan Width": 8, "Actual Rows": 42380, "Actual Loops": 2, "Hash Buckets": 131072, "Original Hash Buckets": 131072, "Hash Batches": 1, "Original Hash Batches": 1, "Peak Memory Usage": 4384, "Workers": [], "Plans": [{"Node Type": "Hash Join", "Parent Relationship": "Outer", "Parallel Aware": false, "Async Capable": false, "Join Type": "Inner", "Startup Cost": 4693.86, "Total Cost": 7453.97, "Plan Rows": 164852.0, "Plan Width": 8, "Actual Rows": 42380, "Actual Loops": 2, "Inner Unique": true, "Hash Cond": "(p.owneruserid = u.id)", "Workers": [], "Plans": [{"Node Type": "Hash Join", "Parent Relationship": "Outer", "Parallel Aware": false, "Async Capable": false, "Join Type": "Inner", "Startup Cost": 3199.05, "Total Cost": 5837.53, "Plan Rows": 162303.0, "Plan Width": 12, "Actual Rows": 43405, "Actual Loops": 2, "Inner Unique": true, "Hash Cond": "(c.postid = p.id)", "Workers": [], "Plans": [{"Node Type": "Seq Scan", "Parent Relationship": "Outer", "Parallel Aware": true, "Async Capable": false, "Relation Name": "comments", "Alias": "c", "Startup Cost": 0.0, "Total Cost": 2369.32, "Plan Rows": 102532, "Plan Width": 4, "Actual Rows": 87152, "Actual Loops": 2, "Workers": []}, {"Node Type": "Hash", "Parent Relationship": "Inner", "Parallel Aware": false, "Async Capable": false, "Startup Cost": 2679.52, "Total Cost": 2679.52, "Plan Rows": 41562, "Plan Width": 8, "Actual Rows": 41589, "Actual Loops": 2, "Hash Buckets": 65536, "Original Hash Buckets": 65536, "Hash Batches": 1, "Original Hash Batches": 1, "Peak Memory Usage": 2134, "Workers": [], "Plans": [{"Node Type": "Seq Scan", "Parent Relationship": "Outer", "Parallel Aware": false, "Async Capable": false, "Relation Name": "posts", "Alias": "p", "Startup Cost": 0.0, "Total Cost": 2679.52, "Plan Rows": 41562, "Plan Width": 8, "Actual Rows": 41589, "Actual Loops": 2, "Filter": "((score >= 0) AND (score <= 16) AND (viewcount >= 0) AND (creationdate <= '2014-09-09 12:00:50'::timestamp without time zone))", "Rows Removed by Filter": 50387, "Workers": []}]}]}, {"Node Type": "Hash", "Parent Relationship": "Inner", "Parallel Aware": false, "Async Capable": false, "Startup Cost": 1002.69, "Total Cost": 1002.69, "Plan Rows": 39370, "Plan Width": 4, "Actual Rows": 39426, "Actual Loops": 2, "Hash Buckets": 65536, "Original Hash Buckets": 65536, "Hash Batches": 1, "Original Hash Batches": 1, "Peak Memory Usage": 1899, "Workers": [], "Plans": [{"Node Type": "Seq Scan", "Parent Relationship": "Outer", "Parallel Aware": false, "Async Capable": false, "Relation Name": "users", "Alias": "u", "Startup Cost": 0.0, "Total Cost": 1002.69, "Plan Rows": 39370, "Plan Width": 4, "Actual Rows": 39426, "Actual Loops": 2, "Filter": "((reputation >= 1) AND (creationdate >= '2010-07-19 19:08:49'::timestamp without time zone) AND (creationdate <= '2014-08-28 12:15:56'::timestamp without time zone))", "Rows Removed by Filter": 899, "Workers": []}]}]}]}]}]}]}]}, "Planning Time": 4.547, "Triggers": [], "Execution Time": 254.208}, {"Plan": {"Node Type": "Aggregate", "Strategy": "Plain", "Partial Mode": "Finalize", "Parallel Aware": false, "Async Capable": false, "Startup Cost": 21171.11, "Total Cost": 21171.12, "Plan Rows": 1, "Plan Width": 8, "Actual Rows": 1, "Actual Loops": 1, "Plans": [{"Node Type": "Gather", "Parent Relationship": "Outer", "Parallel Aware": false, "Async Capable": false, "Startup Cost": 21170.9, "Total Cost": 21171.11, "Plan Rows": 2, "Plan Width": 8, "Actual Rows": 3, "Actual Loops": 1, "Workers Planned": 2, "Workers Launched": 2, "Single Copy": false, "Plans": [{"Node Type": "Aggregate", "Strategy": "Plain", "Partial Mode": "Partial", "Parent Relationship": "Outer", "Parallel Aware": false, "Async Capable": false, "Startup Cost": 20170.9, "Total Cost": 20170.91, "Plan Rows": 1, "Plan Width": 8, "Actual Rows": 1, "Actual Loops": 3, "Workers": [], "Plans": [{"Node Type": "Merge Join", "Parent Relationship": "Outer", "Parallel Aware": false, "Async Capable": false, "Join Type": "Inner", "Startup Cost": 7338.82, "Total Cost": 19889.51, "Plan Rows": 487667.0, "Plan Width": 0, "Actual Rows": 101070, "Actual Loops": 3, "Inner Unique": false, "Merge Cond": "(p.id = v.postid)", "Workers": [], "Plans": [{"Node Type": "Merge Join", "Parent Relationship": "Outer", "Parallel Aware": false, "Async Capable": false, "Join Type": "Inner", "Startup Cost": 7338.39, "Total Cost": 10907.3, "Plan Rows": 164852.0, "Plan Width": 8, "Actual Rows": 28253, "Actual Loops": 3, "Inner Unique": false, "Merge Cond": "(c.postid = p.id)", "Workers": [], "Plans": [{"Node Type": "Index Only Scan", "Parent Relationship": "Outer", "Parallel Aware": true, "Async Capable": false, "Scan Direction": "Forward", "Index Name": "idx_comments_postid", "Relation Name": "comments", "Alias": "c", "Startup Cost": 0.42, "Total Cost": 2872.37, "Plan Rows": 72627, "Plan Width": 4, "Actual Rows": 57865, "Actual Loops": 3, "Heap Fetches": 0, "Workers": []}, {"Node Type": "Sort", "Parent Relationship": "Inner", "Parallel Aware": false, "Async Capable": false, "Startup Cost": 7337.97, "Total Cost": 7437.88, "Plan Rows": 169972.0, "Plan Width": 4, "Actual Rows": 60581, "Actual Loops": 3, "Sort Key": ["p.id"], "Sort Method": "quicksort", "Sort Space Used": 1537, "Sort Space Type": "Memory", "Workers": [{"Worker Number": 0, "Sort Method": "quicksort", "Sort Space Used": 1537, "Sort Space Type": "Memory"}, {"Worker Number": 1, "Sort Method": "quicksort", "Sort Space Used": 1537, "Sort Space Type": "Memory"}], "Plans": [{"Node Type": "Hash Join", "Parent Relationship": "Outer", "Parallel Aware": false, "Async Capable": false, "Join Type": "Inner", "Startup Cost": 1494.81, "Total Cost": 4283.44, "Plan Rows": 169972.0, "Plan Width": 4, "Actual Rows": 40645, "Actual Loops": 3, "Inner Unique": true, "Hash Cond": "(p.owneruserid = u.id)", "Workers": [], "Plans": [{"Node Type": "Seq Scan", "Parent Relationship": "Outer", "Parallel Aware": false, "Async Capable": false, "Relation Name": "posts", "Alias": "p", "Startup Cost": 0.0, "Total Cost": 2679.52, "Plan Rows": 41562, "Plan Width": 8, "Actual Rows": 41589, "Actual Loops": 3, "Filter": "((score >= 0) AND (score <= 16) AND (viewcount >= 0) AND (creationdate <= '2014-09-09 12:00:50'::timestamp without time zone))", "Rows Removed by Filter": 50387, "Workers": []}, {"Node Type": "Hash", "Parent Relationship": "Inner", "Parallel Aware": false, "Async Capable": false, "Startup Cost": 1002.69, "Total Cost": 1002.69, "Plan Rows": 39370, "Plan Width": 4, "Actual Rows": 39426, "Actual Loops": 3, "Hash Buckets": 65536, "Original Hash Buckets": 65536, "Hash Batches": 1, "Original Hash Batches": 1, "Peak Memory Usage": 1899, "Workers": [], "Plans": [{"Node Type": "Seq Scan", "Parent Relationship": "Outer", "Parallel Aware": false, "Async Capable": false, "Relation Name": "users", "Alias": "u", "Startup Cost": 0.0, "Total Cost": 1002.69, "Plan Rows": 39370, "Plan Width": 4, "Actual Rows": 39426, "Actual Loops": 3, "Filter": "((reputation >= 1) AND (creationdate >= '2010-07-19 19:08:49'::timestamp without time zone) AND (creationdate <= '2014-08-28 12:15:56'::timestamp without time zone))", "Rows Removed by Filter": 899, "Workers": []}]}]}]}]}, {"Node Type": "Index Only Scan", "Parent Relationship": "Inner", "Parallel Aware": false, "Async Capable": false, "Scan Direction": "Forward", "Index Name": "idx_votes_postid", "Relation Name": "votes", "Alias": "v", "Startup Cost": 0.42, "Total Cost": 6957.68, "Plan Rows": 328064, "Plan Width": 4, "Actual Rows": 400921, "Actual Loops": 3, "Heap Fetches": 0, "Workers": []}]}]}]}]}, "Planning Time": 3.122, "Triggers": [], "Execution Time": 109.417}, {"Plan": {"Node Type": "Aggregate", "Strategy": "Plain", "Partial Mode": "Finalize", "Parallel Aware": false, "Async Capable": false, "Startup Cost": 15528.28, "Total Cost": 15528.29, "Plan Rows": 1, "Plan Width": 8, "Actual Rows": 1, "Actual Loops": 1, "Plans": [{"Node Type": "Gather", "Parent Relationship": "Outer", "Parallel Aware": false, "Async Capable": false, "Startup Cost": 15528.17, "Total Cost": 15528.28, "Plan Rows": 1, "Plan Width": 8, "Actual Rows": 2, "Actual Loops": 1, "Workers Planned": 1, "Workers Launched": 1, "Single Copy": false, "Plans": [{"Node Type": "Aggregate", "Strategy": "Plain", "Partial Mode": "Partial", "Parent Relationship": "Outer", "Parallel Aware": false, "Async Capable": false, "Startup Cost": 14528.17, "Total Cost": 14528.18, "Plan Rows": 1, "Plan Width": 8, "Actual Rows": 1, "Actual Loops": 2, "Workers": [], "Plans": [{"Node Type": "Hash Join", "Parent Relationship": "Outer", "Parallel Aware": false, "Async Capable": false, "Join Type": "Inner", "Startup Cost": 7911.49, "Total Cost": 14130.91, "Plan Rows": 487667.0, "Plan Width": 0, "Actual Rows": 151605, "Actual Loops": 2, "Inner Unique": true, "Hash Cond": "(p.owneruserid = u.id)", "Workers": [], "Plans": [{"Node Type": "Hash Join", "Parent Relationship": "Outer", "Parallel Aware": true, "Async Capable": false, "Join Type": "Inner", "Startup Cost": 6416.68, "Total Cost": 12202.25, "Plan Rows": 433298.0, "Plan Width": 4, "Actual Rows": 155168, "Actual Loops": 2, "Inner Unique": false, "Hash Cond": "(v.postid = p.id)", "Workers": [], "Plans": [{"Node Type": "Seq Scan", "Parent Relationship": "Outer", "Parallel Aware": true, "Async Capable": false, "Relation Name": "votes", "Alias": "v", "Startup Cost": 0.0, "Total Cost": 4089.79, "Plan Rows": 192979, "Plan Width": 4, "Actual Rows": 164032, "Actual Loops": 2, "Workers": []}, {"Node Type": "Hash", "Parent Relationship": "Inner", "Parallel Aware": true, "Async Capable": false, "Startup Cost": 5837.53, "Total Cost": 5837.53, "Plan Rows": 162303.0, "Plan Width": 12, "Actual Rows": 43405, "Actual Loops": 2, "Hash Buckets": 131072, "Original Hash Buckets": 131072, "Hash Batches": 1, "Original Hash Batches": 1, "Peak Memory Usage": 5120, "Workers": [], "Plans": [{"Node Type": "Hash Join", "Parent Relationship": "Outer", "Parallel Aware": false, "Async Capable": false, "Join Type": "Inner", "Startup Cost": 3199.05, "Total Cost": 5837.53, "Plan Rows": 162303.0, "Plan Width": 12, "Actual Rows": 43405, "Actual Loops": 2, "Inner Unique": true, "Hash Cond": "(c.postid = p.id)", "Workers": [], "Plans": [{"Node Type": "Seq Scan", "Parent Relationship": "Outer", "Parallel Aware": true, "Async Capable": false, "Relation Name": "comments", "Alias": "c", "Startup Cost": 0.0, "Total Cost": 2369.32, "Plan Rows": 102532, "Plan Width": 4, "Actual Rows": 87152, "Actual Loops": 2, "Workers": []}, {"Node Type": "Hash", "Parent Relationship": "Inner", "Parallel Aware": false, "Async Capable": false, "Startup Cost": 2679.52, "Total Cost": 2679.52, "Plan Rows": 41562, "Plan Width": 8, "Actual Rows": 41589, "Actual Loops": 2, "Hash Buckets": 65536, "Original Hash Buckets": 65536, "Hash Batches": 1, "Original Hash Batches": 1, "Peak Memory Usage": 2134, "Workers": [], "Plans": [{"Node Type": "Seq Scan", "Parent Relationship": "Outer", "Parallel Aware": false, "Async Capable": false, "Relation Name": "posts", "Alias": "p", "Startup Cost": 0.0, "Total Cost": 2679.52, "Plan Rows": 41562, "Plan Width": 8, "Actual Rows": 41589, "Actual Loops": 2, "Filter": "((score >= 0) AND (score <= 16) AND (viewcount >= 0) AND (creationdate <= '2014-09-09 12:00:50'::timestamp without time zone))", "Rows Removed by Filter": 50387, "Workers": []}]}]}]}]}, {"Node Type": "Hash", "Parent Relationship": "Inner", "Parallel Aware": false, "Async Capable": false, "Startup Cost": 1002.69, "Total Cost": 1002.69, "Plan Rows": 39370, "Plan Width": 4, "Actual Rows": 39426, "Actual Loops": 2, "Hash Buckets": 65536, "Original Hash Buckets": 65536, "Hash Batches": 1, "Original Hash Batches": 1, "Peak Memory Usage": 1899, "Workers": [], "Plans": [{"Node Type": "Seq Scan", "Parent Relationship": "Outer", "Parallel Aware": false, "Async Capable": false, "Relation Name": "users", "Alias": "u", "Startup Cost": 0.0, "Total Cost": 1002.69, "Plan Rows": 39370, "Plan Width": 4, "Actual Rows": 39426, "Actual Loops": 2, "Filter": "((reputation >= 1) AND (creationdate >= '2010-07-19 19:08:49'::timestamp without time zone) AND (creationdate <= '2014-08-28 12:15:56'::timestamp without time zone))", "Rows Removed by Filter": 899, "Workers": []}]}]}]}]}]}, "Planning Time": 4.537, "Triggers": [], "Execution Time": 275.268}, {"Plan": {"Node Type": "Aggregate", "Strategy": "Plain", "Partial Mode": "Finalize", "Parallel Aware": false, "Async Capable": false, "Startup Cost": 15156.43, "Total Cost": 15156.44, "Plan Rows": 1, "Plan Width": 8, "Actual Rows": 1, "Actual Loops": 1, "Plans": [{"Node Type": "Gather", "Parent Relationship": "Outer", "Parallel Aware": false, "Async Capable": false, "Startup Cost": 15156.32, "Total Cost": 15156.43, "Plan Rows": 1, "Plan Width": 8, "Actual Rows": 2, "Actual Loops": 1, "Workers Planned": 1, "Workers Launched": 1, "Single Copy": false, "Plans": [{"Node Type": "Aggregate", "Strategy": "Plain", "Partial Mode": "Partial", "Parent Relationship": "Outer", "Parallel Aware": false, "Async Capable": false, "Startup Cost": 14156.32, "Total Cost": 14156.33, "Plan Rows": 1, "Plan Width": 8, "Actual Rows": 1, "Actual Loops": 2, "Workers": [], "Plans": [{"Node Type": "Hash Join", "Parent Relationship": "Outer", "Parallel Aware": true, "Async Capable": false, "Join Type": "Inner", "Startup Cost": 8010.86, "Total Cost": 13759.06, "Plan Rows": 487667.0, "Plan Width": 0, "Actual Rows": 151605, "Actual Loops": 2, "Inner Unique": false, "Hash Cond": "(v.postid = p.id)", "Workers": [], "Plans": [{"Node Type": "Seq Scan", "Parent Relationship": "Outer", "Parallel Aware": true, "Async Capable": false, "Relation Name": "votes", "Alias": "v", "Startup Cost": 0.0, "Total Cost": 4089.79, "Plan Rows": 192979, "Plan Width": 4, "Actual Rows": 164032, "Actual Loops": 2, "Workers": []}, {"Node Type": "Hash", "Parent Relationship": "Inner", "Parallel Aware": true, "Async Capable": false, "Startup Cost": 7453.97, "Total Cost": 7453.97, "Plan Rows": 164852.0, "Plan Width": 8, "Actual Rows": 42380, "Actual Loops": 2, "Hash Buckets": 131072, "Original Hash Buckets": 131072, "Hash Batches": 1, "Original Hash Batches": 1, "Peak Memory Usage": 4352, "Workers": [], "Plans": [{"Node Type": "Hash Join", "Parent Relationship": "Outer", "Parallel Aware": false, "Async Capable": false, "Join Type": "Inner", "Startup Cost": 4693.86, "Total Cost": 7453.97, "Plan Rows": 164852.0, "Plan Width": 8, "Actual Rows": 42380, "Actual Loops": 2, "Inner Unique": true, "Hash Cond": "(p.owneruserid = u.id)", "Workers": [], "Plans": [{"Node Type": "Hash Join", "Parent Relationship": "Outer", "Parallel Aware": false, "Async Capable": false, "Join Type": "Inner", "Startup Cost": 3199.05, "Total Cost": 5837.53, "Plan Rows": 162303.0, "Plan Width": 12, "Actual Rows": 43405, "Actual Loops": 2, "Inner Unique": true, "Hash Cond": "(c.postid = p.id)", "Workers": [], "Plans": [{"Node Type": "Seq Scan", "Parent Relationship": "Outer", "Parallel Aware": true, "Async Capable": false, "Relation Name": "comments", "Alias": "c", "Startup Cost": 0.0, "Total Cost": 2369.32, "Plan Rows": 102532, "Plan Width": 4, "Actual Rows": 87152, "Actual Loops": 2, "Workers": []}, {"Node Type": "Hash", "Parent Relationship": "Inner", "Parallel Aware": false, "Async Capable": false, "Startup Cost": 2679.52, "Total Cost": 2679.52, "Plan Rows": 41562, "Plan Width": 8, "Actual Rows": 41589, "Actual Loops": 2, "Hash Buckets": 65536, "Original Hash Buckets": 65536, "Hash Batches": 1, "Original Hash Batches": 1, "Peak Memory Usage": 2134, "Workers": [], "Plans": [{"Node Type": "Seq Scan", "Parent Relationship": "Outer", "Parallel Aware": false, "Async Capable": false, "Relation Name": "posts", "Alias": "p", "Startup Cost": 0.0, "Total Cost": 2679.52, "Plan Rows": 41562, "Plan Width": 8, "Actual Rows": 41589, "Actual Loops": 2, "Filter": "((score >= 0) AND (score <= 16) AND (viewcount >= 0) AND (creationdate <= '2014-09-09 12:00:50'::timestamp without time zone))", "Rows Removed by Filter": 50387, "Workers": []}]}]}, {"Node Type": "Hash", "Parent Relationship": "Inner", "Parallel Aware": false, "Async Capable": false, "Startup Cost": 1002.69, "Total Cost": 1002.69, "Plan Rows": 39370, "Plan Width": 4, "Actual Rows": 39426, "Actual Loops": 2, "Hash Buckets": 65536, "Original Hash Buckets": 65536, "Hash Batches": 1, "Original Hash Batches": 1, "Peak Memory Usage": 1899, "Workers": [], "Plans": [{"Node Type": "Seq Scan", "Parent Relationship": "Outer", "Parallel Aware": false, "Async Capable": false, "Relation Name": "users", "Alias": "u", "Startup Cost": 0.0, "Total Cost": 1002.69, "Plan Rows": 39370, "Plan Width": 4, "Actual Rows": 39426, "Actual Loops": 2, "Filter": "((reputation >= 1) AND (creationdate >= '2010-07-19 19:08:49'::timestamp without time zone) AND (creationdate <= '2014-08-28 12:15:56'::timestamp without time zone))", "Rows Removed by Filter": 899, "Workers": []}]}]}]}]}]}]}]}, "Planning Time": 4.616, "Triggers": [], "Execution Time": 245.758}, {"Plan": {"Node Type": "Aggregate", "Strategy": "Plain", "Partial Mode": "Simple", "Parallel Aware": false, "Async Capable": false, "Startup Cost": 41825.02, "Total Cost": 41825.03, "Plan Rows": 1, "Plan Width": 8, "Actual Rows": 1, "Actual Loops": 1, "Plans": [{"Node Type": "Merge Join", "Parent Relationship": "Outer", "Parallel Aware": false, "Async Capable": false, "Join Type": "Inner", "Startup Cost": 7338.82, "Total Cost": 41149.68, "Plan Rows": 487667.0, "Plan Width": 0, "Actual Rows": 303210, "Actual Loops": 1, "Inner Unique": false, "Merge Cond": "(p.id = v.postid)", "Plans": [{"Node Type": "Sort", "Parent Relationship": "Outer", "Parallel Aware": false, "Async Capable": false, "Startup Cost": 7337.97, "Total Cost": 7437.88, "Plan Rows": 169972.0, "Plan Width": 4, "Actual Rows": 40645, "Actual Loops": 1, "Sort Key": ["p.id"], "Sort Method": "quicksort", "Sort Space Used": 1537, "Sort Space Type": "Memory", "Plans": [{"Node Type": "Hash Join", "Parent Relationship": "Outer", "Parallel Aware": false, "Async Capable": false, "Join Type": "Inner", "Startup Cost": 1494.81, "Total Cost": 4283.44, "Plan Rows": 169972.0, "Plan Width": 4, "Actual Rows": 40645, "Actual Loops": 1, "Inner Unique": true, "Hash Cond": "(p.owneruserid = u.id)", "Plans": [{"Node Type": "Seq Scan", "Parent Relationship": "Outer", "Parallel Aware": false, "Async Capable": false, "Relation Name": "posts", "Alias": "p", "Startup Cost": 0.0, "Total Cost": 2679.52, "Plan Rows": 41562, "Plan Width": 8, "Actual Rows": 41589, "Actual Loops": 1, "Filter": "((score >= 0) AND (score <= 16) AND (viewcount >= 0) AND (creationdate <= '2014-09-09 12:00:50'::timestamp without time zone))", "Rows Removed by Filter": 50387}, {"Node Type": "Hash", "Parent Relationship": "Inner", "Parallel Aware": false, "Async Capable": false, "Startup Cost": 1002.69, "Total Cost": 1002.69, "Plan Rows": 39370, "Plan Width": 4, "Actual Rows": 39426, "Actual Loops": 1, "Hash Buckets": 65536, "Original Hash Buckets": 65536, "Hash Batches": 1, "Original Hash Batches": 1, "Peak Memory Usage": 1899, "Plans": [{"Node Type": "Seq Scan", "Parent Relationship": "Outer", "Parallel Aware": false, "Async Capable": false, "Relation Name": "users", "Alias": "u", "Startup Cost": 0.0, "Total Cost": 1002.69, "Plan Rows": 39370, "Plan Width": 4, "Actual Rows": 39426, "Actual Loops": 1, "Filter": "((reputation >= 1) AND (creationdate >= '2010-07-19 19:08:49'::timestamp without time zone) AND (creationdate <= '2014-08-28 12:15:56'::timestamp without time zone))", "Rows Removed by Filter": 899}]}]}]}, {"Node Type": "Materialize", "Parent Relationship": "Inner", "Parallel Aware": false, "Async Capable": false, "Startup Cost": 0.84, "Total Cost": 27333.6, "Plan Rows": 429424.0, "Plan Width": 8, "Actual Rows": 863762, "Actual Loops": 1, "Plans": [{"Node Type": "Merge Join", "Parent Relationship": "Outer", "Parallel Aware": false, "Async Capable": false, "Join Type": "Inner", "Startup Cost": 0.84, "Total Cost": 25040.59, "Plan Rows": 429424.0, "Plan Width": 8, "Actual Rows": 863762, "Actual Loops": 1, "Inner Unique": false, "Merge Cond": "(c.postid = v.postid)", "Plans": [{"Node Type": "Index Only Scan", "Parent Relationship": "Outer", "Parallel Aware": false, "Async Capable": false, "Scan Direction": "Forward", "Index Name": "idx_comments_postid", "Relation Name": "comments", "Alias": "c", "Startup Cost": 0.42, "Total Cost": 3889.15, "Plan Rows": 174305, "Plan Width": 4, "Actual Rows": 173594, "Actual Loops": 1, "Heap Fetches": 0}, {"Node Type": "Materialize", "Parent Relationship": "Inner", "Parallel Aware": false, "Async Capable": false, "Startup Cost": 0.42, "Total Cost": 7777.84, "Plan Rows": 328064, "Plan Width": 4, "Actual Rows": 964183, "Actual Loops": 1, "Plans": [{"Node Type": "Index Only Scan", "Parent Relationship": "Outer", "Parallel Aware": false, "Async Capable": false, "Scan Direction": "Forward", "Index Name": "idx_votes_postid", "Relation Name": "votes", "Alias": "v", "Startup Cost": 0.42, "Total Cost": 6957.68, "Plan Rows": 328064, "Plan Width": 4, "Actual Rows": 327430, "Actual Loops": 1, "Heap Fetches": 0}]}]}]}]}]}, "Planning Time": 2.455, "Triggers": [], "Execution Time": 344.543}, {"Plan": {"Node Type": "Aggregate", "Strategy": "Plain", "Partial Mode": "Finalize", "Parallel Aware": false, "Async Capable": false, "Startup Cost": 19457.55, "Total Cost": 19457.56, "Plan Rows": 1, "Plan Width": 8, "Actual Rows": 1, "Actual Loops": 1, "Plans": [{"Node Type": "Gather", "Parent Relationship": "Outer", "Parallel Aware": false, "Async Capable": false, "Startup Cost": 19457.43, "Total Cost": 19457.54, "Plan Rows": 1, "Plan Width": 8, "Actual Rows": 2, "Actual Loops": 1, "Workers Planned": 1, "Workers Launched": 1, "Single Copy": false, "Plans": [{"Node Type": "Aggregate", "Strategy": "Plain", "Partial Mode": "Partial", "Parent Relationship": "Outer", "Parallel Aware": false, "Async Capable": false, "Startup Cost": 18457.43, "Total Cost": 18457.44, "Plan Rows": 1, "Plan Width": 8, "Actual Rows": 1, "Actual Loops": 2, "Workers": [], "Plans": [{"Node Type": "Hash Join", "Parent Relationship": "Outer", "Parallel Aware": true, "Async Capable": false, "Join Type": "Inner", "Startup Cost": 8433.97, "Total Cost": 18060.17, "Plan Rows": 487667.0, "Plan Width": 0, "Actual Rows": 151605, "Actual Loops": 2, "Inner Unique": false, "Hash Cond": "(p.id = c.postid)", "Workers": [], "Plans": [{"Node Type": "Hash Join", "Parent Relationship": "Outer", "Parallel Aware": false, "Async Capable": false, "Join Type": "Inner", "Startup Cost": 4782.99, "Total Cost": 10434.95, "Plan Rows": 316239.0, "Plan Width": 8, "Actual Rows": 61152, "Actual Loops": 2, "Inner Unique": false, "Hash Cond": "(v.postid = p.id)", "Workers": [], "Plans": [{"Node Type": "Seq Scan", "Parent Relationship": "Outer", "Parallel Aware": true, "Async Capable": false, "Relation Name": "votes", "Alias": "v", "Startup Cost": 0.0, "Total Cost": 4089.79, "Plan Rows": 192979, "Plan Width": 4, "Actual Rows": 164032, "Actual Loops": 2, "Workers": []}, {"Node Type": "Hash", "Parent Relationship": "Inner", "Parallel Aware": false, "Async Capable": false, "Startup Cost": 4283.44, "Total Cost": 4283.44, "Plan Rows": 169972.0, "Plan Width": 4, "Actual Rows": 40645, "Actual Loops": 2, "Hash Buckets": 65536, "Original Hash Buckets": 65536, "Hash Batches": 1, "Original Hash Batches": 1, "Peak Memory Usage": 1941, "Workers": [], "Plans": [{"Node Type": "Hash Join", "Parent Relationship": "Outer", "Parallel Aware": false, "Async Capable": false, "Join Type": "Inner", "Startup Cost": 1494.81, "Total Cost": 4283.44, "Plan Rows": 169972.0, "Plan Width": 4, "Actual Rows": 40645, "Actual Loops": 2, "Inner Unique": true, "Hash Cond": "(p.owneruserid = u.id)", "Workers": [], "Plans": [{"Node Type": "Seq Scan", "Parent Relationship": "Outer", "Parallel Aware": false, "Async Capable": false, "Relation Name": "posts", "Alias": "p", "Startup Cost": 0.0, "Total Cost": 2679.52, "Plan Rows": 41562, "Plan Width": 8, "Actual Rows": 41589, "Actual Loops": 2, "Filter": "((score >= 0) AND (score <= 16) AND (viewcount >= 0) AND (creationdate <= '2014-09-09 12:00:50'::timestamp without time zone))", "Rows Removed by Filter": 50387, "Workers": []}, {"Node Type": "Hash", "Parent Relationship": "Inner", "Parallel Aware": false, "Async Capable": false, "Startup Cost": 1002.69, "Total Cost": 1002.69, "Plan Rows": 39370, "Plan Width": 4, "Actual Rows": 39426, "Actual Loops": 2, "Hash Buckets": 65536, "Original Hash Buckets": 65536, "Hash Batches": 1, "Original Hash Batches": 1, "Peak Memory Usage": 1899, "Workers": [], "Plans": [{"Node Type": "Seq Scan", "Parent Relationship": "Outer", "Parallel Aware": false, "Async Capable": false, "Relation Name": "users", "Alias": "u", "Startup Cost": 0.0, "Total Cost": 1002.69, "Plan Rows": 39370, "Plan Width": 4, "Actual Rows": 39426, "Actual Loops": 2, "Filter": "((reputation >= 1) AND (creationdate >= '2010-07-19 19:08:49'::timestamp without time zone) AND (creationdate <= '2014-08-28 12:15:56'::timestamp without time zone))", "Rows Removed by Filter": 899, "Workers": []}]}]}]}]}, {"Node Type": "Hash", "Parent Relationship": "Inner", "Parallel Aware": true, "Async Capable": false, "Startup Cost": 2369.32, "Total Cost": 2369.32, "Plan Rows": 102532, "Plan Width": 4, "Actual Rows": 87152, "Actual Loops": 2, "Hash Buckets": 262144, "Original Hash Buckets": 262144, "Hash Batches": 1, "Original Hash Batches": 1, "Peak Memory Usage": 8896, "Workers": [], "Plans": [{"Node Type": "Seq Scan", "Parent Relationship": "Outer", "Parallel Aware": true, "Async Capable": false, "Relation Name": "comments", "Alias": "c", "Startup Cost": 0.0, "Total Cost": 2369.32, "Plan Rows": 102532, "Plan Width": 4, "Actual Rows": 87152, "Actual Loops": 2, "Workers": []}]}]}]}]}]}, "Planning Time": 4.574, "Triggers": [], "Execution Time": 272.09}, {"Plan": {"Node Type": "Aggregate", "Strategy": "Plain", "Partial Mode": "Simple", "Parallel Aware": false, "Async Capable": false, "Startup Cost": 49561.93, "Total Cost": 49561.94, "Plan Rows": 1, "Plan Width": 8, "Actual Rows": 1, "Actual Loops": 1, "Plans": [{"Node Type": "Merge Join", "Parent Relationship": "Outer", "Parallel Aware": false, "Async Capable": false, "Join Type": "Inner", "Startup Cost": 43044.03, "Total Cost": 48886.59, "Plan Rows": 487667.0, "Plan Width": 0, "Actual Rows": 303210, "Actual Loops": 1, "Inner Unique": false, "Merge Cond": "(u.id = p.owneruserid)", "Plans": [{"Node Type": "Index Scan", "Parent Relationship": "Outer", "Parallel Aware": false, "Async Capable": false, "Scan Direction": "Forward", "Index Name": "users_pkey", "Relation Name": "users", "Alias": "u", "Startup Cost": 0.29, "Total Cost": 1659.6, "Plan Rows": 39370, "Plan Width": 4, "Actual Rows": 39426, "Actual Loops": 1, "Filter": "((reputation >= 1) AND (creationdate >= '2010-07-19 19:08:49'::timestamp without time zone) AND (creationdate <= '2014-08-28 12:15:56'::timestamp without time zone))", "Rows Removed by Filter": 899}, {"Node Type": "Sort", "Parent Relationship": "Inner", "Parallel Aware": false, "Async Capable": false, "Startup Cost": 43043.74, "Total Cost": 43746.09, "Plan Rows": 433298.0, "Plan Width": 4, "Actual Rows": 303775, "Actual Loops": 1, "Sort Key": ["p.owneruserid"], "Sort Method": "quicksort", "Sort Space Used": 12289, "Sort Space Type": "Memory", "Plans": [{"Node Type": "Hash Join", "Parent Relationship": "Outer", "Parallel Aware": false, "Async Capable": false, "Join Type": "Inner", "Startup Cost": 7728.23, "Total Cost": 17618.61, "Plan Rows": 433298.0, "Plan Width": 4, "Actual Rows": 310335, "Actual Loops": 1, "Inner Unique": false, "Hash Cond": "(v.postid = p.id)", "Plans": [{"Node Type": "Seq Scan", "Parent Relationship": "Outer", "Parallel Aware": false, "Async Capable": false, "Relation Name": "votes", "Alias": "v", "Startup Cost": 0.0, "Total Cost": 5440.64, "Plan Rows": 328064, "Plan Width": 4, "Actual Rows": 328064, "Actual Loops": 1}, {"Node Type": "Hash", "Parent Relationship": "Inner", "Parallel Aware": false, "Async Capable": false, "Startup Cost": 6743.67, "Total Cost": 6743.67, "Plan Rows": 162303.0, "Plan Width": 12, "Actual Rows": 86810, "Actual Loops": 1, "Hash Buckets": 131072, "Original Hash Buckets": 131072, "Hash Batches": 1, "Original Hash Batches": 1, "Peak Memory Usage": 4749, "Plans": [{"Node Type": "Hash Join", "Parent Relationship": "Outer", "Parallel Aware": false, "Async Capable": false, "Join Type": "Inner", "Startup Cost": 3199.05, "Total Cost": 6743.67, "Plan Rows": 162303.0, "Plan Width": 12, "Actual Rows": 86810, "Actual Loops": 1, "Inner Unique": true, "Hash Cond": "(c.postid = p.id)", "Plans": [{"Node Type": "Seq Scan", "Parent Relationship": "Outer", "Parallel Aware": false, "Async Capable": false, "Relation Name": "comments", "Alias": "c", "Startup Cost": 0.0, "Total Cost": 3087.05, "Plan Rows": 174305, "Plan Width": 4, "Actual Rows": 174305, "Actual Loops": 1}, {"Node Type": "Hash", "Parent Relationship": "Inner", "Parallel Aware": false, "Async Capable": false, "Startup Cost": 2679.52, "Total Cost": 2679.52, "Plan Rows": 41562, "Plan Width": 8, "Actual Rows": 41589, "Actual Loops": 1, "Hash Buckets": 65536, "Original Hash Buckets": 65536, "Hash Batches": 1, "Original Hash Batches": 1, "Peak Memory Usage": 2134, "Plans": [{"Node Type": "Seq Scan", "Parent Relationship": "Outer", "Parallel Aware": false, "Async Capable": false, "Relation Name": "posts", "Alias": "p", "Startup Cost": 0.0, "Total Cost": 2679.52, "Plan Rows": 41562, "Plan Width": 8, "Actual Rows": 41589, "Actual Loops": 1, "Filter": "((score >= 0) AND (score <= 16) AND (viewcount >= 0) AND (creationdate <= '2014-09-09 12:00:50'::timestamp without time zone))", "Rows Removed by Filter": 50387}]}]}]}]}]}]}]}, "Planning Time": 2.577, "Triggers": [], "Execution Time": 405.874}, {"Plan": {"Node Type": "Aggregate", "Strategy": "Plain", "Partial Mode": "Finalize", "Parallel Aware": false, "Async Capable": false, "Startup Cost": 15781.36, "Total Cost": 15781.37, "Plan Rows": 1, "Plan Width": 8, "Actual Rows": 1, "Actual Loops": 1, "Plans": [{"Node Type": "Gather", "Parent Relationship": "Outer", "Parallel Aware": false, "Async Capable": false, "Startup Cost": 15781.24, "Total Cost": 15781.35, "Plan Rows": 1, "Plan Width": 8, "Actual Rows": 2, "Actual Loops": 1, "Workers Planned": 1, "Workers Launched": 1, "Single Copy": false, "Plans": [{"Node Type": "Aggregate", "Strategy": "Plain", "Partial Mode": "Partial", "Parent Relationship": "Outer", "Parallel Aware": false, "Async Capable": false, "Startup Cost": 14781.24, "Total Cost": 14781.25, "Plan Rows": 1, "Plan Width": 8, "Actual Rows": 1, "Actual Loops": 2, "Workers": [], "Plans": [{"Node Type": "Hash Join", "Parent Relationship": "Outer", "Parallel Aware": true, "Async Capable": false, "Join Type": "Inner", "Startup Cost": 10567.28, "Total Cost": 14383.98, "Plan Rows": 487667.0, "Plan Width": 0, "Actual Rows": 151605, "Actual Loops": 2, "Inner Unique": false, "Hash Cond": "(c.postid = p.id)", "Workers": [], "Plans": [{"Node Type": "Seq Scan", "Parent Relationship": "Outer", "Parallel Aware": true, "Async Capable": false, "Relation Name": "comments", "Alias": "c", "Startup Cost": 0.0, "Total Cost": 2369.32, "Plan Rows": 102532, "Plan Width": 4, "Actual Rows": 87152, "Actual Loops": 2, "Workers": []}, {"Node Type": "Hash", "Parent Relationship": "Inner", "Parallel Aware": true, "Async Capable": false, "Startup Cost": 9519.17, "Total Cost": 9519.17, "Plan Rows": 316239.0, "Plan Width": 8, "Actual Rows": 61152, "Actual Loops": 2, "Hash Buckets": 262144, "Original Hash Buckets": 262144, "Hash Batches": 1, "Original Hash Batches": 1, "Peak Memory Usage": 6880, "Workers": [], "Plans": [{"Node Type": "Hash Join", "Parent Relationship": "Outer", "Parallel Aware": false, "Async Capable": false, "Join Type": "Inner", "Startup Cost": 4693.86, "Total Cost": 9519.17, "Plan Rows": 316239.0, "Plan Width": 8, "Actual Rows": 61152, "Actual Loops": 2, "Inner Unique": true, "Hash Cond": "(p.owneruserid = u.id)", "Workers": [], "Plans": [{"Node Type": "Hash Join", "Parent Relationship": "Outer", "Parallel Aware": false, "Async Capable": false, "Join Type": "Inner", "Startup Cost": 3199.05, "Total Cost": 7795.43, "Plan Rows": 325137.0, "Plan Width": 12, "Actual Rows": 62674, "Actual Loops": 2, "Inner Unique": true, "Hash Cond": "(v.postid = p.id)", "Workers": [], "Plans": [{"Node Type": "Seq Scan", "Parent Relationship": "Outer", "Parallel Aware": true, "Async Capable": false, "Relation Name": "votes", "Alias": "v", "Startup Cost": 0.0, "Total Cost": 4089.79, "Plan Rows": 192979, "Plan Width": 4, "Actual Rows": 164032, "Actual Loops": 2, "Workers": []}, {"Node Type": "Hash", "Parent Relationship": "Inner", "Parallel Aware": false, "Async Capable": false, "Startup Cost": 2679.52, "Total Cost": 2679.52, "Plan Rows": 41562, "Plan Width": 8, "Actual Rows": 41589, "Actual Loops": 2, "Hash Buckets": 65536, "Original Hash Buckets": 65536, "Hash Batches": 1, "Original Hash Batches": 1, "Peak Memory Usage": 2134, "Workers": [], "Plans": [{"Node Type": "Seq Scan", "Parent Relationship": "Outer", "Parallel Aware": false, "Async Capable": false, "Relation Name": "posts", "Alias": "p", "Startup Cost": 0.0, "Total Cost": 2679.52, "Plan Rows": 41562, "Plan Width": 8, "Actual Rows": 41589, "Actual Loops": 2, "Filter": "((score >= 0) AND (score <= 16) AND (viewcount >= 0) AND (creationdate <= '2014-09-09 12:00:50'::timestamp without time zone))", "Rows Removed by Filter": 50387, "Workers": []}]}]}, {"Node Type": "Hash", "Parent Relationship": "Inner", "Parallel Aware": false, "Async Capable": false, "Startup Cost": 1002.69, "Total Cost": 1002.69, "Plan Rows": 39370, "Plan Width": 4, "Actual Rows": 39426, "Actual Loops": 2, "Hash Buckets": 65536, "Original Hash Buckets": 65536, "Hash Batches": 1, "Original Hash Batches": 1, "Peak Memory Usage": 1899, "Workers": [], "Plans": [{"Node Type": "Seq Scan", "Parent Relationship": "Outer", "Parallel Aware": false, "Async Capable": false, "Relation Name": "users", "Alias": "u", "Startup Cost": 0.0, "Total Cost": 1002.69, "Plan Rows": 39370, "Plan Width": 4, "Actual Rows": 39426, "Actual Loops": 2, "Filter": "((reputation >= 1) AND (creationdate >= '2010-07-19 19:08:49'::timestamp without time zone) AND (creationdate <= '2014-08-28 12:15:56'::timestamp without time zone))", "Rows Removed by Filter": 899, "Workers": []}]}]}]}]}]}]}]}, "Planning Time": 4.54, "Triggers": [], "Execution Time": 278.365}, {"Plan": {"Node Type": "Aggregate", "Strategy": "Plain", "Partial Mode": "Finalize", "Parallel Aware": false, "Async Capable": false, "Startup Cost": 24902.35, "Total Cost": 24902.36, "Plan Rows": 1, "Plan Width": 8, "Actual Rows": 1, "Actual Loops": 1, "Plans": [{"Node Type": "Gather", "Parent Relationship": "Outer", "Parallel Aware": false, "Async Capable": false, "Startup Cost": 24902.14, "Total Cost": 24902.35, "Plan Rows": 2, "Plan Width": 8, "Actual Rows": 3, "Actual Loops": 1, "Workers Planned": 2, "Workers Launched": 2, "Single Copy": false, "Plans": [{"Node Type": "Aggregate", "Strategy": "Plain", "Partial Mode": "Partial", "Parent Relationship": "Outer", "Parallel Aware": false, "Async Capable": false, "Startup Cost": 23902.14, "Total Cost": 23902.15, "Plan Rows": 1, "Plan Width": 8, "Actual Rows": 1, "Actual Loops": 3, "Workers": [], "Plans": [{"Node Type": "Hash Join", "Parent Relationship": "Outer", "Parallel Aware": false, "Async Capable": false, "Join Type": "Inner", "Startup Cost": 4783.84, "Total Cost": 23620.75, "Plan Rows": 487667.0, "Plan Width": 0, "Actual Rows": 101070, "Actual Loops": 3, "Inner Unique": false, "Hash Cond": "(v.postid = p.id)", "Workers": [], "Plans": [{"Node Type": "Merge Join", "Parent Relationship": "Outer", "Parallel Aware": false, "Async Capable": false, "Join Type": "Inner", "Startup Cost": 0.84, "Total Cost": 15744.08, "Plan Rows": 429424.0, "Plan Width": 8, "Actual Rows": 288375, "Actual Loops": 3, "Inner Unique": false, "Merge Cond": "(c.postid = v.postid)", "Workers": [], "Plans": [{"Node Type": "Index Only Scan", "Parent Relationship": "Outer", "Parallel Aware": true, "Async Capable": false, "Scan Direction": "Forward", "Index Name": "idx_comments_postid", "Relation Name": "comments", "Alias": "c", "Startup Cost": 0.42, "Total Cost": 2872.37, "Plan Rows": 72627, "Plan Width": 4, "Actual Rows": 58102, "Actual Loops": 3, "Heap Fetches": 0, "Workers": []}, {"Node Type": "Materialize", "Parent Relationship": "Inner", "Parallel Aware": false, "Async Capable": false, "Startup Cost": 0.42, "Total Cost": 7777.84, "Plan Rows": 328064, "Plan Width": 4, "Actual Rows": 540258, "Actual Loops": 3, "Workers": [], "Plans": [{"Node Type": "Index Only Scan", "Parent Relationship": "Outer", "Parallel Aware": false, "Async Capable": false, "Scan Direction": "Forward", "Index Name": "idx_votes_postid", "Relation Name": "votes", "Alias": "v", "Startup Cost": 0.42, "Total Cost": 6957.68, "Plan Rows": 328064, "Plan Width": 4, "Actual Rows": 327680, "Actual Loops": 3, "Heap Fetches": 0, "Workers": []}]}]}, {"Node Type": "Hash", "Parent Relationship": "Inner", "Parallel Aware": false, "Async Capable": false, "Startup Cost": 4283.44, "Total Cost": 4283.44, "Plan Rows": 169972.0, "Plan Width": 4, "Actual Rows": 40645, "Actual Loops": 3, "Hash Buckets": 65536, "Original Hash Buckets": 65536, "Hash Batches": 1, "Original Hash Batches": 1, "Peak Memory Usage": 1941, "Workers": [], "Plans": [{"Node Type": "Hash Join", "Parent Relationship": "Outer", "Parallel Aware": false, "Async Capable": false, "Join Type": "Inner", "Startup Cost": 1494.81, "Total Cost": 4283.44, "Plan Rows": 169972.0, "Plan Width": 4, "Actual Rows": 40645, "Actual Loops": 3, "Inner Unique": true, "Hash Cond": "(p.owneruserid = u.id)", "Workers": [], "Plans": [{"Node Type": "Seq Scan", "Parent Relationship": "Outer", "Parallel Aware": false, "Async Capable": false, "Relation Name": "posts", "Alias": "p", "Startup Cost": 0.0, "Total Cost": 2679.52, "Plan Rows": 41562, "Plan Width": 8, "Actual Rows": 41589, "Actual Loops": 3, "Filter": "((score >= 0) AND (score <= 16) AND (viewcount >= 0) AND (creationdate <= '2014-09-09 12:00:50'::timestamp without time zone))", "Rows Removed by Filter": 50387, "Workers": []}, {"Node Type": "Hash", "Parent Relationship": "Inner", "Parallel Aware": false, "Async Capable": false, "Startup Cost": 1002.69, "Total Cost": 1002.69, "Plan Rows": 39370, "Plan Width": 4, "Actual Rows": 39426, "Actual Loops": 3, "Hash Buckets": 65536, "Original Hash Buckets": 65536, "Hash Batches": 1, "Original Hash Batches": 1, "Peak Memory Usage": 1899, "Workers": [], "Plans": [{"Node Type": "Seq Scan", "Parent Relationship": "Outer", "Parallel Aware": false, "Async Capable": false, "Relation Name": "users", "Alias": "u", "Startup Cost": 0.0, "Total Cost": 1002.69, "Plan Rows": 39370, "Plan Width": 4, "Actual Rows": 39426, "Actual Loops": 3, "Filter": "((reputation >= 1) AND (creationdate >= '2010-07-19 19:08:49'::timestamp without time zone) AND (creationdate <= '2014-08-28 12:15:56'::timestamp without time zone))", "Rows Removed by Filter": 899, "Workers": []}]}]}]}]}]}]}]}, "Planning Time": 3.1, "Triggers": [], "Execution Time": 195.951}]