[{"Plan": {"Node Type": "Aggregate", "Strategy": "Plain", "Partial Mode": "Finalize", "Parallel Aware": false, "Async Capable": false, "Startup Cost": 5429584.74, "Total Cost": 5429584.75, "Plan Rows": 1, "Plan Width": 8, "Actual Rows": 1, "Actual Loops": 1, "Plans": [{"Node Type": "Gather", "Parent Relationship": "Outer", "Parallel Aware": false, "Async Capable": false, "Startup Cost": 5429584.63, "Total Cost": 5429584.74, "Plan Rows": 1, "Plan Width": 8, "Actual Rows": 2, "Actual Loops": 1, "Workers Planned": 1, "Workers Launched": 1, "Single Copy": false, "Plans": [{"Node Type": "Aggregate", "Strategy": "Plain", "Partial Mode": "Partial", "Parent Relationship": "Outer", "Parallel Aware": false, "Async Capable": false, "Startup Cost": 5428584.63, "Total Cost": 5428584.64, "Plan Rows": 1, "Plan Width": 8, "Actual Rows": 1, "Actual Loops": 2, "Workers": [], "Plans": [{"Node Type": "Hash Join", "Parent Relationship": "Outer", "Parallel Aware": true, "Async Capable": false, "Join Type": "Inner", "Startup Cost": 5687.87, "Total Cost": 63910.5, "Plan Rows": 666289.0, "Plan Width": 0, "Actual Rows": 1017305, "Actual Loops": 2, "Inner Unique": false, "Hash Cond": "(ph.userid = u.id)", "Workers": [], "Plans": [{"Node Type": "Nested Loop", "Parent Relationship": "Outer", "Parallel Aware": false, "Async Capable": false, "Join Type": "Inner", "Startup Cost": 0.3, "Total Cost": 13739.69, "Plan Rows": 4181832.0, "Plan Width": 8, "Actual Rows": 3005648, "Actual Loops": 2, "Inner Unique": false, "Workers": [], "Plans": [{"Node Type": "Seq Scan", "Parent Relationship": "Outer", "Parallel Aware": true, "Async Capable": false, "Relation Name": "posthistory", "Alias": "ph", "Startup Cost": 0.0, "Total Cost": 4915.18, "Plan Rows": 38711, "Plan Width": 4, "Actual Rows": 33002, "Actual Loops": 2, "Filter": "((creationdate >= '2011-01-31 15:35:37'::timestamp without time zone) AND (posthistorytypeid = 5))", "Rows Removed by Filter": 118591, "Workers": []}, {"Node Type": "Memoize", "Parent Relationship": "Inner", "Parallel Aware": false, "Async Capable": false, "Startup Cost": 0.3, "Total Cost": 0.36, "Plan Rows": 3, "Plan Width": 4, "Actual Rows": 91, "Actual Loops": 66005, "Cache Key": "ph.userid", "Cache Mode": "logical", "Cache Hits": 27344, "Cache Misses": 4812, "Cache Evictions": 0, "Cache Overflows": 0, "Peak Memory Usage": 1654, "Workers": [{"Worker Number": 0, "Cache Hits": 28804, "Cache Misses": 5045, "Cache Evictions": 0, "Cache Overflows": 0, "Peak Memory Usage": 1704}], "Plans": [{"Node Type": "Index Only Scan", "Parent Relationship": "Outer", "Parallel Aware": false, "Async Capable": false, "Scan Direction": "Forward", "Index Name": "idx_badges_userid", "Relation Name": "badges", "Alias": "b", "Startup Cost": 0.29, "Total Cost": 0.35, "Plan Rows": 3, "Plan Width": 4, "Actual Rows": 8, "Actual Loops": 9857, "Index Cond": "(userid = ph.userid)", "Rows Removed by Index Recheck": 0, "Heap Fetches": 0, "Workers": []}]}]}, {"Node Type": "Hash", "Parent Relationship": "Inner", "Parallel Aware": true, "Async Capable": false, "Startup Cost": 4769.54, "Total Cost": 4769.54, "Plan Rows": 102011.0, "Plan Width": 8, "Actual Rows": 24379, "Actual Loops": 2, "Hash Buckets": 131072, "Original Hash Buckets": 131072, "Hash Batches": 1, "Original Hash Batches": 1, "Peak Memory Usage": 2944, "Workers": [], "Plans": [{"Node Type": "Hash Join", "Parent Relationship": "Outer", "Parallel Aware": false, "Async Capable": false, "Join Type": "Inner", "Startup Cost": 1679.66, "Total Cost": 4769.54, "Plan Rows": 102011.0, "Plan Width": 8, "Actual Rows": 24379, "Actual Loops": 2, "Inner Unique": true, "Hash Cond": "(c.userid = u.id)", "Workers": [], "Plans": [{"Node Type": "Seq Scan", "Parent Relationship": "Outer", "Parallel Aware": true, "Async Capable": false, "Relation Name": "comments", "Alias": "c", "Startup Cost": 0.0, "Total Cost": 2881.99, "Plan Rows": 79188, "Plan Width": 4, "Actual Rows": 67395, "Actual Loops": 2, "Filter": "((creationdate >= '2010-07-20 10:52:57'::timestamp without time zone) AND (score = 0))", "Rows Removed by Filter": 19758, "Workers": []}, {"Node Type": "Hash", "Parent Relationship": "Inner", "Parallel Aware": false, "Async Capable": false, "Startup Cost": 1204.31, "Total Cost": 1204.31, "Plan Rows": 38028, "Plan Width": 4, "Actual Rows": 38069, "Actual Loops": 2, "Hash Buckets": 65536, "Original Hash Buckets": 65536, "Hash Batches": 1, "Original Hash Batches": 1, "Peak Memory Usage": 1851, "Workers": [], "Plans": [{"Node Type": "Seq Scan", "Parent Relationship": "Outer", "Parallel Aware": false, "Async Capable": false, "Relation Name": "users", "Alias": "u", "Startup Cost": 0.0, "Total Cost": 1204.31, "Plan Rows": 38028, "Plan Width": 4, "Actual Rows": 38069, "Actual Loops": 2, "Filter": "((reputation >= 1) AND (reputation <= 356) AND (downvotes <= 34) AND (creationdate >= '2010-07-19 21:29:29'::timestamp without time zone) AND (creationdate <= '2014-08-20 14:31:46'::timestamp without time zone))", "Rows Removed by Filter": 2256, "Workers": []}]}]}]}]}]}]}]}, "Planning Time": 6.088, "Triggers": [], "Execution Time": 437.265}, {"Plan": {"Node Type": "Aggregate", "Strategy": "Plain", "Partial Mode": "Finalize", "Parallel Aware": false, "Async Capable": false, "Startup Cost": 6106177.46, "Total Cost": 6106177.47, "Plan Rows": 1, "Plan Width": 8, "Actual Rows": 1, "Actual Loops": 1, "Plans": [{"Node Type": "Gather", "Parent Relationship": "Outer", "Parallel Aware": false, "Async Capable": false, "Startup Cost": 6106177.34, "Total Cost": 6106177.45, "Plan Rows": 1, "Plan Width": 8, "Actual Rows": 2, "Actual Loops": 1, "Workers Planned": 1, "Workers Launched": 1, "Single Copy": false, "Plans": [{"Node Type": "Aggregate", "Strategy": "Plain", "Partial Mode": "Partial", "Parent Relationship": "Outer", "Parallel Aware": false, "Async Capable": false, "Startup Cost": 6105177.34, "Total Cost": 6105177.35, "Plan Rows": 1, "Plan Width": 8, "Actual Rows": 1, "Actual Loops": 2, "Workers": [], "Plans": [{"Node Type": "Merge Join", "Parent Relationship": "Outer", "Parallel Aware": false, "Async Capable": false, "Join Type": "Inner", "Startup Cost": 13214.98, "Total Cost": 740503.22, "Plan Rows": 666289.0, "Plan Width": 0, "Actual Rows": 1017305, "Actual Loops": 2, "Inner Unique": false, "Merge Cond": "(b.userid = u.id)", "Workers": [], "Plans": [{"Node Type": "Index Only Scan", "Parent Relationship": "Outer", "Parallel Aware": true, "Async Capable": false, "Scan Direction": "Forward", "Index Name": "idx_badges_userid", "Relation Name": "badges", "Alias": "b", "Startup Cost": 0.29, "Total Cost": 1405.26, "Plan Rows": 46971, "Plan Width": 4, "Actual Rows": 39502, "Actual Loops": 2, "Heap Fetches": 0, "Workers": []}, {"Node Type": "Materialize", "Parent Relationship": "Inner", "Parallel Aware": false, "Async Capable": false, "Startup Cost": 13206.86, "Total Cost": 127102.02, "Plan Rows": 165126.0, "Plan Width": 12, "Actual Rows": 1114443, "Actual Loops": 2, "Workers": [], "Plans": [{"Node Type": "Merge Join", "Parent Relationship": "Outer", "Parallel Aware": false, "Async Capable": false, "Join Type": "Inner", "Startup Cost": 13206.86, "Total Cost": 24931.79, "Plan Rows": 165126.0, "Plan Width": 12, "Actual Rows": 194277, "Actual Loops": 2, "Inner Unique": false, "Merge Cond": "(c.userid = u.id)", "Workers": [], "Plans": [{"Node Type": "Index Scan", "Parent Relationship": "Outer", "Parallel Aware": false, "Async Capable": false, "Scan Direction": "Forward", "Index Name": "idx_comments_userid", "Relation Name": "comments", "Alias": "c", "Startup Cost": 0.29, "Total Cost": 8694.72, "Plan Rows": 134619, "Plan Width": 4, "Actual Rows": 132075, "Actual Loops": 2, "Filter": "((creationdate >= '2010-07-20 10:52:57'::timestamp without time zone) AND (score = 0))", "Rows Removed by Filter": 38803, "Workers": []}, {"Node Type": "Sort", "Parent Relationship": "Inner", "Parallel Aware": false, "Async Capable": false, "Startup Cost": 13206.51, "Total Cost": 13350.86, "Plan Rows": 77422.0, "Plan Width": 8, "Actual Rows": 196173, "Actual Loops": 2, "Sort Key": ["ph.userid"], "Sort Method": "quicksort", "Sort Space Used": 1296, "Sort Space Type": "Memory", "Workers": [{"Worker Number": 0, "Sort Method": "quicksort", "Sort Space Used": 1296, "Sort Space Type": "Memory"}], "Plans": [{"Node Type": "Hash Join", "Parent Relationship": "Outer", "Parallel Aware": false, "Async Capable": false, "Join Type": "Inner", "Startup Cost": 1679.66, "Total Cost": 8640.24, "Plan Rows": 77422.0, "Plan Width": 8, "Actual Rows": 16892, "Actual Loops": 2, "Inner Unique": true, "Hash Cond": "(ph.userid = u.id)", "Workers": [], "Plans": [{"Node Type": "Seq Scan", "Parent Relationship": "Outer", "Parallel Aware": false, "Async Capable": false, "Relation Name": "posthistory", "Alias": "ph", "Startup Cost": 0.0, "Total Cost": 6787.8, "Plan Rows": 65808, "Plan Width": 4, "Actual Rows": 66005, "Actual Loops": 2, "Filter": "((creationdate >= '2011-01-31 15:35:37'::timestamp without time zone) AND (posthistorytypeid = 5))", "Rows Removed by Filter": 237182, "Workers": []}, {"Node Type": "Hash", "Parent Relationship": "Inner", "Parallel Aware": false, "Async Capable": false, "Startup Cost": 1204.31, "Total Cost": 1204.31, "Plan Rows": 38028, "Plan Width": 4, "Actual Rows": 38069, "Actual Loops": 2, "Hash Buckets": 65536, "Original Hash Buckets": 65536, "Hash Batches": 1, "Original Hash Batches": 1, "Peak Memory Usage": 1851, "Workers": [], "Plans": [{"Node Type": "Seq Scan", "Parent Relationship": "Outer", "Parallel Aware": false, "Async Capable": false, "Relation Name": "users", "Alias": "u", "Startup Cost": 0.0, "Total Cost": 1204.31, "Plan Rows": 38028, "Plan Width": 4, "Actual Rows": 38069, "Actual Loops": 2, "Filter": "((reputation >= 1) AND (reputation <= 356) AND (downvotes <= 34) AND (creationdate >= '2010-07-19 21:29:29'::timestamp without time zone) AND (creationdate <= '2014-08-20 14:31:46'::timestamp without time zone))", "Rows Removed by Filter": 2256, "Workers": []}]}]}]}]}]}]}]}]}]}, "Planning Time": 5.69, "Triggers": [], "Execution Time": 410.618}, {"Plan": {"Node Type": "Aggregate", "Strategy": "Plain", "Partial Mode": "Finalize", "Parallel Aware": false, "Async Capable": false, "Startup Cost": 6105718.43, "Total Cost": 6105718.44, "Plan Rows": 1, "Plan Width": 8, "Plans": [{"Node Type": "Gather", "Parent Relationship": "Outer", "Parallel Aware": false, "Async Capable": false, "Startup Cost": 6105718.32, "Total Cost": 6105718.43, "Plan Rows": 1, "Plan Width": 8, "Workers Planned": 1, "Single Copy": false, "Plans": [{"Node Type": "Aggregate", "Strategy": "Plain", "Partial Mode": "Partial", "Parent Relationship": "Outer", "Parallel Aware": false, "Async Capable": false, "Startup Cost": 6104718.32, "Total Cost": 6104718.33, "Plan Rows": 1, "Plan Width": 8, "Plans": [{"Node Type": "Merge Join", "Parent Relationship": "Outer", "Parallel Aware": false, "Async Capable": false, "Join Type": "Inner", "Startup Cost": 1.78, "Total Cost": 740044.19, "Plan Rows": 666289.0, "Plan Width": 0, "Inner Unique": false, "Merge Cond": "(u.id = c.userid)", "Plans": [{"Node Type": "Merge Join", "Parent Relationship": "Outer", "Parallel Aware": false, "Async Capable": false, "Join Type": "Inner", "Startup Cost": 0.69, "Total Cost": 3921.88, "Plan Rows": 191027.0, "Plan Width": 8, "Inner Unique": true, "Merge Cond": "(b.userid = u.id)", "Plans": [{"Node Type": "Index Only Scan", "Parent Relationship": "Outer", "Parallel Aware": true, "Async Capable": false, "Scan Direction": "Forward", "Index Name": "idx_badges_userid", "Relation Name": "badges", "Alias": "b", "Startup Cost": 0.29, "Total Cost": 1405.26, "Plan Rows": 46971, "Plan Width": 4}, {"Node Type": "Index Scan", "Parent Relationship": "Inner", "Parallel Aware": false, "Async Capable": false, "Scan Direction": "Forward", "Index Name": "users_pkey", "Relation Name": "users", "Alias": "u", "Startup Cost": 0.29, "Total Cost": 1861.23, "Plan Rows": 38028, "Plan Width": 4, "Filter": "((reputation >= 1) AND (reputation <= 356) AND (downvotes <= 34) AND (creationdate >= '2010-07-19 21:29:29'::timestamp without time zone) AND (creationdate <= '2014-08-20 14:31:46'::timestamp without time zone))"}]}, {"Node Type": "Materialize", "Parent Relationship": "Inner", "Parallel Aware": false, "Async Capable": false, "Startup Cost": 0.73, "Total Cost": 136186.7, "Plan Rows": 177531.0, "Plan Width": 8, "Plans": [{"Node Type": "Nested Loop", "Parent Relationship": "Outer", "Parallel Aware": false, "Async Capable": false, "Join Type": "Inner", "Startup Cost": 0.73, "Total Cost": 26022.98, "Plan Rows": 177531.0, "Plan Width": 8, "Inner Unique": false, "Plans": [{"Node Type": "Index Scan", "Parent Relationship": "Outer", "Parallel Aware": false, "Async Capable": false, "Scan Direction": "Forward", "Index Name": "idx_comments_userid", "Relation Name": "comments", "Alias": "c", "Startup Cost": 0.29, "Total Cost": 8694.72, "Plan Rows": 134619, "Plan Width": 4, "Filter": "((creationdate >= '2010-07-20 10:52:57'::timestamp without time zone) AND (score = 0))"}, {"Node Type": "Memoize", "Parent Relationship": "Inner", "Parallel Aware": false, "Async Capable": false, "Startup Cost": 0.43, "Total Cost": 0.82, "Plan Rows": 3, "Plan Width": 4, "Cache Key": "c.userid", "Cache Mode": "logical", "Plans": [{"Node Type": "Index Scan", "Parent Relationship": "Outer", "Parallel Aware": false, "Async Capable": false, "Scan Direction": "Forward", "Index Name": "idx_posthistory_userid", "Relation Name": "posthistory", "Alias": "ph", "Startup Cost": 0.42, "Total Cost": 0.81, "Plan Rows": 3, "Plan Width": 4, "Index Cond": "(userid = c.userid)", "Filter": "((creationdate >= '2011-01-31 15:35:37'::timestamp without time zone) AND (posthistorytypeid = 5))"}]}]}]}]}]}]}]}, "Timeout Time": 5000}, {"Plan": {"Node Type": "Aggregate", "Strategy": "Plain", "Partial Mode": "Simple", "Parallel Aware": false, "Async Capable": false, "Startup Cost": 65445768.59, "Total Cost": 65445768.6, "Plan Rows": 1, "Plan Width": 8, "Plans": [{"Node Type": "Merge Join", "Parent Relationship": "Outer", "Parallel Aware": false, "Async Capable": false, "Join Type": "Inner", "Startup Cost": 1.47, "Total Cost": 56325822.58, "Plan Rows": 666289.0, "Plan Width": 0, "Inner Unique": false, "Merge Cond": "(u.id = c.userid)", "Plans": [{"Node Type": "Index Scan", "Parent Relationship": "Outer", "Parallel Aware": false, "Async Capable": false, "Scan Direction": "Forward", "Index Name": "users_pkey", "Relation Name": "users", "Alias": "u", "Startup Cost": 0.29, "Total Cost": 1861.23, "Plan Rows": 38028, "Plan Width": 4, "Filter": "((reputation >= 1) AND (reputation <= 356) AND (downvotes <= 34) AND (creationdate >= '2010-07-19 21:29:29'::timestamp without time zone) AND (creationdate <= '2014-08-20 14:31:46'::timestamp without time zone))"}, {"Node Type": "Materialize", "Parent Relationship": "Inner", "Parallel Aware": false, "Async Capable": false, "Startup Cost": 1.03, "Total Cost": 10344361.11, "Plan Rows": 10081444.0, "Plan Width": 12, "Plans": [{"Node Type": "Nested Loop", "Parent Relationship": "Outer", "Parallel Aware": false, "Async Capable": false, "Join Type": "Inner", "Startup Cost": 1.03, "Total Cost": 510898.79, "Plan Rows": 10081444.0, "Plan Width": 12, "Inner Unique": false, "Plans": [{"Node Type": "Nested Loop", "Parent Relationship": "Outer", "Parallel Aware": false, "Async Capable": false, "Join Type": "Inner", "Startup Cost": 0.72, "Total Cost": 23787.4, "Plan Rows": 4181832.0, "Plan Width": 8, "Inner Unique": false, "Plans": [{"Node Type": "Index Scan", "Parent Relationship": "Outer", "Parallel Aware": false, "Async Capable": false, "Scan Direction": "Forward", "Index Name": "idx_posthistory_userid", "Relation Name": "posthistory", "Alias": "ph", "Startup Cost": 0.42, "Total Cost": 13607.96, "Plan Rows": 65808, "Plan Width": 4, "Filter": "((creationdate >= '2011-01-31 15:35:37'::timestamp without time zone) AND (posthistorytypeid = 5))"}, {"Node Type": "Memoize", "Parent Relationship": "Inner", "Parallel Aware": false, "Async Capable": false, "Startup Cost": 0.3, "Total Cost": 0.36, "Plan Rows": 3, "Plan Width": 4, "Cache Key": "ph.userid", "Cache Mode": "logical", "Plans": [{"Node Type": "Index Only Scan", "Parent Relationship": "Outer", "Parallel Aware": false, "Async Capable": false, "Scan Direction": "Forward", "Index Name": "idx_badges_userid", "Relation Name": "badges", "Alias": "b", "Startup Cost": 0.29, "Total Cost": 0.35, "Plan Rows": 3, "Plan Width": 4, "Index Cond": "(userid = ph.userid)"}]}]}, {"Node Type": "Memoize", "Parent Relationship": "Inner", "Parallel Aware": false, "Async Capable": false, "Startup Cost": 0.3, "Total Cost": 0.69, "Plan Rows": 10, "Plan Width": 4, "Cache Key": "ph.userid", "Cache Mode": "logical", "Plans": [{"Node Type": "Index Scan", "Parent Relationship": "Outer", "Parallel Aware": false, "Async Capable": false, "Scan Direction": "Forward", "Index Name": "idx_comments_userid", "Relation Name": "comments", "Alias": "c", "Startup Cost": 0.29, "Total Cost": 0.68, "Plan Rows": 10, "Plan Width": 4, "Index Cond": "(userid = ph.userid)", "Filter": "((creationdate >= '2010-07-20 10:52:57'::timestamp without time zone) AND (score = 0))"}]}]}]}]}]}, "Timeout Time": 5000}, {"Plan": {"Node Type": "Aggregate", "Strategy": "Plain", "Partial Mode": "Finalize", "Parallel Aware": false, "Async Capable": false, "Startup Cost": 5481984.69, "Total Cost": 5481984.7, "Plan Rows": 1, "Plan Width": 8, "Actual Rows": 1, "Actual Loops": 1, "Plans": [{"Node Type": "Gather", "Parent Relationship": "Outer", "Parallel Aware": false, "Async Capable": false, "Startup Cost": 5481984.58, "Total Cost": 5481984.69, "Plan Rows": 1, "Plan Width": 8, "Actual Rows": 2, "Actual Loops": 1, "Workers Planned": 1, "Workers Launched": 1, "Single Copy": false, "Plans": [{"Node Type": "Aggregate", "Strategy": "Plain", "Partial Mode": "Partial", "Parent Relationship": "Outer", "Parallel Aware": false, "Async Capable": false, "Startup Cost": 5480984.58, "Total Cost": 5480984.59, "Plan Rows": 1, "Plan Width": 8, "Actual Rows": 1, "Actual Loops": 2, "Workers": [], "Plans": [{"Node Type": "Merge Join", "Parent Relationship": "Outer", "Parallel Aware": false, "Async Capable": false, "Join Type": "Inner", "Startup Cost": 13207.67, "Total Cost": 116310.45, "Plan Rows": 666289.0, "Plan Width": 0, "Actual Rows": 1017305, "Actual Loops": 2, "Inner Unique": false, "Merge Cond": "(u.id = c.userid)", "Workers": [], "Plans": [{"Node Type": "Merge Join", "Parent Relationship": "Outer", "Parallel Aware": false, "Async Capable": false, "Join Type": "Inner", "Startup Cost": 13206.82, "Total Cost": 15738.0, "Plan Rows": 359762.0, "Plan Width": 12, "Actual Rows": 51706, "Actual Loops": 2, "Inner Unique": false, "Merge Cond": "(b.userid = u.id)", "Workers": [], "Plans": [{"Node Type": "Index Only Scan", "Parent Relationship": "Outer", "Parallel Aware": true, "Async Capable": false, "Scan Direction": "Forward", "Index Name": "idx_badges_userid", "Relation Name": "badges", "Alias": "b", "Startup Cost": 0.29, "Total Cost": 1405.26, "Plan Rows": 46971, "Plan Width": 4, "Actual Rows": 39506, "Actual Loops": 2, "Heap Fetches": 0, "Workers": []}, {"Node Type": "Sort", "Parent Relationship": "Inner", "Parallel Aware": false, "Async Capable": false, "Startup Cost": 13206.51, "Total Cost": 13350.86, "Plan Rows": 77422.0, "Plan Width": 8, "Actual Rows": 60150, "Actual Loops": 2, "Sort Key": ["ph.userid"], "Sort Method": "quicksort", "Sort Space Used": 1296, "Sort Space Type": "Memory", "Workers": [{"Worker Number": 0, "Sort Method": "quicksort", "Sort Space Used": 1296, "Sort Space Type": "Memory"}], "Plans": [{"Node Type": "Hash Join", "Parent Relationship": "Outer", "Parallel Aware": false, "Async Capable": false, "Join Type": "Inner", "Startup Cost": 1679.66, "Total Cost": 8640.24, "Plan Rows": 77422.0, "Plan Width": 8, "Actual Rows": 16892, "Actual Loops": 2, "Inner Unique": true, "Hash Cond": "(ph.userid = u.id)", "Workers": [], "Plans": [{"Node Type": "Seq Scan", "Parent Relationship": "Outer", "Parallel Aware": false, "Async Capable": false, "Relation Name": "posthistory", "Alias": "ph", "Startup Cost": 0.0, "Total Cost": 6787.8, "Plan Rows": 65808, "Plan Width": 4, "Actual Rows": 66005, "Actual Loops": 2, "Filter": "((creationdate >= '2011-01-31 15:35:37'::timestamp without time zone) AND (posthistorytypeid = 5))", "Rows Removed by Filter": 237182, "Workers": []}, {"Node Type": "Hash", "Parent Relationship": "Inner", "Parallel Aware": false, "Async Capable": false, "Startup Cost": 1204.31, "Total Cost": 1204.31, "Plan Rows": 38028, "Plan Width": 4, "Actual Rows": 38069, "Actual Loops": 2, "Hash Buckets": 65536, "Original Hash Buckets": 65536, "Hash Batches": 1, "Original Hash Batches": 1, "Peak Memory Usage": 1851, "Workers": [], "Plans": [{"Node Type": "Seq Scan", "Parent Relationship": "Outer", "Parallel Aware": false, "Async Capable": false, "Relation Name": "users", "Alias": "u", "Startup Cost": 0.0, "Total Cost": 1204.31, "Plan Rows": 38028, "Plan Width": 4, "Actual Rows": 38069, "Actual Loops": 2, "Filter": "((reputation >= 1) AND (reputation <= 356) AND (downvotes <= 34) AND (creationdate >= '2010-07-19 21:29:29'::timestamp without time zone) AND (creationdate <= '2014-08-20 14:31:46'::timestamp without time zone))", "Rows Removed by Filter": 2256, "Workers": []}]}]}]}]}, {"Node Type": "Materialize", "Parent Relationship": "Inner", "Parallel Aware": false, "Async Capable": false, "Startup Cost": 0.29, "Total Cost": 9031.27, "Plan Rows": 134619, "Plan Width": 4, "Actual Rows": 1133134, "Actual Loops": 2, "Workers": [], "Plans": [{"Node Type": "Index Scan", "Parent Relationship": "Outer", "Parallel Aware": false, "Async Capable": false, "Scan Direction": "Forward", "Index Name": "idx_comments_userid", "Relation Name": "comments", "Alias": "c", "Startup Cost": 0.29, "Total Cost": 8694.72, "Plan Rows": 134619, "Plan Width": 4, "Actual Rows": 132060, "Actual Loops": 2, "Filter": "((creationdate >= '2010-07-20 10:52:57'::timestamp without time zone) AND (score = 0))", "Rows Removed by Filter": 38802, "Workers": []}]}]}]}]}]}, "Planning Time": 5.888, "Triggers": [], "Execution Time": 394.847}, {"Plan": {"Node Type": "Aggregate", "Strategy": "Plain", "Partial Mode": "Finalize", "Parallel Aware": false, "Async Capable": false, "Startup Cost": 5534257.0, "Total Cost": 5534257.01, "Plan Rows": 1, "Plan Width": 8, "Actual Rows": 1, "Actual Loops": 1, "Plans": [{"Node Type": "Gather", "Parent Relationship": "Outer", "Parallel Aware": false, "Async Capable": false, "Startup Cost": 5534256.89, "Total Cost": 5534257.0, "Plan Rows": 1, "Plan Width": 8, "Actual Rows": 2, "Actual Loops": 1, "Workers Planned": 1, "Workers Launched": 1, "Single Copy": false, "Plans": [{"Node Type": "Aggregate", "Strategy": "Plain", "Partial Mode": "Partial", "Parent Relationship": "Outer", "Parallel Aware": false, "Async Capable": false, "Startup Cost": 5533256.89, "Total Cost": 5533256.9, "Plan Rows": 1, "Plan Width": 8, "Actual Rows": 1, "Actual Loops": 2, "Workers": [], "Plans": [{"Node Type": "Hash Join", "Parent Relationship": "Outer", "Parallel Aware": true, "Async Capable": false, "Join Type": "Inner", "Startup Cost": 96698.58, "Total Cost": 168582.76, "Plan Rows": 666289.0, "Plan Width": 0, "Actual Rows": 1017305, "Actual Loops": 2, "Inner Unique": false, "Hash Cond": "(ph.userid = u.id)", "Workers": [], "Plans": [{"Node Type": "Seq Scan", "Parent Relationship": "Outer", "Parallel Aware": true, "Async Capable": false, "Relation Name": "posthistory", "Alias": "ph", "Startup Cost": 0.0, "Total Cost": 4915.18, "Plan Rows": 38711, "Plan Width": 4, "Actual Rows": 33002, "Actual Loops": 2, "Filter": "((creationdate >= '2011-01-31 15:35:37'::timestamp without time zone) AND (posthistorytypeid = 5))", "Rows Removed by Filter": 118591, "Workers": []}, {"Node Type": "Hash", "Parent Relationship": "Inner", "Parallel Aware": true, "Async Capable": false, "Startup Cost": 14753.83, "Total Cost": 14753.83, "Plan Rows": 673317.0, "Plan Width": 12, "Actual Rows": 140560, "Actual Loops": 2, "Hash Buckets": 16777216, "Original Hash Buckets": 16777216, "Hash Batches": 1, "Original Hash Batches": 1, "Peak Memory Usage": 144288, "Workers": [], "Plans": [{"Node Type": "Merge Join", "Parent Relationship": "Outer", "Parallel Aware": false, "Async Capable": false, "Join Type": "Inner", "Startup Cost": 1.34, "Total Cost": 14753.83, "Plan Rows": 673317.0, "Plan Width": 12, "Actual Rows": 140560, "Actual Loops": 2, "Inner Unique": false, "Merge Cond": "(u.id = c.userid)", "Workers": [], "Plans": [{"Node Type": "Merge Join", "Parent Relationship": "Outer", "Parallel Aware": false, "Async Capable": false, "Join Type": "Inner", "Startup Cost": 0.69, "Total Cost": 3921.88, "Plan Rows": 191027.0, "Plan Width": 8, "Actual Rows": 29056, "Actual Loops": 2, "Inner Unique": true, "Merge Cond": "(b.userid = u.id)", "Workers": [], "Plans": [{"Node Type": "Index Only Scan", "Parent Relationship": "Outer", "Parallel Aware": true, "Async Capable": false, "Scan Direction": "Forward", "Index Name": "idx_badges_userid", "Relation Name": "badges", "Alias": "b", "Startup Cost": 0.29, "Total Cost": 1405.26, "Plan Rows": 46971, "Plan Width": 4, "Actual Rows": 39510, "Actual Loops": 2, "Heap Fetches": 0, "Workers": []}, {"Node Type": "Index Scan", "Parent Relationship": "Inner", "Parallel Aware": false, "Async Capable": false, "Scan Direction": "Forward", "Index Name": "users_pkey", "Relation Name": "users", "Alias": "u", "Startup Cost": 0.29, "Total Cost": 1861.23, "Plan Rows": 38028, "Plan Width": 4, "Actual Rows": 38069, "Actual Loops": 2, "Filter": "((reputation >= 1) AND (reputation <= 356) AND (downvotes <= 34) AND (creationdate >= '2010-07-19 21:29:29'::timestamp without time zone) AND (creationdate <= '2014-08-20 14:31:46'::timestamp without time zone))", "Rows Removed by Filter": 2256, "Workers": []}]}, {"Node Type": "Materialize", "Parent Relationship": "Inner", "Parallel Aware": false, "Async Capable": false, "Startup Cost": 0.29, "Total Cost": 9031.27, "Plan Rows": 134619, "Plan Width": 4, "Actual Rows": 248870, "Actual Loops": 2, "Workers": [], "Plans": [{"Node Type": "Index Scan", "Parent Relationship": "Outer", "Parallel Aware": false, "Async Capable": false, "Scan Direction": "Forward", "Index Name": "idx_comments_userid", "Relation Name": "comments", "Alias": "c", "Startup Cost": 0.29, "Total Cost": 8694.72, "Plan Rows": 134619, "Plan Width": 4, "Actual Rows": 131849, "Actual Loops": 2, "Filter": "((creationdate >= '2010-07-20 10:52:57'::timestamp without time zone) AND (score = 0))", "Rows Removed by Filter": 38786, "Workers": []}]}]}]}]}]}]}]}, "Planning Time": 3.102, "Triggers": [], "Execution Time": 668.779}, {"Plan": {"Node Type": "Aggregate", "Strategy": "Plain", "Partial Mode": "Finalize", "Parallel Aware": false, "Async Capable": false, "Startup Cost": 5558147.8, "Total Cost": 5558147.81, "Plan Rows": 1, "Plan Width": 8, "Actual Rows": 1, "Actual Loops": 1, "Plans": [{"Node Type": "Gather", "Parent Relationship": "Outer", "Parallel Aware": false, "Async Capable": false, "Startup Cost": 5558147.69, "Total Cost": 5558147.8, "Plan Rows": 1, "Plan Width": 8, "Actual Rows": 2, "Actual Loops": 1, "Workers Planned": 1, "Workers Launched": 1, "Single Copy": false, "Plans": [{"Node Type": "Aggregate", "Strategy": "Plain", "Partial Mode": "Partial", "Parent Relationship": "Outer", "Parallel Aware": false, "Async Capable": false, "Startup Cost": 5557147.69, "Total Cost": 5557147.7, "Plan Rows": 1, "Plan Width": 8, "Actual Rows": 1, "Actual Loops": 2, "Workers": [], "Plans": [{"Node Type": "Merge Join", "Parent Relationship": "Outer", "Parallel Aware": false, "Async Capable": false, "Join Type": "Inner", "Startup Cost": 12055.76, "Total Cost": 192473.57, "Plan Rows": 666289.0, "Plan Width": 0, "Actual Rows": 1017305, "Actual Loops": 2, "Inner Unique": false, "Merge Cond": "(u.id = ph.userid)", "Workers": [], "Plans": [{"Node Type": "Merge Join", "Parent Relationship": "Outer", "Parallel Aware": false, "Async Capable": false, "Join Type": "Inner", "Startup Cost": 1.34, "Total Cost": 14753.83, "Plan Rows": 673317.0, "Plan Width": 12, "Actual Rows": 140560, "Actual Loops": 2, "Inner Unique": false, "Merge Cond": "(u.id = c.userid)", "Workers": [], "Plans": [{"Node Type": "Merge Join", "Parent Relationship": "Outer", "Parallel Aware": false, "Async Capable": false, "Join Type": "Inner", "Startup Cost": 0.69, "Total Cost": 3921.88, "Plan Rows": 191027.0, "Plan Width": 8, "Actual Rows": 29056, "Actual Loops": 2, "Inner Unique": true, "Merge Cond": "(b.userid = u.id)", "Workers": [], "Plans": [{"Node Type": "Index Only Scan", "Parent Relationship": "Outer", "Parallel Aware": true, "Async Capable": false, "Scan Direction": "Forward", "Index Name": "idx_badges_userid", "Relation Name": "badges", "Alias": "b", "Startup Cost": 0.29, "Total Cost": 1405.26, "Plan Rows": 46971, "Plan Width": 4, "Actual Rows": 39510, "Actual Loops": 2, "Heap Fetches": 0, "Workers": []}, {"Node Type": "Index Scan", "Parent Relationship": "Inner", "Parallel Aware": false, "Async Capable": false, "Scan Direction": "Forward", "Index Name": "users_pkey", "Relation Name": "users", "Alias": "u", "Startup Cost": 0.29, "Total Cost": 1861.23, "Plan Rows": 38028, "Plan Width": 4, "Actual Rows": 38069, "Actual Loops": 2, "Filter": "((reputation >= 1) AND (reputation <= 356) AND (downvotes <= 34) AND (creationdate >= '2010-07-19 21:29:29'::timestamp without time zone) AND (creationdate <= '2014-08-20 14:31:46'::timestamp without time zone))", "Rows Removed by Filter": 2256, "Workers": []}]}, {"Node Type": "Materialize", "Parent Relationship": "Inner", "Parallel Aware": false, "Async Capable": false, "Startup Cost": 0.29, "Total Cost": 9031.27, "Plan Rows": 134619, "Plan Width": 4, "Actual Rows": 249082, "Actual Loops": 2, "Workers": [], "Plans": [{"Node Type": "Index Scan", "Parent Relationship": "Outer", "Parallel Aware": false, "Async Capable": false, "Scan Direction": "Forward", "Index Name": "idx_comments_userid", "Relation Name": "comments", "Alias": "c", "Startup Cost": 0.29, "Total Cost": 8694.72, "Plan Rows": 134619, "Plan Width": 4, "Actual Rows": 132061, "Actual Loops": 2, "Filter": "((creationdate >= '2010-07-20 10:52:57'::timestamp without time zone) AND (score = 0))", "Rows Removed by Filter": 38802, "Workers": []}]}]}, {"Node Type": "Sort", "Parent Relationship": "Inner", "Parallel Aware": false, "Async Capable": false, "Startup Cost": 12054.41, "Total Cost": 12218.93, "Plan Rows": 65808, "Plan Width": 4, "Actual Rows": 1074979, "Actual Loops": 2, "Sort Key": ["ph.userid"], "Sort Method": "quicksort", "Sort Space Used": 3073, "Sort Space Type": "Memory", "Workers": [{"Worker Number": 0, "Sort Method": "quicksort", "Sort Space Used": 3073, "Sort Space Type": "Memory"}], "Plans": [{"Node Type": "Seq Scan", "Parent Relationship": "Outer", "Parallel Aware": false, "Async Capable": false, "Relation Name": "posthistory", "Alias": "ph", "Startup Cost": 0.0, "Total Cost": 6787.8, "Plan Rows": 65808, "Plan Width": 4, "Actual Rows": 66005, "Actual Loops": 2, "Filter": "((creationdate >= '2011-01-31 15:35:37'::timestamp without time zone) AND (posthistorytypeid = 5))", "Rows Removed by Filter": 237182, "Workers": []}]}]}]}]}]}, "Planning Time": 5.969, "Triggers": [], "Execution Time": 356.941}, {"Plan": {"Node Type": "Aggregate", "Strategy": "Plain", "Partial Mode": "Finalize", "Parallel Aware": false, "Async Capable": false, "Startup Cost": 5429584.74, "Total Cost": 5429584.75, "Plan Rows": 1, "Plan Width": 8, "Actual Rows": 1, "Actual Loops": 1, "Plans": [{"Node Type": "Gather", "Parent Relationship": "Outer", "Parallel Aware": false, "Async Capable": false, "Startup Cost": 5429584.63, "Total Cost": 5429584.74, "Plan Rows": 1, "Plan Width": 8, "Actual Rows": 2, "Actual Loops": 1, "Workers Planned": 1, "Workers Launched": 1, "Single Copy": false, "Plans": [{"Node Type": "Aggregate", "Strategy": "Plain", "Partial Mode": "Partial", "Parent Relationship": "Outer", "Parallel Aware": false, "Async Capable": false, "Startup Cost": 5428584.63, "Total Cost": 5428584.64, "Plan Rows": 1, "Plan Width": 8, "Actual Rows": 1, "Actual Loops": 2, "Workers": [], "Plans": [{"Node Type": "Hash Join", "Parent Relationship": "Outer", "Parallel Aware": true, "Async Capable": false, "Join Type": "Inner", "Startup Cost": 5687.87, "Total Cost": 63910.5, "Plan Rows": 666289.0, "Plan Width": 0, "Actual Rows": 1017305, "Actual Loops": 2, "Inner Unique": false, "Hash Cond": "(ph.userid = u.id)", "Workers": [], "Plans": [{"Node Type": "Nested Loop", "Parent Relationship": "Outer", "Parallel Aware": false, "Async Capable": false, "Join Type": "Inner", "Startup Cost": 0.3, "Total Cost": 13739.69, "Plan Rows": 4181832.0, "Plan Width": 8, "Actual Rows": 3005648, "Actual Loops": 2, "Inner Unique": false, "Workers": [], "Plans": [{"Node Type": "Seq Scan", "Parent Relationship": "Outer", "Parallel Aware": true, "Async Capable": false, "Relation Name": "posthistory", "Alias": "ph", "Startup Cost": 0.0, "Total Cost": 4915.18, "Plan Rows": 38711, "Plan Width": 4, "Actual Rows": 33002, "Actual Loops": 2, "Filter": "((creationdate >= '2011-01-31 15:35:37'::timestamp without time zone) AND (posthistorytypeid = 5))", "Rows Removed by Filter": 118591, "Workers": []}, {"Node Type": "Memoize", "Parent Relationship": "Inner", "Parallel Aware": false, "Async Capable": false, "Startup Cost": 0.3, "Total Cost": 0.36, "Plan Rows": 3, "Plan Width": 4, "Actual Rows": 91, "Actual Loops": 66005, "Cache Key": "ph.userid", "Cache Mode": "logical", "Cache Hits": 27529, "Cache Misses": 4906, "Cache Evictions": 0, "Cache Overflows": 0, "Peak Memory Usage": 1677, "Workers": [{"Worker Number": 0, "Cache Hits": 28588, "Cache Misses": 4982, "Cache Evictions": 0, "Cache Overflows": 0, "Peak Memory Usage": 1685}], "Plans": [{"Node Type": "Index Only Scan", "Parent Relationship": "Outer", "Parallel Aware": false, "Async Capable": false, "Scan Direction": "Forward", "Index Name": "idx_badges_userid", "Relation Name": "badges", "Alias": "b", "Startup Cost": 0.29, "Total Cost": 0.35, "Plan Rows": 3, "Plan Width": 4, "Actual Rows": 8, "Actual Loops": 9888, "Index Cond": "(userid = ph.userid)", "Rows Removed by Index Recheck": 0, "Heap Fetches": 0, "Workers": []}]}]}, {"Node Type": "Hash", "Parent Relationship": "Inner", "Parallel Aware": true, "Async Capable": false, "Startup Cost": 4769.54, "Total Cost": 4769.54, "Plan Rows": 102011.0, "Plan Width": 8, "Actual Rows": 24379, "Actual Loops": 2, "Hash Buckets": 131072, "Original Hash Buckets": 131072, "Hash Batches": 1, "Original Hash Batches": 1, "Peak Memory Usage": 2976, "Workers": [], "Plans": [{"Node Type": "Hash Join", "Parent Relationship": "Outer", "Parallel Aware": false, "Async Capable": false, "Join Type": "Inner", "Startup Cost": 1679.66, "Total Cost": 4769.54, "Plan Rows": 102011.0, "Plan Width": 8, "Actual Rows": 24379, "Actual Loops": 2, "Inner Unique": true, "Hash Cond": "(c.userid = u.id)", "Workers": [], "Plans": [{"Node Type": "Seq Scan", "Parent Relationship": "Outer", "Parallel Aware": true, "Async Capable": false, "Relation Name": "comments", "Alias": "c", "Startup Cost": 0.0, "Total Cost": 2881.99, "Plan Rows": 79188, "Plan Width": 4, "Actual Rows": 67395, "Actual Loops": 2, "Filter": "((creationdate >= '2010-07-20 10:52:57'::timestamp without time zone) AND (score = 0))", "Rows Removed by Filter": 19758, "Workers": []}, {"Node Type": "Hash", "Parent Relationship": "Inner", "Parallel Aware": false, "Async Capable": false, "Startup Cost": 1204.31, "Total Cost": 1204.31, "Plan Rows": 38028, "Plan Width": 4, "Actual Rows": 38069, "Actual Loops": 2, "Hash Buckets": 65536, "Original Hash Buckets": 65536, "Hash Batches": 1, "Original Hash Batches": 1, "Peak Memory Usage": 1851, "Workers": [], "Plans": [{"Node Type": "Seq Scan", "Parent Relationship": "Outer", "Parallel Aware": false, "Async Capable": false, "Relation Name": "users", "Alias": "u", "Startup Cost": 0.0, "Total Cost": 1204.31, "Plan Rows": 38028, "Plan Width": 4, "Actual Rows": 38069, "Actual Loops": 2, "Filter": "((reputation >= 1) AND (reputation <= 356) AND (downvotes <= 34) AND (creationdate >= '2010-07-19 21:29:29'::timestamp without time zone) AND (creationdate <= '2014-08-20 14:31:46'::timestamp without time zone))", "Rows Removed by Filter": 2256, "Workers": []}]}]}]}]}]}]}]}, "Planning Time": 5.809, "Triggers": [], "Execution Time": 439.945}, {"Plan": {"Node Type": "Aggregate", "Strategy": "Plain", "Partial Mode": "Finalize", "Parallel Aware": false, "Async Capable": false, "Startup Cost": 11747332.77, "Total Cost": 11747332.78, "Plan Rows": 1, "Plan Width": 8, "Plans": [{"Node Type": "Gather", "Parent Relationship": "Outer", "Parallel Aware": false, "Async Capable": false, "Startup Cost": 11747332.66, "Total Cost": 11747332.77, "Plan Rows": 1, "Plan Width": 8, "Workers Planned": 1, "Single Copy": false, "Plans": [{"Node Type": "Aggregate", "Strategy": "Plain", "Partial Mode": "Partial", "Parent Relationship": "Outer", "Parallel Aware": false, "Async Capable": false, "Startup Cost": 11746332.66, "Total Cost": 11746332.67, "Plan Rows": 1, "Plan Width": 8, "Plans": [{"Node Type": "Hash Join", "Parent Relationship": "Outer", "Parallel Aware": false, "Async Capable": false, "Join Type": "Inner", "Startup Cost": 1680.27, "Total Cost": 6381658.53, "Plan Rows": 666289.0, "Plan Width": 0, "Inner Unique": true, "Hash Cond": "(c.userid = u.id)", "Plans": [{"Node Type": "Nested Loop", "Parent Relationship": "Outer", "Parallel Aware": false, "Async Capable": false, "Join Type": "Inner", "Startup Cost": 0.61, "Total Cost": 305742.02, "Plan Rows": 10081444.0, "Plan Width": 12, "Inner Unique": false, "Plans": [{"Node Type": "Nested Loop", "Parent Relationship": "Outer", "Parallel Aware": false, "Async Capable": false, "Join Type": "Inner", "Startup Cost": 0.3, "Total Cost": 13739.69, "Plan Rows": 4181832.0, "Plan Width": 8, "Inner Unique": false, "Plans": [{"Node Type": "Seq Scan", "Parent Relationship": "Outer", "Parallel Aware": true, "Async Capable": false, "Relation Name": "posthistory", "Alias": "ph", "Startup Cost": 0.0, "Total Cost": 4915.18, "Plan Rows": 38711, "Plan Width": 4, "Filter": "((creationdate >= '2011-01-31 15:35:37'::timestamp without time zone) AND (posthistorytypeid = 5))"}, {"Node Type": "Memoize", "Parent Relationship": "Inner", "Parallel Aware": false, "Async Capable": false, "Startup Cost": 0.3, "Total Cost": 0.36, "Plan Rows": 3, "Plan Width": 4, "Cache Key": "ph.userid", "Cache Mode": "logical", "Plans": [{"Node Type": "Index Only Scan", "Parent Relationship": "Outer", "Parallel Aware": false, "Async Capable": false, "Scan Direction": "Forward", "Index Name": "idx_badges_userid", "Relation Name": "badges", "Alias": "b", "Startup Cost": 0.29, "Total Cost": 0.35, "Plan Rows": 3, "Plan Width": 4, "Index Cond": "(userid = ph.userid)"}]}]}, {"Node Type": "Memoize", "Parent Relationship": "Inner", "Parallel Aware": false, "Async Capable": false, "Startup Cost": 0.3, "Total Cost": 0.69, "Plan Rows": 10, "Plan Width": 4, "Cache Key": "ph.userid", "Cache Mode": "logical", "Plans": [{"Node Type": "Index Scan", "Parent Relationship": "Outer", "Parallel Aware": false, "Async Capable": false, "Scan Direction": "Forward", "Index Name": "idx_comments_userid", "Relation Name": "comments", "Alias": "c", "Startup Cost": 0.29, "Total Cost": 0.68, "Plan Rows": 10, "Plan Width": 4, "Index Cond": "(userid = ph.userid)", "Filter": "((creationdate >= '2010-07-20 10:52:57'::timestamp without time zone) AND (score = 0))"}]}]}, {"Node Type": "Hash", "Parent Relationship": "Inner", "Parallel Aware": false, "Async Capable": false, "Startup Cost": 1204.31, "Total Cost": 1204.31, "Plan Rows": 38028, "Plan Width": 4, "Plans": [{"Node Type": "Seq Scan", "Parent Relationship": "Outer", "Parallel Aware": false, "Async Capable": false, "Relation Name": "users", "Alias": "u", "Startup Cost": 0.0, "Total Cost": 1204.31, "Plan Rows": 38028, "Plan Width": 4, "Filter": "((reputation >= 1) AND (reputation <= 356) AND (downvotes <= 34) AND (creationdate >= '2010-07-19 21:29:29'::timestamp without time zone) AND (creationdate <= '2014-08-20 14:31:46'::timestamp without time zone))"}]}]}]}]}]}, "Timeout Time": 5000}, {"Plan": {"Node Type": "Aggregate", "Strategy": "Plain", "Partial Mode": "Finalize", "Parallel Aware": false, "Async Capable": false, "Startup Cost": 5469238.06, "Total Cost": 5469238.07, "Plan Rows": 1, "Plan Width": 8, "Actual Rows": 1, "Actual Loops": 1, "Plans": [{"Node Type": "Gather", "Parent Relationship": "Outer", "Parallel Aware": false, "Async Capable": false, "Startup Cost": 5469237.94, "Total Cost": 5469238.05, "Plan Rows": 1, "Plan Width": 8, "Actual Rows": 2, "Actual Loops": 1, "Workers Planned": 1, "Workers Launched": 1, "Single Copy": false, "Plans": [{"Node Type": "Aggregate", "Strategy": "Plain", "Partial Mode": "Partial", "Parent Relationship": "Outer", "Parallel Aware": false, "Async Capable": false, "Startup Cost": 5468237.94, "Total Cost": 5468237.95, "Plan Rows": 1, "Plan Width": 8, "Actual Rows": 1, "Actual Loops": 2, "Workers": [], "Plans": [{"Node Type": "Hash Join", "Parent Relationship": "Outer", "Parallel Aware": true, "Async Capable": false, "Join Type": "Inner", "Startup Cost": 7121.32, "Total Cost": 103563.82, "Plan Rows": 666289.0, "Plan Width": 0, "Actual Rows": 1017305, "Actual Loops": 2, "Inner Unique": false, "Hash Cond": "(c.userid = u.id)", "Workers": [], "Plans": [{"Node Type": "Nested Loop", "Parent Relationship": "Outer", "Parallel Aware": false, "Async Capable": false, "Join Type": "Inner", "Startup Cost": 0.3, "Total Cost": 11386.11, "Plan Rows": 13094715.0, "Plan Width": 8, "Actual Rows": 5117873, "Actual Loops": 2, "Inner Unique": false, "Workers": [], "Plans": [{"Node Type": "Seq Scan", "Parent Relationship": "Outer", "Parallel Aware": true, "Async Capable": false, "Relation Name": "comments", "Alias": "c", "Startup Cost": 0.0, "Total Cost": 2881.99, "Plan Rows": 79188, "Plan Width": 4, "Actual Rows": 67395, "Actual Loops": 2, "Filter": "((creationdate >= '2010-07-20 10:52:57'::timestamp without time zone) AND (score = 0))", "Rows Removed by Filter": 19758, "Workers": []}, {"Node Type": "Memoize", "Parent Relationship": "Inner", "Parallel Aware": false, "Async Capable": false, "Startup Cost": 0.3, "Total Cost": 0.36, "Plan Rows": 3, "Plan Width": 4, "Actual Rows": 76, "Actual Loops": 134790, "Cache Key": "c.userid", "Cache Mode": "logical", "Cache Hits": 57002, "Cache Misses": 9151, "Cache Evictions": 0, "Cache Overflows": 0, "Peak Memory Usage": 2384, "Workers": [{"Worker Number": 0, "Cache Hits": 59362, "Cache Misses": 9275, "Cache Evictions": 0, "Cache Overflows": 0, "Peak Memory Usage": 2413}], "Plans": [{"Node Type": "Index Only Scan", "Parent Relationship": "Outer", "Parallel Aware": false, "Async Capable": false, "Scan Direction": "Forward", "Index Name": "idx_badges_userid", "Relation Name": "badges", "Alias": "b", "Startup Cost": 0.29, "Total Cost": 0.35, "Plan Rows": 3, "Plan Width": 4, "Actual Rows": 6, "Actual Loops": 18426, "Index Cond": "(userid = c.userid)", "Rows Removed by Index Recheck": 0, "Heap Fetches": 0, "Workers": []}]}]}, {"Node Type": "Hash", "Parent Relationship": "Inner", "Parallel Aware": true, "Async Capable": false, "Startup Cost": 6696.47, "Total Cost": 6696.47, "Plan Rows": 77422.0, "Plan Width": 8, "Actual Rows": 8446, "Actual Loops": 2, "Hash Buckets": 65536, "Original Hash Buckets": 65536, "Hash Batches": 1, "Original Hash Batches": 1, "Peak Memory Usage": 1216, "Workers": [], "Plans": [{"Node Type": "Hash Join", "Parent Relationship": "Outer", "Parallel Aware": false, "Async Capable": false, "Join Type": "Inner", "Startup Cost": 1679.66, "Total Cost": 6696.47, "Plan Rows": 77422.0, "Plan Width": 8, "Actual Rows": 8446, "Actual Loops": 2, "Inner Unique": true, "Hash Cond": "(ph.userid = u.id)", "Workers": [], "Plans": [{"Node Type": "Seq Scan", "Parent Relationship": "Outer", "Parallel Aware": true, "Async Capable": false, "Relation Name": "posthistory", "Alias": "ph", "Startup Cost": 0.0, "Total Cost": 4915.18, "Plan Rows": 38711, "Plan Width": 4, "Actual Rows": 33002, "Actual Loops": 2, "Filter": "((creationdate >= '2011-01-31 15:35:37'::timestamp without time zone) AND (posthistorytypeid = 5))", "Rows Removed by Filter": 118591, "Workers": []}, {"Node Type": "Hash", "Parent Relationship": "Inner", "Parallel Aware": false, "Async Capable": false, "Startup Cost": 1204.31, "Total Cost": 1204.31, "Plan Rows": 38028, "Plan Width": 4, "Actual Rows": 38069, "Actual Loops": 2, "Hash Buckets": 65536, "Original Hash Buckets": 65536, "Hash Batches": 1, "Original Hash Batches": 1, "Peak Memory Usage": 1851, "Workers": [], "Plans": [{"Node Type": "Seq Scan", "Parent Relationship": "Outer", "Parallel Aware": false, "Async Capable": false, "Relation Name": "users", "Alias": "u", "Startup Cost": 0.0, "Total Cost": 1204.31, "Plan Rows": 38028, "Plan Width": 4, "Actual Rows": 38069, "Actual Loops": 2, "Filter": "((reputation >= 1) AND (reputation <= 356) AND (downvotes <= 34) AND (creationdate >= '2010-07-19 21:29:29'::timestamp without time zone) AND (creationdate <= '2014-08-20 14:31:46'::timestamp without time zone))", "Rows Removed by Filter": 2256, "Workers": []}]}]}]}]}]}]}]}, "Planning Time": 5.751, "Triggers": [], "Execution Time": 598.21}, {"Plan": {"Node Type": "Aggregate", "Strategy": "Plain", "Partial Mode": "Simple", "Parallel Aware": false, "Async Capable": false, "Startup Cost": 9407441.42, "Total Cost": 9407441.43, "Plan Rows": 1, "Plan Width": 8, "Actual Rows": 1, "Actual Loops": 1, "Plans": [{"Node Type": "Merge Join", "Parent Relationship": "Outer", "Parallel Aware": false, "Async Capable": false, "Join Type": "Inner", "Startup Cost": 12055.56, "Total Cost": 287495.41, "Plan Rows": 666289.0, "Plan Width": 0, "Actual Rows": 2034610, "Actual Loops": 1, "Inner Unique": false, "Merge Cond": "(u.id = c.userid)", "Plans": [{"Node Type": "Merge Join", "Parent Relationship": "Outer", "Parallel Aware": false, "Async Capable": false, "Join Type": "Inner", "Startup Cost": 12054.7, "Total Cost": 14894.21, "Plan Rows": 77422.0, "Plan Width": 8, "Actual Rows": 16892, "Actual Loops": 1, "Inner Unique": false, "Merge Cond": "(u.id = ph.userid)", "Plans": [{"Node Type": "Index Scan", "Parent Relationship": "Outer", "Parallel Aware": false, "Async Capable": false, "Scan Direction": "Forward", "Index Name": "users_pkey", "Relation Name": "users", "Alias": "u", "Startup Cost": 0.29, "Total Cost": 1861.23, "Plan Rows": 38028, "Plan Width": 4, "Actual Rows": 38069, "Actual Loops": 1, "Filter": "((reputation >= 1) AND (reputation <= 356) AND (downvotes <= 34) AND (creationdate >= '2010-07-19 21:29:29'::timestamp without time zone) AND (creationdate <= '2014-08-20 14:31:46'::timestamp without time zone))", "Rows Removed by Filter": 2256}, {"Node Type": "Sort", "Parent Relationship": "Inner", "Parallel Aware": false, "Async Capable": false, "Startup Cost": 12054.41, "Total Cost": 12218.93, "Plan Rows": 65808, "Plan Width": 4, "Actual Rows": 65177, "Actual Loops": 1, "Sort Key": ["ph.userid"], "Sort Method": "quicksort", "Sort Space Used": 3073, "Sort Space Type": "Memory", "Plans": [{"Node Type": "Seq Scan", "Parent Relationship": "Outer", "Parallel Aware": false, "Async Capable": false, "Relation Name": "posthistory", "Alias": "ph", "Startup Cost": 0.0, "Total Cost": 6787.8, "Plan Rows": 65808, "Plan Width": 4, "Actual Rows": 66005, "Actual Loops": 1, "Filter": "((creationdate >= '2011-01-31 15:35:37'::timestamp without time zone) AND (posthistorytypeid = 5))", "Rows Removed by Filter": 237182}]}]}, {"Node Type": "Materialize", "Parent Relationship": "Inner", "Parallel Aware": false, "Async Capable": false, "Startup Cost": 0.6, "Total Cost": 50011.41, "Plan Rows": 13094715.0, "Plan Width": 8, "Actual Rows": 12032816, "Actual Loops": 1, "Plans": [{"Node Type": "Nested Loop", "Parent Relationship": "Outer", "Parallel Aware": false, "Async Capable": false, "Join Type": "Inner", "Startup Cost": 0.6, "Total Cost": 19970.42, "Plan Rows": 13094715.0, "Plan Width": 8, "Actual Rows": 10234605, "Actual Loops": 1, "Inner Unique": false, "Plans": [{"Node Type": "Index Scan", "Parent Relationship": "Outer", "Parallel Aware": false, "Async Capable": false, "Scan Direction": "Forward", "Index Name": "idx_comments_userid", "Relation Name": "comments", "Alias": "c", "Startup Cost": 0.29, "Total Cost": 8694.72, "Plan Rows": 134619, "Plan Width": 4, "Actual Rows": 132075, "Actual Loops": 1, "Filter": "((creationdate >= '2010-07-20 10:52:57'::timestamp without time zone) AND (score = 0))", "Rows Removed by Filter": 38803}, {"Node Type": "Memoize", "Parent Relationship": "Inner", "Parallel Aware": false, "Async Capable": false, "Startup Cost": 0.3, "Total Cost": 0.36, "Plan Rows": 3, "Plan Width": 4, "Actual Rows": 77, "Actual Loops": 132075, "Cache Key": "c.userid", "Cache Mode": "logical", "Cache Hits": 119172, "Cache Misses": 12903, "Cache Evictions": 0, "Cache Overflows": 0, "Peak Memory Usage": 2946, "Plans": [{"Node Type": "Index Only Scan", "Parent Relationship": "Outer", "Parallel Aware": false, "Async Capable": false, "Scan Direction": "Forward", "Index Name": "idx_badges_userid", "Relation Name": "badges", "Alias": "b", "Startup Cost": 0.29, "Total Cost": 0.35, "Plan Rows": 3, "Plan Width": 4, "Actual Rows": 5, "Actual Loops": 12903, "Index Cond": "(userid = c.userid)", "Rows Removed by Index Recheck": 0, "Heap Fetches": 0}]}]}]}]}]}, "Planning Time": 3.146, "Triggers": [], "Execution Time": 2420.248}, {"Plan": {"Node Type": "Aggregate", "Strategy": "Plain", "Partial Mode": "Finalize", "Parallel Aware": false, "Async Capable": false, "Startup Cost": 6164129.35, "Total Cost": 6164129.36, "Plan Rows": 1, "Plan Width": 8, "Actual Rows": 1, "Actual Loops": 1, "Plans": [{"Node Type": "Gather", "Parent Relationship": "Outer", "Parallel Aware": false, "Async Capable": false, "Startup Cost": 6164129.24, "Total Cost": 6164129.35, "Plan Rows": 1, "Plan Width": 8, "Actual Rows": 2, "Actual Loops": 1, "Workers Planned": 1, "Workers Launched": 1, "Single Copy": false, "Plans": [{"Node Type": "Aggregate", "Strategy": "Plain", "Partial Mode": "Partial", "Parent Relationship": "Outer", "Parallel Aware": false, "Async Capable": false, "Startup Cost": 6163129.24, "Total Cost": 6163129.25, "Plan Rows": 1, "Plan Width": 8, "Actual Rows": 1, "Actual Loops": 2, "Workers": [], "Plans": [{"Node Type": "Merge Join", "Parent Relationship": "Outer", "Parallel Aware": false, "Async Capable": false, "Join Type": "Inner", "Startup Cost": 13211.29, "Total Cost": 798455.12, "Plan Rows": 666289.0, "Plan Width": 0, "Actual Rows": 1017305, "Actual Loops": 2, "Inner Unique": false, "Merge Cond": "(u.id = b.userid)", "Workers": [], "Plans": [{"Node Type": "Merge Join", "Parent Relationship": "Outer", "Parallel Aware": false, "Async Capable": false, "Join Type": "Inner", "Startup Cost": 13206.84, "Total Cost": 22565.92, "Plan Rows": 165126.0, "Plan Width": 12, "Actual Rows": 97138, "Actual Loops": 2, "Inner Unique": false, "Merge Cond": "(c.userid = u.id)", "Workers": [], "Plans": [{"Node Type": "Index Scan", "Parent Relationship": "Outer", "Parallel Aware": true, "Async Capable": false, "Scan Direction": "Forward", "Index Name": "idx_comments_userid", "Relation Name": "comments", "Alias": "c", "Startup Cost": 0.29, "Total Cost": 7618.14, "Plan Rows": 79188, "Plan Width": 4, "Actual Rows": 66038, "Actual Loops": 2, "Filter": "((creationdate >= '2010-07-20 10:52:57'::timestamp without time zone) AND (score = 0))", "Rows Removed by Filter": 19402, "Workers": []}, {"Node Type": "Sort", "Parent Relationship": "Inner", "Parallel Aware": false, "Async Capable": false, "Startup Cost": 13206.51, "Total Cost": 13350.86, "Plan Rows": 77422.0, "Plan Width": 8, "Actual Rows": 106525, "Actual Loops": 2, "Sort Key": ["ph.userid"], "Sort Method": "quicksort", "Sort Space Used": 1296, "Sort Space Type": "Memory", "Workers": [{"Worker Number": 0, "Sort Method": "quicksort", "Sort Space Used": 1296, "Sort Space Type": "Memory"}], "Plans": [{"Node Type": "Hash Join", "Parent Relationship": "Outer", "Parallel Aware": false, "Async Capable": false, "Join Type": "Inner", "Startup Cost": 1679.66, "Total Cost": 8640.24, "Plan Rows": 77422.0, "Plan Width": 8, "Actual Rows": 16892, "Actual Loops": 2, "Inner Unique": true, "Hash Cond": "(ph.userid = u.id)", "Workers": [], "Plans": [{"Node Type": "Seq Scan", "Parent Relationship": "Outer", "Parallel Aware": false, "Async Capable": false, "Relation Name": "posthistory", "Alias": "ph", "Startup Cost": 0.0, "Total Cost": 6787.8, "Plan Rows": 65808, "Plan Width": 4, "Actual Rows": 66005, "Actual Loops": 2, "Filter": "((creationdate >= '2011-01-31 15:35:37'::timestamp without time zone) AND (posthistorytypeid = 5))", "Rows Removed by Filter": 237182, "Workers": []}, {"Node Type": "Hash", "Parent Relationship": "Inner", "Parallel Aware": false, "Async Capable": false, "Startup Cost": 1204.31, "Total Cost": 1204.31, "Plan Rows": 38028, "Plan Width": 4, "Actual Rows": 38069, "Actual Loops": 2, "Hash Buckets": 65536, "Original Hash Buckets": 65536, "Hash Batches": 1, "Original Hash Batches": 1, "Peak Memory Usage": 1851, "Workers": [], "Plans": [{"Node Type": "Seq Scan", "Parent Relationship": "Outer", "Parallel Aware": false, "Async Capable": false, "Relation Name": "users", "Alias": "u", "Startup Cost": 0.0, "Total Cost": 1204.31, "Plan Rows": 38028, "Plan Width": 4, "Actual Rows": 38069, "Actual Loops": 2, "Filter": "((reputation >= 1) AND (reputation <= 356) AND (downvotes <= 34) AND (creationdate >= '2010-07-19 21:29:29'::timestamp without time zone) AND (creationdate <= '2014-08-20 14:31:46'::timestamp without time zone))", "Rows Removed by Filter": 2256, "Workers": []}]}]}]}]}, {"Node Type": "Materialize", "Parent Relationship": "Inner", "Parallel Aware": false, "Async Capable": false, "Startup Cost": 0.29, "Total Cost": 1933.68, "Plan Rows": 79851, "Plan Width": 4, "Actual Rows": 1083573, "Actual Loops": 2, "Workers": [], "Plans": [{"Node Type": "Index Only Scan", "Parent Relationship": "Outer", "Parallel Aware": false, "Async Capable": false, "Scan Direction": "Forward", "Index Name": "idx_badges_userid", "Relation Name": "badges", "Alias": "b", "Startup Cost": 0.29, "Total Cost": 1734.06, "Plan Rows": 79851, "Plan Width": 4, "Actual Rows": 78756, "Actual Loops": 2, "Heap Fetches": 0, "Workers": []}]}]}]}]}]}, "Planning Time": 5.899, "Triggers": [], "Execution Time": 333.888}, {"Plan": {"Node Type": "Aggregate", "Strategy": "Plain", "Partial Mode": "Finalize", "Parallel Aware": false, "Async Capable": false, "Startup Cost": 5764816.53, "Total Cost": 5764816.54, "Plan Rows": 1, "Plan Width": 8, "Actual Rows": 1, "Actual Loops": 1, "Plans": [{"Node Type": "Gather", "Parent Relationship": "Outer", "Parallel Aware": false, "Async Capable": false, "Startup Cost": 5764816.42, "Total Cost": 5764816.53, "Plan Rows": 1, "Plan Width": 8, "Actual Rows": 2, "Actual Loops": 1, "Workers Planned": 1, "Workers Launched": 1, "Single Copy": false, "Plans": [{"Node Type": "Aggregate", "Strategy": "Plain", "Partial Mode": "Partial", "Parent Relationship": "Outer", "Parallel Aware": false, "Async Capable": false, "Startup Cost": 5763816.42, "Total Cost": 5763816.43, "Plan Rows": 1, "Plan Width": 8, "Actual Rows": 1, "Actual Loops": 2, "Workers": [], "Plans": [{"Node Type": "Hash Join", "Parent Relationship": "Outer", "Parallel Aware": true, "Async Capable": false, "Join Type": "Inner", "Startup Cost": 4476.02, "Total Cost": 399142.29, "Plan Rows": 666289.0, "Plan Width": 0, "Actual Rows": 1017305, "Actual Loops": 2, "Inner Unique": false, "Hash Cond": "(c.userid = u.id)", "Workers": [], "Plans": [{"Node Type": "Nested Loop", "Parent Relationship": "Outer", "Parallel Aware": false, "Async Capable": false, "Join Type": "Inner", "Startup Cost": 0.43, "Total Cost": 17438.64, "Plan Rows": 177531.0, "Plan Width": 8, "Actual Rows": 34557172, "Actual Loops": 2, "Inner Unique": false, "Workers": [], "Plans": [{"Node Type": "Seq Scan", "Parent Relationship": "Outer", "Parallel Aware": true, "Async Capable": false, "Relation Name": "comments", "Alias": "c", "Startup Cost": 0.0, "Total Cost": 2881.99, "Plan Rows": 79188, "Plan Width": 4, "Actual Rows": 67395, "Actual Loops": 2, "Filter": "((creationdate >= '2010-07-20 10:52:57'::timestamp without time zone) AND (score = 0))", "Rows Removed by Filter": 19758, "Workers": []}, {"Node Type": "Memoize", "Parent Relationship": "Inner", "Parallel Aware": false, "Async Capable": false, "Startup Cost": 0.43, "Total Cost": 0.82, "Plan Rows": 3, "Plan Width": 4, "Actual Rows": 513, "Actual Loops": 134790, "Cache Key": "c.userid", "Cache Mode": "logical", "Cache Hits": 59391, "Cache Misses": 9359, "Cache Evictions": 0, "Cache Overflows": 0, "Peak Memory Usage": 2763, "Workers": [{"Worker Number": 0, "Cache Hits": 57083, "Cache Misses": 8957, "Cache Evictions": 0, "Cache Overflows": 0, "Peak Memory Usage": 2727}], "Plans": [{"Node Type": "Index Scan", "Parent Relationship": "Outer", "Parallel Aware": false, "Async Capable": false, "Scan Direction": "Forward", "Index Name": "idx_posthistory_userid", "Relation Name": "posthistory", "Alias": "ph", "Startup Cost": 0.42, "Total Cost": 0.81, "Plan Rows": 3, "Plan Width": 4, "Actual Rows": 7, "Actual Loops": 18316, "Index Cond": "(userid = c.userid)", "Rows Removed by Index Recheck": 0, "Filter": "((creationdate >= '2011-01-31 15:35:37'::timestamp without time zone) AND (posthistorytypeid = 5))", "Rows Removed by Filter": 18, "Workers": []}]}]}, {"Node Type": "Hash", "Parent Relationship": "Inner", "Parallel Aware": true, "Async Capable": false, "Startup Cost": 3921.88, "Total Cost": 3921.88, "Plan Rows": 191027.0, "Plan Width": 8, "Actual Rows": 29056, "Actual Loops": 2, "Hash Buckets": 131072, "Original Hash Buckets": 131072, "Hash Batches": 1, "Original Hash Batches": 1, "Peak Memory Usage": 3328, "Workers": [], "Plans": [{"Node Type": "Merge Join", "Parent Relationship": "Outer", "Parallel Aware": false, "Async Capable": false, "Join Type": "Inner", "Startup Cost": 0.69, "Total Cost": 3921.88, "Plan Rows": 191027.0, "Plan Width": 8, "Actual Rows": 29056, "Actual Loops": 2, "Inner Unique": true, "Merge Cond": "(b.userid = u.id)", "Workers": [], "Plans": [{"Node Type": "Index Only Scan", "Parent Relationship": "Outer", "Parallel Aware": true, "Async Capable": false, "Scan Direction": "Forward", "Index Name": "idx_badges_userid", "Relation Name": "badges", "Alias": "b", "Startup Cost": 0.29, "Total Cost": 1405.26, "Plan Rows": 46971, "Plan Width": 4, "Actual Rows": 39510, "Actual Loops": 2, "Heap Fetches": 0, "Workers": []}, {"Node Type": "Index Scan", "Parent Relationship": "Inner", "Parallel Aware": false, "Async Capable": false, "Scan Direction": "Forward", "Index Name": "users_pkey", "Relation Name": "users", "Alias": "u", "Startup Cost": 0.29, "Total Cost": 1861.23, "Plan Rows": 38028, "Plan Width": 4, "Actual Rows": 38069, "Actual Loops": 2, "Filter": "((reputation >= 1) AND (reputation <= 356) AND (downvotes <= 34) AND (creationdate >= '2010-07-19 21:29:29'::timestamp without time zone) AND (creationdate <= '2014-08-20 14:31:46'::timestamp without time zone))", "Rows Removed by Filter": 2256, "Workers": []}]}]}]}]}]}]}, "Planning Time": 6.114, "Triggers": [], "Execution Time": 2794.083}, {"Plan": {"Node Type": "Aggregate", "Strategy": "Plain", "Partial Mode": "Finalize", "Parallel Aware": false, "Async Capable": false, "Startup Cost": 5484753.0, "Total Cost": 5484753.01, "Plan Rows": 1, "Plan Width": 8, "Actual Rows": 1, "Actual Loops": 1, "Plans": [{"Node Type": "Gather", "Parent Relationship": "Outer", "Parallel Aware": false, "Async Capable": false, "Startup Cost": 5484752.89, "Total Cost": 5484753.0, "Plan Rows": 1, "Plan Width": 8, "Actual Rows": 2, "Actual Loops": 1, "Workers Planned": 1, "Workers Launched": 1, "Single Copy": false, "Plans": [{"Node Type": "Aggregate", "Strategy": "Plain", "Partial Mode": "Partial", "Parent Relationship": "Outer", "Parallel Aware": false, "Async Capable": false, "Startup Cost": 5483752.89, "Total Cost": 5483752.9, "Plan Rows": 1, "Plan Width": 8, "Actual Rows": 1, "Actual Loops": 2, "Workers": [], "Plans": [{"Node Type": "Merge Join", "Parent Relationship": "Outer", "Parallel Aware": false, "Async Capable": false, "Join Type": "Inner", "Startup Cost": 1.46, "Total Cost": 119078.77, "Plan Rows": 666289.0, "Plan Width": 0, "Actual Rows": 1017305, "Actual Loops": 2, "Inner Unique": false, "Merge Cond": "(u.id = ph.userid)", "Workers": [], "Plans": [{"Node Type": "Merge Join", "Parent Relationship": "Outer", "Parallel Aware": false, "Async Capable": false, "Join Type": "Inner", "Startup Cost": 0.74, "Total Cost": 10377.53, "Plan Rows": 102011.0, "Plan Width": 8, "Actual Rows": 24379, "Actual Loops": 2, "Inner Unique": true, "Merge Cond": "(c.userid = u.id)", "Workers": [], "Plans": [{"Node Type": "Index Scan", "Parent Relationship": "Outer", "Parallel Aware": true, "Async Capable": false, "Scan Direction": "Forward", "Index Name": "idx_comments_userid", "Relation Name": "comments", "Alias": "c", "Startup Cost": 0.29, "Total Cost": 7618.14, "Plan Rows": 79188, "Plan Width": 4, "Actual Rows": 66038, "Actual Loops": 2, "Filter": "((creationdate >= '2010-07-20 10:52:57'::timestamp without time zone) AND (score = 0))", "Rows Removed by Filter": 19402, "Workers": []}, {"Node Type": "Index Scan", "Parent Relationship": "Inner", "Parallel Aware": false, "Async Capable": false, "Scan Direction": "Forward", "Index Name": "users_pkey", "Relation Name": "users", "Alias": "u", "Startup Cost": 0.29, "Total Cost": 1861.23, "Plan Rows": 38028, "Plan Width": 4, "Actual Rows": 38069, "Actual Loops": 2, "Filter": "((reputation >= 1) AND (reputation <= 356) AND (downvotes <= 34) AND (creationdate >= '2010-07-19 21:29:29'::timestamp without time zone) AND (creationdate <= '2014-08-20 14:31:46'::timestamp without time zone))", "Rows Removed by Filter": 2256, "Workers": []}]}, {"Node Type": "Materialize", "Parent Relationship": "Inner", "Parallel Aware": false, "Async Capable": false, "Startup Cost": 0.72, "Total Cost": 32402.6, "Plan Rows": 4181832.0, "Plan Width": 8, "Actual Rows": 6978034, "Actual Loops": 2, "Workers": [], "Plans": [{"Node Type": "Nested Loop", "Parent Relationship": "Outer", "Parallel Aware": false, "Async Capable": false, "Join Type": "Inner", "Startup Cost": 0.72, "Total Cost": 23787.4, "Plan Rows": 4181832.0, "Plan Width": 8, "Actual Rows": 6009990, "Actual Loops": 2, "Inner Unique": false, "Workers": [], "Plans": [{"Node Type": "Index Scan", "Parent Relationship": "Outer", "Parallel Aware": false, "Async Capable": false, "Scan Direction": "Forward", "Index Name": "idx_posthistory_userid", "Relation Name": "posthistory", "Alias": "ph", "Startup Cost": 0.42, "Total Cost": 13607.96, "Plan Rows": 65808, "Plan Width": 4, "Actual Rows": 65070, "Actual Loops": 2, "Filter": "((creationdate >= '2011-01-31 15:35:37'::timestamp without time zone) AND (posthistorytypeid = 5))", "Rows Removed by Filter": 213928, "Workers": []}, {"Node Type": "Memoize", "Parent Relationship": "Inner", "Parallel Aware": false, "Async Capable": false, "Startup Cost": 0.3, "Total Cost": 0.36, "Plan Rows": 3, "Plan Width": 4, "Actual Rows": 92, "Actual Loops": 130139, "Cache Key": "ph.userid", "Cache Mode": "logical", "Cache Hits": 57858, "Cache Misses": 7318, "Cache Evictions": 0, "Cache Overflows": 0, "Peak Memory Usage": 2165, "Workers": [{"Worker Number": 0, "Cache Hits": 57709, "Cache Misses": 7254, "Cache Evictions": 0, "Cache Overflows": 0, "Peak Memory Usage": 2153}], "Plans": [{"Node Type": "Index Only Scan", "Parent Relationship": "Outer", "Parallel Aware": false, "Async Capable": false, "Scan Direction": "Forward", "Index Name": "idx_badges_userid", "Relation Name": "badges", "Alias": "b", "Startup Cost": 0.29, "Total Cost": 0.35, "Plan Rows": 3, "Plan Width": 4, "Actual Rows": 7, "Actual Loops": 14572, "Index Cond": "(userid = ph.userid)", "Rows Removed by Index Recheck": 0, "Heap Fetches": 0, "Workers": []}]}]}]}]}]}]}]}, "Planning Time": 5.9, "Triggers": [], "Execution Time": 1747.29}, {"Plan": {"Node Type": "Aggregate", "Strategy": "Plain", "Partial Mode": "Finalize", "Parallel Aware": false, "Async Capable": false, "Startup Cost": 5439083.7, "Total Cost": 5439083.71, "Plan Rows": 1, "Plan Width": 8, "Actual Rows": 1, "Actual Loops": 1, "Plans": [{"Node Type": "Gather", "Parent Relationship": "Outer", "Parallel Aware": false, "Async Capable": false, "Startup Cost": 5439083.59, "Total Cost": 5439083.7, "Plan Rows": 1, "Plan Width": 8, "Actual Rows": 2, "Actual Loops": 1, "Workers Planned": 1, "Workers Launched": 1, "Single Copy": false, "Plans": [{"Node Type": "Aggregate", "Strategy": "Plain", "Partial Mode": "Partial", "Parent Relationship": "Outer", "Parallel Aware": false, "Async Capable": false, "Startup Cost": 5438083.59, "Total Cost": 5438083.6, "Plan Rows": 1, "Plan Width": 8, "Actual Rows": 1, "Actual Loops": 2, "Workers": [], "Plans": [{"Node Type": "Hash Join", "Parent Relationship": "Outer", "Parallel Aware": true, "Async Capable": false, "Join Type": "Inner", "Startup Cost": 31329.44, "Total Cost": 73409.46, "Plan Rows": 666289.0, "Plan Width": 0, "Actual Rows": 1017305, "Actual Loops": 2, "Inner Unique": false, "Hash Cond": "(c.userid = u.id)", "Workers": [], "Plans": [{"Node Type": "Seq Scan", "Parent Relationship": "Outer", "Parallel Aware": true, "Async Capable": false, "Relation Name": "comments", "Alias": "c", "Startup Cost": 0.0, "Total Cost": 2881.99, "Plan Rows": 79188, "Plan Width": 4, "Actual Rows": 67395, "Actual Loops": 2, "Filter": "((creationdate >= '2010-07-20 10:52:57'::timestamp without time zone) AND (score = 0))", "Rows Removed by Filter": 19758, "Workers": []}, {"Node Type": "Hash", "Parent Relationship": "Inner", "Parallel Aware": true, "Async Capable": false, "Startup Cost": 9098.04, "Total Cost": 9098.04, "Plan Rows": 359762.0, "Plan Width": 12, "Actual Rows": 51706, "Actual Loops": 2, "Hash Buckets": 4194304, "Original Hash Buckets": 4194304, "Hash Batches": 1, "Original Hash Batches": 1, "Peak Memory Usage": 37632, "Workers": [], "Plans": [{"Node Type": "Hash Join", "Parent Relationship": "Outer", "Parallel Aware": true, "Async Capable": false, "Join Type": "Inner", "Startup Cost": 7121.31, "Total Cost": 9098.04, "Plan Rows": 359762.0, "Plan Width": 12, "Actual Rows": 51706, "Actual Loops": 2, "Inner Unique": false, "Hash Cond": "(b.userid = u.id)", "Workers": [], "Plans": [{"Node Type": "Index Only Scan", "Parent Relationship": "Outer", "Parallel Aware": true, "Async Capable": false, "Scan Direction": "Forward", "Index Name": "idx_badges_userid", "Relation Name": "badges", "Alias": "b", "Startup Cost": 0.29, "Total Cost": 1405.26, "Plan Rows": 46971, "Plan Width": 4, "Actual Rows": 39926, "Actual Loops": 2, "Heap Fetches": 0, "Workers": []}, {"Node Type": "Hash", "Parent Relationship": "Inner", "Parallel Aware": true, "Async Capable": false, "Startup Cost": 6696.47, "Total Cost": 6696.47, "Plan Rows": 77422.0, "Plan Width": 8, "Actual Rows": 8446, "Actual Loops": 2, "Hash Buckets": 65536, "Original Hash Buckets": 65536, "Hash Batches": 1, "Original Hash Batches": 1, "Peak Memory Usage": 1184, "Workers": [], "Plans": [{"Node Type": "Hash Join", "Parent Relationship": "Outer", "Parallel Aware": false, "Async Capable": false, "Join Type": "Inner", "Startup Cost": 1679.66, "Total Cost": 6696.47, "Plan Rows": 77422.0, "Plan Width": 8, "Actual Rows": 8446, "Actual Loops": 2, "Inner Unique": true, "Hash Cond": "(ph.userid = u.id)", "Workers": [], "Plans": [{"Node Type": "Seq Scan", "Parent Relationship": "Outer", "Parallel Aware": true, "Async Capable": false, "Relation Name": "posthistory", "Alias": "ph", "Startup Cost": 0.0, "Total Cost": 4915.18, "Plan Rows": 38711, "Plan Width": 4, "Actual Rows": 33002, "Actual Loops": 2, "Filter": "((creationdate >= '2011-01-31 15:35:37'::timestamp without time zone) AND (posthistorytypeid = 5))", "Rows Removed by Filter": 118591, "Workers": []}, {"Node Type": "Hash", "Parent Relationship": "Inner", "Parallel Aware": false, "Async Capable": false, "Startup Cost": 1204.31, "Total Cost": 1204.31, "Plan Rows": 38028, "Plan Width": 4, "Actual Rows": 38069, "Actual Loops": 2, "Hash Buckets": 65536, "Original Hash Buckets": 65536, "Hash Batches": 1, "Original Hash Batches": 1, "Peak Memory Usage": 1851, "Workers": [], "Plans": [{"Node Type": "Seq Scan", "Parent Relationship": "Outer", "Parallel Aware": false, "Async Capable": false, "Relation Name": "users", "Alias": "u", "Startup Cost": 0.0, "Total Cost": 1204.31, "Plan Rows": 38028, "Plan Width": 4, "Actual Rows": 38069, "Actual Loops": 2, "Filter": "((reputation >= 1) AND (reputation <= 356) AND (downvotes <= 34) AND (creationdate >= '2010-07-19 21:29:29'::timestamp without time zone) AND (creationdate <= '2014-08-20 14:31:46'::timestamp without time zone))", "Rows Removed by Filter": 2256, "Workers": []}]}]}]}]}]}]}]}]}]}, "Planning Time": 3.138, "Triggers": [], "Execution Time": 273.587}]