[{"Plan": {"Node Type": "Aggregate", "Strategy": "Plain", "Partial Mode": "Simple", "Parallel Aware": false, "Async Capable": false, "Startup Cost": 4599.74, "Total Cost": 4599.75, "Plan Rows": 1, "Plan Width": 8, "Actual Rows": 1, "Actual Loops": 1, "Plans": [{"Node Type": "Nested Loop", "Parent Relationship": "Outer", "Parallel Aware": false, "Async Capable": false, "Join Type": "Inner", "Startup Cost": 2511.14, "Total Cost": 4509.25, "Plan Rows": 1.0, "Plan Width": 0, "Actual Rows": 33955, "Actual Loops": 1, "Inner Unique": false, "Join Filter": "(v.userid = u.id)", "Rows Removed by Join Filter": 0, "Plans": [{"Node Type": "Nested Loop", "Parent Relationship": "Outer", "Parallel Aware": false, "Async Capable": false, "Join Type": "Inner", "Startup Cost": 2510.71, "Total Cost": 4086.56, "Plan Rows": 1.0, "Plan Width": 8, "Actual Rows": 5051, "Actual Loops": 1, "Inner Unique": true, "Plans": [{"Node Type": "Nested Loop", "Parent Relationship": "Outer", "Parallel Aware": false, "Async Capable": false, "Join Type": "Inner", "Startup Cost": 2510.42, "Total Cost": 3877.47, "Plan Rows": 1.0, "Plan Width": 4, "Actual Rows": 12972, "Actual Loops": 1, "Inner Unique": false, "Join Filter": "(c.postid = p.id)", "Rows Removed by Join Filter": 0, "Plans": [{"Node Type": "Nested Loop", "Parent Relationship": "Outer", "Parallel Aware": false, "Async Capable": false, "Join Type": "Inner", "Startup Cost": 2510.0, "Total Cost": 3603.4, "Plan Rows": 1.0, "Plan Width": 12, "Actual Rows": 3997, "Actual Loops": 1, "Inner Unique": false, "Join Filter": "(p.id = ph.postid)", "Rows Removed by Join Filter": 0, "Plans": [{"Node Type": "Hash Join", "Parent Relationship": "Outer", "Parallel Aware": false, "Async Capable": false, "Join Type": "Inner", "Startup Cost": 2509.58, "Total Cost": 2731.74, "Plan Rows": 3.0, "Plan Width": 8, "Actual Rows": 3043, "Actual Loops": 1, "Inner Unique": true, "Hash Cond": "(pl.postid = p.id)", "Plans": [{"Node Type": "Seq Scan", "Parent Relationship": "Outer", "Parallel Aware": false, "Async Capable": false, "Relation Name": "postlinks", "Alias": "pl", "Startup Cost": 0.0, "Total Cost": 193.02, "Plan Rows": 11102, "Plan Width": 4, "Actual Rows": 11102, "Actual Loops": 1}, {"Node Type": "Hash", "Parent Relationship": "Inner", "Parallel Aware": false, "Async Capable": false, "Startup Cost": 2449.58, "Total Cost": 2449.58, "Plan Rows": 4800, "Plan Width": 4, "Actual Rows": 10286, "Actual Loops": 1, "Hash Buckets": 16384, "Original Hash Buckets": 8192, "Hash Batches": 1, "Original Hash Batches": 1, "Peak Memory Usage": 490, "Plans": [{"Node Type": "Seq Scan", "Parent Relationship": "Outer", "Parallel Aware": false, "Async Capable": false, "Relation Name": "posts", "Alias": "p", "Startup Cost": 0.0, "Total Cost": 2449.58, "Plan Rows": 4800, "Plan Width": 4, "Actual Rows": 10286, "Actual Loops": 1, "Filter": "((favoritecount >= 0) AND (favoritecount <= 2) AND (posttypeid = 1))", "Rows Removed by Filter": 81690}]}]}, {"Node Type": "Index Scan", "Parent Relationship": "Inner", "Parallel Aware": false, "Async Capable": false, "Scan Direction": "Forward", "Index Name": "idx_posthistory_postid", "Relation Name": "posthistory", "Alias": "ph", "Startup Cost": 0.42, "Total Cost": 1.49, "Plan Rows": 1, "Plan Width": 4, "Actual Rows": 1, "Actual Loops": 3043, "Index Cond": "(postid = pl.postid)", "Rows Removed by Index Recheck": 0, "Filter": "(posthistorytypeid = 5)", "Rows Removed by Filter": 5}]}, {"Node Type": "Index Scan", "Parent Relationship": "Inner", "Parallel Aware": false, "Async Capable": false, "Scan Direction": "Forward", "Index Name": "idx_comments_postid", "Relation Name": "comments", "Alias": "c", "Startup Cost": 0.42, "Total Cost": 0.59, "Plan Rows": 3, "Plan Width": 8, "Actual Rows": 3, "Actual Loops": 3997, "Index Cond": "(postid = ph.postid)", "Rows Removed by Index Recheck": 0, "Filter": "((creationdate >= '2010-07-20 06:26:28'::timestamp without time zone) AND (creationdate <= '2014-09-11 18:45:09'::timestamp without time zone) AND (score = 0))", "Rows Removed by Filter": 1}]}, {"Node Type": "Index Scan", "Parent Relationship": "Inner", "Parallel Aware": false, "Async Capable": false, "Scan Direction": "Forward", "Index Name": "users_pkey", "Relation Name": "users", "Alias": "u", "Startup Cost": 0.29, "Total Cost": 0.33, "Plan Rows": 1, "Plan Width": 4, "Actual Rows": 0, "Actual Loops": 12972, "Index Cond": "(id = c.userid)", "Rows Removed by Index Recheck": 0, "Filter": "((downvotes <= 0) AND (upvotes >= 0) AND (creationdate >= '2010-09-18 01:58:41'::timestamp without time zone))", "Rows Removed by Filter": 1}]}, {"Node Type": "Index Only Scan", "Parent Relationship": "Inner", "Parallel Aware": false, "Async Capable": false, "Scan Direction": "Forward", "Index Name": "idx_votes_userid", "Relation Name": "votes", "Alias": "v", "Startup Cost": 0.42, "Total Cost": 0.59, "Plan Rows": 9, "Plan Width": 4, "Actual Rows": 7, "Actual Loops": 5051, "Index Cond": "(userid = c.userid)", "Rows Removed by Index Recheck": 0, "Heap Fetches": 0}]}]}, "Planning Time": 5.822, "Triggers": [], "Execution Time": 103.7}, {"Plan": {"Node Type": "Aggregate", "Strategy": "Plain", "Partial Mode": "Simple", "Parallel Aware": false, "Async Capable": false, "Startup Cost": 6917.89, "Total Cost": 6917.9, "Plan Rows": 1, "Plan Width": 8, "Actual Rows": 1, "Actual Loops": 1, "Plans": [{"Node Type": "Merge Join", "Parent Relationship": "Outer", "Parallel Aware": false, "Async Capable": false, "Join Type": "Inner", "Startup Cost": 3908.22, "Total Cost": 6827.4, "Plan Rows": 1.0, "Plan Width": 0, "Actual Rows": 33955, "Actual Loops": 1, "Inner Unique": false, "Merge Cond": "(u.id = c.userid)", "Plans": [{"Node Type": "Merge Join", "Parent Relationship": "Outer", "Parallel Aware": false, "Async Capable": false, "Join Type": "Inner", "Startup Cost": 0.71, "Total Cost": 2828.74, "Plan Rows": 107.0, "Plan Width": 8, "Actual Rows": 18593, "Actual Loops": 1, "Inner Unique": true, "Merge Cond": "(v.userid = u.id)", "Plans": [{"Node Type": "Index Only Scan", "Parent Relationship": "Outer", "Parallel Aware": false, "Async Capable": false, "Scan Direction": "Forward", "Index Name": "idx_votes_userid", "Relation Name": "votes", "Alias": "v", "Startup Cost": 0.42, "Total Cost": 6175.27, "Plan Rows": 328064, "Plan Width": 4, "Actual Rows": 34705, "Actual Loops": 1, "Heap Fetches": 0}, {"Node Type": "Index Scan", "Parent Relationship": "Inner", "Parallel Aware": false, "Async Capable": false, "Scan Direction": "Forward", "Index Name": "users_pkey", "Relation Name": "users", "Alias": "u", "Startup Cost": 0.29, "Total Cost": 1659.6, "Plan Rows": 38633, "Plan Width": 4, "Actual Rows": 37830, "Actual Loops": 1, "Filter": "((downvotes <= 0) AND (upvotes >= 0) AND (creationdate >= '2010-09-18 01:58:41'::timestamp without time zone))", "Rows Removed by Filter": 1571}]}, {"Node Type": "Sort", "Parent Relationship": "Inner", "Parallel Aware": false, "Async Capable": false, "Startup Cost": 3907.25, "Total Cost": 3908.84, "Plan Rows": 1.0, "Plan Width": 4, "Actual Rows": 44026, "Actual Loops": 1, "Sort Key": ["c.userid"], "Sort Method": "quicksort", "Sort Space Used": 385, "Sort Space Type": "Memory", "Plans": [{"Node Type": "Nested Loop", "Parent Relationship": "Outer", "Parallel Aware": false, "Async Capable": false, "Join Type": "Inner", "Startup Cost": 2510.42, "Total Cost": 3877.47, "Plan Rows": 1.0, "Plan Width": 4, "Actual Rows": 12972, "Actual Loops": 1, "Inner Unique": false, "Join Filter": "(c.postid = p.id)", "Rows Removed by Join Filter": 0, "Plans": [{"Node Type": "Nested Loop", "Parent Relationship": "Outer", "Parallel Aware": false, "Async Capable": false, "Join Type": "Inner", "Startup Cost": 2510.0, "Total Cost": 3603.4, "Plan Rows": 1.0, "Plan Width": 12, "Actual Rows": 3997, "Actual Loops": 1, "Inner Unique": false, "Join Filter": "(p.id = ph.postid)", "Rows Removed by Join Filter": 0, "Plans": [{"Node Type": "Hash Join", "Parent Relationship": "Outer", "Parallel Aware": false, "Async Capable": false, "Join Type": "Inner", "Startup Cost": 2509.58, "Total Cost": 2731.74, "Plan Rows": 3.0, "Plan Width": 8, "Actual Rows": 3043, "Actual Loops": 1, "Inner Unique": true, "Hash Cond": "(pl.postid = p.id)", "Plans": [{"Node Type": "Seq Scan", "Parent Relationship": "Outer", "Parallel Aware": false, "Async Capable": false, "Relation Name": "postlinks", "Alias": "pl", "Startup Cost": 0.0, "Total Cost": 193.02, "Plan Rows": 11102, "Plan Width": 4, "Actual Rows": 11102, "Actual Loops": 1}, {"Node Type": "Hash", "Parent Relationship": "Inner", "Parallel Aware": false, "Async Capable": false, "Startup Cost": 2449.58, "Total Cost": 2449.58, "Plan Rows": 4800, "Plan Width": 4, "Actual Rows": 10286, "Actual Loops": 1, "Hash Buckets": 16384, "Original Hash Buckets": 8192, "Hash Batches": 1, "Original Hash Batches": 1, "Peak Memory Usage": 490, "Plans": [{"Node Type": "Seq Scan", "Parent Relationship": "Outer", "Parallel Aware": false, "Async Capable": false, "Relation Name": "posts", "Alias": "p", "Startup Cost": 0.0, "Total Cost": 2449.58, "Plan Rows": 4800, "Plan Width": 4, "Actual Rows": 10286, "Actual Loops": 1, "Filter": "((favoritecount >= 0) AND (favoritecount <= 2) AND (posttypeid = 1))", "Rows Removed by Filter": 81690}]}]}, {"Node Type": "Index Scan", "Parent Relationship": "Inner", "Parallel Aware": false, "Async Capable": false, "Scan Direction": "Forward", "Index Name": "idx_posthistory_postid", "Relation Name": "posthistory", "Alias": "ph", "Startup Cost": 0.42, "Total Cost": 1.49, "Plan Rows": 1, "Plan Width": 4, "Actual Rows": 1, "Actual Loops": 3043, "Index Cond": "(postid = pl.postid)", "Rows Removed by Index Recheck": 0, "Filter": "(posthistorytypeid = 5)", "Rows Removed by Filter": 5}]}, {"Node Type": "Index Scan", "Parent Relationship": "Inner", "Parallel Aware": false, "Async Capable": false, "Scan Direction": "Forward", "Index Name": "idx_comments_postid", "Relation Name": "comments", "Alias": "c", "Startup Cost": 0.42, "Total Cost": 0.59, "Plan Rows": 3, "Plan Width": 8, "Actual Rows": 3, "Actual Loops": 3997, "Index Cond": "(postid = ph.postid)", "Rows Removed by Index Recheck": 0, "Filter": "((creationdate >= '2010-07-20 06:26:28'::timestamp without time zone) AND (creationdate <= '2014-09-11 18:45:09'::timestamp without time zone) AND (score = 0))", "Rows Removed by Filter": 1}]}]}]}]}, "Planning Time": 4.891, "Triggers": [], "Execution Time": 93.012}, {"Plan": {"Node Type": "Aggregate", "Strategy": "Plain", "Partial Mode": "Finalize", "Parallel Aware": false, "Async Capable": false, "Startup Cost": 32330.61, "Total Cost": 32330.62, "Plan Rows": 1, "Plan Width": 8, "Actual Rows": 1, "Actual Loops": 1, "Plans": [{"Node Type": "Gather", "Parent Relationship": "Outer", "Parallel Aware": false, "Async Capable": false, "Startup Cost": 32330.49, "Total Cost": 32330.6, "Plan Rows": 1, "Plan Width": 8, "Actual Rows": 2, "Actual Loops": 1, "Workers Planned": 1, "Workers Launched": 1, "Single Copy": false, "Plans": [{"Node Type": "Aggregate", "Strategy": "Plain", "Partial Mode": "Partial", "Parent Relationship": "Outer", "Parallel Aware": false, "Async Capable": false, "Startup Cost": 31330.49, "Total Cost": 31330.5, "Plan Rows": 1, "Plan Width": 8, "Actual Rows": 1, "Actual Loops": 2, "Workers": [], "Plans": [{"Node Type": "Hash Join", "Parent Relationship": "Outer", "Parallel Aware": false, "Async Capable": false, "Join Type": "Inner", "Startup Cost": 9420.1, "Total Cost": 31277.26, "Plan Rows": 1.0, "Plan Width": 0, "Actual Rows": 16978, "Actual Loops": 2, "Inner Unique": false, "Hash Cond": "(ph.postid = p.id)", "Workers": [], "Plans": [{"Node Type": "Hash Join", "Parent Relationship": "Outer", "Parallel Aware": true, "Async Capable": false, "Join Type": "Inner", "Startup Cost": 6681.12, "Total Cost": 13534.59, "Plan Rows": 2.0, "Plan Width": 8, "Actual Rows": 143988, "Actual Loops": 2, "Inner Unique": false, "Hash Cond": "(c.userid = u.id)", "Workers": [], "Plans": [{"Node Type": "Hash Join", "Parent Relationship": "Outer", "Parallel Aware": true, "Async Capable": false, "Join Type": "Inner", "Startup Cost": 4126.13, "Total Cost": 10484.49, "Plan Rows": 9.0, "Plan Width": 12, "Actual Rows": 80870, "Actual Loops": 2, "Inner Unique": false, "Hash Cond": "(ph.postid = c.postid)", "Workers": [], "Plans": [{"Node Type": "Seq Scan", "Parent Relationship": "Outer", "Parallel Aware": true, "Async Capable": false, "Relation Name": "posthistory", "Alias": "ph", "Startup Cost": 0.0, "Total Cost": 4469.32, "Plan Rows": 40839, "Plan Width": 4, "Actual Rows": 34714, "Actual Loops": 2, "Filter": "(posthistorytypeid = 5)", "Rows Removed by Filter": 116880, "Workers": []}, {"Node Type": "Hash", "Parent Relationship": "Inner", "Parallel Aware": true, "Async Capable": false, "Startup Cost": 3138.32, "Total Cost": 3138.32, "Plan Rows": 79025, "Plan Width": 8, "Actual Rows": 67244, "Actual Loops": 2, "Hash Buckets": 262144, "Original Hash Buckets": 262144, "Hash Batches": 1, "Original Hash Batches": 1, "Peak Memory Usage": 7328, "Workers": [], "Plans": [{"Node Type": "Seq Scan", "Parent Relationship": "Outer", "Parallel Aware": true, "Async Capable": false, "Relation Name": "comments", "Alias": "c", "Startup Cost": 0.0, "Total Cost": 3138.32, "Plan Rows": 79025, "Plan Width": 8, "Actual Rows": 67244, "Actual Loops": 2, "Filter": "((creationdate >= '2010-07-20 06:26:28'::timestamp without time zone) AND (creationdate <= '2014-09-11 18:45:09'::timestamp without time zone) AND (score = 0))", "Rows Removed by Filter": 19909, "Workers": []}]}]}, {"Node Type": "Hash", "Parent Relationship": "Inner", "Parallel Aware": true, "Async Capable": false, "Startup Cost": 2381.88, "Total Cost": 2381.88, "Plan Rows": 107.0, "Plan Width": 8, "Actual Rows": 9338, "Actual Loops": 2, "Hash Buckets": 65536, "Original Hash Buckets": 65536, "Hash Batches": 1, "Original Hash Batches": 1, "Peak Memory Usage": 1248, "Workers": [], "Plans": [{"Node Type": "Merge Join", "Parent Relationship": "Outer", "Parallel Aware": false, "Async Capable": false, "Join Type": "Inner", "Startup Cost": 0.71, "Total Cost": 2381.88, "Plan Rows": 107.0, "Plan Width": 8, "Actual Rows": 18677, "Actual Loops": 1, "Inner Unique": true, "Merge Cond": "(v.userid = u.id)", "Workers": [], "Plans": [{"Node Type": "Index Only Scan", "Parent Relationship": "Outer", "Parallel Aware": true, "Async Capable": false, "Scan Direction": "Forward", "Index Name": "idx_votes_userid", "Relation Name": "votes", "Alias": "v", "Startup Cost": 0.42, "Total Cost": 4261.57, "Plan Rows": 136693, "Plan Width": 4, "Actual Rows": 34790, "Actual Loops": 1, "Heap Fetches": 0, "Workers": []}, {"Node Type": "Index Scan", "Parent Relationship": "Inner", "Parallel Aware": false, "Async Capable": false, "Scan Direction": "Forward", "Index Name": "users_pkey", "Relation Name": "users", "Alias": "u", "Startup Cost": 0.29, "Total Cost": 1659.6, "Plan Rows": 38633, "Plan Width": 4, "Actual Rows": 38712, "Actual Loops": 1, "Filter": "((downvotes <= 0) AND (upvotes >= 0) AND (creationdate >= '2010-09-18 01:58:41'::timestamp without time zone))", "Rows Removed by Filter": 1572, "Workers": []}]}]}]}, {"Node Type": "Hash", "Parent Relationship": "Inner", "Parallel Aware": false, "Async Capable": false, "Startup Cost": 2731.74, "Total Cost": 2731.74, "Plan Rows": 3.0, "Plan Width": 8, "Actual Rows": 3043, "Actual Loops": 2, "Hash Buckets": 4096, "Original Hash Buckets": 1024, "Hash Batches": 1, "Original Hash Batches": 1, "Peak Memory Usage": 151, "Workers": [], "Plans": [{"Node Type": "Hash Join", "Parent Relationship": "Outer", "Parallel Aware": false, "Async Capable": false, "Join Type": "Inner", "Startup Cost": 2509.58, "Total Cost": 2731.74, "Plan Rows": 3.0, "Plan Width": 8, "Actual Rows": 3043, "Actual Loops": 2, "Inner Unique": true, "Hash Cond": "(pl.postid = p.id)", "Workers": [], "Plans": [{"Node Type": "Seq Scan", "Parent Relationship": "Outer", "Parallel Aware": false, "Async Capable": false, "Relation Name": "postlinks", "Alias": "pl", "Startup Cost": 0.0, "Total Cost": 193.02, "Plan Rows": 11102, "Plan Width": 4, "Actual Rows": 11102, "Actual Loops": 2, "Workers": []}, {"Node Type": "Hash", "Parent Relationship": "Inner", "Parallel Aware": false, "Async Capable": false, "Startup Cost": 2449.58, "Total Cost": 2449.58, "Plan Rows": 4800, "Plan Width": 4, "Actual Rows": 10286, "Actual Loops": 2, "Hash Buckets": 16384, "Original Hash Buckets": 8192, "Hash Batches": 1, "Original Hash Batches": 1, "Peak Memory Usage": 490, "Workers": [], "Plans": [{"Node Type": "Seq Scan", "Parent Relationship": "Outer", "Parallel Aware": false, "Async Capable": false, "Relation Name": "posts", "Alias": "p", "Startup Cost": 0.0, "Total Cost": 2449.58, "Plan Rows": 4800, "Plan Width": 4, "Actual Rows": 10286, "Actual Loops": 2, "Filter": "((favoritecount >= 0) AND (favoritecount <= 2) AND (posttypeid = 1))", "Rows Removed by Filter": 81690, "Workers": []}]}]}]}]}]}]}]}, "Planning Time": 12.057, "Triggers": [], "Execution Time": 215.066}, {"Plan": {"Node Type": "Aggregate", "Strategy": "Plain", "Partial Mode": "Finalize", "Parallel Aware": false, "Async Capable": false, "Startup Cost": 44652.91, "Total Cost": 44652.92, "Plan Rows": 1, "Plan Width": 8, "Actual Rows": 1, "Actual Loops": 1, "Plans": [{"Node Type": "Gather", "Parent Relationship": "Outer", "Parallel Aware": false, "Async Capable": false, "Startup Cost": 44652.79, "Total Cost": 44652.9, "Plan Rows": 1, "Plan Width": 8, "Actual Rows": 2, "Actual Loops": 1, "Workers Planned": 1, "Workers Launched": 1, "Single Copy": false, "Plans": [{"Node Type": "Aggregate", "Strategy": "Plain", "Partial Mode": "Partial", "Parent Relationship": "Outer", "Parallel Aware": false, "Async Capable": false, "Startup Cost": 43652.79, "Total Cost": 43652.8, "Plan Rows": 1, "Plan Width": 8, "Actual Rows": 1, "Actual Loops": 2, "Workers": [], "Plans": [{"Node Type": "Merge Join", "Parent Relationship": "Outer", "Parallel Aware": false, "Async Capable": false, "Join Type": "Inner", "Startup Cost": 10341.83, "Total Cost": 43599.56, "Plan Rows": 1.0, "Plan Width": 0, "Actual Rows": 16978, "Actual Loops": 2, "Inner Unique": false, "Merge Cond": "(p.id = pl.postid)", "Workers": [], "Plans": [{"Node Type": "Merge Join", "Parent Relationship": "Outer", "Parallel Aware": false, "Async Capable": false, "Join Type": "Inner", "Startup Cost": 10340.18, "Total Cost": 10589.68, "Plan Rows": 1.0, "Plan Width": 8, "Actual Rows": 5500, "Actual Loops": 2, "Inner Unique": true, "Merge Cond": "(ph.postid = p.id)", "Workers": [], "Plans": [{"Node Type": "Sort", "Parent Relationship": "Outer", "Parallel Aware": false, "Async Capable": false, "Startup Cost": 7597.11, "Total Cost": 7699.2, "Plan Rows": 40839, "Plan Width": 4, "Actual Rows": 34652, "Actual Loops": 2, "Sort Key": ["ph.postid"], "Sort Method": "quicksort", "Sort Space Used": 1537, "Sort Space Type": "Memory", "Workers": [{"Worker Number": 0, "Sort Method": "quicksort", "Sort Space Used": 385, "Sort Space Type": "Memory"}], "Plans": [{"Node Type": "Seq Scan", "Parent Relationship": "Outer", "Parallel Aware": true, "Async Capable": false, "Relation Name": "posthistory", "Alias": "ph", "Startup Cost": 0.0, "Total Cost": 4469.32, "Plan Rows": 40839, "Plan Width": 4, "Actual Rows": 34714, "Actual Loops": 2, "Filter": "(posthistorytypeid = 5)", "Rows Removed by Filter": 116880, "Workers": []}]}, {"Node Type": "Sort", "Parent Relationship": "Inner", "Parallel Aware": false, "Async Capable": false, "Startup Cost": 2743.07, "Total Cost": 2755.07, "Plan Rows": 4800, "Plan Width": 4, "Actual Rows": 10277, "Actual Loops": 2, "Sort Key": ["p.id"], "Sort Method": "quicksort", "Sort Space Used": 385, "Sort Space Type": "Memory", "Workers": [{"Worker Number": 0, "Sort Method": "quicksort", "Sort Space Used": 385, "Sort Space Type": "Memory"}], "Plans": [{"Node Type": "Seq Scan", "Parent Relationship": "Outer", "Parallel Aware": false, "Async Capable": false, "Relation Name": "posts", "Alias": "p", "Startup Cost": 0.0, "Total Cost": 2449.58, "Plan Rows": 4800, "Plan Width": 4, "Actual Rows": 10286, "Actual Loops": 2, "Filter": "((favoritecount >= 0) AND (favoritecount <= 2) AND (posttypeid = 1))", "Rows Removed by Filter": 81690, "Workers": []}]}]}, {"Node Type": "Materialize", "Parent Relationship": "Inner", "Parallel Aware": false, "Async Capable": false, "Startup Cost": 1.65, "Total Cost": 28500.33, "Plan Rows": 20.0, "Plan Width": 8, "Actual Rows": 63036, "Actual Loops": 2, "Workers": [], "Plans": [{"Node Type": "Nested Loop", "Parent Relationship": "Outer", "Parallel Aware": false, "Async Capable": false, "Join Type": "Inner", "Startup Cost": 1.65, "Total Cost": 24378.13, "Plan Rows": 20.0, "Plan Width": 8, "Actual Rows": 54549, "Actual Loops": 2, "Inner Unique": false, "Join Filter": "(v.userid = u.id)", "Rows Removed by Join Filter": 0, "Workers": [], "Plans": [{"Node Type": "Nested Loop", "Parent Relationship": "Outer", "Parallel Aware": false, "Async Capable": false, "Join Type": "Inner", "Startup Cost": 1.22, "Total Cost": 12654.13, "Plan Rows": 1.0, "Plan Width": 16, "Actual Rows": 8884, "Actual Loops": 2, "Inner Unique": true, "Workers": [], "Plans": [{"Node Type": "Merge Join", "Parent Relationship": "Outer", "Parallel Aware": false, "Async Capable": false, "Join Type": "Inner", "Startup Cost": 0.92, "Total Cost": 7665.36, "Plan Rows": 98.0, "Plan Width": 12, "Actual Rows": 24679, "Actual Loops": 2, "Inner Unique": false, "Merge Cond": "(pl.postid = c.postid)", "Workers": [], "Plans": [{"Node Type": "Index Only Scan", "Parent Relationship": "Outer", "Parallel Aware": false, "Async Capable": false, "Scan Direction": "Forward", "Index Name": "idx_postlinks_postid", "Relation Name": "postlinks", "Alias": "pl", "Startup Cost": 0.29, "Total Cost": 282.81, "Plan Rows": 11102, "Plan Width": 4, "Actual Rows": 11088, "Actual Loops": 2, "Heap Fetches": 0, "Workers": []}, {"Node Type": "Index Scan", "Parent Relationship": "Inner", "Parallel Aware": false, "Async Capable": false, "Scan Direction": "Forward", "Index Name": "idx_comments_postid", "Relation Name": "comments", "Alias": "c", "Startup Cost": 0.42, "Total Cost": 6728.53, "Plan Rows": 134342, "Plan Width": 8, "Actual Rows": 142853, "Actual Loops": 2, "Filter": "((creationdate >= '2010-07-20 06:26:28'::timestamp without time zone) AND (creationdate <= '2014-09-11 18:45:09'::timestamp without time zone) AND (score = 0))", "Rows Removed by Filter": 42784, "Workers": []}]}, {"Node Type": "Memoize", "Parent Relationship": "Inner", "Parallel Aware": false, "Async Capable": false, "Startup Cost": 0.3, "Total Cost": 0.34, "Plan Rows": 1, "Plan Width": 4, "Actual Rows": 0, "Actual Loops": 49358, "Cache Key": "c.userid", "Cache Mode": "logical", "Cache Hits": 21645, "Cache Misses": 3034, "Cache Evictions": 0, "Cache Overflows": 0, "Peak Memory Usage": 287, "Workers": [{"Worker Number": 0, "Cache Hits": 21645, "Cache Misses": 3034, "Cache Evictions": 0, "Cache Overflows": 0, "Peak Memory Usage": 287}], "Plans": [{"Node Type": "Index Scan", "Parent Relationship": "Outer", "Parallel Aware": false, "Async Capable": false, "Scan Direction": "Forward", "Index Name": "users_pkey", "Relation Name": "users", "Alias": "u", "Startup Cost": 0.29, "Total Cost": 0.33, "Plan Rows": 1, "Plan Width": 4, "Actual Rows": 1, "Actual Loops": 6068, "Index Cond": "(id = c.userid)", "Rows Removed by Index Recheck": 0, "Filter": "((downvotes <= 0) AND (upvotes >= 0) AND (creationdate >= '2010-09-18 01:58:41'::timestamp without time zone))", "Rows Removed by Filter": 0, "Workers": []}]}]}, {"Node Type": "Memoize", "Parent Relationship": "Inner", "Parallel Aware": false, "Async Capable": false, "Startup Cost": 0.43, "Total Cost": 0.6, "Plan Rows": 9, "Plan Width": 4, "Actual Rows": 6, "Actual Loops": 17768, "Cache Key": "c.userid", "Cache Mode": "logical", "Cache Hits": 6452, "Cache Misses": 2432, "Cache Evictions": 0, "Cache Overflows": 0, "Peak Memory Usage": 380, "Workers": [{"Worker Number": 0, "Cache Hits": 6452, "Cache Misses": 2432, "Cache Evictions": 0, "Cache Overflows": 0, "Peak Memory Usage": 380}], "Plans": [{"Node Type": "Index Only Scan", "Parent Relationship": "Outer", "Parallel Aware": false, "Async Capable": false, "Scan Direction": "Forward", "Index Name": "idx_votes_userid", "Relation Name": "votes", "Alias": "v", "Startup Cost": 0.42, "Total Cost": 0.59, "Plan Rows": 9, "Plan Width": 4, "Actual Rows": 3, "Actual Loops": 4864, "Index Cond": "(userid = c.userid)", "Rows Removed by Index Recheck": 0, "Heap Fetches": 0, "Workers": []}]}]}]}]}]}]}]}, "Planning Time": 12.236, "Triggers": [], "Execution Time": 260.551}, {"Plan": {"Node Type": "Aggregate", "Strategy": "Plain", "Partial Mode": "Simple", "Parallel Aware": false, "Async Capable": false, "Startup Cost": 17228.75, "Total Cost": 17228.76, "Plan Rows": 1, "Plan Width": 8, "Actual Rows": 1, "Actual Loops": 1, "Plans": [{"Node Type": "Hash Join", "Parent Relationship": "Outer", "Parallel Aware": false, "Async Capable": false, "Join Type": "Inner", "Startup Cost": 15695.25, "Total Cost": 17138.26, "Plan Rows": 1.0, "Plan Width": 0, "Actual Rows": 33955, "Actual Loops": 1, "Inner Unique": false, "Hash Cond": "(pl.postid = p.id)", "Plans": [{"Node Type": "Seq Scan", "Parent Relationship": "Outer", "Parallel Aware": false, "Async Capable": false, "Relation Name": "postlinks", "Alias": "pl", "Startup Cost": 0.0, "Total Cost": 193.02, "Plan Rows": 11102, "Plan Width": 4, "Actual Rows": 11102, "Actual Loops": 1}, {"Node Type": "Hash", "Parent Relationship": "Inner", "Parallel Aware": false, "Async Capable": false, "Startup Cost": 11948.19, "Total Cost": 11948.19, "Plan Rows": 1.0, "Plan Width": 12, "Actual Rows": 70333, "Actual Loops": 1, "Hash Buckets": 524288, "Original Hash Buckets": 524288, "Hash Batches": 1, "Original Hash Batches": 1, "Peak Memory Usage": 7119, "Plans": [{"Node Type": "Merge Join", "Parent Relationship": "Outer", "Parallel Aware": false, "Async Capable": false, "Join Type": "Inner", "Startup Cost": 11140.61, "Total Cost": 11948.19, "Plan Rows": 1.0, "Plan Width": 12, "Actual Rows": 70333, "Actual Loops": 1, "Inner Unique": false, "Merge Cond": "(v.userid = u.id)", "Plans": [{"Node Type": "Index Only Scan", "Parent Relationship": "Outer", "Parallel Aware": false, "Async Capable": false, "Scan Direction": "Forward", "Index Name": "idx_votes_userid", "Relation Name": "votes", "Alias": "v", "Startup Cost": 0.42, "Total Cost": 6175.27, "Plan Rows": 328064, "Plan Width": 4, "Actual Rows": 34781, "Actual Loops": 1, "Heap Fetches": 0}, {"Node Type": "Sort", "Parent Relationship": "Inner", "Parallel Aware": false, "Async Capable": false, "Startup Cost": 11140.19, "Total Cost": 11152.65, "Plan Rows": 1.0, "Plan Width": 20, "Actual Rows": 75203, "Actual Loops": 1, "Sort Key": ["c.userid"], "Sort Method": "quicksort", "Sort Space Used": 861, "Sort Space Type": "Memory", "Plans": [{"Node Type": "Gather", "Parent Relationship": "Outer", "Parallel Aware": false, "Async Capable": false, "Startup Cost": 3510.29, "Total Cost": 10833.96, "Plan Rows": 4986, "Plan Width": 20, "Actual Rows": 10174, "Actual Loops": 1, "Workers Planned": 1, "Workers Launched": 1, "Single Copy": false, "Plans": [{"Node Type": "Nested Loop", "Parent Relationship": "Outer", "Parallel Aware": false, "Async Capable": false, "Join Type": "Inner", "Startup Cost": 2510.29, "Total Cost": 9335.36, "Plan Rows": 1.0, "Plan Width": 20, "Actual Rows": 5087, "Actual Loops": 2, "Inner Unique": true, "Workers": [], "Plans": [{"Node Type": "Nested Loop", "Parent Relationship": "Outer", "Parallel Aware": false, "Async Capable": false, "Join Type": "Inner", "Startup Cost": 2510.0, "Total Cost": 8316.76, "Plan Rows": 1.0, "Plan Width": 16, "Actual Rows": 13248, "Actual Loops": 2, "Inner Unique": false, "Join Filter": "(p.id = ph.postid)", "Rows Removed by Join Filter": 0, "Workers": [], "Plans": [{"Node Type": "Hash Join", "Parent Relationship": "Outer", "Parallel Aware": false, "Async Capable": false, "Join Type": "Inner", "Startup Cost": 2509.58, "Total Cost": 5855.35, "Plan Rows": 1.0, "Plan Width": 12, "Actual Rows": 8552, "Actual Loops": 2, "Inner Unique": true, "Hash Cond": "(c.postid = p.id)", "Workers": [], "Plans": [{"Node Type": "Seq Scan", "Parent Relationship": "Outer", "Parallel Aware": true, "Async Capable": false, "Relation Name": "comments", "Alias": "c", "Startup Cost": 0.0, "Total Cost": 3138.32, "Plan Rows": 79025, "Plan Width": 8, "Actual Rows": 67244, "Actual Loops": 2, "Filter": "((creationdate >= '2010-07-20 06:26:28'::timestamp without time zone) AND (creationdate <= '2014-09-11 18:45:09'::timestamp without time zone) AND (score = 0))", "Rows Removed by Filter": 19909, "Workers": []}, {"Node Type": "Hash", "Parent Relationship": "Inner", "Parallel Aware": false, "Async Capable": false, "Startup Cost": 2449.58, "Total Cost": 2449.58, "Plan Rows": 4800, "Plan Width": 4, "Actual Rows": 10286, "Actual Loops": 2, "Hash Buckets": 16384, "Original Hash Buckets": 8192, "Hash Batches": 1, "Original Hash Batches": 1, "Peak Memory Usage": 490, "Workers": [], "Plans": [{"Node Type": "Seq Scan", "Parent Relationship": "Outer", "Parallel Aware": false, "Async Capable": false, "Relation Name": "posts", "Alias": "p", "Startup Cost": 0.0, "Total Cost": 2449.58, "Plan Rows": 4800, "Plan Width": 4, "Actual Rows": 10286, "Actual Loops": 2, "Filter": "((favoritecount >= 0) AND (favoritecount <= 2) AND (posttypeid = 1))", "Rows Removed by Filter": 81690, "Workers": []}]}]}, {"Node Type": "Index Scan", "Parent Relationship": "Inner", "Parallel Aware": false, "Async Capable": false, "Scan Direction": "Forward", "Index Name": "idx_posthistory_postid", "Relation Name": "posthistory", "Alias": "ph", "Startup Cost": 0.42, "Total Cost": 0.58, "Plan Rows": 1, "Plan Width": 4, "Actual Rows": 2, "Actual Loops": 17103, "Index Cond": "(postid = c.postid)", "Rows Removed by Index Recheck": 0, "Filter": "(posthistorytypeid = 5)", "Rows Removed by Filter": 5, "Workers": []}]}, {"Node Type": "Index Scan", "Parent Relationship": "Inner", "Parallel Aware": false, "Async Capable": false, "Scan Direction": "Forward", "Index Name": "users_pkey", "Relation Name": "users", "Alias": "u", "Startup Cost": 0.29, "Total Cost": 0.33, "Plan Rows": 1, "Plan Width": 4, "Actual Rows": 0, "Actual Loops": 26496, "Index Cond": "(id = c.userid)", "Rows Removed by Index Recheck": 0, "Filter": "((downvotes <= 0) AND (upvotes >= 0) AND (creationdate >= '2010-09-18 01:58:41'::timestamp without time zone))", "Rows Removed by Filter": 1, "Workers": []}]}]}]}]}]}]}]}, "Planning Time": 5.856, "Triggers": [], "Execution Time": 177.471}, {"Plan": {"Node Type": "Aggregate", "Strategy": "Plain", "Partial Mode": "Finalize", "Parallel Aware": false, "Async Capable": false, "Startup Cost": 11166.29, "Total Cost": 11166.3, "Plan Rows": 1, "Plan Width": 8, "Actual Rows": 1, "Actual Loops": 1, "Plans": [{"Node Type": "Gather", "Parent Relationship": "Outer", "Parallel Aware": false, "Async Capable": false, "Startup Cost": 11166.17, "Total Cost": 11166.28, "Plan Rows": 1, "Plan Width": 8, "Actual Rows": 2, "Actual Loops": 1, "Workers Planned": 1, "Workers Launched": 1, "Single Copy": false, "Plans": [{"Node Type": "Aggregate", "Strategy": "Plain", "Partial Mode": "Partial", "Parent Relationship": "Outer", "Parallel Aware": false, "Async Capable": false, "Startup Cost": 10166.17, "Total Cost": 10166.18, "Plan Rows": 1, "Plan Width": 8, "Actual Rows": 1, "Actual Loops": 2, "Workers": [], "Plans": [{"Node Type": "Hash Join", "Parent Relationship": "Outer", "Parallel Aware": false, "Async Capable": false, "Join Type": "Inner", "Startup Cost": 4818.26, "Total Cost": 10112.94, "Plan Rows": 1.0, "Plan Width": 0, "Actual Rows": 16978, "Actual Loops": 2, "Inner Unique": false, "Hash Cond": "(ph.postid = p.id)", "Workers": [], "Plans": [{"Node Type": "Seq Scan", "Parent Relationship": "Outer", "Parallel Aware": true, "Async Capable": false, "Relation Name": "posthistory", "Alias": "ph", "Startup Cost": 0.0, "Total Cost": 4469.32, "Plan Rows": 40839, "Plan Width": 4, "Actual Rows": 34714, "Actual Loops": 2, "Filter": "(posthistorytypeid = 5)", "Rows Removed by Filter": 116880, "Workers": []}, {"Node Type": "Hash", "Parent Relationship": "Inner", "Parallel Aware": false, "Async Capable": false, "Startup Cost": 4219.24, "Total Cost": 4219.24, "Plan Rows": 1.0, "Plan Width": 12, "Actual Rows": 17367, "Actual Loops": 2, "Hash Buckets": 65536, "Original Hash Buckets": 65536, "Hash Batches": 1, "Original Hash Batches": 1, "Peak Memory Usage": 1259, "Workers": [], "Plans": [{"Node Type": "Nested Loop", "Parent Relationship": "Outer", "Parallel Aware": false, "Async Capable": false, "Join Type": "Inner", "Startup Cost": 2510.71, "Total Cost": 4219.24, "Plan Rows": 1.0, "Plan Width": 12, "Actual Rows": 17367, "Actual Loops": 2, "Inner Unique": false, "Join Filter": "(v.userid = u.id)", "Rows Removed by Join Filter": 0, "Workers": [], "Plans": [{"Node Type": "Nested Loop", "Parent Relationship": "Outer", "Parallel Aware": false, "Async Capable": false, "Join Type": "Inner", "Startup Cost": 2510.29, "Total Cost": 3659.63, "Plan Rows": 1.0, "Plan Width": 20, "Actual Rows": 2505, "Actual Loops": 2, "Inner Unique": true, "Workers": [], "Plans": [{"Node Type": "Nested Loop", "Parent Relationship": "Outer", "Parallel Aware": false, "Async Capable": false, "Join Type": "Inner", "Startup Cost": 2510.0, "Total Cost": 3382.81, "Plan Rows": 1.0, "Plan Width": 16, "Actual Rows": 6935, "Actual Loops": 2, "Inner Unique": false, "Join Filter": "(c.postid = p.id)", "Rows Removed by Join Filter": 0, "Workers": [], "Plans": [{"Node Type": "Hash Join", "Parent Relationship": "Outer", "Parallel Aware": false, "Async Capable": false, "Join Type": "Inner", "Startup Cost": 2509.58, "Total Cost": 2731.74, "Plan Rows": 3.0, "Plan Width": 8, "Actual Rows": 3043, "Actual Loops": 2, "Inner Unique": true, "Hash Cond": "(pl.postid = p.id)", "Workers": [], "Plans": [{"Node Type": "Seq Scan", "Parent Relationship": "Outer", "Parallel Aware": false, "Async Capable": false, "Relation Name": "postlinks", "Alias": "pl", "Startup Cost": 0.0, "Total Cost": 193.02, "Plan Rows": 11102, "Plan Width": 4, "Actual Rows": 11102, "Actual Loops": 2, "Workers": []}, {"Node Type": "Hash", "Parent Relationship": "Inner", "Parallel Aware": false, "Async Capable": false, "Startup Cost": 2449.58, "Total Cost": 2449.58, "Plan Rows": 4800, "Plan Width": 4, "Actual Rows": 10286, "Actual Loops": 2, "Hash Buckets": 16384, "Original Hash Buckets": 8192, "Hash Batches": 1, "Original Hash Batches": 1, "Peak Memory Usage": 490, "Workers": [], "Plans": [{"Node Type": "Seq Scan", "Parent Relationship": "Outer", "Parallel Aware": false, "Async Capable": false, "Relation Name": "posts", "Alias": "p", "Startup Cost": 0.0, "Total Cost": 2449.58, "Plan Rows": 4800, "Plan Width": 4, "Actual Rows": 10286, "Actual Loops": 2, "Filter": "((favoritecount >= 0) AND (favoritecount <= 2) AND (posttypeid = 1))", "Rows Removed by Filter": 81690, "Workers": []}]}]}, {"Node Type": "Index Scan", "Parent Relationship": "Inner", "Parallel Aware": false, "Async Capable": false, "Scan Direction": "Forward", "Index Name": "idx_comments_postid", "Relation Name": "comments", "Alias": "c", "Startup Cost": 0.42, "Total Cost": 1.09, "Plan Rows": 3, "Plan Width": 8, "Actual Rows": 2, "Actual Loops": 6086, "Index Cond": "(postid = pl.postid)", "Rows Removed by Index Recheck": 0, "Filter": "((creationdate >= '2010-07-20 06:26:28'::timestamp without time zone) AND (creationdate <= '2014-09-11 18:45:09'::timestamp without time zone) AND (score = 0))", "Rows Removed by Filter": 1, "Workers": []}]}, {"Node Type": "Index Scan", "Parent Relationship": "Inner", "Parallel Aware": false, "Async Capable": false, "Scan Direction": "Forward", "Index Name": "users_pkey", "Relation Name": "users", "Alias": "u", "Startup Cost": 0.29, "Total Cost": 0.33, "Plan Rows": 1, "Plan Width": 4, "Actual Rows": 0, "Actual Loops": 13870, "Index Cond": "(id = c.userid)", "Rows Removed by Index Recheck": 0, "Filter": "((downvotes <= 0) AND (upvotes >= 0) AND (creationdate >= '2010-09-18 01:58:41'::timestamp without time zone))", "Rows Removed by Filter": 1, "Workers": []}]}, {"Node Type": "Index Only Scan", "Parent Relationship": "Inner", "Parallel Aware": false, "Async Capable": false, "Scan Direction": "Forward", "Index Name": "idx_votes_userid", "Relation Name": "votes", "Alias": "v", "Startup Cost": 0.42, "Total Cost": 0.59, "Plan Rows": 9, "Plan Width": 4, "Actual Rows": 7, "Actual Loops": 5010, "Index Cond": "(userid = c.userid)", "Rows Removed by Index Recheck": 0, "Heap Fetches": 0, "Workers": []}]}]}]}]}]}]}, "Planning Time": 10.35, "Triggers": [], "Execution Time": 145.967}, {"Plan": {"Node Type": "Aggregate", "Strategy": "Plain", "Partial Mode": "Finalize", "Parallel Aware": false, "Async Capable": false, "Startup Cost": 18424.42, "Total Cost": 18424.43, "Plan Rows": 1, "Plan Width": 8, "Actual Rows": 1, "Actual Loops": 1, "Plans": [{"Node Type": "Gather", "Parent Relationship": "Outer", "Parallel Aware": false, "Async Capable": false, "Startup Cost": 18424.2, "Total Cost": 18424.41, "Plan Rows": 2, "Plan Width": 8, "Actual Rows": 3, "Actual Loops": 1, "Workers Planned": 2, "Workers Launched": 2, "Single Copy": false, "Plans": [{"Node Type": "Aggregate", "Strategy": "Plain", "Partial Mode": "Partial", "Parent Relationship": "Outer", "Parallel Aware": false, "Async Capable": false, "Startup Cost": 17424.2, "Total Cost": 17424.21, "Plan Rows": 1, "Plan Width": 8, "Actual Rows": 1, "Actual Loops": 3, "Workers": [], "Plans": [{"Node Type": "Hash Join", "Parent Relationship": "Outer", "Parallel Aware": true, "Async Capable": false, "Join Type": "Inner", "Startup Cost": 14877.26, "Total Cost": 17386.5, "Plan Rows": 1.0, "Plan Width": 0, "Actual Rows": 11318, "Actual Loops": 3, "Inner Unique": false, "Hash Cond": "(p.id = pl.postid)", "Workers": [], "Plans": [{"Node Type": "Merge Join", "Parent Relationship": "Outer", "Parallel Aware": false, "Async Capable": false, "Join Type": "Inner", "Startup Cost": 9180.14, "Total Cost": 9723.63, "Plan Rows": 1.0, "Plan Width": 8, "Actual Rows": 10607, "Actual Loops": 3, "Inner Unique": false, "Merge Cond": "(v.userid = u.id)", "Workers": [], "Plans": [{"Node Type": "Index Only Scan", "Parent Relationship": "Outer", "Parallel Aware": true, "Async Capable": false, "Scan Direction": "Forward", "Index Name": "idx_votes_userid", "Relation Name": "votes", "Alias": "v", "Startup Cost": 0.42, "Total Cost": 4261.57, "Plan Rows": 136693, "Plan Width": 4, "Actual Rows": 11594, "Actual Loops": 3, "Heap Fetches": 0, "Workers": []}, {"Node Type": "Sort", "Parent Relationship": "Inner", "Parallel Aware": false, "Async Capable": false, "Startup Cost": 9179.72, "Total Cost": 9196.23, "Plan Rows": 1.0, "Plan Width": 16, "Actual Rows": 15789, "Actual Loops": 3, "Sort Key": ["c.userid"], "Sort Method": "quicksort", "Sort Space Used": 439, "Sort Space Type": "Memory", "Workers": [{"Worker Number": 0, "Sort Method": "quicksort", "Sort Space Used": 439, "Sort Space Type": "Memory"}, {"Worker Number": 1, "Sort Method": "quicksort", "Sort Space Used": 439, "Sort Space Type": "Memory"}], "Plans": [{"Node Type": "Hash Join", "Parent Relationship": "Outer", "Parallel Aware": false, "Async Capable": false, "Join Type": "Inner", "Startup Cost": 3995.18, "Total Cost": 8760.58, "Plan Rows": 1.0, "Plan Width": 16, "Actual Rows": 6318, "Actual Loops": 3, "Inner Unique": true, "Hash Cond": "(c.userid = u.id)", "Workers": [], "Plans": [{"Node Type": "Hash Join", "Parent Relationship": "Outer", "Parallel Aware": false, "Async Capable": false, "Join Type": "Inner", "Startup Cost": 2509.58, "Total Cost": 7256.58, "Plan Rows": 1.0, "Plan Width": 12, "Actual Rows": 17103, "Actual Loops": 3, "Inner Unique": true, "Hash Cond": "(c.postid = p.id)", "Workers": [], "Plans": [{"Node Type": "Seq Scan", "Parent Relationship": "Outer", "Parallel Aware": false, "Async Capable": false, "Relation Name": "comments", "Alias": "c", "Startup Cost": 0.0, "Total Cost": 4394.34, "Plan Rows": 134342, "Plan Width": 8, "Actual Rows": 134487, "Actual Loops": 3, "Filter": "((creationdate >= '2010-07-20 06:26:28'::timestamp without time zone) AND (creationdate <= '2014-09-11 18:45:09'::timestamp without time zone) AND (score = 0))", "Rows Removed by Filter": 39818, "Workers": []}, {"Node Type": "Hash", "Parent Relationship": "Inner", "Parallel Aware": false, "Async Capable": false, "Startup Cost": 2449.58, "Total Cost": 2449.58, "Plan Rows": 4800, "Plan Width": 4, "Actual Rows": 10286, "Actual Loops": 3, "Hash Buckets": 16384, "Original Hash Buckets": 8192, "Hash Batches": 1, "Original Hash Batches": 1, "Peak Memory Usage": 490, "Workers": [], "Plans": [{"Node Type": "Seq Scan", "Parent Relationship": "Outer", "Parallel Aware": false, "Async Capable": false, "Relation Name": "posts", "Alias": "p", "Startup Cost": 0.0, "Total Cost": 2449.58, "Plan Rows": 4800, "Plan Width": 4, "Actual Rows": 10286, "Actual Loops": 3, "Filter": "((favoritecount >= 0) AND (favoritecount <= 2) AND (posttypeid = 1))", "Rows Removed by Filter": 81690, "Workers": []}]}]}, {"Node Type": "Hash", "Parent Relationship": "Inner", "Parallel Aware": false, "Async Capable": false, "Startup Cost": 1002.69, "Total Cost": 1002.69, "Plan Rows": 38633, "Plan Width": 4, "Actual Rows": 38753, "Actual Loops": 3, "Hash Buckets": 65536, "Original Hash Buckets": 65536, "Hash Batches": 1, "Original Hash Batches": 1, "Peak Memory Usage": 1875, "Workers": [], "Plans": [{"Node Type": "Seq Scan", "Parent Relationship": "Outer", "Parallel Aware": false, "Async Capable": false, "Relation Name": "users", "Alias": "u", "Startup Cost": 0.0, "Total Cost": 1002.69, "Plan Rows": 38633, "Plan Width": 4, "Actual Rows": 38753, "Actual Loops": 3, "Filter": "((downvotes <= 0) AND (upvotes >= 0) AND (creationdate >= '2010-09-18 01:58:41'::timestamp without time zone))", "Rows Removed by Filter": 1572, "Workers": []}]}]}]}]}, {"Node Type": "Hash", "Parent Relationship": "Inner", "Parallel Aware": true, "Async Capable": false, "Startup Cost": 5624.74, "Total Cost": 5624.74, "Plan Rows": 133.0, "Plan Width": 8, "Actual Rows": 4254, "Actual Loops": 3, "Hash Buckets": 16384, "Original Hash Buckets": 16384, "Hash Batches": 1, "Original Hash Batches": 1, "Peak Memory Usage": 704, "Workers": [], "Plans": [{"Node Type": "Hash Join", "Parent Relationship": "Outer", "Parallel Aware": false, "Async Capable": false, "Join Type": "Inner", "Startup Cost": 331.79, "Total Cost": 5624.74, "Plan Rows": 133.0, "Plan Width": 8, "Actual Rows": 4254, "Actual Loops": 3, "Inner Unique": false, "Hash Cond": "(ph.postid = pl.postid)", "Workers": [], "Plans": [{"Node Type": "Seq Scan", "Parent Relationship": "Outer", "Parallel Aware": true, "Async Capable": false, "Relation Name": "posthistory", "Alias": "ph", "Startup Cost": 0.0, "Total Cost": 4469.32, "Plan Rows": 40839, "Plan Width": 4, "Actual Rows": 23142, "Actual Loops": 3, "Filter": "(posthistorytypeid = 5)", "Rows Removed by Filter": 77920, "Workers": []}, {"Node Type": "Hash", "Parent Relationship": "Inner", "Parallel Aware": false, "Async Capable": false, "Startup Cost": 193.02, "Total Cost": 193.02, "Plan Rows": 11102, "Plan Width": 4, "Actual Rows": 11102, "Actual Loops": 3, "Hash Buckets": 16384, "Original Hash Buckets": 16384, "Hash Batches": 1, "Original Hash Batches": 1, "Peak Memory Usage": 519, "Workers": [], "Plans": [{"Node Type": "Seq Scan", "Parent Relationship": "Outer", "Parallel Aware": false, "Async Capable": false, "Relation Name": "postlinks", "Alias": "pl", "Startup Cost": 0.0, "Total Cost": 193.02, "Plan Rows": 11102, "Plan Width": 4, "Actual Rows": 11102, "Actual Loops": 3, "Workers": []}]}]}]}]}]}]}]}, "Planning Time": 7.537, "Triggers": [], "Execution Time": 150.372}, {"Plan": {"Node Type": "Aggregate", "Strategy": "Plain", "Partial Mode": "Simple", "Parallel Aware": false, "Async Capable": false, "Startup Cost": 7000.98, "Total Cost": 7000.99, "Plan Rows": 1, "Plan Width": 8, "Actual Rows": 1, "Actual Loops": 1, "Plans": [{"Node Type": "Merge Join", "Parent Relationship": "Outer", "Parallel Aware": false, "Async Capable": false, "Join Type": "Inner", "Startup Cost": 3908.22, "Total Cost": 6910.49, "Plan Rows": 1.0, "Plan Width": 0, "Actual Rows": 33955, "Actual Loops": 1, "Inner Unique": false, "Merge Cond": "(c.userid = u.id)", "Plans": [{"Node Type": "Sort", "Parent Relationship": "Outer", "Parallel Aware": false, "Async Capable": false, "Startup Cost": 3907.25, "Total Cost": 3908.84, "Plan Rows": 1.0, "Plan Width": 4, "Actual Rows": 12871, "Actual Loops": 1, "Sort Key": ["c.userid"], "Sort Method": "quicksort", "Sort Space Used": 385, "Sort Space Type": "Memory", "Plans": [{"Node Type": "Nested Loop", "Parent Relationship": "Outer", "Parallel Aware": false, "Async Capable": false, "Join Type": "Inner", "Startup Cost": 2510.42, "Total Cost": 3877.47, "Plan Rows": 1.0, "Plan Width": 4, "Actual Rows": 12972, "Actual Loops": 1, "Inner Unique": false, "Join Filter": "(c.postid = p.id)", "Rows Removed by Join Filter": 0, "Plans": [{"Node Type": "Nested Loop", "Parent Relationship": "Outer", "Parallel Aware": false, "Async Capable": false, "Join Type": "Inner", "Startup Cost": 2510.0, "Total Cost": 3603.4, "Plan Rows": 1.0, "Plan Width": 12, "Actual Rows": 3997, "Actual Loops": 1, "Inner Unique": false, "Join Filter": "(p.id = ph.postid)", "Rows Removed by Join Filter": 0, "Plans": [{"Node Type": "Hash Join", "Parent Relationship": "Outer", "Parallel Aware": false, "Async Capable": false, "Join Type": "Inner", "Startup Cost": 2509.58, "Total Cost": 2731.74, "Plan Rows": 3.0, "Plan Width": 8, "Actual Rows": 3043, "Actual Loops": 1, "Inner Unique": true, "Hash Cond": "(pl.postid = p.id)", "Plans": [{"Node Type": "Seq Scan", "Parent Relationship": "Outer", "Parallel Aware": false, "Async Capable": false, "Relation Name": "postlinks", "Alias": "pl", "Startup Cost": 0.0, "Total Cost": 193.02, "Plan Rows": 11102, "Plan Width": 4, "Actual Rows": 11102, "Actual Loops": 1}, {"Node Type": "Hash", "Parent Relationship": "Inner", "Parallel Aware": false, "Async Capable": false, "Startup Cost": 2449.58, "Total Cost": 2449.58, "Plan Rows": 4800, "Plan Width": 4, "Actual Rows": 10286, "Actual Loops": 1, "Hash Buckets": 16384, "Original Hash Buckets": 8192, "Hash Batches": 1, "Original Hash Batches": 1, "Peak Memory Usage": 490, "Plans": [{"Node Type": "Seq Scan", "Parent Relationship": "Outer", "Parallel Aware": false, "Async Capable": false, "Relation Name": "posts", "Alias": "p", "Startup Cost": 0.0, "Total Cost": 2449.58, "Plan Rows": 4800, "Plan Width": 4, "Actual Rows": 10286, "Actual Loops": 1, "Filter": "((favoritecount >= 0) AND (favoritecount <= 2) AND (posttypeid = 1))", "Rows Removed by Filter": 81690}]}]}, {"Node Type": "Index Scan", "Parent Relationship": "Inner", "Parallel Aware": false, "Async Capable": false, "Scan Direction": "Forward", "Index Name": "idx_posthistory_postid", "Relation Name": "posthistory", "Alias": "ph", "Startup Cost": 0.42, "Total Cost": 1.49, "Plan Rows": 1, "Plan Width": 4, "Actual Rows": 1, "Actual Loops": 3043, "Index Cond": "(postid = pl.postid)", "Rows Removed by Index Recheck": 0, "Filter": "(posthistorytypeid = 5)", "Rows Removed by Filter": 5}]}, {"Node Type": "Index Scan", "Parent Relationship": "Inner", "Parallel Aware": false, "Async Capable": false, "Scan Direction": "Forward", "Index Name": "idx_comments_postid", "Relation Name": "comments", "Alias": "c", "Startup Cost": 0.42, "Total Cost": 0.59, "Plan Rows": 3, "Plan Width": 8, "Actual Rows": 3, "Actual Loops": 3997, "Index Cond": "(postid = ph.postid)", "Rows Removed by Index Recheck": 0, "Filter": "((creationdate >= '2010-07-20 06:26:28'::timestamp without time zone) AND (creationdate <= '2014-09-11 18:45:09'::timestamp without time zone) AND (score = 0))", "Rows Removed by Filter": 1}]}]}, {"Node Type": "Materialize", "Parent Relationship": "Inner", "Parallel Aware": false, "Async Capable": false, "Startup Cost": 0.71, "Total Cost": 2911.83, "Plan Rows": 107.0, "Plan Width": 8, "Actual Rows": 49468, "Actual Loops": 1, "Plans": [{"Node Type": "Merge Join", "Parent Relationship": "Outer", "Parallel Aware": false, "Async Capable": false, "Join Type": "Inner", "Startup Cost": 0.71, "Total Cost": 2828.74, "Plan Rows": 107.0, "Plan Width": 8, "Actual Rows": 18593, "Actual Loops": 1, "Inner Unique": true, "Merge Cond": "(v.userid = u.id)", "Plans": [{"Node Type": "Index Only Scan", "Parent Relationship": "Outer", "Parallel Aware": false, "Async Capable": false, "Scan Direction": "Forward", "Index Name": "idx_votes_userid", "Relation Name": "votes", "Alias": "v", "Startup Cost": 0.42, "Total Cost": 6175.27, "Plan Rows": 328064, "Plan Width": 4, "Actual Rows": 34705, "Actual Loops": 1, "Heap Fetches": 0}, {"Node Type": "Index Scan", "Parent Relationship": "Inner", "Parallel Aware": false, "Async Capable": false, "Scan Direction": "Forward", "Index Name": "users_pkey", "Relation Name": "users", "Alias": "u", "Startup Cost": 0.29, "Total Cost": 1659.6, "Plan Rows": 38633, "Plan Width": 4, "Actual Rows": 37830, "Actual Loops": 1, "Filter": "((downvotes <= 0) AND (upvotes >= 0) AND (creationdate >= '2010-09-18 01:58:41'::timestamp without time zone))", "Rows Removed by Filter": 1571}]}]}]}]}, "Planning Time": 5.582, "Triggers": [], "Execution Time": 107.203}, {"Plan": {"Node Type": "Aggregate", "Strategy": "Plain", "Partial Mode": "Simple", "Parallel Aware": false, "Async Capable": false, "Startup Cost": 4953.2, "Total Cost": 4953.21, "Plan Rows": 1, "Plan Width": 8, "Actual Rows": 1, "Actual Loops": 1, "Plans": [{"Node Type": "Merge Join", "Parent Relationship": "Outer", "Parallel Aware": false, "Async Capable": false, "Join Type": "Inner", "Startup Cost": 4114.77, "Total Cost": 4862.71, "Plan Rows": 1.0, "Plan Width": 0, "Actual Rows": 33955, "Actual Loops": 1, "Inner Unique": false, "Merge Cond": "(v.userid = u.id)", "Plans": [{"Node Type": "Index Only Scan", "Parent Relationship": "Outer", "Parallel Aware": false, "Async Capable": false, "Scan Direction": "Forward", "Index Name": "idx_votes_userid", "Relation Name": "votes", "Alias": "v", "Startup Cost": 0.42, "Total Cost": 6175.27, "Plan Rows": 328064, "Plan Width": 4, "Actual Rows": 34705, "Actual Loops": 1, "Heap Fetches": 0}, {"Node Type": "Sort", "Parent Relationship": "Inner", "Parallel Aware": false, "Async Capable": false, "Startup Cost": 4114.35, "Total Cost": 4115.85, "Plan Rows": 1.0, "Plan Width": 8, "Actual Rows": 36206, "Actual Loops": 1, "Sort Key": ["c.userid"], "Sort Method": "quicksort", "Sort Space Used": 350, "Sort Space Type": "Memory", "Plans": [{"Node Type": "Nested Loop", "Parent Relationship": "Outer", "Parallel Aware": false, "Async Capable": false, "Join Type": "Inner", "Startup Cost": 2510.71, "Total Cost": 4086.56, "Plan Rows": 1.0, "Plan Width": 8, "Actual Rows": 5051, "Actual Loops": 1, "Inner Unique": true, "Plans": [{"Node Type": "Nested Loop", "Parent Relationship": "Outer", "Parallel Aware": false, "Async Capable": false, "Join Type": "Inner", "Startup Cost": 2510.42, "Total Cost": 3877.47, "Plan Rows": 1.0, "Plan Width": 4, "Actual Rows": 12972, "Actual Loops": 1, "Inner Unique": false, "Join Filter": "(c.postid = p.id)", "Rows Removed by Join Filter": 0, "Plans": [{"Node Type": "Nested Loop", "Parent Relationship": "Outer", "Parallel Aware": false, "Async Capable": false, "Join Type": "Inner", "Startup Cost": 2510.0, "Total Cost": 3603.4, "Plan Rows": 1.0, "Plan Width": 12, "Actual Rows": 3997, "Actual Loops": 1, "Inner Unique": false, "Join Filter": "(p.id = ph.postid)", "Rows Removed by Join Filter": 0, "Plans": [{"Node Type": "Hash Join", "Parent Relationship": "Outer", "Parallel Aware": false, "Async Capable": false, "Join Type": "Inner", "Startup Cost": 2509.58, "Total Cost": 2731.74, "Plan Rows": 3.0, "Plan Width": 8, "Actual Rows": 3043, "Actual Loops": 1, "Inner Unique": true, "Hash Cond": "(pl.postid = p.id)", "Plans": [{"Node Type": "Seq Scan", "Parent Relationship": "Outer", "Parallel Aware": false, "Async Capable": false, "Relation Name": "postlinks", "Alias": "pl", "Startup Cost": 0.0, "Total Cost": 193.02, "Plan Rows": 11102, "Plan Width": 4, "Actual Rows": 11102, "Actual Loops": 1}, {"Node Type": "Hash", "Parent Relationship": "Inner", "Parallel Aware": false, "Async Capable": false, "Startup Cost": 2449.58, "Total Cost": 2449.58, "Plan Rows": 4800, "Plan Width": 4, "Actual Rows": 10286, "Actual Loops": 1, "Hash Buckets": 16384, "Original Hash Buckets": 8192, "Hash Batches": 1, "Original Hash Batches": 1, "Peak Memory Usage": 490, "Plans": [{"Node Type": "Seq Scan", "Parent Relationship": "Outer", "Parallel Aware": false, "Async Capable": false, "Relation Name": "posts", "Alias": "p", "Startup Cost": 0.0, "Total Cost": 2449.58, "Plan Rows": 4800, "Plan Width": 4, "Actual Rows": 10286, "Actual Loops": 1, "Filter": "((favoritecount >= 0) AND (favoritecount <= 2) AND (posttypeid = 1))", "Rows Removed by Filter": 81690}]}]}, {"Node Type": "Index Scan", "Parent Relationship": "Inner", "Parallel Aware": false, "Async Capable": false, "Scan Direction": "Forward", "Index Name": "idx_posthistory_postid", "Relation Name": "posthistory", "Alias": "ph", "Startup Cost": 0.42, "Total Cost": 1.49, "Plan Rows": 1, "Plan Width": 4, "Actual Rows": 1, "Actual Loops": 3043, "Index Cond": "(postid = pl.postid)", "Rows Removed by Index Recheck": 0, "Filter": "(posthistorytypeid = 5)", "Rows Removed by Filter": 5}]}, {"Node Type": "Index Scan", "Parent Relationship": "Inner", "Parallel Aware": false, "Async Capable": false, "Scan Direction": "Forward", "Index Name": "idx_comments_postid", "Relation Name": "comments", "Alias": "c", "Startup Cost": 0.42, "Total Cost": 0.59, "Plan Rows": 3, "Plan Width": 8, "Actual Rows": 3, "Actual Loops": 3997, "Index Cond": "(postid = ph.postid)", "Rows Removed by Index Recheck": 0, "Filter": "((creationdate >= '2010-07-20 06:26:28'::timestamp without time zone) AND (creationdate <= '2014-09-11 18:45:09'::timestamp without time zone) AND (score = 0))", "Rows Removed by Filter": 1}]}, {"Node Type": "Index Scan", "Parent Relationship": "Inner", "Parallel Aware": false, "Async Capable": false, "Scan Direction": "Forward", "Index Name": "users_pkey", "Relation Name": "users", "Alias": "u", "Startup Cost": 0.29, "Total Cost": 0.33, "Plan Rows": 1, "Plan Width": 4, "Actual Rows": 0, "Actual Loops": 12972, "Index Cond": "(id = c.userid)", "Rows Removed by Index Recheck": 0, "Filter": "((downvotes <= 0) AND (upvotes >= 0) AND (creationdate >= '2010-09-18 01:58:41'::timestamp without time zone))", "Rows Removed by Filter": 1}]}]}]}]}, "Planning Time": 5.342, "Triggers": [], "Execution Time": 97.323}, {"Plan": {"Node Type": "Aggregate", "Strategy": "Plain", "Partial Mode": "Finalize", "Parallel Aware": false, "Async Capable": false, "Startup Cost": 18834.86, "Total Cost": 18834.87, "Plan Rows": 1, "Plan Width": 8, "Actual Rows": 1, "Actual Loops": 1, "Plans": [{"Node Type": "Gather", "Parent Relationship": "Outer", "Parallel Aware": false, "Async Capable": false, "Startup Cost": 18834.74, "Total Cost": 18834.85, "Plan Rows": 1, "Plan Width": 8, "Actual Rows": 2, "Actual Loops": 1, "Workers Planned": 1, "Workers Launched": 1, "Single Copy": false, "Plans": [{"Node Type": "Aggregate", "Strategy": "Plain", "Partial Mode": "Partial", "Parent Relationship": "Outer", "Parallel Aware": false, "Async Capable": false, "Startup Cost": 17834.74, "Total Cost": 17834.75, "Plan Rows": 1, "Plan Width": 8, "Actual Rows": 1, "Actual Loops": 2, "Workers": [], "Plans": [{"Node Type": "Hash Join", "Parent Relationship": "Outer", "Parallel Aware": true, "Async Capable": false, "Join Type": "Inner", "Startup Cost": 12123.85, "Total Cost": 17781.51, "Plan Rows": 1.0, "Plan Width": 0, "Actual Rows": 16978, "Actual Loops": 2, "Inner Unique": false, "Hash Cond": "(pl.postid = p.id)", "Workers": [], "Plans": [{"Node Type": "Hash Join", "Parent Relationship": "Outer", "Parallel Aware": false, "Async Capable": false, "Join Type": "Inner", "Startup Cost": 331.79, "Total Cost": 5624.74, "Plan Rows": 133.0, "Plan Width": 8, "Actual Rows": 6382, "Actual Loops": 2, "Inner Unique": false, "Hash Cond": "(ph.postid = pl.postid)", "Workers": [], "Plans": [{"Node Type": "Seq Scan", "Parent Relationship": "Outer", "Parallel Aware": true, "Async Capable": false, "Relation Name": "posthistory", "Alias": "ph", "Startup Cost": 0.0, "Total Cost": 4469.32, "Plan Rows": 40839, "Plan Width": 4, "Actual Rows": 34714, "Actual Loops": 2, "Filter": "(posthistorytypeid = 5)", "Rows Removed by Filter": 116880, "Workers": []}, {"Node Type": "Hash", "Parent Relationship": "Inner", "Parallel Aware": false, "Async Capable": false, "Startup Cost": 193.02, "Total Cost": 193.02, "Plan Rows": 11102, "Plan Width": 4, "Actual Rows": 11102, "Actual Loops": 2, "Hash Buckets": 16384, "Original Hash Buckets": 16384, "Hash Batches": 1, "Original Hash Batches": 1, "Peak Memory Usage": 519, "Workers": [], "Plans": [{"Node Type": "Seq Scan", "Parent Relationship": "Outer", "Parallel Aware": false, "Async Capable": false, "Relation Name": "postlinks", "Alias": "pl", "Startup Cost": 0.0, "Total Cost": 193.02, "Plan Rows": 11102, "Plan Width": 4, "Actual Rows": 11102, "Actual Loops": 2, "Workers": []}]}]}, {"Node Type": "Hash", "Parent Relationship": "Inner", "Parallel Aware": true, "Async Capable": false, "Startup Cost": 9723.63, "Total Cost": 9723.63, "Plan Rows": 1.0, "Plan Width": 8, "Actual Rows": 15910, "Actual Loops": 2, "Hash Buckets": 524288, "Original Hash Buckets": 524288, "Hash Batches": 1, "Original Hash Batches": 1, "Peak Memory Usage": 5344, "Workers": [], "Plans": [{"Node Type": "Merge Join", "Parent Relationship": "Outer", "Parallel Aware": false, "Async Capable": false, "Join Type": "Inner", "Startup Cost": 9180.14, "Total Cost": 9723.63, "Plan Rows": 1.0, "Plan Width": 8, "Actual Rows": 15910, "Actual Loops": 2, "Inner Unique": false, "Merge Cond": "(v.userid = u.id)", "Workers": [], "Plans": [{"Node Type": "Index Only Scan", "Parent Relationship": "Outer", "Parallel Aware": true, "Async Capable": false, "Scan Direction": "Forward", "Index Name": "idx_votes_userid", "Relation Name": "votes", "Alias": "v", "Startup Cost": 0.42, "Total Cost": 4261.57, "Plan Rows": 136693, "Plan Width": 4, "Actual Rows": 17391, "Actual Loops": 2, "Heap Fetches": 0, "Workers": []}, {"Node Type": "Sort", "Parent Relationship": "Inner", "Parallel Aware": false, "Async Capable": false, "Startup Cost": 9179.72, "Total Cost": 9196.23, "Plan Rows": 1.0, "Plan Width": 16, "Actual Rows": 17548, "Actual Loops": 2, "Sort Key": ["c.userid"], "Sort Method": "quicksort", "Sort Space Used": 439, "Sort Space Type": "Memory", "Workers": [{"Worker Number": 0, "Sort Method": "quicksort", "Sort Space Used": 439, "Sort Space Type": "Memory"}], "Plans": [{"Node Type": "Hash Join", "Parent Relationship": "Outer", "Parallel Aware": false, "Async Capable": false, "Join Type": "Inner", "Startup Cost": 3995.18, "Total Cost": 8760.58, "Plan Rows": 1.0, "Plan Width": 16, "Actual Rows": 6318, "Actual Loops": 2, "Inner Unique": true, "Hash Cond": "(c.userid = u.id)", "Workers": [], "Plans": [{"Node Type": "Hash Join", "Parent Relationship": "Outer", "Parallel Aware": false, "Async Capable": false, "Join Type": "Inner", "Startup Cost": 2509.58, "Total Cost": 7256.58, "Plan Rows": 1.0, "Plan Width": 12, "Actual Rows": 17103, "Actual Loops": 2, "Inner Unique": true, "Hash Cond": "(c.postid = p.id)", "Workers": [], "Plans": [{"Node Type": "Seq Scan", "Parent Relationship": "Outer", "Parallel Aware": false, "Async Capable": false, "Relation Name": "comments", "Alias": "c", "Startup Cost": 0.0, "Total Cost": 4394.34, "Plan Rows": 134342, "Plan Width": 8, "Actual Rows": 134487, "Actual Loops": 2, "Filter": "((creationdate >= '2010-07-20 06:26:28'::timestamp without time zone) AND (creationdate <= '2014-09-11 18:45:09'::timestamp without time zone) AND (score = 0))", "Rows Removed by Filter": 39818, "Workers": []}, {"Node Type": "Hash", "Parent Relationship": "Inner", "Parallel Aware": false, "Async Capable": false, "Startup Cost": 2449.58, "Total Cost": 2449.58, "Plan Rows": 4800, "Plan Width": 4, "Actual Rows": 10286, "Actual Loops": 2, "Hash Buckets": 16384, "Original Hash Buckets": 8192, "Hash Batches": 1, "Original Hash Batches": 1, "Peak Memory Usage": 490, "Workers": [], "Plans": [{"Node Type": "Seq Scan", "Parent Relationship": "Outer", "Parallel Aware": false, "Async Capable": false, "Relation Name": "posts", "Alias": "p", "Startup Cost": 0.0, "Total Cost": 2449.58, "Plan Rows": 4800, "Plan Width": 4, "Actual Rows": 10286, "Actual Loops": 2, "Filter": "((favoritecount >= 0) AND (favoritecount <= 2) AND (posttypeid = 1))", "Rows Removed by Filter": 81690, "Workers": []}]}]}, {"Node Type": "Hash", "Parent Relationship": "Inner", "Parallel Aware": false, "Async Capable": false, "Startup Cost": 1002.69, "Total Cost": 1002.69, "Plan Rows": 38633, "Plan Width": 4, "Actual Rows": 38753, "Actual Loops": 2, "Hash Buckets": 65536, "Original Hash Buckets": 65536, "Hash Batches": 1, "Original Hash Batches": 1, "Peak Memory Usage": 1875, "Workers": [], "Plans": [{"Node Type": "Seq Scan", "Parent Relationship": "Outer", "Parallel Aware": false, "Async Capable": false, "Relation Name": "users", "Alias": "u", "Startup Cost": 0.0, "Total Cost": 1002.69, "Plan Rows": 38633, "Plan Width": 4, "Actual Rows": 38753, "Actual Loops": 2, "Filter": "((downvotes <= 0) AND (upvotes >= 0) AND (creationdate >= '2010-09-18 01:58:41'::timestamp without time zone))", "Rows Removed by Filter": 1572, "Workers": []}]}]}]}]}]}]}]}]}]}, "Planning Time": 10.875, "Triggers": [], "Execution Time": 203.929}, {"Plan": {"Node Type": "Aggregate", "Strategy": "Plain", "Partial Mode": "Simple", "Parallel Aware": false, "Async Capable": false, "Startup Cost": 83154.29, "Total Cost": 83154.3, "Plan Rows": 1, "Plan Width": 8, "Actual Rows": 1, "Actual Loops": 1, "Plans": [{"Node Type": "Merge Join", "Parent Relationship": "Outer", "Parallel Aware": false, "Async Capable": false, "Join Type": "Inner", "Startup Cost": 2744.93, "Total Cost": 83063.8, "Plan Rows": 1.0, "Plan Width": 0, "Actual Rows": 33955, "Actual Loops": 1, "Inner Unique": false, "Merge Cond": "(p.id = c.postid)", "Plans": [{"Node Type": "Nested Loop", "Parent Relationship": "Outer", "Parallel Aware": false, "Async Capable": false, "Join Type": "Inner", "Startup Cost": 2743.78, "Total Cost": 3955.08, "Plan Rows": 1.0, "Plan Width": 12, "Actual Rows": 3997, "Actual Loops": 1, "Inner Unique": false, "Join Filter": "(p.id = ph.postid)", "Rows Removed by Join Filter": 0, "Plans": [{"Node Type": "Merge Join", "Parent Relationship": "Outer", "Parallel Aware": false, "Async Capable": false, "Join Type": "Inner", "Startup Cost": 2743.36, "Total Cost": 3083.43, "Plan Rows": 3.0, "Plan Width": 8, "Actual Rows": 3043, "Actual Loops": 1, "Inner Unique": true, "Merge Cond": "(pl.postid = p.id)", "Plans": [{"Node Type": "Index Only Scan", "Parent Relationship": "Outer", "Parallel Aware": false, "Async Capable": false, "Scan Direction": "Forward", "Index Name": "idx_postlinks_postid", "Relation Name": "postlinks", "Alias": "pl", "Startup Cost": 0.29, "Total Cost": 282.81, "Plan Rows": 11102, "Plan Width": 4, "Actual Rows": 11102, "Actual Loops": 1, "Heap Fetches": 0}, {"Node Type": "Sort", "Parent Relationship": "Inner", "Parallel Aware": false, "Async Capable": false, "Startup Cost": 2743.07, "Total Cost": 2755.07, "Plan Rows": 4800, "Plan Width": 4, "Actual Rows": 10286, "Actual Loops": 1, "Sort Key": ["p.id"], "Sort Method": "quicksort", "Sort Space Used": 385, "Sort Space Type": "Memory", "Plans": [{"Node Type": "Seq Scan", "Parent Relationship": "Outer", "Parallel Aware": false, "Async Capable": false, "Relation Name": "posts", "Alias": "p", "Startup Cost": 0.0, "Total Cost": 2449.58, "Plan Rows": 4800, "Plan Width": 4, "Actual Rows": 10286, "Actual Loops": 1, "Filter": "((favoritecount >= 0) AND (favoritecount <= 2) AND (posttypeid = 1))", "Rows Removed by Filter": 81690}]}]}, {"Node Type": "Index Scan", "Parent Relationship": "Inner", "Parallel Aware": false, "Async Capable": false, "Scan Direction": "Forward", "Index Name": "idx_posthistory_postid", "Relation Name": "posthistory", "Alias": "ph", "Startup Cost": 0.42, "Total Cost": 1.49, "Plan Rows": 1, "Plan Width": 4, "Actual Rows": 1, "Actual Loops": 3043, "Index Cond": "(postid = pl.postid)", "Rows Removed by Index Recheck": 0, "Filter": "(posthistorytypeid = 5)", "Rows Removed by Filter": 5}]}, {"Node Type": "Materialize", "Parent Relationship": "Inner", "Parallel Aware": false, "Async Capable": false, "Startup Cost": 1.15, "Total Cost": 59721.56, "Plan Rows": 16.0, "Plan Width": 4, "Actual Rows": 229458, "Actual Loops": 1, "Plans": [{"Node Type": "Nested Loop", "Parent Relationship": "Outer", "Parallel Aware": false, "Async Capable": false, "Join Type": "Inner", "Startup Cost": 1.15, "Total Cost": 40697.06, "Plan Rows": 16.0, "Plan Width": 4, "Actual Rows": 203651, "Actual Loops": 1, "Inner Unique": false, "Join Filter": "(v.userid = u.id)", "Rows Removed by Join Filter": 0, "Plans": [{"Node Type": "Nested Loop", "Parent Relationship": "Outer", "Parallel Aware": false, "Async Capable": false, "Join Type": "Inner", "Startup Cost": 0.72, "Total Cost": 14348.21, "Plan Rows": 1.0, "Plan Width": 12, "Actual Rows": 52999, "Actual Loops": 1, "Inner Unique": true, "Plans": [{"Node Type": "Index Scan", "Parent Relationship": "Outer", "Parallel Aware": false, "Async Capable": false, "Scan Direction": "Forward", "Index Name": "idx_comments_postid", "Relation Name": "comments", "Alias": "c", "Startup Cost": 0.42, "Total Cost": 6728.53, "Plan Rows": 134342, "Plan Width": 8, "Actual Rows": 134136, "Actual Loops": 1, "Filter": "((creationdate >= '2010-07-20 06:26:28'::timestamp without time zone) AND (creationdate <= '2014-09-11 18:45:09'::timestamp without time zone) AND (score = 0))", "Rows Removed by Filter": 39416}, {"Node Type": "Memoize", "Parent Relationship": "Inner", "Parallel Aware": false, "Async Capable": false, "Startup Cost": 0.3, "Total Cost": 0.34, "Plan Rows": 1, "Plan Width": 4, "Actual Rows": 0, "Actual Loops": 134136, "Cache Key": "c.userid", "Cache Mode": "logical", "Cache Hits": 121060, "Cache Misses": 13076, "Cache Evictions": 0, "Cache Overflows": 0, "Peak Memory Usage": 1292, "Plans": [{"Node Type": "Index Scan", "Parent Relationship": "Outer", "Parallel Aware": false, "Async Capable": false, "Scan Direction": "Forward", "Index Name": "users_pkey", "Relation Name": "users", "Alias": "u", "Startup Cost": 0.29, "Total Cost": 0.33, "Plan Rows": 1, "Plan Width": 4, "Actual Rows": 1, "Actual Loops": 13076, "Index Cond": "(id = c.userid)", "Rows Removed by Index Recheck": 0, "Filter": "((downvotes <= 0) AND (upvotes >= 0) AND (creationdate >= '2010-09-18 01:58:41'::timestamp without time zone))", "Rows Removed by Filter": 0}]}]}, {"Node Type": "Memoize", "Parent Relationship": "Inner", "Parallel Aware": false, "Async Capable": false, "Startup Cost": 0.43, "Total Cost": 0.6, "Plan Rows": 9, "Plan Width": 4, "Actual Rows": 4, "Actual Loops": 52999, "Cache Key": "c.userid", "Cache Mode": "logical", "Cache Hits": 40948, "Cache Misses": 12051, "Cache Evictions": 0, "Cache Overflows": 0, "Peak Memory Usage": 1226, "Plans": [{"Node Type": "Index Only Scan", "Parent Relationship": "Outer", "Parallel Aware": false, "Async Capable": false, "Scan Direction": "Forward", "Index Name": "idx_votes_userid", "Relation Name": "votes", "Alias": "v", "Startup Cost": 0.42, "Total Cost": 0.59, "Plan Rows": 9, "Plan Width": 4, "Actual Rows": 1, "Actual Loops": 12051, "Index Cond": "(userid = c.userid)", "Rows Removed by Index Recheck": 0, "Heap Fetches": 0}]}]}]}]}]}, "Planning Time": 5.897, "Triggers": [], "Execution Time": 355.983}, {"Plan": {"Node Type": "Aggregate", "Strategy": "Plain", "Partial Mode": "Simple", "Parallel Aware": false, "Async Capable": false, "Startup Cost": 14204.83, "Total Cost": 14204.84, "Plan Rows": 1, "Plan Width": 8, "Actual Rows": 1, "Actual Loops": 1, "Plans": [{"Node Type": "Hash Join", "Parent Relationship": "Outer", "Parallel Aware": false, "Async Capable": false, "Join Type": "Inner", "Startup Cost": 9408.38, "Total Cost": 14114.34, "Plan Rows": 1.0, "Plan Width": 0, "Actual Rows": 33955, "Actual Loops": 1, "Inner Unique": false, "Hash Cond": "(p.id = ph.postid)", "Plans": [{"Node Type": "Nested Loop", "Parent Relationship": "Outer", "Parallel Aware": false, "Async Capable": false, "Join Type": "Inner", "Startup Cost": 2510.71, "Total Cost": 4219.24, "Plan Rows": 1.0, "Plan Width": 12, "Actual Rows": 17367, "Actual Loops": 1, "Inner Unique": false, "Join Filter": "(v.userid = u.id)", "Rows Removed by Join Filter": 0, "Plans": [{"Node Type": "Nested Loop", "Parent Relationship": "Outer", "Parallel Aware": false, "Async Capable": false, "Join Type": "Inner", "Startup Cost": 2510.29, "Total Cost": 3659.63, "Plan Rows": 1.0, "Plan Width": 20, "Actual Rows": 2505, "Actual Loops": 1, "Inner Unique": true, "Plans": [{"Node Type": "Nested Loop", "Parent Relationship": "Outer", "Parallel Aware": false, "Async Capable": false, "Join Type": "Inner", "Startup Cost": 2510.0, "Total Cost": 3382.81, "Plan Rows": 1.0, "Plan Width": 16, "Actual Rows": 6935, "Actual Loops": 1, "Inner Unique": false, "Join Filter": "(c.postid = p.id)", "Rows Removed by Join Filter": 0, "Plans": [{"Node Type": "Hash Join", "Parent Relationship": "Outer", "Parallel Aware": false, "Async Capable": false, "Join Type": "Inner", "Startup Cost": 2509.58, "Total Cost": 2731.74, "Plan Rows": 3.0, "Plan Width": 8, "Actual Rows": 3043, "Actual Loops": 1, "Inner Unique": true, "Hash Cond": "(pl.postid = p.id)", "Plans": [{"Node Type": "Seq Scan", "Parent Relationship": "Outer", "Parallel Aware": false, "Async Capable": false, "Relation Name": "postlinks", "Alias": "pl", "Startup Cost": 0.0, "Total Cost": 193.02, "Plan Rows": 11102, "Plan Width": 4, "Actual Rows": 11102, "Actual Loops": 1}, {"Node Type": "Hash", "Parent Relationship": "Inner", "Parallel Aware": false, "Async Capable": false, "Startup Cost": 2449.58, "Total Cost": 2449.58, "Plan Rows": 4800, "Plan Width": 4, "Actual Rows": 10286, "Actual Loops": 1, "Hash Buckets": 16384, "Original Hash Buckets": 8192, "Hash Batches": 1, "Original Hash Batches": 1, "Peak Memory Usage": 490, "Plans": [{"Node Type": "Seq Scan", "Parent Relationship": "Outer", "Parallel Aware": false, "Async Capable": false, "Relation Name": "posts", "Alias": "p", "Startup Cost": 0.0, "Total Cost": 2449.58, "Plan Rows": 4800, "Plan Width": 4, "Actual Rows": 10286, "Actual Loops": 1, "Filter": "((favoritecount >= 0) AND (favoritecount <= 2) AND (posttypeid = 1))", "Rows Removed by Filter": 81690}]}]}, {"Node Type": "Index Scan", "Parent Relationship": "Inner", "Parallel Aware": false, "Async Capable": false, "Scan Direction": "Forward", "Index Name": "idx_comments_postid", "Relation Name": "comments", "Alias": "c", "Startup Cost": 0.42, "Total Cost": 1.09, "Plan Rows": 3, "Plan Width": 8, "Actual Rows": 2, "Actual Loops": 3043, "Index Cond": "(postid = pl.postid)", "Rows Removed by Index Recheck": 0, "Filter": "((creationdate >= '2010-07-20 06:26:28'::timestamp without time zone) AND (creationdate <= '2014-09-11 18:45:09'::timestamp without time zone) AND (score = 0))", "Rows Removed by Filter": 1}]}, {"Node Type": "Index Scan", "Parent Relationship": "Inner", "Parallel Aware": false, "Async Capable": false, "Scan Direction": "Forward", "Index Name": "users_pkey", "Relation Name": "users", "Alias": "u", "Startup Cost": 0.29, "Total Cost": 0.33, "Plan Rows": 1, "Plan Width": 4, "Actual Rows": 0, "Actual Loops": 6935, "Index Cond": "(id = c.userid)", "Rows Removed by Index Recheck": 0, "Filter": "((downvotes <= 0) AND (upvotes >= 0) AND (creationdate >= '2010-09-18 01:58:41'::timestamp without time zone))", "Rows Removed by Filter": 1}]}, {"Node Type": "Index Only Scan", "Parent Relationship": "Inner", "Parallel Aware": false, "Async Capable": false, "Scan Direction": "Forward", "Index Name": "idx_votes_userid", "Relation Name": "votes", "Alias": "v", "Startup Cost": 0.42, "Total Cost": 0.59, "Plan Rows": 9, "Plan Width": 4, "Actual Rows": 7, "Actual Loops": 2505, "Index Cond": "(userid = c.userid)", "Rows Removed by Index Recheck": 0, "Heap Fetches": 0}]}, {"Node Type": "Hash", "Parent Relationship": "Inner", "Parallel Aware": false, "Async Capable": false, "Startup Cost": 6029.84, "Total Cost": 6029.84, "Plan Rows": 69426, "Plan Width": 4, "Actual Rows": 69427, "Actual Loops": 1, "Hash Buckets": 131072, "Original Hash Buckets": 131072, "Hash Batches": 1, "Original Hash Batches": 1, "Peak Memory Usage": 3465, "Plans": [{"Node Type": "Seq Scan", "Parent Relationship": "Outer", "Parallel Aware": false, "Async Capable": false, "Relation Name": "posthistory", "Alias": "ph", "Startup Cost": 0.0, "Total Cost": 6029.84, "Plan Rows": 69426, "Plan Width": 4, "Actual Rows": 69427, "Actual Loops": 1, "Filter": "(posthistorytypeid = 5)", "Rows Removed by Filter": 233760}]}]}]}, "Planning Time": 5.895, "Triggers": [], "Execution Time": 174.773}, {"Plan": {"Node Type": "Aggregate", "Strategy": "Plain", "Partial Mode": "Simple", "Parallel Aware": false, "Async Capable": false, "Startup Cost": 86597.77, "Total Cost": 86597.78, "Plan Rows": 1, "Plan Width": 8, "Actual Rows": 1, "Actual Loops": 1, "Plans": [{"Node Type": "Merge Join", "Parent Relationship": "Outer", "Parallel Aware": false, "Async Capable": false, "Join Type": "Inner", "Startup Cost": 2744.93, "Total Cost": 86507.28, "Plan Rows": 1.0, "Plan Width": 0, "Actual Rows": 33955, "Actual Loops": 1, "Inner Unique": false, "Merge Cond": "(p.id = ph.postid)", "Plans": [{"Node Type": "Merge Join", "Parent Relationship": "Outer", "Parallel Aware": false, "Async Capable": false, "Join Type": "Inner", "Startup Cost": 2743.36, "Total Cost": 3083.43, "Plan Rows": 3.0, "Plan Width": 8, "Actual Rows": 3043, "Actual Loops": 1, "Inner Unique": true, "Merge Cond": "(pl.postid = p.id)", "Plans": [{"Node Type": "Index Only Scan", "Parent Relationship": "Outer", "Parallel Aware": false, "Async Capable": false, "Scan Direction": "Forward", "Index Name": "idx_postlinks_postid", "Relation Name": "postlinks", "Alias": "pl", "Startup Cost": 0.29, "Total Cost": 282.81, "Plan Rows": 11102, "Plan Width": 4, "Actual Rows": 11102, "Actual Loops": 1, "Heap Fetches": 0}, {"Node Type": "Sort", "Parent Relationship": "Inner", "Parallel Aware": false, "Async Capable": false, "Startup Cost": 2743.07, "Total Cost": 2755.07, "Plan Rows": 4800, "Plan Width": 4, "Actual Rows": 10286, "Actual Loops": 1, "Sort Key": ["p.id"], "Sort Method": "quicksort", "Sort Space Used": 385, "Sort Space Type": "Memory", "Plans": [{"Node Type": "Seq Scan", "Parent Relationship": "Outer", "Parallel Aware": false, "Async Capable": false, "Relation Name": "posts", "Alias": "p", "Startup Cost": 0.0, "Total Cost": 2449.58, "Plan Rows": 4800, "Plan Width": 4, "Actual Rows": 10286, "Actual Loops": 1, "Filter": "((favoritecount >= 0) AND (favoritecount <= 2) AND (posttypeid = 1))", "Rows Removed by Filter": 81690}]}]}, {"Node Type": "Materialize", "Parent Relationship": "Inner", "Parallel Aware": false, "Async Capable": false, "Startup Cost": 1.58, "Total Cost": 66277.87, "Plan Rows": 2.0, "Plan Width": 8, "Actual Rows": 304254, "Actual Loops": 1, "Plans": [{"Node Type": "Nested Loop", "Parent Relationship": "Outer", "Parallel Aware": false, "Async Capable": false, "Join Type": "Inner", "Startup Cost": 1.58, "Total Cost": 49554.42, "Plan Rows": 2.0, "Plan Width": 8, "Actual Rows": 287928, "Actual Loops": 1, "Inner Unique": false, "Join Filter": "(v.userid = u.id)", "Rows Removed by Join Filter": 0, "Plans": [{"Node Type": "Nested Loop", "Parent Relationship": "Outer", "Parallel Aware": false, "Async Capable": false, "Join Type": "Inner", "Startup Cost": 1.14, "Total Cost": 25463.66, "Plan Rows": 1.0, "Plan Width": 16, "Actual Rows": 60085, "Actual Loops": 1, "Inner Unique": true, "Plans": [{"Node Type": "Merge Join", "Parent Relationship": "Outer", "Parallel Aware": false, "Async Capable": false, "Join Type": "Inner", "Startup Cost": 0.84, "Total Cost": 18250.21, "Plan Rows": 9.0, "Plan Width": 12, "Actual Rows": 161725, "Actual Loops": 1, "Inner Unique": false, "Merge Cond": "(ph.postid = c.postid)", "Plans": [{"Node Type": "Index Scan", "Parent Relationship": "Outer", "Parallel Aware": false, "Async Capable": false, "Scan Direction": "Forward", "Index Name": "idx_posthistory_postid", "Relation Name": "posthistory", "Alias": "ph", "Startup Cost": 0.42, "Total Cost": 9831.47, "Plan Rows": 69426, "Plan Width": 4, "Actual Rows": 69277, "Actual Loops": 1, "Filter": "(posthistorytypeid = 5)", "Rows Removed by Filter": 233039}, {"Node Type": "Index Scan", "Parent Relationship": "Inner", "Parallel Aware": false, "Async Capable": false, "Scan Direction": "Forward", "Index Name": "idx_comments_postid", "Relation Name": "comments", "Alias": "c", "Startup Cost": 0.42, "Total Cost": 6728.53, "Plan Rows": 134342, "Plan Width": 8, "Actual Rows": 219558, "Actual Loops": 1, "Filter": "((creationdate >= '2010-07-20 06:26:28'::timestamp without time zone) AND (creationdate <= '2014-09-11 18:45:09'::timestamp without time zone) AND (score = 0))", "Rows Removed by Filter": 62836}]}, {"Node Type": "Memoize", "Parent Relationship": "Inner", "Parallel Aware": false, "Async Capable": false, "Startup Cost": 0.3, "Total Cost": 0.34, "Plan Rows": 1, "Plan Width": 4, "Actual Rows": 0, "Actual Loops": 161725, "Cache Key": "c.userid", "Cache Mode": "logical", "Cache Hits": 152685, "Cache Misses": 9040, "Cache Evictions": 0, "Cache Overflows": 0, "Peak Memory Usage": 886, "Plans": [{"Node Type": "Index Scan", "Parent Relationship": "Outer", "Parallel Aware": false, "Async Capable": false, "Scan Direction": "Forward", "Index Name": "users_pkey", "Relation Name": "users", "Alias": "u", "Startup Cost": 0.29, "Total Cost": 0.33, "Plan Rows": 1, "Plan Width": 4, "Actual Rows": 1, "Actual Loops": 9040, "Index Cond": "(id = c.userid)", "Rows Removed by Index Recheck": 0, "Filter": "((downvotes <= 0) AND (upvotes >= 0) AND (creationdate >= '2010-09-18 01:58:41'::timestamp without time zone))", "Rows Removed by Filter": 0}]}]}, {"Node Type": "Memoize", "Parent Relationship": "Inner", "Parallel Aware": false, "Async Capable": false, "Startup Cost": 0.43, "Total Cost": 0.6, "Plan Rows": 9, "Plan Width": 4, "Actual Rows": 5, "Actual Loops": 60085, "Cache Key": "c.userid", "Cache Mode": "logical", "Cache Hits": 51977, "Cache Misses": 8108, "Cache Evictions": 0, "Cache Overflows": 0, "Peak Memory Usage": 904, "Plans": [{"Node Type": "Index Only Scan", "Parent Relationship": "Outer", "Parallel Aware": false, "Async Capable": false, "Scan Direction": "Forward", "Index Name": "idx_votes_userid", "Relation Name": "votes", "Alias": "v", "Startup Cost": 0.42, "Total Cost": 0.59, "Plan Rows": 9, "Plan Width": 4, "Actual Rows": 1, "Actual Loops": 8108, "Index Cond": "(userid = c.userid)", "Rows Removed by Index Recheck": 0, "Heap Fetches": 0}]}]}]}]}]}, "Planning Time": 6.165, "Triggers": [], "Execution Time": 538.422}, {"Plan": {"Node Type": "Aggregate", "Strategy": "Plain", "Partial Mode": "Simple", "Parallel Aware": false, "Async Capable": false, "Startup Cost": 7599.47, "Total Cost": 7599.48, "Plan Rows": 1, "Plan Width": 8, "Actual Rows": 1, "Actual Loops": 1, "Plans": [{"Node Type": "Merge Join", "Parent Relationship": "Outer", "Parallel Aware": false, "Async Capable": false, "Join Type": "Inner", "Startup Cost": 3908.67, "Total Cost": 7508.98, "Plan Rows": 1.0, "Plan Width": 0, "Actual Rows": 33955, "Actual Loops": 1, "Inner Unique": false, "Merge Cond": "(u.id = c.userid)", "Plans": [{"Node Type": "Index Scan", "Parent Relationship": "Outer", "Parallel Aware": false, "Async Capable": false, "Scan Direction": "Forward", "Index Name": "users_pkey", "Relation Name": "users", "Alias": "u", "Startup Cost": 0.29, "Total Cost": 1659.6, "Plan Rows": 38633, "Plan Width": 4, "Actual Rows": 37329, "Actual Loops": 1, "Filter": "((downvotes <= 0) AND (upvotes >= 0) AND (creationdate >= '2010-09-18 01:58:41'::timestamp without time zone))", "Rows Removed by Filter": 1571}, {"Node Type": "Materialize", "Parent Relationship": "Inner", "Parallel Aware": false, "Async Capable": false, "Startup Cost": 3908.24, "Total Cost": 5319.71, "Plan Rows": 1.0, "Plan Width": 8, "Actual Rows": 833695, "Actual Loops": 1, "Plans": [{"Node Type": "Merge Join", "Parent Relationship": "Outer", "Parallel Aware": false, "Async Capable": false, "Join Type": "Inner", "Startup Cost": 3908.24, "Total Cost": 5223.67, "Plan Rows": 1.0, "Plan Width": 8, "Actual Rows": 833695, "Actual Loops": 1, "Inner Unique": false, "Merge Cond": "(v.userid = c.userid)", "Plans": [{"Node Type": "Index Only Scan", "Parent Relationship": "Outer", "Parallel Aware": false, "Async Capable": false, "Scan Direction": "Forward", "Index Name": "idx_votes_userid", "Relation Name": "votes", "Alias": "v", "Startup Cost": 0.42, "Total Cost": 6175.27, "Plan Rows": 328064, "Plan Width": 4, "Actual Rows": 34705, "Actual Loops": 1, "Heap Fetches": 0}, {"Node Type": "Sort", "Parent Relationship": "Inner", "Parallel Aware": false, "Async Capable": false, "Startup Cost": 3907.25, "Total Cost": 3908.84, "Plan Rows": 1.0, "Plan Width": 4, "Actual Rows": 836885, "Actual Loops": 1, "Sort Key": ["c.userid"], "Sort Method": "quicksort", "Sort Space Used": 385, "Sort Space Type": "Memory", "Plans": [{"Node Type": "Nested Loop", "Parent Relationship": "Outer", "Parallel Aware": false, "Async Capable": false, "Join Type": "Inner", "Startup Cost": 2510.42, "Total Cost": 3877.47, "Plan Rows": 1.0, "Plan Width": 4, "Actual Rows": 12972, "Actual Loops": 1, "Inner Unique": false, "Join Filter": "(c.postid = p.id)", "Rows Removed by Join Filter": 0, "Plans": [{"Node Type": "Nested Loop", "Parent Relationship": "Outer", "Parallel Aware": false, "Async Capable": false, "Join Type": "Inner", "Startup Cost": 2510.0, "Total Cost": 3603.4, "Plan Rows": 1.0, "Plan Width": 12, "Actual Rows": 3997, "Actual Loops": 1, "Inner Unique": false, "Join Filter": "(p.id = ph.postid)", "Rows Removed by Join Filter": 0, "Plans": [{"Node Type": "Hash Join", "Parent Relationship": "Outer", "Parallel Aware": false, "Async Capable": false, "Join Type": "Inner", "Startup Cost": 2509.58, "Total Cost": 2731.74, "Plan Rows": 3.0, "Plan Width": 8, "Actual Rows": 3043, "Actual Loops": 1, "Inner Unique": true, "Hash Cond": "(pl.postid = p.id)", "Plans": [{"Node Type": "Seq Scan", "Parent Relationship": "Outer", "Parallel Aware": false, "Async Capable": false, "Relation Name": "postlinks", "Alias": "pl", "Startup Cost": 0.0, "Total Cost": 193.02, "Plan Rows": 11102, "Plan Width": 4, "Actual Rows": 11102, "Actual Loops": 1}, {"Node Type": "Hash", "Parent Relationship": "Inner", "Parallel Aware": false, "Async Capable": false, "Startup Cost": 2449.58, "Total Cost": 2449.58, "Plan Rows": 4800, "Plan Width": 4, "Actual Rows": 10286, "Actual Loops": 1, "Hash Buckets": 16384, "Original Hash Buckets": 8192, "Hash Batches": 1, "Original Hash Batches": 1, "Peak Memory Usage": 490, "Plans": [{"Node Type": "Seq Scan", "Parent Relationship": "Outer", "Parallel Aware": false, "Async Capable": false, "Relation Name": "posts", "Alias": "p", "Startup Cost": 0.0, "Total Cost": 2449.58, "Plan Rows": 4800, "Plan Width": 4, "Actual Rows": 10286, "Actual Loops": 1, "Filter": "((favoritecount >= 0) AND (favoritecount <= 2) AND (posttypeid = 1))", "Rows Removed by Filter": 81690}]}]}, {"Node Type": "Index Scan", "Parent Relationship": "Inner", "Parallel Aware": false, "Async Capable": false, "Scan Direction": "Forward", "Index Name": "idx_posthistory_postid", "Relation Name": "posthistory", "Alias": "ph", "Startup Cost": 0.42, "Total Cost": 1.49, "Plan Rows": 1, "Plan Width": 4, "Actual Rows": 1, "Actual Loops": 3043, "Index Cond": "(postid = pl.postid)", "Rows Removed by Index Recheck": 0, "Filter": "(posthistorytypeid = 5)", "Rows Removed by Filter": 5}]}, {"Node Type": "Index Scan", "Parent Relationship": "Inner", "Parallel Aware": false, "Async Capable": false, "Scan Direction": "Forward", "Index Name": "idx_comments_postid", "Relation Name": "comments", "Alias": "c", "Startup Cost": 0.42, "Total Cost": 0.59, "Plan Rows": 3, "Plan Width": 8, "Actual Rows": 3, "Actual Loops": 3997, "Index Cond": "(postid = ph.postid)", "Rows Removed by Index Recheck": 0, "Filter": "((creationdate >= '2010-07-20 06:26:28'::timestamp without time zone) AND (creationdate <= '2014-09-11 18:45:09'::timestamp without time zone) AND (score = 0))", "Rows Removed by Filter": 1}]}]}]}]}]}]}, "Planning Time": 5.757, "Triggers": [], "Execution Time": 268.286}, {"Plan": {"Node Type": "Aggregate", "Strategy": "Plain", "Partial Mode": "Simple", "Parallel Aware": false, "Async Capable": false, "Startup Cost": 44115.68, "Total Cost": 44115.69, "Plan Rows": 1, "Plan Width": 8, "Actual Rows": 1, "Actual Loops": 1, "Plans": [{"Node Type": "Merge Join", "Parent Relationship": "Outer", "Parallel Aware": false, "Async Capable": false, "Join Type": "Inner", "Startup Cost": 1002.37, "Total Cost": 44025.19, "Plan Rows": 1.0, "Plan Width": 0, "Actual Rows": 33955, "Actual Loops": 1, "Inner Unique": false, "Merge Cond": "(p.id = pl.postid)", "Plans": [{"Node Type": "Index Scan", "Parent Relationship": "Outer", "Parallel Aware": false, "Async Capable": false, "Scan Direction": "Forward", "Index Name": "posts_pkey", "Relation Name": "posts", "Alias": "p", "Startup Cost": 0.29, "Total Cost": 3928.99, "Plan Rows": 4800, "Plan Width": 4, "Actual Rows": 10256, "Actual Loops": 1, "Filter": "((favoritecount >= 0) AND (favoritecount <= 2) AND (posttypeid = 1))", "Rows Removed by Filter": 81104}, {"Node Type": "Materialize", "Parent Relationship": "Inner", "Parallel Aware": false, "Async Capable": false, "Startup Cost": 1002.08, "Total Cost": 35667.35, "Plan Rows": 3.0, "Plan Width": 12, "Actual Rows": 151988, "Actual Loops": 1, "Plans": [{"Node Type": "Nested Loop", "Parent Relationship": "Outer", "Parallel Aware": false, "Async Capable": false, "Join Type": "Inner", "Startup Cost": 1002.08, "Total Cost": 32012.62, "Plan Rows": 3.0, "Plan Width": 12, "Actual Rows": 151988, "Actual Loops": 1, "Inner Unique": false, "Join Filter": "(v.userid = u.id)", "Rows Removed by Join Filter": 0, "Plans": [{"Node Type": "Gather Merge", "Parent Relationship": "Outer", "Parallel Aware": false, "Async Capable": false, "Startup Cost": 1001.64, "Total Cost": 20747.38, "Plan Rows": 1.0, "Plan Width": 20, "Actual Rows": 15002, "Actual Loops": 1, "Workers Planned": 1, "Workers Launched": 1, "Plans": [{"Node Type": "Nested Loop", "Parent Relationship": "Outer", "Parallel Aware": false, "Async Capable": false, "Join Type": "Inner", "Startup Cost": 1.63, "Total Cost": 17011.82, "Plan Rows": 1.0, "Plan Width": 20, "Actual Rows": 7501, "Actual Loops": 2, "Inner Unique": true, "Workers": [], "Plans": [{"Node Type": "Nested Loop", "Parent Relationship": "Outer", "Parallel Aware": false, "Async Capable": false, "Join Type": "Inner", "Startup Cost": 1.33, "Total Cost": 12371.35, "Plan Rows": 17.0, "Plan Width": 16, "Actual Rows": 19364, "Actual Loops": 2, "Inner Unique": false, "Join Filter": "(c.postid = pl.postid)", "Rows Removed by Join Filter": 0, "Workers": [], "Plans": [{"Node Type": "Merge Join", "Parent Relationship": "Outer", "Parallel Aware": false, "Async Capable": false, "Join Type": "Inner", "Startup Cost": 0.91, "Total Cost": 8740.09, "Plan Rows": 133.0, "Plan Width": 8, "Actual Rows": 6382, "Actual Loops": 2, "Inner Unique": false, "Merge Cond": "(ph.postid = pl.postid)", "Workers": [], "Plans": [{"Node Type": "Index Scan", "Parent Relationship": "Outer", "Parallel Aware": true, "Async Capable": false, "Scan Direction": "Forward", "Index Name": "idx_posthistory_postid", "Relation Name": "posthistory", "Alias": "ph", "Startup Cost": 0.42, "Total Cost": 8270.95, "Plan Rows": 40839, "Plan Width": 4, "Actual Rows": 34710, "Actual Loops": 2, "Filter": "(posthistorytypeid = 5)", "Rows Removed by Filter": 116863, "Workers": []}, {"Node Type": "Index Only Scan", "Parent Relationship": "Inner", "Parallel Aware": false, "Async Capable": false, "Scan Direction": "Forward", "Index Name": "idx_postlinks_postid", "Relation Name": "postlinks", "Alias": "pl", "Startup Cost": 0.29, "Total Cost": 282.81, "Plan Rows": 11102, "Plan Width": 4, "Actual Rows": 13936, "Actual Loops": 2, "Heap Fetches": 0, "Workers": []}]}, {"Node Type": "Index Scan", "Parent Relationship": "Inner", "Parallel Aware": false, "Async Capable": false, "Scan Direction": "Forward", "Index Name": "idx_comments_postid", "Relation Name": "comments", "Alias": "c", "Startup Cost": 0.42, "Total Cost": 0.59, "Plan Rows": 3, "Plan Width": 8, "Actual Rows": 3, "Actual Loops": 12763, "Index Cond": "(postid = ph.postid)", "Rows Removed by Index Recheck": 0, "Filter": "((creationdate >= '2010-07-20 06:26:28'::timestamp without time zone) AND (creationdate <= '2014-09-11 18:45:09'::timestamp without time zone) AND (score = 0))", "Rows Removed by Filter": 1, "Workers": []}]}, {"Node Type": "Memoize", "Parent Relationship": "Inner", "Parallel Aware": false, "Async Capable": false, "Startup Cost": 0.3, "Total Cost": 0.34, "Plan Rows": 1, "Plan Width": 4, "Actual Rows": 0, "Actual Loops": 38729, "Cache Key": "c.userid", "Cache Mode": "logical", "Cache Hits": 2489, "Cache Misses": 312, "Cache Evictions": 0, "Cache Overflows": 0, "Peak Memory Usage": 28, "Workers": [{"Worker Number": 0, "Cache Hits": 33805, "Cache Misses": 2123, "Cache Evictions": 0, "Cache Overflows": 0, "Peak Memory Usage": 198}], "Plans": [{"Node Type": "Index Scan", "Parent Relationship": "Outer", "Parallel Aware": false, "Async Capable": false, "Scan Direction": "Forward", "Index Name": "users_pkey", "Relation Name": "users", "Alias": "u", "Startup Cost": 0.29, "Total Cost": 0.33, "Plan Rows": 1, "Plan Width": 4, "Actual Rows": 1, "Actual Loops": 2435, "Index Cond": "(id = c.userid)", "Rows Removed by Index Recheck": 0, "Filter": "((downvotes <= 0) AND (upvotes >= 0) AND (creationdate >= '2010-09-18 01:58:41'::timestamp without time zone))", "Rows Removed by Filter": 0, "Workers": []}]}]}]}, {"Node Type": "Memoize", "Parent Relationship": "Inner", "Parallel Aware": false, "Async Capable": false, "Startup Cost": 0.43, "Total Cost": 0.6, "Plan Rows": 9, "Plan Width": 4, "Actual Rows": 10, "Actual Loops": 15002, "Cache Key": "c.userid", "Cache Mode": "logical", "Cache Hits": 13261, "Cache Misses": 1741, "Cache Evictions": 0, "Cache Overflows": 0, "Peak Memory Usage": 303, "Plans": [{"Node Type": "Index Only Scan", "Parent Relationship": "Outer", "Parallel Aware": false, "Async Capable": false, "Scan Direction": "Forward", "Index Name": "idx_votes_userid", "Relation Name": "votes", "Alias": "v", "Startup Cost": 0.42, "Total Cost": 0.59, "Plan Rows": 9, "Plan Width": 4, "Actual Rows": 3, "Actual Loops": 1741, "Index Cond": "(userid = c.userid)", "Rows Removed by Index Recheck": 0, "Heap Fetches": 0}]}]}]}]}]}, "Planning Time": 10.727, "Triggers": [], "Execution Time": 294.838}, {"Plan": {"Node Type": "Aggregate", "Strategy": "Plain", "Partial Mode": "Simple", "Parallel Aware": false, "Async Capable": false, "Startup Cost": 24335.02, "Total Cost": 24335.03, "Plan Rows": 1, "Plan Width": 8, "Actual Rows": 1, "Actual Loops": 1, "Plans": [{"Node Type": "Hash Join", "Parent Relationship": "Outer", "Parallel Aware": false, "Async Capable": false, "Join Type": "Inner", "Startup Cost": 21871.64, "Total Cost": 24244.53, "Plan Rows": 1.0, "Plan Width": 0, "Actual Rows": 33955, "Actual Loops": 1, "Inner Unique": false, "Hash Cond": "(pl.postid = p.id)", "Plans": [{"Node Type": "Hash Join", "Parent Relationship": "Outer", "Parallel Aware": false, "Async Capable": false, "Join Type": "Inner", "Startup Cost": 6897.66, "Total Cost": 7799.72, "Plan Rows": 133.0, "Plan Width": 8, "Actual Rows": 12763, "Actual Loops": 1, "Inner Unique": false, "Hash Cond": "(pl.postid = ph.postid)", "Plans": [{"Node Type": "Seq Scan", "Parent Relationship": "Outer", "Parallel Aware": false, "Async Capable": false, "Relation Name": "postlinks", "Alias": "pl", "Startup Cost": 0.0, "Total Cost": 193.02, "Plan Rows": 11102, "Plan Width": 4, "Actual Rows": 11102, "Actual Loops": 1}, {"Node Type": "Hash", "Parent Relationship": "Inner", "Parallel Aware": false, "Async Capable": false, "Startup Cost": 6029.84, "Total Cost": 6029.84, "Plan Rows": 69426, "Plan Width": 4, "Actual Rows": 69427, "Actual Loops": 1, "Hash Buckets": 131072, "Original Hash Buckets": 131072, "Hash Batches": 1, "Original Hash Batches": 1, "Peak Memory Usage": 3465, "Plans": [{"Node Type": "Seq Scan", "Parent Relationship": "Outer", "Parallel Aware": false, "Async Capable": false, "Relation Name": "posthistory", "Alias": "ph", "Startup Cost": 0.0, "Total Cost": 6029.84, "Plan Rows": 69426, "Plan Width": 4, "Actual Rows": 69427, "Actual Loops": 1, "Filter": "(posthistorytypeid = 5)", "Rows Removed by Filter": 233760}]}]}, {"Node Type": "Hash", "Parent Relationship": "Inner", "Parallel Aware": false, "Async Capable": false, "Startup Cost": 10009.76, "Total Cost": 10009.76, "Plan Rows": 1.0, "Plan Width": 8, "Actual Rows": 31821, "Actual Loops": 1, "Hash Buckets": 524288, "Original Hash Buckets": 524288, "Hash Batches": 1, "Original Hash Batches": 1, "Peak Memory Usage": 5340, "Plans": [{"Node Type": "Merge Join", "Parent Relationship": "Outer", "Parallel Aware": false, "Async Capable": false, "Join Type": "Inner", "Startup Cost": 9180.14, "Total Cost": 10009.76, "Plan Rows": 1.0, "Plan Width": 8, "Actual Rows": 31821, "Actual Loops": 1, "Inner Unique": false, "Merge Cond": "(v.userid = u.id)", "Plans": [{"Node Type": "Index Only Scan", "Parent Relationship": "Outer", "Parallel Aware": false, "Async Capable": false, "Scan Direction": "Forward", "Index Name": "idx_votes_userid", "Relation Name": "votes", "Alias": "v", "Startup Cost": 0.42, "Total Cost": 6175.27, "Plan Rows": 328064, "Plan Width": 4, "Actual Rows": 34781, "Actual Loops": 1, "Heap Fetches": 0}, {"Node Type": "Sort", "Parent Relationship": "Inner", "Parallel Aware": false, "Async Capable": false, "Startup Cost": 9179.72, "Total Cost": 9196.23, "Plan Rows": 1.0, "Plan Width": 16, "Actual Rows": 35095, "Actual Loops": 1, "Sort Key": ["c.userid"], "Sort Method": "quicksort", "Sort Space Used": 439, "Sort Space Type": "Memory", "Plans": [{"Node Type": "Hash Join", "Parent Relationship": "Outer", "Parallel Aware": false, "Async Capable": false, "Join Type": "Inner", "Startup Cost": 3995.18, "Total Cost": 8760.58, "Plan Rows": 1.0, "Plan Width": 16, "Actual Rows": 6318, "Actual Loops": 1, "Inner Unique": true, "Hash Cond": "(c.userid = u.id)", "Plans": [{"Node Type": "Hash Join", "Parent Relationship": "Outer", "Parallel Aware": false, "Async Capable": false, "Join Type": "Inner", "Startup Cost": 2509.58, "Total Cost": 7256.58, "Plan Rows": 1.0, "Plan Width": 12, "Actual Rows": 17103, "Actual Loops": 1, "Inner Unique": true, "Hash Cond": "(c.postid = p.id)", "Plans": [{"Node Type": "Seq Scan", "Parent Relationship": "Outer", "Parallel Aware": false, "Async Capable": false, "Relation Name": "comments", "Alias": "c", "Startup Cost": 0.0, "Total Cost": 4394.34, "Plan Rows": 134342, "Plan Width": 8, "Actual Rows": 134487, "Actual Loops": 1, "Filter": "((creationdate >= '2010-07-20 06:26:28'::timestamp without time zone) AND (creationdate <= '2014-09-11 18:45:09'::timestamp without time zone) AND (score = 0))", "Rows Removed by Filter": 39818}, {"Node Type": "Hash", "Parent Relationship": "Inner", "Parallel Aware": false, "Async Capable": false, "Startup Cost": 2449.58, "Total Cost": 2449.58, "Plan Rows": 4800, "Plan Width": 4, "Actual Rows": 10286, "Actual Loops": 1, "Hash Buckets": 16384, "Original Hash Buckets": 8192, "Hash Batches": 1, "Original Hash Batches": 1, "Peak Memory Usage": 490, "Plans": [{"Node Type": "Seq Scan", "Parent Relationship": "Outer", "Parallel Aware": false, "Async Capable": false, "Relation Name": "posts", "Alias": "p", "Startup Cost": 0.0, "Total Cost": 2449.58, "Plan Rows": 4800, "Plan Width": 4, "Actual Rows": 10286, "Actual Loops": 1, "Filter": "((favoritecount >= 0) AND (favoritecount <= 2) AND (posttypeid = 1))", "Rows Removed by Filter": 81690}]}]}, {"Node Type": "Hash", "Parent Relationship": "Inner", "Parallel Aware": false, "Async Capable": false, "Startup Cost": 1002.69, "Total Cost": 1002.69, "Plan Rows": 38633, "Plan Width": 4, "Actual Rows": 38753, "Actual Loops": 1, "Hash Buckets": 65536, "Original Hash Buckets": 65536, "Hash Batches": 1, "Original Hash Batches": 1, "Peak Memory Usage": 1875, "Plans": [{"Node Type": "Seq Scan", "Parent Relationship": "Outer", "Parallel Aware": false, "Async Capable": false, "Relation Name": "users", "Alias": "u", "Startup Cost": 0.0, "Total Cost": 1002.69, "Plan Rows": 38633, "Plan Width": 4, "Actual Rows": 38753, "Actual Loops": 1, "Filter": "((downvotes <= 0) AND (upvotes >= 0) AND (creationdate >= '2010-09-18 01:58:41'::timestamp without time zone))", "Rows Removed by Filter": 1572}]}]}]}]}]}]}]}, "Planning Time": 6.114, "Triggers": [], "Execution Time": 244.976}, {"Plan": {"Node Type": "Aggregate", "Strategy": "Plain", "Partial Mode": "Finalize", "Parallel Aware": false, "Async Capable": false, "Startup Cost": 27917.77, "Total Cost": 27917.78, "Plan Rows": 1, "Plan Width": 8, "Actual Rows": 1, "Actual Loops": 1, "Plans": [{"Node Type": "Gather", "Parent Relationship": "Outer", "Parallel Aware": false, "Async Capable": false, "Startup Cost": 27917.66, "Total Cost": 27917.77, "Plan Rows": 1, "Plan Width": 8, "Actual Rows": 2, "Actual Loops": 1, "Workers Planned": 1, "Workers Launched": 1, "Single Copy": false, "Plans": [{"Node Type": "Aggregate", "Strategy": "Plain", "Partial Mode": "Partial", "Parent Relationship": "Outer", "Parallel Aware": false, "Async Capable": false, "Startup Cost": 26917.66, "Total Cost": 26917.67, "Plan Rows": 1, "Plan Width": 8, "Actual Rows": 1, "Actual Loops": 2, "Workers": [], "Plans": [{"Node Type": "Hash Join", "Parent Relationship": "Outer", "Parallel Aware": false, "Async Capable": false, "Join Type": "Inner", "Startup Cost": 6163.85, "Total Cost": 26864.43, "Plan Rows": 1.0, "Plan Width": 0, "Actual Rows": 16978, "Actual Loops": 2, "Inner Unique": false, "Hash Cond": "(c.postid = p.id)", "Workers": [], "Plans": [{"Node Type": "Hash Join", "Parent Relationship": "Outer", "Parallel Aware": true, "Async Capable": false, "Join Type": "Inner", "Startup Cost": 2554.99, "Total Cost": 6256.56, "Plan Rows": 16.0, "Plan Width": 4, "Actual Rows": 101903, "Actual Loops": 2, "Inner Unique": false, "Hash Cond": "(c.userid = u.id)", "Workers": [], "Plans": [{"Node Type": "Seq Scan", "Parent Relationship": "Outer", "Parallel Aware": true, "Async Capable": false, "Relation Name": "comments", "Alias": "c", "Startup Cost": 0.0, "Total Cost": 3138.32, "Plan Rows": 79025, "Plan Width": 8, "Actual Rows": 67244, "Actual Loops": 2, "Filter": "((creationdate >= '2010-07-20 06:26:28'::timestamp without time zone) AND (creationdate <= '2014-09-11 18:45:09'::timestamp without time zone) AND (score = 0))", "Rows Removed by Filter": 19909, "Workers": []}, {"Node Type": "Hash", "Parent Relationship": "Inner", "Parallel Aware": true, "Async Capable": false, "Startup Cost": 2381.88, "Total Cost": 2381.88, "Plan Rows": 107.0, "Plan Width": 8, "Actual Rows": 9338, "Actual Loops": 2, "Hash Buckets": 65536, "Original Hash Buckets": 65536, "Hash Batches": 1, "Original Hash Batches": 1, "Peak Memory Usage": 1248, "Workers": [], "Plans": [{"Node Type": "Merge Join", "Parent Relationship": "Outer", "Parallel Aware": false, "Async Capable": false, "Join Type": "Inner", "Startup Cost": 0.71, "Total Cost": 2381.88, "Plan Rows": 107.0, "Plan Width": 8, "Actual Rows": 9338, "Actual Loops": 2, "Inner Unique": true, "Merge Cond": "(v.userid = u.id)", "Workers": [], "Plans": [{"Node Type": "Index Only Scan", "Parent Relationship": "Outer", "Parallel Aware": true, "Async Capable": false, "Scan Direction": "Forward", "Index Name": "idx_votes_userid", "Relation Name": "votes", "Alias": "v", "Startup Cost": 0.42, "Total Cost": 4261.57, "Plan Rows": 136693, "Plan Width": 4, "Actual Rows": 17396, "Actual Loops": 2, "Heap Fetches": 0, "Workers": []}, {"Node Type": "Index Scan", "Parent Relationship": "Inner", "Parallel Aware": false, "Async Capable": false, "Scan Direction": "Forward", "Index Name": "users_pkey", "Relation Name": "users", "Alias": "u", "Startup Cost": 0.29, "Total Cost": 1659.6, "Plan Rows": 38633, "Plan Width": 4, "Actual Rows": 37384, "Actual Loops": 2, "Filter": "((downvotes <= 0) AND (upvotes >= 0) AND (creationdate >= '2010-09-18 01:58:41'::timestamp without time zone))", "Rows Removed by Filter": 1570, "Workers": []}]}]}]}, {"Node Type": "Hash", "Parent Relationship": "Inner", "Parallel Aware": false, "Async Capable": false, "Startup Cost": 3603.4, "Total Cost": 3603.4, "Plan Rows": 1.0, "Plan Width": 12, "Actual Rows": 3997, "Actual Loops": 2, "Hash Buckets": 4096, "Original Hash Buckets": 1024, "Hash Batches": 1, "Original Hash Batches": 1, "Peak Memory Usage": 204, "Workers": [], "Plans": [{"Node Type": "Nested Loop", "Parent Relationship": "Outer", "Parallel Aware": false, "Async Capable": false, "Join Type": "Inner", "Startup Cost": 2510.0, "Total Cost": 3603.4, "Plan Rows": 1.0, "Plan Width": 12, "Actual Rows": 3997, "Actual Loops": 2, "Inner Unique": false, "Join Filter": "(p.id = ph.postid)", "Rows Removed by Join Filter": 0, "Workers": [], "Plans": [{"Node Type": "Hash Join", "Parent Relationship": "Outer", "Parallel Aware": false, "Async Capable": false, "Join Type": "Inner", "Startup Cost": 2509.58, "Total Cost": 2731.74, "Plan Rows": 3.0, "Plan Width": 8, "Actual Rows": 3043, "Actual Loops": 2, "Inner Unique": true, "Hash Cond": "(pl.postid = p.id)", "Workers": [], "Plans": [{"Node Type": "Seq Scan", "Parent Relationship": "Outer", "Parallel Aware": false, "Async Capable": false, "Relation Name": "postlinks", "Alias": "pl", "Startup Cost": 0.0, "Total Cost": 193.02, "Plan Rows": 11102, "Plan Width": 4, "Actual Rows": 11102, "Actual Loops": 2, "Workers": []}, {"Node Type": "Hash", "Parent Relationship": "Inner", "Parallel Aware": false, "Async Capable": false, "Startup Cost": 2449.58, "Total Cost": 2449.58, "Plan Rows": 4800, "Plan Width": 4, "Actual Rows": 10286, "Actual Loops": 2, "Hash Buckets": 16384, "Original Hash Buckets": 8192, "Hash Batches": 1, "Original Hash Batches": 1, "Peak Memory Usage": 490, "Workers": [], "Plans": [{"Node Type": "Seq Scan", "Parent Relationship": "Outer", "Parallel Aware": false, "Async Capable": false, "Relation Name": "posts", "Alias": "p", "Startup Cost": 0.0, "Total Cost": 2449.58, "Plan Rows": 4800, "Plan Width": 4, "Actual Rows": 10286, "Actual Loops": 2, "Filter": "((favoritecount >= 0) AND (favoritecount <= 2) AND (posttypeid = 1))", "Rows Removed by Filter": 81690, "Workers": []}]}]}, {"Node Type": "Index Scan", "Parent Relationship": "Inner", "Parallel Aware": false, "Async Capable": false, "Scan Direction": "Forward", "Index Name": "idx_posthistory_postid", "Relation Name": "posthistory", "Alias": "ph", "Startup Cost": 0.42, "Total Cost": 1.49, "Plan Rows": 1, "Plan Width": 4, "Actual Rows": 1, "Actual Loops": 6086, "Index Cond": "(postid = pl.postid)", "Rows Removed by Index Recheck": 0, "Filter": "(posthistorytypeid = 5)", "Rows Removed by Filter": 5, "Workers": []}]}]}]}]}]}]}, "Planning Time": 10.095, "Triggers": [], "Execution Time": 163.894}, {"Plan": {"Node Type": "Aggregate", "Strategy": "Plain", "Partial Mode": "Finalize", "Parallel Aware": false, "Async Capable": false, "Startup Cost": 31085.31, "Total Cost": 31085.32, "Plan Rows": 1, "Plan Width": 8, "Actual Rows": 1, "Actual Loops": 1, "Plans": [{"Node Type": "Gather", "Parent Relationship": "Outer", "Parallel Aware": false, "Async Capable": false, "Startup Cost": 31085.2, "Total Cost": 31085.31, "Plan Rows": 1, "Plan Width": 8, "Actual Rows": 2, "Actual Loops": 1, "Workers Planned": 1, "Workers Launched": 1, "Single Copy": false, "Plans": [{"Node Type": "Aggregate", "Strategy": "Plain", "Partial Mode": "Partial", "Parent Relationship": "Outer", "Parallel Aware": false, "Async Capable": false, "Startup Cost": 30085.2, "Total Cost": 30085.21, "Plan Rows": 1, "Plan Width": 8, "Actual Rows": 1, "Actual Loops": 2, "Workers": [], "Plans": [{"Node Type": "Hash Join", "Parent Relationship": "Outer", "Parallel Aware": false, "Async Capable": false, "Join Type": "Inner", "Startup Cost": 11638.7, "Total Cost": 30031.97, "Plan Rows": 1.0, "Plan Width": 0, "Actual Rows": 16978, "Actual Loops": 2, "Inner Unique": true, "Hash Cond": "(pl.postid = p.id)", "Workers": [], "Plans": [{"Node Type": "Nested Loop", "Parent Relationship": "Outer", "Parallel Aware": false, "Async Capable": false, "Join Type": "Inner", "Startup Cost": 9129.12, "Total Cost": 25264.95, "Plan Rows": 3.0, "Plan Width": 12, "Actual Rows": 75994, "Actual Loops": 2, "Inner Unique": false, "Join Filter": "(v.userid = u.id)", "Rows Removed by Join Filter": 0, "Workers": [], "Plans": [{"Node Type": "Hash Join", "Parent Relationship": "Outer", "Parallel Aware": false, "Async Capable": false, "Join Type": "Inner", "Startup Cost": 9128.69, "Total Cost": 15476.7, "Plan Rows": 1.0, "Plan Width": 20, "Actual Rows": 7501, "Actual Loops": 2, "Inner Unique": false, "Hash Cond": "(ph.postid = pl.postid)", "Workers": [], "Plans": [{"Node Type": "Seq Scan", "Parent Relationship": "Outer", "Parallel Aware": true, "Async Capable": false, "Relation Name": "posthistory", "Alias": "ph", "Startup Cost": 0.0, "Total Cost": 4469.32, "Plan Rows": 40839, "Plan Width": 4, "Actual Rows": 34714, "Actual Loops": 2, "Filter": "(posthistorytypeid = 5)", "Rows Removed by Filter": 116880, "Workers": []}, {"Node Type": "Hash", "Parent Relationship": "Inner", "Parallel Aware": false, "Async Capable": false, "Startup Cost": 8785.86, "Total Cost": 8785.86, "Plan Rows": 1.0, "Plan Width": 16, "Actual Rows": 8884, "Actual Loops": 2, "Hash Buckets": 32768, "Original Hash Buckets": 32768, "Hash Batches": 1, "Original Hash Batches": 1, "Peak Memory Usage": 673, "Workers": [], "Plans": [{"Node Type": "Hash Join", "Parent Relationship": "Outer", "Parallel Aware": false, "Async Capable": false, "Join Type": "Inner", "Startup Cost": 7559.21, "Total Cost": 8785.86, "Plan Rows": 1.0, "Plan Width": 16, "Actual Rows": 8884, "Actual Loops": 2, "Inner Unique": true, "Hash Cond": "(c.userid = u.id)", "Workers": [], "Plans": [{"Node Type": "Hash Join", "Parent Relationship": "Outer", "Parallel Aware": false, "Async Capable": false, "Join Type": "Inner", "Startup Cost": 6073.61, "Total Cost": 7223.84, "Plan Rows": 98.0, "Plan Width": 12, "Actual Rows": 24679, "Actual Loops": 2, "Inner Unique": false, "Hash Cond": "(pl.postid = c.postid)", "Workers": [], "Plans": [{"Node Type": "Seq Scan", "Parent Relationship": "Outer", "Parallel Aware": false, "Async Capable": false, "Relation Name": "postlinks", "Alias": "pl", "Startup Cost": 0.0, "Total Cost": 193.02, "Plan Rows": 11102, "Plan Width": 4, "Actual Rows": 11102, "Actual Loops": 2, "Workers": []}, {"Node Type": "Hash", "Parent Relationship": "Inner", "Parallel Aware": false, "Async Capable": false, "Startup Cost": 4394.34, "Total Cost": 4394.34, "Plan Rows": 134342, "Plan Width": 8, "Actual Rows": 134487, "Actual Loops": 2, "Hash Buckets": 262144, "Original Hash Buckets": 262144, "Hash Batches": 1, "Original Hash Batches": 1, "Peak Memory Usage": 7293, "Workers": [], "Plans": [{"Node Type": "Seq Scan", "Parent Relationship": "Outer", "Parallel Aware": false, "Async Capable": false, "Relation Name": "comments", "Alias": "c", "Startup Cost": 0.0, "Total Cost": 4394.34, "Plan Rows": 134342, "Plan Width": 8, "Actual Rows": 134487, "Actual Loops": 2, "Filter": "((creationdate >= '2010-07-20 06:26:28'::timestamp without time zone) AND (creationdate <= '2014-09-11 18:45:09'::timestamp without time zone) AND (score = 0))", "Rows Removed by Filter": 39818, "Workers": []}]}]}, {"Node Type": "Hash", "Parent Relationship": "Inner", "Parallel Aware": false, "Async Capable": false, "Startup Cost": 1002.69, "Total Cost": 1002.69, "Plan Rows": 38633, "Plan Width": 4, "Actual Rows": 38753, "Actual Loops": 2, "Hash Buckets": 65536, "Original Hash Buckets": 65536, "Hash Batches": 1, "Original Hash Batches": 1, "Peak Memory Usage": 1875, "Workers": [], "Plans": [{"Node Type": "Seq Scan", "Parent Relationship": "Outer", "Parallel Aware": false, "Async Capable": false, "Relation Name": "users", "Alias": "u", "Startup Cost": 0.0, "Total Cost": 1002.69, "Plan Rows": 38633, "Plan Width": 4, "Actual Rows": 38753, "Actual Loops": 2, "Filter": "((downvotes <= 0) AND (upvotes >= 0) AND (creationdate >= '2010-09-18 01:58:41'::timestamp without time zone))", "Rows Removed by Filter": 1572, "Workers": []}]}]}]}]}, {"Node Type": "Memoize", "Parent Relationship": "Inner", "Parallel Aware": false, "Async Capable": false, "Startup Cost": 0.43, "Total Cost": 0.6, "Plan Rows": 9, "Plan Width": 4, "Actual Rows": 10, "Actual Loops": 15002, "Cache Key": "c.userid", "Cache Mode": "logical", "Cache Hits": 7196, "Cache Misses": 1179, "Cache Evictions": 0, "Cache Overflows": 0, "Peak Memory Usage": 232, "Workers": [{"Worker Number": 0, "Cache Hits": 5581, "Cache Misses": 1046, "Cache Evictions": 0, "Cache Overflows": 0, "Peak Memory Usage": 199}], "Plans": [{"Node Type": "Index Only Scan", "Parent Relationship": "Outer", "Parallel Aware": false, "Async Capable": false, "Scan Direction": "Forward", "Index Name": "idx_votes_userid", "Relation Name": "votes", "Alias": "v", "Startup Cost": 0.42, "Total Cost": 0.59, "Plan Rows": 9, "Plan Width": 4, "Actual Rows": 4, "Actual Loops": 2225, "Index Cond": "(userid = c.userid)", "Rows Removed by Index Recheck": 0, "Heap Fetches": 0, "Workers": []}]}]}, {"Node Type": "Hash", "Parent Relationship": "Inner", "Parallel Aware": false, "Async Capable": false, "Startup Cost": 2449.58, "Total Cost": 2449.58, "Plan Rows": 4800, "Plan Width": 4, "Actual Rows": 10286, "Actual Loops": 2, "Hash Buckets": 16384, "Original Hash Buckets": 8192, "Hash Batches": 1, "Original Hash Batches": 1, "Peak Memory Usage": 490, "Workers": [], "Plans": [{"Node Type": "Seq Scan", "Parent Relationship": "Outer", "Parallel Aware": false, "Async Capable": false, "Relation Name": "posts", "Alias": "p", "Startup Cost": 0.0, "Total Cost": 2449.58, "Plan Rows": 4800, "Plan Width": 4, "Actual Rows": 10286, "Actual Loops": 2, "Filter": "((favoritecount >= 0) AND (favoritecount <= 2) AND (posttypeid = 1))", "Rows Removed by Filter": 81690, "Workers": []}]}]}]}]}]}, "Planning Time": 9.945, "Triggers": [], "Execution Time": 238.41}, {"Plan": {"Node Type": "Aggregate", "Strategy": "Plain", "Partial Mode": "Simple", "Parallel Aware": false, "Async Capable": false, "Startup Cost": 18352.9, "Total Cost": 18352.91, "Plan Rows": 1, "Plan Width": 8, "Actual Rows": 1, "Actual Loops": 1, "Plans": [{"Node Type": "Hash Join", "Parent Relationship": "Outer", "Parallel Aware": false, "Async Capable": false, "Join Type": "Inner", "Startup Cost": 11472.41, "Total Cost": 18262.41, "Plan Rows": 1.0, "Plan Width": 0, "Actual Rows": 33955, "Actual Loops": 1, "Inner Unique": false, "Hash Cond": "(p.id = pl.postid)", "Plans": [{"Node Type": "Merge Join", "Parent Relationship": "Outer", "Parallel Aware": false, "Async Capable": false, "Join Type": "Inner", "Startup Cost": 11140.61, "Total Cost": 11948.19, "Plan Rows": 1.0, "Plan Width": 12, "Actual Rows": 70333, "Actual Loops": 1, "Inner Unique": false, "Merge Cond": "(v.userid = u.id)", "Plans": [{"Node Type": "Index Only Scan", "Parent Relationship": "Outer", "Parallel Aware": false, "Async Capable": false, "Scan Direction": "Forward", "Index Name": "idx_votes_userid", "Relation Name": "votes", "Alias": "v", "Startup Cost": 0.42, "Total Cost": 6175.27, "Plan Rows": 328064, "Plan Width": 4, "Actual Rows": 34781, "Actual Loops": 1, "Heap Fetches": 0}, {"Node Type": "Sort", "Parent Relationship": "Inner", "Parallel Aware": false, "Async Capable": false, "Startup Cost": 11140.19, "Total Cost": 11152.65, "Plan Rows": 1.0, "Plan Width": 20, "Actual Rows": 75203, "Actual Loops": 1, "Sort Key": ["c.userid"], "Sort Method": "quicksort", "Sort Space Used": 861, "Sort Space Type": "Memory", "Plans": [{"Node Type": "Gather", "Parent Relationship": "Outer", "Parallel Aware": false, "Async Capable": false, "Startup Cost": 3510.29, "Total Cost": 10833.96, "Plan Rows": 4986, "Plan Width": 20, "Actual Rows": 10174, "Actual Loops": 1, "Workers Planned": 1, "Workers Launched": 1, "Single Copy": false, "Plans": [{"Node Type": "Nested Loop", "Parent Relationship": "Outer", "Parallel Aware": false, "Async Capable": false, "Join Type": "Inner", "Startup Cost": 2510.29, "Total Cost": 9335.36, "Plan Rows": 1.0, "Plan Width": 20, "Actual Rows": 5087, "Actual Loops": 2, "Inner Unique": true, "Workers": [], "Plans": [{"Node Type": "Nested Loop", "Parent Relationship": "Outer", "Parallel Aware": false, "Async Capable": false, "Join Type": "Inner", "Startup Cost": 2510.0, "Total Cost": 8316.76, "Plan Rows": 1.0, "Plan Width": 16, "Actual Rows": 13248, "Actual Loops": 2, "Inner Unique": false, "Join Filter": "(p.id = ph.postid)", "Rows Removed by Join Filter": 0, "Workers": [], "Plans": [{"Node Type": "Hash Join", "Parent Relationship": "Outer", "Parallel Aware": false, "Async Capable": false, "Join Type": "Inner", "Startup Cost": 2509.58, "Total Cost": 5855.35, "Plan Rows": 1.0, "Plan Width": 12, "Actual Rows": 8552, "Actual Loops": 2, "Inner Unique": true, "Hash Cond": "(c.postid = p.id)", "Workers": [], "Plans": [{"Node Type": "Seq Scan", "Parent Relationship": "Outer", "Parallel Aware": true, "Async Capable": false, "Relation Name": "comments", "Alias": "c", "Startup Cost": 0.0, "Total Cost": 3138.32, "Plan Rows": 79025, "Plan Width": 8, "Actual Rows": 67244, "Actual Loops": 2, "Filter": "((creationdate >= '2010-07-20 06:26:28'::timestamp without time zone) AND (creationdate <= '2014-09-11 18:45:09'::timestamp without time zone) AND (score = 0))", "Rows Removed by Filter": 19909, "Workers": []}, {"Node Type": "Hash", "Parent Relationship": "Inner", "Parallel Aware": false, "Async Capable": false, "Startup Cost": 2449.58, "Total Cost": 2449.58, "Plan Rows": 4800, "Plan Width": 4, "Actual Rows": 10286, "Actual Loops": 2, "Hash Buckets": 16384, "Original Hash Buckets": 8192, "Hash Batches": 1, "Original Hash Batches": 1, "Peak Memory Usage": 490, "Workers": [], "Plans": [{"Node Type": "Seq Scan", "Parent Relationship": "Outer", "Parallel Aware": false, "Async Capable": false, "Relation Name": "posts", "Alias": "p", "Startup Cost": 0.0, "Total Cost": 2449.58, "Plan Rows": 4800, "Plan Width": 4, "Actual Rows": 10286, "Actual Loops": 2, "Filter": "((favoritecount >= 0) AND (favoritecount <= 2) AND (posttypeid = 1))", "Rows Removed by Filter": 81690, "Workers": []}]}]}, {"Node Type": "Index Scan", "Parent Relationship": "Inner", "Parallel Aware": false, "Async Capable": false, "Scan Direction": "Forward", "Index Name": "idx_posthistory_postid", "Relation Name": "posthistory", "Alias": "ph", "Startup Cost": 0.42, "Total Cost": 0.58, "Plan Rows": 1, "Plan Width": 4, "Actual Rows": 2, "Actual Loops": 17103, "Index Cond": "(postid = c.postid)", "Rows Removed by Index Recheck": 0, "Filter": "(posthistorytypeid = 5)", "Rows Removed by Filter": 5, "Workers": []}]}, {"Node Type": "Index Scan", "Parent Relationship": "Inner", "Parallel Aware": false, "Async Capable": false, "Scan Direction": "Forward", "Index Name": "users_pkey", "Relation Name": "users", "Alias": "u", "Startup Cost": 0.29, "Total Cost": 0.33, "Plan Rows": 1, "Plan Width": 4, "Actual Rows": 0, "Actual Loops": 26496, "Index Cond": "(id = c.userid)", "Rows Removed by Index Recheck": 0, "Filter": "((downvotes <= 0) AND (upvotes >= 0) AND (creationdate >= '2010-09-18 01:58:41'::timestamp without time zone))", "Rows Removed by Filter": 1, "Workers": []}]}]}]}]}, {"Node Type": "Hash", "Parent Relationship": "Inner", "Parallel Aware": false, "Async Capable": false, "Startup Cost": 193.02, "Total Cost": 193.02, "Plan Rows": 11102, "Plan Width": 4, "Actual Rows": 11102, "Actual Loops": 1, "Hash Buckets": 16384, "Original Hash Buckets": 16384, "Hash Batches": 1, "Original Hash Batches": 1, "Peak Memory Usage": 519, "Plans": [{"Node Type": "Seq Scan", "Parent Relationship": "Outer", "Parallel Aware": false, "Async Capable": false, "Relation Name": "postlinks", "Alias": "pl", "Startup Cost": 0.0, "Total Cost": 193.02, "Plan Rows": 11102, "Plan Width": 4, "Actual Rows": 11102, "Actual Loops": 1}]}]}]}, "Planning Time": 5.772, "Triggers": [], "Execution Time": 157.326}, {"Plan": {"Node Type": "Aggregate", "Strategy": "Plain", "Partial Mode": "Simple", "Parallel Aware": false, "Async Capable": false, "Startup Cost": 26230.15, "Total Cost": 26230.16, "Plan Rows": 1, "Plan Width": 8, "Actual Rows": 1, "Actual Loops": 1, "Plans": [{"Node Type": "Hash Join", "Parent Relationship": "Outer", "Parallel Aware": false, "Async Capable": false, "Join Type": "Inner", "Startup Cost": 17811.51, "Total Cost": 26139.66, "Plan Rows": 1.0, "Plan Width": 0, "Actual Rows": 33955, "Actual Loops": 1, "Inner Unique": false, "Hash Cond": "(pl.postid = p.id)", "Plans": [{"Node Type": "Hash Join", "Parent Relationship": "Outer", "Parallel Aware": false, "Async Capable": false, "Join Type": "Inner", "Startup Cost": 9317.82, "Total Cost": 10813.17, "Plan Rows": 20.0, "Plan Width": 8, "Actual Rows": 54549, "Actual Loops": 1, "Inner Unique": false, "Hash Cond": "(c.userid = u.id)", "Plans": [{"Node Type": "Hash Join", "Parent Relationship": "Outer", "Parallel Aware": false, "Async Capable": false, "Join Type": "Inner", "Startup Cost": 6073.61, "Total Cost": 7223.84, "Plan Rows": 98.0, "Plan Width": 12, "Actual Rows": 24679, "Actual Loops": 1, "Inner Unique": false, "Hash Cond": "(pl.postid = c.postid)", "Plans": [{"Node Type": "Seq Scan", "Parent Relationship": "Outer", "Parallel Aware": false, "Async Capable": false, "Relation Name": "postlinks", "Alias": "pl", "Startup Cost": 0.0, "Total Cost": 193.02, "Plan Rows": 11102, "Plan Width": 4, "Actual Rows": 11102, "Actual Loops": 1}, {"Node Type": "Hash", "Parent Relationship": "Inner", "Parallel Aware": false, "Async Capable": false, "Startup Cost": 4394.34, "Total Cost": 4394.34, "Plan Rows": 134342, "Plan Width": 8, "Actual Rows": 134487, "Actual Loops": 1, "Hash Buckets": 262144, "Original Hash Buckets": 262144, "Hash Batches": 1, "Original Hash Batches": 1, "Peak Memory Usage": 7293, "Plans": [{"Node Type": "Seq Scan", "Parent Relationship": "Outer", "Parallel Aware": false, "Async Capable": false, "Relation Name": "comments", "Alias": "c", "Startup Cost": 0.0, "Total Cost": 4394.34, "Plan Rows": 134342, "Plan Width": 8, "Actual Rows": 134487, "Actual Loops": 1, "Filter": "((creationdate >= '2010-07-20 06:26:28'::timestamp without time zone) AND (creationdate <= '2014-09-11 18:45:09'::timestamp without time zone) AND (score = 0))", "Rows Removed by Filter": 39818}]}]}, {"Node Type": "Hash", "Parent Relationship": "Inner", "Parallel Aware": false, "Async Capable": false, "Startup Cost": 2828.74, "Total Cost": 2828.74, "Plan Rows": 107.0, "Plan Width": 8, "Actual Rows": 18677, "Actual Loops": 1, "Hash Buckets": 65536, "Original Hash Buckets": 65536, "Hash Batches": 1, "Original Hash Batches": 1, "Peak Memory Usage": 1242, "Plans": [{"Node Type": "Merge Join", "Parent Relationship": "Outer", "Parallel Aware": false, "Async Capable": false, "Join Type": "Inner", "Startup Cost": 0.71, "Total Cost": 2828.74, "Plan Rows": 107.0, "Plan Width": 8, "Actual Rows": 18677, "Actual Loops": 1, "Inner Unique": true, "Merge Cond": "(v.userid = u.id)", "Plans": [{"Node Type": "Index Only Scan", "Parent Relationship": "Outer", "Parallel Aware": false, "Async Capable": false, "Scan Direction": "Forward", "Index Name": "idx_votes_userid", "Relation Name": "votes", "Alias": "v", "Startup Cost": 0.42, "Total Cost": 6175.27, "Plan Rows": 328064, "Plan Width": 4, "Actual Rows": 34790, "Actual Loops": 1, "Heap Fetches": 0}, {"Node Type": "Index Scan", "Parent Relationship": "Inner", "Parallel Aware": false, "Async Capable": false, "Scan Direction": "Forward", "Index Name": "users_pkey", "Relation Name": "users", "Alias": "u", "Startup Cost": 0.29, "Total Cost": 1659.6, "Plan Rows": 38633, "Plan Width": 4, "Actual Rows": 38712, "Actual Loops": 1, "Filter": "((downvotes <= 0) AND (upvotes >= 0) AND (creationdate >= '2010-09-18 01:58:41'::timestamp without time zone))", "Rows Removed by Filter": 1572}]}]}]}, {"Node Type": "Hash", "Parent Relationship": "Inner", "Parallel Aware": false, "Async Capable": false, "Startup Cost": 8448.4, "Total Cost": 8448.4, "Plan Rows": 1.0, "Plan Width": 8, "Actual Rows": 11016, "Actual Loops": 1, "Hash Buckets": 16384, "Original Hash Buckets": 4096, "Hash Batches": 1, "Original Hash Batches": 1, "Peak Memory Usage": 559, "Plans": [{"Node Type": "Gather", "Parent Relationship": "Outer", "Parallel Aware": false, "Async Capable": false, "Startup Cost": 3509.58, "Total Cost": 8448.4, "Plan Rows": 3623, "Plan Width": 8, "Actual Rows": 11016, "Actual Loops": 1, "Workers Planned": 1, "Workers Launched": 1, "Single Copy": false, "Plans": [{"Node Type": "Hash Join", "Parent Relationship": "Outer", "Parallel Aware": false, "Async Capable": false, "Join Type": "Inner", "Startup Cost": 2509.58, "Total Cost": 7086.1, "Plan Rows": 1.0, "Plan Width": 8, "Actual Rows": 5508, "Actual Loops": 2, "Inner Unique": true, "Hash Cond": "(ph.postid = p.id)", "Workers": [], "Plans": [{"Node Type": "Seq Scan", "Parent Relationship": "Outer", "Parallel Aware": true, "Async Capable": false, "Relation Name": "posthistory", "Alias": "ph", "Startup Cost": 0.0, "Total Cost": 4469.32, "Plan Rows": 40839, "Plan Width": 4, "Actual Rows": 34714, "Actual Loops": 2, "Filter": "(posthistorytypeid = 5)", "Rows Removed by Filter": 116880, "Workers": []}, {"Node Type": "Hash", "Parent Relationship": "Inner", "Parallel Aware": false, "Async Capable": false, "Startup Cost": 2449.58, "Total Cost": 2449.58, "Plan Rows": 4800, "Plan Width": 4, "Actual Rows": 10286, "Actual Loops": 2, "Hash Buckets": 16384, "Original Hash Buckets": 8192, "Hash Batches": 1, "Original Hash Batches": 1, "Peak Memory Usage": 490, "Workers": [], "Plans": [{"Node Type": "Seq Scan", "Parent Relationship": "Outer", "Parallel Aware": false, "Async Capable": false, "Relation Name": "posts", "Alias": "p", "Startup Cost": 0.0, "Total Cost": 2449.58, "Plan Rows": 4800, "Plan Width": 4, "Actual Rows": 10286, "Actual Loops": 2, "Filter": "((favoritecount >= 0) AND (favoritecount <= 2) AND (posttypeid = 1))", "Rows Removed by Filter": 81690, "Workers": []}]}]}]}]}]}]}, "Planning Time": 6.008, "Triggers": [], "Execution Time": 231.204}, {"Plan": {"Node Type": "Aggregate", "Strategy": "Plain", "Partial Mode": "Finalize", "Parallel Aware": false, "Async Capable": false, "Startup Cost": 17739.56, "Total Cost": 17739.57, "Plan Rows": 1, "Plan Width": 8, "Actual Rows": 1, "Actual Loops": 1, "Plans": [{"Node Type": "Gather", "Parent Relationship": "Outer", "Parallel Aware": false, "Async Capable": false, "Startup Cost": 17739.44, "Total Cost": 17739.55, "Plan Rows": 1, "Plan Width": 8, "Actual Rows": 2, "Actual Loops": 1, "Workers Planned": 1, "Workers Launched": 1, "Single Copy": false, "Plans": [{"Node Type": "Aggregate", "Strategy": "Plain", "Partial Mode": "Partial", "Parent Relationship": "Outer", "Parallel Aware": false, "Async Capable": false, "Startup Cost": 16739.44, "Total Cost": 16739.45, "Plan Rows": 1, "Plan Width": 8, "Actual Rows": 1, "Actual Loops": 2, "Workers": [], "Plans": [{"Node Type": "Hash Join", "Parent Relationship": "Outer", "Parallel Aware": false, "Async Capable": false, "Join Type": "Inner", "Startup Cost": 5396.78, "Total Cost": 16686.21, "Plan Rows": 1.0, "Plan Width": 0, "Actual Rows": 16978, "Actual Loops": 2, "Inner Unique": true, "Hash Cond": "(pl.postid = p.id)", "Workers": [], "Plans": [{"Node Type": "Hash Join", "Parent Relationship": "Outer", "Parallel Aware": true, "Async Capable": false, "Join Type": "Inner", "Startup Cost": 2887.2, "Total Cost": 11919.2, "Plan Rows": 3.0, "Plan Width": 12, "Actual Rows": 75994, "Actual Loops": 2, "Inner Unique": false, "Hash Cond": "(c.userid = u.id)", "Workers": [], "Plans": [{"Node Type": "Nested Loop", "Parent Relationship": "Outer", "Parallel Aware": false, "Async Capable": false, "Join Type": "Inner", "Startup Cost": 332.21, "Total Cost": 9256.01, "Plan Rows": 17.0, "Plan Width": 16, "Actual Rows": 19364, "Actual Loops": 2, "Inner Unique": false, "Join Filter": "(c.postid = pl.postid)", "Rows Removed by Join Filter": 0, "Workers": [], "Plans": [{"Node Type": "Hash Join", "Parent Relationship": "Outer", "Parallel Aware": false, "Async Capable": false, "Join Type": "Inner", "Startup Cost": 331.79, "Total Cost": 5624.74, "Plan Rows": 133.0, "Plan Width": 8, "Actual Rows": 6382, "Actual Loops": 2, "Inner Unique": false, "Hash Cond": "(ph.postid = pl.postid)", "Workers": [], "Plans": [{"Node Type": "Seq Scan", "Parent Relationship": "Outer", "Parallel Aware": true, "Async Capable": false, "Relation Name": "posthistory", "Alias": "ph", "Startup Cost": 0.0, "Total Cost": 4469.32, "Plan Rows": 40839, "Plan Width": 4, "Actual Rows": 34714, "Actual Loops": 2, "Filter": "(posthistorytypeid = 5)", "Rows Removed by Filter": 116880, "Workers": []}, {"Node Type": "Hash", "Parent Relationship": "Inner", "Parallel Aware": false, "Async Capable": false, "Startup Cost": 193.02, "Total Cost": 193.02, "Plan Rows": 11102, "Plan Width": 4, "Actual Rows": 11102, "Actual Loops": 2, "Hash Buckets": 16384, "Original Hash Buckets": 16384, "Hash Batches": 1, "Original Hash Batches": 1, "Peak Memory Usage": 519, "Workers": [], "Plans": [{"Node Type": "Seq Scan", "Parent Relationship": "Outer", "Parallel Aware": false, "Async Capable": false, "Relation Name": "postlinks", "Alias": "pl", "Startup Cost": 0.0, "Total Cost": 193.02, "Plan Rows": 11102, "Plan Width": 4, "Actual Rows": 11102, "Actual Loops": 2, "Workers": []}]}]}, {"Node Type": "Index Scan", "Parent Relationship": "Inner", "Parallel Aware": false, "Async Capable": false, "Scan Direction": "Forward", "Index Name": "idx_comments_postid", "Relation Name": "comments", "Alias": "c", "Startup Cost": 0.42, "Total Cost": 0.59, "Plan Rows": 3, "Plan Width": 8, "Actual Rows": 3, "Actual Loops": 12763, "Index Cond": "(postid = ph.postid)", "Rows Removed by Index Recheck": 0, "Filter": "((creationdate >= '2010-07-20 06:26:28'::timestamp without time zone) AND (creationdate <= '2014-09-11 18:45:09'::timestamp without time zone) AND (score = 0))", "Rows Removed by Filter": 1, "Workers": []}]}, {"Node Type": "Hash", "Parent Relationship": "Inner", "Parallel Aware": true, "Async Capable": false, "Startup Cost": 2381.88, "Total Cost": 2381.88, "Plan Rows": 107.0, "Plan Width": 8, "Actual Rows": 9338, "Actual Loops": 2, "Hash Buckets": 65536, "Original Hash Buckets": 65536, "Hash Batches": 1, "Original Hash Batches": 1, "Peak Memory Usage": 1248, "Workers": [], "Plans": [{"Node Type": "Merge Join", "Parent Relationship": "Outer", "Parallel Aware": false, "Async Capable": false, "Join Type": "Inner", "Startup Cost": 0.71, "Total Cost": 2381.88, "Plan Rows": 107.0, "Plan Width": 8, "Actual Rows": 18677, "Actual Loops": 1, "Inner Unique": true, "Merge Cond": "(v.userid = u.id)", "Workers": [], "Plans": [{"Node Type": "Index Only Scan", "Parent Relationship": "Outer", "Parallel Aware": true, "Async Capable": false, "Scan Direction": "Forward", "Index Name": "idx_votes_userid", "Relation Name": "votes", "Alias": "v", "Startup Cost": 0.42, "Total Cost": 4261.57, "Plan Rows": 136693, "Plan Width": 4, "Actual Rows": 34790, "Actual Loops": 1, "Heap Fetches": 0, "Workers": []}, {"Node Type": "Index Scan", "Parent Relationship": "Inner", "Parallel Aware": false, "Async Capable": false, "Scan Direction": "Forward", "Index Name": "users_pkey", "Relation Name": "users", "Alias": "u", "Startup Cost": 0.29, "Total Cost": 1659.6, "Plan Rows": 38633, "Plan Width": 4, "Actual Rows": 38712, "Actual Loops": 1, "Filter": "((downvotes <= 0) AND (upvotes >= 0) AND (creationdate >= '2010-09-18 01:58:41'::timestamp without time zone))", "Rows Removed by Filter": 1572, "Workers": []}]}]}]}, {"Node Type": "Hash", "Parent Relationship": "Inner", "Parallel Aware": false, "Async Capable": false, "Startup Cost": 2449.58, "Total Cost": 2449.58, "Plan Rows": 4800, "Plan Width": 4, "Actual Rows": 10286, "Actual Loops": 2, "Hash Buckets": 16384, "Original Hash Buckets": 8192, "Hash Batches": 1, "Original Hash Batches": 1, "Peak Memory Usage": 490, "Workers": [], "Plans": [{"Node Type": "Seq Scan", "Parent Relationship": "Outer", "Parallel Aware": false, "Async Capable": false, "Relation Name": "posts", "Alias": "p", "Startup Cost": 0.0, "Total Cost": 2449.58, "Plan Rows": 4800, "Plan Width": 4, "Actual Rows": 10286, "Actual Loops": 2, "Filter": "((favoritecount >= 0) AND (favoritecount <= 2) AND (posttypeid = 1))", "Rows Removed by Filter": 81690, "Workers": []}]}]}]}]}]}, "Planning Time": 11.284, "Triggers": [], "Execution Time": 152.765}, {"Plan": {"Node Type": "Aggregate", "Strategy": "Plain", "Partial Mode": "Simple", "Parallel Aware": false, "Async Capable": false, "Startup Cost": 30400.45, "Total Cost": 30400.46, "Plan Rows": 1, "Plan Width": 8, "Actual Rows": 1, "Actual Loops": 1, "Plans": [{"Node Type": "Hash Join", "Parent Relationship": "Outer", "Parallel Aware": false, "Async Capable": false, "Join Type": "Inner", "Startup Cost": 21822.33, "Total Cost": 30309.96, "Plan Rows": 1.0, "Plan Width": 0, "Actual Rows": 33955, "Actual Loops": 1, "Inner Unique": false, "Hash Cond": "(pl.postid = p.id)", "Plans": [{"Node Type": "Merge Join", "Parent Relationship": "Outer", "Parallel Aware": false, "Async Capable": false, "Join Type": "Inner", "Startup Cost": 13328.64, "Total Cost": 14983.46, "Plan Rows": 20.0, "Plan Width": 8, "Actual Rows": 54549, "Actual Loops": 1, "Inner Unique": false, "Merge Cond": "(u.id = v.userid)", "Plans": [{"Node Type": "Merge Join", "Parent Relationship": "Outer", "Parallel Aware": false, "Async Capable": false, "Join Type": "Inner", "Startup Cost": 13328.22, "Total Cost": 13938.77, "Plan Rows": 1.0, "Plan Width": 16, "Actual Rows": 8884, "Actual Loops": 1, "Inner Unique": true, "Merge Cond": "(c.userid = u.id)", "Plans": [{"Node Type": "Sort", "Parent Relationship": "Outer", "Parallel Aware": false, "Async Capable": false, "Startup Cost": 9382.16, "Total Cost": 9454.93, "Plan Rows": 98.0, "Plan Width": 12, "Actual Rows": 24286, "Actual Loops": 1, "Sort Key": ["c.userid"], "Sort Method": "quicksort", "Sort Space Used": 1729, "Sort Space Type": "Memory", "Plans": [{"Node Type": "Hash Join", "Parent Relationship": "Outer", "Parallel Aware": false, "Async Capable": false, "Join Type": "Inner", "Startup Cost": 6073.61, "Total Cost": 7223.84, "Plan Rows": 98.0, "Plan Width": 12, "Actual Rows": 24679, "Actual Loops": 1, "Inner Unique": false, "Hash Cond": "(pl.postid = c.postid)", "Plans": [{"Node Type": "Seq Scan", "Parent Relationship": "Outer", "Parallel Aware": false, "Async Capable": false, "Relation Name": "postlinks", "Alias": "pl", "Startup Cost": 0.0, "Total Cost": 193.02, "Plan Rows": 11102, "Plan Width": 4, "Actual Rows": 11102, "Actual Loops": 1}, {"Node Type": "Hash", "Parent Relationship": "Inner", "Parallel Aware": false, "Async Capable": false, "Startup Cost": 4394.34, "Total Cost": 4394.34, "Plan Rows": 134342, "Plan Width": 8, "Actual Rows": 134487, "Actual Loops": 1, "Hash Buckets": 262144, "Original Hash Buckets": 262144, "Hash Batches": 1, "Original Hash Batches": 1, "Peak Memory Usage": 7293, "Plans": [{"Node Type": "Seq Scan", "Parent Relationship": "Outer", "Parallel Aware": false, "Async Capable": false, "Relation Name": "comments", "Alias": "c", "Startup Cost": 0.0, "Total Cost": 4394.34, "Plan Rows": 134342, "Plan Width": 8, "Actual Rows": 134487, "Actual Loops": 1, "Filter": "((creationdate >= '2010-07-20 06:26:28'::timestamp without time zone) AND (creationdate <= '2014-09-11 18:45:09'::timestamp without time zone) AND (score = 0))", "Rows Removed by Filter": 39818}]}]}]}, {"Node Type": "Sort", "Parent Relationship": "Inner", "Parallel Aware": false, "Async Capable": false, "Startup Cost": 3946.05, "Total Cost": 4042.63, "Plan Rows": 38633, "Plan Width": 4, "Actual Rows": 38594, "Actual Loops": 1, "Sort Key": ["u.id"], "Sort Method": "quicksort", "Sort Space Used": 1537, "Sort Space Type": "Memory", "Plans": [{"Node Type": "Seq Scan", "Parent Relationship": "Outer", "Parallel Aware": false, "Async Capable": false, "Relation Name": "users", "Alias": "u", "Startup Cost": 0.0, "Total Cost": 1002.69, "Plan Rows": 38633, "Plan Width": 4, "Actual Rows": 38753, "Actual Loops": 1, "Filter": "((downvotes <= 0) AND (upvotes >= 0) AND (creationdate >= '2010-09-18 01:58:41'::timestamp without time zone))", "Rows Removed by Filter": 1572}]}]}, {"Node Type": "Index Only Scan", "Parent Relationship": "Inner", "Parallel Aware": false, "Async Capable": false, "Scan Direction": "Forward", "Index Name": "idx_votes_userid", "Relation Name": "votes", "Alias": "v", "Startup Cost": 0.42, "Total Cost": 6175.27, "Plan Rows": 328064, "Plan Width": 4, "Actual Rows": 83115, "Actual Loops": 1, "Heap Fetches": 0}]}, {"Node Type": "Hash", "Parent Relationship": "Inner", "Parallel Aware": false, "Async Capable": false, "Startup Cost": 8448.4, "Total Cost": 8448.4, "Plan Rows": 1.0, "Plan Width": 8, "Actual Rows": 11016, "Actual Loops": 1, "Hash Buckets": 16384, "Original Hash Buckets": 4096, "Hash Batches": 1, "Original Hash Batches": 1, "Peak Memory Usage": 559, "Plans": [{"Node Type": "Gather", "Parent Relationship": "Outer", "Parallel Aware": false, "Async Capable": false, "Startup Cost": 3509.58, "Total Cost": 8448.4, "Plan Rows": 3623, "Plan Width": 8, "Actual Rows": 11016, "Actual Loops": 1, "Workers Planned": 1, "Workers Launched": 1, "Single Copy": false, "Plans": [{"Node Type": "Hash Join", "Parent Relationship": "Outer", "Parallel Aware": false, "Async Capable": false, "Join Type": "Inner", "Startup Cost": 2509.58, "Total Cost": 7086.1, "Plan Rows": 1.0, "Plan Width": 8, "Actual Rows": 5508, "Actual Loops": 2, "Inner Unique": true, "Hash Cond": "(ph.postid = p.id)", "Workers": [], "Plans": [{"Node Type": "Seq Scan", "Parent Relationship": "Outer", "Parallel Aware": true, "Async Capable": false, "Relation Name": "posthistory", "Alias": "ph", "Startup Cost": 0.0, "Total Cost": 4469.32, "Plan Rows": 40839, "Plan Width": 4, "Actual Rows": 34714, "Actual Loops": 2, "Filter": "(posthistorytypeid = 5)", "Rows Removed by Filter": 116880, "Workers": []}, {"Node Type": "Hash", "Parent Relationship": "Inner", "Parallel Aware": false, "Async Capable": false, "Startup Cost": 2449.58, "Total Cost": 2449.58, "Plan Rows": 4800, "Plan Width": 4, "Actual Rows": 10286, "Actual Loops": 2, "Hash Buckets": 16384, "Original Hash Buckets": 8192, "Hash Batches": 1, "Original Hash Batches": 1, "Peak Memory Usage": 490, "Workers": [], "Plans": [{"Node Type": "Seq Scan", "Parent Relationship": "Outer", "Parallel Aware": false, "Async Capable": false, "Relation Name": "posts", "Alias": "p", "Startup Cost": 0.0, "Total Cost": 2449.58, "Plan Rows": 4800, "Plan Width": 4, "Actual Rows": 10286, "Actual Loops": 2, "Filter": "((favoritecount >= 0) AND (favoritecount <= 2) AND (posttypeid = 1))", "Rows Removed by Filter": 81690, "Workers": []}]}]}]}]}]}]}, "Planning Time": 6.074, "Triggers": [], "Execution Time": 231.424}, {"Plan": {"Node Type": "Aggregate", "Strategy": "Plain", "Partial Mode": "Simple", "Parallel Aware": false, "Async Capable": false, "Startup Cost": 5988.71, "Total Cost": 5988.72, "Plan Rows": 1, "Plan Width": 8, "Actual Rows": 1, "Actual Loops": 1, "Plans": [{"Node Type": "Hash Join", "Parent Relationship": "Outer", "Parallel Aware": false, "Async Capable": false, "Join Type": "Inner", "Startup Cost": 3996.45, "Total Cost": 5898.22, "Plan Rows": 1.0, "Plan Width": 0, "Actual Rows": 33955, "Actual Loops": 1, "Inner Unique": true, "Hash Cond": "(c.userid = u.id)", "Plans": [{"Node Type": "Nested Loop", "Parent Relationship": "Outer", "Parallel Aware": false, "Async Capable": false, "Join Type": "Inner", "Startup Cost": 2510.85, "Total Cost": 4311.76, "Plan Rows": 1.0, "Plan Width": 8, "Actual Rows": 833695, "Actual Loops": 1, "Inner Unique": false, "Plans": [{"Node Type": "Nested Loop", "Parent Relationship": "Outer", "Parallel Aware": false, "Async Capable": false, "Join Type": "Inner", "Startup Cost": 2510.42, "Total Cost": 3877.47, "Plan Rows": 1.0, "Plan Width": 4, "Actual Rows": 12972, "Actual Loops": 1, "Inner Unique": false, "Join Filter": "(c.postid = p.id)", "Rows Removed by Join Filter": 0, "Plans": [{"Node Type": "Nested Loop", "Parent Relationship": "Outer", "Parallel Aware": false, "Async Capable": false, "Join Type": "Inner", "Startup Cost": 2510.0, "Total Cost": 3603.4, "Plan Rows": 1.0, "Plan Width": 12, "Actual Rows": 3997, "Actual Loops": 1, "Inner Unique": false, "Join Filter": "(p.id = ph.postid)", "Rows Removed by Join Filter": 0, "Plans": [{"Node Type": "Hash Join", "Parent Relationship": "Outer", "Parallel Aware": false, "Async Capable": false, "Join Type": "Inner", "Startup Cost": 2509.58, "Total Cost": 2731.74, "Plan Rows": 3.0, "Plan Width": 8, "Actual Rows": 3043, "Actual Loops": 1, "Inner Unique": true, "Hash Cond": "(pl.postid = p.id)", "Plans": [{"Node Type": "Seq Scan", "Parent Relationship": "Outer", "Parallel Aware": false, "Async Capable": false, "Relation Name": "postlinks", "Alias": "pl", "Startup Cost": 0.0, "Total Cost": 193.02, "Plan Rows": 11102, "Plan Width": 4, "Actual Rows": 11102, "Actual Loops": 1}, {"Node Type": "Hash", "Parent Relationship": "Inner", "Parallel Aware": false, "Async Capable": false, "Startup Cost": 2449.58, "Total Cost": 2449.58, "Plan Rows": 4800, "Plan Width": 4, "Actual Rows": 10286, "Actual Loops": 1, "Hash Buckets": 16384, "Original Hash Buckets": 8192, "Hash Batches": 1, "Original Hash Batches": 1, "Peak Memory Usage": 490, "Plans": [{"Node Type": "Seq Scan", "Parent Relationship": "Outer", "Parallel Aware": false, "Async Capable": false, "Relation Name": "posts", "Alias": "p", "Startup Cost": 0.0, "Total Cost": 2449.58, "Plan Rows": 4800, "Plan Width": 4, "Actual Rows": 10286, "Actual Loops": 1, "Filter": "((favoritecount >= 0) AND (favoritecount <= 2) AND (posttypeid = 1))", "Rows Removed by Filter": 81690}]}]}, {"Node Type": "Index Scan", "Parent Relationship": "Inner", "Parallel Aware": false, "Async Capable": false, "Scan Direction": "Forward", "Index Name": "idx_posthistory_postid", "Relation Name": "posthistory", "Alias": "ph", "Startup Cost": 0.42, "Total Cost": 1.49, "Plan Rows": 1, "Plan Width": 4, "Actual Rows": 1, "Actual Loops": 3043, "Index Cond": "(postid = pl.postid)", "Rows Removed by Index Recheck": 0, "Filter": "(posthistorytypeid = 5)", "Rows Removed by Filter": 5}]}, {"Node Type": "Index Scan", "Parent Relationship": "Inner", "Parallel Aware": false, "Async Capable": false, "Scan Direction": "Forward", "Index Name": "idx_comments_postid", "Relation Name": "comments", "Alias": "c", "Startup Cost": 0.42, "Total Cost": 0.59, "Plan Rows": 3, "Plan Width": 8, "Actual Rows": 3, "Actual Loops": 3997, "Index Cond": "(postid = ph.postid)", "Rows Removed by Index Recheck": 0, "Filter": "((creationdate >= '2010-07-20 06:26:28'::timestamp without time zone) AND (creationdate <= '2014-09-11 18:45:09'::timestamp without time zone) AND (score = 0))", "Rows Removed by Filter": 1}]}, {"Node Type": "Index Only Scan", "Parent Relationship": "Inner", "Parallel Aware": false, "Async Capable": false, "Scan Direction": "Forward", "Index Name": "idx_votes_userid", "Relation Name": "votes", "Alias": "v", "Startup Cost": 0.42, "Total Cost": 0.59, "Plan Rows": 9, "Plan Width": 4, "Actual Rows": 64, "Actual Loops": 12972, "Index Cond": "(userid = c.userid)", "Rows Removed by Index Recheck": 0, "Heap Fetches": 0}]}, {"Node Type": "Hash", "Parent Relationship": "Inner", "Parallel Aware": false, "Async Capable": false, "Startup Cost": 1002.69, "Total Cost": 1002.69, "Plan Rows": 38633, "Plan Width": 4, "Actual Rows": 38753, "Actual Loops": 1, "Hash Buckets": 65536, "Original Hash Buckets": 65536, "Hash Batches": 1, "Original Hash Batches": 1, "Peak Memory Usage": 1875, "Plans": [{"Node Type": "Seq Scan", "Parent Relationship": "Outer", "Parallel Aware": false, "Async Capable": false, "Relation Name": "users", "Alias": "u", "Startup Cost": 0.0, "Total Cost": 1002.69, "Plan Rows": 38633, "Plan Width": 4, "Actual Rows": 38753, "Actual Loops": 1, "Filter": "((downvotes <= 0) AND (upvotes >= 0) AND (creationdate >= '2010-09-18 01:58:41'::timestamp without time zone))", "Rows Removed by Filter": 1572}]}]}]}, "Planning Time": 5.807, "Triggers": [], "Execution Time": 183.518}, {"Plan": {"Node Type": "Aggregate", "Strategy": "Plain", "Partial Mode": "Simple", "Parallel Aware": false, "Async Capable": false, "Startup Cost": 4599.74, "Total Cost": 4599.75, "Plan Rows": 1, "Plan Width": 8, "Actual Rows": 1, "Actual Loops": 1, "Plans": [{"Node Type": "Nested Loop", "Parent Relationship": "Outer", "Parallel Aware": false, "Async Capable": false, "Join Type": "Inner", "Startup Cost": 2511.14, "Total Cost": 4509.25, "Plan Rows": 1.0, "Plan Width": 0, "Actual Rows": 33955, "Actual Loops": 1, "Inner Unique": false, "Join Filter": "(v.userid = u.id)", "Rows Removed by Join Filter": 0, "Plans": [{"Node Type": "Nested Loop", "Parent Relationship": "Outer", "Parallel Aware": false, "Async Capable": false, "Join Type": "Inner", "Startup Cost": 2510.71, "Total Cost": 4086.56, "Plan Rows": 1.0, "Plan Width": 8, "Actual Rows": 5051, "Actual Loops": 1, "Inner Unique": true, "Plans": [{"Node Type": "Nested Loop", "Parent Relationship": "Outer", "Parallel Aware": false, "Async Capable": false, "Join Type": "Inner", "Startup Cost": 2510.42, "Total Cost": 3877.47, "Plan Rows": 1.0, "Plan Width": 4, "Actual Rows": 12972, "Actual Loops": 1, "Inner Unique": false, "Join Filter": "(c.postid = p.id)", "Rows Removed by Join Filter": 0, "Plans": [{"Node Type": "Nested Loop", "Parent Relationship": "Outer", "Parallel Aware": false, "Async Capable": false, "Join Type": "Inner", "Startup Cost": 2510.0, "Total Cost": 3603.4, "Plan Rows": 1.0, "Plan Width": 12, "Actual Rows": 3997, "Actual Loops": 1, "Inner Unique": false, "Join Filter": "(p.id = ph.postid)", "Rows Removed by Join Filter": 0, "Plans": [{"Node Type": "Hash Join", "Parent Relationship": "Outer", "Parallel Aware": false, "Async Capable": false, "Join Type": "Inner", "Startup Cost": 2509.58, "Total Cost": 2731.74, "Plan Rows": 3.0, "Plan Width": 8, "Actual Rows": 3043, "Actual Loops": 1, "Inner Unique": true, "Hash Cond": "(pl.postid = p.id)", "Plans": [{"Node Type": "Seq Scan", "Parent Relationship": "Outer", "Parallel Aware": false, "Async Capable": false, "Relation Name": "postlinks", "Alias": "pl", "Startup Cost": 0.0, "Total Cost": 193.02, "Plan Rows": 11102, "Plan Width": 4, "Actual Rows": 11102, "Actual Loops": 1}, {"Node Type": "Hash", "Parent Relationship": "Inner", "Parallel Aware": false, "Async Capable": false, "Startup Cost": 2449.58, "Total Cost": 2449.58, "Plan Rows": 4800, "Plan Width": 4, "Actual Rows": 10286, "Actual Loops": 1, "Hash Buckets": 16384, "Original Hash Buckets": 8192, "Hash Batches": 1, "Original Hash Batches": 1, "Peak Memory Usage": 490, "Plans": [{"Node Type": "Seq Scan", "Parent Relationship": "Outer", "Parallel Aware": false, "Async Capable": false, "Relation Name": "posts", "Alias": "p", "Startup Cost": 0.0, "Total Cost": 2449.58, "Plan Rows": 4800, "Plan Width": 4, "Actual Rows": 10286, "Actual Loops": 1, "Filter": "((favoritecount >= 0) AND (favoritecount <= 2) AND (posttypeid = 1))", "Rows Removed by Filter": 81690}]}]}, {"Node Type": "Index Scan", "Parent Relationship": "Inner", "Parallel Aware": false, "Async Capable": false, "Scan Direction": "Forward", "Index Name": "idx_posthistory_postid", "Relation Name": "posthistory", "Alias": "ph", "Startup Cost": 0.42, "Total Cost": 1.49, "Plan Rows": 1, "Plan Width": 4, "Actual Rows": 1, "Actual Loops": 3043, "Index Cond": "(postid = pl.postid)", "Rows Removed by Index Recheck": 0, "Filter": "(posthistorytypeid = 5)", "Rows Removed by Filter": 5}]}, {"Node Type": "Index Scan", "Parent Relationship": "Inner", "Parallel Aware": false, "Async Capable": false, "Scan Direction": "Forward", "Index Name": "idx_comments_postid", "Relation Name": "comments", "Alias": "c", "Startup Cost": 0.42, "Total Cost": 0.59, "Plan Rows": 3, "Plan Width": 8, "Actual Rows": 3, "Actual Loops": 3997, "Index Cond": "(postid = ph.postid)", "Rows Removed by Index Recheck": 0, "Filter": "((creationdate >= '2010-07-20 06:26:28'::timestamp without time zone) AND (creationdate <= '2014-09-11 18:45:09'::timestamp without time zone) AND (score = 0))", "Rows Removed by Filter": 1}]}, {"Node Type": "Index Scan", "Parent Relationship": "Inner", "Parallel Aware": false, "Async Capable": false, "Scan Direction": "Forward", "Index Name": "users_pkey", "Relation Name": "users", "Alias": "u", "Startup Cost": 0.29, "Total Cost": 0.33, "Plan Rows": 1, "Plan Width": 4, "Actual Rows": 0, "Actual Loops": 12972, "Index Cond": "(id = c.userid)", "Rows Removed by Index Recheck": 0, "Filter": "((downvotes <= 0) AND (upvotes >= 0) AND (creationdate >= '2010-09-18 01:58:41'::timestamp without time zone))", "Rows Removed by Filter": 1}]}, {"Node Type": "Index Only Scan", "Parent Relationship": "Inner", "Parallel Aware": false, "Async Capable": false, "Scan Direction": "Forward", "Index Name": "idx_votes_userid", "Relation Name": "votes", "Alias": "v", "Startup Cost": 0.42, "Total Cost": 0.59, "Plan Rows": 9, "Plan Width": 4, "Actual Rows": 7, "Actual Loops": 5051, "Index Cond": "(userid = c.userid)", "Rows Removed by Index Recheck": 0, "Heap Fetches": 0}]}]}, "Planning Time": 5.429, "Triggers": [], "Execution Time": 97.083}]