[{"Plan": {"Node Type": "Aggregate", "Strategy": "Plain", "Partial Mode": "Finalize", "Parallel Aware": false, "Async Capable": false, "Startup Cost": 8854.76, "Total Cost": 8854.77, "Plan Rows": 1, "Plan Width": 8, "Actual Rows": 1, "Actual Loops": 1, "Plans": [{"Node Type": "Gather", "Parent Relationship": "Outer", "Parallel Aware": false, "Async Capable": false, "Startup Cost": 8854.65, "Total Cost": 8854.76, "Plan Rows": 1, "Plan Width": 8, "Actual Rows": 2, "Actual Loops": 1, "Workers Planned": 1, "Workers Launched": 1, "Single Copy": false, "Plans": [{"Node Type": "Aggregate", "Strategy": "Plain", "Partial Mode": "Partial", "Parent Relationship": "Outer", "Parallel Aware": false, "Async Capable": false, "Startup Cost": 7854.65, "Total Cost": 7854.66, "Plan Rows": 1, "Plan Width": 8, "Actual Rows": 1, "Actual Loops": 2, "Workers": [], "Plans": [{"Node Type": "Nested Loop", "Parent Relationship": "Outer", "Parallel Aware": false, "Async Capable": false, "Join Type": "Inner", "Startup Cost": 2.24, "Total Cost": 7371.26, "Plan Rows": 1643541.0, "Plan Width": 0, "Actual Rows": 3336232, "Actual Loops": 2, "Inner Unique": false, "Join Filter": "(p.owneruserid = u.id)", "Rows Removed by Join Filter": 0, "Workers": [], "Plans": [{"Node Type": "Merge Join", "Parent Relationship": "Outer", "Parallel Aware": false, "Async Capable": false, "Join Type": "Inner", "Startup Cost": 1.94, "Total Cost": 3525.5, "Plan Rows": 7746845.0, "Plan Width": 12, "Actual Rows": 237645, "Actual Loops": 2, "Inner Unique": true, "Merge Cond": "(v.userid = u.id)", "Workers": [], "Plans": [{"Node Type": "Merge Join", "Parent Relationship": "Outer", "Parallel Aware": false, "Async Capable": false, "Join Type": "Inner", "Startup Cost": 1.65, "Total Cost": 12272.16, "Plan Rows": 19846477.0, "Plan Width": 8, "Actual Rows": 478152, "Actual Loops": 2, "Inner Unique": false, "Merge Cond": "(v.userid = b.userid)", "Workers": [], "Plans": [{"Node Type": "Index Scan", "Parent Relationship": "Outer", "Parallel Aware": true, "Async Capable": false, "Scan Direction": "Forward", "Index Name": "idx_votes_userid", "Relation Name": "votes", "Alias": "v", "Startup Cost": 0.42, "Total Cost": 10733.91, "Plan Rows": 191603, "Plan Width": 4, "Actual Rows": 17260, "Actual Loops": 2, "Filter": "(creationdate <= '2014-09-06 00:00:00'::timestamp without time zone)", "Rows Removed by Filter": 113, "Workers": []}, {"Node Type": "Materialize", "Parent Relationship": "Inner", "Parallel Aware": false, "Async Capable": false, "Startup Cost": 0.29, "Total Cost": 3451.69, "Plan Rows": 74837, "Plan Width": 4, "Actual Rows": 536934, "Actual Loops": 2, "Workers": [], "Plans": [{"Node Type": "Index Scan", "Parent Relationship": "Outer", "Parallel Aware": false, "Async Capable": false, "Scan Direction": "Forward", "Index Name": "idx_badges_userid", "Relation Name": "badges", "Alias": "b", "Startup Cost": 0.29, "Total Cost": 3264.6, "Plan Rows": 74837, "Plan Width": 4, "Actual Rows": 74124, "Actual Loops": 2, "Filter": "((date >= '2011-01-03 20:50:19'::timestamp without time zone) AND (date <= '2014-09-02 15:35:07'::timestamp without time zone))", "Rows Removed by Filter": 4789, "Workers": []}]}]}, {"Node Type": "Index Scan", "Parent Relationship": "Inner", "Parallel Aware": false, "Async Capable": false, "Scan Direction": "Forward", "Index Name": "users_pkey", "Relation Name": "users", "Alias": "u", "Startup Cost": 0.29, "Total Cost": 1457.98, "Plan Rows": 38973, "Plan Width": 4, "Actual Rows": 37309, "Actual Loops": 2, "Filter": "(creationdate >= '2010-11-16 06:03:04'::timestamp without time zone)", "Rows Removed by Filter": 1346, "Workers": []}]}, {"Node Type": "Memoize", "Parent Relationship": "Inner", "Parallel Aware": false, "Async Capable": false, "Startup Cost": 0.3, "Total Cost": 0.4, "Plan Rows": 2, "Plan Width": 4, "Actual Rows": 14, "Actual Loops": 475290, "Cache Key": "v.userid", "Cache Mode": "logical", "Cache Hits": 222273, "Cache Misses": 2274, "Cache Evictions": 0, "Cache Overflows": 0, "Peak Memory Usage": 429, "Workers": [{"Worker Number": 0, "Cache Hits": 249144, "Cache Misses": 1599, "Cache Evictions": 0, "Cache Overflows": 0, "Peak Memory Usage": 304}], "Plans": [{"Node Type": "Index Scan", "Parent Relationship": "Outer", "Parallel Aware": false, "Async Capable": false, "Scan Direction": "Forward", "Index Name": "idx_posts_owneruserid", "Relation Name": "posts", "Alias": "p", "Startup Cost": 0.29, "Total Cost": 0.39, "Plan Rows": 2, "Plan Width": 4, "Actual Rows": 3, "Actual Loops": 3873, "Index Cond": "(owneruserid = v.userid)", "Rows Removed by Index Recheck": 0, "Filter": "((score <= 48) AND (answercount <= 8))", "Rows Removed by Filter": 6, "Workers": []}]}]}]}]}]}, "Planning Time": 3.836, "Triggers": [], "Execution Time": 460.528}, {"Plan": {"Node Type": "Aggregate", "Strategy": "Plain", "Partial Mode": "Simple", "Parallel Aware": false, "Async Capable": false, "Startup Cost": 11952.5, "Total Cost": 11952.51, "Plan Rows": 1, "Plan Width": 8, "Actual Rows": 1, "Actual Loops": 1, "Plans": [{"Node Type": "Merge Join", "Parent Relationship": "Outer", "Parallel Aware": false, "Async Capable": false, "Join Type": "Inner", "Startup Cost": 1.38, "Total Cost": 11130.74, "Plan Rows": 1643541.0, "Plan Width": 0, "Actual Rows": 6672465, "Actual Loops": 1, "Inner Unique": false, "Merge Cond": "(u.id = v.userid)", "Plans": [{"Node Type": "Merge Join", "Parent Relationship": "Outer", "Parallel Aware": false, "Async Capable": false, "Join Type": "Inner", "Startup Cost": 0.66, "Total Cost": 5730.34, "Plan Rows": 1847529.0, "Plan Width": 8, "Actual Rows": 67081, "Actual Loops": 1, "Inner Unique": true, "Merge Cond": "(b.userid = u.id)", "Plans": [{"Node Type": "Index Scan", "Parent Relationship": "Outer", "Parallel Aware": false, "Async Capable": false, "Scan Direction": "Forward", "Index Name": "idx_badges_userid", "Relation Name": "badges", "Alias": "b", "Startup Cost": 0.29, "Total Cost": 3264.6, "Plan Rows": 74837, "Plan Width": 4, "Actual Rows": 74795, "Actual Loops": 1, "Filter": "((date >= '2011-01-03 20:50:19'::timestamp without time zone) AND (date <= '2014-09-02 15:35:07'::timestamp without time zone))", "Rows Removed by Filter": 4648}, {"Node Type": "Index Scan", "Parent Relationship": "Inner", "Parallel Aware": false, "Async Capable": false, "Scan Direction": "Forward", "Index Name": "users_pkey", "Relation Name": "users", "Alias": "u", "Startup Cost": 0.29, "Total Cost": 1457.98, "Plan Rows": 38973, "Plan Width": 4, "Actual Rows": 38250, "Actual Loops": 1, "Filter": "(creationdate >= '2010-11-16 06:03:04'::timestamp without time zone)", "Rows Removed by Filter": 1346}]}, {"Node Type": "Materialize", "Parent Relationship": "Inner", "Parallel Aware": false, "Async Capable": false, "Startup Cost": 0.71, "Total Cost": 25199.15, "Plan Rows": 36029.0, "Plan Width": 8, "Actual Rows": 6801202, "Actual Loops": 1, "Plans": [{"Node Type": "Merge Join", "Parent Relationship": "Outer", "Parallel Aware": false, "Async Capable": false, "Join Type": "Inner", "Startup Cost": 0.71, "Total Cost": 22244.72, "Plan Rows": 36029.0, "Plan Width": 8, "Actual Rows": 368186, "Actual Loops": 1, "Inner Unique": false, "Merge Cond": "(p.owneruserid = v.userid)", "Plans": [{"Node Type": "Index Scan", "Parent Relationship": "Outer", "Parallel Aware": false, "Async Capable": false, "Scan Direction": "Forward", "Index Name": "idx_posts_owneruserid", "Relation Name": "posts", "Alias": "p", "Startup Cost": 0.29, "Total Cost": 4553.55, "Plan Rows": 42747, "Plan Width": 4, "Actual Rows": 41894, "Actual Loops": 1, "Filter": "((score <= 48) AND (answercount <= 8))", "Rows Removed by Filter": 48467}, {"Node Type": "Materialize", "Parent Relationship": "Inner", "Parallel Aware": false, "Async Capable": false, "Startup Cost": 0.42, "Total Cost": 13236.79, "Plan Rows": 325725, "Plan Width": 4, "Actual Rows": 376697, "Actual Loops": 1, "Plans": [{"Node Type": "Index Scan", "Parent Relationship": "Outer", "Parallel Aware": false, "Async Capable": false, "Scan Direction": "Forward", "Index Name": "idx_votes_userid", "Relation Name": "votes", "Alias": "v", "Startup Cost": 0.42, "Total Cost": 12422.47, "Plan Rows": 325725, "Plan Width": 4, "Actual Rows": 34533, "Actual Loops": 1, "Filter": "(creationdate <= '2014-09-06 00:00:00'::timestamp without time zone)", "Rows Removed by Filter": 257}]}]}]}]}]}, "Planning Time": 2.951, "Triggers": [], "Execution Time": 773.514}, {"Plan": {"Node Type": "Aggregate", "Strategy": "Plain", "Partial Mode": "Simple", "Parallel Aware": false, "Async Capable": false, "Startup Cost": 12099.48, "Total Cost": 12099.49, "Plan Rows": 1, "Plan Width": 8, "Actual Rows": 1, "Actual Loops": 1, "Plans": [{"Node Type": "Hash Join", "Parent Relationship": "Outer", "Parallel Aware": false, "Async Capable": false, "Join Type": "Inner", "Startup Cost": 6938.62, "Total Cost": 11277.72, "Plan Rows": 1643541.0, "Plan Width": 0, "Actual Rows": 6672465, "Actual Loops": 1, "Inner Unique": false, "Hash Cond": "(b.userid = u.id)", "Plans": [{"Node Type": "Seq Scan", "Parent Relationship": "Outer", "Parallel Aware": false, "Async Capable": false, "Relation Name": "badges", "Alias": "b", "Startup Cost": 0.0, "Total Cost": 1629.76, "Plan Rows": 74837, "Plan Width": 4, "Actual Rows": 74827, "Actual Loops": 1, "Filter": "((date >= '2011-01-03 20:50:19'::timestamp without time zone) AND (date <= '2014-09-02 15:35:07'::timestamp without time zone))", "Rows Removed by Filter": 5024}, {"Node Type": "Hash", "Parent Relationship": "Inner", "Parallel Aware": false, "Async Capable": false, "Startup Cost": 5428.8, "Total Cost": 5428.8, "Plan Rows": 56744.0, "Plan Width": 12, "Actual Rows": 239532, "Actual Loops": 1, "Hash Buckets": 262144, "Original Hash Buckets": 131072, "Hash Batches": 1, "Original Hash Batches": 1, "Peak Memory Usage": 12341, "Plans": [{"Node Type": "Merge Join", "Parent Relationship": "Outer", "Parallel Aware": false, "Async Capable": false, "Join Type": "Inner", "Startup Cost": 1.0, "Total Cost": 5428.8, "Plan Rows": 56744.0, "Plan Width": 12, "Actual Rows": 239532, "Actual Loops": 1, "Inner Unique": true, "Merge Cond": "(v.userid = u.id)", "Plans": [{"Node Type": "Merge Join", "Parent Relationship": "Outer", "Parallel Aware": false, "Async Capable": false, "Join Type": "Inner", "Startup Cost": 0.71, "Total Cost": 22244.72, "Plan Rows": 36029.0, "Plan Width": 8, "Actual Rows": 368186, "Actual Loops": 1, "Inner Unique": false, "Merge Cond": "(p.owneruserid = v.userid)", "Plans": [{"Node Type": "Index Scan", "Parent Relationship": "Outer", "Parallel Aware": false, "Async Capable": false, "Scan Direction": "Forward", "Index Name": "idx_posts_owneruserid", "Relation Name": "posts", "Alias": "p", "Startup Cost": 0.29, "Total Cost": 4553.55, "Plan Rows": 42747, "Plan Width": 4, "Actual Rows": 41894, "Actual Loops": 1, "Filter": "((score <= 48) AND (answercount <= 8))", "Rows Removed by Filter": 48467}, {"Node Type": "Materialize", "Parent Relationship": "Inner", "Parallel Aware": false, "Async Capable": false, "Startup Cost": 0.42, "Total Cost": 13236.79, "Plan Rows": 325725, "Plan Width": 4, "Actual Rows": 376697, "Actual Loops": 1, "Plans": [{"Node Type": "Index Scan", "Parent Relationship": "Outer", "Parallel Aware": false, "Async Capable": false, "Scan Direction": "Forward", "Index Name": "idx_votes_userid", "Relation Name": "votes", "Alias": "v", "Startup Cost": 0.42, "Total Cost": 12422.47, "Plan Rows": 325725, "Plan Width": 4, "Actual Rows": 34533, "Actual Loops": 1, "Filter": "(creationdate <= '2014-09-06 00:00:00'::timestamp without time zone)", "Rows Removed by Filter": 257}]}]}, {"Node Type": "Index Scan", "Parent Relationship": "Inner", "Parallel Aware": false, "Async Capable": false, "Scan Direction": "Forward", "Index Name": "users_pkey", "Relation Name": "users", "Alias": "u", "Startup Cost": 0.29, "Total Cost": 1457.98, "Plan Rows": 38973, "Plan Width": 4, "Actual Rows": 38248, "Actual Loops": 1, "Filter": "(creationdate >= '2010-11-16 06:03:04'::timestamp without time zone)", "Rows Removed by Filter": 1346}]}]}]}]}, "Planning Time": 3.123, "Triggers": [], "Execution Time": 742.068}, {"Plan": {"Node Type": "Aggregate", "Strategy": "Plain", "Partial Mode": "Simple", "Parallel Aware": false, "Async Capable": false, "Startup Cost": 12527.68, "Total Cost": 12527.69, "Plan Rows": 1, "Plan Width": 8, "Plans": [{"Node Type": "Merge Join", "Parent Relationship": "Outer", "Parallel Aware": false, "Async Capable": false, "Join Type": "Inner", "Startup Cost": 7.25, "Total Cost": 11705.92, "Plan Rows": 1643541.0, "Plan Width": 0, "Inner Unique": false, "Merge Cond": "(u.id = v.userid)", "Plans": [{"Node Type": "Index Scan", "Parent Relationship": "Outer", "Parallel Aware": false, "Async Capable": false, "Scan Direction": "Forward", "Index Name": "users_pkey", "Relation Name": "users", "Alias": "u", "Startup Cost": 0.29, "Total Cost": 1457.98, "Plan Rows": 38973, "Plan Width": 4, "Filter": "(creationdate >= '2010-11-16 06:03:04'::timestamp without time zone)"}, {"Node Type": "Materialize", "Parent Relationship": "Inner", "Parallel Aware": false, "Async Capable": false, "Startup Cost": 6.96, "Total Cost": 56801.67, "Plan Rows": 2574516.0, "Plan Width": 12, "Plans": [{"Node Type": "Merge Join", "Parent Relationship": "Outer", "Parallel Aware": false, "Async Capable": false, "Join Type": "Inner", "Startup Cost": 6.96, "Total Cost": 48761.55, "Plan Rows": 2574516.0, "Plan Width": 12, "Inner Unique": false, "Merge Cond": "(b.userid = v.userid)", "Plans": [{"Node Type": "Index Scan", "Parent Relationship": "Outer", "Parallel Aware": false, "Async Capable": false, "Scan Direction": "Forward", "Index Name": "idx_badges_userid", "Relation Name": "badges", "Alias": "b", "Startup Cost": 0.29, "Total Cost": 3264.6, "Plan Rows": 74837, "Plan Width": 4, "Filter": "((date >= '2011-01-03 20:50:19'::timestamp without time zone) AND (date <= '2014-09-02 15:35:07'::timestamp without time zone))"}, {"Node Type": "Materialize", "Parent Relationship": "Inner", "Parallel Aware": false, "Async Capable": false, "Startup Cost": 0.71, "Total Cost": 25199.15, "Plan Rows": 36029.0, "Plan Width": 8, "Plans": [{"Node Type": "Merge Join", "Parent Relationship": "Outer", "Parallel Aware": false, "Async Capable": false, "Join Type": "Inner", "Startup Cost": 0.71, "Total Cost": 22244.72, "Plan Rows": 36029.0, "Plan Width": 8, "Inner Unique": false, "Merge Cond": "(p.owneruserid = v.userid)", "Plans": [{"Node Type": "Index Scan", "Parent Relationship": "Outer", "Parallel Aware": false, "Async Capable": false, "Scan Direction": "Forward", "Index Name": "idx_posts_owneruserid", "Relation Name": "posts", "Alias": "p", "Startup Cost": 0.29, "Total Cost": 4553.55, "Plan Rows": 42747, "Plan Width": 4, "Filter": "((score <= 48) AND (answercount <= 8))"}, {"Node Type": "Materialize", "Parent Relationship": "Inner", "Parallel Aware": false, "Async Capable": false, "Startup Cost": 0.42, "Total Cost": 13236.79, "Plan Rows": 325725, "Plan Width": 4, "Plans": [{"Node Type": "Index Scan", "Parent Relationship": "Outer", "Parallel Aware": false, "Async Capable": false, "Scan Direction": "Forward", "Index Name": "idx_votes_userid", "Relation Name": "votes", "Alias": "v", "Startup Cost": 0.42, "Total Cost": 12422.47, "Plan Rows": 325725, "Plan Width": 4, "Filter": "(creationdate <= '2014-09-06 00:00:00'::timestamp without time zone)"}]}]}]}]}]}]}]}, "Timeout Time": 5000}, {"Plan": {"Node Type": "Aggregate", "Strategy": "Plain", "Partial Mode": "Simple", "Parallel Aware": false, "Async Capable": false, "Startup Cost": 10707.39, "Total Cost": 10707.4, "Plan Rows": 1, "Plan Width": 8, "Actual Rows": 1, "Actual Loops": 1, "Plans": [{"Node Type": "Nested Loop", "Parent Relationship": "Outer", "Parallel Aware": false, "Async Capable": false, "Join Type": "Inner", "Startup Cost": 3.42, "Total Cost": 9885.63, "Plan Rows": 1643541.0, "Plan Width": 0, "Actual Rows": 6672465, "Actual Loops": 1, "Inner Unique": false, "Join Filter": "(p.owneruserid = u.id)", "Rows Removed by Join Filter": 0, "Plans": [{"Node Type": "Merge Join", "Parent Relationship": "Outer", "Parallel Aware": false, "Async Capable": false, "Join Type": "Inner", "Startup Cost": 3.12, "Total Cost": 4454.4, "Plan Rows": 7746845.0, "Plan Width": 12, "Actual Rows": 475290, "Actual Loops": 1, "Inner Unique": true, "Merge Cond": "(v.userid = u.id)", "Plans": [{"Node Type": "Merge Join", "Parent Relationship": "Outer", "Parallel Aware": false, "Async Capable": false, "Join Type": "Inner", "Startup Cost": 2.83, "Total Cost": 16605.73, "Plan Rows": 19846477.0, "Plan Width": 8, "Actual Rows": 956304, "Actual Loops": 1, "Inner Unique": false, "Merge Cond": "(b.userid = v.userid)", "Plans": [{"Node Type": "Index Scan", "Parent Relationship": "Outer", "Parallel Aware": false, "Async Capable": false, "Scan Direction": "Forward", "Index Name": "idx_badges_userid", "Relation Name": "badges", "Alias": "b", "Startup Cost": 0.29, "Total Cost": 3264.6, "Plan Rows": 74837, "Plan Width": 4, "Actual Rows": 74827, "Actual Loops": 1, "Filter": "((date >= '2011-01-03 20:50:19'::timestamp without time zone) AND (date <= '2014-09-02 15:35:07'::timestamp without time zone))", "Rows Removed by Filter": 5024}, {"Node Type": "Materialize", "Parent Relationship": "Inner", "Parallel Aware": false, "Async Capable": false, "Startup Cost": 0.42, "Total Cost": 13236.79, "Plan Rows": 325725, "Plan Width": 4, "Actual Rows": 959388, "Actual Loops": 1, "Plans": [{"Node Type": "Index Scan", "Parent Relationship": "Outer", "Parallel Aware": false, "Async Capable": false, "Scan Direction": "Forward", "Index Name": "idx_votes_userid", "Relation Name": "votes", "Alias": "v", "Startup Cost": 0.42, "Total Cost": 12422.47, "Plan Rows": 325725, "Plan Width": 4, "Actual Rows": 34520, "Actual Loops": 1, "Filter": "(creationdate <= '2014-09-06 00:00:00'::timestamp without time zone)", "Rows Removed by Filter": 226}]}]}, {"Node Type": "Index Scan", "Parent Relationship": "Inner", "Parallel Aware": false, "Async Capable": false, "Scan Direction": "Forward", "Index Name": "users_pkey", "Relation Name": "users", "Alias": "u", "Startup Cost": 0.29, "Total Cost": 1457.98, "Plan Rows": 38973, "Plan Width": 4, "Actual Rows": 38339, "Actual Loops": 1, "Filter": "(creationdate >= '2010-11-16 06:03:04'::timestamp without time zone)", "Rows Removed by Filter": 1346}]}, {"Node Type": "Memoize", "Parent Relationship": "Inner", "Parallel Aware": false, "Async Capable": false, "Startup Cost": 0.3, "Total Cost": 0.4, "Plan Rows": 2, "Plan Width": 4, "Actual Rows": 14, "Actual Loops": 475290, "Cache Key": "v.userid", "Cache Mode": "logical", "Cache Hits": 471417, "Cache Misses": 3873, "Cache Evictions": 0, "Cache Overflows": 0, "Peak Memory Usage": 732, "Plans": [{"Node Type": "Index Scan", "Parent Relationship": "Outer", "Parallel Aware": false, "Async Capable": false, "Scan Direction": "Forward", "Index Name": "idx_posts_owneruserid", "Relation Name": "posts", "Alias": "p", "Startup Cost": 0.29, "Total Cost": 0.39, "Plan Rows": 2, "Plan Width": 4, "Actual Rows": 3, "Actual Loops": 3873, "Index Cond": "(owneruserid = v.userid)", "Rows Removed by Index Recheck": 0, "Filter": "((score <= 48) AND (answercount <= 8))", "Rows Removed by Filter": 6}]}]}]}, "Planning Time": 2.696, "Triggers": [], "Execution Time": 758.771}, {"Plan": {"Node Type": "Aggregate", "Strategy": "Plain", "Partial Mode": "Finalize", "Parallel Aware": false, "Async Capable": false, "Startup Cost": 34321.47, "Total Cost": 34321.48, "Plan Rows": 1, "Plan Width": 8, "Actual Rows": 1, "Actual Loops": 1, "Plans": [{"Node Type": "Gather", "Parent Relationship": "Outer", "Parallel Aware": false, "Async Capable": false, "Startup Cost": 34321.35, "Total Cost": 34321.46, "Plan Rows": 1, "Plan Width": 8, "Actual Rows": 2, "Actual Loops": 1, "Workers Planned": 1, "Workers Launched": 1, "Single Copy": false, "Plans": [{"Node Type": "Aggregate", "Strategy": "Plain", "Partial Mode": "Partial", "Parent Relationship": "Outer", "Parallel Aware": false, "Async Capable": false, "Startup Cost": 33321.35, "Total Cost": 33321.36, "Plan Rows": 1, "Plan Width": 8, "Actual Rows": 1, "Actual Loops": 2, "Workers": [], "Plans": [{"Node Type": "Merge Join", "Parent Relationship": "Outer", "Parallel Aware": false, "Async Capable": false, "Join Type": "Inner", "Startup Cost": 1.31, "Total Cost": 32837.96, "Plan Rows": 1643541.0, "Plan Width": 0, "Actual Rows": 3336232, "Actual Loops": 2, "Inner Unique": false, "Merge Cond": "(u.id = p.owneruserid)", "Workers": [], "Plans": [{"Node Type": "Merge Join", "Parent Relationship": "Outer", "Parallel Aware": false, "Async Capable": false, "Join Type": "Inner", "Startup Cost": 0.71, "Total Cost": 2937.44, "Plan Rows": 216119.0, "Plan Width": 8, "Actual Rows": 14124, "Actual Loops": 2, "Inner Unique": true, "Merge Cond": "(v.userid = u.id)", "Workers": [], "Plans": [{"Node Type": "Index Scan", "Parent Relationship": "Outer", "Parallel Aware": true, "Async Capable": false, "Scan Direction": "Forward", "Index Name": "idx_votes_userid", "Relation Name": "votes", "Alias": "v", "Startup Cost": 0.42, "Total Cost": 10733.91, "Plan Rows": 191603, "Plan Width": 4, "Actual Rows": 17260, "Actual Loops": 2, "Filter": "(creationdate <= '2014-09-06 00:00:00'::timestamp without time zone)", "Rows Removed by Filter": 113, "Workers": []}, {"Node Type": "Index Scan", "Parent Relationship": "Inner", "Parallel Aware": false, "Async Capable": false, "Scan Direction": "Forward", "Index Name": "users_pkey", "Relation Name": "users", "Alias": "u", "Startup Cost": 0.29, "Total Cost": 1457.98, "Plan Rows": 38973, "Plan Width": 4, "Actual Rows": 35728, "Actual Loops": 2, "Filter": "(creationdate >= '2010-11-16 06:03:04'::timestamp without time zone)", "Rows Removed by Filter": 1346, "Workers": []}]}, {"Node Type": "Materialize", "Parent Relationship": "Inner", "Parallel Aware": false, "Async Capable": false, "Startup Cost": 0.59, "Total Cost": 18961.81, "Plan Rows": 413962.0, "Plan Width": 8, "Actual Rows": 3644477, "Actual Loops": 2, "Workers": [], "Plans": [{"Node Type": "Nested Loop", "Parent Relationship": "Outer", "Parallel Aware": false, "Async Capable": false, "Join Type": "Inner", "Startup Cost": 0.59, "Total Cost": 15105.22, "Plan Rows": 413962.0, "Plan Width": 8, "Actual Rows": 410775, "Actual Loops": 2, "Inner Unique": false, "Workers": [], "Plans": [{"Node Type": "Index Scan", "Parent Relationship": "Outer", "Parallel Aware": false, "Async Capable": false, "Scan Direction": "Forward", "Index Name": "idx_posts_owneruserid", "Relation Name": "posts", "Alias": "p", "Startup Cost": 0.29, "Total Cost": 4553.55, "Plan Rows": 42747, "Plan Width": 4, "Actual Rows": 40888, "Actual Loops": 2, "Filter": "((score <= 48) AND (answercount <= 8))", "Rows Removed by Filter": 48291, "Workers": []}, {"Node Type": "Memoize", "Parent Relationship": "Inner", "Parallel Aware": false, "Async Capable": false, "Startup Cost": 0.3, "Total Cost": 0.42, "Plan Rows": 3, "Plan Width": 4, "Actual Rows": 10, "Actual Loops": 81776, "Cache Key": "p.owneruserid", "Cache Mode": "logical", "Cache Hits": 22407, "Cache Misses": 16572, "Cache Evictions": 0, "Cache Overflows": 0, "Peak Memory Usage": 3153, "Workers": [{"Worker Number": 0, "Cache Hits": 23955, "Cache Misses": 18842, "Cache Evictions": 0, "Cache Overflows": 0, "Peak Memory Usage": 3415}], "Plans": [{"Node Type": "Index Scan", "Parent Relationship": "Outer", "Parallel Aware": false, "Async Capable": false, "Scan Direction": "Forward", "Index Name": "idx_badges_userid", "Relation Name": "badges", "Alias": "b", "Startup Cost": 0.29, "Total Cost": 0.41, "Plan Rows": 3, "Plan Width": 4, "Actual Rows": 3, "Actual Loops": 35414, "Index Cond": "(userid = p.owneruserid)", "Rows Removed by Index Recheck": 0, "Filter": "((date >= '2011-01-03 20:50:19'::timestamp without time zone) AND (date <= '2014-09-02 15:35:07'::timestamp without time zone))", "Rows Removed by Filter": 0, "Workers": []}]}]}]}]}]}]}]}, "Planning Time": 6.299, "Triggers": [], "Execution Time": 579.423}, {"Plan": {"Node Type": "Aggregate", "Strategy": "Plain", "Partial Mode": "Simple", "Parallel Aware": false, "Async Capable": false, "Startup Cost": 10785.76, "Total Cost": 10785.77, "Plan Rows": 1, "Plan Width": 8, "Actual Rows": 1, "Actual Loops": 1, "Plans": [{"Node Type": "Merge Join", "Parent Relationship": "Outer", "Parallel Aware": false, "Async Capable": false, "Join Type": "Inner", "Startup Cost": 3.41, "Total Cost": 9964.0, "Plan Rows": 1643541.0, "Plan Width": 0, "Actual Rows": 6672465, "Actual Loops": 1, "Inner Unique": false, "Merge Cond": "(v.userid = u.id)", "Plans": [{"Node Type": "Merge Join", "Parent Relationship": "Outer", "Parallel Aware": false, "Async Capable": false, "Join Type": "Inner", "Startup Cost": 2.83, "Total Cost": 16605.73, "Plan Rows": 19846477.0, "Plan Width": 8, "Actual Rows": 956304, "Actual Loops": 1, "Inner Unique": false, "Merge Cond": "(b.userid = v.userid)", "Plans": [{"Node Type": "Index Scan", "Parent Relationship": "Outer", "Parallel Aware": false, "Async Capable": false, "Scan Direction": "Forward", "Index Name": "idx_badges_userid", "Relation Name": "badges", "Alias": "b", "Startup Cost": 0.29, "Total Cost": 3264.6, "Plan Rows": 74837, "Plan Width": 4, "Actual Rows": 74827, "Actual Loops": 1, "Filter": "((date >= '2011-01-03 20:50:19'::timestamp without time zone) AND (date <= '2014-09-02 15:35:07'::timestamp without time zone))", "Rows Removed by Filter": 5024}, {"Node Type": "Materialize", "Parent Relationship": "Inner", "Parallel Aware": false, "Async Capable": false, "Startup Cost": 0.42, "Total Cost": 13236.79, "Plan Rows": 325725, "Plan Width": 4, "Actual Rows": 959388, "Actual Loops": 1, "Plans": [{"Node Type": "Index Scan", "Parent Relationship": "Outer", "Parallel Aware": false, "Async Capable": false, "Scan Direction": "Forward", "Index Name": "idx_votes_userid", "Relation Name": "votes", "Alias": "v", "Startup Cost": 0.42, "Total Cost": 12422.47, "Plan Rows": 325725, "Plan Width": 4, "Actual Rows": 34520, "Actual Loops": 1, "Filter": "(creationdate <= '2014-09-06 00:00:00'::timestamp without time zone)", "Rows Removed by Filter": 226}]}]}, {"Node Type": "Materialize", "Parent Relationship": "Inner", "Parallel Aware": false, "Async Capable": false, "Startup Cost": 0.58, "Total Cost": 6653.91, "Plan Rows": 14883.0, "Plan Width": 8, "Actual Rows": 6697489, "Actual Loops": 1, "Plans": [{"Node Type": "Merge Join", "Parent Relationship": "Outer", "Parallel Aware": false, "Async Capable": false, "Join Type": "Inner", "Startup Cost": 0.58, "Total Cost": 6552.18, "Plan Rows": 14883.0, "Plan Width": 8, "Actual Rows": 38526, "Actual Loops": 1, "Inner Unique": true, "Merge Cond": "(p.owneruserid = u.id)", "Plans": [{"Node Type": "Index Scan", "Parent Relationship": "Outer", "Parallel Aware": false, "Async Capable": false, "Scan Direction": "Forward", "Index Name": "idx_posts_owneruserid", "Relation Name": "posts", "Alias": "p", "Startup Cost": 0.29, "Total Cost": 4553.55, "Plan Rows": 42747, "Plan Width": 4, "Actual Rows": 41808, "Actual Loops": 1, "Filter": "((score <= 48) AND (answercount <= 8))", "Rows Removed by Filter": 48446}, {"Node Type": "Index Scan", "Parent Relationship": "Inner", "Parallel Aware": false, "Async Capable": false, "Scan Direction": "Forward", "Index Name": "users_pkey", "Relation Name": "users", "Alias": "u", "Startup Cost": 0.29, "Total Cost": 1457.98, "Plan Rows": 38973, "Plan Width": 4, "Actual Rows": 38340, "Actual Loops": 1, "Filter": "(creationdate >= '2010-11-16 06:03:04'::timestamp without time zone)", "Rows Removed by Filter": 1346}]}]}]}]}, "Planning Time": 2.944, "Triggers": [], "Execution Time": 797.483}, {"Plan": {"Node Type": "Aggregate", "Strategy": "Plain", "Partial Mode": "Simple", "Parallel Aware": false, "Async Capable": false, "Startup Cost": 12580.04, "Total Cost": 12580.05, "Plan Rows": 1, "Plan Width": 8, "Actual Rows": 1, "Actual Loops": 1, "Plans": [{"Node Type": "Merge Join", "Parent Relationship": "Outer", "Parallel Aware": false, "Async Capable": false, "Join Type": "Inner", "Startup Cost": 1.38, "Total Cost": 11758.28, "Plan Rows": 1643541.0, "Plan Width": 0, "Actual Rows": 6672465, "Actual Loops": 1, "Inner Unique": false, "Merge Cond": "(v.userid = u.id)", "Plans": [{"Node Type": "Merge Join", "Parent Relationship": "Outer", "Parallel Aware": false, "Async Capable": false, "Join Type": "Inner", "Startup Cost": 0.71, "Total Cost": 22244.72, "Plan Rows": 36029.0, "Plan Width": 8, "Actual Rows": 368186, "Actual Loops": 1, "Inner Unique": false, "Merge Cond": "(p.owneruserid = v.userid)", "Plans": [{"Node Type": "Index Scan", "Parent Relationship": "Outer", "Parallel Aware": false, "Async Capable": false, "Scan Direction": "Forward", "Index Name": "idx_posts_owneruserid", "Relation Name": "posts", "Alias": "p", "Startup Cost": 0.29, "Total Cost": 4553.55, "Plan Rows": 42747, "Plan Width": 4, "Actual Rows": 41894, "Actual Loops": 1, "Filter": "((score <= 48) AND (answercount <= 8))", "Rows Removed by Filter": 48467}, {"Node Type": "Materialize", "Parent Relationship": "Inner", "Parallel Aware": false, "Async Capable": false, "Startup Cost": 0.42, "Total Cost": 13236.79, "Plan Rows": 325725, "Plan Width": 4, "Actual Rows": 376697, "Actual Loops": 1, "Plans": [{"Node Type": "Index Scan", "Parent Relationship": "Outer", "Parallel Aware": false, "Async Capable": false, "Scan Direction": "Forward", "Index Name": "idx_votes_userid", "Relation Name": "votes", "Alias": "v", "Startup Cost": 0.42, "Total Cost": 12422.47, "Plan Rows": 325725, "Plan Width": 4, "Actual Rows": 34533, "Actual Loops": 1, "Filter": "(creationdate <= '2014-09-06 00:00:00'::timestamp without time zone)", "Rows Removed by Filter": 257}]}]}, {"Node Type": "Materialize", "Parent Relationship": "Inner", "Parallel Aware": false, "Async Capable": false, "Startup Cost": 0.66, "Total Cost": 5911.16, "Plan Rows": 1847529.0, "Plan Width": 8, "Actual Rows": 6718081, "Actual Loops": 1, "Plans": [{"Node Type": "Merge Join", "Parent Relationship": "Outer", "Parallel Aware": false, "Async Capable": false, "Join Type": "Inner", "Startup Cost": 0.66, "Total Cost": 5730.34, "Plan Rows": 1847529.0, "Plan Width": 8, "Actual Rows": 67081, "Actual Loops": 1, "Inner Unique": true, "Merge Cond": "(b.userid = u.id)", "Plans": [{"Node Type": "Index Scan", "Parent Relationship": "Outer", "Parallel Aware": false, "Async Capable": false, "Scan Direction": "Forward", "Index Name": "idx_badges_userid", "Relation Name": "badges", "Alias": "b", "Startup Cost": 0.29, "Total Cost": 3264.6, "Plan Rows": 74837, "Plan Width": 4, "Actual Rows": 74795, "Actual Loops": 1, "Filter": "((date >= '2011-01-03 20:50:19'::timestamp without time zone) AND (date <= '2014-09-02 15:35:07'::timestamp without time zone))", "Rows Removed by Filter": 4648}, {"Node Type": "Index Scan", "Parent Relationship": "Inner", "Parallel Aware": false, "Async Capable": false, "Scan Direction": "Forward", "Index Name": "users_pkey", "Relation Name": "users", "Alias": "u", "Startup Cost": 0.29, "Total Cost": 1457.98, "Plan Rows": 38973, "Plan Width": 4, "Actual Rows": 38250, "Actual Loops": 1, "Filter": "(creationdate >= '2010-11-16 06:03:04'::timestamp without time zone)", "Rows Removed by Filter": 1346}]}]}]}]}, "Planning Time": 2.95, "Triggers": [], "Execution Time": 745.718}, {"Plan": {"Node Type": "Aggregate", "Strategy": "Plain", "Partial Mode": "Simple", "Parallel Aware": false, "Async Capable": false, "Startup Cost": 9787.89, "Total Cost": 9787.9, "Plan Rows": 1, "Plan Width": 8, "Actual Rows": 1, "Actual Loops": 1, "Plans": [{"Node Type": "Hash Join", "Parent Relationship": "Outer", "Parallel Aware": false, "Async Capable": false, "Join Type": "Inner", "Startup Cost": 5586.88, "Total Cost": 8966.13, "Plan Rows": 1643541.0, "Plan Width": 0, "Actual Rows": 6672465, "Actual Loops": 1, "Inner Unique": false, "Hash Cond": "(p.owneruserid = u.id)", "Plans": [{"Node Type": "Seq Scan", "Parent Relationship": "Outer", "Parallel Aware": false, "Async Capable": false, "Relation Name": "posts", "Alias": "p", "Startup Cost": 0.0, "Total Cost": 2219.64, "Plan Rows": 42747, "Plan Width": 4, "Actual Rows": 42797, "Actual Loops": 1, "Filter": "((score <= 48) AND (answercount <= 8))", "Rows Removed by Filter": 49179}, {"Node Type": "Hash", "Parent Relationship": "Inner", "Parallel Aware": false, "Async Capable": false, "Startup Cost": 4454.4, "Total Cost": 4454.4, "Plan Rows": 7746845.0, "Plan Width": 12, "Actual Rows": 475290, "Actual Loops": 1, "Hash Buckets": 524288, "Original Hash Buckets": 131072, "Hash Batches": 1, "Original Hash Batches": 1, "Peak Memory Usage": 24519, "Plans": [{"Node Type": "Merge Join", "Parent Relationship": "Outer", "Parallel Aware": false, "Async Capable": false, "Join Type": "Inner", "Startup Cost": 3.12, "Total Cost": 4454.4, "Plan Rows": 7746845.0, "Plan Width": 12, "Actual Rows": 475290, "Actual Loops": 1, "Inner Unique": true, "Merge Cond": "(v.userid = u.id)", "Plans": [{"Node Type": "Merge Join", "Parent Relationship": "Outer", "Parallel Aware": false, "Async Capable": false, "Join Type": "Inner", "Startup Cost": 2.83, "Total Cost": 16605.73, "Plan Rows": 19846477.0, "Plan Width": 8, "Actual Rows": 956304, "Actual Loops": 1, "Inner Unique": false, "Merge Cond": "(b.userid = v.userid)", "Plans": [{"Node Type": "Index Scan", "Parent Relationship": "Outer", "Parallel Aware": false, "Async Capable": false, "Scan Direction": "Forward", "Index Name": "idx_badges_userid", "Relation Name": "badges", "Alias": "b", "Startup Cost": 0.29, "Total Cost": 3264.6, "Plan Rows": 74837, "Plan Width": 4, "Actual Rows": 74827, "Actual Loops": 1, "Filter": "((date >= '2011-01-03 20:50:19'::timestamp without time zone) AND (date <= '2014-09-02 15:35:07'::timestamp without time zone))", "Rows Removed by Filter": 5024}, {"Node Type": "Materialize", "Parent Relationship": "Inner", "Parallel Aware": false, "Async Capable": false, "Startup Cost": 0.42, "Total Cost": 13236.79, "Plan Rows": 325725, "Plan Width": 4, "Actual Rows": 959388, "Actual Loops": 1, "Plans": [{"Node Type": "Index Scan", "Parent Relationship": "Outer", "Parallel Aware": false, "Async Capable": false, "Scan Direction": "Forward", "Index Name": "idx_votes_userid", "Relation Name": "votes", "Alias": "v", "Startup Cost": 0.42, "Total Cost": 12422.47, "Plan Rows": 325725, "Plan Width": 4, "Actual Rows": 34520, "Actual Loops": 1, "Filter": "(creationdate <= '2014-09-06 00:00:00'::timestamp without time zone)", "Rows Removed by Filter": 226}]}]}, {"Node Type": "Index Scan", "Parent Relationship": "Inner", "Parallel Aware": false, "Async Capable": false, "Scan Direction": "Forward", "Index Name": "users_pkey", "Relation Name": "users", "Alias": "u", "Startup Cost": 0.29, "Total Cost": 1457.98, "Plan Rows": 38973, "Plan Width": 4, "Actual Rows": 38339, "Actual Loops": 1, "Filter": "(creationdate >= '2010-11-16 06:03:04'::timestamp without time zone)", "Rows Removed by Filter": 1346}]}]}]}]}, "Planning Time": 3.077, "Triggers": [], "Execution Time": 877.899}, {"Plan": {"Node Type": "Aggregate", "Strategy": "Plain", "Partial Mode": "Simple", "Parallel Aware": false, "Async Capable": false, "Startup Cost": 13179.38, "Total Cost": 13179.39, "Plan Rows": 1, "Plan Width": 8, "Actual Rows": 1, "Actual Loops": 1, "Plans": [{"Node Type": "Merge Join", "Parent Relationship": "Outer", "Parallel Aware": false, "Async Capable": false, "Join Type": "Inner", "Startup Cost": 1.63, "Total Cost": 12357.62, "Plan Rows": 1643541.0, "Plan Width": 0, "Actual Rows": 6672465, "Actual Loops": 1, "Inner Unique": false, "Merge Cond": "(u.id = b.userid)", "Plans": [{"Node Type": "Merge Join", "Parent Relationship": "Outer", "Parallel Aware": false, "Async Capable": false, "Join Type": "Inner", "Startup Cost": 1.0, "Total Cost": 5428.8, "Plan Rows": 56744.0, "Plan Width": 12, "Actual Rows": 239532, "Actual Loops": 1, "Inner Unique": true, "Merge Cond": "(v.userid = u.id)", "Plans": [{"Node Type": "Merge Join", "Parent Relationship": "Outer", "Parallel Aware": false, "Async Capable": false, "Join Type": "Inner", "Startup Cost": 0.71, "Total Cost": 22244.72, "Plan Rows": 36029.0, "Plan Width": 8, "Actual Rows": 368186, "Actual Loops": 1, "Inner Unique": false, "Merge Cond": "(p.owneruserid = v.userid)", "Plans": [{"Node Type": "Index Scan", "Parent Relationship": "Outer", "Parallel Aware": false, "Async Capable": false, "Scan Direction": "Forward", "Index Name": "idx_posts_owneruserid", "Relation Name": "posts", "Alias": "p", "Startup Cost": 0.29, "Total Cost": 4553.55, "Plan Rows": 42747, "Plan Width": 4, "Actual Rows": 41894, "Actual Loops": 1, "Filter": "((score <= 48) AND (answercount <= 8))", "Rows Removed by Filter": 48467}, {"Node Type": "Materialize", "Parent Relationship": "Inner", "Parallel Aware": false, "Async Capable": false, "Startup Cost": 0.42, "Total Cost": 13236.79, "Plan Rows": 325725, "Plan Width": 4, "Actual Rows": 376697, "Actual Loops": 1, "Plans": [{"Node Type": "Index Scan", "Parent Relationship": "Outer", "Parallel Aware": false, "Async Capable": false, "Scan Direction": "Forward", "Index Name": "idx_votes_userid", "Relation Name": "votes", "Alias": "v", "Startup Cost": 0.42, "Total Cost": 12422.47, "Plan Rows": 325725, "Plan Width": 4, "Actual Rows": 34533, "Actual Loops": 1, "Filter": "(creationdate <= '2014-09-06 00:00:00'::timestamp without time zone)", "Rows Removed by Filter": 257}]}]}, {"Node Type": "Index Scan", "Parent Relationship": "Inner", "Parallel Aware": false, "Async Capable": false, "Scan Direction": "Forward", "Index Name": "users_pkey", "Relation Name": "users", "Alias": "u", "Startup Cost": 0.29, "Total Cost": 1457.98, "Plan Rows": 38973, "Plan Width": 4, "Actual Rows": 38248, "Actual Loops": 1, "Filter": "(creationdate >= '2010-11-16 06:03:04'::timestamp without time zone)", "Rows Removed by Filter": 1346}]}, {"Node Type": "Materialize", "Parent Relationship": "Inner", "Parallel Aware": false, "Async Capable": false, "Startup Cost": 0.29, "Total Cost": 3451.69, "Plan Rows": 74837, "Plan Width": 4, "Actual Rows": 6725795, "Actual Loops": 1, "Plans": [{"Node Type": "Index Scan", "Parent Relationship": "Outer", "Parallel Aware": false, "Async Capable": false, "Scan Direction": "Forward", "Index Name": "idx_badges_userid", "Relation Name": "badges", "Alias": "b", "Startup Cost": 0.29, "Total Cost": 3264.6, "Plan Rows": 74837, "Plan Width": 4, "Actual Rows": 74795, "Actual Loops": 1, "Filter": "((date >= '2011-01-03 20:50:19'::timestamp without time zone) AND (date <= '2014-09-02 15:35:07'::timestamp without time zone))", "Rows Removed by Filter": 4648}]}]}]}, "Planning Time": 2.935, "Triggers": [], "Execution Time": 751.129}, {"Plan": {"Node Type": "Aggregate", "Strategy": "Plain", "Partial Mode": "Simple", "Parallel Aware": false, "Async Capable": false, "Startup Cost": 34056.59, "Total Cost": 34056.6, "Plan Rows": 1, "Plan Width": 8, "Actual Rows": 1, "Actual Loops": 1, "Plans": [{"Node Type": "Merge Join", "Parent Relationship": "Outer", "Parallel Aware": false, "Async Capable": false, "Join Type": "Inner", "Startup Cost": 1.62, "Total Cost": 33234.83, "Plan Rows": 1643541.0, "Plan Width": 0, "Actual Rows": 6672465, "Actual Loops": 1, "Inner Unique": false, "Merge Cond": "(u.id = v.userid)", "Plans": [{"Node Type": "Merge Join", "Parent Relationship": "Outer", "Parallel Aware": false, "Async Capable": false, "Join Type": "Inner", "Startup Cost": 1.2, "Total Cost": 10891.74, "Plan Rows": 284708.0, "Plan Width": 12, "Actual Rows": 298796, "Actual Loops": 1, "Inner Unique": false, "Merge Cond": "(u.id = b.userid)", "Plans": [{"Node Type": "Merge Join", "Parent Relationship": "Outer", "Parallel Aware": false, "Async Capable": false, "Join Type": "Inner", "Startup Cost": 0.58, "Total Cost": 6552.18, "Plan Rows": 14883.0, "Plan Width": 8, "Actual Rows": 38530, "Actual Loops": 1, "Inner Unique": true, "Merge Cond": "(p.owneruserid = u.id)", "Plans": [{"Node Type": "Index Scan", "Parent Relationship": "Outer", "Parallel Aware": false, "Async Capable": false, "Scan Direction": "Forward", "Index Name": "idx_posts_owneruserid", "Relation Name": "posts", "Alias": "p", "Startup Cost": 0.29, "Total Cost": 4553.55, "Plan Rows": 42747, "Plan Width": 4, "Actual Rows": 41812, "Actual Loops": 1, "Filter": "((score <= 48) AND (answercount <= 8))", "Rows Removed by Filter": 48446}, {"Node Type": "Index Scan", "Parent Relationship": "Inner", "Parallel Aware": false, "Async Capable": false, "Scan Direction": "Forward", "Index Name": "users_pkey", "Relation Name": "users", "Alias": "u", "Startup Cost": 0.29, "Total Cost": 1457.98, "Plan Rows": 38973, "Plan Width": 4, "Actual Rows": 38345, "Actual Loops": 1, "Filter": "(creationdate >= '2010-11-16 06:03:04'::timestamp without time zone)", "Rows Removed by Filter": 1346}]}, {"Node Type": "Index Scan", "Parent Relationship": "Inner", "Parallel Aware": false, "Async Capable": false, "Scan Direction": "Forward", "Index Name": "idx_badges_userid", "Relation Name": "badges", "Alias": "b", "Startup Cost": 0.29, "Total Cost": 3264.6, "Plan Rows": 74837, "Plan Width": 4, "Actual Rows": 319128, "Actual Loops": 1, "Filter": "((date >= '2011-01-03 20:50:19'::timestamp without time zone) AND (date <= '2014-09-02 15:35:07'::timestamp without time zone))", "Rows Removed by Filter": 8164}]}, {"Node Type": "Materialize", "Parent Relationship": "Inner", "Parallel Aware": false, "Async Capable": false, "Startup Cost": 0.42, "Total Cost": 13236.79, "Plan Rows": 325725, "Plan Width": 4, "Actual Rows": 6686663, "Actual Loops": 1, "Plans": [{"Node Type": "Index Scan", "Parent Relationship": "Outer", "Parallel Aware": false, "Async Capable": false, "Scan Direction": "Forward", "Index Name": "idx_votes_userid", "Relation Name": "votes", "Alias": "v", "Startup Cost": 0.42, "Total Cost": 12422.47, "Plan Rows": 325725, "Plan Width": 4, "Actual Rows": 34520, "Actual Loops": 1, "Filter": "(creationdate <= '2014-09-06 00:00:00'::timestamp without time zone)", "Rows Removed by Filter": 226}]}]}]}, "Planning Time": 2.994, "Triggers": [], "Execution Time": 857.391}, {"Plan": {"Node Type": "Aggregate", "Strategy": "Plain", "Partial Mode": "Simple", "Parallel Aware": false, "Async Capable": false, "Startup Cost": 35625.82, "Total Cost": 35625.83, "Plan Rows": 1, "Plan Width": 8, "Actual Rows": 1, "Actual Loops": 1, "Plans": [{"Node Type": "Hash Join", "Parent Relationship": "Outer", "Parallel Aware": false, "Async Capable": false, "Join Type": "Inner", "Startup Cost": 3705.01, "Total Cost": 34804.05, "Plan Rows": 1643541.0, "Plan Width": 0, "Actual Rows": 6672465, "Actual Loops": 1, "Inner Unique": false, "Hash Cond": "(p.owneruserid = u.id)", "Plans": [{"Node Type": "Nested Loop", "Parent Relationship": "Outer", "Parallel Aware": false, "Async Capable": false, "Join Type": "Inner", "Startup Cost": 0.3, "Total Cost": 12771.31, "Plan Rows": 413962.0, "Plan Width": 8, "Actual Rows": 413771, "Actual Loops": 1, "Inner Unique": false, "Plans": [{"Node Type": "Seq Scan", "Parent Relationship": "Outer", "Parallel Aware": false, "Async Capable": false, "Relation Name": "posts", "Alias": "p", "Startup Cost": 0.0, "Total Cost": 2219.64, "Plan Rows": 42747, "Plan Width": 4, "Actual Rows": 42797, "Actual Loops": 1, "Filter": "((score <= 48) AND (answercount <= 8))", "Rows Removed by Filter": 49179}, {"Node Type": "Memoize", "Parent Relationship": "Inner", "Parallel Aware": false, "Async Capable": false, "Startup Cost": 0.3, "Total Cost": 0.42, "Plan Rows": 3, "Plan Width": 4, "Actual Rows": 10, "Actual Loops": 42797, "Cache Key": "p.owneruserid", "Cache Mode": "logical", "Cache Hits": 23955, "Cache Misses": 18842, "Cache Evictions": 0, "Cache Overflows": 0, "Peak Memory Usage": 3415, "Plans": [{"Node Type": "Index Scan", "Parent Relationship": "Outer", "Parallel Aware": false, "Async Capable": false, "Scan Direction": "Forward", "Index Name": "idx_badges_userid", "Relation Name": "badges", "Alias": "b", "Startup Cost": 0.29, "Total Cost": 0.41, "Plan Rows": 3, "Plan Width": 4, "Actual Rows": 3, "Actual Loops": 18842, "Index Cond": "(userid = p.owneruserid)", "Rows Removed by Index Recheck": 0, "Filter": "((date >= '2011-01-03 20:50:19'::timestamp without time zone) AND (date <= '2014-09-02 15:35:07'::timestamp without time zone))", "Rows Removed by Filter": 0}]}]}, {"Node Type": "Hash", "Parent Relationship": "Inner", "Parallel Aware": false, "Async Capable": false, "Startup Cost": 3288.56, "Total Cost": 3288.56, "Plan Rows": 216119.0, "Plan Width": 8, "Actual Rows": 28260, "Actual Loops": 1, "Hash Buckets": 65536, "Original Hash Buckets": 65536, "Hash Batches": 1, "Original Hash Batches": 1, "Peak Memory Usage": 1616, "Plans": [{"Node Type": "Merge Join", "Parent Relationship": "Outer", "Parallel Aware": false, "Async Capable": false, "Join Type": "Inner", "Startup Cost": 0.71, "Total Cost": 3288.56, "Plan Rows": 216119.0, "Plan Width": 8, "Actual Rows": 28260, "Actual Loops": 1, "Inner Unique": true, "Merge Cond": "(v.userid = u.id)", "Plans": [{"Node Type": "Index Scan", "Parent Relationship": "Outer", "Parallel Aware": false, "Async Capable": false, "Scan Direction": "Forward", "Index Name": "idx_votes_userid", "Relation Name": "votes", "Alias": "v", "Startup Cost": 0.42, "Total Cost": 12422.47, "Plan Rows": 325725, "Plan Width": 4, "Actual Rows": 34533, "Actual Loops": 1, "Filter": "(creationdate <= '2014-09-06 00:00:00'::timestamp without time zone)", "Rows Removed by Filter": 257}, {"Node Type": "Index Scan", "Parent Relationship": "Inner", "Parallel Aware": false, "Async Capable": false, "Scan Direction": "Forward", "Index Name": "users_pkey", "Relation Name": "users", "Alias": "u", "Startup Cost": 0.29, "Total Cost": 1457.98, "Plan Rows": 38973, "Plan Width": 4, "Actual Rows": 38571, "Actual Loops": 1, "Filter": "(creationdate >= '2010-11-16 06:03:04'::timestamp without time zone)", "Rows Removed by Filter": 1346}]}]}]}]}, "Planning Time": 2.977, "Triggers": [], "Execution Time": 667.771}, {"Plan": {"Node Type": "Aggregate", "Strategy": "Plain", "Partial Mode": "Finalize", "Parallel Aware": false, "Async Capable": false, "Startup Cost": 28281.43, "Total Cost": 28281.44, "Plan Rows": 1, "Plan Width": 8, "Actual Rows": 1, "Actual Loops": 1, "Plans": [{"Node Type": "Gather", "Parent Relationship": "Outer", "Parallel Aware": false, "Async Capable": false, "Startup Cost": 28281.32, "Total Cost": 28281.43, "Plan Rows": 1, "Plan Width": 8, "Actual Rows": 2, "Actual Loops": 1, "Workers Planned": 1, "Workers Launched": 1, "Single Copy": false, "Plans": [{"Node Type": "Aggregate", "Strategy": "Plain", "Partial Mode": "Partial", "Parent Relationship": "Outer", "Parallel Aware": false, "Async Capable": false, "Startup Cost": 27281.32, "Total Cost": 27281.33, "Plan Rows": 1, "Plan Width": 8, "Actual Rows": 1, "Actual Loops": 2, "Workers": [], "Plans": [{"Node Type": "Merge Join", "Parent Relationship": "Outer", "Parallel Aware": false, "Async Capable": false, "Join Type": "Inner", "Startup Cost": 1.62, "Total Cost": 26797.93, "Plan Rows": 1643541.0, "Plan Width": 0, "Actual Rows": 3336232, "Actual Loops": 2, "Inner Unique": false, "Merge Cond": "(v.userid = u.id)", "Workers": [], "Plans": [{"Node Type": "Index Scan", "Parent Relationship": "Outer", "Parallel Aware": true, "Async Capable": false, "Scan Direction": "Forward", "Index Name": "idx_votes_userid", "Relation Name": "votes", "Alias": "v", "Startup Cost": 0.42, "Total Cost": 10733.91, "Plan Rows": 191603, "Plan Width": 4, "Actual Rows": 17260, "Actual Loops": 2, "Filter": "(creationdate <= '2014-09-06 00:00:00'::timestamp without time zone)", "Rows Removed by Filter": 113, "Workers": []}, {"Node Type": "Materialize", "Parent Relationship": "Inner", "Parallel Aware": false, "Async Capable": false, "Startup Cost": 1.2, "Total Cost": 14562.62, "Plan Rows": 284708.0, "Plan Width": 12, "Actual Rows": 3529502, "Actual Loops": 2, "Workers": [], "Plans": [{"Node Type": "Merge Join", "Parent Relationship": "Outer", "Parallel Aware": false, "Async Capable": false, "Join Type": "Inner", "Startup Cost": 1.2, "Total Cost": 10891.74, "Plan Rows": 284708.0, "Plan Width": 12, "Actual Rows": 295800, "Actual Loops": 2, "Inner Unique": false, "Merge Cond": "(u.id = b.userid)", "Workers": [], "Plans": [{"Node Type": "Merge Join", "Parent Relationship": "Outer", "Parallel Aware": false, "Async Capable": false, "Join Type": "Inner", "Startup Cost": 0.58, "Total Cost": 6552.18, "Plan Rows": 14883.0, "Plan Width": 8, "Actual Rows": 37114, "Actual Loops": 2, "Inner Unique": true, "Merge Cond": "(p.owneruserid = u.id)", "Workers": [], "Plans": [{"Node Type": "Index Scan", "Parent Relationship": "Outer", "Parallel Aware": false, "Async Capable": false, "Scan Direction": "Forward", "Index Name": "idx_posts_owneruserid", "Relation Name": "posts", "Alias": "p", "Startup Cost": 0.29, "Total Cost": 4553.55, "Plan Rows": 42747, "Plan Width": 4, "Actual Rows": 40396, "Actual Loops": 2, "Filter": "((score <= 48) AND (answercount <= 8))", "Rows Removed by Filter": 47924, "Workers": []}, {"Node Type": "Index Scan", "Parent Relationship": "Inner", "Parallel Aware": false, "Async Capable": false, "Scan Direction": "Forward", "Index Name": "users_pkey", "Relation Name": "users", "Alias": "u", "Startup Cost": 0.29, "Total Cost": 1457.98, "Plan Rows": 38973, "Plan Width": 4, "Actual Rows": 35720, "Actual Loops": 2, "Filter": "(creationdate >= '2010-11-16 06:03:04'::timestamp without time zone)", "Rows Removed by Filter": 1346, "Workers": []}]}, {"Node Type": "Index Scan", "Parent Relationship": "Inner", "Parallel Aware": false, "Async Capable": false, "Scan Direction": "Forward", "Index Name": "idx_badges_userid", "Relation Name": "badges", "Alias": "b", "Startup Cost": 0.29, "Total Cost": 3264.6, "Plan Rows": 74837, "Plan Width": 4, "Actual Rows": 315632, "Actual Loops": 2, "Filter": "((date >= '2011-01-03 20:50:19'::timestamp without time zone) AND (date <= '2014-09-02 15:35:07'::timestamp without time zone))", "Rows Removed by Filter": 7810, "Workers": []}]}]}]}]}]}]}, "Planning Time": 6.192, "Triggers": [], "Execution Time": 563.387}, {"Plan": {"Node Type": "Aggregate", "Strategy": "Plain", "Partial Mode": "Simple", "Parallel Aware": false, "Async Capable": false, "Startup Cost": 10648.9, "Total Cost": 10648.91, "Plan Rows": 1, "Plan Width": 8, "Actual Rows": 1, "Actual Loops": 1, "Plans": [{"Node Type": "Merge Join", "Parent Relationship": "Outer", "Parallel Aware": false, "Async Capable": false, "Join Type": "Inner", "Startup Cost": 3.41, "Total Cost": 9827.14, "Plan Rows": 1643541.0, "Plan Width": 0, "Actual Rows": 6672465, "Actual Loops": 1, "Inner Unique": false, "Merge Cond": "(u.id = v.userid)", "Plans": [{"Node Type": "Merge Join", "Parent Relationship": "Outer", "Parallel Aware": false, "Async Capable": false, "Join Type": "Inner", "Startup Cost": 0.58, "Total Cost": 6552.18, "Plan Rows": 14883.0, "Plan Width": 8, "Actual Rows": 38526, "Actual Loops": 1, "Inner Unique": true, "Merge Cond": "(p.owneruserid = u.id)", "Plans": [{"Node Type": "Index Scan", "Parent Relationship": "Outer", "Parallel Aware": false, "Async Capable": false, "Scan Direction": "Forward", "Index Name": "idx_posts_owneruserid", "Relation Name": "posts", "Alias": "p", "Startup Cost": 0.29, "Total Cost": 4553.55, "Plan Rows": 42747, "Plan Width": 4, "Actual Rows": 41808, "Actual Loops": 1, "Filter": "((score <= 48) AND (answercount <= 8))", "Rows Removed by Filter": 48446}, {"Node Type": "Index Scan", "Parent Relationship": "Inner", "Parallel Aware": false, "Async Capable": false, "Scan Direction": "Forward", "Index Name": "users_pkey", "Relation Name": "users", "Alias": "u", "Startup Cost": 0.29, "Total Cost": 1457.98, "Plan Rows": 38973, "Plan Width": 4, "Actual Rows": 38340, "Actual Loops": 1, "Filter": "(creationdate >= '2010-11-16 06:03:04'::timestamp without time zone)", "Rows Removed by Filter": 1346}]}, {"Node Type": "Materialize", "Parent Relationship": "Inner", "Parallel Aware": false, "Async Capable": false, "Startup Cost": 2.83, "Total Cost": 18821.78, "Plan Rows": 19846477.0, "Plan Width": 8, "Actual Rows": 7197347, "Actual Loops": 1, "Plans": [{"Node Type": "Merge Join", "Parent Relationship": "Outer", "Parallel Aware": false, "Async Capable": false, "Join Type": "Inner", "Startup Cost": 2.83, "Total Cost": 16605.73, "Plan Rows": 19846477.0, "Plan Width": 8, "Actual Rows": 956304, "Actual Loops": 1, "Inner Unique": false, "Merge Cond": "(b.userid = v.userid)", "Plans": [{"Node Type": "Index Scan", "Parent Relationship": "Outer", "Parallel Aware": false, "Async Capable": false, "Scan Direction": "Forward", "Index Name": "idx_badges_userid", "Relation Name": "badges", "Alias": "b", "Startup Cost": 0.29, "Total Cost": 3264.6, "Plan Rows": 74837, "Plan Width": 4, "Actual Rows": 74827, "Actual Loops": 1, "Filter": "((date >= '2011-01-03 20:50:19'::timestamp without time zone) AND (date <= '2014-09-02 15:35:07'::timestamp without time zone))", "Rows Removed by Filter": 5024}, {"Node Type": "Materialize", "Parent Relationship": "Inner", "Parallel Aware": false, "Async Capable": false, "Startup Cost": 0.42, "Total Cost": 13236.79, "Plan Rows": 325725, "Plan Width": 4, "Actual Rows": 959388, "Actual Loops": 1, "Plans": [{"Node Type": "Index Scan", "Parent Relationship": "Outer", "Parallel Aware": false, "Async Capable": false, "Scan Direction": "Forward", "Index Name": "idx_votes_userid", "Relation Name": "votes", "Alias": "v", "Startup Cost": 0.42, "Total Cost": 12422.47, "Plan Rows": 325725, "Plan Width": 4, "Actual Rows": 34520, "Actual Loops": 1, "Filter": "(creationdate <= '2014-09-06 00:00:00'::timestamp without time zone)", "Rows Removed by Filter": 226}]}]}]}]}]}, "Planning Time": 2.971, "Triggers": [], "Execution Time": 913.19}, {"Plan": {"Node Type": "Aggregate", "Strategy": "Plain", "Partial Mode": "Finalize", "Parallel Aware": false, "Async Capable": false, "Startup Cost": 8854.76, "Total Cost": 8854.77, "Plan Rows": 1, "Plan Width": 8, "Actual Rows": 1, "Actual Loops": 1, "Plans": [{"Node Type": "Gather", "Parent Relationship": "Outer", "Parallel Aware": false, "Async Capable": false, "Startup Cost": 8854.65, "Total Cost": 8854.76, "Plan Rows": 1, "Plan Width": 8, "Actual Rows": 2, "Actual Loops": 1, "Workers Planned": 1, "Workers Launched": 1, "Single Copy": false, "Plans": [{"Node Type": "Aggregate", "Strategy": "Plain", "Partial Mode": "Partial", "Parent Relationship": "Outer", "Parallel Aware": false, "Async Capable": false, "Startup Cost": 7854.65, "Total Cost": 7854.66, "Plan Rows": 1, "Plan Width": 8, "Actual Rows": 1, "Actual Loops": 2, "Workers": [], "Plans": [{"Node Type": "Nested Loop", "Parent Relationship": "Outer", "Parallel Aware": false, "Async Capable": false, "Join Type": "Inner", "Startup Cost": 2.24, "Total Cost": 7371.26, "Plan Rows": 1643541.0, "Plan Width": 0, "Actual Rows": 3336232, "Actual Loops": 2, "Inner Unique": false, "Join Filter": "(p.owneruserid = u.id)", "Rows Removed by Join Filter": 0, "Workers": [], "Plans": [{"Node Type": "Merge Join", "Parent Relationship": "Outer", "Parallel Aware": false, "Async Capable": false, "Join Type": "Inner", "Startup Cost": 1.94, "Total Cost": 3525.5, "Plan Rows": 7746845.0, "Plan Width": 12, "Actual Rows": 237645, "Actual Loops": 2, "Inner Unique": true, "Merge Cond": "(v.userid = u.id)", "Workers": [], "Plans": [{"Node Type": "Merge Join", "Parent Relationship": "Outer", "Parallel Aware": false, "Async Capable": false, "Join Type": "Inner", "Startup Cost": 1.65, "Total Cost": 12272.16, "Plan Rows": 19846477.0, "Plan Width": 8, "Actual Rows": 478152, "Actual Loops": 2, "Inner Unique": false, "Merge Cond": "(v.userid = b.userid)", "Workers": [], "Plans": [{"Node Type": "Index Scan", "Parent Relationship": "Outer", "Parallel Aware": true, "Async Capable": false, "Scan Direction": "Forward", "Index Name": "idx_votes_userid", "Relation Name": "votes", "Alias": "v", "Startup Cost": 0.42, "Total Cost": 10733.91, "Plan Rows": 191603, "Plan Width": 4, "Actual Rows": 17260, "Actual Loops": 2, "Filter": "(creationdate <= '2014-09-06 00:00:00'::timestamp without time zone)", "Rows Removed by Filter": 113, "Workers": []}, {"Node Type": "Materialize", "Parent Relationship": "Inner", "Parallel Aware": false, "Async Capable": false, "Startup Cost": 0.29, "Total Cost": 3451.69, "Plan Rows": 74837, "Plan Width": 4, "Actual Rows": 536934, "Actual Loops": 2, "Workers": [], "Plans": [{"Node Type": "Index Scan", "Parent Relationship": "Outer", "Parallel Aware": false, "Async Capable": false, "Scan Direction": "Forward", "Index Name": "idx_badges_userid", "Relation Name": "badges", "Alias": "b", "Startup Cost": 0.29, "Total Cost": 3264.6, "Plan Rows": 74837, "Plan Width": 4, "Actual Rows": 74124, "Actual Loops": 2, "Filter": "((date >= '2011-01-03 20:50:19'::timestamp without time zone) AND (date <= '2014-09-02 15:35:07'::timestamp without time zone))", "Rows Removed by Filter": 4789, "Workers": []}]}]}, {"Node Type": "Index Scan", "Parent Relationship": "Inner", "Parallel Aware": false, "Async Capable": false, "Scan Direction": "Forward", "Index Name": "users_pkey", "Relation Name": "users", "Alias": "u", "Startup Cost": 0.29, "Total Cost": 1457.98, "Plan Rows": 38973, "Plan Width": 4, "Actual Rows": 37309, "Actual Loops": 2, "Filter": "(creationdate >= '2010-11-16 06:03:04'::timestamp without time zone)", "Rows Removed by Filter": 1346, "Workers": []}]}, {"Node Type": "Memoize", "Parent Relationship": "Inner", "Parallel Aware": false, "Async Capable": false, "Startup Cost": 0.3, "Total Cost": 0.4, "Plan Rows": 2, "Plan Width": 4, "Actual Rows": 14, "Actual Loops": 475290, "Cache Key": "v.userid", "Cache Mode": "logical", "Cache Hits": 228429, "Cache Misses": 2223, "Cache Evictions": 0, "Cache Overflows": 0, "Peak Memory Usage": 424, "Workers": [{"Worker Number": 0, "Cache Hits": 242988, "Cache Misses": 1650, "Cache Evictions": 0, "Cache Overflows": 0, "Peak Memory Usage": 309}], "Plans": [{"Node Type": "Index Scan", "Parent Relationship": "Outer", "Parallel Aware": false, "Async Capable": false, "Scan Direction": "Forward", "Index Name": "idx_posts_owneruserid", "Relation Name": "posts", "Alias": "p", "Startup Cost": 0.29, "Total Cost": 0.39, "Plan Rows": 2, "Plan Width": 4, "Actual Rows": 3, "Actual Loops": 3873, "Index Cond": "(owneruserid = v.userid)", "Rows Removed by Index Recheck": 0, "Filter": "((score <= 48) AND (answercount <= 8))", "Rows Removed by Filter": 6, "Workers": []}]}]}]}]}]}, "Planning Time": 6.269, "Triggers": [], "Execution Time": 443.007}, {"Plan": {"Node Type": "Aggregate", "Strategy": "Plain", "Partial Mode": "Simple", "Parallel Aware": false, "Async Capable": false, "Startup Cost": 11677.41, "Total Cost": 11677.42, "Plan Rows": 1, "Plan Width": 8, "Actual Rows": 1, "Actual Loops": 1, "Plans": [{"Node Type": "Merge Join", "Parent Relationship": "Outer", "Parallel Aware": false, "Async Capable": false, "Join Type": "Inner", "Startup Cost": 7.25, "Total Cost": 10855.65, "Plan Rows": 1643541.0, "Plan Width": 0, "Actual Rows": 6672465, "Actual Loops": 1, "Inner Unique": true, "Merge Cond": "(v.userid = u.id)", "Plans": [{"Node Type": "Merge Join", "Parent Relationship": "Outer", "Parallel Aware": false, "Async Capable": false, "Join Type": "Inner", "Startup Cost": 6.96, "Total Cost": 48761.55, "Plan Rows": 2574516.0, "Plan Width": 12, "Actual Rows": 19383482, "Actual Loops": 1, "Inner Unique": false, "Merge Cond": "(b.userid = v.userid)", "Plans": [{"Node Type": "Index Scan", "Parent Relationship": "Outer", "Parallel Aware": false, "Async Capable": false, "Scan Direction": "Forward", "Index Name": "idx_badges_userid", "Relation Name": "badges", "Alias": "b", "Startup Cost": 0.29, "Total Cost": 3264.6, "Plan Rows": 74837, "Plan Width": 4, "Actual Rows": 74795, "Actual Loops": 1, "Filter": "((date >= '2011-01-03 20:50:19'::timestamp without time zone) AND (date <= '2014-09-02 15:35:07'::timestamp without time zone))", "Rows Removed by Filter": 4648}, {"Node Type": "Materialize", "Parent Relationship": "Inner", "Parallel Aware": false, "Async Capable": false, "Startup Cost": 0.71, "Total Cost": 25199.15, "Plan Rows": 36029.0, "Plan Width": 8, "Actual Rows": 19383597, "Actual Loops": 1, "Plans": [{"Node Type": "Merge Join", "Parent Relationship": "Outer", "Parallel Aware": false, "Async Capable": false, "Join Type": "Inner", "Startup Cost": 0.71, "Total Cost": 22244.72, "Plan Rows": 36029.0, "Plan Width": 8, "Actual Rows": 368186, "Actual Loops": 1, "Inner Unique": false, "Merge Cond": "(p.owneruserid = v.userid)", "Plans": [{"Node Type": "Index Scan", "Parent Relationship": "Outer", "Parallel Aware": false, "Async Capable": false, "Scan Direction": "Forward", "Index Name": "idx_posts_owneruserid", "Relation Name": "posts", "Alias": "p", "Startup Cost": 0.29, "Total Cost": 4553.55, "Plan Rows": 42747, "Plan Width": 4, "Actual Rows": 41894, "Actual Loops": 1, "Filter": "((score <= 48) AND (answercount <= 8))", "Rows Removed by Filter": 48467}, {"Node Type": "Materialize", "Parent Relationship": "Inner", "Parallel Aware": false, "Async Capable": false, "Startup Cost": 0.42, "Total Cost": 13236.79, "Plan Rows": 325725, "Plan Width": 4, "Actual Rows": 376697, "Actual Loops": 1, "Plans": [{"Node Type": "Index Scan", "Parent Relationship": "Outer", "Parallel Aware": false, "Async Capable": false, "Scan Direction": "Forward", "Index Name": "idx_votes_userid", "Relation Name": "votes", "Alias": "v", "Startup Cost": 0.42, "Total Cost": 12422.47, "Plan Rows": 325725, "Plan Width": 4, "Actual Rows": 34533, "Actual Loops": 1, "Filter": "(creationdate <= '2014-09-06 00:00:00'::timestamp without time zone)", "Rows Removed by Filter": 257}]}]}]}]}, {"Node Type": "Index Scan", "Parent Relationship": "Inner", "Parallel Aware": false, "Async Capable": false, "Scan Direction": "Forward", "Index Name": "users_pkey", "Relation Name": "users", "Alias": "u", "Startup Cost": 0.29, "Total Cost": 1457.98, "Plan Rows": 38973, "Plan Width": 4, "Actual Rows": 38248, "Actual Loops": 1, "Filter": "(creationdate >= '2010-11-16 06:03:04'::timestamp without time zone)", "Rows Removed by Filter": 1346}]}]}, "Planning Time": 3.015, "Triggers": [], "Execution Time": 2241.552}]