[{"Plan": {"Node Type": "Aggregate", "Strategy": "Plain", "Partial Mode": "Simple", "Parallel Aware": false, "Async Capable": false, "Startup Cost": 63664.33, "Total Cost": 63664.34, "Plan Rows": 1, "Plan Width": 8, "Plans": [{"Node Type": "Nested Loop", "Parent Relationship": "Outer", "Parallel Aware": false, "Async Capable": false, "Join Type": "Inner", "Startup Cost": 3018.74, "Total Cost": 63664.33, "Plan Rows": 1, "Plan Width": 0, "Inner Unique": true, "Plans": [{"Node Type": "Nested Loop", "Parent Relationship": "Outer", "Parallel Aware": false, "Async Capable": false, "Join Type": "Inner", "Startup Cost": 3018.45, "Total Cost": 63664.02, "Plan Rows": 1, "Plan Width": 12, "Inner Unique": true, "Plans": [{"Node Type": "Nested Loop", "Parent Relationship": "Outer", "Parallel Aware": false, "Async Capable": false, "Join Type": "Inner", "Startup Cost": 3018.31, "Total Cost": 63663.86, "Plan Rows": 1, "Plan Width": 16, "Inner Unique": true, "Plans": [{"Node Type": "Nested Loop", "Parent Relationship": "Outer", "Parallel Aware": false, "Async Capable": false, "Join Type": "Inner", "Startup Cost": 3018.02, "Total Cost": 63663.55, "Plan Rows": 1, "Plan Width": 20, "Inner Unique": true, "Plans": [{"Node Type": "Nested Loop", "Parent Relationship": "Outer", "Parallel Aware": false, "Async Capable": false, "Join Type": "Inner", "Startup Cost": 3017.72, "Total Cost": 63663.23, "Plan Rows": 1, "Plan Width": 24, "Inner Unique": false, "Plans": [{"Node Type": "Gather", "Parent Relationship": "Outer", "Parallel Aware": false, "Async Capable": false, "Startup Cost": 3017.29, "Total Cost": 63659.63, "Plan Rows": 1, "Plan Width": 24, "Workers Planned": 4, "Single Copy": false, "Plans": [{"Node Type": "Nested Loop", "Parent Relationship": "Outer", "Parallel Aware": false, "Async Capable": false, "Join Type": "Inner", "Startup Cost": 2017.29, "Total Cost": 62659.53, "Plan Rows": 1, "Plan Width": 24, "Inner Unique": true, "Plans": [{"Node Type": "Hash Join", "Parent Relationship": "Outer", "Parallel Aware": true, "Async Capable": false, "Join Type": "Inner", "Startup Cost": 2016.85, "Total Cost": 59044.53, "Plan Rows": 2686, "Plan Width": 12, "Inner Unique": true, "Hash Cond": "(store_returns.sr_returned_date_sk = d2.d_date_sk)", "Plans": [{"Node Type": "Seq Scan", "Parent Relationship": "Outer", "Parallel Aware": true, "Async Capable": false, "Relation Name": "store_returns", "Alias": "store_returns", "Startup Cost": 0.0, "Total Cost": 55140.58, "Plan Rows": 718858, "Plan Width": 16}, {"Node Type": "Hash", "Parent Relationship": "Inner", "Parallel Aware": true, "Async Capable": false, "Startup Cost": 2014.84, "Total Cost": 2014.84, "Plan Rows": 161, "Plan Width": 4, "Plans": [{"Node Type": "Seq Scan", "Parent Relationship": "Outer", "Parallel Aware": true, "Async Capable": false, "Relation Name": "date_dim", "Alias": "d2", "Startup Cost": 0.0, "Total Cost": 2014.84, "Plan Rows": 161, "Plan Width": 4, "Filter": "(d_quarter_name = ANY ('{1999Q1,1999Q2,1999Q3}'::bpchar[]))"}]}]}, {"Node Type": "Index Scan", "Parent Relationship": "Inner", "Parallel Aware": false, "Async Capable": false, "Scan Direction": "Forward", "Index Name": "store_sales_pkey", "Relation Name": "store_sales", "Alias": "store_sales", "Startup Cost": 0.44, "Total Cost": 1.34, "Plan Rows": 1, "Plan Width": 20, "Index Cond": "((ss_item_sk = store_returns.sr_item_sk) AND (ss_ticket_number = store_returns.sr_ticket_number))", "Filter": "(store_returns.sr_customer_sk = ss_customer_sk)"}]}]}, {"Node Type": "Index Scan", "Parent Relationship": "Inner", "Parallel Aware": false, "Async Capable": false, "Scan Direction": "Forward", "Index Name": "catalog_sales_pkey", "Relation Name": "catalog_sales", "Alias": "catalog_sales", "Startup Cost": 0.43, "Total Cost": 3.59, "Plan Rows": 1, "Plan Width": 12, "Index Cond": "(cs_item_sk = store_sales.ss_item_sk)", "Filter": "(cs_bill_customer_sk = store_sales.ss_customer_sk)"}]}, {"Node Type": "Index Scan", "Parent Relationship": "Inner", "Parallel Aware": false, "Async Capable": false, "Scan Direction": "Forward", "Index Name": "date_dim_pkey", "Relation Name": "date_dim", "Alias": "d1", "Startup Cost": 0.29, "Total Cost": 0.31, "Plan Rows": 1, "Plan Width": 4, "Index Cond": "(d_date_sk = store_sales.ss_sold_date_sk)", "Filter": "(d_quarter_name = '1999Q1'::bpchar)"}]}, {"Node Type": "Index Scan", "Parent Relationship": "Inner", "Parallel Aware": false, "Async Capable": false, "Scan Direction": "Forward", "Index Name": "date_dim_pkey", "Relation Name": "date_dim", "Alias": "d3", "Startup Cost": 0.29, "Total Cost": 0.31, "Plan Rows": 1, "Plan Width": 4, "Index Cond": "(d_date_sk = catalog_sales.cs_sold_date_sk)", "Filter": "(d_quarter_name = ANY ('{1999Q1,1999Q2,1999Q3}'::bpchar[]))"}]}, {"Node Type": "Index Only Scan", "Parent Relationship": "Inner", "Parallel Aware": false, "Async Capable": false, "Scan Direction": "Forward", "Index Name": "store_pkey", "Relation Name": "store", "Alias": "store", "Startup Cost": 0.14, "Total Cost": 0.16, "Plan Rows": 1, "Plan Width": 4, "Index Cond": "(s_store_sk = store_sales.ss_store_sk)"}]}, {"Node Type": "Index Only Scan", "Parent Relationship": "Inner", "Parallel Aware": false, "Async Capable": false, "Scan Direction": "Forward", "Index Name": "item_pkey", "Relation Name": "item", "Alias": "item", "Startup Cost": 0.29, "Total Cost": 0.31, "Plan Rows": 1, "Plan Width": 4, "Index Cond": "(i_item_sk = store_sales.ss_item_sk)"}]}]}}, {"Plan": {"Node Type": "Aggregate", "Strategy": "Plain", "Partial Mode": "Simple", "Parallel Aware": false, "Async Capable": false, "Startup Cost": 63664.24, "Total Cost": 63664.25, "Plan Rows": 1, "Plan Width": 8, "Plans": [{"Node Type": "Gather", "Parent Relationship": "Outer", "Parallel Aware": false, "Async Capable": false, "Startup Cost": 3018.74, "Total Cost": 63664.24, "Plan Rows": 0.0, "Plan Width": 0, "Workers Planned": 4, "Single Copy": false, "Plans": [{"Node Type": "Nested Loop", "Parent Relationship": "Outer", "Parallel Aware": false, "Async Capable": false, "Join Type": "Inner", "Startup Cost": 2018.74, "Total Cost": 62664.23, "Plan Rows": 10.0, "Plan Width": 0, "Inner Unique": true, "Plans": [{"Node Type": "Nested Loop", "Parent Relationship": "Outer", "Parallel Aware": false, "Async Capable": false, "Join Type": "Inner", "Startup Cost": 2018.45, "Total Cost": 62663.92, "Plan Rows": 1, "Plan Width": 12, "Inner Unique": true, "Plans": [{"Node Type": "Nested Loop", "Parent Relationship": "Outer", "Parallel Aware": false, "Async Capable": false, "Join Type": "Inner", "Startup Cost": 2018.31, "Total Cost": 62663.76, "Plan Rows": 1, "Plan Width": 16, "Inner Unique": true, "Plans": [{"Node Type": "Nested Loop", "Parent Relationship": "Outer", "Parallel Aware": false, "Async Capable": false, "Join Type": "Inner", "Startup Cost": 2018.02, "Total Cost": 62663.45, "Plan Rows": 1, "Plan Width": 20, "Inner Unique": true, "Plans": [{"Node Type": "Nested Loop", "Parent Relationship": "Outer", "Parallel Aware": false, "Async Capable": false, "Join Type": "Inner", "Startup Cost": 2017.72, "Total Cost": 62663.13, "Plan Rows": 1, "Plan Width": 24, "Inner Unique": false, "Plans": [{"Node Type": "Nested Loop", "Parent Relationship": "Outer", "Parallel Aware": false, "Async Capable": false, "Join Type": "Inner", "Startup Cost": 2017.29, "Total Cost": 62659.53, "Plan Rows": 1, "Plan Width": 24, "Inner Unique": true, "Plans": [{"Node Type": "Hash Join", "Parent Relationship": "Outer", "Parallel Aware": true, "Async Capable": false, "Join Type": "Inner", "Startup Cost": 2016.85, "Total Cost": 59044.53, "Plan Rows": 2686, "Plan Width": 12, "Inner Unique": true, "Hash Cond": "(store_returns.sr_returned_date_sk = d2.d_date_sk)", "Plans": [{"Node Type": "Seq Scan", "Parent Relationship": "Outer", "Parallel Aware": true, "Async Capable": false, "Relation Name": "store_returns", "Alias": "store_returns", "Startup Cost": 0.0, "Total Cost": 55140.58, "Plan Rows": 718858, "Plan Width": 16}, {"Node Type": "Hash", "Parent Relationship": "Inner", "Parallel Aware": true, "Async Capable": false, "Startup Cost": 2014.84, "Total Cost": 2014.84, "Plan Rows": 161, "Plan Width": 4, "Plans": [{"Node Type": "Seq Scan", "Parent Relationship": "Outer", "Parallel Aware": true, "Async Capable": false, "Relation Name": "date_dim", "Alias": "d2", "Startup Cost": 0.0, "Total Cost": 2014.84, "Plan Rows": 161, "Plan Width": 4, "Filter": "(d_quarter_name = ANY ('{1999Q1,1999Q2,1999Q3}'::bpchar[]))"}]}]}, {"Node Type": "Index Scan", "Parent Relationship": "Inner", "Parallel Aware": false, "Async Capable": false, "Scan Direction": "Forward", "Index Name": "store_sales_pkey", "Relation Name": "store_sales", "Alias": "store_sales", "Startup Cost": 0.44, "Total Cost": 1.34, "Plan Rows": 1, "Plan Width": 20, "Index Cond": "((ss_item_sk = store_returns.sr_item_sk) AND (ss_ticket_number = store_returns.sr_ticket_number))", "Filter": "(store_returns.sr_customer_sk = ss_customer_sk)"}]}, {"Node Type": "Index Scan", "Parent Relationship": "Inner", "Parallel Aware": false, "Async Capable": false, "Scan Direction": "Forward", "Index Name": "catalog_sales_pkey", "Relation Name": "catalog_sales", "Alias": "catalog_sales", "Startup Cost": 0.43, "Total Cost": 3.59, "Plan Rows": 1, "Plan Width": 12, "Index Cond": "(cs_item_sk = store_sales.ss_item_sk)", "Filter": "(cs_bill_customer_sk = store_sales.ss_customer_sk)"}]}, {"Node Type": "Index Scan", "Parent Relationship": "Inner", "Parallel Aware": false, "Async Capable": false, "Scan Direction": "Forward", "Index Name": "date_dim_pkey", "Relation Name": "date_dim", "Alias": "d1", "Startup Cost": 0.29, "Total Cost": 0.31, "Plan Rows": 1, "Plan Width": 4, "Index Cond": "(d_date_sk = store_sales.ss_sold_date_sk)", "Filter": "(d_quarter_name = '1999Q1'::bpchar)"}]}, {"Node Type": "Index Scan", "Parent Relationship": "Inner", "Parallel Aware": false, "Async Capable": false, "Scan Direction": "Forward", "Index Name": "date_dim_pkey", "Relation Name": "date_dim", "Alias": "d3", "Startup Cost": 0.29, "Total Cost": 0.31, "Plan Rows": 1, "Plan Width": 4, "Index Cond": "(d_date_sk = catalog_sales.cs_sold_date_sk)", "Filter": "(d_quarter_name = ANY ('{1999Q1,1999Q2,1999Q3}'::bpchar[]))"}]}, {"Node Type": "Index Only Scan", "Parent Relationship": "Inner", "Parallel Aware": false, "Async Capable": false, "Scan Direction": "Forward", "Index Name": "store_pkey", "Relation Name": "store", "Alias": "store", "Startup Cost": 0.14, "Total Cost": 0.16, "Plan Rows": 1, "Plan Width": 4, "Index Cond": "(s_store_sk = store_sales.ss_store_sk)"}]}, {"Node Type": "Index Only Scan", "Parent Relationship": "Inner", "Parallel Aware": false, "Async Capable": false, "Scan Direction": "Forward", "Index Name": "item_pkey", "Relation Name": "item", "Alias": "item", "Startup Cost": 0.29, "Total Cost": 0.31, "Plan Rows": 1, "Plan Width": 4, "Index Cond": "(i_item_sk = store_sales.ss_item_sk)"}]}]}]}}, {"Plan": {"Node Type": "Aggregate", "Strategy": "Plain", "Partial Mode": "Simple", "Parallel Aware": false, "Async Capable": false, "Startup Cost": 63664.58, "Total Cost": 63664.59, "Plan Rows": 1, "Plan Width": 8, "Plans": [{"Node Type": "Nested Loop", "Parent Relationship": "Outer", "Parallel Aware": false, "Async Capable": false, "Join Type": "Inner", "Startup Cost": 3018.74, "Total Cost": 63664.33, "Plan Rows": 1.0, "Plan Width": 0, "Inner Unique": true, "Plans": [{"Node Type": "Nested Loop", "Parent Relationship": "Outer", "Parallel Aware": false, "Async Capable": false, "Join Type": "Inner", "Startup Cost": 3018.45, "Total Cost": 63664.02, "Plan Rows": 1, "Plan Width": 12, "Inner Unique": true, "Plans": [{"Node Type": "Nested Loop", "Parent Relationship": "Outer", "Parallel Aware": false, "Async Capable": false, "Join Type": "Inner", "Startup Cost": 3018.31, "Total Cost": 63663.86, "Plan Rows": 1, "Plan Width": 16, "Inner Unique": true, "Plans": [{"Node Type": "Nested Loop", "Parent Relationship": "Outer", "Parallel Aware": false, "Async Capable": false, "Join Type": "Inner", "Startup Cost": 3018.02, "Total Cost": 63663.55, "Plan Rows": 1, "Plan Width": 20, "Inner Unique": true, "Plans": [{"Node Type": "Nested Loop", "Parent Relationship": "Outer", "Parallel Aware": false, "Async Capable": false, "Join Type": "Inner", "Startup Cost": 3017.72, "Total Cost": 63663.23, "Plan Rows": 1, "Plan Width": 24, "Inner Unique": false, "Plans": [{"Node Type": "Gather", "Parent Relationship": "Outer", "Parallel Aware": false, "Async Capable": false, "Startup Cost": 3017.29, "Total Cost": 63659.63, "Plan Rows": 1, "Plan Width": 24, "Workers Planned": 4, "Single Copy": false, "Plans": [{"Node Type": "Nested Loop", "Parent Relationship": "Outer", "Parallel Aware": false, "Async Capable": false, "Join Type": "Inner", "Startup Cost": 2017.29, "Total Cost": 62659.53, "Plan Rows": 1, "Plan Width": 24, "Inner Unique": true, "Plans": [{"Node Type": "Hash Join", "Parent Relationship": "Outer", "Parallel Aware": true, "Async Capable": false, "Join Type": "Inner", "Startup Cost": 2016.85, "Total Cost": 59044.53, "Plan Rows": 2686, "Plan Width": 12, "Inner Unique": true, "Hash Cond": "(store_returns.sr_returned_date_sk = d2.d_date_sk)", "Plans": [{"Node Type": "Seq Scan", "Parent Relationship": "Outer", "Parallel Aware": true, "Async Capable": false, "Relation Name": "store_returns", "Alias": "store_returns", "Startup Cost": 0.0, "Total Cost": 55140.58, "Plan Rows": 718858, "Plan Width": 16}, {"Node Type": "Hash", "Parent Relationship": "Inner", "Parallel Aware": true, "Async Capable": false, "Startup Cost": 2014.84, "Total Cost": 2014.84, "Plan Rows": 161, "Plan Width": 4, "Plans": [{"Node Type": "Seq Scan", "Parent Relationship": "Outer", "Parallel Aware": true, "Async Capable": false, "Relation Name": "date_dim", "Alias": "d2", "Startup Cost": 0.0, "Total Cost": 2014.84, "Plan Rows": 161, "Plan Width": 4, "Filter": "(d_quarter_name = ANY ('{1999Q1,1999Q2,1999Q3}'::bpchar[]))"}]}]}, {"Node Type": "Index Scan", "Parent Relationship": "Inner", "Parallel Aware": false, "Async Capable": false, "Scan Direction": "Forward", "Index Name": "store_sales_pkey", "Relation Name": "store_sales", "Alias": "store_sales", "Startup Cost": 0.44, "Total Cost": 1.34, "Plan Rows": 1, "Plan Width": 20, "Index Cond": "((ss_item_sk = store_returns.sr_item_sk) AND (ss_ticket_number = store_returns.sr_ticket_number))", "Filter": "(store_returns.sr_customer_sk = ss_customer_sk)"}]}]}, {"Node Type": "Index Scan", "Parent Relationship": "Inner", "Parallel Aware": false, "Async Capable": false, "Scan Direction": "Forward", "Index Name": "catalog_sales_pkey", "Relation Name": "catalog_sales", "Alias": "catalog_sales", "Startup Cost": 0.43, "Total Cost": 3.59, "Plan Rows": 1, "Plan Width": 12, "Index Cond": "(cs_item_sk = store_sales.ss_item_sk)", "Filter": "(cs_bill_customer_sk = store_sales.ss_customer_sk)"}]}, {"Node Type": "Index Scan", "Parent Relationship": "Inner", "Parallel Aware": false, "Async Capable": false, "Scan Direction": "Forward", "Index Name": "date_dim_pkey", "Relation Name": "date_dim", "Alias": "d1", "Startup Cost": 0.29, "Total Cost": 0.31, "Plan Rows": 1, "Plan Width": 4, "Index Cond": "(d_date_sk = store_sales.ss_sold_date_sk)", "Filter": "(d_quarter_name = '1999Q1'::bpchar)"}]}, {"Node Type": "Index Scan", "Parent Relationship": "Inner", "Parallel Aware": false, "Async Capable": false, "Scan Direction": "Forward", "Index Name": "date_dim_pkey", "Relation Name": "date_dim", "Alias": "d3", "Startup Cost": 0.29, "Total Cost": 0.31, "Plan Rows": 1, "Plan Width": 4, "Index Cond": "(d_date_sk = catalog_sales.cs_sold_date_sk)", "Filter": "(d_quarter_name = ANY ('{1999Q1,1999Q2,1999Q3}'::bpchar[]))"}]}, {"Node Type": "Index Only Scan", "Parent Relationship": "Inner", "Parallel Aware": false, "Async Capable": false, "Scan Direction": "Forward", "Index Name": "store_pkey", "Relation Name": "store", "Alias": "store", "Startup Cost": 0.14, "Total Cost": 0.16, "Plan Rows": 1, "Plan Width": 4, "Index Cond": "(s_store_sk = store_sales.ss_store_sk)"}]}, {"Node Type": "Index Only Scan", "Parent Relationship": "Inner", "Parallel Aware": false, "Async Capable": false, "Scan Direction": "Forward", "Index Name": "item_pkey", "Relation Name": "item", "Alias": "item", "Startup Cost": 0.29, "Total Cost": 0.31, "Plan Rows": 1, "Plan Width": 4, "Index Cond": "(i_item_sk = store_sales.ss_item_sk)"}]}]}}, {"Plan": {"Node Type": "Aggregate", "Strategy": "Plain", "Partial Mode": "Simple", "Parallel Aware": false, "Async Capable": false, "Startup Cost": 63664.22, "Total Cost": 63664.23, "Plan Rows": 1, "Plan Width": 8, "Plans": [{"Node Type": "Nested Loop", "Parent Relationship": "Outer", "Parallel Aware": false, "Async Capable": false, "Join Type": "Inner", "Startup Cost": 3018.74, "Total Cost": 63664.22, "Plan Rows": 1, "Plan Width": 0, "Inner Unique": true, "Plans": [{"Node Type": "Gather", "Parent Relationship": "Outer", "Parallel Aware": false, "Async Capable": false, "Startup Cost": 3018.45, "Total Cost": 63663.93, "Plan Rows": 0.0, "Plan Width": 4, "Workers Planned": 4, "Single Copy": false, "Plans": [{"Node Type": "Nested Loop", "Parent Relationship": "Outer", "Parallel Aware": false, "Async Capable": false, "Join Type": "Inner", "Startup Cost": 2018.45, "Total Cost": 62663.92, "Plan Rows": 10.0, "Plan Width": 4, "Inner Unique": true, "Plans": [{"Node Type": "Nested Loop", "Parent Relationship": "Outer", "Parallel Aware": false, "Async Capable": false, "Join Type": "Inner", "Startup Cost": 2018.16, "Total Cost": 62663.61, "Plan Rows": 1, "Plan Width": 16, "Inner Unique": true, "Plans": [{"Node Type": "Nested Loop", "Parent Relationship": "Outer", "Parallel Aware": false, "Async Capable": false, "Join Type": "Inner", "Startup Cost": 2018.02, "Total Cost": 62663.45, "Plan Rows": 1, "Plan Width": 20, "Inner Unique": true, "Plans": [{"Node Type": "Nested Loop", "Parent Relationship": "Outer", "Parallel Aware": false, "Async Capable": false, "Join Type": "Inner", "Startup Cost": 2017.72, "Total Cost": 62663.13, "Plan Rows": 1, "Plan Width": 24, "Inner Unique": false, "Plans": [{"Node Type": "Nested Loop", "Parent Relationship": "Outer", "Parallel Aware": false, "Async Capable": false, "Join Type": "Inner", "Startup Cost": 2017.29, "Total Cost": 62659.53, "Plan Rows": 1, "Plan Width": 24, "Inner Unique": true, "Plans": [{"Node Type": "Hash Join", "Parent Relationship": "Outer", "Parallel Aware": true, "Async Capable": false, "Join Type": "Inner", "Startup Cost": 2016.85, "Total Cost": 59044.53, "Plan Rows": 2686, "Plan Width": 12, "Inner Unique": true, "Hash Cond": "(store_returns.sr_returned_date_sk = d2.d_date_sk)", "Plans": [{"Node Type": "Seq Scan", "Parent Relationship": "Outer", "Parallel Aware": true, "Async Capable": false, "Relation Name": "store_returns", "Alias": "store_returns", "Startup Cost": 0.0, "Total Cost": 55140.58, "Plan Rows": 718858, "Plan Width": 16}, {"Node Type": "Hash", "Parent Relationship": "Inner", "Parallel Aware": true, "Async Capable": false, "Startup Cost": 2014.84, "Total Cost": 2014.84, "Plan Rows": 161, "Plan Width": 4, "Plans": [{"Node Type": "Seq Scan", "Parent Relationship": "Outer", "Parallel Aware": true, "Async Capable": false, "Relation Name": "date_dim", "Alias": "d2", "Startup Cost": 0.0, "Total Cost": 2014.84, "Plan Rows": 161, "Plan Width": 4, "Filter": "(d_quarter_name = ANY ('{1999Q1,1999Q2,1999Q3}'::bpchar[]))"}]}]}, {"Node Type": "Index Scan", "Parent Relationship": "Inner", "Parallel Aware": false, "Async Capable": false, "Scan Direction": "Forward", "Index Name": "store_sales_pkey", "Relation Name": "store_sales", "Alias": "store_sales", "Startup Cost": 0.44, "Total Cost": 1.34, "Plan Rows": 1, "Plan Width": 20, "Index Cond": "((ss_item_sk = store_returns.sr_item_sk) AND (ss_ticket_number = store_returns.sr_ticket_number))", "Filter": "(store_returns.sr_customer_sk = ss_customer_sk)"}]}, {"Node Type": "Index Scan", "Parent Relationship": "Inner", "Parallel Aware": false, "Async Capable": false, "Scan Direction": "Forward", "Index Name": "catalog_sales_pkey", "Relation Name": "catalog_sales", "Alias": "catalog_sales", "Startup Cost": 0.43, "Total Cost": 3.59, "Plan Rows": 1, "Plan Width": 12, "Index Cond": "(cs_item_sk = store_sales.ss_item_sk)", "Filter": "(cs_bill_customer_sk = store_sales.ss_customer_sk)"}]}, {"Node Type": "Index Scan", "Parent Relationship": "Inner", "Parallel Aware": false, "Async Capable": false, "Scan Direction": "Forward", "Index Name": "date_dim_pkey", "Relation Name": "date_dim", "Alias": "d1", "Startup Cost": 0.29, "Total Cost": 0.31, "Plan Rows": 1, "Plan Width": 4, "Index Cond": "(d_date_sk = store_sales.ss_sold_date_sk)", "Filter": "(d_quarter_name = '1999Q1'::bpchar)"}]}, {"Node Type": "Index Only Scan", "Parent Relationship": "Inner", "Parallel Aware": false, "Async Capable": false, "Scan Direction": "Forward", "Index Name": "store_pkey", "Relation Name": "store", "Alias": "store", "Startup Cost": 0.14, "Total Cost": 0.16, "Plan Rows": 1, "Plan Width": 4, "Index Cond": "(s_store_sk = store_sales.ss_store_sk)"}]}, {"Node Type": "Index Only Scan", "Parent Relationship": "Inner", "Parallel Aware": false, "Async Capable": false, "Scan Direction": "Forward", "Index Name": "item_pkey", "Relation Name": "item", "Alias": "item", "Startup Cost": 0.29, "Total Cost": 0.31, "Plan Rows": 1, "Plan Width": 4, "Index Cond": "(i_item_sk = store_sales.ss_item_sk)"}]}]}, {"Node Type": "Index Scan", "Parent Relationship": "Inner", "Parallel Aware": false, "Async Capable": false, "Scan Direction": "Forward", "Index Name": "date_dim_pkey", "Relation Name": "date_dim", "Alias": "d3", "Startup Cost": 0.29, "Total Cost": 0.31, "Plan Rows": 1, "Plan Width": 4, "Index Cond": "(d_date_sk = catalog_sales.cs_sold_date_sk)", "Filter": "(d_quarter_name = ANY ('{1999Q1,1999Q2,1999Q3}'::bpchar[]))"}]}]}}, {"Plan": {"Node Type": "Aggregate", "Strategy": "Plain", "Partial Mode": "Simple", "Parallel Aware": false, "Async Capable": false, "Startup Cost": 63668.17, "Total Cost": 63668.18, "Plan Rows": 1, "Plan Width": 8, "Plans": [{"Node Type": "Gather", "Parent Relationship": "Outer", "Parallel Aware": false, "Async Capable": false, "Startup Cost": 3018.74, "Total Cost": 63668.17, "Plan Rows": 1, "Plan Width": 0, "Workers Planned": 4, "Single Copy": false, "Plans": [{"Node Type": "Nested Loop", "Parent Relationship": "Outer", "Parallel Aware": false, "Async Capable": false, "Join Type": "Inner", "Startup Cost": 2018.74, "Total Cost": 62668.07, "Plan Rows": 1, "Plan Width": 0, "Inner Unique": true, "Plans": [{"Node Type": "Nested Loop", "Parent Relationship": "Outer", "Parallel Aware": false, "Async Capable": false, "Join Type": "Inner", "Startup Cost": 2018.6, "Total Cost": 62664.07, "Plan Rows": 0.25, "Plan Width": 4, "Inner Unique": true, "Plans": [{"Node Type": "Nested Loop", "Parent Relationship": "Outer", "Parallel Aware": false, "Async Capable": false, "Join Type": "Inner", "Startup Cost": 2018.31, "Total Cost": 62663.76, "Plan Rows": 1, "Plan Width": 16, "Inner Unique": true, "Plans": [{"Node Type": "Nested Loop", "Parent Relationship": "Outer", "Parallel Aware": false, "Async Capable": false, "Join Type": "Inner", "Startup Cost": 2018.02, "Total Cost": 62663.45, "Plan Rows": 1, "Plan Width": 20, "Inner Unique": true, "Plans": [{"Node Type": "Nested Loop", "Parent Relationship": "Outer", "Parallel Aware": false, "Async Capable": false, "Join Type": "Inner", "Startup Cost": 2017.72, "Total Cost": 62663.13, "Plan Rows": 1, "Plan Width": 24, "Inner Unique": false, "Plans": [{"Node Type": "Nested Loop", "Parent Relationship": "Outer", "Parallel Aware": false, "Async Capable": false, "Join Type": "Inner", "Startup Cost": 2017.29, "Total Cost": 62659.53, "Plan Rows": 1, "Plan Width": 24, "Inner Unique": true, "Plans": [{"Node Type": "Hash Join", "Parent Relationship": "Outer", "Parallel Aware": true, "Async Capable": false, "Join Type": "Inner", "Startup Cost": 2016.85, "Total Cost": 59044.53, "Plan Rows": 2686, "Plan Width": 12, "Inner Unique": true, "Hash Cond": "(store_returns.sr_returned_date_sk = d2.d_date_sk)", "Plans": [{"Node Type": "Seq Scan", "Parent Relationship": "Outer", "Parallel Aware": true, "Async Capable": false, "Relation Name": "store_returns", "Alias": "store_returns", "Startup Cost": 0.0, "Total Cost": 55140.58, "Plan Rows": 718858, "Plan Width": 16}, {"Node Type": "Hash", "Parent Relationship": "Inner", "Parallel Aware": true, "Async Capable": false, "Startup Cost": 2014.84, "Total Cost": 2014.84, "Plan Rows": 161, "Plan Width": 4, "Plans": [{"Node Type": "Seq Scan", "Parent Relationship": "Outer", "Parallel Aware": true, "Async Capable": false, "Relation Name": "date_dim", "Alias": "d2", "Startup Cost": 0.0, "Total Cost": 2014.84, "Plan Rows": 161, "Plan Width": 4, "Filter": "(d_quarter_name = ANY ('{1999Q1,1999Q2,1999Q3}'::bpchar[]))"}]}]}, {"Node Type": "Index Scan", "Parent Relationship": "Inner", "Parallel Aware": false, "Async Capable": false, "Scan Direction": "Forward", "Index Name": "store_sales_pkey", "Relation Name": "store_sales", "Alias": "store_sales", "Startup Cost": 0.44, "Total Cost": 1.34, "Plan Rows": 1, "Plan Width": 20, "Index Cond": "((ss_item_sk = store_returns.sr_item_sk) AND (ss_ticket_number = store_returns.sr_ticket_number))", "Filter": "(store_returns.sr_customer_sk = ss_customer_sk)"}]}, {"Node Type": "Index Scan", "Parent Relationship": "Inner", "Parallel Aware": false, "Async Capable": false, "Scan Direction": "Forward", "Index Name": "catalog_sales_pkey", "Relation Name": "catalog_sales", "Alias": "catalog_sales", "Startup Cost": 0.43, "Total Cost": 3.59, "Plan Rows": 1, "Plan Width": 12, "Index Cond": "(cs_item_sk = store_sales.ss_item_sk)", "Filter": "(cs_bill_customer_sk = store_sales.ss_customer_sk)"}]}, {"Node Type": "Index Scan", "Parent Relationship": "Inner", "Parallel Aware": false, "Async Capable": false, "Scan Direction": "Forward", "Index Name": "date_dim_pkey", "Relation Name": "date_dim", "Alias": "d1", "Startup Cost": 0.29, "Total Cost": 0.31, "Plan Rows": 1, "Plan Width": 4, "Index Cond": "(d_date_sk = store_sales.ss_sold_date_sk)", "Filter": "(d_quarter_name = '1999Q1'::bpchar)"}]}, {"Node Type": "Index Scan", "Parent Relationship": "Inner", "Parallel Aware": false, "Async Capable": false, "Scan Direction": "Forward", "Index Name": "date_dim_pkey", "Relation Name": "date_dim", "Alias": "d3", "Startup Cost": 0.29, "Total Cost": 0.31, "Plan Rows": 1, "Plan Width": 4, "Index Cond": "(d_date_sk = catalog_sales.cs_sold_date_sk)", "Filter": "(d_quarter_name = ANY ('{1999Q1,1999Q2,1999Q3}'::bpchar[]))"}]}, {"Node Type": "Index Only Scan", "Parent Relationship": "Inner", "Parallel Aware": false, "Async Capable": false, "Scan Direction": "Forward", "Index Name": "item_pkey", "Relation Name": "item", "Alias": "item", "Startup Cost": 0.29, "Total Cost": 0.31, "Plan Rows": 1, "Plan Width": 4, "Index Cond": "(i_item_sk = store_sales.ss_item_sk)"}]}, {"Node Type": "Index Only Scan", "Parent Relationship": "Inner", "Parallel Aware": false, "Async Capable": false, "Scan Direction": "Forward", "Index Name": "store_pkey", "Relation Name": "store", "Alias": "store", "Startup Cost": 0.14, "Total Cost": 0.16, "Plan Rows": 1, "Plan Width": 4, "Index Cond": "(s_store_sk = store_sales.ss_store_sk)"}]}]}]}}, {"Plan": {"Node Type": "Aggregate", "Strategy": "Plain", "Partial Mode": "Simple", "Parallel Aware": false, "Async Capable": false, "Startup Cost": 63664.22, "Total Cost": 63664.23, "Plan Rows": 1, "Plan Width": 8, "Plans": [{"Node Type": "Nested Loop", "Parent Relationship": "Outer", "Parallel Aware": false, "Async Capable": false, "Join Type": "Inner", "Startup Cost": 3018.74, "Total Cost": 63664.22, "Plan Rows": 1, "Plan Width": 0, "Inner Unique": true, "Plans": [{"Node Type": "Nested Loop", "Parent Relationship": "Outer", "Parallel Aware": false, "Async Capable": false, "Join Type": "Inner", "Startup Cost": 3018.45, "Total Cost": 63663.91, "Plan Rows": 1, "Plan Width": 12, "Inner Unique": true, "Plans": [{"Node Type": "Gather", "Parent Relationship": "Outer", "Parallel Aware": false, "Async Capable": false, "Startup Cost": 3018.16, "Total Cost": 63663.62, "Plan Rows": 0.0, "Plan Width": 16, "Workers Planned": 4, "Single Copy": false, "Plans": [{"Node Type": "Nested Loop", "Parent Relationship": "Outer", "Parallel Aware": false, "Async Capable": false, "Join Type": "Inner", "Startup Cost": 2018.16, "Total Cost": 62663.61, "Plan Rows": 10.0, "Plan Width": 16, "Inner Unique": true, "Plans": [{"Node Type": "Nested Loop", "Parent Relationship": "Outer", "Parallel Aware": false, "Async Capable": false, "Join Type": "Inner", "Startup Cost": 2018.02, "Total Cost": 62663.45, "Plan Rows": 1, "Plan Width": 20, "Inner Unique": true, "Plans": [{"Node Type": "Nested Loop", "Parent Relationship": "Outer", "Parallel Aware": false, "Async Capable": false, "Join Type": "Inner", "Startup Cost": 2017.72, "Total Cost": 62663.13, "Plan Rows": 1, "Plan Width": 24, "Inner Unique": false, "Plans": [{"Node Type": "Nested Loop", "Parent Relationship": "Outer", "Parallel Aware": false, "Async Capable": false, "Join Type": "Inner", "Startup Cost": 2017.29, "Total Cost": 62659.53, "Plan Rows": 1, "Plan Width": 24, "Inner Unique": true, "Plans": [{"Node Type": "Hash Join", "Parent Relationship": "Outer", "Parallel Aware": true, "Async Capable": false, "Join Type": "Inner", "Startup Cost": 2016.85, "Total Cost": 59044.53, "Plan Rows": 2686, "Plan Width": 12, "Inner Unique": true, "Hash Cond": "(store_returns.sr_returned_date_sk = d2.d_date_sk)", "Plans": [{"Node Type": "Seq Scan", "Parent Relationship": "Outer", "Parallel Aware": true, "Async Capable": false, "Relation Name": "store_returns", "Alias": "store_returns", "Startup Cost": 0.0, "Total Cost": 55140.58, "Plan Rows": 718858, "Plan Width": 16}, {"Node Type": "Hash", "Parent Relationship": "Inner", "Parallel Aware": true, "Async Capable": false, "Startup Cost": 2014.84, "Total Cost": 2014.84, "Plan Rows": 161, "Plan Width": 4, "Plans": [{"Node Type": "Seq Scan", "Parent Relationship": "Outer", "Parallel Aware": true, "Async Capable": false, "Relation Name": "date_dim", "Alias": "d2", "Startup Cost": 0.0, "Total Cost": 2014.84, "Plan Rows": 161, "Plan Width": 4, "Filter": "(d_quarter_name = ANY ('{1999Q1,1999Q2,1999Q3}'::bpchar[]))"}]}]}, {"Node Type": "Index Scan", "Parent Relationship": "Inner", "Parallel Aware": false, "Async Capable": false, "Scan Direction": "Forward", "Index Name": "store_sales_pkey", "Relation Name": "store_sales", "Alias": "store_sales", "Startup Cost": 0.44, "Total Cost": 1.34, "Plan Rows": 1, "Plan Width": 20, "Index Cond": "((ss_item_sk = store_returns.sr_item_sk) AND (ss_ticket_number = store_returns.sr_ticket_number))", "Filter": "(store_returns.sr_customer_sk = ss_customer_sk)"}]}, {"Node Type": "Index Scan", "Parent Relationship": "Inner", "Parallel Aware": false, "Async Capable": false, "Scan Direction": "Forward", "Index Name": "catalog_sales_pkey", "Relation Name": "catalog_sales", "Alias": "catalog_sales", "Startup Cost": 0.43, "Total Cost": 3.59, "Plan Rows": 1, "Plan Width": 12, "Index Cond": "(cs_item_sk = store_sales.ss_item_sk)", "Filter": "(cs_bill_customer_sk = store_sales.ss_customer_sk)"}]}, {"Node Type": "Index Scan", "Parent Relationship": "Inner", "Parallel Aware": false, "Async Capable": false, "Scan Direction": "Forward", "Index Name": "date_dim_pkey", "Relation Name": "date_dim", "Alias": "d1", "Startup Cost": 0.29, "Total Cost": 0.31, "Plan Rows": 1, "Plan Width": 4, "Index Cond": "(d_date_sk = store_sales.ss_sold_date_sk)", "Filter": "(d_quarter_name = '1999Q1'::bpchar)"}]}, {"Node Type": "Index Only Scan", "Parent Relationship": "Inner", "Parallel Aware": false, "Async Capable": false, "Scan Direction": "Forward", "Index Name": "store_pkey", "Relation Name": "store", "Alias": "store", "Startup Cost": 0.14, "Total Cost": 0.16, "Plan Rows": 1, "Plan Width": 4, "Index Cond": "(s_store_sk = store_sales.ss_store_sk)"}]}]}, {"Node Type": "Index Scan", "Parent Relationship": "Inner", "Parallel Aware": false, "Async Capable": false, "Scan Direction": "Forward", "Index Name": "date_dim_pkey", "Relation Name": "date_dim", "Alias": "d3", "Startup Cost": 0.29, "Total Cost": 0.31, "Plan Rows": 1, "Plan Width": 4, "Index Cond": "(d_date_sk = catalog_sales.cs_sold_date_sk)", "Filter": "(d_quarter_name = ANY ('{1999Q1,1999Q2,1999Q3}'::bpchar[]))"}]}, {"Node Type": "Index Only Scan", "Parent Relationship": "Inner", "Parallel Aware": false, "Async Capable": false, "Scan Direction": "Forward", "Index Name": "item_pkey", "Relation Name": "item", "Alias": "item", "Startup Cost": 0.29, "Total Cost": 0.31, "Plan Rows": 1, "Plan Width": 4, "Index Cond": "(i_item_sk = store_sales.ss_item_sk)"}]}]}}, {"Plan": {"Node Type": "Aggregate", "Strategy": "Plain", "Partial Mode": "Simple", "Parallel Aware": false, "Async Capable": false, "Startup Cost": 63668.17, "Total Cost": 63668.18, "Plan Rows": 1, "Plan Width": 8, "Plans": [{"Node Type": "Nested Loop", "Parent Relationship": "Outer", "Parallel Aware": false, "Async Capable": false, "Join Type": "Inner", "Startup Cost": 3018.74, "Total Cost": 63668.17, "Plan Rows": 1, "Plan Width": 0, "Inner Unique": true, "Plans": [{"Node Type": "Gather", "Parent Relationship": "Outer", "Parallel Aware": false, "Async Capable": false, "Startup Cost": 3018.45, "Total Cost": 63667.86, "Plan Rows": 1, "Plan Width": 12, "Workers Planned": 4, "Single Copy": false, "Plans": [{"Node Type": "Nested Loop", "Parent Relationship": "Outer", "Parallel Aware": false, "Async Capable": false, "Join Type": "Inner", "Startup Cost": 2018.45, "Total Cost": 62667.76, "Plan Rows": 1, "Plan Width": 12, "Inner Unique": true, "Plans": [{"Node Type": "Nested Loop", "Parent Relationship": "Outer", "Parallel Aware": false, "Async Capable": false, "Join Type": "Inner", "Startup Cost": 2018.31, "Total Cost": 62663.76, "Plan Rows": 0.25, "Plan Width": 16, "Inner Unique": true, "Plans": [{"Node Type": "Nested Loop", "Parent Relationship": "Outer", "Parallel Aware": false, "Async Capable": false, "Join Type": "Inner", "Startup Cost": 2018.02, "Total Cost": 62663.45, "Plan Rows": 1, "Plan Width": 20, "Inner Unique": true, "Plans": [{"Node Type": "Nested Loop", "Parent Relationship": "Outer", "Parallel Aware": false, "Async Capable": false, "Join Type": "Inner", "Startup Cost": 2017.72, "Total Cost": 62663.13, "Plan Rows": 1, "Plan Width": 24, "Inner Unique": false, "Plans": [{"Node Type": "Nested Loop", "Parent Relationship": "Outer", "Parallel Aware": false, "Async Capable": false, "Join Type": "Inner", "Startup Cost": 2017.29, "Total Cost": 62659.53, "Plan Rows": 1, "Plan Width": 24, "Inner Unique": true, "Plans": [{"Node Type": "Hash Join", "Parent Relationship": "Outer", "Parallel Aware": true, "Async Capable": false, "Join Type": "Inner", "Startup Cost": 2016.85, "Total Cost": 59044.53, "Plan Rows": 2686, "Plan Width": 12, "Inner Unique": true, "Hash Cond": "(store_returns.sr_returned_date_sk = d2.d_date_sk)", "Plans": [{"Node Type": "Seq Scan", "Parent Relationship": "Outer", "Parallel Aware": true, "Async Capable": false, "Relation Name": "store_returns", "Alias": "store_returns", "Startup Cost": 0.0, "Total Cost": 55140.58, "Plan Rows": 718858, "Plan Width": 16}, {"Node Type": "Hash", "Parent Relationship": "Inner", "Parallel Aware": true, "Async Capable": false, "Startup Cost": 2014.84, "Total Cost": 2014.84, "Plan Rows": 161, "Plan Width": 4, "Plans": [{"Node Type": "Seq Scan", "Parent Relationship": "Outer", "Parallel Aware": true, "Async Capable": false, "Relation Name": "date_dim", "Alias": "d2", "Startup Cost": 0.0, "Total Cost": 2014.84, "Plan Rows": 161, "Plan Width": 4, "Filter": "(d_quarter_name = ANY ('{1999Q1,1999Q2,1999Q3}'::bpchar[]))"}]}]}, {"Node Type": "Index Scan", "Parent Relationship": "Inner", "Parallel Aware": false, "Async Capable": false, "Scan Direction": "Forward", "Index Name": "store_sales_pkey", "Relation Name": "store_sales", "Alias": "store_sales", "Startup Cost": 0.44, "Total Cost": 1.34, "Plan Rows": 1, "Plan Width": 20, "Index Cond": "((ss_item_sk = store_returns.sr_item_sk) AND (ss_ticket_number = store_returns.sr_ticket_number))", "Filter": "(store_returns.sr_customer_sk = ss_customer_sk)"}]}, {"Node Type": "Index Scan", "Parent Relationship": "Inner", "Parallel Aware": false, "Async Capable": false, "Scan Direction": "Forward", "Index Name": "catalog_sales_pkey", "Relation Name": "catalog_sales", "Alias": "catalog_sales", "Startup Cost": 0.43, "Total Cost": 3.59, "Plan Rows": 1, "Plan Width": 12, "Index Cond": "(cs_item_sk = store_sales.ss_item_sk)", "Filter": "(cs_bill_customer_sk = store_sales.ss_customer_sk)"}]}, {"Node Type": "Index Scan", "Parent Relationship": "Inner", "Parallel Aware": false, "Async Capable": false, "Scan Direction": "Forward", "Index Name": "date_dim_pkey", "Relation Name": "date_dim", "Alias": "d1", "Startup Cost": 0.29, "Total Cost": 0.31, "Plan Rows": 1, "Plan Width": 4, "Index Cond": "(d_date_sk = store_sales.ss_sold_date_sk)", "Filter": "(d_quarter_name = '1999Q1'::bpchar)"}]}, {"Node Type": "Index Scan", "Parent Relationship": "Inner", "Parallel Aware": false, "Async Capable": false, "Scan Direction": "Forward", "Index Name": "date_dim_pkey", "Relation Name": "date_dim", "Alias": "d3", "Startup Cost": 0.29, "Total Cost": 0.31, "Plan Rows": 1, "Plan Width": 4, "Index Cond": "(d_date_sk = catalog_sales.cs_sold_date_sk)", "Filter": "(d_quarter_name = ANY ('{1999Q1,1999Q2,1999Q3}'::bpchar[]))"}]}, {"Node Type": "Index Only Scan", "Parent Relationship": "Inner", "Parallel Aware": false, "Async Capable": false, "Scan Direction": "Forward", "Index Name": "store_pkey", "Relation Name": "store", "Alias": "store", "Startup Cost": 0.14, "Total Cost": 0.16, "Plan Rows": 1, "Plan Width": 4, "Index Cond": "(s_store_sk = store_sales.ss_store_sk)"}]}]}, {"Node Type": "Index Only Scan", "Parent Relationship": "Inner", "Parallel Aware": false, "Async Capable": false, "Scan Direction": "Forward", "Index Name": "item_pkey", "Relation Name": "item", "Alias": "item", "Startup Cost": 0.29, "Total Cost": 0.31, "Plan Rows": 1, "Plan Width": 4, "Index Cond": "(i_item_sk = store_sales.ss_item_sk)"}]}]}}, {"Plan": {"Node Type": "Aggregate", "Strategy": "Plain", "Partial Mode": "Simple", "Parallel Aware": false, "Async Capable": false, "Startup Cost": 63664.22, "Total Cost": 63664.23, "Plan Rows": 1, "Plan Width": 8, "Plans": [{"Node Type": "Nested Loop", "Parent Relationship": "Outer", "Parallel Aware": false, "Async Capable": false, "Join Type": "Inner", "Startup Cost": 3018.74, "Total Cost": 63664.22, "Plan Rows": 1, "Plan Width": 0, "Inner Unique": true, "Plans": [{"Node Type": "Nested Loop", "Parent Relationship": "Outer", "Parallel Aware": false, "Async Capable": false, "Join Type": "Inner", "Startup Cost": 3018.45, "Total Cost": 63663.91, "Plan Rows": 1, "Plan Width": 12, "Inner Unique": true, "Plans": [{"Node Type": "Nested Loop", "Parent Relationship": "Outer", "Parallel Aware": false, "Async Capable": false, "Join Type": "Inner", "Startup Cost": 3018.31, "Total Cost": 63663.75, "Plan Rows": 1, "Plan Width": 16, "Inner Unique": true, "Plans": [{"Node Type": "Gather", "Parent Relationship": "Outer", "Parallel Aware": false, "Async Capable": false, "Startup Cost": 3018.02, "Total Cost": 63663.46, "Plan Rows": 0.0, "Plan Width": 20, "Workers Planned": 4, "Single Copy": false, "Plans": [{"Node Type": "Nested Loop", "Parent Relationship": "Outer", "Parallel Aware": false, "Async Capable": false, "Join Type": "Inner", "Startup Cost": 2018.02, "Total Cost": 62663.45, "Plan Rows": 10.0, "Plan Width": 20, "Inner Unique": true, "Plans": [{"Node Type": "Nested Loop", "Parent Relationship": "Outer", "Parallel Aware": false, "Async Capable": false, "Join Type": "Inner", "Startup Cost": 2017.72, "Total Cost": 62663.13, "Plan Rows": 1, "Plan Width": 24, "Inner Unique": false, "Plans": [{"Node Type": "Nested Loop", "Parent Relationship": "Outer", "Parallel Aware": false, "Async Capable": false, "Join Type": "Inner", "Startup Cost": 2017.29, "Total Cost": 62659.53, "Plan Rows": 1, "Plan Width": 24, "Inner Unique": true, "Plans": [{"Node Type": "Hash Join", "Parent Relationship": "Outer", "Parallel Aware": true, "Async Capable": false, "Join Type": "Inner", "Startup Cost": 2016.85, "Total Cost": 59044.53, "Plan Rows": 2686, "Plan Width": 12, "Inner Unique": true, "Hash Cond": "(store_returns.sr_returned_date_sk = d2.d_date_sk)", "Plans": [{"Node Type": "Seq Scan", "Parent Relationship": "Outer", "Parallel Aware": true, "Async Capable": false, "Relation Name": "store_returns", "Alias": "store_returns", "Startup Cost": 0.0, "Total Cost": 55140.58, "Plan Rows": 718858, "Plan Width": 16}, {"Node Type": "Hash", "Parent Relationship": "Inner", "Parallel Aware": true, "Async Capable": false, "Startup Cost": 2014.84, "Total Cost": 2014.84, "Plan Rows": 161, "Plan Width": 4, "Plans": [{"Node Type": "Seq Scan", "Parent Relationship": "Outer", "Parallel Aware": true, "Async Capable": false, "Relation Name": "date_dim", "Alias": "d2", "Startup Cost": 0.0, "Total Cost": 2014.84, "Plan Rows": 161, "Plan Width": 4, "Filter": "(d_quarter_name = ANY ('{1999Q1,1999Q2,1999Q3}'::bpchar[]))"}]}]}, {"Node Type": "Index Scan", "Parent Relationship": "Inner", "Parallel Aware": false, "Async Capable": false, "Scan Direction": "Forward", "Index Name": "store_sales_pkey", "Relation Name": "store_sales", "Alias": "store_sales", "Startup Cost": 0.44, "Total Cost": 1.34, "Plan Rows": 1, "Plan Width": 20, "Index Cond": "((ss_item_sk = store_returns.sr_item_sk) AND (ss_ticket_number = store_returns.sr_ticket_number))", "Filter": "(store_returns.sr_customer_sk = ss_customer_sk)"}]}, {"Node Type": "Index Scan", "Parent Relationship": "Inner", "Parallel Aware": false, "Async Capable": false, "Scan Direction": "Forward", "Index Name": "catalog_sales_pkey", "Relation Name": "catalog_sales", "Alias": "catalog_sales", "Startup Cost": 0.43, "Total Cost": 3.59, "Plan Rows": 1, "Plan Width": 12, "Index Cond": "(cs_item_sk = store_sales.ss_item_sk)", "Filter": "(cs_bill_customer_sk = store_sales.ss_customer_sk)"}]}, {"Node Type": "Index Scan", "Parent Relationship": "Inner", "Parallel Aware": false, "Async Capable": false, "Scan Direction": "Forward", "Index Name": "date_dim_pkey", "Relation Name": "date_dim", "Alias": "d1", "Startup Cost": 0.29, "Total Cost": 0.31, "Plan Rows": 1, "Plan Width": 4, "Index Cond": "(d_date_sk = store_sales.ss_sold_date_sk)", "Filter": "(d_quarter_name = '1999Q1'::bpchar)"}]}]}, {"Node Type": "Index Scan", "Parent Relationship": "Inner", "Parallel Aware": false, "Async Capable": false, "Scan Direction": "Forward", "Index Name": "date_dim_pkey", "Relation Name": "date_dim", "Alias": "d3", "Startup Cost": 0.29, "Total Cost": 0.31, "Plan Rows": 1, "Plan Width": 4, "Index Cond": "(d_date_sk = catalog_sales.cs_sold_date_sk)", "Filter": "(d_quarter_name = ANY ('{1999Q1,1999Q2,1999Q3}'::bpchar[]))"}]}, {"Node Type": "Index Only Scan", "Parent Relationship": "Inner", "Parallel Aware": false, "Async Capable": false, "Scan Direction": "Forward", "Index Name": "store_pkey", "Relation Name": "store", "Alias": "store", "Startup Cost": 0.14, "Total Cost": 0.16, "Plan Rows": 1, "Plan Width": 4, "Index Cond": "(s_store_sk = store_sales.ss_store_sk)"}]}, {"Node Type": "Index Only Scan", "Parent Relationship": "Inner", "Parallel Aware": false, "Async Capable": false, "Scan Direction": "Forward", "Index Name": "item_pkey", "Relation Name": "item", "Alias": "item", "Startup Cost": 0.29, "Total Cost": 0.31, "Plan Rows": 1, "Plan Width": 4, "Index Cond": "(i_item_sk = store_sales.ss_item_sk)"}]}]}}, {"Plan": {"Node Type": "Aggregate", "Strategy": "Plain", "Partial Mode": "Simple", "Parallel Aware": false, "Async Capable": false, "Startup Cost": 63664.22, "Total Cost": 63664.23, "Plan Rows": 1, "Plan Width": 8, "Plans": [{"Node Type": "Nested Loop", "Parent Relationship": "Outer", "Parallel Aware": false, "Async Capable": false, "Join Type": "Inner", "Startup Cost": 3018.74, "Total Cost": 63664.22, "Plan Rows": 1, "Plan Width": 0, "Inner Unique": true, "Plans": [{"Node Type": "Nested Loop", "Parent Relationship": "Outer", "Parallel Aware": false, "Async Capable": false, "Join Type": "Inner", "Startup Cost": 3018.45, "Total Cost": 63663.91, "Plan Rows": 1, "Plan Width": 12, "Inner Unique": true, "Plans": [{"Node Type": "Nested Loop", "Parent Relationship": "Outer", "Parallel Aware": false, "Async Capable": false, "Join Type": "Inner", "Startup Cost": 3018.31, "Total Cost": 63663.75, "Plan Rows": 1, "Plan Width": 16, "Inner Unique": true, "Plans": [{"Node Type": "Nested Loop", "Parent Relationship": "Outer", "Parallel Aware": false, "Async Capable": false, "Join Type": "Inner", "Startup Cost": 3018.01, "Total Cost": 63663.44, "Plan Rows": 1, "Plan Width": 20, "Inner Unique": true, "Plans": [{"Node Type": "Gather", "Parent Relationship": "Outer", "Parallel Aware": false, "Async Capable": false, "Startup Cost": 3017.72, "Total Cost": 63663.14, "Plan Rows": 0.0, "Plan Width": 24, "Workers Planned": 4, "Single Copy": false, "Plans": [{"Node Type": "Nested Loop", "Parent Relationship": "Outer", "Parallel Aware": false, "Async Capable": false, "Join Type": "Inner", "Startup Cost": 2017.72, "Total Cost": 62663.13, "Plan Rows": 10.0, "Plan Width": 24, "Inner Unique": false, "Plans": [{"Node Type": "Nested Loop", "Parent Relationship": "Outer", "Parallel Aware": false, "Async Capable": false, "Join Type": "Inner", "Startup Cost": 2017.29, "Total Cost": 62659.53, "Plan Rows": 1, "Plan Width": 24, "Inner Unique": true, "Plans": [{"Node Type": "Hash Join", "Parent Relationship": "Outer", "Parallel Aware": true, "Async Capable": false, "Join Type": "Inner", "Startup Cost": 2016.85, "Total Cost": 59044.53, "Plan Rows": 2686, "Plan Width": 12, "Inner Unique": true, "Hash Cond": "(store_returns.sr_returned_date_sk = d2.d_date_sk)", "Plans": [{"Node Type": "Seq Scan", "Parent Relationship": "Outer", "Parallel Aware": true, "Async Capable": false, "Relation Name": "store_returns", "Alias": "store_returns", "Startup Cost": 0.0, "Total Cost": 55140.58, "Plan Rows": 718858, "Plan Width": 16}, {"Node Type": "Hash", "Parent Relationship": "Inner", "Parallel Aware": true, "Async Capable": false, "Startup Cost": 2014.84, "Total Cost": 2014.84, "Plan Rows": 161, "Plan Width": 4, "Plans": [{"Node Type": "Seq Scan", "Parent Relationship": "Outer", "Parallel Aware": true, "Async Capable": false, "Relation Name": "date_dim", "Alias": "d2", "Startup Cost": 0.0, "Total Cost": 2014.84, "Plan Rows": 161, "Plan Width": 4, "Filter": "(d_quarter_name = ANY ('{1999Q1,1999Q2,1999Q3}'::bpchar[]))"}]}]}, {"Node Type": "Index Scan", "Parent Relationship": "Inner", "Parallel Aware": false, "Async Capable": false, "Scan Direction": "Forward", "Index Name": "store_sales_pkey", "Relation Name": "store_sales", "Alias": "store_sales", "Startup Cost": 0.44, "Total Cost": 1.34, "Plan Rows": 1, "Plan Width": 20, "Index Cond": "((ss_item_sk = store_returns.sr_item_sk) AND (ss_ticket_number = store_returns.sr_ticket_number))", "Filter": "(store_returns.sr_customer_sk = ss_customer_sk)"}]}, {"Node Type": "Index Scan", "Parent Relationship": "Inner", "Parallel Aware": false, "Async Capable": false, "Scan Direction": "Forward", "Index Name": "catalog_sales_pkey", "Relation Name": "catalog_sales", "Alias": "catalog_sales", "Startup Cost": 0.43, "Total Cost": 3.59, "Plan Rows": 1, "Plan Width": 12, "Index Cond": "(cs_item_sk = store_sales.ss_item_sk)", "Filter": "(cs_bill_customer_sk = store_sales.ss_customer_sk)"}]}]}, {"Node Type": "Index Scan", "Parent Relationship": "Inner", "Parallel Aware": false, "Async Capable": false, "Scan Direction": "Forward", "Index Name": "date_dim_pkey", "Relation Name": "date_dim", "Alias": "d3", "Startup Cost": 0.29, "Total Cost": 0.31, "Plan Rows": 1, "Plan Width": 4, "Index Cond": "(d_date_sk = catalog_sales.cs_sold_date_sk)", "Filter": "(d_quarter_name = ANY ('{1999Q1,1999Q2,1999Q3}'::bpchar[]))"}]}, {"Node Type": "Index Scan", "Parent Relationship": "Inner", "Parallel Aware": false, "Async Capable": false, "Scan Direction": "Forward", "Index Name": "date_dim_pkey", "Relation Name": "date_dim", "Alias": "d1", "Startup Cost": 0.29, "Total Cost": 0.31, "Plan Rows": 1, "Plan Width": 4, "Index Cond": "(d_date_sk = store_sales.ss_sold_date_sk)", "Filter": "(d_quarter_name = '1999Q1'::bpchar)"}]}, {"Node Type": "Index Only Scan", "Parent Relationship": "Inner", "Parallel Aware": false, "Async Capable": false, "Scan Direction": "Forward", "Index Name": "store_pkey", "Relation Name": "store", "Alias": "store", "Startup Cost": 0.14, "Total Cost": 0.16, "Plan Rows": 1, "Plan Width": 4, "Index Cond": "(s_store_sk = store_sales.ss_store_sk)"}]}, {"Node Type": "Index Only Scan", "Parent Relationship": "Inner", "Parallel Aware": false, "Async Capable": false, "Scan Direction": "Forward", "Index Name": "item_pkey", "Relation Name": "item", "Alias": "item", "Startup Cost": 0.29, "Total Cost": 0.31, "Plan Rows": 1, "Plan Width": 4, "Index Cond": "(i_item_sk = store_sales.ss_item_sk)"}]}]}}, {"Plan": {"Node Type": "Aggregate", "Strategy": "Plain", "Partial Mode": "Simple", "Parallel Aware": false, "Async Capable": false, "Startup Cost": 63668.17, "Total Cost": 63668.18, "Plan Rows": 1, "Plan Width": 8, "Plans": [{"Node Type": "Nested Loop", "Parent Relationship": "Outer", "Parallel Aware": false, "Async Capable": false, "Join Type": "Inner", "Startup Cost": 3018.74, "Total Cost": 63668.17, "Plan Rows": 1, "Plan Width": 0, "Inner Unique": true, "Plans": [{"Node Type": "Nested Loop", "Parent Relationship": "Outer", "Parallel Aware": false, "Async Capable": false, "Join Type": "Inner", "Startup Cost": 3018.45, "Total Cost": 63667.86, "Plan Rows": 1, "Plan Width": 12, "Inner Unique": true, "Plans": [{"Node Type": "Nested Loop", "Parent Relationship": "Outer", "Parallel Aware": false, "Async Capable": false, "Join Type": "Inner", "Startup Cost": 3018.16, "Total Cost": 63667.55, "Plan Rows": 1, "Plan Width": 16, "Inner Unique": true, "Plans": [{"Node Type": "Gather", "Parent Relationship": "Outer", "Parallel Aware": false, "Async Capable": false, "Startup Cost": 3017.86, "Total Cost": 63667.23, "Plan Rows": 1, "Plan Width": 20, "Workers Planned": 4, "Single Copy": false, "Plans": [{"Node Type": "Nested Loop", "Parent Relationship": "Outer", "Parallel Aware": false, "Async Capable": false, "Join Type": "Inner", "Startup Cost": 2017.87, "Total Cost": 62667.13, "Plan Rows": 1, "Plan Width": 20, "Inner Unique": true, "Plans": [{"Node Type": "Nested Loop", "Parent Relationship": "Outer", "Parallel Aware": false, "Async Capable": false, "Join Type": "Inner", "Startup Cost": 2017.72, "Total Cost": 62663.13, "Plan Rows": 0.25, "Plan Width": 24, "Inner Unique": false, "Plans": [{"Node Type": "Nested Loop", "Parent Relationship": "Outer", "Parallel Aware": false, "Async Capable": false, "Join Type": "Inner", "Startup Cost": 2017.29, "Total Cost": 62659.53, "Plan Rows": 1, "Plan Width": 24, "Inner Unique": true, "Plans": [{"Node Type": "Hash Join", "Parent Relationship": "Outer", "Parallel Aware": true, "Async Capable": false, "Join Type": "Inner", "Startup Cost": 2016.85, "Total Cost": 59044.53, "Plan Rows": 2686, "Plan Width": 12, "Inner Unique": true, "Hash Cond": "(store_returns.sr_returned_date_sk = d2.d_date_sk)", "Plans": [{"Node Type": "Seq Scan", "Parent Relationship": "Outer", "Parallel Aware": true, "Async Capable": false, "Relation Name": "store_returns", "Alias": "store_returns", "Startup Cost": 0.0, "Total Cost": 55140.58, "Plan Rows": 718858, "Plan Width": 16}, {"Node Type": "Hash", "Parent Relationship": "Inner", "Parallel Aware": true, "Async Capable": false, "Startup Cost": 2014.84, "Total Cost": 2014.84, "Plan Rows": 161, "Plan Width": 4, "Plans": [{"Node Type": "Seq Scan", "Parent Relationship": "Outer", "Parallel Aware": true, "Async Capable": false, "Relation Name": "date_dim", "Alias": "d2", "Startup Cost": 0.0, "Total Cost": 2014.84, "Plan Rows": 161, "Plan Width": 4, "Filter": "(d_quarter_name = ANY ('{1999Q1,1999Q2,1999Q3}'::bpchar[]))"}]}]}, {"Node Type": "Index Scan", "Parent Relationship": "Inner", "Parallel Aware": false, "Async Capable": false, "Scan Direction": "Forward", "Index Name": "store_sales_pkey", "Relation Name": "store_sales", "Alias": "store_sales", "Startup Cost": 0.44, "Total Cost": 1.34, "Plan Rows": 1, "Plan Width": 20, "Index Cond": "((ss_item_sk = store_returns.sr_item_sk) AND (ss_ticket_number = store_returns.sr_ticket_number))", "Filter": "(store_returns.sr_customer_sk = ss_customer_sk)"}]}, {"Node Type": "Index Scan", "Parent Relationship": "Inner", "Parallel Aware": false, "Async Capable": false, "Scan Direction": "Forward", "Index Name": "catalog_sales_pkey", "Relation Name": "catalog_sales", "Alias": "catalog_sales", "Startup Cost": 0.43, "Total Cost": 3.59, "Plan Rows": 1, "Plan Width": 12, "Index Cond": "(cs_item_sk = store_sales.ss_item_sk)", "Filter": "(cs_bill_customer_sk = store_sales.ss_customer_sk)"}]}, {"Node Type": "Index Only Scan", "Parent Relationship": "Inner", "Parallel Aware": false, "Async Capable": false, "Scan Direction": "Forward", "Index Name": "store_pkey", "Relation Name": "store", "Alias": "store", "Startup Cost": 0.14, "Total Cost": 0.16, "Plan Rows": 1, "Plan Width": 4, "Index Cond": "(s_store_sk = store_sales.ss_store_sk)"}]}]}, {"Node Type": "Index Scan", "Parent Relationship": "Inner", "Parallel Aware": false, "Async Capable": false, "Scan Direction": "Forward", "Index Name": "date_dim_pkey", "Relation Name": "date_dim", "Alias": "d1", "Startup Cost": 0.29, "Total Cost": 0.31, "Plan Rows": 1, "Plan Width": 4, "Index Cond": "(d_date_sk = store_sales.ss_sold_date_sk)", "Filter": "(d_quarter_name = '1999Q1'::bpchar)"}]}, {"Node Type": "Index Scan", "Parent Relationship": "Inner", "Parallel Aware": false, "Async Capable": false, "Scan Direction": "Forward", "Index Name": "date_dim_pkey", "Relation Name": "date_dim", "Alias": "d3", "Startup Cost": 0.29, "Total Cost": 0.31, "Plan Rows": 1, "Plan Width": 4, "Index Cond": "(d_date_sk = catalog_sales.cs_sold_date_sk)", "Filter": "(d_quarter_name = ANY ('{1999Q1,1999Q2,1999Q3}'::bpchar[]))"}]}, {"Node Type": "Index Only Scan", "Parent Relationship": "Inner", "Parallel Aware": false, "Async Capable": false, "Scan Direction": "Forward", "Index Name": "item_pkey", "Relation Name": "item", "Alias": "item", "Startup Cost": 0.29, "Total Cost": 0.31, "Plan Rows": 1, "Plan Width": 4, "Index Cond": "(i_item_sk = store_sales.ss_item_sk)"}]}]}}, {"Plan": {"Node Type": "Aggregate", "Strategy": "Plain", "Partial Mode": "Simple", "Parallel Aware": false, "Async Capable": false, "Startup Cost": 61245.59, "Total Cost": 61245.6, "Plan Rows": 1, "Plan Width": 8, "Plans": [{"Node Type": "Nested Loop", "Parent Relationship": "Outer", "Parallel Aware": false, "Async Capable": false, "Join Type": "Inner", "Startup Cost": 3018.74, "Total Cost": 61245.59, "Plan Rows": 1, "Plan Width": 0, "Inner Unique": true, "Plans": [{"Node Type": "Nested Loop", "Parent Relationship": "Outer", "Parallel Aware": false, "Async Capable": false, "Join Type": "Inner", "Startup Cost": 3018.6, "Total Cost": 61245.43, "Plan Rows": 1, "Plan Width": 4, "Inner Unique": true, "Plans": [{"Node Type": "Nested Loop", "Parent Relationship": "Outer", "Parallel Aware": false, "Async Capable": false, "Join Type": "Inner", "Startup Cost": 3018.31, "Total Cost": 61245.11, "Plan Rows": 1, "Plan Width": 8, "Inner Unique": true, "Plans": [{"Node Type": "Nested Loop", "Parent Relationship": "Outer", "Parallel Aware": false, "Async Capable": false, "Join Type": "Inner", "Startup Cost": 3018.01, "Total Cost": 61244.8, "Plan Rows": 1, "Plan Width": 12, "Inner Unique": false, "Join Filter": "(catalog_sales.cs_item_sk = item.i_item_sk)", "Plans": [{"Node Type": "Gather", "Parent Relationship": "Outer", "Parallel Aware": false, "Async Capable": false, "Startup Cost": 3017.58, "Total Cost": 61241.19, "Plan Rows": 1, "Plan Width": 28, "Workers Planned": 4, "Single Copy": false, "Plans": [{"Node Type": "Nested Loop", "Parent Relationship": "Outer", "Parallel Aware": false, "Async Capable": false, "Join Type": "Inner", "Startup Cost": 2017.58, "Total Cost": 60241.09, "Plan Rows": 1, "Plan Width": 28, "Inner Unique": true, "Join Filter": "(store_sales.ss_item_sk = item.i_item_sk)", "Plans": [{"Node Type": "Nested Loop", "Parent Relationship": "Outer", "Parallel Aware": false, "Async Capable": false, "Join Type": "Inner", "Startup Cost": 2017.14, "Total Cost": 59878.38, "Plan Rows": 2690.0, "Plan Width": 16, "Inner Unique": true, "Plans": [{"Node Type": "Hash Join", "Parent Relationship": "Outer", "Parallel Aware": true, "Async Capable": false, "Join Type": "Inner", "Startup Cost": 2016.85, "Total Cost": 59044.53, "Plan Rows": 2686, "Plan Width": 12, "Inner Unique": true, "Hash Cond": "(store_returns.sr_returned_date_sk = d2.d_date_sk)", "Plans": [{"Node Type": "Seq Scan", "Parent Relationship": "Outer", "Parallel Aware": true, "Async Capable": false, "Relation Name": "store_returns", "Alias": "store_returns", "Startup Cost": 0.0, "Total Cost": 55140.58, "Plan Rows": 718858, "Plan Width": 16}, {"Node Type": "Hash", "Parent Relationship": "Inner", "Parallel Aware": true, "Async Capable": false, "Startup Cost": 2014.84, "Total Cost": 2014.84, "Plan Rows": 161, "Plan Width": 4, "Plans": [{"Node Type": "Seq Scan", "Parent Relationship": "Outer", "Parallel Aware": true, "Async Capable": false, "Relation Name": "date_dim", "Alias": "d2", "Startup Cost": 0.0, "Total Cost": 2014.84, "Plan Rows": 161, "Plan Width": 4, "Filter": "(d_quarter_name = ANY ('{1999Q1,1999Q2,1999Q3}'::bpchar[]))"}]}]}, {"Node Type": "Index Only Scan", "Parent Relationship": "Inner", "Parallel Aware": false, "Async Capable": false, "Scan Direction": "Forward", "Index Name": "item_pkey", "Relation Name": "item", "Alias": "item", "Startup Cost": 0.29, "Total Cost": 0.31, "Plan Rows": 1, "Plan Width": 4, "Index Cond": "(i_item_sk = store_returns.sr_item_sk)"}]}, {"Node Type": "Index Scan", "Parent Relationship": "Inner", "Parallel Aware": false, "Async Capable": false, "Scan Direction": "Forward", "Index Name": "store_sales_pkey", "Relation Name": "store_sales", "Alias": "store_sales", "Startup Cost": 0.44, "Total Cost": 1.34, "Plan Rows": 1, "Plan Width": 20, "Index Cond": "((ss_item_sk = store_returns.sr_item_sk) AND (ss_ticket_number = store_returns.sr_ticket_number))", "Filter": "(store_returns.sr_customer_sk = ss_customer_sk)"}]}]}, {"Node Type": "Index Scan", "Parent Relationship": "Inner", "Parallel Aware": false, "Async Capable": false, "Scan Direction": "Forward", "Index Name": "catalog_sales_pkey", "Relation Name": "catalog_sales", "Alias": "catalog_sales", "Startup Cost": 0.43, "Total Cost": 3.59, "Plan Rows": 1, "Plan Width": 12, "Index Cond": "(cs_item_sk = store_sales.ss_item_sk)", "Filter": "(cs_bill_customer_sk = store_sales.ss_customer_sk)"}]}, {"Node Type": "Index Scan", "Parent Relationship": "Inner", "Parallel Aware": false, "Async Capable": false, "Scan Direction": "Forward", "Index Name": "date_dim_pkey", "Relation Name": "date_dim", "Alias": "d1", "Startup Cost": 0.29, "Total Cost": 0.31, "Plan Rows": 1, "Plan Width": 4, "Index Cond": "(d_date_sk = store_sales.ss_sold_date_sk)", "Filter": "(d_quarter_name = '1999Q1'::bpchar)"}]}, {"Node Type": "Index Scan", "Parent Relationship": "Inner", "Parallel Aware": false, "Async Capable": false, "Scan Direction": "Forward", "Index Name": "date_dim_pkey", "Relation Name": "date_dim", "Alias": "d3", "Startup Cost": 0.29, "Total Cost": 0.31, "Plan Rows": 1, "Plan Width": 4, "Index Cond": "(d_date_sk = catalog_sales.cs_sold_date_sk)", "Filter": "(d_quarter_name = ANY ('{1999Q1,1999Q2,1999Q3}'::bpchar[]))"}]}, {"Node Type": "Index Only Scan", "Parent Relationship": "Inner", "Parallel Aware": false, "Async Capable": false, "Scan Direction": "Forward", "Index Name": "store_pkey", "Relation Name": "store", "Alias": "store", "Startup Cost": 0.14, "Total Cost": 0.16, "Plan Rows": 1, "Plan Width": 4, "Index Cond": "(s_store_sk = store_sales.ss_store_sk)"}]}]}}, {"Plan": {"Node Type": "Aggregate", "Strategy": "Plain", "Partial Mode": "Simple", "Parallel Aware": false, "Async Capable": false, "Startup Cost": 67006.63, "Total Cost": 67006.64, "Plan Rows": 1, "Plan Width": 8, "Plans": [{"Node Type": "Nested Loop", "Parent Relationship": "Outer", "Parallel Aware": false, "Async Capable": false, "Join Type": "Inner", "Startup Cost": 5649.1, "Total Cost": 67006.63, "Plan Rows": 1, "Plan Width": 0, "Inner Unique": true, "Plans": [{"Node Type": "Nested Loop", "Parent Relationship": "Outer", "Parallel Aware": false, "Async Capable": false, "Join Type": "Inner", "Startup Cost": 5648.96, "Total Cost": 67006.47, "Plan Rows": 1, "Plan Width": 4, "Inner Unique": true, "Plans": [{"Node Type": "Nested Loop", "Parent Relationship": "Outer", "Parallel Aware": false, "Async Capable": false, "Join Type": "Inner", "Startup Cost": 5648.67, "Total Cost": 67006.15, "Plan Rows": 1, "Plan Width": 8, "Inner Unique": true, "Plans": [{"Node Type": "Nested Loop", "Parent Relationship": "Outer", "Parallel Aware": false, "Async Capable": false, "Join Type": "Inner", "Startup Cost": 5648.37, "Total Cost": 67005.84, "Plan Rows": 1, "Plan Width": 12, "Inner Unique": false, "Join Filter": "(catalog_sales.cs_item_sk = item.i_item_sk)", "Plans": [{"Node Type": "Gather", "Parent Relationship": "Outer", "Parallel Aware": false, "Async Capable": false, "Startup Cost": 5647.94, "Total Cost": 67002.23, "Plan Rows": 1, "Plan Width": 28, "Workers Planned": 4, "Single Copy": false, "Plans": [{"Node Type": "Nested Loop", "Parent Relationship": "Outer", "Parallel Aware": false, "Async Capable": false, "Join Type": "Inner", "Startup Cost": 4647.94, "Total Cost": 66002.13, "Plan Rows": 1, "Plan Width": 28, "Inner Unique": true, "Join Filter": "(store_sales.ss_item_sk = item.i_item_sk)", "Plans": [{"Node Type": "Hash Join", "Parent Relationship": "Outer", "Parallel Aware": true, "Async Capable": false, "Join Type": "Inner", "Startup Cost": 4647.5, "Total Cost": 62380.42, "Plan Rows": 2686, "Plan Width": 16, "Inner Unique": true, "Hash Cond": "(store_returns.sr_item_sk = item.i_item_sk)", "Plans": [{"Node Type": "Hash Join", "Parent Relationship": "Outer", "Parallel Aware": true, "Async Capable": false, "Join Type": "Inner", "Startup Cost": 2016.85, "Total Cost": 59044.53, "Plan Rows": 2686.5, "Plan Width": 12, "Inner Unique": true, "Hash Cond": "(store_returns.sr_returned_date_sk = d2.d_date_sk)", "Plans": [{"Node Type": "Seq Scan", "Parent Relationship": "Outer", "Parallel Aware": true, "Async Capable": false, "Relation Name": "store_returns", "Alias": "store_returns", "Startup Cost": 0.0, "Total Cost": 55140.58, "Plan Rows": 718858, "Plan Width": 16}, {"Node Type": "Hash", "Parent Relationship": "Inner", "Parallel Aware": true, "Async Capable": false, "Startup Cost": 2014.84, "Total Cost": 2014.84, "Plan Rows": 161, "Plan Width": 4, "Plans": [{"Node Type": "Seq Scan", "Parent Relationship": "Outer", "Parallel Aware": true, "Async Capable": false, "Relation Name": "date_dim", "Alias": "d2", "Startup Cost": 0.0, "Total Cost": 2014.84, "Plan Rows": 161, "Plan Width": 4, "Filter": "(d_quarter_name = ANY ('{1999Q1,1999Q2,1999Q3}'::bpchar[]))"}]}]}, {"Node Type": "Hash", "Parent Relationship": "Inner", "Parallel Aware": true, "Async Capable": false, "Startup Cost": 2099.4, "Total Cost": 2099.4, "Plan Rows": 42500, "Plan Width": 4, "Plans": [{"Node Type": "Index Only Scan", "Parent Relationship": "Outer", "Parallel Aware": true, "Async Capable": false, "Scan Direction": "Forward", "Index Name": "item_pkey", "Relation Name": "item", "Alias": "item", "Startup Cost": 0.29, "Total Cost": 2099.4, "Plan Rows": 42500, "Plan Width": 4}]}]}, {"Node Type": "Index Scan", "Parent Relationship": "Inner", "Parallel Aware": false, "Async Capable": false, "Scan Direction": "Forward", "Index Name": "store_sales_pkey", "Relation Name": "store_sales", "Alias": "store_sales", "Startup Cost": 0.44, "Total Cost": 1.34, "Plan Rows": 1, "Plan Width": 20, "Index Cond": "((ss_item_sk = store_returns.sr_item_sk) AND (ss_ticket_number = store_returns.sr_ticket_number))", "Filter": "(store_returns.sr_customer_sk = ss_customer_sk)"}]}]}, {"Node Type": "Index Scan", "Parent Relationship": "Inner", "Parallel Aware": false, "Async Capable": false, "Scan Direction": "Forward", "Index Name": "catalog_sales_pkey", "Relation Name": "catalog_sales", "Alias": "catalog_sales", "Startup Cost": 0.43, "Total Cost": 3.59, "Plan Rows": 1, "Plan Width": 12, "Index Cond": "(cs_item_sk = store_sales.ss_item_sk)", "Filter": "(cs_bill_customer_sk = store_sales.ss_customer_sk)"}]}, {"Node Type": "Index Scan", "Parent Relationship": "Inner", "Parallel Aware": false, "Async Capable": false, "Scan Direction": "Forward", "Index Name": "date_dim_pkey", "Relation Name": "date_dim", "Alias": "d1", "Startup Cost": 0.29, "Total Cost": 0.31, "Plan Rows": 1, "Plan Width": 4, "Index Cond": "(d_date_sk = store_sales.ss_sold_date_sk)", "Filter": "(d_quarter_name = '1999Q1'::bpchar)"}]}, {"Node Type": "Index Scan", "Parent Relationship": "Inner", "Parallel Aware": false, "Async Capable": false, "Scan Direction": "Forward", "Index Name": "date_dim_pkey", "Relation Name": "date_dim", "Alias": "d3", "Startup Cost": 0.29, "Total Cost": 0.31, "Plan Rows": 1, "Plan Width": 4, "Index Cond": "(d_date_sk = catalog_sales.cs_sold_date_sk)", "Filter": "(d_quarter_name = ANY ('{1999Q1,1999Q2,1999Q3}'::bpchar[]))"}]}, {"Node Type": "Index Only Scan", "Parent Relationship": "Inner", "Parallel Aware": false, "Async Capable": false, "Scan Direction": "Forward", "Index Name": "store_pkey", "Relation Name": "store", "Alias": "store", "Startup Cost": 0.14, "Total Cost": 0.16, "Plan Rows": 1, "Plan Width": 4, "Index Cond": "(s_store_sk = store_sales.ss_store_sk)"}]}]}}]