[{"Plan": {"Node Type": "Aggregate", "Strategy": "Plain", "Partial Mode": "Simple", "Parallel Aware": false, "Async Capable": false, "Startup Cost": 59294.38, "Total Cost": 59294.39, "Plan Rows": 1, "Plan Width": 8, "Plans": [{"Node Type": "Nested Loop", "Parent Relationship": "Outer", "Parallel Aware": false, "Async Capable": false, "Join Type": "Inner", "Startup Cost": 9248.62, "Total Cost": 59294.38, "Plan Rows": 1, "Plan Width": 0, "Inner Unique": true, "Plans": [{"Node Type": "Nested Loop", "Parent Relationship": "Outer", "Parallel Aware": false, "Async Capable": false, "Join Type": "Inner", "Startup Cost": 9248.48, "Total Cost": 59294.22, "Plan Rows": 1, "Plan Width": 4, "Inner Unique": true, "Plans": [{"Node Type": "Nested Loop", "Parent Relationship": "Outer", "Parallel Aware": false, "Async Capable": false, "Join Type": "Inner", "Startup Cost": 9248.19, "Total Cost": 59293.89, "Plan Rows": 1, "Plan Width": 8, "Inner Unique": true, "Plans": [{"Node Type": "Gather", "Parent Relationship": "Outer", "Parallel Aware": false, "Async Capable": false, "Startup Cost": 9248.05, "Total Cost": 59293.73, "Plan Rows": 1, "Plan Width": 12, "Workers Planned": 3, "Single Copy": false, "Plans": [{"Node Type": "Nested Loop", "Parent Relationship": "Outer", "Parallel Aware": false, "Async Capable": false, "Join Type": "Inner", "Startup Cost": 8248.05, "Total Cost": 58293.63, "Plan Rows": 1, "Plan Width": 12, "Inner Unique": true, "Join Filter": "((((customer_address.ca_state = ANY ('{UT,TX,MD}'::bpchar[])) AND (web_sales.ws_net_profit >= '100'::numeric) AND (web_sales.ws_net_profit <= '200'::numeric)) OR ((customer_address.ca_state = ANY ('{CO,SD,OH}'::bpchar[])) AND (web_sales.ws_net_profit >= '150'::numeric) AND (web_sales.ws_net_profit <= '300'::numeric)) OR ((customer_address.ca_state = ANY ('{IL,AR,MS}'::bpchar[])) AND (web_sales.ws_net_profit >= '50'::numeric) AND (web_sales.ws_net_profit <= '250'::numeric))) AND (((cd1.cd_marital_status = 'D'::bpchar) AND (cd1.cd_education_status = 'Primary'::bpchar) AND (web_sales.ws_sales_price >= 100.00) AND (web_sales.ws_sales_price <= 150.00)) OR ((cd1.cd_marital_status = 'S'::bpchar) AND (cd1.cd_education_status = '4 yr Degree'::bpchar) AND (web_sales.ws_sales_price >= 50.00) AND (web_sales.ws_sales_price <= 100.00)) OR ((cd1.cd_marital_status = 'U'::bpchar) AND (cd1.cd_education_status = 'Secondary'::bpchar) AND (web_sales.ws_sales_price >= 150.00) AND (web_sales.ws_sales_price <= 200.00))))", "Plans": [{"Node Type": "Nested Loop", "Parent Relationship": "Outer", "Parallel Aware": false, "Async Capable": false, "Join Type": "Inner", "Startup Cost": 8247.61, "Total Cost": 58082.36, "Plan Rows": 121, "Plan Width": 38, "Inner Unique": true, "Join Filter": "((cd1.cd_marital_status = cd2.cd_marital_status) AND (cd1.cd_education_status = cd2.cd_education_status))", "Plans": [{"Node Type": "Nested Loop", "Parent Relationship": "Outer", "Parallel Aware": false, "Async Capable": false, "Join Type": "Inner", "Startup Cost": 8247.19, "Total Cost": 55493.57, "Plan Rows": 4238, "Plan Width": 42, "Inner Unique": true, "Plans": [{"Node Type": "Hash Join", "Parent Relationship": "Outer", "Parallel Aware": true, "Async Capable": false, "Join Type": "Inner", "Startup Cost": 8246.76, "Total Cost": 24495.84, "Plan Rows": 50745, "Plan Width": 23, "Inner Unique": true, "Hash Cond": "(web_returns.wr_refunded_addr_sk = customer_address.ca_address_sk)", "Plans": [{"Node Type": "Seq Scan", "Parent Relationship": "Outer", "Parallel Aware": true, "Async Capable": false, "Relation Name": "web_returns", "Alias": "web_returns", "Startup Cost": 0.0, "Total Cost": 15640.05, "Plan Rows": 232005, "Plan Width": 24}, {"Node Type": "Hash", "Parent Relationship": "Inner", "Parallel Aware": true, "Async Capable": false, "Startup Cost": 7961.96, "Total Cost": 7961.96, "Plan Rows": 22784, "Plan Width": 7, "Plans": [{"Node Type": "Seq Scan", "Parent Relationship": "Outer", "Parallel Aware": true, "Async Capable": false, "Relation Name": "customer_address", "Alias": "customer_address", "Startup Cost": 0.0, "Total Cost": 7961.96, "Plan Rows": 22784, "Plan Width": 7, "Filter": "(((ca_country)::text = 'United States'::text) AND ((ca_state = ANY ('{UT,TX,MD}'::bpchar[])) OR (ca_state = ANY ('{CO,SD,OH}'::bpchar[])) OR (ca_state = ANY ('{IL,AR,MS}'::bpchar[]))))"}]}]}, {"Node Type": "Index Scan", "Parent Relationship": "Inner", "Parallel Aware": false, "Async Capable": false, "Scan Direction": "Forward", "Index Name": "customer_demographics_pkey", "Relation Name": "customer_demographics", "Alias": "cd1", "Startup Cost": 0.43, "Total Cost": 0.61, "Plan Rows": 1, "Plan Width": 27, "Index Cond": "(cd_demo_sk = web_returns.wr_refunded_cdemo_sk)", "Filter": "(((cd_marital_status = 'D'::bpchar) AND (cd_education_status = 'Primary'::bpchar)) OR ((cd_marital_status = 'S'::bpchar) AND (cd_education_status = '4 yr Degree'::bpchar)) OR ((cd_marital_status = 'U'::bpchar) AND (cd_education_status = 'Secondary'::bpchar)))"}]}, {"Node Type": "Index Scan", "Parent Relationship": "Inner", "Parallel Aware": false, "Async Capable": false, "Scan Direction": "Forward", "Index Name": "customer_demographics_pkey", "Relation Name": "customer_demographics", "Alias": "cd2", "Startup Cost": 0.43, "Total Cost": 0.6, "Plan Rows": 1, "Plan Width": 27, "Index Cond": "(cd_demo_sk = web_returns.wr_returning_cdemo_sk)"}]}, {"Node Type": "Index Scan", "Parent Relationship": "Inner", "Parallel Aware": false, "Async Capable": false, "Scan Direction": "Forward", "Index Name": "web_sales_pkey", "Relation Name": "web_sales", "Alias": "web_sales", "Startup Cost": 0.43, "Total Cost": 1.68, "Plan Rows": 1, "Plan Width": 28, "Index Cond": "((ws_item_sk = web_returns.wr_item_sk) AND (ws_order_number = web_returns.wr_order_number))", "Filter": "((((ws_sales_price >= 100.00) AND (ws_sales_price <= 150.00)) OR ((ws_sales_price >= 50.00) AND (ws_sales_price <= 100.00)) OR ((ws_sales_price >= 150.00) AND (ws_sales_price <= 200.00))) AND (((ws_net_profit >= '100'::numeric) AND (ws_net_profit <= '200'::numeric)) OR ((ws_net_profit >= '150'::numeric) AND (ws_net_profit <= '300'::numeric)) OR ((ws_net_profit >= '50'::numeric) AND (ws_net_profit <= '250'::numeric))))"}]}]}, {"Node Type": "Index Only Scan", "Parent Relationship": "Inner", "Parallel Aware": false, "Async Capable": false, "Scan Direction": "Forward", "Index Name": "web_page_pkey", "Relation Name": "web_page", "Alias": "web_page", "Startup Cost": 0.14, "Total Cost": 0.16, "Plan Rows": 1, "Plan Width": 4, "Index Cond": "(wp_web_page_sk = web_sales.ws_web_page_sk)"}]}, {"Node Type": "Index Scan", "Parent Relationship": "Inner", "Parallel Aware": false, "Async Capable": false, "Scan Direction": "Forward", "Index Name": "date_dim_pkey", "Relation Name": "date_dim", "Alias": "date_dim", "Startup Cost": 0.29, "Total Cost": 0.33, "Plan Rows": 1, "Plan Width": 4, "Index Cond": "(d_date_sk = web_sales.ws_sold_date_sk)", "Filter": "(d_year = 2001)"}]}, {"Node Type": "Index Only Scan", "Parent Relationship": "Inner", "Parallel Aware": false, "Async Capable": false, "Scan Direction": "Forward", "Index Name": "reason_pkey", "Relation Name": "reason", "Alias": "reason", "Startup Cost": 0.14, "Total Cost": 0.16, "Plan Rows": 1, "Plan Width": 4, "Index Cond": "(r_reason_sk = web_returns.wr_reason_sk)"}]}]}}, {"Plan": {"Node Type": "Aggregate", "Strategy": "Plain", "Partial Mode": "Simple", "Parallel Aware": false, "Async Capable": false, "Startup Cost": 59294.29, "Total Cost": 59294.3, "Plan Rows": 1, "Plan Width": 8, "Plans": [{"Node Type": "Gather", "Parent Relationship": "Outer", "Parallel Aware": false, "Async Capable": false, "Startup Cost": 9248.62, "Total Cost": 59294.29, "Plan Rows": 0.0, "Plan Width": 0, "Workers Planned": 3, "Single Copy": false, "Plans": [{"Node Type": "Nested Loop", "Parent Relationship": "Outer", "Parallel Aware": false, "Async Capable": false, "Join Type": "Inner", "Startup Cost": 8248.62, "Total Cost": 58294.28, "Plan Rows": 10.0, "Plan Width": 0, "Inner Unique": true, "Plans": [{"Node Type": "Nested Loop", "Parent Relationship": "Outer", "Parallel Aware": false, "Async Capable": false, "Join Type": "Inner", "Startup Cost": 8248.48, "Total Cost": 58294.12, "Plan Rows": 1, "Plan Width": 4, "Inner Unique": true, "Plans": [{"Node Type": "Nested Loop", "Parent Relationship": "Outer", "Parallel Aware": false, "Async Capable": false, "Join Type": "Inner", "Startup Cost": 8248.19, "Total Cost": 58293.79, "Plan Rows": 1, "Plan Width": 8, "Inner Unique": true, "Plans": [{"Node Type": "Nested Loop", "Parent Relationship": "Outer", "Parallel Aware": false, "Async Capable": false, "Join Type": "Inner", "Startup Cost": 8248.05, "Total Cost": 58293.63, "Plan Rows": 1, "Plan Width": 12, "Inner Unique": true, "Join Filter": "((((customer_address.ca_state = ANY ('{UT,TX,MD}'::bpchar[])) AND (web_sales.ws_net_profit >= '100'::numeric) AND (web_sales.ws_net_profit <= '200'::numeric)) OR ((customer_address.ca_state = ANY ('{CO,SD,OH}'::bpchar[])) AND (web_sales.ws_net_profit >= '150'::numeric) AND (web_sales.ws_net_profit <= '300'::numeric)) OR ((customer_address.ca_state = ANY ('{IL,AR,MS}'::bpchar[])) AND (web_sales.ws_net_profit >= '50'::numeric) AND (web_sales.ws_net_profit <= '250'::numeric))) AND (((cd1.cd_marital_status = 'D'::bpchar) AND (cd1.cd_education_status = 'Primary'::bpchar) AND (web_sales.ws_sales_price >= 100.00) AND (web_sales.ws_sales_price <= 150.00)) OR ((cd1.cd_marital_status = 'S'::bpchar) AND (cd1.cd_education_status = '4 yr Degree'::bpchar) AND (web_sales.ws_sales_price >= 50.00) AND (web_sales.ws_sales_price <= 100.00)) OR ((cd1.cd_marital_status = 'U'::bpchar) AND (cd1.cd_education_status = 'Secondary'::bpchar) AND (web_sales.ws_sales_price >= 150.00) AND (web_sales.ws_sales_price <= 200.00))))", "Plans": [{"Node Type": "Nested Loop", "Parent Relationship": "Outer", "Parallel Aware": false, "Async Capable": false, "Join Type": "Inner", "Startup Cost": 8247.61, "Total Cost": 58082.36, "Plan Rows": 121, "Plan Width": 38, "Inner Unique": true, "Join Filter": "((cd1.cd_marital_status = cd2.cd_marital_status) AND (cd1.cd_education_status = cd2.cd_education_status))", "Plans": [{"Node Type": "Nested Loop", "Parent Relationship": "Outer", "Parallel Aware": false, "Async Capable": false, "Join Type": "Inner", "Startup Cost": 8247.19, "Total Cost": 55493.57, "Plan Rows": 4238, "Plan Width": 42, "Inner Unique": true, "Plans": [{"Node Type": "Hash Join", "Parent Relationship": "Outer", "Parallel Aware": true, "Async Capable": false, "Join Type": "Inner", "Startup Cost": 8246.76, "Total Cost": 24495.84, "Plan Rows": 50745, "Plan Width": 23, "Inner Unique": true, "Hash Cond": "(web_returns.wr_refunded_addr_sk = customer_address.ca_address_sk)", "Plans": [{"Node Type": "Seq Scan", "Parent Relationship": "Outer", "Parallel Aware": true, "Async Capable": false, "Relation Name": "web_returns", "Alias": "web_returns", "Startup Cost": 0.0, "Total Cost": 15640.05, "Plan Rows": 232005, "Plan Width": 24}, {"Node Type": "Hash", "Parent Relationship": "Inner", "Parallel Aware": true, "Async Capable": false, "Startup Cost": 7961.96, "Total Cost": 7961.96, "Plan Rows": 22784, "Plan Width": 7, "Plans": [{"Node Type": "Seq Scan", "Parent Relationship": "Outer", "Parallel Aware": true, "Async Capable": false, "Relation Name": "customer_address", "Alias": "customer_address", "Startup Cost": 0.0, "Total Cost": 7961.96, "Plan Rows": 22784, "Plan Width": 7, "Filter": "(((ca_country)::text = 'United States'::text) AND ((ca_state = ANY ('{UT,TX,MD}'::bpchar[])) OR (ca_state = ANY ('{CO,SD,OH}'::bpchar[])) OR (ca_state = ANY ('{IL,AR,MS}'::bpchar[]))))"}]}]}, {"Node Type": "Index Scan", "Parent Relationship": "Inner", "Parallel Aware": false, "Async Capable": false, "Scan Direction": "Forward", "Index Name": "customer_demographics_pkey", "Relation Name": "customer_demographics", "Alias": "cd1", "Startup Cost": 0.43, "Total Cost": 0.61, "Plan Rows": 1, "Plan Width": 27, "Index Cond": "(cd_demo_sk = web_returns.wr_refunded_cdemo_sk)", "Filter": "(((cd_marital_status = 'D'::bpchar) AND (cd_education_status = 'Primary'::bpchar)) OR ((cd_marital_status = 'S'::bpchar) AND (cd_education_status = '4 yr Degree'::bpchar)) OR ((cd_marital_status = 'U'::bpchar) AND (cd_education_status = 'Secondary'::bpchar)))"}]}, {"Node Type": "Index Scan", "Parent Relationship": "Inner", "Parallel Aware": false, "Async Capable": false, "Scan Direction": "Forward", "Index Name": "customer_demographics_pkey", "Relation Name": "customer_demographics", "Alias": "cd2", "Startup Cost": 0.43, "Total Cost": 0.6, "Plan Rows": 1, "Plan Width": 27, "Index Cond": "(cd_demo_sk = web_returns.wr_returning_cdemo_sk)"}]}, {"Node Type": "Index Scan", "Parent Relationship": "Inner", "Parallel Aware": false, "Async Capable": false, "Scan Direction": "Forward", "Index Name": "web_sales_pkey", "Relation Name": "web_sales", "Alias": "web_sales", "Startup Cost": 0.43, "Total Cost": 1.68, "Plan Rows": 1, "Plan Width": 28, "Index Cond": "((ws_item_sk = web_returns.wr_item_sk) AND (ws_order_number = web_returns.wr_order_number))", "Filter": "((((ws_sales_price >= 100.00) AND (ws_sales_price <= 150.00)) OR ((ws_sales_price >= 50.00) AND (ws_sales_price <= 100.00)) OR ((ws_sales_price >= 150.00) AND (ws_sales_price <= 200.00))) AND (((ws_net_profit >= '100'::numeric) AND (ws_net_profit <= '200'::numeric)) OR ((ws_net_profit >= '150'::numeric) AND (ws_net_profit <= '300'::numeric)) OR ((ws_net_profit >= '50'::numeric) AND (ws_net_profit <= '250'::numeric))))"}]}, {"Node Type": "Index Only Scan", "Parent Relationship": "Inner", "Parallel Aware": false, "Async Capable": false, "Scan Direction": "Forward", "Index Name": "web_page_pkey", "Relation Name": "web_page", "Alias": "web_page", "Startup Cost": 0.14, "Total Cost": 0.16, "Plan Rows": 1, "Plan Width": 4, "Index Cond": "(wp_web_page_sk = web_sales.ws_web_page_sk)"}]}, {"Node Type": "Index Scan", "Parent Relationship": "Inner", "Parallel Aware": false, "Async Capable": false, "Scan Direction": "Forward", "Index Name": "date_dim_pkey", "Relation Name": "date_dim", "Alias": "date_dim", "Startup Cost": 0.29, "Total Cost": 0.33, "Plan Rows": 1, "Plan Width": 4, "Index Cond": "(d_date_sk = web_sales.ws_sold_date_sk)", "Filter": "(d_year = 2001)"}]}, {"Node Type": "Index Only Scan", "Parent Relationship": "Inner", "Parallel Aware": false, "Async Capable": false, "Scan Direction": "Forward", "Index Name": "reason_pkey", "Relation Name": "reason", "Alias": "reason", "Startup Cost": 0.14, "Total Cost": 0.16, "Plan Rows": 1, "Plan Width": 4, "Index Cond": "(r_reason_sk = web_returns.wr_reason_sk)"}]}]}]}}, {"Plan": {"Node Type": "Aggregate", "Strategy": "Plain", "Partial Mode": "Simple", "Parallel Aware": false, "Async Capable": false, "Startup Cost": 59294.26, "Total Cost": 59294.27, "Plan Rows": 1, "Plan Width": 8, "Plans": [{"Node Type": "Nested Loop", "Parent Relationship": "Outer", "Parallel Aware": false, "Async Capable": false, "Join Type": "Inner", "Startup Cost": 9248.62, "Total Cost": 59294.26, "Plan Rows": 1, "Plan Width": 0, "Inner Unique": true, "Plans": [{"Node Type": "Gather", "Parent Relationship": "Outer", "Parallel Aware": false, "Async Capable": false, "Startup Cost": 9248.33, "Total Cost": 59293.96, "Plan Rows": 0.0, "Plan Width": 4, "Workers Planned": 3, "Single Copy": false, "Plans": [{"Node Type": "Nested Loop", "Parent Relationship": "Outer", "Parallel Aware": false, "Async Capable": false, "Join Type": "Inner", "Startup Cost": 8248.33, "Total Cost": 58293.95, "Plan Rows": 10.0, "Plan Width": 4, "Inner Unique": true, "Plans": [{"Node Type": "Nested Loop", "Parent Relationship": "Outer", "Parallel Aware": false, "Async Capable": false, "Join Type": "Inner", "Startup Cost": 8248.19, "Total Cost": 58293.79, "Plan Rows": 1, "Plan Width": 8, "Inner Unique": true, "Plans": [{"Node Type": "Nested Loop", "Parent Relationship": "Outer", "Parallel Aware": false, "Async Capable": false, "Join Type": "Inner", "Startup Cost": 8248.05, "Total Cost": 58293.63, "Plan Rows": 1, "Plan Width": 12, "Inner Unique": true, "Join Filter": "((((customer_address.ca_state = ANY ('{UT,TX,MD}'::bpchar[])) AND (web_sales.ws_net_profit >= '100'::numeric) AND (web_sales.ws_net_profit <= '200'::numeric)) OR ((customer_address.ca_state = ANY ('{CO,SD,OH}'::bpchar[])) AND (web_sales.ws_net_profit >= '150'::numeric) AND (web_sales.ws_net_profit <= '300'::numeric)) OR ((customer_address.ca_state = ANY ('{IL,AR,MS}'::bpchar[])) AND (web_sales.ws_net_profit >= '50'::numeric) AND (web_sales.ws_net_profit <= '250'::numeric))) AND (((cd1.cd_marital_status = 'D'::bpchar) AND (cd1.cd_education_status = 'Primary'::bpchar) AND (web_sales.ws_sales_price >= 100.00) AND (web_sales.ws_sales_price <= 150.00)) OR ((cd1.cd_marital_status = 'S'::bpchar) AND (cd1.cd_education_status = '4 yr Degree'::bpchar) AND (web_sales.ws_sales_price >= 50.00) AND (web_sales.ws_sales_price <= 100.00)) OR ((cd1.cd_marital_status = 'U'::bpchar) AND (cd1.cd_education_status = 'Secondary'::bpchar) AND (web_sales.ws_sales_price >= 150.00) AND (web_sales.ws_sales_price <= 200.00))))", "Plans": [{"Node Type": "Nested Loop", "Parent Relationship": "Outer", "Parallel Aware": false, "Async Capable": false, "Join Type": "Inner", "Startup Cost": 8247.61, "Total Cost": 58082.36, "Plan Rows": 121, "Plan Width": 38, "Inner Unique": true, "Join Filter": "((cd1.cd_marital_status = cd2.cd_marital_status) AND (cd1.cd_education_status = cd2.cd_education_status))", "Plans": [{"Node Type": "Nested Loop", "Parent Relationship": "Outer", "Parallel Aware": false, "Async Capable": false, "Join Type": "Inner", "Startup Cost": 8247.19, "Total Cost": 55493.57, "Plan Rows": 4238, "Plan Width": 42, "Inner Unique": true, "Plans": [{"Node Type": "Hash Join", "Parent Relationship": "Outer", "Parallel Aware": true, "Async Capable": false, "Join Type": "Inner", "Startup Cost": 8246.76, "Total Cost": 24495.84, "Plan Rows": 50745, "Plan Width": 23, "Inner Unique": true, "Hash Cond": "(web_returns.wr_refunded_addr_sk = customer_address.ca_address_sk)", "Plans": [{"Node Type": "Seq Scan", "Parent Relationship": "Outer", "Parallel Aware": true, "Async Capable": false, "Relation Name": "web_returns", "Alias": "web_returns", "Startup Cost": 0.0, "Total Cost": 15640.05, "Plan Rows": 232005, "Plan Width": 24}, {"Node Type": "Hash", "Parent Relationship": "Inner", "Parallel Aware": true, "Async Capable": false, "Startup Cost": 7961.96, "Total Cost": 7961.96, "Plan Rows": 22784, "Plan Width": 7, "Plans": [{"Node Type": "Seq Scan", "Parent Relationship": "Outer", "Parallel Aware": true, "Async Capable": false, "Relation Name": "customer_address", "Alias": "customer_address", "Startup Cost": 0.0, "Total Cost": 7961.96, "Plan Rows": 22784, "Plan Width": 7, "Filter": "(((ca_country)::text = 'United States'::text) AND ((ca_state = ANY ('{UT,TX,MD}'::bpchar[])) OR (ca_state = ANY ('{CO,SD,OH}'::bpchar[])) OR (ca_state = ANY ('{IL,AR,MS}'::bpchar[]))))"}]}]}, {"Node Type": "Index Scan", "Parent Relationship": "Inner", "Parallel Aware": false, "Async Capable": false, "Scan Direction": "Forward", "Index Name": "customer_demographics_pkey", "Relation Name": "customer_demographics", "Alias": "cd1", "Startup Cost": 0.43, "Total Cost": 0.61, "Plan Rows": 1, "Plan Width": 27, "Index Cond": "(cd_demo_sk = web_returns.wr_refunded_cdemo_sk)", "Filter": "(((cd_marital_status = 'D'::bpchar) AND (cd_education_status = 'Primary'::bpchar)) OR ((cd_marital_status = 'S'::bpchar) AND (cd_education_status = '4 yr Degree'::bpchar)) OR ((cd_marital_status = 'U'::bpchar) AND (cd_education_status = 'Secondary'::bpchar)))"}]}, {"Node Type": "Index Scan", "Parent Relationship": "Inner", "Parallel Aware": false, "Async Capable": false, "Scan Direction": "Forward", "Index Name": "customer_demographics_pkey", "Relation Name": "customer_demographics", "Alias": "cd2", "Startup Cost": 0.43, "Total Cost": 0.6, "Plan Rows": 1, "Plan Width": 27, "Index Cond": "(cd_demo_sk = web_returns.wr_returning_cdemo_sk)"}]}, {"Node Type": "Index Scan", "Parent Relationship": "Inner", "Parallel Aware": false, "Async Capable": false, "Scan Direction": "Forward", "Index Name": "web_sales_pkey", "Relation Name": "web_sales", "Alias": "web_sales", "Startup Cost": 0.43, "Total Cost": 1.68, "Plan Rows": 1, "Plan Width": 28, "Index Cond": "((ws_item_sk = web_returns.wr_item_sk) AND (ws_order_number = web_returns.wr_order_number))", "Filter": "((((ws_sales_price >= 100.00) AND (ws_sales_price <= 150.00)) OR ((ws_sales_price >= 50.00) AND (ws_sales_price <= 100.00)) OR ((ws_sales_price >= 150.00) AND (ws_sales_price <= 200.00))) AND (((ws_net_profit >= '100'::numeric) AND (ws_net_profit <= '200'::numeric)) OR ((ws_net_profit >= '150'::numeric) AND (ws_net_profit <= '300'::numeric)) OR ((ws_net_profit >= '50'::numeric) AND (ws_net_profit <= '250'::numeric))))"}]}, {"Node Type": "Index Only Scan", "Parent Relationship": "Inner", "Parallel Aware": false, "Async Capable": false, "Scan Direction": "Forward", "Index Name": "web_page_pkey", "Relation Name": "web_page", "Alias": "web_page", "Startup Cost": 0.14, "Total Cost": 0.16, "Plan Rows": 1, "Plan Width": 4, "Index Cond": "(wp_web_page_sk = web_sales.ws_web_page_sk)"}]}, {"Node Type": "Index Only Scan", "Parent Relationship": "Inner", "Parallel Aware": false, "Async Capable": false, "Scan Direction": "Forward", "Index Name": "reason_pkey", "Relation Name": "reason", "Alias": "reason", "Startup Cost": 0.14, "Total Cost": 0.16, "Plan Rows": 1, "Plan Width": 4, "Index Cond": "(r_reason_sk = web_returns.wr_reason_sk)"}]}]}, {"Node Type": "Index Scan", "Parent Relationship": "Inner", "Parallel Aware": false, "Async Capable": false, "Scan Direction": "Forward", "Index Name": "date_dim_pkey", "Relation Name": "date_dim", "Alias": "date_dim", "Startup Cost": 0.29, "Total Cost": 0.33, "Plan Rows": 1, "Plan Width": 4, "Index Cond": "(d_date_sk = web_sales.ws_sold_date_sk)", "Filter": "(d_year = 2001)"}]}]}}, {"Plan": {"Node Type": "Aggregate", "Strategy": "Plain", "Partial Mode": "Simple", "Parallel Aware": false, "Async Capable": false, "Startup Cost": 59296.33, "Total Cost": 59296.34, "Plan Rows": 1, "Plan Width": 8, "Plans": [{"Node Type": "Gather", "Parent Relationship": "Outer", "Parallel Aware": false, "Async Capable": false, "Startup Cost": 9250.5, "Total Cost": 59296.33, "Plan Rows": 1, "Plan Width": 0, "Workers Planned": 3, "Single Copy": false, "Plans": [{"Node Type": "Hash Join", "Parent Relationship": "Outer", "Parallel Aware": false, "Async Capable": false, "Join Type": "Inner", "Startup Cost": 8250.5, "Total Cost": 58296.23, "Plan Rows": 1, "Plan Width": 0, "Inner Unique": true, "Hash Cond": "(web_returns.wr_reason_sk = reason.r_reason_sk)", "Plans": [{"Node Type": "Nested Loop", "Parent Relationship": "Outer", "Parallel Aware": false, "Async Capable": false, "Join Type": "Inner", "Startup Cost": 8248.48, "Total Cost": 58294.12, "Plan Rows": 0.32, "Plan Width": 4, "Inner Unique": true, "Plans": [{"Node Type": "Nested Loop", "Parent Relationship": "Outer", "Parallel Aware": false, "Async Capable": false, "Join Type": "Inner", "Startup Cost": 8248.19, "Total Cost": 58293.79, "Plan Rows": 1, "Plan Width": 8, "Inner Unique": true, "Plans": [{"Node Type": "Nested Loop", "Parent Relationship": "Outer", "Parallel Aware": false, "Async Capable": false, "Join Type": "Inner", "Startup Cost": 8248.05, "Total Cost": 58293.63, "Plan Rows": 1, "Plan Width": 12, "Inner Unique": true, "Join Filter": "((((customer_address.ca_state = ANY ('{UT,TX,MD}'::bpchar[])) AND (web_sales.ws_net_profit >= '100'::numeric) AND (web_sales.ws_net_profit <= '200'::numeric)) OR ((customer_address.ca_state = ANY ('{CO,SD,OH}'::bpchar[])) AND (web_sales.ws_net_profit >= '150'::numeric) AND (web_sales.ws_net_profit <= '300'::numeric)) OR ((customer_address.ca_state = ANY ('{IL,AR,MS}'::bpchar[])) AND (web_sales.ws_net_profit >= '50'::numeric) AND (web_sales.ws_net_profit <= '250'::numeric))) AND (((cd1.cd_marital_status = 'D'::bpchar) AND (cd1.cd_education_status = 'Primary'::bpchar) AND (web_sales.ws_sales_price >= 100.00) AND (web_sales.ws_sales_price <= 150.00)) OR ((cd1.cd_marital_status = 'S'::bpchar) AND (cd1.cd_education_status = '4 yr Degree'::bpchar) AND (web_sales.ws_sales_price >= 50.00) AND (web_sales.ws_sales_price <= 100.00)) OR ((cd1.cd_marital_status = 'U'::bpchar) AND (cd1.cd_education_status = 'Secondary'::bpchar) AND (web_sales.ws_sales_price >= 150.00) AND (web_sales.ws_sales_price <= 200.00))))", "Plans": [{"Node Type": "Nested Loop", "Parent Relationship": "Outer", "Parallel Aware": false, "Async Capable": false, "Join Type": "Inner", "Startup Cost": 8247.61, "Total Cost": 58082.36, "Plan Rows": 121, "Plan Width": 38, "Inner Unique": true, "Join Filter": "((cd1.cd_marital_status = cd2.cd_marital_status) AND (cd1.cd_education_status = cd2.cd_education_status))", "Plans": [{"Node Type": "Nested Loop", "Parent Relationship": "Outer", "Parallel Aware": false, "Async Capable": false, "Join Type": "Inner", "Startup Cost": 8247.19, "Total Cost": 55493.57, "Plan Rows": 4238, "Plan Width": 42, "Inner Unique": true, "Plans": [{"Node Type": "Hash Join", "Parent Relationship": "Outer", "Parallel Aware": true, "Async Capable": false, "Join Type": "Inner", "Startup Cost": 8246.76, "Total Cost": 24495.84, "Plan Rows": 50745, "Plan Width": 23, "Inner Unique": true, "Hash Cond": "(web_returns.wr_refunded_addr_sk = customer_address.ca_address_sk)", "Plans": [{"Node Type": "Seq Scan", "Parent Relationship": "Outer", "Parallel Aware": true, "Async Capable": false, "Relation Name": "web_returns", "Alias": "web_returns", "Startup Cost": 0.0, "Total Cost": 15640.05, "Plan Rows": 232005, "Plan Width": 24}, {"Node Type": "Hash", "Parent Relationship": "Inner", "Parallel Aware": true, "Async Capable": false, "Startup Cost": 7961.96, "Total Cost": 7961.96, "Plan Rows": 22784, "Plan Width": 7, "Plans": [{"Node Type": "Seq Scan", "Parent Relationship": "Outer", "Parallel Aware": true, "Async Capable": false, "Relation Name": "customer_address", "Alias": "customer_address", "Startup Cost": 0.0, "Total Cost": 7961.96, "Plan Rows": 22784, "Plan Width": 7, "Filter": "(((ca_country)::text = 'United States'::text) AND ((ca_state = ANY ('{UT,TX,MD}'::bpchar[])) OR (ca_state = ANY ('{CO,SD,OH}'::bpchar[])) OR (ca_state = ANY ('{IL,AR,MS}'::bpchar[]))))"}]}]}, {"Node Type": "Index Scan", "Parent Relationship": "Inner", "Parallel Aware": false, "Async Capable": false, "Scan Direction": "Forward", "Index Name": "customer_demographics_pkey", "Relation Name": "customer_demographics", "Alias": "cd1", "Startup Cost": 0.43, "Total Cost": 0.61, "Plan Rows": 1, "Plan Width": 27, "Index Cond": "(cd_demo_sk = web_returns.wr_refunded_cdemo_sk)", "Filter": "(((cd_marital_status = 'D'::bpchar) AND (cd_education_status = 'Primary'::bpchar)) OR ((cd_marital_status = 'S'::bpchar) AND (cd_education_status = '4 yr Degree'::bpchar)) OR ((cd_marital_status = 'U'::bpchar) AND (cd_education_status = 'Secondary'::bpchar)))"}]}, {"Node Type": "Index Scan", "Parent Relationship": "Inner", "Parallel Aware": false, "Async Capable": false, "Scan Direction": "Forward", "Index Name": "customer_demographics_pkey", "Relation Name": "customer_demographics", "Alias": "cd2", "Startup Cost": 0.43, "Total Cost": 0.6, "Plan Rows": 1, "Plan Width": 27, "Index Cond": "(cd_demo_sk = web_returns.wr_returning_cdemo_sk)"}]}, {"Node Type": "Index Scan", "Parent Relationship": "Inner", "Parallel Aware": false, "Async Capable": false, "Scan Direction": "Forward", "Index Name": "web_sales_pkey", "Relation Name": "web_sales", "Alias": "web_sales", "Startup Cost": 0.43, "Total Cost": 1.68, "Plan Rows": 1, "Plan Width": 28, "Index Cond": "((ws_item_sk = web_returns.wr_item_sk) AND (ws_order_number = web_returns.wr_order_number))", "Filter": "((((ws_sales_price >= 100.00) AND (ws_sales_price <= 150.00)) OR ((ws_sales_price >= 50.00) AND (ws_sales_price <= 100.00)) OR ((ws_sales_price >= 150.00) AND (ws_sales_price <= 200.00))) AND (((ws_net_profit >= '100'::numeric) AND (ws_net_profit <= '200'::numeric)) OR ((ws_net_profit >= '150'::numeric) AND (ws_net_profit <= '300'::numeric)) OR ((ws_net_profit >= '50'::numeric) AND (ws_net_profit <= '250'::numeric))))"}]}, {"Node Type": "Index Only Scan", "Parent Relationship": "Inner", "Parallel Aware": false, "Async Capable": false, "Scan Direction": "Forward", "Index Name": "web_page_pkey", "Relation Name": "web_page", "Alias": "web_page", "Startup Cost": 0.14, "Total Cost": 0.16, "Plan Rows": 1, "Plan Width": 4, "Index Cond": "(wp_web_page_sk = web_sales.ws_web_page_sk)"}]}, {"Node Type": "Index Scan", "Parent Relationship": "Inner", "Parallel Aware": false, "Async Capable": false, "Scan Direction": "Forward", "Index Name": "date_dim_pkey", "Relation Name": "date_dim", "Alias": "date_dim", "Startup Cost": 0.29, "Total Cost": 0.33, "Plan Rows": 1, "Plan Width": 4, "Index Cond": "(d_date_sk = web_sales.ws_sold_date_sk)", "Filter": "(d_year = 2001)"}]}, {"Node Type": "Hash", "Parent Relationship": "Inner", "Parallel Aware": false, "Async Capable": false, "Startup Cost": 1.45, "Total Cost": 1.45, "Plan Rows": 45, "Plan Width": 4, "Plans": [{"Node Type": "Seq Scan", "Parent Relationship": "Outer", "Parallel Aware": false, "Async Capable": false, "Relation Name": "reason", "Alias": "reason", "Startup Cost": 0.0, "Total Cost": 1.45, "Plan Rows": 45, "Plan Width": 4}]}]}]}]}}, {"Plan": {"Node Type": "Aggregate", "Strategy": "Plain", "Partial Mode": "Simple", "Parallel Aware": false, "Async Capable": false, "Startup Cost": 59294.26, "Total Cost": 59294.27, "Plan Rows": 1, "Plan Width": 8, "Plans": [{"Node Type": "Nested Loop", "Parent Relationship": "Outer", "Parallel Aware": false, "Async Capable": false, "Join Type": "Inner", "Startup Cost": 9248.62, "Total Cost": 59294.26, "Plan Rows": 1, "Plan Width": 0, "Inner Unique": true, "Plans": [{"Node Type": "Nested Loop", "Parent Relationship": "Outer", "Parallel Aware": false, "Async Capable": false, "Join Type": "Inner", "Startup Cost": 9248.48, "Total Cost": 59294.1, "Plan Rows": 1, "Plan Width": 4, "Inner Unique": true, "Plans": [{"Node Type": "Gather", "Parent Relationship": "Outer", "Parallel Aware": false, "Async Capable": false, "Startup Cost": 9248.19, "Total Cost": 59293.8, "Plan Rows": 0.0, "Plan Width": 8, "Workers Planned": 3, "Single Copy": false, "Plans": [{"Node Type": "Nested Loop", "Parent Relationship": "Outer", "Parallel Aware": false, "Async Capable": false, "Join Type": "Inner", "Startup Cost": 8248.19, "Total Cost": 58293.79, "Plan Rows": 10.0, "Plan Width": 8, "Inner Unique": true, "Plans": [{"Node Type": "Nested Loop", "Parent Relationship": "Outer", "Parallel Aware": false, "Async Capable": false, "Join Type": "Inner", "Startup Cost": 8248.05, "Total Cost": 58293.63, "Plan Rows": 1, "Plan Width": 12, "Inner Unique": true, "Join Filter": "((((customer_address.ca_state = ANY ('{UT,TX,MD}'::bpchar[])) AND (web_sales.ws_net_profit >= '100'::numeric) AND (web_sales.ws_net_profit <= '200'::numeric)) OR ((customer_address.ca_state = ANY ('{CO,SD,OH}'::bpchar[])) AND (web_sales.ws_net_profit >= '150'::numeric) AND (web_sales.ws_net_profit <= '300'::numeric)) OR ((customer_address.ca_state = ANY ('{IL,AR,MS}'::bpchar[])) AND (web_sales.ws_net_profit >= '50'::numeric) AND (web_sales.ws_net_profit <= '250'::numeric))) AND (((cd1.cd_marital_status = 'D'::bpchar) AND (cd1.cd_education_status = 'Primary'::bpchar) AND (web_sales.ws_sales_price >= 100.00) AND (web_sales.ws_sales_price <= 150.00)) OR ((cd1.cd_marital_status = 'S'::bpchar) AND (cd1.cd_education_status = '4 yr Degree'::bpchar) AND (web_sales.ws_sales_price >= 50.00) AND (web_sales.ws_sales_price <= 100.00)) OR ((cd1.cd_marital_status = 'U'::bpchar) AND (cd1.cd_education_status = 'Secondary'::bpchar) AND (web_sales.ws_sales_price >= 150.00) AND (web_sales.ws_sales_price <= 200.00))))", "Plans": [{"Node Type": "Nested Loop", "Parent Relationship": "Outer", "Parallel Aware": false, "Async Capable": false, "Join Type": "Inner", "Startup Cost": 8247.61, "Total Cost": 58082.36, "Plan Rows": 121, "Plan Width": 38, "Inner Unique": true, "Join Filter": "((cd1.cd_marital_status = cd2.cd_marital_status) AND (cd1.cd_education_status = cd2.cd_education_status))", "Plans": [{"Node Type": "Nested Loop", "Parent Relationship": "Outer", "Parallel Aware": false, "Async Capable": false, "Join Type": "Inner", "Startup Cost": 8247.19, "Total Cost": 55493.57, "Plan Rows": 4238, "Plan Width": 42, "Inner Unique": true, "Plans": [{"Node Type": "Hash Join", "Parent Relationship": "Outer", "Parallel Aware": true, "Async Capable": false, "Join Type": "Inner", "Startup Cost": 8246.76, "Total Cost": 24495.84, "Plan Rows": 50745, "Plan Width": 23, "Inner Unique": true, "Hash Cond": "(web_returns.wr_refunded_addr_sk = customer_address.ca_address_sk)", "Plans": [{"Node Type": "Seq Scan", "Parent Relationship": "Outer", "Parallel Aware": true, "Async Capable": false, "Relation Name": "web_returns", "Alias": "web_returns", "Startup Cost": 0.0, "Total Cost": 15640.05, "Plan Rows": 232005, "Plan Width": 24}, {"Node Type": "Hash", "Parent Relationship": "Inner", "Parallel Aware": true, "Async Capable": false, "Startup Cost": 7961.96, "Total Cost": 7961.96, "Plan Rows": 22784, "Plan Width": 7, "Plans": [{"Node Type": "Seq Scan", "Parent Relationship": "Outer", "Parallel Aware": true, "Async Capable": false, "Relation Name": "customer_address", "Alias": "customer_address", "Startup Cost": 0.0, "Total Cost": 7961.96, "Plan Rows": 22784, "Plan Width": 7, "Filter": "(((ca_country)::text = 'United States'::text) AND ((ca_state = ANY ('{UT,TX,MD}'::bpchar[])) OR (ca_state = ANY ('{CO,SD,OH}'::bpchar[])) OR (ca_state = ANY ('{IL,AR,MS}'::bpchar[]))))"}]}]}, {"Node Type": "Index Scan", "Parent Relationship": "Inner", "Parallel Aware": false, "Async Capable": false, "Scan Direction": "Forward", "Index Name": "customer_demographics_pkey", "Relation Name": "customer_demographics", "Alias": "cd1", "Startup Cost": 0.43, "Total Cost": 0.61, "Plan Rows": 1, "Plan Width": 27, "Index Cond": "(cd_demo_sk = web_returns.wr_refunded_cdemo_sk)", "Filter": "(((cd_marital_status = 'D'::bpchar) AND (cd_education_status = 'Primary'::bpchar)) OR ((cd_marital_status = 'S'::bpchar) AND (cd_education_status = '4 yr Degree'::bpchar)) OR ((cd_marital_status = 'U'::bpchar) AND (cd_education_status = 'Secondary'::bpchar)))"}]}, {"Node Type": "Index Scan", "Parent Relationship": "Inner", "Parallel Aware": false, "Async Capable": false, "Scan Direction": "Forward", "Index Name": "customer_demographics_pkey", "Relation Name": "customer_demographics", "Alias": "cd2", "Startup Cost": 0.43, "Total Cost": 0.6, "Plan Rows": 1, "Plan Width": 27, "Index Cond": "(cd_demo_sk = web_returns.wr_returning_cdemo_sk)"}]}, {"Node Type": "Index Scan", "Parent Relationship": "Inner", "Parallel Aware": false, "Async Capable": false, "Scan Direction": "Forward", "Index Name": "web_sales_pkey", "Relation Name": "web_sales", "Alias": "web_sales", "Startup Cost": 0.43, "Total Cost": 1.68, "Plan Rows": 1, "Plan Width": 28, "Index Cond": "((ws_item_sk = web_returns.wr_item_sk) AND (ws_order_number = web_returns.wr_order_number))", "Filter": "((((ws_sales_price >= 100.00) AND (ws_sales_price <= 150.00)) OR ((ws_sales_price >= 50.00) AND (ws_sales_price <= 100.00)) OR ((ws_sales_price >= 150.00) AND (ws_sales_price <= 200.00))) AND (((ws_net_profit >= '100'::numeric) AND (ws_net_profit <= '200'::numeric)) OR ((ws_net_profit >= '150'::numeric) AND (ws_net_profit <= '300'::numeric)) OR ((ws_net_profit >= '50'::numeric) AND (ws_net_profit <= '250'::numeric))))"}]}, {"Node Type": "Index Only Scan", "Parent Relationship": "Inner", "Parallel Aware": false, "Async Capable": false, "Scan Direction": "Forward", "Index Name": "web_page_pkey", "Relation Name": "web_page", "Alias": "web_page", "Startup Cost": 0.14, "Total Cost": 0.16, "Plan Rows": 1, "Plan Width": 4, "Index Cond": "(wp_web_page_sk = web_sales.ws_web_page_sk)"}]}]}, {"Node Type": "Index Scan", "Parent Relationship": "Inner", "Parallel Aware": false, "Async Capable": false, "Scan Direction": "Forward", "Index Name": "date_dim_pkey", "Relation Name": "date_dim", "Alias": "date_dim", "Startup Cost": 0.29, "Total Cost": 0.33, "Plan Rows": 1, "Plan Width": 4, "Index Cond": "(d_date_sk = web_sales.ws_sold_date_sk)", "Filter": "(d_year = 2001)"}]}, {"Node Type": "Index Only Scan", "Parent Relationship": "Inner", "Parallel Aware": false, "Async Capable": false, "Scan Direction": "Forward", "Index Name": "reason_pkey", "Relation Name": "reason", "Alias": "reason", "Startup Cost": 0.14, "Total Cost": 0.16, "Plan Rows": 1, "Plan Width": 4, "Index Cond": "(r_reason_sk = web_returns.wr_reason_sk)"}]}]}}, {"Plan": {"Node Type": "Aggregate", "Strategy": "Plain", "Partial Mode": "Simple", "Parallel Aware": false, "Async Capable": false, "Startup Cost": 59296.33, "Total Cost": 59296.34, "Plan Rows": 1, "Plan Width": 8, "Plans": [{"Node Type": "Nested Loop", "Parent Relationship": "Outer", "Parallel Aware": false, "Async Capable": false, "Join Type": "Inner", "Startup Cost": 9250.5, "Total Cost": 59296.33, "Plan Rows": 1, "Plan Width": 0, "Inner Unique": true, "Plans": [{"Node Type": "Gather", "Parent Relationship": "Outer", "Parallel Aware": false, "Async Capable": false, "Startup Cost": 9250.2, "Total Cost": 59296.0, "Plan Rows": 1, "Plan Width": 4, "Workers Planned": 3, "Single Copy": false, "Plans": [{"Node Type": "Hash Join", "Parent Relationship": "Outer", "Parallel Aware": false, "Async Capable": false, "Join Type": "Inner", "Startup Cost": 8250.2, "Total Cost": 58295.9, "Plan Rows": 1, "Plan Width": 4, "Inner Unique": true, "Hash Cond": "(web_returns.wr_reason_sk = reason.r_reason_sk)", "Plans": [{"Node Type": "Nested Loop", "Parent Relationship": "Outer", "Parallel Aware": false, "Async Capable": false, "Join Type": "Inner", "Startup Cost": 8248.19, "Total Cost": 58293.79, "Plan Rows": 0.32, "Plan Width": 8, "Inner Unique": true, "Plans": [{"Node Type": "Nested Loop", "Parent Relationship": "Outer", "Parallel Aware": false, "Async Capable": false, "Join Type": "Inner", "Startup Cost": 8248.05, "Total Cost": 58293.63, "Plan Rows": 1, "Plan Width": 12, "Inner Unique": true, "Join Filter": "((((customer_address.ca_state = ANY ('{UT,TX,MD}'::bpchar[])) AND (web_sales.ws_net_profit >= '100'::numeric) AND (web_sales.ws_net_profit <= '200'::numeric)) OR ((customer_address.ca_state = ANY ('{CO,SD,OH}'::bpchar[])) AND (web_sales.ws_net_profit >= '150'::numeric) AND (web_sales.ws_net_profit <= '300'::numeric)) OR ((customer_address.ca_state = ANY ('{IL,AR,MS}'::bpchar[])) AND (web_sales.ws_net_profit >= '50'::numeric) AND (web_sales.ws_net_profit <= '250'::numeric))) AND (((cd1.cd_marital_status = 'D'::bpchar) AND (cd1.cd_education_status = 'Primary'::bpchar) AND (web_sales.ws_sales_price >= 100.00) AND (web_sales.ws_sales_price <= 150.00)) OR ((cd1.cd_marital_status = 'S'::bpchar) AND (cd1.cd_education_status = '4 yr Degree'::bpchar) AND (web_sales.ws_sales_price >= 50.00) AND (web_sales.ws_sales_price <= 100.00)) OR ((cd1.cd_marital_status = 'U'::bpchar) AND (cd1.cd_education_status = 'Secondary'::bpchar) AND (web_sales.ws_sales_price >= 150.00) AND (web_sales.ws_sales_price <= 200.00))))", "Plans": [{"Node Type": "Nested Loop", "Parent Relationship": "Outer", "Parallel Aware": false, "Async Capable": false, "Join Type": "Inner", "Startup Cost": 8247.61, "Total Cost": 58082.36, "Plan Rows": 121, "Plan Width": 38, "Inner Unique": true, "Join Filter": "((cd1.cd_marital_status = cd2.cd_marital_status) AND (cd1.cd_education_status = cd2.cd_education_status))", "Plans": [{"Node Type": "Nested Loop", "Parent Relationship": "Outer", "Parallel Aware": false, "Async Capable": false, "Join Type": "Inner", "Startup Cost": 8247.19, "Total Cost": 55493.57, "Plan Rows": 4238, "Plan Width": 42, "Inner Unique": true, "Plans": [{"Node Type": "Hash Join", "Parent Relationship": "Outer", "Parallel Aware": true, "Async Capable": false, "Join Type": "Inner", "Startup Cost": 8246.76, "Total Cost": 24495.84, "Plan Rows": 50745, "Plan Width": 23, "Inner Unique": true, "Hash Cond": "(web_returns.wr_refunded_addr_sk = customer_address.ca_address_sk)", "Plans": [{"Node Type": "Seq Scan", "Parent Relationship": "Outer", "Parallel Aware": true, "Async Capable": false, "Relation Name": "web_returns", "Alias": "web_returns", "Startup Cost": 0.0, "Total Cost": 15640.05, "Plan Rows": 232005, "Plan Width": 24}, {"Node Type": "Hash", "Parent Relationship": "Inner", "Parallel Aware": true, "Async Capable": false, "Startup Cost": 7961.96, "Total Cost": 7961.96, "Plan Rows": 22784, "Plan Width": 7, "Plans": [{"Node Type": "Seq Scan", "Parent Relationship": "Outer", "Parallel Aware": true, "Async Capable": false, "Relation Name": "customer_address", "Alias": "customer_address", "Startup Cost": 0.0, "Total Cost": 7961.96, "Plan Rows": 22784, "Plan Width": 7, "Filter": "(((ca_country)::text = 'United States'::text) AND ((ca_state = ANY ('{UT,TX,MD}'::bpchar[])) OR (ca_state = ANY ('{CO,SD,OH}'::bpchar[])) OR (ca_state = ANY ('{IL,AR,MS}'::bpchar[]))))"}]}]}, {"Node Type": "Index Scan", "Parent Relationship": "Inner", "Parallel Aware": false, "Async Capable": false, "Scan Direction": "Forward", "Index Name": "customer_demographics_pkey", "Relation Name": "customer_demographics", "Alias": "cd1", "Startup Cost": 0.43, "Total Cost": 0.61, "Plan Rows": 1, "Plan Width": 27, "Index Cond": "(cd_demo_sk = web_returns.wr_refunded_cdemo_sk)", "Filter": "(((cd_marital_status = 'D'::bpchar) AND (cd_education_status = 'Primary'::bpchar)) OR ((cd_marital_status = 'S'::bpchar) AND (cd_education_status = '4 yr Degree'::bpchar)) OR ((cd_marital_status = 'U'::bpchar) AND (cd_education_status = 'Secondary'::bpchar)))"}]}, {"Node Type": "Index Scan", "Parent Relationship": "Inner", "Parallel Aware": false, "Async Capable": false, "Scan Direction": "Forward", "Index Name": "customer_demographics_pkey", "Relation Name": "customer_demographics", "Alias": "cd2", "Startup Cost": 0.43, "Total Cost": 0.6, "Plan Rows": 1, "Plan Width": 27, "Index Cond": "(cd_demo_sk = web_returns.wr_returning_cdemo_sk)"}]}, {"Node Type": "Index Scan", "Parent Relationship": "Inner", "Parallel Aware": false, "Async Capable": false, "Scan Direction": "Forward", "Index Name": "web_sales_pkey", "Relation Name": "web_sales", "Alias": "web_sales", "Startup Cost": 0.43, "Total Cost": 1.68, "Plan Rows": 1, "Plan Width": 28, "Index Cond": "((ws_item_sk = web_returns.wr_item_sk) AND (ws_order_number = web_returns.wr_order_number))", "Filter": "((((ws_sales_price >= 100.00) AND (ws_sales_price <= 150.00)) OR ((ws_sales_price >= 50.00) AND (ws_sales_price <= 100.00)) OR ((ws_sales_price >= 150.00) AND (ws_sales_price <= 200.00))) AND (((ws_net_profit >= '100'::numeric) AND (ws_net_profit <= '200'::numeric)) OR ((ws_net_profit >= '150'::numeric) AND (ws_net_profit <= '300'::numeric)) OR ((ws_net_profit >= '50'::numeric) AND (ws_net_profit <= '250'::numeric))))"}]}, {"Node Type": "Index Only Scan", "Parent Relationship": "Inner", "Parallel Aware": false, "Async Capable": false, "Scan Direction": "Forward", "Index Name": "web_page_pkey", "Relation Name": "web_page", "Alias": "web_page", "Startup Cost": 0.14, "Total Cost": 0.16, "Plan Rows": 1, "Plan Width": 4, "Index Cond": "(wp_web_page_sk = web_sales.ws_web_page_sk)"}]}, {"Node Type": "Hash", "Parent Relationship": "Inner", "Parallel Aware": false, "Async Capable": false, "Startup Cost": 1.45, "Total Cost": 1.45, "Plan Rows": 45, "Plan Width": 4, "Plans": [{"Node Type": "Seq Scan", "Parent Relationship": "Outer", "Parallel Aware": false, "Async Capable": false, "Relation Name": "reason", "Alias": "reason", "Startup Cost": 0.0, "Total Cost": 1.45, "Plan Rows": 45, "Plan Width": 4}]}]}]}, {"Node Type": "Index Scan", "Parent Relationship": "Inner", "Parallel Aware": false, "Async Capable": false, "Scan Direction": "Forward", "Index Name": "date_dim_pkey", "Relation Name": "date_dim", "Alias": "date_dim", "Startup Cost": 0.29, "Total Cost": 0.33, "Plan Rows": 1, "Plan Width": 4, "Index Cond": "(d_date_sk = web_sales.ws_sold_date_sk)", "Filter": "(d_year = 2001)"}]}]}}, {"Plan": {"Node Type": "Aggregate", "Strategy": "Plain", "Partial Mode": "Simple", "Parallel Aware": false, "Async Capable": false, "Startup Cost": 59106.28, "Total Cost": 59106.29, "Plan Rows": 1, "Plan Width": 8, "Plans": [{"Node Type": "Nested Loop", "Parent Relationship": "Outer", "Parallel Aware": false, "Async Capable": false, "Join Type": "Inner", "Startup Cost": 9250.5, "Total Cost": 59106.27, "Plan Rows": 1, "Plan Width": 0, "Inner Unique": true, "Plans": [{"Node Type": "Nested Loop", "Parent Relationship": "Outer", "Parallel Aware": false, "Async Capable": false, "Join Type": "Inner", "Startup Cost": 9250.2, "Total Cost": 59105.94, "Plan Rows": 1, "Plan Width": 4, "Inner Unique": true, "Plans": [{"Node Type": "Gather", "Parent Relationship": "Outer", "Parallel Aware": false, "Async Capable": false, "Startup Cost": 9250.06, "Total Cost": 59105.78, "Plan Rows": 1, "Plan Width": 8, "Workers Planned": 3, "Single Copy": false, "Plans": [{"Node Type": "Nested Loop", "Parent Relationship": "Outer", "Parallel Aware": false, "Async Capable": false, "Join Type": "Inner", "Startup Cost": 8250.06, "Total Cost": 58105.68, "Plan Rows": 1, "Plan Width": 8, "Inner Unique": true, "Join Filter": "((((customer_address.ca_state = ANY ('{UT,TX,MD}'::bpchar[])) AND (web_sales.ws_net_profit >= '100'::numeric) AND (web_sales.ws_net_profit <= '200'::numeric)) OR ((customer_address.ca_state = ANY ('{CO,SD,OH}'::bpchar[])) AND (web_sales.ws_net_profit >= '150'::numeric) AND (web_sales.ws_net_profit <= '300'::numeric)) OR ((customer_address.ca_state = ANY ('{IL,AR,MS}'::bpchar[])) AND (web_sales.ws_net_profit >= '50'::numeric) AND (web_sales.ws_net_profit <= '250'::numeric))) AND (((cd1.cd_marital_status = 'D'::bpchar) AND (cd1.cd_education_status = 'Primary'::bpchar) AND (web_sales.ws_sales_price >= 100.00) AND (web_sales.ws_sales_price <= 150.00)) OR ((cd1.cd_marital_status = 'S'::bpchar) AND (cd1.cd_education_status = '4 yr Degree'::bpchar) AND (web_sales.ws_sales_price >= 50.00) AND (web_sales.ws_sales_price <= 100.00)) OR ((cd1.cd_marital_status = 'U'::bpchar) AND (cd1.cd_education_status = 'Secondary'::bpchar) AND (web_sales.ws_sales_price >= 150.00) AND (web_sales.ws_sales_price <= 200.00))))", "Plans": [{"Node Type": "Hash Join", "Parent Relationship": "Outer", "Parallel Aware": false, "Async Capable": false, "Join Type": "Inner", "Startup Cost": 8249.63, "Total Cost": 58084.73, "Plan Rows": 120.0, "Plan Width": 34, "Inner Unique": true, "Hash Cond": "(web_returns.wr_reason_sk = reason.r_reason_sk)", "Plans": [{"Node Type": "Nested Loop", "Parent Relationship": "Outer", "Parallel Aware": false, "Async Capable": false, "Join Type": "Inner", "Startup Cost": 8247.61, "Total Cost": 58082.36, "Plan Rows": 121, "Plan Width": 38, "Inner Unique": true, "Join Filter": "((cd1.cd_marital_status = cd2.cd_marital_status) AND (cd1.cd_education_status = cd2.cd_education_status))", "Plans": [{"Node Type": "Nested Loop", "Parent Relationship": "Outer", "Parallel Aware": false, "Async Capable": false, "Join Type": "Inner", "Startup Cost": 8247.19, "Total Cost": 55493.57, "Plan Rows": 4238, "Plan Width": 42, "Inner Unique": true, "Plans": [{"Node Type": "Hash Join", "Parent Relationship": "Outer", "Parallel Aware": true, "Async Capable": false, "Join Type": "Inner", "Startup Cost": 8246.76, "Total Cost": 24495.84, "Plan Rows": 50745, "Plan Width": 23, "Inner Unique": true, "Hash Cond": "(web_returns.wr_refunded_addr_sk = customer_address.ca_address_sk)", "Plans": [{"Node Type": "Seq Scan", "Parent Relationship": "Outer", "Parallel Aware": true, "Async Capable": false, "Relation Name": "web_returns", "Alias": "web_returns", "Startup Cost": 0.0, "Total Cost": 15640.05, "Plan Rows": 232005, "Plan Width": 24}, {"Node Type": "Hash", "Parent Relationship": "Inner", "Parallel Aware": true, "Async Capable": false, "Startup Cost": 7961.96, "Total Cost": 7961.96, "Plan Rows": 22784, "Plan Width": 7, "Plans": [{"Node Type": "Seq Scan", "Parent Relationship": "Outer", "Parallel Aware": true, "Async Capable": false, "Relation Name": "customer_address", "Alias": "customer_address", "Startup Cost": 0.0, "Total Cost": 7961.96, "Plan Rows": 22784, "Plan Width": 7, "Filter": "(((ca_country)::text = 'United States'::text) AND ((ca_state = ANY ('{UT,TX,MD}'::bpchar[])) OR (ca_state = ANY ('{CO,SD,OH}'::bpchar[])) OR (ca_state = ANY ('{IL,AR,MS}'::bpchar[]))))"}]}]}, {"Node Type": "Index Scan", "Parent Relationship": "Inner", "Parallel Aware": false, "Async Capable": false, "Scan Direction": "Forward", "Index Name": "customer_demographics_pkey", "Relation Name": "customer_demographics", "Alias": "cd1", "Startup Cost": 0.43, "Total Cost": 0.61, "Plan Rows": 1, "Plan Width": 27, "Index Cond": "(cd_demo_sk = web_returns.wr_refunded_cdemo_sk)", "Filter": "(((cd_marital_status = 'D'::bpchar) AND (cd_education_status = 'Primary'::bpchar)) OR ((cd_marital_status = 'S'::bpchar) AND (cd_education_status = '4 yr Degree'::bpchar)) OR ((cd_marital_status = 'U'::bpchar) AND (cd_education_status = 'Secondary'::bpchar)))"}]}, {"Node Type": "Index Scan", "Parent Relationship": "Inner", "Parallel Aware": false, "Async Capable": false, "Scan Direction": "Forward", "Index Name": "customer_demographics_pkey", "Relation Name": "customer_demographics", "Alias": "cd2", "Startup Cost": 0.43, "Total Cost": 0.6, "Plan Rows": 1, "Plan Width": 27, "Index Cond": "(cd_demo_sk = web_returns.wr_returning_cdemo_sk)"}]}, {"Node Type": "Hash", "Parent Relationship": "Inner", "Parallel Aware": false, "Async Capable": false, "Startup Cost": 1.45, "Total Cost": 1.45, "Plan Rows": 45, "Plan Width": 4, "Plans": [{"Node Type": "Seq Scan", "Parent Relationship": "Outer", "Parallel Aware": false, "Async Capable": false, "Relation Name": "reason", "Alias": "reason", "Startup Cost": 0.0, "Total Cost": 1.45, "Plan Rows": 45, "Plan Width": 4}]}]}, {"Node Type": "Index Scan", "Parent Relationship": "Inner", "Parallel Aware": false, "Async Capable": false, "Scan Direction": "Forward", "Index Name": "web_sales_pkey", "Relation Name": "web_sales", "Alias": "web_sales", "Startup Cost": 0.43, "Total Cost": 1.68, "Plan Rows": 1, "Plan Width": 28, "Index Cond": "((ws_item_sk = web_returns.wr_item_sk) AND (ws_order_number = web_returns.wr_order_number))", "Filter": "((((ws_sales_price >= 100.00) AND (ws_sales_price <= 150.00)) OR ((ws_sales_price >= 50.00) AND (ws_sales_price <= 100.00)) OR ((ws_sales_price >= 150.00) AND (ws_sales_price <= 200.00))) AND (((ws_net_profit >= '100'::numeric) AND (ws_net_profit <= '200'::numeric)) OR ((ws_net_profit >= '150'::numeric) AND (ws_net_profit <= '300'::numeric)) OR ((ws_net_profit >= '50'::numeric) AND (ws_net_profit <= '250'::numeric))))"}]}]}, {"Node Type": "Index Only Scan", "Parent Relationship": "Inner", "Parallel Aware": false, "Async Capable": false, "Scan Direction": "Forward", "Index Name": "web_page_pkey", "Relation Name": "web_page", "Alias": "web_page", "Startup Cost": 0.14, "Total Cost": 0.16, "Plan Rows": 1, "Plan Width": 4, "Index Cond": "(wp_web_page_sk = web_sales.ws_web_page_sk)"}]}, {"Node Type": "Index Scan", "Parent Relationship": "Inner", "Parallel Aware": false, "Async Capable": false, "Scan Direction": "Forward", "Index Name": "date_dim_pkey", "Relation Name": "date_dim", "Alias": "date_dim", "Startup Cost": 0.29, "Total Cost": 0.33, "Plan Rows": 1, "Plan Width": 4, "Index Cond": "(d_date_sk = web_sales.ws_sold_date_sk)", "Filter": "(d_year = 2001)"}]}]}}, {"Plan": {"Node Type": "Aggregate", "Strategy": "Plain", "Partial Mode": "Simple", "Parallel Aware": false, "Async Capable": false, "Startup Cost": 59296.33, "Total Cost": 59296.34, "Plan Rows": 1, "Plan Width": 8, "Plans": [{"Node Type": "Nested Loop", "Parent Relationship": "Outer", "Parallel Aware": false, "Async Capable": false, "Join Type": "Inner", "Startup Cost": 9250.5, "Total Cost": 59296.33, "Plan Rows": 1, "Plan Width": 0, "Inner Unique": true, "Plans": [{"Node Type": "Nested Loop", "Parent Relationship": "Outer", "Parallel Aware": false, "Async Capable": false, "Join Type": "Inner", "Startup Cost": 9250.2, "Total Cost": 59296.0, "Plan Rows": 1, "Plan Width": 4, "Inner Unique": true, "Plans": [{"Node Type": "Gather", "Parent Relationship": "Outer", "Parallel Aware": false, "Async Capable": false, "Startup Cost": 9250.06, "Total Cost": 59295.84, "Plan Rows": 1, "Plan Width": 8, "Workers Planned": 3, "Single Copy": false, "Plans": [{"Node Type": "Hash Join", "Parent Relationship": "Outer", "Parallel Aware": false, "Async Capable": false, "Join Type": "Inner", "Startup Cost": 8250.06, "Total Cost": 58295.74, "Plan Rows": 1, "Plan Width": 8, "Inner Unique": true, "Hash Cond": "(web_returns.wr_reason_sk = reason.r_reason_sk)", "Plans": [{"Node Type": "Nested Loop", "Parent Relationship": "Outer", "Parallel Aware": false, "Async Capable": false, "Join Type": "Inner", "Startup Cost": 8248.05, "Total Cost": 58293.63, "Plan Rows": 0.32, "Plan Width": 12, "Inner Unique": true, "Join Filter": "((((customer_address.ca_state = ANY ('{UT,TX,MD}'::bpchar[])) AND (web_sales.ws_net_profit >= '100'::numeric) AND (web_sales.ws_net_profit <= '200'::numeric)) OR ((customer_address.ca_state = ANY ('{CO,SD,OH}'::bpchar[])) AND (web_sales.ws_net_profit >= '150'::numeric) AND (web_sales.ws_net_profit <= '300'::numeric)) OR ((customer_address.ca_state = ANY ('{IL,AR,MS}'::bpchar[])) AND (web_sales.ws_net_profit >= '50'::numeric) AND (web_sales.ws_net_profit <= '250'::numeric))) AND (((cd1.cd_marital_status = 'D'::bpchar) AND (cd1.cd_education_status = 'Primary'::bpchar) AND (web_sales.ws_sales_price >= 100.00) AND (web_sales.ws_sales_price <= 150.00)) OR ((cd1.cd_marital_status = 'S'::bpchar) AND (cd1.cd_education_status = '4 yr Degree'::bpchar) AND (web_sales.ws_sales_price >= 50.00) AND (web_sales.ws_sales_price <= 100.00)) OR ((cd1.cd_marital_status = 'U'::bpchar) AND (cd1.cd_education_status = 'Secondary'::bpchar) AND (web_sales.ws_sales_price >= 150.00) AND (web_sales.ws_sales_price <= 200.00))))", "Plans": [{"Node Type": "Nested Loop", "Parent Relationship": "Outer", "Parallel Aware": false, "Async Capable": false, "Join Type": "Inner", "Startup Cost": 8247.61, "Total Cost": 58082.36, "Plan Rows": 121, "Plan Width": 38, "Inner Unique": true, "Join Filter": "((cd1.cd_marital_status = cd2.cd_marital_status) AND (cd1.cd_education_status = cd2.cd_education_status))", "Plans": [{"Node Type": "Nested Loop", "Parent Relationship": "Outer", "Parallel Aware": false, "Async Capable": false, "Join Type": "Inner", "Startup Cost": 8247.19, "Total Cost": 55493.57, "Plan Rows": 4238, "Plan Width": 42, "Inner Unique": true, "Plans": [{"Node Type": "Hash Join", "Parent Relationship": "Outer", "Parallel Aware": true, "Async Capable": false, "Join Type": "Inner", "Startup Cost": 8246.76, "Total Cost": 24495.84, "Plan Rows": 50745, "Plan Width": 23, "Inner Unique": true, "Hash Cond": "(web_returns.wr_refunded_addr_sk = customer_address.ca_address_sk)", "Plans": [{"Node Type": "Seq Scan", "Parent Relationship": "Outer", "Parallel Aware": true, "Async Capable": false, "Relation Name": "web_returns", "Alias": "web_returns", "Startup Cost": 0.0, "Total Cost": 15640.05, "Plan Rows": 232005, "Plan Width": 24}, {"Node Type": "Hash", "Parent Relationship": "Inner", "Parallel Aware": true, "Async Capable": false, "Startup Cost": 7961.96, "Total Cost": 7961.96, "Plan Rows": 22784, "Plan Width": 7, "Plans": [{"Node Type": "Seq Scan", "Parent Relationship": "Outer", "Parallel Aware": true, "Async Capable": false, "Relation Name": "customer_address", "Alias": "customer_address", "Startup Cost": 0.0, "Total Cost": 7961.96, "Plan Rows": 22784, "Plan Width": 7, "Filter": "(((ca_country)::text = 'United States'::text) AND ((ca_state = ANY ('{UT,TX,MD}'::bpchar[])) OR (ca_state = ANY ('{CO,SD,OH}'::bpchar[])) OR (ca_state = ANY ('{IL,AR,MS}'::bpchar[]))))"}]}]}, {"Node Type": "Index Scan", "Parent Relationship": "Inner", "Parallel Aware": false, "Async Capable": false, "Scan Direction": "Forward", "Index Name": "customer_demographics_pkey", "Relation Name": "customer_demographics", "Alias": "cd1", "Startup Cost": 0.43, "Total Cost": 0.61, "Plan Rows": 1, "Plan Width": 27, "Index Cond": "(cd_demo_sk = web_returns.wr_refunded_cdemo_sk)", "Filter": "(((cd_marital_status = 'D'::bpchar) AND (cd_education_status = 'Primary'::bpchar)) OR ((cd_marital_status = 'S'::bpchar) AND (cd_education_status = '4 yr Degree'::bpchar)) OR ((cd_marital_status = 'U'::bpchar) AND (cd_education_status = 'Secondary'::bpchar)))"}]}, {"Node Type": "Index Scan", "Parent Relationship": "Inner", "Parallel Aware": false, "Async Capable": false, "Scan Direction": "Forward", "Index Name": "customer_demographics_pkey", "Relation Name": "customer_demographics", "Alias": "cd2", "Startup Cost": 0.43, "Total Cost": 0.6, "Plan Rows": 1, "Plan Width": 27, "Index Cond": "(cd_demo_sk = web_returns.wr_returning_cdemo_sk)"}]}, {"Node Type": "Index Scan", "Parent Relationship": "Inner", "Parallel Aware": false, "Async Capable": false, "Scan Direction": "Forward", "Index Name": "web_sales_pkey", "Relation Name": "web_sales", "Alias": "web_sales", "Startup Cost": 0.43, "Total Cost": 1.68, "Plan Rows": 1, "Plan Width": 28, "Index Cond": "((ws_item_sk = web_returns.wr_item_sk) AND (ws_order_number = web_returns.wr_order_number))", "Filter": "((((ws_sales_price >= 100.00) AND (ws_sales_price <= 150.00)) OR ((ws_sales_price >= 50.00) AND (ws_sales_price <= 100.00)) OR ((ws_sales_price >= 150.00) AND (ws_sales_price <= 200.00))) AND (((ws_net_profit >= '100'::numeric) AND (ws_net_profit <= '200'::numeric)) OR ((ws_net_profit >= '150'::numeric) AND (ws_net_profit <= '300'::numeric)) OR ((ws_net_profit >= '50'::numeric) AND (ws_net_profit <= '250'::numeric))))"}]}, {"Node Type": "Hash", "Parent Relationship": "Inner", "Parallel Aware": false, "Async Capable": false, "Startup Cost": 1.45, "Total Cost": 1.45, "Plan Rows": 45, "Plan Width": 4, "Plans": [{"Node Type": "Seq Scan", "Parent Relationship": "Outer", "Parallel Aware": false, "Async Capable": false, "Relation Name": "reason", "Alias": "reason", "Startup Cost": 0.0, "Total Cost": 1.45, "Plan Rows": 45, "Plan Width": 4}]}]}]}, {"Node Type": "Index Only Scan", "Parent Relationship": "Inner", "Parallel Aware": false, "Async Capable": false, "Scan Direction": "Forward", "Index Name": "web_page_pkey", "Relation Name": "web_page", "Alias": "web_page", "Startup Cost": 0.14, "Total Cost": 0.16, "Plan Rows": 1, "Plan Width": 4, "Index Cond": "(wp_web_page_sk = web_sales.ws_web_page_sk)"}]}, {"Node Type": "Index Scan", "Parent Relationship": "Inner", "Parallel Aware": false, "Async Capable": false, "Scan Direction": "Forward", "Index Name": "date_dim_pkey", "Relation Name": "date_dim", "Alias": "date_dim", "Startup Cost": 0.29, "Total Cost": 0.33, "Plan Rows": 1, "Plan Width": 4, "Index Cond": "(d_date_sk = web_sales.ws_sold_date_sk)", "Filter": "(d_year = 2001)"}]}]}}, {"Plan": {"Node Type": "Aggregate", "Strategy": "Plain", "Partial Mode": "Simple", "Parallel Aware": false, "Async Capable": false, "Startup Cost": 59294.7, "Total Cost": 59294.71, "Plan Rows": 1, "Plan Width": 8, "Plans": [{"Node Type": "Nested Loop", "Parent Relationship": "Outer", "Parallel Aware": false, "Async Capable": false, "Join Type": "Inner", "Startup Cost": 9248.62, "Total Cost": 59294.7, "Plan Rows": 1, "Plan Width": 0, "Inner Unique": true, "Plans": [{"Node Type": "Nested Loop", "Parent Relationship": "Outer", "Parallel Aware": false, "Async Capable": false, "Join Type": "Inner", "Startup Cost": 9248.33, "Total Cost": 59294.36, "Plan Rows": 1, "Plan Width": 4, "Inner Unique": true, "Plans": [{"Node Type": "Gather", "Parent Relationship": "Outer", "Parallel Aware": false, "Async Capable": false, "Startup Cost": 9248.19, "Total Cost": 59294.2, "Plan Rows": 1, "Plan Width": 8, "Workers Planned": 3, "Single Copy": false, "Plans": [{"Node Type": "Nested Loop", "Parent Relationship": "Outer", "Parallel Aware": false, "Async Capable": false, "Join Type": "Inner", "Startup Cost": 8248.19, "Total Cost": 58294.1, "Plan Rows": 1, "Plan Width": 8, "Inner Unique": true, "Plans": [{"Node Type": "Nested Loop", "Parent Relationship": "Outer", "Parallel Aware": false, "Async Capable": false, "Join Type": "Inner", "Startup Cost": 8248.05, "Total Cost": 58293.63, "Plan Rows": 0.3, "Plan Width": 12, "Inner Unique": true, "Join Filter": "((((customer_address.ca_state = ANY ('{UT,TX,MD}'::bpchar[])) AND (web_sales.ws_net_profit >= '100'::numeric) AND (web_sales.ws_net_profit <= '200'::numeric)) OR ((customer_address.ca_state = ANY ('{CO,SD,OH}'::bpchar[])) AND (web_sales.ws_net_profit >= '150'::numeric) AND (web_sales.ws_net_profit <= '300'::numeric)) OR ((customer_address.ca_state = ANY ('{IL,AR,MS}'::bpchar[])) AND (web_sales.ws_net_profit >= '50'::numeric) AND (web_sales.ws_net_profit <= '250'::numeric))) AND (((cd1.cd_marital_status = 'D'::bpchar) AND (cd1.cd_education_status = 'Primary'::bpchar) AND (web_sales.ws_sales_price >= 100.00) AND (web_sales.ws_sales_price <= 150.00)) OR ((cd1.cd_marital_status = 'S'::bpchar) AND (cd1.cd_education_status = '4 yr Degree'::bpchar) AND (web_sales.ws_sales_price >= 50.00) AND (web_sales.ws_sales_price <= 100.00)) OR ((cd1.cd_marital_status = 'U'::bpchar) AND (cd1.cd_education_status = 'Secondary'::bpchar) AND (web_sales.ws_sales_price >= 150.00) AND (web_sales.ws_sales_price <= 200.00))))", "Plans": [{"Node Type": "Nested Loop", "Parent Relationship": "Outer", "Parallel Aware": false, "Async Capable": false, "Join Type": "Inner", "Startup Cost": 8247.61, "Total Cost": 58082.36, "Plan Rows": 121, "Plan Width": 38, "Inner Unique": true, "Join Filter": "((cd1.cd_marital_status = cd2.cd_marital_status) AND (cd1.cd_education_status = cd2.cd_education_status))", "Plans": [{"Node Type": "Nested Loop", "Parent Relationship": "Outer", "Parallel Aware": false, "Async Capable": false, "Join Type": "Inner", "Startup Cost": 8247.19, "Total Cost": 55493.57, "Plan Rows": 4238, "Plan Width": 42, "Inner Unique": true, "Plans": [{"Node Type": "Hash Join", "Parent Relationship": "Outer", "Parallel Aware": true, "Async Capable": false, "Join Type": "Inner", "Startup Cost": 8246.76, "Total Cost": 24495.84, "Plan Rows": 50745, "Plan Width": 23, "Inner Unique": true, "Hash Cond": "(web_returns.wr_refunded_addr_sk = customer_address.ca_address_sk)", "Plans": [{"Node Type": "Seq Scan", "Parent Relationship": "Outer", "Parallel Aware": true, "Async Capable": false, "Relation Name": "web_returns", "Alias": "web_returns", "Startup Cost": 0.0, "Total Cost": 15640.05, "Plan Rows": 232005, "Plan Width": 24}, {"Node Type": "Hash", "Parent Relationship": "Inner", "Parallel Aware": true, "Async Capable": false, "Startup Cost": 7961.96, "Total Cost": 7961.96, "Plan Rows": 22784, "Plan Width": 7, "Plans": [{"Node Type": "Seq Scan", "Parent Relationship": "Outer", "Parallel Aware": true, "Async Capable": false, "Relation Name": "customer_address", "Alias": "customer_address", "Startup Cost": 0.0, "Total Cost": 7961.96, "Plan Rows": 22784, "Plan Width": 7, "Filter": "(((ca_country)::text = 'United States'::text) AND ((ca_state = ANY ('{UT,TX,MD}'::bpchar[])) OR (ca_state = ANY ('{CO,SD,OH}'::bpchar[])) OR (ca_state = ANY ('{IL,AR,MS}'::bpchar[]))))"}]}]}, {"Node Type": "Index Scan", "Parent Relationship": "Inner", "Parallel Aware": false, "Async Capable": false, "Scan Direction": "Forward", "Index Name": "customer_demographics_pkey", "Relation Name": "customer_demographics", "Alias": "cd1", "Startup Cost": 0.43, "Total Cost": 0.61, "Plan Rows": 1, "Plan Width": 27, "Index Cond": "(cd_demo_sk = web_returns.wr_refunded_cdemo_sk)", "Filter": "(((cd_marital_status = 'D'::bpchar) AND (cd_education_status = 'Primary'::bpchar)) OR ((cd_marital_status = 'S'::bpchar) AND (cd_education_status = '4 yr Degree'::bpchar)) OR ((cd_marital_status = 'U'::bpchar) AND (cd_education_status = 'Secondary'::bpchar)))"}]}, {"Node Type": "Index Scan", "Parent Relationship": "Inner", "Parallel Aware": false, "Async Capable": false, "Scan Direction": "Forward", "Index Name": "customer_demographics_pkey", "Relation Name": "customer_demographics", "Alias": "cd2", "Startup Cost": 0.43, "Total Cost": 0.6, "Plan Rows": 1, "Plan Width": 27, "Index Cond": "(cd_demo_sk = web_returns.wr_returning_cdemo_sk)"}]}, {"Node Type": "Index Scan", "Parent Relationship": "Inner", "Parallel Aware": false, "Async Capable": false, "Scan Direction": "Forward", "Index Name": "web_sales_pkey", "Relation Name": "web_sales", "Alias": "web_sales", "Startup Cost": 0.43, "Total Cost": 1.68, "Plan Rows": 1, "Plan Width": 28, "Index Cond": "((ws_item_sk = web_returns.wr_item_sk) AND (ws_order_number = web_returns.wr_order_number))", "Filter": "((((ws_sales_price >= 100.00) AND (ws_sales_price <= 150.00)) OR ((ws_sales_price >= 50.00) AND (ws_sales_price <= 100.00)) OR ((ws_sales_price >= 150.00) AND (ws_sales_price <= 200.00))) AND (((ws_net_profit >= '100'::numeric) AND (ws_net_profit <= '200'::numeric)) OR ((ws_net_profit >= '150'::numeric) AND (ws_net_profit <= '300'::numeric)) OR ((ws_net_profit >= '50'::numeric) AND (ws_net_profit <= '250'::numeric))))"}]}, {"Node Type": "Index Only Scan", "Parent Relationship": "Inner", "Parallel Aware": false, "Async Capable": false, "Scan Direction": "Forward", "Index Name": "reason_pkey", "Relation Name": "reason", "Alias": "reason", "Startup Cost": 0.14, "Total Cost": 0.16, "Plan Rows": 1, "Plan Width": 4, "Index Cond": "(r_reason_sk = web_returns.wr_reason_sk)"}]}]}, {"Node Type": "Index Only Scan", "Parent Relationship": "Inner", "Parallel Aware": false, "Async Capable": false, "Scan Direction": "Forward", "Index Name": "web_page_pkey", "Relation Name": "web_page", "Alias": "web_page", "Startup Cost": 0.14, "Total Cost": 0.16, "Plan Rows": 1, "Plan Width": 4, "Index Cond": "(wp_web_page_sk = web_sales.ws_web_page_sk)"}]}, {"Node Type": "Index Scan", "Parent Relationship": "Inner", "Parallel Aware": false, "Async Capable": false, "Scan Direction": "Forward", "Index Name": "date_dim_pkey", "Relation Name": "date_dim", "Alias": "date_dim", "Startup Cost": 0.29, "Total Cost": 0.33, "Plan Rows": 1, "Plan Width": 4, "Index Cond": "(d_date_sk = web_sales.ws_sold_date_sk)", "Filter": "(d_year = 2001)"}]}]}}, {"Plan": {"Node Type": "Aggregate", "Strategy": "Plain", "Partial Mode": "Simple", "Parallel Aware": false, "Async Capable": false, "Startup Cost": 56978.57, "Total Cost": 56978.58, "Plan Rows": 1, "Plan Width": 8, "Plans": [{"Node Type": "Nested Loop", "Parent Relationship": "Outer", "Parallel Aware": false, "Async Capable": false, "Join Type": "Inner", "Startup Cost": 9250.5, "Total Cost": 56978.57, "Plan Rows": 1, "Plan Width": 0, "Inner Unique": true, "Plans": [{"Node Type": "Nested Loop", "Parent Relationship": "Outer", "Parallel Aware": false, "Async Capable": false, "Join Type": "Inner", "Startup Cost": 9250.2, "Total Cost": 56978.24, "Plan Rows": 1, "Plan Width": 4, "Inner Unique": true, "Plans": [{"Node Type": "Gather", "Parent Relationship": "Outer", "Parallel Aware": false, "Async Capable": false, "Startup Cost": 9250.06, "Total Cost": 56978.07, "Plan Rows": 1, "Plan Width": 8, "Workers Planned": 3, "Single Copy": false, "Plans": [{"Node Type": "Nested Loop", "Parent Relationship": "Outer", "Parallel Aware": false, "Async Capable": false, "Join Type": "Inner", "Startup Cost": 8250.06, "Total Cost": 55977.97, "Plan Rows": 1, "Plan Width": 8, "Inner Unique": true, "Join Filter": "((((customer_address.ca_state = ANY ('{UT,TX,MD}'::bpchar[])) AND (web_sales.ws_net_profit >= '100'::numeric) AND (web_sales.ws_net_profit <= '200'::numeric)) OR ((customer_address.ca_state = ANY ('{CO,SD,OH}'::bpchar[])) AND (web_sales.ws_net_profit >= '150'::numeric) AND (web_sales.ws_net_profit <= '300'::numeric)) OR ((customer_address.ca_state = ANY ('{IL,AR,MS}'::bpchar[])) AND (web_sales.ws_net_profit >= '50'::numeric) AND (web_sales.ws_net_profit <= '250'::numeric))) AND (((cd1.cd_marital_status = 'D'::bpchar) AND (cd1.cd_education_status = 'Primary'::bpchar) AND (web_sales.ws_sales_price >= 100.00) AND (web_sales.ws_sales_price <= 150.00)) OR ((cd1.cd_marital_status = 'S'::bpchar) AND (cd1.cd_education_status = '4 yr Degree'::bpchar) AND (web_sales.ws_sales_price >= 50.00) AND (web_sales.ws_sales_price <= 100.00)) OR ((cd1.cd_marital_status = 'U'::bpchar) AND (cd1.cd_education_status = 'Secondary'::bpchar) AND (web_sales.ws_sales_price >= 150.00) AND (web_sales.ws_sales_price <= 200.00))))", "Plans": [{"Node Type": "Nested Loop", "Parent Relationship": "Outer", "Parallel Aware": false, "Async Capable": false, "Join Type": "Inner", "Startup Cost": 8249.63, "Total Cost": 55766.71, "Plan Rows": 121, "Plan Width": 34, "Inner Unique": true, "Join Filter": "((cd1.cd_marital_status = cd2.cd_marital_status) AND (cd1.cd_education_status = cd2.cd_education_status))", "Plans": [{"Node Type": "Hash Join", "Parent Relationship": "Outer", "Parallel Aware": false, "Async Capable": false, "Join Type": "Inner", "Startup Cost": 8249.2, "Total Cost": 55507.71, "Plan Rows": 4240.0, "Plan Width": 38, "Inner Unique": true, "Hash Cond": "(web_returns.wr_reason_sk = reason.r_reason_sk)", "Plans": [{"Node Type": "Nested Loop", "Parent Relationship": "Outer", "Parallel Aware": false, "Async Capable": false, "Join Type": "Inner", "Startup Cost": 8247.19, "Total Cost": 55493.57, "Plan Rows": 4238, "Plan Width": 42, "Inner Unique": true, "Plans": [{"Node Type": "Hash Join", "Parent Relationship": "Outer", "Parallel Aware": true, "Async Capable": false, "Join Type": "Inner", "Startup Cost": 8246.76, "Total Cost": 24495.84, "Plan Rows": 50745, "Plan Width": 23, "Inner Unique": true, "Hash Cond": "(web_returns.wr_refunded_addr_sk = customer_address.ca_address_sk)", "Plans": [{"Node Type": "Seq Scan", "Parent Relationship": "Outer", "Parallel Aware": true, "Async Capable": false, "Relation Name": "web_returns", "Alias": "web_returns", "Startup Cost": 0.0, "Total Cost": 15640.05, "Plan Rows": 232005, "Plan Width": 24}, {"Node Type": "Hash", "Parent Relationship": "Inner", "Parallel Aware": true, "Async Capable": false, "Startup Cost": 7961.96, "Total Cost": 7961.96, "Plan Rows": 22784, "Plan Width": 7, "Plans": [{"Node Type": "Seq Scan", "Parent Relationship": "Outer", "Parallel Aware": true, "Async Capable": false, "Relation Name": "customer_address", "Alias": "customer_address", "Startup Cost": 0.0, "Total Cost": 7961.96, "Plan Rows": 22784, "Plan Width": 7, "Filter": "(((ca_country)::text = 'United States'::text) AND ((ca_state = ANY ('{UT,TX,MD}'::bpchar[])) OR (ca_state = ANY ('{CO,SD,OH}'::bpchar[])) OR (ca_state = ANY ('{IL,AR,MS}'::bpchar[]))))"}]}]}, {"Node Type": "Index Scan", "Parent Relationship": "Inner", "Parallel Aware": false, "Async Capable": false, "Scan Direction": "Forward", "Index Name": "customer_demographics_pkey", "Relation Name": "customer_demographics", "Alias": "cd1", "Startup Cost": 0.43, "Total Cost": 0.61, "Plan Rows": 1, "Plan Width": 27, "Index Cond": "(cd_demo_sk = web_returns.wr_refunded_cdemo_sk)", "Filter": "(((cd_marital_status = 'D'::bpchar) AND (cd_education_status = 'Primary'::bpchar)) OR ((cd_marital_status = 'S'::bpchar) AND (cd_education_status = '4 yr Degree'::bpchar)) OR ((cd_marital_status = 'U'::bpchar) AND (cd_education_status = 'Secondary'::bpchar)))"}]}, {"Node Type": "Hash", "Parent Relationship": "Inner", "Parallel Aware": false, "Async Capable": false, "Startup Cost": 1.45, "Total Cost": 1.45, "Plan Rows": 45, "Plan Width": 4, "Plans": [{"Node Type": "Seq Scan", "Parent Relationship": "Outer", "Parallel Aware": false, "Async Capable": false, "Relation Name": "reason", "Alias": "reason", "Startup Cost": 0.0, "Total Cost": 1.45, "Plan Rows": 45, "Plan Width": 4}]}]}, {"Node Type": "Index Scan", "Parent Relationship": "Inner", "Parallel Aware": false, "Async Capable": false, "Scan Direction": "Forward", "Index Name": "customer_demographics_pkey", "Relation Name": "customer_demographics", "Alias": "cd2", "Startup Cost": 0.43, "Total Cost": 0.6, "Plan Rows": 1, "Plan Width": 27, "Index Cond": "(cd_demo_sk = web_returns.wr_returning_cdemo_sk)"}]}, {"Node Type": "Index Scan", "Parent Relationship": "Inner", "Parallel Aware": false, "Async Capable": false, "Scan Direction": "Forward", "Index Name": "web_sales_pkey", "Relation Name": "web_sales", "Alias": "web_sales", "Startup Cost": 0.43, "Total Cost": 1.68, "Plan Rows": 1, "Plan Width": 28, "Index Cond": "((ws_item_sk = web_returns.wr_item_sk) AND (ws_order_number = web_returns.wr_order_number))", "Filter": "((((ws_sales_price >= 100.00) AND (ws_sales_price <= 150.00)) OR ((ws_sales_price >= 50.00) AND (ws_sales_price <= 100.00)) OR ((ws_sales_price >= 150.00) AND (ws_sales_price <= 200.00))) AND (((ws_net_profit >= '100'::numeric) AND (ws_net_profit <= '200'::numeric)) OR ((ws_net_profit >= '150'::numeric) AND (ws_net_profit <= '300'::numeric)) OR ((ws_net_profit >= '50'::numeric) AND (ws_net_profit <= '250'::numeric))))"}]}]}, {"Node Type": "Index Only Scan", "Parent Relationship": "Inner", "Parallel Aware": false, "Async Capable": false, "Scan Direction": "Forward", "Index Name": "web_page_pkey", "Relation Name": "web_page", "Alias": "web_page", "Startup Cost": 0.14, "Total Cost": 0.16, "Plan Rows": 1, "Plan Width": 4, "Index Cond": "(wp_web_page_sk = web_sales.ws_web_page_sk)"}]}, {"Node Type": "Index Scan", "Parent Relationship": "Inner", "Parallel Aware": false, "Async Capable": false, "Scan Direction": "Forward", "Index Name": "date_dim_pkey", "Relation Name": "date_dim", "Alias": "date_dim", "Startup Cost": 0.29, "Total Cost": 0.33, "Plan Rows": 1, "Plan Width": 4, "Index Cond": "(d_date_sk = web_sales.ws_sold_date_sk)", "Filter": "(d_year = 2001)"}]}]}}, {"Plan": {"Node Type": "Aggregate", "Strategy": "Plain", "Partial Mode": "Simple", "Parallel Aware": false, "Async Capable": false, "Startup Cost": 56408.76, "Total Cost": 56408.77, "Plan Rows": 1, "Plan Width": 8, "Plans": [{"Node Type": "Nested Loop", "Parent Relationship": "Outer", "Parallel Aware": false, "Async Capable": false, "Join Type": "Inner", "Startup Cost": 9250.5, "Total Cost": 56408.76, "Plan Rows": 1, "Plan Width": 0, "Inner Unique": true, "Plans": [{"Node Type": "Nested Loop", "Parent Relationship": "Outer", "Parallel Aware": false, "Async Capable": false, "Join Type": "Inner", "Startup Cost": 9250.2, "Total Cost": 56408.43, "Plan Rows": 1, "Plan Width": 4, "Inner Unique": true, "Plans": [{"Node Type": "Gather", "Parent Relationship": "Outer", "Parallel Aware": false, "Async Capable": false, "Startup Cost": 9250.06, "Total Cost": 56408.27, "Plan Rows": 1, "Plan Width": 8, "Workers Planned": 3, "Single Copy": false, "Plans": [{"Node Type": "Nested Loop", "Parent Relationship": "Outer", "Parallel Aware": false, "Async Capable": false, "Join Type": "Inner", "Startup Cost": 8250.06, "Total Cost": 55408.17, "Plan Rows": 1, "Plan Width": 8, "Inner Unique": true, "Join Filter": "((((customer_address.ca_state = ANY ('{UT,TX,MD}'::bpchar[])) AND (web_sales.ws_net_profit >= '100'::numeric) AND (web_sales.ws_net_profit <= '200'::numeric)) OR ((customer_address.ca_state = ANY ('{CO,SD,OH}'::bpchar[])) AND (web_sales.ws_net_profit >= '150'::numeric) AND (web_sales.ws_net_profit <= '300'::numeric)) OR ((customer_address.ca_state = ANY ('{IL,AR,MS}'::bpchar[])) AND (web_sales.ws_net_profit >= '50'::numeric) AND (web_sales.ws_net_profit <= '250'::numeric))) AND (((cd1.cd_marital_status = 'D'::bpchar) AND (cd1.cd_education_status = 'Primary'::bpchar) AND (web_sales.ws_sales_price >= 100.00) AND (web_sales.ws_sales_price <= 150.00)) OR ((cd1.cd_marital_status = 'S'::bpchar) AND (cd1.cd_education_status = '4 yr Degree'::bpchar) AND (web_sales.ws_sales_price >= 50.00) AND (web_sales.ws_sales_price <= 100.00)) OR ((cd1.cd_marital_status = 'U'::bpchar) AND (cd1.cd_education_status = 'Secondary'::bpchar) AND (web_sales.ws_sales_price >= 150.00) AND (web_sales.ws_sales_price <= 200.00))))", "Plans": [{"Node Type": "Nested Loop", "Parent Relationship": "Outer", "Parallel Aware": false, "Async Capable": false, "Join Type": "Inner", "Startup Cost": 8249.63, "Total Cost": 55196.9, "Plan Rows": 121, "Plan Width": 34, "Inner Unique": true, "Join Filter": "((cd1.cd_marital_status = cd2.cd_marital_status) AND (cd1.cd_education_status = cd2.cd_education_status))", "Plans": [{"Node Type": "Hash Join", "Parent Relationship": "Outer", "Parallel Aware": false, "Async Capable": false, "Join Type": "Inner", "Startup Cost": 8249.2, "Total Cost": 54879.59, "Plan Rows": 50700.0, "Plan Width": 38, "Inner Unique": true, "Hash Cond": "(web_returns.wr_reason_sk = reason.r_reason_sk)", "Plans": [{"Node Type": "Nested Loop", "Parent Relationship": "Outer", "Parallel Aware": false, "Async Capable": false, "Join Type": "Inner", "Startup Cost": 8247.19, "Total Cost": 54732.39, "Plan Rows": 50745, "Plan Width": 42, "Inner Unique": true, "Plans": [{"Node Type": "Hash Join", "Parent Relationship": "Outer", "Parallel Aware": true, "Async Capable": false, "Join Type": "Inner", "Startup Cost": 8246.76, "Total Cost": 24495.84, "Plan Rows": 50745, "Plan Width": 23, "Inner Unique": true, "Hash Cond": "(web_returns.wr_refunded_addr_sk = customer_address.ca_address_sk)", "Plans": [{"Node Type": "Seq Scan", "Parent Relationship": "Outer", "Parallel Aware": true, "Async Capable": false, "Relation Name": "web_returns", "Alias": "web_returns", "Startup Cost": 0.0, "Total Cost": 15640.05, "Plan Rows": 232005, "Plan Width": 24}, {"Node Type": "Hash", "Parent Relationship": "Inner", "Parallel Aware": true, "Async Capable": false, "Startup Cost": 7961.96, "Total Cost": 7961.96, "Plan Rows": 22784, "Plan Width": 7, "Plans": [{"Node Type": "Seq Scan", "Parent Relationship": "Outer", "Parallel Aware": true, "Async Capable": false, "Relation Name": "customer_address", "Alias": "customer_address", "Startup Cost": 0.0, "Total Cost": 7961.96, "Plan Rows": 22784, "Plan Width": 7, "Filter": "(((ca_country)::text = 'United States'::text) AND ((ca_state = ANY ('{UT,TX,MD}'::bpchar[])) OR (ca_state = ANY ('{CO,SD,OH}'::bpchar[])) OR (ca_state = ANY ('{IL,AR,MS}'::bpchar[]))))"}]}]}, {"Node Type": "Index Scan", "Parent Relationship": "Inner", "Parallel Aware": false, "Async Capable": false, "Scan Direction": "Forward", "Index Name": "customer_demographics_pkey", "Relation Name": "customer_demographics", "Alias": "cd2", "Startup Cost": 0.43, "Total Cost": 0.6, "Plan Rows": 1, "Plan Width": 27, "Index Cond": "(cd_demo_sk = web_returns.wr_returning_cdemo_sk)"}]}, {"Node Type": "Hash", "Parent Relationship": "Inner", "Parallel Aware": false, "Async Capable": false, "Startup Cost": 1.45, "Total Cost": 1.45, "Plan Rows": 45, "Plan Width": 4, "Plans": [{"Node Type": "Seq Scan", "Parent Relationship": "Outer", "Parallel Aware": false, "Async Capable": false, "Relation Name": "reason", "Alias": "reason", "Startup Cost": 0.0, "Total Cost": 1.45, "Plan Rows": 45, "Plan Width": 4}]}]}, {"Node Type": "Index Scan", "Parent Relationship": "Inner", "Parallel Aware": false, "Async Capable": false, "Scan Direction": "Forward", "Index Name": "customer_demographics_pkey", "Relation Name": "customer_demographics", "Alias": "cd1", "Startup Cost": 0.43, "Total Cost": 0.61, "Plan Rows": 1, "Plan Width": 27, "Index Cond": "(cd_demo_sk = web_returns.wr_refunded_cdemo_sk)", "Filter": "(((cd_marital_status = 'D'::bpchar) AND (cd_education_status = 'Primary'::bpchar)) OR ((cd_marital_status = 'S'::bpchar) AND (cd_education_status = '4 yr Degree'::bpchar)) OR ((cd_marital_status = 'U'::bpchar) AND (cd_education_status = 'Secondary'::bpchar)))"}]}, {"Node Type": "Index Scan", "Parent Relationship": "Inner", "Parallel Aware": false, "Async Capable": false, "Scan Direction": "Forward", "Index Name": "web_sales_pkey", "Relation Name": "web_sales", "Alias": "web_sales", "Startup Cost": 0.43, "Total Cost": 1.68, "Plan Rows": 1, "Plan Width": 28, "Index Cond": "((ws_item_sk = web_returns.wr_item_sk) AND (ws_order_number = web_returns.wr_order_number))", "Filter": "((((ws_sales_price >= 100.00) AND (ws_sales_price <= 150.00)) OR ((ws_sales_price >= 50.00) AND (ws_sales_price <= 100.00)) OR ((ws_sales_price >= 150.00) AND (ws_sales_price <= 200.00))) AND (((ws_net_profit >= '100'::numeric) AND (ws_net_profit <= '200'::numeric)) OR ((ws_net_profit >= '150'::numeric) AND (ws_net_profit <= '300'::numeric)) OR ((ws_net_profit >= '50'::numeric) AND (ws_net_profit <= '250'::numeric))))"}]}]}, {"Node Type": "Index Only Scan", "Parent Relationship": "Inner", "Parallel Aware": false, "Async Capable": false, "Scan Direction": "Forward", "Index Name": "web_page_pkey", "Relation Name": "web_page", "Alias": "web_page", "Startup Cost": 0.14, "Total Cost": 0.16, "Plan Rows": 1, "Plan Width": 4, "Index Cond": "(wp_web_page_sk = web_sales.ws_web_page_sk)"}]}, {"Node Type": "Index Scan", "Parent Relationship": "Inner", "Parallel Aware": false, "Async Capable": false, "Scan Direction": "Forward", "Index Name": "date_dim_pkey", "Relation Name": "date_dim", "Alias": "date_dim", "Startup Cost": 0.29, "Total Cost": 0.33, "Plan Rows": 1, "Plan Width": 4, "Index Cond": "(d_date_sk = web_sales.ws_sold_date_sk)", "Filter": "(d_year = 2001)"}]}]}}, {"Plan": {"Node Type": "Aggregate", "Strategy": "Plain", "Partial Mode": "Simple", "Parallel Aware": false, "Async Capable": false, "Startup Cost": 31543.77, "Total Cost": 31543.78, "Plan Rows": 1, "Plan Width": 8, "Plans": [{"Node Type": "Nested Loop", "Parent Relationship": "Outer", "Parallel Aware": false, "Async Capable": false, "Join Type": "Inner", "Startup Cost": 9250.5, "Total Cost": 31543.77, "Plan Rows": 1, "Plan Width": 0, "Inner Unique": true, "Plans": [{"Node Type": "Nested Loop", "Parent Relationship": "Outer", "Parallel Aware": false, "Async Capable": false, "Join Type": "Inner", "Startup Cost": 9250.2, "Total Cost": 31543.44, "Plan Rows": 1, "Plan Width": 4, "Inner Unique": true, "Plans": [{"Node Type": "Gather", "Parent Relationship": "Outer", "Parallel Aware": false, "Async Capable": false, "Startup Cost": 9250.06, "Total Cost": 31543.27, "Plan Rows": 1, "Plan Width": 8, "Workers Planned": 3, "Single Copy": false, "Plans": [{"Node Type": "Nested Loop", "Parent Relationship": "Outer", "Parallel Aware": false, "Async Capable": false, "Join Type": "Inner", "Startup Cost": 8250.06, "Total Cost": 30543.17, "Plan Rows": 1, "Plan Width": 8, "Inner Unique": true, "Join Filter": "((((customer_address.ca_state = ANY ('{UT,TX,MD}'::bpchar[])) AND (web_sales.ws_net_profit >= '100'::numeric) AND (web_sales.ws_net_profit <= '200'::numeric)) OR ((customer_address.ca_state = ANY ('{CO,SD,OH}'::bpchar[])) AND (web_sales.ws_net_profit >= '150'::numeric) AND (web_sales.ws_net_profit <= '300'::numeric)) OR ((customer_address.ca_state = ANY ('{IL,AR,MS}'::bpchar[])) AND (web_sales.ws_net_profit >= '50'::numeric) AND (web_sales.ws_net_profit <= '250'::numeric))) AND (((cd1.cd_marital_status = 'D'::bpchar) AND (cd1.cd_education_status = 'Primary'::bpchar) AND (web_sales.ws_sales_price >= 100.00) AND (web_sales.ws_sales_price <= 150.00)) OR ((cd1.cd_marital_status = 'S'::bpchar) AND (cd1.cd_education_status = '4 yr Degree'::bpchar) AND (web_sales.ws_sales_price >= 50.00) AND (web_sales.ws_sales_price <= 100.00)) OR ((cd1.cd_marital_status = 'U'::bpchar) AND (cd1.cd_education_status = 'Secondary'::bpchar) AND (web_sales.ws_sales_price >= 150.00) AND (web_sales.ws_sales_price <= 200.00))))", "Plans": [{"Node Type": "Nested Loop", "Parent Relationship": "Outer", "Parallel Aware": false, "Async Capable": false, "Join Type": "Inner", "Startup Cost": 8249.63, "Total Cost": 30331.91, "Plan Rows": 121, "Plan Width": 34, "Inner Unique": true, "Join Filter": "((cd1.cd_marital_status = cd2.cd_marital_status) AND (cd1.cd_education_status = cd2.cd_education_status))", "Plans": [{"Node Type": "Nested Loop", "Parent Relationship": "Outer", "Parallel Aware": false, "Async Capable": false, "Join Type": "Inner", "Startup Cost": 8249.2, "Total Cost": 27743.12, "Plan Rows": 4238, "Plan Width": 38, "Inner Unique": true, "Plans": [{"Node Type": "Hash Join", "Parent Relationship": "Outer", "Parallel Aware": false, "Async Capable": false, "Join Type": "Inner", "Startup Cost": 8248.77, "Total Cost": 24643.04, "Plan Rows": 50750.0, "Plan Width": 19, "Inner Unique": true, "Hash Cond": "(web_returns.wr_reason_sk = reason.r_reason_sk)", "Plans": [{"Node Type": "Hash Join", "Parent Relationship": "Outer", "Parallel Aware": true, "Async Capable": false, "Join Type": "Inner", "Startup Cost": 8246.76, "Total Cost": 24495.84, "Plan Rows": 50745, "Plan Width": 23, "Inner Unique": true, "Hash Cond": "(web_returns.wr_refunded_addr_sk = customer_address.ca_address_sk)", "Plans": [{"Node Type": "Seq Scan", "Parent Relationship": "Outer", "Parallel Aware": true, "Async Capable": false, "Relation Name": "web_returns", "Alias": "web_returns", "Startup Cost": 0.0, "Total Cost": 15640.05, "Plan Rows": 232005, "Plan Width": 24}, {"Node Type": "Hash", "Parent Relationship": "Inner", "Parallel Aware": true, "Async Capable": false, "Startup Cost": 7961.96, "Total Cost": 7961.96, "Plan Rows": 22784, "Plan Width": 7, "Plans": [{"Node Type": "Seq Scan", "Parent Relationship": "Outer", "Parallel Aware": true, "Async Capable": false, "Relation Name": "customer_address", "Alias": "customer_address", "Startup Cost": 0.0, "Total Cost": 7961.96, "Plan Rows": 22784, "Plan Width": 7, "Filter": "(((ca_country)::text = 'United States'::text) AND ((ca_state = ANY ('{UT,TX,MD}'::bpchar[])) OR (ca_state = ANY ('{CO,SD,OH}'::bpchar[])) OR (ca_state = ANY ('{IL,AR,MS}'::bpchar[]))))"}]}]}, {"Node Type": "Hash", "Parent Relationship": "Inner", "Parallel Aware": false, "Async Capable": false, "Startup Cost": 1.45, "Total Cost": 1.45, "Plan Rows": 45, "Plan Width": 4, "Plans": [{"Node Type": "Seq Scan", "Parent Relationship": "Outer", "Parallel Aware": false, "Async Capable": false, "Relation Name": "reason", "Alias": "reason", "Startup Cost": 0.0, "Total Cost": 1.45, "Plan Rows": 45, "Plan Width": 4}]}]}, {"Node Type": "Index Scan", "Parent Relationship": "Inner", "Parallel Aware": false, "Async Capable": false, "Scan Direction": "Forward", "Index Name": "customer_demographics_pkey", "Relation Name": "customer_demographics", "Alias": "cd1", "Startup Cost": 0.43, "Total Cost": 0.61, "Plan Rows": 1, "Plan Width": 27, "Index Cond": "(cd_demo_sk = web_returns.wr_refunded_cdemo_sk)", "Filter": "(((cd_marital_status = 'D'::bpchar) AND (cd_education_status = 'Primary'::bpchar)) OR ((cd_marital_status = 'S'::bpchar) AND (cd_education_status = '4 yr Degree'::bpchar)) OR ((cd_marital_status = 'U'::bpchar) AND (cd_education_status = 'Secondary'::bpchar)))"}]}, {"Node Type": "Index Scan", "Parent Relationship": "Inner", "Parallel Aware": false, "Async Capable": false, "Scan Direction": "Forward", "Index Name": "customer_demographics_pkey", "Relation Name": "customer_demographics", "Alias": "cd2", "Startup Cost": 0.43, "Total Cost": 0.6, "Plan Rows": 1, "Plan Width": 27, "Index Cond": "(cd_demo_sk = web_returns.wr_returning_cdemo_sk)"}]}, {"Node Type": "Index Scan", "Parent Relationship": "Inner", "Parallel Aware": false, "Async Capable": false, "Scan Direction": "Forward", "Index Name": "web_sales_pkey", "Relation Name": "web_sales", "Alias": "web_sales", "Startup Cost": 0.43, "Total Cost": 1.68, "Plan Rows": 1, "Plan Width": 28, "Index Cond": "((ws_item_sk = web_returns.wr_item_sk) AND (ws_order_number = web_returns.wr_order_number))", "Filter": "((((ws_sales_price >= 100.00) AND (ws_sales_price <= 150.00)) OR ((ws_sales_price >= 50.00) AND (ws_sales_price <= 100.00)) OR ((ws_sales_price >= 150.00) AND (ws_sales_price <= 200.00))) AND (((ws_net_profit >= '100'::numeric) AND (ws_net_profit <= '200'::numeric)) OR ((ws_net_profit >= '150'::numeric) AND (ws_net_profit <= '300'::numeric)) OR ((ws_net_profit >= '50'::numeric) AND (ws_net_profit <= '250'::numeric))))"}]}]}, {"Node Type": "Index Only Scan", "Parent Relationship": "Inner", "Parallel Aware": false, "Async Capable": false, "Scan Direction": "Forward", "Index Name": "web_page_pkey", "Relation Name": "web_page", "Alias": "web_page", "Startup Cost": 0.14, "Total Cost": 0.16, "Plan Rows": 1, "Plan Width": 4, "Index Cond": "(wp_web_page_sk = web_sales.ws_web_page_sk)"}]}, {"Node Type": "Index Scan", "Parent Relationship": "Inner", "Parallel Aware": false, "Async Capable": false, "Scan Direction": "Forward", "Index Name": "date_dim_pkey", "Relation Name": "date_dim", "Alias": "date_dim", "Startup Cost": 0.29, "Total Cost": 0.33, "Plan Rows": 1, "Plan Width": 4, "Index Cond": "(d_date_sk = web_sales.ws_sold_date_sk)", "Filter": "(d_year = 2001)"}]}]}}, {"Plan": {"Node Type": "Aggregate", "Strategy": "Plain", "Partial Mode": "Simple", "Parallel Aware": false, "Async Capable": false, "Startup Cost": 26514.89, "Total Cost": 26514.9, "Plan Rows": 1, "Plan Width": 8, "Plans": [{"Node Type": "Nested Loop", "Parent Relationship": "Outer", "Parallel Aware": false, "Async Capable": false, "Join Type": "Inner", "Startup Cost": 9250.5, "Total Cost": 26514.89, "Plan Rows": 1, "Plan Width": 0, "Inner Unique": true, "Plans": [{"Node Type": "Nested Loop", "Parent Relationship": "Outer", "Parallel Aware": false, "Async Capable": false, "Join Type": "Inner", "Startup Cost": 9250.2, "Total Cost": 26514.56, "Plan Rows": 1, "Plan Width": 4, "Inner Unique": true, "Join Filter": "((cd1.cd_marital_status = cd2.cd_marital_status) AND (cd1.cd_education_status = cd2.cd_education_status) AND (((cd1.cd_marital_status = 'D'::bpchar) AND (cd1.cd_education_status = 'Primary'::bpchar) AND (web_sales.ws_sales_price >= 100.00) AND (web_sales.ws_sales_price <= 150.00)) OR ((cd1.cd_marital_status = 'S'::bpchar) AND (cd1.cd_education_status = '4 yr Degree'::bpchar) AND (web_sales.ws_sales_price >= 50.00) AND (web_sales.ws_sales_price <= 100.00)) OR ((cd1.cd_marital_status = 'U'::bpchar) AND (cd1.cd_education_status = 'Secondary'::bpchar) AND (web_sales.ws_sales_price >= 150.00) AND (web_sales.ws_sales_price <= 200.00))))", "Plans": [{"Node Type": "Nested Loop", "Parent Relationship": "Outer", "Parallel Aware": false, "Async Capable": false, "Join Type": "Inner", "Startup Cost": 9249.78, "Total Cost": 26513.9, "Plan Rows": 1, "Plan Width": 37, "Inner Unique": true, "Plans": [{"Node Type": "Nested Loop", "Parent Relationship": "Outer", "Parallel Aware": false, "Async Capable": false, "Join Type": "Inner", "Startup Cost": 9249.35, "Total Cost": 26513.3, "Plan Rows": 1, "Plan Width": 18, "Inner Unique": true, "Plans": [{"Node Type": "Gather", "Parent Relationship": "Outer", "Parallel Aware": false, "Async Capable": false, "Startup Cost": 9249.2, "Total Cost": 26513.14, "Plan Rows": 1, "Plan Width": 22, "Workers Planned": 3, "Single Copy": false, "Plans": [{"Node Type": "Nested Loop", "Parent Relationship": "Outer", "Parallel Aware": false, "Async Capable": false, "Join Type": "Inner", "Startup Cost": 8249.2, "Total Cost": 25513.04, "Plan Rows": 1, "Plan Width": 22, "Inner Unique": true, "Join Filter": "(((customer_address.ca_state = ANY ('{UT,TX,MD}'::bpchar[])) AND (web_sales.ws_net_profit >= '100'::numeric) AND (web_sales.ws_net_profit <= '200'::numeric)) OR ((customer_address.ca_state = ANY ('{CO,SD,OH}'::bpchar[])) AND (web_sales.ws_net_profit >= '150'::numeric) AND (web_sales.ws_net_profit <= '300'::numeric)) OR ((customer_address.ca_state = ANY ('{IL,AR,MS}'::bpchar[])) AND (web_sales.ws_net_profit >= '50'::numeric) AND (web_sales.ws_net_profit <= '250'::numeric)))", "Plans": [{"Node Type": "Hash Join", "Parent Relationship": "Outer", "Parallel Aware": false, "Async Capable": false, "Join Type": "Inner", "Startup Cost": 8248.77, "Total Cost": 24643.04, "Plan Rows": 50700.0, "Plan Width": 19, "Inner Unique": true, "Hash Cond": "(web_returns.wr_reason_sk = reason.r_reason_sk)", "Plans": [{"Node Type": "Hash Join", "Parent Relationship": "Outer", "Parallel Aware": true, "Async Capable": false, "Join Type": "Inner", "Startup Cost": 8246.76, "Total Cost": 24495.84, "Plan Rows": 50745, "Plan Width": 23, "Inner Unique": true, "Hash Cond": "(web_returns.wr_refunded_addr_sk = customer_address.ca_address_sk)", "Plans": [{"Node Type": "Seq Scan", "Parent Relationship": "Outer", "Parallel Aware": true, "Async Capable": false, "Relation Name": "web_returns", "Alias": "web_returns", "Startup Cost": 0.0, "Total Cost": 15640.05, "Plan Rows": 232005, "Plan Width": 24}, {"Node Type": "Hash", "Parent Relationship": "Inner", "Parallel Aware": true, "Async Capable": false, "Startup Cost": 7961.96, "Total Cost": 7961.96, "Plan Rows": 22784, "Plan Width": 7, "Plans": [{"Node Type": "Seq Scan", "Parent Relationship": "Outer", "Parallel Aware": true, "Async Capable": false, "Relation Name": "customer_address", "Alias": "customer_address", "Startup Cost": 0.0, "Total Cost": 7961.96, "Plan Rows": 22784, "Plan Width": 7, "Filter": "(((ca_country)::text = 'United States'::text) AND ((ca_state = ANY ('{UT,TX,MD}'::bpchar[])) OR (ca_state = ANY ('{CO,SD,OH}'::bpchar[])) OR (ca_state = ANY ('{IL,AR,MS}'::bpchar[]))))"}]}]}, {"Node Type": "Hash", "Parent Relationship": "Inner", "Parallel Aware": false, "Async Capable": false, "Startup Cost": 1.45, "Total Cost": 1.45, "Plan Rows": 45, "Plan Width": 4, "Plans": [{"Node Type": "Seq Scan", "Parent Relationship": "Outer", "Parallel Aware": false, "Async Capable": false, "Relation Name": "reason", "Alias": "reason", "Startup Cost": 0.0, "Total Cost": 1.45, "Plan Rows": 45, "Plan Width": 4}]}]}, {"Node Type": "Index Scan", "Parent Relationship": "Inner", "Parallel Aware": false, "Async Capable": false, "Scan Direction": "Forward", "Index Name": "web_sales_pkey", "Relation Name": "web_sales", "Alias": "web_sales", "Startup Cost": 0.43, "Total Cost": 1.68, "Plan Rows": 1, "Plan Width": 28, "Index Cond": "((ws_item_sk = web_returns.wr_item_sk) AND (ws_order_number = web_returns.wr_order_number))", "Filter": "((((ws_sales_price >= 100.00) AND (ws_sales_price <= 150.00)) OR ((ws_sales_price >= 50.00) AND (ws_sales_price <= 100.00)) OR ((ws_sales_price >= 150.00) AND (ws_sales_price <= 200.00))) AND (((ws_net_profit >= '100'::numeric) AND (ws_net_profit <= '200'::numeric)) OR ((ws_net_profit >= '150'::numeric) AND (ws_net_profit <= '300'::numeric)) OR ((ws_net_profit >= '50'::numeric) AND (ws_net_profit <= '250'::numeric))))"}]}]}, {"Node Type": "Index Only Scan", "Parent Relationship": "Inner", "Parallel Aware": false, "Async Capable": false, "Scan Direction": "Forward", "Index Name": "web_page_pkey", "Relation Name": "web_page", "Alias": "web_page", "Startup Cost": 0.14, "Total Cost": 0.16, "Plan Rows": 1, "Plan Width": 4, "Index Cond": "(wp_web_page_sk = web_sales.ws_web_page_sk)"}]}, {"Node Type": "Index Scan", "Parent Relationship": "Inner", "Parallel Aware": false, "Async Capable": false, "Scan Direction": "Forward", "Index Name": "customer_demographics_pkey", "Relation Name": "customer_demographics", "Alias": "cd2", "Startup Cost": 0.43, "Total Cost": 0.6, "Plan Rows": 1, "Plan Width": 27, "Index Cond": "(cd_demo_sk = web_returns.wr_returning_cdemo_sk)"}]}, {"Node Type": "Index Scan", "Parent Relationship": "Inner", "Parallel Aware": false, "Async Capable": false, "Scan Direction": "Forward", "Index Name": "customer_demographics_pkey", "Relation Name": "customer_demographics", "Alias": "cd1", "Startup Cost": 0.43, "Total Cost": 0.61, "Plan Rows": 1, "Plan Width": 27, "Index Cond": "(cd_demo_sk = web_returns.wr_refunded_cdemo_sk)", "Filter": "(((cd_marital_status = 'D'::bpchar) AND (cd_education_status = 'Primary'::bpchar)) OR ((cd_marital_status = 'S'::bpchar) AND (cd_education_status = '4 yr Degree'::bpchar)) OR ((cd_marital_status = 'U'::bpchar) AND (cd_education_status = 'Secondary'::bpchar)))"}]}, {"Node Type": "Index Scan", "Parent Relationship": "Inner", "Parallel Aware": false, "Async Capable": false, "Scan Direction": "Forward", "Index Name": "date_dim_pkey", "Relation Name": "date_dim", "Alias": "date_dim", "Startup Cost": 0.29, "Total Cost": 0.33, "Plan Rows": 1, "Plan Width": 4, "Index Cond": "(d_date_sk = web_sales.ws_sold_date_sk)", "Filter": "(d_year = 2001)"}]}]}}, {"Plan": {"Node Type": "Aggregate", "Strategy": "Plain", "Partial Mode": "Simple", "Parallel Aware": false, "Async Capable": false, "Startup Cost": 71376.79, "Total Cost": 71376.8, "Plan Rows": 1, "Plan Width": 8, "Plans": [{"Node Type": "Nested Loop", "Parent Relationship": "Outer", "Parallel Aware": false, "Async Capable": false, "Join Type": "Inner", "Startup Cost": 47241.44, "Total Cost": 71376.79, "Plan Rows": 1, "Plan Width": 0, "Inner Unique": true, "Plans": [{"Node Type": "Nested Loop", "Parent Relationship": "Outer", "Parallel Aware": false, "Async Capable": false, "Join Type": "Inner", "Startup Cost": 47241.3, "Total Cost": 71376.63, "Plan Rows": 1, "Plan Width": 4, "Inner Unique": true, "Plans": [{"Node Type": "Nested Loop", "Parent Relationship": "Outer", "Parallel Aware": false, "Async Capable": false, "Join Type": "Inner", "Startup Cost": 47241.01, "Total Cost": 71376.3, "Plan Rows": 1, "Plan Width": 8, "Inner Unique": true, "Plans": [{"Node Type": "Gather", "Parent Relationship": "Outer", "Parallel Aware": false, "Async Capable": false, "Startup Cost": 47240.87, "Total Cost": 71376.14, "Plan Rows": 1, "Plan Width": 12, "Workers Planned": 3, "Single Copy": false, "Plans": [{"Node Type": "Nested Loop", "Parent Relationship": "Outer", "Parallel Aware": false, "Async Capable": false, "Join Type": "Inner", "Startup Cost": 46240.87, "Total Cost": 70376.04, "Plan Rows": 1, "Plan Width": 12, "Inner Unique": true, "Join Filter": "((((customer_address.ca_state = ANY ('{UT,TX,MD}'::bpchar[])) AND (web_sales.ws_net_profit >= '100'::numeric) AND (web_sales.ws_net_profit <= '200'::numeric)) OR ((customer_address.ca_state = ANY ('{CO,SD,OH}'::bpchar[])) AND (web_sales.ws_net_profit >= '150'::numeric) AND (web_sales.ws_net_profit <= '300'::numeric)) OR ((customer_address.ca_state = ANY ('{IL,AR,MS}'::bpchar[])) AND (web_sales.ws_net_profit >= '50'::numeric) AND (web_sales.ws_net_profit <= '250'::numeric))) AND (((cd1.cd_marital_status = 'D'::bpchar) AND (cd1.cd_education_status = 'Primary'::bpchar) AND (web_sales.ws_sales_price >= 100.00) AND (web_sales.ws_sales_price <= 150.00)) OR ((cd1.cd_marital_status = 'S'::bpchar) AND (cd1.cd_education_status = '4 yr Degree'::bpchar) AND (web_sales.ws_sales_price >= 50.00) AND (web_sales.ws_sales_price <= 100.00)) OR ((cd1.cd_marital_status = 'U'::bpchar) AND (cd1.cd_education_status = 'Secondary'::bpchar) AND (web_sales.ws_sales_price >= 150.00) AND (web_sales.ws_sales_price <= 200.00))))", "Plans": [{"Node Type": "Nested Loop", "Parent Relationship": "Outer", "Parallel Aware": false, "Async Capable": false, "Join Type": "Inner", "Startup Cost": 46240.43, "Total Cost": 70164.77, "Plan Rows": 121, "Plan Width": 38, "Inner Unique": true, "Join Filter": "((cd1.cd_marital_status = cd2.cd_marital_status) AND (cd1.cd_education_status = cd2.cd_education_status))", "Plans": [{"Node Type": "Hash Join", "Parent Relationship": "Outer", "Parallel Aware": true, "Async Capable": false, "Join Type": "Inner", "Startup Cost": 46240.01, "Total Cost": 67575.98, "Plan Rows": 4238, "Plan Width": 42, "Inner Unique": true, "Hash Cond": "(web_returns.wr_refunded_addr_sk = customer_address.ca_address_sk)", "Plans": [{"Node Type": "Hash Join", "Parent Relationship": "Outer", "Parallel Aware": true, "Async Capable": false, "Join Type": "Inner", "Startup Cost": 37993.25, "Total Cost": 54242.32, "Plan Rows": 19378.39, "Plan Width": 43, "Inner Unique": true, "Hash Cond": "(web_returns.wr_refunded_cdemo_sk = cd1.cd_demo_sk)", "Plans": [{"Node Type": "Seq Scan", "Parent Relationship": "Outer", "Parallel Aware": true, "Async Capable": false, "Relation Name": "web_returns", "Alias": "web_returns", "Startup Cost": 0.0, "Total Cost": 15640.05, "Plan Rows": 232005, "Plan Width": 24}, {"Node Type": "Hash", "Parent Relationship": "Inner", "Parallel Aware": true, "Async Capable": false, "Startup Cost": 37346.32, "Total Cost": 37346.32, "Plan Rows": 51754, "Plan Width": 27, "Plans": [{"Node Type": "Seq Scan", "Parent Relationship": "Outer", "Parallel Aware": true, "Async Capable": false, "Relation Name": "customer_demographics", "Alias": "cd1", "Startup Cost": 0.0, "Total Cost": 37346.32, "Plan Rows": 51754, "Plan Width": 27, "Filter": "(((cd_marital_status = 'D'::bpchar) AND (cd_education_status = 'Primary'::bpchar)) OR ((cd_marital_status = 'S'::bpchar) AND (cd_education_status = '4 yr Degree'::bpchar)) OR ((cd_marital_status = 'U'::bpchar) AND (cd_education_status = 'Secondary'::bpchar)))"}]}]}, {"Node Type": "Hash", "Parent Relationship": "Inner", "Parallel Aware": true, "Async Capable": false, "Startup Cost": 7961.96, "Total Cost": 7961.96, "Plan Rows": 22784, "Plan Width": 7, "Plans": [{"Node Type": "Seq Scan", "Parent Relationship": "Outer", "Parallel Aware": true, "Async Capable": false, "Relation Name": "customer_address", "Alias": "customer_address", "Startup Cost": 0.0, "Total Cost": 7961.96, "Plan Rows": 22784, "Plan Width": 7, "Filter": "(((ca_country)::text = 'United States'::text) AND ((ca_state = ANY ('{UT,TX,MD}'::bpchar[])) OR (ca_state = ANY ('{CO,SD,OH}'::bpchar[])) OR (ca_state = ANY ('{IL,AR,MS}'::bpchar[]))))"}]}]}, {"Node Type": "Index Scan", "Parent Relationship": "Inner", "Parallel Aware": false, "Async Capable": false, "Scan Direction": "Forward", "Index Name": "customer_demographics_pkey", "Relation Name": "customer_demographics", "Alias": "cd2", "Startup Cost": 0.43, "Total Cost": 0.6, "Plan Rows": 1, "Plan Width": 27, "Index Cond": "(cd_demo_sk = web_returns.wr_returning_cdemo_sk)"}]}, {"Node Type": "Index Scan", "Parent Relationship": "Inner", "Parallel Aware": false, "Async Capable": false, "Scan Direction": "Forward", "Index Name": "web_sales_pkey", "Relation Name": "web_sales", "Alias": "web_sales", "Startup Cost": 0.43, "Total Cost": 1.68, "Plan Rows": 1, "Plan Width": 28, "Index Cond": "((ws_item_sk = web_returns.wr_item_sk) AND (ws_order_number = web_returns.wr_order_number))", "Filter": "((((ws_sales_price >= 100.00) AND (ws_sales_price <= 150.00)) OR ((ws_sales_price >= 50.00) AND (ws_sales_price <= 100.00)) OR ((ws_sales_price >= 150.00) AND (ws_sales_price <= 200.00))) AND (((ws_net_profit >= '100'::numeric) AND (ws_net_profit <= '200'::numeric)) OR ((ws_net_profit >= '150'::numeric) AND (ws_net_profit <= '300'::numeric)) OR ((ws_net_profit >= '50'::numeric) AND (ws_net_profit <= '250'::numeric))))"}]}]}, {"Node Type": "Index Only Scan", "Parent Relationship": "Inner", "Parallel Aware": false, "Async Capable": false, "Scan Direction": "Forward", "Index Name": "web_page_pkey", "Relation Name": "web_page", "Alias": "web_page", "Startup Cost": 0.14, "Total Cost": 0.16, "Plan Rows": 1, "Plan Width": 4, "Index Cond": "(wp_web_page_sk = web_sales.ws_web_page_sk)"}]}, {"Node Type": "Index Scan", "Parent Relationship": "Inner", "Parallel Aware": false, "Async Capable": false, "Scan Direction": "Forward", "Index Name": "date_dim_pkey", "Relation Name": "date_dim", "Alias": "date_dim", "Startup Cost": 0.29, "Total Cost": 0.33, "Plan Rows": 1, "Plan Width": 4, "Index Cond": "(d_date_sk = web_sales.ws_sold_date_sk)", "Filter": "(d_year = 2001)"}]}, {"Node Type": "Index Only Scan", "Parent Relationship": "Inner", "Parallel Aware": false, "Async Capable": false, "Scan Direction": "Forward", "Index Name": "reason_pkey", "Relation Name": "reason", "Alias": "reason", "Startup Cost": 0.14, "Total Cost": 0.16, "Plan Rows": 1, "Plan Width": 4, "Index Cond": "(r_reason_sk = web_returns.wr_reason_sk)"}]}]}}, {"Plan": {"Node Type": "Aggregate", "Strategy": "Plain", "Partial Mode": "Simple", "Parallel Aware": false, "Async Capable": false, "Startup Cost": 21205.56, "Total Cost": 21205.57, "Plan Rows": 1, "Plan Width": 8, "Plans": [{"Node Type": "Nested Loop", "Parent Relationship": "Outer", "Parallel Aware": false, "Async Capable": false, "Join Type": "Inner", "Startup Cost": 1004.16, "Total Cost": 21205.56, "Plan Rows": 1, "Plan Width": 0, "Inner Unique": true, "Join Filter": "(((customer_address.ca_state = ANY ('{UT,TX,MD}'::bpchar[])) AND (web_sales.ws_net_profit >= '100'::numeric) AND (web_sales.ws_net_profit <= '200'::numeric)) OR ((customer_address.ca_state = ANY ('{CO,SD,OH}'::bpchar[])) AND (web_sales.ws_net_profit >= '150'::numeric) AND (web_sales.ws_net_profit <= '300'::numeric)) OR ((customer_address.ca_state = ANY ('{IL,AR,MS}'::bpchar[])) AND (web_sales.ws_net_profit >= '50'::numeric) AND (web_sales.ws_net_profit <= '250'::numeric)))", "Plans": [{"Node Type": "Nested Loop", "Parent Relationship": "Outer", "Parallel Aware": false, "Async Capable": false, "Join Type": "Inner", "Startup Cost": 1003.74, "Total Cost": 21205.03, "Plan Rows": 1, "Plan Width": 10, "Inner Unique": true, "Join Filter": "((cd1.cd_marital_status = cd2.cd_marital_status) AND (cd1.cd_education_status = cd2.cd_education_status) AND (((cd1.cd_marital_status = 'D'::bpchar) AND (cd1.cd_education_status = 'Primary'::bpchar) AND (web_sales.ws_sales_price >= 100.00) AND (web_sales.ws_sales_price <= 150.00)) OR ((cd1.cd_marital_status = 'S'::bpchar) AND (cd1.cd_education_status = '4 yr Degree'::bpchar) AND (web_sales.ws_sales_price >= 50.00) AND (web_sales.ws_sales_price <= 100.00)) OR ((cd1.cd_marital_status = 'U'::bpchar) AND (cd1.cd_education_status = 'Secondary'::bpchar) AND (web_sales.ws_sales_price >= 150.00) AND (web_sales.ws_sales_price <= 200.00))))", "Plans": [{"Node Type": "Nested Loop", "Parent Relationship": "Outer", "Parallel Aware": false, "Async Capable": false, "Join Type": "Inner", "Startup Cost": 1003.31, "Total Cost": 21204.38, "Plan Rows": 1, "Plan Width": 43, "Inner Unique": true, "Plans": [{"Node Type": "Nested Loop", "Parent Relationship": "Outer", "Parallel Aware": false, "Async Capable": false, "Join Type": "Inner", "Startup Cost": 1002.88, "Total Cost": 21203.78, "Plan Rows": 1, "Plan Width": 24, "Inner Unique": true, "Plans": [{"Node Type": "Gather", "Parent Relationship": "Outer", "Parallel Aware": false, "Async Capable": false, "Startup Cost": 1002.74, "Total Cost": 21203.62, "Plan Rows": 1, "Plan Width": 28, "Workers Planned": 3, "Single Copy": false, "Plans": [{"Node Type": "Nested Loop", "Parent Relationship": "Outer", "Parallel Aware": false, "Async Capable": false, "Join Type": "Inner", "Startup Cost": 2.74, "Total Cost": 20203.52, "Plan Rows": 1, "Plan Width": 28, "Inner Unique": true, "Plans": [{"Node Type": "Nested Loop", "Parent Relationship": "Outer", "Parallel Aware": false, "Async Capable": false, "Join Type": "Inner", "Startup Cost": 2.45, "Total Cost": 20202.86, "Plan Rows": 2, "Plan Width": 32, "Inner Unique": true, "Plans": [{"Node Type": "Hash Join", "Parent Relationship": "Outer", "Parallel Aware": false, "Async Capable": false, "Join Type": "Inner", "Startup Cost": 2.01, "Total Cost": 16305.87, "Plan Rows": 232000.0, "Plan Width": 20, "Inner Unique": true, "Hash Cond": "(web_returns.wr_reason_sk = reason.r_reason_sk)", "Plans": [{"Node Type": "Seq Scan", "Parent Relationship": "Outer", "Parallel Aware": true, "Async Capable": false, "Relation Name": "web_returns", "Alias": "web_returns", "Startup Cost": 0.0, "Total Cost": 15640.05, "Plan Rows": 232005, "Plan Width": 24}, {"Node Type": "Hash", "Parent Relationship": "Inner", "Parallel Aware": false, "Async Capable": false, "Startup Cost": 1.45, "Total Cost": 1.45, "Plan Rows": 45, "Plan Width": 4, "Plans": [{"Node Type": "Seq Scan", "Parent Relationship": "Outer", "Parallel Aware": false, "Async Capable": false, "Relation Name": "reason", "Alias": "reason", "Startup Cost": 0.0, "Total Cost": 1.45, "Plan Rows": 45, "Plan Width": 4}]}]}, {"Node Type": "Index Scan", "Parent Relationship": "Inner", "Parallel Aware": false, "Async Capable": false, "Scan Direction": "Forward", "Index Name": "web_sales_pkey", "Relation Name": "web_sales", "Alias": "web_sales", "Startup Cost": 0.43, "Total Cost": 1.68, "Plan Rows": 1, "Plan Width": 28, "Index Cond": "((ws_item_sk = web_returns.wr_item_sk) AND (ws_order_number = web_returns.wr_order_number))", "Filter": "((((ws_sales_price >= 100.00) AND (ws_sales_price <= 150.00)) OR ((ws_sales_price >= 50.00) AND (ws_sales_price <= 100.00)) OR ((ws_sales_price >= 150.00) AND (ws_sales_price <= 200.00))) AND (((ws_net_profit >= '100'::numeric) AND (ws_net_profit <= '200'::numeric)) OR ((ws_net_profit >= '150'::numeric) AND (ws_net_profit <= '300'::numeric)) OR ((ws_net_profit >= '50'::numeric) AND (ws_net_profit <= '250'::numeric))))"}]}, {"Node Type": "Index Scan", "Parent Relationship": "Inner", "Parallel Aware": false, "Async Capable": false, "Scan Direction": "Forward", "Index Name": "date_dim_pkey", "Relation Name": "date_dim", "Alias": "date_dim", "Startup Cost": 0.29, "Total Cost": 0.33, "Plan Rows": 1, "Plan Width": 4, "Index Cond": "(d_date_sk = web_sales.ws_sold_date_sk)", "Filter": "(d_year = 2001)"}]}]}, {"Node Type": "Index Only Scan", "Parent Relationship": "Inner", "Parallel Aware": false, "Async Capable": false, "Scan Direction": "Forward", "Index Name": "web_page_pkey", "Relation Name": "web_page", "Alias": "web_page", "Startup Cost": 0.14, "Total Cost": 0.16, "Plan Rows": 1, "Plan Width": 4, "Index Cond": "(wp_web_page_sk = web_sales.ws_web_page_sk)"}]}, {"Node Type": "Index Scan", "Parent Relationship": "Inner", "Parallel Aware": false, "Async Capable": false, "Scan Direction": "Forward", "Index Name": "customer_demographics_pkey", "Relation Name": "customer_demographics", "Alias": "cd2", "Startup Cost": 0.43, "Total Cost": 0.6, "Plan Rows": 1, "Plan Width": 27, "Index Cond": "(cd_demo_sk = web_returns.wr_returning_cdemo_sk)"}]}, {"Node Type": "Index Scan", "Parent Relationship": "Inner", "Parallel Aware": false, "Async Capable": false, "Scan Direction": "Forward", "Index Name": "customer_demographics_pkey", "Relation Name": "customer_demographics", "Alias": "cd1", "Startup Cost": 0.43, "Total Cost": 0.61, "Plan Rows": 1, "Plan Width": 27, "Index Cond": "(cd_demo_sk = web_returns.wr_refunded_cdemo_sk)", "Filter": "(((cd_marital_status = 'D'::bpchar) AND (cd_education_status = 'Primary'::bpchar)) OR ((cd_marital_status = 'S'::bpchar) AND (cd_education_status = '4 yr Degree'::bpchar)) OR ((cd_marital_status = 'U'::bpchar) AND (cd_education_status = 'Secondary'::bpchar)))"}]}, {"Node Type": "Index Scan", "Parent Relationship": "Inner", "Parallel Aware": false, "Async Capable": false, "Scan Direction": "Forward", "Index Name": "customer_address_pkey", "Relation Name": "customer_address", "Alias": "customer_address", "Startup Cost": 0.42, "Total Cost": 0.49, "Plan Rows": 1, "Plan Width": 7, "Index Cond": "(ca_address_sk = web_returns.wr_refunded_addr_sk)", "Filter": "(((ca_country)::text = 'United States'::text) AND ((ca_state = ANY ('{UT,TX,MD}'::bpchar[])) OR (ca_state = ANY ('{CO,SD,OH}'::bpchar[])) OR (ca_state = ANY ('{IL,AR,MS}'::bpchar[]))))"}]}]}}]