[{"Plan": {"Node Type": "Aggregate", "Strategy": "Plain", "Partial Mode": "Finalize", "Parallel Aware": false, "Async Capable": false, "Startup Cost": 822823.7, "Total Cost": 822823.71, "Plan Rows": 1, "Plan Width": 8, "Actual Rows": 1, "Actual Loops": 1, "Plans": [{"Node Type": "Gather", "Parent Relationship": "Outer", "Parallel Aware": false, "Async Capable": false, "Startup Cost": 822823.08, "Total Cost": 822823.69, "Plan Rows": 6, "Plan Width": 8, "Actual Rows": 7, "Actual Loops": 1, "Workers Planned": 6, "Workers Launched": 6, "Single Copy": false, "Plans": [{"Node Type": "Aggregate", "Strategy": "Plain", "Partial Mode": "Partial", "Parent Relationship": "Outer", "Parallel Aware": false, "Async Capable": false, "Startup Cost": 821823.08, "Total Cost": 821823.09, "Plan Rows": 1, "Plan Width": 8, "Actual Rows": 1, "Actual Loops": 7, "Workers": [], "Plans": [{"Node Type": "Nested Loop", "Parent Relationship": "Outer", "Parallel Aware": false, "Async Capable": false, "Join Type": "Inner", "Startup Cost": 41606.5, "Total Cost": 820515.65, "Plan Rows": 522973, "Plan Width": 0, "Actual Rows": 42616, "Actual Loops": 7, "Inner Unique": false, "Workers": [], "Plans": [{"Node Type": "Hash Join", "Parent Relationship": "Outer", "Parallel Aware": true, "Async Capable": false, "Join Type": "Inner", "Startup Cost": 41605.94, "Total Cost": 337318.27, "Plan Rows": 242294, "Plan Width": 4, "Actual Rows": 207009, "Actual Loops": 7, "Inner Unique": true, "Hash Cond": "(orders.o_custkey = customer.c_custkey)", "Workers": [], "Plans": [{"Node Type": "Seq Scan", "Parent Relationship": "Outer", "Parallel Aware": true, "Async Capable": false, "Relation Name": "orders", "Alias": "orders", "Startup Cost": 0.0, "Total Cost": 292521.79, "Plan Rows": 1215439, "Plan Width": 8, "Actual Rows": 1037771, "Actual Loops": 7, "Filter": "(o_orderdate < '1995-03-11'::date)", "Rows Removed by Filter": 1105086, "Workers": []}, {"Node Type": "Hash", "Parent Relationship": "Inner", "Parallel Aware": true, "Async Capable": false, "Startup Cost": 40671.5, "Total Cost": 40671.5, "Plan Rows": 74755, "Plan Width": 4, "Actual Rows": 42822, "Actual Loops": 7, "Hash Buckets": 524288, "Original Hash Buckets": 524288, "Hash Batches": 1, "Original Hash Batches": 1, "Peak Memory Usage": 15904, "Workers": [], "Plans": [{"Node Type": "Seq Scan", "Parent Relationship": "Outer", "Parallel Aware": true, "Async Capable": false, "Relation Name": "customer", "Alias": "customer", "Startup Cost": 0.0, "Total Cost": 40671.5, "Plan Rows": 74755, "Plan Width": 4, "Actual Rows": 42822, "Actual Loops": 7, "Filter": "(c_mktsegment = 'HOUSEHOLD'::bpchar)", "Rows Removed by Filter": 171464, "Workers": []}]}]}, {"Node Type": "Index Scan", "Parent Relationship": "Inner", "Parallel Aware": false, "Async Capable": false, "Scan Direction": "Forward", "Index Name": "idx_lineitem_orderkey", "Relation Name": "lineitem", "Alias": "lineitem", "Startup Cost": 0.56, "Total Cost": 1.83, "Plan Rows": 16, "Plan Width": 4, "Actual Rows": 0, "Actual Loops": 1449063, "Index Cond": "(l_orderkey = orders.o_orderkey)", "Rows Removed by Index Recheck": 0, "Filter": "(l_shipdate > '1995-03-11'::date)", "Rows Removed by Filter": 4, "Workers": []}]}]}]}]}, "Planning Time": 2.346, "Triggers": [], "Execution Time": 3065.679}, {"Plan": {"Node Type": "Aggregate", "Strategy": "Plain", "Partial Mode": "Finalize", "Parallel Aware": false, "Async Capable": false, "Startup Cost": 1592825.99, "Total Cost": 1592826.0, "Plan Rows": 1, "Plan Width": 8, "Actual Rows": 1, "Actual Loops": 1, "Plans": [{"Node Type": "Gather", "Parent Relationship": "Outer", "Parallel Aware": false, "Async Capable": false, "Startup Cost": 1592825.26, "Total Cost": 1592825.97, "Plan Rows": 7, "Plan Width": 8, "Actual Rows": 8, "Actual Loops": 1, "Workers Planned": 7, "Workers Launched": 7, "Single Copy": false, "Plans": [{"Node Type": "Aggregate", "Strategy": "Plain", "Partial Mode": "Partial", "Parent Relationship": "Outer", "Parallel Aware": false, "Async Capable": false, "Startup Cost": 1591825.26, "Total Cost": 1591825.27, "Plan Rows": 1, "Plan Width": 8, "Actual Rows": 1, "Actual Loops": 8, "Workers": [], "Plans": [{"Node Type": "Hash Join", "Parent Relationship": "Outer", "Parallel Aware": true, "Async Capable": false, "Join Type": "Inner", "Startup Cost": 340346.94, "Total Cost": 1590704.61, "Plan Rows": 448262, "Plan Width": 0, "Actual Rows": 37289, "Actual Loops": 8, "Inner Unique": false, "Hash Cond": "(lineitem.l_orderkey = orders.o_orderkey)", "Workers": [], "Plans": [{"Node Type": "Seq Scan", "Parent Relationship": "Outer", "Parallel Aware": true, "Async Capable": false, "Relation Name": "lineitem", "Alias": "lineitem", "Startup Cost": 0.0, "Total Cost": 1232266.19, "Plan Rows": 4625166, "Plan Width": 4, "Actual Rows": 4054284, "Actual Loops": 8, "Filter": "(l_shipdate > '1995-03-11'::date)", "Rows Removed by Filter": 3443972, "Workers": []}, {"Node Type": "Hash", "Parent Relationship": "Inner", "Parallel Aware": true, "Async Capable": false, "Startup Cost": 337318.27, "Total Cost": 337318.27, "Plan Rows": 242294, "Plan Width": 4, "Actual Rows": 181133, "Actual Loops": 8, "Hash Buckets": 2097152, "Original Hash Buckets": 2097152, "Hash Batches": 1, "Original Hash Batches": 1, "Peak Memory Usage": 73216, "Workers": [], "Plans": [{"Node Type": "Hash Join", "Parent Relationship": "Outer", "Parallel Aware": true, "Async Capable": false, "Join Type": "Inner", "Startup Cost": 41605.94, "Total Cost": 337318.27, "Plan Rows": 242294, "Plan Width": 4, "Actual Rows": 181133, "Actual Loops": 8, "Inner Unique": true, "Hash Cond": "(orders.o_custkey = customer.c_custkey)", "Workers": [], "Plans": [{"Node Type": "Seq Scan", "Parent Relationship": "Outer", "Parallel Aware": true, "Async Capable": false, "Relation Name": "orders", "Alias": "orders", "Startup Cost": 0.0, "Total Cost": 292521.79, "Plan Rows": 1215439, "Plan Width": 8, "Actual Rows": 908050, "Actual Loops": 8, "Filter": "(o_orderdate < '1995-03-11'::date)", "Rows Removed by Filter": 966950, "Workers": []}, {"Node Type": "Hash", "Parent Relationship": "Inner", "Parallel Aware": true, "Async Capable": false, "Startup Cost": 40671.5, "Total Cost": 40671.5, "Plan Rows": 74755, "Plan Width": 4, "Actual Rows": 37469, "Actual Loops": 8, "Hash Buckets": 524288, "Original Hash Buckets": 524288, "Hash Batches": 1, "Original Hash Batches": 1, "Peak Memory Usage": 15936, "Workers": [], "Plans": [{"Node Type": "Seq Scan", "Parent Relationship": "Outer", "Parallel Aware": true, "Async Capable": false, "Relation Name": "customer", "Alias": "customer", "Startup Cost": 0.0, "Total Cost": 40671.5, "Plan Rows": 74755, "Plan Width": 4, "Actual Rows": 37469, "Actual Loops": 8, "Filter": "(c_mktsegment = 'HOUSEHOLD'::bpchar)", "Rows Removed by Filter": 150031, "Workers": []}]}]}]}]}]}]}]}, "Planning Time": 2.412, "Triggers": [], "Execution Time": 4249.926}, {"Plan": {"Node Type": "Aggregate", "Strategy": "Plain", "Partial Mode": "Finalize", "Parallel Aware": false, "Async Capable": false, "Startup Cost": 1625638.07, "Total Cost": 1625638.08, "Plan Rows": 1, "Plan Width": 8, "Actual Rows": 1, "Actual Loops": 1, "Plans": [{"Node Type": "Gather", "Parent Relationship": "Outer", "Parallel Aware": false, "Async Capable": false, "Startup Cost": 1625637.65, "Total Cost": 1625638.06, "Plan Rows": 4, "Plan Width": 8, "Actual Rows": 5, "Actual Loops": 1, "Workers Planned": 4, "Workers Launched": 4, "Single Copy": false, "Plans": [{"Node Type": "Aggregate", "Strategy": "Plain", "Partial Mode": "Partial", "Parent Relationship": "Outer", "Parallel Aware": false, "Async Capable": false, "Startup Cost": 1624637.65, "Total Cost": 1624637.66, "Plan Rows": 1, "Plan Width": 8, "Actual Rows": 1, "Actual Loops": 5, "Workers": [], "Plans": [{"Node Type": "Hash Join", "Parent Relationship": "Outer", "Parallel Aware": true, "Async Capable": false, "Join Type": "Inner", "Startup Cost": 1580230.24, "Total Cost": 1622676.5, "Plan Rows": 784459, "Plan Width": 0, "Actual Rows": 59662, "Actual Loops": 5, "Inner Unique": false, "Hash Cond": "(customer.c_custkey = orders.o_custkey)", "Workers": [], "Plans": [{"Node Type": "Seq Scan", "Parent Relationship": "Outer", "Parallel Aware": true, "Async Capable": false, "Relation Name": "customer", "Alias": "customer", "Startup Cost": 0.0, "Total Cost": 40671.5, "Plan Rows": 74755, "Plan Width": 4, "Actual Rows": 59950, "Actual Loops": 5, "Filter": "(c_mktsegment = 'HOUSEHOLD'::bpchar)", "Rows Removed by Filter": 240050, "Workers": []}, {"Node Type": "Hash", "Parent Relationship": "Inner", "Parallel Aware": true, "Async Capable": false, "Startup Cost": 1552122.02, "Total Cost": 1552122.02, "Plan Rows": 2248657, "Plan Width": 4, "Actual Rows": 299826, "Actual Loops": 5, "Hash Buckets": 16777216, "Original Hash Buckets": 16777216, "Hash Batches": 1, "Original Hash Batches": 1, "Peak Memory Usage": 189792, "Workers": [], "Plans": [{"Node Type": "Hash Join", "Parent Relationship": "Outer", "Parallel Aware": true, "Async Capable": false, "Join Type": "Inner", "Startup Cost": 307714.78, "Total Cost": 1552122.02, "Plan Rows": 2248657, "Plan Width": 4, "Actual Rows": 299826, "Actual Loops": 5, "Inner Unique": true, "Hash Cond": "(lineitem.l_orderkey = orders.o_orderkey)", "Workers": [], "Plans": [{"Node Type": "Seq Scan", "Parent Relationship": "Outer", "Parallel Aware": true, "Async Capable": false, "Relation Name": "lineitem", "Alias": "lineitem", "Startup Cost": 0.0, "Total Cost": 1232266.19, "Plan Rows": 4625166, "Plan Width": 4, "Actual Rows": 6486855, "Actual Loops": 5, "Filter": "(l_shipdate > '1995-03-11'::date)", "Rows Removed by Filter": 5510355, "Workers": []}, {"Node Type": "Hash", "Parent Relationship": "Inner", "Parallel Aware": true, "Async Capable": false, "Startup Cost": 292521.79, "Total Cost": 292521.79, "Plan Rows": 1215439, "Plan Width": 8, "Actual Rows": 1452879, "Actual Loops": 5, "Hash Buckets": 8388608, "Original Hash Buckets": 8388608, "Hash Batches": 1, "Original Hash Batches": 1, "Peak Memory Usage": 349824, "Workers": [], "Plans": [{"Node Type": "Seq Scan", "Parent Relationship": "Outer", "Parallel Aware": true, "Async Capable": false, "Relation Name": "orders", "Alias": "orders", "Startup Cost": 0.0, "Total Cost": 292521.79, "Plan Rows": 1215439, "Plan Width": 8, "Actual Rows": 1452879, "Actual Loops": 5, "Filter": "(o_orderdate < '1995-03-11'::date)", "Rows Removed by Filter": 1547121, "Workers": []}]}]}]}]}]}]}]}, "Planning Time": 2.449, "Triggers": [], "Execution Time": 10997.728}, {"Plan": {"Node Type": "Aggregate", "Strategy": "Plain", "Partial Mode": "Finalize", "Parallel Aware": false, "Async Capable": false, "Startup Cost": 1601752.08, "Total Cost": 1601752.09, "Plan Rows": 1, "Plan Width": 8, "Actual Rows": 1, "Actual Loops": 1, "Plans": [{"Node Type": "Gather", "Parent Relationship": "Outer", "Parallel Aware": false, "Async Capable": false, "Startup Cost": 1601751.35, "Total Cost": 1601752.06, "Plan Rows": 7, "Plan Width": 8, "Actual Rows": 8, "Actual Loops": 1, "Workers Planned": 7, "Workers Launched": 7, "Single Copy": false, "Plans": [{"Node Type": "Aggregate", "Strategy": "Plain", "Partial Mode": "Partial", "Parent Relationship": "Outer", "Parallel Aware": false, "Async Capable": false, "Startup Cost": 1600751.35, "Total Cost": 1600751.36, "Plan Rows": 1, "Plan Width": 8, "Actual Rows": 1, "Actual Loops": 8, "Workers": [], "Plans": [{"Node Type": "Hash Join", "Parent Relationship": "Outer", "Parallel Aware": true, "Async Capable": false, "Join Type": "Inner", "Startup Cost": 349320.71, "Total Cost": 1599630.7, "Plan Rows": 448262, "Plan Width": 0, "Actual Rows": 37289, "Actual Loops": 8, "Inner Unique": true, "Hash Cond": "(orders.o_custkey = customer.c_custkey)", "Workers": [], "Plans": [{"Node Type": "Hash Join", "Parent Relationship": "Outer", "Parallel Aware": true, "Async Capable": false, "Join Type": "Inner", "Startup Cost": 307714.78, "Total Cost": 1552122.02, "Plan Rows": 2248657, "Plan Width": 4, "Actual Rows": 187391, "Actual Loops": 8, "Inner Unique": true, "Hash Cond": "(lineitem.l_orderkey = orders.o_orderkey)", "Workers": [], "Plans": [{"Node Type": "Seq Scan", "Parent Relationship": "Outer", "Parallel Aware": true, "Async Capable": false, "Relation Name": "lineitem", "Alias": "lineitem", "Startup Cost": 0.0, "Total Cost": 1232266.19, "Plan Rows": 4625166, "Plan Width": 4, "Actual Rows": 4054284, "Actual Loops": 8, "Filter": "(l_shipdate > '1995-03-11'::date)", "Rows Removed by Filter": 3443972, "Workers": []}, {"Node Type": "Hash", "Parent Relationship": "Inner", "Parallel Aware": true, "Async Capable": false, "Startup Cost": 292521.79, "Total Cost": 292521.79, "Plan Rows": 1215439, "Plan Width": 8, "Actual Rows": 908050, "Actual Loops": 8, "Hash Buckets": 8388608, "Original Hash Buckets": 8388608, "Hash Batches": 1, "Original Hash Batches": 1, "Peak Memory Usage": 349888, "Workers": [], "Plans": [{"Node Type": "Seq Scan", "Parent Relationship": "Outer", "Parallel Aware": true, "Async Capable": false, "Relation Name": "orders", "Alias": "orders", "Startup Cost": 0.0, "Total Cost": 292521.79, "Plan Rows": 1215439, "Plan Width": 8, "Actual Rows": 908050, "Actual Loops": 8, "Filter": "(o_orderdate < '1995-03-11'::date)", "Rows Removed by Filter": 966950, "Workers": []}]}]}, {"Node Type": "Hash", "Parent Relationship": "Inner", "Parallel Aware": true, "Async Capable": false, "Startup Cost": 40671.5, "Total Cost": 40671.5, "Plan Rows": 74755, "Plan Width": 4, "Actual Rows": 37469, "Actual Loops": 8, "Hash Buckets": 524288, "Original Hash Buckets": 524288, "Hash Batches": 1, "Original Hash Batches": 1, "Peak Memory Usage": 15968, "Workers": [], "Plans": [{"Node Type": "Seq Scan", "Parent Relationship": "Outer", "Parallel Aware": true, "Async Capable": false, "Relation Name": "customer", "Alias": "customer", "Startup Cost": 0.0, "Total Cost": 40671.5, "Plan Rows": 74755, "Plan Width": 4, "Actual Rows": 37469, "Actual Loops": 8, "Filter": "(c_mktsegment = 'HOUSEHOLD'::bpchar)", "Rows Removed by Filter": 150031, "Workers": []}]}]}]}]}]}, "Planning Time": 2.347, "Triggers": [], "Execution Time": 4476.16}, {"Plan": {"Node Type": "Aggregate", "Strategy": "Plain", "Partial Mode": "Finalize", "Parallel Aware": false, "Async Capable": false, "Startup Cost": 822823.7, "Total Cost": 822823.71, "Plan Rows": 1, "Plan Width": 8, "Actual Rows": 1, "Actual Loops": 1, "Plans": [{"Node Type": "Gather", "Parent Relationship": "Outer", "Parallel Aware": false, "Async Capable": false, "Startup Cost": 822823.08, "Total Cost": 822823.69, "Plan Rows": 6, "Plan Width": 8, "Actual Rows": 7, "Actual Loops": 1, "Workers Planned": 6, "Workers Launched": 6, "Single Copy": false, "Plans": [{"Node Type": "Aggregate", "Strategy": "Plain", "Partial Mode": "Partial", "Parent Relationship": "Outer", "Parallel Aware": false, "Async Capable": false, "Startup Cost": 821823.08, "Total Cost": 821823.09, "Plan Rows": 1, "Plan Width": 8, "Actual Rows": 1, "Actual Loops": 7, "Workers": [], "Plans": [{"Node Type": "Nested Loop", "Parent Relationship": "Outer", "Parallel Aware": false, "Async Capable": false, "Join Type": "Inner", "Startup Cost": 41606.5, "Total Cost": 820515.65, "Plan Rows": 522973, "Plan Width": 0, "Actual Rows": 42616, "Actual Loops": 7, "Inner Unique": false, "Workers": [], "Plans": [{"Node Type": "Hash Join", "Parent Relationship": "Outer", "Parallel Aware": true, "Async Capable": false, "Join Type": "Inner", "Startup Cost": 41605.94, "Total Cost": 337318.27, "Plan Rows": 242294, "Plan Width": 4, "Actual Rows": 207009, "Actual Loops": 7, "Inner Unique": true, "Hash Cond": "(orders.o_custkey = customer.c_custkey)", "Workers": [], "Plans": [{"Node Type": "Seq Scan", "Parent Relationship": "Outer", "Parallel Aware": true, "Async Capable": false, "Relation Name": "orders", "Alias": "orders", "Startup Cost": 0.0, "Total Cost": 292521.79, "Plan Rows": 1215439, "Plan Width": 8, "Actual Rows": 1037771, "Actual Loops": 7, "Filter": "(o_orderdate < '1995-03-11'::date)", "Rows Removed by Filter": 1105086, "Workers": []}, {"Node Type": "Hash", "Parent Relationship": "Inner", "Parallel Aware": true, "Async Capable": false, "Startup Cost": 40671.5, "Total Cost": 40671.5, "Plan Rows": 74755, "Plan Width": 4, "Actual Rows": 42822, "Actual Loops": 7, "Hash Buckets": 524288, "Original Hash Buckets": 524288, "Hash Batches": 1, "Original Hash Batches": 1, "Peak Memory Usage": 15936, "Workers": [], "Plans": [{"Node Type": "Seq Scan", "Parent Relationship": "Outer", "Parallel Aware": true, "Async Capable": false, "Relation Name": "customer", "Alias": "customer", "Startup Cost": 0.0, "Total Cost": 40671.5, "Plan Rows": 74755, "Plan Width": 4, "Actual Rows": 42822, "Actual Loops": 7, "Filter": "(c_mktsegment = 'HOUSEHOLD'::bpchar)", "Rows Removed by Filter": 171464, "Workers": []}]}]}, {"Node Type": "Index Scan", "Parent Relationship": "Inner", "Parallel Aware": false, "Async Capable": false, "Scan Direction": "Forward", "Index Name": "idx_lineitem_orderkey", "Relation Name": "lineitem", "Alias": "lineitem", "Startup Cost": 0.56, "Total Cost": 1.83, "Plan Rows": 16, "Plan Width": 4, "Actual Rows": 0, "Actual Loops": 1449063, "Index Cond": "(l_orderkey = orders.o_orderkey)", "Rows Removed by Index Recheck": 0, "Filter": "(l_shipdate > '1995-03-11'::date)", "Rows Removed by Filter": 4, "Workers": []}]}]}]}]}, "Planning Time": 2.41, "Triggers": [], "Execution Time": 3127.795}]